[2023-05-24T15:31:14.101+0000] {taskinstance.py:1103} INFO - Dependencies all met for dep_context=non-requeueable deps ti=<TaskInstance: dag_with_taskflow_api_v02.get_name scheduled__2023-04-24T00:00:00+00:00 [queued]>
[2023-05-24T15:31:14.186+0000] {taskinstance.py:1103} INFO - Dependencies all met for dep_context=requeueable deps ti=<TaskInstance: dag_with_taskflow_api_v02.get_name scheduled__2023-04-24T00:00:00+00:00 [queued]>
[2023-05-24T15:31:14.187+0000] {taskinstance.py:1308} INFO - Starting attempt 1 of 6
[2023-05-24T15:31:14.294+0000] {taskinstance.py:1327} INFO - Executing <Task(_PythonDecoratedOperator): get_name> on 2023-04-24 00:00:00+00:00
[2023-05-24T15:31:14.327+0000] {standard_task_runner.py:57} INFO - Started process 3830 to run task
[2023-05-24T15:31:14.359+0000] {standard_task_runner.py:84} INFO - Running: ['***', 'tasks', 'run', 'dag_with_taskflow_api_v02', 'get_name', 'scheduled__2023-04-24T00:00:00+00:00', '--job-id', '1632', '--raw', '--subdir', 'DAGS_FOLDER/first_dag.py', '--cfg-path', '/tmp/tmp2wpaw9im']
[2023-05-24T15:31:14.362+0000] {standard_task_runner.py:85} INFO - Job 1632: Subtask get_name
[2023-05-24T15:31:14.693+0000] {task_command.py:410} INFO - Running <TaskInstance: dag_with_taskflow_api_v02.get_name scheduled__2023-04-24T00:00:00+00:00 [running]> on host 942de29f183d
[2023-05-24T15:31:15.596+0000] {taskinstance.py:1547} INFO - Exporting env vars: AIRFLOW_CTX_DAG_OWNER='Sai' AIRFLOW_CTX_DAG_ID='dag_with_taskflow_api_v02' AIRFLOW_CTX_TASK_ID='get_name' AIRFLOW_CTX_EXECUTION_DATE='2023-04-24T00:00:00+00:00' AIRFLOW_CTX_TRY_NUMBER='1' AIRFLOW_CTX_DAG_RUN_ID='scheduled__2023-04-24T00:00:00+00:00'
[2023-05-24T15:31:15.602+0000] {python.py:183} INFO - Done. Returned value was: {'first_name': 'Sai', 'last_name': 'Tr'}
[2023-05-24T15:31:15.948+0000] {taskinstance.py:1350} INFO - Marking task as SUCCESS. dag_id=dag_with_taskflow_api_v02, task_id=get_name, execution_date=20230424T000000, start_date=20230524T153114, end_date=20230524T153115
[2023-05-24T15:31:16.070+0000] {local_task_job_runner.py:225} INFO - Task exited with return code 0
[2023-05-24T15:31:16.516+0000] {taskinstance.py:2651} INFO - 0 downstream tasks scheduled from follow-on schedule check
[2023-05-25T07:03:52.749+0000] {taskinstance.py:1103} INFO - Dependencies all met for dep_context=non-requeueable deps ti=<TaskInstance: dag_with_taskflow_api_v02.get_name scheduled__2023-04-24T00:00:00+00:00 [queued]>
[2023-05-25T07:03:52.784+0000] {taskinstance.py:1103} INFO - Dependencies all met for dep_context=requeueable deps ti=<TaskInstance: dag_with_taskflow_api_v02.get_name scheduled__2023-04-24T00:00:00+00:00 [queued]>
[2023-05-25T07:03:52.785+0000] {taskinstance.py:1308} INFO - Starting attempt 1 of 6
[2023-05-25T07:03:52.956+0000] {taskinstance.py:1327} INFO - Executing <Task(_PythonDecoratedOperator): get_name> on 2023-04-24 00:00:00+00:00
[2023-05-25T07:03:52.997+0000] {standard_task_runner.py:57} INFO - Started process 5370 to run task
[2023-05-25T07:03:53.035+0000] {standard_task_runner.py:84} INFO - Running: ['***', 'tasks', 'run', 'dag_with_taskflow_api_v02', 'get_name', 'scheduled__2023-04-24T00:00:00+00:00', '--job-id', '1641', '--raw', '--subdir', 'DAGS_FOLDER/first_dag.py', '--cfg-path', '/tmp/tmpiukro3i8']
[2023-05-25T07:03:53.039+0000] {standard_task_runner.py:85} INFO - Job 1641: Subtask get_name
[2023-05-25T07:03:53.401+0000] {task_command.py:410} INFO - Running <TaskInstance: dag_with_taskflow_api_v02.get_name scheduled__2023-04-24T00:00:00+00:00 [running]> on host 6bd07c7477d9
[2023-05-25T07:03:54.130+0000] {taskinstance.py:1547} INFO - Exporting env vars: AIRFLOW_CTX_DAG_OWNER='Sai' AIRFLOW_CTX_DAG_ID='dag_with_taskflow_api_v02' AIRFLOW_CTX_TASK_ID='get_name' AIRFLOW_CTX_EXECUTION_DATE='2023-04-24T00:00:00+00:00' AIRFLOW_CTX_TRY_NUMBER='1' AIRFLOW_CTX_DAG_RUN_ID='scheduled__2023-04-24T00:00:00+00:00'
[2023-05-25T07:03:54.131+0000] {python.py:183} INFO - Done. Returned value was: {'first_name': 'Sai', 'last_name': 'Tr'}
[2023-05-25T07:03:54.362+0000] {taskinstance.py:1350} INFO - Marking task as SUCCESS. dag_id=dag_with_taskflow_api_v02, task_id=get_name, execution_date=20230424T000000, start_date=20230525T070352, end_date=20230525T070354
[2023-05-25T07:03:54.833+0000] {local_task_job_runner.py:225} INFO - Task exited with return code 0
[2023-05-25T07:03:55.040+0000] {taskinstance.py:2651} INFO - 0 downstream tasks scheduled from follow-on schedule check
[2023-05-25T10:38:28.393+0000] {taskinstance.py:1103} INFO - Dependencies all met for dep_context=non-requeueable deps ti=<TaskInstance: dag_with_taskflow_api_v02.get_name scheduled__2023-04-24T00:00:00+00:00 [queued]>
[2023-05-25T10:38:28.530+0000] {taskinstance.py:1103} INFO - Dependencies all met for dep_context=requeueable deps ti=<TaskInstance: dag_with_taskflow_api_v02.get_name scheduled__2023-04-24T00:00:00+00:00 [queued]>
[2023-05-25T10:38:28.530+0000] {taskinstance.py:1308} INFO - Starting attempt 1 of 6
[2023-05-25T10:38:28.680+0000] {taskinstance.py:1327} INFO - Executing <Task(_PythonDecoratedOperator): get_name> on 2023-04-24 00:00:00+00:00
[2023-05-25T10:38:28.768+0000] {standard_task_runner.py:57} INFO - Started process 5016 to run task
[2023-05-25T10:38:28.813+0000] {standard_task_runner.py:84} INFO - Running: ['***', 'tasks', 'run', 'dag_with_taskflow_api_v02', 'get_name', 'scheduled__2023-04-24T00:00:00+00:00', '--job-id', '1648', '--raw', '--subdir', 'DAGS_FOLDER/first_dag.py', '--cfg-path', '/tmp/tmpjdpdpmzd']
[2023-05-25T10:38:28.834+0000] {standard_task_runner.py:85} INFO - Job 1648: Subtask get_name
[2023-05-25T10:38:29.239+0000] {task_command.py:410} INFO - Running <TaskInstance: dag_with_taskflow_api_v02.get_name scheduled__2023-04-24T00:00:00+00:00 [running]> on host b1ae37a9584e
[2023-05-25T10:38:30.338+0000] {taskinstance.py:1547} INFO - Exporting env vars: AIRFLOW_CTX_DAG_OWNER='Sai' AIRFLOW_CTX_DAG_ID='dag_with_taskflow_api_v02' AIRFLOW_CTX_TASK_ID='get_name' AIRFLOW_CTX_EXECUTION_DATE='2023-04-24T00:00:00+00:00' AIRFLOW_CTX_TRY_NUMBER='1' AIRFLOW_CTX_DAG_RUN_ID='scheduled__2023-04-24T00:00:00+00:00'
[2023-05-25T10:38:30.339+0000] {python.py:183} INFO - Done. Returned value was: {'first_name': 'Sai', 'last_name': 'Tr'}
[2023-05-25T10:38:30.543+0000] {taskinstance.py:1350} INFO - Marking task as SUCCESS. dag_id=dag_with_taskflow_api_v02, task_id=get_name, execution_date=20230424T000000, start_date=20230525T103828, end_date=20230525T103830
[2023-05-25T10:38:30.767+0000] {local_task_job_runner.py:225} INFO - Task exited with return code 0
[2023-05-25T10:38:30.882+0000] {taskinstance.py:2651} INFO - 1 downstream tasks scheduled from follow-on schedule check
