[2023-05-24T15:16:49.632+0000] {taskinstance.py:1103} INFO - Dependencies all met for dep_context=non-requeueable deps ti=<TaskInstance: dag_with_taskflow_api_v02.greet scheduled__2021-12-19T00:00:00+00:00 [queued]>
[2023-05-24T15:16:49.660+0000] {taskinstance.py:1103} INFO - Dependencies all met for dep_context=requeueable deps ti=<TaskInstance: dag_with_taskflow_api_v02.greet scheduled__2021-12-19T00:00:00+00:00 [queued]>
[2023-05-24T15:16:49.661+0000] {taskinstance.py:1308} INFO - Starting attempt 1 of 6
[2023-05-24T15:16:49.726+0000] {taskinstance.py:1327} INFO - Executing <Task(_PythonDecoratedOperator): greet> on 2021-12-19 00:00:00+00:00
[2023-05-24T15:16:49.733+0000] {standard_task_runner.py:57} INFO - Started process 571 to run task
[2023-05-24T15:16:49.746+0000] {standard_task_runner.py:84} INFO - Running: ['***', 'tasks', 'run', 'dag_with_taskflow_api_v02', 'greet', 'scheduled__2021-12-19T00:00:00+00:00', '--job-id', '175', '--raw', '--subdir', 'DAGS_FOLDER/first_dag.py', '--cfg-path', '/tmp/tmp1p5zq7ee']
[2023-05-24T15:16:49.750+0000] {standard_task_runner.py:85} INFO - Job 175: Subtask greet
[2023-05-24T15:16:49.996+0000] {task_command.py:410} INFO - Running <TaskInstance: dag_with_taskflow_api_v02.greet scheduled__2021-12-19T00:00:00+00:00 [running]> on host 942de29f183d
[2023-05-24T15:16:50.443+0000] {taskinstance.py:1547} INFO - Exporting env vars: AIRFLOW_CTX_DAG_OWNER='Sai' AIRFLOW_CTX_DAG_ID='dag_with_taskflow_api_v02' AIRFLOW_CTX_TASK_ID='greet' AIRFLOW_CTX_EXECUTION_DATE='2021-12-19T00:00:00+00:00' AIRFLOW_CTX_TRY_NUMBER='1' AIRFLOW_CTX_DAG_RUN_ID='scheduled__2021-12-19T00:00:00+00:00'
[2023-05-24T15:16:50.445+0000] {logging_mixin.py:149} INFO - Hello World! My name is Sai Tr and I am 19 years old!
[2023-05-24T15:16:50.445+0000] {python.py:183} INFO - Done. Returned value was: None
[2023-05-24T15:16:50.493+0000] {taskinstance.py:1350} INFO - Marking task as SUCCESS. dag_id=dag_with_taskflow_api_v02, task_id=greet, execution_date=20211219T000000, start_date=20230524T151649, end_date=20230524T151650
[2023-05-24T15:16:50.665+0000] {local_task_job_runner.py:225} INFO - Task exited with return code 0
[2023-05-24T15:16:50.741+0000] {taskinstance.py:2651} INFO - 0 downstream tasks scheduled from follow-on schedule check
[2023-05-25T06:50:35.332+0000] {taskinstance.py:1103} INFO - Dependencies all met for dep_context=non-requeueable deps ti=<TaskInstance: dag_with_taskflow_api_v02.greet scheduled__2021-12-19T00:00:00+00:00 [queued]>
[2023-05-25T06:50:35.369+0000] {taskinstance.py:1103} INFO - Dependencies all met for dep_context=requeueable deps ti=<TaskInstance: dag_with_taskflow_api_v02.greet scheduled__2021-12-19T00:00:00+00:00 [queued]>
[2023-05-25T06:50:35.369+0000] {taskinstance.py:1308} INFO - Starting attempt 1 of 6
[2023-05-25T06:50:35.645+0000] {taskinstance.py:1327} INFO - Executing <Task(_PythonDecoratedOperator): greet> on 2021-12-19 00:00:00+00:00
[2023-05-25T06:50:35.672+0000] {standard_task_runner.py:57} INFO - Started process 2131 to run task
[2023-05-25T06:50:35.686+0000] {standard_task_runner.py:84} INFO - Running: ['***', 'tasks', 'run', 'dag_with_taskflow_api_v02', 'greet', 'scheduled__2021-12-19T00:00:00+00:00', '--job-id', '181', '--raw', '--subdir', 'DAGS_FOLDER/first_dag.py', '--cfg-path', '/tmp/tmpa6pknkdt']
[2023-05-25T06:50:35.713+0000] {standard_task_runner.py:85} INFO - Job 181: Subtask greet
[2023-05-25T06:50:36.015+0000] {task_command.py:410} INFO - Running <TaskInstance: dag_with_taskflow_api_v02.greet scheduled__2021-12-19T00:00:00+00:00 [running]> on host 6bd07c7477d9
[2023-05-25T06:50:36.835+0000] {taskinstance.py:1547} INFO - Exporting env vars: AIRFLOW_CTX_DAG_OWNER='Sai' AIRFLOW_CTX_DAG_ID='dag_with_taskflow_api_v02' AIRFLOW_CTX_TASK_ID='greet' AIRFLOW_CTX_EXECUTION_DATE='2021-12-19T00:00:00+00:00' AIRFLOW_CTX_TRY_NUMBER='1' AIRFLOW_CTX_DAG_RUN_ID='scheduled__2021-12-19T00:00:00+00:00'
[2023-05-25T06:50:36.836+0000] {logging_mixin.py:149} INFO - Hello World! My name is Sai Tr and I am 19 years old!
[2023-05-25T06:50:36.836+0000] {python.py:183} INFO - Done. Returned value was: None
[2023-05-25T06:50:36.861+0000] {taskinstance.py:1350} INFO - Marking task as SUCCESS. dag_id=dag_with_taskflow_api_v02, task_id=greet, execution_date=20211219T000000, start_date=20230525T065035, end_date=20230525T065036
[2023-05-25T06:50:36.957+0000] {local_task_job_runner.py:225} INFO - Task exited with return code 0
[2023-05-25T06:50:37.027+0000] {taskinstance.py:2651} INFO - 0 downstream tasks scheduled from follow-on schedule check
[2023-05-25T10:20:47.181+0000] {taskinstance.py:1103} INFO - Dependencies all met for dep_context=non-requeueable deps ti=<TaskInstance: dag_with_taskflow_api_v02.greet scheduled__2021-12-19T00:00:00+00:00 [queued]>
[2023-05-25T10:20:47.229+0000] {taskinstance.py:1103} INFO - Dependencies all met for dep_context=requeueable deps ti=<TaskInstance: dag_with_taskflow_api_v02.greet scheduled__2021-12-19T00:00:00+00:00 [queued]>
[2023-05-25T10:20:47.229+0000] {taskinstance.py:1308} INFO - Starting attempt 1 of 6
[2023-05-25T10:20:47.270+0000] {taskinstance.py:1327} INFO - Executing <Task(_PythonDecoratedOperator): greet> on 2021-12-19 00:00:00+00:00
[2023-05-25T10:20:47.286+0000] {standard_task_runner.py:57} INFO - Started process 1631 to run task
[2023-05-25T10:20:47.298+0000] {standard_task_runner.py:84} INFO - Running: ['***', 'tasks', 'run', 'dag_with_taskflow_api_v02', 'greet', 'scheduled__2021-12-19T00:00:00+00:00', '--job-id', '166', '--raw', '--subdir', 'DAGS_FOLDER/first_dag.py', '--cfg-path', '/tmp/tmpjas8degw']
[2023-05-25T10:20:47.301+0000] {standard_task_runner.py:85} INFO - Job 166: Subtask greet
[2023-05-25T10:20:47.468+0000] {task_command.py:410} INFO - Running <TaskInstance: dag_with_taskflow_api_v02.greet scheduled__2021-12-19T00:00:00+00:00 [running]> on host b1ae37a9584e
[2023-05-25T10:20:47.812+0000] {taskinstance.py:1547} INFO - Exporting env vars: AIRFLOW_CTX_DAG_OWNER='Sai' AIRFLOW_CTX_DAG_ID='dag_with_taskflow_api_v02' AIRFLOW_CTX_TASK_ID='greet' AIRFLOW_CTX_EXECUTION_DATE='2021-12-19T00:00:00+00:00' AIRFLOW_CTX_TRY_NUMBER='1' AIRFLOW_CTX_DAG_RUN_ID='scheduled__2021-12-19T00:00:00+00:00'
[2023-05-25T10:20:47.813+0000] {logging_mixin.py:149} INFO - Hello World! My name is Sai Tr and I am 19 years old!
[2023-05-25T10:20:47.814+0000] {python.py:183} INFO - Done. Returned value was: None
[2023-05-25T10:20:47.839+0000] {taskinstance.py:1350} INFO - Marking task as SUCCESS. dag_id=dag_with_taskflow_api_v02, task_id=greet, execution_date=20211219T000000, start_date=20230525T102047, end_date=20230525T102047
[2023-05-25T10:20:47.875+0000] {local_task_job_runner.py:225} INFO - Task exited with return code 0
[2023-05-25T10:20:47.919+0000] {taskinstance.py:2651} INFO - 0 downstream tasks scheduled from follow-on schedule check
