[2023-05-24T15:26:24.420+0000] {taskinstance.py:1103} INFO - Dependencies all met for dep_context=non-requeueable deps ti=<TaskInstance: dag_with_taskflow_api_v02.greet scheduled__2022-10-21T00:00:00+00:00 [queued]>
[2023-05-24T15:26:24.479+0000] {taskinstance.py:1103} INFO - Dependencies all met for dep_context=requeueable deps ti=<TaskInstance: dag_with_taskflow_api_v02.greet scheduled__2022-10-21T00:00:00+00:00 [queued]>
[2023-05-24T15:26:24.480+0000] {taskinstance.py:1308} INFO - Starting attempt 1 of 6
[2023-05-24T15:26:24.527+0000] {taskinstance.py:1327} INFO - Executing <Task(_PythonDecoratedOperator): greet> on 2022-10-21 00:00:00+00:00
[2023-05-24T15:26:24.538+0000] {standard_task_runner.py:57} INFO - Started process 2657 to run task
[2023-05-24T15:26:24.556+0000] {standard_task_runner.py:84} INFO - Running: ['***', 'tasks', 'run', 'dag_with_taskflow_api_v02', 'greet', 'scheduled__2022-10-21T00:00:00+00:00', '--job-id', '1103', '--raw', '--subdir', 'DAGS_FOLDER/first_dag.py', '--cfg-path', '/tmp/tmpeqm6houx']
[2023-05-24T15:26:24.563+0000] {standard_task_runner.py:85} INFO - Job 1103: Subtask greet
[2023-05-24T15:26:25.053+0000] {task_command.py:410} INFO - Running <TaskInstance: dag_with_taskflow_api_v02.greet scheduled__2022-10-21T00:00:00+00:00 [running]> on host 942de29f183d
[2023-05-24T15:26:26.287+0000] {taskinstance.py:1547} INFO - Exporting env vars: AIRFLOW_CTX_DAG_OWNER='Sai' AIRFLOW_CTX_DAG_ID='dag_with_taskflow_api_v02' AIRFLOW_CTX_TASK_ID='greet' AIRFLOW_CTX_EXECUTION_DATE='2022-10-21T00:00:00+00:00' AIRFLOW_CTX_TRY_NUMBER='1' AIRFLOW_CTX_DAG_RUN_ID='scheduled__2022-10-21T00:00:00+00:00'
[2023-05-24T15:26:26.292+0000] {logging_mixin.py:149} INFO - Hello World! My name is Sai Tr and I am 19 years old!
[2023-05-24T15:26:26.297+0000] {python.py:183} INFO - Done. Returned value was: None
[2023-05-24T15:26:26.369+0000] {taskinstance.py:1350} INFO - Marking task as SUCCESS. dag_id=dag_with_taskflow_api_v02, task_id=greet, execution_date=20221021T000000, start_date=20230524T152624, end_date=20230524T152626
[2023-05-24T15:26:26.505+0000] {local_task_job_runner.py:225} INFO - Task exited with return code 0
[2023-05-24T15:26:26.642+0000] {taskinstance.py:2651} INFO - 0 downstream tasks scheduled from follow-on schedule check
[2023-05-25T06:58:57.194+0000] {taskinstance.py:1103} INFO - Dependencies all met for dep_context=non-requeueable deps ti=<TaskInstance: dag_with_taskflow_api_v02.greet scheduled__2022-10-21T00:00:00+00:00 [queued]>
[2023-05-25T06:58:57.276+0000] {taskinstance.py:1103} INFO - Dependencies all met for dep_context=requeueable deps ti=<TaskInstance: dag_with_taskflow_api_v02.greet scheduled__2022-10-21T00:00:00+00:00 [queued]>
[2023-05-25T06:58:57.285+0000] {taskinstance.py:1308} INFO - Starting attempt 1 of 6
[2023-05-25T06:58:57.477+0000] {taskinstance.py:1327} INFO - Executing <Task(_PythonDecoratedOperator): greet> on 2022-10-21 00:00:00+00:00
[2023-05-25T06:58:57.511+0000] {standard_task_runner.py:57} INFO - Started process 4167 to run task
[2023-05-25T06:58:57.533+0000] {standard_task_runner.py:84} INFO - Running: ['***', 'tasks', 'run', 'dag_with_taskflow_api_v02', 'greet', 'scheduled__2022-10-21T00:00:00+00:00', '--job-id', '1100', '--raw', '--subdir', 'DAGS_FOLDER/first_dag.py', '--cfg-path', '/tmp/tmp4wkhzpq9']
[2023-05-25T06:58:57.562+0000] {standard_task_runner.py:85} INFO - Job 1100: Subtask greet
[2023-05-25T06:58:57.797+0000] {task_command.py:410} INFO - Running <TaskInstance: dag_with_taskflow_api_v02.greet scheduled__2022-10-21T00:00:00+00:00 [running]> on host 6bd07c7477d9
[2023-05-25T06:58:58.827+0000] {taskinstance.py:1547} INFO - Exporting env vars: AIRFLOW_CTX_DAG_OWNER='Sai' AIRFLOW_CTX_DAG_ID='dag_with_taskflow_api_v02' AIRFLOW_CTX_TASK_ID='greet' AIRFLOW_CTX_EXECUTION_DATE='2022-10-21T00:00:00+00:00' AIRFLOW_CTX_TRY_NUMBER='1' AIRFLOW_CTX_DAG_RUN_ID='scheduled__2022-10-21T00:00:00+00:00'
[2023-05-25T06:58:58.829+0000] {logging_mixin.py:149} INFO - Hello World! My name is Sai Tr and I am 19 years old!
[2023-05-25T06:58:58.829+0000] {python.py:183} INFO - Done. Returned value was: None
[2023-05-25T06:58:58.900+0000] {taskinstance.py:1350} INFO - Marking task as SUCCESS. dag_id=dag_with_taskflow_api_v02, task_id=greet, execution_date=20221021T000000, start_date=20230525T065857, end_date=20230525T065858
[2023-05-25T06:58:59.070+0000] {local_task_job_runner.py:225} INFO - Task exited with return code 0
[2023-05-25T06:58:59.722+0000] {taskinstance.py:2651} INFO - 0 downstream tasks scheduled from follow-on schedule check
[2023-05-25T10:32:38.728+0000] {taskinstance.py:1103} INFO - Dependencies all met for dep_context=non-requeueable deps ti=<TaskInstance: dag_with_taskflow_api_v02.greet scheduled__2022-10-21T00:00:00+00:00 [queued]>
[2023-05-25T10:32:38.919+0000] {taskinstance.py:1103} INFO - Dependencies all met for dep_context=requeueable deps ti=<TaskInstance: dag_with_taskflow_api_v02.greet scheduled__2022-10-21T00:00:00+00:00 [queued]>
[2023-05-25T10:32:38.920+0000] {taskinstance.py:1308} INFO - Starting attempt 1 of 6
[2023-05-25T10:32:39.120+0000] {taskinstance.py:1327} INFO - Executing <Task(_PythonDecoratedOperator): greet> on 2022-10-21 00:00:00+00:00
[2023-05-25T10:32:39.142+0000] {standard_task_runner.py:57} INFO - Started process 3821 to run task
[2023-05-25T10:32:39.218+0000] {standard_task_runner.py:84} INFO - Running: ['***', 'tasks', 'run', 'dag_with_taskflow_api_v02', 'greet', 'scheduled__2022-10-21T00:00:00+00:00', '--job-id', '1119', '--raw', '--subdir', 'DAGS_FOLDER/first_dag.py', '--cfg-path', '/tmp/tmp494nlexb']
[2023-05-25T10:32:39.240+0000] {standard_task_runner.py:85} INFO - Job 1119: Subtask greet
[2023-05-25T10:32:39.778+0000] {task_command.py:410} INFO - Running <TaskInstance: dag_with_taskflow_api_v02.greet scheduled__2022-10-21T00:00:00+00:00 [running]> on host b1ae37a9584e
[2023-05-25T10:32:40.834+0000] {taskinstance.py:1547} INFO - Exporting env vars: AIRFLOW_CTX_DAG_OWNER='Sai' AIRFLOW_CTX_DAG_ID='dag_with_taskflow_api_v02' AIRFLOW_CTX_TASK_ID='greet' AIRFLOW_CTX_EXECUTION_DATE='2022-10-21T00:00:00+00:00' AIRFLOW_CTX_TRY_NUMBER='1' AIRFLOW_CTX_DAG_RUN_ID='scheduled__2022-10-21T00:00:00+00:00'
[2023-05-25T10:32:40.835+0000] {logging_mixin.py:149} INFO - Hello World! My name is Sai Tr and I am 19 years old!
[2023-05-25T10:32:40.836+0000] {python.py:183} INFO - Done. Returned value was: None
[2023-05-25T10:32:40.902+0000] {taskinstance.py:1350} INFO - Marking task as SUCCESS. dag_id=dag_with_taskflow_api_v02, task_id=greet, execution_date=20221021T000000, start_date=20230525T103238, end_date=20230525T103240
[2023-05-25T10:32:41.718+0000] {local_task_job_runner.py:225} INFO - Task exited with return code 0
[2023-05-25T10:32:41.987+0000] {taskinstance.py:2651} INFO - 0 downstream tasks scheduled from follow-on schedule check
