[2023-05-24T15:21:35.743+0000] {taskinstance.py:1103} INFO - Dependencies all met for dep_context=non-requeueable deps ti=<TaskInstance: dag_with_taskflow_api_v02.get_name scheduled__2022-05-20T00:00:00+00:00 [queued]>
[2023-05-24T15:21:35.830+0000] {taskinstance.py:1103} INFO - Dependencies all met for dep_context=requeueable deps ti=<TaskInstance: dag_with_taskflow_api_v02.get_name scheduled__2022-05-20T00:00:00+00:00 [queued]>
[2023-05-24T15:21:35.831+0000] {taskinstance.py:1308} INFO - Starting attempt 1 of 6
[2023-05-24T15:21:36.324+0000] {taskinstance.py:1327} INFO - Executing <Task(_PythonDecoratedOperator): get_name> on 2022-05-20 00:00:00+00:00
[2023-05-24T15:21:36.359+0000] {standard_task_runner.py:57} INFO - Started process 1585 to run task
[2023-05-24T15:21:36.383+0000] {standard_task_runner.py:84} INFO - Running: ['***', 'tasks', 'run', 'dag_with_taskflow_api_v02', 'get_name', 'scheduled__2022-05-20T00:00:00+00:00', '--job-id', '617', '--raw', '--subdir', 'DAGS_FOLDER/first_dag.py', '--cfg-path', '/tmp/tmp23ndinbt']
[2023-05-24T15:21:36.427+0000] {standard_task_runner.py:85} INFO - Job 617: Subtask get_name
[2023-05-24T15:21:36.878+0000] {task_command.py:410} INFO - Running <TaskInstance: dag_with_taskflow_api_v02.get_name scheduled__2022-05-20T00:00:00+00:00 [running]> on host 942de29f183d
[2023-05-24T15:21:37.805+0000] {taskinstance.py:1547} INFO - Exporting env vars: AIRFLOW_CTX_DAG_OWNER='Sai' AIRFLOW_CTX_DAG_ID='dag_with_taskflow_api_v02' AIRFLOW_CTX_TASK_ID='get_name' AIRFLOW_CTX_EXECUTION_DATE='2022-05-20T00:00:00+00:00' AIRFLOW_CTX_TRY_NUMBER='1' AIRFLOW_CTX_DAG_RUN_ID='scheduled__2022-05-20T00:00:00+00:00'
[2023-05-24T15:21:37.806+0000] {python.py:183} INFO - Done. Returned value was: {'first_name': 'Sai', 'last_name': 'Tr'}
[2023-05-24T15:21:38.064+0000] {taskinstance.py:1350} INFO - Marking task as SUCCESS. dag_id=dag_with_taskflow_api_v02, task_id=get_name, execution_date=20220520T000000, start_date=20230524T152135, end_date=20230524T152138
[2023-05-24T15:21:38.198+0000] {local_task_job_runner.py:225} INFO - Task exited with return code 0
[2023-05-24T15:21:38.440+0000] {taskinstance.py:2651} INFO - 1 downstream tasks scheduled from follow-on schedule check
[2023-05-25T06:54:34.077+0000] {taskinstance.py:1103} INFO - Dependencies all met for dep_context=non-requeueable deps ti=<TaskInstance: dag_with_taskflow_api_v02.get_name scheduled__2022-05-20T00:00:00+00:00 [queued]>
[2023-05-25T06:54:34.119+0000] {taskinstance.py:1103} INFO - Dependencies all met for dep_context=requeueable deps ti=<TaskInstance: dag_with_taskflow_api_v02.get_name scheduled__2022-05-20T00:00:00+00:00 [queued]>
[2023-05-25T06:54:34.120+0000] {taskinstance.py:1308} INFO - Starting attempt 1 of 6
[2023-05-25T06:54:34.216+0000] {taskinstance.py:1327} INFO - Executing <Task(_PythonDecoratedOperator): get_name> on 2022-05-20 00:00:00+00:00
[2023-05-25T06:54:34.227+0000] {standard_task_runner.py:57} INFO - Started process 3106 to run task
[2023-05-25T06:54:34.277+0000] {standard_task_runner.py:84} INFO - Running: ['***', 'tasks', 'run', 'dag_with_taskflow_api_v02', 'get_name', 'scheduled__2022-05-20T00:00:00+00:00', '--job-id', '620', '--raw', '--subdir', 'DAGS_FOLDER/first_dag.py', '--cfg-path', '/tmp/tmp36pxm_8f']
[2023-05-25T06:54:34.313+0000] {standard_task_runner.py:85} INFO - Job 620: Subtask get_name
[2023-05-25T06:54:34.612+0000] {task_command.py:410} INFO - Running <TaskInstance: dag_with_taskflow_api_v02.get_name scheduled__2022-05-20T00:00:00+00:00 [running]> on host 6bd07c7477d9
[2023-05-25T06:54:35.424+0000] {taskinstance.py:1547} INFO - Exporting env vars: AIRFLOW_CTX_DAG_OWNER='Sai' AIRFLOW_CTX_DAG_ID='dag_with_taskflow_api_v02' AIRFLOW_CTX_TASK_ID='get_name' AIRFLOW_CTX_EXECUTION_DATE='2022-05-20T00:00:00+00:00' AIRFLOW_CTX_TRY_NUMBER='1' AIRFLOW_CTX_DAG_RUN_ID='scheduled__2022-05-20T00:00:00+00:00'
[2023-05-25T06:54:35.425+0000] {python.py:183} INFO - Done. Returned value was: {'first_name': 'Sai', 'last_name': 'Tr'}
[2023-05-25T06:54:35.579+0000] {taskinstance.py:1350} INFO - Marking task as SUCCESS. dag_id=dag_with_taskflow_api_v02, task_id=get_name, execution_date=20220520T000000, start_date=20230525T065434, end_date=20230525T065435
[2023-05-25T06:54:35.665+0000] {local_task_job_runner.py:225} INFO - Task exited with return code 0
[2023-05-25T06:54:35.872+0000] {taskinstance.py:2651} INFO - 0 downstream tasks scheduled from follow-on schedule check
[2023-05-25T10:26:02.208+0000] {taskinstance.py:1103} INFO - Dependencies all met for dep_context=non-requeueable deps ti=<TaskInstance: dag_with_taskflow_api_v02.get_name scheduled__2022-05-20T00:00:00+00:00 [queued]>
[2023-05-25T10:26:02.454+0000] {taskinstance.py:1103} INFO - Dependencies all met for dep_context=requeueable deps ti=<TaskInstance: dag_with_taskflow_api_v02.get_name scheduled__2022-05-20T00:00:00+00:00 [queued]>
[2023-05-25T10:26:02.464+0000] {taskinstance.py:1308} INFO - Starting attempt 1 of 6
[2023-05-25T10:26:02.623+0000] {taskinstance.py:1327} INFO - Executing <Task(_PythonDecoratedOperator): get_name> on 2022-05-20 00:00:00+00:00
[2023-05-25T10:26:02.629+0000] {standard_task_runner.py:57} INFO - Started process 2709 to run task
[2023-05-25T10:26:02.686+0000] {standard_task_runner.py:84} INFO - Running: ['***', 'tasks', 'run', 'dag_with_taskflow_api_v02', 'get_name', 'scheduled__2022-05-20T00:00:00+00:00', '--job-id', '636', '--raw', '--subdir', 'DAGS_FOLDER/first_dag.py', '--cfg-path', '/tmp/tmpxh08lkbh']
[2023-05-25T10:26:02.689+0000] {standard_task_runner.py:85} INFO - Job 636: Subtask get_name
[2023-05-25T10:26:03.044+0000] {task_command.py:410} INFO - Running <TaskInstance: dag_with_taskflow_api_v02.get_name scheduled__2022-05-20T00:00:00+00:00 [running]> on host b1ae37a9584e
[2023-05-25T10:26:03.839+0000] {taskinstance.py:1547} INFO - Exporting env vars: AIRFLOW_CTX_DAG_OWNER='Sai' AIRFLOW_CTX_DAG_ID='dag_with_taskflow_api_v02' AIRFLOW_CTX_TASK_ID='get_name' AIRFLOW_CTX_EXECUTION_DATE='2022-05-20T00:00:00+00:00' AIRFLOW_CTX_TRY_NUMBER='1' AIRFLOW_CTX_DAG_RUN_ID='scheduled__2022-05-20T00:00:00+00:00'
[2023-05-25T10:26:03.840+0000] {python.py:183} INFO - Done. Returned value was: {'first_name': 'Sai', 'last_name': 'Tr'}
[2023-05-25T10:26:03.996+0000] {taskinstance.py:1350} INFO - Marking task as SUCCESS. dag_id=dag_with_taskflow_api_v02, task_id=get_name, execution_date=20220520T000000, start_date=20230525T102602, end_date=20230525T102603
[2023-05-25T10:26:04.135+0000] {local_task_job_runner.py:225} INFO - Task exited with return code 0
[2023-05-25T10:26:04.847+0000] {taskinstance.py:2651} INFO - 0 downstream tasks scheduled from follow-on schedule check
