[2023-05-24T15:24:51.947+0000] {taskinstance.py:1103} INFO - Dependencies all met for dep_context=non-requeueable deps ti=<TaskInstance: dag_with_taskflow_api_v02.get_name scheduled__2022-09-03T00:00:00+00:00 [queued]>
[2023-05-24T15:24:52.039+0000] {taskinstance.py:1103} INFO - Dependencies all met for dep_context=requeueable deps ti=<TaskInstance: dag_with_taskflow_api_v02.get_name scheduled__2022-09-03T00:00:00+00:00 [queued]>
[2023-05-24T15:24:52.039+0000] {taskinstance.py:1308} INFO - Starting attempt 1 of 6
[2023-05-24T15:24:52.325+0000] {taskinstance.py:1327} INFO - Executing <Task(_PythonDecoratedOperator): get_name> on 2022-09-03 00:00:00+00:00
[2023-05-24T15:24:52.331+0000] {standard_task_runner.py:57} INFO - Started process 2286 to run task
[2023-05-24T15:24:52.382+0000] {standard_task_runner.py:84} INFO - Running: ['***', 'tasks', 'run', 'dag_with_taskflow_api_v02', 'get_name', 'scheduled__2022-09-03T00:00:00+00:00', '--job-id', '933', '--raw', '--subdir', 'DAGS_FOLDER/first_dag.py', '--cfg-path', '/tmp/tmpj3759fp6']
[2023-05-24T15:24:52.393+0000] {standard_task_runner.py:85} INFO - Job 933: Subtask get_name
[2023-05-24T15:24:52.786+0000] {task_command.py:410} INFO - Running <TaskInstance: dag_with_taskflow_api_v02.get_name scheduled__2022-09-03T00:00:00+00:00 [running]> on host 942de29f183d
[2023-05-24T15:24:53.411+0000] {taskinstance.py:1547} INFO - Exporting env vars: AIRFLOW_CTX_DAG_OWNER='Sai' AIRFLOW_CTX_DAG_ID='dag_with_taskflow_api_v02' AIRFLOW_CTX_TASK_ID='get_name' AIRFLOW_CTX_EXECUTION_DATE='2022-09-03T00:00:00+00:00' AIRFLOW_CTX_TRY_NUMBER='1' AIRFLOW_CTX_DAG_RUN_ID='scheduled__2022-09-03T00:00:00+00:00'
[2023-05-24T15:24:53.412+0000] {python.py:183} INFO - Done. Returned value was: {'first_name': 'Sai', 'last_name': 'Tr'}
[2023-05-24T15:24:53.648+0000] {taskinstance.py:1350} INFO - Marking task as SUCCESS. dag_id=dag_with_taskflow_api_v02, task_id=get_name, execution_date=20220903T000000, start_date=20230524T152451, end_date=20230524T152453
[2023-05-24T15:24:53.792+0000] {local_task_job_runner.py:225} INFO - Task exited with return code 0
[2023-05-24T15:24:53.948+0000] {taskinstance.py:2651} INFO - 0 downstream tasks scheduled from follow-on schedule check
[2023-05-25T06:57:28.602+0000] {taskinstance.py:1103} INFO - Dependencies all met for dep_context=non-requeueable deps ti=<TaskInstance: dag_with_taskflow_api_v02.get_name scheduled__2022-09-03T00:00:00+00:00 [queued]>
[2023-05-25T06:57:28.698+0000] {taskinstance.py:1103} INFO - Dependencies all met for dep_context=requeueable deps ti=<TaskInstance: dag_with_taskflow_api_v02.get_name scheduled__2022-09-03T00:00:00+00:00 [queued]>
[2023-05-25T06:57:28.698+0000] {taskinstance.py:1308} INFO - Starting attempt 1 of 6
[2023-05-25T06:57:28.784+0000] {taskinstance.py:1327} INFO - Executing <Task(_PythonDecoratedOperator): get_name> on 2022-09-03 00:00:00+00:00
[2023-05-25T06:57:28.803+0000] {standard_task_runner.py:57} INFO - Started process 3805 to run task
[2023-05-25T06:57:28.838+0000] {standard_task_runner.py:84} INFO - Running: ['***', 'tasks', 'run', 'dag_with_taskflow_api_v02', 'get_name', 'scheduled__2022-09-03T00:00:00+00:00', '--job-id', '934', '--raw', '--subdir', 'DAGS_FOLDER/first_dag.py', '--cfg-path', '/tmp/tmp24eegn4w']
[2023-05-25T06:57:28.847+0000] {standard_task_runner.py:85} INFO - Job 934: Subtask get_name
[2023-05-25T06:57:29.040+0000] {task_command.py:410} INFO - Running <TaskInstance: dag_with_taskflow_api_v02.get_name scheduled__2022-09-03T00:00:00+00:00 [running]> on host 6bd07c7477d9
[2023-05-25T06:57:29.618+0000] {taskinstance.py:1547} INFO - Exporting env vars: AIRFLOW_CTX_DAG_OWNER='Sai' AIRFLOW_CTX_DAG_ID='dag_with_taskflow_api_v02' AIRFLOW_CTX_TASK_ID='get_name' AIRFLOW_CTX_EXECUTION_DATE='2022-09-03T00:00:00+00:00' AIRFLOW_CTX_TRY_NUMBER='1' AIRFLOW_CTX_DAG_RUN_ID='scheduled__2022-09-03T00:00:00+00:00'
[2023-05-25T06:57:29.619+0000] {python.py:183} INFO - Done. Returned value was: {'first_name': 'Sai', 'last_name': 'Tr'}
[2023-05-25T06:57:29.802+0000] {taskinstance.py:1350} INFO - Marking task as SUCCESS. dag_id=dag_with_taskflow_api_v02, task_id=get_name, execution_date=20220903T000000, start_date=20230525T065728, end_date=20230525T065729
[2023-05-25T06:57:29.991+0000] {local_task_job_runner.py:225} INFO - Task exited with return code 0
[2023-05-25T06:57:30.121+0000] {taskinstance.py:2651} INFO - 1 downstream tasks scheduled from follow-on schedule check
[2023-05-25T10:30:56.232+0000] {taskinstance.py:1103} INFO - Dependencies all met for dep_context=non-requeueable deps ti=<TaskInstance: dag_with_taskflow_api_v02.get_name scheduled__2022-09-03T00:00:00+00:00 [queued]>
[2023-05-25T10:30:56.295+0000] {taskinstance.py:1103} INFO - Dependencies all met for dep_context=requeueable deps ti=<TaskInstance: dag_with_taskflow_api_v02.get_name scheduled__2022-09-03T00:00:00+00:00 [queued]>
[2023-05-25T10:30:56.296+0000] {taskinstance.py:1308} INFO - Starting attempt 1 of 6
[2023-05-25T10:30:56.408+0000] {taskinstance.py:1327} INFO - Executing <Task(_PythonDecoratedOperator): get_name> on 2022-09-03 00:00:00+00:00
[2023-05-25T10:30:56.434+0000] {standard_task_runner.py:57} INFO - Started process 3456 to run task
[2023-05-25T10:30:56.524+0000] {standard_task_runner.py:84} INFO - Running: ['***', 'tasks', 'run', 'dag_with_taskflow_api_v02', 'get_name', 'scheduled__2022-09-03T00:00:00+00:00', '--job-id', '955', '--raw', '--subdir', 'DAGS_FOLDER/first_dag.py', '--cfg-path', '/tmp/tmpdl_cj0ul']
[2023-05-25T10:30:56.540+0000] {standard_task_runner.py:85} INFO - Job 955: Subtask get_name
[2023-05-25T10:30:56.883+0000] {task_command.py:410} INFO - Running <TaskInstance: dag_with_taskflow_api_v02.get_name scheduled__2022-09-03T00:00:00+00:00 [running]> on host b1ae37a9584e
[2023-05-25T10:30:57.847+0000] {taskinstance.py:1547} INFO - Exporting env vars: AIRFLOW_CTX_DAG_OWNER='Sai' AIRFLOW_CTX_DAG_ID='dag_with_taskflow_api_v02' AIRFLOW_CTX_TASK_ID='get_name' AIRFLOW_CTX_EXECUTION_DATE='2022-09-03T00:00:00+00:00' AIRFLOW_CTX_TRY_NUMBER='1' AIRFLOW_CTX_DAG_RUN_ID='scheduled__2022-09-03T00:00:00+00:00'
[2023-05-25T10:30:57.849+0000] {python.py:183} INFO - Done. Returned value was: {'first_name': 'Sai', 'last_name': 'Tr'}
[2023-05-25T10:30:58.111+0000] {taskinstance.py:1350} INFO - Marking task as SUCCESS. dag_id=dag_with_taskflow_api_v02, task_id=get_name, execution_date=20220903T000000, start_date=20230525T103056, end_date=20230525T103058
[2023-05-25T10:30:59.119+0000] {local_task_job_runner.py:225} INFO - Task exited with return code 0
[2023-05-25T10:30:59.600+0000] {taskinstance.py:2651} INFO - 0 downstream tasks scheduled from follow-on schedule check
