[2023-05-24T15:29:55.126+0000] {taskinstance.py:1103} INFO - Dependencies all met for dep_context=non-requeueable deps ti=<TaskInstance: dag_with_taskflow_api_v02.get_name scheduled__2023-03-06T00:00:00+00:00 [queued]>
[2023-05-24T15:29:55.254+0000] {taskinstance.py:1103} INFO - Dependencies all met for dep_context=requeueable deps ti=<TaskInstance: dag_with_taskflow_api_v02.get_name scheduled__2023-03-06T00:00:00+00:00 [queued]>
[2023-05-24T15:29:55.258+0000] {taskinstance.py:1308} INFO - Starting attempt 1 of 6
[2023-05-24T15:29:55.440+0000] {taskinstance.py:1327} INFO - Executing <Task(_PythonDecoratedOperator): get_name> on 2023-03-06 00:00:00+00:00
[2023-05-24T15:29:55.479+0000] {standard_task_runner.py:57} INFO - Started process 3506 to run task
[2023-05-24T15:29:55.514+0000] {standard_task_runner.py:84} INFO - Running: ['***', 'tasks', 'run', 'dag_with_taskflow_api_v02', 'get_name', 'scheduled__2023-03-06T00:00:00+00:00', '--job-id', '1486', '--raw', '--subdir', 'DAGS_FOLDER/first_dag.py', '--cfg-path', '/tmp/tmpaizfshha']
[2023-05-24T15:29:55.534+0000] {standard_task_runner.py:85} INFO - Job 1486: Subtask get_name
[2023-05-24T15:29:55.888+0000] {task_command.py:410} INFO - Running <TaskInstance: dag_with_taskflow_api_v02.get_name scheduled__2023-03-06T00:00:00+00:00 [running]> on host 942de29f183d
[2023-05-24T15:29:56.640+0000] {taskinstance.py:1547} INFO - Exporting env vars: AIRFLOW_CTX_DAG_OWNER='Sai' AIRFLOW_CTX_DAG_ID='dag_with_taskflow_api_v02' AIRFLOW_CTX_TASK_ID='get_name' AIRFLOW_CTX_EXECUTION_DATE='2023-03-06T00:00:00+00:00' AIRFLOW_CTX_TRY_NUMBER='1' AIRFLOW_CTX_DAG_RUN_ID='scheduled__2023-03-06T00:00:00+00:00'
[2023-05-24T15:29:56.641+0000] {python.py:183} INFO - Done. Returned value was: {'first_name': 'Sai', 'last_name': 'Tr'}
[2023-05-24T15:29:56.838+0000] {taskinstance.py:1350} INFO - Marking task as SUCCESS. dag_id=dag_with_taskflow_api_v02, task_id=get_name, execution_date=20230306T000000, start_date=20230524T152955, end_date=20230524T152956
[2023-05-24T15:29:57.025+0000] {local_task_job_runner.py:225} INFO - Task exited with return code 0
[2023-05-24T15:29:57.261+0000] {taskinstance.py:2651} INFO - 1 downstream tasks scheduled from follow-on schedule check
[2023-05-25T07:02:28.051+0000] {taskinstance.py:1103} INFO - Dependencies all met for dep_context=non-requeueable deps ti=<TaskInstance: dag_with_taskflow_api_v02.get_name scheduled__2023-03-06T00:00:00+00:00 [queued]>
[2023-05-25T07:02:28.177+0000] {taskinstance.py:1103} INFO - Dependencies all met for dep_context=requeueable deps ti=<TaskInstance: dag_with_taskflow_api_v02.get_name scheduled__2023-03-06T00:00:00+00:00 [queued]>
[2023-05-25T07:02:28.181+0000] {taskinstance.py:1308} INFO - Starting attempt 1 of 6
[2023-05-25T07:02:28.409+0000] {taskinstance.py:1327} INFO - Executing <Task(_PythonDecoratedOperator): get_name> on 2023-03-06 00:00:00+00:00
[2023-05-25T07:02:28.446+0000] {standard_task_runner.py:57} INFO - Started process 5029 to run task
[2023-05-25T07:02:28.497+0000] {standard_task_runner.py:84} INFO - Running: ['***', 'tasks', 'run', 'dag_with_taskflow_api_v02', 'get_name', 'scheduled__2023-03-06T00:00:00+00:00', '--job-id', '1487', '--raw', '--subdir', 'DAGS_FOLDER/first_dag.py', '--cfg-path', '/tmp/tmpfacr3y3_']
[2023-05-25T07:02:28.553+0000] {standard_task_runner.py:85} INFO - Job 1487: Subtask get_name
[2023-05-25T07:02:28.945+0000] {task_command.py:410} INFO - Running <TaskInstance: dag_with_taskflow_api_v02.get_name scheduled__2023-03-06T00:00:00+00:00 [running]> on host 6bd07c7477d9
[2023-05-25T07:02:29.543+0000] {taskinstance.py:1547} INFO - Exporting env vars: AIRFLOW_CTX_DAG_OWNER='Sai' AIRFLOW_CTX_DAG_ID='dag_with_taskflow_api_v02' AIRFLOW_CTX_TASK_ID='get_name' AIRFLOW_CTX_EXECUTION_DATE='2023-03-06T00:00:00+00:00' AIRFLOW_CTX_TRY_NUMBER='1' AIRFLOW_CTX_DAG_RUN_ID='scheduled__2023-03-06T00:00:00+00:00'
[2023-05-25T07:02:29.545+0000] {python.py:183} INFO - Done. Returned value was: {'first_name': 'Sai', 'last_name': 'Tr'}
[2023-05-25T07:02:29.760+0000] {taskinstance.py:1350} INFO - Marking task as SUCCESS. dag_id=dag_with_taskflow_api_v02, task_id=get_name, execution_date=20230306T000000, start_date=20230525T070228, end_date=20230525T070229
[2023-05-25T07:02:29.884+0000] {local_task_job_runner.py:225} INFO - Task exited with return code 0
[2023-05-25T07:02:30.071+0000] {taskinstance.py:2651} INFO - 0 downstream tasks scheduled from follow-on schedule check
[2023-05-25T10:37:01.141+0000] {taskinstance.py:1103} INFO - Dependencies all met for dep_context=non-requeueable deps ti=<TaskInstance: dag_with_taskflow_api_v02.get_name scheduled__2023-03-06T00:00:00+00:00 [queued]>
[2023-05-25T10:37:01.360+0000] {taskinstance.py:1103} INFO - Dependencies all met for dep_context=requeueable deps ti=<TaskInstance: dag_with_taskflow_api_v02.get_name scheduled__2023-03-06T00:00:00+00:00 [queued]>
[2023-05-25T10:37:01.360+0000] {taskinstance.py:1308} INFO - Starting attempt 1 of 6
[2023-05-25T10:37:01.868+0000] {taskinstance.py:1327} INFO - Executing <Task(_PythonDecoratedOperator): get_name> on 2023-03-06 00:00:00+00:00
[2023-05-25T10:37:01.896+0000] {standard_task_runner.py:57} INFO - Started process 4702 to run task
[2023-05-25T10:37:01.918+0000] {standard_task_runner.py:84} INFO - Running: ['***', 'tasks', 'run', 'dag_with_taskflow_api_v02', 'get_name', 'scheduled__2023-03-06T00:00:00+00:00', '--job-id', '1507', '--raw', '--subdir', 'DAGS_FOLDER/first_dag.py', '--cfg-path', '/tmp/tmph4fpz8j4']
[2023-05-25T10:37:01.921+0000] {standard_task_runner.py:85} INFO - Job 1507: Subtask get_name
[2023-05-25T10:37:02.454+0000] {task_command.py:410} INFO - Running <TaskInstance: dag_with_taskflow_api_v02.get_name scheduled__2023-03-06T00:00:00+00:00 [running]> on host b1ae37a9584e
[2023-05-25T10:37:03.360+0000] {taskinstance.py:1547} INFO - Exporting env vars: AIRFLOW_CTX_DAG_OWNER='Sai' AIRFLOW_CTX_DAG_ID='dag_with_taskflow_api_v02' AIRFLOW_CTX_TASK_ID='get_name' AIRFLOW_CTX_EXECUTION_DATE='2023-03-06T00:00:00+00:00' AIRFLOW_CTX_TRY_NUMBER='1' AIRFLOW_CTX_DAG_RUN_ID='scheduled__2023-03-06T00:00:00+00:00'
[2023-05-25T10:37:03.361+0000] {python.py:183} INFO - Done. Returned value was: {'first_name': 'Sai', 'last_name': 'Tr'}
[2023-05-25T10:37:03.737+0000] {taskinstance.py:1350} INFO - Marking task as SUCCESS. dag_id=dag_with_taskflow_api_v02, task_id=get_name, execution_date=20230306T000000, start_date=20230525T103701, end_date=20230525T103703
[2023-05-25T10:37:03.968+0000] {local_task_job_runner.py:225} INFO - Task exited with return code 0
[2023-05-25T10:37:04.645+0000] {taskinstance.py:2651} INFO - 1 downstream tasks scheduled from follow-on schedule check
