[2023-05-24T15:28:00.848+0000] {taskinstance.py:1103} INFO - Dependencies all met for dep_context=non-requeueable deps ti=<TaskInstance: dag_with_taskflow_api_v02.get_name scheduled__2022-12-26T00:00:00+00:00 [queued]>
[2023-05-24T15:28:00.935+0000] {taskinstance.py:1103} INFO - Dependencies all met for dep_context=requeueable deps ti=<TaskInstance: dag_with_taskflow_api_v02.get_name scheduled__2022-12-26T00:00:00+00:00 [queued]>
[2023-05-24T15:28:00.935+0000] {taskinstance.py:1308} INFO - Starting attempt 1 of 6
[2023-05-24T15:28:01.472+0000] {taskinstance.py:1327} INFO - Executing <Task(_PythonDecoratedOperator): get_name> on 2022-12-26 00:00:00+00:00
[2023-05-24T15:28:01.479+0000] {standard_task_runner.py:57} INFO - Started process 3045 to run task
[2023-05-24T15:28:01.531+0000] {standard_task_runner.py:84} INFO - Running: ['***', 'tasks', 'run', 'dag_with_taskflow_api_v02', 'get_name', 'scheduled__2022-12-26T00:00:00+00:00', '--job-id', '1276', '--raw', '--subdir', 'DAGS_FOLDER/first_dag.py', '--cfg-path', '/tmp/tmp2svce0z8']
[2023-05-24T15:28:01.564+0000] {standard_task_runner.py:85} INFO - Job 1276: Subtask get_name
[2023-05-24T15:28:01.964+0000] {task_command.py:410} INFO - Running <TaskInstance: dag_with_taskflow_api_v02.get_name scheduled__2022-12-26T00:00:00+00:00 [running]> on host 942de29f183d
[2023-05-24T15:28:02.915+0000] {taskinstance.py:1547} INFO - Exporting env vars: AIRFLOW_CTX_DAG_OWNER='Sai' AIRFLOW_CTX_DAG_ID='dag_with_taskflow_api_v02' AIRFLOW_CTX_TASK_ID='get_name' AIRFLOW_CTX_EXECUTION_DATE='2022-12-26T00:00:00+00:00' AIRFLOW_CTX_TRY_NUMBER='1' AIRFLOW_CTX_DAG_RUN_ID='scheduled__2022-12-26T00:00:00+00:00'
[2023-05-24T15:28:02.916+0000] {python.py:183} INFO - Done. Returned value was: {'first_name': 'Sai', 'last_name': 'Tr'}
[2023-05-24T15:28:03.111+0000] {taskinstance.py:1350} INFO - Marking task as SUCCESS. dag_id=dag_with_taskflow_api_v02, task_id=get_name, execution_date=20221226T000000, start_date=20230524T152800, end_date=20230524T152803
[2023-05-24T15:28:03.465+0000] {local_task_job_runner.py:225} INFO - Task exited with return code 0
[2023-05-24T15:28:03.790+0000] {taskinstance.py:2651} INFO - 1 downstream tasks scheduled from follow-on schedule check
[2023-05-25T07:00:34.614+0000] {taskinstance.py:1103} INFO - Dependencies all met for dep_context=non-requeueable deps ti=<TaskInstance: dag_with_taskflow_api_v02.get_name scheduled__2022-12-26T00:00:00+00:00 [queued]>
[2023-05-25T07:00:34.701+0000] {taskinstance.py:1103} INFO - Dependencies all met for dep_context=requeueable deps ti=<TaskInstance: dag_with_taskflow_api_v02.get_name scheduled__2022-12-26T00:00:00+00:00 [queued]>
[2023-05-25T07:00:34.702+0000] {taskinstance.py:1308} INFO - Starting attempt 1 of 6
[2023-05-25T07:00:34.818+0000] {taskinstance.py:1327} INFO - Executing <Task(_PythonDecoratedOperator): get_name> on 2022-12-26 00:00:00+00:00
[2023-05-25T07:00:34.838+0000] {standard_task_runner.py:57} INFO - Started process 4560 to run task
[2023-05-25T07:00:34.879+0000] {standard_task_runner.py:84} INFO - Running: ['***', 'tasks', 'run', 'dag_with_taskflow_api_v02', 'get_name', 'scheduled__2022-12-26T00:00:00+00:00', '--job-id', '1277', '--raw', '--subdir', 'DAGS_FOLDER/first_dag.py', '--cfg-path', '/tmp/tmp8cajmd3m']
[2023-05-25T07:00:34.892+0000] {standard_task_runner.py:85} INFO - Job 1277: Subtask get_name
[2023-05-25T07:00:35.171+0000] {task_command.py:410} INFO - Running <TaskInstance: dag_with_taskflow_api_v02.get_name scheduled__2022-12-26T00:00:00+00:00 [running]> on host 6bd07c7477d9
[2023-05-25T07:00:35.818+0000] {taskinstance.py:1547} INFO - Exporting env vars: AIRFLOW_CTX_DAG_OWNER='Sai' AIRFLOW_CTX_DAG_ID='dag_with_taskflow_api_v02' AIRFLOW_CTX_TASK_ID='get_name' AIRFLOW_CTX_EXECUTION_DATE='2022-12-26T00:00:00+00:00' AIRFLOW_CTX_TRY_NUMBER='1' AIRFLOW_CTX_DAG_RUN_ID='scheduled__2022-12-26T00:00:00+00:00'
[2023-05-25T07:00:35.820+0000] {python.py:183} INFO - Done. Returned value was: {'first_name': 'Sai', 'last_name': 'Tr'}
[2023-05-25T07:00:36.044+0000] {taskinstance.py:1350} INFO - Marking task as SUCCESS. dag_id=dag_with_taskflow_api_v02, task_id=get_name, execution_date=20221226T000000, start_date=20230525T070034, end_date=20230525T070036
[2023-05-25T07:00:36.189+0000] {local_task_job_runner.py:225} INFO - Task exited with return code 0
[2023-05-25T07:00:36.342+0000] {taskinstance.py:2651} INFO - 1 downstream tasks scheduled from follow-on schedule check
[2023-05-25T10:34:41.698+0000] {taskinstance.py:1103} INFO - Dependencies all met for dep_context=non-requeueable deps ti=<TaskInstance: dag_with_taskflow_api_v02.get_name scheduled__2022-12-26T00:00:00+00:00 [queued]>
[2023-05-25T10:34:41.800+0000] {taskinstance.py:1103} INFO - Dependencies all met for dep_context=requeueable deps ti=<TaskInstance: dag_with_taskflow_api_v02.get_name scheduled__2022-12-26T00:00:00+00:00 [queued]>
[2023-05-25T10:34:41.801+0000] {taskinstance.py:1308} INFO - Starting attempt 1 of 6
[2023-05-25T10:34:42.025+0000] {taskinstance.py:1327} INFO - Executing <Task(_PythonDecoratedOperator): get_name> on 2022-12-26 00:00:00+00:00
[2023-05-25T10:34:42.060+0000] {standard_task_runner.py:57} INFO - Started process 4214 to run task
[2023-05-25T10:34:42.137+0000] {standard_task_runner.py:84} INFO - Running: ['***', 'tasks', 'run', 'dag_with_taskflow_api_v02', 'get_name', 'scheduled__2022-12-26T00:00:00+00:00', '--job-id', '1292', '--raw', '--subdir', 'DAGS_FOLDER/first_dag.py', '--cfg-path', '/tmp/tmpd5pgbb_2']
[2023-05-25T10:34:42.205+0000] {standard_task_runner.py:85} INFO - Job 1292: Subtask get_name
[2023-05-25T10:34:42.636+0000] {task_command.py:410} INFO - Running <TaskInstance: dag_with_taskflow_api_v02.get_name scheduled__2022-12-26T00:00:00+00:00 [running]> on host b1ae37a9584e
[2023-05-25T10:34:43.412+0000] {taskinstance.py:1547} INFO - Exporting env vars: AIRFLOW_CTX_DAG_OWNER='Sai' AIRFLOW_CTX_DAG_ID='dag_with_taskflow_api_v02' AIRFLOW_CTX_TASK_ID='get_name' AIRFLOW_CTX_EXECUTION_DATE='2022-12-26T00:00:00+00:00' AIRFLOW_CTX_TRY_NUMBER='1' AIRFLOW_CTX_DAG_RUN_ID='scheduled__2022-12-26T00:00:00+00:00'
[2023-05-25T10:34:43.413+0000] {python.py:183} INFO - Done. Returned value was: {'first_name': 'Sai', 'last_name': 'Tr'}
[2023-05-25T10:34:43.791+0000] {taskinstance.py:1350} INFO - Marking task as SUCCESS. dag_id=dag_with_taskflow_api_v02, task_id=get_name, execution_date=20221226T000000, start_date=20230525T103441, end_date=20230525T103443
[2023-05-25T10:34:43.929+0000] {local_task_job_runner.py:225} INFO - Task exited with return code 0
[2023-05-25T10:34:44.729+0000] {taskinstance.py:2651} INFO - 1 downstream tasks scheduled from follow-on schedule check
