[2023-05-24T15:17:00.020+0000] {taskinstance.py:1103} INFO - Dependencies all met for dep_context=non-requeueable deps ti=<TaskInstance: dag_with_taskflow_api_v02.get_age scheduled__2021-12-24T00:00:00+00:00 [queued]>
[2023-05-24T15:17:00.156+0000] {taskinstance.py:1103} INFO - Dependencies all met for dep_context=requeueable deps ti=<TaskInstance: dag_with_taskflow_api_v02.get_age scheduled__2021-12-24T00:00:00+00:00 [queued]>
[2023-05-24T15:17:00.157+0000] {taskinstance.py:1308} INFO - Starting attempt 1 of 6
[2023-05-24T15:17:00.366+0000] {taskinstance.py:1327} INFO - Executing <Task(_PythonDecoratedOperator): get_age> on 2021-12-24 00:00:00+00:00
[2023-05-24T15:17:00.397+0000] {standard_task_runner.py:57} INFO - Started process 605 to run task
[2023-05-24T15:17:00.408+0000] {standard_task_runner.py:84} INFO - Running: ['***', 'tasks', 'run', 'dag_with_taskflow_api_v02', 'get_age', 'scheduled__2021-12-24T00:00:00+00:00', '--job-id', '183', '--raw', '--subdir', 'DAGS_FOLDER/first_dag.py', '--cfg-path', '/tmp/tmpl79wuazi']
[2023-05-24T15:17:00.426+0000] {standard_task_runner.py:85} INFO - Job 183: Subtask get_age
[2023-05-24T15:17:00.780+0000] {task_command.py:410} INFO - Running <TaskInstance: dag_with_taskflow_api_v02.get_age scheduled__2021-12-24T00:00:00+00:00 [running]> on host 942de29f183d
[2023-05-24T15:17:01.777+0000] {taskinstance.py:1547} INFO - Exporting env vars: AIRFLOW_CTX_DAG_OWNER='Sai' AIRFLOW_CTX_DAG_ID='dag_with_taskflow_api_v02' AIRFLOW_CTX_TASK_ID='get_age' AIRFLOW_CTX_EXECUTION_DATE='2021-12-24T00:00:00+00:00' AIRFLOW_CTX_TRY_NUMBER='1' AIRFLOW_CTX_DAG_RUN_ID='scheduled__2021-12-24T00:00:00+00:00'
[2023-05-24T15:17:01.779+0000] {python.py:183} INFO - Done. Returned value was: 19
[2023-05-24T15:17:01.936+0000] {taskinstance.py:1350} INFO - Marking task as SUCCESS. dag_id=dag_with_taskflow_api_v02, task_id=get_age, execution_date=20211224T000000, start_date=20230524T151700, end_date=20230524T151701
[2023-05-24T15:17:02.354+0000] {local_task_job_runner.py:225} INFO - Task exited with return code 0
[2023-05-24T15:17:02.518+0000] {taskinstance.py:2651} INFO - 1 downstream tasks scheduled from follow-on schedule check
[2023-05-25T06:50:32.261+0000] {taskinstance.py:1103} INFO - Dependencies all met for dep_context=non-requeueable deps ti=<TaskInstance: dag_with_taskflow_api_v02.get_age scheduled__2021-12-24T00:00:00+00:00 [queued]>
[2023-05-25T06:50:32.369+0000] {taskinstance.py:1103} INFO - Dependencies all met for dep_context=requeueable deps ti=<TaskInstance: dag_with_taskflow_api_v02.get_age scheduled__2021-12-24T00:00:00+00:00 [queued]>
[2023-05-25T06:50:32.370+0000] {taskinstance.py:1308} INFO - Starting attempt 1 of 6
[2023-05-25T06:50:32.491+0000] {taskinstance.py:1327} INFO - Executing <Task(_PythonDecoratedOperator): get_age> on 2021-12-24 00:00:00+00:00
[2023-05-25T06:50:32.499+0000] {standard_task_runner.py:57} INFO - Started process 2116 to run task
[2023-05-25T06:50:32.536+0000] {standard_task_runner.py:84} INFO - Running: ['***', 'tasks', 'run', 'dag_with_taskflow_api_v02', 'get_age', 'scheduled__2021-12-24T00:00:00+00:00', '--job-id', '174', '--raw', '--subdir', 'DAGS_FOLDER/first_dag.py', '--cfg-path', '/tmp/tmpjz7avbv1']
[2023-05-25T06:50:32.547+0000] {standard_task_runner.py:85} INFO - Job 174: Subtask get_age
[2023-05-25T06:50:32.814+0000] {task_command.py:410} INFO - Running <TaskInstance: dag_with_taskflow_api_v02.get_age scheduled__2021-12-24T00:00:00+00:00 [running]> on host 6bd07c7477d9
[2023-05-25T06:50:33.751+0000] {taskinstance.py:1547} INFO - Exporting env vars: AIRFLOW_CTX_DAG_OWNER='Sai' AIRFLOW_CTX_DAG_ID='dag_with_taskflow_api_v02' AIRFLOW_CTX_TASK_ID='get_age' AIRFLOW_CTX_EXECUTION_DATE='2021-12-24T00:00:00+00:00' AIRFLOW_CTX_TRY_NUMBER='1' AIRFLOW_CTX_DAG_RUN_ID='scheduled__2021-12-24T00:00:00+00:00'
[2023-05-25T06:50:33.752+0000] {python.py:183} INFO - Done. Returned value was: 19
[2023-05-25T06:50:33.882+0000] {taskinstance.py:1350} INFO - Marking task as SUCCESS. dag_id=dag_with_taskflow_api_v02, task_id=get_age, execution_date=20211224T000000, start_date=20230525T065032, end_date=20230525T065033
[2023-05-25T06:50:33.952+0000] {local_task_job_runner.py:225} INFO - Task exited with return code 0
[2023-05-25T06:50:34.122+0000] {taskinstance.py:2651} INFO - 0 downstream tasks scheduled from follow-on schedule check
[2023-05-25T10:20:55.694+0000] {taskinstance.py:1103} INFO - Dependencies all met for dep_context=non-requeueable deps ti=<TaskInstance: dag_with_taskflow_api_v02.get_age scheduled__2021-12-24T00:00:00+00:00 [queued]>
[2023-05-25T10:20:55.743+0000] {taskinstance.py:1103} INFO - Dependencies all met for dep_context=requeueable deps ti=<TaskInstance: dag_with_taskflow_api_v02.get_age scheduled__2021-12-24T00:00:00+00:00 [queued]>
[2023-05-25T10:20:55.744+0000] {taskinstance.py:1308} INFO - Starting attempt 1 of 6
[2023-05-25T10:20:55.817+0000] {taskinstance.py:1327} INFO - Executing <Task(_PythonDecoratedOperator): get_age> on 2021-12-24 00:00:00+00:00
[2023-05-25T10:20:55.828+0000] {standard_task_runner.py:57} INFO - Started process 1651 to run task
[2023-05-25T10:20:55.855+0000] {standard_task_runner.py:84} INFO - Running: ['***', 'tasks', 'run', 'dag_with_taskflow_api_v02', 'get_age', 'scheduled__2021-12-24T00:00:00+00:00', '--job-id', '174', '--raw', '--subdir', 'DAGS_FOLDER/first_dag.py', '--cfg-path', '/tmp/tmppjv61moi']
[2023-05-25T10:20:55.858+0000] {standard_task_runner.py:85} INFO - Job 174: Subtask get_age
[2023-05-25T10:20:56.358+0000] {task_command.py:410} INFO - Running <TaskInstance: dag_with_taskflow_api_v02.get_age scheduled__2021-12-24T00:00:00+00:00 [running]> on host b1ae37a9584e
[2023-05-25T10:20:58.125+0000] {taskinstance.py:1547} INFO - Exporting env vars: AIRFLOW_CTX_DAG_OWNER='Sai' AIRFLOW_CTX_DAG_ID='dag_with_taskflow_api_v02' AIRFLOW_CTX_TASK_ID='get_age' AIRFLOW_CTX_EXECUTION_DATE='2021-12-24T00:00:00+00:00' AIRFLOW_CTX_TRY_NUMBER='1' AIRFLOW_CTX_DAG_RUN_ID='scheduled__2021-12-24T00:00:00+00:00'
[2023-05-25T10:20:58.129+0000] {python.py:183} INFO - Done. Returned value was: 19
[2023-05-25T10:20:58.295+0000] {taskinstance.py:1350} INFO - Marking task as SUCCESS. dag_id=dag_with_taskflow_api_v02, task_id=get_age, execution_date=20211224T000000, start_date=20230525T102055, end_date=20230525T102058
[2023-05-25T10:20:58.429+0000] {local_task_job_runner.py:225} INFO - Task exited with return code 0
[2023-05-25T10:20:58.660+0000] {taskinstance.py:2651} INFO - 1 downstream tasks scheduled from follow-on schedule check
