[2023-05-24T15:25:38.302+0000] {taskinstance.py:1103} INFO - Dependencies all met for dep_context=non-requeueable deps ti=<TaskInstance: dag_with_taskflow_api_v02.get_age scheduled__2022-09-30T00:00:00+00:00 [queued]>
[2023-05-24T15:25:38.321+0000] {taskinstance.py:1103} INFO - Dependencies all met for dep_context=requeueable deps ti=<TaskInstance: dag_with_taskflow_api_v02.get_age scheduled__2022-09-30T00:00:00+00:00 [queued]>
[2023-05-24T15:25:38.322+0000] {taskinstance.py:1308} INFO - Starting attempt 1 of 6
[2023-05-24T15:25:38.366+0000] {taskinstance.py:1327} INFO - Executing <Task(_PythonDecoratedOperator): get_age> on 2022-09-30 00:00:00+00:00
[2023-05-24T15:25:38.375+0000] {standard_task_runner.py:57} INFO - Started process 2470 to run task
[2023-05-24T15:25:38.391+0000] {standard_task_runner.py:84} INFO - Running: ['***', 'tasks', 'run', 'dag_with_taskflow_api_v02', 'get_age', 'scheduled__2022-09-30T00:00:00+00:00', '--job-id', '1016', '--raw', '--subdir', 'DAGS_FOLDER/first_dag.py', '--cfg-path', '/tmp/tmptwuvet_6']
[2023-05-24T15:25:38.394+0000] {standard_task_runner.py:85} INFO - Job 1016: Subtask get_age
[2023-05-24T15:25:38.751+0000] {task_command.py:410} INFO - Running <TaskInstance: dag_with_taskflow_api_v02.get_age scheduled__2022-09-30T00:00:00+00:00 [running]> on host 942de29f183d
[2023-05-24T15:25:39.408+0000] {taskinstance.py:1547} INFO - Exporting env vars: AIRFLOW_CTX_DAG_OWNER='Sai' AIRFLOW_CTX_DAG_ID='dag_with_taskflow_api_v02' AIRFLOW_CTX_TASK_ID='get_age' AIRFLOW_CTX_EXECUTION_DATE='2022-09-30T00:00:00+00:00' AIRFLOW_CTX_TRY_NUMBER='1' AIRFLOW_CTX_DAG_RUN_ID='scheduled__2022-09-30T00:00:00+00:00'
[2023-05-24T15:25:39.409+0000] {python.py:183} INFO - Done. Returned value was: 19
[2023-05-24T15:25:39.561+0000] {taskinstance.py:1350} INFO - Marking task as SUCCESS. dag_id=dag_with_taskflow_api_v02, task_id=get_age, execution_date=20220930T000000, start_date=20230524T152538, end_date=20230524T152539
[2023-05-24T15:25:39.626+0000] {local_task_job_runner.py:225} INFO - Task exited with return code 0
[2023-05-24T15:25:39.751+0000] {taskinstance.py:2651} INFO - 0 downstream tasks scheduled from follow-on schedule check
[2023-05-25T06:58:11.475+0000] {taskinstance.py:1103} INFO - Dependencies all met for dep_context=non-requeueable deps ti=<TaskInstance: dag_with_taskflow_api_v02.get_age scheduled__2022-09-30T00:00:00+00:00 [queued]>
[2023-05-25T06:58:11.523+0000] {taskinstance.py:1103} INFO - Dependencies all met for dep_context=requeueable deps ti=<TaskInstance: dag_with_taskflow_api_v02.get_age scheduled__2022-09-30T00:00:00+00:00 [queued]>
[2023-05-25T06:58:11.523+0000] {taskinstance.py:1308} INFO - Starting attempt 1 of 6
[2023-05-25T06:58:11.667+0000] {taskinstance.py:1327} INFO - Executing <Task(_PythonDecoratedOperator): get_age> on 2022-09-30 00:00:00+00:00
[2023-05-25T06:58:11.694+0000] {standard_task_runner.py:57} INFO - Started process 3982 to run task
[2023-05-25T06:58:11.726+0000] {standard_task_runner.py:84} INFO - Running: ['***', 'tasks', 'run', 'dag_with_taskflow_api_v02', 'get_age', 'scheduled__2022-09-30T00:00:00+00:00', '--job-id', '1016', '--raw', '--subdir', 'DAGS_FOLDER/first_dag.py', '--cfg-path', '/tmp/tmp3b8dtswe']
[2023-05-25T06:58:11.738+0000] {standard_task_runner.py:85} INFO - Job 1016: Subtask get_age
[2023-05-25T06:58:11.986+0000] {task_command.py:410} INFO - Running <TaskInstance: dag_with_taskflow_api_v02.get_age scheduled__2022-09-30T00:00:00+00:00 [running]> on host 6bd07c7477d9
[2023-05-25T06:58:12.666+0000] {taskinstance.py:1547} INFO - Exporting env vars: AIRFLOW_CTX_DAG_OWNER='Sai' AIRFLOW_CTX_DAG_ID='dag_with_taskflow_api_v02' AIRFLOW_CTX_TASK_ID='get_age' AIRFLOW_CTX_EXECUTION_DATE='2022-09-30T00:00:00+00:00' AIRFLOW_CTX_TRY_NUMBER='1' AIRFLOW_CTX_DAG_RUN_ID='scheduled__2022-09-30T00:00:00+00:00'
[2023-05-25T06:58:12.667+0000] {python.py:183} INFO - Done. Returned value was: 19
[2023-05-25T06:58:12.808+0000] {taskinstance.py:1350} INFO - Marking task as SUCCESS. dag_id=dag_with_taskflow_api_v02, task_id=get_age, execution_date=20220930T000000, start_date=20230525T065811, end_date=20230525T065812
[2023-05-25T06:58:13.034+0000] {local_task_job_runner.py:225} INFO - Task exited with return code 0
[2023-05-25T06:58:13.302+0000] {taskinstance.py:2651} INFO - 0 downstream tasks scheduled from follow-on schedule check
[2023-05-25T10:31:45.168+0000] {taskinstance.py:1103} INFO - Dependencies all met for dep_context=non-requeueable deps ti=<TaskInstance: dag_with_taskflow_api_v02.get_age scheduled__2022-09-30T00:00:00+00:00 [queued]>
[2023-05-25T10:31:45.208+0000] {taskinstance.py:1103} INFO - Dependencies all met for dep_context=requeueable deps ti=<TaskInstance: dag_with_taskflow_api_v02.get_age scheduled__2022-09-30T00:00:00+00:00 [queued]>
[2023-05-25T10:31:45.209+0000] {taskinstance.py:1308} INFO - Starting attempt 1 of 6
[2023-05-25T10:31:45.315+0000] {taskinstance.py:1327} INFO - Executing <Task(_PythonDecoratedOperator): get_age> on 2022-09-30 00:00:00+00:00
[2023-05-25T10:31:45.322+0000] {standard_task_runner.py:57} INFO - Started process 3621 to run task
[2023-05-25T10:31:45.349+0000] {standard_task_runner.py:84} INFO - Running: ['***', 'tasks', 'run', 'dag_with_taskflow_api_v02', 'get_age', 'scheduled__2022-09-30T00:00:00+00:00', '--job-id', '1034', '--raw', '--subdir', 'DAGS_FOLDER/first_dag.py', '--cfg-path', '/tmp/tmp1v90llj8']
[2023-05-25T10:31:45.354+0000] {standard_task_runner.py:85} INFO - Job 1034: Subtask get_age
[2023-05-25T10:31:45.668+0000] {task_command.py:410} INFO - Running <TaskInstance: dag_with_taskflow_api_v02.get_age scheduled__2022-09-30T00:00:00+00:00 [running]> on host b1ae37a9584e
[2023-05-25T10:31:46.179+0000] {taskinstance.py:1547} INFO - Exporting env vars: AIRFLOW_CTX_DAG_OWNER='Sai' AIRFLOW_CTX_DAG_ID='dag_with_taskflow_api_v02' AIRFLOW_CTX_TASK_ID='get_age' AIRFLOW_CTX_EXECUTION_DATE='2022-09-30T00:00:00+00:00' AIRFLOW_CTX_TRY_NUMBER='1' AIRFLOW_CTX_DAG_RUN_ID='scheduled__2022-09-30T00:00:00+00:00'
[2023-05-25T10:31:46.180+0000] {python.py:183} INFO - Done. Returned value was: 19
[2023-05-25T10:31:46.279+0000] {taskinstance.py:1350} INFO - Marking task as SUCCESS. dag_id=dag_with_taskflow_api_v02, task_id=get_age, execution_date=20220930T000000, start_date=20230525T103145, end_date=20230525T103146
[2023-05-25T10:31:46.371+0000] {local_task_job_runner.py:225} INFO - Task exited with return code 0
[2023-05-25T10:31:46.948+0000] {taskinstance.py:2651} INFO - 0 downstream tasks scheduled from follow-on schedule check
