[2023-05-24T15:24:56.385+0000] {taskinstance.py:1103} INFO - Dependencies all met for dep_context=non-requeueable deps ti=<TaskInstance: dag_with_taskflow_api_v02.greet scheduled__2022-09-02T00:00:00+00:00 [queued]>
[2023-05-24T15:24:56.419+0000] {taskinstance.py:1103} INFO - Dependencies all met for dep_context=requeueable deps ti=<TaskInstance: dag_with_taskflow_api_v02.greet scheduled__2022-09-02T00:00:00+00:00 [queued]>
[2023-05-24T15:24:56.421+0000] {taskinstance.py:1308} INFO - Starting attempt 1 of 6
[2023-05-24T15:24:56.488+0000] {taskinstance.py:1327} INFO - Executing <Task(_PythonDecoratedOperator): greet> on 2022-09-02 00:00:00+00:00
[2023-05-24T15:24:56.495+0000] {standard_task_runner.py:57} INFO - Started process 2303 to run task
[2023-05-24T15:24:56.521+0000] {standard_task_runner.py:84} INFO - Running: ['***', 'tasks', 'run', 'dag_with_taskflow_api_v02', 'greet', 'scheduled__2022-09-02T00:00:00+00:00', '--job-id', '945', '--raw', '--subdir', 'DAGS_FOLDER/first_dag.py', '--cfg-path', '/tmp/tmpjxu8x16l']
[2023-05-24T15:24:56.524+0000] {standard_task_runner.py:85} INFO - Job 945: Subtask greet
[2023-05-24T15:24:56.680+0000] {task_command.py:410} INFO - Running <TaskInstance: dag_with_taskflow_api_v02.greet scheduled__2022-09-02T00:00:00+00:00 [running]> on host 942de29f183d
[2023-05-24T15:24:56.963+0000] {taskinstance.py:1547} INFO - Exporting env vars: AIRFLOW_CTX_DAG_OWNER='Sai' AIRFLOW_CTX_DAG_ID='dag_with_taskflow_api_v02' AIRFLOW_CTX_TASK_ID='greet' AIRFLOW_CTX_EXECUTION_DATE='2022-09-02T00:00:00+00:00' AIRFLOW_CTX_TRY_NUMBER='1' AIRFLOW_CTX_DAG_RUN_ID='scheduled__2022-09-02T00:00:00+00:00'
[2023-05-24T15:24:56.965+0000] {logging_mixin.py:149} INFO - Hello World! My name is Sai Tr and I am 19 years old!
[2023-05-24T15:24:56.965+0000] {python.py:183} INFO - Done. Returned value was: None
[2023-05-24T15:24:56.982+0000] {taskinstance.py:1350} INFO - Marking task as SUCCESS. dag_id=dag_with_taskflow_api_v02, task_id=greet, execution_date=20220902T000000, start_date=20230524T152456, end_date=20230524T152456
[2023-05-24T15:24:57.022+0000] {local_task_job_runner.py:225} INFO - Task exited with return code 0
[2023-05-24T15:24:57.050+0000] {taskinstance.py:2651} INFO - 0 downstream tasks scheduled from follow-on schedule check
[2023-05-25T06:57:31.870+0000] {taskinstance.py:1103} INFO - Dependencies all met for dep_context=non-requeueable deps ti=<TaskInstance: dag_with_taskflow_api_v02.greet scheduled__2022-09-02T00:00:00+00:00 [queued]>
[2023-05-25T06:57:31.885+0000] {taskinstance.py:1103} INFO - Dependencies all met for dep_context=requeueable deps ti=<TaskInstance: dag_with_taskflow_api_v02.greet scheduled__2022-09-02T00:00:00+00:00 [queued]>
[2023-05-25T06:57:31.885+0000] {taskinstance.py:1308} INFO - Starting attempt 1 of 6
[2023-05-25T06:57:31.910+0000] {taskinstance.py:1327} INFO - Executing <Task(_PythonDecoratedOperator): greet> on 2022-09-02 00:00:00+00:00
[2023-05-25T06:57:31.917+0000] {standard_task_runner.py:57} INFO - Started process 3816 to run task
[2023-05-25T06:57:31.921+0000] {standard_task_runner.py:84} INFO - Running: ['***', 'tasks', 'run', 'dag_with_taskflow_api_v02', 'greet', 'scheduled__2022-09-02T00:00:00+00:00', '--job-id', '943', '--raw', '--subdir', 'DAGS_FOLDER/first_dag.py', '--cfg-path', '/tmp/tmpbg6ev5yo']
[2023-05-25T06:57:31.923+0000] {standard_task_runner.py:85} INFO - Job 943: Subtask greet
[2023-05-25T06:57:31.994+0000] {task_command.py:410} INFO - Running <TaskInstance: dag_with_taskflow_api_v02.greet scheduled__2022-09-02T00:00:00+00:00 [running]> on host 6bd07c7477d9
[2023-05-25T06:57:32.195+0000] {taskinstance.py:1547} INFO - Exporting env vars: AIRFLOW_CTX_DAG_OWNER='Sai' AIRFLOW_CTX_DAG_ID='dag_with_taskflow_api_v02' AIRFLOW_CTX_TASK_ID='greet' AIRFLOW_CTX_EXECUTION_DATE='2022-09-02T00:00:00+00:00' AIRFLOW_CTX_TRY_NUMBER='1' AIRFLOW_CTX_DAG_RUN_ID='scheduled__2022-09-02T00:00:00+00:00'
[2023-05-25T06:57:32.197+0000] {logging_mixin.py:149} INFO - Hello World! My name is Sai Tr and I am 19 years old!
[2023-05-25T06:57:32.197+0000] {python.py:183} INFO - Done. Returned value was: None
[2023-05-25T06:57:32.211+0000] {taskinstance.py:1350} INFO - Marking task as SUCCESS. dag_id=dag_with_taskflow_api_v02, task_id=greet, execution_date=20220902T000000, start_date=20230525T065731, end_date=20230525T065732
[2023-05-25T06:57:32.253+0000] {local_task_job_runner.py:225} INFO - Task exited with return code 0
[2023-05-25T06:57:32.352+0000] {taskinstance.py:2651} INFO - 0 downstream tasks scheduled from follow-on schedule check
[2023-05-25T10:30:52.380+0000] {taskinstance.py:1103} INFO - Dependencies all met for dep_context=non-requeueable deps ti=<TaskInstance: dag_with_taskflow_api_v02.greet scheduled__2022-09-02T00:00:00+00:00 [queued]>
[2023-05-25T10:30:52.400+0000] {taskinstance.py:1103} INFO - Dependencies all met for dep_context=requeueable deps ti=<TaskInstance: dag_with_taskflow_api_v02.greet scheduled__2022-09-02T00:00:00+00:00 [queued]>
[2023-05-25T10:30:52.400+0000] {taskinstance.py:1308} INFO - Starting attempt 1 of 6
[2023-05-25T10:30:52.433+0000] {taskinstance.py:1327} INFO - Executing <Task(_PythonDecoratedOperator): greet> on 2022-09-02 00:00:00+00:00
[2023-05-25T10:30:52.443+0000] {standard_task_runner.py:57} INFO - Started process 3434 to run task
[2023-05-25T10:30:52.449+0000] {standard_task_runner.py:84} INFO - Running: ['***', 'tasks', 'run', 'dag_with_taskflow_api_v02', 'greet', 'scheduled__2022-09-02T00:00:00+00:00', '--job-id', '954', '--raw', '--subdir', 'DAGS_FOLDER/first_dag.py', '--cfg-path', '/tmp/tmpn_dzsj42']
[2023-05-25T10:30:52.451+0000] {standard_task_runner.py:85} INFO - Job 954: Subtask greet
[2023-05-25T10:30:52.540+0000] {task_command.py:410} INFO - Running <TaskInstance: dag_with_taskflow_api_v02.greet scheduled__2022-09-02T00:00:00+00:00 [running]> on host b1ae37a9584e
[2023-05-25T10:30:52.709+0000] {taskinstance.py:1547} INFO - Exporting env vars: AIRFLOW_CTX_DAG_OWNER='Sai' AIRFLOW_CTX_DAG_ID='dag_with_taskflow_api_v02' AIRFLOW_CTX_TASK_ID='greet' AIRFLOW_CTX_EXECUTION_DATE='2022-09-02T00:00:00+00:00' AIRFLOW_CTX_TRY_NUMBER='1' AIRFLOW_CTX_DAG_RUN_ID='scheduled__2022-09-02T00:00:00+00:00'
[2023-05-25T10:30:52.711+0000] {logging_mixin.py:149} INFO - Hello World! My name is Sai Tr and I am 19 years old!
[2023-05-25T10:30:52.711+0000] {python.py:183} INFO - Done. Returned value was: None
[2023-05-25T10:30:52.727+0000] {taskinstance.py:1350} INFO - Marking task as SUCCESS. dag_id=dag_with_taskflow_api_v02, task_id=greet, execution_date=20220902T000000, start_date=20230525T103052, end_date=20230525T103052
[2023-05-25T10:30:52.782+0000] {local_task_job_runner.py:225} INFO - Task exited with return code 0
[2023-05-25T10:30:52.810+0000] {taskinstance.py:2651} INFO - 0 downstream tasks scheduled from follow-on schedule check
