[2023-05-24T15:29:33.899+0000] {taskinstance.py:1103} INFO - Dependencies all met for dep_context=non-requeueable deps ti=<TaskInstance: dag_with_taskflow_api_v02.greet scheduled__2023-02-12T00:00:00+00:00 [queued]>
[2023-05-24T15:29:34.031+0000] {taskinstance.py:1103} INFO - Dependencies all met for dep_context=requeueable deps ti=<TaskInstance: dag_with_taskflow_api_v02.greet scheduled__2023-02-12T00:00:00+00:00 [queued]>
[2023-05-24T15:29:34.032+0000] {taskinstance.py:1308} INFO - Starting attempt 1 of 6
[2023-05-24T15:29:34.736+0000] {taskinstance.py:1327} INFO - Executing <Task(_PythonDecoratedOperator): greet> on 2023-02-12 00:00:00+00:00
[2023-05-24T15:29:34.758+0000] {standard_task_runner.py:57} INFO - Started process 3421 to run task
[2023-05-24T15:29:34.775+0000] {standard_task_runner.py:84} INFO - Running: ['***', 'tasks', 'run', 'dag_with_taskflow_api_v02', 'greet', 'scheduled__2023-02-12T00:00:00+00:00', '--job-id', '1446', '--raw', '--subdir', 'DAGS_FOLDER/first_dag.py', '--cfg-path', '/tmp/tmpc8ybzzdb']
[2023-05-24T15:29:34.816+0000] {standard_task_runner.py:85} INFO - Job 1446: Subtask greet
[2023-05-24T15:29:35.286+0000] {task_command.py:410} INFO - Running <TaskInstance: dag_with_taskflow_api_v02.greet scheduled__2023-02-12T00:00:00+00:00 [running]> on host 942de29f183d
[2023-05-24T15:29:36.317+0000] {taskinstance.py:1547} INFO - Exporting env vars: AIRFLOW_CTX_DAG_OWNER='Sai' AIRFLOW_CTX_DAG_ID='dag_with_taskflow_api_v02' AIRFLOW_CTX_TASK_ID='greet' AIRFLOW_CTX_EXECUTION_DATE='2023-02-12T00:00:00+00:00' AIRFLOW_CTX_TRY_NUMBER='1' AIRFLOW_CTX_DAG_RUN_ID='scheduled__2023-02-12T00:00:00+00:00'
[2023-05-24T15:29:36.319+0000] {logging_mixin.py:149} INFO - Hello World! My name is Sai Tr and I am 19 years old!
[2023-05-24T15:29:36.320+0000] {python.py:183} INFO - Done. Returned value was: None
[2023-05-24T15:29:36.412+0000] {taskinstance.py:1350} INFO - Marking task as SUCCESS. dag_id=dag_with_taskflow_api_v02, task_id=greet, execution_date=20230212T000000, start_date=20230524T152933, end_date=20230524T152936
[2023-05-24T15:29:36.595+0000] {local_task_job_runner.py:225} INFO - Task exited with return code 0
[2023-05-24T15:29:36.741+0000] {taskinstance.py:2651} INFO - 0 downstream tasks scheduled from follow-on schedule check
[2023-05-25T07:01:59.282+0000] {taskinstance.py:1103} INFO - Dependencies all met for dep_context=non-requeueable deps ti=<TaskInstance: dag_with_taskflow_api_v02.greet scheduled__2023-02-12T00:00:00+00:00 [queued]>
[2023-05-25T07:01:59.313+0000] {taskinstance.py:1103} INFO - Dependencies all met for dep_context=requeueable deps ti=<TaskInstance: dag_with_taskflow_api_v02.greet scheduled__2023-02-12T00:00:00+00:00 [queued]>
[2023-05-25T07:01:59.314+0000] {taskinstance.py:1308} INFO - Starting attempt 1 of 6
[2023-05-25T07:01:59.352+0000] {taskinstance.py:1327} INFO - Executing <Task(_PythonDecoratedOperator): greet> on 2023-02-12 00:00:00+00:00
[2023-05-25T07:01:59.364+0000] {standard_task_runner.py:57} INFO - Started process 4906 to run task
[2023-05-25T07:01:59.374+0000] {standard_task_runner.py:84} INFO - Running: ['***', 'tasks', 'run', 'dag_with_taskflow_api_v02', 'greet', 'scheduled__2023-02-12T00:00:00+00:00', '--job-id', '1434', '--raw', '--subdir', 'DAGS_FOLDER/first_dag.py', '--cfg-path', '/tmp/tmpe7i4n922']
[2023-05-25T07:01:59.376+0000] {standard_task_runner.py:85} INFO - Job 1434: Subtask greet
[2023-05-25T07:01:59.498+0000] {task_command.py:410} INFO - Running <TaskInstance: dag_with_taskflow_api_v02.greet scheduled__2023-02-12T00:00:00+00:00 [running]> on host 6bd07c7477d9
[2023-05-25T07:01:59.863+0000] {taskinstance.py:1547} INFO - Exporting env vars: AIRFLOW_CTX_DAG_OWNER='Sai' AIRFLOW_CTX_DAG_ID='dag_with_taskflow_api_v02' AIRFLOW_CTX_TASK_ID='greet' AIRFLOW_CTX_EXECUTION_DATE='2023-02-12T00:00:00+00:00' AIRFLOW_CTX_TRY_NUMBER='1' AIRFLOW_CTX_DAG_RUN_ID='scheduled__2023-02-12T00:00:00+00:00'
[2023-05-25T07:01:59.864+0000] {logging_mixin.py:149} INFO - Hello World! My name is Sai Tr and I am 19 years old!
[2023-05-25T07:01:59.864+0000] {python.py:183} INFO - Done. Returned value was: None
[2023-05-25T07:01:59.894+0000] {taskinstance.py:1350} INFO - Marking task as SUCCESS. dag_id=dag_with_taskflow_api_v02, task_id=greet, execution_date=20230212T000000, start_date=20230525T070159, end_date=20230525T070159
[2023-05-25T07:01:59.985+0000] {local_task_job_runner.py:225} INFO - Task exited with return code 0
[2023-05-25T07:02:00.069+0000] {taskinstance.py:2651} INFO - 0 downstream tasks scheduled from follow-on schedule check
[2023-05-25T10:36:22.042+0000] {taskinstance.py:1103} INFO - Dependencies all met for dep_context=non-requeueable deps ti=<TaskInstance: dag_with_taskflow_api_v02.greet scheduled__2023-02-12T00:00:00+00:00 [queued]>
[2023-05-25T10:36:22.106+0000] {taskinstance.py:1103} INFO - Dependencies all met for dep_context=requeueable deps ti=<TaskInstance: dag_with_taskflow_api_v02.greet scheduled__2023-02-12T00:00:00+00:00 [queued]>
[2023-05-25T10:36:22.106+0000] {taskinstance.py:1308} INFO - Starting attempt 1 of 6
[2023-05-25T10:36:22.332+0000] {taskinstance.py:1327} INFO - Executing <Task(_PythonDecoratedOperator): greet> on 2023-02-12 00:00:00+00:00
[2023-05-25T10:36:22.369+0000] {standard_task_runner.py:57} INFO - Started process 4562 to run task
[2023-05-25T10:36:22.410+0000] {standard_task_runner.py:84} INFO - Running: ['***', 'tasks', 'run', 'dag_with_taskflow_api_v02', 'greet', 'scheduled__2023-02-12T00:00:00+00:00', '--job-id', '1451', '--raw', '--subdir', 'DAGS_FOLDER/first_dag.py', '--cfg-path', '/tmp/tmpusyatm9n']
[2023-05-25T10:36:22.427+0000] {standard_task_runner.py:85} INFO - Job 1451: Subtask greet
[2023-05-25T10:36:22.792+0000] {task_command.py:410} INFO - Running <TaskInstance: dag_with_taskflow_api_v02.greet scheduled__2023-02-12T00:00:00+00:00 [running]> on host b1ae37a9584e
[2023-05-25T10:36:23.388+0000] {taskinstance.py:1547} INFO - Exporting env vars: AIRFLOW_CTX_DAG_OWNER='Sai' AIRFLOW_CTX_DAG_ID='dag_with_taskflow_api_v02' AIRFLOW_CTX_TASK_ID='greet' AIRFLOW_CTX_EXECUTION_DATE='2023-02-12T00:00:00+00:00' AIRFLOW_CTX_TRY_NUMBER='1' AIRFLOW_CTX_DAG_RUN_ID='scheduled__2023-02-12T00:00:00+00:00'
[2023-05-25T10:36:23.389+0000] {logging_mixin.py:149} INFO - Hello World! My name is Sai Tr and I am 19 years old!
[2023-05-25T10:36:23.390+0000] {python.py:183} INFO - Done. Returned value was: None
[2023-05-25T10:36:23.414+0000] {taskinstance.py:1350} INFO - Marking task as SUCCESS. dag_id=dag_with_taskflow_api_v02, task_id=greet, execution_date=20230212T000000, start_date=20230525T103622, end_date=20230525T103623
[2023-05-25T10:36:23.465+0000] {local_task_job_runner.py:225} INFO - Task exited with return code 0
[2023-05-25T10:36:23.575+0000] {taskinstance.py:2651} INFO - 0 downstream tasks scheduled from follow-on schedule check
