[2023-05-24T15:24:20.158+0000] {taskinstance.py:1103} INFO - Dependencies all met for dep_context=non-requeueable deps ti=<TaskInstance: dag_with_taskflow_api_v02.get_name scheduled__2022-08-15T00:00:00+00:00 [queued]>
[2023-05-24T15:24:20.257+0000] {taskinstance.py:1103} INFO - Dependencies all met for dep_context=requeueable deps ti=<TaskInstance: dag_with_taskflow_api_v02.get_name scheduled__2022-08-15T00:00:00+00:00 [queued]>
[2023-05-24T15:24:20.266+0000] {taskinstance.py:1308} INFO - Starting attempt 1 of 6
[2023-05-24T15:24:20.420+0000] {taskinstance.py:1327} INFO - Executing <Task(_PythonDecoratedOperator): get_name> on 2022-08-15 00:00:00+00:00
[2023-05-24T15:24:20.443+0000] {standard_task_runner.py:57} INFO - Started process 2162 to run task
[2023-05-24T15:24:20.471+0000] {standard_task_runner.py:84} INFO - Running: ['***', 'tasks', 'run', 'dag_with_taskflow_api_v02', 'get_name', 'scheduled__2022-08-15T00:00:00+00:00', '--job-id', '876', '--raw', '--subdir', 'DAGS_FOLDER/first_dag.py', '--cfg-path', '/tmp/tmp090xb6jh']
[2023-05-24T15:24:20.490+0000] {standard_task_runner.py:85} INFO - Job 876: Subtask get_name
[2023-05-24T15:24:20.753+0000] {task_command.py:410} INFO - Running <TaskInstance: dag_with_taskflow_api_v02.get_name scheduled__2022-08-15T00:00:00+00:00 [running]> on host 942de29f183d
[2023-05-24T15:24:21.428+0000] {taskinstance.py:1547} INFO - Exporting env vars: AIRFLOW_CTX_DAG_OWNER='Sai' AIRFLOW_CTX_DAG_ID='dag_with_taskflow_api_v02' AIRFLOW_CTX_TASK_ID='get_name' AIRFLOW_CTX_EXECUTION_DATE='2022-08-15T00:00:00+00:00' AIRFLOW_CTX_TRY_NUMBER='1' AIRFLOW_CTX_DAG_RUN_ID='scheduled__2022-08-15T00:00:00+00:00'
[2023-05-24T15:24:21.430+0000] {python.py:183} INFO - Done. Returned value was: {'first_name': 'Sai', 'last_name': 'Tr'}
[2023-05-24T15:24:21.738+0000] {taskinstance.py:1350} INFO - Marking task as SUCCESS. dag_id=dag_with_taskflow_api_v02, task_id=get_name, execution_date=20220815T000000, start_date=20230524T152420, end_date=20230524T152421
[2023-05-24T15:24:21.845+0000] {local_task_job_runner.py:225} INFO - Task exited with return code 0
[2023-05-24T15:24:22.226+0000] {taskinstance.py:2651} INFO - 0 downstream tasks scheduled from follow-on schedule check
[2023-05-25T06:56:56.181+0000] {taskinstance.py:1103} INFO - Dependencies all met for dep_context=non-requeueable deps ti=<TaskInstance: dag_with_taskflow_api_v02.get_name scheduled__2022-08-15T00:00:00+00:00 [queued]>
[2023-05-25T06:56:56.258+0000] {taskinstance.py:1103} INFO - Dependencies all met for dep_context=requeueable deps ti=<TaskInstance: dag_with_taskflow_api_v02.get_name scheduled__2022-08-15T00:00:00+00:00 [queued]>
[2023-05-25T06:56:56.259+0000] {taskinstance.py:1308} INFO - Starting attempt 1 of 6
[2023-05-25T06:56:56.503+0000] {taskinstance.py:1327} INFO - Executing <Task(_PythonDecoratedOperator): get_name> on 2022-08-15 00:00:00+00:00
[2023-05-25T06:56:56.524+0000] {standard_task_runner.py:57} INFO - Started process 3680 to run task
[2023-05-25T06:56:56.539+0000] {standard_task_runner.py:84} INFO - Running: ['***', 'tasks', 'run', 'dag_with_taskflow_api_v02', 'get_name', 'scheduled__2022-08-15T00:00:00+00:00', '--job-id', '878', '--raw', '--subdir', 'DAGS_FOLDER/first_dag.py', '--cfg-path', '/tmp/tmpfyqdf27n']
[2023-05-25T06:56:56.593+0000] {standard_task_runner.py:85} INFO - Job 878: Subtask get_name
[2023-05-25T06:56:57.078+0000] {task_command.py:410} INFO - Running <TaskInstance: dag_with_taskflow_api_v02.get_name scheduled__2022-08-15T00:00:00+00:00 [running]> on host 6bd07c7477d9
[2023-05-25T06:56:57.790+0000] {taskinstance.py:1547} INFO - Exporting env vars: AIRFLOW_CTX_DAG_OWNER='Sai' AIRFLOW_CTX_DAG_ID='dag_with_taskflow_api_v02' AIRFLOW_CTX_TASK_ID='get_name' AIRFLOW_CTX_EXECUTION_DATE='2022-08-15T00:00:00+00:00' AIRFLOW_CTX_TRY_NUMBER='1' AIRFLOW_CTX_DAG_RUN_ID='scheduled__2022-08-15T00:00:00+00:00'
[2023-05-25T06:56:57.791+0000] {python.py:183} INFO - Done. Returned value was: {'first_name': 'Sai', 'last_name': 'Tr'}
[2023-05-25T06:56:58.007+0000] {taskinstance.py:1350} INFO - Marking task as SUCCESS. dag_id=dag_with_taskflow_api_v02, task_id=get_name, execution_date=20220815T000000, start_date=20230525T065656, end_date=20230525T065658
[2023-05-25T06:56:58.308+0000] {local_task_job_runner.py:225} INFO - Task exited with return code 0
[2023-05-25T06:56:58.597+0000] {taskinstance.py:2651} INFO - 1 downstream tasks scheduled from follow-on schedule check
[2023-05-25T10:29:52.956+0000] {taskinstance.py:1103} INFO - Dependencies all met for dep_context=non-requeueable deps ti=<TaskInstance: dag_with_taskflow_api_v02.get_name scheduled__2022-08-15T00:00:00+00:00 [queued]>
[2023-05-25T10:29:53.190+0000] {taskinstance.py:1103} INFO - Dependencies all met for dep_context=requeueable deps ti=<TaskInstance: dag_with_taskflow_api_v02.get_name scheduled__2022-08-15T00:00:00+00:00 [queued]>
[2023-05-25T10:29:53.190+0000] {taskinstance.py:1308} INFO - Starting attempt 1 of 6
[2023-05-25T10:29:53.469+0000] {taskinstance.py:1327} INFO - Executing <Task(_PythonDecoratedOperator): get_name> on 2022-08-15 00:00:00+00:00
[2023-05-25T10:29:53.485+0000] {standard_task_runner.py:57} INFO - Started process 3299 to run task
[2023-05-25T10:29:53.560+0000] {standard_task_runner.py:84} INFO - Running: ['***', 'tasks', 'run', 'dag_with_taskflow_api_v02', 'get_name', 'scheduled__2022-08-15T00:00:00+00:00', '--job-id', '890', '--raw', '--subdir', 'DAGS_FOLDER/first_dag.py', '--cfg-path', '/tmp/tmp9imjbddd']
[2023-05-25T10:29:53.639+0000] {standard_task_runner.py:85} INFO - Job 890: Subtask get_name
[2023-05-25T10:29:54.504+0000] {task_command.py:410} INFO - Running <TaskInstance: dag_with_taskflow_api_v02.get_name scheduled__2022-08-15T00:00:00+00:00 [running]> on host b1ae37a9584e
[2023-05-25T10:29:55.899+0000] {taskinstance.py:1547} INFO - Exporting env vars: AIRFLOW_CTX_DAG_OWNER='Sai' AIRFLOW_CTX_DAG_ID='dag_with_taskflow_api_v02' AIRFLOW_CTX_TASK_ID='get_name' AIRFLOW_CTX_EXECUTION_DATE='2022-08-15T00:00:00+00:00' AIRFLOW_CTX_TRY_NUMBER='1' AIRFLOW_CTX_DAG_RUN_ID='scheduled__2022-08-15T00:00:00+00:00'
[2023-05-25T10:29:55.901+0000] {python.py:183} INFO - Done. Returned value was: {'first_name': 'Sai', 'last_name': 'Tr'}
[2023-05-25T10:29:56.417+0000] {taskinstance.py:1350} INFO - Marking task as SUCCESS. dag_id=dag_with_taskflow_api_v02, task_id=get_name, execution_date=20220815T000000, start_date=20230525T102952, end_date=20230525T102956
[2023-05-25T10:29:56.599+0000] {local_task_job_runner.py:225} INFO - Task exited with return code 0
[2023-05-25T10:29:56.968+0000] {taskinstance.py:2651} INFO - 0 downstream tasks scheduled from follow-on schedule check
