[2023-05-24T15:19:53.943+0000] {taskinstance.py:1103} INFO - Dependencies all met for dep_context=non-requeueable deps ti=<TaskInstance: dag_with_taskflow_api_v02.get_name scheduled__2022-03-29T00:00:00+00:00 [queued]>
[2023-05-24T15:19:54.020+0000] {taskinstance.py:1103} INFO - Dependencies all met for dep_context=requeueable deps ti=<TaskInstance: dag_with_taskflow_api_v02.get_name scheduled__2022-03-29T00:00:00+00:00 [queued]>
[2023-05-24T15:19:54.024+0000] {taskinstance.py:1308} INFO - Starting attempt 1 of 6
[2023-05-24T15:19:54.753+0000] {taskinstance.py:1327} INFO - Executing <Task(_PythonDecoratedOperator): get_name> on 2022-03-29 00:00:00+00:00
[2023-05-24T15:19:54.783+0000] {standard_task_runner.py:57} INFO - Started process 1226 to run task
[2023-05-24T15:19:54.843+0000] {standard_task_runner.py:84} INFO - Running: ['***', 'tasks', 'run', 'dag_with_taskflow_api_v02', 'get_name', 'scheduled__2022-03-29T00:00:00+00:00', '--job-id', '462', '--raw', '--subdir', 'DAGS_FOLDER/first_dag.py', '--cfg-path', '/tmp/tmpv6pmn3lq']
[2023-05-24T15:19:54.867+0000] {standard_task_runner.py:85} INFO - Job 462: Subtask get_name
[2023-05-24T15:19:55.148+0000] {task_command.py:410} INFO - Running <TaskInstance: dag_with_taskflow_api_v02.get_name scheduled__2022-03-29T00:00:00+00:00 [running]> on host 942de29f183d
[2023-05-24T15:19:55.833+0000] {taskinstance.py:1547} INFO - Exporting env vars: AIRFLOW_CTX_DAG_OWNER='Sai' AIRFLOW_CTX_DAG_ID='dag_with_taskflow_api_v02' AIRFLOW_CTX_TASK_ID='get_name' AIRFLOW_CTX_EXECUTION_DATE='2022-03-29T00:00:00+00:00' AIRFLOW_CTX_TRY_NUMBER='1' AIRFLOW_CTX_DAG_RUN_ID='scheduled__2022-03-29T00:00:00+00:00'
[2023-05-24T15:19:55.835+0000] {python.py:183} INFO - Done. Returned value was: {'first_name': 'Sai', 'last_name': 'Tr'}
[2023-05-24T15:19:56.048+0000] {taskinstance.py:1350} INFO - Marking task as SUCCESS. dag_id=dag_with_taskflow_api_v02, task_id=get_name, execution_date=20220329T000000, start_date=20230524T151953, end_date=20230524T151956
[2023-05-24T15:19:56.252+0000] {local_task_job_runner.py:225} INFO - Task exited with return code 0
[2023-05-24T15:19:56.435+0000] {taskinstance.py:2651} INFO - 1 downstream tasks scheduled from follow-on schedule check
[2023-05-25T06:53:11.515+0000] {taskinstance.py:1103} INFO - Dependencies all met for dep_context=non-requeueable deps ti=<TaskInstance: dag_with_taskflow_api_v02.get_name scheduled__2022-03-29T00:00:00+00:00 [queued]>
[2023-05-25T06:53:11.617+0000] {taskinstance.py:1103} INFO - Dependencies all met for dep_context=requeueable deps ti=<TaskInstance: dag_with_taskflow_api_v02.get_name scheduled__2022-03-29T00:00:00+00:00 [queued]>
[2023-05-25T06:53:11.617+0000] {taskinstance.py:1308} INFO - Starting attempt 1 of 6
[2023-05-25T06:53:11.798+0000] {taskinstance.py:1327} INFO - Executing <Task(_PythonDecoratedOperator): get_name> on 2022-03-29 00:00:00+00:00
[2023-05-25T06:53:11.849+0000] {standard_task_runner.py:57} INFO - Started process 2769 to run task
[2023-05-25T06:53:11.895+0000] {standard_task_runner.py:84} INFO - Running: ['***', 'tasks', 'run', 'dag_with_taskflow_api_v02', 'get_name', 'scheduled__2022-03-29T00:00:00+00:00', '--job-id', '462', '--raw', '--subdir', 'DAGS_FOLDER/first_dag.py', '--cfg-path', '/tmp/tmp1jnh6i6i']
[2023-05-25T06:53:11.921+0000] {standard_task_runner.py:85} INFO - Job 462: Subtask get_name
[2023-05-25T06:53:12.365+0000] {task_command.py:410} INFO - Running <TaskInstance: dag_with_taskflow_api_v02.get_name scheduled__2022-03-29T00:00:00+00:00 [running]> on host 6bd07c7477d9
[2023-05-25T06:53:13.071+0000] {taskinstance.py:1547} INFO - Exporting env vars: AIRFLOW_CTX_DAG_OWNER='Sai' AIRFLOW_CTX_DAG_ID='dag_with_taskflow_api_v02' AIRFLOW_CTX_TASK_ID='get_name' AIRFLOW_CTX_EXECUTION_DATE='2022-03-29T00:00:00+00:00' AIRFLOW_CTX_TRY_NUMBER='1' AIRFLOW_CTX_DAG_RUN_ID='scheduled__2022-03-29T00:00:00+00:00'
[2023-05-25T06:53:13.085+0000] {python.py:183} INFO - Done. Returned value was: {'first_name': 'Sai', 'last_name': 'Tr'}
[2023-05-25T06:53:13.383+0000] {taskinstance.py:1350} INFO - Marking task as SUCCESS. dag_id=dag_with_taskflow_api_v02, task_id=get_name, execution_date=20220329T000000, start_date=20230525T065311, end_date=20230525T065313
[2023-05-25T06:53:13.481+0000] {local_task_job_runner.py:225} INFO - Task exited with return code 0
[2023-05-25T06:53:13.670+0000] {taskinstance.py:2651} INFO - 1 downstream tasks scheduled from follow-on schedule check
[2023-05-25T10:24:20.424+0000] {taskinstance.py:1103} INFO - Dependencies all met for dep_context=non-requeueable deps ti=<TaskInstance: dag_with_taskflow_api_v02.get_name scheduled__2022-03-29T00:00:00+00:00 [queued]>
[2023-05-25T10:24:20.488+0000] {taskinstance.py:1103} INFO - Dependencies all met for dep_context=requeueable deps ti=<TaskInstance: dag_with_taskflow_api_v02.get_name scheduled__2022-03-29T00:00:00+00:00 [queued]>
[2023-05-25T10:24:20.488+0000] {taskinstance.py:1308} INFO - Starting attempt 1 of 6
[2023-05-25T10:24:21.133+0000] {taskinstance.py:1327} INFO - Executing <Task(_PythonDecoratedOperator): get_name> on 2022-03-29 00:00:00+00:00
[2023-05-25T10:24:21.148+0000] {standard_task_runner.py:57} INFO - Started process 2311 to run task
[2023-05-25T10:24:21.183+0000] {standard_task_runner.py:84} INFO - Running: ['***', 'tasks', 'run', 'dag_with_taskflow_api_v02', 'get_name', 'scheduled__2022-03-29T00:00:00+00:00', '--job-id', '459', '--raw', '--subdir', 'DAGS_FOLDER/first_dag.py', '--cfg-path', '/tmp/tmpq6frks_c']
[2023-05-25T10:24:21.213+0000] {standard_task_runner.py:85} INFO - Job 459: Subtask get_name
[2023-05-25T10:24:21.420+0000] {task_command.py:410} INFO - Running <TaskInstance: dag_with_taskflow_api_v02.get_name scheduled__2022-03-29T00:00:00+00:00 [running]> on host b1ae37a9584e
[2023-05-25T10:24:21.882+0000] {taskinstance.py:1547} INFO - Exporting env vars: AIRFLOW_CTX_DAG_OWNER='Sai' AIRFLOW_CTX_DAG_ID='dag_with_taskflow_api_v02' AIRFLOW_CTX_TASK_ID='get_name' AIRFLOW_CTX_EXECUTION_DATE='2022-03-29T00:00:00+00:00' AIRFLOW_CTX_TRY_NUMBER='1' AIRFLOW_CTX_DAG_RUN_ID='scheduled__2022-03-29T00:00:00+00:00'
[2023-05-25T10:24:21.883+0000] {python.py:183} INFO - Done. Returned value was: {'first_name': 'Sai', 'last_name': 'Tr'}
[2023-05-25T10:24:22.047+0000] {taskinstance.py:1350} INFO - Marking task as SUCCESS. dag_id=dag_with_taskflow_api_v02, task_id=get_name, execution_date=20220329T000000, start_date=20230525T102420, end_date=20230525T102422
[2023-05-25T10:24:22.158+0000] {local_task_job_runner.py:225} INFO - Task exited with return code 0
[2023-05-25T10:24:22.494+0000] {taskinstance.py:2651} INFO - 1 downstream tasks scheduled from follow-on schedule check
