[2023-05-24T15:20:48.177+0000] {taskinstance.py:1103} INFO - Dependencies all met for dep_context=non-requeueable deps ti=<TaskInstance: dag_with_taskflow_api_v02.get_age scheduled__2022-04-22T00:00:00+00:00 [queued]>
[2023-05-24T15:20:48.323+0000] {taskinstance.py:1103} INFO - Dependencies all met for dep_context=requeueable deps ti=<TaskInstance: dag_with_taskflow_api_v02.get_age scheduled__2022-04-22T00:00:00+00:00 [queued]>
[2023-05-24T15:20:48.324+0000] {taskinstance.py:1308} INFO - Starting attempt 1 of 6
[2023-05-24T15:20:48.638+0000] {taskinstance.py:1327} INFO - Executing <Task(_PythonDecoratedOperator): get_age> on 2022-04-22 00:00:00+00:00
[2023-05-24T15:20:48.691+0000] {standard_task_runner.py:57} INFO - Started process 1396 to run task
[2023-05-24T15:20:48.734+0000] {standard_task_runner.py:84} INFO - Running: ['***', 'tasks', 'run', 'dag_with_taskflow_api_v02', 'get_age', 'scheduled__2022-04-22T00:00:00+00:00', '--job-id', '534', '--raw', '--subdir', 'DAGS_FOLDER/first_dag.py', '--cfg-path', '/tmp/tmpta9govpx']
[2023-05-24T15:20:48.757+0000] {standard_task_runner.py:85} INFO - Job 534: Subtask get_age
[2023-05-24T15:20:49.158+0000] {task_command.py:410} INFO - Running <TaskInstance: dag_with_taskflow_api_v02.get_age scheduled__2022-04-22T00:00:00+00:00 [running]> on host 942de29f183d
[2023-05-24T15:20:50.173+0000] {taskinstance.py:1547} INFO - Exporting env vars: AIRFLOW_CTX_DAG_OWNER='Sai' AIRFLOW_CTX_DAG_ID='dag_with_taskflow_api_v02' AIRFLOW_CTX_TASK_ID='get_age' AIRFLOW_CTX_EXECUTION_DATE='2022-04-22T00:00:00+00:00' AIRFLOW_CTX_TRY_NUMBER='1' AIRFLOW_CTX_DAG_RUN_ID='scheduled__2022-04-22T00:00:00+00:00'
[2023-05-24T15:20:50.175+0000] {python.py:183} INFO - Done. Returned value was: 19
[2023-05-24T15:20:50.407+0000] {taskinstance.py:1350} INFO - Marking task as SUCCESS. dag_id=dag_with_taskflow_api_v02, task_id=get_age, execution_date=20220422T000000, start_date=20230524T152048, end_date=20230524T152050
[2023-05-24T15:20:50.589+0000] {local_task_job_runner.py:225} INFO - Task exited with return code 0
[2023-05-24T15:20:50.806+0000] {taskinstance.py:2651} INFO - 0 downstream tasks scheduled from follow-on schedule check
[2023-05-25T06:53:51.819+0000] {taskinstance.py:1103} INFO - Dependencies all met for dep_context=non-requeueable deps ti=<TaskInstance: dag_with_taskflow_api_v02.get_age scheduled__2022-04-22T00:00:00+00:00 [queued]>
[2023-05-25T06:53:51.933+0000] {taskinstance.py:1103} INFO - Dependencies all met for dep_context=requeueable deps ti=<TaskInstance: dag_with_taskflow_api_v02.get_age scheduled__2022-04-22T00:00:00+00:00 [queued]>
[2023-05-25T06:53:51.940+0000] {taskinstance.py:1308} INFO - Starting attempt 1 of 6
[2023-05-25T06:53:52.435+0000] {taskinstance.py:1327} INFO - Executing <Task(_PythonDecoratedOperator): get_age> on 2022-04-22 00:00:00+00:00
[2023-05-25T06:53:52.444+0000] {standard_task_runner.py:57} INFO - Started process 2931 to run task
[2023-05-25T06:53:52.488+0000] {standard_task_runner.py:84} INFO - Running: ['***', 'tasks', 'run', 'dag_with_taskflow_api_v02', 'get_age', 'scheduled__2022-04-22T00:00:00+00:00', '--job-id', '538', '--raw', '--subdir', 'DAGS_FOLDER/first_dag.py', '--cfg-path', '/tmp/tmpeapwqwuk']
[2023-05-25T06:53:52.520+0000] {standard_task_runner.py:85} INFO - Job 538: Subtask get_age
[2023-05-25T06:53:52.763+0000] {task_command.py:410} INFO - Running <TaskInstance: dag_with_taskflow_api_v02.get_age scheduled__2022-04-22T00:00:00+00:00 [running]> on host 6bd07c7477d9
[2023-05-25T06:53:53.679+0000] {taskinstance.py:1547} INFO - Exporting env vars: AIRFLOW_CTX_DAG_OWNER='Sai' AIRFLOW_CTX_DAG_ID='dag_with_taskflow_api_v02' AIRFLOW_CTX_TASK_ID='get_age' AIRFLOW_CTX_EXECUTION_DATE='2022-04-22T00:00:00+00:00' AIRFLOW_CTX_TRY_NUMBER='1' AIRFLOW_CTX_DAG_RUN_ID='scheduled__2022-04-22T00:00:00+00:00'
[2023-05-25T06:53:53.680+0000] {python.py:183} INFO - Done. Returned value was: 19
[2023-05-25T06:53:53.831+0000] {taskinstance.py:1350} INFO - Marking task as SUCCESS. dag_id=dag_with_taskflow_api_v02, task_id=get_age, execution_date=20220422T000000, start_date=20230525T065351, end_date=20230525T065353
[2023-05-25T06:53:54.065+0000] {local_task_job_runner.py:225} INFO - Task exited with return code 0
[2023-05-25T06:53:54.464+0000] {taskinstance.py:2651} INFO - 0 downstream tasks scheduled from follow-on schedule check
[2023-05-25T10:25:13.223+0000] {taskinstance.py:1103} INFO - Dependencies all met for dep_context=non-requeueable deps ti=<TaskInstance: dag_with_taskflow_api_v02.get_age scheduled__2022-04-22T00:00:00+00:00 [queued]>
[2023-05-25T10:25:13.393+0000] {taskinstance.py:1103} INFO - Dependencies all met for dep_context=requeueable deps ti=<TaskInstance: dag_with_taskflow_api_v02.get_age scheduled__2022-04-22T00:00:00+00:00 [queued]>
[2023-05-25T10:25:13.393+0000] {taskinstance.py:1308} INFO - Starting attempt 1 of 6
[2023-05-25T10:25:13.603+0000] {taskinstance.py:1327} INFO - Executing <Task(_PythonDecoratedOperator): get_age> on 2022-04-22 00:00:00+00:00
[2023-05-25T10:25:13.637+0000] {standard_task_runner.py:57} INFO - Started process 2524 to run task
[2023-05-25T10:25:13.648+0000] {standard_task_runner.py:84} INFO - Running: ['***', 'tasks', 'run', 'dag_with_taskflow_api_v02', 'get_age', 'scheduled__2022-04-22T00:00:00+00:00', '--job-id', '554', '--raw', '--subdir', 'DAGS_FOLDER/first_dag.py', '--cfg-path', '/tmp/tmp6iibdsri']
[2023-05-25T10:25:13.665+0000] {standard_task_runner.py:85} INFO - Job 554: Subtask get_age
[2023-05-25T10:25:13.980+0000] {task_command.py:410} INFO - Running <TaskInstance: dag_with_taskflow_api_v02.get_age scheduled__2022-04-22T00:00:00+00:00 [running]> on host b1ae37a9584e
[2023-05-25T10:25:14.623+0000] {taskinstance.py:1547} INFO - Exporting env vars: AIRFLOW_CTX_DAG_OWNER='Sai' AIRFLOW_CTX_DAG_ID='dag_with_taskflow_api_v02' AIRFLOW_CTX_TASK_ID='get_age' AIRFLOW_CTX_EXECUTION_DATE='2022-04-22T00:00:00+00:00' AIRFLOW_CTX_TRY_NUMBER='1' AIRFLOW_CTX_DAG_RUN_ID='scheduled__2022-04-22T00:00:00+00:00'
[2023-05-25T10:25:14.625+0000] {python.py:183} INFO - Done. Returned value was: 19
[2023-05-25T10:25:14.762+0000] {taskinstance.py:1350} INFO - Marking task as SUCCESS. dag_id=dag_with_taskflow_api_v02, task_id=get_age, execution_date=20220422T000000, start_date=20230525T102513, end_date=20230525T102514
[2023-05-25T10:25:14.923+0000] {local_task_job_runner.py:225} INFO - Task exited with return code 0
[2023-05-25T10:25:15.230+0000] {taskinstance.py:2651} INFO - 0 downstream tasks scheduled from follow-on schedule check
