[2023-05-24T15:23:16.116+0000] {taskinstance.py:1103} INFO - Dependencies all met for dep_context=non-requeueable deps ti=<TaskInstance: dag_with_taskflow_api_v02.get_name scheduled__2022-07-09T00:00:00+00:00 [queued]>
[2023-05-24T15:23:16.222+0000] {taskinstance.py:1103} INFO - Dependencies all met for dep_context=requeueable deps ti=<TaskInstance: dag_with_taskflow_api_v02.get_name scheduled__2022-07-09T00:00:00+00:00 [queued]>
[2023-05-24T15:23:16.223+0000] {taskinstance.py:1308} INFO - Starting attempt 1 of 6
[2023-05-24T15:23:16.426+0000] {taskinstance.py:1327} INFO - Executing <Task(_PythonDecoratedOperator): get_name> on 2022-07-09 00:00:00+00:00
[2023-05-24T15:23:16.433+0000] {standard_task_runner.py:57} INFO - Started process 1919 to run task
[2023-05-24T15:23:16.492+0000] {standard_task_runner.py:84} INFO - Running: ['***', 'tasks', 'run', 'dag_with_taskflow_api_v02', 'get_name', 'scheduled__2022-07-09T00:00:00+00:00', '--job-id', '768', '--raw', '--subdir', 'DAGS_FOLDER/first_dag.py', '--cfg-path', '/tmp/tmpnive82ts']
[2023-05-24T15:23:16.521+0000] {standard_task_runner.py:85} INFO - Job 768: Subtask get_name
[2023-05-24T15:23:16.983+0000] {task_command.py:410} INFO - Running <TaskInstance: dag_with_taskflow_api_v02.get_name scheduled__2022-07-09T00:00:00+00:00 [running]> on host 942de29f183d
[2023-05-24T15:23:17.873+0000] {taskinstance.py:1547} INFO - Exporting env vars: AIRFLOW_CTX_DAG_OWNER='Sai' AIRFLOW_CTX_DAG_ID='dag_with_taskflow_api_v02' AIRFLOW_CTX_TASK_ID='get_name' AIRFLOW_CTX_EXECUTION_DATE='2022-07-09T00:00:00+00:00' AIRFLOW_CTX_TRY_NUMBER='1' AIRFLOW_CTX_DAG_RUN_ID='scheduled__2022-07-09T00:00:00+00:00'
[2023-05-24T15:23:17.874+0000] {python.py:183} INFO - Done. Returned value was: {'first_name': 'Sai', 'last_name': 'Tr'}
[2023-05-24T15:23:18.061+0000] {taskinstance.py:1350} INFO - Marking task as SUCCESS. dag_id=dag_with_taskflow_api_v02, task_id=get_name, execution_date=20220709T000000, start_date=20230524T152316, end_date=20230524T152318
[2023-05-24T15:23:18.158+0000] {local_task_job_runner.py:225} INFO - Task exited with return code 0
[2023-05-24T15:23:18.335+0000] {taskinstance.py:2651} INFO - 1 downstream tasks scheduled from follow-on schedule check
[2023-05-25T06:55:54.235+0000] {taskinstance.py:1103} INFO - Dependencies all met for dep_context=non-requeueable deps ti=<TaskInstance: dag_with_taskflow_api_v02.get_name scheduled__2022-07-09T00:00:00+00:00 [queued]>
[2023-05-25T06:55:54.285+0000] {taskinstance.py:1103} INFO - Dependencies all met for dep_context=requeueable deps ti=<TaskInstance: dag_with_taskflow_api_v02.get_name scheduled__2022-07-09T00:00:00+00:00 [queued]>
[2023-05-25T06:55:54.285+0000] {taskinstance.py:1308} INFO - Starting attempt 1 of 6
[2023-05-25T06:55:54.368+0000] {taskinstance.py:1327} INFO - Executing <Task(_PythonDecoratedOperator): get_name> on 2022-07-09 00:00:00+00:00
[2023-05-25T06:55:54.379+0000] {standard_task_runner.py:57} INFO - Started process 3434 to run task
[2023-05-25T06:55:54.396+0000] {standard_task_runner.py:84} INFO - Running: ['***', 'tasks', 'run', 'dag_with_taskflow_api_v02', 'get_name', 'scheduled__2022-07-09T00:00:00+00:00', '--job-id', '767', '--raw', '--subdir', 'DAGS_FOLDER/first_dag.py', '--cfg-path', '/tmp/tmp1u77e8cx']
[2023-05-25T06:55:54.408+0000] {standard_task_runner.py:85} INFO - Job 767: Subtask get_name
[2023-05-25T06:55:54.691+0000] {task_command.py:410} INFO - Running <TaskInstance: dag_with_taskflow_api_v02.get_name scheduled__2022-07-09T00:00:00+00:00 [running]> on host 6bd07c7477d9
[2023-05-25T06:55:55.422+0000] {taskinstance.py:1547} INFO - Exporting env vars: AIRFLOW_CTX_DAG_OWNER='Sai' AIRFLOW_CTX_DAG_ID='dag_with_taskflow_api_v02' AIRFLOW_CTX_TASK_ID='get_name' AIRFLOW_CTX_EXECUTION_DATE='2022-07-09T00:00:00+00:00' AIRFLOW_CTX_TRY_NUMBER='1' AIRFLOW_CTX_DAG_RUN_ID='scheduled__2022-07-09T00:00:00+00:00'
[2023-05-25T06:55:55.423+0000] {python.py:183} INFO - Done. Returned value was: {'first_name': 'Sai', 'last_name': 'Tr'}
[2023-05-25T06:55:55.781+0000] {taskinstance.py:1350} INFO - Marking task as SUCCESS. dag_id=dag_with_taskflow_api_v02, task_id=get_name, execution_date=20220709T000000, start_date=20230525T065554, end_date=20230525T065555
[2023-05-25T06:55:56.299+0000] {local_task_job_runner.py:225} INFO - Task exited with return code 0
[2023-05-25T06:55:56.573+0000] {taskinstance.py:2651} INFO - 0 downstream tasks scheduled from follow-on schedule check
[2023-05-25T10:27:38.909+0000] {taskinstance.py:1103} INFO - Dependencies all met for dep_context=non-requeueable deps ti=<TaskInstance: dag_with_taskflow_api_v02.get_name scheduled__2022-07-09T00:00:00+00:00 [queued]>
[2023-05-25T10:27:38.998+0000] {taskinstance.py:1103} INFO - Dependencies all met for dep_context=requeueable deps ti=<TaskInstance: dag_with_taskflow_api_v02.get_name scheduled__2022-07-09T00:00:00+00:00 [queued]>
[2023-05-25T10:27:39.007+0000] {taskinstance.py:1308} INFO - Starting attempt 1 of 6
[2023-05-25T10:27:39.205+0000] {taskinstance.py:1327} INFO - Executing <Task(_PythonDecoratedOperator): get_name> on 2022-07-09 00:00:00+00:00
[2023-05-25T10:27:39.245+0000] {standard_task_runner.py:57} INFO - Started process 3032 to run task
[2023-05-25T10:27:39.261+0000] {standard_task_runner.py:84} INFO - Running: ['***', 'tasks', 'run', 'dag_with_taskflow_api_v02', 'get_name', 'scheduled__2022-07-09T00:00:00+00:00', '--job-id', '780', '--raw', '--subdir', 'DAGS_FOLDER/first_dag.py', '--cfg-path', '/tmp/tmpcms261od']
[2023-05-25T10:27:39.280+0000] {standard_task_runner.py:85} INFO - Job 780: Subtask get_name
[2023-05-25T10:27:39.665+0000] {task_command.py:410} INFO - Running <TaskInstance: dag_with_taskflow_api_v02.get_name scheduled__2022-07-09T00:00:00+00:00 [running]> on host b1ae37a9584e
[2023-05-25T10:27:40.480+0000] {taskinstance.py:1547} INFO - Exporting env vars: AIRFLOW_CTX_DAG_OWNER='Sai' AIRFLOW_CTX_DAG_ID='dag_with_taskflow_api_v02' AIRFLOW_CTX_TASK_ID='get_name' AIRFLOW_CTX_EXECUTION_DATE='2022-07-09T00:00:00+00:00' AIRFLOW_CTX_TRY_NUMBER='1' AIRFLOW_CTX_DAG_RUN_ID='scheduled__2022-07-09T00:00:00+00:00'
[2023-05-25T10:27:40.482+0000] {python.py:183} INFO - Done. Returned value was: {'first_name': 'Sai', 'last_name': 'Tr'}
[2023-05-25T10:27:40.929+0000] {taskinstance.py:1350} INFO - Marking task as SUCCESS. dag_id=dag_with_taskflow_api_v02, task_id=get_name, execution_date=20220709T000000, start_date=20230525T102738, end_date=20230525T102740
[2023-05-25T10:27:41.179+0000] {local_task_job_runner.py:225} INFO - Task exited with return code 0
[2023-05-25T10:27:41.402+0000] {taskinstance.py:2651} INFO - 0 downstream tasks scheduled from follow-on schedule check
