[2023-05-24T15:25:20.959+0000] {taskinstance.py:1103} INFO - Dependencies all met for dep_context=non-requeueable deps ti=<TaskInstance: dag_with_taskflow_api_v02.greet scheduled__2022-09-14T00:00:00+00:00 [queued]>
[2023-05-24T15:25:21.074+0000] {taskinstance.py:1103} INFO - Dependencies all met for dep_context=requeueable deps ti=<TaskInstance: dag_with_taskflow_api_v02.greet scheduled__2022-09-14T00:00:00+00:00 [queued]>
[2023-05-24T15:25:21.074+0000] {taskinstance.py:1308} INFO - Starting attempt 1 of 6
[2023-05-24T15:25:21.256+0000] {taskinstance.py:1327} INFO - Executing <Task(_PythonDecoratedOperator): greet> on 2022-09-14 00:00:00+00:00
[2023-05-24T15:25:21.297+0000] {standard_task_runner.py:57} INFO - Started process 2406 to run task
[2023-05-24T15:25:21.325+0000] {standard_task_runner.py:84} INFO - Running: ['***', 'tasks', 'run', 'dag_with_taskflow_api_v02', 'greet', 'scheduled__2022-09-14T00:00:00+00:00', '--job-id', '988', '--raw', '--subdir', 'DAGS_FOLDER/first_dag.py', '--cfg-path', '/tmp/tmp2a69ipzc']
[2023-05-24T15:25:21.334+0000] {standard_task_runner.py:85} INFO - Job 988: Subtask greet
[2023-05-24T15:25:21.511+0000] {task_command.py:410} INFO - Running <TaskInstance: dag_with_taskflow_api_v02.greet scheduled__2022-09-14T00:00:00+00:00 [running]> on host 942de29f183d
[2023-05-24T15:25:22.291+0000] {taskinstance.py:1547} INFO - Exporting env vars: AIRFLOW_CTX_DAG_OWNER='Sai' AIRFLOW_CTX_DAG_ID='dag_with_taskflow_api_v02' AIRFLOW_CTX_TASK_ID='greet' AIRFLOW_CTX_EXECUTION_DATE='2022-09-14T00:00:00+00:00' AIRFLOW_CTX_TRY_NUMBER='1' AIRFLOW_CTX_DAG_RUN_ID='scheduled__2022-09-14T00:00:00+00:00'
[2023-05-24T15:25:22.292+0000] {logging_mixin.py:149} INFO - Hello World! My name is Sai Tr and I am 19 years old!
[2023-05-24T15:25:22.296+0000] {python.py:183} INFO - Done. Returned value was: None
[2023-05-24T15:25:22.354+0000] {taskinstance.py:1350} INFO - Marking task as SUCCESS. dag_id=dag_with_taskflow_api_v02, task_id=greet, execution_date=20220914T000000, start_date=20230524T152520, end_date=20230524T152522
[2023-05-24T15:25:22.495+0000] {local_task_job_runner.py:225} INFO - Task exited with return code 0
[2023-05-24T15:25:22.542+0000] {taskinstance.py:2651} INFO - 0 downstream tasks scheduled from follow-on schedule check
[2023-05-25T06:57:51.673+0000] {taskinstance.py:1103} INFO - Dependencies all met for dep_context=non-requeueable deps ti=<TaskInstance: dag_with_taskflow_api_v02.greet scheduled__2022-09-14T00:00:00+00:00 [queued]>
[2023-05-25T06:57:51.691+0000] {taskinstance.py:1103} INFO - Dependencies all met for dep_context=requeueable deps ti=<TaskInstance: dag_with_taskflow_api_v02.greet scheduled__2022-09-14T00:00:00+00:00 [queued]>
[2023-05-25T06:57:51.691+0000] {taskinstance.py:1308} INFO - Starting attempt 1 of 6
[2023-05-25T06:57:51.720+0000] {taskinstance.py:1327} INFO - Executing <Task(_PythonDecoratedOperator): greet> on 2022-09-14 00:00:00+00:00
[2023-05-25T06:57:51.729+0000] {standard_task_runner.py:57} INFO - Started process 3906 to run task
[2023-05-25T06:57:51.735+0000] {standard_task_runner.py:84} INFO - Running: ['***', 'tasks', 'run', 'dag_with_taskflow_api_v02', 'greet', 'scheduled__2022-09-14T00:00:00+00:00', '--job-id', '981', '--raw', '--subdir', 'DAGS_FOLDER/first_dag.py', '--cfg-path', '/tmp/tmpis7onz_3']
[2023-05-25T06:57:51.738+0000] {standard_task_runner.py:85} INFO - Job 981: Subtask greet
[2023-05-25T06:57:51.832+0000] {task_command.py:410} INFO - Running <TaskInstance: dag_with_taskflow_api_v02.greet scheduled__2022-09-14T00:00:00+00:00 [running]> on host 6bd07c7477d9
[2023-05-25T06:57:52.106+0000] {taskinstance.py:1547} INFO - Exporting env vars: AIRFLOW_CTX_DAG_OWNER='Sai' AIRFLOW_CTX_DAG_ID='dag_with_taskflow_api_v02' AIRFLOW_CTX_TASK_ID='greet' AIRFLOW_CTX_EXECUTION_DATE='2022-09-14T00:00:00+00:00' AIRFLOW_CTX_TRY_NUMBER='1' AIRFLOW_CTX_DAG_RUN_ID='scheduled__2022-09-14T00:00:00+00:00'
[2023-05-25T06:57:52.107+0000] {logging_mixin.py:149} INFO - Hello World! My name is Sai Tr and I am 19 years old!
[2023-05-25T06:57:52.108+0000] {python.py:183} INFO - Done. Returned value was: None
[2023-05-25T06:57:52.126+0000] {taskinstance.py:1350} INFO - Marking task as SUCCESS. dag_id=dag_with_taskflow_api_v02, task_id=greet, execution_date=20220914T000000, start_date=20230525T065751, end_date=20230525T065752
[2023-05-25T06:57:52.189+0000] {local_task_job_runner.py:225} INFO - Task exited with return code 0
[2023-05-25T06:57:52.225+0000] {taskinstance.py:2651} INFO - 0 downstream tasks scheduled from follow-on schedule check
[2023-05-25T10:31:21.446+0000] {taskinstance.py:1103} INFO - Dependencies all met for dep_context=non-requeueable deps ti=<TaskInstance: dag_with_taskflow_api_v02.greet scheduled__2022-09-14T00:00:00+00:00 [queued]>
[2023-05-25T10:31:21.595+0000] {taskinstance.py:1103} INFO - Dependencies all met for dep_context=requeueable deps ti=<TaskInstance: dag_with_taskflow_api_v02.greet scheduled__2022-09-14T00:00:00+00:00 [queued]>
[2023-05-25T10:31:21.595+0000] {taskinstance.py:1308} INFO - Starting attempt 1 of 6
[2023-05-25T10:31:21.719+0000] {taskinstance.py:1327} INFO - Executing <Task(_PythonDecoratedOperator): greet> on 2022-09-14 00:00:00+00:00
[2023-05-25T10:31:21.736+0000] {standard_task_runner.py:57} INFO - Started process 3539 to run task
[2023-05-25T10:31:21.759+0000] {standard_task_runner.py:84} INFO - Running: ['***', 'tasks', 'run', 'dag_with_taskflow_api_v02', 'greet', 'scheduled__2022-09-14T00:00:00+00:00', '--job-id', '998', '--raw', '--subdir', 'DAGS_FOLDER/first_dag.py', '--cfg-path', '/tmp/tmpxyg1eqyg']
[2023-05-25T10:31:21.762+0000] {standard_task_runner.py:85} INFO - Job 998: Subtask greet
[2023-05-25T10:31:22.180+0000] {task_command.py:410} INFO - Running <TaskInstance: dag_with_taskflow_api_v02.greet scheduled__2022-09-14T00:00:00+00:00 [running]> on host b1ae37a9584e
[2023-05-25T10:31:23.000+0000] {taskinstance.py:1547} INFO - Exporting env vars: AIRFLOW_CTX_DAG_OWNER='Sai' AIRFLOW_CTX_DAG_ID='dag_with_taskflow_api_v02' AIRFLOW_CTX_TASK_ID='greet' AIRFLOW_CTX_EXECUTION_DATE='2022-09-14T00:00:00+00:00' AIRFLOW_CTX_TRY_NUMBER='1' AIRFLOW_CTX_DAG_RUN_ID='scheduled__2022-09-14T00:00:00+00:00'
[2023-05-25T10:31:23.002+0000] {logging_mixin.py:149} INFO - Hello World! My name is Sai Tr and I am 19 years old!
[2023-05-25T10:31:23.003+0000] {python.py:183} INFO - Done. Returned value was: None
[2023-05-25T10:31:23.036+0000] {taskinstance.py:1350} INFO - Marking task as SUCCESS. dag_id=dag_with_taskflow_api_v02, task_id=greet, execution_date=20220914T000000, start_date=20230525T103121, end_date=20230525T103123
[2023-05-25T10:31:23.143+0000] {local_task_job_runner.py:225} INFO - Task exited with return code 0
[2023-05-25T10:31:23.221+0000] {taskinstance.py:2651} INFO - 0 downstream tasks scheduled from follow-on schedule check
