[2023-05-24T15:19:10.529+0000] {taskinstance.py:1103} INFO - Dependencies all met for dep_context=non-requeueable deps ti=<TaskInstance: dag_with_taskflow_api_v02.greet scheduled__2022-02-28T00:00:00+00:00 [queued]>
[2023-05-24T15:19:10.549+0000] {taskinstance.py:1103} INFO - Dependencies all met for dep_context=requeueable deps ti=<TaskInstance: dag_with_taskflow_api_v02.greet scheduled__2022-02-28T00:00:00+00:00 [queued]>
[2023-05-24T15:19:10.549+0000] {taskinstance.py:1308} INFO - Starting attempt 1 of 6
[2023-05-24T15:19:10.575+0000] {taskinstance.py:1327} INFO - Executing <Task(_PythonDecoratedOperator): greet> on 2022-02-28 00:00:00+00:00
[2023-05-24T15:19:10.582+0000] {standard_task_runner.py:57} INFO - Started process 1050 to run task
[2023-05-24T15:19:10.592+0000] {standard_task_runner.py:84} INFO - Running: ['***', 'tasks', 'run', 'dag_with_taskflow_api_v02', 'greet', 'scheduled__2022-02-28T00:00:00+00:00', '--job-id', '385', '--raw', '--subdir', 'DAGS_FOLDER/first_dag.py', '--cfg-path', '/tmp/tmp_znqjbpp']
[2023-05-24T15:19:10.595+0000] {standard_task_runner.py:85} INFO - Job 385: Subtask greet
[2023-05-24T15:19:10.702+0000] {task_command.py:410} INFO - Running <TaskInstance: dag_with_taskflow_api_v02.greet scheduled__2022-02-28T00:00:00+00:00 [running]> on host 942de29f183d
[2023-05-24T15:19:10.949+0000] {taskinstance.py:1547} INFO - Exporting env vars: AIRFLOW_CTX_DAG_OWNER='Sai' AIRFLOW_CTX_DAG_ID='dag_with_taskflow_api_v02' AIRFLOW_CTX_TASK_ID='greet' AIRFLOW_CTX_EXECUTION_DATE='2022-02-28T00:00:00+00:00' AIRFLOW_CTX_TRY_NUMBER='1' AIRFLOW_CTX_DAG_RUN_ID='scheduled__2022-02-28T00:00:00+00:00'
[2023-05-24T15:19:10.950+0000] {logging_mixin.py:149} INFO - Hello World! My name is Sai Tr and I am 19 years old!
[2023-05-24T15:19:10.950+0000] {python.py:183} INFO - Done. Returned value was: None
[2023-05-24T15:19:10.968+0000] {taskinstance.py:1350} INFO - Marking task as SUCCESS. dag_id=dag_with_taskflow_api_v02, task_id=greet, execution_date=20220228T000000, start_date=20230524T151910, end_date=20230524T151910
[2023-05-24T15:19:11.023+0000] {local_task_job_runner.py:225} INFO - Task exited with return code 0
[2023-05-24T15:19:11.053+0000] {taskinstance.py:2651} INFO - 0 downstream tasks scheduled from follow-on schedule check
[2023-05-25T06:52:36.214+0000] {taskinstance.py:1103} INFO - Dependencies all met for dep_context=non-requeueable deps ti=<TaskInstance: dag_with_taskflow_api_v02.greet scheduled__2022-02-28T00:00:00+00:00 [queued]>
[2023-05-25T06:52:36.470+0000] {taskinstance.py:1103} INFO - Dependencies all met for dep_context=requeueable deps ti=<TaskInstance: dag_with_taskflow_api_v02.greet scheduled__2022-02-28T00:00:00+00:00 [queued]>
[2023-05-25T06:52:36.470+0000] {taskinstance.py:1308} INFO - Starting attempt 1 of 6
[2023-05-25T06:52:36.584+0000] {taskinstance.py:1327} INFO - Executing <Task(_PythonDecoratedOperator): greet> on 2022-02-28 00:00:00+00:00
[2023-05-25T06:52:36.591+0000] {standard_task_runner.py:57} INFO - Started process 2612 to run task
[2023-05-25T06:52:36.645+0000] {standard_task_runner.py:84} INFO - Running: ['***', 'tasks', 'run', 'dag_with_taskflow_api_v02', 'greet', 'scheduled__2022-02-28T00:00:00+00:00', '--job-id', '399', '--raw', '--subdir', 'DAGS_FOLDER/first_dag.py', '--cfg-path', '/tmp/tmpvlfllnu7']
[2023-05-25T06:52:36.660+0000] {standard_task_runner.py:85} INFO - Job 399: Subtask greet
[2023-05-25T06:52:36.929+0000] {task_command.py:410} INFO - Running <TaskInstance: dag_with_taskflow_api_v02.greet scheduled__2022-02-28T00:00:00+00:00 [running]> on host 6bd07c7477d9
[2023-05-25T06:52:37.882+0000] {taskinstance.py:1547} INFO - Exporting env vars: AIRFLOW_CTX_DAG_OWNER='Sai' AIRFLOW_CTX_DAG_ID='dag_with_taskflow_api_v02' AIRFLOW_CTX_TASK_ID='greet' AIRFLOW_CTX_EXECUTION_DATE='2022-02-28T00:00:00+00:00' AIRFLOW_CTX_TRY_NUMBER='1' AIRFLOW_CTX_DAG_RUN_ID='scheduled__2022-02-28T00:00:00+00:00'
[2023-05-25T06:52:37.884+0000] {logging_mixin.py:149} INFO - Hello World! My name is Sai Tr and I am 19 years old!
[2023-05-25T06:52:37.885+0000] {python.py:183} INFO - Done. Returned value was: None
[2023-05-25T06:52:37.939+0000] {taskinstance.py:1350} INFO - Marking task as SUCCESS. dag_id=dag_with_taskflow_api_v02, task_id=greet, execution_date=20220228T000000, start_date=20230525T065236, end_date=20230525T065237
[2023-05-25T06:52:38.111+0000] {local_task_job_runner.py:225} INFO - Task exited with return code 0
[2023-05-25T06:52:38.220+0000] {taskinstance.py:2651} INFO - 0 downstream tasks scheduled from follow-on schedule check
[2023-05-25T10:23:30.497+0000] {taskinstance.py:1103} INFO - Dependencies all met for dep_context=non-requeueable deps ti=<TaskInstance: dag_with_taskflow_api_v02.greet scheduled__2022-02-28T00:00:00+00:00 [queued]>
[2023-05-25T10:23:30.582+0000] {taskinstance.py:1103} INFO - Dependencies all met for dep_context=requeueable deps ti=<TaskInstance: dag_with_taskflow_api_v02.greet scheduled__2022-02-28T00:00:00+00:00 [queued]>
[2023-05-25T10:23:30.583+0000] {taskinstance.py:1308} INFO - Starting attempt 1 of 6
[2023-05-25T10:23:30.881+0000] {taskinstance.py:1327} INFO - Executing <Task(_PythonDecoratedOperator): greet> on 2022-02-28 00:00:00+00:00
[2023-05-25T10:23:30.891+0000] {standard_task_runner.py:57} INFO - Started process 2140 to run task
[2023-05-25T10:23:30.910+0000] {standard_task_runner.py:84} INFO - Running: ['***', 'tasks', 'run', 'dag_with_taskflow_api_v02', 'greet', 'scheduled__2022-02-28T00:00:00+00:00', '--job-id', '383', '--raw', '--subdir', 'DAGS_FOLDER/first_dag.py', '--cfg-path', '/tmp/tmpc8dvckf4']
[2023-05-25T10:23:30.913+0000] {standard_task_runner.py:85} INFO - Job 383: Subtask greet
[2023-05-25T10:23:31.227+0000] {task_command.py:410} INFO - Running <TaskInstance: dag_with_taskflow_api_v02.greet scheduled__2022-02-28T00:00:00+00:00 [running]> on host b1ae37a9584e
[2023-05-25T10:23:31.728+0000] {taskinstance.py:1547} INFO - Exporting env vars: AIRFLOW_CTX_DAG_OWNER='Sai' AIRFLOW_CTX_DAG_ID='dag_with_taskflow_api_v02' AIRFLOW_CTX_TASK_ID='greet' AIRFLOW_CTX_EXECUTION_DATE='2022-02-28T00:00:00+00:00' AIRFLOW_CTX_TRY_NUMBER='1' AIRFLOW_CTX_DAG_RUN_ID='scheduled__2022-02-28T00:00:00+00:00'
[2023-05-25T10:23:31.730+0000] {logging_mixin.py:149} INFO - Hello World! My name is Sai Tr and I am 19 years old!
[2023-05-25T10:23:31.731+0000] {python.py:183} INFO - Done. Returned value was: None
[2023-05-25T10:23:31.792+0000] {taskinstance.py:1350} INFO - Marking task as SUCCESS. dag_id=dag_with_taskflow_api_v02, task_id=greet, execution_date=20220228T000000, start_date=20230525T102330, end_date=20230525T102331
[2023-05-25T10:23:31.876+0000] {local_task_job_runner.py:225} INFO - Task exited with return code 0
[2023-05-25T10:23:31.957+0000] {taskinstance.py:2651} INFO - 0 downstream tasks scheduled from follow-on schedule check
