[2023-05-24T15:22:18.771+0000] {taskinstance.py:1103} INFO - Dependencies all met for dep_context=non-requeueable deps ti=<TaskInstance: dag_with_taskflow_api_v02.get_age scheduled__2022-06-08T00:00:00+00:00 [queued]>
[2023-05-24T15:22:18.819+0000] {taskinstance.py:1103} INFO - Dependencies all met for dep_context=requeueable deps ti=<TaskInstance: dag_with_taskflow_api_v02.get_age scheduled__2022-06-08T00:00:00+00:00 [queued]>
[2023-05-24T15:22:18.819+0000] {taskinstance.py:1308} INFO - Starting attempt 1 of 6
[2023-05-24T15:22:18.874+0000] {taskinstance.py:1327} INFO - Executing <Task(_PythonDecoratedOperator): get_age> on 2022-06-08 00:00:00+00:00
[2023-05-24T15:22:18.884+0000] {standard_task_runner.py:57} INFO - Started process 1711 to run task
[2023-05-24T15:22:18.904+0000] {standard_task_runner.py:84} INFO - Running: ['***', 'tasks', 'run', 'dag_with_taskflow_api_v02', 'get_age', 'scheduled__2022-06-08T00:00:00+00:00', '--job-id', '675', '--raw', '--subdir', 'DAGS_FOLDER/first_dag.py', '--cfg-path', '/tmp/tmpj6u2jewq']
[2023-05-24T15:22:18.907+0000] {standard_task_runner.py:85} INFO - Job 675: Subtask get_age
[2023-05-24T15:22:19.233+0000] {task_command.py:410} INFO - Running <TaskInstance: dag_with_taskflow_api_v02.get_age scheduled__2022-06-08T00:00:00+00:00 [running]> on host 942de29f183d
[2023-05-24T15:22:20.097+0000] {taskinstance.py:1547} INFO - Exporting env vars: AIRFLOW_CTX_DAG_OWNER='Sai' AIRFLOW_CTX_DAG_ID='dag_with_taskflow_api_v02' AIRFLOW_CTX_TASK_ID='get_age' AIRFLOW_CTX_EXECUTION_DATE='2022-06-08T00:00:00+00:00' AIRFLOW_CTX_TRY_NUMBER='1' AIRFLOW_CTX_DAG_RUN_ID='scheduled__2022-06-08T00:00:00+00:00'
[2023-05-24T15:22:20.098+0000] {python.py:183} INFO - Done. Returned value was: 19
[2023-05-24T15:22:20.228+0000] {taskinstance.py:1350} INFO - Marking task as SUCCESS. dag_id=dag_with_taskflow_api_v02, task_id=get_age, execution_date=20220608T000000, start_date=20230524T152218, end_date=20230524T152220
[2023-05-24T15:22:20.418+0000] {local_task_job_runner.py:225} INFO - Task exited with return code 0
[2023-05-24T15:22:20.627+0000] {taskinstance.py:2651} INFO - 1 downstream tasks scheduled from follow-on schedule check
[2023-05-25T06:55:03.870+0000] {taskinstance.py:1103} INFO - Dependencies all met for dep_context=non-requeueable deps ti=<TaskInstance: dag_with_taskflow_api_v02.get_age scheduled__2022-06-08T00:00:00+00:00 [queued]>
[2023-05-25T06:55:03.948+0000] {taskinstance.py:1103} INFO - Dependencies all met for dep_context=requeueable deps ti=<TaskInstance: dag_with_taskflow_api_v02.get_age scheduled__2022-06-08T00:00:00+00:00 [queued]>
[2023-05-25T06:55:03.953+0000] {taskinstance.py:1308} INFO - Starting attempt 1 of 6
[2023-05-25T06:55:04.057+0000] {taskinstance.py:1327} INFO - Executing <Task(_PythonDecoratedOperator): get_age> on 2022-06-08 00:00:00+00:00
[2023-05-25T06:55:04.067+0000] {standard_task_runner.py:57} INFO - Started process 3223 to run task
[2023-05-25T06:55:04.117+0000] {standard_task_runner.py:84} INFO - Running: ['***', 'tasks', 'run', 'dag_with_taskflow_api_v02', 'get_age', 'scheduled__2022-06-08T00:00:00+00:00', '--job-id', '672', '--raw', '--subdir', 'DAGS_FOLDER/first_dag.py', '--cfg-path', '/tmp/tmpr4d71c8s']
[2023-05-25T06:55:04.121+0000] {standard_task_runner.py:85} INFO - Job 672: Subtask get_age
[2023-05-25T06:55:04.484+0000] {task_command.py:410} INFO - Running <TaskInstance: dag_with_taskflow_api_v02.get_age scheduled__2022-06-08T00:00:00+00:00 [running]> on host 6bd07c7477d9
[2023-05-25T06:55:05.307+0000] {taskinstance.py:1547} INFO - Exporting env vars: AIRFLOW_CTX_DAG_OWNER='Sai' AIRFLOW_CTX_DAG_ID='dag_with_taskflow_api_v02' AIRFLOW_CTX_TASK_ID='get_age' AIRFLOW_CTX_EXECUTION_DATE='2022-06-08T00:00:00+00:00' AIRFLOW_CTX_TRY_NUMBER='1' AIRFLOW_CTX_DAG_RUN_ID='scheduled__2022-06-08T00:00:00+00:00'
[2023-05-25T06:55:05.309+0000] {python.py:183} INFO - Done. Returned value was: 19
[2023-05-25T06:55:05.442+0000] {taskinstance.py:1350} INFO - Marking task as SUCCESS. dag_id=dag_with_taskflow_api_v02, task_id=get_age, execution_date=20220608T000000, start_date=20230525T065503, end_date=20230525T065505
[2023-05-25T06:55:05.567+0000] {local_task_job_runner.py:225} INFO - Task exited with return code 0
[2023-05-25T06:55:06.032+0000] {taskinstance.py:2651} INFO - 1 downstream tasks scheduled from follow-on schedule check
[2023-05-25T10:26:33.967+0000] {taskinstance.py:1103} INFO - Dependencies all met for dep_context=non-requeueable deps ti=<TaskInstance: dag_with_taskflow_api_v02.get_age scheduled__2022-06-08T00:00:00+00:00 [queued]>
[2023-05-25T10:26:34.046+0000] {taskinstance.py:1103} INFO - Dependencies all met for dep_context=requeueable deps ti=<TaskInstance: dag_with_taskflow_api_v02.get_age scheduled__2022-06-08T00:00:00+00:00 [queued]>
[2023-05-25T10:26:34.048+0000] {taskinstance.py:1308} INFO - Starting attempt 1 of 6
[2023-05-25T10:26:34.223+0000] {taskinstance.py:1327} INFO - Executing <Task(_PythonDecoratedOperator): get_age> on 2022-06-08 00:00:00+00:00
[2023-05-25T10:26:34.263+0000] {standard_task_runner.py:57} INFO - Started process 2823 to run task
[2023-05-25T10:26:34.279+0000] {standard_task_runner.py:84} INFO - Running: ['***', 'tasks', 'run', 'dag_with_taskflow_api_v02', 'get_age', 'scheduled__2022-06-08T00:00:00+00:00', '--job-id', '687', '--raw', '--subdir', 'DAGS_FOLDER/first_dag.py', '--cfg-path', '/tmp/tmp2l_lw2cn']
[2023-05-25T10:26:34.304+0000] {standard_task_runner.py:85} INFO - Job 687: Subtask get_age
[2023-05-25T10:26:34.572+0000] {task_command.py:410} INFO - Running <TaskInstance: dag_with_taskflow_api_v02.get_age scheduled__2022-06-08T00:00:00+00:00 [running]> on host b1ae37a9584e
[2023-05-25T10:26:35.361+0000] {taskinstance.py:1547} INFO - Exporting env vars: AIRFLOW_CTX_DAG_OWNER='Sai' AIRFLOW_CTX_DAG_ID='dag_with_taskflow_api_v02' AIRFLOW_CTX_TASK_ID='get_age' AIRFLOW_CTX_EXECUTION_DATE='2022-06-08T00:00:00+00:00' AIRFLOW_CTX_TRY_NUMBER='1' AIRFLOW_CTX_DAG_RUN_ID='scheduled__2022-06-08T00:00:00+00:00'
[2023-05-25T10:26:35.362+0000] {python.py:183} INFO - Done. Returned value was: 19
[2023-05-25T10:26:35.549+0000] {taskinstance.py:1350} INFO - Marking task as SUCCESS. dag_id=dag_with_taskflow_api_v02, task_id=get_age, execution_date=20220608T000000, start_date=20230525T102633, end_date=20230525T102635
[2023-05-25T10:26:35.761+0000] {local_task_job_runner.py:225} INFO - Task exited with return code 0
[2023-05-25T10:26:36.463+0000] {taskinstance.py:2651} INFO - 1 downstream tasks scheduled from follow-on schedule check
