[2023-05-24T15:31:16.790+0000] {taskinstance.py:1103} INFO - Dependencies all met for dep_context=non-requeueable deps ti=<TaskInstance: dag_with_taskflow_api_v02.get_name scheduled__2023-04-25T00:00:00+00:00 [queued]>
[2023-05-24T15:31:16.986+0000] {taskinstance.py:1103} INFO - Dependencies all met for dep_context=requeueable deps ti=<TaskInstance: dag_with_taskflow_api_v02.get_name scheduled__2023-04-25T00:00:00+00:00 [queued]>
[2023-05-24T15:31:16.987+0000] {taskinstance.py:1308} INFO - Starting attempt 1 of 6
[2023-05-24T15:31:17.930+0000] {taskinstance.py:1327} INFO - Executing <Task(_PythonDecoratedOperator): get_name> on 2023-04-25 00:00:00+00:00
[2023-05-24T15:31:17.959+0000] {standard_task_runner.py:57} INFO - Started process 3847 to run task
[2023-05-24T15:31:18.004+0000] {standard_task_runner.py:84} INFO - Running: ['***', 'tasks', 'run', 'dag_with_taskflow_api_v02', 'get_name', 'scheduled__2023-04-25T00:00:00+00:00', '--job-id', '1638', '--raw', '--subdir', 'DAGS_FOLDER/first_dag.py', '--cfg-path', '/tmp/tmpvu18_rk2']
[2023-05-24T15:31:18.060+0000] {standard_task_runner.py:85} INFO - Job 1638: Subtask get_name
[2023-05-24T15:31:18.666+0000] {task_command.py:410} INFO - Running <TaskInstance: dag_with_taskflow_api_v02.get_name scheduled__2023-04-25T00:00:00+00:00 [running]> on host 942de29f183d
[2023-05-24T15:31:19.288+0000] {taskinstance.py:1547} INFO - Exporting env vars: AIRFLOW_CTX_DAG_OWNER='Sai' AIRFLOW_CTX_DAG_ID='dag_with_taskflow_api_v02' AIRFLOW_CTX_TASK_ID='get_name' AIRFLOW_CTX_EXECUTION_DATE='2023-04-25T00:00:00+00:00' AIRFLOW_CTX_TRY_NUMBER='1' AIRFLOW_CTX_DAG_RUN_ID='scheduled__2023-04-25T00:00:00+00:00'
[2023-05-24T15:31:19.289+0000] {python.py:183} INFO - Done. Returned value was: {'first_name': 'Sai', 'last_name': 'Tr'}
[2023-05-24T15:31:19.470+0000] {taskinstance.py:1350} INFO - Marking task as SUCCESS. dag_id=dag_with_taskflow_api_v02, task_id=get_name, execution_date=20230425T000000, start_date=20230524T153116, end_date=20230524T153119
[2023-05-24T15:31:19.579+0000] {local_task_job_runner.py:225} INFO - Task exited with return code 0
[2023-05-24T15:31:20.629+0000] {taskinstance.py:2651} INFO - 0 downstream tasks scheduled from follow-on schedule check
[2023-05-25T07:03:54.235+0000] {taskinstance.py:1103} INFO - Dependencies all met for dep_context=non-requeueable deps ti=<TaskInstance: dag_with_taskflow_api_v02.get_name scheduled__2023-04-25T00:00:00+00:00 [queued]>
[2023-05-25T07:03:54.360+0000] {taskinstance.py:1103} INFO - Dependencies all met for dep_context=requeueable deps ti=<TaskInstance: dag_with_taskflow_api_v02.get_name scheduled__2023-04-25T00:00:00+00:00 [queued]>
[2023-05-25T07:03:54.361+0000] {taskinstance.py:1308} INFO - Starting attempt 1 of 6
[2023-05-25T07:03:54.490+0000] {taskinstance.py:1327} INFO - Executing <Task(_PythonDecoratedOperator): get_name> on 2023-04-25 00:00:00+00:00
[2023-05-25T07:03:54.496+0000] {standard_task_runner.py:57} INFO - Started process 5376 to run task
[2023-05-25T07:03:54.534+0000] {standard_task_runner.py:84} INFO - Running: ['***', 'tasks', 'run', 'dag_with_taskflow_api_v02', 'get_name', 'scheduled__2023-04-25T00:00:00+00:00', '--job-id', '1643', '--raw', '--subdir', 'DAGS_FOLDER/first_dag.py', '--cfg-path', '/tmp/tmp8ly5hi7x']
[2023-05-25T07:03:54.557+0000] {standard_task_runner.py:85} INFO - Job 1643: Subtask get_name
[2023-05-25T07:03:54.871+0000] {task_command.py:410} INFO - Running <TaskInstance: dag_with_taskflow_api_v02.get_name scheduled__2023-04-25T00:00:00+00:00 [running]> on host 6bd07c7477d9
[2023-05-25T07:03:55.466+0000] {taskinstance.py:1547} INFO - Exporting env vars: AIRFLOW_CTX_DAG_OWNER='Sai' AIRFLOW_CTX_DAG_ID='dag_with_taskflow_api_v02' AIRFLOW_CTX_TASK_ID='get_name' AIRFLOW_CTX_EXECUTION_DATE='2023-04-25T00:00:00+00:00' AIRFLOW_CTX_TRY_NUMBER='1' AIRFLOW_CTX_DAG_RUN_ID='scheduled__2023-04-25T00:00:00+00:00'
[2023-05-25T07:03:55.468+0000] {python.py:183} INFO - Done. Returned value was: {'first_name': 'Sai', 'last_name': 'Tr'}
[2023-05-25T07:03:55.625+0000] {taskinstance.py:1350} INFO - Marking task as SUCCESS. dag_id=dag_with_taskflow_api_v02, task_id=get_name, execution_date=20230425T000000, start_date=20230525T070354, end_date=20230525T070355
[2023-05-25T07:03:55.758+0000] {local_task_job_runner.py:225} INFO - Task exited with return code 0
[2023-05-25T07:03:56.283+0000] {taskinstance.py:2651} INFO - 1 downstream tasks scheduled from follow-on schedule check
[2023-05-25T10:38:29.332+0000] {taskinstance.py:1103} INFO - Dependencies all met for dep_context=non-requeueable deps ti=<TaskInstance: dag_with_taskflow_api_v02.get_name scheduled__2023-04-25T00:00:00+00:00 [queued]>
[2023-05-25T10:38:29.412+0000] {taskinstance.py:1103} INFO - Dependencies all met for dep_context=requeueable deps ti=<TaskInstance: dag_with_taskflow_api_v02.get_name scheduled__2023-04-25T00:00:00+00:00 [queued]>
[2023-05-25T10:38:29.417+0000] {taskinstance.py:1308} INFO - Starting attempt 1 of 6
[2023-05-25T10:38:29.585+0000] {taskinstance.py:1327} INFO - Executing <Task(_PythonDecoratedOperator): get_name> on 2023-04-25 00:00:00+00:00
[2023-05-25T10:38:29.611+0000] {standard_task_runner.py:57} INFO - Started process 5018 to run task
[2023-05-25T10:38:29.660+0000] {standard_task_runner.py:84} INFO - Running: ['***', 'tasks', 'run', 'dag_with_taskflow_api_v02', 'get_name', 'scheduled__2023-04-25T00:00:00+00:00', '--job-id', '1649', '--raw', '--subdir', 'DAGS_FOLDER/first_dag.py', '--cfg-path', '/tmp/tmpv6z5k9at']
[2023-05-25T10:38:29.672+0000] {standard_task_runner.py:85} INFO - Job 1649: Subtask get_name
[2023-05-25T10:38:30.238+0000] {task_command.py:410} INFO - Running <TaskInstance: dag_with_taskflow_api_v02.get_name scheduled__2023-04-25T00:00:00+00:00 [running]> on host b1ae37a9584e
[2023-05-25T10:38:31.164+0000] {taskinstance.py:1547} INFO - Exporting env vars: AIRFLOW_CTX_DAG_OWNER='Sai' AIRFLOW_CTX_DAG_ID='dag_with_taskflow_api_v02' AIRFLOW_CTX_TASK_ID='get_name' AIRFLOW_CTX_EXECUTION_DATE='2023-04-25T00:00:00+00:00' AIRFLOW_CTX_TRY_NUMBER='1' AIRFLOW_CTX_DAG_RUN_ID='scheduled__2023-04-25T00:00:00+00:00'
[2023-05-25T10:38:31.165+0000] {python.py:183} INFO - Done. Returned value was: {'first_name': 'Sai', 'last_name': 'Tr'}
[2023-05-25T10:38:31.428+0000] {taskinstance.py:1350} INFO - Marking task as SUCCESS. dag_id=dag_with_taskflow_api_v02, task_id=get_name, execution_date=20230425T000000, start_date=20230525T103829, end_date=20230525T103831
[2023-05-25T10:38:31.594+0000] {local_task_job_runner.py:225} INFO - Task exited with return code 0
[2023-05-25T10:38:32.204+0000] {taskinstance.py:2651} INFO - 0 downstream tasks scheduled from follow-on schedule check
