[2023-05-24T15:19:52.663+0000] {taskinstance.py:1103} INFO - Dependencies all met for dep_context=non-requeueable deps ti=<TaskInstance: dag_with_taskflow_api_v02.get_age scheduled__2022-03-29T00:00:00+00:00 [queued]>
[2023-05-24T15:19:52.742+0000] {taskinstance.py:1103} INFO - Dependencies all met for dep_context=requeueable deps ti=<TaskInstance: dag_with_taskflow_api_v02.get_age scheduled__2022-03-29T00:00:00+00:00 [queued]>
[2023-05-24T15:19:52.742+0000] {taskinstance.py:1308} INFO - Starting attempt 1 of 6
[2023-05-24T15:19:53.556+0000] {taskinstance.py:1327} INFO - Executing <Task(_PythonDecoratedOperator): get_age> on 2022-03-29 00:00:00+00:00
[2023-05-24T15:19:53.563+0000] {standard_task_runner.py:57} INFO - Started process 1221 to run task
[2023-05-24T15:19:53.627+0000] {standard_task_runner.py:84} INFO - Running: ['***', 'tasks', 'run', 'dag_with_taskflow_api_v02', 'get_age', 'scheduled__2022-03-29T00:00:00+00:00', '--job-id', '459', '--raw', '--subdir', 'DAGS_FOLDER/first_dag.py', '--cfg-path', '/tmp/tmp8a_2o87t']
[2023-05-24T15:19:53.652+0000] {standard_task_runner.py:85} INFO - Job 459: Subtask get_age
[2023-05-24T15:19:54.119+0000] {task_command.py:410} INFO - Running <TaskInstance: dag_with_taskflow_api_v02.get_age scheduled__2022-03-29T00:00:00+00:00 [running]> on host 942de29f183d
[2023-05-24T15:19:55.327+0000] {taskinstance.py:1547} INFO - Exporting env vars: AIRFLOW_CTX_DAG_OWNER='Sai' AIRFLOW_CTX_DAG_ID='dag_with_taskflow_api_v02' AIRFLOW_CTX_TASK_ID='get_age' AIRFLOW_CTX_EXECUTION_DATE='2022-03-29T00:00:00+00:00' AIRFLOW_CTX_TRY_NUMBER='1' AIRFLOW_CTX_DAG_RUN_ID='scheduled__2022-03-29T00:00:00+00:00'
[2023-05-24T15:19:55.328+0000] {python.py:183} INFO - Done. Returned value was: 19
[2023-05-24T15:19:55.493+0000] {taskinstance.py:1350} INFO - Marking task as SUCCESS. dag_id=dag_with_taskflow_api_v02, task_id=get_age, execution_date=20220329T000000, start_date=20230524T151952, end_date=20230524T151955
[2023-05-24T15:19:55.650+0000] {local_task_job_runner.py:225} INFO - Task exited with return code 0
[2023-05-24T15:19:55.942+0000] {taskinstance.py:2651} INFO - 0 downstream tasks scheduled from follow-on schedule check
[2023-05-25T06:53:09.665+0000] {taskinstance.py:1103} INFO - Dependencies all met for dep_context=non-requeueable deps ti=<TaskInstance: dag_with_taskflow_api_v02.get_age scheduled__2022-03-29T00:00:00+00:00 [queued]>
[2023-05-25T06:53:09.794+0000] {taskinstance.py:1103} INFO - Dependencies all met for dep_context=requeueable deps ti=<TaskInstance: dag_with_taskflow_api_v02.get_age scheduled__2022-03-29T00:00:00+00:00 [queued]>
[2023-05-25T06:53:09.795+0000] {taskinstance.py:1308} INFO - Starting attempt 1 of 6
[2023-05-25T06:53:10.014+0000] {taskinstance.py:1327} INFO - Executing <Task(_PythonDecoratedOperator): get_age> on 2022-03-29 00:00:00+00:00
[2023-05-25T06:53:10.063+0000] {standard_task_runner.py:57} INFO - Started process 2766 to run task
[2023-05-25T06:53:10.151+0000] {standard_task_runner.py:84} INFO - Running: ['***', 'tasks', 'run', 'dag_with_taskflow_api_v02', 'get_age', 'scheduled__2022-03-29T00:00:00+00:00', '--job-id', '461', '--raw', '--subdir', 'DAGS_FOLDER/first_dag.py', '--cfg-path', '/tmp/tmpfnluyuhj']
[2023-05-25T06:53:10.182+0000] {standard_task_runner.py:85} INFO - Job 461: Subtask get_age
[2023-05-25T06:53:10.482+0000] {task_command.py:410} INFO - Running <TaskInstance: dag_with_taskflow_api_v02.get_age scheduled__2022-03-29T00:00:00+00:00 [running]> on host 6bd07c7477d9
[2023-05-25T06:53:11.384+0000] {taskinstance.py:1547} INFO - Exporting env vars: AIRFLOW_CTX_DAG_OWNER='Sai' AIRFLOW_CTX_DAG_ID='dag_with_taskflow_api_v02' AIRFLOW_CTX_TASK_ID='get_age' AIRFLOW_CTX_EXECUTION_DATE='2022-03-29T00:00:00+00:00' AIRFLOW_CTX_TRY_NUMBER='1' AIRFLOW_CTX_DAG_RUN_ID='scheduled__2022-03-29T00:00:00+00:00'
[2023-05-25T06:53:11.385+0000] {python.py:183} INFO - Done. Returned value was: 19
[2023-05-25T06:53:11.520+0000] {taskinstance.py:1350} INFO - Marking task as SUCCESS. dag_id=dag_with_taskflow_api_v02, task_id=get_age, execution_date=20220329T000000, start_date=20230525T065309, end_date=20230525T065311
[2023-05-25T06:53:11.656+0000] {local_task_job_runner.py:225} INFO - Task exited with return code 0
[2023-05-25T06:53:11.902+0000] {taskinstance.py:2651} INFO - 0 downstream tasks scheduled from follow-on schedule check
[2023-05-25T10:24:20.588+0000] {taskinstance.py:1103} INFO - Dependencies all met for dep_context=non-requeueable deps ti=<TaskInstance: dag_with_taskflow_api_v02.get_age scheduled__2022-03-29T00:00:00+00:00 [queued]>
[2023-05-25T10:24:20.642+0000] {taskinstance.py:1103} INFO - Dependencies all met for dep_context=requeueable deps ti=<TaskInstance: dag_with_taskflow_api_v02.get_age scheduled__2022-03-29T00:00:00+00:00 [queued]>
[2023-05-25T10:24:20.648+0000] {taskinstance.py:1308} INFO - Starting attempt 1 of 6
[2023-05-25T10:24:21.144+0000] {taskinstance.py:1327} INFO - Executing <Task(_PythonDecoratedOperator): get_age> on 2022-03-29 00:00:00+00:00
[2023-05-25T10:24:21.173+0000] {standard_task_runner.py:57} INFO - Started process 2312 to run task
[2023-05-25T10:24:21.267+0000] {standard_task_runner.py:84} INFO - Running: ['***', 'tasks', 'run', 'dag_with_taskflow_api_v02', 'get_age', 'scheduled__2022-03-29T00:00:00+00:00', '--job-id', '460', '--raw', '--subdir', 'DAGS_FOLDER/first_dag.py', '--cfg-path', '/tmp/tmpl4lv1hfj']
[2023-05-25T10:24:21.277+0000] {standard_task_runner.py:85} INFO - Job 460: Subtask get_age
[2023-05-25T10:24:21.579+0000] {task_command.py:410} INFO - Running <TaskInstance: dag_with_taskflow_api_v02.get_age scheduled__2022-03-29T00:00:00+00:00 [running]> on host b1ae37a9584e
[2023-05-25T10:24:22.278+0000] {taskinstance.py:1547} INFO - Exporting env vars: AIRFLOW_CTX_DAG_OWNER='Sai' AIRFLOW_CTX_DAG_ID='dag_with_taskflow_api_v02' AIRFLOW_CTX_TASK_ID='get_age' AIRFLOW_CTX_EXECUTION_DATE='2022-03-29T00:00:00+00:00' AIRFLOW_CTX_TRY_NUMBER='1' AIRFLOW_CTX_DAG_RUN_ID='scheduled__2022-03-29T00:00:00+00:00'
[2023-05-25T10:24:22.279+0000] {python.py:183} INFO - Done. Returned value was: 19
[2023-05-25T10:24:22.359+0000] {taskinstance.py:1350} INFO - Marking task as SUCCESS. dag_id=dag_with_taskflow_api_v02, task_id=get_age, execution_date=20220329T000000, start_date=20230525T102420, end_date=20230525T102422
[2023-05-25T10:24:22.462+0000] {local_task_job_runner.py:225} INFO - Task exited with return code 0
[2023-05-25T10:24:22.594+0000] {taskinstance.py:2651} INFO - 0 downstream tasks scheduled from follow-on schedule check
