[2023-05-24T15:15:35.448+0000] {taskinstance.py:1103} INFO - Dependencies all met for dep_context=non-requeueable deps ti=<TaskInstance: dag_with_taskflow_api_v02.greet scheduled__2021-11-08T00:00:00+00:00 [queued]>
[2023-05-24T15:15:35.468+0000] {taskinstance.py:1103} INFO - Dependencies all met for dep_context=requeueable deps ti=<TaskInstance: dag_with_taskflow_api_v02.greet scheduled__2021-11-08T00:00:00+00:00 [queued]>
[2023-05-24T15:15:35.468+0000] {taskinstance.py:1308} INFO - Starting attempt 1 of 6
[2023-05-24T15:15:35.501+0000] {taskinstance.py:1327} INFO - Executing <Task(_PythonDecoratedOperator): greet> on 2021-11-08 00:00:00+00:00
[2023-05-24T15:15:35.510+0000] {standard_task_runner.py:57} INFO - Started process 294 to run task
[2023-05-24T15:15:35.517+0000] {standard_task_runner.py:84} INFO - Running: ['***', 'tasks', 'run', 'dag_with_taskflow_api_v02', 'greet', 'scheduled__2021-11-08T00:00:00+00:00', '--job-id', '49', '--raw', '--subdir', 'DAGS_FOLDER/first_dag.py', '--cfg-path', '/tmp/tmp61vin16d']
[2023-05-24T15:15:35.520+0000] {standard_task_runner.py:85} INFO - Job 49: Subtask greet
[2023-05-24T15:15:35.597+0000] {task_command.py:410} INFO - Running <TaskInstance: dag_with_taskflow_api_v02.greet scheduled__2021-11-08T00:00:00+00:00 [running]> on host 942de29f183d
[2023-05-24T15:15:35.925+0000] {taskinstance.py:1547} INFO - Exporting env vars: AIRFLOW_CTX_DAG_OWNER='Sai' AIRFLOW_CTX_DAG_ID='dag_with_taskflow_api_v02' AIRFLOW_CTX_TASK_ID='greet' AIRFLOW_CTX_EXECUTION_DATE='2021-11-08T00:00:00+00:00' AIRFLOW_CTX_TRY_NUMBER='1' AIRFLOW_CTX_DAG_RUN_ID='scheduled__2021-11-08T00:00:00+00:00'
[2023-05-24T15:15:35.932+0000] {logging_mixin.py:149} INFO - Hello World! My name is Sai Tr and I am 19 years old!
[2023-05-24T15:15:35.932+0000] {python.py:183} INFO - Done. Returned value was: None
[2023-05-24T15:15:35.956+0000] {taskinstance.py:1350} INFO - Marking task as SUCCESS. dag_id=dag_with_taskflow_api_v02, task_id=greet, execution_date=20211108T000000, start_date=20230524T151535, end_date=20230524T151535
[2023-05-24T15:15:36.011+0000] {local_task_job_runner.py:225} INFO - Task exited with return code 0
[2023-05-24T15:15:36.067+0000] {taskinstance.py:2651} INFO - 0 downstream tasks scheduled from follow-on schedule check
[2023-05-25T06:49:22.185+0000] {taskinstance.py:1103} INFO - Dependencies all met for dep_context=non-requeueable deps ti=<TaskInstance: dag_with_taskflow_api_v02.greet scheduled__2021-11-08T00:00:00+00:00 [queued]>
[2023-05-25T06:49:22.201+0000] {taskinstance.py:1103} INFO - Dependencies all met for dep_context=requeueable deps ti=<TaskInstance: dag_with_taskflow_api_v02.greet scheduled__2021-11-08T00:00:00+00:00 [queued]>
[2023-05-25T06:49:22.202+0000] {taskinstance.py:1308} INFO - Starting attempt 1 of 6
[2023-05-25T06:49:22.226+0000] {taskinstance.py:1327} INFO - Executing <Task(_PythonDecoratedOperator): greet> on 2021-11-08 00:00:00+00:00
[2023-05-25T06:49:22.233+0000] {standard_task_runner.py:57} INFO - Started process 1835 to run task
[2023-05-25T06:49:22.238+0000] {standard_task_runner.py:84} INFO - Running: ['***', 'tasks', 'run', 'dag_with_taskflow_api_v02', 'greet', 'scheduled__2021-11-08T00:00:00+00:00', '--job-id', '50', '--raw', '--subdir', 'DAGS_FOLDER/first_dag.py', '--cfg-path', '/tmp/tmp7o51pzd3']
[2023-05-25T06:49:22.241+0000] {standard_task_runner.py:85} INFO - Job 50: Subtask greet
[2023-05-25T06:49:22.311+0000] {task_command.py:410} INFO - Running <TaskInstance: dag_with_taskflow_api_v02.greet scheduled__2021-11-08T00:00:00+00:00 [running]> on host 6bd07c7477d9
[2023-05-25T06:49:22.481+0000] {taskinstance.py:1547} INFO - Exporting env vars: AIRFLOW_CTX_DAG_OWNER='Sai' AIRFLOW_CTX_DAG_ID='dag_with_taskflow_api_v02' AIRFLOW_CTX_TASK_ID='greet' AIRFLOW_CTX_EXECUTION_DATE='2021-11-08T00:00:00+00:00' AIRFLOW_CTX_TRY_NUMBER='1' AIRFLOW_CTX_DAG_RUN_ID='scheduled__2021-11-08T00:00:00+00:00'
[2023-05-25T06:49:22.483+0000] {logging_mixin.py:149} INFO - Hello World! My name is Sai Tr and I am 19 years old!
[2023-05-25T06:49:22.483+0000] {python.py:183} INFO - Done. Returned value was: None
[2023-05-25T06:49:22.504+0000] {taskinstance.py:1350} INFO - Marking task as SUCCESS. dag_id=dag_with_taskflow_api_v02, task_id=greet, execution_date=20211108T000000, start_date=20230525T064922, end_date=20230525T064922
[2023-05-25T06:49:22.530+0000] {local_task_job_runner.py:225} INFO - Task exited with return code 0
[2023-05-25T06:49:22.555+0000] {taskinstance.py:2651} INFO - 0 downstream tasks scheduled from follow-on schedule check
[2023-05-25T10:18:55.265+0000] {taskinstance.py:1103} INFO - Dependencies all met for dep_context=non-requeueable deps ti=<TaskInstance: dag_with_taskflow_api_v02.greet scheduled__2021-11-08T00:00:00+00:00 [queued]>
[2023-05-25T10:18:55.310+0000] {taskinstance.py:1103} INFO - Dependencies all met for dep_context=requeueable deps ti=<TaskInstance: dag_with_taskflow_api_v02.greet scheduled__2021-11-08T00:00:00+00:00 [queued]>
[2023-05-25T10:18:55.311+0000] {taskinstance.py:1308} INFO - Starting attempt 1 of 6
[2023-05-25T10:18:55.384+0000] {taskinstance.py:1327} INFO - Executing <Task(_PythonDecoratedOperator): greet> on 2021-11-08 00:00:00+00:00
[2023-05-25T10:18:55.398+0000] {standard_task_runner.py:57} INFO - Started process 1339 to run task
[2023-05-25T10:18:55.435+0000] {standard_task_runner.py:84} INFO - Running: ['***', 'tasks', 'run', 'dag_with_taskflow_api_v02', 'greet', 'scheduled__2021-11-08T00:00:00+00:00', '--job-id', '42', '--raw', '--subdir', 'DAGS_FOLDER/first_dag.py', '--cfg-path', '/tmp/tmpjlvokfsx']
[2023-05-25T10:18:55.446+0000] {standard_task_runner.py:85} INFO - Job 42: Subtask greet
[2023-05-25T10:18:55.669+0000] {task_command.py:410} INFO - Running <TaskInstance: dag_with_taskflow_api_v02.greet scheduled__2021-11-08T00:00:00+00:00 [running]> on host b1ae37a9584e
[2023-05-25T10:18:56.583+0000] {taskinstance.py:1547} INFO - Exporting env vars: AIRFLOW_CTX_DAG_OWNER='Sai' AIRFLOW_CTX_DAG_ID='dag_with_taskflow_api_v02' AIRFLOW_CTX_TASK_ID='greet' AIRFLOW_CTX_EXECUTION_DATE='2021-11-08T00:00:00+00:00' AIRFLOW_CTX_TRY_NUMBER='1' AIRFLOW_CTX_DAG_RUN_ID='scheduled__2021-11-08T00:00:00+00:00'
[2023-05-25T10:18:56.585+0000] {logging_mixin.py:149} INFO - Hello World! My name is Sai Tr and I am 19 years old!
[2023-05-25T10:18:56.585+0000] {python.py:183} INFO - Done. Returned value was: None
[2023-05-25T10:18:56.683+0000] {taskinstance.py:1350} INFO - Marking task as SUCCESS. dag_id=dag_with_taskflow_api_v02, task_id=greet, execution_date=20211108T000000, start_date=20230525T101855, end_date=20230525T101856
[2023-05-25T10:18:56.915+0000] {local_task_job_runner.py:225} INFO - Task exited with return code 0
[2023-05-25T10:18:57.180+0000] {taskinstance.py:2651} INFO - 0 downstream tasks scheduled from follow-on schedule check
