[2023-05-24T15:30:28.895+0000] {taskinstance.py:1103} INFO - Dependencies all met for dep_context=non-requeueable deps ti=<TaskInstance: dag_with_taskflow_api_v02.get_age scheduled__2023-03-27T00:00:00+00:00 [queued]>
[2023-05-24T15:30:28.984+0000] {taskinstance.py:1103} INFO - Dependencies all met for dep_context=requeueable deps ti=<TaskInstance: dag_with_taskflow_api_v02.get_age scheduled__2023-03-27T00:00:00+00:00 [queued]>
[2023-05-24T15:30:28.985+0000] {taskinstance.py:1308} INFO - Starting attempt 1 of 6
[2023-05-24T15:30:29.202+0000] {taskinstance.py:1327} INFO - Executing <Task(_PythonDecoratedOperator): get_age> on 2023-03-27 00:00:00+00:00
[2023-05-24T15:30:29.255+0000] {standard_task_runner.py:57} INFO - Started process 3644 to run task
[2023-05-24T15:30:29.283+0000] {standard_task_runner.py:84} INFO - Running: ['***', 'tasks', 'run', 'dag_with_taskflow_api_v02', 'get_age', 'scheduled__2023-03-27T00:00:00+00:00', '--job-id', '1549', '--raw', '--subdir', 'DAGS_FOLDER/first_dag.py', '--cfg-path', '/tmp/tmpi64570mn']
[2023-05-24T15:30:29.310+0000] {standard_task_runner.py:85} INFO - Job 1549: Subtask get_age
[2023-05-24T15:30:29.621+0000] {task_command.py:410} INFO - Running <TaskInstance: dag_with_taskflow_api_v02.get_age scheduled__2023-03-27T00:00:00+00:00 [running]> on host 942de29f183d
[2023-05-24T15:30:30.059+0000] {taskinstance.py:1547} INFO - Exporting env vars: AIRFLOW_CTX_DAG_OWNER='Sai' AIRFLOW_CTX_DAG_ID='dag_with_taskflow_api_v02' AIRFLOW_CTX_TASK_ID='get_age' AIRFLOW_CTX_EXECUTION_DATE='2023-03-27T00:00:00+00:00' AIRFLOW_CTX_TRY_NUMBER='1' AIRFLOW_CTX_DAG_RUN_ID='scheduled__2023-03-27T00:00:00+00:00'
[2023-05-24T15:30:30.060+0000] {python.py:183} INFO - Done. Returned value was: 19
[2023-05-24T15:30:30.141+0000] {taskinstance.py:1350} INFO - Marking task as SUCCESS. dag_id=dag_with_taskflow_api_v02, task_id=get_age, execution_date=20230327T000000, start_date=20230524T153028, end_date=20230524T153030
[2023-05-24T15:30:30.249+0000] {local_task_job_runner.py:225} INFO - Task exited with return code 0
[2023-05-24T15:30:30.380+0000] {taskinstance.py:2651} INFO - 0 downstream tasks scheduled from follow-on schedule check
[2023-05-25T07:03:02.542+0000] {taskinstance.py:1103} INFO - Dependencies all met for dep_context=non-requeueable deps ti=<TaskInstance: dag_with_taskflow_api_v02.get_age scheduled__2023-03-27T00:00:00+00:00 [queued]>
[2023-05-25T07:03:02.588+0000] {taskinstance.py:1103} INFO - Dependencies all met for dep_context=requeueable deps ti=<TaskInstance: dag_with_taskflow_api_v02.get_age scheduled__2023-03-27T00:00:00+00:00 [queued]>
[2023-05-25T07:03:02.588+0000] {taskinstance.py:1308} INFO - Starting attempt 1 of 6
[2023-05-25T07:03:02.657+0000] {taskinstance.py:1327} INFO - Executing <Task(_PythonDecoratedOperator): get_age> on 2023-03-27 00:00:00+00:00
[2023-05-25T07:03:02.666+0000] {standard_task_runner.py:57} INFO - Started process 5168 to run task
[2023-05-25T07:03:02.697+0000] {standard_task_runner.py:84} INFO - Running: ['***', 'tasks', 'run', 'dag_with_taskflow_api_v02', 'get_age', 'scheduled__2023-03-27T00:00:00+00:00', '--job-id', '1553', '--raw', '--subdir', 'DAGS_FOLDER/first_dag.py', '--cfg-path', '/tmp/tmpgfpzmk57']
[2023-05-25T07:03:02.700+0000] {standard_task_runner.py:85} INFO - Job 1553: Subtask get_age
[2023-05-25T07:03:02.951+0000] {task_command.py:410} INFO - Running <TaskInstance: dag_with_taskflow_api_v02.get_age scheduled__2023-03-27T00:00:00+00:00 [running]> on host 6bd07c7477d9
[2023-05-25T07:03:03.547+0000] {taskinstance.py:1547} INFO - Exporting env vars: AIRFLOW_CTX_DAG_OWNER='Sai' AIRFLOW_CTX_DAG_ID='dag_with_taskflow_api_v02' AIRFLOW_CTX_TASK_ID='get_age' AIRFLOW_CTX_EXECUTION_DATE='2023-03-27T00:00:00+00:00' AIRFLOW_CTX_TRY_NUMBER='1' AIRFLOW_CTX_DAG_RUN_ID='scheduled__2023-03-27T00:00:00+00:00'
[2023-05-25T07:03:03.550+0000] {python.py:183} INFO - Done. Returned value was: 19
[2023-05-25T07:03:03.652+0000] {taskinstance.py:1350} INFO - Marking task as SUCCESS. dag_id=dag_with_taskflow_api_v02, task_id=get_age, execution_date=20230327T000000, start_date=20230525T070302, end_date=20230525T070303
[2023-05-25T07:03:03.755+0000] {local_task_job_runner.py:225} INFO - Task exited with return code 0
[2023-05-25T07:03:03.982+0000] {taskinstance.py:2651} INFO - 0 downstream tasks scheduled from follow-on schedule check
[2023-05-25T10:37:35.201+0000] {taskinstance.py:1103} INFO - Dependencies all met for dep_context=non-requeueable deps ti=<TaskInstance: dag_with_taskflow_api_v02.get_age scheduled__2023-03-27T00:00:00+00:00 [queued]>
[2023-05-25T10:37:35.294+0000] {taskinstance.py:1103} INFO - Dependencies all met for dep_context=requeueable deps ti=<TaskInstance: dag_with_taskflow_api_v02.get_age scheduled__2023-03-27T00:00:00+00:00 [queued]>
[2023-05-25T10:37:35.295+0000] {taskinstance.py:1308} INFO - Starting attempt 1 of 6
[2023-05-25T10:37:35.883+0000] {taskinstance.py:1327} INFO - Executing <Task(_PythonDecoratedOperator): get_age> on 2023-03-27 00:00:00+00:00
[2023-05-25T10:37:35.919+0000] {standard_task_runner.py:57} INFO - Started process 4828 to run task
[2023-05-25T10:37:35.946+0000] {standard_task_runner.py:84} INFO - Running: ['***', 'tasks', 'run', 'dag_with_taskflow_api_v02', 'get_age', 'scheduled__2023-03-27T00:00:00+00:00', '--job-id', '1564', '--raw', '--subdir', 'DAGS_FOLDER/first_dag.py', '--cfg-path', '/tmp/tmpgin0zkpr']
[2023-05-25T10:37:35.950+0000] {standard_task_runner.py:85} INFO - Job 1564: Subtask get_age
[2023-05-25T10:37:36.327+0000] {task_command.py:410} INFO - Running <TaskInstance: dag_with_taskflow_api_v02.get_age scheduled__2023-03-27T00:00:00+00:00 [running]> on host b1ae37a9584e
[2023-05-25T10:37:37.379+0000] {taskinstance.py:1547} INFO - Exporting env vars: AIRFLOW_CTX_DAG_OWNER='Sai' AIRFLOW_CTX_DAG_ID='dag_with_taskflow_api_v02' AIRFLOW_CTX_TASK_ID='get_age' AIRFLOW_CTX_EXECUTION_DATE='2023-03-27T00:00:00+00:00' AIRFLOW_CTX_TRY_NUMBER='1' AIRFLOW_CTX_DAG_RUN_ID='scheduled__2023-03-27T00:00:00+00:00'
[2023-05-25T10:37:37.380+0000] {python.py:183} INFO - Done. Returned value was: 19
[2023-05-25T10:37:37.504+0000] {taskinstance.py:1350} INFO - Marking task as SUCCESS. dag_id=dag_with_taskflow_api_v02, task_id=get_age, execution_date=20230327T000000, start_date=20230525T103735, end_date=20230525T103737
[2023-05-25T10:37:37.595+0000] {local_task_job_runner.py:225} INFO - Task exited with return code 0
[2023-05-25T10:37:37.754+0000] {taskinstance.py:2651} INFO - 1 downstream tasks scheduled from follow-on schedule check
