[2023-05-24T15:26:21.304+0000] {taskinstance.py:1103} INFO - Dependencies all met for dep_context=non-requeueable deps ti=<TaskInstance: dag_with_taskflow_api_v02.get_name scheduled__2022-10-27T00:00:00+00:00 [queued]>
[2023-05-24T15:26:21.406+0000] {taskinstance.py:1103} INFO - Dependencies all met for dep_context=requeueable deps ti=<TaskInstance: dag_with_taskflow_api_v02.get_name scheduled__2022-10-27T00:00:00+00:00 [queued]>
[2023-05-24T15:26:21.407+0000] {taskinstance.py:1308} INFO - Starting attempt 1 of 6
[2023-05-24T15:26:21.557+0000] {taskinstance.py:1327} INFO - Executing <Task(_PythonDecoratedOperator): get_name> on 2022-10-27 00:00:00+00:00
[2023-05-24T15:26:21.576+0000] {standard_task_runner.py:57} INFO - Started process 2644 to run task
[2023-05-24T15:26:21.596+0000] {standard_task_runner.py:84} INFO - Running: ['***', 'tasks', 'run', 'dag_with_taskflow_api_v02', 'get_name', 'scheduled__2022-10-27T00:00:00+00:00', '--job-id', '1095', '--raw', '--subdir', 'DAGS_FOLDER/first_dag.py', '--cfg-path', '/tmp/tmp5soc744f']
[2023-05-24T15:26:21.631+0000] {standard_task_runner.py:85} INFO - Job 1095: Subtask get_name
[2023-05-24T15:26:21.971+0000] {task_command.py:410} INFO - Running <TaskInstance: dag_with_taskflow_api_v02.get_name scheduled__2022-10-27T00:00:00+00:00 [running]> on host 942de29f183d
[2023-05-24T15:26:22.697+0000] {taskinstance.py:1547} INFO - Exporting env vars: AIRFLOW_CTX_DAG_OWNER='Sai' AIRFLOW_CTX_DAG_ID='dag_with_taskflow_api_v02' AIRFLOW_CTX_TASK_ID='get_name' AIRFLOW_CTX_EXECUTION_DATE='2022-10-27T00:00:00+00:00' AIRFLOW_CTX_TRY_NUMBER='1' AIRFLOW_CTX_DAG_RUN_ID='scheduled__2022-10-27T00:00:00+00:00'
[2023-05-24T15:26:22.698+0000] {python.py:183} INFO - Done. Returned value was: {'first_name': 'Sai', 'last_name': 'Tr'}
[2023-05-24T15:26:22.936+0000] {taskinstance.py:1350} INFO - Marking task as SUCCESS. dag_id=dag_with_taskflow_api_v02, task_id=get_name, execution_date=20221027T000000, start_date=20230524T152621, end_date=20230524T152622
[2023-05-24T15:26:23.026+0000] {local_task_job_runner.py:225} INFO - Task exited with return code 0
[2023-05-24T15:26:23.250+0000] {taskinstance.py:2651} INFO - 0 downstream tasks scheduled from follow-on schedule check
[2023-05-25T06:58:56.753+0000] {taskinstance.py:1103} INFO - Dependencies all met for dep_context=non-requeueable deps ti=<TaskInstance: dag_with_taskflow_api_v02.get_name scheduled__2022-10-27T00:00:00+00:00 [queued]>
[2023-05-25T06:58:56.834+0000] {taskinstance.py:1103} INFO - Dependencies all met for dep_context=requeueable deps ti=<TaskInstance: dag_with_taskflow_api_v02.get_name scheduled__2022-10-27T00:00:00+00:00 [queued]>
[2023-05-25T06:58:56.835+0000] {taskinstance.py:1308} INFO - Starting attempt 1 of 6
[2023-05-25T06:58:57.655+0000] {taskinstance.py:1327} INFO - Executing <Task(_PythonDecoratedOperator): get_name> on 2022-10-27 00:00:00+00:00
[2023-05-25T06:58:57.692+0000] {standard_task_runner.py:57} INFO - Started process 4169 to run task
[2023-05-25T06:58:57.826+0000] {standard_task_runner.py:84} INFO - Running: ['***', 'tasks', 'run', 'dag_with_taskflow_api_v02', 'get_name', 'scheduled__2022-10-27T00:00:00+00:00', '--job-id', '1096', '--raw', '--subdir', 'DAGS_FOLDER/first_dag.py', '--cfg-path', '/tmp/tmp9l4wh5rr']
[2023-05-25T06:58:57.852+0000] {standard_task_runner.py:85} INFO - Job 1096: Subtask get_name
[2023-05-25T06:58:58.395+0000] {task_command.py:410} INFO - Running <TaskInstance: dag_with_taskflow_api_v02.get_name scheduled__2022-10-27T00:00:00+00:00 [running]> on host 6bd07c7477d9
[2023-05-25T06:58:59.369+0000] {taskinstance.py:1547} INFO - Exporting env vars: AIRFLOW_CTX_DAG_OWNER='Sai' AIRFLOW_CTX_DAG_ID='dag_with_taskflow_api_v02' AIRFLOW_CTX_TASK_ID='get_name' AIRFLOW_CTX_EXECUTION_DATE='2022-10-27T00:00:00+00:00' AIRFLOW_CTX_TRY_NUMBER='1' AIRFLOW_CTX_DAG_RUN_ID='scheduled__2022-10-27T00:00:00+00:00'
[2023-05-25T06:58:59.373+0000] {python.py:183} INFO - Done. Returned value was: {'first_name': 'Sai', 'last_name': 'Tr'}
[2023-05-25T06:58:59.617+0000] {taskinstance.py:1350} INFO - Marking task as SUCCESS. dag_id=dag_with_taskflow_api_v02, task_id=get_name, execution_date=20221027T000000, start_date=20230525T065856, end_date=20230525T065859
[2023-05-25T06:58:59.974+0000] {local_task_job_runner.py:225} INFO - Task exited with return code 0
[2023-05-25T06:59:00.170+0000] {taskinstance.py:2651} INFO - 1 downstream tasks scheduled from follow-on schedule check
[2023-05-25T10:32:32.679+0000] {taskinstance.py:1103} INFO - Dependencies all met for dep_context=non-requeueable deps ti=<TaskInstance: dag_with_taskflow_api_v02.get_name scheduled__2022-10-27T00:00:00+00:00 [queued]>
[2023-05-25T10:32:32.788+0000] {taskinstance.py:1103} INFO - Dependencies all met for dep_context=requeueable deps ti=<TaskInstance: dag_with_taskflow_api_v02.get_name scheduled__2022-10-27T00:00:00+00:00 [queued]>
[2023-05-25T10:32:32.788+0000] {taskinstance.py:1308} INFO - Starting attempt 1 of 6
[2023-05-25T10:32:33.487+0000] {taskinstance.py:1327} INFO - Executing <Task(_PythonDecoratedOperator): get_name> on 2022-10-27 00:00:00+00:00
[2023-05-25T10:32:33.534+0000] {standard_task_runner.py:57} INFO - Started process 3803 to run task
[2023-05-25T10:32:33.576+0000] {standard_task_runner.py:84} INFO - Running: ['***', 'tasks', 'run', 'dag_with_taskflow_api_v02', 'get_name', 'scheduled__2022-10-27T00:00:00+00:00', '--job-id', '1109', '--raw', '--subdir', 'DAGS_FOLDER/first_dag.py', '--cfg-path', '/tmp/tmpvhrcvtx7']
[2023-05-25T10:32:33.579+0000] {standard_task_runner.py:85} INFO - Job 1109: Subtask get_name
[2023-05-25T10:32:34.004+0000] {task_command.py:410} INFO - Running <TaskInstance: dag_with_taskflow_api_v02.get_name scheduled__2022-10-27T00:00:00+00:00 [running]> on host b1ae37a9584e
[2023-05-25T10:32:34.889+0000] {taskinstance.py:1547} INFO - Exporting env vars: AIRFLOW_CTX_DAG_OWNER='Sai' AIRFLOW_CTX_DAG_ID='dag_with_taskflow_api_v02' AIRFLOW_CTX_TASK_ID='get_name' AIRFLOW_CTX_EXECUTION_DATE='2022-10-27T00:00:00+00:00' AIRFLOW_CTX_TRY_NUMBER='1' AIRFLOW_CTX_DAG_RUN_ID='scheduled__2022-10-27T00:00:00+00:00'
[2023-05-25T10:32:34.890+0000] {python.py:183} INFO - Done. Returned value was: {'first_name': 'Sai', 'last_name': 'Tr'}
[2023-05-25T10:32:35.178+0000] {taskinstance.py:1350} INFO - Marking task as SUCCESS. dag_id=dag_with_taskflow_api_v02, task_id=get_name, execution_date=20221027T000000, start_date=20230525T103232, end_date=20230525T103235
[2023-05-25T10:32:35.372+0000] {local_task_job_runner.py:225} INFO - Task exited with return code 0
[2023-05-25T10:32:35.755+0000] {taskinstance.py:2651} INFO - 1 downstream tasks scheduled from follow-on schedule check
