[2023-05-24T15:26:03.584+0000] {taskinstance.py:1103} INFO - Dependencies all met for dep_context=non-requeueable deps ti=<TaskInstance: dag_with_taskflow_api_v02.get_name scheduled__2022-10-16T00:00:00+00:00 [queued]>
[2023-05-24T15:26:03.690+0000] {taskinstance.py:1103} INFO - Dependencies all met for dep_context=requeueable deps ti=<TaskInstance: dag_with_taskflow_api_v02.get_name scheduled__2022-10-16T00:00:00+00:00 [queued]>
[2023-05-24T15:26:03.691+0000] {taskinstance.py:1308} INFO - Starting attempt 1 of 6
[2023-05-24T15:26:04.576+0000] {taskinstance.py:1327} INFO - Executing <Task(_PythonDecoratedOperator): get_name> on 2022-10-16 00:00:00+00:00
[2023-05-24T15:26:04.597+0000] {standard_task_runner.py:57} INFO - Started process 2567 to run task
[2023-05-24T15:26:04.664+0000] {standard_task_runner.py:84} INFO - Running: ['***', 'tasks', 'run', 'dag_with_taskflow_api_v02', 'get_name', 'scheduled__2022-10-16T00:00:00+00:00', '--job-id', '1062', '--raw', '--subdir', 'DAGS_FOLDER/first_dag.py', '--cfg-path', '/tmp/tmp6jvd04rb']
[2023-05-24T15:26:04.691+0000] {standard_task_runner.py:85} INFO - Job 1062: Subtask get_name
[2023-05-24T15:26:05.176+0000] {task_command.py:410} INFO - Running <TaskInstance: dag_with_taskflow_api_v02.get_name scheduled__2022-10-16T00:00:00+00:00 [running]> on host 942de29f183d
[2023-05-24T15:26:05.787+0000] {taskinstance.py:1547} INFO - Exporting env vars: AIRFLOW_CTX_DAG_OWNER='Sai' AIRFLOW_CTX_DAG_ID='dag_with_taskflow_api_v02' AIRFLOW_CTX_TASK_ID='get_name' AIRFLOW_CTX_EXECUTION_DATE='2022-10-16T00:00:00+00:00' AIRFLOW_CTX_TRY_NUMBER='1' AIRFLOW_CTX_DAG_RUN_ID='scheduled__2022-10-16T00:00:00+00:00'
[2023-05-24T15:26:05.788+0000] {python.py:183} INFO - Done. Returned value was: {'first_name': 'Sai', 'last_name': 'Tr'}
[2023-05-24T15:26:06.020+0000] {taskinstance.py:1350} INFO - Marking task as SUCCESS. dag_id=dag_with_taskflow_api_v02, task_id=get_name, execution_date=20221016T000000, start_date=20230524T152603, end_date=20230524T152606
[2023-05-24T15:26:06.255+0000] {local_task_job_runner.py:225} INFO - Task exited with return code 0
[2023-05-24T15:26:06.417+0000] {taskinstance.py:2651} INFO - 1 downstream tasks scheduled from follow-on schedule check
[2023-05-25T06:58:36.084+0000] {taskinstance.py:1103} INFO - Dependencies all met for dep_context=non-requeueable deps ti=<TaskInstance: dag_with_taskflow_api_v02.get_name scheduled__2022-10-16T00:00:00+00:00 [queued]>
[2023-05-25T06:58:36.154+0000] {taskinstance.py:1103} INFO - Dependencies all met for dep_context=requeueable deps ti=<TaskInstance: dag_with_taskflow_api_v02.get_name scheduled__2022-10-16T00:00:00+00:00 [queued]>
[2023-05-25T06:58:36.154+0000] {taskinstance.py:1308} INFO - Starting attempt 1 of 6
[2023-05-25T06:58:36.278+0000] {taskinstance.py:1327} INFO - Executing <Task(_PythonDecoratedOperator): get_name> on 2022-10-16 00:00:00+00:00
[2023-05-25T06:58:36.299+0000] {standard_task_runner.py:57} INFO - Started process 4084 to run task
[2023-05-25T06:58:36.322+0000] {standard_task_runner.py:84} INFO - Running: ['***', 'tasks', 'run', 'dag_with_taskflow_api_v02', 'get_name', 'scheduled__2022-10-16T00:00:00+00:00', '--job-id', '1063', '--raw', '--subdir', 'DAGS_FOLDER/first_dag.py', '--cfg-path', '/tmp/tmp_xxrujni']
[2023-05-25T06:58:36.330+0000] {standard_task_runner.py:85} INFO - Job 1063: Subtask get_name
[2023-05-25T06:58:36.523+0000] {task_command.py:410} INFO - Running <TaskInstance: dag_with_taskflow_api_v02.get_name scheduled__2022-10-16T00:00:00+00:00 [running]> on host 6bd07c7477d9
[2023-05-25T06:58:37.186+0000] {taskinstance.py:1547} INFO - Exporting env vars: AIRFLOW_CTX_DAG_OWNER='Sai' AIRFLOW_CTX_DAG_ID='dag_with_taskflow_api_v02' AIRFLOW_CTX_TASK_ID='get_name' AIRFLOW_CTX_EXECUTION_DATE='2022-10-16T00:00:00+00:00' AIRFLOW_CTX_TRY_NUMBER='1' AIRFLOW_CTX_DAG_RUN_ID='scheduled__2022-10-16T00:00:00+00:00'
[2023-05-25T06:58:37.187+0000] {python.py:183} INFO - Done. Returned value was: {'first_name': 'Sai', 'last_name': 'Tr'}
[2023-05-25T06:58:37.410+0000] {taskinstance.py:1350} INFO - Marking task as SUCCESS. dag_id=dag_with_taskflow_api_v02, task_id=get_name, execution_date=20221016T000000, start_date=20230525T065836, end_date=20230525T065837
[2023-05-25T06:58:37.507+0000] {local_task_job_runner.py:225} INFO - Task exited with return code 0
[2023-05-25T06:58:37.678+0000] {taskinstance.py:2651} INFO - 0 downstream tasks scheduled from follow-on schedule check
[2023-05-25T10:32:12.263+0000] {taskinstance.py:1103} INFO - Dependencies all met for dep_context=non-requeueable deps ti=<TaskInstance: dag_with_taskflow_api_v02.get_name scheduled__2022-10-16T00:00:00+00:00 [queued]>
[2023-05-25T10:32:12.297+0000] {taskinstance.py:1103} INFO - Dependencies all met for dep_context=requeueable deps ti=<TaskInstance: dag_with_taskflow_api_v02.get_name scheduled__2022-10-16T00:00:00+00:00 [queued]>
[2023-05-25T10:32:12.297+0000] {taskinstance.py:1308} INFO - Starting attempt 1 of 6
[2023-05-25T10:32:12.912+0000] {taskinstance.py:1327} INFO - Executing <Task(_PythonDecoratedOperator): get_name> on 2022-10-16 00:00:00+00:00
[2023-05-25T10:32:12.959+0000] {standard_task_runner.py:57} INFO - Started process 3727 to run task
[2023-05-25T10:32:12.969+0000] {standard_task_runner.py:84} INFO - Running: ['***', 'tasks', 'run', 'dag_with_taskflow_api_v02', 'get_name', 'scheduled__2022-10-16T00:00:00+00:00', '--job-id', '1076', '--raw', '--subdir', 'DAGS_FOLDER/first_dag.py', '--cfg-path', '/tmp/tmp1fuavt99']
[2023-05-25T10:32:13.013+0000] {standard_task_runner.py:85} INFO - Job 1076: Subtask get_name
[2023-05-25T10:32:13.256+0000] {task_command.py:410} INFO - Running <TaskInstance: dag_with_taskflow_api_v02.get_name scheduled__2022-10-16T00:00:00+00:00 [running]> on host b1ae37a9584e
[2023-05-25T10:32:13.913+0000] {taskinstance.py:1547} INFO - Exporting env vars: AIRFLOW_CTX_DAG_OWNER='Sai' AIRFLOW_CTX_DAG_ID='dag_with_taskflow_api_v02' AIRFLOW_CTX_TASK_ID='get_name' AIRFLOW_CTX_EXECUTION_DATE='2022-10-16T00:00:00+00:00' AIRFLOW_CTX_TRY_NUMBER='1' AIRFLOW_CTX_DAG_RUN_ID='scheduled__2022-10-16T00:00:00+00:00'
[2023-05-25T10:32:13.915+0000] {python.py:183} INFO - Done. Returned value was: {'first_name': 'Sai', 'last_name': 'Tr'}
[2023-05-25T10:32:14.174+0000] {taskinstance.py:1350} INFO - Marking task as SUCCESS. dag_id=dag_with_taskflow_api_v02, task_id=get_name, execution_date=20221016T000000, start_date=20230525T103212, end_date=20230525T103214
[2023-05-25T10:32:14.297+0000] {local_task_job_runner.py:225} INFO - Task exited with return code 0
[2023-05-25T10:32:14.461+0000] {taskinstance.py:2651} INFO - 1 downstream tasks scheduled from follow-on schedule check
