[2023-05-24T15:22:54.484+0000] {taskinstance.py:1103} INFO - Dependencies all met for dep_context=non-requeueable deps ti=<TaskInstance: dag_with_taskflow_api_v02.get_age scheduled__2022-06-26T00:00:00+00:00 [queued]>
[2023-05-24T15:22:54.559+0000] {taskinstance.py:1103} INFO - Dependencies all met for dep_context=requeueable deps ti=<TaskInstance: dag_with_taskflow_api_v02.get_age scheduled__2022-06-26T00:00:00+00:00 [queued]>
[2023-05-24T15:22:54.562+0000] {taskinstance.py:1308} INFO - Starting attempt 1 of 6
[2023-05-24T15:22:54.673+0000] {taskinstance.py:1327} INFO - Executing <Task(_PythonDecoratedOperator): get_age> on 2022-06-26 00:00:00+00:00
[2023-05-24T15:22:54.688+0000] {standard_task_runner.py:57} INFO - Started process 1843 to run task
[2023-05-24T15:22:54.725+0000] {standard_task_runner.py:84} INFO - Running: ['***', 'tasks', 'run', 'dag_with_taskflow_api_v02', 'get_age', 'scheduled__2022-06-26T00:00:00+00:00', '--job-id', '735', '--raw', '--subdir', 'DAGS_FOLDER/first_dag.py', '--cfg-path', '/tmp/tmp18v6b52m']
[2023-05-24T15:22:54.759+0000] {standard_task_runner.py:85} INFO - Job 735: Subtask get_age
[2023-05-24T15:22:55.091+0000] {task_command.py:410} INFO - Running <TaskInstance: dag_with_taskflow_api_v02.get_age scheduled__2022-06-26T00:00:00+00:00 [running]> on host 942de29f183d
[2023-05-24T15:22:55.803+0000] {taskinstance.py:1547} INFO - Exporting env vars: AIRFLOW_CTX_DAG_OWNER='Sai' AIRFLOW_CTX_DAG_ID='dag_with_taskflow_api_v02' AIRFLOW_CTX_TASK_ID='get_age' AIRFLOW_CTX_EXECUTION_DATE='2022-06-26T00:00:00+00:00' AIRFLOW_CTX_TRY_NUMBER='1' AIRFLOW_CTX_DAG_RUN_ID='scheduled__2022-06-26T00:00:00+00:00'
[2023-05-24T15:22:55.804+0000] {python.py:183} INFO - Done. Returned value was: 19
[2023-05-24T15:22:56.042+0000] {taskinstance.py:1350} INFO - Marking task as SUCCESS. dag_id=dag_with_taskflow_api_v02, task_id=get_age, execution_date=20220626T000000, start_date=20230524T152254, end_date=20230524T152256
[2023-05-24T15:22:56.541+0000] {local_task_job_runner.py:225} INFO - Task exited with return code 0
[2023-05-24T15:22:57.071+0000] {taskinstance.py:2651} INFO - 0 downstream tasks scheduled from follow-on schedule check
[2023-05-25T06:55:32.787+0000] {taskinstance.py:1103} INFO - Dependencies all met for dep_context=non-requeueable deps ti=<TaskInstance: dag_with_taskflow_api_v02.get_age scheduled__2022-06-26T00:00:00+00:00 [queued]>
[2023-05-25T06:55:32.902+0000] {taskinstance.py:1103} INFO - Dependencies all met for dep_context=requeueable deps ti=<TaskInstance: dag_with_taskflow_api_v02.get_age scheduled__2022-06-26T00:00:00+00:00 [queued]>
[2023-05-25T06:55:32.902+0000] {taskinstance.py:1308} INFO - Starting attempt 1 of 6
[2023-05-25T06:55:33.484+0000] {taskinstance.py:1327} INFO - Executing <Task(_PythonDecoratedOperator): get_age> on 2022-06-26 00:00:00+00:00
[2023-05-25T06:55:33.543+0000] {standard_task_runner.py:57} INFO - Started process 3346 to run task
[2023-05-25T06:55:33.596+0000] {standard_task_runner.py:84} INFO - Running: ['***', 'tasks', 'run', 'dag_with_taskflow_api_v02', 'get_age', 'scheduled__2022-06-26T00:00:00+00:00', '--job-id', '729', '--raw', '--subdir', 'DAGS_FOLDER/first_dag.py', '--cfg-path', '/tmp/tmp4b2yktmc']
[2023-05-25T06:55:33.599+0000] {standard_task_runner.py:85} INFO - Job 729: Subtask get_age
[2023-05-25T06:55:34.009+0000] {task_command.py:410} INFO - Running <TaskInstance: dag_with_taskflow_api_v02.get_age scheduled__2022-06-26T00:00:00+00:00 [running]> on host 6bd07c7477d9
[2023-05-25T06:55:34.846+0000] {taskinstance.py:1547} INFO - Exporting env vars: AIRFLOW_CTX_DAG_OWNER='Sai' AIRFLOW_CTX_DAG_ID='dag_with_taskflow_api_v02' AIRFLOW_CTX_TASK_ID='get_age' AIRFLOW_CTX_EXECUTION_DATE='2022-06-26T00:00:00+00:00' AIRFLOW_CTX_TRY_NUMBER='1' AIRFLOW_CTX_DAG_RUN_ID='scheduled__2022-06-26T00:00:00+00:00'
[2023-05-25T06:55:34.847+0000] {python.py:183} INFO - Done. Returned value was: 19
[2023-05-25T06:55:35.023+0000] {taskinstance.py:1350} INFO - Marking task as SUCCESS. dag_id=dag_with_taskflow_api_v02, task_id=get_age, execution_date=20220626T000000, start_date=20230525T065532, end_date=20230525T065535
[2023-05-25T06:55:35.242+0000] {local_task_job_runner.py:225} INFO - Task exited with return code 0
[2023-05-25T06:55:35.481+0000] {taskinstance.py:2651} INFO - 0 downstream tasks scheduled from follow-on schedule check
[2023-05-25T10:27:13.269+0000] {taskinstance.py:1103} INFO - Dependencies all met for dep_context=non-requeueable deps ti=<TaskInstance: dag_with_taskflow_api_v02.get_age scheduled__2022-06-26T00:00:00+00:00 [queued]>
[2023-05-25T10:27:13.411+0000] {taskinstance.py:1103} INFO - Dependencies all met for dep_context=requeueable deps ti=<TaskInstance: dag_with_taskflow_api_v02.get_age scheduled__2022-06-26T00:00:00+00:00 [queued]>
[2023-05-25T10:27:13.412+0000] {taskinstance.py:1308} INFO - Starting attempt 1 of 6
[2023-05-25T10:27:14.657+0000] {taskinstance.py:1327} INFO - Executing <Task(_PythonDecoratedOperator): get_age> on 2022-06-26 00:00:00+00:00
[2023-05-25T10:27:14.677+0000] {standard_task_runner.py:57} INFO - Started process 2950 to run task
[2023-05-25T10:27:14.752+0000] {standard_task_runner.py:84} INFO - Running: ['***', 'tasks', 'run', 'dag_with_taskflow_api_v02', 'get_age', 'scheduled__2022-06-26T00:00:00+00:00', '--job-id', '741', '--raw', '--subdir', 'DAGS_FOLDER/first_dag.py', '--cfg-path', '/tmp/tmpd7d8r5ib']
[2023-05-25T10:27:14.822+0000] {standard_task_runner.py:85} INFO - Job 741: Subtask get_age
[2023-05-25T10:27:15.533+0000] {task_command.py:410} INFO - Running <TaskInstance: dag_with_taskflow_api_v02.get_age scheduled__2022-06-26T00:00:00+00:00 [running]> on host b1ae37a9584e
[2023-05-25T10:27:16.431+0000] {taskinstance.py:1547} INFO - Exporting env vars: AIRFLOW_CTX_DAG_OWNER='Sai' AIRFLOW_CTX_DAG_ID='dag_with_taskflow_api_v02' AIRFLOW_CTX_TASK_ID='get_age' AIRFLOW_CTX_EXECUTION_DATE='2022-06-26T00:00:00+00:00' AIRFLOW_CTX_TRY_NUMBER='1' AIRFLOW_CTX_DAG_RUN_ID='scheduled__2022-06-26T00:00:00+00:00'
[2023-05-25T10:27:16.432+0000] {python.py:183} INFO - Done. Returned value was: 19
[2023-05-25T10:27:16.645+0000] {taskinstance.py:1350} INFO - Marking task as SUCCESS. dag_id=dag_with_taskflow_api_v02, task_id=get_age, execution_date=20220626T000000, start_date=20230525T102713, end_date=20230525T102716
[2023-05-25T10:27:16.916+0000] {local_task_job_runner.py:225} INFO - Task exited with return code 0
[2023-05-25T10:27:17.296+0000] {taskinstance.py:2651} INFO - 0 downstream tasks scheduled from follow-on schedule check
