[2023-05-24T15:28:07.825+0000] {taskinstance.py:1103} INFO - Dependencies all met for dep_context=non-requeueable deps ti=<TaskInstance: dag_with_taskflow_api_v02.greet scheduled__2022-12-26T00:00:00+00:00 [queued]>
[2023-05-24T15:28:07.856+0000] {taskinstance.py:1103} INFO - Dependencies all met for dep_context=requeueable deps ti=<TaskInstance: dag_with_taskflow_api_v02.greet scheduled__2022-12-26T00:00:00+00:00 [queued]>
[2023-05-24T15:28:07.856+0000] {taskinstance.py:1308} INFO - Starting attempt 1 of 6
[2023-05-24T15:28:07.953+0000] {taskinstance.py:1327} INFO - Executing <Task(_PythonDecoratedOperator): greet> on 2022-12-26 00:00:00+00:00
[2023-05-24T15:28:07.961+0000] {standard_task_runner.py:57} INFO - Started process 3068 to run task
[2023-05-24T15:28:07.981+0000] {standard_task_runner.py:84} INFO - Running: ['***', 'tasks', 'run', 'dag_with_taskflow_api_v02', 'greet', 'scheduled__2022-12-26T00:00:00+00:00', '--job-id', '1292', '--raw', '--subdir', 'DAGS_FOLDER/first_dag.py', '--cfg-path', '/tmp/tmpa8ja4age']
[2023-05-24T15:28:07.985+0000] {standard_task_runner.py:85} INFO - Job 1292: Subtask greet
[2023-05-24T15:28:08.080+0000] {task_command.py:410} INFO - Running <TaskInstance: dag_with_taskflow_api_v02.greet scheduled__2022-12-26T00:00:00+00:00 [running]> on host 942de29f183d
[2023-05-24T15:28:08.351+0000] {taskinstance.py:1547} INFO - Exporting env vars: AIRFLOW_CTX_DAG_OWNER='Sai' AIRFLOW_CTX_DAG_ID='dag_with_taskflow_api_v02' AIRFLOW_CTX_TASK_ID='greet' AIRFLOW_CTX_EXECUTION_DATE='2022-12-26T00:00:00+00:00' AIRFLOW_CTX_TRY_NUMBER='1' AIRFLOW_CTX_DAG_RUN_ID='scheduled__2022-12-26T00:00:00+00:00'
[2023-05-24T15:28:08.352+0000] {logging_mixin.py:149} INFO - Hello World! My name is Sai Tr and I am 19 years old!
[2023-05-24T15:28:08.353+0000] {python.py:183} INFO - Done. Returned value was: None
[2023-05-24T15:28:08.370+0000] {taskinstance.py:1350} INFO - Marking task as SUCCESS. dag_id=dag_with_taskflow_api_v02, task_id=greet, execution_date=20221226T000000, start_date=20230524T152807, end_date=20230524T152808
[2023-05-24T15:28:08.430+0000] {local_task_job_runner.py:225} INFO - Task exited with return code 0
[2023-05-24T15:28:08.538+0000] {taskinstance.py:2651} INFO - 0 downstream tasks scheduled from follow-on schedule check
[2023-05-25T07:00:38.108+0000] {taskinstance.py:1103} INFO - Dependencies all met for dep_context=non-requeueable deps ti=<TaskInstance: dag_with_taskflow_api_v02.greet scheduled__2022-12-26T00:00:00+00:00 [queued]>
[2023-05-25T07:00:38.119+0000] {taskinstance.py:1103} INFO - Dependencies all met for dep_context=requeueable deps ti=<TaskInstance: dag_with_taskflow_api_v02.greet scheduled__2022-12-26T00:00:00+00:00 [queued]>
[2023-05-25T07:00:38.119+0000] {taskinstance.py:1308} INFO - Starting attempt 1 of 6
[2023-05-25T07:00:38.138+0000] {taskinstance.py:1327} INFO - Executing <Task(_PythonDecoratedOperator): greet> on 2022-12-26 00:00:00+00:00
[2023-05-25T07:00:38.144+0000] {standard_task_runner.py:57} INFO - Started process 4572 to run task
[2023-05-25T07:00:38.150+0000] {standard_task_runner.py:84} INFO - Running: ['***', 'tasks', 'run', 'dag_with_taskflow_api_v02', 'greet', 'scheduled__2022-12-26T00:00:00+00:00', '--job-id', '1286', '--raw', '--subdir', 'DAGS_FOLDER/first_dag.py', '--cfg-path', '/tmp/tmpfaxl6rfe']
[2023-05-25T07:00:38.152+0000] {standard_task_runner.py:85} INFO - Job 1286: Subtask greet
[2023-05-25T07:00:38.216+0000] {task_command.py:410} INFO - Running <TaskInstance: dag_with_taskflow_api_v02.greet scheduled__2022-12-26T00:00:00+00:00 [running]> on host 6bd07c7477d9
[2023-05-25T07:00:38.364+0000] {taskinstance.py:1547} INFO - Exporting env vars: AIRFLOW_CTX_DAG_OWNER='Sai' AIRFLOW_CTX_DAG_ID='dag_with_taskflow_api_v02' AIRFLOW_CTX_TASK_ID='greet' AIRFLOW_CTX_EXECUTION_DATE='2022-12-26T00:00:00+00:00' AIRFLOW_CTX_TRY_NUMBER='1' AIRFLOW_CTX_DAG_RUN_ID='scheduled__2022-12-26T00:00:00+00:00'
[2023-05-25T07:00:38.366+0000] {logging_mixin.py:149} INFO - Hello World! My name is Sai Tr and I am 19 years old!
[2023-05-25T07:00:38.366+0000] {python.py:183} INFO - Done. Returned value was: None
[2023-05-25T07:00:38.378+0000] {taskinstance.py:1350} INFO - Marking task as SUCCESS. dag_id=dag_with_taskflow_api_v02, task_id=greet, execution_date=20221226T000000, start_date=20230525T070038, end_date=20230525T070038
[2023-05-25T07:00:38.402+0000] {local_task_job_runner.py:225} INFO - Task exited with return code 0
[2023-05-25T07:00:38.477+0000] {taskinstance.py:2651} INFO - 0 downstream tasks scheduled from follow-on schedule check
[2023-05-25T10:34:48.695+0000] {taskinstance.py:1103} INFO - Dependencies all met for dep_context=non-requeueable deps ti=<TaskInstance: dag_with_taskflow_api_v02.greet scheduled__2022-12-26T00:00:00+00:00 [queued]>
[2023-05-25T10:34:48.726+0000] {taskinstance.py:1103} INFO - Dependencies all met for dep_context=requeueable deps ti=<TaskInstance: dag_with_taskflow_api_v02.greet scheduled__2022-12-26T00:00:00+00:00 [queued]>
[2023-05-25T10:34:48.726+0000] {taskinstance.py:1308} INFO - Starting attempt 1 of 6
[2023-05-25T10:34:48.777+0000] {taskinstance.py:1327} INFO - Executing <Task(_PythonDecoratedOperator): greet> on 2022-12-26 00:00:00+00:00
[2023-05-25T10:34:48.787+0000] {standard_task_runner.py:57} INFO - Started process 4242 to run task
[2023-05-25T10:34:48.814+0000] {standard_task_runner.py:84} INFO - Running: ['***', 'tasks', 'run', 'dag_with_taskflow_api_v02', 'greet', 'scheduled__2022-12-26T00:00:00+00:00', '--job-id', '1305', '--raw', '--subdir', 'DAGS_FOLDER/first_dag.py', '--cfg-path', '/tmp/tmpum_4zbs4']
[2023-05-25T10:34:48.821+0000] {standard_task_runner.py:85} INFO - Job 1305: Subtask greet
[2023-05-25T10:34:49.097+0000] {task_command.py:410} INFO - Running <TaskInstance: dag_with_taskflow_api_v02.greet scheduled__2022-12-26T00:00:00+00:00 [running]> on host b1ae37a9584e
[2023-05-25T10:34:50.329+0000] {taskinstance.py:1547} INFO - Exporting env vars: AIRFLOW_CTX_DAG_OWNER='Sai' AIRFLOW_CTX_DAG_ID='dag_with_taskflow_api_v02' AIRFLOW_CTX_TASK_ID='greet' AIRFLOW_CTX_EXECUTION_DATE='2022-12-26T00:00:00+00:00' AIRFLOW_CTX_TRY_NUMBER='1' AIRFLOW_CTX_DAG_RUN_ID='scheduled__2022-12-26T00:00:00+00:00'
[2023-05-25T10:34:50.330+0000] {logging_mixin.py:149} INFO - Hello World! My name is Sai Tr and I am 19 years old!
[2023-05-25T10:34:50.332+0000] {python.py:183} INFO - Done. Returned value was: None
[2023-05-25T10:34:50.365+0000] {taskinstance.py:1350} INFO - Marking task as SUCCESS. dag_id=dag_with_taskflow_api_v02, task_id=greet, execution_date=20221226T000000, start_date=20230525T103448, end_date=20230525T103450
[2023-05-25T10:34:51.093+0000] {local_task_job_runner.py:225} INFO - Task exited with return code 0
[2023-05-25T10:34:51.220+0000] {taskinstance.py:2651} INFO - 0 downstream tasks scheduled from follow-on schedule check
