[2023-05-24T15:23:38.937+0000] {taskinstance.py:1103} INFO - Dependencies all met for dep_context=non-requeueable deps ti=<TaskInstance: dag_with_taskflow_api_v02.greet scheduled__2022-07-14T00:00:00+00:00 [queued]>
[2023-05-24T15:23:39.048+0000] {taskinstance.py:1103} INFO - Dependencies all met for dep_context=requeueable deps ti=<TaskInstance: dag_with_taskflow_api_v02.greet scheduled__2022-07-14T00:00:00+00:00 [queued]>
[2023-05-24T15:23:39.049+0000] {taskinstance.py:1308} INFO - Starting attempt 1 of 6
[2023-05-24T15:23:39.139+0000] {taskinstance.py:1327} INFO - Executing <Task(_PythonDecoratedOperator): greet> on 2022-07-14 00:00:00+00:00
[2023-05-24T15:23:39.157+0000] {standard_task_runner.py:57} INFO - Started process 2003 to run task
[2023-05-24T15:23:39.225+0000] {standard_task_runner.py:84} INFO - Running: ['***', 'tasks', 'run', 'dag_with_taskflow_api_v02', 'greet', 'scheduled__2022-07-14T00:00:00+00:00', '--job-id', '807', '--raw', '--subdir', 'DAGS_FOLDER/first_dag.py', '--cfg-path', '/tmp/tmpg7j77arg']
[2023-05-24T15:23:39.250+0000] {standard_task_runner.py:85} INFO - Job 807: Subtask greet
[2023-05-24T15:23:39.489+0000] {task_command.py:410} INFO - Running <TaskInstance: dag_with_taskflow_api_v02.greet scheduled__2022-07-14T00:00:00+00:00 [running]> on host 942de29f183d
[2023-05-24T15:23:40.103+0000] {taskinstance.py:1547} INFO - Exporting env vars: AIRFLOW_CTX_DAG_OWNER='Sai' AIRFLOW_CTX_DAG_ID='dag_with_taskflow_api_v02' AIRFLOW_CTX_TASK_ID='greet' AIRFLOW_CTX_EXECUTION_DATE='2022-07-14T00:00:00+00:00' AIRFLOW_CTX_TRY_NUMBER='1' AIRFLOW_CTX_DAG_RUN_ID='scheduled__2022-07-14T00:00:00+00:00'
[2023-05-24T15:23:40.105+0000] {logging_mixin.py:149} INFO - Hello World! My name is Sai Tr and I am 19 years old!
[2023-05-24T15:23:40.106+0000] {python.py:183} INFO - Done. Returned value was: None
[2023-05-24T15:23:40.159+0000] {taskinstance.py:1350} INFO - Marking task as SUCCESS. dag_id=dag_with_taskflow_api_v02, task_id=greet, execution_date=20220714T000000, start_date=20230524T152338, end_date=20230524T152340
[2023-05-24T15:23:40.246+0000] {local_task_job_runner.py:225} INFO - Task exited with return code 0
[2023-05-24T15:23:40.465+0000] {taskinstance.py:2651} INFO - 0 downstream tasks scheduled from follow-on schedule check
[2023-05-25T06:56:08.345+0000] {taskinstance.py:1103} INFO - Dependencies all met for dep_context=non-requeueable deps ti=<TaskInstance: dag_with_taskflow_api_v02.greet scheduled__2022-07-14T00:00:00+00:00 [queued]>
[2023-05-25T06:56:08.370+0000] {taskinstance.py:1103} INFO - Dependencies all met for dep_context=requeueable deps ti=<TaskInstance: dag_with_taskflow_api_v02.greet scheduled__2022-07-14T00:00:00+00:00 [queued]>
[2023-05-25T06:56:08.370+0000] {taskinstance.py:1308} INFO - Starting attempt 1 of 6
[2023-05-25T06:56:08.462+0000] {taskinstance.py:1327} INFO - Executing <Task(_PythonDecoratedOperator): greet> on 2022-07-14 00:00:00+00:00
[2023-05-25T06:56:08.481+0000] {standard_task_runner.py:57} INFO - Started process 3490 to run task
[2023-05-25T06:56:08.501+0000] {standard_task_runner.py:84} INFO - Running: ['***', 'tasks', 'run', 'dag_with_taskflow_api_v02', 'greet', 'scheduled__2022-07-14T00:00:00+00:00', '--job-id', '797', '--raw', '--subdir', 'DAGS_FOLDER/first_dag.py', '--cfg-path', '/tmp/tmp_16ywypm']
[2023-05-25T06:56:08.508+0000] {standard_task_runner.py:85} INFO - Job 797: Subtask greet
[2023-05-25T06:56:08.739+0000] {task_command.py:410} INFO - Running <TaskInstance: dag_with_taskflow_api_v02.greet scheduled__2022-07-14T00:00:00+00:00 [running]> on host 6bd07c7477d9
[2023-05-25T06:56:09.300+0000] {taskinstance.py:1547} INFO - Exporting env vars: AIRFLOW_CTX_DAG_OWNER='Sai' AIRFLOW_CTX_DAG_ID='dag_with_taskflow_api_v02' AIRFLOW_CTX_TASK_ID='greet' AIRFLOW_CTX_EXECUTION_DATE='2022-07-14T00:00:00+00:00' AIRFLOW_CTX_TRY_NUMBER='1' AIRFLOW_CTX_DAG_RUN_ID='scheduled__2022-07-14T00:00:00+00:00'
[2023-05-25T06:56:09.302+0000] {logging_mixin.py:149} INFO - Hello World! My name is Sai Tr and I am 19 years old!
[2023-05-25T06:56:09.303+0000] {python.py:183} INFO - Done. Returned value was: None
[2023-05-25T06:56:09.338+0000] {taskinstance.py:1350} INFO - Marking task as SUCCESS. dag_id=dag_with_taskflow_api_v02, task_id=greet, execution_date=20220714T000000, start_date=20230525T065608, end_date=20230525T065609
[2023-05-25T06:56:09.461+0000] {local_task_job_runner.py:225} INFO - Task exited with return code 0
[2023-05-25T06:56:09.569+0000] {taskinstance.py:2651} INFO - 0 downstream tasks scheduled from follow-on schedule check
[2023-05-25T10:27:54.734+0000] {taskinstance.py:1103} INFO - Dependencies all met for dep_context=non-requeueable deps ti=<TaskInstance: dag_with_taskflow_api_v02.greet scheduled__2022-07-14T00:00:00+00:00 [queued]>
[2023-05-25T10:27:54.755+0000] {taskinstance.py:1103} INFO - Dependencies all met for dep_context=requeueable deps ti=<TaskInstance: dag_with_taskflow_api_v02.greet scheduled__2022-07-14T00:00:00+00:00 [queued]>
[2023-05-25T10:27:54.755+0000] {taskinstance.py:1308} INFO - Starting attempt 1 of 6
[2023-05-25T10:27:54.787+0000] {taskinstance.py:1327} INFO - Executing <Task(_PythonDecoratedOperator): greet> on 2022-07-14 00:00:00+00:00
[2023-05-25T10:27:54.794+0000] {standard_task_runner.py:57} INFO - Started process 3083 to run task
[2023-05-25T10:27:54.801+0000] {standard_task_runner.py:84} INFO - Running: ['***', 'tasks', 'run', 'dag_with_taskflow_api_v02', 'greet', 'scheduled__2022-07-14T00:00:00+00:00', '--job-id', '808', '--raw', '--subdir', 'DAGS_FOLDER/first_dag.py', '--cfg-path', '/tmp/tmp43pr1071']
[2023-05-25T10:27:54.805+0000] {standard_task_runner.py:85} INFO - Job 808: Subtask greet
[2023-05-25T10:27:54.897+0000] {task_command.py:410} INFO - Running <TaskInstance: dag_with_taskflow_api_v02.greet scheduled__2022-07-14T00:00:00+00:00 [running]> on host b1ae37a9584e
[2023-05-25T10:27:55.266+0000] {taskinstance.py:1547} INFO - Exporting env vars: AIRFLOW_CTX_DAG_OWNER='Sai' AIRFLOW_CTX_DAG_ID='dag_with_taskflow_api_v02' AIRFLOW_CTX_TASK_ID='greet' AIRFLOW_CTX_EXECUTION_DATE='2022-07-14T00:00:00+00:00' AIRFLOW_CTX_TRY_NUMBER='1' AIRFLOW_CTX_DAG_RUN_ID='scheduled__2022-07-14T00:00:00+00:00'
[2023-05-25T10:27:55.267+0000] {logging_mixin.py:149} INFO - Hello World! My name is Sai Tr and I am 19 years old!
[2023-05-25T10:27:55.268+0000] {python.py:183} INFO - Done. Returned value was: None
[2023-05-25T10:27:55.293+0000] {taskinstance.py:1350} INFO - Marking task as SUCCESS. dag_id=dag_with_taskflow_api_v02, task_id=greet, execution_date=20220714T000000, start_date=20230525T102754, end_date=20230525T102755
[2023-05-25T10:27:55.338+0000] {local_task_job_runner.py:225} INFO - Task exited with return code 0
[2023-05-25T10:27:55.379+0000] {taskinstance.py:2651} INFO - 0 downstream tasks scheduled from follow-on schedule check
