[2023-05-24T15:28:54.666+0000] {taskinstance.py:1103} INFO - Dependencies all met for dep_context=non-requeueable deps ti=<TaskInstance: dag_with_taskflow_api_v02.greet scheduled__2023-01-23T00:00:00+00:00 [queued]>
[2023-05-24T15:28:54.703+0000] {taskinstance.py:1103} INFO - Dependencies all met for dep_context=requeueable deps ti=<TaskInstance: dag_with_taskflow_api_v02.greet scheduled__2023-01-23T00:00:00+00:00 [queued]>
[2023-05-24T15:28:54.703+0000] {taskinstance.py:1308} INFO - Starting attempt 1 of 6
[2023-05-24T15:28:54.756+0000] {taskinstance.py:1327} INFO - Executing <Task(_PythonDecoratedOperator): greet> on 2023-01-23 00:00:00+00:00
[2023-05-24T15:28:54.762+0000] {standard_task_runner.py:57} INFO - Started process 3255 to run task
[2023-05-24T15:28:54.769+0000] {standard_task_runner.py:84} INFO - Running: ['***', 'tasks', 'run', 'dag_with_taskflow_api_v02', 'greet', 'scheduled__2023-01-23T00:00:00+00:00', '--job-id', '1376', '--raw', '--subdir', 'DAGS_FOLDER/first_dag.py', '--cfg-path', '/tmp/tmpl0c5r0al']
[2023-05-24T15:28:54.773+0000] {standard_task_runner.py:85} INFO - Job 1376: Subtask greet
[2023-05-24T15:28:54.902+0000] {task_command.py:410} INFO - Running <TaskInstance: dag_with_taskflow_api_v02.greet scheduled__2023-01-23T00:00:00+00:00 [running]> on host 942de29f183d
[2023-05-24T15:28:55.232+0000] {taskinstance.py:1547} INFO - Exporting env vars: AIRFLOW_CTX_DAG_OWNER='Sai' AIRFLOW_CTX_DAG_ID='dag_with_taskflow_api_v02' AIRFLOW_CTX_TASK_ID='greet' AIRFLOW_CTX_EXECUTION_DATE='2023-01-23T00:00:00+00:00' AIRFLOW_CTX_TRY_NUMBER='1' AIRFLOW_CTX_DAG_RUN_ID='scheduled__2023-01-23T00:00:00+00:00'
[2023-05-24T15:28:55.234+0000] {logging_mixin.py:149} INFO - Hello World! My name is Sai Tr and I am 19 years old!
[2023-05-24T15:28:55.236+0000] {python.py:183} INFO - Done. Returned value was: None
[2023-05-24T15:28:55.275+0000] {taskinstance.py:1350} INFO - Marking task as SUCCESS. dag_id=dag_with_taskflow_api_v02, task_id=greet, execution_date=20230123T000000, start_date=20230524T152854, end_date=20230524T152855
[2023-05-24T15:28:55.336+0000] {local_task_job_runner.py:225} INFO - Task exited with return code 0
[2023-05-24T15:28:55.399+0000] {taskinstance.py:2651} INFO - 0 downstream tasks scheduled from follow-on schedule check
[2023-05-25T07:01:29.483+0000] {taskinstance.py:1103} INFO - Dependencies all met for dep_context=non-requeueable deps ti=<TaskInstance: dag_with_taskflow_api_v02.greet scheduled__2023-01-23T00:00:00+00:00 [queued]>
[2023-05-25T07:01:29.616+0000] {taskinstance.py:1103} INFO - Dependencies all met for dep_context=requeueable deps ti=<TaskInstance: dag_with_taskflow_api_v02.greet scheduled__2023-01-23T00:00:00+00:00 [queued]>
[2023-05-25T07:01:29.617+0000] {taskinstance.py:1308} INFO - Starting attempt 1 of 6
[2023-05-25T07:01:30.308+0000] {taskinstance.py:1327} INFO - Executing <Task(_PythonDecoratedOperator): greet> on 2023-01-23 00:00:00+00:00
[2023-05-25T07:01:30.354+0000] {standard_task_runner.py:57} INFO - Started process 4792 to run task
[2023-05-25T07:01:30.393+0000] {standard_task_runner.py:84} INFO - Running: ['***', 'tasks', 'run', 'dag_with_taskflow_api_v02', 'greet', 'scheduled__2023-01-23T00:00:00+00:00', '--job-id', '1378', '--raw', '--subdir', 'DAGS_FOLDER/first_dag.py', '--cfg-path', '/tmp/tmp8b77wtkn']
[2023-05-25T07:01:30.396+0000] {standard_task_runner.py:85} INFO - Job 1378: Subtask greet
[2023-05-25T07:01:30.815+0000] {task_command.py:410} INFO - Running <TaskInstance: dag_with_taskflow_api_v02.greet scheduled__2023-01-23T00:00:00+00:00 [running]> on host 6bd07c7477d9
[2023-05-25T07:01:31.533+0000] {taskinstance.py:1547} INFO - Exporting env vars: AIRFLOW_CTX_DAG_OWNER='Sai' AIRFLOW_CTX_DAG_ID='dag_with_taskflow_api_v02' AIRFLOW_CTX_TASK_ID='greet' AIRFLOW_CTX_EXECUTION_DATE='2023-01-23T00:00:00+00:00' AIRFLOW_CTX_TRY_NUMBER='1' AIRFLOW_CTX_DAG_RUN_ID='scheduled__2023-01-23T00:00:00+00:00'
[2023-05-25T07:01:31.535+0000] {logging_mixin.py:149} INFO - Hello World! My name is Sai Tr and I am 19 years old!
[2023-05-25T07:01:31.536+0000] {python.py:183} INFO - Done. Returned value was: None
[2023-05-25T07:01:31.590+0000] {taskinstance.py:1350} INFO - Marking task as SUCCESS. dag_id=dag_with_taskflow_api_v02, task_id=greet, execution_date=20230123T000000, start_date=20230525T070129, end_date=20230525T070131
[2023-05-25T07:01:31.694+0000] {local_task_job_runner.py:225} INFO - Task exited with return code 0
[2023-05-25T07:01:31.760+0000] {taskinstance.py:2651} INFO - 0 downstream tasks scheduled from follow-on schedule check
[2023-05-25T10:35:49.498+0000] {taskinstance.py:1103} INFO - Dependencies all met for dep_context=non-requeueable deps ti=<TaskInstance: dag_with_taskflow_api_v02.greet scheduled__2023-01-23T00:00:00+00:00 [queued]>
[2023-05-25T10:35:49.625+0000] {taskinstance.py:1103} INFO - Dependencies all met for dep_context=requeueable deps ti=<TaskInstance: dag_with_taskflow_api_v02.greet scheduled__2023-01-23T00:00:00+00:00 [queued]>
[2023-05-25T10:35:49.626+0000] {taskinstance.py:1308} INFO - Starting attempt 1 of 6
[2023-05-25T10:35:50.127+0000] {taskinstance.py:1327} INFO - Executing <Task(_PythonDecoratedOperator): greet> on 2023-01-23 00:00:00+00:00
[2023-05-25T10:35:50.134+0000] {standard_task_runner.py:57} INFO - Started process 4450 to run task
[2023-05-25T10:35:50.180+0000] {standard_task_runner.py:84} INFO - Running: ['***', 'tasks', 'run', 'dag_with_taskflow_api_v02', 'greet', 'scheduled__2023-01-23T00:00:00+00:00', '--job-id', '1399', '--raw', '--subdir', 'DAGS_FOLDER/first_dag.py', '--cfg-path', '/tmp/tmphug6it8r']
[2023-05-25T10:35:50.210+0000] {standard_task_runner.py:85} INFO - Job 1399: Subtask greet
[2023-05-25T10:35:50.656+0000] {task_command.py:410} INFO - Running <TaskInstance: dag_with_taskflow_api_v02.greet scheduled__2023-01-23T00:00:00+00:00 [running]> on host b1ae37a9584e
[2023-05-25T10:35:51.627+0000] {taskinstance.py:1547} INFO - Exporting env vars: AIRFLOW_CTX_DAG_OWNER='Sai' AIRFLOW_CTX_DAG_ID='dag_with_taskflow_api_v02' AIRFLOW_CTX_TASK_ID='greet' AIRFLOW_CTX_EXECUTION_DATE='2023-01-23T00:00:00+00:00' AIRFLOW_CTX_TRY_NUMBER='1' AIRFLOW_CTX_DAG_RUN_ID='scheduled__2023-01-23T00:00:00+00:00'
[2023-05-25T10:35:51.629+0000] {logging_mixin.py:149} INFO - Hello World! My name is Sai Tr and I am 19 years old!
[2023-05-25T10:35:51.629+0000] {python.py:183} INFO - Done. Returned value was: None
[2023-05-25T10:35:51.709+0000] {taskinstance.py:1350} INFO - Marking task as SUCCESS. dag_id=dag_with_taskflow_api_v02, task_id=greet, execution_date=20230123T000000, start_date=20230525T103549, end_date=20230525T103551
[2023-05-25T10:35:51.964+0000] {local_task_job_runner.py:225} INFO - Task exited with return code 0
[2023-05-25T10:35:52.402+0000] {taskinstance.py:2651} INFO - 0 downstream tasks scheduled from follow-on schedule check
