[2023-05-24T15:19:51.853+0000] {taskinstance.py:1103} INFO - Dependencies all met for dep_context=non-requeueable deps ti=<TaskInstance: dag_with_taskflow_api_v02.get_age scheduled__2022-03-28T00:00:00+00:00 [queued]>
[2023-05-24T15:19:51.906+0000] {taskinstance.py:1103} INFO - Dependencies all met for dep_context=requeueable deps ti=<TaskInstance: dag_with_taskflow_api_v02.get_age scheduled__2022-03-28T00:00:00+00:00 [queued]>
[2023-05-24T15:19:51.907+0000] {taskinstance.py:1308} INFO - Starting attempt 1 of 6
[2023-05-24T15:19:52.055+0000] {taskinstance.py:1327} INFO - Executing <Task(_PythonDecoratedOperator): get_age> on 2022-03-28 00:00:00+00:00
[2023-05-24T15:19:52.079+0000] {standard_task_runner.py:57} INFO - Started process 1213 to run task
[2023-05-24T15:19:52.157+0000] {standard_task_runner.py:84} INFO - Running: ['***', 'tasks', 'run', 'dag_with_taskflow_api_v02', 'get_age', 'scheduled__2022-03-28T00:00:00+00:00', '--job-id', '458', '--raw', '--subdir', 'DAGS_FOLDER/first_dag.py', '--cfg-path', '/tmp/tmphiqkatbg']
[2023-05-24T15:19:52.195+0000] {standard_task_runner.py:85} INFO - Job 458: Subtask get_age
[2023-05-24T15:19:52.504+0000] {task_command.py:410} INFO - Running <TaskInstance: dag_with_taskflow_api_v02.get_age scheduled__2022-03-28T00:00:00+00:00 [running]> on host 942de29f183d
[2023-05-24T15:19:53.424+0000] {taskinstance.py:1547} INFO - Exporting env vars: AIRFLOW_CTX_DAG_OWNER='Sai' AIRFLOW_CTX_DAG_ID='dag_with_taskflow_api_v02' AIRFLOW_CTX_TASK_ID='get_age' AIRFLOW_CTX_EXECUTION_DATE='2022-03-28T00:00:00+00:00' AIRFLOW_CTX_TRY_NUMBER='1' AIRFLOW_CTX_DAG_RUN_ID='scheduled__2022-03-28T00:00:00+00:00'
[2023-05-24T15:19:53.425+0000] {python.py:183} INFO - Done. Returned value was: 19
[2023-05-24T15:19:53.506+0000] {taskinstance.py:1350} INFO - Marking task as SUCCESS. dag_id=dag_with_taskflow_api_v02, task_id=get_age, execution_date=20220328T000000, start_date=20230524T151951, end_date=20230524T151953
[2023-05-24T15:19:53.580+0000] {local_task_job_runner.py:225} INFO - Task exited with return code 0
[2023-05-24T15:19:53.792+0000] {taskinstance.py:2651} INFO - 1 downstream tasks scheduled from follow-on schedule check
[2023-05-25T06:53:08.864+0000] {taskinstance.py:1103} INFO - Dependencies all met for dep_context=non-requeueable deps ti=<TaskInstance: dag_with_taskflow_api_v02.get_age scheduled__2022-03-28T00:00:00+00:00 [queued]>
[2023-05-25T06:53:09.083+0000] {taskinstance.py:1103} INFO - Dependencies all met for dep_context=requeueable deps ti=<TaskInstance: dag_with_taskflow_api_v02.get_age scheduled__2022-03-28T00:00:00+00:00 [queued]>
[2023-05-25T06:53:09.083+0000] {taskinstance.py:1308} INFO - Starting attempt 1 of 6
[2023-05-25T06:53:09.308+0000] {taskinstance.py:1327} INFO - Executing <Task(_PythonDecoratedOperator): get_age> on 2022-03-28 00:00:00+00:00
[2023-05-25T06:53:09.341+0000] {standard_task_runner.py:57} INFO - Started process 2761 to run task
[2023-05-25T06:53:09.359+0000] {standard_task_runner.py:84} INFO - Running: ['***', 'tasks', 'run', 'dag_with_taskflow_api_v02', 'get_age', 'scheduled__2022-03-28T00:00:00+00:00', '--job-id', '460', '--raw', '--subdir', 'DAGS_FOLDER/first_dag.py', '--cfg-path', '/tmp/tmppofrrzsd']
[2023-05-25T06:53:09.382+0000] {standard_task_runner.py:85} INFO - Job 460: Subtask get_age
[2023-05-25T06:53:09.798+0000] {task_command.py:410} INFO - Running <TaskInstance: dag_with_taskflow_api_v02.get_age scheduled__2022-03-28T00:00:00+00:00 [running]> on host 6bd07c7477d9
[2023-05-25T06:53:10.598+0000] {taskinstance.py:1547} INFO - Exporting env vars: AIRFLOW_CTX_DAG_OWNER='Sai' AIRFLOW_CTX_DAG_ID='dag_with_taskflow_api_v02' AIRFLOW_CTX_TASK_ID='get_age' AIRFLOW_CTX_EXECUTION_DATE='2022-03-28T00:00:00+00:00' AIRFLOW_CTX_TRY_NUMBER='1' AIRFLOW_CTX_DAG_RUN_ID='scheduled__2022-03-28T00:00:00+00:00'
[2023-05-25T06:53:10.600+0000] {python.py:183} INFO - Done. Returned value was: 19
[2023-05-25T06:53:10.679+0000] {taskinstance.py:1350} INFO - Marking task as SUCCESS. dag_id=dag_with_taskflow_api_v02, task_id=get_age, execution_date=20220328T000000, start_date=20230525T065308, end_date=20230525T065310
[2023-05-25T06:53:10.801+0000] {local_task_job_runner.py:225} INFO - Task exited with return code 0
[2023-05-25T06:53:11.474+0000] {taskinstance.py:2651} INFO - 0 downstream tasks scheduled from follow-on schedule check
[2023-05-25T10:24:18.612+0000] {taskinstance.py:1103} INFO - Dependencies all met for dep_context=non-requeueable deps ti=<TaskInstance: dag_with_taskflow_api_v02.get_age scheduled__2022-03-28T00:00:00+00:00 [queued]>
[2023-05-25T10:24:18.653+0000] {taskinstance.py:1103} INFO - Dependencies all met for dep_context=requeueable deps ti=<TaskInstance: dag_with_taskflow_api_v02.get_age scheduled__2022-03-28T00:00:00+00:00 [queued]>
[2023-05-25T10:24:18.653+0000] {taskinstance.py:1308} INFO - Starting attempt 1 of 6
[2023-05-25T10:24:18.762+0000] {taskinstance.py:1327} INFO - Executing <Task(_PythonDecoratedOperator): get_age> on 2022-03-28 00:00:00+00:00
[2023-05-25T10:24:18.814+0000] {standard_task_runner.py:84} INFO - Running: ['***', 'tasks', 'run', 'dag_with_taskflow_api_v02', 'get_age', 'scheduled__2022-03-28T00:00:00+00:00', '--job-id', '456', '--raw', '--subdir', 'DAGS_FOLDER/first_dag.py', '--cfg-path', '/tmp/tmpx57d_n_9']
[2023-05-25T10:24:18.818+0000] {standard_task_runner.py:57} INFO - Started process 2303 to run task
[2023-05-25T10:24:18.818+0000] {standard_task_runner.py:85} INFO - Job 456: Subtask get_age
[2023-05-25T10:24:19.065+0000] {task_command.py:410} INFO - Running <TaskInstance: dag_with_taskflow_api_v02.get_age scheduled__2022-03-28T00:00:00+00:00 [running]> on host b1ae37a9584e
[2023-05-25T10:24:19.649+0000] {taskinstance.py:1547} INFO - Exporting env vars: AIRFLOW_CTX_DAG_OWNER='Sai' AIRFLOW_CTX_DAG_ID='dag_with_taskflow_api_v02' AIRFLOW_CTX_TASK_ID='get_age' AIRFLOW_CTX_EXECUTION_DATE='2022-03-28T00:00:00+00:00' AIRFLOW_CTX_TRY_NUMBER='1' AIRFLOW_CTX_DAG_RUN_ID='scheduled__2022-03-28T00:00:00+00:00'
[2023-05-25T10:24:19.650+0000] {python.py:183} INFO - Done. Returned value was: 19
[2023-05-25T10:24:19.770+0000] {taskinstance.py:1350} INFO - Marking task as SUCCESS. dag_id=dag_with_taskflow_api_v02, task_id=get_age, execution_date=20220328T000000, start_date=20230525T102418, end_date=20230525T102419
[2023-05-25T10:24:19.908+0000] {local_task_job_runner.py:225} INFO - Task exited with return code 0
[2023-05-25T10:24:20.063+0000] {taskinstance.py:2651} INFO - 1 downstream tasks scheduled from follow-on schedule check
