[2023-05-24T15:25:19.837+0000] {taskinstance.py:1103} INFO - Dependencies all met for dep_context=non-requeueable deps ti=<TaskInstance: dag_with_taskflow_api_v02.greet scheduled__2022-09-15T00:00:00+00:00 [queued]>
[2023-05-24T15:25:19.960+0000] {taskinstance.py:1103} INFO - Dependencies all met for dep_context=requeueable deps ti=<TaskInstance: dag_with_taskflow_api_v02.greet scheduled__2022-09-15T00:00:00+00:00 [queued]>
[2023-05-24T15:25:19.960+0000] {taskinstance.py:1308} INFO - Starting attempt 1 of 6
[2023-05-24T15:25:20.123+0000] {taskinstance.py:1327} INFO - Executing <Task(_PythonDecoratedOperator): greet> on 2022-09-15 00:00:00+00:00
[2023-05-24T15:25:20.156+0000] {standard_task_runner.py:57} INFO - Started process 2404 to run task
[2023-05-24T15:25:20.223+0000] {standard_task_runner.py:84} INFO - Running: ['***', 'tasks', 'run', 'dag_with_taskflow_api_v02', 'greet', 'scheduled__2022-09-15T00:00:00+00:00', '--job-id', '986', '--raw', '--subdir', 'DAGS_FOLDER/first_dag.py', '--cfg-path', '/tmp/tmpcbgldwh2']
[2023-05-24T15:25:20.268+0000] {standard_task_runner.py:85} INFO - Job 986: Subtask greet
[2023-05-24T15:25:20.653+0000] {task_command.py:410} INFO - Running <TaskInstance: dag_with_taskflow_api_v02.greet scheduled__2022-09-15T00:00:00+00:00 [running]> on host 942de29f183d
[2023-05-24T15:25:21.827+0000] {taskinstance.py:1547} INFO - Exporting env vars: AIRFLOW_CTX_DAG_OWNER='Sai' AIRFLOW_CTX_DAG_ID='dag_with_taskflow_api_v02' AIRFLOW_CTX_TASK_ID='greet' AIRFLOW_CTX_EXECUTION_DATE='2022-09-15T00:00:00+00:00' AIRFLOW_CTX_TRY_NUMBER='1' AIRFLOW_CTX_DAG_RUN_ID='scheduled__2022-09-15T00:00:00+00:00'
[2023-05-24T15:25:21.828+0000] {logging_mixin.py:149} INFO - Hello World! My name is Sai Tr and I am 19 years old!
[2023-05-24T15:25:21.828+0000] {python.py:183} INFO - Done. Returned value was: None
[2023-05-24T15:25:21.920+0000] {taskinstance.py:1350} INFO - Marking task as SUCCESS. dag_id=dag_with_taskflow_api_v02, task_id=greet, execution_date=20220915T000000, start_date=20230524T152519, end_date=20230524T152521
[2023-05-24T15:25:22.129+0000] {local_task_job_runner.py:225} INFO - Task exited with return code 0
[2023-05-24T15:25:22.208+0000] {taskinstance.py:2651} INFO - 0 downstream tasks scheduled from follow-on schedule check
[2023-05-25T06:57:51.700+0000] {taskinstance.py:1103} INFO - Dependencies all met for dep_context=non-requeueable deps ti=<TaskInstance: dag_with_taskflow_api_v02.greet scheduled__2022-09-15T00:00:00+00:00 [queued]>
[2023-05-25T06:57:51.716+0000] {taskinstance.py:1103} INFO - Dependencies all met for dep_context=requeueable deps ti=<TaskInstance: dag_with_taskflow_api_v02.greet scheduled__2022-09-15T00:00:00+00:00 [queued]>
[2023-05-25T06:57:51.716+0000] {taskinstance.py:1308} INFO - Starting attempt 1 of 6
[2023-05-25T06:57:51.748+0000] {taskinstance.py:1327} INFO - Executing <Task(_PythonDecoratedOperator): greet> on 2022-09-15 00:00:00+00:00
[2023-05-25T06:57:51.755+0000] {standard_task_runner.py:57} INFO - Started process 3907 to run task
[2023-05-25T06:57:51.763+0000] {standard_task_runner.py:84} INFO - Running: ['***', 'tasks', 'run', 'dag_with_taskflow_api_v02', 'greet', 'scheduled__2022-09-15T00:00:00+00:00', '--job-id', '983', '--raw', '--subdir', 'DAGS_FOLDER/first_dag.py', '--cfg-path', '/tmp/tmp3tky9p_n']
[2023-05-25T06:57:51.766+0000] {standard_task_runner.py:85} INFO - Job 983: Subtask greet
[2023-05-25T06:57:51.868+0000] {task_command.py:410} INFO - Running <TaskInstance: dag_with_taskflow_api_v02.greet scheduled__2022-09-15T00:00:00+00:00 [running]> on host 6bd07c7477d9
[2023-05-25T06:57:52.113+0000] {taskinstance.py:1547} INFO - Exporting env vars: AIRFLOW_CTX_DAG_OWNER='Sai' AIRFLOW_CTX_DAG_ID='dag_with_taskflow_api_v02' AIRFLOW_CTX_TASK_ID='greet' AIRFLOW_CTX_EXECUTION_DATE='2022-09-15T00:00:00+00:00' AIRFLOW_CTX_TRY_NUMBER='1' AIRFLOW_CTX_DAG_RUN_ID='scheduled__2022-09-15T00:00:00+00:00'
[2023-05-25T06:57:52.114+0000] {logging_mixin.py:149} INFO - Hello World! My name is Sai Tr and I am 19 years old!
[2023-05-25T06:57:52.115+0000] {python.py:183} INFO - Done. Returned value was: None
[2023-05-25T06:57:52.133+0000] {taskinstance.py:1350} INFO - Marking task as SUCCESS. dag_id=dag_with_taskflow_api_v02, task_id=greet, execution_date=20220915T000000, start_date=20230525T065751, end_date=20230525T065752
[2023-05-25T06:57:52.174+0000] {local_task_job_runner.py:225} INFO - Task exited with return code 0
[2023-05-25T06:57:52.254+0000] {taskinstance.py:2651} INFO - 0 downstream tasks scheduled from follow-on schedule check
[2023-05-25T10:31:21.510+0000] {taskinstance.py:1103} INFO - Dependencies all met for dep_context=non-requeueable deps ti=<TaskInstance: dag_with_taskflow_api_v02.greet scheduled__2022-09-15T00:00:00+00:00 [queued]>
[2023-05-25T10:31:21.592+0000] {taskinstance.py:1103} INFO - Dependencies all met for dep_context=requeueable deps ti=<TaskInstance: dag_with_taskflow_api_v02.greet scheduled__2022-09-15T00:00:00+00:00 [queued]>
[2023-05-25T10:31:21.592+0000] {taskinstance.py:1308} INFO - Starting attempt 1 of 6
[2023-05-25T10:31:21.697+0000] {taskinstance.py:1327} INFO - Executing <Task(_PythonDecoratedOperator): greet> on 2022-09-15 00:00:00+00:00
[2023-05-25T10:31:21.712+0000] {standard_task_runner.py:57} INFO - Started process 3538 to run task
[2023-05-25T10:31:21.737+0000] {standard_task_runner.py:84} INFO - Running: ['***', 'tasks', 'run', 'dag_with_taskflow_api_v02', 'greet', 'scheduled__2022-09-15T00:00:00+00:00', '--job-id', '999', '--raw', '--subdir', 'DAGS_FOLDER/first_dag.py', '--cfg-path', '/tmp/tmplxg2ozzv']
[2023-05-25T10:31:21.747+0000] {standard_task_runner.py:85} INFO - Job 999: Subtask greet
[2023-05-25T10:31:22.225+0000] {task_command.py:410} INFO - Running <TaskInstance: dag_with_taskflow_api_v02.greet scheduled__2022-09-15T00:00:00+00:00 [running]> on host b1ae37a9584e
[2023-05-25T10:31:23.098+0000] {taskinstance.py:1547} INFO - Exporting env vars: AIRFLOW_CTX_DAG_OWNER='Sai' AIRFLOW_CTX_DAG_ID='dag_with_taskflow_api_v02' AIRFLOW_CTX_TASK_ID='greet' AIRFLOW_CTX_EXECUTION_DATE='2022-09-15T00:00:00+00:00' AIRFLOW_CTX_TRY_NUMBER='1' AIRFLOW_CTX_DAG_RUN_ID='scheduled__2022-09-15T00:00:00+00:00'
[2023-05-25T10:31:23.100+0000] {logging_mixin.py:149} INFO - Hello World! My name is Sai Tr and I am 19 years old!
[2023-05-25T10:31:23.100+0000] {python.py:183} INFO - Done. Returned value was: None
[2023-05-25T10:31:23.131+0000] {taskinstance.py:1350} INFO - Marking task as SUCCESS. dag_id=dag_with_taskflow_api_v02, task_id=greet, execution_date=20220915T000000, start_date=20230525T103121, end_date=20230525T103123
[2023-05-25T10:31:23.223+0000] {local_task_job_runner.py:225} INFO - Task exited with return code 0
[2023-05-25T10:31:23.303+0000] {taskinstance.py:2651} INFO - 0 downstream tasks scheduled from follow-on schedule check
