[2023-05-24T15:15:23.511+0000] {taskinstance.py:1103} INFO - Dependencies all met for dep_context=non-requeueable deps ti=<TaskInstance: dag_with_taskflow_api_v02.get_age scheduled__2021-11-06T00:00:00+00:00 [queued]>
[2023-05-24T15:15:23.639+0000] {taskinstance.py:1103} INFO - Dependencies all met for dep_context=requeueable deps ti=<TaskInstance: dag_with_taskflow_api_v02.get_age scheduled__2021-11-06T00:00:00+00:00 [queued]>
[2023-05-24T15:15:23.640+0000] {taskinstance.py:1308} INFO - Starting attempt 1 of 6
[2023-05-24T15:15:23.833+0000] {taskinstance.py:1327} INFO - Executing <Task(_PythonDecoratedOperator): get_age> on 2021-11-06 00:00:00+00:00
[2023-05-24T15:15:23.853+0000] {standard_task_runner.py:57} INFO - Started process 262 to run task
[2023-05-24T15:15:23.910+0000] {standard_task_runner.py:84} INFO - Running: ['***', 'tasks', 'run', 'dag_with_taskflow_api_v02', 'get_age', 'scheduled__2021-11-06T00:00:00+00:00', '--job-id', '34', '--raw', '--subdir', 'DAGS_FOLDER/first_dag.py', '--cfg-path', '/tmp/tmpbzwq3945']
[2023-05-24T15:15:23.950+0000] {standard_task_runner.py:85} INFO - Job 34: Subtask get_age
[2023-05-24T15:15:24.158+0000] {task_command.py:410} INFO - Running <TaskInstance: dag_with_taskflow_api_v02.get_age scheduled__2021-11-06T00:00:00+00:00 [running]> on host 942de29f183d
[2023-05-24T15:15:25.679+0000] {taskinstance.py:1547} INFO - Exporting env vars: AIRFLOW_CTX_DAG_OWNER='Sai' AIRFLOW_CTX_DAG_ID='dag_with_taskflow_api_v02' AIRFLOW_CTX_TASK_ID='get_age' AIRFLOW_CTX_EXECUTION_DATE='2021-11-06T00:00:00+00:00' AIRFLOW_CTX_TRY_NUMBER='1' AIRFLOW_CTX_DAG_RUN_ID='scheduled__2021-11-06T00:00:00+00:00'
[2023-05-24T15:15:25.680+0000] {python.py:183} INFO - Done. Returned value was: 19
[2023-05-24T15:15:25.812+0000] {taskinstance.py:1350} INFO - Marking task as SUCCESS. dag_id=dag_with_taskflow_api_v02, task_id=get_age, execution_date=20211106T000000, start_date=20230524T151523, end_date=20230524T151525
[2023-05-24T15:15:25.950+0000] {local_task_job_runner.py:225} INFO - Task exited with return code 0
[2023-05-24T15:15:26.461+0000] {taskinstance.py:2651} INFO - 0 downstream tasks scheduled from follow-on schedule check
[2023-05-25T06:49:12.187+0000] {taskinstance.py:1103} INFO - Dependencies all met for dep_context=non-requeueable deps ti=<TaskInstance: dag_with_taskflow_api_v02.get_age scheduled__2021-11-06T00:00:00+00:00 [queued]>
[2023-05-25T06:49:12.299+0000] {taskinstance.py:1103} INFO - Dependencies all met for dep_context=requeueable deps ti=<TaskInstance: dag_with_taskflow_api_v02.get_age scheduled__2021-11-06T00:00:00+00:00 [queued]>
[2023-05-25T06:49:12.307+0000] {taskinstance.py:1308} INFO - Starting attempt 1 of 6
[2023-05-25T06:49:12.510+0000] {taskinstance.py:1327} INFO - Executing <Task(_PythonDecoratedOperator): get_age> on 2021-11-06 00:00:00+00:00
[2023-05-25T06:49:12.549+0000] {standard_task_runner.py:57} INFO - Started process 1800 to run task
[2023-05-25T06:49:12.580+0000] {standard_task_runner.py:84} INFO - Running: ['***', 'tasks', 'run', 'dag_with_taskflow_api_v02', 'get_age', 'scheduled__2021-11-06T00:00:00+00:00', '--job-id', '29', '--raw', '--subdir', 'DAGS_FOLDER/first_dag.py', '--cfg-path', '/tmp/tmpzeyruq_g']
[2023-05-25T06:49:12.596+0000] {standard_task_runner.py:85} INFO - Job 29: Subtask get_age
[2023-05-25T06:49:12.924+0000] {task_command.py:410} INFO - Running <TaskInstance: dag_with_taskflow_api_v02.get_age scheduled__2021-11-06T00:00:00+00:00 [running]> on host 6bd07c7477d9
[2023-05-25T06:49:13.730+0000] {taskinstance.py:1547} INFO - Exporting env vars: AIRFLOW_CTX_DAG_OWNER='Sai' AIRFLOW_CTX_DAG_ID='dag_with_taskflow_api_v02' AIRFLOW_CTX_TASK_ID='get_age' AIRFLOW_CTX_EXECUTION_DATE='2021-11-06T00:00:00+00:00' AIRFLOW_CTX_TRY_NUMBER='1' AIRFLOW_CTX_DAG_RUN_ID='scheduled__2021-11-06T00:00:00+00:00'
[2023-05-25T06:49:13.731+0000] {python.py:183} INFO - Done. Returned value was: 19
[2023-05-25T06:49:13.881+0000] {taskinstance.py:1350} INFO - Marking task as SUCCESS. dag_id=dag_with_taskflow_api_v02, task_id=get_age, execution_date=20211106T000000, start_date=20230525T064912, end_date=20230525T064913
[2023-05-25T06:49:14.560+0000] {local_task_job_runner.py:225} INFO - Task exited with return code 0
[2023-05-25T06:49:14.766+0000] {taskinstance.py:2651} INFO - 0 downstream tasks scheduled from follow-on schedule check
[2023-05-25T10:18:40.337+0000] {taskinstance.py:1103} INFO - Dependencies all met for dep_context=non-requeueable deps ti=<TaskInstance: dag_with_taskflow_api_v02.get_age scheduled__2021-11-06T00:00:00+00:00 [queued]>
[2023-05-25T10:18:40.369+0000] {taskinstance.py:1103} INFO - Dependencies all met for dep_context=requeueable deps ti=<TaskInstance: dag_with_taskflow_api_v02.get_age scheduled__2021-11-06T00:00:00+00:00 [queued]>
[2023-05-25T10:18:40.370+0000] {taskinstance.py:1308} INFO - Starting attempt 1 of 6
[2023-05-25T10:18:40.441+0000] {taskinstance.py:1327} INFO - Executing <Task(_PythonDecoratedOperator): get_age> on 2021-11-06 00:00:00+00:00
[2023-05-25T10:18:40.452+0000] {standard_task_runner.py:57} INFO - Started process 1306 to run task
[2023-05-25T10:18:40.470+0000] {standard_task_runner.py:84} INFO - Running: ['***', 'tasks', 'run', 'dag_with_taskflow_api_v02', 'get_age', 'scheduled__2021-11-06T00:00:00+00:00', '--job-id', '27', '--raw', '--subdir', 'DAGS_FOLDER/first_dag.py', '--cfg-path', '/tmp/tmpvtyjjtw1']
[2023-05-25T10:18:40.477+0000] {standard_task_runner.py:85} INFO - Job 27: Subtask get_age
[2023-05-25T10:18:40.685+0000] {task_command.py:410} INFO - Running <TaskInstance: dag_with_taskflow_api_v02.get_age scheduled__2021-11-06T00:00:00+00:00 [running]> on host b1ae37a9584e
[2023-05-25T10:18:40.987+0000] {taskinstance.py:1547} INFO - Exporting env vars: AIRFLOW_CTX_DAG_OWNER='Sai' AIRFLOW_CTX_DAG_ID='dag_with_taskflow_api_v02' AIRFLOW_CTX_TASK_ID='get_age' AIRFLOW_CTX_EXECUTION_DATE='2021-11-06T00:00:00+00:00' AIRFLOW_CTX_TRY_NUMBER='1' AIRFLOW_CTX_DAG_RUN_ID='scheduled__2021-11-06T00:00:00+00:00'
[2023-05-25T10:18:40.989+0000] {python.py:183} INFO - Done. Returned value was: 19
[2023-05-25T10:18:41.066+0000] {taskinstance.py:1350} INFO - Marking task as SUCCESS. dag_id=dag_with_taskflow_api_v02, task_id=get_age, execution_date=20211106T000000, start_date=20230525T101840, end_date=20230525T101841
[2023-05-25T10:18:41.112+0000] {local_task_job_runner.py:225} INFO - Task exited with return code 0
[2023-05-25T10:18:41.682+0000] {taskinstance.py:2651} INFO - 0 downstream tasks scheduled from follow-on schedule check
