[2023-05-24T15:30:15.445+0000] {taskinstance.py:1103} INFO - Dependencies all met for dep_context=non-requeueable deps ti=<TaskInstance: dag_with_taskflow_api_v02.get_name scheduled__2023-03-15T00:00:00+00:00 [queued]>
[2023-05-24T15:30:15.506+0000] {taskinstance.py:1103} INFO - Dependencies all met for dep_context=requeueable deps ti=<TaskInstance: dag_with_taskflow_api_v02.get_name scheduled__2023-03-15T00:00:00+00:00 [queued]>
[2023-05-24T15:30:15.507+0000] {taskinstance.py:1308} INFO - Starting attempt 1 of 6
[2023-05-24T15:30:15.595+0000] {taskinstance.py:1327} INFO - Executing <Task(_PythonDecoratedOperator): get_name> on 2023-03-15 00:00:00+00:00
[2023-05-24T15:30:15.607+0000] {standard_task_runner.py:57} INFO - Started process 3585 to run task
[2023-05-24T15:30:15.629+0000] {standard_task_runner.py:84} INFO - Running: ['***', 'tasks', 'run', 'dag_with_taskflow_api_v02', 'get_name', 'scheduled__2023-03-15T00:00:00+00:00', '--job-id', '1519', '--raw', '--subdir', 'DAGS_FOLDER/first_dag.py', '--cfg-path', '/tmp/tmp8p1rn_3b']
[2023-05-24T15:30:15.653+0000] {standard_task_runner.py:85} INFO - Job 1519: Subtask get_name
[2023-05-24T15:30:15.964+0000] {task_command.py:410} INFO - Running <TaskInstance: dag_with_taskflow_api_v02.get_name scheduled__2023-03-15T00:00:00+00:00 [running]> on host 942de29f183d
[2023-05-24T15:30:16.418+0000] {taskinstance.py:1547} INFO - Exporting env vars: AIRFLOW_CTX_DAG_OWNER='Sai' AIRFLOW_CTX_DAG_ID='dag_with_taskflow_api_v02' AIRFLOW_CTX_TASK_ID='get_name' AIRFLOW_CTX_EXECUTION_DATE='2023-03-15T00:00:00+00:00' AIRFLOW_CTX_TRY_NUMBER='1' AIRFLOW_CTX_DAG_RUN_ID='scheduled__2023-03-15T00:00:00+00:00'
[2023-05-24T15:30:16.419+0000] {python.py:183} INFO - Done. Returned value was: {'first_name': 'Sai', 'last_name': 'Tr'}
[2023-05-24T15:30:16.757+0000] {taskinstance.py:1350} INFO - Marking task as SUCCESS. dag_id=dag_with_taskflow_api_v02, task_id=get_name, execution_date=20230315T000000, start_date=20230524T153015, end_date=20230524T153016
[2023-05-24T15:30:16.974+0000] {local_task_job_runner.py:225} INFO - Task exited with return code 0
[2023-05-24T15:30:17.792+0000] {taskinstance.py:2651} INFO - 0 downstream tasks scheduled from follow-on schedule check
[2023-05-25T07:02:47.081+0000] {taskinstance.py:1103} INFO - Dependencies all met for dep_context=non-requeueable deps ti=<TaskInstance: dag_with_taskflow_api_v02.get_name scheduled__2023-03-15T00:00:00+00:00 [queued]>
[2023-05-25T07:02:47.214+0000] {taskinstance.py:1103} INFO - Dependencies all met for dep_context=requeueable deps ti=<TaskInstance: dag_with_taskflow_api_v02.get_name scheduled__2023-03-15T00:00:00+00:00 [queued]>
[2023-05-25T07:02:47.215+0000] {taskinstance.py:1308} INFO - Starting attempt 1 of 6
[2023-05-25T07:02:47.937+0000] {taskinstance.py:1327} INFO - Executing <Task(_PythonDecoratedOperator): get_name> on 2023-03-15 00:00:00+00:00
[2023-05-25T07:02:47.963+0000] {standard_task_runner.py:57} INFO - Started process 5103 to run task
[2023-05-25T07:02:48.018+0000] {standard_task_runner.py:84} INFO - Running: ['***', 'tasks', 'run', 'dag_with_taskflow_api_v02', 'get_name', 'scheduled__2023-03-15T00:00:00+00:00', '--job-id', '1518', '--raw', '--subdir', 'DAGS_FOLDER/first_dag.py', '--cfg-path', '/tmp/tmpncod7ivp']
[2023-05-25T07:02:48.039+0000] {standard_task_runner.py:85} INFO - Job 1518: Subtask get_name
[2023-05-25T07:02:48.438+0000] {task_command.py:410} INFO - Running <TaskInstance: dag_with_taskflow_api_v02.get_name scheduled__2023-03-15T00:00:00+00:00 [running]> on host 6bd07c7477d9
[2023-05-25T07:02:49.100+0000] {taskinstance.py:1547} INFO - Exporting env vars: AIRFLOW_CTX_DAG_OWNER='Sai' AIRFLOW_CTX_DAG_ID='dag_with_taskflow_api_v02' AIRFLOW_CTX_TASK_ID='get_name' AIRFLOW_CTX_EXECUTION_DATE='2023-03-15T00:00:00+00:00' AIRFLOW_CTX_TRY_NUMBER='1' AIRFLOW_CTX_DAG_RUN_ID='scheduled__2023-03-15T00:00:00+00:00'
[2023-05-25T07:02:49.101+0000] {python.py:183} INFO - Done. Returned value was: {'first_name': 'Sai', 'last_name': 'Tr'}
[2023-05-25T07:02:49.366+0000] {taskinstance.py:1350} INFO - Marking task as SUCCESS. dag_id=dag_with_taskflow_api_v02, task_id=get_name, execution_date=20230315T000000, start_date=20230525T070247, end_date=20230525T070249
[2023-05-25T07:02:49.578+0000] {local_task_job_runner.py:225} INFO - Task exited with return code 0
[2023-05-25T07:02:49.767+0000] {taskinstance.py:2651} INFO - 0 downstream tasks scheduled from follow-on schedule check
[2023-05-25T10:37:11.985+0000] {taskinstance.py:1103} INFO - Dependencies all met for dep_context=non-requeueable deps ti=<TaskInstance: dag_with_taskflow_api_v02.get_name scheduled__2023-03-15T00:00:00+00:00 [queued]>
[2023-05-25T10:37:12.089+0000] {taskinstance.py:1103} INFO - Dependencies all met for dep_context=requeueable deps ti=<TaskInstance: dag_with_taskflow_api_v02.get_name scheduled__2023-03-15T00:00:00+00:00 [queued]>
[2023-05-25T10:37:12.089+0000] {taskinstance.py:1308} INFO - Starting attempt 1 of 6
[2023-05-25T10:37:13.018+0000] {taskinstance.py:1327} INFO - Executing <Task(_PythonDecoratedOperator): get_name> on 2023-03-15 00:00:00+00:00
[2023-05-25T10:37:13.059+0000] {standard_task_runner.py:57} INFO - Started process 4743 to run task
[2023-05-25T10:37:13.081+0000] {standard_task_runner.py:84} INFO - Running: ['***', 'tasks', 'run', 'dag_with_taskflow_api_v02', 'get_name', 'scheduled__2023-03-15T00:00:00+00:00', '--job-id', '1528', '--raw', '--subdir', 'DAGS_FOLDER/first_dag.py', '--cfg-path', '/tmp/tmpflgusq3k']
[2023-05-25T10:37:13.090+0000] {standard_task_runner.py:85} INFO - Job 1528: Subtask get_name
[2023-05-25T10:37:13.492+0000] {task_command.py:410} INFO - Running <TaskInstance: dag_with_taskflow_api_v02.get_name scheduled__2023-03-15T00:00:00+00:00 [running]> on host b1ae37a9584e
[2023-05-25T10:37:14.499+0000] {taskinstance.py:1547} INFO - Exporting env vars: AIRFLOW_CTX_DAG_OWNER='Sai' AIRFLOW_CTX_DAG_ID='dag_with_taskflow_api_v02' AIRFLOW_CTX_TASK_ID='get_name' AIRFLOW_CTX_EXECUTION_DATE='2023-03-15T00:00:00+00:00' AIRFLOW_CTX_TRY_NUMBER='1' AIRFLOW_CTX_DAG_RUN_ID='scheduled__2023-03-15T00:00:00+00:00'
[2023-05-25T10:37:14.501+0000] {python.py:183} INFO - Done. Returned value was: {'first_name': 'Sai', 'last_name': 'Tr'}
[2023-05-25T10:37:14.917+0000] {taskinstance.py:1350} INFO - Marking task as SUCCESS. dag_id=dag_with_taskflow_api_v02, task_id=get_name, execution_date=20230315T000000, start_date=20230525T103711, end_date=20230525T103714
[2023-05-25T10:37:15.139+0000] {local_task_job_runner.py:225} INFO - Task exited with return code 0
[2023-05-25T10:37:15.865+0000] {taskinstance.py:2651} INFO - 0 downstream tasks scheduled from follow-on schedule check
