[2023-05-23T10:20:44.579+0000] {taskinstance.py:1103} INFO - Dependencies all met for dep_context=non-requeueable deps ti=<TaskInstance: dag_with_taskflow_api_v02.get_age scheduled__2021-11-23T00:00:00+00:00 [queued]>
[2023-05-23T10:20:45.154+0000] {taskinstance.py:1103} INFO - Dependencies all met for dep_context=requeueable deps ti=<TaskInstance: dag_with_taskflow_api_v02.get_age scheduled__2021-11-23T00:00:00+00:00 [queued]>
[2023-05-23T10:20:45.154+0000] {taskinstance.py:1308} INFO - Starting attempt 1 of 6
[2023-05-23T10:20:46.077+0000] {taskinstance.py:1327} INFO - Executing <Task(_PythonDecoratedOperator): get_age> on 2021-11-23 00:00:00+00:00
[2023-05-23T10:20:46.163+0000] {standard_task_runner.py:57} INFO - Started process 1524 to run task
[2023-05-23T10:20:46.224+0000] {standard_task_runner.py:84} INFO - Running: ['***', 'tasks', 'run', 'dag_with_taskflow_api_v02', 'get_age', 'scheduled__2021-11-23T00:00:00+00:00', '--job-id', '136', '--raw', '--subdir', 'DAGS_FOLDER/first_dag.py', '--cfg-path', '/tmp/tmp0tuu6vos']
[2023-05-23T10:20:46.244+0000] {standard_task_runner.py:85} INFO - Job 136: Subtask get_age
[2023-05-23T10:20:47.251+0000] {task_command.py:410} INFO - Running <TaskInstance: dag_with_taskflow_api_v02.get_age scheduled__2021-11-23T00:00:00+00:00 [running]> on host fb58d5a02d2c
[2023-05-23T10:20:49.691+0000] {taskinstance.py:1547} INFO - Exporting env vars: AIRFLOW_CTX_DAG_OWNER='coder2j' AIRFLOW_CTX_DAG_ID='dag_with_taskflow_api_v02' AIRFLOW_CTX_TASK_ID='get_age' AIRFLOW_CTX_EXECUTION_DATE='2021-11-23T00:00:00+00:00' AIRFLOW_CTX_TRY_NUMBER='1' AIRFLOW_CTX_DAG_RUN_ID='scheduled__2021-11-23T00:00:00+00:00'
[2023-05-23T10:20:49.696+0000] {python.py:183} INFO - Done. Returned value was: 19
[2023-05-23T10:20:50.287+0000] {taskinstance.py:1350} INFO - Marking task as SUCCESS. dag_id=dag_with_taskflow_api_v02, task_id=get_age, execution_date=20211123T000000, start_date=20230523T102044, end_date=20230523T102050
[2023-05-23T10:20:50.741+0000] {local_task_job_runner.py:225} INFO - Task exited with return code 0
[2023-05-23T10:20:50.867+0000] {taskinstance.py:2651} INFO - 1 downstream tasks scheduled from follow-on schedule check
[2023-05-23T10:27:34.338+0000] {taskinstance.py:1103} INFO - Dependencies all met for dep_context=non-requeueable deps ti=<TaskInstance: dag_with_taskflow_api_v02.get_age scheduled__2021-11-23T00:00:00+00:00 [queued]>
[2023-05-23T10:27:34.418+0000] {taskinstance.py:1103} INFO - Dependencies all met for dep_context=requeueable deps ti=<TaskInstance: dag_with_taskflow_api_v02.get_age scheduled__2021-11-23T00:00:00+00:00 [queued]>
[2023-05-23T10:27:34.425+0000] {taskinstance.py:1308} INFO - Starting attempt 1 of 6
[2023-05-23T10:27:34.665+0000] {taskinstance.py:1327} INFO - Executing <Task(_PythonDecoratedOperator): get_age> on 2021-11-23 00:00:00+00:00
[2023-05-23T10:27:34.727+0000] {standard_task_runner.py:57} INFO - Started process 401 to run task
[2023-05-23T10:27:34.809+0000] {standard_task_runner.py:84} INFO - Running: ['***', 'tasks', 'run', 'dag_with_taskflow_api_v02', 'get_age', 'scheduled__2021-11-23T00:00:00+00:00', '--job-id', '90', '--raw', '--subdir', 'DAGS_FOLDER/first_dag.py', '--cfg-path', '/tmp/tmpfry4m2id']
[2023-05-23T10:27:34.869+0000] {standard_task_runner.py:85} INFO - Job 90: Subtask get_age
[2023-05-23T10:27:35.688+0000] {task_command.py:410} INFO - Running <TaskInstance: dag_with_taskflow_api_v02.get_age scheduled__2021-11-23T00:00:00+00:00 [running]> on host 8a6612510f4c
[2023-05-23T10:27:37.594+0000] {taskinstance.py:1547} INFO - Exporting env vars: AIRFLOW_CTX_DAG_OWNER='coder2j' AIRFLOW_CTX_DAG_ID='dag_with_taskflow_api_v02' AIRFLOW_CTX_TASK_ID='get_age' AIRFLOW_CTX_EXECUTION_DATE='2021-11-23T00:00:00+00:00' AIRFLOW_CTX_TRY_NUMBER='1' AIRFLOW_CTX_DAG_RUN_ID='scheduled__2021-11-23T00:00:00+00:00'
[2023-05-23T10:27:37.600+0000] {python.py:183} INFO - Done. Returned value was: 19
[2023-05-23T10:27:37.957+0000] {taskinstance.py:1350} INFO - Marking task as SUCCESS. dag_id=dag_with_taskflow_api_v02, task_id=get_age, execution_date=20211123T000000, start_date=20230523T102734, end_date=20230523T102737
[2023-05-23T10:27:38.406+0000] {local_task_job_runner.py:225} INFO - Task exited with return code 0
[2023-05-23T10:27:38.821+0000] {taskinstance.py:2651} INFO - 1 downstream tasks scheduled from follow-on schedule check
