[2023-05-24T15:27:36.905+0000] {taskinstance.py:1103} INFO - Dependencies all met for dep_context=non-requeueable deps ti=<TaskInstance: dag_with_taskflow_api_v02.get_age scheduled__2022-12-10T00:00:00+00:00 [queued]>
[2023-05-24T15:27:37.058+0000] {taskinstance.py:1103} INFO - Dependencies all met for dep_context=requeueable deps ti=<TaskInstance: dag_with_taskflow_api_v02.get_age scheduled__2022-12-10T00:00:00+00:00 [queued]>
[2023-05-24T15:27:37.084+0000] {taskinstance.py:1308} INFO - Starting attempt 1 of 6
[2023-05-24T15:27:37.308+0000] {taskinstance.py:1327} INFO - Executing <Task(_PythonDecoratedOperator): get_age> on 2022-12-10 00:00:00+00:00
[2023-05-24T15:27:37.344+0000] {standard_task_runner.py:57} INFO - Started process 2950 to run task
[2023-05-24T15:27:37.407+0000] {standard_task_runner.py:84} INFO - Running: ['***', 'tasks', 'run', 'dag_with_taskflow_api_v02', 'get_age', 'scheduled__2022-12-10T00:00:00+00:00', '--job-id', '1235', '--raw', '--subdir', 'DAGS_FOLDER/first_dag.py', '--cfg-path', '/tmp/tmp5bd2ecur']
[2023-05-24T15:27:37.410+0000] {standard_task_runner.py:85} INFO - Job 1235: Subtask get_age
[2023-05-24T15:27:37.743+0000] {task_command.py:410} INFO - Running <TaskInstance: dag_with_taskflow_api_v02.get_age scheduled__2022-12-10T00:00:00+00:00 [running]> on host 942de29f183d
[2023-05-24T15:27:38.714+0000] {taskinstance.py:1547} INFO - Exporting env vars: AIRFLOW_CTX_DAG_OWNER='Sai' AIRFLOW_CTX_DAG_ID='dag_with_taskflow_api_v02' AIRFLOW_CTX_TASK_ID='get_age' AIRFLOW_CTX_EXECUTION_DATE='2022-12-10T00:00:00+00:00' AIRFLOW_CTX_TRY_NUMBER='1' AIRFLOW_CTX_DAG_RUN_ID='scheduled__2022-12-10T00:00:00+00:00'
[2023-05-24T15:27:38.716+0000] {python.py:183} INFO - Done. Returned value was: 19
[2023-05-24T15:27:38.892+0000] {taskinstance.py:1350} INFO - Marking task as SUCCESS. dag_id=dag_with_taskflow_api_v02, task_id=get_age, execution_date=20221210T000000, start_date=20230524T152736, end_date=20230524T152738
[2023-05-24T15:27:39.040+0000] {local_task_job_runner.py:225} INFO - Task exited with return code 0
[2023-05-24T15:27:39.211+0000] {taskinstance.py:2651} INFO - 1 downstream tasks scheduled from follow-on schedule check
[2023-05-25T07:00:08.432+0000] {taskinstance.py:1103} INFO - Dependencies all met for dep_context=non-requeueable deps ti=<TaskInstance: dag_with_taskflow_api_v02.get_age scheduled__2022-12-10T00:00:00+00:00 [queued]>
[2023-05-25T07:00:08.492+0000] {taskinstance.py:1103} INFO - Dependencies all met for dep_context=requeueable deps ti=<TaskInstance: dag_with_taskflow_api_v02.get_age scheduled__2022-12-10T00:00:00+00:00 [queued]>
[2023-05-25T07:00:08.493+0000] {taskinstance.py:1308} INFO - Starting attempt 1 of 6
[2023-05-25T07:00:08.578+0000] {taskinstance.py:1327} INFO - Executing <Task(_PythonDecoratedOperator): get_age> on 2022-12-10 00:00:00+00:00
[2023-05-25T07:00:08.584+0000] {standard_task_runner.py:57} INFO - Started process 4452 to run task
[2023-05-25T07:00:08.611+0000] {standard_task_runner.py:84} INFO - Running: ['***', 'tasks', 'run', 'dag_with_taskflow_api_v02', 'get_age', 'scheduled__2022-12-10T00:00:00+00:00', '--job-id', '1229', '--raw', '--subdir', 'DAGS_FOLDER/first_dag.py', '--cfg-path', '/tmp/tmpu0cgyy_u']
[2023-05-25T07:00:08.619+0000] {standard_task_runner.py:85} INFO - Job 1229: Subtask get_age
[2023-05-25T07:00:08.767+0000] {task_command.py:410} INFO - Running <TaskInstance: dag_with_taskflow_api_v02.get_age scheduled__2022-12-10T00:00:00+00:00 [running]> on host 6bd07c7477d9
[2023-05-25T07:00:09.401+0000] {taskinstance.py:1547} INFO - Exporting env vars: AIRFLOW_CTX_DAG_OWNER='Sai' AIRFLOW_CTX_DAG_ID='dag_with_taskflow_api_v02' AIRFLOW_CTX_TASK_ID='get_age' AIRFLOW_CTX_EXECUTION_DATE='2022-12-10T00:00:00+00:00' AIRFLOW_CTX_TRY_NUMBER='1' AIRFLOW_CTX_DAG_RUN_ID='scheduled__2022-12-10T00:00:00+00:00'
[2023-05-25T07:00:09.402+0000] {python.py:183} INFO - Done. Returned value was: 19
[2023-05-25T07:00:09.485+0000] {taskinstance.py:1350} INFO - Marking task as SUCCESS. dag_id=dag_with_taskflow_api_v02, task_id=get_age, execution_date=20221210T000000, start_date=20230525T070008, end_date=20230525T070009
[2023-05-25T07:00:09.575+0000] {local_task_job_runner.py:225} INFO - Task exited with return code 0
[2023-05-25T07:00:09.799+0000] {taskinstance.py:2651} INFO - 0 downstream tasks scheduled from follow-on schedule check
[2023-05-25T10:34:05.600+0000] {taskinstance.py:1103} INFO - Dependencies all met for dep_context=non-requeueable deps ti=<TaskInstance: dag_with_taskflow_api_v02.get_age scheduled__2022-12-10T00:00:00+00:00 [queued]>
[2023-05-25T10:34:05.943+0000] {taskinstance.py:1103} INFO - Dependencies all met for dep_context=requeueable deps ti=<TaskInstance: dag_with_taskflow_api_v02.get_age scheduled__2022-12-10T00:00:00+00:00 [queued]>
[2023-05-25T10:34:05.944+0000] {taskinstance.py:1308} INFO - Starting attempt 1 of 6
[2023-05-25T10:34:06.418+0000] {taskinstance.py:1327} INFO - Executing <Task(_PythonDecoratedOperator): get_age> on 2022-12-10 00:00:00+00:00
[2023-05-25T10:34:06.434+0000] {standard_task_runner.py:57} INFO - Started process 4098 to run task
[2023-05-25T10:34:06.488+0000] {standard_task_runner.py:84} INFO - Running: ['***', 'tasks', 'run', 'dag_with_taskflow_api_v02', 'get_age', 'scheduled__2022-12-10T00:00:00+00:00', '--job-id', '1243', '--raw', '--subdir', 'DAGS_FOLDER/first_dag.py', '--cfg-path', '/tmp/tmp3eh6ivid']
[2023-05-25T10:34:06.552+0000] {standard_task_runner.py:85} INFO - Job 1243: Subtask get_age
[2023-05-25T10:34:07.150+0000] {task_command.py:410} INFO - Running <TaskInstance: dag_with_taskflow_api_v02.get_age scheduled__2022-12-10T00:00:00+00:00 [running]> on host b1ae37a9584e
[2023-05-25T10:34:08.745+0000] {taskinstance.py:1547} INFO - Exporting env vars: AIRFLOW_CTX_DAG_OWNER='Sai' AIRFLOW_CTX_DAG_ID='dag_with_taskflow_api_v02' AIRFLOW_CTX_TASK_ID='get_age' AIRFLOW_CTX_EXECUTION_DATE='2022-12-10T00:00:00+00:00' AIRFLOW_CTX_TRY_NUMBER='1' AIRFLOW_CTX_DAG_RUN_ID='scheduled__2022-12-10T00:00:00+00:00'
[2023-05-25T10:34:08.747+0000] {python.py:183} INFO - Done. Returned value was: 19
[2023-05-25T10:34:09.049+0000] {taskinstance.py:1350} INFO - Marking task as SUCCESS. dag_id=dag_with_taskflow_api_v02, task_id=get_age, execution_date=20221210T000000, start_date=20230525T103405, end_date=20230525T103409
[2023-05-25T10:34:09.413+0000] {local_task_job_runner.py:225} INFO - Task exited with return code 0
[2023-05-25T10:34:09.944+0000] {taskinstance.py:2651} INFO - 1 downstream tasks scheduled from follow-on schedule check
