[2023-05-24T15:25:20.633+0000] {taskinstance.py:1103} INFO - Dependencies all met for dep_context=non-requeueable deps ti=<TaskInstance: dag_with_taskflow_api_v02.greet scheduled__2022-09-13T00:00:00+00:00 [queued]>
[2023-05-24T15:25:20.769+0000] {taskinstance.py:1103} INFO - Dependencies all met for dep_context=requeueable deps ti=<TaskInstance: dag_with_taskflow_api_v02.greet scheduled__2022-09-13T00:00:00+00:00 [queued]>
[2023-05-24T15:25:20.770+0000] {taskinstance.py:1308} INFO - Starting attempt 1 of 6
[2023-05-24T15:25:21.041+0000] {taskinstance.py:1327} INFO - Executing <Task(_PythonDecoratedOperator): greet> on 2022-09-13 00:00:00+00:00
[2023-05-24T15:25:21.069+0000] {standard_task_runner.py:57} INFO - Started process 2405 to run task
[2023-05-24T15:25:21.155+0000] {standard_task_runner.py:84} INFO - Running: ['***', 'tasks', 'run', 'dag_with_taskflow_api_v02', 'greet', 'scheduled__2022-09-13T00:00:00+00:00', '--job-id', '987', '--raw', '--subdir', 'DAGS_FOLDER/first_dag.py', '--cfg-path', '/tmp/tmpwowtanot']
[2023-05-24T15:25:21.165+0000] {standard_task_runner.py:85} INFO - Job 987: Subtask greet
[2023-05-24T15:25:21.704+0000] {task_command.py:410} INFO - Running <TaskInstance: dag_with_taskflow_api_v02.greet scheduled__2022-09-13T00:00:00+00:00 [running]> on host 942de29f183d
[2023-05-24T15:25:22.560+0000] {taskinstance.py:1547} INFO - Exporting env vars: AIRFLOW_CTX_DAG_OWNER='Sai' AIRFLOW_CTX_DAG_ID='dag_with_taskflow_api_v02' AIRFLOW_CTX_TASK_ID='greet' AIRFLOW_CTX_EXECUTION_DATE='2022-09-13T00:00:00+00:00' AIRFLOW_CTX_TRY_NUMBER='1' AIRFLOW_CTX_DAG_RUN_ID='scheduled__2022-09-13T00:00:00+00:00'
[2023-05-24T15:25:22.561+0000] {logging_mixin.py:149} INFO - Hello World! My name is Sai Tr and I am 19 years old!
[2023-05-24T15:25:22.562+0000] {python.py:183} INFO - Done. Returned value was: None
[2023-05-24T15:25:22.612+0000] {taskinstance.py:1350} INFO - Marking task as SUCCESS. dag_id=dag_with_taskflow_api_v02, task_id=greet, execution_date=20220913T000000, start_date=20230524T152520, end_date=20230524T152522
[2023-05-24T15:25:22.695+0000] {local_task_job_runner.py:225} INFO - Task exited with return code 0
[2023-05-24T15:25:22.814+0000] {taskinstance.py:2651} INFO - 0 downstream tasks scheduled from follow-on schedule check
[2023-05-25T06:57:50.906+0000] {taskinstance.py:1103} INFO - Dependencies all met for dep_context=non-requeueable deps ti=<TaskInstance: dag_with_taskflow_api_v02.greet scheduled__2022-09-13T00:00:00+00:00 [queued]>
[2023-05-25T06:57:50.971+0000] {taskinstance.py:1103} INFO - Dependencies all met for dep_context=requeueable deps ti=<TaskInstance: dag_with_taskflow_api_v02.greet scheduled__2022-09-13T00:00:00+00:00 [queued]>
[2023-05-25T06:57:50.972+0000] {taskinstance.py:1308} INFO - Starting attempt 1 of 6
[2023-05-25T06:57:51.024+0000] {taskinstance.py:1327} INFO - Executing <Task(_PythonDecoratedOperator): greet> on 2022-09-13 00:00:00+00:00
[2023-05-25T06:57:51.033+0000] {standard_task_runner.py:57} INFO - Started process 3904 to run task
[2023-05-25T06:57:51.051+0000] {standard_task_runner.py:84} INFO - Running: ['***', 'tasks', 'run', 'dag_with_taskflow_api_v02', 'greet', 'scheduled__2022-09-13T00:00:00+00:00', '--job-id', '980', '--raw', '--subdir', 'DAGS_FOLDER/first_dag.py', '--cfg-path', '/tmp/tmpueupekan']
[2023-05-25T06:57:51.055+0000] {standard_task_runner.py:85} INFO - Job 980: Subtask greet
[2023-05-25T06:57:51.193+0000] {task_command.py:410} INFO - Running <TaskInstance: dag_with_taskflow_api_v02.greet scheduled__2022-09-13T00:00:00+00:00 [running]> on host 6bd07c7477d9
[2023-05-25T06:57:51.460+0000] {taskinstance.py:1547} INFO - Exporting env vars: AIRFLOW_CTX_DAG_OWNER='Sai' AIRFLOW_CTX_DAG_ID='dag_with_taskflow_api_v02' AIRFLOW_CTX_TASK_ID='greet' AIRFLOW_CTX_EXECUTION_DATE='2022-09-13T00:00:00+00:00' AIRFLOW_CTX_TRY_NUMBER='1' AIRFLOW_CTX_DAG_RUN_ID='scheduled__2022-09-13T00:00:00+00:00'
[2023-05-25T06:57:51.462+0000] {logging_mixin.py:149} INFO - Hello World! My name is Sai Tr and I am 19 years old!
[2023-05-25T06:57:51.462+0000] {python.py:183} INFO - Done. Returned value was: None
[2023-05-25T06:57:51.483+0000] {taskinstance.py:1350} INFO - Marking task as SUCCESS. dag_id=dag_with_taskflow_api_v02, task_id=greet, execution_date=20220913T000000, start_date=20230525T065750, end_date=20230525T065751
[2023-05-25T06:57:51.551+0000] {local_task_job_runner.py:225} INFO - Task exited with return code 0
[2023-05-25T06:57:51.595+0000] {taskinstance.py:2651} INFO - 0 downstream tasks scheduled from follow-on schedule check
[2023-05-25T10:31:20.565+0000] {taskinstance.py:1103} INFO - Dependencies all met for dep_context=non-requeueable deps ti=<TaskInstance: dag_with_taskflow_api_v02.greet scheduled__2022-09-13T00:00:00+00:00 [queued]>
[2023-05-25T10:31:20.650+0000] {taskinstance.py:1103} INFO - Dependencies all met for dep_context=requeueable deps ti=<TaskInstance: dag_with_taskflow_api_v02.greet scheduled__2022-09-13T00:00:00+00:00 [queued]>
[2023-05-25T10:31:20.650+0000] {taskinstance.py:1308} INFO - Starting attempt 1 of 6
[2023-05-25T10:31:20.772+0000] {taskinstance.py:1327} INFO - Executing <Task(_PythonDecoratedOperator): greet> on 2022-09-13 00:00:00+00:00
[2023-05-25T10:31:20.797+0000] {standard_task_runner.py:84} INFO - Running: ['***', 'tasks', 'run', 'dag_with_taskflow_api_v02', 'greet', 'scheduled__2022-09-13T00:00:00+00:00', '--job-id', '997', '--raw', '--subdir', 'DAGS_FOLDER/first_dag.py', '--cfg-path', '/tmp/tmphz05s2rh']
[2023-05-25T10:31:20.816+0000] {standard_task_runner.py:85} INFO - Job 997: Subtask greet
[2023-05-25T10:31:20.816+0000] {standard_task_runner.py:57} INFO - Started process 3536 to run task
[2023-05-25T10:31:21.197+0000] {task_command.py:410} INFO - Running <TaskInstance: dag_with_taskflow_api_v02.greet scheduled__2022-09-13T00:00:00+00:00 [running]> on host b1ae37a9584e
[2023-05-25T10:31:22.267+0000] {taskinstance.py:1547} INFO - Exporting env vars: AIRFLOW_CTX_DAG_OWNER='Sai' AIRFLOW_CTX_DAG_ID='dag_with_taskflow_api_v02' AIRFLOW_CTX_TASK_ID='greet' AIRFLOW_CTX_EXECUTION_DATE='2022-09-13T00:00:00+00:00' AIRFLOW_CTX_TRY_NUMBER='1' AIRFLOW_CTX_DAG_RUN_ID='scheduled__2022-09-13T00:00:00+00:00'
[2023-05-25T10:31:22.269+0000] {logging_mixin.py:149} INFO - Hello World! My name is Sai Tr and I am 19 years old!
[2023-05-25T10:31:22.269+0000] {python.py:183} INFO - Done. Returned value was: None
[2023-05-25T10:31:22.326+0000] {taskinstance.py:1350} INFO - Marking task as SUCCESS. dag_id=dag_with_taskflow_api_v02, task_id=greet, execution_date=20220913T000000, start_date=20230525T103120, end_date=20230525T103122
[2023-05-25T10:31:22.456+0000] {local_task_job_runner.py:225} INFO - Task exited with return code 0
[2023-05-25T10:31:22.687+0000] {taskinstance.py:2651} INFO - 0 downstream tasks scheduled from follow-on schedule check
