[2023-05-24T15:27:39.802+0000] {taskinstance.py:1103} INFO - Dependencies all met for dep_context=non-requeueable deps ti=<TaskInstance: dag_with_taskflow_api_v02.get_name scheduled__2022-12-14T00:00:00+00:00 [queued]>
[2023-05-24T15:27:39.879+0000] {taskinstance.py:1103} INFO - Dependencies all met for dep_context=requeueable deps ti=<TaskInstance: dag_with_taskflow_api_v02.get_name scheduled__2022-12-14T00:00:00+00:00 [queued]>
[2023-05-24T15:27:39.880+0000] {taskinstance.py:1308} INFO - Starting attempt 1 of 6
[2023-05-24T15:27:40.063+0000] {taskinstance.py:1327} INFO - Executing <Task(_PythonDecoratedOperator): get_name> on 2022-12-14 00:00:00+00:00
[2023-05-24T15:27:40.069+0000] {standard_task_runner.py:57} INFO - Started process 2970 to run task
[2023-05-24T15:27:40.178+0000] {standard_task_runner.py:84} INFO - Running: ['***', 'tasks', 'run', 'dag_with_taskflow_api_v02', 'get_name', 'scheduled__2022-12-14T00:00:00+00:00', '--job-id', '1243', '--raw', '--subdir', 'DAGS_FOLDER/first_dag.py', '--cfg-path', '/tmp/tmpijv4plm2']
[2023-05-24T15:27:40.214+0000] {standard_task_runner.py:85} INFO - Job 1243: Subtask get_name
[2023-05-24T15:27:40.488+0000] {task_command.py:410} INFO - Running <TaskInstance: dag_with_taskflow_api_v02.get_name scheduled__2022-12-14T00:00:00+00:00 [running]> on host 942de29f183d
[2023-05-24T15:27:41.255+0000] {taskinstance.py:1547} INFO - Exporting env vars: AIRFLOW_CTX_DAG_OWNER='Sai' AIRFLOW_CTX_DAG_ID='dag_with_taskflow_api_v02' AIRFLOW_CTX_TASK_ID='get_name' AIRFLOW_CTX_EXECUTION_DATE='2022-12-14T00:00:00+00:00' AIRFLOW_CTX_TRY_NUMBER='1' AIRFLOW_CTX_DAG_RUN_ID='scheduled__2022-12-14T00:00:00+00:00'
[2023-05-24T15:27:41.256+0000] {python.py:183} INFO - Done. Returned value was: {'first_name': 'Sai', 'last_name': 'Tr'}
[2023-05-24T15:27:41.507+0000] {taskinstance.py:1350} INFO - Marking task as SUCCESS. dag_id=dag_with_taskflow_api_v02, task_id=get_name, execution_date=20221214T000000, start_date=20230524T152739, end_date=20230524T152741
[2023-05-24T15:27:41.683+0000] {local_task_job_runner.py:225} INFO - Task exited with return code 0
[2023-05-24T15:27:41.893+0000] {taskinstance.py:2651} INFO - 0 downstream tasks scheduled from follow-on schedule check
[2023-05-25T07:00:20.563+0000] {taskinstance.py:1103} INFO - Dependencies all met for dep_context=non-requeueable deps ti=<TaskInstance: dag_with_taskflow_api_v02.get_name scheduled__2022-12-14T00:00:00+00:00 [queued]>
[2023-05-25T07:00:20.705+0000] {taskinstance.py:1103} INFO - Dependencies all met for dep_context=requeueable deps ti=<TaskInstance: dag_with_taskflow_api_v02.get_name scheduled__2022-12-14T00:00:00+00:00 [queued]>
[2023-05-25T07:00:20.714+0000] {taskinstance.py:1308} INFO - Starting attempt 1 of 6
[2023-05-25T07:00:21.158+0000] {taskinstance.py:1327} INFO - Executing <Task(_PythonDecoratedOperator): get_name> on 2022-12-14 00:00:00+00:00
[2023-05-25T07:00:21.187+0000] {standard_task_runner.py:57} INFO - Started process 4499 to run task
[2023-05-25T07:00:21.224+0000] {standard_task_runner.py:84} INFO - Running: ['***', 'tasks', 'run', 'dag_with_taskflow_api_v02', 'get_name', 'scheduled__2022-12-14T00:00:00+00:00', '--job-id', '1248', '--raw', '--subdir', 'DAGS_FOLDER/first_dag.py', '--cfg-path', '/tmp/tmpwn0ru9ip']
[2023-05-25T07:00:21.255+0000] {standard_task_runner.py:85} INFO - Job 1248: Subtask get_name
[2023-05-25T07:00:21.636+0000] {task_command.py:410} INFO - Running <TaskInstance: dag_with_taskflow_api_v02.get_name scheduled__2022-12-14T00:00:00+00:00 [running]> on host 6bd07c7477d9
[2023-05-25T07:00:22.539+0000] {taskinstance.py:1547} INFO - Exporting env vars: AIRFLOW_CTX_DAG_OWNER='Sai' AIRFLOW_CTX_DAG_ID='dag_with_taskflow_api_v02' AIRFLOW_CTX_TASK_ID='get_name' AIRFLOW_CTX_EXECUTION_DATE='2022-12-14T00:00:00+00:00' AIRFLOW_CTX_TRY_NUMBER='1' AIRFLOW_CTX_DAG_RUN_ID='scheduled__2022-12-14T00:00:00+00:00'
[2023-05-25T07:00:22.540+0000] {python.py:183} INFO - Done. Returned value was: {'first_name': 'Sai', 'last_name': 'Tr'}
[2023-05-25T07:00:22.876+0000] {taskinstance.py:1350} INFO - Marking task as SUCCESS. dag_id=dag_with_taskflow_api_v02, task_id=get_name, execution_date=20221214T000000, start_date=20230525T070020, end_date=20230525T070022
[2023-05-25T07:00:23.592+0000] {local_task_job_runner.py:225} INFO - Task exited with return code 0
[2023-05-25T07:00:23.877+0000] {taskinstance.py:2651} INFO - 1 downstream tasks scheduled from follow-on schedule check
[2023-05-25T10:34:15.969+0000] {taskinstance.py:1103} INFO - Dependencies all met for dep_context=non-requeueable deps ti=<TaskInstance: dag_with_taskflow_api_v02.get_name scheduled__2022-12-14T00:00:00+00:00 [queued]>
[2023-05-25T10:34:16.160+0000] {taskinstance.py:1103} INFO - Dependencies all met for dep_context=requeueable deps ti=<TaskInstance: dag_with_taskflow_api_v02.get_name scheduled__2022-12-14T00:00:00+00:00 [queued]>
[2023-05-25T10:34:16.160+0000] {taskinstance.py:1308} INFO - Starting attempt 1 of 6
[2023-05-25T10:34:17.300+0000] {taskinstance.py:1327} INFO - Executing <Task(_PythonDecoratedOperator): get_name> on 2022-12-14 00:00:00+00:00
[2023-05-25T10:34:17.353+0000] {standard_task_runner.py:57} INFO - Started process 4126 to run task
[2023-05-25T10:34:17.410+0000] {standard_task_runner.py:84} INFO - Running: ['***', 'tasks', 'run', 'dag_with_taskflow_api_v02', 'get_name', 'scheduled__2022-12-14T00:00:00+00:00', '--job-id', '1252', '--raw', '--subdir', 'DAGS_FOLDER/first_dag.py', '--cfg-path', '/tmp/tmpuarv1k9m']
[2023-05-25T10:34:17.473+0000] {standard_task_runner.py:85} INFO - Job 1252: Subtask get_name
[2023-05-25T10:34:18.003+0000] {task_command.py:410} INFO - Running <TaskInstance: dag_with_taskflow_api_v02.get_name scheduled__2022-12-14T00:00:00+00:00 [running]> on host b1ae37a9584e
[2023-05-25T10:34:19.046+0000] {taskinstance.py:1547} INFO - Exporting env vars: AIRFLOW_CTX_DAG_OWNER='Sai' AIRFLOW_CTX_DAG_ID='dag_with_taskflow_api_v02' AIRFLOW_CTX_TASK_ID='get_name' AIRFLOW_CTX_EXECUTION_DATE='2022-12-14T00:00:00+00:00' AIRFLOW_CTX_TRY_NUMBER='1' AIRFLOW_CTX_DAG_RUN_ID='scheduled__2022-12-14T00:00:00+00:00'
[2023-05-25T10:34:19.047+0000] {python.py:183} INFO - Done. Returned value was: {'first_name': 'Sai', 'last_name': 'Tr'}
[2023-05-25T10:34:19.453+0000] {taskinstance.py:1350} INFO - Marking task as SUCCESS. dag_id=dag_with_taskflow_api_v02, task_id=get_name, execution_date=20221214T000000, start_date=20230525T103415, end_date=20230525T103419
[2023-05-25T10:34:19.589+0000] {local_task_job_runner.py:225} INFO - Task exited with return code 0
[2023-05-25T10:34:20.198+0000] {taskinstance.py:2651} INFO - 0 downstream tasks scheduled from follow-on schedule check
