[2023-05-24T15:29:16.367+0000] {taskinstance.py:1103} INFO - Dependencies all met for dep_context=non-requeueable deps ti=<TaskInstance: dag_with_taskflow_api_v02.greet scheduled__2023-02-02T00:00:00+00:00 [queued]>
[2023-05-24T15:29:16.410+0000] {taskinstance.py:1103} INFO - Dependencies all met for dep_context=requeueable deps ti=<TaskInstance: dag_with_taskflow_api_v02.greet scheduled__2023-02-02T00:00:00+00:00 [queued]>
[2023-05-24T15:29:16.411+0000] {taskinstance.py:1308} INFO - Starting attempt 1 of 6
[2023-05-24T15:29:16.588+0000] {taskinstance.py:1327} INFO - Executing <Task(_PythonDecoratedOperator): greet> on 2023-02-02 00:00:00+00:00
[2023-05-24T15:29:16.625+0000] {standard_task_runner.py:57} INFO - Started process 3351 to run task
[2023-05-24T15:29:16.636+0000] {standard_task_runner.py:84} INFO - Running: ['***', 'tasks', 'run', 'dag_with_taskflow_api_v02', 'greet', 'scheduled__2023-02-02T00:00:00+00:00', '--job-id', '1418', '--raw', '--subdir', 'DAGS_FOLDER/first_dag.py', '--cfg-path', '/tmp/tmph1isq3y_']
[2023-05-24T15:29:16.644+0000] {standard_task_runner.py:85} INFO - Job 1418: Subtask greet
[2023-05-24T15:29:16.848+0000] {task_command.py:410} INFO - Running <TaskInstance: dag_with_taskflow_api_v02.greet scheduled__2023-02-02T00:00:00+00:00 [running]> on host 942de29f183d
[2023-05-24T15:29:17.395+0000] {taskinstance.py:1547} INFO - Exporting env vars: AIRFLOW_CTX_DAG_OWNER='Sai' AIRFLOW_CTX_DAG_ID='dag_with_taskflow_api_v02' AIRFLOW_CTX_TASK_ID='greet' AIRFLOW_CTX_EXECUTION_DATE='2023-02-02T00:00:00+00:00' AIRFLOW_CTX_TRY_NUMBER='1' AIRFLOW_CTX_DAG_RUN_ID='scheduled__2023-02-02T00:00:00+00:00'
[2023-05-24T15:29:17.397+0000] {logging_mixin.py:149} INFO - Hello World! My name is Sai Tr and I am 19 years old!
[2023-05-24T15:29:17.398+0000] {python.py:183} INFO - Done. Returned value was: None
[2023-05-24T15:29:17.433+0000] {taskinstance.py:1350} INFO - Marking task as SUCCESS. dag_id=dag_with_taskflow_api_v02, task_id=greet, execution_date=20230202T000000, start_date=20230524T152916, end_date=20230524T152917
[2023-05-24T15:29:17.770+0000] {local_task_job_runner.py:225} INFO - Task exited with return code 0
[2023-05-24T15:29:17.896+0000] {taskinstance.py:2651} INFO - 0 downstream tasks scheduled from follow-on schedule check
[2023-05-25T07:01:49.579+0000] {taskinstance.py:1103} INFO - Dependencies all met for dep_context=non-requeueable deps ti=<TaskInstance: dag_with_taskflow_api_v02.greet scheduled__2023-02-02T00:00:00+00:00 [queued]>
[2023-05-25T07:01:49.663+0000] {taskinstance.py:1103} INFO - Dependencies all met for dep_context=requeueable deps ti=<TaskInstance: dag_with_taskflow_api_v02.greet scheduled__2023-02-02T00:00:00+00:00 [queued]>
[2023-05-25T07:01:49.670+0000] {taskinstance.py:1308} INFO - Starting attempt 1 of 6
[2023-05-25T07:01:49.848+0000] {taskinstance.py:1327} INFO - Executing <Task(_PythonDecoratedOperator): greet> on 2023-02-02 00:00:00+00:00
[2023-05-25T07:01:49.888+0000] {standard_task_runner.py:57} INFO - Started process 4866 to run task
[2023-05-25T07:01:49.931+0000] {standard_task_runner.py:84} INFO - Running: ['***', 'tasks', 'run', 'dag_with_taskflow_api_v02', 'greet', 'scheduled__2023-02-02T00:00:00+00:00', '--job-id', '1413', '--raw', '--subdir', 'DAGS_FOLDER/first_dag.py', '--cfg-path', '/tmp/tmp1hqig9mq']
[2023-05-25T07:01:49.955+0000] {standard_task_runner.py:85} INFO - Job 1413: Subtask greet
[2023-05-25T07:01:50.300+0000] {task_command.py:410} INFO - Running <TaskInstance: dag_with_taskflow_api_v02.greet scheduled__2023-02-02T00:00:00+00:00 [running]> on host 6bd07c7477d9
[2023-05-25T07:01:50.986+0000] {taskinstance.py:1547} INFO - Exporting env vars: AIRFLOW_CTX_DAG_OWNER='Sai' AIRFLOW_CTX_DAG_ID='dag_with_taskflow_api_v02' AIRFLOW_CTX_TASK_ID='greet' AIRFLOW_CTX_EXECUTION_DATE='2023-02-02T00:00:00+00:00' AIRFLOW_CTX_TRY_NUMBER='1' AIRFLOW_CTX_DAG_RUN_ID='scheduled__2023-02-02T00:00:00+00:00'
[2023-05-25T07:01:50.990+0000] {logging_mixin.py:149} INFO - Hello World! My name is Sai Tr and I am 19 years old!
[2023-05-25T07:01:50.991+0000] {python.py:183} INFO - Done. Returned value was: None
[2023-05-25T07:01:51.065+0000] {taskinstance.py:1350} INFO - Marking task as SUCCESS. dag_id=dag_with_taskflow_api_v02, task_id=greet, execution_date=20230202T000000, start_date=20230525T070149, end_date=20230525T070151
[2023-05-25T07:01:51.148+0000] {local_task_job_runner.py:225} INFO - Task exited with return code 0
[2023-05-25T07:01:51.254+0000] {taskinstance.py:2651} INFO - 0 downstream tasks scheduled from follow-on schedule check
[2023-05-25T10:36:08.045+0000] {taskinstance.py:1103} INFO - Dependencies all met for dep_context=non-requeueable deps ti=<TaskInstance: dag_with_taskflow_api_v02.greet scheduled__2023-02-02T00:00:00+00:00 [queued]>
[2023-05-25T10:36:08.102+0000] {taskinstance.py:1103} INFO - Dependencies all met for dep_context=requeueable deps ti=<TaskInstance: dag_with_taskflow_api_v02.greet scheduled__2023-02-02T00:00:00+00:00 [queued]>
[2023-05-25T10:36:08.102+0000] {taskinstance.py:1308} INFO - Starting attempt 1 of 6
[2023-05-25T10:36:08.662+0000] {taskinstance.py:1327} INFO - Executing <Task(_PythonDecoratedOperator): greet> on 2023-02-02 00:00:00+00:00
[2023-05-25T10:36:08.698+0000] {standard_task_runner.py:57} INFO - Started process 4514 to run task
[2023-05-25T10:36:08.744+0000] {standard_task_runner.py:84} INFO - Running: ['***', 'tasks', 'run', 'dag_with_taskflow_api_v02', 'greet', 'scheduled__2023-02-02T00:00:00+00:00', '--job-id', '1427', '--raw', '--subdir', 'DAGS_FOLDER/first_dag.py', '--cfg-path', '/tmp/tmp2576u8ef']
[2023-05-25T10:36:08.764+0000] {standard_task_runner.py:85} INFO - Job 1427: Subtask greet
[2023-05-25T10:36:09.236+0000] {task_command.py:410} INFO - Running <TaskInstance: dag_with_taskflow_api_v02.greet scheduled__2023-02-02T00:00:00+00:00 [running]> on host b1ae37a9584e
[2023-05-25T10:36:10.519+0000] {taskinstance.py:1547} INFO - Exporting env vars: AIRFLOW_CTX_DAG_OWNER='Sai' AIRFLOW_CTX_DAG_ID='dag_with_taskflow_api_v02' AIRFLOW_CTX_TASK_ID='greet' AIRFLOW_CTX_EXECUTION_DATE='2023-02-02T00:00:00+00:00' AIRFLOW_CTX_TRY_NUMBER='1' AIRFLOW_CTX_DAG_RUN_ID='scheduled__2023-02-02T00:00:00+00:00'
[2023-05-25T10:36:10.520+0000] {logging_mixin.py:149} INFO - Hello World! My name is Sai Tr and I am 19 years old!
[2023-05-25T10:36:10.521+0000] {python.py:183} INFO - Done. Returned value was: None
[2023-05-25T10:36:10.648+0000] {taskinstance.py:1350} INFO - Marking task as SUCCESS. dag_id=dag_with_taskflow_api_v02, task_id=greet, execution_date=20230202T000000, start_date=20230525T103608, end_date=20230525T103610
[2023-05-25T10:36:10.991+0000] {local_task_job_runner.py:225} INFO - Task exited with return code 0
[2023-05-25T10:36:11.264+0000] {taskinstance.py:2651} INFO - 0 downstream tasks scheduled from follow-on schedule check
