[2023-05-24T15:25:56.557+0000] {taskinstance.py:1103} INFO - Dependencies all met for dep_context=non-requeueable deps ti=<TaskInstance: dag_with_taskflow_api_v02.get_name scheduled__2022-10-12T00:00:00+00:00 [queued]>
[2023-05-24T15:25:56.670+0000] {taskinstance.py:1103} INFO - Dependencies all met for dep_context=requeueable deps ti=<TaskInstance: dag_with_taskflow_api_v02.get_name scheduled__2022-10-12T00:00:00+00:00 [queued]>
[2023-05-24T15:25:56.671+0000] {taskinstance.py:1308} INFO - Starting attempt 1 of 6
[2023-05-24T15:25:57.382+0000] {taskinstance.py:1327} INFO - Executing <Task(_PythonDecoratedOperator): get_name> on 2022-10-12 00:00:00+00:00
[2023-05-24T15:25:57.408+0000] {standard_task_runner.py:57} INFO - Started process 2546 to run task
[2023-05-24T15:25:57.428+0000] {standard_task_runner.py:84} INFO - Running: ['***', 'tasks', 'run', 'dag_with_taskflow_api_v02', 'get_name', 'scheduled__2022-10-12T00:00:00+00:00', '--job-id', '1049', '--raw', '--subdir', 'DAGS_FOLDER/first_dag.py', '--cfg-path', '/tmp/tmpx6vn1vjj']
[2023-05-24T15:25:57.455+0000] {standard_task_runner.py:85} INFO - Job 1049: Subtask get_name
[2023-05-24T15:25:57.828+0000] {task_command.py:410} INFO - Running <TaskInstance: dag_with_taskflow_api_v02.get_name scheduled__2022-10-12T00:00:00+00:00 [running]> on host 942de29f183d
[2023-05-24T15:25:58.691+0000] {taskinstance.py:1547} INFO - Exporting env vars: AIRFLOW_CTX_DAG_OWNER='Sai' AIRFLOW_CTX_DAG_ID='dag_with_taskflow_api_v02' AIRFLOW_CTX_TASK_ID='get_name' AIRFLOW_CTX_EXECUTION_DATE='2022-10-12T00:00:00+00:00' AIRFLOW_CTX_TRY_NUMBER='1' AIRFLOW_CTX_DAG_RUN_ID='scheduled__2022-10-12T00:00:00+00:00'
[2023-05-24T15:25:58.692+0000] {python.py:183} INFO - Done. Returned value was: {'first_name': 'Sai', 'last_name': 'Tr'}
[2023-05-24T15:25:58.937+0000] {taskinstance.py:1350} INFO - Marking task as SUCCESS. dag_id=dag_with_taskflow_api_v02, task_id=get_name, execution_date=20221012T000000, start_date=20230524T152556, end_date=20230524T152558
[2023-05-24T15:25:59.072+0000] {local_task_job_runner.py:225} INFO - Task exited with return code 0
[2023-05-24T15:25:59.799+0000] {taskinstance.py:2651} INFO - 0 downstream tasks scheduled from follow-on schedule check
[2023-05-25T06:58:30.646+0000] {taskinstance.py:1103} INFO - Dependencies all met for dep_context=non-requeueable deps ti=<TaskInstance: dag_with_taskflow_api_v02.get_name scheduled__2022-10-12T00:00:00+00:00 [queued]>
[2023-05-25T06:58:30.811+0000] {taskinstance.py:1103} INFO - Dependencies all met for dep_context=requeueable deps ti=<TaskInstance: dag_with_taskflow_api_v02.get_name scheduled__2022-10-12T00:00:00+00:00 [queued]>
[2023-05-25T06:58:30.811+0000] {taskinstance.py:1308} INFO - Starting attempt 1 of 6
[2023-05-25T06:58:30.942+0000] {taskinstance.py:1327} INFO - Executing <Task(_PythonDecoratedOperator): get_name> on 2022-10-12 00:00:00+00:00
[2023-05-25T06:58:30.976+0000] {standard_task_runner.py:57} INFO - Started process 4066 to run task
[2023-05-25T06:58:31.022+0000] {standard_task_runner.py:84} INFO - Running: ['***', 'tasks', 'run', 'dag_with_taskflow_api_v02', 'get_name', 'scheduled__2022-10-12T00:00:00+00:00', '--job-id', '1052', '--raw', '--subdir', 'DAGS_FOLDER/first_dag.py', '--cfg-path', '/tmp/tmpg5llb9_2']
[2023-05-25T06:58:31.083+0000] {standard_task_runner.py:85} INFO - Job 1052: Subtask get_name
[2023-05-25T06:58:31.520+0000] {task_command.py:410} INFO - Running <TaskInstance: dag_with_taskflow_api_v02.get_name scheduled__2022-10-12T00:00:00+00:00 [running]> on host 6bd07c7477d9
[2023-05-25T06:58:32.352+0000] {taskinstance.py:1547} INFO - Exporting env vars: AIRFLOW_CTX_DAG_OWNER='Sai' AIRFLOW_CTX_DAG_ID='dag_with_taskflow_api_v02' AIRFLOW_CTX_TASK_ID='get_name' AIRFLOW_CTX_EXECUTION_DATE='2022-10-12T00:00:00+00:00' AIRFLOW_CTX_TRY_NUMBER='1' AIRFLOW_CTX_DAG_RUN_ID='scheduled__2022-10-12T00:00:00+00:00'
[2023-05-25T06:58:32.353+0000] {python.py:183} INFO - Done. Returned value was: {'first_name': 'Sai', 'last_name': 'Tr'}
[2023-05-25T06:58:32.627+0000] {taskinstance.py:1350} INFO - Marking task as SUCCESS. dag_id=dag_with_taskflow_api_v02, task_id=get_name, execution_date=20221012T000000, start_date=20230525T065830, end_date=20230525T065832
[2023-05-25T06:58:32.740+0000] {local_task_job_runner.py:225} INFO - Task exited with return code 0
[2023-05-25T06:58:32.967+0000] {taskinstance.py:2651} INFO - 1 downstream tasks scheduled from follow-on schedule check
[2023-05-25T10:32:05.049+0000] {taskinstance.py:1103} INFO - Dependencies all met for dep_context=non-requeueable deps ti=<TaskInstance: dag_with_taskflow_api_v02.get_name scheduled__2022-10-12T00:00:00+00:00 [queued]>
[2023-05-25T10:32:05.091+0000] {taskinstance.py:1103} INFO - Dependencies all met for dep_context=requeueable deps ti=<TaskInstance: dag_with_taskflow_api_v02.get_name scheduled__2022-10-12T00:00:00+00:00 [queued]>
[2023-05-25T10:32:05.091+0000] {taskinstance.py:1308} INFO - Starting attempt 1 of 6
[2023-05-25T10:32:05.179+0000] {taskinstance.py:1327} INFO - Executing <Task(_PythonDecoratedOperator): get_name> on 2022-10-12 00:00:00+00:00
[2023-05-25T10:32:05.198+0000] {standard_task_runner.py:57} INFO - Started process 3696 to run task
[2023-05-25T10:32:05.217+0000] {standard_task_runner.py:84} INFO - Running: ['***', 'tasks', 'run', 'dag_with_taskflow_api_v02', 'get_name', 'scheduled__2022-10-12T00:00:00+00:00', '--job-id', '1062', '--raw', '--subdir', 'DAGS_FOLDER/first_dag.py', '--cfg-path', '/tmp/tmp8187v20x']
[2023-05-25T10:32:05.248+0000] {standard_task_runner.py:85} INFO - Job 1062: Subtask get_name
[2023-05-25T10:32:05.531+0000] {task_command.py:410} INFO - Running <TaskInstance: dag_with_taskflow_api_v02.get_name scheduled__2022-10-12T00:00:00+00:00 [running]> on host b1ae37a9584e
[2023-05-25T10:32:06.437+0000] {taskinstance.py:1547} INFO - Exporting env vars: AIRFLOW_CTX_DAG_OWNER='Sai' AIRFLOW_CTX_DAG_ID='dag_with_taskflow_api_v02' AIRFLOW_CTX_TASK_ID='get_name' AIRFLOW_CTX_EXECUTION_DATE='2022-10-12T00:00:00+00:00' AIRFLOW_CTX_TRY_NUMBER='1' AIRFLOW_CTX_DAG_RUN_ID='scheduled__2022-10-12T00:00:00+00:00'
[2023-05-25T10:32:06.438+0000] {python.py:183} INFO - Done. Returned value was: {'first_name': 'Sai', 'last_name': 'Tr'}
[2023-05-25T10:32:06.692+0000] {taskinstance.py:1350} INFO - Marking task as SUCCESS. dag_id=dag_with_taskflow_api_v02, task_id=get_name, execution_date=20221012T000000, start_date=20230525T103205, end_date=20230525T103206
[2023-05-25T10:32:06.877+0000] {local_task_job_runner.py:225} INFO - Task exited with return code 0
[2023-05-25T10:32:07.164+0000] {taskinstance.py:2651} INFO - 0 downstream tasks scheduled from follow-on schedule check
