[2023-05-24T15:19:25.459+0000] {taskinstance.py:1103} INFO - Dependencies all met for dep_context=non-requeueable deps ti=<TaskInstance: dag_with_taskflow_api_v02.get_age scheduled__2022-03-10T00:00:00+00:00 [queued]>
[2023-05-24T15:19:25.578+0000] {taskinstance.py:1103} INFO - Dependencies all met for dep_context=requeueable deps ti=<TaskInstance: dag_with_taskflow_api_v02.get_age scheduled__2022-03-10T00:00:00+00:00 [queued]>
[2023-05-24T15:19:25.579+0000] {taskinstance.py:1308} INFO - Starting attempt 1 of 6
[2023-05-24T15:19:25.765+0000] {taskinstance.py:1327} INFO - Executing <Task(_PythonDecoratedOperator): get_age> on 2022-03-10 00:00:00+00:00
[2023-05-24T15:19:25.796+0000] {standard_task_runner.py:57} INFO - Started process 1100 to run task
[2023-05-24T15:19:25.814+0000] {standard_task_runner.py:84} INFO - Running: ['***', 'tasks', 'run', 'dag_with_taskflow_api_v02', 'get_age', 'scheduled__2022-03-10T00:00:00+00:00', '--job-id', '405', '--raw', '--subdir', 'DAGS_FOLDER/first_dag.py', '--cfg-path', '/tmp/tmplh_umwtq']
[2023-05-24T15:19:25.841+0000] {standard_task_runner.py:85} INFO - Job 405: Subtask get_age
[2023-05-24T15:19:26.276+0000] {task_command.py:410} INFO - Running <TaskInstance: dag_with_taskflow_api_v02.get_age scheduled__2022-03-10T00:00:00+00:00 [running]> on host 942de29f183d
[2023-05-24T15:19:27.470+0000] {taskinstance.py:1547} INFO - Exporting env vars: AIRFLOW_CTX_DAG_OWNER='Sai' AIRFLOW_CTX_DAG_ID='dag_with_taskflow_api_v02' AIRFLOW_CTX_TASK_ID='get_age' AIRFLOW_CTX_EXECUTION_DATE='2022-03-10T00:00:00+00:00' AIRFLOW_CTX_TRY_NUMBER='1' AIRFLOW_CTX_DAG_RUN_ID='scheduled__2022-03-10T00:00:00+00:00'
[2023-05-24T15:19:27.471+0000] {python.py:183} INFO - Done. Returned value was: 19
[2023-05-24T15:19:27.752+0000] {taskinstance.py:1350} INFO - Marking task as SUCCESS. dag_id=dag_with_taskflow_api_v02, task_id=get_age, execution_date=20220310T000000, start_date=20230524T151925, end_date=20230524T151927
[2023-05-24T15:19:27.907+0000] {local_task_job_runner.py:225} INFO - Task exited with return code 0
[2023-05-24T15:19:28.150+0000] {taskinstance.py:2651} INFO - 1 downstream tasks scheduled from follow-on schedule check
[2023-05-25T06:52:41.024+0000] {taskinstance.py:1103} INFO - Dependencies all met for dep_context=non-requeueable deps ti=<TaskInstance: dag_with_taskflow_api_v02.get_age scheduled__2022-03-10T00:00:00+00:00 [queued]>
[2023-05-25T06:52:41.055+0000] {taskinstance.py:1103} INFO - Dependencies all met for dep_context=requeueable deps ti=<TaskInstance: dag_with_taskflow_api_v02.get_age scheduled__2022-03-10T00:00:00+00:00 [queued]>
[2023-05-25T06:52:41.055+0000] {taskinstance.py:1308} INFO - Starting attempt 1 of 6
[2023-05-25T06:52:41.099+0000] {taskinstance.py:1327} INFO - Executing <Task(_PythonDecoratedOperator): get_age> on 2022-03-10 00:00:00+00:00
[2023-05-25T06:52:41.106+0000] {standard_task_runner.py:57} INFO - Started process 2641 to run task
[2023-05-25T06:52:41.116+0000] {standard_task_runner.py:84} INFO - Running: ['***', 'tasks', 'run', 'dag_with_taskflow_api_v02', 'get_age', 'scheduled__2022-03-10T00:00:00+00:00', '--job-id', '411', '--raw', '--subdir', 'DAGS_FOLDER/first_dag.py', '--cfg-path', '/tmp/tmp3g5j0dc1']
[2023-05-25T06:52:41.120+0000] {standard_task_runner.py:85} INFO - Job 411: Subtask get_age
[2023-05-25T06:52:41.295+0000] {task_command.py:410} INFO - Running <TaskInstance: dag_with_taskflow_api_v02.get_age scheduled__2022-03-10T00:00:00+00:00 [running]> on host 6bd07c7477d9
[2023-05-25T06:52:41.552+0000] {taskinstance.py:1547} INFO - Exporting env vars: AIRFLOW_CTX_DAG_OWNER='Sai' AIRFLOW_CTX_DAG_ID='dag_with_taskflow_api_v02' AIRFLOW_CTX_TASK_ID='get_age' AIRFLOW_CTX_EXECUTION_DATE='2022-03-10T00:00:00+00:00' AIRFLOW_CTX_TRY_NUMBER='1' AIRFLOW_CTX_DAG_RUN_ID='scheduled__2022-03-10T00:00:00+00:00'
[2023-05-25T06:52:41.553+0000] {python.py:183} INFO - Done. Returned value was: 19
[2023-05-25T06:52:41.598+0000] {taskinstance.py:1350} INFO - Marking task as SUCCESS. dag_id=dag_with_taskflow_api_v02, task_id=get_age, execution_date=20220310T000000, start_date=20230525T065241, end_date=20230525T065241
[2023-05-25T06:52:41.644+0000] {local_task_job_runner.py:225} INFO - Task exited with return code 0
[2023-05-25T06:52:41.705+0000] {taskinstance.py:2651} INFO - 0 downstream tasks scheduled from follow-on schedule check
[2023-05-25T10:23:42.260+0000] {taskinstance.py:1103} INFO - Dependencies all met for dep_context=non-requeueable deps ti=<TaskInstance: dag_with_taskflow_api_v02.get_age scheduled__2022-03-10T00:00:00+00:00 [queued]>
[2023-05-25T10:23:42.330+0000] {taskinstance.py:1103} INFO - Dependencies all met for dep_context=requeueable deps ti=<TaskInstance: dag_with_taskflow_api_v02.get_age scheduled__2022-03-10T00:00:00+00:00 [queued]>
[2023-05-25T10:23:42.330+0000] {taskinstance.py:1308} INFO - Starting attempt 1 of 6
[2023-05-25T10:23:43.038+0000] {taskinstance.py:1327} INFO - Executing <Task(_PythonDecoratedOperator): get_age> on 2022-03-10 00:00:00+00:00
[2023-05-25T10:23:43.083+0000] {standard_task_runner.py:57} INFO - Started process 2180 to run task
[2023-05-25T10:23:43.111+0000] {standard_task_runner.py:84} INFO - Running: ['***', 'tasks', 'run', 'dag_with_taskflow_api_v02', 'get_age', 'scheduled__2022-03-10T00:00:00+00:00', '--job-id', '399', '--raw', '--subdir', 'DAGS_FOLDER/first_dag.py', '--cfg-path', '/tmp/tmpm3lh33tt']
[2023-05-25T10:23:43.114+0000] {standard_task_runner.py:85} INFO - Job 399: Subtask get_age
[2023-05-25T10:23:43.352+0000] {task_command.py:410} INFO - Running <TaskInstance: dag_with_taskflow_api_v02.get_age scheduled__2022-03-10T00:00:00+00:00 [running]> on host b1ae37a9584e
[2023-05-25T10:23:43.875+0000] {taskinstance.py:1547} INFO - Exporting env vars: AIRFLOW_CTX_DAG_OWNER='Sai' AIRFLOW_CTX_DAG_ID='dag_with_taskflow_api_v02' AIRFLOW_CTX_TASK_ID='get_age' AIRFLOW_CTX_EXECUTION_DATE='2022-03-10T00:00:00+00:00' AIRFLOW_CTX_TRY_NUMBER='1' AIRFLOW_CTX_DAG_RUN_ID='scheduled__2022-03-10T00:00:00+00:00'
[2023-05-25T10:23:43.879+0000] {python.py:183} INFO - Done. Returned value was: 19
[2023-05-25T10:23:43.964+0000] {taskinstance.py:1350} INFO - Marking task as SUCCESS. dag_id=dag_with_taskflow_api_v02, task_id=get_age, execution_date=20220310T000000, start_date=20230525T102342, end_date=20230525T102343
[2023-05-25T10:23:44.088+0000] {local_task_job_runner.py:225} INFO - Task exited with return code 0
[2023-05-25T10:23:44.432+0000] {taskinstance.py:2651} INFO - 0 downstream tasks scheduled from follow-on schedule check
