[2023-05-24T15:24:48.223+0000] {taskinstance.py:1103} INFO - Dependencies all met for dep_context=non-requeueable deps ti=<TaskInstance: dag_with_taskflow_api_v02.greet scheduled__2022-08-22T00:00:00+00:00 [queued]>
[2023-05-24T15:24:48.337+0000] {taskinstance.py:1103} INFO - Dependencies all met for dep_context=requeueable deps ti=<TaskInstance: dag_with_taskflow_api_v02.greet scheduled__2022-08-22T00:00:00+00:00 [queued]>
[2023-05-24T15:24:48.346+0000] {taskinstance.py:1308} INFO - Starting attempt 1 of 6
[2023-05-24T15:24:49.186+0000] {taskinstance.py:1327} INFO - Executing <Task(_PythonDecoratedOperator): greet> on 2022-08-22 00:00:00+00:00
[2023-05-24T15:24:49.209+0000] {standard_task_runner.py:57} INFO - Started process 2277 to run task
[2023-05-24T15:24:49.245+0000] {standard_task_runner.py:84} INFO - Running: ['***', 'tasks', 'run', 'dag_with_taskflow_api_v02', 'greet', 'scheduled__2022-08-22T00:00:00+00:00', '--job-id', '927', '--raw', '--subdir', 'DAGS_FOLDER/first_dag.py', '--cfg-path', '/tmp/tmpt0u3im3_']
[2023-05-24T15:24:49.278+0000] {standard_task_runner.py:85} INFO - Job 927: Subtask greet
[2023-05-24T15:24:49.847+0000] {task_command.py:410} INFO - Running <TaskInstance: dag_with_taskflow_api_v02.greet scheduled__2022-08-22T00:00:00+00:00 [running]> on host 942de29f183d
[2023-05-24T15:24:50.809+0000] {taskinstance.py:1547} INFO - Exporting env vars: AIRFLOW_CTX_DAG_OWNER='Sai' AIRFLOW_CTX_DAG_ID='dag_with_taskflow_api_v02' AIRFLOW_CTX_TASK_ID='greet' AIRFLOW_CTX_EXECUTION_DATE='2022-08-22T00:00:00+00:00' AIRFLOW_CTX_TRY_NUMBER='1' AIRFLOW_CTX_DAG_RUN_ID='scheduled__2022-08-22T00:00:00+00:00'
[2023-05-24T15:24:50.822+0000] {logging_mixin.py:149} INFO - Hello World! My name is Sai Tr and I am 19 years old!
[2023-05-24T15:24:50.823+0000] {python.py:183} INFO - Done. Returned value was: None
[2023-05-24T15:24:50.940+0000] {taskinstance.py:1350} INFO - Marking task as SUCCESS. dag_id=dag_with_taskflow_api_v02, task_id=greet, execution_date=20220822T000000, start_date=20230524T152448, end_date=20230524T152450
[2023-05-24T15:24:51.067+0000] {local_task_job_runner.py:225} INFO - Task exited with return code 0
[2023-05-24T15:24:51.121+0000] {taskinstance.py:2651} INFO - 0 downstream tasks scheduled from follow-on schedule check
[2023-05-25T06:57:22.839+0000] {taskinstance.py:1103} INFO - Dependencies all met for dep_context=non-requeueable deps ti=<TaskInstance: dag_with_taskflow_api_v02.greet scheduled__2022-08-22T00:00:00+00:00 [queued]>
[2023-05-25T06:57:22.978+0000] {taskinstance.py:1103} INFO - Dependencies all met for dep_context=requeueable deps ti=<TaskInstance: dag_with_taskflow_api_v02.greet scheduled__2022-08-22T00:00:00+00:00 [queued]>
[2023-05-25T06:57:22.985+0000] {taskinstance.py:1308} INFO - Starting attempt 1 of 6
[2023-05-25T06:57:23.524+0000] {taskinstance.py:1327} INFO - Executing <Task(_PythonDecoratedOperator): greet> on 2022-08-22 00:00:00+00:00
[2023-05-25T06:57:23.561+0000] {standard_task_runner.py:57} INFO - Started process 3783 to run task
[2023-05-25T06:57:23.588+0000] {standard_task_runner.py:84} INFO - Running: ['***', 'tasks', 'run', 'dag_with_taskflow_api_v02', 'greet', 'scheduled__2022-08-22T00:00:00+00:00', '--job-id', '923', '--raw', '--subdir', 'DAGS_FOLDER/first_dag.py', '--cfg-path', '/tmp/tmp1btt96g9']
[2023-05-25T06:57:23.594+0000] {standard_task_runner.py:85} INFO - Job 923: Subtask greet
[2023-05-25T06:57:23.947+0000] {task_command.py:410} INFO - Running <TaskInstance: dag_with_taskflow_api_v02.greet scheduled__2022-08-22T00:00:00+00:00 [running]> on host 6bd07c7477d9
[2023-05-25T06:57:24.710+0000] {taskinstance.py:1547} INFO - Exporting env vars: AIRFLOW_CTX_DAG_OWNER='Sai' AIRFLOW_CTX_DAG_ID='dag_with_taskflow_api_v02' AIRFLOW_CTX_TASK_ID='greet' AIRFLOW_CTX_EXECUTION_DATE='2022-08-22T00:00:00+00:00' AIRFLOW_CTX_TRY_NUMBER='1' AIRFLOW_CTX_DAG_RUN_ID='scheduled__2022-08-22T00:00:00+00:00'
[2023-05-25T06:57:24.711+0000] {logging_mixin.py:149} INFO - Hello World! My name is Sai Tr and I am 19 years old!
[2023-05-25T06:57:24.711+0000] {python.py:183} INFO - Done. Returned value was: None
[2023-05-25T06:57:24.783+0000] {taskinstance.py:1350} INFO - Marking task as SUCCESS. dag_id=dag_with_taskflow_api_v02, task_id=greet, execution_date=20220822T000000, start_date=20230525T065722, end_date=20230525T065724
[2023-05-25T06:57:24.890+0000] {local_task_job_runner.py:225} INFO - Task exited with return code 0
[2023-05-25T06:57:25.249+0000] {taskinstance.py:2651} INFO - 0 downstream tasks scheduled from follow-on schedule check
[2023-05-25T10:30:36.656+0000] {taskinstance.py:1103} INFO - Dependencies all met for dep_context=non-requeueable deps ti=<TaskInstance: dag_with_taskflow_api_v02.greet scheduled__2022-08-22T00:00:00+00:00 [queued]>
[2023-05-25T10:30:36.756+0000] {taskinstance.py:1103} INFO - Dependencies all met for dep_context=requeueable deps ti=<TaskInstance: dag_with_taskflow_api_v02.greet scheduled__2022-08-22T00:00:00+00:00 [queued]>
[2023-05-25T10:30:36.756+0000] {taskinstance.py:1308} INFO - Starting attempt 1 of 6
[2023-05-25T10:30:37.174+0000] {taskinstance.py:1327} INFO - Executing <Task(_PythonDecoratedOperator): greet> on 2022-08-22 00:00:00+00:00
[2023-05-25T10:30:37.206+0000] {standard_task_runner.py:57} INFO - Started process 3401 to run task
[2023-05-25T10:30:37.245+0000] {standard_task_runner.py:84} INFO - Running: ['***', 'tasks', 'run', 'dag_with_taskflow_api_v02', 'greet', 'scheduled__2022-08-22T00:00:00+00:00', '--job-id', '934', '--raw', '--subdir', 'DAGS_FOLDER/first_dag.py', '--cfg-path', '/tmp/tmpbmnr1o22']
[2023-05-25T10:30:37.273+0000] {standard_task_runner.py:85} INFO - Job 934: Subtask greet
[2023-05-25T10:30:37.948+0000] {task_command.py:410} INFO - Running <TaskInstance: dag_with_taskflow_api_v02.greet scheduled__2022-08-22T00:00:00+00:00 [running]> on host b1ae37a9584e
[2023-05-25T10:30:40.181+0000] {taskinstance.py:1547} INFO - Exporting env vars: AIRFLOW_CTX_DAG_OWNER='Sai' AIRFLOW_CTX_DAG_ID='dag_with_taskflow_api_v02' AIRFLOW_CTX_TASK_ID='greet' AIRFLOW_CTX_EXECUTION_DATE='2022-08-22T00:00:00+00:00' AIRFLOW_CTX_TRY_NUMBER='1' AIRFLOW_CTX_DAG_RUN_ID='scheduled__2022-08-22T00:00:00+00:00'
[2023-05-25T10:30:40.182+0000] {logging_mixin.py:149} INFO - Hello World! My name is Sai Tr and I am 19 years old!
[2023-05-25T10:30:40.182+0000] {python.py:183} INFO - Done. Returned value was: None
[2023-05-25T10:30:40.393+0000] {taskinstance.py:1350} INFO - Marking task as SUCCESS. dag_id=dag_with_taskflow_api_v02, task_id=greet, execution_date=20220822T000000, start_date=20230525T103036, end_date=20230525T103040
[2023-05-25T10:30:41.868+0000] {local_task_job_runner.py:225} INFO - Task exited with return code 0
[2023-05-25T10:30:42.089+0000] {taskinstance.py:2651} INFO - 0 downstream tasks scheduled from follow-on schedule check
