[2023-05-24T15:31:43.815+0000] {taskinstance.py:1103} INFO - Dependencies all met for dep_context=non-requeueable deps ti=<TaskInstance: dag_with_taskflow_api_v02.greet scheduled__2023-05-03T00:00:00+00:00 [queued]>
[2023-05-24T15:31:43.901+0000] {taskinstance.py:1103} INFO - Dependencies all met for dep_context=requeueable deps ti=<TaskInstance: dag_with_taskflow_api_v02.greet scheduled__2023-05-03T00:00:00+00:00 [queued]>
[2023-05-24T15:31:43.907+0000] {taskinstance.py:1308} INFO - Starting attempt 1 of 6
[2023-05-24T15:31:44.026+0000] {taskinstance.py:1327} INFO - Executing <Task(_PythonDecoratedOperator): greet> on 2023-05-03 00:00:00+00:00
[2023-05-24T15:31:44.060+0000] {standard_task_runner.py:57} INFO - Started process 3946 to run task
[2023-05-24T15:31:44.101+0000] {standard_task_runner.py:84} INFO - Running: ['***', 'tasks', 'run', 'dag_with_taskflow_api_v02', 'greet', 'scheduled__2023-05-03T00:00:00+00:00', '--job-id', '1685', '--raw', '--subdir', 'DAGS_FOLDER/first_dag.py', '--cfg-path', '/tmp/tmpovv3x9qh']
[2023-05-24T15:31:44.113+0000] {standard_task_runner.py:85} INFO - Job 1685: Subtask greet
[2023-05-24T15:31:44.506+0000] {task_command.py:410} INFO - Running <TaskInstance: dag_with_taskflow_api_v02.greet scheduled__2023-05-03T00:00:00+00:00 [running]> on host 942de29f183d
[2023-05-24T15:31:45.431+0000] {taskinstance.py:1547} INFO - Exporting env vars: AIRFLOW_CTX_DAG_OWNER='Sai' AIRFLOW_CTX_DAG_ID='dag_with_taskflow_api_v02' AIRFLOW_CTX_TASK_ID='greet' AIRFLOW_CTX_EXECUTION_DATE='2023-05-03T00:00:00+00:00' AIRFLOW_CTX_TRY_NUMBER='1' AIRFLOW_CTX_DAG_RUN_ID='scheduled__2023-05-03T00:00:00+00:00'
[2023-05-24T15:31:45.432+0000] {logging_mixin.py:149} INFO - Hello World! My name is Sai Tr and I am 19 years old!
[2023-05-24T15:31:45.432+0000] {python.py:183} INFO - Done. Returned value was: None
[2023-05-24T15:31:45.520+0000] {taskinstance.py:1350} INFO - Marking task as SUCCESS. dag_id=dag_with_taskflow_api_v02, task_id=greet, execution_date=20230503T000000, start_date=20230524T153143, end_date=20230524T153145
[2023-05-24T15:31:45.694+0000] {local_task_job_runner.py:225} INFO - Task exited with return code 0
[2023-05-24T15:31:45.843+0000] {taskinstance.py:2651} INFO - 0 downstream tasks scheduled from follow-on schedule check
[2023-05-25T07:04:09.999+0000] {taskinstance.py:1103} INFO - Dependencies all met for dep_context=non-requeueable deps ti=<TaskInstance: dag_with_taskflow_api_v02.greet scheduled__2023-05-03T00:00:00+00:00 [queued]>
[2023-05-25T07:04:10.040+0000] {taskinstance.py:1103} INFO - Dependencies all met for dep_context=requeueable deps ti=<TaskInstance: dag_with_taskflow_api_v02.greet scheduled__2023-05-03T00:00:00+00:00 [queued]>
[2023-05-25T07:04:10.041+0000] {taskinstance.py:1308} INFO - Starting attempt 1 of 6
[2023-05-25T07:04:10.112+0000] {taskinstance.py:1327} INFO - Executing <Task(_PythonDecoratedOperator): greet> on 2023-05-03 00:00:00+00:00
[2023-05-25T07:04:10.127+0000] {standard_task_runner.py:57} INFO - Started process 5444 to run task
[2023-05-25T07:04:10.140+0000] {standard_task_runner.py:84} INFO - Running: ['***', 'tasks', 'run', 'dag_with_taskflow_api_v02', 'greet', 'scheduled__2023-05-03T00:00:00+00:00', '--job-id', '1678', '--raw', '--subdir', 'DAGS_FOLDER/first_dag.py', '--cfg-path', '/tmp/tmpp22d_w38']
[2023-05-25T07:04:10.148+0000] {standard_task_runner.py:85} INFO - Job 1678: Subtask greet
[2023-05-25T07:04:10.299+0000] {task_command.py:410} INFO - Running <TaskInstance: dag_with_taskflow_api_v02.greet scheduled__2023-05-03T00:00:00+00:00 [running]> on host 6bd07c7477d9
[2023-05-25T07:04:10.817+0000] {taskinstance.py:1547} INFO - Exporting env vars: AIRFLOW_CTX_DAG_OWNER='Sai' AIRFLOW_CTX_DAG_ID='dag_with_taskflow_api_v02' AIRFLOW_CTX_TASK_ID='greet' AIRFLOW_CTX_EXECUTION_DATE='2023-05-03T00:00:00+00:00' AIRFLOW_CTX_TRY_NUMBER='1' AIRFLOW_CTX_DAG_RUN_ID='scheduled__2023-05-03T00:00:00+00:00'
[2023-05-25T07:04:10.818+0000] {logging_mixin.py:149} INFO - Hello World! My name is Sai Tr and I am 19 years old!
[2023-05-25T07:04:10.818+0000] {python.py:183} INFO - Done. Returned value was: None
[2023-05-25T07:04:10.860+0000] {taskinstance.py:1350} INFO - Marking task as SUCCESS. dag_id=dag_with_taskflow_api_v02, task_id=greet, execution_date=20230503T000000, start_date=20230525T070410, end_date=20230525T070410
[2023-05-25T07:04:10.969+0000] {local_task_job_runner.py:225} INFO - Task exited with return code 0
[2023-05-25T07:04:11.195+0000] {taskinstance.py:2651} INFO - 0 downstream tasks scheduled from follow-on schedule check
[2023-05-25T10:39:00.755+0000] {taskinstance.py:1103} INFO - Dependencies all met for dep_context=non-requeueable deps ti=<TaskInstance: dag_with_taskflow_api_v02.greet scheduled__2023-05-03T00:00:00+00:00 [queued]>
[2023-05-25T10:39:00.939+0000] {taskinstance.py:1103} INFO - Dependencies all met for dep_context=requeueable deps ti=<TaskInstance: dag_with_taskflow_api_v02.greet scheduled__2023-05-03T00:00:00+00:00 [queued]>
[2023-05-25T10:39:00.940+0000] {taskinstance.py:1308} INFO - Starting attempt 1 of 6
[2023-05-25T10:39:01.929+0000] {taskinstance.py:1327} INFO - Executing <Task(_PythonDecoratedOperator): greet> on 2023-05-03 00:00:00+00:00
[2023-05-25T10:39:02.030+0000] {standard_task_runner.py:57} INFO - Started process 5132 to run task
[2023-05-25T10:39:02.059+0000] {standard_task_runner.py:84} INFO - Running: ['***', 'tasks', 'run', 'dag_with_taskflow_api_v02', 'greet', 'scheduled__2023-05-03T00:00:00+00:00', '--job-id', '1700', '--raw', '--subdir', 'DAGS_FOLDER/first_dag.py', '--cfg-path', '/tmp/tmpekwg52fb']
[2023-05-25T10:39:02.083+0000] {standard_task_runner.py:85} INFO - Job 1700: Subtask greet
[2023-05-25T10:39:02.409+0000] {task_command.py:410} INFO - Running <TaskInstance: dag_with_taskflow_api_v02.greet scheduled__2023-05-03T00:00:00+00:00 [running]> on host b1ae37a9584e
[2023-05-25T10:39:03.230+0000] {taskinstance.py:1547} INFO - Exporting env vars: AIRFLOW_CTX_DAG_OWNER='Sai' AIRFLOW_CTX_DAG_ID='dag_with_taskflow_api_v02' AIRFLOW_CTX_TASK_ID='greet' AIRFLOW_CTX_EXECUTION_DATE='2023-05-03T00:00:00+00:00' AIRFLOW_CTX_TRY_NUMBER='1' AIRFLOW_CTX_DAG_RUN_ID='scheduled__2023-05-03T00:00:00+00:00'
[2023-05-25T10:39:03.232+0000] {logging_mixin.py:149} INFO - Hello World! My name is Sai Tr and I am 19 years old!
[2023-05-25T10:39:03.232+0000] {python.py:183} INFO - Done. Returned value was: None
[2023-05-25T10:39:03.335+0000] {taskinstance.py:1350} INFO - Marking task as SUCCESS. dag_id=dag_with_taskflow_api_v02, task_id=greet, execution_date=20230503T000000, start_date=20230525T103900, end_date=20230525T103903
[2023-05-25T10:39:03.493+0000] {local_task_job_runner.py:225} INFO - Task exited with return code 0
[2023-05-25T10:39:03.618+0000] {taskinstance.py:2651} INFO - 0 downstream tasks scheduled from follow-on schedule check
