[2023-05-24T15:23:54.712+0000] {taskinstance.py:1103} INFO - Dependencies all met for dep_context=non-requeueable deps ti=<TaskInstance: dag_with_taskflow_api_v02.greet scheduled__2022-07-27T00:00:00+00:00 [queued]>
[2023-05-24T15:23:54.732+0000] {taskinstance.py:1103} INFO - Dependencies all met for dep_context=requeueable deps ti=<TaskInstance: dag_with_taskflow_api_v02.greet scheduled__2022-07-27T00:00:00+00:00 [queued]>
[2023-05-24T15:23:54.732+0000] {taskinstance.py:1308} INFO - Starting attempt 1 of 6
[2023-05-24T15:23:54.787+0000] {taskinstance.py:1327} INFO - Executing <Task(_PythonDecoratedOperator): greet> on 2022-07-27 00:00:00+00:00
[2023-05-24T15:23:54.823+0000] {standard_task_runner.py:57} INFO - Started process 2058 to run task
[2023-05-24T15:23:54.892+0000] {standard_task_runner.py:84} INFO - Running: ['***', 'tasks', 'run', 'dag_with_taskflow_api_v02', 'greet', 'scheduled__2022-07-27T00:00:00+00:00', '--job-id', '832', '--raw', '--subdir', 'DAGS_FOLDER/first_dag.py', '--cfg-path', '/tmp/tmpg350tqel']
[2023-05-24T15:23:54.896+0000] {standard_task_runner.py:85} INFO - Job 832: Subtask greet
[2023-05-24T15:23:55.253+0000] {task_command.py:410} INFO - Running <TaskInstance: dag_with_taskflow_api_v02.greet scheduled__2022-07-27T00:00:00+00:00 [running]> on host 942de29f183d
[2023-05-24T15:23:56.167+0000] {taskinstance.py:1547} INFO - Exporting env vars: AIRFLOW_CTX_DAG_OWNER='Sai' AIRFLOW_CTX_DAG_ID='dag_with_taskflow_api_v02' AIRFLOW_CTX_TASK_ID='greet' AIRFLOW_CTX_EXECUTION_DATE='2022-07-27T00:00:00+00:00' AIRFLOW_CTX_TRY_NUMBER='1' AIRFLOW_CTX_DAG_RUN_ID='scheduled__2022-07-27T00:00:00+00:00'
[2023-05-24T15:23:56.172+0000] {logging_mixin.py:149} INFO - Hello World! My name is Sai Tr and I am 19 years old!
[2023-05-24T15:23:56.178+0000] {python.py:183} INFO - Done. Returned value was: None
[2023-05-24T15:23:56.256+0000] {taskinstance.py:1350} INFO - Marking task as SUCCESS. dag_id=dag_with_taskflow_api_v02, task_id=greet, execution_date=20220727T000000, start_date=20230524T152354, end_date=20230524T152356
[2023-05-24T15:23:56.591+0000] {local_task_job_runner.py:225} INFO - Task exited with return code 0
[2023-05-24T15:23:56.703+0000] {taskinstance.py:2651} INFO - 0 downstream tasks scheduled from follow-on schedule check
[2023-05-25T06:56:31.833+0000] {taskinstance.py:1103} INFO - Dependencies all met for dep_context=non-requeueable deps ti=<TaskInstance: dag_with_taskflow_api_v02.greet scheduled__2022-07-27T00:00:00+00:00 [queued]>
[2023-05-25T06:56:31.914+0000] {taskinstance.py:1103} INFO - Dependencies all met for dep_context=requeueable deps ti=<TaskInstance: dag_with_taskflow_api_v02.greet scheduled__2022-07-27T00:00:00+00:00 [queued]>
[2023-05-25T06:56:31.919+0000] {taskinstance.py:1308} INFO - Starting attempt 1 of 6
[2023-05-25T06:56:32.315+0000] {taskinstance.py:1327} INFO - Executing <Task(_PythonDecoratedOperator): greet> on 2022-07-27 00:00:00+00:00
[2023-05-25T06:56:32.364+0000] {standard_task_runner.py:57} INFO - Started process 3591 to run task
[2023-05-25T06:56:32.381+0000] {standard_task_runner.py:84} INFO - Running: ['***', 'tasks', 'run', 'dag_with_taskflow_api_v02', 'greet', 'scheduled__2022-07-27T00:00:00+00:00', '--job-id', '839', '--raw', '--subdir', 'DAGS_FOLDER/first_dag.py', '--cfg-path', '/tmp/tmp5yenry3w']
[2023-05-25T06:56:32.384+0000] {standard_task_runner.py:85} INFO - Job 839: Subtask greet
[2023-05-25T06:56:32.608+0000] {task_command.py:410} INFO - Running <TaskInstance: dag_with_taskflow_api_v02.greet scheduled__2022-07-27T00:00:00+00:00 [running]> on host 6bd07c7477d9
[2023-05-25T06:56:33.148+0000] {taskinstance.py:1547} INFO - Exporting env vars: AIRFLOW_CTX_DAG_OWNER='Sai' AIRFLOW_CTX_DAG_ID='dag_with_taskflow_api_v02' AIRFLOW_CTX_TASK_ID='greet' AIRFLOW_CTX_EXECUTION_DATE='2022-07-27T00:00:00+00:00' AIRFLOW_CTX_TRY_NUMBER='1' AIRFLOW_CTX_DAG_RUN_ID='scheduled__2022-07-27T00:00:00+00:00'
[2023-05-25T06:56:33.154+0000] {logging_mixin.py:149} INFO - Hello World! My name is Sai Tr and I am 19 years old!
[2023-05-25T06:56:33.154+0000] {python.py:183} INFO - Done. Returned value was: None
[2023-05-25T06:56:33.189+0000] {taskinstance.py:1350} INFO - Marking task as SUCCESS. dag_id=dag_with_taskflow_api_v02, task_id=greet, execution_date=20220727T000000, start_date=20230525T065631, end_date=20230525T065633
[2023-05-25T06:56:33.267+0000] {local_task_job_runner.py:225} INFO - Task exited with return code 0
[2023-05-25T06:56:33.338+0000] {taskinstance.py:2651} INFO - 0 downstream tasks scheduled from follow-on schedule check
[2023-05-25T10:28:36.441+0000] {taskinstance.py:1103} INFO - Dependencies all met for dep_context=non-requeueable deps ti=<TaskInstance: dag_with_taskflow_api_v02.greet scheduled__2022-07-27T00:00:00+00:00 [queued]>
[2023-05-25T10:28:36.621+0000] {taskinstance.py:1103} INFO - Dependencies all met for dep_context=requeueable deps ti=<TaskInstance: dag_with_taskflow_api_v02.greet scheduled__2022-07-27T00:00:00+00:00 [queued]>
[2023-05-25T10:28:36.622+0000] {taskinstance.py:1308} INFO - Starting attempt 1 of 6
[2023-05-25T10:28:36.913+0000] {taskinstance.py:1327} INFO - Executing <Task(_PythonDecoratedOperator): greet> on 2022-07-27 00:00:00+00:00
[2023-05-25T10:28:36.943+0000] {standard_task_runner.py:57} INFO - Started process 3188 to run task
[2023-05-25T10:28:36.975+0000] {standard_task_runner.py:84} INFO - Running: ['***', 'tasks', 'run', 'dag_with_taskflow_api_v02', 'greet', 'scheduled__2022-07-27T00:00:00+00:00', '--job-id', '851', '--raw', '--subdir', 'DAGS_FOLDER/first_dag.py', '--cfg-path', '/tmp/tmpqccuk0pj']
[2023-05-25T10:28:36.987+0000] {standard_task_runner.py:85} INFO - Job 851: Subtask greet
[2023-05-25T10:28:37.877+0000] {task_command.py:410} INFO - Running <TaskInstance: dag_with_taskflow_api_v02.greet scheduled__2022-07-27T00:00:00+00:00 [running]> on host b1ae37a9584e
[2023-05-25T10:28:39.511+0000] {taskinstance.py:1547} INFO - Exporting env vars: AIRFLOW_CTX_DAG_OWNER='Sai' AIRFLOW_CTX_DAG_ID='dag_with_taskflow_api_v02' AIRFLOW_CTX_TASK_ID='greet' AIRFLOW_CTX_EXECUTION_DATE='2022-07-27T00:00:00+00:00' AIRFLOW_CTX_TRY_NUMBER='1' AIRFLOW_CTX_DAG_RUN_ID='scheduled__2022-07-27T00:00:00+00:00'
[2023-05-25T10:28:39.532+0000] {logging_mixin.py:149} INFO - Hello World! My name is Sai Tr and I am 19 years old!
[2023-05-25T10:28:39.533+0000] {python.py:183} INFO - Done. Returned value was: None
[2023-05-25T10:28:39.660+0000] {taskinstance.py:1350} INFO - Marking task as SUCCESS. dag_id=dag_with_taskflow_api_v02, task_id=greet, execution_date=20220727T000000, start_date=20230525T102836, end_date=20230525T102839
[2023-05-25T10:28:39.879+0000] {local_task_job_runner.py:225} INFO - Task exited with return code 0
[2023-05-25T10:28:40.095+0000] {taskinstance.py:2651} INFO - 0 downstream tasks scheduled from follow-on schedule check
