[2023-05-24T15:26:02.023+0000] {taskinstance.py:1103} INFO - Dependencies all met for dep_context=non-requeueable deps ti=<TaskInstance: dag_with_taskflow_api_v02.get_name scheduled__2022-10-15T00:00:00+00:00 [queued]>
[2023-05-24T15:26:02.103+0000] {taskinstance.py:1103} INFO - Dependencies all met for dep_context=requeueable deps ti=<TaskInstance: dag_with_taskflow_api_v02.get_name scheduled__2022-10-15T00:00:00+00:00 [queued]>
[2023-05-24T15:26:02.116+0000] {taskinstance.py:1308} INFO - Starting attempt 1 of 6
[2023-05-24T15:26:03.012+0000] {taskinstance.py:1327} INFO - Executing <Task(_PythonDecoratedOperator): get_name> on 2022-10-15 00:00:00+00:00
[2023-05-24T15:26:03.066+0000] {standard_task_runner.py:57} INFO - Started process 2562 to run task
[2023-05-24T15:26:03.109+0000] {standard_task_runner.py:84} INFO - Running: ['***', 'tasks', 'run', 'dag_with_taskflow_api_v02', 'get_name', 'scheduled__2022-10-15T00:00:00+00:00', '--job-id', '1058', '--raw', '--subdir', 'DAGS_FOLDER/first_dag.py', '--cfg-path', '/tmp/tmpmcvui4j3']
[2023-05-24T15:26:03.131+0000] {standard_task_runner.py:85} INFO - Job 1058: Subtask get_name
[2023-05-24T15:26:03.544+0000] {task_command.py:410} INFO - Running <TaskInstance: dag_with_taskflow_api_v02.get_name scheduled__2022-10-15T00:00:00+00:00 [running]> on host 942de29f183d
[2023-05-24T15:26:04.627+0000] {taskinstance.py:1547} INFO - Exporting env vars: AIRFLOW_CTX_DAG_OWNER='Sai' AIRFLOW_CTX_DAG_ID='dag_with_taskflow_api_v02' AIRFLOW_CTX_TASK_ID='get_name' AIRFLOW_CTX_EXECUTION_DATE='2022-10-15T00:00:00+00:00' AIRFLOW_CTX_TRY_NUMBER='1' AIRFLOW_CTX_DAG_RUN_ID='scheduled__2022-10-15T00:00:00+00:00'
[2023-05-24T15:26:04.628+0000] {python.py:183} INFO - Done. Returned value was: {'first_name': 'Sai', 'last_name': 'Tr'}
[2023-05-24T15:26:04.899+0000] {taskinstance.py:1350} INFO - Marking task as SUCCESS. dag_id=dag_with_taskflow_api_v02, task_id=get_name, execution_date=20221015T000000, start_date=20230524T152602, end_date=20230524T152604
[2023-05-24T15:26:05.056+0000] {local_task_job_runner.py:225} INFO - Task exited with return code 0
[2023-05-24T15:26:05.289+0000] {taskinstance.py:2651} INFO - 1 downstream tasks scheduled from follow-on schedule check
[2023-05-25T06:58:35.614+0000] {taskinstance.py:1103} INFO - Dependencies all met for dep_context=non-requeueable deps ti=<TaskInstance: dag_with_taskflow_api_v02.get_name scheduled__2022-10-15T00:00:00+00:00 [queued]>
[2023-05-25T06:58:35.735+0000] {taskinstance.py:1103} INFO - Dependencies all met for dep_context=requeueable deps ti=<TaskInstance: dag_with_taskflow_api_v02.get_name scheduled__2022-10-15T00:00:00+00:00 [queued]>
[2023-05-25T06:58:35.736+0000] {taskinstance.py:1308} INFO - Starting attempt 1 of 6
[2023-05-25T06:58:35.859+0000] {taskinstance.py:1327} INFO - Executing <Task(_PythonDecoratedOperator): get_name> on 2022-10-15 00:00:00+00:00
[2023-05-25T06:58:35.880+0000] {standard_task_runner.py:57} INFO - Started process 4083 to run task
[2023-05-25T06:58:35.898+0000] {standard_task_runner.py:84} INFO - Running: ['***', 'tasks', 'run', 'dag_with_taskflow_api_v02', 'get_name', 'scheduled__2022-10-15T00:00:00+00:00', '--job-id', '1062', '--raw', '--subdir', 'DAGS_FOLDER/first_dag.py', '--cfg-path', '/tmp/tmpt5_wa39h']
[2023-05-25T06:58:35.918+0000] {standard_task_runner.py:85} INFO - Job 1062: Subtask get_name
[2023-05-25T06:58:36.111+0000] {task_command.py:410} INFO - Running <TaskInstance: dag_with_taskflow_api_v02.get_name scheduled__2022-10-15T00:00:00+00:00 [running]> on host 6bd07c7477d9
[2023-05-25T06:58:36.642+0000] {taskinstance.py:1547} INFO - Exporting env vars: AIRFLOW_CTX_DAG_OWNER='Sai' AIRFLOW_CTX_DAG_ID='dag_with_taskflow_api_v02' AIRFLOW_CTX_TASK_ID='get_name' AIRFLOW_CTX_EXECUTION_DATE='2022-10-15T00:00:00+00:00' AIRFLOW_CTX_TRY_NUMBER='1' AIRFLOW_CTX_DAG_RUN_ID='scheduled__2022-10-15T00:00:00+00:00'
[2023-05-25T06:58:36.644+0000] {python.py:183} INFO - Done. Returned value was: {'first_name': 'Sai', 'last_name': 'Tr'}
[2023-05-25T06:58:36.837+0000] {taskinstance.py:1350} INFO - Marking task as SUCCESS. dag_id=dag_with_taskflow_api_v02, task_id=get_name, execution_date=20221015T000000, start_date=20230525T065835, end_date=20230525T065836
[2023-05-25T06:58:36.927+0000] {local_task_job_runner.py:225} INFO - Task exited with return code 0
[2023-05-25T06:58:37.021+0000] {taskinstance.py:2651} INFO - 1 downstream tasks scheduled from follow-on schedule check
[2023-05-25T10:32:09.789+0000] {taskinstance.py:1103} INFO - Dependencies all met for dep_context=non-requeueable deps ti=<TaskInstance: dag_with_taskflow_api_v02.get_name scheduled__2022-10-15T00:00:00+00:00 [queued]>
[2023-05-25T10:32:09.857+0000] {taskinstance.py:1103} INFO - Dependencies all met for dep_context=requeueable deps ti=<TaskInstance: dag_with_taskflow_api_v02.get_name scheduled__2022-10-15T00:00:00+00:00 [queued]>
[2023-05-25T10:32:09.858+0000] {taskinstance.py:1308} INFO - Starting attempt 1 of 6
[2023-05-25T10:32:09.969+0000] {taskinstance.py:1327} INFO - Executing <Task(_PythonDecoratedOperator): get_name> on 2022-10-15 00:00:00+00:00
[2023-05-25T10:32:09.982+0000] {standard_task_runner.py:57} INFO - Started process 3716 to run task
[2023-05-25T10:32:10.017+0000] {standard_task_runner.py:84} INFO - Running: ['***', 'tasks', 'run', 'dag_with_taskflow_api_v02', 'get_name', 'scheduled__2022-10-15T00:00:00+00:00', '--job-id', '1074', '--raw', '--subdir', 'DAGS_FOLDER/first_dag.py', '--cfg-path', '/tmp/tmptn5sfkx3']
[2023-05-25T10:32:10.020+0000] {standard_task_runner.py:85} INFO - Job 1074: Subtask get_name
[2023-05-25T10:32:10.386+0000] {task_command.py:410} INFO - Running <TaskInstance: dag_with_taskflow_api_v02.get_name scheduled__2022-10-15T00:00:00+00:00 [running]> on host b1ae37a9584e
[2023-05-25T10:32:11.270+0000] {taskinstance.py:1547} INFO - Exporting env vars: AIRFLOW_CTX_DAG_OWNER='Sai' AIRFLOW_CTX_DAG_ID='dag_with_taskflow_api_v02' AIRFLOW_CTX_TASK_ID='get_name' AIRFLOW_CTX_EXECUTION_DATE='2022-10-15T00:00:00+00:00' AIRFLOW_CTX_TRY_NUMBER='1' AIRFLOW_CTX_DAG_RUN_ID='scheduled__2022-10-15T00:00:00+00:00'
[2023-05-25T10:32:11.271+0000] {python.py:183} INFO - Done. Returned value was: {'first_name': 'Sai', 'last_name': 'Tr'}
[2023-05-25T10:32:11.520+0000] {taskinstance.py:1350} INFO - Marking task as SUCCESS. dag_id=dag_with_taskflow_api_v02, task_id=get_name, execution_date=20221015T000000, start_date=20230525T103209, end_date=20230525T103211
[2023-05-25T10:32:11.623+0000] {local_task_job_runner.py:225} INFO - Task exited with return code 0
[2023-05-25T10:32:12.033+0000] {taskinstance.py:2651} INFO - 0 downstream tasks scheduled from follow-on schedule check
