[2023-05-24T15:30:27.589+0000] {taskinstance.py:1103} INFO - Dependencies all met for dep_context=non-requeueable deps ti=<TaskInstance: dag_with_taskflow_api_v02.greet scheduled__2023-03-18T00:00:00+00:00 [queued]>
[2023-05-24T15:30:27.660+0000] {taskinstance.py:1103} INFO - Dependencies all met for dep_context=requeueable deps ti=<TaskInstance: dag_with_taskflow_api_v02.greet scheduled__2023-03-18T00:00:00+00:00 [queued]>
[2023-05-24T15:30:27.661+0000] {taskinstance.py:1308} INFO - Starting attempt 1 of 6
[2023-05-24T15:30:28.124+0000] {taskinstance.py:1327} INFO - Executing <Task(_PythonDecoratedOperator): greet> on 2023-03-18 00:00:00+00:00
[2023-05-24T15:30:28.150+0000] {standard_task_runner.py:57} INFO - Started process 3637 to run task
[2023-05-24T15:30:28.190+0000] {standard_task_runner.py:84} INFO - Running: ['***', 'tasks', 'run', 'dag_with_taskflow_api_v02', 'greet', 'scheduled__2023-03-18T00:00:00+00:00', '--job-id', '1546', '--raw', '--subdir', 'DAGS_FOLDER/first_dag.py', '--cfg-path', '/tmp/tmp613wnpy4']
[2023-05-24T15:30:28.208+0000] {standard_task_runner.py:85} INFO - Job 1546: Subtask greet
[2023-05-24T15:30:28.525+0000] {task_command.py:410} INFO - Running <TaskInstance: dag_with_taskflow_api_v02.greet scheduled__2023-03-18T00:00:00+00:00 [running]> on host 942de29f183d
[2023-05-24T15:30:29.189+0000] {taskinstance.py:1547} INFO - Exporting env vars: AIRFLOW_CTX_DAG_OWNER='Sai' AIRFLOW_CTX_DAG_ID='dag_with_taskflow_api_v02' AIRFLOW_CTX_TASK_ID='greet' AIRFLOW_CTX_EXECUTION_DATE='2023-03-18T00:00:00+00:00' AIRFLOW_CTX_TRY_NUMBER='1' AIRFLOW_CTX_DAG_RUN_ID='scheduled__2023-03-18T00:00:00+00:00'
[2023-05-24T15:30:29.192+0000] {logging_mixin.py:149} INFO - Hello World! My name is Sai Tr and I am 19 years old!
[2023-05-24T15:30:29.192+0000] {python.py:183} INFO - Done. Returned value was: None
[2023-05-24T15:30:29.233+0000] {taskinstance.py:1350} INFO - Marking task as SUCCESS. dag_id=dag_with_taskflow_api_v02, task_id=greet, execution_date=20230318T000000, start_date=20230524T153027, end_date=20230524T153029
[2023-05-24T15:30:29.403+0000] {local_task_job_runner.py:225} INFO - Task exited with return code 0
[2023-05-24T15:30:29.513+0000] {taskinstance.py:2651} INFO - 0 downstream tasks scheduled from follow-on schedule check
[2023-05-25T07:03:00.462+0000] {taskinstance.py:1103} INFO - Dependencies all met for dep_context=non-requeueable deps ti=<TaskInstance: dag_with_taskflow_api_v02.greet scheduled__2023-03-18T00:00:00+00:00 [queued]>
[2023-05-25T07:03:00.499+0000] {taskinstance.py:1103} INFO - Dependencies all met for dep_context=requeueable deps ti=<TaskInstance: dag_with_taskflow_api_v02.greet scheduled__2023-03-18T00:00:00+00:00 [queued]>
[2023-05-25T07:03:00.500+0000] {taskinstance.py:1308} INFO - Starting attempt 1 of 6
[2023-05-25T07:03:00.664+0000] {taskinstance.py:1327} INFO - Executing <Task(_PythonDecoratedOperator): greet> on 2023-03-18 00:00:00+00:00
[2023-05-25T07:03:00.692+0000] {standard_task_runner.py:57} INFO - Started process 5160 to run task
[2023-05-25T07:03:00.731+0000] {standard_task_runner.py:84} INFO - Running: ['***', 'tasks', 'run', 'dag_with_taskflow_api_v02', 'greet', 'scheduled__2023-03-18T00:00:00+00:00', '--job-id', '1545', '--raw', '--subdir', 'DAGS_FOLDER/first_dag.py', '--cfg-path', '/tmp/tmp1jeu5sgd']
[2023-05-25T07:03:00.765+0000] {standard_task_runner.py:85} INFO - Job 1545: Subtask greet
[2023-05-25T07:03:01.206+0000] {task_command.py:410} INFO - Running <TaskInstance: dag_with_taskflow_api_v02.greet scheduled__2023-03-18T00:00:00+00:00 [running]> on host 6bd07c7477d9
[2023-05-25T07:03:02.169+0000] {taskinstance.py:1547} INFO - Exporting env vars: AIRFLOW_CTX_DAG_OWNER='Sai' AIRFLOW_CTX_DAG_ID='dag_with_taskflow_api_v02' AIRFLOW_CTX_TASK_ID='greet' AIRFLOW_CTX_EXECUTION_DATE='2023-03-18T00:00:00+00:00' AIRFLOW_CTX_TRY_NUMBER='1' AIRFLOW_CTX_DAG_RUN_ID='scheduled__2023-03-18T00:00:00+00:00'
[2023-05-25T07:03:02.170+0000] {logging_mixin.py:149} INFO - Hello World! My name is Sai Tr and I am 19 years old!
[2023-05-25T07:03:02.171+0000] {python.py:183} INFO - Done. Returned value was: None
[2023-05-25T07:03:02.211+0000] {taskinstance.py:1350} INFO - Marking task as SUCCESS. dag_id=dag_with_taskflow_api_v02, task_id=greet, execution_date=20230318T000000, start_date=20230525T070300, end_date=20230525T070302
[2023-05-25T07:03:02.296+0000] {local_task_job_runner.py:225} INFO - Task exited with return code 0
[2023-05-25T07:03:02.654+0000] {taskinstance.py:2651} INFO - 0 downstream tasks scheduled from follow-on schedule check
[2023-05-25T10:37:21.200+0000] {taskinstance.py:1103} INFO - Dependencies all met for dep_context=non-requeueable deps ti=<TaskInstance: dag_with_taskflow_api_v02.greet scheduled__2023-03-18T00:00:00+00:00 [queued]>
[2023-05-25T10:37:21.235+0000] {taskinstance.py:1103} INFO - Dependencies all met for dep_context=requeueable deps ti=<TaskInstance: dag_with_taskflow_api_v02.greet scheduled__2023-03-18T00:00:00+00:00 [queued]>
[2023-05-25T10:37:21.235+0000] {taskinstance.py:1308} INFO - Starting attempt 1 of 6
[2023-05-25T10:37:21.275+0000] {taskinstance.py:1327} INFO - Executing <Task(_PythonDecoratedOperator): greet> on 2023-03-18 00:00:00+00:00
[2023-05-25T10:37:21.283+0000] {standard_task_runner.py:57} INFO - Started process 4775 to run task
[2023-05-25T10:37:21.293+0000] {standard_task_runner.py:84} INFO - Running: ['***', 'tasks', 'run', 'dag_with_taskflow_api_v02', 'greet', 'scheduled__2023-03-18T00:00:00+00:00', '--job-id', '1547', '--raw', '--subdir', 'DAGS_FOLDER/first_dag.py', '--cfg-path', '/tmp/tmp0r9q9ll8']
[2023-05-25T10:37:21.296+0000] {standard_task_runner.py:85} INFO - Job 1547: Subtask greet
[2023-05-25T10:37:21.409+0000] {task_command.py:410} INFO - Running <TaskInstance: dag_with_taskflow_api_v02.greet scheduled__2023-03-18T00:00:00+00:00 [running]> on host b1ae37a9584e
[2023-05-25T10:37:21.781+0000] {taskinstance.py:1547} INFO - Exporting env vars: AIRFLOW_CTX_DAG_OWNER='Sai' AIRFLOW_CTX_DAG_ID='dag_with_taskflow_api_v02' AIRFLOW_CTX_TASK_ID='greet' AIRFLOW_CTX_EXECUTION_DATE='2023-03-18T00:00:00+00:00' AIRFLOW_CTX_TRY_NUMBER='1' AIRFLOW_CTX_DAG_RUN_ID='scheduled__2023-03-18T00:00:00+00:00'
[2023-05-25T10:37:21.782+0000] {logging_mixin.py:149} INFO - Hello World! My name is Sai Tr and I am 19 years old!
[2023-05-25T10:37:21.783+0000] {python.py:183} INFO - Done. Returned value was: None
[2023-05-25T10:37:21.804+0000] {taskinstance.py:1350} INFO - Marking task as SUCCESS. dag_id=dag_with_taskflow_api_v02, task_id=greet, execution_date=20230318T000000, start_date=20230525T103721, end_date=20230525T103721
[2023-05-25T10:37:21.862+0000] {local_task_job_runner.py:225} INFO - Task exited with return code 0
[2023-05-25T10:37:21.890+0000] {taskinstance.py:2651} INFO - 0 downstream tasks scheduled from follow-on schedule check
