[2023-05-24T15:19:16.947+0000] {taskinstance.py:1103} INFO - Dependencies all met for dep_context=non-requeueable deps ti=<TaskInstance: dag_with_taskflow_api_v02.get_age scheduled__2022-03-04T00:00:00+00:00 [queued]>
[2023-05-24T15:19:16.995+0000] {taskinstance.py:1103} INFO - Dependencies all met for dep_context=requeueable deps ti=<TaskInstance: dag_with_taskflow_api_v02.get_age scheduled__2022-03-04T00:00:00+00:00 [queued]>
[2023-05-24T15:19:16.996+0000] {taskinstance.py:1308} INFO - Starting attempt 1 of 6
[2023-05-24T15:19:17.054+0000] {taskinstance.py:1327} INFO - Executing <Task(_PythonDecoratedOperator): get_age> on 2022-03-04 00:00:00+00:00
[2023-05-24T15:19:17.063+0000] {standard_task_runner.py:57} INFO - Started process 1067 to run task
[2023-05-24T15:19:17.075+0000] {standard_task_runner.py:84} INFO - Running: ['***', 'tasks', 'run', 'dag_with_taskflow_api_v02', 'get_age', 'scheduled__2022-03-04T00:00:00+00:00', '--job-id', '390', '--raw', '--subdir', 'DAGS_FOLDER/first_dag.py', '--cfg-path', '/tmp/tmps6z5fp24']
[2023-05-24T15:19:17.079+0000] {standard_task_runner.py:85} INFO - Job 390: Subtask get_age
[2023-05-24T15:19:17.458+0000] {task_command.py:410} INFO - Running <TaskInstance: dag_with_taskflow_api_v02.get_age scheduled__2022-03-04T00:00:00+00:00 [running]> on host 942de29f183d
[2023-05-24T15:19:18.096+0000] {taskinstance.py:1547} INFO - Exporting env vars: AIRFLOW_CTX_DAG_OWNER='Sai' AIRFLOW_CTX_DAG_ID='dag_with_taskflow_api_v02' AIRFLOW_CTX_TASK_ID='get_age' AIRFLOW_CTX_EXECUTION_DATE='2022-03-04T00:00:00+00:00' AIRFLOW_CTX_TRY_NUMBER='1' AIRFLOW_CTX_DAG_RUN_ID='scheduled__2022-03-04T00:00:00+00:00'
[2023-05-24T15:19:18.097+0000] {python.py:183} INFO - Done. Returned value was: 19
[2023-05-24T15:19:18.263+0000] {taskinstance.py:1350} INFO - Marking task as SUCCESS. dag_id=dag_with_taskflow_api_v02, task_id=get_age, execution_date=20220304T000000, start_date=20230524T151916, end_date=20230524T151918
[2023-05-24T15:19:18.497+0000] {local_task_job_runner.py:225} INFO - Task exited with return code 0
[2023-05-24T15:19:18.824+0000] {taskinstance.py:2651} INFO - 0 downstream tasks scheduled from follow-on schedule check
[2023-05-25T06:52:29.741+0000] {taskinstance.py:1103} INFO - Dependencies all met for dep_context=non-requeueable deps ti=<TaskInstance: dag_with_taskflow_api_v02.get_age scheduled__2022-03-04T00:00:00+00:00 [queued]>
[2023-05-25T06:52:29.846+0000] {taskinstance.py:1103} INFO - Dependencies all met for dep_context=requeueable deps ti=<TaskInstance: dag_with_taskflow_api_v02.get_age scheduled__2022-03-04T00:00:00+00:00 [queued]>
[2023-05-25T06:52:29.847+0000] {taskinstance.py:1308} INFO - Starting attempt 1 of 6
[2023-05-25T06:52:30.071+0000] {taskinstance.py:1327} INFO - Executing <Task(_PythonDecoratedOperator): get_age> on 2022-03-04 00:00:00+00:00
[2023-05-25T06:52:30.110+0000] {standard_task_runner.py:57} INFO - Started process 2594 to run task
[2023-05-25T06:52:30.174+0000] {standard_task_runner.py:84} INFO - Running: ['***', 'tasks', 'run', 'dag_with_taskflow_api_v02', 'get_age', 'scheduled__2022-03-04T00:00:00+00:00', '--job-id', '388', '--raw', '--subdir', 'DAGS_FOLDER/first_dag.py', '--cfg-path', '/tmp/tmp1kmrgl98']
[2023-05-25T06:52:30.206+0000] {standard_task_runner.py:85} INFO - Job 388: Subtask get_age
[2023-05-25T06:52:30.558+0000] {task_command.py:410} INFO - Running <TaskInstance: dag_with_taskflow_api_v02.get_age scheduled__2022-03-04T00:00:00+00:00 [running]> on host 6bd07c7477d9
[2023-05-25T06:52:31.681+0000] {taskinstance.py:1547} INFO - Exporting env vars: AIRFLOW_CTX_DAG_OWNER='Sai' AIRFLOW_CTX_DAG_ID='dag_with_taskflow_api_v02' AIRFLOW_CTX_TASK_ID='get_age' AIRFLOW_CTX_EXECUTION_DATE='2022-03-04T00:00:00+00:00' AIRFLOW_CTX_TRY_NUMBER='1' AIRFLOW_CTX_DAG_RUN_ID='scheduled__2022-03-04T00:00:00+00:00'
[2023-05-25T06:52:31.682+0000] {python.py:183} INFO - Done. Returned value was: 19
[2023-05-25T06:52:31.822+0000] {taskinstance.py:1350} INFO - Marking task as SUCCESS. dag_id=dag_with_taskflow_api_v02, task_id=get_age, execution_date=20220304T000000, start_date=20230525T065229, end_date=20230525T065231
[2023-05-25T06:52:31.995+0000] {local_task_job_runner.py:225} INFO - Task exited with return code 0
[2023-05-25T06:52:32.377+0000] {taskinstance.py:2651} INFO - 1 downstream tasks scheduled from follow-on schedule check
[2023-05-25T10:23:27.892+0000] {taskinstance.py:1103} INFO - Dependencies all met for dep_context=non-requeueable deps ti=<TaskInstance: dag_with_taskflow_api_v02.get_age scheduled__2022-03-04T00:00:00+00:00 [queued]>
[2023-05-25T10:23:27.969+0000] {taskinstance.py:1103} INFO - Dependencies all met for dep_context=requeueable deps ti=<TaskInstance: dag_with_taskflow_api_v02.get_age scheduled__2022-03-04T00:00:00+00:00 [queued]>
[2023-05-25T10:23:27.970+0000] {taskinstance.py:1308} INFO - Starting attempt 1 of 6
[2023-05-25T10:23:29.076+0000] {taskinstance.py:1327} INFO - Executing <Task(_PythonDecoratedOperator): get_age> on 2022-03-04 00:00:00+00:00
[2023-05-25T10:23:29.098+0000] {standard_task_runner.py:57} INFO - Started process 2126 to run task
[2023-05-25T10:23:29.138+0000] {standard_task_runner.py:84} INFO - Running: ['***', 'tasks', 'run', 'dag_with_taskflow_api_v02', 'get_age', 'scheduled__2022-03-04T00:00:00+00:00', '--job-id', '380', '--raw', '--subdir', 'DAGS_FOLDER/first_dag.py', '--cfg-path', '/tmp/tmpe0nocvt3']
[2023-05-25T10:23:29.181+0000] {standard_task_runner.py:85} INFO - Job 380: Subtask get_age
[2023-05-25T10:23:29.798+0000] {task_command.py:410} INFO - Running <TaskInstance: dag_with_taskflow_api_v02.get_age scheduled__2022-03-04T00:00:00+00:00 [running]> on host b1ae37a9584e
[2023-05-25T10:23:30.642+0000] {taskinstance.py:1547} INFO - Exporting env vars: AIRFLOW_CTX_DAG_OWNER='Sai' AIRFLOW_CTX_DAG_ID='dag_with_taskflow_api_v02' AIRFLOW_CTX_TASK_ID='get_age' AIRFLOW_CTX_EXECUTION_DATE='2022-03-04T00:00:00+00:00' AIRFLOW_CTX_TRY_NUMBER='1' AIRFLOW_CTX_DAG_RUN_ID='scheduled__2022-03-04T00:00:00+00:00'
[2023-05-25T10:23:30.644+0000] {python.py:183} INFO - Done. Returned value was: 19
[2023-05-25T10:23:30.786+0000] {taskinstance.py:1350} INFO - Marking task as SUCCESS. dag_id=dag_with_taskflow_api_v02, task_id=get_age, execution_date=20220304T000000, start_date=20230525T102327, end_date=20230525T102330
[2023-05-25T10:23:30.866+0000] {local_task_job_runner.py:225} INFO - Task exited with return code 0
[2023-05-25T10:23:31.017+0000] {taskinstance.py:2651} INFO - 0 downstream tasks scheduled from follow-on schedule check
