[2023-05-24T15:22:20.130+0000] {taskinstance.py:1103} INFO - Dependencies all met for dep_context=non-requeueable deps ti=<TaskInstance: dag_with_taskflow_api_v02.greet scheduled__2022-06-04T00:00:00+00:00 [queued]>
[2023-05-24T15:22:20.223+0000] {taskinstance.py:1103} INFO - Dependencies all met for dep_context=requeueable deps ti=<TaskInstance: dag_with_taskflow_api_v02.greet scheduled__2022-06-04T00:00:00+00:00 [queued]>
[2023-05-24T15:22:20.227+0000] {taskinstance.py:1308} INFO - Starting attempt 1 of 6
[2023-05-24T15:22:20.302+0000] {taskinstance.py:1327} INFO - Executing <Task(_PythonDecoratedOperator): greet> on 2022-06-04 00:00:00+00:00
[2023-05-24T15:22:20.327+0000] {standard_task_runner.py:57} INFO - Started process 1716 to run task
[2023-05-24T15:22:20.352+0000] {standard_task_runner.py:84} INFO - Running: ['***', 'tasks', 'run', 'dag_with_taskflow_api_v02', 'greet', 'scheduled__2022-06-04T00:00:00+00:00', '--job-id', '680', '--raw', '--subdir', 'DAGS_FOLDER/first_dag.py', '--cfg-path', '/tmp/tmpdps2ynge']
[2023-05-24T15:22:20.366+0000] {standard_task_runner.py:85} INFO - Job 680: Subtask greet
[2023-05-24T15:22:20.823+0000] {task_command.py:410} INFO - Running <TaskInstance: dag_with_taskflow_api_v02.greet scheduled__2022-06-04T00:00:00+00:00 [running]> on host 942de29f183d
[2023-05-24T15:22:21.596+0000] {taskinstance.py:1547} INFO - Exporting env vars: AIRFLOW_CTX_DAG_OWNER='Sai' AIRFLOW_CTX_DAG_ID='dag_with_taskflow_api_v02' AIRFLOW_CTX_TASK_ID='greet' AIRFLOW_CTX_EXECUTION_DATE='2022-06-04T00:00:00+00:00' AIRFLOW_CTX_TRY_NUMBER='1' AIRFLOW_CTX_DAG_RUN_ID='scheduled__2022-06-04T00:00:00+00:00'
[2023-05-24T15:22:21.597+0000] {logging_mixin.py:149} INFO - Hello World! My name is Sai Tr and I am 19 years old!
[2023-05-24T15:22:21.598+0000] {python.py:183} INFO - Done. Returned value was: None
[2023-05-24T15:22:21.635+0000] {taskinstance.py:1350} INFO - Marking task as SUCCESS. dag_id=dag_with_taskflow_api_v02, task_id=greet, execution_date=20220604T000000, start_date=20230524T152220, end_date=20230524T152221
[2023-05-24T15:22:21.738+0000] {local_task_job_runner.py:225} INFO - Task exited with return code 0
[2023-05-24T15:22:21.845+0000] {taskinstance.py:2651} INFO - 0 downstream tasks scheduled from follow-on schedule check
[2023-05-25T06:55:08.950+0000] {taskinstance.py:1103} INFO - Dependencies all met for dep_context=non-requeueable deps ti=<TaskInstance: dag_with_taskflow_api_v02.greet scheduled__2022-06-04T00:00:00+00:00 [queued]>
[2023-05-25T06:55:09.074+0000] {taskinstance.py:1103} INFO - Dependencies all met for dep_context=requeueable deps ti=<TaskInstance: dag_with_taskflow_api_v02.greet scheduled__2022-06-04T00:00:00+00:00 [queued]>
[2023-05-25T06:55:09.074+0000] {taskinstance.py:1308} INFO - Starting attempt 1 of 6
[2023-05-25T06:55:09.284+0000] {taskinstance.py:1327} INFO - Executing <Task(_PythonDecoratedOperator): greet> on 2022-06-04 00:00:00+00:00
[2023-05-25T06:55:09.310+0000] {standard_task_runner.py:57} INFO - Started process 3246 to run task
[2023-05-25T06:55:09.336+0000] {standard_task_runner.py:84} INFO - Running: ['***', 'tasks', 'run', 'dag_with_taskflow_api_v02', 'greet', 'scheduled__2022-06-04T00:00:00+00:00', '--job-id', '685', '--raw', '--subdir', 'DAGS_FOLDER/first_dag.py', '--cfg-path', '/tmp/tmp4089_oa4']
[2023-05-25T06:55:09.357+0000] {standard_task_runner.py:85} INFO - Job 685: Subtask greet
[2023-05-25T06:55:09.625+0000] {task_command.py:410} INFO - Running <TaskInstance: dag_with_taskflow_api_v02.greet scheduled__2022-06-04T00:00:00+00:00 [running]> on host 6bd07c7477d9
[2023-05-25T06:55:10.732+0000] {taskinstance.py:1547} INFO - Exporting env vars: AIRFLOW_CTX_DAG_OWNER='Sai' AIRFLOW_CTX_DAG_ID='dag_with_taskflow_api_v02' AIRFLOW_CTX_TASK_ID='greet' AIRFLOW_CTX_EXECUTION_DATE='2022-06-04T00:00:00+00:00' AIRFLOW_CTX_TRY_NUMBER='1' AIRFLOW_CTX_DAG_RUN_ID='scheduled__2022-06-04T00:00:00+00:00'
[2023-05-25T06:55:10.734+0000] {logging_mixin.py:149} INFO - Hello World! My name is Sai Tr and I am 19 years old!
[2023-05-25T06:55:10.735+0000] {python.py:183} INFO - Done. Returned value was: None
[2023-05-25T06:55:10.815+0000] {taskinstance.py:1350} INFO - Marking task as SUCCESS. dag_id=dag_with_taskflow_api_v02, task_id=greet, execution_date=20220604T000000, start_date=20230525T065508, end_date=20230525T065510
[2023-05-25T06:55:10.953+0000] {local_task_job_runner.py:225} INFO - Task exited with return code 0
[2023-05-25T06:55:11.120+0000] {taskinstance.py:2651} INFO - 0 downstream tasks scheduled from follow-on schedule check
[2023-05-25T10:26:40.620+0000] {taskinstance.py:1103} INFO - Dependencies all met for dep_context=non-requeueable deps ti=<TaskInstance: dag_with_taskflow_api_v02.greet scheduled__2022-06-04T00:00:00+00:00 [queued]>
[2023-05-25T10:26:40.711+0000] {taskinstance.py:1103} INFO - Dependencies all met for dep_context=requeueable deps ti=<TaskInstance: dag_with_taskflow_api_v02.greet scheduled__2022-06-04T00:00:00+00:00 [queued]>
[2023-05-25T10:26:40.712+0000] {taskinstance.py:1308} INFO - Starting attempt 1 of 6
[2023-05-25T10:26:40.919+0000] {taskinstance.py:1327} INFO - Executing <Task(_PythonDecoratedOperator): greet> on 2022-06-04 00:00:00+00:00
[2023-05-25T10:26:40.960+0000] {standard_task_runner.py:57} INFO - Started process 2857 to run task
[2023-05-25T10:26:41.033+0000] {standard_task_runner.py:84} INFO - Running: ['***', 'tasks', 'run', 'dag_with_taskflow_api_v02', 'greet', 'scheduled__2022-06-04T00:00:00+00:00', '--job-id', '702', '--raw', '--subdir', 'DAGS_FOLDER/first_dag.py', '--cfg-path', '/tmp/tmpt4_g16cy']
[2023-05-25T10:26:41.060+0000] {standard_task_runner.py:85} INFO - Job 702: Subtask greet
[2023-05-25T10:26:41.348+0000] {task_command.py:410} INFO - Running <TaskInstance: dag_with_taskflow_api_v02.greet scheduled__2022-06-04T00:00:00+00:00 [running]> on host b1ae37a9584e
[2023-05-25T10:26:41.957+0000] {taskinstance.py:1547} INFO - Exporting env vars: AIRFLOW_CTX_DAG_OWNER='Sai' AIRFLOW_CTX_DAG_ID='dag_with_taskflow_api_v02' AIRFLOW_CTX_TASK_ID='greet' AIRFLOW_CTX_EXECUTION_DATE='2022-06-04T00:00:00+00:00' AIRFLOW_CTX_TRY_NUMBER='1' AIRFLOW_CTX_DAG_RUN_ID='scheduled__2022-06-04T00:00:00+00:00'
[2023-05-25T10:26:41.969+0000] {logging_mixin.py:149} INFO - Hello World! My name is Sai Tr and I am 19 years old!
[2023-05-25T10:26:41.979+0000] {python.py:183} INFO - Done. Returned value was: None
[2023-05-25T10:26:42.089+0000] {taskinstance.py:1350} INFO - Marking task as SUCCESS. dag_id=dag_with_taskflow_api_v02, task_id=greet, execution_date=20220604T000000, start_date=20230525T102640, end_date=20230525T102642
[2023-05-25T10:26:42.275+0000] {local_task_job_runner.py:225} INFO - Task exited with return code 0
[2023-05-25T10:26:43.005+0000] {taskinstance.py:2651} INFO - 0 downstream tasks scheduled from follow-on schedule check
