[2023-05-24T15:28:08.718+0000] {taskinstance.py:1103} INFO - Dependencies all met for dep_context=non-requeueable deps ti=<TaskInstance: dag_with_taskflow_api_v02.greet scheduled__2022-12-28T00:00:00+00:00 [queued]>
[2023-05-24T15:28:08.738+0000] {taskinstance.py:1103} INFO - Dependencies all met for dep_context=requeueable deps ti=<TaskInstance: dag_with_taskflow_api_v02.greet scheduled__2022-12-28T00:00:00+00:00 [queued]>
[2023-05-24T15:28:08.739+0000] {taskinstance.py:1308} INFO - Starting attempt 1 of 6
[2023-05-24T15:28:08.775+0000] {taskinstance.py:1327} INFO - Executing <Task(_PythonDecoratedOperator): greet> on 2022-12-28 00:00:00+00:00
[2023-05-24T15:28:08.782+0000] {standard_task_runner.py:57} INFO - Started process 3077 to run task
[2023-05-24T15:28:08.794+0000] {standard_task_runner.py:84} INFO - Running: ['***', 'tasks', 'run', 'dag_with_taskflow_api_v02', 'greet', 'scheduled__2022-12-28T00:00:00+00:00', '--job-id', '1295', '--raw', '--subdir', 'DAGS_FOLDER/first_dag.py', '--cfg-path', '/tmp/tmpup188wai']
[2023-05-24T15:28:08.797+0000] {standard_task_runner.py:85} INFO - Job 1295: Subtask greet
[2023-05-24T15:28:08.887+0000] {task_command.py:410} INFO - Running <TaskInstance: dag_with_taskflow_api_v02.greet scheduled__2022-12-28T00:00:00+00:00 [running]> on host 942de29f183d
[2023-05-24T15:28:09.084+0000] {taskinstance.py:1547} INFO - Exporting env vars: AIRFLOW_CTX_DAG_OWNER='Sai' AIRFLOW_CTX_DAG_ID='dag_with_taskflow_api_v02' AIRFLOW_CTX_TASK_ID='greet' AIRFLOW_CTX_EXECUTION_DATE='2022-12-28T00:00:00+00:00' AIRFLOW_CTX_TRY_NUMBER='1' AIRFLOW_CTX_DAG_RUN_ID='scheduled__2022-12-28T00:00:00+00:00'
[2023-05-24T15:28:09.086+0000] {logging_mixin.py:149} INFO - Hello World! My name is Sai Tr and I am 19 years old!
[2023-05-24T15:28:09.086+0000] {python.py:183} INFO - Done. Returned value was: None
[2023-05-24T15:28:09.102+0000] {taskinstance.py:1350} INFO - Marking task as SUCCESS. dag_id=dag_with_taskflow_api_v02, task_id=greet, execution_date=20221228T000000, start_date=20230524T152808, end_date=20230524T152809
[2023-05-24T15:28:09.159+0000] {local_task_job_runner.py:225} INFO - Task exited with return code 0
[2023-05-24T15:28:09.187+0000] {taskinstance.py:2651} INFO - 0 downstream tasks scheduled from follow-on schedule check
[2023-05-25T07:00:52.455+0000] {taskinstance.py:1103} INFO - Dependencies all met for dep_context=non-requeueable deps ti=<TaskInstance: dag_with_taskflow_api_v02.greet scheduled__2022-12-28T00:00:00+00:00 [queued]>
[2023-05-25T07:00:52.546+0000] {taskinstance.py:1103} INFO - Dependencies all met for dep_context=requeueable deps ti=<TaskInstance: dag_with_taskflow_api_v02.greet scheduled__2022-12-28T00:00:00+00:00 [queued]>
[2023-05-25T07:00:52.547+0000] {taskinstance.py:1308} INFO - Starting attempt 1 of 6
[2023-05-25T07:00:52.726+0000] {taskinstance.py:1327} INFO - Executing <Task(_PythonDecoratedOperator): greet> on 2022-12-28 00:00:00+00:00
[2023-05-25T07:00:52.763+0000] {standard_task_runner.py:57} INFO - Started process 4636 to run task
[2023-05-25T07:00:52.775+0000] {standard_task_runner.py:84} INFO - Running: ['***', 'tasks', 'run', 'dag_with_taskflow_api_v02', 'greet', 'scheduled__2022-12-28T00:00:00+00:00', '--job-id', '1309', '--raw', '--subdir', 'DAGS_FOLDER/first_dag.py', '--cfg-path', '/tmp/tmpmkva66gi']
[2023-05-25T07:00:52.806+0000] {standard_task_runner.py:85} INFO - Job 1309: Subtask greet
[2023-05-25T07:00:53.139+0000] {task_command.py:410} INFO - Running <TaskInstance: dag_with_taskflow_api_v02.greet scheduled__2022-12-28T00:00:00+00:00 [running]> on host 6bd07c7477d9
[2023-05-25T07:00:54.267+0000] {taskinstance.py:1547} INFO - Exporting env vars: AIRFLOW_CTX_DAG_OWNER='Sai' AIRFLOW_CTX_DAG_ID='dag_with_taskflow_api_v02' AIRFLOW_CTX_TASK_ID='greet' AIRFLOW_CTX_EXECUTION_DATE='2022-12-28T00:00:00+00:00' AIRFLOW_CTX_TRY_NUMBER='1' AIRFLOW_CTX_DAG_RUN_ID='scheduled__2022-12-28T00:00:00+00:00'
[2023-05-25T07:00:54.268+0000] {logging_mixin.py:149} INFO - Hello World! My name is Sai Tr and I am 19 years old!
[2023-05-25T07:00:54.278+0000] {python.py:183} INFO - Done. Returned value was: None
[2023-05-25T07:00:54.358+0000] {taskinstance.py:1350} INFO - Marking task as SUCCESS. dag_id=dag_with_taskflow_api_v02, task_id=greet, execution_date=20221228T000000, start_date=20230525T070052, end_date=20230525T070054
[2023-05-25T07:00:54.572+0000] {local_task_job_runner.py:225} INFO - Task exited with return code 0
[2023-05-25T07:00:54.682+0000] {taskinstance.py:2651} INFO - 0 downstream tasks scheduled from follow-on schedule check
[2023-05-25T10:34:53.990+0000] {taskinstance.py:1103} INFO - Dependencies all met for dep_context=non-requeueable deps ti=<TaskInstance: dag_with_taskflow_api_v02.greet scheduled__2022-12-28T00:00:00+00:00 [queued]>
[2023-05-25T10:34:54.047+0000] {taskinstance.py:1103} INFO - Dependencies all met for dep_context=requeueable deps ti=<TaskInstance: dag_with_taskflow_api_v02.greet scheduled__2022-12-28T00:00:00+00:00 [queued]>
[2023-05-25T10:34:54.047+0000] {taskinstance.py:1308} INFO - Starting attempt 1 of 6
[2023-05-25T10:34:54.201+0000] {taskinstance.py:1327} INFO - Executing <Task(_PythonDecoratedOperator): greet> on 2022-12-28 00:00:00+00:00
[2023-05-25T10:34:54.214+0000] {standard_task_runner.py:57} INFO - Started process 4258 to run task
[2023-05-25T10:34:54.251+0000] {standard_task_runner.py:84} INFO - Running: ['***', 'tasks', 'run', 'dag_with_taskflow_api_v02', 'greet', 'scheduled__2022-12-28T00:00:00+00:00', '--job-id', '1316', '--raw', '--subdir', 'DAGS_FOLDER/first_dag.py', '--cfg-path', '/tmp/tmprb5omnc3']
[2023-05-25T10:34:54.263+0000] {standard_task_runner.py:85} INFO - Job 1316: Subtask greet
[2023-05-25T10:34:54.633+0000] {task_command.py:410} INFO - Running <TaskInstance: dag_with_taskflow_api_v02.greet scheduled__2022-12-28T00:00:00+00:00 [running]> on host b1ae37a9584e
[2023-05-25T10:34:55.320+0000] {taskinstance.py:1547} INFO - Exporting env vars: AIRFLOW_CTX_DAG_OWNER='Sai' AIRFLOW_CTX_DAG_ID='dag_with_taskflow_api_v02' AIRFLOW_CTX_TASK_ID='greet' AIRFLOW_CTX_EXECUTION_DATE='2022-12-28T00:00:00+00:00' AIRFLOW_CTX_TRY_NUMBER='1' AIRFLOW_CTX_DAG_RUN_ID='scheduled__2022-12-28T00:00:00+00:00'
[2023-05-25T10:34:55.321+0000] {logging_mixin.py:149} INFO - Hello World! My name is Sai Tr and I am 19 years old!
[2023-05-25T10:34:55.322+0000] {python.py:183} INFO - Done. Returned value was: None
[2023-05-25T10:34:55.351+0000] {taskinstance.py:1350} INFO - Marking task as SUCCESS. dag_id=dag_with_taskflow_api_v02, task_id=greet, execution_date=20221228T000000, start_date=20230525T103453, end_date=20230525T103455
[2023-05-25T10:34:55.542+0000] {local_task_job_runner.py:225} INFO - Task exited with return code 0
[2023-05-25T10:34:55.605+0000] {taskinstance.py:2651} INFO - 0 downstream tasks scheduled from follow-on schedule check
