[2023-05-24T15:16:40.041+0000] {taskinstance.py:1103} INFO - Dependencies all met for dep_context=non-requeueable deps ti=<TaskInstance: dag_with_taskflow_api_v02.greet scheduled__2021-12-08T00:00:00+00:00 [queued]>
[2023-05-24T15:16:40.134+0000] {taskinstance.py:1103} INFO - Dependencies all met for dep_context=requeueable deps ti=<TaskInstance: dag_with_taskflow_api_v02.greet scheduled__2021-12-08T00:00:00+00:00 [queued]>
[2023-05-24T15:16:40.135+0000] {taskinstance.py:1308} INFO - Starting attempt 1 of 6
[2023-05-24T15:16:40.224+0000] {taskinstance.py:1327} INFO - Executing <Task(_PythonDecoratedOperator): greet> on 2021-12-08 00:00:00+00:00
[2023-05-24T15:16:40.239+0000] {standard_task_runner.py:57} INFO - Started process 529 to run task
[2023-05-24T15:16:40.279+0000] {standard_task_runner.py:84} INFO - Running: ['***', 'tasks', 'run', 'dag_with_taskflow_api_v02', 'greet', 'scheduled__2021-12-08T00:00:00+00:00', '--job-id', '153', '--raw', '--subdir', 'DAGS_FOLDER/first_dag.py', '--cfg-path', '/tmp/tmp8ad6whph']
[2023-05-24T15:16:40.282+0000] {standard_task_runner.py:85} INFO - Job 153: Subtask greet
[2023-05-24T15:16:40.612+0000] {task_command.py:410} INFO - Running <TaskInstance: dag_with_taskflow_api_v02.greet scheduled__2021-12-08T00:00:00+00:00 [running]> on host 942de29f183d
[2023-05-24T15:16:41.473+0000] {taskinstance.py:1547} INFO - Exporting env vars: AIRFLOW_CTX_DAG_OWNER='Sai' AIRFLOW_CTX_DAG_ID='dag_with_taskflow_api_v02' AIRFLOW_CTX_TASK_ID='greet' AIRFLOW_CTX_EXECUTION_DATE='2021-12-08T00:00:00+00:00' AIRFLOW_CTX_TRY_NUMBER='1' AIRFLOW_CTX_DAG_RUN_ID='scheduled__2021-12-08T00:00:00+00:00'
[2023-05-24T15:16:41.474+0000] {logging_mixin.py:149} INFO - Hello World! My name is Sai Tr and I am 19 years old!
[2023-05-24T15:16:41.474+0000] {python.py:183} INFO - Done. Returned value was: None
[2023-05-24T15:16:41.524+0000] {taskinstance.py:1350} INFO - Marking task as SUCCESS. dag_id=dag_with_taskflow_api_v02, task_id=greet, execution_date=20211208T000000, start_date=20230524T151640, end_date=20230524T151641
[2023-05-24T15:16:41.645+0000] {local_task_job_runner.py:225} INFO - Task exited with return code 0
[2023-05-24T15:16:42.048+0000] {taskinstance.py:2651} INFO - 0 downstream tasks scheduled from follow-on schedule check
[2023-05-25T06:50:11.756+0000] {taskinstance.py:1103} INFO - Dependencies all met for dep_context=non-requeueable deps ti=<TaskInstance: dag_with_taskflow_api_v02.greet scheduled__2021-12-08T00:00:00+00:00 [queued]>
[2023-05-25T06:50:11.768+0000] {taskinstance.py:1103} INFO - Dependencies all met for dep_context=requeueable deps ti=<TaskInstance: dag_with_taskflow_api_v02.greet scheduled__2021-12-08T00:00:00+00:00 [queued]>
[2023-05-25T06:50:11.768+0000] {taskinstance.py:1308} INFO - Starting attempt 1 of 6
[2023-05-25T06:50:11.787+0000] {taskinstance.py:1327} INFO - Executing <Task(_PythonDecoratedOperator): greet> on 2021-12-08 00:00:00+00:00
[2023-05-25T06:50:11.794+0000] {standard_task_runner.py:57} INFO - Started process 2033 to run task
[2023-05-25T06:50:11.799+0000] {standard_task_runner.py:84} INFO - Running: ['***', 'tasks', 'run', 'dag_with_taskflow_api_v02', 'greet', 'scheduled__2021-12-08T00:00:00+00:00', '--job-id', '137', '--raw', '--subdir', 'DAGS_FOLDER/first_dag.py', '--cfg-path', '/tmp/tmpldn_byf1']
[2023-05-25T06:50:11.802+0000] {standard_task_runner.py:85} INFO - Job 137: Subtask greet
[2023-05-25T06:50:11.871+0000] {task_command.py:410} INFO - Running <TaskInstance: dag_with_taskflow_api_v02.greet scheduled__2021-12-08T00:00:00+00:00 [running]> on host 6bd07c7477d9
[2023-05-25T06:50:12.176+0000] {taskinstance.py:1547} INFO - Exporting env vars: AIRFLOW_CTX_DAG_OWNER='Sai' AIRFLOW_CTX_DAG_ID='dag_with_taskflow_api_v02' AIRFLOW_CTX_TASK_ID='greet' AIRFLOW_CTX_EXECUTION_DATE='2021-12-08T00:00:00+00:00' AIRFLOW_CTX_TRY_NUMBER='1' AIRFLOW_CTX_DAG_RUN_ID='scheduled__2021-12-08T00:00:00+00:00'
[2023-05-25T06:50:12.178+0000] {logging_mixin.py:149} INFO - Hello World! My name is Sai Tr and I am 19 years old!
[2023-05-25T06:50:12.178+0000] {python.py:183} INFO - Done. Returned value was: None
[2023-05-25T06:50:12.195+0000] {taskinstance.py:1350} INFO - Marking task as SUCCESS. dag_id=dag_with_taskflow_api_v02, task_id=greet, execution_date=20211208T000000, start_date=20230525T065011, end_date=20230525T065012
[2023-05-25T06:50:12.255+0000] {local_task_job_runner.py:225} INFO - Task exited with return code 0
[2023-05-25T06:50:12.280+0000] {taskinstance.py:2651} INFO - 0 downstream tasks scheduled from follow-on schedule check
[2023-05-25T10:20:27.423+0000] {taskinstance.py:1103} INFO - Dependencies all met for dep_context=non-requeueable deps ti=<TaskInstance: dag_with_taskflow_api_v02.greet scheduled__2021-12-08T00:00:00+00:00 [queued]>
[2023-05-25T10:20:27.672+0000] {taskinstance.py:1103} INFO - Dependencies all met for dep_context=requeueable deps ti=<TaskInstance: dag_with_taskflow_api_v02.greet scheduled__2021-12-08T00:00:00+00:00 [queued]>
[2023-05-25T10:20:27.677+0000] {taskinstance.py:1308} INFO - Starting attempt 1 of 6
[2023-05-25T10:20:28.056+0000] {taskinstance.py:1327} INFO - Executing <Task(_PythonDecoratedOperator): greet> on 2021-12-08 00:00:00+00:00
[2023-05-25T10:20:28.066+0000] {standard_task_runner.py:57} INFO - Started process 1573 to run task
[2023-05-25T10:20:28.082+0000] {standard_task_runner.py:84} INFO - Running: ['***', 'tasks', 'run', 'dag_with_taskflow_api_v02', 'greet', 'scheduled__2021-12-08T00:00:00+00:00', '--job-id', '134', '--raw', '--subdir', 'DAGS_FOLDER/first_dag.py', '--cfg-path', '/tmp/tmp5_o35ew4']
[2023-05-25T10:20:28.093+0000] {standard_task_runner.py:85} INFO - Job 134: Subtask greet
[2023-05-25T10:20:28.320+0000] {task_command.py:410} INFO - Running <TaskInstance: dag_with_taskflow_api_v02.greet scheduled__2021-12-08T00:00:00+00:00 [running]> on host b1ae37a9584e
[2023-05-25T10:20:29.121+0000] {taskinstance.py:1547} INFO - Exporting env vars: AIRFLOW_CTX_DAG_OWNER='Sai' AIRFLOW_CTX_DAG_ID='dag_with_taskflow_api_v02' AIRFLOW_CTX_TASK_ID='greet' AIRFLOW_CTX_EXECUTION_DATE='2021-12-08T00:00:00+00:00' AIRFLOW_CTX_TRY_NUMBER='1' AIRFLOW_CTX_DAG_RUN_ID='scheduled__2021-12-08T00:00:00+00:00'
[2023-05-25T10:20:29.128+0000] {logging_mixin.py:149} INFO - Hello World! My name is Sai Tr and I am 19 years old!
[2023-05-25T10:20:29.131+0000] {python.py:183} INFO - Done. Returned value was: None
[2023-05-25T10:20:29.153+0000] {taskinstance.py:1350} INFO - Marking task as SUCCESS. dag_id=dag_with_taskflow_api_v02, task_id=greet, execution_date=20211208T000000, start_date=20230525T102027, end_date=20230525T102029
[2023-05-25T10:20:29.211+0000] {local_task_job_runner.py:225} INFO - Task exited with return code 0
[2023-05-25T10:20:29.470+0000] {taskinstance.py:2651} INFO - 0 downstream tasks scheduled from follow-on schedule check
