[2023-05-24T15:24:05.536+0000] {taskinstance.py:1103} INFO - Dependencies all met for dep_context=non-requeueable deps ti=<TaskInstance: dag_with_taskflow_api_v02.greet scheduled__2022-08-03T00:00:00+00:00 [queued]>
[2023-05-24T15:24:05.578+0000] {taskinstance.py:1103} INFO - Dependencies all met for dep_context=requeueable deps ti=<TaskInstance: dag_with_taskflow_api_v02.greet scheduled__2022-08-03T00:00:00+00:00 [queued]>
[2023-05-24T15:24:05.579+0000] {taskinstance.py:1308} INFO - Starting attempt 1 of 6
[2023-05-24T15:24:05.652+0000] {taskinstance.py:1327} INFO - Executing <Task(_PythonDecoratedOperator): greet> on 2022-08-03 00:00:00+00:00
[2023-05-24T15:24:05.670+0000] {standard_task_runner.py:57} INFO - Started process 2105 to run task
[2023-05-24T15:24:05.683+0000] {standard_task_runner.py:84} INFO - Running: ['***', 'tasks', 'run', 'dag_with_taskflow_api_v02', 'greet', 'scheduled__2022-08-03T00:00:00+00:00', '--job-id', '854', '--raw', '--subdir', 'DAGS_FOLDER/first_dag.py', '--cfg-path', '/tmp/tmphrbeaejo']
[2023-05-24T15:24:05.687+0000] {standard_task_runner.py:85} INFO - Job 854: Subtask greet
[2023-05-24T15:24:05.880+0000] {task_command.py:410} INFO - Running <TaskInstance: dag_with_taskflow_api_v02.greet scheduled__2022-08-03T00:00:00+00:00 [running]> on host 942de29f183d
[2023-05-24T15:24:06.415+0000] {taskinstance.py:1547} INFO - Exporting env vars: AIRFLOW_CTX_DAG_OWNER='Sai' AIRFLOW_CTX_DAG_ID='dag_with_taskflow_api_v02' AIRFLOW_CTX_TASK_ID='greet' AIRFLOW_CTX_EXECUTION_DATE='2022-08-03T00:00:00+00:00' AIRFLOW_CTX_TRY_NUMBER='1' AIRFLOW_CTX_DAG_RUN_ID='scheduled__2022-08-03T00:00:00+00:00'
[2023-05-24T15:24:06.417+0000] {logging_mixin.py:149} INFO - Hello World! My name is Sai Tr and I am 19 years old!
[2023-05-24T15:24:06.417+0000] {python.py:183} INFO - Done. Returned value was: None
[2023-05-24T15:24:06.437+0000] {taskinstance.py:1350} INFO - Marking task as SUCCESS. dag_id=dag_with_taskflow_api_v02, task_id=greet, execution_date=20220803T000000, start_date=20230524T152405, end_date=20230524T152406
[2023-05-24T15:24:06.516+0000] {local_task_job_runner.py:225} INFO - Task exited with return code 0
[2023-05-24T15:24:06.559+0000] {taskinstance.py:2651} INFO - 0 downstream tasks scheduled from follow-on schedule check
[2023-05-25T06:56:51.261+0000] {taskinstance.py:1103} INFO - Dependencies all met for dep_context=non-requeueable deps ti=<TaskInstance: dag_with_taskflow_api_v02.greet scheduled__2022-08-03T00:00:00+00:00 [queued]>
[2023-05-25T06:56:51.367+0000] {taskinstance.py:1103} INFO - Dependencies all met for dep_context=requeueable deps ti=<TaskInstance: dag_with_taskflow_api_v02.greet scheduled__2022-08-03T00:00:00+00:00 [queued]>
[2023-05-25T06:56:51.368+0000] {taskinstance.py:1308} INFO - Starting attempt 1 of 6
[2023-05-25T06:56:52.444+0000] {taskinstance.py:1327} INFO - Executing <Task(_PythonDecoratedOperator): greet> on 2022-08-03 00:00:00+00:00
[2023-05-25T06:56:52.452+0000] {standard_task_runner.py:57} INFO - Started process 3663 to run task
[2023-05-25T06:56:52.471+0000] {standard_task_runner.py:84} INFO - Running: ['***', 'tasks', 'run', 'dag_with_taskflow_api_v02', 'greet', 'scheduled__2022-08-03T00:00:00+00:00', '--job-id', '867', '--raw', '--subdir', 'DAGS_FOLDER/first_dag.py', '--cfg-path', '/tmp/tmp7lybv678']
[2023-05-25T06:56:52.499+0000] {standard_task_runner.py:85} INFO - Job 867: Subtask greet
[2023-05-25T06:56:52.891+0000] {task_command.py:410} INFO - Running <TaskInstance: dag_with_taskflow_api_v02.greet scheduled__2022-08-03T00:00:00+00:00 [running]> on host 6bd07c7477d9
[2023-05-25T06:56:54.074+0000] {taskinstance.py:1547} INFO - Exporting env vars: AIRFLOW_CTX_DAG_OWNER='Sai' AIRFLOW_CTX_DAG_ID='dag_with_taskflow_api_v02' AIRFLOW_CTX_TASK_ID='greet' AIRFLOW_CTX_EXECUTION_DATE='2022-08-03T00:00:00+00:00' AIRFLOW_CTX_TRY_NUMBER='1' AIRFLOW_CTX_DAG_RUN_ID='scheduled__2022-08-03T00:00:00+00:00'
[2023-05-25T06:56:54.076+0000] {logging_mixin.py:149} INFO - Hello World! My name is Sai Tr and I am 19 years old!
[2023-05-25T06:56:54.076+0000] {python.py:183} INFO - Done. Returned value was: None
[2023-05-25T06:56:54.190+0000] {taskinstance.py:1350} INFO - Marking task as SUCCESS. dag_id=dag_with_taskflow_api_v02, task_id=greet, execution_date=20220803T000000, start_date=20230525T065651, end_date=20230525T065654
[2023-05-25T06:56:54.400+0000] {local_task_job_runner.py:225} INFO - Task exited with return code 0
[2023-05-25T06:56:55.250+0000] {taskinstance.py:2651} INFO - 0 downstream tasks scheduled from follow-on schedule check
[2023-05-25T10:29:48.552+0000] {taskinstance.py:1103} INFO - Dependencies all met for dep_context=non-requeueable deps ti=<TaskInstance: dag_with_taskflow_api_v02.greet scheduled__2022-08-03T00:00:00+00:00 [queued]>
[2023-05-25T10:29:48.609+0000] {taskinstance.py:1103} INFO - Dependencies all met for dep_context=requeueable deps ti=<TaskInstance: dag_with_taskflow_api_v02.greet scheduled__2022-08-03T00:00:00+00:00 [queued]>
[2023-05-25T10:29:48.609+0000] {taskinstance.py:1308} INFO - Starting attempt 1 of 6
[2023-05-25T10:29:48.758+0000] {taskinstance.py:1327} INFO - Executing <Task(_PythonDecoratedOperator): greet> on 2022-08-03 00:00:00+00:00
[2023-05-25T10:29:48.781+0000] {standard_task_runner.py:57} INFO - Started process 3285 to run task
[2023-05-25T10:29:48.854+0000] {standard_task_runner.py:84} INFO - Running: ['***', 'tasks', 'run', 'dag_with_taskflow_api_v02', 'greet', 'scheduled__2022-08-03T00:00:00+00:00', '--job-id', '887', '--raw', '--subdir', 'DAGS_FOLDER/first_dag.py', '--cfg-path', '/tmp/tmphznp2klm']
[2023-05-25T10:29:48.883+0000] {standard_task_runner.py:85} INFO - Job 887: Subtask greet
[2023-05-25T10:29:49.912+0000] {task_command.py:410} INFO - Running <TaskInstance: dag_with_taskflow_api_v02.greet scheduled__2022-08-03T00:00:00+00:00 [running]> on host b1ae37a9584e
[2023-05-25T10:29:52.198+0000] {taskinstance.py:1547} INFO - Exporting env vars: AIRFLOW_CTX_DAG_OWNER='Sai' AIRFLOW_CTX_DAG_ID='dag_with_taskflow_api_v02' AIRFLOW_CTX_TASK_ID='greet' AIRFLOW_CTX_EXECUTION_DATE='2022-08-03T00:00:00+00:00' AIRFLOW_CTX_TRY_NUMBER='1' AIRFLOW_CTX_DAG_RUN_ID='scheduled__2022-08-03T00:00:00+00:00'
[2023-05-25T10:29:52.199+0000] {logging_mixin.py:149} INFO - Hello World! My name is Sai Tr and I am 19 years old!
[2023-05-25T10:29:52.199+0000] {python.py:183} INFO - Done. Returned value was: None
[2023-05-25T10:29:52.340+0000] {taskinstance.py:1350} INFO - Marking task as SUCCESS. dag_id=dag_with_taskflow_api_v02, task_id=greet, execution_date=20220803T000000, start_date=20230525T102948, end_date=20230525T102952
[2023-05-25T10:29:52.633+0000] {local_task_job_runner.py:225} INFO - Task exited with return code 0
[2023-05-25T10:29:53.051+0000] {taskinstance.py:2651} INFO - 0 downstream tasks scheduled from follow-on schedule check
