[2023-05-24T15:19:05.972+0000] {taskinstance.py:1103} INFO - Dependencies all met for dep_context=non-requeueable deps ti=<TaskInstance: dag_with_taskflow_api_v02.get_name scheduled__2022-02-28T00:00:00+00:00 [queued]>
[2023-05-24T15:19:06.017+0000] {taskinstance.py:1103} INFO - Dependencies all met for dep_context=requeueable deps ti=<TaskInstance: dag_with_taskflow_api_v02.get_name scheduled__2022-02-28T00:00:00+00:00 [queued]>
[2023-05-24T15:19:06.017+0000] {taskinstance.py:1308} INFO - Starting attempt 1 of 6
[2023-05-24T15:19:06.066+0000] {taskinstance.py:1327} INFO - Executing <Task(_PythonDecoratedOperator): get_name> on 2022-02-28 00:00:00+00:00
[2023-05-24T15:19:06.103+0000] {standard_task_runner.py:57} INFO - Started process 1036 to run task
[2023-05-24T15:19:06.129+0000] {standard_task_runner.py:84} INFO - Running: ['***', 'tasks', 'run', 'dag_with_taskflow_api_v02', 'get_name', 'scheduled__2022-02-28T00:00:00+00:00', '--job-id', '374', '--raw', '--subdir', 'DAGS_FOLDER/first_dag.py', '--cfg-path', '/tmp/tmpapxq17ri']
[2023-05-24T15:19:06.141+0000] {standard_task_runner.py:85} INFO - Job 374: Subtask get_name
[2023-05-24T15:19:06.401+0000] {task_command.py:410} INFO - Running <TaskInstance: dag_with_taskflow_api_v02.get_name scheduled__2022-02-28T00:00:00+00:00 [running]> on host 942de29f183d
[2023-05-24T15:19:06.729+0000] {taskinstance.py:1547} INFO - Exporting env vars: AIRFLOW_CTX_DAG_OWNER='Sai' AIRFLOW_CTX_DAG_ID='dag_with_taskflow_api_v02' AIRFLOW_CTX_TASK_ID='get_name' AIRFLOW_CTX_EXECUTION_DATE='2022-02-28T00:00:00+00:00' AIRFLOW_CTX_TRY_NUMBER='1' AIRFLOW_CTX_DAG_RUN_ID='scheduled__2022-02-28T00:00:00+00:00'
[2023-05-24T15:19:06.730+0000] {python.py:183} INFO - Done. Returned value was: {'first_name': 'Sai', 'last_name': 'Tr'}
[2023-05-24T15:19:06.934+0000] {taskinstance.py:1350} INFO - Marking task as SUCCESS. dag_id=dag_with_taskflow_api_v02, task_id=get_name, execution_date=20220228T000000, start_date=20230524T151905, end_date=20230524T151906
[2023-05-24T15:19:07.117+0000] {local_task_job_runner.py:225} INFO - Task exited with return code 0
[2023-05-24T15:19:07.297+0000] {taskinstance.py:2651} INFO - 0 downstream tasks scheduled from follow-on schedule check
[2023-05-25T06:52:24.152+0000] {taskinstance.py:1103} INFO - Dependencies all met for dep_context=non-requeueable deps ti=<TaskInstance: dag_with_taskflow_api_v02.get_name scheduled__2022-02-28T00:00:00+00:00 [queued]>
[2023-05-25T06:52:24.291+0000] {taskinstance.py:1103} INFO - Dependencies all met for dep_context=requeueable deps ti=<TaskInstance: dag_with_taskflow_api_v02.get_name scheduled__2022-02-28T00:00:00+00:00 [queued]>
[2023-05-25T06:52:24.291+0000] {taskinstance.py:1308} INFO - Starting attempt 1 of 6
[2023-05-25T06:52:24.585+0000] {taskinstance.py:1327} INFO - Executing <Task(_PythonDecoratedOperator): get_name> on 2022-02-28 00:00:00+00:00
[2023-05-25T06:52:24.603+0000] {standard_task_runner.py:57} INFO - Started process 2571 to run task
[2023-05-25T06:52:24.633+0000] {standard_task_runner.py:84} INFO - Running: ['***', 'tasks', 'run', 'dag_with_taskflow_api_v02', 'get_name', 'scheduled__2022-02-28T00:00:00+00:00', '--job-id', '377', '--raw', '--subdir', 'DAGS_FOLDER/first_dag.py', '--cfg-path', '/tmp/tmpbeuilh2z']
[2023-05-25T06:52:24.637+0000] {standard_task_runner.py:85} INFO - Job 377: Subtask get_name
[2023-05-25T06:52:24.848+0000] {task_command.py:410} INFO - Running <TaskInstance: dag_with_taskflow_api_v02.get_name scheduled__2022-02-28T00:00:00+00:00 [running]> on host 6bd07c7477d9
[2023-05-25T06:52:25.613+0000] {taskinstance.py:1547} INFO - Exporting env vars: AIRFLOW_CTX_DAG_OWNER='Sai' AIRFLOW_CTX_DAG_ID='dag_with_taskflow_api_v02' AIRFLOW_CTX_TASK_ID='get_name' AIRFLOW_CTX_EXECUTION_DATE='2022-02-28T00:00:00+00:00' AIRFLOW_CTX_TRY_NUMBER='1' AIRFLOW_CTX_DAG_RUN_ID='scheduled__2022-02-28T00:00:00+00:00'
[2023-05-25T06:52:25.614+0000] {python.py:183} INFO - Done. Returned value was: {'first_name': 'Sai', 'last_name': 'Tr'}
[2023-05-25T06:52:25.852+0000] {taskinstance.py:1350} INFO - Marking task as SUCCESS. dag_id=dag_with_taskflow_api_v02, task_id=get_name, execution_date=20220228T000000, start_date=20230525T065224, end_date=20230525T065225
[2023-05-25T06:52:26.594+0000] {local_task_job_runner.py:225} INFO - Task exited with return code 0
[2023-05-25T06:52:26.787+0000] {taskinstance.py:2651} INFO - 0 downstream tasks scheduled from follow-on schedule check
[2023-05-25T10:23:20.264+0000] {taskinstance.py:1103} INFO - Dependencies all met for dep_context=non-requeueable deps ti=<TaskInstance: dag_with_taskflow_api_v02.get_name scheduled__2022-02-28T00:00:00+00:00 [queued]>
[2023-05-25T10:23:20.494+0000] {taskinstance.py:1103} INFO - Dependencies all met for dep_context=requeueable deps ti=<TaskInstance: dag_with_taskflow_api_v02.get_name scheduled__2022-02-28T00:00:00+00:00 [queued]>
[2023-05-25T10:23:20.500+0000] {taskinstance.py:1308} INFO - Starting attempt 1 of 6
[2023-05-25T10:23:20.922+0000] {taskinstance.py:1327} INFO - Executing <Task(_PythonDecoratedOperator): get_name> on 2022-02-28 00:00:00+00:00
[2023-05-25T10:23:20.937+0000] {standard_task_runner.py:57} INFO - Started process 2108 to run task
[2023-05-25T10:23:20.961+0000] {standard_task_runner.py:84} INFO - Running: ['***', 'tasks', 'run', 'dag_with_taskflow_api_v02', 'get_name', 'scheduled__2022-02-28T00:00:00+00:00', '--job-id', '371', '--raw', '--subdir', 'DAGS_FOLDER/first_dag.py', '--cfg-path', '/tmp/tmpsgubtexe']
[2023-05-25T10:23:20.985+0000] {standard_task_runner.py:85} INFO - Job 371: Subtask get_name
[2023-05-25T10:23:21.224+0000] {task_command.py:410} INFO - Running <TaskInstance: dag_with_taskflow_api_v02.get_name scheduled__2022-02-28T00:00:00+00:00 [running]> on host b1ae37a9584e
[2023-05-25T10:23:21.960+0000] {taskinstance.py:1547} INFO - Exporting env vars: AIRFLOW_CTX_DAG_OWNER='Sai' AIRFLOW_CTX_DAG_ID='dag_with_taskflow_api_v02' AIRFLOW_CTX_TASK_ID='get_name' AIRFLOW_CTX_EXECUTION_DATE='2022-02-28T00:00:00+00:00' AIRFLOW_CTX_TRY_NUMBER='1' AIRFLOW_CTX_DAG_RUN_ID='scheduled__2022-02-28T00:00:00+00:00'
[2023-05-25T10:23:21.962+0000] {python.py:183} INFO - Done. Returned value was: {'first_name': 'Sai', 'last_name': 'Tr'}
[2023-05-25T10:23:22.309+0000] {taskinstance.py:1350} INFO - Marking task as SUCCESS. dag_id=dag_with_taskflow_api_v02, task_id=get_name, execution_date=20220228T000000, start_date=20230525T102320, end_date=20230525T102322
[2023-05-25T10:23:22.464+0000] {local_task_job_runner.py:225} INFO - Task exited with return code 0
[2023-05-25T10:23:24.607+0000] {taskinstance.py:2651} INFO - 1 downstream tasks scheduled from follow-on schedule check
