[2023-05-24T15:22:23.305+0000] {taskinstance.py:1103} INFO - Dependencies all met for dep_context=non-requeueable deps ti=<TaskInstance: dag_with_taskflow_api_v02.greet scheduled__2022-06-09T00:00:00+00:00 [queued]>
[2023-05-24T15:22:23.330+0000] {taskinstance.py:1103} INFO - Dependencies all met for dep_context=requeueable deps ti=<TaskInstance: dag_with_taskflow_api_v02.greet scheduled__2022-06-09T00:00:00+00:00 [queued]>
[2023-05-24T15:22:23.331+0000] {taskinstance.py:1308} INFO - Starting attempt 1 of 6
[2023-05-24T15:22:23.371+0000] {taskinstance.py:1327} INFO - Executing <Task(_PythonDecoratedOperator): greet> on 2022-06-09 00:00:00+00:00
[2023-05-24T15:22:23.381+0000] {standard_task_runner.py:57} INFO - Started process 1723 to run task
[2023-05-24T15:22:23.390+0000] {standard_task_runner.py:84} INFO - Running: ['***', 'tasks', 'run', 'dag_with_taskflow_api_v02', 'greet', 'scheduled__2022-06-09T00:00:00+00:00', '--job-id', '685', '--raw', '--subdir', 'DAGS_FOLDER/first_dag.py', '--cfg-path', '/tmp/tmplnr40lxt']
[2023-05-24T15:22:23.396+0000] {standard_task_runner.py:85} INFO - Job 685: Subtask greet
[2023-05-24T15:22:23.553+0000] {task_command.py:410} INFO - Running <TaskInstance: dag_with_taskflow_api_v02.greet scheduled__2022-06-09T00:00:00+00:00 [running]> on host 942de29f183d
[2023-05-24T15:22:24.049+0000] {taskinstance.py:1547} INFO - Exporting env vars: AIRFLOW_CTX_DAG_OWNER='Sai' AIRFLOW_CTX_DAG_ID='dag_with_taskflow_api_v02' AIRFLOW_CTX_TASK_ID='greet' AIRFLOW_CTX_EXECUTION_DATE='2022-06-09T00:00:00+00:00' AIRFLOW_CTX_TRY_NUMBER='1' AIRFLOW_CTX_DAG_RUN_ID='scheduled__2022-06-09T00:00:00+00:00'
[2023-05-24T15:22:24.052+0000] {logging_mixin.py:149} INFO - Hello World! My name is Sai Tr and I am 19 years old!
[2023-05-24T15:22:24.060+0000] {python.py:183} INFO - Done. Returned value was: None
[2023-05-24T15:22:24.080+0000] {taskinstance.py:1350} INFO - Marking task as SUCCESS. dag_id=dag_with_taskflow_api_v02, task_id=greet, execution_date=20220609T000000, start_date=20230524T152223, end_date=20230524T152224
[2023-05-24T15:22:24.150+0000] {local_task_job_runner.py:225} INFO - Task exited with return code 0
[2023-05-24T15:22:24.214+0000] {taskinstance.py:2651} INFO - 0 downstream tasks scheduled from follow-on schedule check
[2023-05-25T06:55:14.074+0000] {taskinstance.py:1103} INFO - Dependencies all met for dep_context=non-requeueable deps ti=<TaskInstance: dag_with_taskflow_api_v02.greet scheduled__2022-06-09T00:00:00+00:00 [queued]>
[2023-05-25T06:55:14.202+0000] {taskinstance.py:1103} INFO - Dependencies all met for dep_context=requeueable deps ti=<TaskInstance: dag_with_taskflow_api_v02.greet scheduled__2022-06-09T00:00:00+00:00 [queued]>
[2023-05-25T06:55:14.203+0000] {taskinstance.py:1308} INFO - Starting attempt 1 of 6
[2023-05-25T06:55:14.362+0000] {taskinstance.py:1327} INFO - Executing <Task(_PythonDecoratedOperator): greet> on 2022-06-09 00:00:00+00:00
[2023-05-25T06:55:14.369+0000] {standard_task_runner.py:57} INFO - Started process 3280 to run task
[2023-05-25T06:55:14.400+0000] {standard_task_runner.py:84} INFO - Running: ['***', 'tasks', 'run', 'dag_with_taskflow_api_v02', 'greet', 'scheduled__2022-06-09T00:00:00+00:00', '--job-id', '697', '--raw', '--subdir', 'DAGS_FOLDER/first_dag.py', '--cfg-path', '/tmp/tmprro31_hl']
[2023-05-25T06:55:14.404+0000] {standard_task_runner.py:85} INFO - Job 697: Subtask greet
[2023-05-25T06:55:14.647+0000] {task_command.py:410} INFO - Running <TaskInstance: dag_with_taskflow_api_v02.greet scheduled__2022-06-09T00:00:00+00:00 [running]> on host 6bd07c7477d9
[2023-05-25T06:55:15.581+0000] {taskinstance.py:1547} INFO - Exporting env vars: AIRFLOW_CTX_DAG_OWNER='Sai' AIRFLOW_CTX_DAG_ID='dag_with_taskflow_api_v02' AIRFLOW_CTX_TASK_ID='greet' AIRFLOW_CTX_EXECUTION_DATE='2022-06-09T00:00:00+00:00' AIRFLOW_CTX_TRY_NUMBER='1' AIRFLOW_CTX_DAG_RUN_ID='scheduled__2022-06-09T00:00:00+00:00'
[2023-05-25T06:55:15.582+0000] {logging_mixin.py:149} INFO - Hello World! My name is Sai Tr and I am 19 years old!
[2023-05-25T06:55:15.583+0000] {python.py:183} INFO - Done. Returned value was: None
[2023-05-25T06:55:15.634+0000] {taskinstance.py:1350} INFO - Marking task as SUCCESS. dag_id=dag_with_taskflow_api_v02, task_id=greet, execution_date=20220609T000000, start_date=20230525T065514, end_date=20230525T065515
[2023-05-25T06:55:15.797+0000] {local_task_job_runner.py:225} INFO - Task exited with return code 0
[2023-05-25T06:55:15.870+0000] {taskinstance.py:2651} INFO - 0 downstream tasks scheduled from follow-on schedule check
[2023-05-25T10:26:46.758+0000] {taskinstance.py:1103} INFO - Dependencies all met for dep_context=non-requeueable deps ti=<TaskInstance: dag_with_taskflow_api_v02.greet scheduled__2022-06-09T00:00:00+00:00 [queued]>
[2023-05-25T10:26:46.870+0000] {taskinstance.py:1103} INFO - Dependencies all met for dep_context=requeueable deps ti=<TaskInstance: dag_with_taskflow_api_v02.greet scheduled__2022-06-09T00:00:00+00:00 [queued]>
[2023-05-25T10:26:46.871+0000] {taskinstance.py:1308} INFO - Starting attempt 1 of 6
[2023-05-25T10:26:47.072+0000] {taskinstance.py:1327} INFO - Executing <Task(_PythonDecoratedOperator): greet> on 2022-06-09 00:00:00+00:00
[2023-05-25T10:26:47.136+0000] {standard_task_runner.py:57} INFO - Started process 2877 to run task
[2023-05-25T10:26:47.194+0000] {standard_task_runner.py:84} INFO - Running: ['***', 'tasks', 'run', 'dag_with_taskflow_api_v02', 'greet', 'scheduled__2022-06-09T00:00:00+00:00', '--job-id', '714', '--raw', '--subdir', 'DAGS_FOLDER/first_dag.py', '--cfg-path', '/tmp/tmp944emx9b']
[2023-05-25T10:26:47.197+0000] {standard_task_runner.py:85} INFO - Job 714: Subtask greet
[2023-05-25T10:26:47.726+0000] {task_command.py:410} INFO - Running <TaskInstance: dag_with_taskflow_api_v02.greet scheduled__2022-06-09T00:00:00+00:00 [running]> on host b1ae37a9584e
[2023-05-25T10:26:49.001+0000] {taskinstance.py:1547} INFO - Exporting env vars: AIRFLOW_CTX_DAG_OWNER='Sai' AIRFLOW_CTX_DAG_ID='dag_with_taskflow_api_v02' AIRFLOW_CTX_TASK_ID='greet' AIRFLOW_CTX_EXECUTION_DATE='2022-06-09T00:00:00+00:00' AIRFLOW_CTX_TRY_NUMBER='1' AIRFLOW_CTX_DAG_RUN_ID='scheduled__2022-06-09T00:00:00+00:00'
[2023-05-25T10:26:49.003+0000] {logging_mixin.py:149} INFO - Hello World! My name is Sai Tr and I am 19 years old!
[2023-05-25T10:26:49.004+0000] {python.py:183} INFO - Done. Returned value was: None
[2023-05-25T10:26:49.060+0000] {taskinstance.py:1350} INFO - Marking task as SUCCESS. dag_id=dag_with_taskflow_api_v02, task_id=greet, execution_date=20220609T000000, start_date=20230525T102646, end_date=20230525T102649
[2023-05-25T10:26:49.204+0000] {local_task_job_runner.py:225} INFO - Task exited with return code 0
[2023-05-25T10:26:49.384+0000] {taskinstance.py:2651} INFO - 0 downstream tasks scheduled from follow-on schedule check
