[2023-05-24T15:16:05.276+0000] {taskinstance.py:1103} INFO - Dependencies all met for dep_context=non-requeueable deps ti=<TaskInstance: dag_with_taskflow_api_v02.greet scheduled__2021-11-23T00:00:00+00:00 [queued]>
[2023-05-24T15:16:05.292+0000] {taskinstance.py:1103} INFO - Dependencies all met for dep_context=requeueable deps ti=<TaskInstance: dag_with_taskflow_api_v02.greet scheduled__2021-11-23T00:00:00+00:00 [queued]>
[2023-05-24T15:16:05.292+0000] {taskinstance.py:1308} INFO - Starting attempt 1 of 6
[2023-05-24T15:16:05.318+0000] {taskinstance.py:1327} INFO - Executing <Task(_PythonDecoratedOperator): greet> on 2021-11-23 00:00:00+00:00
[2023-05-24T15:16:05.325+0000] {standard_task_runner.py:57} INFO - Started process 390 to run task
[2023-05-24T15:16:05.331+0000] {standard_task_runner.py:84} INFO - Running: ['***', 'tasks', 'run', 'dag_with_taskflow_api_v02', 'greet', 'scheduled__2021-11-23T00:00:00+00:00', '--job-id', '92', '--raw', '--subdir', 'DAGS_FOLDER/first_dag.py', '--cfg-path', '/tmp/tmpublv4gcv']
[2023-05-24T15:16:05.334+0000] {standard_task_runner.py:85} INFO - Job 92: Subtask greet
[2023-05-24T15:16:05.423+0000] {task_command.py:410} INFO - Running <TaskInstance: dag_with_taskflow_api_v02.greet scheduled__2021-11-23T00:00:00+00:00 [running]> on host 942de29f183d
[2023-05-24T15:16:05.642+0000] {taskinstance.py:1547} INFO - Exporting env vars: AIRFLOW_CTX_DAG_OWNER='Sai' AIRFLOW_CTX_DAG_ID='dag_with_taskflow_api_v02' AIRFLOW_CTX_TASK_ID='greet' AIRFLOW_CTX_EXECUTION_DATE='2021-11-23T00:00:00+00:00' AIRFLOW_CTX_TRY_NUMBER='1' AIRFLOW_CTX_DAG_RUN_ID='scheduled__2021-11-23T00:00:00+00:00'
[2023-05-24T15:16:05.643+0000] {logging_mixin.py:149} INFO - Hello World! My name is Sai Tr and I am 19 years old!
[2023-05-24T15:16:05.644+0000] {python.py:183} INFO - Done. Returned value was: None
[2023-05-24T15:16:05.657+0000] {taskinstance.py:1350} INFO - Marking task as SUCCESS. dag_id=dag_with_taskflow_api_v02, task_id=greet, execution_date=20211123T000000, start_date=20230524T151605, end_date=20230524T151605
[2023-05-24T15:16:05.710+0000] {local_task_job_runner.py:225} INFO - Task exited with return code 0
[2023-05-24T15:16:05.734+0000] {taskinstance.py:2651} INFO - 0 downstream tasks scheduled from follow-on schedule check
[2023-05-25T06:49:48.297+0000] {taskinstance.py:1103} INFO - Dependencies all met for dep_context=non-requeueable deps ti=<TaskInstance: dag_with_taskflow_api_v02.greet scheduled__2021-11-23T00:00:00+00:00 [queued]>
[2023-05-25T06:49:48.310+0000] {taskinstance.py:1103} INFO - Dependencies all met for dep_context=requeueable deps ti=<TaskInstance: dag_with_taskflow_api_v02.greet scheduled__2021-11-23T00:00:00+00:00 [queued]>
[2023-05-25T06:49:48.311+0000] {taskinstance.py:1308} INFO - Starting attempt 1 of 6
[2023-05-25T06:49:48.331+0000] {taskinstance.py:1327} INFO - Executing <Task(_PythonDecoratedOperator): greet> on 2021-11-23 00:00:00+00:00
[2023-05-25T06:49:48.337+0000] {standard_task_runner.py:57} INFO - Started process 1936 to run task
[2023-05-25T06:49:48.342+0000] {standard_task_runner.py:84} INFO - Running: ['***', 'tasks', 'run', 'dag_with_taskflow_api_v02', 'greet', 'scheduled__2021-11-23T00:00:00+00:00', '--job-id', '94', '--raw', '--subdir', 'DAGS_FOLDER/first_dag.py', '--cfg-path', '/tmp/tmpjduolrw3']
[2023-05-25T06:49:48.344+0000] {standard_task_runner.py:85} INFO - Job 94: Subtask greet
[2023-05-25T06:49:48.426+0000] {task_command.py:410} INFO - Running <TaskInstance: dag_with_taskflow_api_v02.greet scheduled__2021-11-23T00:00:00+00:00 [running]> on host 6bd07c7477d9
[2023-05-25T06:49:48.616+0000] {taskinstance.py:1547} INFO - Exporting env vars: AIRFLOW_CTX_DAG_OWNER='Sai' AIRFLOW_CTX_DAG_ID='dag_with_taskflow_api_v02' AIRFLOW_CTX_TASK_ID='greet' AIRFLOW_CTX_EXECUTION_DATE='2021-11-23T00:00:00+00:00' AIRFLOW_CTX_TRY_NUMBER='1' AIRFLOW_CTX_DAG_RUN_ID='scheduled__2021-11-23T00:00:00+00:00'
[2023-05-25T06:49:48.617+0000] {logging_mixin.py:149} INFO - Hello World! My name is Sai Tr and I am 19 years old!
[2023-05-25T06:49:48.617+0000] {python.py:183} INFO - Done. Returned value was: None
[2023-05-25T06:49:48.632+0000] {taskinstance.py:1350} INFO - Marking task as SUCCESS. dag_id=dag_with_taskflow_api_v02, task_id=greet, execution_date=20211123T000000, start_date=20230525T064948, end_date=20230525T064948
[2023-05-25T06:49:48.674+0000] {local_task_job_runner.py:225} INFO - Task exited with return code 0
[2023-05-25T06:49:48.705+0000] {taskinstance.py:2651} INFO - 0 downstream tasks scheduled from follow-on schedule check
[2023-05-25T10:19:52.558+0000] {taskinstance.py:1103} INFO - Dependencies all met for dep_context=non-requeueable deps ti=<TaskInstance: dag_with_taskflow_api_v02.greet scheduled__2021-11-23T00:00:00+00:00 [queued]>
[2023-05-25T10:19:52.585+0000] {taskinstance.py:1103} INFO - Dependencies all met for dep_context=requeueable deps ti=<TaskInstance: dag_with_taskflow_api_v02.greet scheduled__2021-11-23T00:00:00+00:00 [queued]>
[2023-05-25T10:19:52.585+0000] {taskinstance.py:1308} INFO - Starting attempt 1 of 6
[2023-05-25T10:19:52.623+0000] {taskinstance.py:1327} INFO - Executing <Task(_PythonDecoratedOperator): greet> on 2021-11-23 00:00:00+00:00
[2023-05-25T10:19:52.632+0000] {standard_task_runner.py:57} INFO - Started process 1455 to run task
[2023-05-25T10:19:52.643+0000] {standard_task_runner.py:84} INFO - Running: ['***', 'tasks', 'run', 'dag_with_taskflow_api_v02', 'greet', 'scheduled__2021-11-23T00:00:00+00:00', '--job-id', '90', '--raw', '--subdir', 'DAGS_FOLDER/first_dag.py', '--cfg-path', '/tmp/tmpjbv0pnf5']
[2023-05-25T10:19:52.647+0000] {standard_task_runner.py:85} INFO - Job 90: Subtask greet
[2023-05-25T10:19:52.739+0000] {task_command.py:410} INFO - Running <TaskInstance: dag_with_taskflow_api_v02.greet scheduled__2021-11-23T00:00:00+00:00 [running]> on host b1ae37a9584e
[2023-05-25T10:19:52.963+0000] {taskinstance.py:1547} INFO - Exporting env vars: AIRFLOW_CTX_DAG_OWNER='Sai' AIRFLOW_CTX_DAG_ID='dag_with_taskflow_api_v02' AIRFLOW_CTX_TASK_ID='greet' AIRFLOW_CTX_EXECUTION_DATE='2021-11-23T00:00:00+00:00' AIRFLOW_CTX_TRY_NUMBER='1' AIRFLOW_CTX_DAG_RUN_ID='scheduled__2021-11-23T00:00:00+00:00'
[2023-05-25T10:19:52.964+0000] {logging_mixin.py:149} INFO - Hello World! My name is Sai Tr and I am 19 years old!
[2023-05-25T10:19:52.965+0000] {python.py:183} INFO - Done. Returned value was: None
[2023-05-25T10:19:52.977+0000] {taskinstance.py:1350} INFO - Marking task as SUCCESS. dag_id=dag_with_taskflow_api_v02, task_id=greet, execution_date=20211123T000000, start_date=20230525T101952, end_date=20230525T101952
[2023-05-25T10:19:53.015+0000] {local_task_job_runner.py:225} INFO - Task exited with return code 0
[2023-05-25T10:19:53.059+0000] {taskinstance.py:2651} INFO - 0 downstream tasks scheduled from follow-on schedule check
