[2023-05-24T15:31:26.498+0000] {taskinstance.py:1103} INFO - Dependencies all met for dep_context=non-requeueable deps ti=<TaskInstance: dag_with_taskflow_api_v02.greet scheduled__2023-04-26T00:00:00+00:00 [queued]>
[2023-05-24T15:31:26.517+0000] {taskinstance.py:1103} INFO - Dependencies all met for dep_context=requeueable deps ti=<TaskInstance: dag_with_taskflow_api_v02.greet scheduled__2023-04-26T00:00:00+00:00 [queued]>
[2023-05-24T15:31:26.517+0000] {taskinstance.py:1308} INFO - Starting attempt 1 of 6
[2023-05-24T15:31:26.549+0000] {taskinstance.py:1327} INFO - Executing <Task(_PythonDecoratedOperator): greet> on 2023-04-26 00:00:00+00:00
[2023-05-24T15:31:26.561+0000] {standard_task_runner.py:57} INFO - Started process 3875 to run task
[2023-05-24T15:31:26.576+0000] {standard_task_runner.py:84} INFO - Running: ['***', 'tasks', 'run', 'dag_with_taskflow_api_v02', 'greet', 'scheduled__2023-04-26T00:00:00+00:00', '--job-id', '1656', '--raw', '--subdir', 'DAGS_FOLDER/first_dag.py', '--cfg-path', '/tmp/tmp2z1aocyw']
[2023-05-24T15:31:26.578+0000] {standard_task_runner.py:85} INFO - Job 1656: Subtask greet
[2023-05-24T15:31:26.688+0000] {task_command.py:410} INFO - Running <TaskInstance: dag_with_taskflow_api_v02.greet scheduled__2023-04-26T00:00:00+00:00 [running]> on host 942de29f183d
[2023-05-24T15:31:26.962+0000] {taskinstance.py:1547} INFO - Exporting env vars: AIRFLOW_CTX_DAG_OWNER='Sai' AIRFLOW_CTX_DAG_ID='dag_with_taskflow_api_v02' AIRFLOW_CTX_TASK_ID='greet' AIRFLOW_CTX_EXECUTION_DATE='2023-04-26T00:00:00+00:00' AIRFLOW_CTX_TRY_NUMBER='1' AIRFLOW_CTX_DAG_RUN_ID='scheduled__2023-04-26T00:00:00+00:00'
[2023-05-24T15:31:26.963+0000] {logging_mixin.py:149} INFO - Hello World! My name is Sai Tr and I am 19 years old!
[2023-05-24T15:31:26.963+0000] {python.py:183} INFO - Done. Returned value was: None
[2023-05-24T15:31:26.981+0000] {taskinstance.py:1350} INFO - Marking task as SUCCESS. dag_id=dag_with_taskflow_api_v02, task_id=greet, execution_date=20230426T000000, start_date=20230524T153126, end_date=20230524T153126
[2023-05-24T15:31:27.026+0000] {local_task_job_runner.py:225} INFO - Task exited with return code 0
[2023-05-24T15:31:27.065+0000] {taskinstance.py:2651} INFO - 0 downstream tasks scheduled from follow-on schedule check
[2023-05-25T07:04:04.092+0000] {taskinstance.py:1103} INFO - Dependencies all met for dep_context=non-requeueable deps ti=<TaskInstance: dag_with_taskflow_api_v02.greet scheduled__2023-04-26T00:00:00+00:00 [queued]>
[2023-05-25T07:04:04.173+0000] {taskinstance.py:1103} INFO - Dependencies all met for dep_context=requeueable deps ti=<TaskInstance: dag_with_taskflow_api_v02.greet scheduled__2023-04-26T00:00:00+00:00 [queued]>
[2023-05-25T07:04:04.173+0000] {taskinstance.py:1308} INFO - Starting attempt 1 of 6
[2023-05-25T07:04:04.301+0000] {taskinstance.py:1327} INFO - Executing <Task(_PythonDecoratedOperator): greet> on 2023-04-26 00:00:00+00:00
[2023-05-25T07:04:04.317+0000] {standard_task_runner.py:57} INFO - Started process 5421 to run task
[2023-05-25T07:04:04.369+0000] {standard_task_runner.py:84} INFO - Running: ['***', 'tasks', 'run', 'dag_with_taskflow_api_v02', 'greet', 'scheduled__2023-04-26T00:00:00+00:00', '--job-id', '1665', '--raw', '--subdir', 'DAGS_FOLDER/first_dag.py', '--cfg-path', '/tmp/tmp9lp433pv']
[2023-05-25T07:04:04.372+0000] {standard_task_runner.py:85} INFO - Job 1665: Subtask greet
[2023-05-25T07:04:04.694+0000] {task_command.py:410} INFO - Running <TaskInstance: dag_with_taskflow_api_v02.greet scheduled__2023-04-26T00:00:00+00:00 [running]> on host 6bd07c7477d9
[2023-05-25T07:04:05.410+0000] {taskinstance.py:1547} INFO - Exporting env vars: AIRFLOW_CTX_DAG_OWNER='Sai' AIRFLOW_CTX_DAG_ID='dag_with_taskflow_api_v02' AIRFLOW_CTX_TASK_ID='greet' AIRFLOW_CTX_EXECUTION_DATE='2023-04-26T00:00:00+00:00' AIRFLOW_CTX_TRY_NUMBER='1' AIRFLOW_CTX_DAG_RUN_ID='scheduled__2023-04-26T00:00:00+00:00'
[2023-05-25T07:04:05.415+0000] {logging_mixin.py:149} INFO - Hello World! My name is Sai Tr and I am 19 years old!
[2023-05-25T07:04:05.416+0000] {python.py:183} INFO - Done. Returned value was: None
[2023-05-25T07:04:05.446+0000] {taskinstance.py:1350} INFO - Marking task as SUCCESS. dag_id=dag_with_taskflow_api_v02, task_id=greet, execution_date=20230426T000000, start_date=20230525T070404, end_date=20230525T070405
[2023-05-25T07:04:05.542+0000] {local_task_job_runner.py:225} INFO - Task exited with return code 0
[2023-05-25T07:04:05.856+0000] {taskinstance.py:2651} INFO - 0 downstream tasks scheduled from follow-on schedule check
[2023-05-25T10:38:39.764+0000] {taskinstance.py:1103} INFO - Dependencies all met for dep_context=non-requeueable deps ti=<TaskInstance: dag_with_taskflow_api_v02.greet scheduled__2023-04-26T00:00:00+00:00 [queued]>
[2023-05-25T10:38:39.806+0000] {taskinstance.py:1103} INFO - Dependencies all met for dep_context=requeueable deps ti=<TaskInstance: dag_with_taskflow_api_v02.greet scheduled__2023-04-26T00:00:00+00:00 [queued]>
[2023-05-25T10:38:39.806+0000] {taskinstance.py:1308} INFO - Starting attempt 1 of 6
[2023-05-25T10:38:39.867+0000] {taskinstance.py:1327} INFO - Executing <Task(_PythonDecoratedOperator): greet> on 2023-04-26 00:00:00+00:00
[2023-05-25T10:38:39.875+0000] {standard_task_runner.py:57} INFO - Started process 5050 to run task
[2023-05-25T10:38:39.890+0000] {standard_task_runner.py:84} INFO - Running: ['***', 'tasks', 'run', 'dag_with_taskflow_api_v02', 'greet', 'scheduled__2023-04-26T00:00:00+00:00', '--job-id', '1668', '--raw', '--subdir', 'DAGS_FOLDER/first_dag.py', '--cfg-path', '/tmp/tmpsdw0etik']
[2023-05-25T10:38:39.895+0000] {standard_task_runner.py:85} INFO - Job 1668: Subtask greet
[2023-05-25T10:38:40.082+0000] {task_command.py:410} INFO - Running <TaskInstance: dag_with_taskflow_api_v02.greet scheduled__2023-04-26T00:00:00+00:00 [running]> on host b1ae37a9584e
[2023-05-25T10:38:40.757+0000] {taskinstance.py:1547} INFO - Exporting env vars: AIRFLOW_CTX_DAG_OWNER='Sai' AIRFLOW_CTX_DAG_ID='dag_with_taskflow_api_v02' AIRFLOW_CTX_TASK_ID='greet' AIRFLOW_CTX_EXECUTION_DATE='2023-04-26T00:00:00+00:00' AIRFLOW_CTX_TRY_NUMBER='1' AIRFLOW_CTX_DAG_RUN_ID='scheduled__2023-04-26T00:00:00+00:00'
[2023-05-25T10:38:40.758+0000] {logging_mixin.py:149} INFO - Hello World! My name is Sai Tr and I am 19 years old!
[2023-05-25T10:38:40.758+0000] {python.py:183} INFO - Done. Returned value was: None
[2023-05-25T10:38:40.779+0000] {taskinstance.py:1350} INFO - Marking task as SUCCESS. dag_id=dag_with_taskflow_api_v02, task_id=greet, execution_date=20230426T000000, start_date=20230525T103839, end_date=20230525T103840
[2023-05-25T10:38:40.841+0000] {local_task_job_runner.py:225} INFO - Task exited with return code 0
[2023-05-25T10:38:40.892+0000] {taskinstance.py:2651} INFO - 0 downstream tasks scheduled from follow-on schedule check
