[2023-05-24T15:16:28.958+0000] {taskinstance.py:1103} INFO - Dependencies all met for dep_context=non-requeueable deps ti=<TaskInstance: dag_with_taskflow_api_v02.greet scheduled__2021-12-07T00:00:00+00:00 [queued]>
[2023-05-24T15:16:28.970+0000] {taskinstance.py:1103} INFO - Dependencies all met for dep_context=requeueable deps ti=<TaskInstance: dag_with_taskflow_api_v02.greet scheduled__2021-12-07T00:00:00+00:00 [queued]>
[2023-05-24T15:16:28.971+0000] {taskinstance.py:1308} INFO - Starting attempt 1 of 6
[2023-05-24T15:16:28.989+0000] {taskinstance.py:1327} INFO - Executing <Task(_PythonDecoratedOperator): greet> on 2021-12-07 00:00:00+00:00
[2023-05-24T15:16:28.995+0000] {standard_task_runner.py:57} INFO - Started process 486 to run task
[2023-05-24T15:16:28.999+0000] {standard_task_runner.py:84} INFO - Running: ['***', 'tasks', 'run', 'dag_with_taskflow_api_v02', 'greet', 'scheduled__2021-12-07T00:00:00+00:00', '--job-id', '134', '--raw', '--subdir', 'DAGS_FOLDER/first_dag.py', '--cfg-path', '/tmp/tmpzud3fxqx']
[2023-05-24T15:16:29.001+0000] {standard_task_runner.py:85} INFO - Job 134: Subtask greet
[2023-05-24T15:16:29.063+0000] {task_command.py:410} INFO - Running <TaskInstance: dag_with_taskflow_api_v02.greet scheduled__2021-12-07T00:00:00+00:00 [running]> on host 942de29f183d
[2023-05-24T15:16:29.246+0000] {taskinstance.py:1547} INFO - Exporting env vars: AIRFLOW_CTX_DAG_OWNER='Sai' AIRFLOW_CTX_DAG_ID='dag_with_taskflow_api_v02' AIRFLOW_CTX_TASK_ID='greet' AIRFLOW_CTX_EXECUTION_DATE='2021-12-07T00:00:00+00:00' AIRFLOW_CTX_TRY_NUMBER='1' AIRFLOW_CTX_DAG_RUN_ID='scheduled__2021-12-07T00:00:00+00:00'
[2023-05-24T15:16:29.248+0000] {logging_mixin.py:149} INFO - Hello World! My name is Sai Tr and I am 19 years old!
[2023-05-24T15:16:29.248+0000] {python.py:183} INFO - Done. Returned value was: None
[2023-05-24T15:16:29.259+0000] {taskinstance.py:1350} INFO - Marking task as SUCCESS. dag_id=dag_with_taskflow_api_v02, task_id=greet, execution_date=20211207T000000, start_date=20230524T151628, end_date=20230524T151629
[2023-05-24T15:16:29.291+0000] {local_task_job_runner.py:225} INFO - Task exited with return code 0
[2023-05-24T15:16:29.318+0000] {taskinstance.py:2651} INFO - 0 downstream tasks scheduled from follow-on schedule check
[2023-05-25T06:50:10.524+0000] {taskinstance.py:1103} INFO - Dependencies all met for dep_context=non-requeueable deps ti=<TaskInstance: dag_with_taskflow_api_v02.greet scheduled__2021-12-07T00:00:00+00:00 [queued]>
[2023-05-25T06:50:10.554+0000] {taskinstance.py:1103} INFO - Dependencies all met for dep_context=requeueable deps ti=<TaskInstance: dag_with_taskflow_api_v02.greet scheduled__2021-12-07T00:00:00+00:00 [queued]>
[2023-05-25T06:50:10.555+0000] {taskinstance.py:1308} INFO - Starting attempt 1 of 6
[2023-05-25T06:50:10.599+0000] {taskinstance.py:1327} INFO - Executing <Task(_PythonDecoratedOperator): greet> on 2021-12-07 00:00:00+00:00
[2023-05-25T06:50:10.606+0000] {standard_task_runner.py:57} INFO - Started process 2029 to run task
[2023-05-25T06:50:10.625+0000] {standard_task_runner.py:84} INFO - Running: ['***', 'tasks', 'run', 'dag_with_taskflow_api_v02', 'greet', 'scheduled__2021-12-07T00:00:00+00:00', '--job-id', '134', '--raw', '--subdir', 'DAGS_FOLDER/first_dag.py', '--cfg-path', '/tmp/tmpynsd_6di']
[2023-05-25T06:50:10.634+0000] {standard_task_runner.py:85} INFO - Job 134: Subtask greet
[2023-05-25T06:50:10.801+0000] {task_command.py:410} INFO - Running <TaskInstance: dag_with_taskflow_api_v02.greet scheduled__2021-12-07T00:00:00+00:00 [running]> on host 6bd07c7477d9
[2023-05-25T06:50:11.142+0000] {taskinstance.py:1547} INFO - Exporting env vars: AIRFLOW_CTX_DAG_OWNER='Sai' AIRFLOW_CTX_DAG_ID='dag_with_taskflow_api_v02' AIRFLOW_CTX_TASK_ID='greet' AIRFLOW_CTX_EXECUTION_DATE='2021-12-07T00:00:00+00:00' AIRFLOW_CTX_TRY_NUMBER='1' AIRFLOW_CTX_DAG_RUN_ID='scheduled__2021-12-07T00:00:00+00:00'
[2023-05-25T06:50:11.143+0000] {logging_mixin.py:149} INFO - Hello World! My name is Sai Tr and I am 19 years old!
[2023-05-25T06:50:11.143+0000] {python.py:183} INFO - Done. Returned value was: None
[2023-05-25T06:50:11.178+0000] {taskinstance.py:1350} INFO - Marking task as SUCCESS. dag_id=dag_with_taskflow_api_v02, task_id=greet, execution_date=20211207T000000, start_date=20230525T065010, end_date=20230525T065011
[2023-05-25T06:50:11.276+0000] {local_task_job_runner.py:225} INFO - Task exited with return code 0
[2023-05-25T06:50:11.327+0000] {taskinstance.py:2651} INFO - 0 downstream tasks scheduled from follow-on schedule check
[2023-05-25T10:20:27.801+0000] {taskinstance.py:1103} INFO - Dependencies all met for dep_context=non-requeueable deps ti=<TaskInstance: dag_with_taskflow_api_v02.greet scheduled__2021-12-07T00:00:00+00:00 [queued]>
[2023-05-25T10:20:27.838+0000] {taskinstance.py:1103} INFO - Dependencies all met for dep_context=requeueable deps ti=<TaskInstance: dag_with_taskflow_api_v02.greet scheduled__2021-12-07T00:00:00+00:00 [queued]>
[2023-05-25T10:20:27.839+0000] {taskinstance.py:1308} INFO - Starting attempt 1 of 6
[2023-05-25T10:20:28.043+0000] {taskinstance.py:1327} INFO - Executing <Task(_PythonDecoratedOperator): greet> on 2021-12-07 00:00:00+00:00
[2023-05-25T10:20:28.054+0000] {standard_task_runner.py:57} INFO - Started process 1572 to run task
[2023-05-25T10:20:28.067+0000] {standard_task_runner.py:84} INFO - Running: ['***', 'tasks', 'run', 'dag_with_taskflow_api_v02', 'greet', 'scheduled__2021-12-07T00:00:00+00:00', '--job-id', '135', '--raw', '--subdir', 'DAGS_FOLDER/first_dag.py', '--cfg-path', '/tmp/tmptx4ooky9']
[2023-05-25T10:20:28.070+0000] {standard_task_runner.py:85} INFO - Job 135: Subtask greet
[2023-05-25T10:20:28.252+0000] {task_command.py:410} INFO - Running <TaskInstance: dag_with_taskflow_api_v02.greet scheduled__2021-12-07T00:00:00+00:00 [running]> on host b1ae37a9584e
[2023-05-25T10:20:28.789+0000] {taskinstance.py:1547} INFO - Exporting env vars: AIRFLOW_CTX_DAG_OWNER='Sai' AIRFLOW_CTX_DAG_ID='dag_with_taskflow_api_v02' AIRFLOW_CTX_TASK_ID='greet' AIRFLOW_CTX_EXECUTION_DATE='2021-12-07T00:00:00+00:00' AIRFLOW_CTX_TRY_NUMBER='1' AIRFLOW_CTX_DAG_RUN_ID='scheduled__2021-12-07T00:00:00+00:00'
[2023-05-25T10:20:28.790+0000] {logging_mixin.py:149} INFO - Hello World! My name is Sai Tr and I am 19 years old!
[2023-05-25T10:20:28.791+0000] {python.py:183} INFO - Done. Returned value was: None
[2023-05-25T10:20:28.837+0000] {taskinstance.py:1350} INFO - Marking task as SUCCESS. dag_id=dag_with_taskflow_api_v02, task_id=greet, execution_date=20211207T000000, start_date=20230525T102027, end_date=20230525T102028
[2023-05-25T10:20:28.930+0000] {local_task_job_runner.py:225} INFO - Task exited with return code 0
[2023-05-25T10:20:29.432+0000] {taskinstance.py:2651} INFO - 0 downstream tasks scheduled from follow-on schedule check
