[2023-05-24T15:27:56.649+0000] {taskinstance.py:1103} INFO - Dependencies all met for dep_context=non-requeueable deps ti=<TaskInstance: dag_with_taskflow_api_v02.get_name scheduled__2022-12-23T00:00:00+00:00 [queued]>
[2023-05-24T15:27:56.742+0000] {taskinstance.py:1103} INFO - Dependencies all met for dep_context=requeueable deps ti=<TaskInstance: dag_with_taskflow_api_v02.get_name scheduled__2022-12-23T00:00:00+00:00 [queued]>
[2023-05-24T15:27:56.753+0000] {taskinstance.py:1308} INFO - Starting attempt 1 of 6
[2023-05-24T15:27:57.732+0000] {taskinstance.py:1327} INFO - Executing <Task(_PythonDecoratedOperator): get_name> on 2022-12-23 00:00:00+00:00
[2023-05-24T15:27:57.763+0000] {standard_task_runner.py:57} INFO - Started process 3027 to run task
[2023-05-24T15:27:57.795+0000] {standard_task_runner.py:84} INFO - Running: ['***', 'tasks', 'run', 'dag_with_taskflow_api_v02', 'get_name', 'scheduled__2022-12-23T00:00:00+00:00', '--job-id', '1268', '--raw', '--subdir', 'DAGS_FOLDER/first_dag.py', '--cfg-path', '/tmp/tmpdiipdt_a']
[2023-05-24T15:27:57.821+0000] {standard_task_runner.py:85} INFO - Job 1268: Subtask get_name
[2023-05-24T15:27:58.255+0000] {task_command.py:410} INFO - Running <TaskInstance: dag_with_taskflow_api_v02.get_name scheduled__2022-12-23T00:00:00+00:00 [running]> on host 942de29f183d
[2023-05-24T15:27:59.759+0000] {taskinstance.py:1547} INFO - Exporting env vars: AIRFLOW_CTX_DAG_OWNER='Sai' AIRFLOW_CTX_DAG_ID='dag_with_taskflow_api_v02' AIRFLOW_CTX_TASK_ID='get_name' AIRFLOW_CTX_EXECUTION_DATE='2022-12-23T00:00:00+00:00' AIRFLOW_CTX_TRY_NUMBER='1' AIRFLOW_CTX_DAG_RUN_ID='scheduled__2022-12-23T00:00:00+00:00'
[2023-05-24T15:27:59.760+0000] {python.py:183} INFO - Done. Returned value was: {'first_name': 'Sai', 'last_name': 'Tr'}
[2023-05-24T15:27:59.919+0000] {taskinstance.py:1350} INFO - Marking task as SUCCESS. dag_id=dag_with_taskflow_api_v02, task_id=get_name, execution_date=20221223T000000, start_date=20230524T152756, end_date=20230524T152759
[2023-05-24T15:28:00.066+0000] {local_task_job_runner.py:225} INFO - Task exited with return code 0
[2023-05-24T15:28:00.216+0000] {taskinstance.py:2651} INFO - 1 downstream tasks scheduled from follow-on schedule check
[2023-05-25T07:00:29.936+0000] {taskinstance.py:1103} INFO - Dependencies all met for dep_context=non-requeueable deps ti=<TaskInstance: dag_with_taskflow_api_v02.get_name scheduled__2022-12-23T00:00:00+00:00 [queued]>
[2023-05-25T07:00:30.007+0000] {taskinstance.py:1103} INFO - Dependencies all met for dep_context=requeueable deps ti=<TaskInstance: dag_with_taskflow_api_v02.get_name scheduled__2022-12-23T00:00:00+00:00 [queued]>
[2023-05-25T07:00:30.008+0000] {taskinstance.py:1308} INFO - Starting attempt 1 of 6
[2023-05-25T07:00:30.134+0000] {taskinstance.py:1327} INFO - Executing <Task(_PythonDecoratedOperator): get_name> on 2022-12-23 00:00:00+00:00
[2023-05-25T07:00:30.153+0000] {standard_task_runner.py:57} INFO - Started process 4545 to run task
[2023-05-25T07:00:30.164+0000] {standard_task_runner.py:84} INFO - Running: ['***', 'tasks', 'run', 'dag_with_taskflow_api_v02', 'get_name', 'scheduled__2022-12-23T00:00:00+00:00', '--job-id', '1269', '--raw', '--subdir', 'DAGS_FOLDER/first_dag.py', '--cfg-path', '/tmp/tmpy7sw6lmb']
[2023-05-25T07:00:30.174+0000] {standard_task_runner.py:85} INFO - Job 1269: Subtask get_name
[2023-05-25T07:00:30.635+0000] {task_command.py:410} INFO - Running <TaskInstance: dag_with_taskflow_api_v02.get_name scheduled__2022-12-23T00:00:00+00:00 [running]> on host 6bd07c7477d9
[2023-05-25T07:00:31.416+0000] {taskinstance.py:1547} INFO - Exporting env vars: AIRFLOW_CTX_DAG_OWNER='Sai' AIRFLOW_CTX_DAG_ID='dag_with_taskflow_api_v02' AIRFLOW_CTX_TASK_ID='get_name' AIRFLOW_CTX_EXECUTION_DATE='2022-12-23T00:00:00+00:00' AIRFLOW_CTX_TRY_NUMBER='1' AIRFLOW_CTX_DAG_RUN_ID='scheduled__2022-12-23T00:00:00+00:00'
[2023-05-25T07:00:31.417+0000] {python.py:183} INFO - Done. Returned value was: {'first_name': 'Sai', 'last_name': 'Tr'}
[2023-05-25T07:00:31.708+0000] {taskinstance.py:1350} INFO - Marking task as SUCCESS. dag_id=dag_with_taskflow_api_v02, task_id=get_name, execution_date=20221223T000000, start_date=20230525T070029, end_date=20230525T070031
[2023-05-25T07:00:31.838+0000] {local_task_job_runner.py:225} INFO - Task exited with return code 0
[2023-05-25T07:00:32.273+0000] {taskinstance.py:2651} INFO - 0 downstream tasks scheduled from follow-on schedule check
[2023-05-25T10:34:38.735+0000] {taskinstance.py:1103} INFO - Dependencies all met for dep_context=non-requeueable deps ti=<TaskInstance: dag_with_taskflow_api_v02.get_name scheduled__2022-12-23T00:00:00+00:00 [queued]>
[2023-05-25T10:34:38.811+0000] {taskinstance.py:1103} INFO - Dependencies all met for dep_context=requeueable deps ti=<TaskInstance: dag_with_taskflow_api_v02.get_name scheduled__2022-12-23T00:00:00+00:00 [queued]>
[2023-05-25T10:34:38.811+0000] {taskinstance.py:1308} INFO - Starting attempt 1 of 6
[2023-05-25T10:34:39.095+0000] {taskinstance.py:1327} INFO - Executing <Task(_PythonDecoratedOperator): get_name> on 2022-12-23 00:00:00+00:00
[2023-05-25T10:34:39.132+0000] {standard_task_runner.py:57} INFO - Started process 4200 to run task
[2023-05-25T10:34:39.156+0000] {standard_task_runner.py:84} INFO - Running: ['***', 'tasks', 'run', 'dag_with_taskflow_api_v02', 'get_name', 'scheduled__2022-12-23T00:00:00+00:00', '--job-id', '1287', '--raw', '--subdir', 'DAGS_FOLDER/first_dag.py', '--cfg-path', '/tmp/tmpth0ys9jq']
[2023-05-25T10:34:39.181+0000] {standard_task_runner.py:85} INFO - Job 1287: Subtask get_name
[2023-05-25T10:34:39.494+0000] {task_command.py:410} INFO - Running <TaskInstance: dag_with_taskflow_api_v02.get_name scheduled__2022-12-23T00:00:00+00:00 [running]> on host b1ae37a9584e
[2023-05-25T10:34:40.443+0000] {taskinstance.py:1547} INFO - Exporting env vars: AIRFLOW_CTX_DAG_OWNER='Sai' AIRFLOW_CTX_DAG_ID='dag_with_taskflow_api_v02' AIRFLOW_CTX_TASK_ID='get_name' AIRFLOW_CTX_EXECUTION_DATE='2022-12-23T00:00:00+00:00' AIRFLOW_CTX_TRY_NUMBER='1' AIRFLOW_CTX_DAG_RUN_ID='scheduled__2022-12-23T00:00:00+00:00'
[2023-05-25T10:34:40.444+0000] {python.py:183} INFO - Done. Returned value was: {'first_name': 'Sai', 'last_name': 'Tr'}
[2023-05-25T10:34:40.871+0000] {taskinstance.py:1350} INFO - Marking task as SUCCESS. dag_id=dag_with_taskflow_api_v02, task_id=get_name, execution_date=20221223T000000, start_date=20230525T103438, end_date=20230525T103440
[2023-05-25T10:34:41.146+0000] {local_task_job_runner.py:225} INFO - Task exited with return code 0
[2023-05-25T10:34:41.447+0000] {taskinstance.py:2651} INFO - 0 downstream tasks scheduled from follow-on schedule check
