[2023-05-24T15:28:16.210+0000] {taskinstance.py:1103} INFO - Dependencies all met for dep_context=non-requeueable deps ti=<TaskInstance: dag_with_taskflow_api_v02.get_name scheduled__2023-01-03T00:00:00+00:00 [queued]>
[2023-05-24T15:28:16.311+0000] {taskinstance.py:1103} INFO - Dependencies all met for dep_context=requeueable deps ti=<TaskInstance: dag_with_taskflow_api_v02.get_name scheduled__2023-01-03T00:00:00+00:00 [queued]>
[2023-05-24T15:28:16.311+0000] {taskinstance.py:1308} INFO - Starting attempt 1 of 6
[2023-05-24T15:28:16.476+0000] {taskinstance.py:1327} INFO - Executing <Task(_PythonDecoratedOperator): get_name> on 2023-01-03 00:00:00+00:00
[2023-05-24T15:28:16.500+0000] {standard_task_runner.py:57} INFO - Started process 3101 to run task
[2023-05-24T15:28:16.550+0000] {standard_task_runner.py:84} INFO - Running: ['***', 'tasks', 'run', 'dag_with_taskflow_api_v02', 'get_name', 'scheduled__2023-01-03T00:00:00+00:00', '--job-id', '1302', '--raw', '--subdir', 'DAGS_FOLDER/first_dag.py', '--cfg-path', '/tmp/tmp9oowxyug']
[2023-05-24T15:28:16.572+0000] {standard_task_runner.py:85} INFO - Job 1302: Subtask get_name
[2023-05-24T15:28:16.911+0000] {task_command.py:410} INFO - Running <TaskInstance: dag_with_taskflow_api_v02.get_name scheduled__2023-01-03T00:00:00+00:00 [running]> on host 942de29f183d
[2023-05-24T15:28:17.973+0000] {taskinstance.py:1547} INFO - Exporting env vars: AIRFLOW_CTX_DAG_OWNER='Sai' AIRFLOW_CTX_DAG_ID='dag_with_taskflow_api_v02' AIRFLOW_CTX_TASK_ID='get_name' AIRFLOW_CTX_EXECUTION_DATE='2023-01-03T00:00:00+00:00' AIRFLOW_CTX_TRY_NUMBER='1' AIRFLOW_CTX_DAG_RUN_ID='scheduled__2023-01-03T00:00:00+00:00'
[2023-05-24T15:28:17.974+0000] {python.py:183} INFO - Done. Returned value was: {'first_name': 'Sai', 'last_name': 'Tr'}
[2023-05-24T15:28:18.194+0000] {taskinstance.py:1350} INFO - Marking task as SUCCESS. dag_id=dag_with_taskflow_api_v02, task_id=get_name, execution_date=20230103T000000, start_date=20230524T152816, end_date=20230524T152818
[2023-05-24T15:28:18.324+0000] {local_task_job_runner.py:225} INFO - Task exited with return code 0
[2023-05-24T15:28:19.090+0000] {taskinstance.py:2651} INFO - 1 downstream tasks scheduled from follow-on schedule check
[2023-05-25T07:00:48.931+0000] {taskinstance.py:1103} INFO - Dependencies all met for dep_context=non-requeueable deps ti=<TaskInstance: dag_with_taskflow_api_v02.get_name scheduled__2023-01-03T00:00:00+00:00 [queued]>
[2023-05-25T07:00:49.054+0000] {taskinstance.py:1103} INFO - Dependencies all met for dep_context=requeueable deps ti=<TaskInstance: dag_with_taskflow_api_v02.get_name scheduled__2023-01-03T00:00:00+00:00 [queued]>
[2023-05-25T07:00:49.055+0000] {taskinstance.py:1308} INFO - Starting attempt 1 of 6
[2023-05-25T07:00:49.290+0000] {taskinstance.py:1327} INFO - Executing <Task(_PythonDecoratedOperator): get_name> on 2023-01-03 00:00:00+00:00
[2023-05-25T07:00:49.390+0000] {standard_task_runner.py:57} INFO - Started process 4623 to run task
[2023-05-25T07:00:49.356+0000] {standard_task_runner.py:84} INFO - Running: ['***', 'tasks', 'run', 'dag_with_taskflow_api_v02', 'get_name', 'scheduled__2023-01-03T00:00:00+00:00', '--job-id', '1302', '--raw', '--subdir', 'DAGS_FOLDER/first_dag.py', '--cfg-path', '/tmp/tmpf6nynkzz']
[2023-05-25T07:00:49.399+0000] {standard_task_runner.py:85} INFO - Job 1302: Subtask get_name
[2023-05-25T07:00:49.891+0000] {task_command.py:410} INFO - Running <TaskInstance: dag_with_taskflow_api_v02.get_name scheduled__2023-01-03T00:00:00+00:00 [running]> on host 6bd07c7477d9
[2023-05-25T07:00:50.957+0000] {taskinstance.py:1547} INFO - Exporting env vars: AIRFLOW_CTX_DAG_OWNER='Sai' AIRFLOW_CTX_DAG_ID='dag_with_taskflow_api_v02' AIRFLOW_CTX_TASK_ID='get_name' AIRFLOW_CTX_EXECUTION_DATE='2023-01-03T00:00:00+00:00' AIRFLOW_CTX_TRY_NUMBER='1' AIRFLOW_CTX_DAG_RUN_ID='scheduled__2023-01-03T00:00:00+00:00'
[2023-05-25T07:00:50.963+0000] {python.py:183} INFO - Done. Returned value was: {'first_name': 'Sai', 'last_name': 'Tr'}
[2023-05-25T07:00:51.353+0000] {taskinstance.py:1350} INFO - Marking task as SUCCESS. dag_id=dag_with_taskflow_api_v02, task_id=get_name, execution_date=20230103T000000, start_date=20230525T070048, end_date=20230525T070051
[2023-05-25T07:00:52.328+0000] {local_task_job_runner.py:225} INFO - Task exited with return code 0
[2023-05-25T07:00:52.565+0000] {taskinstance.py:2651} INFO - 1 downstream tasks scheduled from follow-on schedule check
[2023-05-25T10:34:54.513+0000] {taskinstance.py:1103} INFO - Dependencies all met for dep_context=non-requeueable deps ti=<TaskInstance: dag_with_taskflow_api_v02.get_name scheduled__2023-01-03T00:00:00+00:00 [queued]>
[2023-05-25T10:34:54.601+0000] {taskinstance.py:1103} INFO - Dependencies all met for dep_context=requeueable deps ti=<TaskInstance: dag_with_taskflow_api_v02.get_name scheduled__2023-01-03T00:00:00+00:00 [queued]>
[2023-05-25T10:34:54.621+0000] {taskinstance.py:1308} INFO - Starting attempt 1 of 6
[2023-05-25T10:34:54.785+0000] {taskinstance.py:1327} INFO - Executing <Task(_PythonDecoratedOperator): get_name> on 2023-01-03 00:00:00+00:00
[2023-05-25T10:34:54.800+0000] {standard_task_runner.py:57} INFO - Started process 4261 to run task
[2023-05-25T10:34:54.825+0000] {standard_task_runner.py:84} INFO - Running: ['***', 'tasks', 'run', 'dag_with_taskflow_api_v02', 'get_name', 'scheduled__2023-01-03T00:00:00+00:00', '--job-id', '1319', '--raw', '--subdir', 'DAGS_FOLDER/first_dag.py', '--cfg-path', '/tmp/tmp252cfbx6']
[2023-05-25T10:34:54.829+0000] {standard_task_runner.py:85} INFO - Job 1319: Subtask get_name
[2023-05-25T10:34:55.031+0000] {task_command.py:410} INFO - Running <TaskInstance: dag_with_taskflow_api_v02.get_name scheduled__2023-01-03T00:00:00+00:00 [running]> on host b1ae37a9584e
[2023-05-25T10:34:55.485+0000] {taskinstance.py:1547} INFO - Exporting env vars: AIRFLOW_CTX_DAG_OWNER='Sai' AIRFLOW_CTX_DAG_ID='dag_with_taskflow_api_v02' AIRFLOW_CTX_TASK_ID='get_name' AIRFLOW_CTX_EXECUTION_DATE='2023-01-03T00:00:00+00:00' AIRFLOW_CTX_TRY_NUMBER='1' AIRFLOW_CTX_DAG_RUN_ID='scheduled__2023-01-03T00:00:00+00:00'
[2023-05-25T10:34:55.486+0000] {python.py:183} INFO - Done. Returned value was: {'first_name': 'Sai', 'last_name': 'Tr'}
[2023-05-25T10:34:55.729+0000] {taskinstance.py:1350} INFO - Marking task as SUCCESS. dag_id=dag_with_taskflow_api_v02, task_id=get_name, execution_date=20230103T000000, start_date=20230525T103454, end_date=20230525T103455
[2023-05-25T10:34:55.857+0000] {local_task_job_runner.py:225} INFO - Task exited with return code 0
[2023-05-25T10:34:56.014+0000] {taskinstance.py:2651} INFO - 0 downstream tasks scheduled from follow-on schedule check
