[2023-05-24T15:26:48.879+0000] {taskinstance.py:1103} INFO - Dependencies all met for dep_context=non-requeueable deps ti=<TaskInstance: dag_with_taskflow_api_v02.get_name scheduled__2022-11-13T00:00:00+00:00 [queued]>
[2023-05-24T15:26:48.994+0000] {taskinstance.py:1103} INFO - Dependencies all met for dep_context=requeueable deps ti=<TaskInstance: dag_with_taskflow_api_v02.get_name scheduled__2022-11-13T00:00:00+00:00 [queued]>
[2023-05-24T15:26:48.995+0000] {taskinstance.py:1308} INFO - Starting attempt 1 of 6
[2023-05-24T15:26:49.208+0000] {taskinstance.py:1327} INFO - Executing <Task(_PythonDecoratedOperator): get_name> on 2022-11-13 00:00:00+00:00
[2023-05-24T15:26:49.237+0000] {standard_task_runner.py:57} INFO - Started process 2758 to run task
[2023-05-24T15:26:49.290+0000] {standard_task_runner.py:84} INFO - Running: ['***', 'tasks', 'run', 'dag_with_taskflow_api_v02', 'get_name', 'scheduled__2022-11-13T00:00:00+00:00', '--job-id', '1146', '--raw', '--subdir', 'DAGS_FOLDER/first_dag.py', '--cfg-path', '/tmp/tmpja0bzo2l']
[2023-05-24T15:26:49.293+0000] {standard_task_runner.py:85} INFO - Job 1146: Subtask get_name
[2023-05-24T15:26:49.715+0000] {task_command.py:410} INFO - Running <TaskInstance: dag_with_taskflow_api_v02.get_name scheduled__2022-11-13T00:00:00+00:00 [running]> on host 942de29f183d
[2023-05-24T15:26:50.496+0000] {taskinstance.py:1547} INFO - Exporting env vars: AIRFLOW_CTX_DAG_OWNER='Sai' AIRFLOW_CTX_DAG_ID='dag_with_taskflow_api_v02' AIRFLOW_CTX_TASK_ID='get_name' AIRFLOW_CTX_EXECUTION_DATE='2022-11-13T00:00:00+00:00' AIRFLOW_CTX_TRY_NUMBER='1' AIRFLOW_CTX_DAG_RUN_ID='scheduled__2022-11-13T00:00:00+00:00'
[2023-05-24T15:26:50.498+0000] {python.py:183} INFO - Done. Returned value was: {'first_name': 'Sai', 'last_name': 'Tr'}
[2023-05-24T15:26:50.683+0000] {taskinstance.py:1350} INFO - Marking task as SUCCESS. dag_id=dag_with_taskflow_api_v02, task_id=get_name, execution_date=20221113T000000, start_date=20230524T152648, end_date=20230524T152650
[2023-05-24T15:26:51.288+0000] {local_task_job_runner.py:225} INFO - Task exited with return code 0
[2023-05-24T15:26:51.481+0000] {taskinstance.py:2651} INFO - 0 downstream tasks scheduled from follow-on schedule check
[2023-05-25T06:59:24.254+0000] {taskinstance.py:1103} INFO - Dependencies all met for dep_context=non-requeueable deps ti=<TaskInstance: dag_with_taskflow_api_v02.get_name scheduled__2022-11-13T00:00:00+00:00 [queued]>
[2023-05-25T06:59:24.342+0000] {taskinstance.py:1103} INFO - Dependencies all met for dep_context=requeueable deps ti=<TaskInstance: dag_with_taskflow_api_v02.get_name scheduled__2022-11-13T00:00:00+00:00 [queued]>
[2023-05-25T06:59:24.344+0000] {taskinstance.py:1308} INFO - Starting attempt 1 of 6
[2023-05-25T06:59:24.416+0000] {taskinstance.py:1327} INFO - Executing <Task(_PythonDecoratedOperator): get_name> on 2022-11-13 00:00:00+00:00
[2023-05-25T06:59:24.459+0000] {standard_task_runner.py:57} INFO - Started process 4283 to run task
[2023-05-25T06:59:24.497+0000] {standard_task_runner.py:84} INFO - Running: ['***', 'tasks', 'run', 'dag_with_taskflow_api_v02', 'get_name', 'scheduled__2022-11-13T00:00:00+00:00', '--job-id', '1147', '--raw', '--subdir', 'DAGS_FOLDER/first_dag.py', '--cfg-path', '/tmp/tmpp6o1f4h7']
[2023-05-25T06:59:24.517+0000] {standard_task_runner.py:85} INFO - Job 1147: Subtask get_name
[2023-05-25T06:59:24.879+0000] {task_command.py:410} INFO - Running <TaskInstance: dag_with_taskflow_api_v02.get_name scheduled__2022-11-13T00:00:00+00:00 [running]> on host 6bd07c7477d9
[2023-05-25T06:59:25.720+0000] {taskinstance.py:1547} INFO - Exporting env vars: AIRFLOW_CTX_DAG_OWNER='Sai' AIRFLOW_CTX_DAG_ID='dag_with_taskflow_api_v02' AIRFLOW_CTX_TASK_ID='get_name' AIRFLOW_CTX_EXECUTION_DATE='2022-11-13T00:00:00+00:00' AIRFLOW_CTX_TRY_NUMBER='1' AIRFLOW_CTX_DAG_RUN_ID='scheduled__2022-11-13T00:00:00+00:00'
[2023-05-25T06:59:25.722+0000] {python.py:183} INFO - Done. Returned value was: {'first_name': 'Sai', 'last_name': 'Tr'}
[2023-05-25T06:59:25.951+0000] {taskinstance.py:1350} INFO - Marking task as SUCCESS. dag_id=dag_with_taskflow_api_v02, task_id=get_name, execution_date=20221113T000000, start_date=20230525T065924, end_date=20230525T065925
[2023-05-25T06:59:26.087+0000] {local_task_job_runner.py:225} INFO - Task exited with return code 0
[2023-05-25T06:59:26.294+0000] {taskinstance.py:2651} INFO - 1 downstream tasks scheduled from follow-on schedule check
[2023-05-25T10:33:06.585+0000] {taskinstance.py:1103} INFO - Dependencies all met for dep_context=non-requeueable deps ti=<TaskInstance: dag_with_taskflow_api_v02.get_name scheduled__2022-11-13T00:00:00+00:00 [queued]>
[2023-05-25T10:33:06.672+0000] {taskinstance.py:1103} INFO - Dependencies all met for dep_context=requeueable deps ti=<TaskInstance: dag_with_taskflow_api_v02.get_name scheduled__2022-11-13T00:00:00+00:00 [queued]>
[2023-05-25T10:33:06.673+0000] {taskinstance.py:1308} INFO - Starting attempt 1 of 6
[2023-05-25T10:33:06.803+0000] {taskinstance.py:1327} INFO - Executing <Task(_PythonDecoratedOperator): get_name> on 2022-11-13 00:00:00+00:00
[2023-05-25T10:33:06.889+0000] {standard_task_runner.py:57} INFO - Started process 3914 to run task
[2023-05-25T10:33:07.049+0000] {standard_task_runner.py:84} INFO - Running: ['***', 'tasks', 'run', 'dag_with_taskflow_api_v02', 'get_name', 'scheduled__2022-11-13T00:00:00+00:00', '--job-id', '1161', '--raw', '--subdir', 'DAGS_FOLDER/first_dag.py', '--cfg-path', '/tmp/tmpvelkiatn']
[2023-05-25T10:33:07.074+0000] {standard_task_runner.py:85} INFO - Job 1161: Subtask get_name
[2023-05-25T10:33:07.695+0000] {task_command.py:410} INFO - Running <TaskInstance: dag_with_taskflow_api_v02.get_name scheduled__2022-11-13T00:00:00+00:00 [running]> on host b1ae37a9584e
[2023-05-25T10:33:08.924+0000] {taskinstance.py:1547} INFO - Exporting env vars: AIRFLOW_CTX_DAG_OWNER='Sai' AIRFLOW_CTX_DAG_ID='dag_with_taskflow_api_v02' AIRFLOW_CTX_TASK_ID='get_name' AIRFLOW_CTX_EXECUTION_DATE='2022-11-13T00:00:00+00:00' AIRFLOW_CTX_TRY_NUMBER='1' AIRFLOW_CTX_DAG_RUN_ID='scheduled__2022-11-13T00:00:00+00:00'
[2023-05-25T10:33:08.925+0000] {python.py:183} INFO - Done. Returned value was: {'first_name': 'Sai', 'last_name': 'Tr'}
[2023-05-25T10:33:09.305+0000] {taskinstance.py:1350} INFO - Marking task as SUCCESS. dag_id=dag_with_taskflow_api_v02, task_id=get_name, execution_date=20221113T000000, start_date=20230525T103306, end_date=20230525T103309
[2023-05-25T10:33:09.655+0000] {local_task_job_runner.py:225} INFO - Task exited with return code 0
[2023-05-25T10:33:10.077+0000] {taskinstance.py:2651} INFO - 1 downstream tasks scheduled from follow-on schedule check
