[2023-05-24T15:24:03.379+0000] {taskinstance.py:1103} INFO - Dependencies all met for dep_context=non-requeueable deps ti=<TaskInstance: dag_with_taskflow_api_v02.get_name scheduled__2022-08-05T00:00:00+00:00 [queued]>
[2023-05-24T15:24:03.498+0000] {taskinstance.py:1103} INFO - Dependencies all met for dep_context=requeueable deps ti=<TaskInstance: dag_with_taskflow_api_v02.get_name scheduled__2022-08-05T00:00:00+00:00 [queued]>
[2023-05-24T15:24:03.502+0000] {taskinstance.py:1308} INFO - Starting attempt 1 of 6
[2023-05-24T15:24:03.990+0000] {taskinstance.py:1327} INFO - Executing <Task(_PythonDecoratedOperator): get_name> on 2022-08-05 00:00:00+00:00
[2023-05-24T15:24:04.026+0000] {standard_task_runner.py:57} INFO - Started process 2092 to run task
[2023-05-24T15:24:04.048+0000] {standard_task_runner.py:84} INFO - Running: ['***', 'tasks', 'run', 'dag_with_taskflow_api_v02', 'get_name', 'scheduled__2022-08-05T00:00:00+00:00', '--job-id', '849', '--raw', '--subdir', 'DAGS_FOLDER/first_dag.py', '--cfg-path', '/tmp/tmpty1wefzq']
[2023-05-24T15:24:04.055+0000] {standard_task_runner.py:85} INFO - Job 849: Subtask get_name
[2023-05-24T15:24:04.314+0000] {task_command.py:410} INFO - Running <TaskInstance: dag_with_taskflow_api_v02.get_name scheduled__2022-08-05T00:00:00+00:00 [running]> on host 942de29f183d
[2023-05-24T15:24:04.740+0000] {taskinstance.py:1547} INFO - Exporting env vars: AIRFLOW_CTX_DAG_OWNER='Sai' AIRFLOW_CTX_DAG_ID='dag_with_taskflow_api_v02' AIRFLOW_CTX_TASK_ID='get_name' AIRFLOW_CTX_EXECUTION_DATE='2022-08-05T00:00:00+00:00' AIRFLOW_CTX_TRY_NUMBER='1' AIRFLOW_CTX_DAG_RUN_ID='scheduled__2022-08-05T00:00:00+00:00'
[2023-05-24T15:24:04.741+0000] {python.py:183} INFO - Done. Returned value was: {'first_name': 'Sai', 'last_name': 'Tr'}
[2023-05-24T15:24:04.886+0000] {taskinstance.py:1350} INFO - Marking task as SUCCESS. dag_id=dag_with_taskflow_api_v02, task_id=get_name, execution_date=20220805T000000, start_date=20230524T152403, end_date=20230524T152404
[2023-05-24T15:24:04.968+0000] {local_task_job_runner.py:225} INFO - Task exited with return code 0
[2023-05-24T15:24:05.081+0000] {taskinstance.py:2651} INFO - 1 downstream tasks scheduled from follow-on schedule check
[2023-05-25T06:56:43.268+0000] {taskinstance.py:1103} INFO - Dependencies all met for dep_context=non-requeueable deps ti=<TaskInstance: dag_with_taskflow_api_v02.get_name scheduled__2022-08-05T00:00:00+00:00 [queued]>
[2023-05-25T06:56:43.346+0000] {taskinstance.py:1103} INFO - Dependencies all met for dep_context=requeueable deps ti=<TaskInstance: dag_with_taskflow_api_v02.get_name scheduled__2022-08-05T00:00:00+00:00 [queued]>
[2023-05-25T06:56:43.347+0000] {taskinstance.py:1308} INFO - Starting attempt 1 of 6
[2023-05-25T06:56:43.551+0000] {taskinstance.py:1327} INFO - Executing <Task(_PythonDecoratedOperator): get_name> on 2022-08-05 00:00:00+00:00
[2023-05-25T06:56:43.580+0000] {standard_task_runner.py:57} INFO - Started process 3625 to run task
[2023-05-25T06:56:43.620+0000] {standard_task_runner.py:84} INFO - Running: ['***', 'tasks', 'run', 'dag_with_taskflow_api_v02', 'get_name', 'scheduled__2022-08-05T00:00:00+00:00', '--job-id', '852', '--raw', '--subdir', 'DAGS_FOLDER/first_dag.py', '--cfg-path', '/tmp/tmpfix6nbtl']
[2023-05-25T06:56:43.636+0000] {standard_task_runner.py:85} INFO - Job 852: Subtask get_name
[2023-05-25T06:56:43.984+0000] {task_command.py:410} INFO - Running <TaskInstance: dag_with_taskflow_api_v02.get_name scheduled__2022-08-05T00:00:00+00:00 [running]> on host 6bd07c7477d9
[2023-05-25T06:56:44.987+0000] {taskinstance.py:1547} INFO - Exporting env vars: AIRFLOW_CTX_DAG_OWNER='Sai' AIRFLOW_CTX_DAG_ID='dag_with_taskflow_api_v02' AIRFLOW_CTX_TASK_ID='get_name' AIRFLOW_CTX_EXECUTION_DATE='2022-08-05T00:00:00+00:00' AIRFLOW_CTX_TRY_NUMBER='1' AIRFLOW_CTX_DAG_RUN_ID='scheduled__2022-08-05T00:00:00+00:00'
[2023-05-25T06:56:44.988+0000] {python.py:183} INFO - Done. Returned value was: {'first_name': 'Sai', 'last_name': 'Tr'}
[2023-05-25T06:56:45.325+0000] {taskinstance.py:1350} INFO - Marking task as SUCCESS. dag_id=dag_with_taskflow_api_v02, task_id=get_name, execution_date=20220805T000000, start_date=20230525T065643, end_date=20230525T065645
[2023-05-25T06:56:45.443+0000] {local_task_job_runner.py:225} INFO - Task exited with return code 0
[2023-05-25T06:56:46.285+0000] {taskinstance.py:2651} INFO - 1 downstream tasks scheduled from follow-on schedule check
[2023-05-25T10:29:21.535+0000] {taskinstance.py:1103} INFO - Dependencies all met for dep_context=non-requeueable deps ti=<TaskInstance: dag_with_taskflow_api_v02.get_name scheduled__2022-08-05T00:00:00+00:00 [queued]>
[2023-05-25T10:29:21.718+0000] {taskinstance.py:1103} INFO - Dependencies all met for dep_context=requeueable deps ti=<TaskInstance: dag_with_taskflow_api_v02.get_name scheduled__2022-08-05T00:00:00+00:00 [queued]>
[2023-05-25T10:29:21.719+0000] {taskinstance.py:1308} INFO - Starting attempt 1 of 6
[2023-05-25T10:29:22.150+0000] {taskinstance.py:1327} INFO - Executing <Task(_PythonDecoratedOperator): get_name> on 2022-08-05 00:00:00+00:00
[2023-05-25T10:29:22.216+0000] {standard_task_runner.py:57} INFO - Started process 3233 to run task
[2023-05-25T10:29:22.465+0000] {standard_task_runner.py:84} INFO - Running: ['***', 'tasks', 'run', 'dag_with_taskflow_api_v02', 'get_name', 'scheduled__2022-08-05T00:00:00+00:00', '--job-id', '863', '--raw', '--subdir', 'DAGS_FOLDER/first_dag.py', '--cfg-path', '/tmp/tmpz28a24p_']
[2023-05-25T10:29:22.564+0000] {standard_task_runner.py:85} INFO - Job 863: Subtask get_name
[2023-05-25T10:29:23.674+0000] {task_command.py:410} INFO - Running <TaskInstance: dag_with_taskflow_api_v02.get_name scheduled__2022-08-05T00:00:00+00:00 [running]> on host b1ae37a9584e
[2023-05-25T10:29:26.337+0000] {taskinstance.py:1547} INFO - Exporting env vars: AIRFLOW_CTX_DAG_OWNER='Sai' AIRFLOW_CTX_DAG_ID='dag_with_taskflow_api_v02' AIRFLOW_CTX_TASK_ID='get_name' AIRFLOW_CTX_EXECUTION_DATE='2022-08-05T00:00:00+00:00' AIRFLOW_CTX_TRY_NUMBER='1' AIRFLOW_CTX_DAG_RUN_ID='scheduled__2022-08-05T00:00:00+00:00'
[2023-05-25T10:29:26.357+0000] {python.py:183} INFO - Done. Returned value was: {'first_name': 'Sai', 'last_name': 'Tr'}
[2023-05-25T10:29:27.544+0000] {taskinstance.py:1350} INFO - Marking task as SUCCESS. dag_id=dag_with_taskflow_api_v02, task_id=get_name, execution_date=20220805T000000, start_date=20230525T102921, end_date=20230525T102927
[2023-05-25T10:29:28.395+0000] {local_task_job_runner.py:225} INFO - Task exited with return code 0
[2023-05-25T10:29:31.717+0000] {taskinstance.py:2651} INFO - 0 downstream tasks scheduled from follow-on schedule check
