[2023-05-24T15:22:01.033+0000] {taskinstance.py:1103} INFO - Dependencies all met for dep_context=non-requeueable deps ti=<TaskInstance: dag_with_taskflow_api_v02.get_age scheduled__2022-05-30T00:00:00+00:00 [queued]>
[2023-05-24T15:22:01.194+0000] {taskinstance.py:1103} INFO - Dependencies all met for dep_context=requeueable deps ti=<TaskInstance: dag_with_taskflow_api_v02.get_age scheduled__2022-05-30T00:00:00+00:00 [queued]>
[2023-05-24T15:22:01.195+0000] {taskinstance.py:1308} INFO - Starting attempt 1 of 6
[2023-05-24T15:22:01.423+0000] {taskinstance.py:1327} INFO - Executing <Task(_PythonDecoratedOperator): get_age> on 2022-05-30 00:00:00+00:00
[2023-05-24T15:22:01.511+0000] {standard_task_runner.py:57} INFO - Started process 1651 to run task
[2023-05-24T15:22:01.558+0000] {standard_task_runner.py:84} INFO - Running: ['***', 'tasks', 'run', 'dag_with_taskflow_api_v02', 'get_age', 'scheduled__2022-05-30T00:00:00+00:00', '--job-id', '651', '--raw', '--subdir', 'DAGS_FOLDER/first_dag.py', '--cfg-path', '/tmp/tmpvp_eyhpp']
[2023-05-24T15:22:01.594+0000] {standard_task_runner.py:85} INFO - Job 651: Subtask get_age
[2023-05-24T15:22:02.388+0000] {task_command.py:410} INFO - Running <TaskInstance: dag_with_taskflow_api_v02.get_age scheduled__2022-05-30T00:00:00+00:00 [running]> on host 942de29f183d
[2023-05-24T15:22:03.351+0000] {taskinstance.py:1547} INFO - Exporting env vars: AIRFLOW_CTX_DAG_OWNER='Sai' AIRFLOW_CTX_DAG_ID='dag_with_taskflow_api_v02' AIRFLOW_CTX_TASK_ID='get_age' AIRFLOW_CTX_EXECUTION_DATE='2022-05-30T00:00:00+00:00' AIRFLOW_CTX_TRY_NUMBER='1' AIRFLOW_CTX_DAG_RUN_ID='scheduled__2022-05-30T00:00:00+00:00'
[2023-05-24T15:22:03.352+0000] {python.py:183} INFO - Done. Returned value was: 19
[2023-05-24T15:22:03.571+0000] {taskinstance.py:1350} INFO - Marking task as SUCCESS. dag_id=dag_with_taskflow_api_v02, task_id=get_age, execution_date=20220530T000000, start_date=20230524T152201, end_date=20230524T152203
[2023-05-24T15:22:03.849+0000] {local_task_job_runner.py:225} INFO - Task exited with return code 0
[2023-05-24T15:22:04.863+0000] {taskinstance.py:2651} INFO - 0 downstream tasks scheduled from follow-on schedule check
[2023-05-25T06:54:54.428+0000] {taskinstance.py:1103} INFO - Dependencies all met for dep_context=non-requeueable deps ti=<TaskInstance: dag_with_taskflow_api_v02.get_age scheduled__2022-05-30T00:00:00+00:00 [queued]>
[2023-05-25T06:54:54.573+0000] {taskinstance.py:1103} INFO - Dependencies all met for dep_context=requeueable deps ti=<TaskInstance: dag_with_taskflow_api_v02.get_age scheduled__2022-05-30T00:00:00+00:00 [queued]>
[2023-05-25T06:54:54.585+0000] {taskinstance.py:1308} INFO - Starting attempt 1 of 6
[2023-05-25T06:54:55.003+0000] {taskinstance.py:1327} INFO - Executing <Task(_PythonDecoratedOperator): get_age> on 2022-05-30 00:00:00+00:00
[2023-05-25T06:54:55.036+0000] {standard_task_runner.py:57} INFO - Started process 3189 to run task
[2023-05-25T06:54:55.047+0000] {standard_task_runner.py:84} INFO - Running: ['***', 'tasks', 'run', 'dag_with_taskflow_api_v02', 'get_age', 'scheduled__2022-05-30T00:00:00+00:00', '--job-id', '655', '--raw', '--subdir', 'DAGS_FOLDER/first_dag.py', '--cfg-path', '/tmp/tmpb325xea7']
[2023-05-25T06:54:55.096+0000] {standard_task_runner.py:85} INFO - Job 655: Subtask get_age
[2023-05-25T06:54:55.462+0000] {task_command.py:410} INFO - Running <TaskInstance: dag_with_taskflow_api_v02.get_age scheduled__2022-05-30T00:00:00+00:00 [running]> on host 6bd07c7477d9
[2023-05-25T06:54:56.430+0000] {taskinstance.py:1547} INFO - Exporting env vars: AIRFLOW_CTX_DAG_OWNER='Sai' AIRFLOW_CTX_DAG_ID='dag_with_taskflow_api_v02' AIRFLOW_CTX_TASK_ID='get_age' AIRFLOW_CTX_EXECUTION_DATE='2022-05-30T00:00:00+00:00' AIRFLOW_CTX_TRY_NUMBER='1' AIRFLOW_CTX_DAG_RUN_ID='scheduled__2022-05-30T00:00:00+00:00'
[2023-05-25T06:54:56.433+0000] {python.py:183} INFO - Done. Returned value was: 19
[2023-05-25T06:54:56.723+0000] {taskinstance.py:1350} INFO - Marking task as SUCCESS. dag_id=dag_with_taskflow_api_v02, task_id=get_age, execution_date=20220530T000000, start_date=20230525T065454, end_date=20230525T065456
[2023-05-25T06:54:57.074+0000] {local_task_job_runner.py:225} INFO - Task exited with return code 0
[2023-05-25T06:54:57.377+0000] {taskinstance.py:2651} INFO - 0 downstream tasks scheduled from follow-on schedule check
[2023-05-25T10:26:15.995+0000] {taskinstance.py:1103} INFO - Dependencies all met for dep_context=non-requeueable deps ti=<TaskInstance: dag_with_taskflow_api_v02.get_age scheduled__2022-05-30T00:00:00+00:00 [queued]>
[2023-05-25T10:26:16.032+0000] {taskinstance.py:1103} INFO - Dependencies all met for dep_context=requeueable deps ti=<TaskInstance: dag_with_taskflow_api_v02.get_age scheduled__2022-05-30T00:00:00+00:00 [queued]>
[2023-05-25T10:26:16.032+0000] {taskinstance.py:1308} INFO - Starting attempt 1 of 6
[2023-05-25T10:26:16.170+0000] {taskinstance.py:1327} INFO - Executing <Task(_PythonDecoratedOperator): get_age> on 2022-05-30 00:00:00+00:00
[2023-05-25T10:26:16.181+0000] {standard_task_runner.py:57} INFO - Started process 2762 to run task
[2023-05-25T10:26:16.213+0000] {standard_task_runner.py:84} INFO - Running: ['***', 'tasks', 'run', 'dag_with_taskflow_api_v02', 'get_age', 'scheduled__2022-05-30T00:00:00+00:00', '--job-id', '664', '--raw', '--subdir', 'DAGS_FOLDER/first_dag.py', '--cfg-path', '/tmp/tmpjce0suh5']
[2023-05-25T10:26:16.242+0000] {standard_task_runner.py:85} INFO - Job 664: Subtask get_age
[2023-05-25T10:26:16.464+0000] {task_command.py:410} INFO - Running <TaskInstance: dag_with_taskflow_api_v02.get_age scheduled__2022-05-30T00:00:00+00:00 [running]> on host b1ae37a9584e
[2023-05-25T10:26:16.896+0000] {taskinstance.py:1547} INFO - Exporting env vars: AIRFLOW_CTX_DAG_OWNER='Sai' AIRFLOW_CTX_DAG_ID='dag_with_taskflow_api_v02' AIRFLOW_CTX_TASK_ID='get_age' AIRFLOW_CTX_EXECUTION_DATE='2022-05-30T00:00:00+00:00' AIRFLOW_CTX_TRY_NUMBER='1' AIRFLOW_CTX_DAG_RUN_ID='scheduled__2022-05-30T00:00:00+00:00'
[2023-05-25T10:26:16.897+0000] {python.py:183} INFO - Done. Returned value was: 19
[2023-05-25T10:26:16.960+0000] {taskinstance.py:1350} INFO - Marking task as SUCCESS. dag_id=dag_with_taskflow_api_v02, task_id=get_age, execution_date=20220530T000000, start_date=20230525T102616, end_date=20230525T102616
[2023-05-25T10:26:17.028+0000] {local_task_job_runner.py:225} INFO - Task exited with return code 0
[2023-05-25T10:26:17.087+0000] {taskinstance.py:2651} INFO - 1 downstream tasks scheduled from follow-on schedule check
