[2023-05-24T15:16:13.095+0000] {taskinstance.py:1103} INFO - Dependencies all met for dep_context=non-requeueable deps ti=<TaskInstance: dag_with_taskflow_api_v02.get_age scheduled__2021-11-29T00:00:00+00:00 [queued]>
[2023-05-24T15:16:13.200+0000] {taskinstance.py:1103} INFO - Dependencies all met for dep_context=requeueable deps ti=<TaskInstance: dag_with_taskflow_api_v02.get_age scheduled__2021-11-29T00:00:00+00:00 [queued]>
[2023-05-24T15:16:13.200+0000] {taskinstance.py:1308} INFO - Starting attempt 1 of 6
[2023-05-24T15:16:13.602+0000] {taskinstance.py:1327} INFO - Executing <Task(_PythonDecoratedOperator): get_age> on 2021-11-29 00:00:00+00:00
[2023-05-24T15:16:13.640+0000] {standard_task_runner.py:57} INFO - Started process 420 to run task
[2023-05-24T15:16:13.716+0000] {standard_task_runner.py:84} INFO - Running: ['***', 'tasks', 'run', 'dag_with_taskflow_api_v02', 'get_age', 'scheduled__2021-11-29T00:00:00+00:00', '--job-id', '102', '--raw', '--subdir', 'DAGS_FOLDER/first_dag.py', '--cfg-path', '/tmp/tmpjf1eqfd5']
[2023-05-24T15:16:13.764+0000] {standard_task_runner.py:85} INFO - Job 102: Subtask get_age
[2023-05-24T15:16:14.128+0000] {task_command.py:410} INFO - Running <TaskInstance: dag_with_taskflow_api_v02.get_age scheduled__2021-11-29T00:00:00+00:00 [running]> on host 942de29f183d
[2023-05-24T15:16:14.947+0000] {taskinstance.py:1547} INFO - Exporting env vars: AIRFLOW_CTX_DAG_OWNER='Sai' AIRFLOW_CTX_DAG_ID='dag_with_taskflow_api_v02' AIRFLOW_CTX_TASK_ID='get_age' AIRFLOW_CTX_EXECUTION_DATE='2021-11-29T00:00:00+00:00' AIRFLOW_CTX_TRY_NUMBER='1' AIRFLOW_CTX_DAG_RUN_ID='scheduled__2021-11-29T00:00:00+00:00'
[2023-05-24T15:16:14.948+0000] {python.py:183} INFO - Done. Returned value was: 19
[2023-05-24T15:16:15.057+0000] {taskinstance.py:1350} INFO - Marking task as SUCCESS. dag_id=dag_with_taskflow_api_v02, task_id=get_age, execution_date=20211129T000000, start_date=20230524T151613, end_date=20230524T151615
[2023-05-24T15:16:15.159+0000] {local_task_job_runner.py:225} INFO - Task exited with return code 0
[2023-05-24T15:16:15.306+0000] {taskinstance.py:2651} INFO - 0 downstream tasks scheduled from follow-on schedule check
[2023-05-25T06:49:56.130+0000] {taskinstance.py:1103} INFO - Dependencies all met for dep_context=non-requeueable deps ti=<TaskInstance: dag_with_taskflow_api_v02.get_age scheduled__2021-11-29T00:00:00+00:00 [queued]>
[2023-05-25T06:49:56.283+0000] {taskinstance.py:1103} INFO - Dependencies all met for dep_context=requeueable deps ti=<TaskInstance: dag_with_taskflow_api_v02.get_age scheduled__2021-11-29T00:00:00+00:00 [queued]>
[2023-05-25T06:49:56.284+0000] {taskinstance.py:1308} INFO - Starting attempt 1 of 6
[2023-05-25T06:49:56.998+0000] {taskinstance.py:1327} INFO - Executing <Task(_PythonDecoratedOperator): get_age> on 2021-11-29 00:00:00+00:00
[2023-05-25T06:49:57.027+0000] {standard_task_runner.py:57} INFO - Started process 1968 to run task
[2023-05-25T06:49:57.072+0000] {standard_task_runner.py:84} INFO - Running: ['***', 'tasks', 'run', 'dag_with_taskflow_api_v02', 'get_age', 'scheduled__2021-11-29T00:00:00+00:00', '--job-id', '105', '--raw', '--subdir', 'DAGS_FOLDER/first_dag.py', '--cfg-path', '/tmp/tmpnwg55nnp']
[2023-05-25T06:49:57.093+0000] {standard_task_runner.py:85} INFO - Job 105: Subtask get_age
[2023-05-25T06:49:57.589+0000] {task_command.py:410} INFO - Running <TaskInstance: dag_with_taskflow_api_v02.get_age scheduled__2021-11-29T00:00:00+00:00 [running]> on host 6bd07c7477d9
[2023-05-25T06:49:58.370+0000] {taskinstance.py:1547} INFO - Exporting env vars: AIRFLOW_CTX_DAG_OWNER='Sai' AIRFLOW_CTX_DAG_ID='dag_with_taskflow_api_v02' AIRFLOW_CTX_TASK_ID='get_age' AIRFLOW_CTX_EXECUTION_DATE='2021-11-29T00:00:00+00:00' AIRFLOW_CTX_TRY_NUMBER='1' AIRFLOW_CTX_DAG_RUN_ID='scheduled__2021-11-29T00:00:00+00:00'
[2023-05-25T06:49:58.371+0000] {python.py:183} INFO - Done. Returned value was: 19
[2023-05-25T06:49:58.512+0000] {taskinstance.py:1350} INFO - Marking task as SUCCESS. dag_id=dag_with_taskflow_api_v02, task_id=get_age, execution_date=20211129T000000, start_date=20230525T064956, end_date=20230525T064958
[2023-05-25T06:49:58.661+0000] {local_task_job_runner.py:225} INFO - Task exited with return code 0
[2023-05-25T06:49:58.910+0000] {taskinstance.py:2651} INFO - 0 downstream tasks scheduled from follow-on schedule check
[2023-05-25T10:20:01.110+0000] {taskinstance.py:1103} INFO - Dependencies all met for dep_context=non-requeueable deps ti=<TaskInstance: dag_with_taskflow_api_v02.get_age scheduled__2021-11-29T00:00:00+00:00 [queued]>
[2023-05-25T10:20:01.162+0000] {taskinstance.py:1103} INFO - Dependencies all met for dep_context=requeueable deps ti=<TaskInstance: dag_with_taskflow_api_v02.get_age scheduled__2021-11-29T00:00:00+00:00 [queued]>
[2023-05-25T10:20:01.170+0000] {taskinstance.py:1308} INFO - Starting attempt 1 of 6
[2023-05-25T10:20:01.310+0000] {taskinstance.py:1327} INFO - Executing <Task(_PythonDecoratedOperator): get_age> on 2021-11-29 00:00:00+00:00
[2023-05-25T10:20:01.352+0000] {standard_task_runner.py:84} INFO - Running: ['***', 'tasks', 'run', 'dag_with_taskflow_api_v02', 'get_age', 'scheduled__2021-11-29T00:00:00+00:00', '--job-id', '97', '--raw', '--subdir', 'DAGS_FOLDER/first_dag.py', '--cfg-path', '/tmp/tmp_mmr1sep']
[2023-05-25T10:20:01.356+0000] {standard_task_runner.py:85} INFO - Job 97: Subtask get_age
[2023-05-25T10:20:01.357+0000] {standard_task_runner.py:57} INFO - Started process 1489 to run task
[2023-05-25T10:20:01.584+0000] {task_command.py:410} INFO - Running <TaskInstance: dag_with_taskflow_api_v02.get_age scheduled__2021-11-29T00:00:00+00:00 [running]> on host b1ae37a9584e
[2023-05-25T10:20:02.559+0000] {taskinstance.py:1547} INFO - Exporting env vars: AIRFLOW_CTX_DAG_OWNER='Sai' AIRFLOW_CTX_DAG_ID='dag_with_taskflow_api_v02' AIRFLOW_CTX_TASK_ID='get_age' AIRFLOW_CTX_EXECUTION_DATE='2021-11-29T00:00:00+00:00' AIRFLOW_CTX_TRY_NUMBER='1' AIRFLOW_CTX_DAG_RUN_ID='scheduled__2021-11-29T00:00:00+00:00'
[2023-05-25T10:20:02.561+0000] {python.py:183} INFO - Done. Returned value was: 19
[2023-05-25T10:20:02.779+0000] {taskinstance.py:1350} INFO - Marking task as SUCCESS. dag_id=dag_with_taskflow_api_v02, task_id=get_age, execution_date=20211129T000000, start_date=20230525T102001, end_date=20230525T102002
[2023-05-25T10:20:02.933+0000] {local_task_job_runner.py:225} INFO - Task exited with return code 0
[2023-05-25T10:20:03.077+0000] {taskinstance.py:2651} INFO - 0 downstream tasks scheduled from follow-on schedule check
