[2023-05-24T15:25:06.118+0000] {taskinstance.py:1103} INFO - Dependencies all met for dep_context=non-requeueable deps ti=<TaskInstance: dag_with_taskflow_api_v02.get_age scheduled__2022-09-09T00:00:00+00:00 [queued]>
[2023-05-24T15:25:06.170+0000] {taskinstance.py:1103} INFO - Dependencies all met for dep_context=requeueable deps ti=<TaskInstance: dag_with_taskflow_api_v02.get_age scheduled__2022-09-09T00:00:00+00:00 [queued]>
[2023-05-24T15:25:06.171+0000] {taskinstance.py:1308} INFO - Starting attempt 1 of 6
[2023-05-24T15:25:06.286+0000] {taskinstance.py:1327} INFO - Executing <Task(_PythonDecoratedOperator): get_age> on 2022-09-09 00:00:00+00:00
[2023-05-24T15:25:06.292+0000] {standard_task_runner.py:57} INFO - Started process 2338 to run task
[2023-05-24T15:25:06.364+0000] {standard_task_runner.py:84} INFO - Running: ['***', 'tasks', 'run', 'dag_with_taskflow_api_v02', 'get_age', 'scheduled__2022-09-09T00:00:00+00:00', '--job-id', '958', '--raw', '--subdir', 'DAGS_FOLDER/first_dag.py', '--cfg-path', '/tmp/tmpsfy8tqoc']
[2023-05-24T15:25:06.377+0000] {standard_task_runner.py:85} INFO - Job 958: Subtask get_age
[2023-05-24T15:25:06.742+0000] {task_command.py:410} INFO - Running <TaskInstance: dag_with_taskflow_api_v02.get_age scheduled__2022-09-09T00:00:00+00:00 [running]> on host 942de29f183d
[2023-05-24T15:25:07.648+0000] {taskinstance.py:1547} INFO - Exporting env vars: AIRFLOW_CTX_DAG_OWNER='Sai' AIRFLOW_CTX_DAG_ID='dag_with_taskflow_api_v02' AIRFLOW_CTX_TASK_ID='get_age' AIRFLOW_CTX_EXECUTION_DATE='2022-09-09T00:00:00+00:00' AIRFLOW_CTX_TRY_NUMBER='1' AIRFLOW_CTX_DAG_RUN_ID='scheduled__2022-09-09T00:00:00+00:00'
[2023-05-24T15:25:07.658+0000] {python.py:183} INFO - Done. Returned value was: 19
[2023-05-24T15:25:07.909+0000] {taskinstance.py:1350} INFO - Marking task as SUCCESS. dag_id=dag_with_taskflow_api_v02, task_id=get_age, execution_date=20220909T000000, start_date=20230524T152506, end_date=20230524T152507
[2023-05-24T15:25:08.054+0000] {local_task_job_runner.py:225} INFO - Task exited with return code 0
[2023-05-24T15:25:08.272+0000] {taskinstance.py:2651} INFO - 0 downstream tasks scheduled from follow-on schedule check
[2023-05-25T06:57:39.997+0000] {taskinstance.py:1103} INFO - Dependencies all met for dep_context=non-requeueable deps ti=<TaskInstance: dag_with_taskflow_api_v02.get_age scheduled__2022-09-09T00:00:00+00:00 [queued]>
[2023-05-25T06:57:40.032+0000] {taskinstance.py:1103} INFO - Dependencies all met for dep_context=requeueable deps ti=<TaskInstance: dag_with_taskflow_api_v02.get_age scheduled__2022-09-09T00:00:00+00:00 [queued]>
[2023-05-25T06:57:40.033+0000] {taskinstance.py:1308} INFO - Starting attempt 1 of 6
[2023-05-25T06:57:40.168+0000] {taskinstance.py:1327} INFO - Executing <Task(_PythonDecoratedOperator): get_age> on 2022-09-09 00:00:00+00:00
[2023-05-25T06:57:40.218+0000] {standard_task_runner.py:57} INFO - Started process 3848 to run task
[2023-05-25T06:57:40.239+0000] {standard_task_runner.py:84} INFO - Running: ['***', 'tasks', 'run', 'dag_with_taskflow_api_v02', 'get_age', 'scheduled__2022-09-09T00:00:00+00:00', '--job-id', '957', '--raw', '--subdir', 'DAGS_FOLDER/first_dag.py', '--cfg-path', '/tmp/tmplpg64zqm']
[2023-05-25T06:57:40.254+0000] {standard_task_runner.py:85} INFO - Job 957: Subtask get_age
[2023-05-25T06:57:40.419+0000] {task_command.py:410} INFO - Running <TaskInstance: dag_with_taskflow_api_v02.get_age scheduled__2022-09-09T00:00:00+00:00 [running]> on host 6bd07c7477d9
[2023-05-25T06:57:41.265+0000] {taskinstance.py:1547} INFO - Exporting env vars: AIRFLOW_CTX_DAG_OWNER='Sai' AIRFLOW_CTX_DAG_ID='dag_with_taskflow_api_v02' AIRFLOW_CTX_TASK_ID='get_age' AIRFLOW_CTX_EXECUTION_DATE='2022-09-09T00:00:00+00:00' AIRFLOW_CTX_TRY_NUMBER='1' AIRFLOW_CTX_DAG_RUN_ID='scheduled__2022-09-09T00:00:00+00:00'
[2023-05-25T06:57:41.266+0000] {python.py:183} INFO - Done. Returned value was: 19
[2023-05-25T06:57:41.404+0000] {taskinstance.py:1350} INFO - Marking task as SUCCESS. dag_id=dag_with_taskflow_api_v02, task_id=get_age, execution_date=20220909T000000, start_date=20230525T065740, end_date=20230525T065741
[2023-05-25T06:57:41.558+0000] {local_task_job_runner.py:225} INFO - Task exited with return code 0
[2023-05-25T06:57:41.975+0000] {taskinstance.py:2651} INFO - 0 downstream tasks scheduled from follow-on schedule check
[2023-05-25T10:31:02.794+0000] {taskinstance.py:1103} INFO - Dependencies all met for dep_context=non-requeueable deps ti=<TaskInstance: dag_with_taskflow_api_v02.get_age scheduled__2022-09-09T00:00:00+00:00 [queued]>
[2023-05-25T10:31:02.915+0000] {taskinstance.py:1103} INFO - Dependencies all met for dep_context=requeueable deps ti=<TaskInstance: dag_with_taskflow_api_v02.get_age scheduled__2022-09-09T00:00:00+00:00 [queued]>
[2023-05-25T10:31:02.915+0000] {taskinstance.py:1308} INFO - Starting attempt 1 of 6
[2023-05-25T10:31:03.052+0000] {taskinstance.py:1327} INFO - Executing <Task(_PythonDecoratedOperator): get_age> on 2022-09-09 00:00:00+00:00
[2023-05-25T10:31:03.074+0000] {standard_task_runner.py:57} INFO - Started process 3484 to run task
[2023-05-25T10:31:03.103+0000] {standard_task_runner.py:84} INFO - Running: ['***', 'tasks', 'run', 'dag_with_taskflow_api_v02', 'get_age', 'scheduled__2022-09-09T00:00:00+00:00', '--job-id', '968', '--raw', '--subdir', 'DAGS_FOLDER/first_dag.py', '--cfg-path', '/tmp/tmpqft1gmc5']
[2023-05-25T10:31:03.116+0000] {standard_task_runner.py:85} INFO - Job 968: Subtask get_age
[2023-05-25T10:31:03.297+0000] {task_command.py:410} INFO - Running <TaskInstance: dag_with_taskflow_api_v02.get_age scheduled__2022-09-09T00:00:00+00:00 [running]> on host b1ae37a9584e
[2023-05-25T10:31:04.930+0000] {taskinstance.py:1547} INFO - Exporting env vars: AIRFLOW_CTX_DAG_OWNER='Sai' AIRFLOW_CTX_DAG_ID='dag_with_taskflow_api_v02' AIRFLOW_CTX_TASK_ID='get_age' AIRFLOW_CTX_EXECUTION_DATE='2022-09-09T00:00:00+00:00' AIRFLOW_CTX_TRY_NUMBER='1' AIRFLOW_CTX_DAG_RUN_ID='scheduled__2022-09-09T00:00:00+00:00'
[2023-05-25T10:31:04.931+0000] {python.py:183} INFO - Done. Returned value was: 19
[2023-05-25T10:31:05.200+0000] {taskinstance.py:1350} INFO - Marking task as SUCCESS. dag_id=dag_with_taskflow_api_v02, task_id=get_age, execution_date=20220909T000000, start_date=20230525T103102, end_date=20230525T103105
[2023-05-25T10:31:06.828+0000] {local_task_job_runner.py:225} INFO - Task exited with return code 0
[2023-05-25T10:31:07.014+0000] {taskinstance.py:2651} INFO - 1 downstream tasks scheduled from follow-on schedule check
