[2023-05-24T15:27:57.749+0000] {taskinstance.py:1103} INFO - Dependencies all met for dep_context=non-requeueable deps ti=<TaskInstance: dag_with_taskflow_api_v02.get_age scheduled__2022-12-23T00:00:00+00:00 [queued]>
[2023-05-24T15:27:57.856+0000] {taskinstance.py:1103} INFO - Dependencies all met for dep_context=requeueable deps ti=<TaskInstance: dag_with_taskflow_api_v02.get_age scheduled__2022-12-23T00:00:00+00:00 [queued]>
[2023-05-24T15:27:57.857+0000] {taskinstance.py:1308} INFO - Starting attempt 1 of 6
[2023-05-24T15:27:58.055+0000] {taskinstance.py:1327} INFO - Executing <Task(_PythonDecoratedOperator): get_age> on 2022-12-23 00:00:00+00:00
[2023-05-24T15:27:58.074+0000] {standard_task_runner.py:57} INFO - Started process 3033 to run task
[2023-05-24T15:27:58.083+0000] {standard_task_runner.py:84} INFO - Running: ['***', 'tasks', 'run', 'dag_with_taskflow_api_v02', 'get_age', 'scheduled__2022-12-23T00:00:00+00:00', '--job-id', '1271', '--raw', '--subdir', 'DAGS_FOLDER/first_dag.py', '--cfg-path', '/tmp/tmp6b0b5sag']
[2023-05-24T15:27:58.098+0000] {standard_task_runner.py:85} INFO - Job 1271: Subtask get_age
[2023-05-24T15:27:58.515+0000] {task_command.py:410} INFO - Running <TaskInstance: dag_with_taskflow_api_v02.get_age scheduled__2022-12-23T00:00:00+00:00 [running]> on host 942de29f183d
[2023-05-24T15:27:59.267+0000] {taskinstance.py:1547} INFO - Exporting env vars: AIRFLOW_CTX_DAG_OWNER='Sai' AIRFLOW_CTX_DAG_ID='dag_with_taskflow_api_v02' AIRFLOW_CTX_TASK_ID='get_age' AIRFLOW_CTX_EXECUTION_DATE='2022-12-23T00:00:00+00:00' AIRFLOW_CTX_TRY_NUMBER='1' AIRFLOW_CTX_DAG_RUN_ID='scheduled__2022-12-23T00:00:00+00:00'
[2023-05-24T15:27:59.269+0000] {python.py:183} INFO - Done. Returned value was: 19
[2023-05-24T15:27:59.438+0000] {taskinstance.py:1350} INFO - Marking task as SUCCESS. dag_id=dag_with_taskflow_api_v02, task_id=get_age, execution_date=20221223T000000, start_date=20230524T152757, end_date=20230524T152759
[2023-05-24T15:27:59.633+0000] {local_task_job_runner.py:225} INFO - Task exited with return code 0
[2023-05-24T15:27:59.952+0000] {taskinstance.py:2651} INFO - 0 downstream tasks scheduled from follow-on schedule check
[2023-05-25T07:00:29.606+0000] {taskinstance.py:1103} INFO - Dependencies all met for dep_context=non-requeueable deps ti=<TaskInstance: dag_with_taskflow_api_v02.get_age scheduled__2022-12-23T00:00:00+00:00 [queued]>
[2023-05-25T07:00:29.699+0000] {taskinstance.py:1103} INFO - Dependencies all met for dep_context=requeueable deps ti=<TaskInstance: dag_with_taskflow_api_v02.get_age scheduled__2022-12-23T00:00:00+00:00 [queued]>
[2023-05-25T07:00:29.699+0000] {taskinstance.py:1308} INFO - Starting attempt 1 of 6
[2023-05-25T07:00:29.773+0000] {taskinstance.py:1327} INFO - Executing <Task(_PythonDecoratedOperator): get_age> on 2022-12-23 00:00:00+00:00
[2023-05-25T07:00:29.794+0000] {standard_task_runner.py:57} INFO - Started process 4544 to run task
[2023-05-25T07:00:29.823+0000] {standard_task_runner.py:84} INFO - Running: ['***', 'tasks', 'run', 'dag_with_taskflow_api_v02', 'get_age', 'scheduled__2022-12-23T00:00:00+00:00', '--job-id', '1267', '--raw', '--subdir', 'DAGS_FOLDER/first_dag.py', '--cfg-path', '/tmp/tmpts_otofq']
[2023-05-25T07:00:29.844+0000] {standard_task_runner.py:85} INFO - Job 1267: Subtask get_age
[2023-05-25T07:00:30.134+0000] {task_command.py:410} INFO - Running <TaskInstance: dag_with_taskflow_api_v02.get_age scheduled__2022-12-23T00:00:00+00:00 [running]> on host 6bd07c7477d9
[2023-05-25T07:00:31.163+0000] {taskinstance.py:1547} INFO - Exporting env vars: AIRFLOW_CTX_DAG_OWNER='Sai' AIRFLOW_CTX_DAG_ID='dag_with_taskflow_api_v02' AIRFLOW_CTX_TASK_ID='get_age' AIRFLOW_CTX_EXECUTION_DATE='2022-12-23T00:00:00+00:00' AIRFLOW_CTX_TRY_NUMBER='1' AIRFLOW_CTX_DAG_RUN_ID='scheduled__2022-12-23T00:00:00+00:00'
[2023-05-25T07:00:31.171+0000] {python.py:183} INFO - Done. Returned value was: 19
[2023-05-25T07:00:31.294+0000] {taskinstance.py:1350} INFO - Marking task as SUCCESS. dag_id=dag_with_taskflow_api_v02, task_id=get_age, execution_date=20221223T000000, start_date=20230525T070029, end_date=20230525T070031
[2023-05-25T07:00:31.463+0000] {local_task_job_runner.py:225} INFO - Task exited with return code 0
[2023-05-25T07:00:32.180+0000] {taskinstance.py:2651} INFO - 1 downstream tasks scheduled from follow-on schedule check
[2023-05-25T10:34:38.926+0000] {taskinstance.py:1103} INFO - Dependencies all met for dep_context=non-requeueable deps ti=<TaskInstance: dag_with_taskflow_api_v02.get_age scheduled__2022-12-23T00:00:00+00:00 [queued]>
[2023-05-25T10:34:38.988+0000] {taskinstance.py:1103} INFO - Dependencies all met for dep_context=requeueable deps ti=<TaskInstance: dag_with_taskflow_api_v02.get_age scheduled__2022-12-23T00:00:00+00:00 [queued]>
[2023-05-25T10:34:38.988+0000] {taskinstance.py:1308} INFO - Starting attempt 1 of 6
[2023-05-25T10:34:39.167+0000] {taskinstance.py:1327} INFO - Executing <Task(_PythonDecoratedOperator): get_age> on 2022-12-23 00:00:00+00:00
[2023-05-25T10:34:39.209+0000] {standard_task_runner.py:57} INFO - Started process 4201 to run task
[2023-05-25T10:34:39.251+0000] {standard_task_runner.py:84} INFO - Running: ['***', 'tasks', 'run', 'dag_with_taskflow_api_v02', 'get_age', 'scheduled__2022-12-23T00:00:00+00:00', '--job-id', '1288', '--raw', '--subdir', 'DAGS_FOLDER/first_dag.py', '--cfg-path', '/tmp/tmptf2v9aof']
[2023-05-25T10:34:39.254+0000] {standard_task_runner.py:85} INFO - Job 1288: Subtask get_age
[2023-05-25T10:34:39.604+0000] {task_command.py:410} INFO - Running <TaskInstance: dag_with_taskflow_api_v02.get_age scheduled__2022-12-23T00:00:00+00:00 [running]> on host b1ae37a9584e
[2023-05-25T10:34:40.507+0000] {taskinstance.py:1547} INFO - Exporting env vars: AIRFLOW_CTX_DAG_OWNER='Sai' AIRFLOW_CTX_DAG_ID='dag_with_taskflow_api_v02' AIRFLOW_CTX_TASK_ID='get_age' AIRFLOW_CTX_EXECUTION_DATE='2022-12-23T00:00:00+00:00' AIRFLOW_CTX_TRY_NUMBER='1' AIRFLOW_CTX_DAG_RUN_ID='scheduled__2022-12-23T00:00:00+00:00'
[2023-05-25T10:34:40.508+0000] {python.py:183} INFO - Done. Returned value was: 19
[2023-05-25T10:34:40.817+0000] {taskinstance.py:1350} INFO - Marking task as SUCCESS. dag_id=dag_with_taskflow_api_v02, task_id=get_age, execution_date=20221223T000000, start_date=20230525T103438, end_date=20230525T103440
[2023-05-25T10:34:41.066+0000] {local_task_job_runner.py:225} INFO - Task exited with return code 0
[2023-05-25T10:34:41.330+0000] {taskinstance.py:2651} INFO - 1 downstream tasks scheduled from follow-on schedule check
