[2023-05-24T15:19:38.810+0000] {taskinstance.py:1103} INFO - Dependencies all met for dep_context=non-requeueable deps ti=<TaskInstance: dag_with_taskflow_api_v02.greet scheduled__2022-03-17T00:00:00+00:00 [queued]>
[2023-05-24T15:19:38.825+0000] {taskinstance.py:1103} INFO - Dependencies all met for dep_context=requeueable deps ti=<TaskInstance: dag_with_taskflow_api_v02.greet scheduled__2022-03-17T00:00:00+00:00 [queued]>
[2023-05-24T15:19:38.825+0000] {taskinstance.py:1308} INFO - Starting attempt 1 of 6
[2023-05-24T15:19:38.851+0000] {taskinstance.py:1327} INFO - Executing <Task(_PythonDecoratedOperator): greet> on 2022-03-17 00:00:00+00:00
[2023-05-24T15:19:38.858+0000] {standard_task_runner.py:57} INFO - Started process 1159 to run task
[2023-05-24T15:19:38.862+0000] {standard_task_runner.py:84} INFO - Running: ['***', 'tasks', 'run', 'dag_with_taskflow_api_v02', 'greet', 'scheduled__2022-03-17T00:00:00+00:00', '--job-id', '434', '--raw', '--subdir', 'DAGS_FOLDER/first_dag.py', '--cfg-path', '/tmp/tmpwqxxcwfe']
[2023-05-24T15:19:38.865+0000] {standard_task_runner.py:85} INFO - Job 434: Subtask greet
[2023-05-24T15:19:38.937+0000] {task_command.py:410} INFO - Running <TaskInstance: dag_with_taskflow_api_v02.greet scheduled__2022-03-17T00:00:00+00:00 [running]> on host 942de29f183d
[2023-05-24T15:19:39.131+0000] {taskinstance.py:1547} INFO - Exporting env vars: AIRFLOW_CTX_DAG_OWNER='Sai' AIRFLOW_CTX_DAG_ID='dag_with_taskflow_api_v02' AIRFLOW_CTX_TASK_ID='greet' AIRFLOW_CTX_EXECUTION_DATE='2022-03-17T00:00:00+00:00' AIRFLOW_CTX_TRY_NUMBER='1' AIRFLOW_CTX_DAG_RUN_ID='scheduled__2022-03-17T00:00:00+00:00'
[2023-05-24T15:19:39.133+0000] {logging_mixin.py:149} INFO - Hello World! My name is Sai Tr and I am 19 years old!
[2023-05-24T15:19:39.133+0000] {python.py:183} INFO - Done. Returned value was: None
[2023-05-24T15:19:39.164+0000] {taskinstance.py:1350} INFO - Marking task as SUCCESS. dag_id=dag_with_taskflow_api_v02, task_id=greet, execution_date=20220317T000000, start_date=20230524T151938, end_date=20230524T151939
[2023-05-24T15:19:39.238+0000] {local_task_job_runner.py:225} INFO - Task exited with return code 0
[2023-05-24T15:19:39.297+0000] {taskinstance.py:2651} INFO - 0 downstream tasks scheduled from follow-on schedule check
[2023-05-25T06:52:56.168+0000] {taskinstance.py:1103} INFO - Dependencies all met for dep_context=non-requeueable deps ti=<TaskInstance: dag_with_taskflow_api_v02.greet scheduled__2022-03-17T00:00:00+00:00 [queued]>
[2023-05-25T06:52:56.181+0000] {taskinstance.py:1103} INFO - Dependencies all met for dep_context=requeueable deps ti=<TaskInstance: dag_with_taskflow_api_v02.greet scheduled__2022-03-17T00:00:00+00:00 [queued]>
[2023-05-25T06:52:56.182+0000] {taskinstance.py:1308} INFO - Starting attempt 1 of 6
[2023-05-25T06:52:56.203+0000] {taskinstance.py:1327} INFO - Executing <Task(_PythonDecoratedOperator): greet> on 2022-03-17 00:00:00+00:00
[2023-05-25T06:52:56.209+0000] {standard_task_runner.py:57} INFO - Started process 2699 to run task
[2023-05-25T06:52:56.213+0000] {standard_task_runner.py:84} INFO - Running: ['***', 'tasks', 'run', 'dag_with_taskflow_api_v02', 'greet', 'scheduled__2022-03-17T00:00:00+00:00', '--job-id', '440', '--raw', '--subdir', 'DAGS_FOLDER/first_dag.py', '--cfg-path', '/tmp/tmp6pxjzz_y']
[2023-05-25T06:52:56.215+0000] {standard_task_runner.py:85} INFO - Job 440: Subtask greet
[2023-05-25T06:52:56.274+0000] {task_command.py:410} INFO - Running <TaskInstance: dag_with_taskflow_api_v02.greet scheduled__2022-03-17T00:00:00+00:00 [running]> on host 6bd07c7477d9
[2023-05-25T06:52:56.431+0000] {taskinstance.py:1547} INFO - Exporting env vars: AIRFLOW_CTX_DAG_OWNER='Sai' AIRFLOW_CTX_DAG_ID='dag_with_taskflow_api_v02' AIRFLOW_CTX_TASK_ID='greet' AIRFLOW_CTX_EXECUTION_DATE='2022-03-17T00:00:00+00:00' AIRFLOW_CTX_TRY_NUMBER='1' AIRFLOW_CTX_DAG_RUN_ID='scheduled__2022-03-17T00:00:00+00:00'
[2023-05-25T06:52:56.432+0000] {logging_mixin.py:149} INFO - Hello World! My name is Sai Tr and I am 19 years old!
[2023-05-25T06:52:56.432+0000] {python.py:183} INFO - Done. Returned value was: None
[2023-05-25T06:52:56.446+0000] {taskinstance.py:1350} INFO - Marking task as SUCCESS. dag_id=dag_with_taskflow_api_v02, task_id=greet, execution_date=20220317T000000, start_date=20230525T065256, end_date=20230525T065256
[2023-05-25T06:52:56.504+0000] {local_task_job_runner.py:225} INFO - Task exited with return code 0
[2023-05-25T06:52:56.535+0000] {taskinstance.py:2651} INFO - 0 downstream tasks scheduled from follow-on schedule check
[2023-05-25T10:24:07.115+0000] {taskinstance.py:1103} INFO - Dependencies all met for dep_context=non-requeueable deps ti=<TaskInstance: dag_with_taskflow_api_v02.greet scheduled__2022-03-17T00:00:00+00:00 [queued]>
[2023-05-25T10:24:07.181+0000] {taskinstance.py:1103} INFO - Dependencies all met for dep_context=requeueable deps ti=<TaskInstance: dag_with_taskflow_api_v02.greet scheduled__2022-03-17T00:00:00+00:00 [queued]>
[2023-05-25T10:24:07.188+0000] {taskinstance.py:1308} INFO - Starting attempt 1 of 6
[2023-05-25T10:24:08.029+0000] {taskinstance.py:1327} INFO - Executing <Task(_PythonDecoratedOperator): greet> on 2022-03-17 00:00:00+00:00
[2023-05-25T10:24:08.047+0000] {standard_task_runner.py:57} INFO - Started process 2265 to run task
[2023-05-25T10:24:08.086+0000] {standard_task_runner.py:84} INFO - Running: ['***', 'tasks', 'run', 'dag_with_taskflow_api_v02', 'greet', 'scheduled__2022-03-17T00:00:00+00:00', '--job-id', '438', '--raw', '--subdir', 'DAGS_FOLDER/first_dag.py', '--cfg-path', '/tmp/tmpnq0p6m_f']
[2023-05-25T10:24:08.092+0000] {standard_task_runner.py:85} INFO - Job 438: Subtask greet
[2023-05-25T10:24:08.366+0000] {task_command.py:410} INFO - Running <TaskInstance: dag_with_taskflow_api_v02.greet scheduled__2022-03-17T00:00:00+00:00 [running]> on host b1ae37a9584e
[2023-05-25T10:24:08.745+0000] {taskinstance.py:1547} INFO - Exporting env vars: AIRFLOW_CTX_DAG_OWNER='Sai' AIRFLOW_CTX_DAG_ID='dag_with_taskflow_api_v02' AIRFLOW_CTX_TASK_ID='greet' AIRFLOW_CTX_EXECUTION_DATE='2022-03-17T00:00:00+00:00' AIRFLOW_CTX_TRY_NUMBER='1' AIRFLOW_CTX_DAG_RUN_ID='scheduled__2022-03-17T00:00:00+00:00'
[2023-05-25T10:24:08.747+0000] {logging_mixin.py:149} INFO - Hello World! My name is Sai Tr and I am 19 years old!
[2023-05-25T10:24:08.748+0000] {python.py:183} INFO - Done. Returned value was: None
[2023-05-25T10:24:08.790+0000] {taskinstance.py:1350} INFO - Marking task as SUCCESS. dag_id=dag_with_taskflow_api_v02, task_id=greet, execution_date=20220317T000000, start_date=20230525T102407, end_date=20230525T102408
[2023-05-25T10:24:08.850+0000] {local_task_job_runner.py:225} INFO - Task exited with return code 0
[2023-05-25T10:24:08.913+0000] {taskinstance.py:2651} INFO - 0 downstream tasks scheduled from follow-on schedule check
