[2023-05-23T10:19:58.061+0000] {taskinstance.py:1103} INFO - Dependencies all met for dep_context=non-requeueable deps ti=<TaskInstance: dag_with_taskflow_api_v02.get_name scheduled__2021-11-19T00:00:00+00:00 [queued]>
[2023-05-23T10:19:58.101+0000] {taskinstance.py:1103} INFO - Dependencies all met for dep_context=requeueable deps ti=<TaskInstance: dag_with_taskflow_api_v02.get_name scheduled__2021-11-19T00:00:00+00:00 [queued]>
[2023-05-23T10:19:58.102+0000] {taskinstance.py:1308} INFO - Starting attempt 1 of 6
[2023-05-23T10:19:58.918+0000] {taskinstance.py:1327} INFO - Executing <Task(_PythonDecoratedOperator): get_name> on 2021-11-19 00:00:00+00:00
[2023-05-23T10:19:58.977+0000] {standard_task_runner.py:57} INFO - Started process 1087 to run task
[2023-05-23T10:19:59.034+0000] {standard_task_runner.py:84} INFO - Running: ['***', 'tasks', 'run', 'dag_with_taskflow_api_v02', 'get_name', 'scheduled__2021-11-19T00:00:00+00:00', '--job-id', '110', '--raw', '--subdir', 'DAGS_FOLDER/first_dag.py', '--cfg-path', '/tmp/tmpg29d3201']
[2023-05-23T10:19:59.055+0000] {standard_task_runner.py:85} INFO - Job 110: Subtask get_name
[2023-05-23T10:19:59.556+0000] {task_command.py:410} INFO - Running <TaskInstance: dag_with_taskflow_api_v02.get_name scheduled__2021-11-19T00:00:00+00:00 [running]> on host fb58d5a02d2c
[2023-05-23T10:20:00.438+0000] {taskinstance.py:1547} INFO - Exporting env vars: AIRFLOW_CTX_DAG_OWNER='coder2j' AIRFLOW_CTX_DAG_ID='dag_with_taskflow_api_v02' AIRFLOW_CTX_TASK_ID='get_name' AIRFLOW_CTX_EXECUTION_DATE='2021-11-19T00:00:00+00:00' AIRFLOW_CTX_TRY_NUMBER='1' AIRFLOW_CTX_DAG_RUN_ID='scheduled__2021-11-19T00:00:00+00:00'
[2023-05-23T10:20:00.441+0000] {python.py:183} INFO - Done. Returned value was: {'first_name': 'Jerry', 'last_name': 'Fridman'}
[2023-05-23T10:20:00.731+0000] {taskinstance.py:1350} INFO - Marking task as SUCCESS. dag_id=dag_with_taskflow_api_v02, task_id=get_name, execution_date=20211119T000000, start_date=20230523T101958, end_date=20230523T102000
[2023-05-23T10:20:00.879+0000] {local_task_job_runner.py:225} INFO - Task exited with return code 0
[2023-05-23T10:20:01.007+0000] {taskinstance.py:2651} INFO - 1 downstream tasks scheduled from follow-on schedule check
[2023-05-23T10:27:13.685+0000] {taskinstance.py:1103} INFO - Dependencies all met for dep_context=non-requeueable deps ti=<TaskInstance: dag_with_taskflow_api_v02.get_name scheduled__2021-11-19T00:00:00+00:00 [queued]>
[2023-05-23T10:27:13.864+0000] {taskinstance.py:1103} INFO - Dependencies all met for dep_context=requeueable deps ti=<TaskInstance: dag_with_taskflow_api_v02.get_name scheduled__2021-11-19T00:00:00+00:00 [queued]>
[2023-05-23T10:27:13.865+0000] {taskinstance.py:1308} INFO - Starting attempt 1 of 6
[2023-05-23T10:27:14.716+0000] {taskinstance.py:1327} INFO - Executing <Task(_PythonDecoratedOperator): get_name> on 2021-11-19 00:00:00+00:00
[2023-05-23T10:27:14.737+0000] {standard_task_runner.py:57} INFO - Started process 353 to run task
[2023-05-23T10:27:14.835+0000] {standard_task_runner.py:84} INFO - Running: ['***', 'tasks', 'run', 'dag_with_taskflow_api_v02', 'get_name', 'scheduled__2021-11-19T00:00:00+00:00', '--job-id', '73', '--raw', '--subdir', 'DAGS_FOLDER/first_dag.py', '--cfg-path', '/tmp/tmpl26qlnse']
[2023-05-23T10:27:14.909+0000] {standard_task_runner.py:85} INFO - Job 73: Subtask get_name
[2023-05-23T10:27:15.632+0000] {task_command.py:410} INFO - Running <TaskInstance: dag_with_taskflow_api_v02.get_name scheduled__2021-11-19T00:00:00+00:00 [running]> on host 8a6612510f4c
[2023-05-23T10:27:17.480+0000] {taskinstance.py:1547} INFO - Exporting env vars: AIRFLOW_CTX_DAG_OWNER='coder2j' AIRFLOW_CTX_DAG_ID='dag_with_taskflow_api_v02' AIRFLOW_CTX_TASK_ID='get_name' AIRFLOW_CTX_EXECUTION_DATE='2021-11-19T00:00:00+00:00' AIRFLOW_CTX_TRY_NUMBER='1' AIRFLOW_CTX_DAG_RUN_ID='scheduled__2021-11-19T00:00:00+00:00'
[2023-05-23T10:27:17.481+0000] {python.py:183} INFO - Done. Returned value was: {'first_name': 'Jerry', 'last_name': 'Fridman'}
[2023-05-23T10:27:18.057+0000] {taskinstance.py:1350} INFO - Marking task as SUCCESS. dag_id=dag_with_taskflow_api_v02, task_id=get_name, execution_date=20211119T000000, start_date=20230523T102713, end_date=20230523T102718
[2023-05-23T10:27:18.265+0000] {local_task_job_runner.py:225} INFO - Task exited with return code 0
[2023-05-23T10:27:18.515+0000] {taskinstance.py:2651} INFO - 1 downstream tasks scheduled from follow-on schedule check
