[2023-05-24T15:19:25.061+0000] {taskinstance.py:1103} INFO - Dependencies all met for dep_context=non-requeueable deps ti=<TaskInstance: dag_with_taskflow_api_v02.greet scheduled__2022-03-02T00:00:00+00:00 [queued]>
[2023-05-24T15:19:25.210+0000] {taskinstance.py:1103} INFO - Dependencies all met for dep_context=requeueable deps ti=<TaskInstance: dag_with_taskflow_api_v02.greet scheduled__2022-03-02T00:00:00+00:00 [queued]>
[2023-05-24T15:19:25.211+0000] {taskinstance.py:1308} INFO - Starting attempt 1 of 6
[2023-05-24T15:19:25.416+0000] {taskinstance.py:1327} INFO - Executing <Task(_PythonDecoratedOperator): greet> on 2022-03-02 00:00:00+00:00
[2023-05-24T15:19:25.449+0000] {standard_task_runner.py:57} INFO - Started process 1097 to run task
[2023-05-24T15:19:25.468+0000] {standard_task_runner.py:84} INFO - Running: ['***', 'tasks', 'run', 'dag_with_taskflow_api_v02', 'greet', 'scheduled__2022-03-02T00:00:00+00:00', '--job-id', '402', '--raw', '--subdir', 'DAGS_FOLDER/first_dag.py', '--cfg-path', '/tmp/tmpzqeu939u']
[2023-05-24T15:19:25.472+0000] {standard_task_runner.py:85} INFO - Job 402: Subtask greet
[2023-05-24T15:19:25.812+0000] {task_command.py:410} INFO - Running <TaskInstance: dag_with_taskflow_api_v02.greet scheduled__2022-03-02T00:00:00+00:00 [running]> on host 942de29f183d
[2023-05-24T15:19:27.019+0000] {taskinstance.py:1547} INFO - Exporting env vars: AIRFLOW_CTX_DAG_OWNER='Sai' AIRFLOW_CTX_DAG_ID='dag_with_taskflow_api_v02' AIRFLOW_CTX_TASK_ID='greet' AIRFLOW_CTX_EXECUTION_DATE='2022-03-02T00:00:00+00:00' AIRFLOW_CTX_TRY_NUMBER='1' AIRFLOW_CTX_DAG_RUN_ID='scheduled__2022-03-02T00:00:00+00:00'
[2023-05-24T15:19:27.021+0000] {logging_mixin.py:149} INFO - Hello World! My name is Sai Tr and I am 19 years old!
[2023-05-24T15:19:27.021+0000] {python.py:183} INFO - Done. Returned value was: None
[2023-05-24T15:19:27.096+0000] {taskinstance.py:1350} INFO - Marking task as SUCCESS. dag_id=dag_with_taskflow_api_v02, task_id=greet, execution_date=20220302T000000, start_date=20230524T151925, end_date=20230524T151927
[2023-05-24T15:19:27.293+0000] {local_task_job_runner.py:225} INFO - Task exited with return code 0
[2023-05-24T15:19:27.593+0000] {taskinstance.py:2651} INFO - 0 downstream tasks scheduled from follow-on schedule check
[2023-05-25T06:52:37.721+0000] {taskinstance.py:1103} INFO - Dependencies all met for dep_context=non-requeueable deps ti=<TaskInstance: dag_with_taskflow_api_v02.greet scheduled__2022-03-02T00:00:00+00:00 [queued]>
[2023-05-25T06:52:37.814+0000] {taskinstance.py:1103} INFO - Dependencies all met for dep_context=requeueable deps ti=<TaskInstance: dag_with_taskflow_api_v02.greet scheduled__2022-03-02T00:00:00+00:00 [queued]>
[2023-05-25T06:52:37.814+0000] {taskinstance.py:1308} INFO - Starting attempt 1 of 6
[2023-05-25T06:52:37.989+0000] {taskinstance.py:1327} INFO - Executing <Task(_PythonDecoratedOperator): greet> on 2022-03-02 00:00:00+00:00
[2023-05-25T06:52:38.026+0000] {standard_task_runner.py:57} INFO - Started process 2627 to run task
[2023-05-25T06:52:38.070+0000] {standard_task_runner.py:84} INFO - Running: ['***', 'tasks', 'run', 'dag_with_taskflow_api_v02', 'greet', 'scheduled__2022-03-02T00:00:00+00:00', '--job-id', '402', '--raw', '--subdir', 'DAGS_FOLDER/first_dag.py', '--cfg-path', '/tmp/tmpk_g37k2r']
[2023-05-25T06:52:38.101+0000] {standard_task_runner.py:85} INFO - Job 402: Subtask greet
[2023-05-25T06:52:38.413+0000] {task_command.py:410} INFO - Running <TaskInstance: dag_with_taskflow_api_v02.greet scheduled__2022-03-02T00:00:00+00:00 [running]> on host 6bd07c7477d9
[2023-05-25T06:52:39.030+0000] {taskinstance.py:1547} INFO - Exporting env vars: AIRFLOW_CTX_DAG_OWNER='Sai' AIRFLOW_CTX_DAG_ID='dag_with_taskflow_api_v02' AIRFLOW_CTX_TASK_ID='greet' AIRFLOW_CTX_EXECUTION_DATE='2022-03-02T00:00:00+00:00' AIRFLOW_CTX_TRY_NUMBER='1' AIRFLOW_CTX_DAG_RUN_ID='scheduled__2022-03-02T00:00:00+00:00'
[2023-05-25T06:52:39.031+0000] {logging_mixin.py:149} INFO - Hello World! My name is Sai Tr and I am 19 years old!
[2023-05-25T06:52:39.032+0000] {python.py:183} INFO - Done. Returned value was: None
[2023-05-25T06:52:39.096+0000] {taskinstance.py:1350} INFO - Marking task as SUCCESS. dag_id=dag_with_taskflow_api_v02, task_id=greet, execution_date=20220302T000000, start_date=20230525T065237, end_date=20230525T065239
[2023-05-25T06:52:39.270+0000] {local_task_job_runner.py:225} INFO - Task exited with return code 0
[2023-05-25T06:52:39.699+0000] {taskinstance.py:2651} INFO - 0 downstream tasks scheduled from follow-on schedule check
[2023-05-25T10:23:31.262+0000] {taskinstance.py:1103} INFO - Dependencies all met for dep_context=non-requeueable deps ti=<TaskInstance: dag_with_taskflow_api_v02.greet scheduled__2022-03-02T00:00:00+00:00 [queued]>
[2023-05-25T10:23:31.299+0000] {taskinstance.py:1103} INFO - Dependencies all met for dep_context=requeueable deps ti=<TaskInstance: dag_with_taskflow_api_v02.greet scheduled__2022-03-02T00:00:00+00:00 [queued]>
[2023-05-25T10:23:31.300+0000] {taskinstance.py:1308} INFO - Starting attempt 1 of 6
[2023-05-25T10:23:31.371+0000] {taskinstance.py:1327} INFO - Executing <Task(_PythonDecoratedOperator): greet> on 2022-03-02 00:00:00+00:00
[2023-05-25T10:23:31.387+0000] {standard_task_runner.py:57} INFO - Started process 2144 to run task
[2023-05-25T10:23:31.401+0000] {standard_task_runner.py:84} INFO - Running: ['***', 'tasks', 'run', 'dag_with_taskflow_api_v02', 'greet', 'scheduled__2022-03-02T00:00:00+00:00', '--job-id', '386', '--raw', '--subdir', 'DAGS_FOLDER/first_dag.py', '--cfg-path', '/tmp/tmpvvq1wd1h']
[2023-05-25T10:23:31.417+0000] {standard_task_runner.py:85} INFO - Job 386: Subtask greet
[2023-05-25T10:23:31.684+0000] {task_command.py:410} INFO - Running <TaskInstance: dag_with_taskflow_api_v02.greet scheduled__2022-03-02T00:00:00+00:00 [running]> on host b1ae37a9584e
[2023-05-25T10:23:32.138+0000] {taskinstance.py:1547} INFO - Exporting env vars: AIRFLOW_CTX_DAG_OWNER='Sai' AIRFLOW_CTX_DAG_ID='dag_with_taskflow_api_v02' AIRFLOW_CTX_TASK_ID='greet' AIRFLOW_CTX_EXECUTION_DATE='2022-03-02T00:00:00+00:00' AIRFLOW_CTX_TRY_NUMBER='1' AIRFLOW_CTX_DAG_RUN_ID='scheduled__2022-03-02T00:00:00+00:00'
[2023-05-25T10:23:32.139+0000] {logging_mixin.py:149} INFO - Hello World! My name is Sai Tr and I am 19 years old!
[2023-05-25T10:23:32.139+0000] {python.py:183} INFO - Done. Returned value was: None
[2023-05-25T10:23:32.168+0000] {taskinstance.py:1350} INFO - Marking task as SUCCESS. dag_id=dag_with_taskflow_api_v02, task_id=greet, execution_date=20220302T000000, start_date=20230525T102331, end_date=20230525T102332
[2023-05-25T10:23:32.295+0000] {local_task_job_runner.py:225} INFO - Task exited with return code 0
[2023-05-25T10:23:32.746+0000] {taskinstance.py:2651} INFO - 0 downstream tasks scheduled from follow-on schedule check
