[2023-05-24T15:18:26.425+0000] {taskinstance.py:1103} INFO - Dependencies all met for dep_context=non-requeueable deps ti=<TaskInstance: dag_with_taskflow_api_v02.get_name scheduled__2022-02-05T00:00:00+00:00 [queued]>
[2023-05-24T15:18:26.554+0000] {taskinstance.py:1103} INFO - Dependencies all met for dep_context=requeueable deps ti=<TaskInstance: dag_with_taskflow_api_v02.get_name scheduled__2022-02-05T00:00:00+00:00 [queued]>
[2023-05-24T15:18:26.555+0000] {taskinstance.py:1308} INFO - Starting attempt 1 of 6
[2023-05-24T15:18:27.384+0000] {taskinstance.py:1327} INFO - Executing <Task(_PythonDecoratedOperator): get_name> on 2022-02-05 00:00:00+00:00
[2023-05-24T15:18:27.430+0000] {standard_task_runner.py:57} INFO - Started process 888 to run task
[2023-05-24T15:18:27.446+0000] {standard_task_runner.py:84} INFO - Running: ['***', 'tasks', 'run', 'dag_with_taskflow_api_v02', 'get_name', 'scheduled__2022-02-05T00:00:00+00:00', '--job-id', '309', '--raw', '--subdir', 'DAGS_FOLDER/first_dag.py', '--cfg-path', '/tmp/tmpz2dd0j4p']
[2023-05-24T15:18:27.455+0000] {standard_task_runner.py:85} INFO - Job 309: Subtask get_name
[2023-05-24T15:18:28.077+0000] {task_command.py:410} INFO - Running <TaskInstance: dag_with_taskflow_api_v02.get_name scheduled__2022-02-05T00:00:00+00:00 [running]> on host 942de29f183d
[2023-05-24T15:18:29.531+0000] {taskinstance.py:1547} INFO - Exporting env vars: AIRFLOW_CTX_DAG_OWNER='Sai' AIRFLOW_CTX_DAG_ID='dag_with_taskflow_api_v02' AIRFLOW_CTX_TASK_ID='get_name' AIRFLOW_CTX_EXECUTION_DATE='2022-02-05T00:00:00+00:00' AIRFLOW_CTX_TRY_NUMBER='1' AIRFLOW_CTX_DAG_RUN_ID='scheduled__2022-02-05T00:00:00+00:00'
[2023-05-24T15:18:29.532+0000] {python.py:183} INFO - Done. Returned value was: {'first_name': 'Sai', 'last_name': 'Tr'}
[2023-05-24T15:18:30.105+0000] {taskinstance.py:1350} INFO - Marking task as SUCCESS. dag_id=dag_with_taskflow_api_v02, task_id=get_name, execution_date=20220205T000000, start_date=20230524T151826, end_date=20230524T151830
[2023-05-24T15:18:30.819+0000] {local_task_job_runner.py:225} INFO - Task exited with return code 0
[2023-05-24T15:18:31.392+0000] {taskinstance.py:2651} INFO - 1 downstream tasks scheduled from follow-on schedule check
[2023-05-25T06:51:43.405+0000] {taskinstance.py:1103} INFO - Dependencies all met for dep_context=non-requeueable deps ti=<TaskInstance: dag_with_taskflow_api_v02.get_name scheduled__2022-02-05T00:00:00+00:00 [queued]>
[2023-05-25T06:51:43.511+0000] {taskinstance.py:1103} INFO - Dependencies all met for dep_context=requeueable deps ti=<TaskInstance: dag_with_taskflow_api_v02.get_name scheduled__2022-02-05T00:00:00+00:00 [queued]>
[2023-05-25T06:51:43.512+0000] {taskinstance.py:1308} INFO - Starting attempt 1 of 6
[2023-05-25T06:51:43.709+0000] {taskinstance.py:1327} INFO - Executing <Task(_PythonDecoratedOperator): get_name> on 2022-02-05 00:00:00+00:00
[2023-05-25T06:51:43.751+0000] {standard_task_runner.py:57} INFO - Started process 2414 to run task
[2023-05-25T06:51:43.770+0000] {standard_task_runner.py:84} INFO - Running: ['***', 'tasks', 'run', 'dag_with_taskflow_api_v02', 'get_name', 'scheduled__2022-02-05T00:00:00+00:00', '--job-id', '305', '--raw', '--subdir', 'DAGS_FOLDER/first_dag.py', '--cfg-path', '/tmp/tmpg2_0p8i8']
[2023-05-25T06:51:43.812+0000] {standard_task_runner.py:85} INFO - Job 305: Subtask get_name
[2023-05-25T06:51:44.062+0000] {task_command.py:410} INFO - Running <TaskInstance: dag_with_taskflow_api_v02.get_name scheduled__2022-02-05T00:00:00+00:00 [running]> on host 6bd07c7477d9
[2023-05-25T06:51:44.774+0000] {taskinstance.py:1547} INFO - Exporting env vars: AIRFLOW_CTX_DAG_OWNER='Sai' AIRFLOW_CTX_DAG_ID='dag_with_taskflow_api_v02' AIRFLOW_CTX_TASK_ID='get_name' AIRFLOW_CTX_EXECUTION_DATE='2022-02-05T00:00:00+00:00' AIRFLOW_CTX_TRY_NUMBER='1' AIRFLOW_CTX_DAG_RUN_ID='scheduled__2022-02-05T00:00:00+00:00'
[2023-05-25T06:51:44.775+0000] {python.py:183} INFO - Done. Returned value was: {'first_name': 'Sai', 'last_name': 'Tr'}
[2023-05-25T06:51:45.034+0000] {taskinstance.py:1350} INFO - Marking task as SUCCESS. dag_id=dag_with_taskflow_api_v02, task_id=get_name, execution_date=20220205T000000, start_date=20230525T065143, end_date=20230525T065145
[2023-05-25T06:51:45.220+0000] {local_task_job_runner.py:225} INFO - Task exited with return code 0
[2023-05-25T06:51:45.815+0000] {taskinstance.py:2651} INFO - 0 downstream tasks scheduled from follow-on schedule check
[2023-05-25T10:22:30.635+0000] {taskinstance.py:1103} INFO - Dependencies all met for dep_context=non-requeueable deps ti=<TaskInstance: dag_with_taskflow_api_v02.get_name scheduled__2022-02-05T00:00:00+00:00 [queued]>
[2023-05-25T10:22:30.736+0000] {taskinstance.py:1103} INFO - Dependencies all met for dep_context=requeueable deps ti=<TaskInstance: dag_with_taskflow_api_v02.get_name scheduled__2022-02-05T00:00:00+00:00 [queued]>
[2023-05-25T10:22:30.747+0000] {taskinstance.py:1308} INFO - Starting attempt 1 of 6
[2023-05-25T10:22:30.842+0000] {taskinstance.py:1327} INFO - Executing <Task(_PythonDecoratedOperator): get_name> on 2022-02-05 00:00:00+00:00
[2023-05-25T10:22:30.873+0000] {standard_task_runner.py:57} INFO - Started process 1960 to run task
[2023-05-25T10:22:30.892+0000] {standard_task_runner.py:84} INFO - Running: ['***', 'tasks', 'run', 'dag_with_taskflow_api_v02', 'get_name', 'scheduled__2022-02-05T00:00:00+00:00', '--job-id', '302', '--raw', '--subdir', 'DAGS_FOLDER/first_dag.py', '--cfg-path', '/tmp/tmpe30itby_']
[2023-05-25T10:22:30.898+0000] {standard_task_runner.py:85} INFO - Job 302: Subtask get_name
[2023-05-25T10:22:31.177+0000] {task_command.py:410} INFO - Running <TaskInstance: dag_with_taskflow_api_v02.get_name scheduled__2022-02-05T00:00:00+00:00 [running]> on host b1ae37a9584e
[2023-05-25T10:22:31.873+0000] {taskinstance.py:1547} INFO - Exporting env vars: AIRFLOW_CTX_DAG_OWNER='Sai' AIRFLOW_CTX_DAG_ID='dag_with_taskflow_api_v02' AIRFLOW_CTX_TASK_ID='get_name' AIRFLOW_CTX_EXECUTION_DATE='2022-02-05T00:00:00+00:00' AIRFLOW_CTX_TRY_NUMBER='1' AIRFLOW_CTX_DAG_RUN_ID='scheduled__2022-02-05T00:00:00+00:00'
[2023-05-25T10:22:31.874+0000] {python.py:183} INFO - Done. Returned value was: {'first_name': 'Sai', 'last_name': 'Tr'}
[2023-05-25T10:22:32.092+0000] {taskinstance.py:1350} INFO - Marking task as SUCCESS. dag_id=dag_with_taskflow_api_v02, task_id=get_name, execution_date=20220205T000000, start_date=20230525T102230, end_date=20230525T102232
[2023-05-25T10:22:32.292+0000] {local_task_job_runner.py:225} INFO - Task exited with return code 0
[2023-05-25T10:22:33.118+0000] {taskinstance.py:2651} INFO - 0 downstream tasks scheduled from follow-on schedule check
