[2023-05-24T15:17:48.666+0000] {taskinstance.py:1103} INFO - Dependencies all met for dep_context=non-requeueable deps ti=<TaskInstance: dag_with_taskflow_api_v02.greet scheduled__2022-01-13T00:00:00+00:00 [queued]>
[2023-05-24T15:17:48.739+0000] {taskinstance.py:1103} INFO - Dependencies all met for dep_context=requeueable deps ti=<TaskInstance: dag_with_taskflow_api_v02.greet scheduled__2022-01-13T00:00:00+00:00 [queued]>
[2023-05-24T15:17:48.739+0000] {taskinstance.py:1308} INFO - Starting attempt 1 of 6
[2023-05-24T15:17:48.898+0000] {taskinstance.py:1327} INFO - Executing <Task(_PythonDecoratedOperator): greet> on 2022-01-13 00:00:00+00:00
[2023-05-24T15:17:48.929+0000] {standard_task_runner.py:57} INFO - Started process 763 to run task
[2023-05-24T15:17:48.984+0000] {standard_task_runner.py:84} INFO - Running: ['***', 'tasks', 'run', 'dag_with_taskflow_api_v02', 'greet', 'scheduled__2022-01-13T00:00:00+00:00', '--job-id', '258', '--raw', '--subdir', 'DAGS_FOLDER/first_dag.py', '--cfg-path', '/tmp/tmpq4xtcc1v']
[2023-05-24T15:17:49.023+0000] {standard_task_runner.py:85} INFO - Job 258: Subtask greet
[2023-05-24T15:17:49.551+0000] {task_command.py:410} INFO - Running <TaskInstance: dag_with_taskflow_api_v02.greet scheduled__2022-01-13T00:00:00+00:00 [running]> on host 942de29f183d
[2023-05-24T15:17:50.518+0000] {taskinstance.py:1547} INFO - Exporting env vars: AIRFLOW_CTX_DAG_OWNER='Sai' AIRFLOW_CTX_DAG_ID='dag_with_taskflow_api_v02' AIRFLOW_CTX_TASK_ID='greet' AIRFLOW_CTX_EXECUTION_DATE='2022-01-13T00:00:00+00:00' AIRFLOW_CTX_TRY_NUMBER='1' AIRFLOW_CTX_DAG_RUN_ID='scheduled__2022-01-13T00:00:00+00:00'
[2023-05-24T15:17:50.520+0000] {logging_mixin.py:149} INFO - Hello World! My name is Sai Tr and I am 19 years old!
[2023-05-24T15:17:50.521+0000] {python.py:183} INFO - Done. Returned value was: None
[2023-05-24T15:17:50.580+0000] {taskinstance.py:1350} INFO - Marking task as SUCCESS. dag_id=dag_with_taskflow_api_v02, task_id=greet, execution_date=20220113T000000, start_date=20230524T151748, end_date=20230524T151750
[2023-05-24T15:17:50.722+0000] {local_task_job_runner.py:225} INFO - Task exited with return code 0
[2023-05-24T15:17:50.838+0000] {taskinstance.py:2651} INFO - 0 downstream tasks scheduled from follow-on schedule check
[2023-05-25T06:51:18.644+0000] {taskinstance.py:1103} INFO - Dependencies all met for dep_context=non-requeueable deps ti=<TaskInstance: dag_with_taskflow_api_v02.greet scheduled__2022-01-13T00:00:00+00:00 [queued]>
[2023-05-25T06:51:18.722+0000] {taskinstance.py:1103} INFO - Dependencies all met for dep_context=requeueable deps ti=<TaskInstance: dag_with_taskflow_api_v02.greet scheduled__2022-01-13T00:00:00+00:00 [queued]>
[2023-05-25T06:51:18.722+0000] {taskinstance.py:1308} INFO - Starting attempt 1 of 6
[2023-05-25T06:51:18.951+0000] {taskinstance.py:1327} INFO - Executing <Task(_PythonDecoratedOperator): greet> on 2022-01-13 00:00:00+00:00
[2023-05-25T06:51:18.979+0000] {standard_task_runner.py:57} INFO - Started process 2311 to run task
[2023-05-25T06:51:18.991+0000] {standard_task_runner.py:84} INFO - Running: ['***', 'tasks', 'run', 'dag_with_taskflow_api_v02', 'greet', 'scheduled__2022-01-13T00:00:00+00:00', '--job-id', '259', '--raw', '--subdir', 'DAGS_FOLDER/first_dag.py', '--cfg-path', '/tmp/tmpzps4xj1u']
[2023-05-25T06:51:19.022+0000] {standard_task_runner.py:85} INFO - Job 259: Subtask greet
[2023-05-25T06:51:19.520+0000] {task_command.py:410} INFO - Running <TaskInstance: dag_with_taskflow_api_v02.greet scheduled__2022-01-13T00:00:00+00:00 [running]> on host 6bd07c7477d9
[2023-05-25T06:51:20.657+0000] {taskinstance.py:1547} INFO - Exporting env vars: AIRFLOW_CTX_DAG_OWNER='Sai' AIRFLOW_CTX_DAG_ID='dag_with_taskflow_api_v02' AIRFLOW_CTX_TASK_ID='greet' AIRFLOW_CTX_EXECUTION_DATE='2022-01-13T00:00:00+00:00' AIRFLOW_CTX_TRY_NUMBER='1' AIRFLOW_CTX_DAG_RUN_ID='scheduled__2022-01-13T00:00:00+00:00'
[2023-05-25T06:51:20.658+0000] {logging_mixin.py:149} INFO - Hello World! My name is Sai Tr and I am 19 years old!
[2023-05-25T06:51:20.659+0000] {python.py:183} INFO - Done. Returned value was: None
[2023-05-25T06:51:20.706+0000] {taskinstance.py:1350} INFO - Marking task as SUCCESS. dag_id=dag_with_taskflow_api_v02, task_id=greet, execution_date=20220113T000000, start_date=20230525T065118, end_date=20230525T065120
[2023-05-25T06:51:20.858+0000] {local_task_job_runner.py:225} INFO - Task exited with return code 0
[2023-05-25T06:51:20.996+0000] {taskinstance.py:2651} INFO - 0 downstream tasks scheduled from follow-on schedule check
[2023-05-25T10:21:42.287+0000] {taskinstance.py:1103} INFO - Dependencies all met for dep_context=non-requeueable deps ti=<TaskInstance: dag_with_taskflow_api_v02.greet scheduled__2022-01-13T00:00:00+00:00 [queued]>
[2023-05-25T10:21:42.309+0000] {taskinstance.py:1103} INFO - Dependencies all met for dep_context=requeueable deps ti=<TaskInstance: dag_with_taskflow_api_v02.greet scheduled__2022-01-13T00:00:00+00:00 [queued]>
[2023-05-25T10:21:42.309+0000] {taskinstance.py:1308} INFO - Starting attempt 1 of 6
[2023-05-25T10:21:42.348+0000] {taskinstance.py:1327} INFO - Executing <Task(_PythonDecoratedOperator): greet> on 2022-01-13 00:00:00+00:00
[2023-05-25T10:21:42.355+0000] {standard_task_runner.py:57} INFO - Started process 1807 to run task
[2023-05-25T10:21:42.365+0000] {standard_task_runner.py:84} INFO - Running: ['***', 'tasks', 'run', 'dag_with_taskflow_api_v02', 'greet', 'scheduled__2022-01-13T00:00:00+00:00', '--job-id', '241', '--raw', '--subdir', 'DAGS_FOLDER/first_dag.py', '--cfg-path', '/tmp/tmpu9z9cjtx']
[2023-05-25T10:21:42.368+0000] {standard_task_runner.py:85} INFO - Job 241: Subtask greet
[2023-05-25T10:21:42.489+0000] {task_command.py:410} INFO - Running <TaskInstance: dag_with_taskflow_api_v02.greet scheduled__2022-01-13T00:00:00+00:00 [running]> on host b1ae37a9584e
[2023-05-25T10:21:42.814+0000] {taskinstance.py:1547} INFO - Exporting env vars: AIRFLOW_CTX_DAG_OWNER='Sai' AIRFLOW_CTX_DAG_ID='dag_with_taskflow_api_v02' AIRFLOW_CTX_TASK_ID='greet' AIRFLOW_CTX_EXECUTION_DATE='2022-01-13T00:00:00+00:00' AIRFLOW_CTX_TRY_NUMBER='1' AIRFLOW_CTX_DAG_RUN_ID='scheduled__2022-01-13T00:00:00+00:00'
[2023-05-25T10:21:42.815+0000] {logging_mixin.py:149} INFO - Hello World! My name is Sai Tr and I am 19 years old!
[2023-05-25T10:21:42.815+0000] {python.py:183} INFO - Done. Returned value was: None
[2023-05-25T10:21:42.840+0000] {taskinstance.py:1350} INFO - Marking task as SUCCESS. dag_id=dag_with_taskflow_api_v02, task_id=greet, execution_date=20220113T000000, start_date=20230525T102142, end_date=20230525T102142
[2023-05-25T10:21:42.905+0000] {local_task_job_runner.py:225} INFO - Task exited with return code 0
[2023-05-25T10:21:42.982+0000] {taskinstance.py:2651} INFO - 0 downstream tasks scheduled from follow-on schedule check
