[2023-05-23T10:06:44.342+0000] {processor.py:157} INFO - Started process (PID=228) to work on /home/airflow/.local/lib/python3.7/site-packages/airflow/example_dags/example_branch_day_of_week_operator.py
[2023-05-23T10:06:44.343+0000] {processor.py:826} INFO - Processing file /home/airflow/.local/lib/python3.7/site-packages/airflow/example_dags/example_branch_day_of_week_operator.py for tasks to queue
[2023-05-23T10:06:44.344+0000] {logging_mixin.py:149} INFO - [2023-05-23T10:06:44.344+0000] {dagbag.py:541} INFO - Filling up the DagBag from /home/airflow/.local/lib/python3.7/site-packages/airflow/example_dags/example_branch_day_of_week_operator.py
[2023-05-23T10:06:44.357+0000] {processor.py:836} INFO - DAG(s) dict_keys(['example_weekday_branch_operator']) retrieved from /home/airflow/.local/lib/python3.7/site-packages/airflow/example_dags/example_branch_day_of_week_operator.py
[2023-05-23T10:06:44.377+0000] {logging_mixin.py:149} INFO - [2023-05-23T10:06:44.377+0000] {dag.py:2726} INFO - Sync 1 DAGs
[2023-05-23T10:06:44.432+0000] {logging_mixin.py:149} INFO - [2023-05-23T10:06:44.431+0000] {dag.py:3490} INFO - Setting next_dagrun for example_weekday_branch_operator to 2023-05-22T00:00:00+00:00, run_after=2023-05-23T00:00:00+00:00
[2023-05-23T10:06:44.486+0000] {processor.py:179} INFO - Processing /home/airflow/.local/lib/python3.7/site-packages/airflow/example_dags/example_branch_day_of_week_operator.py took 0.152 seconds
[2023-05-23T10:07:17.342+0000] {processor.py:157} INFO - Started process (PID=466) to work on /home/airflow/.local/lib/python3.7/site-packages/airflow/example_dags/example_branch_day_of_week_operator.py
[2023-05-23T10:07:17.343+0000] {processor.py:826} INFO - Processing file /home/airflow/.local/lib/python3.7/site-packages/airflow/example_dags/example_branch_day_of_week_operator.py for tasks to queue
[2023-05-23T10:07:17.345+0000] {logging_mixin.py:149} INFO - [2023-05-23T10:07:17.344+0000] {dagbag.py:541} INFO - Filling up the DagBag from /home/airflow/.local/lib/python3.7/site-packages/airflow/example_dags/example_branch_day_of_week_operator.py
[2023-05-23T10:07:17.365+0000] {processor.py:836} INFO - DAG(s) dict_keys(['example_weekday_branch_operator']) retrieved from /home/airflow/.local/lib/python3.7/site-packages/airflow/example_dags/example_branch_day_of_week_operator.py
[2023-05-23T10:07:17.436+0000] {logging_mixin.py:149} INFO - [2023-05-23T10:07:17.435+0000] {dag.py:2726} INFO - Sync 1 DAGs
[2023-05-23T10:07:17.523+0000] {logging_mixin.py:149} INFO - [2023-05-23T10:07:17.523+0000] {dag.py:3490} INFO - Setting next_dagrun for example_weekday_branch_operator to 2023-05-22T00:00:00+00:00, run_after=2023-05-23T00:00:00+00:00
[2023-05-23T10:07:17.745+0000] {processor.py:179} INFO - Processing /home/airflow/.local/lib/python3.7/site-packages/airflow/example_dags/example_branch_day_of_week_operator.py took 0.408 seconds
[2023-05-23T10:14:33.165+0000] {processor.py:157} INFO - Started process (PID=803) to work on /home/airflow/.local/lib/python3.7/site-packages/airflow/example_dags/example_branch_day_of_week_operator.py
[2023-05-23T10:14:33.202+0000] {processor.py:826} INFO - Processing file /home/airflow/.local/lib/python3.7/site-packages/airflow/example_dags/example_branch_day_of_week_operator.py for tasks to queue
[2023-05-23T10:14:33.208+0000] {logging_mixin.py:149} INFO - [2023-05-23T10:14:33.208+0000] {dagbag.py:541} INFO - Filling up the DagBag from /home/airflow/.local/lib/python3.7/site-packages/airflow/example_dags/example_branch_day_of_week_operator.py
[2023-05-23T10:14:33.241+0000] {processor.py:836} INFO - DAG(s) dict_keys(['example_weekday_branch_operator']) retrieved from /home/airflow/.local/lib/python3.7/site-packages/airflow/example_dags/example_branch_day_of_week_operator.py
[2023-05-23T10:14:33.376+0000] {logging_mixin.py:149} INFO - [2023-05-23T10:14:33.376+0000] {dag.py:2726} INFO - Sync 1 DAGs
[2023-05-23T10:14:33.696+0000] {logging_mixin.py:149} INFO - [2023-05-23T10:14:33.696+0000] {dag.py:3490} INFO - Setting next_dagrun for example_weekday_branch_operator to 2023-05-22T00:00:00+00:00, run_after=2023-05-23T00:00:00+00:00
[2023-05-23T10:14:33.846+0000] {processor.py:179} INFO - Processing /home/airflow/.local/lib/python3.7/site-packages/airflow/example_dags/example_branch_day_of_week_operator.py took 0.687 seconds
[2023-05-23T10:18:55.220+0000] {processor.py:157} INFO - Started process (PID=265) to work on /home/airflow/.local/lib/python3.7/site-packages/airflow/example_dags/example_branch_day_of_week_operator.py
[2023-05-23T10:18:55.221+0000] {processor.py:826} INFO - Processing file /home/airflow/.local/lib/python3.7/site-packages/airflow/example_dags/example_branch_day_of_week_operator.py for tasks to queue
[2023-05-23T10:18:55.222+0000] {logging_mixin.py:149} INFO - [2023-05-23T10:18:55.222+0000] {dagbag.py:541} INFO - Filling up the DagBag from /home/airflow/.local/lib/python3.7/site-packages/airflow/example_dags/example_branch_day_of_week_operator.py
[2023-05-23T10:18:55.251+0000] {processor.py:836} INFO - DAG(s) dict_keys(['example_weekday_branch_operator']) retrieved from /home/airflow/.local/lib/python3.7/site-packages/airflow/example_dags/example_branch_day_of_week_operator.py
[2023-05-23T10:18:55.606+0000] {logging_mixin.py:149} INFO - [2023-05-23T10:18:55.606+0000] {dag.py:2726} INFO - Sync 1 DAGs
[2023-05-23T10:18:56.216+0000] {logging_mixin.py:149} INFO - [2023-05-23T10:18:56.216+0000] {dag.py:3490} INFO - Setting next_dagrun for example_weekday_branch_operator to 2023-05-22T00:00:00+00:00, run_after=2023-05-23T00:00:00+00:00
[2023-05-23T10:18:56.448+0000] {processor.py:179} INFO - Processing /home/airflow/.local/lib/python3.7/site-packages/airflow/example_dags/example_branch_day_of_week_operator.py took 1.234 seconds
[2023-05-23T10:19:26.913+0000] {processor.py:157} INFO - Started process (PID=674) to work on /home/airflow/.local/lib/python3.7/site-packages/airflow/example_dags/example_branch_day_of_week_operator.py
[2023-05-23T10:19:26.914+0000] {processor.py:826} INFO - Processing file /home/airflow/.local/lib/python3.7/site-packages/airflow/example_dags/example_branch_day_of_week_operator.py for tasks to queue
[2023-05-23T10:19:26.920+0000] {logging_mixin.py:149} INFO - [2023-05-23T10:19:26.919+0000] {dagbag.py:541} INFO - Filling up the DagBag from /home/airflow/.local/lib/python3.7/site-packages/airflow/example_dags/example_branch_day_of_week_operator.py
[2023-05-23T10:19:26.974+0000] {processor.py:836} INFO - DAG(s) dict_keys(['example_weekday_branch_operator']) retrieved from /home/airflow/.local/lib/python3.7/site-packages/airflow/example_dags/example_branch_day_of_week_operator.py
[2023-05-23T10:19:27.159+0000] {logging_mixin.py:149} INFO - [2023-05-23T10:19:27.159+0000] {dag.py:2726} INFO - Sync 1 DAGs
[2023-05-23T10:19:27.384+0000] {logging_mixin.py:149} INFO - [2023-05-23T10:19:27.383+0000] {dag.py:3490} INFO - Setting next_dagrun for example_weekday_branch_operator to 2023-05-22T00:00:00+00:00, run_after=2023-05-23T00:00:00+00:00
[2023-05-23T10:19:27.514+0000] {processor.py:179} INFO - Processing /home/airflow/.local/lib/python3.7/site-packages/airflow/example_dags/example_branch_day_of_week_operator.py took 0.641 seconds
[2023-05-23T10:20:00.159+0000] {processor.py:157} INFO - Started process (PID=1098) to work on /home/airflow/.local/lib/python3.7/site-packages/airflow/example_dags/example_branch_day_of_week_operator.py
[2023-05-23T10:20:00.170+0000] {processor.py:826} INFO - Processing file /home/airflow/.local/lib/python3.7/site-packages/airflow/example_dags/example_branch_day_of_week_operator.py for tasks to queue
[2023-05-23T10:20:00.174+0000] {logging_mixin.py:149} INFO - [2023-05-23T10:20:00.174+0000] {dagbag.py:541} INFO - Filling up the DagBag from /home/airflow/.local/lib/python3.7/site-packages/airflow/example_dags/example_branch_day_of_week_operator.py
[2023-05-23T10:20:00.270+0000] {processor.py:836} INFO - DAG(s) dict_keys(['example_weekday_branch_operator']) retrieved from /home/airflow/.local/lib/python3.7/site-packages/airflow/example_dags/example_branch_day_of_week_operator.py
[2023-05-23T10:20:00.468+0000] {logging_mixin.py:149} INFO - [2023-05-23T10:20:00.468+0000] {dag.py:2726} INFO - Sync 1 DAGs
[2023-05-23T10:20:00.871+0000] {logging_mixin.py:149} INFO - [2023-05-23T10:20:00.855+0000] {dag.py:3490} INFO - Setting next_dagrun for example_weekday_branch_operator to 2023-05-22T00:00:00+00:00, run_after=2023-05-23T00:00:00+00:00
[2023-05-23T10:20:01.183+0000] {processor.py:179} INFO - Processing /home/airflow/.local/lib/python3.7/site-packages/airflow/example_dags/example_branch_day_of_week_operator.py took 1.063 seconds
[2023-05-23T10:20:33.336+0000] {processor.py:157} INFO - Started process (PID=1438) to work on /home/airflow/.local/lib/python3.7/site-packages/airflow/example_dags/example_branch_day_of_week_operator.py
[2023-05-23T10:20:33.338+0000] {processor.py:826} INFO - Processing file /home/airflow/.local/lib/python3.7/site-packages/airflow/example_dags/example_branch_day_of_week_operator.py for tasks to queue
[2023-05-23T10:20:33.361+0000] {logging_mixin.py:149} INFO - [2023-05-23T10:20:33.361+0000] {dagbag.py:541} INFO - Filling up the DagBag from /home/airflow/.local/lib/python3.7/site-packages/airflow/example_dags/example_branch_day_of_week_operator.py
[2023-05-23T10:20:33.513+0000] {processor.py:836} INFO - DAG(s) dict_keys(['example_weekday_branch_operator']) retrieved from /home/airflow/.local/lib/python3.7/site-packages/airflow/example_dags/example_branch_day_of_week_operator.py
[2023-05-23T10:20:33.896+0000] {logging_mixin.py:149} INFO - [2023-05-23T10:20:33.896+0000] {dag.py:2726} INFO - Sync 1 DAGs
[2023-05-23T10:20:34.033+0000] {logging_mixin.py:149} INFO - [2023-05-23T10:20:34.033+0000] {dag.py:3490} INFO - Setting next_dagrun for example_weekday_branch_operator to 2023-05-22T00:00:00+00:00, run_after=2023-05-23T00:00:00+00:00
[2023-05-23T10:20:34.585+0000] {processor.py:179} INFO - Processing /home/airflow/.local/lib/python3.7/site-packages/airflow/example_dags/example_branch_day_of_week_operator.py took 1.292 seconds
[2023-05-23T10:21:20.741+0000] {processor.py:157} INFO - Started process (PID=1863) to work on /home/airflow/.local/lib/python3.7/site-packages/airflow/example_dags/example_branch_day_of_week_operator.py
[2023-05-23T10:21:20.753+0000] {processor.py:826} INFO - Processing file /home/airflow/.local/lib/python3.7/site-packages/airflow/example_dags/example_branch_day_of_week_operator.py for tasks to queue
[2023-05-23T10:21:20.755+0000] {logging_mixin.py:149} INFO - [2023-05-23T10:21:20.754+0000] {dagbag.py:541} INFO - Filling up the DagBag from /home/airflow/.local/lib/python3.7/site-packages/airflow/example_dags/example_branch_day_of_week_operator.py
[2023-05-23T10:21:20.880+0000] {processor.py:836} INFO - DAG(s) dict_keys(['example_weekday_branch_operator']) retrieved from /home/airflow/.local/lib/python3.7/site-packages/airflow/example_dags/example_branch_day_of_week_operator.py
[2023-05-23T10:21:21.344+0000] {logging_mixin.py:149} INFO - [2023-05-23T10:21:21.344+0000] {dag.py:2726} INFO - Sync 1 DAGs
[2023-05-23T10:21:21.818+0000] {logging_mixin.py:149} INFO - [2023-05-23T10:21:21.818+0000] {dag.py:3490} INFO - Setting next_dagrun for example_weekday_branch_operator to 2023-05-22T00:00:00+00:00, run_after=2023-05-23T00:00:00+00:00
[2023-05-23T10:21:22.247+0000] {processor.py:179} INFO - Processing /home/airflow/.local/lib/python3.7/site-packages/airflow/example_dags/example_branch_day_of_week_operator.py took 1.538 seconds
[2023-05-23T10:22:30.868+0000] {processor.py:157} INFO - Started process (PID=227) to work on /home/airflow/.local/lib/python3.7/site-packages/airflow/example_dags/example_branch_day_of_week_operator.py
[2023-05-23T10:22:30.876+0000] {processor.py:826} INFO - Processing file /home/airflow/.local/lib/python3.7/site-packages/airflow/example_dags/example_branch_day_of_week_operator.py for tasks to queue
[2023-05-23T10:22:30.877+0000] {logging_mixin.py:149} INFO - [2023-05-23T10:22:30.877+0000] {dagbag.py:541} INFO - Filling up the DagBag from /home/airflow/.local/lib/python3.7/site-packages/airflow/example_dags/example_branch_day_of_week_operator.py
[2023-05-23T10:22:30.912+0000] {processor.py:836} INFO - DAG(s) dict_keys(['example_weekday_branch_operator']) retrieved from /home/airflow/.local/lib/python3.7/site-packages/airflow/example_dags/example_branch_day_of_week_operator.py
[2023-05-23T10:22:31.389+0000] {logging_mixin.py:149} INFO - [2023-05-23T10:22:31.389+0000] {manager.py:504} INFO - Created Permission View: can delete on DAG:example_weekday_branch_operator
[2023-05-23T10:22:31.446+0000] {logging_mixin.py:149} INFO - [2023-05-23T10:22:31.446+0000] {manager.py:504} INFO - Created Permission View: can read on DAG:example_weekday_branch_operator
[2023-05-23T10:22:31.473+0000] {logging_mixin.py:149} INFO - [2023-05-23T10:22:31.472+0000] {manager.py:504} INFO - Created Permission View: can edit on DAG:example_weekday_branch_operator
[2023-05-23T10:22:31.473+0000] {logging_mixin.py:149} INFO - [2023-05-23T10:22:31.473+0000] {dag.py:2726} INFO - Sync 1 DAGs
[2023-05-23T10:22:31.661+0000] {logging_mixin.py:149} INFO - [2023-05-23T10:22:31.661+0000] {dag.py:2747} INFO - Creating ORM DAG for example_weekday_branch_operator
[2023-05-23T10:22:31.687+0000] {logging_mixin.py:149} INFO - [2023-05-23T10:22:31.687+0000] {dag.py:3490} INFO - Setting next_dagrun for example_weekday_branch_operator to 2023-05-22T00:00:00+00:00, run_after=2023-05-23T00:00:00+00:00
[2023-05-23T10:22:31.729+0000] {processor.py:179} INFO - Processing /home/airflow/.local/lib/python3.7/site-packages/airflow/example_dags/example_branch_day_of_week_operator.py took 0.879 seconds
[2023-05-23T10:23:02.178+0000] {processor.py:157} INFO - Started process (PID=469) to work on /home/airflow/.local/lib/python3.7/site-packages/airflow/example_dags/example_branch_day_of_week_operator.py
[2023-05-23T10:23:02.179+0000] {processor.py:826} INFO - Processing file /home/airflow/.local/lib/python3.7/site-packages/airflow/example_dags/example_branch_day_of_week_operator.py for tasks to queue
[2023-05-23T10:23:02.180+0000] {logging_mixin.py:149} INFO - [2023-05-23T10:23:02.180+0000] {dagbag.py:541} INFO - Filling up the DagBag from /home/airflow/.local/lib/python3.7/site-packages/airflow/example_dags/example_branch_day_of_week_operator.py
[2023-05-23T10:23:02.194+0000] {processor.py:836} INFO - DAG(s) dict_keys(['example_weekday_branch_operator']) retrieved from /home/airflow/.local/lib/python3.7/site-packages/airflow/example_dags/example_branch_day_of_week_operator.py
[2023-05-23T10:23:02.228+0000] {logging_mixin.py:149} INFO - [2023-05-23T10:23:02.227+0000] {dag.py:2726} INFO - Sync 1 DAGs
[2023-05-23T10:23:02.267+0000] {logging_mixin.py:149} INFO - [2023-05-23T10:23:02.267+0000] {dag.py:3490} INFO - Setting next_dagrun for example_weekday_branch_operator to 2023-05-22T00:00:00+00:00, run_after=2023-05-23T00:00:00+00:00
[2023-05-23T10:23:02.439+0000] {processor.py:179} INFO - Processing /home/airflow/.local/lib/python3.7/site-packages/airflow/example_dags/example_branch_day_of_week_operator.py took 0.269 seconds
[2023-05-23T10:23:33.294+0000] {processor.py:157} INFO - Started process (PID=710) to work on /home/airflow/.local/lib/python3.7/site-packages/airflow/example_dags/example_branch_day_of_week_operator.py
[2023-05-23T10:23:33.299+0000] {processor.py:826} INFO - Processing file /home/airflow/.local/lib/python3.7/site-packages/airflow/example_dags/example_branch_day_of_week_operator.py for tasks to queue
[2023-05-23T10:23:33.303+0000] {logging_mixin.py:149} INFO - [2023-05-23T10:23:33.303+0000] {dagbag.py:541} INFO - Filling up the DagBag from /home/airflow/.local/lib/python3.7/site-packages/airflow/example_dags/example_branch_day_of_week_operator.py
[2023-05-23T10:23:33.335+0000] {processor.py:836} INFO - DAG(s) dict_keys(['example_weekday_branch_operator']) retrieved from /home/airflow/.local/lib/python3.7/site-packages/airflow/example_dags/example_branch_day_of_week_operator.py
[2023-05-23T10:23:33.637+0000] {logging_mixin.py:149} INFO - [2023-05-23T10:23:33.636+0000] {dag.py:2726} INFO - Sync 1 DAGs
[2023-05-23T10:23:33.709+0000] {logging_mixin.py:149} INFO - [2023-05-23T10:23:33.709+0000] {dag.py:3490} INFO - Setting next_dagrun for example_weekday_branch_operator to 2023-05-22T00:00:00+00:00, run_after=2023-05-23T00:00:00+00:00
[2023-05-23T10:23:33.782+0000] {processor.py:179} INFO - Processing /home/airflow/.local/lib/python3.7/site-packages/airflow/example_dags/example_branch_day_of_week_operator.py took 0.498 seconds
