[2023-05-23T10:06:43.633+0000] {processor.py:157} INFO - Started process (PID=206) to work on /home/airflow/.local/lib/python3.7/site-packages/airflow/example_dags/example_sla_dag.py
[2023-05-23T10:06:43.634+0000] {processor.py:826} INFO - Processing file /home/airflow/.local/lib/python3.7/site-packages/airflow/example_dags/example_sla_dag.py for tasks to queue
[2023-05-23T10:06:43.635+0000] {logging_mixin.py:149} INFO - [2023-05-23T10:06:43.635+0000] {dagbag.py:541} INFO - Filling up the DagBag from /home/airflow/.local/lib/python3.7/site-packages/airflow/example_dags/example_sla_dag.py
[2023-05-23T10:06:43.654+0000] {processor.py:836} INFO - DAG(s) dict_keys(['example_sla_dag']) retrieved from /home/airflow/.local/lib/python3.7/site-packages/airflow/example_dags/example_sla_dag.py
[2023-05-23T10:06:43.679+0000] {logging_mixin.py:149} INFO - [2023-05-23T10:06:43.678+0000] {dag.py:2726} INFO - Sync 1 DAGs
[2023-05-23T10:06:43.743+0000] {logging_mixin.py:149} INFO - [2023-05-23T10:06:43.742+0000] {dag.py:3490} INFO - Setting next_dagrun for example_sla_dag to 2023-05-23T10:04:00+00:00, run_after=2023-05-23T10:06:00+00:00
[2023-05-23T10:06:43.784+0000] {processor.py:179} INFO - Processing /home/airflow/.local/lib/python3.7/site-packages/airflow/example_dags/example_sla_dag.py took 0.160 seconds
[2023-05-23T10:07:16.323+0000] {processor.py:157} INFO - Started process (PID=446) to work on /home/airflow/.local/lib/python3.7/site-packages/airflow/example_dags/example_sla_dag.py
[2023-05-23T10:07:16.326+0000] {processor.py:826} INFO - Processing file /home/airflow/.local/lib/python3.7/site-packages/airflow/example_dags/example_sla_dag.py for tasks to queue
[2023-05-23T10:07:16.327+0000] {logging_mixin.py:149} INFO - [2023-05-23T10:07:16.327+0000] {dagbag.py:541} INFO - Filling up the DagBag from /home/airflow/.local/lib/python3.7/site-packages/airflow/example_dags/example_sla_dag.py
[2023-05-23T10:07:16.349+0000] {processor.py:836} INFO - DAG(s) dict_keys(['example_sla_dag']) retrieved from /home/airflow/.local/lib/python3.7/site-packages/airflow/example_dags/example_sla_dag.py
[2023-05-23T10:07:16.423+0000] {logging_mixin.py:149} INFO - [2023-05-23T10:07:16.423+0000] {dag.py:2726} INFO - Sync 1 DAGs
[2023-05-23T10:07:16.521+0000] {logging_mixin.py:149} INFO - [2023-05-23T10:07:16.521+0000] {dag.py:3490} INFO - Setting next_dagrun for example_sla_dag to 2023-05-23T10:04:00+00:00, run_after=2023-05-23T10:06:00+00:00
[2023-05-23T10:07:16.779+0000] {processor.py:179} INFO - Processing /home/airflow/.local/lib/python3.7/site-packages/airflow/example_dags/example_sla_dag.py took 0.464 seconds
[2023-05-23T10:14:27.163+0000] {processor.py:157} INFO - Started process (PID=755) to work on /home/airflow/.local/lib/python3.7/site-packages/airflow/example_dags/example_sla_dag.py
[2023-05-23T10:14:27.407+0000] {processor.py:826} INFO - Processing file /home/airflow/.local/lib/python3.7/site-packages/airflow/example_dags/example_sla_dag.py for tasks to queue
[2023-05-23T10:14:27.413+0000] {logging_mixin.py:149} INFO - [2023-05-23T10:14:27.413+0000] {dagbag.py:541} INFO - Filling up the DagBag from /home/airflow/.local/lib/python3.7/site-packages/airflow/example_dags/example_sla_dag.py
[2023-05-23T10:14:27.562+0000] {processor.py:836} INFO - DAG(s) dict_keys(['example_sla_dag']) retrieved from /home/airflow/.local/lib/python3.7/site-packages/airflow/example_dags/example_sla_dag.py
[2023-05-23T10:14:28.059+0000] {logging_mixin.py:149} INFO - [2023-05-23T10:14:28.058+0000] {dag.py:2726} INFO - Sync 1 DAGs
[2023-05-23T10:14:28.459+0000] {logging_mixin.py:149} INFO - [2023-05-23T10:14:28.459+0000] {dag.py:3490} INFO - Setting next_dagrun for example_sla_dag to 2023-05-23T10:12:00+00:00, run_after=2023-05-23T10:14:00+00:00
[2023-05-23T10:14:28.932+0000] {processor.py:179} INFO - Processing /home/airflow/.local/lib/python3.7/site-packages/airflow/example_dags/example_sla_dag.py took 1.823 seconds
[2023-05-23T10:18:47.309+0000] {processor.py:157} INFO - Started process (PID=229) to work on /home/airflow/.local/lib/python3.7/site-packages/airflow/example_dags/example_sla_dag.py
[2023-05-23T10:18:47.348+0000] {processor.py:826} INFO - Processing file /home/airflow/.local/lib/python3.7/site-packages/airflow/example_dags/example_sla_dag.py for tasks to queue
[2023-05-23T10:18:47.349+0000] {logging_mixin.py:149} INFO - [2023-05-23T10:18:47.349+0000] {dagbag.py:541} INFO - Filling up the DagBag from /home/airflow/.local/lib/python3.7/site-packages/airflow/example_dags/example_sla_dag.py
[2023-05-23T10:18:47.696+0000] {processor.py:836} INFO - DAG(s) dict_keys(['example_sla_dag']) retrieved from /home/airflow/.local/lib/python3.7/site-packages/airflow/example_dags/example_sla_dag.py
[2023-05-23T10:18:48.933+0000] {logging_mixin.py:149} INFO - [2023-05-23T10:18:48.932+0000] {dag.py:2726} INFO - Sync 1 DAGs
[2023-05-23T10:18:51.156+0000] {logging_mixin.py:149} INFO - [2023-05-23T10:18:51.003+0000] {dag.py:3490} INFO - Setting next_dagrun for example_sla_dag to 2023-05-23T10:16:00+00:00, run_after=2023-05-23T10:18:00+00:00
[2023-05-23T10:18:51.932+0000] {processor.py:179} INFO - Processing /home/airflow/.local/lib/python3.7/site-packages/airflow/example_dags/example_sla_dag.py took 4.681 seconds
[2023-05-23T10:19:22.409+0000] {processor.py:157} INFO - Started process (PID=650) to work on /home/airflow/.local/lib/python3.7/site-packages/airflow/example_dags/example_sla_dag.py
[2023-05-23T10:19:22.410+0000] {processor.py:826} INFO - Processing file /home/airflow/.local/lib/python3.7/site-packages/airflow/example_dags/example_sla_dag.py for tasks to queue
[2023-05-23T10:19:22.411+0000] {logging_mixin.py:149} INFO - [2023-05-23T10:19:22.411+0000] {dagbag.py:541} INFO - Filling up the DagBag from /home/airflow/.local/lib/python3.7/site-packages/airflow/example_dags/example_sla_dag.py
[2023-05-23T10:19:22.421+0000] {processor.py:836} INFO - DAG(s) dict_keys(['example_sla_dag']) retrieved from /home/airflow/.local/lib/python3.7/site-packages/airflow/example_dags/example_sla_dag.py
[2023-05-23T10:19:22.453+0000] {logging_mixin.py:149} INFO - [2023-05-23T10:19:22.452+0000] {dag.py:2726} INFO - Sync 1 DAGs
[2023-05-23T10:19:22.493+0000] {logging_mixin.py:149} INFO - [2023-05-23T10:19:22.492+0000] {dag.py:3490} INFO - Setting next_dagrun for example_sla_dag to 2023-05-23T10:16:00+00:00, run_after=2023-05-23T10:18:00+00:00
[2023-05-23T10:19:22.517+0000] {processor.py:179} INFO - Processing /home/airflow/.local/lib/python3.7/site-packages/airflow/example_dags/example_sla_dag.py took 0.114 seconds
[2023-05-23T10:19:56.294+0000] {processor.py:157} INFO - Started process (PID=1060) to work on /home/airflow/.local/lib/python3.7/site-packages/airflow/example_dags/example_sla_dag.py
[2023-05-23T10:19:56.295+0000] {processor.py:826} INFO - Processing file /home/airflow/.local/lib/python3.7/site-packages/airflow/example_dags/example_sla_dag.py for tasks to queue
[2023-05-23T10:19:56.297+0000] {logging_mixin.py:149} INFO - [2023-05-23T10:19:56.296+0000] {dagbag.py:541} INFO - Filling up the DagBag from /home/airflow/.local/lib/python3.7/site-packages/airflow/example_dags/example_sla_dag.py
[2023-05-23T10:19:56.319+0000] {processor.py:836} INFO - DAG(s) dict_keys(['example_sla_dag']) retrieved from /home/airflow/.local/lib/python3.7/site-packages/airflow/example_dags/example_sla_dag.py
[2023-05-23T10:19:56.468+0000] {logging_mixin.py:149} INFO - [2023-05-23T10:19:56.468+0000] {dag.py:2726} INFO - Sync 1 DAGs
[2023-05-23T10:19:56.857+0000] {logging_mixin.py:149} INFO - [2023-05-23T10:19:56.857+0000] {dag.py:3490} INFO - Setting next_dagrun for example_sla_dag to 2023-05-23T10:16:00+00:00, run_after=2023-05-23T10:18:00+00:00
[2023-05-23T10:19:57.029+0000] {processor.py:179} INFO - Processing /home/airflow/.local/lib/python3.7/site-packages/airflow/example_dags/example_sla_dag.py took 0.741 seconds
[2023-05-23T10:20:30.373+0000] {processor.py:157} INFO - Started process (PID=1408) to work on /home/airflow/.local/lib/python3.7/site-packages/airflow/example_dags/example_sla_dag.py
[2023-05-23T10:20:30.389+0000] {processor.py:826} INFO - Processing file /home/airflow/.local/lib/python3.7/site-packages/airflow/example_dags/example_sla_dag.py for tasks to queue
[2023-05-23T10:20:30.390+0000] {logging_mixin.py:149} INFO - [2023-05-23T10:20:30.390+0000] {dagbag.py:541} INFO - Filling up the DagBag from /home/airflow/.local/lib/python3.7/site-packages/airflow/example_dags/example_sla_dag.py
[2023-05-23T10:20:30.608+0000] {processor.py:836} INFO - DAG(s) dict_keys(['example_sla_dag']) retrieved from /home/airflow/.local/lib/python3.7/site-packages/airflow/example_dags/example_sla_dag.py
[2023-05-23T10:20:31.120+0000] {logging_mixin.py:149} INFO - [2023-05-23T10:20:31.120+0000] {dag.py:2726} INFO - Sync 1 DAGs
[2023-05-23T10:20:31.967+0000] {logging_mixin.py:149} INFO - [2023-05-23T10:20:31.947+0000] {dag.py:3490} INFO - Setting next_dagrun for example_sla_dag to 2023-05-23T10:18:00+00:00, run_after=2023-05-23T10:20:00+00:00
[2023-05-23T10:20:32.182+0000] {processor.py:179} INFO - Processing /home/airflow/.local/lib/python3.7/site-packages/airflow/example_dags/example_sla_dag.py took 1.862 seconds
[2023-05-23T10:21:17.331+0000] {processor.py:157} INFO - Started process (PID=1826) to work on /home/airflow/.local/lib/python3.7/site-packages/airflow/example_dags/example_sla_dag.py
[2023-05-23T10:21:17.339+0000] {processor.py:826} INFO - Processing file /home/airflow/.local/lib/python3.7/site-packages/airflow/example_dags/example_sla_dag.py for tasks to queue
[2023-05-23T10:21:17.341+0000] {logging_mixin.py:149} INFO - [2023-05-23T10:21:17.340+0000] {dagbag.py:541} INFO - Filling up the DagBag from /home/airflow/.local/lib/python3.7/site-packages/airflow/example_dags/example_sla_dag.py
[2023-05-23T10:21:17.413+0000] {processor.py:836} INFO - DAG(s) dict_keys(['example_sla_dag']) retrieved from /home/airflow/.local/lib/python3.7/site-packages/airflow/example_dags/example_sla_dag.py
[2023-05-23T10:21:17.769+0000] {logging_mixin.py:149} INFO - [2023-05-23T10:21:17.769+0000] {dag.py:2726} INFO - Sync 1 DAGs
[2023-05-23T10:21:18.354+0000] {logging_mixin.py:149} INFO - [2023-05-23T10:21:18.354+0000] {dag.py:3490} INFO - Setting next_dagrun for example_sla_dag to 2023-05-23T10:18:00+00:00, run_after=2023-05-23T10:20:00+00:00
[2023-05-23T10:21:18.509+0000] {processor.py:179} INFO - Processing /home/airflow/.local/lib/python3.7/site-packages/airflow/example_dags/example_sla_dag.py took 1.188 seconds
[2023-05-23T10:22:28.935+0000] {processor.py:157} INFO - Started process (PID=207) to work on /home/airflow/.local/lib/python3.7/site-packages/airflow/example_dags/example_sla_dag.py
[2023-05-23T10:22:28.937+0000] {processor.py:826} INFO - Processing file /home/airflow/.local/lib/python3.7/site-packages/airflow/example_dags/example_sla_dag.py for tasks to queue
[2023-05-23T10:22:28.938+0000] {logging_mixin.py:149} INFO - [2023-05-23T10:22:28.938+0000] {dagbag.py:541} INFO - Filling up the DagBag from /home/airflow/.local/lib/python3.7/site-packages/airflow/example_dags/example_sla_dag.py
[2023-05-23T10:22:28.957+0000] {processor.py:836} INFO - DAG(s) dict_keys(['example_sla_dag']) retrieved from /home/airflow/.local/lib/python3.7/site-packages/airflow/example_dags/example_sla_dag.py
[2023-05-23T10:22:29.374+0000] {logging_mixin.py:149} INFO - [2023-05-23T10:22:29.373+0000] {manager.py:504} INFO - Created Permission View: can delete on DAG:example_sla_dag
[2023-05-23T10:22:29.448+0000] {logging_mixin.py:149} INFO - [2023-05-23T10:22:29.445+0000] {manager.py:504} INFO - Created Permission View: can read on DAG:example_sla_dag
[2023-05-23T10:22:29.471+0000] {logging_mixin.py:149} INFO - [2023-05-23T10:22:29.470+0000] {manager.py:504} INFO - Created Permission View: can edit on DAG:example_sla_dag
[2023-05-23T10:22:29.471+0000] {logging_mixin.py:149} INFO - [2023-05-23T10:22:29.471+0000] {dag.py:2726} INFO - Sync 1 DAGs
[2023-05-23T10:22:29.775+0000] {logging_mixin.py:149} INFO - [2023-05-23T10:22:29.774+0000] {dag.py:2747} INFO - Creating ORM DAG for example_sla_dag
[2023-05-23T10:22:29.835+0000] {logging_mixin.py:149} INFO - [2023-05-23T10:22:29.834+0000] {dag.py:3490} INFO - Setting next_dagrun for example_sla_dag to 2023-05-23T10:20:00+00:00, run_after=2023-05-23T10:22:00+00:00
[2023-05-23T10:22:29.910+0000] {processor.py:179} INFO - Processing /home/airflow/.local/lib/python3.7/site-packages/airflow/example_dags/example_sla_dag.py took 0.984 seconds
[2023-05-23T10:23:00.534+0000] {processor.py:157} INFO - Started process (PID=449) to work on /home/airflow/.local/lib/python3.7/site-packages/airflow/example_dags/example_sla_dag.py
[2023-05-23T10:23:00.536+0000] {processor.py:826} INFO - Processing file /home/airflow/.local/lib/python3.7/site-packages/airflow/example_dags/example_sla_dag.py for tasks to queue
[2023-05-23T10:23:00.537+0000] {logging_mixin.py:149} INFO - [2023-05-23T10:23:00.537+0000] {dagbag.py:541} INFO - Filling up the DagBag from /home/airflow/.local/lib/python3.7/site-packages/airflow/example_dags/example_sla_dag.py
[2023-05-23T10:23:00.550+0000] {processor.py:836} INFO - DAG(s) dict_keys(['example_sla_dag']) retrieved from /home/airflow/.local/lib/python3.7/site-packages/airflow/example_dags/example_sla_dag.py
[2023-05-23T10:23:00.583+0000] {logging_mixin.py:149} INFO - [2023-05-23T10:23:00.583+0000] {dag.py:2726} INFO - Sync 1 DAGs
[2023-05-23T10:23:00.623+0000] {logging_mixin.py:149} INFO - [2023-05-23T10:23:00.622+0000] {dag.py:3490} INFO - Setting next_dagrun for example_sla_dag to 2023-05-23T10:20:00+00:00, run_after=2023-05-23T10:22:00+00:00
[2023-05-23T10:23:00.829+0000] {processor.py:179} INFO - Processing /home/airflow/.local/lib/python3.7/site-packages/airflow/example_dags/example_sla_dag.py took 0.300 seconds
[2023-05-23T10:23:30.901+0000] {processor.py:157} INFO - Started process (PID=687) to work on /home/airflow/.local/lib/python3.7/site-packages/airflow/example_dags/example_sla_dag.py
[2023-05-23T10:23:30.903+0000] {processor.py:826} INFO - Processing file /home/airflow/.local/lib/python3.7/site-packages/airflow/example_dags/example_sla_dag.py for tasks to queue
[2023-05-23T10:23:30.904+0000] {logging_mixin.py:149} INFO - [2023-05-23T10:23:30.904+0000] {dagbag.py:541} INFO - Filling up the DagBag from /home/airflow/.local/lib/python3.7/site-packages/airflow/example_dags/example_sla_dag.py
[2023-05-23T10:23:30.933+0000] {processor.py:836} INFO - DAG(s) dict_keys(['example_sla_dag']) retrieved from /home/airflow/.local/lib/python3.7/site-packages/airflow/example_dags/example_sla_dag.py
[2023-05-23T10:23:31.318+0000] {logging_mixin.py:149} INFO - [2023-05-23T10:23:31.316+0000] {dag.py:2726} INFO - Sync 1 DAGs
[2023-05-23T10:23:31.435+0000] {logging_mixin.py:149} INFO - [2023-05-23T10:23:31.434+0000] {dag.py:3490} INFO - Setting next_dagrun for example_sla_dag to 2023-05-23T10:20:00+00:00, run_after=2023-05-23T10:22:00+00:00
[2023-05-23T10:23:31.511+0000] {processor.py:179} INFO - Processing /home/airflow/.local/lib/python3.7/site-packages/airflow/example_dags/example_sla_dag.py took 0.627 seconds
