[2023-05-23T10:06:44.994+0000] {processor.py:157} INFO - Started process (PID=246) to work on /home/airflow/.local/lib/python3.7/site-packages/airflow/example_dags/example_params_ui_tutorial.py
[2023-05-23T10:06:44.996+0000] {processor.py:826} INFO - Processing file /home/airflow/.local/lib/python3.7/site-packages/airflow/example_dags/example_params_ui_tutorial.py for tasks to queue
[2023-05-23T10:06:44.997+0000] {logging_mixin.py:149} INFO - [2023-05-23T10:06:44.997+0000] {dagbag.py:541} INFO - Filling up the DagBag from /home/airflow/.local/lib/python3.7/site-packages/airflow/example_dags/example_params_ui_tutorial.py
[2023-05-23T10:06:45.110+0000] {processor.py:836} INFO - DAG(s) dict_keys(['example_params_ui_tutorial']) retrieved from /home/airflow/.local/lib/python3.7/site-packages/airflow/example_dags/example_params_ui_tutorial.py
[2023-05-23T10:06:45.135+0000] {logging_mixin.py:149} INFO - [2023-05-23T10:06:45.135+0000] {dag.py:2726} INFO - Sync 1 DAGs
[2023-05-23T10:06:45.195+0000] {logging_mixin.py:149} INFO - [2023-05-23T10:06:45.195+0000] {dag.py:3490} INFO - Setting next_dagrun for example_params_ui_tutorial to None, run_after=None
[2023-05-23T10:06:45.243+0000] {processor.py:179} INFO - Processing /home/airflow/.local/lib/python3.7/site-packages/airflow/example_dags/example_params_ui_tutorial.py took 0.254 seconds
[2023-05-23T10:07:18.245+0000] {processor.py:157} INFO - Started process (PID=486) to work on /home/airflow/.local/lib/python3.7/site-packages/airflow/example_dags/example_params_ui_tutorial.py
[2023-05-23T10:07:18.247+0000] {processor.py:826} INFO - Processing file /home/airflow/.local/lib/python3.7/site-packages/airflow/example_dags/example_params_ui_tutorial.py for tasks to queue
[2023-05-23T10:07:18.248+0000] {logging_mixin.py:149} INFO - [2023-05-23T10:07:18.248+0000] {dagbag.py:541} INFO - Filling up the DagBag from /home/airflow/.local/lib/python3.7/site-packages/airflow/example_dags/example_params_ui_tutorial.py
[2023-05-23T10:07:18.332+0000] {processor.py:836} INFO - DAG(s) dict_keys(['example_params_ui_tutorial']) retrieved from /home/airflow/.local/lib/python3.7/site-packages/airflow/example_dags/example_params_ui_tutorial.py
[2023-05-23T10:07:18.675+0000] {logging_mixin.py:149} INFO - [2023-05-23T10:07:18.675+0000] {dag.py:2726} INFO - Sync 1 DAGs
[2023-05-23T10:07:18.724+0000] {logging_mixin.py:149} INFO - [2023-05-23T10:07:18.724+0000] {dag.py:3490} INFO - Setting next_dagrun for example_params_ui_tutorial to None, run_after=None
[2023-05-23T10:07:18.764+0000] {processor.py:179} INFO - Processing /home/airflow/.local/lib/python3.7/site-packages/airflow/example_dags/example_params_ui_tutorial.py took 0.524 seconds
[2023-05-23T10:16:19.375+0000] {processor.py:157} INFO - Started process (PID=894) to work on /home/airflow/.local/lib/python3.7/site-packages/airflow/example_dags/example_params_ui_tutorial.py
[2023-05-23T10:16:19.407+0000] {processor.py:826} INFO - Processing file /home/airflow/.local/lib/python3.7/site-packages/airflow/example_dags/example_params_ui_tutorial.py for tasks to queue
[2023-05-23T10:16:19.413+0000] {logging_mixin.py:149} INFO - [2023-05-23T10:16:19.413+0000] {dagbag.py:541} INFO - Filling up the DagBag from /home/airflow/.local/lib/python3.7/site-packages/airflow/example_dags/example_params_ui_tutorial.py
[2023-05-23T10:16:20.189+0000] {processor.py:836} INFO - DAG(s) dict_keys(['example_params_ui_tutorial']) retrieved from /home/airflow/.local/lib/python3.7/site-packages/airflow/example_dags/example_params_ui_tutorial.py
[2023-05-23T10:16:21.253+0000] {logging_mixin.py:149} INFO - [2023-05-23T10:16:21.252+0000] {dag.py:2726} INFO - Sync 1 DAGs
[2023-05-23T10:16:22.098+0000] {logging_mixin.py:149} INFO - [2023-05-23T10:16:22.098+0000] {dag.py:3490} INFO - Setting next_dagrun for example_params_ui_tutorial to None, run_after=None
[2023-05-23T10:16:22.287+0000] {processor.py:179} INFO - Processing /home/airflow/.local/lib/python3.7/site-packages/airflow/example_dags/example_params_ui_tutorial.py took 2.943 seconds
[2023-05-23T10:18:59.127+0000] {processor.py:157} INFO - Started process (PID=335) to work on /home/airflow/.local/lib/python3.7/site-packages/airflow/example_dags/example_params_ui_tutorial.py
[2023-05-23T10:18:59.140+0000] {processor.py:826} INFO - Processing file /home/airflow/.local/lib/python3.7/site-packages/airflow/example_dags/example_params_ui_tutorial.py for tasks to queue
[2023-05-23T10:18:59.142+0000] {logging_mixin.py:149} INFO - [2023-05-23T10:18:59.141+0000] {dagbag.py:541} INFO - Filling up the DagBag from /home/airflow/.local/lib/python3.7/site-packages/airflow/example_dags/example_params_ui_tutorial.py
[2023-05-23T10:18:59.469+0000] {processor.py:836} INFO - DAG(s) dict_keys(['example_params_ui_tutorial']) retrieved from /home/airflow/.local/lib/python3.7/site-packages/airflow/example_dags/example_params_ui_tutorial.py
[2023-05-23T10:19:00.318+0000] {logging_mixin.py:149} INFO - [2023-05-23T10:19:00.318+0000] {dag.py:2726} INFO - Sync 1 DAGs
[2023-05-23T10:19:00.704+0000] {logging_mixin.py:149} INFO - [2023-05-23T10:19:00.704+0000] {dag.py:3490} INFO - Setting next_dagrun for example_params_ui_tutorial to None, run_after=None
[2023-05-23T10:19:00.868+0000] {processor.py:179} INFO - Processing /home/airflow/.local/lib/python3.7/site-packages/airflow/example_dags/example_params_ui_tutorial.py took 1.748 seconds
[2023-05-23T10:19:33.070+0000] {processor.py:157} INFO - Started process (PID=712) to work on /home/airflow/.local/lib/python3.7/site-packages/airflow/example_dags/example_params_ui_tutorial.py
[2023-05-23T10:19:33.088+0000] {processor.py:826} INFO - Processing file /home/airflow/.local/lib/python3.7/site-packages/airflow/example_dags/example_params_ui_tutorial.py for tasks to queue
[2023-05-23T10:19:33.089+0000] {logging_mixin.py:149} INFO - [2023-05-23T10:19:33.089+0000] {dagbag.py:541} INFO - Filling up the DagBag from /home/airflow/.local/lib/python3.7/site-packages/airflow/example_dags/example_params_ui_tutorial.py
[2023-05-23T10:19:33.824+0000] {processor.py:836} INFO - DAG(s) dict_keys(['example_params_ui_tutorial']) retrieved from /home/airflow/.local/lib/python3.7/site-packages/airflow/example_dags/example_params_ui_tutorial.py
[2023-05-23T10:19:34.297+0000] {logging_mixin.py:149} INFO - [2023-05-23T10:19:34.297+0000] {dag.py:2726} INFO - Sync 1 DAGs
[2023-05-23T10:19:34.355+0000] {logging_mixin.py:149} INFO - [2023-05-23T10:19:34.355+0000] {dag.py:3490} INFO - Setting next_dagrun for example_params_ui_tutorial to None, run_after=None
[2023-05-23T10:19:34.441+0000] {processor.py:179} INFO - Processing /home/airflow/.local/lib/python3.7/site-packages/airflow/example_dags/example_params_ui_tutorial.py took 1.413 seconds
[2023-05-23T10:20:04.671+0000] {processor.py:157} INFO - Started process (PID=1135) to work on /home/airflow/.local/lib/python3.7/site-packages/airflow/example_dags/example_params_ui_tutorial.py
[2023-05-23T10:20:04.686+0000] {processor.py:826} INFO - Processing file /home/airflow/.local/lib/python3.7/site-packages/airflow/example_dags/example_params_ui_tutorial.py for tasks to queue
[2023-05-23T10:20:04.687+0000] {logging_mixin.py:149} INFO - [2023-05-23T10:20:04.687+0000] {dagbag.py:541} INFO - Filling up the DagBag from /home/airflow/.local/lib/python3.7/site-packages/airflow/example_dags/example_params_ui_tutorial.py
[2023-05-23T10:20:05.554+0000] {processor.py:836} INFO - DAG(s) dict_keys(['example_params_ui_tutorial']) retrieved from /home/airflow/.local/lib/python3.7/site-packages/airflow/example_dags/example_params_ui_tutorial.py
[2023-05-23T10:20:06.940+0000] {logging_mixin.py:149} INFO - [2023-05-23T10:20:06.940+0000] {dag.py:2726} INFO - Sync 1 DAGs
[2023-05-23T10:20:07.376+0000] {logging_mixin.py:149} INFO - [2023-05-23T10:20:07.376+0000] {dag.py:3490} INFO - Setting next_dagrun for example_params_ui_tutorial to None, run_after=None
[2023-05-23T10:20:07.584+0000] {processor.py:179} INFO - Processing /home/airflow/.local/lib/python3.7/site-packages/airflow/example_dags/example_params_ui_tutorial.py took 2.970 seconds
[2023-05-23T10:20:44.544+0000] {processor.py:157} INFO - Started process (PID=1518) to work on /home/airflow/.local/lib/python3.7/site-packages/airflow/example_dags/example_params_ui_tutorial.py
[2023-05-23T10:20:44.549+0000] {processor.py:826} INFO - Processing file /home/airflow/.local/lib/python3.7/site-packages/airflow/example_dags/example_params_ui_tutorial.py for tasks to queue
[2023-05-23T10:20:44.556+0000] {logging_mixin.py:149} INFO - [2023-05-23T10:20:44.556+0000] {dagbag.py:541} INFO - Filling up the DagBag from /home/airflow/.local/lib/python3.7/site-packages/airflow/example_dags/example_params_ui_tutorial.py
[2023-05-23T10:20:46.547+0000] {processor.py:836} INFO - DAG(s) dict_keys(['example_params_ui_tutorial']) retrieved from /home/airflow/.local/lib/python3.7/site-packages/airflow/example_dags/example_params_ui_tutorial.py
[2023-05-23T10:20:49.177+0000] {logging_mixin.py:149} INFO - [2023-05-23T10:20:49.176+0000] {dag.py:2726} INFO - Sync 1 DAGs
[2023-05-23T10:20:49.574+0000] {logging_mixin.py:149} INFO - [2023-05-23T10:20:49.573+0000] {dag.py:3490} INFO - Setting next_dagrun for example_params_ui_tutorial to None, run_after=None
[2023-05-23T10:20:50.188+0000] {processor.py:179} INFO - Processing /home/airflow/.local/lib/python3.7/site-packages/airflow/example_dags/example_params_ui_tutorial.py took 5.653 seconds
[2023-05-23T10:22:33.184+0000] {processor.py:157} INFO - Started process (PID=247) to work on /home/airflow/.local/lib/python3.7/site-packages/airflow/example_dags/example_params_ui_tutorial.py
[2023-05-23T10:22:33.185+0000] {processor.py:826} INFO - Processing file /home/airflow/.local/lib/python3.7/site-packages/airflow/example_dags/example_params_ui_tutorial.py for tasks to queue
[2023-05-23T10:22:33.186+0000] {logging_mixin.py:149} INFO - [2023-05-23T10:22:33.186+0000] {dagbag.py:541} INFO - Filling up the DagBag from /home/airflow/.local/lib/python3.7/site-packages/airflow/example_dags/example_params_ui_tutorial.py
[2023-05-23T10:22:33.285+0000] {processor.py:836} INFO - DAG(s) dict_keys(['example_params_ui_tutorial']) retrieved from /home/airflow/.local/lib/python3.7/site-packages/airflow/example_dags/example_params_ui_tutorial.py
[2023-05-23T10:22:33.997+0000] {logging_mixin.py:149} INFO - [2023-05-23T10:22:33.996+0000] {manager.py:504} INFO - Created Permission View: can delete on DAG:example_params_ui_tutorial
[2023-05-23T10:22:34.045+0000] {logging_mixin.py:149} INFO - [2023-05-23T10:22:34.045+0000] {manager.py:504} INFO - Created Permission View: can read on DAG:example_params_ui_tutorial
[2023-05-23T10:22:34.067+0000] {logging_mixin.py:149} INFO - [2023-05-23T10:22:34.067+0000] {manager.py:504} INFO - Created Permission View: can edit on DAG:example_params_ui_tutorial
[2023-05-23T10:22:34.068+0000] {logging_mixin.py:149} INFO - [2023-05-23T10:22:34.067+0000] {dag.py:2726} INFO - Sync 1 DAGs
[2023-05-23T10:22:34.098+0000] {logging_mixin.py:149} INFO - [2023-05-23T10:22:34.098+0000] {dag.py:2747} INFO - Creating ORM DAG for example_params_ui_tutorial
[2023-05-23T10:22:34.123+0000] {logging_mixin.py:149} INFO - [2023-05-23T10:22:34.123+0000] {dag.py:3490} INFO - Setting next_dagrun for example_params_ui_tutorial to None, run_after=None
[2023-05-23T10:22:34.162+0000] {processor.py:179} INFO - Processing /home/airflow/.local/lib/python3.7/site-packages/airflow/example_dags/example_params_ui_tutorial.py took 0.984 seconds
[2023-05-23T10:23:04.982+0000] {processor.py:157} INFO - Started process (PID=486) to work on /home/airflow/.local/lib/python3.7/site-packages/airflow/example_dags/example_params_ui_tutorial.py
[2023-05-23T10:23:04.984+0000] {processor.py:826} INFO - Processing file /home/airflow/.local/lib/python3.7/site-packages/airflow/example_dags/example_params_ui_tutorial.py for tasks to queue
[2023-05-23T10:23:04.986+0000] {logging_mixin.py:149} INFO - [2023-05-23T10:23:04.985+0000] {dagbag.py:541} INFO - Filling up the DagBag from /home/airflow/.local/lib/python3.7/site-packages/airflow/example_dags/example_params_ui_tutorial.py
[2023-05-23T10:23:05.055+0000] {processor.py:836} INFO - DAG(s) dict_keys(['example_params_ui_tutorial']) retrieved from /home/airflow/.local/lib/python3.7/site-packages/airflow/example_dags/example_params_ui_tutorial.py
[2023-05-23T10:23:05.217+0000] {logging_mixin.py:149} INFO - [2023-05-23T10:23:05.217+0000] {dag.py:2726} INFO - Sync 1 DAGs
[2023-05-23T10:23:05.429+0000] {logging_mixin.py:149} INFO - [2023-05-23T10:23:05.429+0000] {dag.py:3490} INFO - Setting next_dagrun for example_params_ui_tutorial to None, run_after=None
[2023-05-23T10:23:05.460+0000] {processor.py:179} INFO - Processing /home/airflow/.local/lib/python3.7/site-packages/airflow/example_dags/example_params_ui_tutorial.py took 0.490 seconds
[2023-05-23T10:23:36.134+0000] {processor.py:157} INFO - Started process (PID=729) to work on /home/airflow/.local/lib/python3.7/site-packages/airflow/example_dags/example_params_ui_tutorial.py
[2023-05-23T10:23:36.135+0000] {processor.py:826} INFO - Processing file /home/airflow/.local/lib/python3.7/site-packages/airflow/example_dags/example_params_ui_tutorial.py for tasks to queue
[2023-05-23T10:23:36.136+0000] {logging_mixin.py:149} INFO - [2023-05-23T10:23:36.136+0000] {dagbag.py:541} INFO - Filling up the DagBag from /home/airflow/.local/lib/python3.7/site-packages/airflow/example_dags/example_params_ui_tutorial.py
[2023-05-23T10:23:36.543+0000] {processor.py:836} INFO - DAG(s) dict_keys(['example_params_ui_tutorial']) retrieved from /home/airflow/.local/lib/python3.7/site-packages/airflow/example_dags/example_params_ui_tutorial.py
[2023-05-23T10:23:36.711+0000] {logging_mixin.py:149} INFO - [2023-05-23T10:23:36.710+0000] {dag.py:2726} INFO - Sync 1 DAGs
[2023-05-23T10:23:36.773+0000] {logging_mixin.py:149} INFO - [2023-05-23T10:23:36.773+0000] {dag.py:3490} INFO - Setting next_dagrun for example_params_ui_tutorial to None, run_after=None
[2023-05-23T10:23:36.828+0000] {processor.py:179} INFO - Processing /home/airflow/.local/lib/python3.7/site-packages/airflow/example_dags/example_params_ui_tutorial.py took 0.701 seconds
