[2023-05-23T10:06:45.626+0000] {processor.py:157} INFO - Started process (PID=261) to work on /home/airflow/.local/lib/python3.7/site-packages/airflow/example_dags/example_complex.py
[2023-05-23T10:06:45.627+0000] {processor.py:826} INFO - Processing file /home/airflow/.local/lib/python3.7/site-packages/airflow/example_dags/example_complex.py for tasks to queue
[2023-05-23T10:06:45.628+0000] {logging_mixin.py:149} INFO - [2023-05-23T10:06:45.628+0000] {dagbag.py:541} INFO - Filling up the DagBag from /home/airflow/.local/lib/python3.7/site-packages/airflow/example_dags/example_complex.py
[2023-05-23T10:06:45.656+0000] {logging_mixin.py:149} INFO - [2023-05-23T10:06:45.655+0000] {taskmixin.py:211} WARNING - Dependency <Task(BashOperator): create_entry_group>, delete_entry_group already registered for DAG: example_complex
[2023-05-23T10:06:45.656+0000] {logging_mixin.py:149} INFO - [2023-05-23T10:06:45.656+0000] {taskmixin.py:211} WARNING - Dependency <Task(BashOperator): delete_entry_group>, create_entry_group already registered for DAG: example_complex
[2023-05-23T10:06:45.656+0000] {logging_mixin.py:149} INFO - [2023-05-23T10:06:45.656+0000] {taskmixin.py:211} WARNING - Dependency <Task(BashOperator): create_entry_gcs>, delete_entry already registered for DAG: example_complex
[2023-05-23T10:06:45.657+0000] {logging_mixin.py:149} INFO - [2023-05-23T10:06:45.657+0000] {taskmixin.py:211} WARNING - Dependency <Task(BashOperator): delete_entry>, create_entry_gcs already registered for DAG: example_complex
[2023-05-23T10:06:45.658+0000] {logging_mixin.py:149} INFO - [2023-05-23T10:06:45.658+0000] {taskmixin.py:211} WARNING - Dependency <Task(BashOperator): create_tag>, delete_tag already registered for DAG: example_complex
[2023-05-23T10:06:45.658+0000] {logging_mixin.py:149} INFO - [2023-05-23T10:06:45.658+0000] {taskmixin.py:211} WARNING - Dependency <Task(BashOperator): delete_tag>, create_tag already registered for DAG: example_complex
[2023-05-23T10:06:45.666+0000] {processor.py:836} INFO - DAG(s) dict_keys(['example_complex']) retrieved from /home/airflow/.local/lib/python3.7/site-packages/airflow/example_dags/example_complex.py
[2023-05-23T10:06:45.692+0000] {logging_mixin.py:149} INFO - [2023-05-23T10:06:45.692+0000] {dag.py:2726} INFO - Sync 1 DAGs
[2023-05-23T10:06:45.748+0000] {logging_mixin.py:149} INFO - [2023-05-23T10:06:45.747+0000] {dag.py:3490} INFO - Setting next_dagrun for example_complex to None, run_after=None
[2023-05-23T10:06:45.786+0000] {processor.py:179} INFO - Processing /home/airflow/.local/lib/python3.7/site-packages/airflow/example_dags/example_complex.py took 0.165 seconds
[2023-05-23T10:07:19.379+0000] {processor.py:157} INFO - Started process (PID=501) to work on /home/airflow/.local/lib/python3.7/site-packages/airflow/example_dags/example_complex.py
[2023-05-23T10:07:19.381+0000] {processor.py:826} INFO - Processing file /home/airflow/.local/lib/python3.7/site-packages/airflow/example_dags/example_complex.py for tasks to queue
[2023-05-23T10:07:19.382+0000] {logging_mixin.py:149} INFO - [2023-05-23T10:07:19.381+0000] {dagbag.py:541} INFO - Filling up the DagBag from /home/airflow/.local/lib/python3.7/site-packages/airflow/example_dags/example_complex.py
[2023-05-23T10:07:19.402+0000] {logging_mixin.py:149} INFO - [2023-05-23T10:07:19.401+0000] {taskmixin.py:211} WARNING - Dependency <Task(BashOperator): create_entry_group>, delete_entry_group already registered for DAG: example_complex
[2023-05-23T10:07:19.402+0000] {logging_mixin.py:149} INFO - [2023-05-23T10:07:19.402+0000] {taskmixin.py:211} WARNING - Dependency <Task(BashOperator): delete_entry_group>, create_entry_group already registered for DAG: example_complex
[2023-05-23T10:07:19.403+0000] {logging_mixin.py:149} INFO - [2023-05-23T10:07:19.402+0000] {taskmixin.py:211} WARNING - Dependency <Task(BashOperator): create_entry_gcs>, delete_entry already registered for DAG: example_complex
[2023-05-23T10:07:19.403+0000] {logging_mixin.py:149} INFO - [2023-05-23T10:07:19.403+0000] {taskmixin.py:211} WARNING - Dependency <Task(BashOperator): delete_entry>, create_entry_gcs already registered for DAG: example_complex
[2023-05-23T10:07:19.404+0000] {logging_mixin.py:149} INFO - [2023-05-23T10:07:19.403+0000] {taskmixin.py:211} WARNING - Dependency <Task(BashOperator): create_tag>, delete_tag already registered for DAG: example_complex
[2023-05-23T10:07:19.404+0000] {logging_mixin.py:149} INFO - [2023-05-23T10:07:19.404+0000] {taskmixin.py:211} WARNING - Dependency <Task(BashOperator): delete_tag>, create_tag already registered for DAG: example_complex
[2023-05-23T10:07:19.407+0000] {processor.py:836} INFO - DAG(s) dict_keys(['example_complex']) retrieved from /home/airflow/.local/lib/python3.7/site-packages/airflow/example_dags/example_complex.py
[2023-05-23T10:07:19.501+0000] {logging_mixin.py:149} INFO - [2023-05-23T10:07:19.501+0000] {dag.py:2726} INFO - Sync 1 DAGs
[2023-05-23T10:07:19.753+0000] {logging_mixin.py:149} INFO - [2023-05-23T10:07:19.752+0000] {dag.py:3490} INFO - Setting next_dagrun for example_complex to None, run_after=None
[2023-05-23T10:07:19.781+0000] {processor.py:179} INFO - Processing /home/airflow/.local/lib/python3.7/site-packages/airflow/example_dags/example_complex.py took 0.407 seconds
[2023-05-23T10:16:22.869+0000] {processor.py:157} INFO - Started process (PID=913) to work on /home/airflow/.local/lib/python3.7/site-packages/airflow/example_dags/example_complex.py
[2023-05-23T10:16:22.894+0000] {processor.py:826} INFO - Processing file /home/airflow/.local/lib/python3.7/site-packages/airflow/example_dags/example_complex.py for tasks to queue
[2023-05-23T10:16:22.905+0000] {logging_mixin.py:149} INFO - [2023-05-23T10:16:22.905+0000] {dagbag.py:541} INFO - Filling up the DagBag from /home/airflow/.local/lib/python3.7/site-packages/airflow/example_dags/example_complex.py
[2023-05-23T10:16:22.949+0000] {logging_mixin.py:149} INFO - [2023-05-23T10:16:22.949+0000] {taskmixin.py:211} WARNING - Dependency <Task(BashOperator): create_entry_group>, delete_entry_group already registered for DAG: example_complex
[2023-05-23T10:16:22.950+0000] {logging_mixin.py:149} INFO - [2023-05-23T10:16:22.950+0000] {taskmixin.py:211} WARNING - Dependency <Task(BashOperator): delete_entry_group>, create_entry_group already registered for DAG: example_complex
[2023-05-23T10:16:22.951+0000] {logging_mixin.py:149} INFO - [2023-05-23T10:16:22.950+0000] {taskmixin.py:211} WARNING - Dependency <Task(BashOperator): create_entry_gcs>, delete_entry already registered for DAG: example_complex
[2023-05-23T10:16:22.951+0000] {logging_mixin.py:149} INFO - [2023-05-23T10:16:22.951+0000] {taskmixin.py:211} WARNING - Dependency <Task(BashOperator): delete_entry>, create_entry_gcs already registered for DAG: example_complex
[2023-05-23T10:16:22.952+0000] {logging_mixin.py:149} INFO - [2023-05-23T10:16:22.952+0000] {taskmixin.py:211} WARNING - Dependency <Task(BashOperator): create_tag>, delete_tag already registered for DAG: example_complex
[2023-05-23T10:16:22.953+0000] {logging_mixin.py:149} INFO - [2023-05-23T10:16:22.952+0000] {taskmixin.py:211} WARNING - Dependency <Task(BashOperator): delete_tag>, create_tag already registered for DAG: example_complex
[2023-05-23T10:16:22.956+0000] {processor.py:836} INFO - DAG(s) dict_keys(['example_complex']) retrieved from /home/airflow/.local/lib/python3.7/site-packages/airflow/example_dags/example_complex.py
[2023-05-23T10:16:23.383+0000] {logging_mixin.py:149} INFO - [2023-05-23T10:16:23.382+0000] {dag.py:2726} INFO - Sync 1 DAGs
[2023-05-23T10:16:23.665+0000] {logging_mixin.py:149} INFO - [2023-05-23T10:16:23.665+0000] {dag.py:3490} INFO - Setting next_dagrun for example_complex to None, run_after=None
[2023-05-23T10:16:23.948+0000] {processor.py:179} INFO - Processing /home/airflow/.local/lib/python3.7/site-packages/airflow/example_dags/example_complex.py took 1.116 seconds
[2023-05-23T10:19:01.229+0000] {processor.py:157} INFO - Started process (PID=353) to work on /home/airflow/.local/lib/python3.7/site-packages/airflow/example_dags/example_complex.py
[2023-05-23T10:19:01.241+0000] {processor.py:826} INFO - Processing file /home/airflow/.local/lib/python3.7/site-packages/airflow/example_dags/example_complex.py for tasks to queue
[2023-05-23T10:19:01.242+0000] {logging_mixin.py:149} INFO - [2023-05-23T10:19:01.242+0000] {dagbag.py:541} INFO - Filling up the DagBag from /home/airflow/.local/lib/python3.7/site-packages/airflow/example_dags/example_complex.py
[2023-05-23T10:19:01.414+0000] {logging_mixin.py:149} INFO - [2023-05-23T10:19:01.414+0000] {taskmixin.py:211} WARNING - Dependency <Task(BashOperator): create_entry_group>, delete_entry_group already registered for DAG: example_complex
[2023-05-23T10:19:01.415+0000] {logging_mixin.py:149} INFO - [2023-05-23T10:19:01.415+0000] {taskmixin.py:211} WARNING - Dependency <Task(BashOperator): delete_entry_group>, create_entry_group already registered for DAG: example_complex
[2023-05-23T10:19:01.424+0000] {logging_mixin.py:149} INFO - [2023-05-23T10:19:01.424+0000] {taskmixin.py:211} WARNING - Dependency <Task(BashOperator): create_entry_gcs>, delete_entry already registered for DAG: example_complex
[2023-05-23T10:19:01.424+0000] {logging_mixin.py:149} INFO - [2023-05-23T10:19:01.424+0000] {taskmixin.py:211} WARNING - Dependency <Task(BashOperator): delete_entry>, create_entry_gcs already registered for DAG: example_complex
[2023-05-23T10:19:01.425+0000] {logging_mixin.py:149} INFO - [2023-05-23T10:19:01.425+0000] {taskmixin.py:211} WARNING - Dependency <Task(BashOperator): create_tag>, delete_tag already registered for DAG: example_complex
[2023-05-23T10:19:01.425+0000] {logging_mixin.py:149} INFO - [2023-05-23T10:19:01.425+0000] {taskmixin.py:211} WARNING - Dependency <Task(BashOperator): delete_tag>, create_tag already registered for DAG: example_complex
[2023-05-23T10:19:01.433+0000] {processor.py:836} INFO - DAG(s) dict_keys(['example_complex']) retrieved from /home/airflow/.local/lib/python3.7/site-packages/airflow/example_dags/example_complex.py
[2023-05-23T10:19:01.790+0000] {logging_mixin.py:149} INFO - [2023-05-23T10:19:01.789+0000] {dag.py:2726} INFO - Sync 1 DAGs
[2023-05-23T10:19:01.922+0000] {logging_mixin.py:149} INFO - [2023-05-23T10:19:01.922+0000] {dag.py:3490} INFO - Setting next_dagrun for example_complex to None, run_after=None
[2023-05-23T10:19:02.042+0000] {processor.py:179} INFO - Processing /home/airflow/.local/lib/python3.7/site-packages/airflow/example_dags/example_complex.py took 0.820 seconds
[2023-05-23T10:19:35.755+0000] {processor.py:157} INFO - Started process (PID=735) to work on /home/airflow/.local/lib/python3.7/site-packages/airflow/example_dags/example_complex.py
[2023-05-23T10:19:35.775+0000] {processor.py:826} INFO - Processing file /home/airflow/.local/lib/python3.7/site-packages/airflow/example_dags/example_complex.py for tasks to queue
[2023-05-23T10:19:35.777+0000] {logging_mixin.py:149} INFO - [2023-05-23T10:19:35.776+0000] {dagbag.py:541} INFO - Filling up the DagBag from /home/airflow/.local/lib/python3.7/site-packages/airflow/example_dags/example_complex.py
[2023-05-23T10:19:35.909+0000] {logging_mixin.py:149} INFO - [2023-05-23T10:19:35.909+0000] {taskmixin.py:211} WARNING - Dependency <Task(BashOperator): create_entry_group>, delete_entry_group already registered for DAG: example_complex
[2023-05-23T10:19:35.909+0000] {logging_mixin.py:149} INFO - [2023-05-23T10:19:35.909+0000] {taskmixin.py:211} WARNING - Dependency <Task(BashOperator): delete_entry_group>, create_entry_group already registered for DAG: example_complex
[2023-05-23T10:19:35.910+0000] {logging_mixin.py:149} INFO - [2023-05-23T10:19:35.910+0000] {taskmixin.py:211} WARNING - Dependency <Task(BashOperator): create_entry_gcs>, delete_entry already registered for DAG: example_complex
[2023-05-23T10:19:35.910+0000] {logging_mixin.py:149} INFO - [2023-05-23T10:19:35.910+0000] {taskmixin.py:211} WARNING - Dependency <Task(BashOperator): delete_entry>, create_entry_gcs already registered for DAG: example_complex
[2023-05-23T10:19:35.944+0000] {logging_mixin.py:149} INFO - [2023-05-23T10:19:35.943+0000] {taskmixin.py:211} WARNING - Dependency <Task(BashOperator): create_tag>, delete_tag already registered for DAG: example_complex
[2023-05-23T10:19:35.944+0000] {logging_mixin.py:149} INFO - [2023-05-23T10:19:35.944+0000] {taskmixin.py:211} WARNING - Dependency <Task(BashOperator): delete_tag>, create_tag already registered for DAG: example_complex
[2023-05-23T10:19:35.974+0000] {processor.py:836} INFO - DAG(s) dict_keys(['example_complex']) retrieved from /home/airflow/.local/lib/python3.7/site-packages/airflow/example_dags/example_complex.py
[2023-05-23T10:19:36.221+0000] {logging_mixin.py:149} INFO - [2023-05-23T10:19:36.221+0000] {dag.py:2726} INFO - Sync 1 DAGs
[2023-05-23T10:19:36.340+0000] {logging_mixin.py:149} INFO - [2023-05-23T10:19:36.340+0000] {dag.py:3490} INFO - Setting next_dagrun for example_complex to None, run_after=None
[2023-05-23T10:19:36.565+0000] {processor.py:179} INFO - Processing /home/airflow/.local/lib/python3.7/site-packages/airflow/example_dags/example_complex.py took 0.834 seconds
[2023-05-23T10:20:07.750+0000] {processor.py:157} INFO - Started process (PID=1165) to work on /home/airflow/.local/lib/python3.7/site-packages/airflow/example_dags/example_complex.py
[2023-05-23T10:20:07.777+0000] {processor.py:826} INFO - Processing file /home/airflow/.local/lib/python3.7/site-packages/airflow/example_dags/example_complex.py for tasks to queue
[2023-05-23T10:20:07.778+0000] {logging_mixin.py:149} INFO - [2023-05-23T10:20:07.778+0000] {dagbag.py:541} INFO - Filling up the DagBag from /home/airflow/.local/lib/python3.7/site-packages/airflow/example_dags/example_complex.py
[2023-05-23T10:20:07.894+0000] {logging_mixin.py:149} INFO - [2023-05-23T10:20:07.893+0000] {taskmixin.py:211} WARNING - Dependency <Task(BashOperator): create_entry_group>, delete_entry_group already registered for DAG: example_complex
[2023-05-23T10:20:07.894+0000] {logging_mixin.py:149} INFO - [2023-05-23T10:20:07.894+0000] {taskmixin.py:211} WARNING - Dependency <Task(BashOperator): delete_entry_group>, create_entry_group already registered for DAG: example_complex
[2023-05-23T10:20:07.894+0000] {logging_mixin.py:149} INFO - [2023-05-23T10:20:07.894+0000] {taskmixin.py:211} WARNING - Dependency <Task(BashOperator): create_entry_gcs>, delete_entry already registered for DAG: example_complex
[2023-05-23T10:20:07.895+0000] {logging_mixin.py:149} INFO - [2023-05-23T10:20:07.895+0000] {taskmixin.py:211} WARNING - Dependency <Task(BashOperator): delete_entry>, create_entry_gcs already registered for DAG: example_complex
[2023-05-23T10:20:07.912+0000] {logging_mixin.py:149} INFO - [2023-05-23T10:20:07.911+0000] {taskmixin.py:211} WARNING - Dependency <Task(BashOperator): create_tag>, delete_tag already registered for DAG: example_complex
[2023-05-23T10:20:07.912+0000] {logging_mixin.py:149} INFO - [2023-05-23T10:20:07.912+0000] {taskmixin.py:211} WARNING - Dependency <Task(BashOperator): delete_tag>, create_tag already registered for DAG: example_complex
[2023-05-23T10:20:07.930+0000] {processor.py:836} INFO - DAG(s) dict_keys(['example_complex']) retrieved from /home/airflow/.local/lib/python3.7/site-packages/airflow/example_dags/example_complex.py
[2023-05-23T10:20:08.253+0000] {logging_mixin.py:149} INFO - [2023-05-23T10:20:08.252+0000] {dag.py:2726} INFO - Sync 1 DAGs
[2023-05-23T10:20:08.446+0000] {logging_mixin.py:149} INFO - [2023-05-23T10:20:08.446+0000] {dag.py:3490} INFO - Setting next_dagrun for example_complex to None, run_after=None
[2023-05-23T10:20:08.648+0000] {processor.py:179} INFO - Processing /home/airflow/.local/lib/python3.7/site-packages/airflow/example_dags/example_complex.py took 0.920 seconds
[2023-05-23T10:20:50.459+0000] {processor.py:157} INFO - Started process (PID=1545) to work on /home/airflow/.local/lib/python3.7/site-packages/airflow/example_dags/example_complex.py
[2023-05-23T10:20:50.469+0000] {processor.py:826} INFO - Processing file /home/airflow/.local/lib/python3.7/site-packages/airflow/example_dags/example_complex.py for tasks to queue
[2023-05-23T10:20:50.510+0000] {logging_mixin.py:149} INFO - [2023-05-23T10:20:50.471+0000] {dagbag.py:541} INFO - Filling up the DagBag from /home/airflow/.local/lib/python3.7/site-packages/airflow/example_dags/example_complex.py
[2023-05-23T10:20:50.872+0000] {logging_mixin.py:149} INFO - [2023-05-23T10:20:50.871+0000] {taskmixin.py:211} WARNING - Dependency <Task(BashOperator): create_entry_group>, delete_entry_group already registered for DAG: example_complex
[2023-05-23T10:20:50.872+0000] {logging_mixin.py:149} INFO - [2023-05-23T10:20:50.872+0000] {taskmixin.py:211} WARNING - Dependency <Task(BashOperator): delete_entry_group>, create_entry_group already registered for DAG: example_complex
[2023-05-23T10:20:50.873+0000] {logging_mixin.py:149} INFO - [2023-05-23T10:20:50.873+0000] {taskmixin.py:211} WARNING - Dependency <Task(BashOperator): create_entry_gcs>, delete_entry already registered for DAG: example_complex
[2023-05-23T10:20:50.873+0000] {logging_mixin.py:149} INFO - [2023-05-23T10:20:50.873+0000] {taskmixin.py:211} WARNING - Dependency <Task(BashOperator): delete_entry>, create_entry_gcs already registered for DAG: example_complex
[2023-05-23T10:20:50.875+0000] {logging_mixin.py:149} INFO - [2023-05-23T10:20:50.874+0000] {taskmixin.py:211} WARNING - Dependency <Task(BashOperator): create_tag>, delete_tag already registered for DAG: example_complex
[2023-05-23T10:20:50.897+0000] {logging_mixin.py:149} INFO - [2023-05-23T10:20:50.897+0000] {taskmixin.py:211} WARNING - Dependency <Task(BashOperator): delete_tag>, create_tag already registered for DAG: example_complex
[2023-05-23T10:20:50.904+0000] {processor.py:836} INFO - DAG(s) dict_keys(['example_complex']) retrieved from /home/airflow/.local/lib/python3.7/site-packages/airflow/example_dags/example_complex.py
[2023-05-23T10:20:52.681+0000] {logging_mixin.py:149} INFO - [2023-05-23T10:20:52.681+0000] {dag.py:2726} INFO - Sync 1 DAGs
[2023-05-23T10:20:53.620+0000] {logging_mixin.py:149} INFO - [2023-05-23T10:20:53.620+0000] {dag.py:3490} INFO - Setting next_dagrun for example_complex to None, run_after=None
[2023-05-23T10:20:54.372+0000] {processor.py:179} INFO - Processing /home/airflow/.local/lib/python3.7/site-packages/airflow/example_dags/example_complex.py took 3.938 seconds
[2023-05-23T10:22:34.972+0000] {processor.py:157} INFO - Started process (PID=264) to work on /home/airflow/.local/lib/python3.7/site-packages/airflow/example_dags/example_complex.py
[2023-05-23T10:22:34.973+0000] {processor.py:826} INFO - Processing file /home/airflow/.local/lib/python3.7/site-packages/airflow/example_dags/example_complex.py for tasks to queue
[2023-05-23T10:22:34.975+0000] {logging_mixin.py:149} INFO - [2023-05-23T10:22:34.974+0000] {dagbag.py:541} INFO - Filling up the DagBag from /home/airflow/.local/lib/python3.7/site-packages/airflow/example_dags/example_complex.py
[2023-05-23T10:22:34.998+0000] {logging_mixin.py:149} INFO - [2023-05-23T10:22:34.998+0000] {taskmixin.py:211} WARNING - Dependency <Task(BashOperator): create_entry_group>, delete_entry_group already registered for DAG: example_complex
[2023-05-23T10:22:34.999+0000] {logging_mixin.py:149} INFO - [2023-05-23T10:22:34.999+0000] {taskmixin.py:211} WARNING - Dependency <Task(BashOperator): delete_entry_group>, create_entry_group already registered for DAG: example_complex
[2023-05-23T10:22:34.999+0000] {logging_mixin.py:149} INFO - [2023-05-23T10:22:34.999+0000] {taskmixin.py:211} WARNING - Dependency <Task(BashOperator): create_entry_gcs>, delete_entry already registered for DAG: example_complex
[2023-05-23T10:22:35.000+0000] {logging_mixin.py:149} INFO - [2023-05-23T10:22:35.000+0000] {taskmixin.py:211} WARNING - Dependency <Task(BashOperator): delete_entry>, create_entry_gcs already registered for DAG: example_complex
[2023-05-23T10:22:35.001+0000] {logging_mixin.py:149} INFO - [2023-05-23T10:22:35.000+0000] {taskmixin.py:211} WARNING - Dependency <Task(BashOperator): create_tag>, delete_tag already registered for DAG: example_complex
[2023-05-23T10:22:35.001+0000] {logging_mixin.py:149} INFO - [2023-05-23T10:22:35.001+0000] {taskmixin.py:211} WARNING - Dependency <Task(BashOperator): delete_tag>, create_tag already registered for DAG: example_complex
[2023-05-23T10:22:35.004+0000] {processor.py:836} INFO - DAG(s) dict_keys(['example_complex']) retrieved from /home/airflow/.local/lib/python3.7/site-packages/airflow/example_dags/example_complex.py
[2023-05-23T10:22:35.480+0000] {logging_mixin.py:149} INFO - [2023-05-23T10:22:35.480+0000] {manager.py:504} INFO - Created Permission View: can delete on DAG:example_complex
[2023-05-23T10:22:35.500+0000] {logging_mixin.py:149} INFO - [2023-05-23T10:22:35.500+0000] {manager.py:504} INFO - Created Permission View: can read on DAG:example_complex
[2023-05-23T10:22:35.517+0000] {logging_mixin.py:149} INFO - [2023-05-23T10:22:35.517+0000] {manager.py:504} INFO - Created Permission View: can edit on DAG:example_complex
[2023-05-23T10:22:35.518+0000] {logging_mixin.py:149} INFO - [2023-05-23T10:22:35.517+0000] {dag.py:2726} INFO - Sync 1 DAGs
[2023-05-23T10:22:35.546+0000] {logging_mixin.py:149} INFO - [2023-05-23T10:22:35.546+0000] {dag.py:2747} INFO - Creating ORM DAG for example_complex
[2023-05-23T10:22:35.569+0000] {logging_mixin.py:149} INFO - [2023-05-23T10:22:35.569+0000] {dag.py:3490} INFO - Setting next_dagrun for example_complex to None, run_after=None
[2023-05-23T10:22:35.610+0000] {processor.py:179} INFO - Processing /home/airflow/.local/lib/python3.7/site-packages/airflow/example_dags/example_complex.py took 0.643 seconds
[2023-05-23T10:23:05.914+0000] {processor.py:157} INFO - Started process (PID=506) to work on /home/airflow/.local/lib/python3.7/site-packages/airflow/example_dags/example_complex.py
[2023-05-23T10:23:05.915+0000] {processor.py:826} INFO - Processing file /home/airflow/.local/lib/python3.7/site-packages/airflow/example_dags/example_complex.py for tasks to queue
[2023-05-23T10:23:05.916+0000] {logging_mixin.py:149} INFO - [2023-05-23T10:23:05.916+0000] {dagbag.py:541} INFO - Filling up the DagBag from /home/airflow/.local/lib/python3.7/site-packages/airflow/example_dags/example_complex.py
[2023-05-23T10:23:05.935+0000] {logging_mixin.py:149} INFO - [2023-05-23T10:23:05.934+0000] {taskmixin.py:211} WARNING - Dependency <Task(BashOperator): create_entry_group>, delete_entry_group already registered for DAG: example_complex
[2023-05-23T10:23:05.935+0000] {logging_mixin.py:149} INFO - [2023-05-23T10:23:05.935+0000] {taskmixin.py:211} WARNING - Dependency <Task(BashOperator): delete_entry_group>, create_entry_group already registered for DAG: example_complex
[2023-05-23T10:23:05.936+0000] {logging_mixin.py:149} INFO - [2023-05-23T10:23:05.936+0000] {taskmixin.py:211} WARNING - Dependency <Task(BashOperator): create_entry_gcs>, delete_entry already registered for DAG: example_complex
[2023-05-23T10:23:05.936+0000] {logging_mixin.py:149} INFO - [2023-05-23T10:23:05.936+0000] {taskmixin.py:211} WARNING - Dependency <Task(BashOperator): delete_entry>, create_entry_gcs already registered for DAG: example_complex
[2023-05-23T10:23:05.938+0000] {logging_mixin.py:149} INFO - [2023-05-23T10:23:05.937+0000] {taskmixin.py:211} WARNING - Dependency <Task(BashOperator): create_tag>, delete_tag already registered for DAG: example_complex
[2023-05-23T10:23:05.938+0000] {logging_mixin.py:149} INFO - [2023-05-23T10:23:05.938+0000] {taskmixin.py:211} WARNING - Dependency <Task(BashOperator): delete_tag>, create_tag already registered for DAG: example_complex
[2023-05-23T10:23:05.942+0000] {processor.py:836} INFO - DAG(s) dict_keys(['example_complex']) retrieved from /home/airflow/.local/lib/python3.7/site-packages/airflow/example_dags/example_complex.py
[2023-05-23T10:23:06.002+0000] {logging_mixin.py:149} INFO - [2023-05-23T10:23:06.002+0000] {dag.py:2726} INFO - Sync 1 DAGs
[2023-05-23T10:23:06.201+0000] {logging_mixin.py:149} INFO - [2023-05-23T10:23:06.201+0000] {dag.py:3490} INFO - Setting next_dagrun for example_complex to None, run_after=None
[2023-05-23T10:23:06.239+0000] {processor.py:179} INFO - Processing /home/airflow/.local/lib/python3.7/site-packages/airflow/example_dags/example_complex.py took 0.329 seconds
[2023-05-23T10:23:37.568+0000] {processor.py:157} INFO - Started process (PID=747) to work on /home/airflow/.local/lib/python3.7/site-packages/airflow/example_dags/example_complex.py
[2023-05-23T10:23:37.569+0000] {processor.py:826} INFO - Processing file /home/airflow/.local/lib/python3.7/site-packages/airflow/example_dags/example_complex.py for tasks to queue
[2023-05-23T10:23:37.570+0000] {logging_mixin.py:149} INFO - [2023-05-23T10:23:37.570+0000] {dagbag.py:541} INFO - Filling up the DagBag from /home/airflow/.local/lib/python3.7/site-packages/airflow/example_dags/example_complex.py
[2023-05-23T10:23:37.590+0000] {logging_mixin.py:149} INFO - [2023-05-23T10:23:37.590+0000] {taskmixin.py:211} WARNING - Dependency <Task(BashOperator): create_entry_group>, delete_entry_group already registered for DAG: example_complex
[2023-05-23T10:23:37.590+0000] {logging_mixin.py:149} INFO - [2023-05-23T10:23:37.590+0000] {taskmixin.py:211} WARNING - Dependency <Task(BashOperator): delete_entry_group>, create_entry_group already registered for DAG: example_complex
[2023-05-23T10:23:37.591+0000] {logging_mixin.py:149} INFO - [2023-05-23T10:23:37.591+0000] {taskmixin.py:211} WARNING - Dependency <Task(BashOperator): create_entry_gcs>, delete_entry already registered for DAG: example_complex
[2023-05-23T10:23:37.591+0000] {logging_mixin.py:149} INFO - [2023-05-23T10:23:37.591+0000] {taskmixin.py:211} WARNING - Dependency <Task(BashOperator): delete_entry>, create_entry_gcs already registered for DAG: example_complex
[2023-05-23T10:23:37.592+0000] {logging_mixin.py:149} INFO - [2023-05-23T10:23:37.592+0000] {taskmixin.py:211} WARNING - Dependency <Task(BashOperator): create_tag>, delete_tag already registered for DAG: example_complex
[2023-05-23T10:23:37.592+0000] {logging_mixin.py:149} INFO - [2023-05-23T10:23:37.592+0000] {taskmixin.py:211} WARNING - Dependency <Task(BashOperator): delete_tag>, create_tag already registered for DAG: example_complex
[2023-05-23T10:23:37.595+0000] {processor.py:836} INFO - DAG(s) dict_keys(['example_complex']) retrieved from /home/airflow/.local/lib/python3.7/site-packages/airflow/example_dags/example_complex.py
[2023-05-23T10:23:37.672+0000] {logging_mixin.py:149} INFO - [2023-05-23T10:23:37.671+0000] {dag.py:2726} INFO - Sync 1 DAGs
[2023-05-23T10:23:37.723+0000] {logging_mixin.py:149} INFO - [2023-05-23T10:23:37.723+0000] {dag.py:3490} INFO - Setting next_dagrun for example_complex to None, run_after=None
[2023-05-23T10:23:37.772+0000] {processor.py:179} INFO - Processing /home/airflow/.local/lib/python3.7/site-packages/airflow/example_dags/example_complex.py took 0.211 seconds
