[2023-05-23T10:06:48.432+0000] {processor.py:157} INFO - Started process (PID=338) to work on /home/airflow/.local/lib/python3.7/site-packages/airflow/example_dags/example_branch_operator_decorator.py
[2023-05-23T10:06:48.433+0000] {processor.py:826} INFO - Processing file /home/airflow/.local/lib/python3.7/site-packages/airflow/example_dags/example_branch_operator_decorator.py for tasks to queue
[2023-05-23T10:06:48.434+0000] {logging_mixin.py:149} INFO - [2023-05-23T10:06:48.434+0000] {dagbag.py:541} INFO - Filling up the DagBag from /home/airflow/.local/lib/python3.7/site-packages/airflow/example_dags/example_branch_operator_decorator.py
[2023-05-23T10:06:48.459+0000] {processor.py:836} INFO - DAG(s) dict_keys(['example_branch_python_operator_decorator']) retrieved from /home/airflow/.local/lib/python3.7/site-packages/airflow/example_dags/example_branch_operator_decorator.py
[2023-05-23T10:06:48.489+0000] {logging_mixin.py:149} INFO - [2023-05-23T10:06:48.489+0000] {dag.py:2726} INFO - Sync 1 DAGs
[2023-05-23T10:06:48.544+0000] {logging_mixin.py:149} INFO - [2023-05-23T10:06:48.544+0000] {dag.py:3490} INFO - Setting next_dagrun for example_branch_python_operator_decorator to 2023-05-22T00:00:00+00:00, run_after=2023-05-23T00:00:00+00:00
[2023-05-23T10:06:48.583+0000] {processor.py:179} INFO - Processing /home/airflow/.local/lib/python3.7/site-packages/airflow/example_dags/example_branch_operator_decorator.py took 0.156 seconds
[2023-05-23T10:07:23.621+0000] {processor.py:157} INFO - Started process (PID=576) to work on /home/airflow/.local/lib/python3.7/site-packages/airflow/example_dags/example_branch_operator_decorator.py
[2023-05-23T10:07:23.626+0000] {processor.py:826} INFO - Processing file /home/airflow/.local/lib/python3.7/site-packages/airflow/example_dags/example_branch_operator_decorator.py for tasks to queue
[2023-05-23T10:07:23.629+0000] {logging_mixin.py:149} INFO - [2023-05-23T10:07:23.627+0000] {dagbag.py:541} INFO - Filling up the DagBag from /home/airflow/.local/lib/python3.7/site-packages/airflow/example_dags/example_branch_operator_decorator.py
[2023-05-23T10:07:23.685+0000] {processor.py:836} INFO - DAG(s) dict_keys(['example_branch_python_operator_decorator']) retrieved from /home/airflow/.local/lib/python3.7/site-packages/airflow/example_dags/example_branch_operator_decorator.py
[2023-05-23T10:07:23.897+0000] {logging_mixin.py:149} INFO - [2023-05-23T10:07:23.897+0000] {dag.py:2726} INFO - Sync 1 DAGs
[2023-05-23T10:07:24.379+0000] {logging_mixin.py:149} INFO - [2023-05-23T10:07:24.379+0000] {dag.py:3490} INFO - Setting next_dagrun for example_branch_python_operator_decorator to 2023-05-22T00:00:00+00:00, run_after=2023-05-23T00:00:00+00:00
[2023-05-23T10:07:24.426+0000] {processor.py:179} INFO - Processing /home/airflow/.local/lib/python3.7/site-packages/airflow/example_dags/example_branch_operator_decorator.py took 0.819 seconds
[2023-05-23T10:19:09.579+0000] {processor.py:157} INFO - Started process (PID=463) to work on /home/airflow/.local/lib/python3.7/site-packages/airflow/example_dags/example_branch_operator_decorator.py
[2023-05-23T10:19:09.581+0000] {processor.py:826} INFO - Processing file /home/airflow/.local/lib/python3.7/site-packages/airflow/example_dags/example_branch_operator_decorator.py for tasks to queue
[2023-05-23T10:19:09.582+0000] {logging_mixin.py:149} INFO - [2023-05-23T10:19:09.581+0000] {dagbag.py:541} INFO - Filling up the DagBag from /home/airflow/.local/lib/python3.7/site-packages/airflow/example_dags/example_branch_operator_decorator.py
[2023-05-23T10:19:09.660+0000] {processor.py:836} INFO - DAG(s) dict_keys(['example_branch_python_operator_decorator']) retrieved from /home/airflow/.local/lib/python3.7/site-packages/airflow/example_dags/example_branch_operator_decorator.py
[2023-05-23T10:19:09.768+0000] {logging_mixin.py:149} INFO - [2023-05-23T10:19:09.767+0000] {dag.py:2726} INFO - Sync 1 DAGs
[2023-05-23T10:19:09.862+0000] {logging_mixin.py:149} INFO - [2023-05-23T10:19:09.861+0000] {dag.py:3490} INFO - Setting next_dagrun for example_branch_python_operator_decorator to 2023-05-22T00:00:00+00:00, run_after=2023-05-23T00:00:00+00:00
[2023-05-23T10:19:09.993+0000] {processor.py:179} INFO - Processing /home/airflow/.local/lib/python3.7/site-packages/airflow/example_dags/example_branch_operator_decorator.py took 0.419 seconds
[2023-05-23T10:19:44.314+0000] {processor.py:157} INFO - Started process (PID=873) to work on /home/airflow/.local/lib/python3.7/site-packages/airflow/example_dags/example_branch_operator_decorator.py
[2023-05-23T10:19:44.315+0000] {processor.py:826} INFO - Processing file /home/airflow/.local/lib/python3.7/site-packages/airflow/example_dags/example_branch_operator_decorator.py for tasks to queue
[2023-05-23T10:19:44.316+0000] {logging_mixin.py:149} INFO - [2023-05-23T10:19:44.316+0000] {dagbag.py:541} INFO - Filling up the DagBag from /home/airflow/.local/lib/python3.7/site-packages/airflow/example_dags/example_branch_operator_decorator.py
[2023-05-23T10:19:44.494+0000] {processor.py:836} INFO - DAG(s) dict_keys(['example_branch_python_operator_decorator']) retrieved from /home/airflow/.local/lib/python3.7/site-packages/airflow/example_dags/example_branch_operator_decorator.py
[2023-05-23T10:19:44.742+0000] {logging_mixin.py:149} INFO - [2023-05-23T10:19:44.741+0000] {dag.py:2726} INFO - Sync 1 DAGs
[2023-05-23T10:19:45.237+0000] {logging_mixin.py:149} INFO - [2023-05-23T10:19:45.236+0000] {dag.py:3490} INFO - Setting next_dagrun for example_branch_python_operator_decorator to 2023-05-22T00:00:00+00:00, run_after=2023-05-23T00:00:00+00:00
[2023-05-23T10:19:45.522+0000] {processor.py:179} INFO - Processing /home/airflow/.local/lib/python3.7/site-packages/airflow/example_dags/example_branch_operator_decorator.py took 1.214 seconds
[2023-05-23T10:20:17.320+0000] {processor.py:157} INFO - Started process (PID=1282) to work on /home/airflow/.local/lib/python3.7/site-packages/airflow/example_dags/example_branch_operator_decorator.py
[2023-05-23T10:20:17.321+0000] {processor.py:826} INFO - Processing file /home/airflow/.local/lib/python3.7/site-packages/airflow/example_dags/example_branch_operator_decorator.py for tasks to queue
[2023-05-23T10:20:17.322+0000] {logging_mixin.py:149} INFO - [2023-05-23T10:20:17.322+0000] {dagbag.py:541} INFO - Filling up the DagBag from /home/airflow/.local/lib/python3.7/site-packages/airflow/example_dags/example_branch_operator_decorator.py
[2023-05-23T10:20:17.357+0000] {processor.py:836} INFO - DAG(s) dict_keys(['example_branch_python_operator_decorator']) retrieved from /home/airflow/.local/lib/python3.7/site-packages/airflow/example_dags/example_branch_operator_decorator.py
[2023-05-23T10:20:17.581+0000] {logging_mixin.py:149} INFO - [2023-05-23T10:20:17.581+0000] {dag.py:2726} INFO - Sync 1 DAGs
[2023-05-23T10:20:17.703+0000] {logging_mixin.py:149} INFO - [2023-05-23T10:20:17.703+0000] {dag.py:3490} INFO - Setting next_dagrun for example_branch_python_operator_decorator to 2023-05-22T00:00:00+00:00, run_after=2023-05-23T00:00:00+00:00
[2023-05-23T10:20:17.757+0000] {processor.py:179} INFO - Processing /home/airflow/.local/lib/python3.7/site-packages/airflow/example_dags/example_branch_operator_decorator.py took 0.456 seconds
[2023-05-23T10:21:09.572+0000] {processor.py:157} INFO - Started process (PID=1731) to work on /home/airflow/.local/lib/python3.7/site-packages/airflow/example_dags/example_branch_operator_decorator.py
[2023-05-23T10:21:09.580+0000] {processor.py:826} INFO - Processing file /home/airflow/.local/lib/python3.7/site-packages/airflow/example_dags/example_branch_operator_decorator.py for tasks to queue
[2023-05-23T10:21:09.582+0000] {logging_mixin.py:149} INFO - [2023-05-23T10:21:09.582+0000] {dagbag.py:541} INFO - Filling up the DagBag from /home/airflow/.local/lib/python3.7/site-packages/airflow/example_dags/example_branch_operator_decorator.py
[2023-05-23T10:21:09.691+0000] {processor.py:836} INFO - DAG(s) dict_keys(['example_branch_python_operator_decorator']) retrieved from /home/airflow/.local/lib/python3.7/site-packages/airflow/example_dags/example_branch_operator_decorator.py
[2023-05-23T10:21:10.172+0000] {logging_mixin.py:149} INFO - [2023-05-23T10:21:10.172+0000] {dag.py:2726} INFO - Sync 1 DAGs
[2023-05-23T10:21:10.756+0000] {logging_mixin.py:149} INFO - [2023-05-23T10:21:10.756+0000] {dag.py:3490} INFO - Setting next_dagrun for example_branch_python_operator_decorator to 2023-05-22T00:00:00+00:00, run_after=2023-05-23T00:00:00+00:00
[2023-05-23T10:21:11.240+0000] {processor.py:179} INFO - Processing /home/airflow/.local/lib/python3.7/site-packages/airflow/example_dags/example_branch_operator_decorator.py took 1.674 seconds
[2023-05-23T10:22:39.803+0000] {processor.py:157} INFO - Started process (PID=337) to work on /home/airflow/.local/lib/python3.7/site-packages/airflow/example_dags/example_branch_operator_decorator.py
[2023-05-23T10:22:39.804+0000] {processor.py:826} INFO - Processing file /home/airflow/.local/lib/python3.7/site-packages/airflow/example_dags/example_branch_operator_decorator.py for tasks to queue
[2023-05-23T10:22:39.806+0000] {logging_mixin.py:149} INFO - [2023-05-23T10:22:39.805+0000] {dagbag.py:541} INFO - Filling up the DagBag from /home/airflow/.local/lib/python3.7/site-packages/airflow/example_dags/example_branch_operator_decorator.py
[2023-05-23T10:22:39.826+0000] {processor.py:836} INFO - DAG(s) dict_keys(['example_branch_python_operator_decorator']) retrieved from /home/airflow/.local/lib/python3.7/site-packages/airflow/example_dags/example_branch_operator_decorator.py
[2023-05-23T10:22:40.231+0000] {logging_mixin.py:149} INFO - [2023-05-23T10:22:40.230+0000] {manager.py:504} INFO - Created Permission View: can delete on DAG:example_branch_python_operator_decorator
[2023-05-23T10:22:40.256+0000] {logging_mixin.py:149} INFO - [2023-05-23T10:22:40.256+0000] {manager.py:504} INFO - Created Permission View: can read on DAG:example_branch_python_operator_decorator
[2023-05-23T10:22:40.275+0000] {logging_mixin.py:149} INFO - [2023-05-23T10:22:40.274+0000] {manager.py:504} INFO - Created Permission View: can edit on DAG:example_branch_python_operator_decorator
[2023-05-23T10:22:40.275+0000] {logging_mixin.py:149} INFO - [2023-05-23T10:22:40.275+0000] {dag.py:2726} INFO - Sync 1 DAGs
[2023-05-23T10:22:40.308+0000] {logging_mixin.py:149} INFO - [2023-05-23T10:22:40.307+0000] {dag.py:2747} INFO - Creating ORM DAG for example_branch_python_operator_decorator
[2023-05-23T10:22:40.336+0000] {logging_mixin.py:149} INFO - [2023-05-23T10:22:40.336+0000] {dag.py:3490} INFO - Setting next_dagrun for example_branch_python_operator_decorator to 2023-05-22T00:00:00+00:00, run_after=2023-05-23T00:00:00+00:00
[2023-05-23T10:22:40.412+0000] {processor.py:179} INFO - Processing /home/airflow/.local/lib/python3.7/site-packages/airflow/example_dags/example_branch_operator_decorator.py took 0.614 seconds
[2023-05-23T10:23:10.581+0000] {processor.py:157} INFO - Started process (PID=581) to work on /home/airflow/.local/lib/python3.7/site-packages/airflow/example_dags/example_branch_operator_decorator.py
[2023-05-23T10:23:10.582+0000] {processor.py:826} INFO - Processing file /home/airflow/.local/lib/python3.7/site-packages/airflow/example_dags/example_branch_operator_decorator.py for tasks to queue
[2023-05-23T10:23:10.583+0000] {logging_mixin.py:149} INFO - [2023-05-23T10:23:10.582+0000] {dagbag.py:541} INFO - Filling up the DagBag from /home/airflow/.local/lib/python3.7/site-packages/airflow/example_dags/example_branch_operator_decorator.py
[2023-05-23T10:23:10.595+0000] {processor.py:836} INFO - DAG(s) dict_keys(['example_branch_python_operator_decorator']) retrieved from /home/airflow/.local/lib/python3.7/site-packages/airflow/example_dags/example_branch_operator_decorator.py
[2023-05-23T10:23:10.639+0000] {logging_mixin.py:149} INFO - [2023-05-23T10:23:10.639+0000] {dag.py:2726} INFO - Sync 1 DAGs
[2023-05-23T10:23:10.795+0000] {logging_mixin.py:149} INFO - [2023-05-23T10:23:10.795+0000] {dag.py:3490} INFO - Setting next_dagrun for example_branch_python_operator_decorator to 2023-05-22T00:00:00+00:00, run_after=2023-05-23T00:00:00+00:00
[2023-05-23T10:23:10.820+0000] {processor.py:179} INFO - Processing /home/airflow/.local/lib/python3.7/site-packages/airflow/example_dags/example_branch_operator_decorator.py took 0.244 seconds
[2023-05-23T10:23:41.387+0000] {processor.py:157} INFO - Started process (PID=820) to work on /home/airflow/.local/lib/python3.7/site-packages/airflow/example_dags/example_branch_operator_decorator.py
[2023-05-23T10:23:41.394+0000] {processor.py:826} INFO - Processing file /home/airflow/.local/lib/python3.7/site-packages/airflow/example_dags/example_branch_operator_decorator.py for tasks to queue
[2023-05-23T10:23:41.395+0000] {logging_mixin.py:149} INFO - [2023-05-23T10:23:41.395+0000] {dagbag.py:541} INFO - Filling up the DagBag from /home/airflow/.local/lib/python3.7/site-packages/airflow/example_dags/example_branch_operator_decorator.py
[2023-05-23T10:23:41.426+0000] {processor.py:836} INFO - DAG(s) dict_keys(['example_branch_python_operator_decorator']) retrieved from /home/airflow/.local/lib/python3.7/site-packages/airflow/example_dags/example_branch_operator_decorator.py
[2023-05-23T10:23:41.475+0000] {logging_mixin.py:149} INFO - [2023-05-23T10:23:41.475+0000] {dag.py:2726} INFO - Sync 1 DAGs
[2023-05-23T10:23:41.521+0000] {logging_mixin.py:149} INFO - [2023-05-23T10:23:41.521+0000] {dag.py:3490} INFO - Setting next_dagrun for example_branch_python_operator_decorator to 2023-05-22T00:00:00+00:00, run_after=2023-05-23T00:00:00+00:00
[2023-05-23T10:23:41.562+0000] {processor.py:179} INFO - Processing /home/airflow/.local/lib/python3.7/site-packages/airflow/example_dags/example_branch_operator_decorator.py took 0.181 seconds
