[2023-05-23T10:06:42.392+0000] {processor.py:157} INFO - Started process (PID=171) to work on /home/airflow/.local/lib/python3.7/site-packages/airflow/example_dags/example_subdag_operator.py
[2023-05-23T10:06:42.393+0000] {processor.py:826} INFO - Processing file /home/airflow/.local/lib/python3.7/site-packages/airflow/example_dags/example_subdag_operator.py for tasks to queue
[2023-05-23T10:06:42.395+0000] {logging_mixin.py:149} INFO - [2023-05-23T10:06:42.394+0000] {dagbag.py:541} INFO - Filling up the DagBag from /home/airflow/.local/lib/python3.7/site-packages/airflow/example_dags/example_subdag_operator.py
[2023-05-23T10:06:42.459+0000] {processor.py:836} INFO - DAG(s) dict_keys(['example_subdag_operator.section-1', 'example_subdag_operator.section-2', 'example_subdag_operator']) retrieved from /home/airflow/.local/lib/python3.7/site-packages/airflow/example_dags/example_subdag_operator.py
[2023-05-23T10:06:42.477+0000] {logging_mixin.py:149} INFO - [2023-05-23T10:06:42.477+0000] {dag.py:2726} INFO - Sync 3 DAGs
[2023-05-23T10:06:42.571+0000] {logging_mixin.py:149} INFO - [2023-05-23T10:06:42.570+0000] {dag.py:3490} INFO - Setting next_dagrun for example_subdag_operator to 2022-01-01T00:00:00+00:00, run_after=2022-01-01T00:00:00+00:00
[2023-05-23T10:06:42.583+0000] {logging_mixin.py:149} INFO - [2023-05-23T10:06:42.582+0000] {dag.py:3490} INFO - Setting next_dagrun for example_subdag_operator.section-1 to None, run_after=None
[2023-05-23T10:06:42.590+0000] {logging_mixin.py:149} INFO - [2023-05-23T10:06:42.589+0000] {dag.py:3490} INFO - Setting next_dagrun for example_subdag_operator.section-2 to None, run_after=None
[2023-05-23T10:06:42.612+0000] {logging_mixin.py:149} INFO - [2023-05-23T10:06:42.612+0000] {dag.py:2726} INFO - Sync 2 DAGs
[2023-05-23T10:06:42.626+0000] {logging_mixin.py:149} INFO - [2023-05-23T10:06:42.625+0000] {dag.py:3490} INFO - Setting next_dagrun for example_subdag_operator.section-1 to None, run_after=None
[2023-05-23T10:06:42.630+0000] {logging_mixin.py:149} INFO - [2023-05-23T10:06:42.630+0000] {dag.py:3490} INFO - Setting next_dagrun for example_subdag_operator.section-2 to None, run_after=None
[2023-05-23T10:06:42.662+0000] {processor.py:179} INFO - Processing /home/airflow/.local/lib/python3.7/site-packages/airflow/example_dags/example_subdag_operator.py took 0.283 seconds
[2023-05-23T10:07:12.804+0000] {processor.py:157} INFO - Started process (PID=406) to work on /home/airflow/.local/lib/python3.7/site-packages/airflow/example_dags/example_subdag_operator.py
[2023-05-23T10:07:12.805+0000] {processor.py:826} INFO - Processing file /home/airflow/.local/lib/python3.7/site-packages/airflow/example_dags/example_subdag_operator.py for tasks to queue
[2023-05-23T10:07:12.808+0000] {logging_mixin.py:149} INFO - [2023-05-23T10:07:12.807+0000] {dagbag.py:541} INFO - Filling up the DagBag from /home/airflow/.local/lib/python3.7/site-packages/airflow/example_dags/example_subdag_operator.py
[2023-05-23T10:07:12.924+0000] {processor.py:836} INFO - DAG(s) dict_keys(['example_subdag_operator.section-1', 'example_subdag_operator.section-2', 'example_subdag_operator']) retrieved from /home/airflow/.local/lib/python3.7/site-packages/airflow/example_dags/example_subdag_operator.py
[2023-05-23T10:07:12.990+0000] {logging_mixin.py:149} INFO - [2023-05-23T10:07:12.990+0000] {dag.py:2726} INFO - Sync 3 DAGs
[2023-05-23T10:07:13.070+0000] {logging_mixin.py:149} INFO - [2023-05-23T10:07:13.070+0000] {dag.py:3490} INFO - Setting next_dagrun for example_subdag_operator to 2022-01-01T00:00:00+00:00, run_after=2022-01-01T00:00:00+00:00
[2023-05-23T10:07:13.083+0000] {logging_mixin.py:149} INFO - [2023-05-23T10:07:13.083+0000] {dag.py:3490} INFO - Setting next_dagrun for example_subdag_operator.section-1 to None, run_after=None
[2023-05-23T10:07:13.090+0000] {logging_mixin.py:149} INFO - [2023-05-23T10:07:13.088+0000] {dag.py:3490} INFO - Setting next_dagrun for example_subdag_operator.section-2 to None, run_after=None
[2023-05-23T10:07:13.427+0000] {logging_mixin.py:149} INFO - [2023-05-23T10:07:13.426+0000] {dag.py:2726} INFO - Sync 2 DAGs
[2023-05-23T10:07:13.443+0000] {logging_mixin.py:149} INFO - [2023-05-23T10:07:13.442+0000] {dag.py:3490} INFO - Setting next_dagrun for example_subdag_operator.section-1 to None, run_after=None
[2023-05-23T10:07:13.443+0000] {logging_mixin.py:149} INFO - [2023-05-23T10:07:13.443+0000] {dag.py:3490} INFO - Setting next_dagrun for example_subdag_operator.section-2 to None, run_after=None
[2023-05-23T10:07:13.527+0000] {processor.py:179} INFO - Processing /home/airflow/.local/lib/python3.7/site-packages/airflow/example_dags/example_subdag_operator.py took 0.730 seconds
[2023-05-23T10:07:44.469+0000] {processor.py:157} INFO - Started process (PID=659) to work on /home/airflow/.local/lib/python3.7/site-packages/airflow/example_dags/example_subdag_operator.py
[2023-05-23T10:07:44.480+0000] {processor.py:826} INFO - Processing file /home/airflow/.local/lib/python3.7/site-packages/airflow/example_dags/example_subdag_operator.py for tasks to queue
[2023-05-23T10:07:44.482+0000] {logging_mixin.py:149} INFO - [2023-05-23T10:07:44.481+0000] {dagbag.py:541} INFO - Filling up the DagBag from /home/airflow/.local/lib/python3.7/site-packages/airflow/example_dags/example_subdag_operator.py
[2023-05-23T10:07:45.150+0000] {processor.py:836} INFO - DAG(s) dict_keys(['example_subdag_operator.section-1', 'example_subdag_operator.section-2', 'example_subdag_operator']) retrieved from /home/airflow/.local/lib/python3.7/site-packages/airflow/example_dags/example_subdag_operator.py
[2023-05-23T10:07:47.398+0000] {logging_mixin.py:149} INFO - [2023-05-23T10:07:47.398+0000] {dag.py:2726} INFO - Sync 3 DAGs
[2023-05-23T10:07:47.653+0000] {logging_mixin.py:149} INFO - [2023-05-23T10:07:47.653+0000] {dag.py:3490} INFO - Setting next_dagrun for example_subdag_operator to 2022-01-01T00:00:00+00:00, run_after=2022-01-01T00:00:00+00:00
[2023-05-23T10:07:47.660+0000] {logging_mixin.py:149} INFO - [2023-05-23T10:07:47.659+0000] {dag.py:3490} INFO - Setting next_dagrun for example_subdag_operator.section-1 to None, run_after=None
[2023-05-23T10:07:47.663+0000] {logging_mixin.py:149} INFO - [2023-05-23T10:07:47.663+0000] {dag.py:3490} INFO - Setting next_dagrun for example_subdag_operator.section-2 to None, run_after=None
[2023-05-23T10:07:47.678+0000] {logging_mixin.py:149} INFO - [2023-05-23T10:07:47.677+0000] {dag.py:2726} INFO - Sync 2 DAGs
[2023-05-23T10:07:47.691+0000] {logging_mixin.py:149} INFO - [2023-05-23T10:07:47.691+0000] {dag.py:3490} INFO - Setting next_dagrun for example_subdag_operator.section-1 to None, run_after=None
[2023-05-23T10:07:47.692+0000] {logging_mixin.py:149} INFO - [2023-05-23T10:07:47.691+0000] {dag.py:3490} INFO - Setting next_dagrun for example_subdag_operator.section-2 to None, run_after=None
[2023-05-23T10:07:47.896+0000] {processor.py:179} INFO - Processing /home/airflow/.local/lib/python3.7/site-packages/airflow/example_dags/example_subdag_operator.py took 3.437 seconds
[2023-05-23T10:14:34.292+0000] {processor.py:157} INFO - Started process (PID=813) to work on /home/airflow/.local/lib/python3.7/site-packages/airflow/example_dags/example_subdag_operator.py
[2023-05-23T10:14:34.332+0000] {processor.py:826} INFO - Processing file /home/airflow/.local/lib/python3.7/site-packages/airflow/example_dags/example_subdag_operator.py for tasks to queue
[2023-05-23T10:14:34.338+0000] {logging_mixin.py:149} INFO - [2023-05-23T10:14:34.336+0000] {dagbag.py:541} INFO - Filling up the DagBag from /home/airflow/.local/lib/python3.7/site-packages/airflow/example_dags/example_subdag_operator.py
[2023-05-23T10:14:34.674+0000] {processor.py:836} INFO - DAG(s) dict_keys(['example_subdag_operator.section-1', 'example_subdag_operator.section-2', 'example_subdag_operator']) retrieved from /home/airflow/.local/lib/python3.7/site-packages/airflow/example_dags/example_subdag_operator.py
[2023-05-23T10:14:35.275+0000] {logging_mixin.py:149} INFO - [2023-05-23T10:14:35.275+0000] {dag.py:2726} INFO - Sync 3 DAGs
[2023-05-23T10:14:35.768+0000] {logging_mixin.py:149} INFO - [2023-05-23T10:14:35.767+0000] {dag.py:3490} INFO - Setting next_dagrun for example_subdag_operator to 2022-01-01T00:00:00+00:00, run_after=2022-01-01T00:00:00+00:00
[2023-05-23T10:14:35.911+0000] {logging_mixin.py:149} INFO - [2023-05-23T10:14:35.910+0000] {dag.py:3490} INFO - Setting next_dagrun for example_subdag_operator.section-1 to None, run_after=None
[2023-05-23T10:14:35.939+0000] {logging_mixin.py:149} INFO - [2023-05-23T10:14:35.938+0000] {dag.py:3490} INFO - Setting next_dagrun for example_subdag_operator.section-2 to None, run_after=None
[2023-05-23T10:14:36.049+0000] {logging_mixin.py:149} INFO - [2023-05-23T10:14:36.049+0000] {dag.py:2726} INFO - Sync 2 DAGs
[2023-05-23T10:14:36.129+0000] {logging_mixin.py:149} INFO - [2023-05-23T10:14:36.125+0000] {dag.py:3490} INFO - Setting next_dagrun for example_subdag_operator.section-1 to None, run_after=None
[2023-05-23T10:14:36.144+0000] {logging_mixin.py:149} INFO - [2023-05-23T10:14:36.141+0000] {dag.py:3490} INFO - Setting next_dagrun for example_subdag_operator.section-2 to None, run_after=None
[2023-05-23T10:14:36.344+0000] {processor.py:179} INFO - Processing /home/airflow/.local/lib/python3.7/site-packages/airflow/example_dags/example_subdag_operator.py took 2.114 seconds
[2023-05-23T10:18:30.861+0000] {processor.py:157} INFO - Started process (PID=173) to work on /home/airflow/.local/lib/python3.7/site-packages/airflow/example_dags/example_subdag_operator.py
[2023-05-23T10:18:30.862+0000] {processor.py:826} INFO - Processing file /home/airflow/.local/lib/python3.7/site-packages/airflow/example_dags/example_subdag_operator.py for tasks to queue
[2023-05-23T10:18:30.863+0000] {logging_mixin.py:149} INFO - [2023-05-23T10:18:30.863+0000] {dagbag.py:541} INFO - Filling up the DagBag from /home/airflow/.local/lib/python3.7/site-packages/airflow/example_dags/example_subdag_operator.py
[2023-05-23T10:18:31.016+0000] {processor.py:836} INFO - DAG(s) dict_keys(['example_subdag_operator.section-1', 'example_subdag_operator.section-2', 'example_subdag_operator']) retrieved from /home/airflow/.local/lib/python3.7/site-packages/airflow/example_dags/example_subdag_operator.py
[2023-05-23T10:18:31.436+0000] {logging_mixin.py:149} INFO - [2023-05-23T10:18:31.436+0000] {dag.py:2726} INFO - Sync 3 DAGs
[2023-05-23T10:18:31.883+0000] {logging_mixin.py:149} INFO - [2023-05-23T10:18:31.883+0000] {dag.py:3490} INFO - Setting next_dagrun for example_subdag_operator to 2022-01-01T00:00:00+00:00, run_after=2022-01-01T00:00:00+00:00
[2023-05-23T10:18:31.904+0000] {logging_mixin.py:149} INFO - [2023-05-23T10:18:31.904+0000] {dag.py:3490} INFO - Setting next_dagrun for example_subdag_operator.section-1 to None, run_after=None
[2023-05-23T10:18:31.907+0000] {logging_mixin.py:149} INFO - [2023-05-23T10:18:31.907+0000] {dag.py:3490} INFO - Setting next_dagrun for example_subdag_operator.section-2 to None, run_after=None
[2023-05-23T10:18:32.052+0000] {logging_mixin.py:149} INFO - [2023-05-23T10:18:32.052+0000] {dag.py:2726} INFO - Sync 2 DAGs
[2023-05-23T10:18:32.337+0000] {logging_mixin.py:149} INFO - [2023-05-23T10:18:32.337+0000] {dag.py:3490} INFO - Setting next_dagrun for example_subdag_operator.section-1 to None, run_after=None
[2023-05-23T10:18:32.337+0000] {logging_mixin.py:149} INFO - [2023-05-23T10:18:32.337+0000] {dag.py:3490} INFO - Setting next_dagrun for example_subdag_operator.section-2 to None, run_after=None
[2023-05-23T10:18:32.763+0000] {processor.py:179} INFO - Processing /home/airflow/.local/lib/python3.7/site-packages/airflow/example_dags/example_subdag_operator.py took 1.914 seconds
[2023-05-23T10:19:16.380+0000] {processor.py:157} INFO - Started process (PID=584) to work on /home/airflow/.local/lib/python3.7/site-packages/airflow/example_dags/example_subdag_operator.py
[2023-05-23T10:19:16.382+0000] {processor.py:826} INFO - Processing file /home/airflow/.local/lib/python3.7/site-packages/airflow/example_dags/example_subdag_operator.py for tasks to queue
[2023-05-23T10:19:16.384+0000] {logging_mixin.py:149} INFO - [2023-05-23T10:19:16.384+0000] {dagbag.py:541} INFO - Filling up the DagBag from /home/airflow/.local/lib/python3.7/site-packages/airflow/example_dags/example_subdag_operator.py
[2023-05-23T10:19:16.530+0000] {processor.py:836} INFO - DAG(s) dict_keys(['example_subdag_operator.section-1', 'example_subdag_operator.section-2', 'example_subdag_operator']) retrieved from /home/airflow/.local/lib/python3.7/site-packages/airflow/example_dags/example_subdag_operator.py
[2023-05-23T10:19:16.848+0000] {logging_mixin.py:149} INFO - [2023-05-23T10:19:16.848+0000] {dag.py:2726} INFO - Sync 3 DAGs
[2023-05-23T10:19:17.106+0000] {logging_mixin.py:149} INFO - [2023-05-23T10:19:17.106+0000] {dag.py:3490} INFO - Setting next_dagrun for example_subdag_operator to 2022-01-01T00:00:00+00:00, run_after=2022-01-01T00:00:00+00:00
[2023-05-23T10:19:17.115+0000] {logging_mixin.py:149} INFO - [2023-05-23T10:19:17.114+0000] {dag.py:3490} INFO - Setting next_dagrun for example_subdag_operator.section-1 to None, run_after=None
[2023-05-23T10:19:17.118+0000] {logging_mixin.py:149} INFO - [2023-05-23T10:19:17.118+0000] {dag.py:3490} INFO - Setting next_dagrun for example_subdag_operator.section-2 to None, run_after=None
[2023-05-23T10:19:17.136+0000] {logging_mixin.py:149} INFO - [2023-05-23T10:19:17.135+0000] {dag.py:2726} INFO - Sync 2 DAGs
[2023-05-23T10:19:17.148+0000] {logging_mixin.py:149} INFO - [2023-05-23T10:19:17.148+0000] {dag.py:3490} INFO - Setting next_dagrun for example_subdag_operator.section-1 to None, run_after=None
[2023-05-23T10:19:17.149+0000] {logging_mixin.py:149} INFO - [2023-05-23T10:19:17.149+0000] {dag.py:3490} INFO - Setting next_dagrun for example_subdag_operator.section-2 to None, run_after=None
[2023-05-23T10:19:17.208+0000] {processor.py:179} INFO - Processing /home/airflow/.local/lib/python3.7/site-packages/airflow/example_dags/example_subdag_operator.py took 0.834 seconds
[2023-05-23T10:19:51.372+0000] {processor.py:157} INFO - Started process (PID=974) to work on /home/airflow/.local/lib/python3.7/site-packages/airflow/example_dags/example_subdag_operator.py
[2023-05-23T10:19:51.374+0000] {processor.py:826} INFO - Processing file /home/airflow/.local/lib/python3.7/site-packages/airflow/example_dags/example_subdag_operator.py for tasks to queue
[2023-05-23T10:19:51.375+0000] {logging_mixin.py:149} INFO - [2023-05-23T10:19:51.374+0000] {dagbag.py:541} INFO - Filling up the DagBag from /home/airflow/.local/lib/python3.7/site-packages/airflow/example_dags/example_subdag_operator.py
[2023-05-23T10:19:51.467+0000] {processor.py:836} INFO - DAG(s) dict_keys(['example_subdag_operator.section-1', 'example_subdag_operator.section-2', 'example_subdag_operator']) retrieved from /home/airflow/.local/lib/python3.7/site-packages/airflow/example_dags/example_subdag_operator.py
[2023-05-23T10:19:51.728+0000] {logging_mixin.py:149} INFO - [2023-05-23T10:19:51.728+0000] {dag.py:2726} INFO - Sync 3 DAGs
[2023-05-23T10:19:52.168+0000] {logging_mixin.py:149} INFO - [2023-05-23T10:19:52.168+0000] {dag.py:3490} INFO - Setting next_dagrun for example_subdag_operator to 2022-01-01T00:00:00+00:00, run_after=2022-01-01T00:00:00+00:00
[2023-05-23T10:19:52.215+0000] {logging_mixin.py:149} INFO - [2023-05-23T10:19:52.215+0000] {dag.py:3490} INFO - Setting next_dagrun for example_subdag_operator.section-1 to None, run_after=None
[2023-05-23T10:19:52.231+0000] {logging_mixin.py:149} INFO - [2023-05-23T10:19:52.231+0000] {dag.py:3490} INFO - Setting next_dagrun for example_subdag_operator.section-2 to None, run_after=None
[2023-05-23T10:19:52.301+0000] {logging_mixin.py:149} INFO - [2023-05-23T10:19:52.301+0000] {dag.py:2726} INFO - Sync 2 DAGs
[2023-05-23T10:19:52.366+0000] {logging_mixin.py:149} INFO - [2023-05-23T10:19:52.365+0000] {dag.py:3490} INFO - Setting next_dagrun for example_subdag_operator.section-1 to None, run_after=None
[2023-05-23T10:19:52.366+0000] {logging_mixin.py:149} INFO - [2023-05-23T10:19:52.366+0000] {dag.py:3490} INFO - Setting next_dagrun for example_subdag_operator.section-2 to None, run_after=None
[2023-05-23T10:19:52.467+0000] {processor.py:179} INFO - Processing /home/airflow/.local/lib/python3.7/site-packages/airflow/example_dags/example_subdag_operator.py took 1.101 seconds
[2023-05-23T10:20:23.078+0000] {processor.py:157} INFO - Started process (PID=1357) to work on /home/airflow/.local/lib/python3.7/site-packages/airflow/example_dags/example_subdag_operator.py
[2023-05-23T10:20:23.096+0000] {processor.py:826} INFO - Processing file /home/airflow/.local/lib/python3.7/site-packages/airflow/example_dags/example_subdag_operator.py for tasks to queue
[2023-05-23T10:20:23.116+0000] {logging_mixin.py:149} INFO - [2023-05-23T10:20:23.116+0000] {dagbag.py:541} INFO - Filling up the DagBag from /home/airflow/.local/lib/python3.7/site-packages/airflow/example_dags/example_subdag_operator.py
[2023-05-23T10:20:23.392+0000] {processor.py:836} INFO - DAG(s) dict_keys(['example_subdag_operator.section-1', 'example_subdag_operator.section-2', 'example_subdag_operator']) retrieved from /home/airflow/.local/lib/python3.7/site-packages/airflow/example_dags/example_subdag_operator.py
[2023-05-23T10:20:23.676+0000] {logging_mixin.py:149} INFO - [2023-05-23T10:20:23.676+0000] {dag.py:2726} INFO - Sync 3 DAGs
[2023-05-23T10:20:24.127+0000] {logging_mixin.py:149} INFO - [2023-05-23T10:20:24.126+0000] {dag.py:3490} INFO - Setting next_dagrun for example_subdag_operator to 2022-01-01T00:00:00+00:00, run_after=2022-01-01T00:00:00+00:00
[2023-05-23T10:20:24.149+0000] {logging_mixin.py:149} INFO - [2023-05-23T10:20:24.149+0000] {dag.py:3490} INFO - Setting next_dagrun for example_subdag_operator.section-1 to None, run_after=None
[2023-05-23T10:20:24.160+0000] {logging_mixin.py:149} INFO - [2023-05-23T10:20:24.160+0000] {dag.py:3490} INFO - Setting next_dagrun for example_subdag_operator.section-2 to None, run_after=None
[2023-05-23T10:20:24.226+0000] {logging_mixin.py:149} INFO - [2023-05-23T10:20:24.226+0000] {dag.py:2726} INFO - Sync 2 DAGs
[2023-05-23T10:20:24.284+0000] {logging_mixin.py:149} INFO - [2023-05-23T10:20:24.284+0000] {dag.py:3490} INFO - Setting next_dagrun for example_subdag_operator.section-1 to None, run_after=None
[2023-05-23T10:20:24.307+0000] {logging_mixin.py:149} INFO - [2023-05-23T10:20:24.285+0000] {dag.py:3490} INFO - Setting next_dagrun for example_subdag_operator.section-2 to None, run_after=None
[2023-05-23T10:20:24.462+0000] {processor.py:179} INFO - Processing /home/airflow/.local/lib/python3.7/site-packages/airflow/example_dags/example_subdag_operator.py took 1.451 seconds
[2023-05-23T10:21:01.978+0000] {processor.py:157} INFO - Started process (PID=1606) to work on /home/airflow/.local/lib/python3.7/site-packages/airflow/example_dags/example_subdag_operator.py
[2023-05-23T10:21:02.001+0000] {processor.py:826} INFO - Processing file /home/airflow/.local/lib/python3.7/site-packages/airflow/example_dags/example_subdag_operator.py for tasks to queue
[2023-05-23T10:21:02.019+0000] {logging_mixin.py:149} INFO - [2023-05-23T10:21:02.019+0000] {dagbag.py:541} INFO - Filling up the DagBag from /home/airflow/.local/lib/python3.7/site-packages/airflow/example_dags/example_subdag_operator.py
[2023-05-23T10:21:02.298+0000] {processor.py:836} INFO - DAG(s) dict_keys(['example_subdag_operator.section-1', 'example_subdag_operator.section-2', 'example_subdag_operator']) retrieved from /home/airflow/.local/lib/python3.7/site-packages/airflow/example_dags/example_subdag_operator.py
[2023-05-23T10:21:02.608+0000] {logging_mixin.py:149} INFO - [2023-05-23T10:21:02.602+0000] {dag.py:2726} INFO - Sync 3 DAGs
[2023-05-23T10:21:02.865+0000] {logging_mixin.py:149} INFO - [2023-05-23T10:21:02.865+0000] {dag.py:3490} INFO - Setting next_dagrun for example_subdag_operator to 2022-01-01T00:00:00+00:00, run_after=2022-01-01T00:00:00+00:00
[2023-05-23T10:21:02.942+0000] {logging_mixin.py:149} INFO - [2023-05-23T10:21:02.942+0000] {dag.py:3490} INFO - Setting next_dagrun for example_subdag_operator.section-1 to None, run_after=None
[2023-05-23T10:21:02.969+0000] {logging_mixin.py:149} INFO - [2023-05-23T10:21:02.969+0000] {dag.py:3490} INFO - Setting next_dagrun for example_subdag_operator.section-2 to None, run_after=None
[2023-05-23T10:21:03.096+0000] {logging_mixin.py:149} INFO - [2023-05-23T10:21:03.078+0000] {dag.py:2726} INFO - Sync 2 DAGs
[2023-05-23T10:21:03.232+0000] {logging_mixin.py:149} INFO - [2023-05-23T10:21:03.232+0000] {dag.py:3490} INFO - Setting next_dagrun for example_subdag_operator.section-1 to None, run_after=None
[2023-05-23T10:21:03.237+0000] {logging_mixin.py:149} INFO - [2023-05-23T10:21:03.237+0000] {dag.py:3490} INFO - Setting next_dagrun for example_subdag_operator.section-2 to None, run_after=None
[2023-05-23T10:21:03.471+0000] {processor.py:179} INFO - Processing /home/airflow/.local/lib/python3.7/site-packages/airflow/example_dags/example_subdag_operator.py took 1.541 seconds
[2023-05-23T10:22:26.257+0000] {processor.py:157} INFO - Started process (PID=174) to work on /home/airflow/.local/lib/python3.7/site-packages/airflow/example_dags/example_subdag_operator.py
[2023-05-23T10:22:26.258+0000] {processor.py:826} INFO - Processing file /home/airflow/.local/lib/python3.7/site-packages/airflow/example_dags/example_subdag_operator.py for tasks to queue
[2023-05-23T10:22:26.259+0000] {logging_mixin.py:149} INFO - [2023-05-23T10:22:26.259+0000] {dagbag.py:541} INFO - Filling up the DagBag from /home/airflow/.local/lib/python3.7/site-packages/airflow/example_dags/example_subdag_operator.py
[2023-05-23T10:22:26.301+0000] {processor.py:836} INFO - DAG(s) dict_keys(['example_subdag_operator.section-1', 'example_subdag_operator.section-2', 'example_subdag_operator']) retrieved from /home/airflow/.local/lib/python3.7/site-packages/airflow/example_dags/example_subdag_operator.py
[2023-05-23T10:22:26.534+0000] {logging_mixin.py:149} INFO - [2023-05-23T10:22:26.533+0000] {manager.py:504} INFO - Created Permission View: can delete on DAG:example_subdag_operator
[2023-05-23T10:22:26.560+0000] {logging_mixin.py:149} INFO - [2023-05-23T10:22:26.559+0000] {manager.py:504} INFO - Created Permission View: can read on DAG:example_subdag_operator
[2023-05-23T10:22:26.578+0000] {logging_mixin.py:149} INFO - [2023-05-23T10:22:26.577+0000] {manager.py:504} INFO - Created Permission View: can edit on DAG:example_subdag_operator
[2023-05-23T10:22:26.579+0000] {logging_mixin.py:149} INFO - [2023-05-23T10:22:26.578+0000] {dag.py:2726} INFO - Sync 3 DAGs
[2023-05-23T10:22:26.788+0000] {logging_mixin.py:149} INFO - [2023-05-23T10:22:26.788+0000] {dag.py:2747} INFO - Creating ORM DAG for example_subdag_operator.section-2
[2023-05-23T10:22:26.790+0000] {logging_mixin.py:149} INFO - [2023-05-23T10:22:26.789+0000] {dag.py:2747} INFO - Creating ORM DAG for example_subdag_operator.section-1
[2023-05-23T10:22:26.791+0000] {logging_mixin.py:149} INFO - [2023-05-23T10:22:26.791+0000] {dag.py:2747} INFO - Creating ORM DAG for example_subdag_operator
[2023-05-23T10:22:26.820+0000] {logging_mixin.py:149} INFO - [2023-05-23T10:22:26.819+0000] {dag.py:3490} INFO - Setting next_dagrun for example_subdag_operator to 2022-01-01T00:00:00+00:00, run_after=2022-01-01T00:00:00+00:00
[2023-05-23T10:22:26.821+0000] {logging_mixin.py:149} INFO - [2023-05-23T10:22:26.820+0000] {dag.py:3490} INFO - Setting next_dagrun for example_subdag_operator.section-1 to None, run_after=None
[2023-05-23T10:22:26.821+0000] {logging_mixin.py:149} INFO - [2023-05-23T10:22:26.821+0000] {dag.py:3490} INFO - Setting next_dagrun for example_subdag_operator.section-2 to None, run_after=None
[2023-05-23T10:22:26.864+0000] {logging_mixin.py:149} INFO - [2023-05-23T10:22:26.864+0000] {dag.py:2726} INFO - Sync 2 DAGs
[2023-05-23T10:22:26.876+0000] {logging_mixin.py:149} INFO - [2023-05-23T10:22:26.876+0000] {dag.py:3490} INFO - Setting next_dagrun for example_subdag_operator.section-1 to None, run_after=None
[2023-05-23T10:22:26.882+0000] {logging_mixin.py:149} INFO - [2023-05-23T10:22:26.882+0000] {dag.py:3490} INFO - Setting next_dagrun for example_subdag_operator.section-2 to None, run_after=None
[2023-05-23T10:22:26.914+0000] {processor.py:179} INFO - Processing /home/airflow/.local/lib/python3.7/site-packages/airflow/example_dags/example_subdag_operator.py took 0.663 seconds
[2023-05-23T10:22:57.514+0000] {processor.py:157} INFO - Started process (PID=416) to work on /home/airflow/.local/lib/python3.7/site-packages/airflow/example_dags/example_subdag_operator.py
[2023-05-23T10:22:57.516+0000] {processor.py:826} INFO - Processing file /home/airflow/.local/lib/python3.7/site-packages/airflow/example_dags/example_subdag_operator.py for tasks to queue
[2023-05-23T10:22:57.517+0000] {logging_mixin.py:149} INFO - [2023-05-23T10:22:57.517+0000] {dagbag.py:541} INFO - Filling up the DagBag from /home/airflow/.local/lib/python3.7/site-packages/airflow/example_dags/example_subdag_operator.py
[2023-05-23T10:22:57.570+0000] {processor.py:836} INFO - DAG(s) dict_keys(['example_subdag_operator.section-1', 'example_subdag_operator.section-2', 'example_subdag_operator']) retrieved from /home/airflow/.local/lib/python3.7/site-packages/airflow/example_dags/example_subdag_operator.py
[2023-05-23T10:22:57.611+0000] {logging_mixin.py:149} INFO - [2023-05-23T10:22:57.611+0000] {dag.py:2726} INFO - Sync 3 DAGs
[2023-05-23T10:22:57.675+0000] {logging_mixin.py:149} INFO - [2023-05-23T10:22:57.674+0000] {dag.py:3490} INFO - Setting next_dagrun for example_subdag_operator to 2022-01-01T00:00:00+00:00, run_after=2022-01-01T00:00:00+00:00
[2023-05-23T10:22:57.685+0000] {logging_mixin.py:149} INFO - [2023-05-23T10:22:57.684+0000] {dag.py:3490} INFO - Setting next_dagrun for example_subdag_operator.section-1 to None, run_after=None
[2023-05-23T10:22:57.688+0000] {logging_mixin.py:149} INFO - [2023-05-23T10:22:57.687+0000] {dag.py:3490} INFO - Setting next_dagrun for example_subdag_operator.section-2 to None, run_after=None
[2023-05-23T10:22:57.908+0000] {logging_mixin.py:149} INFO - [2023-05-23T10:22:57.908+0000] {dag.py:2726} INFO - Sync 2 DAGs
[2023-05-23T10:22:57.929+0000] {logging_mixin.py:149} INFO - [2023-05-23T10:22:57.929+0000] {dag.py:3490} INFO - Setting next_dagrun for example_subdag_operator.section-1 to None, run_after=None
[2023-05-23T10:22:57.930+0000] {logging_mixin.py:149} INFO - [2023-05-23T10:22:57.930+0000] {dag.py:3490} INFO - Setting next_dagrun for example_subdag_operator.section-2 to None, run_after=None
[2023-05-23T10:22:57.956+0000] {processor.py:179} INFO - Processing /home/airflow/.local/lib/python3.7/site-packages/airflow/example_dags/example_subdag_operator.py took 0.448 seconds
[2023-05-23T10:23:28.478+0000] {processor.py:157} INFO - Started process (PID=657) to work on /home/airflow/.local/lib/python3.7/site-packages/airflow/example_dags/example_subdag_operator.py
[2023-05-23T10:23:28.504+0000] {processor.py:826} INFO - Processing file /home/airflow/.local/lib/python3.7/site-packages/airflow/example_dags/example_subdag_operator.py for tasks to queue
[2023-05-23T10:23:28.505+0000] {logging_mixin.py:149} INFO - [2023-05-23T10:23:28.505+0000] {dagbag.py:541} INFO - Filling up the DagBag from /home/airflow/.local/lib/python3.7/site-packages/airflow/example_dags/example_subdag_operator.py
[2023-05-23T10:23:28.589+0000] {processor.py:836} INFO - DAG(s) dict_keys(['example_subdag_operator.section-1', 'example_subdag_operator.section-2', 'example_subdag_operator']) retrieved from /home/airflow/.local/lib/python3.7/site-packages/airflow/example_dags/example_subdag_operator.py
[2023-05-23T10:23:29.096+0000] {logging_mixin.py:149} INFO - [2023-05-23T10:23:29.095+0000] {dag.py:2726} INFO - Sync 3 DAGs
[2023-05-23T10:23:29.198+0000] {logging_mixin.py:149} INFO - [2023-05-23T10:23:29.198+0000] {dag.py:3490} INFO - Setting next_dagrun for example_subdag_operator to 2022-01-01T00:00:00+00:00, run_after=2022-01-01T00:00:00+00:00
[2023-05-23T10:23:29.211+0000] {logging_mixin.py:149} INFO - [2023-05-23T10:23:29.210+0000] {dag.py:3490} INFO - Setting next_dagrun for example_subdag_operator.section-1 to None, run_after=None
[2023-05-23T10:23:29.223+0000] {logging_mixin.py:149} INFO - [2023-05-23T10:23:29.222+0000] {dag.py:3490} INFO - Setting next_dagrun for example_subdag_operator.section-2 to None, run_after=None
[2023-05-23T10:23:29.249+0000] {logging_mixin.py:149} INFO - [2023-05-23T10:23:29.248+0000] {dag.py:2726} INFO - Sync 2 DAGs
[2023-05-23T10:23:29.272+0000] {logging_mixin.py:149} INFO - [2023-05-23T10:23:29.272+0000] {dag.py:3490} INFO - Setting next_dagrun for example_subdag_operator.section-1 to None, run_after=None
[2023-05-23T10:23:29.273+0000] {logging_mixin.py:149} INFO - [2023-05-23T10:23:29.273+0000] {dag.py:3490} INFO - Setting next_dagrun for example_subdag_operator.section-2 to None, run_after=None
[2023-05-23T10:23:29.352+0000] {processor.py:179} INFO - Processing /home/airflow/.local/lib/python3.7/site-packages/airflow/example_dags/example_subdag_operator.py took 0.881 seconds
