[2023-05-23T10:06:46.911+0000] {processor.py:157} INFO - Started process (PID=286) to work on /home/airflow/.local/lib/python3.7/site-packages/airflow/example_dags/example_short_circuit_operator.py
[2023-05-23T10:06:46.912+0000] {processor.py:826} INFO - Processing file /home/airflow/.local/lib/python3.7/site-packages/airflow/example_dags/example_short_circuit_operator.py for tasks to queue
[2023-05-23T10:06:46.913+0000] {logging_mixin.py:149} INFO - [2023-05-23T10:06:46.913+0000] {dagbag.py:541} INFO - Filling up the DagBag from /home/airflow/.local/lib/python3.7/site-packages/airflow/example_dags/example_short_circuit_operator.py
[2023-05-23T10:06:46.930+0000] {processor.py:836} INFO - DAG(s) dict_keys(['example_short_circuit_operator']) retrieved from /home/airflow/.local/lib/python3.7/site-packages/airflow/example_dags/example_short_circuit_operator.py
[2023-05-23T10:06:46.953+0000] {logging_mixin.py:149} INFO - [2023-05-23T10:06:46.952+0000] {dag.py:2726} INFO - Sync 1 DAGs
[2023-05-23T10:06:47.002+0000] {logging_mixin.py:149} INFO - [2023-05-23T10:06:47.002+0000] {dag.py:3490} INFO - Setting next_dagrun for example_short_circuit_operator to 2023-05-22T10:06:47.001940+00:00, run_after=2023-05-23T10:06:47.001940+00:00
[2023-05-23T10:06:47.038+0000] {processor.py:179} INFO - Processing /home/airflow/.local/lib/python3.7/site-packages/airflow/example_dags/example_short_circuit_operator.py took 0.131 seconds
[2023-05-23T10:07:20.683+0000] {processor.py:157} INFO - Started process (PID=528) to work on /home/airflow/.local/lib/python3.7/site-packages/airflow/example_dags/example_short_circuit_operator.py
[2023-05-23T10:07:20.685+0000] {processor.py:826} INFO - Processing file /home/airflow/.local/lib/python3.7/site-packages/airflow/example_dags/example_short_circuit_operator.py for tasks to queue
[2023-05-23T10:07:20.687+0000] {logging_mixin.py:149} INFO - [2023-05-23T10:07:20.686+0000] {dagbag.py:541} INFO - Filling up the DagBag from /home/airflow/.local/lib/python3.7/site-packages/airflow/example_dags/example_short_circuit_operator.py
[2023-05-23T10:07:20.712+0000] {processor.py:836} INFO - DAG(s) dict_keys(['example_short_circuit_operator']) retrieved from /home/airflow/.local/lib/python3.7/site-packages/airflow/example_dags/example_short_circuit_operator.py
[2023-05-23T10:07:20.766+0000] {logging_mixin.py:149} INFO - [2023-05-23T10:07:20.766+0000] {dag.py:2726} INFO - Sync 1 DAGs
[2023-05-23T10:07:20.994+0000] {logging_mixin.py:149} INFO - [2023-05-23T10:07:20.993+0000] {dag.py:3490} INFO - Setting next_dagrun for example_short_circuit_operator to 2023-05-22T10:07:20.993637+00:00, run_after=2023-05-23T10:07:20.993637+00:00
[2023-05-23T10:07:21.045+0000] {processor.py:179} INFO - Processing /home/airflow/.local/lib/python3.7/site-packages/airflow/example_dags/example_short_circuit_operator.py took 0.369 seconds
[2023-05-23T10:19:04.714+0000] {processor.py:157} INFO - Started process (PID=394) to work on /home/airflow/.local/lib/python3.7/site-packages/airflow/example_dags/example_short_circuit_operator.py
[2023-05-23T10:19:04.749+0000] {processor.py:826} INFO - Processing file /home/airflow/.local/lib/python3.7/site-packages/airflow/example_dags/example_short_circuit_operator.py for tasks to queue
[2023-05-23T10:19:04.756+0000] {logging_mixin.py:149} INFO - [2023-05-23T10:19:04.756+0000] {dagbag.py:541} INFO - Filling up the DagBag from /home/airflow/.local/lib/python3.7/site-packages/airflow/example_dags/example_short_circuit_operator.py
[2023-05-23T10:19:04.850+0000] {processor.py:836} INFO - DAG(s) dict_keys(['example_short_circuit_operator']) retrieved from /home/airflow/.local/lib/python3.7/site-packages/airflow/example_dags/example_short_circuit_operator.py
[2023-05-23T10:19:05.083+0000] {logging_mixin.py:149} INFO - [2023-05-23T10:19:05.082+0000] {dag.py:2726} INFO - Sync 1 DAGs
[2023-05-23T10:19:05.405+0000] {logging_mixin.py:149} INFO - [2023-05-23T10:19:05.404+0000] {dag.py:3490} INFO - Setting next_dagrun for example_short_circuit_operator to 2023-05-22T10:19:05.404403+00:00, run_after=2023-05-23T10:19:05.404403+00:00
[2023-05-23T10:19:05.585+0000] {processor.py:179} INFO - Processing /home/airflow/.local/lib/python3.7/site-packages/airflow/example_dags/example_short_circuit_operator.py took 0.894 seconds
[2023-05-23T10:19:39.255+0000] {processor.py:157} INFO - Started process (PID=794) to work on /home/airflow/.local/lib/python3.7/site-packages/airflow/example_dags/example_short_circuit_operator.py
[2023-05-23T10:19:39.260+0000] {processor.py:826} INFO - Processing file /home/airflow/.local/lib/python3.7/site-packages/airflow/example_dags/example_short_circuit_operator.py for tasks to queue
[2023-05-23T10:19:39.261+0000] {logging_mixin.py:149} INFO - [2023-05-23T10:19:39.261+0000] {dagbag.py:541} INFO - Filling up the DagBag from /home/airflow/.local/lib/python3.7/site-packages/airflow/example_dags/example_short_circuit_operator.py
[2023-05-23T10:19:39.360+0000] {processor.py:836} INFO - DAG(s) dict_keys(['example_short_circuit_operator']) retrieved from /home/airflow/.local/lib/python3.7/site-packages/airflow/example_dags/example_short_circuit_operator.py
[2023-05-23T10:19:39.680+0000] {logging_mixin.py:149} INFO - [2023-05-23T10:19:39.680+0000] {dag.py:2726} INFO - Sync 1 DAGs
[2023-05-23T10:19:39.989+0000] {logging_mixin.py:149} INFO - [2023-05-23T10:19:39.988+0000] {dag.py:3490} INFO - Setting next_dagrun for example_short_circuit_operator to 2023-05-22T10:19:39.988401+00:00, run_after=2023-05-23T10:19:39.988401+00:00
[2023-05-23T10:19:40.160+0000] {processor.py:179} INFO - Processing /home/airflow/.local/lib/python3.7/site-packages/airflow/example_dags/example_short_circuit_operator.py took 0.949 seconds
[2023-05-23T10:20:12.034+0000] {processor.py:157} INFO - Started process (PID=1223) to work on /home/airflow/.local/lib/python3.7/site-packages/airflow/example_dags/example_short_circuit_operator.py
[2023-05-23T10:20:12.036+0000] {processor.py:826} INFO - Processing file /home/airflow/.local/lib/python3.7/site-packages/airflow/example_dags/example_short_circuit_operator.py for tasks to queue
[2023-05-23T10:20:12.037+0000] {logging_mixin.py:149} INFO - [2023-05-23T10:20:12.037+0000] {dagbag.py:541} INFO - Filling up the DagBag from /home/airflow/.local/lib/python3.7/site-packages/airflow/example_dags/example_short_circuit_operator.py
[2023-05-23T10:20:12.206+0000] {processor.py:836} INFO - DAG(s) dict_keys(['example_short_circuit_operator']) retrieved from /home/airflow/.local/lib/python3.7/site-packages/airflow/example_dags/example_short_circuit_operator.py
[2023-05-23T10:20:12.516+0000] {logging_mixin.py:149} INFO - [2023-05-23T10:20:12.516+0000] {dag.py:2726} INFO - Sync 1 DAGs
[2023-05-23T10:20:12.664+0000] {logging_mixin.py:149} INFO - [2023-05-23T10:20:12.664+0000] {dag.py:3490} INFO - Setting next_dagrun for example_short_circuit_operator to 2023-05-22T10:20:12.663909+00:00, run_after=2023-05-23T10:20:12.663909+00:00
[2023-05-23T10:20:12.824+0000] {processor.py:179} INFO - Processing /home/airflow/.local/lib/python3.7/site-packages/airflow/example_dags/example_short_circuit_operator.py took 0.851 seconds
[2023-05-23T10:21:00.066+0000] {processor.py:157} INFO - Started process (PID=1583) to work on /home/airflow/.local/lib/python3.7/site-packages/airflow/example_dags/example_short_circuit_operator.py
[2023-05-23T10:21:00.074+0000] {processor.py:826} INFO - Processing file /home/airflow/.local/lib/python3.7/site-packages/airflow/example_dags/example_short_circuit_operator.py for tasks to queue
[2023-05-23T10:21:00.077+0000] {logging_mixin.py:149} INFO - [2023-05-23T10:21:00.076+0000] {dagbag.py:541} INFO - Filling up the DagBag from /home/airflow/.local/lib/python3.7/site-packages/airflow/example_dags/example_short_circuit_operator.py
[2023-05-23T10:21:00.126+0000] {processor.py:836} INFO - DAG(s) dict_keys(['example_short_circuit_operator']) retrieved from /home/airflow/.local/lib/python3.7/site-packages/airflow/example_dags/example_short_circuit_operator.py
[2023-05-23T10:21:00.438+0000] {logging_mixin.py:149} INFO - [2023-05-23T10:21:00.437+0000] {dag.py:2726} INFO - Sync 1 DAGs
[2023-05-23T10:21:00.795+0000] {logging_mixin.py:149} INFO - [2023-05-23T10:21:00.794+0000] {dag.py:3490} INFO - Setting next_dagrun for example_short_circuit_operator to 2023-05-22T10:21:00.794370+00:00, run_after=2023-05-23T10:21:00.794370+00:00
[2023-05-23T10:21:01.078+0000] {processor.py:179} INFO - Processing /home/airflow/.local/lib/python3.7/site-packages/airflow/example_dags/example_short_circuit_operator.py took 1.036 seconds
[2023-05-23T10:22:36.500+0000] {processor.py:157} INFO - Started process (PID=287) to work on /home/airflow/.local/lib/python3.7/site-packages/airflow/example_dags/example_short_circuit_operator.py
[2023-05-23T10:22:36.503+0000] {processor.py:826} INFO - Processing file /home/airflow/.local/lib/python3.7/site-packages/airflow/example_dags/example_short_circuit_operator.py for tasks to queue
[2023-05-23T10:22:36.505+0000] {logging_mixin.py:149} INFO - [2023-05-23T10:22:36.504+0000] {dagbag.py:541} INFO - Filling up the DagBag from /home/airflow/.local/lib/python3.7/site-packages/airflow/example_dags/example_short_circuit_operator.py
[2023-05-23T10:22:36.520+0000] {processor.py:836} INFO - DAG(s) dict_keys(['example_short_circuit_operator']) retrieved from /home/airflow/.local/lib/python3.7/site-packages/airflow/example_dags/example_short_circuit_operator.py
[2023-05-23T10:22:36.876+0000] {logging_mixin.py:149} INFO - [2023-05-23T10:22:36.875+0000] {manager.py:504} INFO - Created Permission View: can delete on DAG:example_short_circuit_operator
[2023-05-23T10:22:36.901+0000] {logging_mixin.py:149} INFO - [2023-05-23T10:22:36.901+0000] {manager.py:504} INFO - Created Permission View: can read on DAG:example_short_circuit_operator
[2023-05-23T10:22:36.915+0000] {logging_mixin.py:149} INFO - [2023-05-23T10:22:36.915+0000] {manager.py:504} INFO - Created Permission View: can edit on DAG:example_short_circuit_operator
[2023-05-23T10:22:36.916+0000] {logging_mixin.py:149} INFO - [2023-05-23T10:22:36.916+0000] {dag.py:2726} INFO - Sync 1 DAGs
[2023-05-23T10:22:36.939+0000] {logging_mixin.py:149} INFO - [2023-05-23T10:22:36.939+0000] {dag.py:2747} INFO - Creating ORM DAG for example_short_circuit_operator
[2023-05-23T10:22:36.955+0000] {logging_mixin.py:149} INFO - [2023-05-23T10:22:36.955+0000] {dag.py:3490} INFO - Setting next_dagrun for example_short_circuit_operator to 2023-05-22T10:22:36.955392+00:00, run_after=2023-05-23T10:22:36.955392+00:00
[2023-05-23T10:22:36.982+0000] {processor.py:179} INFO - Processing /home/airflow/.local/lib/python3.7/site-packages/airflow/example_dags/example_short_circuit_operator.py took 0.487 seconds
[2023-05-23T10:23:07.717+0000] {processor.py:157} INFO - Started process (PID=529) to work on /home/airflow/.local/lib/python3.7/site-packages/airflow/example_dags/example_short_circuit_operator.py
[2023-05-23T10:23:07.718+0000] {processor.py:826} INFO - Processing file /home/airflow/.local/lib/python3.7/site-packages/airflow/example_dags/example_short_circuit_operator.py for tasks to queue
[2023-05-23T10:23:07.719+0000] {logging_mixin.py:149} INFO - [2023-05-23T10:23:07.719+0000] {dagbag.py:541} INFO - Filling up the DagBag from /home/airflow/.local/lib/python3.7/site-packages/airflow/example_dags/example_short_circuit_operator.py
[2023-05-23T10:23:07.733+0000] {processor.py:836} INFO - DAG(s) dict_keys(['example_short_circuit_operator']) retrieved from /home/airflow/.local/lib/python3.7/site-packages/airflow/example_dags/example_short_circuit_operator.py
[2023-05-23T10:23:07.771+0000] {logging_mixin.py:149} INFO - [2023-05-23T10:23:07.771+0000] {dag.py:2726} INFO - Sync 1 DAGs
[2023-05-23T10:23:07.953+0000] {logging_mixin.py:149} INFO - [2023-05-23T10:23:07.953+0000] {dag.py:3490} INFO - Setting next_dagrun for example_short_circuit_operator to 2023-05-22T10:23:07.953035+00:00, run_after=2023-05-23T10:23:07.953035+00:00
[2023-05-23T10:23:07.991+0000] {processor.py:179} INFO - Processing /home/airflow/.local/lib/python3.7/site-packages/airflow/example_dags/example_short_circuit_operator.py took 0.280 seconds
[2023-05-23T10:23:38.437+0000] {processor.py:157} INFO - Started process (PID=770) to work on /home/airflow/.local/lib/python3.7/site-packages/airflow/example_dags/example_short_circuit_operator.py
[2023-05-23T10:23:38.438+0000] {processor.py:826} INFO - Processing file /home/airflow/.local/lib/python3.7/site-packages/airflow/example_dags/example_short_circuit_operator.py for tasks to queue
[2023-05-23T10:23:38.439+0000] {logging_mixin.py:149} INFO - [2023-05-23T10:23:38.439+0000] {dagbag.py:541} INFO - Filling up the DagBag from /home/airflow/.local/lib/python3.7/site-packages/airflow/example_dags/example_short_circuit_operator.py
[2023-05-23T10:23:38.458+0000] {processor.py:836} INFO - DAG(s) dict_keys(['example_short_circuit_operator']) retrieved from /home/airflow/.local/lib/python3.7/site-packages/airflow/example_dags/example_short_circuit_operator.py
[2023-05-23T10:23:38.519+0000] {logging_mixin.py:149} INFO - [2023-05-23T10:23:38.518+0000] {dag.py:2726} INFO - Sync 1 DAGs
[2023-05-23T10:23:38.579+0000] {logging_mixin.py:149} INFO - [2023-05-23T10:23:38.579+0000] {dag.py:3490} INFO - Setting next_dagrun for example_short_circuit_operator to 2023-05-22T10:23:38.578798+00:00, run_after=2023-05-23T10:23:38.578798+00:00
[2023-05-23T10:23:38.621+0000] {processor.py:179} INFO - Processing /home/airflow/.local/lib/python3.7/site-packages/airflow/example_dags/example_short_circuit_operator.py took 0.193 seconds
