[2023-05-23T10:06:49.355+0000] {processor.py:157} INFO - Started process (PID=368) to work on /home/airflow/.local/lib/python3.7/site-packages/airflow/example_dags/example_short_circuit_decorator.py
[2023-05-23T10:06:49.356+0000] {processor.py:826} INFO - Processing file /home/airflow/.local/lib/python3.7/site-packages/airflow/example_dags/example_short_circuit_decorator.py for tasks to queue
[2023-05-23T10:06:49.357+0000] {logging_mixin.py:149} INFO - [2023-05-23T10:06:49.357+0000] {dagbag.py:541} INFO - Filling up the DagBag from /home/airflow/.local/lib/python3.7/site-packages/airflow/example_dags/example_short_circuit_decorator.py
[2023-05-23T10:06:49.395+0000] {processor.py:836} INFO - DAG(s) dict_keys(['example_short_circuit_decorator']) retrieved from /home/airflow/.local/lib/python3.7/site-packages/airflow/example_dags/example_short_circuit_decorator.py
[2023-05-23T10:06:49.424+0000] {logging_mixin.py:149} INFO - [2023-05-23T10:06:49.424+0000] {dag.py:2726} INFO - Sync 1 DAGs
[2023-05-23T10:06:49.479+0000] {logging_mixin.py:149} INFO - [2023-05-23T10:06:49.479+0000] {dag.py:3490} INFO - Setting next_dagrun for example_short_circuit_decorator to 2023-05-22T10:06:49.479137+00:00, run_after=2023-05-23T10:06:49.479137+00:00
[2023-05-23T10:06:49.537+0000] {processor.py:179} INFO - Processing /home/airflow/.local/lib/python3.7/site-packages/airflow/example_dags/example_short_circuit_decorator.py took 0.187 seconds
[2023-05-23T10:07:26.755+0000] {processor.py:157} INFO - Started process (PID=606) to work on /home/airflow/.local/lib/python3.7/site-packages/airflow/example_dags/example_short_circuit_decorator.py
[2023-05-23T10:07:26.757+0000] {processor.py:826} INFO - Processing file /home/airflow/.local/lib/python3.7/site-packages/airflow/example_dags/example_short_circuit_decorator.py for tasks to queue
[2023-05-23T10:07:26.758+0000] {logging_mixin.py:149} INFO - [2023-05-23T10:07:26.758+0000] {dagbag.py:541} INFO - Filling up the DagBag from /home/airflow/.local/lib/python3.7/site-packages/airflow/example_dags/example_short_circuit_decorator.py
[2023-05-23T10:07:26.794+0000] {processor.py:836} INFO - DAG(s) dict_keys(['example_short_circuit_decorator']) retrieved from /home/airflow/.local/lib/python3.7/site-packages/airflow/example_dags/example_short_circuit_decorator.py
[2023-05-23T10:07:26.899+0000] {logging_mixin.py:149} INFO - [2023-05-23T10:07:26.898+0000] {dag.py:2726} INFO - Sync 1 DAGs
[2023-05-23T10:07:27.290+0000] {logging_mixin.py:149} INFO - [2023-05-23T10:07:27.289+0000] {dag.py:3490} INFO - Setting next_dagrun for example_short_circuit_decorator to 2023-05-22T10:07:27.289281+00:00, run_after=2023-05-23T10:07:27.289281+00:00
[2023-05-23T10:07:27.435+0000] {processor.py:179} INFO - Processing /home/airflow/.local/lib/python3.7/site-packages/airflow/example_dags/example_short_circuit_decorator.py took 0.687 seconds
[2023-05-23T10:19:12.616+0000] {processor.py:157} INFO - Started process (PID=527) to work on /home/airflow/.local/lib/python3.7/site-packages/airflow/example_dags/example_short_circuit_decorator.py
[2023-05-23T10:19:12.619+0000] {processor.py:826} INFO - Processing file /home/airflow/.local/lib/python3.7/site-packages/airflow/example_dags/example_short_circuit_decorator.py for tasks to queue
[2023-05-23T10:19:12.620+0000] {logging_mixin.py:149} INFO - [2023-05-23T10:19:12.620+0000] {dagbag.py:541} INFO - Filling up the DagBag from /home/airflow/.local/lib/python3.7/site-packages/airflow/example_dags/example_short_circuit_decorator.py
[2023-05-23T10:19:12.738+0000] {processor.py:836} INFO - DAG(s) dict_keys(['example_short_circuit_decorator']) retrieved from /home/airflow/.local/lib/python3.7/site-packages/airflow/example_dags/example_short_circuit_decorator.py
[2023-05-23T10:19:12.956+0000] {logging_mixin.py:149} INFO - [2023-05-23T10:19:12.956+0000] {dag.py:2726} INFO - Sync 1 DAGs
[2023-05-23T10:19:13.217+0000] {logging_mixin.py:149} INFO - [2023-05-23T10:19:13.216+0000] {dag.py:3490} INFO - Setting next_dagrun for example_short_circuit_decorator to 2023-05-22T10:19:13.216403+00:00, run_after=2023-05-23T10:19:13.216403+00:00
[2023-05-23T10:19:13.435+0000] {processor.py:179} INFO - Processing /home/airflow/.local/lib/python3.7/site-packages/airflow/example_dags/example_short_circuit_decorator.py took 0.825 seconds
[2023-05-23T10:19:49.147+0000] {processor.py:157} INFO - Started process (PID=933) to work on /home/airflow/.local/lib/python3.7/site-packages/airflow/example_dags/example_short_circuit_decorator.py
[2023-05-23T10:19:49.152+0000] {processor.py:826} INFO - Processing file /home/airflow/.local/lib/python3.7/site-packages/airflow/example_dags/example_short_circuit_decorator.py for tasks to queue
[2023-05-23T10:19:49.153+0000] {logging_mixin.py:149} INFO - [2023-05-23T10:19:49.152+0000] {dagbag.py:541} INFO - Filling up the DagBag from /home/airflow/.local/lib/python3.7/site-packages/airflow/example_dags/example_short_circuit_decorator.py
[2023-05-23T10:19:49.274+0000] {processor.py:836} INFO - DAG(s) dict_keys(['example_short_circuit_decorator']) retrieved from /home/airflow/.local/lib/python3.7/site-packages/airflow/example_dags/example_short_circuit_decorator.py
[2023-05-23T10:19:49.424+0000] {logging_mixin.py:149} INFO - [2023-05-23T10:19:49.424+0000] {dag.py:2726} INFO - Sync 1 DAGs
[2023-05-23T10:19:49.760+0000] {logging_mixin.py:149} INFO - [2023-05-23T10:19:49.760+0000] {dag.py:3490} INFO - Setting next_dagrun for example_short_circuit_decorator to 2023-05-22T10:19:49.760007+00:00, run_after=2023-05-23T10:19:49.760007+00:00
[2023-05-23T10:19:50.068+0000] {processor.py:179} INFO - Processing /home/airflow/.local/lib/python3.7/site-packages/airflow/example_dags/example_short_circuit_decorator.py took 0.959 seconds
[2023-05-23T10:20:20.297+0000] {processor.py:157} INFO - Started process (PID=1324) to work on /home/airflow/.local/lib/python3.7/site-packages/airflow/example_dags/example_short_circuit_decorator.py
[2023-05-23T10:20:20.298+0000] {processor.py:826} INFO - Processing file /home/airflow/.local/lib/python3.7/site-packages/airflow/example_dags/example_short_circuit_decorator.py for tasks to queue
[2023-05-23T10:20:20.301+0000] {logging_mixin.py:149} INFO - [2023-05-23T10:20:20.300+0000] {dagbag.py:541} INFO - Filling up the DagBag from /home/airflow/.local/lib/python3.7/site-packages/airflow/example_dags/example_short_circuit_decorator.py
[2023-05-23T10:20:20.326+0000] {processor.py:836} INFO - DAG(s) dict_keys(['example_short_circuit_decorator']) retrieved from /home/airflow/.local/lib/python3.7/site-packages/airflow/example_dags/example_short_circuit_decorator.py
[2023-05-23T10:20:20.416+0000] {logging_mixin.py:149} INFO - [2023-05-23T10:20:20.416+0000] {dag.py:2726} INFO - Sync 1 DAGs
[2023-05-23T10:20:20.491+0000] {logging_mixin.py:149} INFO - [2023-05-23T10:20:20.491+0000] {dag.py:3490} INFO - Setting next_dagrun for example_short_circuit_decorator to 2023-05-22T10:20:20.490568+00:00, run_after=2023-05-23T10:20:20.490568+00:00
[2023-05-23T10:20:20.529+0000] {processor.py:179} INFO - Processing /home/airflow/.local/lib/python3.7/site-packages/airflow/example_dags/example_short_circuit_decorator.py took 0.241 seconds
[2023-05-23T10:21:15.715+0000] {processor.py:157} INFO - Started process (PID=1792) to work on /home/airflow/.local/lib/python3.7/site-packages/airflow/example_dags/example_short_circuit_decorator.py
[2023-05-23T10:21:15.727+0000] {processor.py:826} INFO - Processing file /home/airflow/.local/lib/python3.7/site-packages/airflow/example_dags/example_short_circuit_decorator.py for tasks to queue
[2023-05-23T10:21:15.729+0000] {logging_mixin.py:149} INFO - [2023-05-23T10:21:15.728+0000] {dagbag.py:541} INFO - Filling up the DagBag from /home/airflow/.local/lib/python3.7/site-packages/airflow/example_dags/example_short_circuit_decorator.py
[2023-05-23T10:21:15.859+0000] {processor.py:836} INFO - DAG(s) dict_keys(['example_short_circuit_decorator']) retrieved from /home/airflow/.local/lib/python3.7/site-packages/airflow/example_dags/example_short_circuit_decorator.py
[2023-05-23T10:21:16.175+0000] {logging_mixin.py:149} INFO - [2023-05-23T10:21:16.175+0000] {dag.py:2726} INFO - Sync 1 DAGs
[2023-05-23T10:21:16.729+0000] {logging_mixin.py:149} INFO - [2023-05-23T10:21:16.729+0000] {dag.py:3490} INFO - Setting next_dagrun for example_short_circuit_decorator to 2023-05-22T10:21:16.728676+00:00, run_after=2023-05-23T10:21:16.728676+00:00
[2023-05-23T10:21:17.019+0000] {processor.py:179} INFO - Processing /home/airflow/.local/lib/python3.7/site-packages/airflow/example_dags/example_short_circuit_decorator.py took 1.325 seconds
[2023-05-23T10:22:42.238+0000] {processor.py:157} INFO - Started process (PID=367) to work on /home/airflow/.local/lib/python3.7/site-packages/airflow/example_dags/example_short_circuit_decorator.py
[2023-05-23T10:22:42.240+0000] {processor.py:826} INFO - Processing file /home/airflow/.local/lib/python3.7/site-packages/airflow/example_dags/example_short_circuit_decorator.py for tasks to queue
[2023-05-23T10:22:42.241+0000] {logging_mixin.py:149} INFO - [2023-05-23T10:22:42.241+0000] {dagbag.py:541} INFO - Filling up the DagBag from /home/airflow/.local/lib/python3.7/site-packages/airflow/example_dags/example_short_circuit_decorator.py
[2023-05-23T10:22:42.262+0000] {processor.py:836} INFO - DAG(s) dict_keys(['example_short_circuit_decorator']) retrieved from /home/airflow/.local/lib/python3.7/site-packages/airflow/example_dags/example_short_circuit_decorator.py
[2023-05-23T10:22:42.717+0000] {logging_mixin.py:149} INFO - [2023-05-23T10:22:42.717+0000] {manager.py:504} INFO - Created Permission View: can delete on DAG:example_short_circuit_decorator
[2023-05-23T10:22:42.733+0000] {logging_mixin.py:149} INFO - [2023-05-23T10:22:42.732+0000] {manager.py:504} INFO - Created Permission View: can read on DAG:example_short_circuit_decorator
[2023-05-23T10:22:42.747+0000] {logging_mixin.py:149} INFO - [2023-05-23T10:22:42.747+0000] {manager.py:504} INFO - Created Permission View: can edit on DAG:example_short_circuit_decorator
[2023-05-23T10:22:42.748+0000] {logging_mixin.py:149} INFO - [2023-05-23T10:22:42.747+0000] {dag.py:2726} INFO - Sync 1 DAGs
[2023-05-23T10:22:42.776+0000] {logging_mixin.py:149} INFO - [2023-05-23T10:22:42.776+0000] {dag.py:2747} INFO - Creating ORM DAG for example_short_circuit_decorator
[2023-05-23T10:22:42.798+0000] {logging_mixin.py:149} INFO - [2023-05-23T10:22:42.798+0000] {dag.py:3490} INFO - Setting next_dagrun for example_short_circuit_decorator to 2023-05-22T10:22:42.797591+00:00, run_after=2023-05-23T10:22:42.797591+00:00
[2023-05-23T10:22:42.844+0000] {processor.py:179} INFO - Processing /home/airflow/.local/lib/python3.7/site-packages/airflow/example_dags/example_short_circuit_decorator.py took 0.612 seconds
[2023-05-23T10:23:13.835+0000] {processor.py:157} INFO - Started process (PID=628) to work on /home/airflow/.local/lib/python3.7/site-packages/airflow/example_dags/example_short_circuit_decorator.py
[2023-05-23T10:23:13.839+0000] {processor.py:826} INFO - Processing file /home/airflow/.local/lib/python3.7/site-packages/airflow/example_dags/example_short_circuit_decorator.py for tasks to queue
[2023-05-23T10:23:13.843+0000] {logging_mixin.py:149} INFO - [2023-05-23T10:23:13.842+0000] {dagbag.py:541} INFO - Filling up the DagBag from /home/airflow/.local/lib/python3.7/site-packages/airflow/example_dags/example_short_circuit_decorator.py
[2023-05-23T10:23:13.893+0000] {processor.py:836} INFO - DAG(s) dict_keys(['example_short_circuit_decorator']) retrieved from /home/airflow/.local/lib/python3.7/site-packages/airflow/example_dags/example_short_circuit_decorator.py
[2023-05-23T10:23:13.930+0000] {logging_mixin.py:149} INFO - [2023-05-23T10:23:13.930+0000] {dag.py:2726} INFO - Sync 1 DAGs
[2023-05-23T10:23:14.085+0000] {logging_mixin.py:149} INFO - [2023-05-23T10:23:14.084+0000] {dag.py:3490} INFO - Setting next_dagrun for example_short_circuit_decorator to 2023-05-22T10:23:14.084620+00:00, run_after=2023-05-23T10:23:14.084620+00:00
[2023-05-23T10:23:14.116+0000] {processor.py:179} INFO - Processing /home/airflow/.local/lib/python3.7/site-packages/airflow/example_dags/example_short_circuit_decorator.py took 0.294 seconds
[2023-05-23T10:23:44.283+0000] {processor.py:157} INFO - Started process (PID=869) to work on /home/airflow/.local/lib/python3.7/site-packages/airflow/example_dags/example_short_circuit_decorator.py
[2023-05-23T10:23:44.285+0000] {processor.py:826} INFO - Processing file /home/airflow/.local/lib/python3.7/site-packages/airflow/example_dags/example_short_circuit_decorator.py for tasks to queue
[2023-05-23T10:23:44.287+0000] {logging_mixin.py:149} INFO - [2023-05-23T10:23:44.287+0000] {dagbag.py:541} INFO - Filling up the DagBag from /home/airflow/.local/lib/python3.7/site-packages/airflow/example_dags/example_short_circuit_decorator.py
[2023-05-23T10:23:44.319+0000] {processor.py:836} INFO - DAG(s) dict_keys(['example_short_circuit_decorator']) retrieved from /home/airflow/.local/lib/python3.7/site-packages/airflow/example_dags/example_short_circuit_decorator.py
[2023-05-23T10:23:44.396+0000] {logging_mixin.py:149} INFO - [2023-05-23T10:23:44.395+0000] {dag.py:2726} INFO - Sync 1 DAGs
[2023-05-23T10:23:44.438+0000] {logging_mixin.py:149} INFO - [2023-05-23T10:23:44.438+0000] {dag.py:3490} INFO - Setting next_dagrun for example_short_circuit_decorator to 2023-05-22T10:23:44.437870+00:00, run_after=2023-05-23T10:23:44.437870+00:00
[2023-05-23T10:23:44.468+0000] {processor.py:179} INFO - Processing /home/airflow/.local/lib/python3.7/site-packages/airflow/example_dags/example_short_circuit_decorator.py took 0.195 seconds
