[2023-05-23T10:06:48.266+0000] {processor.py:157} INFO - Started process (PID=333) to work on /home/airflow/.local/lib/python3.7/site-packages/airflow/example_dags/example_latest_only_with_trigger.py
[2023-05-23T10:06:48.267+0000] {processor.py:826} INFO - Processing file /home/airflow/.local/lib/python3.7/site-packages/airflow/example_dags/example_latest_only_with_trigger.py for tasks to queue
[2023-05-23T10:06:48.268+0000] {logging_mixin.py:149} INFO - [2023-05-23T10:06:48.268+0000] {dagbag.py:541} INFO - Filling up the DagBag from /home/airflow/.local/lib/python3.7/site-packages/airflow/example_dags/example_latest_only_with_trigger.py
[2023-05-23T10:06:48.282+0000] {processor.py:836} INFO - DAG(s) dict_keys(['latest_only_with_trigger']) retrieved from /home/airflow/.local/lib/python3.7/site-packages/airflow/example_dags/example_latest_only_with_trigger.py
[2023-05-23T10:06:48.300+0000] {logging_mixin.py:149} INFO - [2023-05-23T10:06:48.299+0000] {dag.py:2726} INFO - Sync 1 DAGs
[2023-05-23T10:06:48.358+0000] {logging_mixin.py:149} INFO - [2023-05-23T10:06:48.358+0000] {dag.py:3490} INFO - Setting next_dagrun for latest_only_with_trigger to 2023-05-23T06:06:48.357565+00:00, run_after=2023-05-23T10:06:48.357565+00:00
[2023-05-23T10:06:48.396+0000] {processor.py:179} INFO - Processing /home/airflow/.local/lib/python3.7/site-packages/airflow/example_dags/example_latest_only_with_trigger.py took 0.135 seconds
[2023-05-23T10:07:23.100+0000] {processor.py:157} INFO - Started process (PID=571) to work on /home/airflow/.local/lib/python3.7/site-packages/airflow/example_dags/example_latest_only_with_trigger.py
[2023-05-23T10:07:23.101+0000] {processor.py:826} INFO - Processing file /home/airflow/.local/lib/python3.7/site-packages/airflow/example_dags/example_latest_only_with_trigger.py for tasks to queue
[2023-05-23T10:07:23.102+0000] {logging_mixin.py:149} INFO - [2023-05-23T10:07:23.102+0000] {dagbag.py:541} INFO - Filling up the DagBag from /home/airflow/.local/lib/python3.7/site-packages/airflow/example_dags/example_latest_only_with_trigger.py
[2023-05-23T10:07:23.127+0000] {processor.py:836} INFO - DAG(s) dict_keys(['latest_only_with_trigger']) retrieved from /home/airflow/.local/lib/python3.7/site-packages/airflow/example_dags/example_latest_only_with_trigger.py
[2023-05-23T10:07:23.192+0000] {logging_mixin.py:149} INFO - [2023-05-23T10:07:23.192+0000] {dag.py:2726} INFO - Sync 1 DAGs
[2023-05-23T10:07:23.602+0000] {logging_mixin.py:149} INFO - [2023-05-23T10:07:23.602+0000] {dag.py:3490} INFO - Setting next_dagrun for latest_only_with_trigger to 2023-05-23T06:07:23.601861+00:00, run_after=2023-05-23T10:07:23.601861+00:00
[2023-05-23T10:07:23.707+0000] {processor.py:179} INFO - Processing /home/airflow/.local/lib/python3.7/site-packages/airflow/example_dags/example_latest_only_with_trigger.py took 0.614 seconds
[2023-05-23T10:19:09.308+0000] {processor.py:157} INFO - Started process (PID=457) to work on /home/airflow/.local/lib/python3.7/site-packages/airflow/example_dags/example_latest_only_with_trigger.py
[2023-05-23T10:19:09.316+0000] {processor.py:826} INFO - Processing file /home/airflow/.local/lib/python3.7/site-packages/airflow/example_dags/example_latest_only_with_trigger.py for tasks to queue
[2023-05-23T10:19:09.317+0000] {logging_mixin.py:149} INFO - [2023-05-23T10:19:09.317+0000] {dagbag.py:541} INFO - Filling up the DagBag from /home/airflow/.local/lib/python3.7/site-packages/airflow/example_dags/example_latest_only_with_trigger.py
[2023-05-23T10:19:09.347+0000] {processor.py:836} INFO - DAG(s) dict_keys(['latest_only_with_trigger']) retrieved from /home/airflow/.local/lib/python3.7/site-packages/airflow/example_dags/example_latest_only_with_trigger.py
[2023-05-23T10:19:09.543+0000] {logging_mixin.py:149} INFO - [2023-05-23T10:19:09.542+0000] {dag.py:2726} INFO - Sync 1 DAGs
[2023-05-23T10:19:09.720+0000] {logging_mixin.py:149} INFO - [2023-05-23T10:19:09.720+0000] {dag.py:3490} INFO - Setting next_dagrun for latest_only_with_trigger to 2023-05-23T06:19:09.720170+00:00, run_after=2023-05-23T10:19:09.720170+00:00
[2023-05-23T10:19:09.908+0000] {processor.py:179} INFO - Processing /home/airflow/.local/lib/python3.7/site-packages/airflow/example_dags/example_latest_only_with_trigger.py took 0.613 seconds
[2023-05-23T10:19:43.505+0000] {processor.py:157} INFO - Started process (PID=868) to work on /home/airflow/.local/lib/python3.7/site-packages/airflow/example_dags/example_latest_only_with_trigger.py
[2023-05-23T10:19:43.515+0000] {processor.py:826} INFO - Processing file /home/airflow/.local/lib/python3.7/site-packages/airflow/example_dags/example_latest_only_with_trigger.py for tasks to queue
[2023-05-23T10:19:43.516+0000] {logging_mixin.py:149} INFO - [2023-05-23T10:19:43.516+0000] {dagbag.py:541} INFO - Filling up the DagBag from /home/airflow/.local/lib/python3.7/site-packages/airflow/example_dags/example_latest_only_with_trigger.py
[2023-05-23T10:19:43.605+0000] {processor.py:836} INFO - DAG(s) dict_keys(['latest_only_with_trigger']) retrieved from /home/airflow/.local/lib/python3.7/site-packages/airflow/example_dags/example_latest_only_with_trigger.py
[2023-05-23T10:19:43.802+0000] {logging_mixin.py:149} INFO - [2023-05-23T10:19:43.802+0000] {dag.py:2726} INFO - Sync 1 DAGs
[2023-05-23T10:19:43.932+0000] {logging_mixin.py:149} INFO - [2023-05-23T10:19:43.932+0000] {dag.py:3490} INFO - Setting next_dagrun for latest_only_with_trigger to 2023-05-23T06:19:43.931951+00:00, run_after=2023-05-23T10:19:43.931951+00:00
[2023-05-23T10:19:44.148+0000] {processor.py:179} INFO - Processing /home/airflow/.local/lib/python3.7/site-packages/airflow/example_dags/example_latest_only_with_trigger.py took 0.677 seconds
[2023-05-23T10:20:16.552+0000] {processor.py:157} INFO - Started process (PID=1271) to work on /home/airflow/.local/lib/python3.7/site-packages/airflow/example_dags/example_latest_only_with_trigger.py
[2023-05-23T10:20:16.564+0000] {processor.py:826} INFO - Processing file /home/airflow/.local/lib/python3.7/site-packages/airflow/example_dags/example_latest_only_with_trigger.py for tasks to queue
[2023-05-23T10:20:16.565+0000] {logging_mixin.py:149} INFO - [2023-05-23T10:20:16.565+0000] {dagbag.py:541} INFO - Filling up the DagBag from /home/airflow/.local/lib/python3.7/site-packages/airflow/example_dags/example_latest_only_with_trigger.py
[2023-05-23T10:20:16.602+0000] {processor.py:836} INFO - DAG(s) dict_keys(['latest_only_with_trigger']) retrieved from /home/airflow/.local/lib/python3.7/site-packages/airflow/example_dags/example_latest_only_with_trigger.py
[2023-05-23T10:20:16.840+0000] {logging_mixin.py:149} INFO - [2023-05-23T10:20:16.840+0000] {dag.py:2726} INFO - Sync 1 DAGs
[2023-05-23T10:20:17.054+0000] {logging_mixin.py:149} INFO - [2023-05-23T10:20:17.053+0000] {dag.py:3490} INFO - Setting next_dagrun for latest_only_with_trigger to 2023-05-23T06:20:17.053460+00:00, run_after=2023-05-23T10:20:17.053460+00:00
[2023-05-23T10:20:17.144+0000] {processor.py:179} INFO - Processing /home/airflow/.local/lib/python3.7/site-packages/airflow/example_dags/example_latest_only_with_trigger.py took 0.613 seconds
[2023-05-23T10:21:09.091+0000] {processor.py:157} INFO - Started process (PID=1722) to work on /home/airflow/.local/lib/python3.7/site-packages/airflow/example_dags/example_latest_only_with_trigger.py
[2023-05-23T10:21:09.096+0000] {processor.py:826} INFO - Processing file /home/airflow/.local/lib/python3.7/site-packages/airflow/example_dags/example_latest_only_with_trigger.py for tasks to queue
[2023-05-23T10:21:09.097+0000] {logging_mixin.py:149} INFO - [2023-05-23T10:21:09.097+0000] {dagbag.py:541} INFO - Filling up the DagBag from /home/airflow/.local/lib/python3.7/site-packages/airflow/example_dags/example_latest_only_with_trigger.py
[2023-05-23T10:21:09.117+0000] {processor.py:836} INFO - DAG(s) dict_keys(['latest_only_with_trigger']) retrieved from /home/airflow/.local/lib/python3.7/site-packages/airflow/example_dags/example_latest_only_with_trigger.py
[2023-05-23T10:21:09.208+0000] {logging_mixin.py:149} INFO - [2023-05-23T10:21:09.207+0000] {dag.py:2726} INFO - Sync 1 DAGs
[2023-05-23T10:21:09.332+0000] {logging_mixin.py:149} INFO - [2023-05-23T10:21:09.332+0000] {dag.py:3490} INFO - Setting next_dagrun for latest_only_with_trigger to 2023-05-23T06:21:09.331756+00:00, run_after=2023-05-23T10:21:09.331756+00:00
[2023-05-23T10:21:09.412+0000] {processor.py:179} INFO - Processing /home/airflow/.local/lib/python3.7/site-packages/airflow/example_dags/example_latest_only_with_trigger.py took 0.332 seconds
[2023-05-23T10:22:39.695+0000] {processor.py:157} INFO - Started process (PID=332) to work on /home/airflow/.local/lib/python3.7/site-packages/airflow/example_dags/example_latest_only_with_trigger.py
[2023-05-23T10:22:39.696+0000] {processor.py:826} INFO - Processing file /home/airflow/.local/lib/python3.7/site-packages/airflow/example_dags/example_latest_only_with_trigger.py for tasks to queue
[2023-05-23T10:22:39.697+0000] {logging_mixin.py:149} INFO - [2023-05-23T10:22:39.697+0000] {dagbag.py:541} INFO - Filling up the DagBag from /home/airflow/.local/lib/python3.7/site-packages/airflow/example_dags/example_latest_only_with_trigger.py
[2023-05-23T10:22:39.707+0000] {processor.py:836} INFO - DAG(s) dict_keys(['latest_only_with_trigger']) retrieved from /home/airflow/.local/lib/python3.7/site-packages/airflow/example_dags/example_latest_only_with_trigger.py
[2023-05-23T10:22:40.037+0000] {logging_mixin.py:149} INFO - [2023-05-23T10:22:40.037+0000] {manager.py:504} INFO - Created Permission View: can delete on DAG:latest_only_with_trigger
[2023-05-23T10:22:40.052+0000] {logging_mixin.py:149} INFO - [2023-05-23T10:22:40.052+0000] {manager.py:504} INFO - Created Permission View: can read on DAG:latest_only_with_trigger
[2023-05-23T10:22:40.069+0000] {logging_mixin.py:149} INFO - [2023-05-23T10:22:40.069+0000] {manager.py:504} INFO - Created Permission View: can edit on DAG:latest_only_with_trigger
[2023-05-23T10:22:40.069+0000] {logging_mixin.py:149} INFO - [2023-05-23T10:22:40.069+0000] {dag.py:2726} INFO - Sync 1 DAGs
[2023-05-23T10:22:40.095+0000] {logging_mixin.py:149} INFO - [2023-05-23T10:22:40.095+0000] {dag.py:2747} INFO - Creating ORM DAG for latest_only_with_trigger
[2023-05-23T10:22:40.112+0000] {logging_mixin.py:149} INFO - [2023-05-23T10:22:40.112+0000] {dag.py:3490} INFO - Setting next_dagrun for latest_only_with_trigger to 2023-05-23T06:22:40.112356+00:00, run_after=2023-05-23T10:22:40.112356+00:00
[2023-05-23T10:22:40.141+0000] {processor.py:179} INFO - Processing /home/airflow/.local/lib/python3.7/site-packages/airflow/example_dags/example_latest_only_with_trigger.py took 0.452 seconds
[2023-05-23T10:23:10.312+0000] {processor.py:157} INFO - Started process (PID=576) to work on /home/airflow/.local/lib/python3.7/site-packages/airflow/example_dags/example_latest_only_with_trigger.py
[2023-05-23T10:23:10.313+0000] {processor.py:826} INFO - Processing file /home/airflow/.local/lib/python3.7/site-packages/airflow/example_dags/example_latest_only_with_trigger.py for tasks to queue
[2023-05-23T10:23:10.314+0000] {logging_mixin.py:149} INFO - [2023-05-23T10:23:10.314+0000] {dagbag.py:541} INFO - Filling up the DagBag from /home/airflow/.local/lib/python3.7/site-packages/airflow/example_dags/example_latest_only_with_trigger.py
[2023-05-23T10:23:10.325+0000] {processor.py:836} INFO - DAG(s) dict_keys(['latest_only_with_trigger']) retrieved from /home/airflow/.local/lib/python3.7/site-packages/airflow/example_dags/example_latest_only_with_trigger.py
[2023-05-23T10:23:10.366+0000] {logging_mixin.py:149} INFO - [2023-05-23T10:23:10.366+0000] {dag.py:2726} INFO - Sync 1 DAGs
[2023-05-23T10:23:10.519+0000] {logging_mixin.py:149} INFO - [2023-05-23T10:23:10.519+0000] {dag.py:3490} INFO - Setting next_dagrun for latest_only_with_trigger to 2023-05-23T06:23:10.518988+00:00, run_after=2023-05-23T10:23:10.518988+00:00
[2023-05-23T10:23:10.548+0000] {processor.py:179} INFO - Processing /home/airflow/.local/lib/python3.7/site-packages/airflow/example_dags/example_latest_only_with_trigger.py took 0.241 seconds
[2023-05-23T10:23:41.373+0000] {processor.py:157} INFO - Started process (PID=817) to work on /home/airflow/.local/lib/python3.7/site-packages/airflow/example_dags/example_latest_only_with_trigger.py
[2023-05-23T10:23:41.381+0000] {processor.py:826} INFO - Processing file /home/airflow/.local/lib/python3.7/site-packages/airflow/example_dags/example_latest_only_with_trigger.py for tasks to queue
[2023-05-23T10:23:41.382+0000] {logging_mixin.py:149} INFO - [2023-05-23T10:23:41.381+0000] {dagbag.py:541} INFO - Filling up the DagBag from /home/airflow/.local/lib/python3.7/site-packages/airflow/example_dags/example_latest_only_with_trigger.py
[2023-05-23T10:23:41.401+0000] {processor.py:836} INFO - DAG(s) dict_keys(['latest_only_with_trigger']) retrieved from /home/airflow/.local/lib/python3.7/site-packages/airflow/example_dags/example_latest_only_with_trigger.py
[2023-05-23T10:23:41.446+0000] {logging_mixin.py:149} INFO - [2023-05-23T10:23:41.446+0000] {dag.py:2726} INFO - Sync 1 DAGs
[2023-05-23T10:23:41.490+0000] {logging_mixin.py:149} INFO - [2023-05-23T10:23:41.490+0000] {dag.py:3490} INFO - Setting next_dagrun for latest_only_with_trigger to 2023-05-23T06:23:41.490460+00:00, run_after=2023-05-23T10:23:41.490460+00:00
[2023-05-23T10:23:41.533+0000] {processor.py:179} INFO - Processing /home/airflow/.local/lib/python3.7/site-packages/airflow/example_dags/example_latest_only_with_trigger.py took 0.165 seconds
