[2023-05-24T15:19:08.354+0000] {taskinstance.py:1103} INFO - Dependencies all met for dep_context=non-requeueable deps ti=<TaskInstance: dag_with_taskflow_api_v02.greet scheduled__2022-02-26T00:00:00+00:00 [queued]>
[2023-05-24T15:19:08.382+0000] {taskinstance.py:1103} INFO - Dependencies all met for dep_context=requeueable deps ti=<TaskInstance: dag_with_taskflow_api_v02.greet scheduled__2022-02-26T00:00:00+00:00 [queued]>
[2023-05-24T15:19:08.383+0000] {taskinstance.py:1308} INFO - Starting attempt 1 of 6
[2023-05-24T15:19:08.429+0000] {taskinstance.py:1327} INFO - Executing <Task(_PythonDecoratedOperator): greet> on 2022-02-26 00:00:00+00:00
[2023-05-24T15:19:08.435+0000] {standard_task_runner.py:57} INFO - Started process 1044 to run task
[2023-05-24T15:19:08.444+0000] {standard_task_runner.py:84} INFO - Running: ['***', 'tasks', 'run', 'dag_with_taskflow_api_v02', 'greet', 'scheduled__2022-02-26T00:00:00+00:00', '--job-id', '382', '--raw', '--subdir', 'DAGS_FOLDER/first_dag.py', '--cfg-path', '/tmp/tmpmtavata6']
[2023-05-24T15:19:08.452+0000] {standard_task_runner.py:85} INFO - Job 382: Subtask greet
[2023-05-24T15:19:08.612+0000] {task_command.py:410} INFO - Running <TaskInstance: dag_with_taskflow_api_v02.greet scheduled__2022-02-26T00:00:00+00:00 [running]> on host 942de29f183d
[2023-05-24T15:19:08.998+0000] {taskinstance.py:1547} INFO - Exporting env vars: AIRFLOW_CTX_DAG_OWNER='Sai' AIRFLOW_CTX_DAG_ID='dag_with_taskflow_api_v02' AIRFLOW_CTX_TASK_ID='greet' AIRFLOW_CTX_EXECUTION_DATE='2022-02-26T00:00:00+00:00' AIRFLOW_CTX_TRY_NUMBER='1' AIRFLOW_CTX_DAG_RUN_ID='scheduled__2022-02-26T00:00:00+00:00'
[2023-05-24T15:19:09.000+0000] {logging_mixin.py:149} INFO - Hello World! My name is Sai Tr and I am 19 years old!
[2023-05-24T15:19:09.001+0000] {python.py:183} INFO - Done. Returned value was: None
[2023-05-24T15:19:09.030+0000] {taskinstance.py:1350} INFO - Marking task as SUCCESS. dag_id=dag_with_taskflow_api_v02, task_id=greet, execution_date=20220226T000000, start_date=20230524T151908, end_date=20230524T151909
[2023-05-24T15:19:09.070+0000] {local_task_job_runner.py:225} INFO - Task exited with return code 0
[2023-05-24T15:19:09.115+0000] {taskinstance.py:2651} INFO - 0 downstream tasks scheduled from follow-on schedule check
[2023-05-25T06:52:31.210+0000] {taskinstance.py:1103} INFO - Dependencies all met for dep_context=non-requeueable deps ti=<TaskInstance: dag_with_taskflow_api_v02.greet scheduled__2022-02-26T00:00:00+00:00 [queued]>
[2023-05-25T06:52:31.367+0000] {taskinstance.py:1103} INFO - Dependencies all met for dep_context=requeueable deps ti=<TaskInstance: dag_with_taskflow_api_v02.greet scheduled__2022-02-26T00:00:00+00:00 [queued]>
[2023-05-25T06:52:31.382+0000] {taskinstance.py:1308} INFO - Starting attempt 1 of 6
[2023-05-25T06:52:31.652+0000] {taskinstance.py:1327} INFO - Executing <Task(_PythonDecoratedOperator): greet> on 2022-02-26 00:00:00+00:00
[2023-05-25T06:52:31.711+0000] {standard_task_runner.py:57} INFO - Started process 2598 to run task
[2023-05-25T06:52:31.740+0000] {standard_task_runner.py:84} INFO - Running: ['***', 'tasks', 'run', 'dag_with_taskflow_api_v02', 'greet', 'scheduled__2022-02-26T00:00:00+00:00', '--job-id', '392', '--raw', '--subdir', 'DAGS_FOLDER/first_dag.py', '--cfg-path', '/tmp/tmpf97zn6tz']
[2023-05-25T06:52:31.787+0000] {standard_task_runner.py:85} INFO - Job 392: Subtask greet
[2023-05-25T06:52:32.338+0000] {task_command.py:410} INFO - Running <TaskInstance: dag_with_taskflow_api_v02.greet scheduled__2022-02-26T00:00:00+00:00 [running]> on host 6bd07c7477d9
[2023-05-25T06:52:33.271+0000] {taskinstance.py:1547} INFO - Exporting env vars: AIRFLOW_CTX_DAG_OWNER='Sai' AIRFLOW_CTX_DAG_ID='dag_with_taskflow_api_v02' AIRFLOW_CTX_TASK_ID='greet' AIRFLOW_CTX_EXECUTION_DATE='2022-02-26T00:00:00+00:00' AIRFLOW_CTX_TRY_NUMBER='1' AIRFLOW_CTX_DAG_RUN_ID='scheduled__2022-02-26T00:00:00+00:00'
[2023-05-25T06:52:33.273+0000] {logging_mixin.py:149} INFO - Hello World! My name is Sai Tr and I am 19 years old!
[2023-05-25T06:52:33.274+0000] {python.py:183} INFO - Done. Returned value was: None
[2023-05-25T06:52:33.345+0000] {taskinstance.py:1350} INFO - Marking task as SUCCESS. dag_id=dag_with_taskflow_api_v02, task_id=greet, execution_date=20220226T000000, start_date=20230525T065231, end_date=20230525T065233
[2023-05-25T06:52:33.555+0000] {local_task_job_runner.py:225} INFO - Task exited with return code 0
[2023-05-25T06:52:34.020+0000] {taskinstance.py:2651} INFO - 0 downstream tasks scheduled from follow-on schedule check
[2023-05-25T10:23:28.111+0000] {taskinstance.py:1103} INFO - Dependencies all met for dep_context=non-requeueable deps ti=<TaskInstance: dag_with_taskflow_api_v02.greet scheduled__2022-02-26T00:00:00+00:00 [queued]>
[2023-05-25T10:23:28.209+0000] {taskinstance.py:1103} INFO - Dependencies all met for dep_context=requeueable deps ti=<TaskInstance: dag_with_taskflow_api_v02.greet scheduled__2022-02-26T00:00:00+00:00 [queued]>
[2023-05-25T10:23:28.209+0000] {taskinstance.py:1308} INFO - Starting attempt 1 of 6
[2023-05-25T10:23:29.089+0000] {taskinstance.py:1327} INFO - Executing <Task(_PythonDecoratedOperator): greet> on 2022-02-26 00:00:00+00:00
[2023-05-25T10:23:29.115+0000] {standard_task_runner.py:57} INFO - Started process 2127 to run task
[2023-05-25T10:23:29.133+0000] {standard_task_runner.py:84} INFO - Running: ['***', 'tasks', 'run', 'dag_with_taskflow_api_v02', 'greet', 'scheduled__2022-02-26T00:00:00+00:00', '--job-id', '379', '--raw', '--subdir', 'DAGS_FOLDER/first_dag.py', '--cfg-path', '/tmp/tmpoy0zum93']
[2023-05-25T10:23:29.140+0000] {standard_task_runner.py:85} INFO - Job 379: Subtask greet
[2023-05-25T10:23:29.642+0000] {task_command.py:410} INFO - Running <TaskInstance: dag_with_taskflow_api_v02.greet scheduled__2022-02-26T00:00:00+00:00 [running]> on host b1ae37a9584e
[2023-05-25T10:23:30.672+0000] {taskinstance.py:1547} INFO - Exporting env vars: AIRFLOW_CTX_DAG_OWNER='Sai' AIRFLOW_CTX_DAG_ID='dag_with_taskflow_api_v02' AIRFLOW_CTX_TASK_ID='greet' AIRFLOW_CTX_EXECUTION_DATE='2022-02-26T00:00:00+00:00' AIRFLOW_CTX_TRY_NUMBER='1' AIRFLOW_CTX_DAG_RUN_ID='scheduled__2022-02-26T00:00:00+00:00'
[2023-05-25T10:23:30.673+0000] {logging_mixin.py:149} INFO - Hello World! My name is Sai Tr and I am 19 years old!
[2023-05-25T10:23:30.673+0000] {python.py:183} INFO - Done. Returned value was: None
[2023-05-25T10:23:30.718+0000] {taskinstance.py:1350} INFO - Marking task as SUCCESS. dag_id=dag_with_taskflow_api_v02, task_id=greet, execution_date=20220226T000000, start_date=20230525T102328, end_date=20230525T102330
[2023-05-25T10:23:30.831+0000] {local_task_job_runner.py:225} INFO - Task exited with return code 0
[2023-05-25T10:23:31.081+0000] {taskinstance.py:2651} INFO - 0 downstream tasks scheduled from follow-on schedule check
