[2023-05-24T15:21:05.828+0000] {taskinstance.py:1103} INFO - Dependencies all met for dep_context=non-requeueable deps ti=<TaskInstance: dag_with_taskflow_api_v02.get_name scheduled__2022-05-02T00:00:00+00:00 [queued]>
[2023-05-24T15:21:05.849+0000] {taskinstance.py:1103} INFO - Dependencies all met for dep_context=requeueable deps ti=<TaskInstance: dag_with_taskflow_api_v02.get_name scheduled__2022-05-02T00:00:00+00:00 [queued]>
[2023-05-24T15:21:05.850+0000] {taskinstance.py:1308} INFO - Starting attempt 1 of 6
[2023-05-24T15:21:05.884+0000] {taskinstance.py:1327} INFO - Executing <Task(_PythonDecoratedOperator): get_name> on 2022-05-02 00:00:00+00:00
[2023-05-24T15:21:05.892+0000] {standard_task_runner.py:57} INFO - Started process 1469 to run task
[2023-05-24T15:21:05.899+0000] {standard_task_runner.py:84} INFO - Running: ['***', 'tasks', 'run', 'dag_with_taskflow_api_v02', 'get_name', 'scheduled__2022-05-02T00:00:00+00:00', '--job-id', '571', '--raw', '--subdir', 'DAGS_FOLDER/first_dag.py', '--cfg-path', '/tmp/tmp_t2klzhl']
[2023-05-24T15:21:05.903+0000] {standard_task_runner.py:85} INFO - Job 571: Subtask get_name
[2023-05-24T15:21:06.009+0000] {task_command.py:410} INFO - Running <TaskInstance: dag_with_taskflow_api_v02.get_name scheduled__2022-05-02T00:00:00+00:00 [running]> on host 942de29f183d
[2023-05-24T15:21:06.190+0000] {taskinstance.py:1547} INFO - Exporting env vars: AIRFLOW_CTX_DAG_OWNER='Sai' AIRFLOW_CTX_DAG_ID='dag_with_taskflow_api_v02' AIRFLOW_CTX_TASK_ID='get_name' AIRFLOW_CTX_EXECUTION_DATE='2022-05-02T00:00:00+00:00' AIRFLOW_CTX_TRY_NUMBER='1' AIRFLOW_CTX_DAG_RUN_ID='scheduled__2022-05-02T00:00:00+00:00'
[2023-05-24T15:21:06.191+0000] {python.py:183} INFO - Done. Returned value was: {'first_name': 'Sai', 'last_name': 'Tr'}
[2023-05-24T15:21:06.261+0000] {taskinstance.py:1350} INFO - Marking task as SUCCESS. dag_id=dag_with_taskflow_api_v02, task_id=get_name, execution_date=20220502T000000, start_date=20230524T152105, end_date=20230524T152106
[2023-05-24T15:21:06.311+0000] {local_task_job_runner.py:225} INFO - Task exited with return code 0
[2023-05-24T15:21:06.344+0000] {taskinstance.py:2651} INFO - 1 downstream tasks scheduled from follow-on schedule check
[2023-05-25T06:54:00.835+0000] {taskinstance.py:1103} INFO - Dependencies all met for dep_context=non-requeueable deps ti=<TaskInstance: dag_with_taskflow_api_v02.get_name scheduled__2022-05-02T00:00:00+00:00 [queued]>
[2023-05-25T06:54:00.914+0000] {taskinstance.py:1103} INFO - Dependencies all met for dep_context=requeueable deps ti=<TaskInstance: dag_with_taskflow_api_v02.get_name scheduled__2022-05-02T00:00:00+00:00 [queued]>
[2023-05-25T06:54:00.915+0000] {taskinstance.py:1308} INFO - Starting attempt 1 of 6
[2023-05-25T06:54:01.124+0000] {taskinstance.py:1327} INFO - Executing <Task(_PythonDecoratedOperator): get_name> on 2022-05-02 00:00:00+00:00
[2023-05-25T06:54:01.156+0000] {standard_task_runner.py:57} INFO - Started process 2971 to run task
[2023-05-25T06:54:01.203+0000] {standard_task_runner.py:84} INFO - Running: ['***', 'tasks', 'run', 'dag_with_taskflow_api_v02', 'get_name', 'scheduled__2022-05-02T00:00:00+00:00', '--job-id', '558', '--raw', '--subdir', 'DAGS_FOLDER/first_dag.py', '--cfg-path', '/tmp/tmp1nza791b']
[2023-05-25T06:54:01.227+0000] {standard_task_runner.py:85} INFO - Job 558: Subtask get_name
[2023-05-25T06:54:01.606+0000] {task_command.py:410} INFO - Running <TaskInstance: dag_with_taskflow_api_v02.get_name scheduled__2022-05-02T00:00:00+00:00 [running]> on host 6bd07c7477d9
[2023-05-25T06:54:02.334+0000] {taskinstance.py:1547} INFO - Exporting env vars: AIRFLOW_CTX_DAG_OWNER='Sai' AIRFLOW_CTX_DAG_ID='dag_with_taskflow_api_v02' AIRFLOW_CTX_TASK_ID='get_name' AIRFLOW_CTX_EXECUTION_DATE='2022-05-02T00:00:00+00:00' AIRFLOW_CTX_TRY_NUMBER='1' AIRFLOW_CTX_DAG_RUN_ID='scheduled__2022-05-02T00:00:00+00:00'
[2023-05-25T06:54:02.335+0000] {python.py:183} INFO - Done. Returned value was: {'first_name': 'Sai', 'last_name': 'Tr'}
[2023-05-25T06:54:02.592+0000] {taskinstance.py:1350} INFO - Marking task as SUCCESS. dag_id=dag_with_taskflow_api_v02, task_id=get_name, execution_date=20220502T000000, start_date=20230525T065400, end_date=20230525T065402
[2023-05-25T06:54:02.807+0000] {local_task_job_runner.py:225} INFO - Task exited with return code 0
[2023-05-25T06:54:03.116+0000] {taskinstance.py:2651} INFO - 0 downstream tasks scheduled from follow-on schedule check
[2023-05-25T10:25:25.850+0000] {taskinstance.py:1103} INFO - Dependencies all met for dep_context=non-requeueable deps ti=<TaskInstance: dag_with_taskflow_api_v02.get_name scheduled__2022-05-02T00:00:00+00:00 [queued]>
[2023-05-25T10:25:25.913+0000] {taskinstance.py:1103} INFO - Dependencies all met for dep_context=requeueable deps ti=<TaskInstance: dag_with_taskflow_api_v02.get_name scheduled__2022-05-02T00:00:00+00:00 [queued]>
[2023-05-25T10:25:25.917+0000] {taskinstance.py:1308} INFO - Starting attempt 1 of 6
[2023-05-25T10:25:26.580+0000] {taskinstance.py:1327} INFO - Executing <Task(_PythonDecoratedOperator): get_name> on 2022-05-02 00:00:00+00:00
[2023-05-25T10:25:26.639+0000] {standard_task_runner.py:57} INFO - Started process 2571 to run task
[2023-05-25T10:25:26.665+0000] {standard_task_runner.py:84} INFO - Running: ['***', 'tasks', 'run', 'dag_with_taskflow_api_v02', 'get_name', 'scheduled__2022-05-02T00:00:00+00:00', '--job-id', '575', '--raw', '--subdir', 'DAGS_FOLDER/first_dag.py', '--cfg-path', '/tmp/tmp8463k_k8']
[2023-05-25T10:25:26.684+0000] {standard_task_runner.py:85} INFO - Job 575: Subtask get_name
[2023-05-25T10:25:27.119+0000] {task_command.py:410} INFO - Running <TaskInstance: dag_with_taskflow_api_v02.get_name scheduled__2022-05-02T00:00:00+00:00 [running]> on host b1ae37a9584e
[2023-05-25T10:25:28.541+0000] {taskinstance.py:1547} INFO - Exporting env vars: AIRFLOW_CTX_DAG_OWNER='Sai' AIRFLOW_CTX_DAG_ID='dag_with_taskflow_api_v02' AIRFLOW_CTX_TASK_ID='get_name' AIRFLOW_CTX_EXECUTION_DATE='2022-05-02T00:00:00+00:00' AIRFLOW_CTX_TRY_NUMBER='1' AIRFLOW_CTX_DAG_RUN_ID='scheduled__2022-05-02T00:00:00+00:00'
[2023-05-25T10:25:28.543+0000] {python.py:183} INFO - Done. Returned value was: {'first_name': 'Sai', 'last_name': 'Tr'}
[2023-05-25T10:25:28.821+0000] {taskinstance.py:1350} INFO - Marking task as SUCCESS. dag_id=dag_with_taskflow_api_v02, task_id=get_name, execution_date=20220502T000000, start_date=20230525T102525, end_date=20230525T102528
[2023-05-25T10:25:28.944+0000] {local_task_job_runner.py:225} INFO - Task exited with return code 0
[2023-05-25T10:25:29.163+0000] {taskinstance.py:2651} INFO - 1 downstream tasks scheduled from follow-on schedule check
