[2023-05-24T15:21:17.671+0000] {taskinstance.py:1103} INFO - Dependencies all met for dep_context=non-requeueable deps ti=<TaskInstance: dag_with_taskflow_api_v02.greet scheduled__2022-05-03T00:00:00+00:00 [queued]>
[2023-05-24T15:21:17.717+0000] {taskinstance.py:1103} INFO - Dependencies all met for dep_context=requeueable deps ti=<TaskInstance: dag_with_taskflow_api_v02.greet scheduled__2022-05-03T00:00:00+00:00 [queued]>
[2023-05-24T15:21:17.719+0000] {taskinstance.py:1308} INFO - Starting attempt 1 of 6
[2023-05-24T15:21:17.855+0000] {taskinstance.py:1327} INFO - Executing <Task(_PythonDecoratedOperator): greet> on 2022-05-03 00:00:00+00:00
[2023-05-24T15:21:17.868+0000] {standard_task_runner.py:57} INFO - Started process 1513 to run task
[2023-05-24T15:21:17.891+0000] {standard_task_runner.py:84} INFO - Running: ['***', 'tasks', 'run', 'dag_with_taskflow_api_v02', 'greet', 'scheduled__2022-05-03T00:00:00+00:00', '--job-id', '590', '--raw', '--subdir', 'DAGS_FOLDER/first_dag.py', '--cfg-path', '/tmp/tmpa0w7o73x']
[2023-05-24T15:21:17.895+0000] {standard_task_runner.py:85} INFO - Job 590: Subtask greet
[2023-05-24T15:21:18.162+0000] {task_command.py:410} INFO - Running <TaskInstance: dag_with_taskflow_api_v02.greet scheduled__2022-05-03T00:00:00+00:00 [running]> on host 942de29f183d
[2023-05-24T15:21:18.883+0000] {taskinstance.py:1547} INFO - Exporting env vars: AIRFLOW_CTX_DAG_OWNER='Sai' AIRFLOW_CTX_DAG_ID='dag_with_taskflow_api_v02' AIRFLOW_CTX_TASK_ID='greet' AIRFLOW_CTX_EXECUTION_DATE='2022-05-03T00:00:00+00:00' AIRFLOW_CTX_TRY_NUMBER='1' AIRFLOW_CTX_DAG_RUN_ID='scheduled__2022-05-03T00:00:00+00:00'
[2023-05-24T15:21:18.885+0000] {logging_mixin.py:149} INFO - Hello World! My name is Sai Tr and I am 19 years old!
[2023-05-24T15:21:18.885+0000] {python.py:183} INFO - Done. Returned value was: None
[2023-05-24T15:21:18.920+0000] {taskinstance.py:1350} INFO - Marking task as SUCCESS. dag_id=dag_with_taskflow_api_v02, task_id=greet, execution_date=20220503T000000, start_date=20230524T152117, end_date=20230524T152118
[2023-05-24T15:21:19.009+0000] {local_task_job_runner.py:225} INFO - Task exited with return code 0
[2023-05-24T15:21:19.085+0000] {taskinstance.py:2651} INFO - 0 downstream tasks scheduled from follow-on schedule check
[2023-05-25T06:54:10.281+0000] {taskinstance.py:1103} INFO - Dependencies all met for dep_context=non-requeueable deps ti=<TaskInstance: dag_with_taskflow_api_v02.greet scheduled__2022-05-03T00:00:00+00:00 [queued]>
[2023-05-25T06:54:10.298+0000] {taskinstance.py:1103} INFO - Dependencies all met for dep_context=requeueable deps ti=<TaskInstance: dag_with_taskflow_api_v02.greet scheduled__2022-05-03T00:00:00+00:00 [queued]>
[2023-05-25T06:54:10.298+0000] {taskinstance.py:1308} INFO - Starting attempt 1 of 6
[2023-05-25T06:54:10.320+0000] {taskinstance.py:1327} INFO - Executing <Task(_PythonDecoratedOperator): greet> on 2022-05-03 00:00:00+00:00
[2023-05-25T06:54:10.327+0000] {standard_task_runner.py:57} INFO - Started process 3011 to run task
[2023-05-25T06:54:10.332+0000] {standard_task_runner.py:84} INFO - Running: ['***', 'tasks', 'run', 'dag_with_taskflow_api_v02', 'greet', 'scheduled__2022-05-03T00:00:00+00:00', '--job-id', '579', '--raw', '--subdir', 'DAGS_FOLDER/first_dag.py', '--cfg-path', '/tmp/tmpehmrzm0s']
[2023-05-25T06:54:10.334+0000] {standard_task_runner.py:85} INFO - Job 579: Subtask greet
[2023-05-25T06:54:10.409+0000] {task_command.py:410} INFO - Running <TaskInstance: dag_with_taskflow_api_v02.greet scheduled__2022-05-03T00:00:00+00:00 [running]> on host 6bd07c7477d9
[2023-05-25T06:54:10.674+0000] {taskinstance.py:1547} INFO - Exporting env vars: AIRFLOW_CTX_DAG_OWNER='Sai' AIRFLOW_CTX_DAG_ID='dag_with_taskflow_api_v02' AIRFLOW_CTX_TASK_ID='greet' AIRFLOW_CTX_EXECUTION_DATE='2022-05-03T00:00:00+00:00' AIRFLOW_CTX_TRY_NUMBER='1' AIRFLOW_CTX_DAG_RUN_ID='scheduled__2022-05-03T00:00:00+00:00'
[2023-05-25T06:54:10.675+0000] {logging_mixin.py:149} INFO - Hello World! My name is Sai Tr and I am 19 years old!
[2023-05-25T06:54:10.675+0000] {python.py:183} INFO - Done. Returned value was: None
[2023-05-25T06:54:10.702+0000] {taskinstance.py:1350} INFO - Marking task as SUCCESS. dag_id=dag_with_taskflow_api_v02, task_id=greet, execution_date=20220503T000000, start_date=20230525T065410, end_date=20230525T065410
[2023-05-25T06:54:10.747+0000] {local_task_job_runner.py:225} INFO - Task exited with return code 0
[2023-05-25T06:54:10.784+0000] {taskinstance.py:2651} INFO - 0 downstream tasks scheduled from follow-on schedule check
[2023-05-25T10:25:33.188+0000] {taskinstance.py:1103} INFO - Dependencies all met for dep_context=non-requeueable deps ti=<TaskInstance: dag_with_taskflow_api_v02.greet scheduled__2022-05-03T00:00:00+00:00 [queued]>
[2023-05-25T10:25:33.221+0000] {taskinstance.py:1103} INFO - Dependencies all met for dep_context=requeueable deps ti=<TaskInstance: dag_with_taskflow_api_v02.greet scheduled__2022-05-03T00:00:00+00:00 [queued]>
[2023-05-25T10:25:33.222+0000] {taskinstance.py:1308} INFO - Starting attempt 1 of 6
[2023-05-25T10:25:33.264+0000] {taskinstance.py:1327} INFO - Executing <Task(_PythonDecoratedOperator): greet> on 2022-05-03 00:00:00+00:00
[2023-05-25T10:25:33.271+0000] {standard_task_runner.py:57} INFO - Started process 2600 to run task
[2023-05-25T10:25:33.282+0000] {standard_task_runner.py:84} INFO - Running: ['***', 'tasks', 'run', 'dag_with_taskflow_api_v02', 'greet', 'scheduled__2022-05-03T00:00:00+00:00', '--job-id', '591', '--raw', '--subdir', 'DAGS_FOLDER/first_dag.py', '--cfg-path', '/tmp/tmpg4sq8yn0']
[2023-05-25T10:25:33.285+0000] {standard_task_runner.py:85} INFO - Job 591: Subtask greet
[2023-05-25T10:25:33.413+0000] {task_command.py:410} INFO - Running <TaskInstance: dag_with_taskflow_api_v02.greet scheduled__2022-05-03T00:00:00+00:00 [running]> on host b1ae37a9584e
[2023-05-25T10:25:33.723+0000] {taskinstance.py:1547} INFO - Exporting env vars: AIRFLOW_CTX_DAG_OWNER='Sai' AIRFLOW_CTX_DAG_ID='dag_with_taskflow_api_v02' AIRFLOW_CTX_TASK_ID='greet' AIRFLOW_CTX_EXECUTION_DATE='2022-05-03T00:00:00+00:00' AIRFLOW_CTX_TRY_NUMBER='1' AIRFLOW_CTX_DAG_RUN_ID='scheduled__2022-05-03T00:00:00+00:00'
[2023-05-25T10:25:33.724+0000] {logging_mixin.py:149} INFO - Hello World! My name is Sai Tr and I am 19 years old!
[2023-05-25T10:25:33.725+0000] {python.py:183} INFO - Done. Returned value was: None
[2023-05-25T10:25:33.751+0000] {taskinstance.py:1350} INFO - Marking task as SUCCESS. dag_id=dag_with_taskflow_api_v02, task_id=greet, execution_date=20220503T000000, start_date=20230525T102533, end_date=20230525T102533
[2023-05-25T10:25:33.824+0000] {local_task_job_runner.py:225} INFO - Task exited with return code 0
[2023-05-25T10:25:33.863+0000] {taskinstance.py:2651} INFO - 0 downstream tasks scheduled from follow-on schedule check
