[2023-05-24T15:23:05.483+0000] {taskinstance.py:1103} INFO - Dependencies all met for dep_context=non-requeueable deps ti=<TaskInstance: dag_with_taskflow_api_v02.get_name scheduled__2022-07-05T00:00:00+00:00 [queued]>
[2023-05-24T15:23:05.607+0000] {taskinstance.py:1103} INFO - Dependencies all met for dep_context=requeueable deps ti=<TaskInstance: dag_with_taskflow_api_v02.get_name scheduled__2022-07-05T00:00:00+00:00 [queued]>
[2023-05-24T15:23:05.607+0000] {taskinstance.py:1308} INFO - Starting attempt 1 of 6
[2023-05-24T15:23:05.778+0000] {taskinstance.py:1327} INFO - Executing <Task(_PythonDecoratedOperator): get_name> on 2022-07-05 00:00:00+00:00
[2023-05-24T15:23:05.804+0000] {standard_task_runner.py:57} INFO - Started process 1888 to run task
[2023-05-24T15:23:05.861+0000] {standard_task_runner.py:84} INFO - Running: ['***', 'tasks', 'run', 'dag_with_taskflow_api_v02', 'get_name', 'scheduled__2022-07-05T00:00:00+00:00', '--job-id', '754', '--raw', '--subdir', 'DAGS_FOLDER/first_dag.py', '--cfg-path', '/tmp/tmpkyllw5pd']
[2023-05-24T15:23:05.889+0000] {standard_task_runner.py:85} INFO - Job 754: Subtask get_name
[2023-05-24T15:23:06.339+0000] {task_command.py:410} INFO - Running <TaskInstance: dag_with_taskflow_api_v02.get_name scheduled__2022-07-05T00:00:00+00:00 [running]> on host 942de29f183d
[2023-05-24T15:23:08.074+0000] {taskinstance.py:1547} INFO - Exporting env vars: AIRFLOW_CTX_DAG_OWNER='Sai' AIRFLOW_CTX_DAG_ID='dag_with_taskflow_api_v02' AIRFLOW_CTX_TASK_ID='get_name' AIRFLOW_CTX_EXECUTION_DATE='2022-07-05T00:00:00+00:00' AIRFLOW_CTX_TRY_NUMBER='1' AIRFLOW_CTX_DAG_RUN_ID='scheduled__2022-07-05T00:00:00+00:00'
[2023-05-24T15:23:08.075+0000] {python.py:183} INFO - Done. Returned value was: {'first_name': 'Sai', 'last_name': 'Tr'}
[2023-05-24T15:23:08.401+0000] {taskinstance.py:1350} INFO - Marking task as SUCCESS. dag_id=dag_with_taskflow_api_v02, task_id=get_name, execution_date=20220705T000000, start_date=20230524T152305, end_date=20230524T152308
[2023-05-24T15:23:08.678+0000] {local_task_job_runner.py:225} INFO - Task exited with return code 0
[2023-05-24T15:23:09.050+0000] {taskinstance.py:2651} INFO - 1 downstream tasks scheduled from follow-on schedule check
[2023-05-25T06:55:50.444+0000] {taskinstance.py:1103} INFO - Dependencies all met for dep_context=non-requeueable deps ti=<TaskInstance: dag_with_taskflow_api_v02.get_name scheduled__2022-07-05T00:00:00+00:00 [queued]>
[2023-05-25T06:55:50.542+0000] {taskinstance.py:1103} INFO - Dependencies all met for dep_context=requeueable deps ti=<TaskInstance: dag_with_taskflow_api_v02.get_name scheduled__2022-07-05T00:00:00+00:00 [queued]>
[2023-05-25T06:55:50.542+0000] {taskinstance.py:1308} INFO - Starting attempt 1 of 6
[2023-05-25T06:55:50.777+0000] {taskinstance.py:1327} INFO - Executing <Task(_PythonDecoratedOperator): get_name> on 2022-07-05 00:00:00+00:00
[2023-05-25T06:55:50.802+0000] {standard_task_runner.py:57} INFO - Started process 3420 to run task
[2023-05-25T06:55:50.833+0000] {standard_task_runner.py:84} INFO - Running: ['***', 'tasks', 'run', 'dag_with_taskflow_api_v02', 'get_name', 'scheduled__2022-07-05T00:00:00+00:00', '--job-id', '759', '--raw', '--subdir', 'DAGS_FOLDER/first_dag.py', '--cfg-path', '/tmp/tmp9oxp6ppr']
[2023-05-25T06:55:50.853+0000] {standard_task_runner.py:85} INFO - Job 759: Subtask get_name
[2023-05-25T06:55:51.326+0000] {task_command.py:410} INFO - Running <TaskInstance: dag_with_taskflow_api_v02.get_name scheduled__2022-07-05T00:00:00+00:00 [running]> on host 6bd07c7477d9
[2023-05-25T06:55:52.005+0000] {taskinstance.py:1547} INFO - Exporting env vars: AIRFLOW_CTX_DAG_OWNER='Sai' AIRFLOW_CTX_DAG_ID='dag_with_taskflow_api_v02' AIRFLOW_CTX_TASK_ID='get_name' AIRFLOW_CTX_EXECUTION_DATE='2022-07-05T00:00:00+00:00' AIRFLOW_CTX_TRY_NUMBER='1' AIRFLOW_CTX_DAG_RUN_ID='scheduled__2022-07-05T00:00:00+00:00'
[2023-05-25T06:55:52.006+0000] {python.py:183} INFO - Done. Returned value was: {'first_name': 'Sai', 'last_name': 'Tr'}
[2023-05-25T06:55:52.455+0000] {taskinstance.py:1350} INFO - Marking task as SUCCESS. dag_id=dag_with_taskflow_api_v02, task_id=get_name, execution_date=20220705T000000, start_date=20230525T065550, end_date=20230525T065552
[2023-05-25T06:55:53.358+0000] {local_task_job_runner.py:225} INFO - Task exited with return code 0
[2023-05-25T06:55:53.591+0000] {taskinstance.py:2651} INFO - 0 downstream tasks scheduled from follow-on schedule check
[2023-05-25T10:27:35.057+0000] {taskinstance.py:1103} INFO - Dependencies all met for dep_context=non-requeueable deps ti=<TaskInstance: dag_with_taskflow_api_v02.get_name scheduled__2022-07-05T00:00:00+00:00 [queued]>
[2023-05-25T10:27:35.114+0000] {taskinstance.py:1103} INFO - Dependencies all met for dep_context=requeueable deps ti=<TaskInstance: dag_with_taskflow_api_v02.get_name scheduled__2022-07-05T00:00:00+00:00 [queued]>
[2023-05-25T10:27:35.114+0000] {taskinstance.py:1308} INFO - Starting attempt 1 of 6
[2023-05-25T10:27:35.316+0000] {taskinstance.py:1327} INFO - Executing <Task(_PythonDecoratedOperator): get_name> on 2022-07-05 00:00:00+00:00
[2023-05-25T10:27:35.341+0000] {standard_task_runner.py:57} INFO - Started process 3017 to run task
[2023-05-25T10:27:35.360+0000] {standard_task_runner.py:84} INFO - Running: ['***', 'tasks', 'run', 'dag_with_taskflow_api_v02', 'get_name', 'scheduled__2022-07-05T00:00:00+00:00', '--job-id', '773', '--raw', '--subdir', 'DAGS_FOLDER/first_dag.py', '--cfg-path', '/tmp/tmp0s_vjtza']
[2023-05-25T10:27:35.384+0000] {standard_task_runner.py:85} INFO - Job 773: Subtask get_name
[2023-05-25T10:27:35.679+0000] {task_command.py:410} INFO - Running <TaskInstance: dag_with_taskflow_api_v02.get_name scheduled__2022-07-05T00:00:00+00:00 [running]> on host b1ae37a9584e
[2023-05-25T10:27:36.646+0000] {taskinstance.py:1547} INFO - Exporting env vars: AIRFLOW_CTX_DAG_OWNER='Sai' AIRFLOW_CTX_DAG_ID='dag_with_taskflow_api_v02' AIRFLOW_CTX_TASK_ID='get_name' AIRFLOW_CTX_EXECUTION_DATE='2022-07-05T00:00:00+00:00' AIRFLOW_CTX_TRY_NUMBER='1' AIRFLOW_CTX_DAG_RUN_ID='scheduled__2022-07-05T00:00:00+00:00'
[2023-05-25T10:27:36.647+0000] {python.py:183} INFO - Done. Returned value was: {'first_name': 'Sai', 'last_name': 'Tr'}
[2023-05-25T10:27:37.160+0000] {taskinstance.py:1350} INFO - Marking task as SUCCESS. dag_id=dag_with_taskflow_api_v02, task_id=get_name, execution_date=20220705T000000, start_date=20230525T102735, end_date=20230525T102737
[2023-05-25T10:27:37.545+0000] {local_task_job_runner.py:225} INFO - Task exited with return code 0
[2023-05-25T10:27:37.731+0000] {taskinstance.py:2651} INFO - 0 downstream tasks scheduled from follow-on schedule check
