[2023-05-24T15:17:37.880+0000] {taskinstance.py:1103} INFO - Dependencies all met for dep_context=non-requeueable deps ti=<TaskInstance: dag_with_taskflow_api_v02.get_name scheduled__2022-01-15T00:00:00+00:00 [queued]>
[2023-05-24T15:17:37.998+0000] {taskinstance.py:1103} INFO - Dependencies all met for dep_context=requeueable deps ti=<TaskInstance: dag_with_taskflow_api_v02.get_name scheduled__2022-01-15T00:00:00+00:00 [queued]>
[2023-05-24T15:17:38.004+0000] {taskinstance.py:1308} INFO - Starting attempt 1 of 6
[2023-05-24T15:17:39.007+0000] {taskinstance.py:1327} INFO - Executing <Task(_PythonDecoratedOperator): get_name> on 2022-01-15 00:00:00+00:00
[2023-05-24T15:17:39.064+0000] {standard_task_runner.py:57} INFO - Started process 735 to run task
[2023-05-24T15:17:39.104+0000] {standard_task_runner.py:84} INFO - Running: ['***', 'tasks', 'run', 'dag_with_taskflow_api_v02', 'get_name', 'scheduled__2022-01-15T00:00:00+00:00', '--job-id', '241', '--raw', '--subdir', 'DAGS_FOLDER/first_dag.py', '--cfg-path', '/tmp/tmpgdfcpfaj']
[2023-05-24T15:17:39.160+0000] {standard_task_runner.py:85} INFO - Job 241: Subtask get_name
[2023-05-24T15:17:39.624+0000] {task_command.py:410} INFO - Running <TaskInstance: dag_with_taskflow_api_v02.get_name scheduled__2022-01-15T00:00:00+00:00 [running]> on host 942de29f183d
[2023-05-24T15:17:40.824+0000] {taskinstance.py:1547} INFO - Exporting env vars: AIRFLOW_CTX_DAG_OWNER='Sai' AIRFLOW_CTX_DAG_ID='dag_with_taskflow_api_v02' AIRFLOW_CTX_TASK_ID='get_name' AIRFLOW_CTX_EXECUTION_DATE='2022-01-15T00:00:00+00:00' AIRFLOW_CTX_TRY_NUMBER='1' AIRFLOW_CTX_DAG_RUN_ID='scheduled__2022-01-15T00:00:00+00:00'
[2023-05-24T15:17:40.825+0000] {python.py:183} INFO - Done. Returned value was: {'first_name': 'Sai', 'last_name': 'Tr'}
[2023-05-24T15:17:41.310+0000] {taskinstance.py:1350} INFO - Marking task as SUCCESS. dag_id=dag_with_taskflow_api_v02, task_id=get_name, execution_date=20220115T000000, start_date=20230524T151737, end_date=20230524T151741
[2023-05-24T15:17:42.085+0000] {local_task_job_runner.py:225} INFO - Task exited with return code 0
[2023-05-24T15:17:42.354+0000] {taskinstance.py:2651} INFO - 0 downstream tasks scheduled from follow-on schedule check
[2023-05-25T06:51:11.048+0000] {taskinstance.py:1103} INFO - Dependencies all met for dep_context=non-requeueable deps ti=<TaskInstance: dag_with_taskflow_api_v02.get_name scheduled__2022-01-15T00:00:00+00:00 [queued]>
[2023-05-25T06:51:11.098+0000] {taskinstance.py:1103} INFO - Dependencies all met for dep_context=requeueable deps ti=<TaskInstance: dag_with_taskflow_api_v02.get_name scheduled__2022-01-15T00:00:00+00:00 [queued]>
[2023-05-25T06:51:11.100+0000] {taskinstance.py:1308} INFO - Starting attempt 1 of 6
[2023-05-25T06:51:11.509+0000] {taskinstance.py:1327} INFO - Executing <Task(_PythonDecoratedOperator): get_name> on 2022-01-15 00:00:00+00:00
[2023-05-25T06:51:11.543+0000] {standard_task_runner.py:57} INFO - Started process 2280 to run task
[2023-05-25T06:51:11.553+0000] {standard_task_runner.py:84} INFO - Running: ['***', 'tasks', 'run', 'dag_with_taskflow_api_v02', 'get_name', 'scheduled__2022-01-15T00:00:00+00:00', '--job-id', '245', '--raw', '--subdir', 'DAGS_FOLDER/first_dag.py', '--cfg-path', '/tmp/tmplsnuc80x']
[2023-05-25T06:51:11.579+0000] {standard_task_runner.py:85} INFO - Job 245: Subtask get_name
[2023-05-25T06:51:11.923+0000] {task_command.py:410} INFO - Running <TaskInstance: dag_with_taskflow_api_v02.get_name scheduled__2022-01-15T00:00:00+00:00 [running]> on host 6bd07c7477d9
[2023-05-25T06:51:12.598+0000] {taskinstance.py:1547} INFO - Exporting env vars: AIRFLOW_CTX_DAG_OWNER='Sai' AIRFLOW_CTX_DAG_ID='dag_with_taskflow_api_v02' AIRFLOW_CTX_TASK_ID='get_name' AIRFLOW_CTX_EXECUTION_DATE='2022-01-15T00:00:00+00:00' AIRFLOW_CTX_TRY_NUMBER='1' AIRFLOW_CTX_DAG_RUN_ID='scheduled__2022-01-15T00:00:00+00:00'
[2023-05-25T06:51:12.599+0000] {python.py:183} INFO - Done. Returned value was: {'first_name': 'Sai', 'last_name': 'Tr'}
[2023-05-25T06:51:12.831+0000] {taskinstance.py:1350} INFO - Marking task as SUCCESS. dag_id=dag_with_taskflow_api_v02, task_id=get_name, execution_date=20220115T000000, start_date=20230525T065111, end_date=20230525T065112
[2023-05-25T06:51:12.957+0000] {local_task_job_runner.py:225} INFO - Task exited with return code 0
[2023-05-25T06:51:13.231+0000] {taskinstance.py:2651} INFO - 0 downstream tasks scheduled from follow-on schedule check
[2023-05-25T10:21:39.986+0000] {taskinstance.py:1103} INFO - Dependencies all met for dep_context=non-requeueable deps ti=<TaskInstance: dag_with_taskflow_api_v02.get_name scheduled__2022-01-15T00:00:00+00:00 [queued]>
[2023-05-25T10:21:40.011+0000] {taskinstance.py:1103} INFO - Dependencies all met for dep_context=requeueable deps ti=<TaskInstance: dag_with_taskflow_api_v02.get_name scheduled__2022-01-15T00:00:00+00:00 [queued]>
[2023-05-25T10:21:40.012+0000] {taskinstance.py:1308} INFO - Starting attempt 1 of 6
[2023-05-25T10:21:40.049+0000] {taskinstance.py:1327} INFO - Executing <Task(_PythonDecoratedOperator): get_name> on 2022-01-15 00:00:00+00:00
[2023-05-25T10:21:40.056+0000] {standard_task_runner.py:57} INFO - Started process 1799 to run task
[2023-05-25T10:21:40.062+0000] {standard_task_runner.py:84} INFO - Running: ['***', 'tasks', 'run', 'dag_with_taskflow_api_v02', 'get_name', 'scheduled__2022-01-15T00:00:00+00:00', '--job-id', '238', '--raw', '--subdir', 'DAGS_FOLDER/first_dag.py', '--cfg-path', '/tmp/tmp3gtikc67']
[2023-05-25T10:21:40.066+0000] {standard_task_runner.py:85} INFO - Job 238: Subtask get_name
[2023-05-25T10:21:40.209+0000] {task_command.py:410} INFO - Running <TaskInstance: dag_with_taskflow_api_v02.get_name scheduled__2022-01-15T00:00:00+00:00 [running]> on host b1ae37a9584e
[2023-05-25T10:21:40.429+0000] {taskinstance.py:1547} INFO - Exporting env vars: AIRFLOW_CTX_DAG_OWNER='Sai' AIRFLOW_CTX_DAG_ID='dag_with_taskflow_api_v02' AIRFLOW_CTX_TASK_ID='get_name' AIRFLOW_CTX_EXECUTION_DATE='2022-01-15T00:00:00+00:00' AIRFLOW_CTX_TRY_NUMBER='1' AIRFLOW_CTX_DAG_RUN_ID='scheduled__2022-01-15T00:00:00+00:00'
[2023-05-25T10:21:40.431+0000] {python.py:183} INFO - Done. Returned value was: {'first_name': 'Sai', 'last_name': 'Tr'}
[2023-05-25T10:21:40.532+0000] {taskinstance.py:1350} INFO - Marking task as SUCCESS. dag_id=dag_with_taskflow_api_v02, task_id=get_name, execution_date=20220115T000000, start_date=20230525T102139, end_date=20230525T102140
[2023-05-25T10:21:40.600+0000] {local_task_job_runner.py:225} INFO - Task exited with return code 0
[2023-05-25T10:21:40.757+0000] {taskinstance.py:2651} INFO - 0 downstream tasks scheduled from follow-on schedule check
