[2023-05-24T15:23:40.554+0000] {taskinstance.py:1103} INFO - Dependencies all met for dep_context=non-requeueable deps ti=<TaskInstance: dag_with_taskflow_api_v02.get_name scheduled__2022-07-23T00:00:00+00:00 [queued]>
[2023-05-24T15:23:40.681+0000] {taskinstance.py:1103} INFO - Dependencies all met for dep_context=requeueable deps ti=<TaskInstance: dag_with_taskflow_api_v02.get_name scheduled__2022-07-23T00:00:00+00:00 [queued]>
[2023-05-24T15:23:40.682+0000] {taskinstance.py:1308} INFO - Starting attempt 1 of 6
[2023-05-24T15:23:40.796+0000] {taskinstance.py:1327} INFO - Executing <Task(_PythonDecoratedOperator): get_name> on 2022-07-23 00:00:00+00:00
[2023-05-24T15:23:40.832+0000] {standard_task_runner.py:57} INFO - Started process 2010 to run task
[2023-05-24T15:23:40.846+0000] {standard_task_runner.py:84} INFO - Running: ['***', 'tasks', 'run', 'dag_with_taskflow_api_v02', 'get_name', 'scheduled__2022-07-23T00:00:00+00:00', '--job-id', '810', '--raw', '--subdir', 'DAGS_FOLDER/first_dag.py', '--cfg-path', '/tmp/tmpl_oftlp9']
[2023-05-24T15:23:40.849+0000] {standard_task_runner.py:85} INFO - Job 810: Subtask get_name
[2023-05-24T15:23:41.241+0000] {task_command.py:410} INFO - Running <TaskInstance: dag_with_taskflow_api_v02.get_name scheduled__2022-07-23T00:00:00+00:00 [running]> on host 942de29f183d
[2023-05-24T15:23:42.118+0000] {taskinstance.py:1547} INFO - Exporting env vars: AIRFLOW_CTX_DAG_OWNER='Sai' AIRFLOW_CTX_DAG_ID='dag_with_taskflow_api_v02' AIRFLOW_CTX_TASK_ID='get_name' AIRFLOW_CTX_EXECUTION_DATE='2022-07-23T00:00:00+00:00' AIRFLOW_CTX_TRY_NUMBER='1' AIRFLOW_CTX_DAG_RUN_ID='scheduled__2022-07-23T00:00:00+00:00'
[2023-05-24T15:23:42.119+0000] {python.py:183} INFO - Done. Returned value was: {'first_name': 'Sai', 'last_name': 'Tr'}
[2023-05-24T15:23:42.599+0000] {taskinstance.py:1350} INFO - Marking task as SUCCESS. dag_id=dag_with_taskflow_api_v02, task_id=get_name, execution_date=20220723T000000, start_date=20230524T152340, end_date=20230524T152342
[2023-05-24T15:23:42.793+0000] {local_task_job_runner.py:225} INFO - Task exited with return code 0
[2023-05-24T15:23:43.252+0000] {taskinstance.py:2651} INFO - 0 downstream tasks scheduled from follow-on schedule check
[2023-05-25T06:56:19.612+0000] {taskinstance.py:1103} INFO - Dependencies all met for dep_context=non-requeueable deps ti=<TaskInstance: dag_with_taskflow_api_v02.get_name scheduled__2022-07-23T00:00:00+00:00 [queued]>
[2023-05-25T06:56:19.703+0000] {taskinstance.py:1103} INFO - Dependencies all met for dep_context=requeueable deps ti=<TaskInstance: dag_with_taskflow_api_v02.get_name scheduled__2022-07-23T00:00:00+00:00 [queued]>
[2023-05-25T06:56:19.704+0000] {taskinstance.py:1308} INFO - Starting attempt 1 of 6
[2023-05-25T06:56:19.882+0000] {taskinstance.py:1327} INFO - Executing <Task(_PythonDecoratedOperator): get_name> on 2022-07-23 00:00:00+00:00
[2023-05-25T06:56:19.913+0000] {standard_task_runner.py:57} INFO - Started process 3537 to run task
[2023-05-25T06:56:19.940+0000] {standard_task_runner.py:84} INFO - Running: ['***', 'tasks', 'run', 'dag_with_taskflow_api_v02', 'get_name', 'scheduled__2022-07-23T00:00:00+00:00', '--job-id', '812', '--raw', '--subdir', 'DAGS_FOLDER/first_dag.py', '--cfg-path', '/tmp/tmpbr4de74z']
[2023-05-25T06:56:19.943+0000] {standard_task_runner.py:85} INFO - Job 812: Subtask get_name
[2023-05-25T06:56:20.319+0000] {task_command.py:410} INFO - Running <TaskInstance: dag_with_taskflow_api_v02.get_name scheduled__2022-07-23T00:00:00+00:00 [running]> on host 6bd07c7477d9
[2023-05-25T06:56:21.090+0000] {taskinstance.py:1547} INFO - Exporting env vars: AIRFLOW_CTX_DAG_OWNER='Sai' AIRFLOW_CTX_DAG_ID='dag_with_taskflow_api_v02' AIRFLOW_CTX_TASK_ID='get_name' AIRFLOW_CTX_EXECUTION_DATE='2022-07-23T00:00:00+00:00' AIRFLOW_CTX_TRY_NUMBER='1' AIRFLOW_CTX_DAG_RUN_ID='scheduled__2022-07-23T00:00:00+00:00'
[2023-05-25T06:56:21.091+0000] {python.py:183} INFO - Done. Returned value was: {'first_name': 'Sai', 'last_name': 'Tr'}
[2023-05-25T06:56:21.325+0000] {taskinstance.py:1350} INFO - Marking task as SUCCESS. dag_id=dag_with_taskflow_api_v02, task_id=get_name, execution_date=20220723T000000, start_date=20230525T065619, end_date=20230525T065621
[2023-05-25T06:56:21.525+0000] {local_task_job_runner.py:225} INFO - Task exited with return code 0
[2023-05-25T06:56:21.774+0000] {taskinstance.py:2651} INFO - 0 downstream tasks scheduled from follow-on schedule check
[2023-05-25T10:28:08.122+0000] {taskinstance.py:1103} INFO - Dependencies all met for dep_context=non-requeueable deps ti=<TaskInstance: dag_with_taskflow_api_v02.get_name scheduled__2022-07-23T00:00:00+00:00 [queued]>
[2023-05-25T10:28:08.185+0000] {taskinstance.py:1103} INFO - Dependencies all met for dep_context=requeueable deps ti=<TaskInstance: dag_with_taskflow_api_v02.get_name scheduled__2022-07-23T00:00:00+00:00 [queued]>
[2023-05-25T10:28:08.186+0000] {taskinstance.py:1308} INFO - Starting attempt 1 of 6
[2023-05-25T10:28:08.337+0000] {taskinstance.py:1327} INFO - Executing <Task(_PythonDecoratedOperator): get_name> on 2022-07-23 00:00:00+00:00
[2023-05-25T10:28:08.384+0000] {standard_task_runner.py:57} INFO - Started process 3133 to run task
[2023-05-25T10:28:08.427+0000] {standard_task_runner.py:84} INFO - Running: ['***', 'tasks', 'run', 'dag_with_taskflow_api_v02', 'get_name', 'scheduled__2022-07-23T00:00:00+00:00', '--job-id', '824', '--raw', '--subdir', 'DAGS_FOLDER/first_dag.py', '--cfg-path', '/tmp/tmpar820fik']
[2023-05-25T10:28:08.463+0000] {standard_task_runner.py:85} INFO - Job 824: Subtask get_name
[2023-05-25T10:28:08.892+0000] {task_command.py:410} INFO - Running <TaskInstance: dag_with_taskflow_api_v02.get_name scheduled__2022-07-23T00:00:00+00:00 [running]> on host b1ae37a9584e
[2023-05-25T10:28:09.603+0000] {taskinstance.py:1547} INFO - Exporting env vars: AIRFLOW_CTX_DAG_OWNER='Sai' AIRFLOW_CTX_DAG_ID='dag_with_taskflow_api_v02' AIRFLOW_CTX_TASK_ID='get_name' AIRFLOW_CTX_EXECUTION_DATE='2022-07-23T00:00:00+00:00' AIRFLOW_CTX_TRY_NUMBER='1' AIRFLOW_CTX_DAG_RUN_ID='scheduled__2022-07-23T00:00:00+00:00'
[2023-05-25T10:28:09.608+0000] {python.py:183} INFO - Done. Returned value was: {'first_name': 'Sai', 'last_name': 'Tr'}
[2023-05-25T10:28:09.828+0000] {taskinstance.py:1350} INFO - Marking task as SUCCESS. dag_id=dag_with_taskflow_api_v02, task_id=get_name, execution_date=20220723T000000, start_date=20230525T102808, end_date=20230525T102809
[2023-05-25T10:28:09.996+0000] {local_task_job_runner.py:225} INFO - Task exited with return code 0
[2023-05-25T10:28:10.992+0000] {taskinstance.py:2651} INFO - 0 downstream tasks scheduled from follow-on schedule check
