[2023-05-24T15:20:47.988+0000] {taskinstance.py:1103} INFO - Dependencies all met for dep_context=non-requeueable deps ti=<TaskInstance: dag_with_taskflow_api_v02.get_age scheduled__2022-04-21T00:00:00+00:00 [queued]>
[2023-05-24T15:20:48.166+0000] {taskinstance.py:1103} INFO - Dependencies all met for dep_context=requeueable deps ti=<TaskInstance: dag_with_taskflow_api_v02.get_age scheduled__2022-04-21T00:00:00+00:00 [queued]>
[2023-05-24T15:20:48.169+0000] {taskinstance.py:1308} INFO - Starting attempt 1 of 6
[2023-05-24T15:20:48.364+0000] {taskinstance.py:1327} INFO - Executing <Task(_PythonDecoratedOperator): get_age> on 2022-04-21 00:00:00+00:00
[2023-05-24T15:20:48.391+0000] {standard_task_runner.py:57} INFO - Started process 1392 to run task
[2023-05-24T15:20:48.417+0000] {standard_task_runner.py:84} INFO - Running: ['***', 'tasks', 'run', 'dag_with_taskflow_api_v02', 'get_age', 'scheduled__2022-04-21T00:00:00+00:00', '--job-id', '535', '--raw', '--subdir', 'DAGS_FOLDER/first_dag.py', '--cfg-path', '/tmp/tmp2ni3ztpl']
[2023-05-24T15:20:48.518+0000] {standard_task_runner.py:85} INFO - Job 535: Subtask get_age
[2023-05-24T15:20:49.031+0000] {task_command.py:410} INFO - Running <TaskInstance: dag_with_taskflow_api_v02.get_age scheduled__2022-04-21T00:00:00+00:00 [running]> on host 942de29f183d
[2023-05-24T15:20:50.059+0000] {taskinstance.py:1547} INFO - Exporting env vars: AIRFLOW_CTX_DAG_OWNER='Sai' AIRFLOW_CTX_DAG_ID='dag_with_taskflow_api_v02' AIRFLOW_CTX_TASK_ID='get_age' AIRFLOW_CTX_EXECUTION_DATE='2022-04-21T00:00:00+00:00' AIRFLOW_CTX_TRY_NUMBER='1' AIRFLOW_CTX_DAG_RUN_ID='scheduled__2022-04-21T00:00:00+00:00'
[2023-05-24T15:20:50.062+0000] {python.py:183} INFO - Done. Returned value was: 19
[2023-05-24T15:20:50.217+0000] {taskinstance.py:1350} INFO - Marking task as SUCCESS. dag_id=dag_with_taskflow_api_v02, task_id=get_age, execution_date=20220421T000000, start_date=20230524T152047, end_date=20230524T152050
[2023-05-24T15:20:50.431+0000] {local_task_job_runner.py:225} INFO - Task exited with return code 0
[2023-05-24T15:20:50.591+0000] {taskinstance.py:2651} INFO - 1 downstream tasks scheduled from follow-on schedule check
[2023-05-25T06:53:51.421+0000] {taskinstance.py:1103} INFO - Dependencies all met for dep_context=non-requeueable deps ti=<TaskInstance: dag_with_taskflow_api_v02.get_age scheduled__2022-04-21T00:00:00+00:00 [queued]>
[2023-05-25T06:53:51.545+0000] {taskinstance.py:1103} INFO - Dependencies all met for dep_context=requeueable deps ti=<TaskInstance: dag_with_taskflow_api_v02.get_age scheduled__2022-04-21T00:00:00+00:00 [queued]>
[2023-05-25T06:53:51.546+0000] {taskinstance.py:1308} INFO - Starting attempt 1 of 6
[2023-05-25T06:53:51.734+0000] {taskinstance.py:1327} INFO - Executing <Task(_PythonDecoratedOperator): get_age> on 2022-04-21 00:00:00+00:00
[2023-05-25T06:53:51.757+0000] {standard_task_runner.py:57} INFO - Started process 2930 to run task
[2023-05-25T06:53:51.772+0000] {standard_task_runner.py:84} INFO - Running: ['***', 'tasks', 'run', 'dag_with_taskflow_api_v02', 'get_age', 'scheduled__2022-04-21T00:00:00+00:00', '--job-id', '536', '--raw', '--subdir', 'DAGS_FOLDER/first_dag.py', '--cfg-path', '/tmp/tmpyc1jin9f']
[2023-05-25T06:53:51.799+0000] {standard_task_runner.py:85} INFO - Job 536: Subtask get_age
[2023-05-25T06:53:52.131+0000] {task_command.py:410} INFO - Running <TaskInstance: dag_with_taskflow_api_v02.get_age scheduled__2022-04-21T00:00:00+00:00 [running]> on host 6bd07c7477d9
[2023-05-25T06:53:52.862+0000] {taskinstance.py:1547} INFO - Exporting env vars: AIRFLOW_CTX_DAG_OWNER='Sai' AIRFLOW_CTX_DAG_ID='dag_with_taskflow_api_v02' AIRFLOW_CTX_TASK_ID='get_age' AIRFLOW_CTX_EXECUTION_DATE='2022-04-21T00:00:00+00:00' AIRFLOW_CTX_TRY_NUMBER='1' AIRFLOW_CTX_DAG_RUN_ID='scheduled__2022-04-21T00:00:00+00:00'
[2023-05-25T06:53:52.863+0000] {python.py:183} INFO - Done. Returned value was: 19
[2023-05-25T06:53:53.012+0000] {taskinstance.py:1350} INFO - Marking task as SUCCESS. dag_id=dag_with_taskflow_api_v02, task_id=get_age, execution_date=20220421T000000, start_date=20230525T065351, end_date=20230525T065353
[2023-05-25T06:53:53.654+0000] {local_task_job_runner.py:225} INFO - Task exited with return code 0
[2023-05-25T06:53:53.893+0000] {taskinstance.py:2651} INFO - 1 downstream tasks scheduled from follow-on schedule check
[2023-05-25T10:25:06.727+0000] {taskinstance.py:1103} INFO - Dependencies all met for dep_context=non-requeueable deps ti=<TaskInstance: dag_with_taskflow_api_v02.get_age scheduled__2022-04-21T00:00:00+00:00 [queued]>
[2023-05-25T10:25:06.812+0000] {taskinstance.py:1103} INFO - Dependencies all met for dep_context=requeueable deps ti=<TaskInstance: dag_with_taskflow_api_v02.get_age scheduled__2022-04-21T00:00:00+00:00 [queued]>
[2023-05-25T10:25:06.812+0000] {taskinstance.py:1308} INFO - Starting attempt 1 of 6
[2023-05-25T10:25:06.945+0000] {taskinstance.py:1327} INFO - Executing <Task(_PythonDecoratedOperator): get_age> on 2022-04-21 00:00:00+00:00
[2023-05-25T10:25:06.957+0000] {standard_task_runner.py:57} INFO - Started process 2500 to run task
[2023-05-25T10:25:06.993+0000] {standard_task_runner.py:84} INFO - Running: ['***', 'tasks', 'run', 'dag_with_taskflow_api_v02', 'get_age', 'scheduled__2022-04-21T00:00:00+00:00', '--job-id', '543', '--raw', '--subdir', 'DAGS_FOLDER/first_dag.py', '--cfg-path', '/tmp/tmp6wcg7jns']
[2023-05-25T10:25:07.021+0000] {standard_task_runner.py:85} INFO - Job 543: Subtask get_age
[2023-05-25T10:25:07.311+0000] {task_command.py:410} INFO - Running <TaskInstance: dag_with_taskflow_api_v02.get_age scheduled__2022-04-21T00:00:00+00:00 [running]> on host b1ae37a9584e
[2023-05-25T10:25:07.890+0000] {taskinstance.py:1547} INFO - Exporting env vars: AIRFLOW_CTX_DAG_OWNER='Sai' AIRFLOW_CTX_DAG_ID='dag_with_taskflow_api_v02' AIRFLOW_CTX_TASK_ID='get_age' AIRFLOW_CTX_EXECUTION_DATE='2022-04-21T00:00:00+00:00' AIRFLOW_CTX_TRY_NUMBER='1' AIRFLOW_CTX_DAG_RUN_ID='scheduled__2022-04-21T00:00:00+00:00'
[2023-05-25T10:25:07.891+0000] {python.py:183} INFO - Done. Returned value was: 19
[2023-05-25T10:25:08.044+0000] {taskinstance.py:1350} INFO - Marking task as SUCCESS. dag_id=dag_with_taskflow_api_v02, task_id=get_age, execution_date=20220421T000000, start_date=20230525T102506, end_date=20230525T102508
[2023-05-25T10:25:08.167+0000] {local_task_job_runner.py:225} INFO - Task exited with return code 0
[2023-05-25T10:25:08.521+0000] {taskinstance.py:2651} INFO - 0 downstream tasks scheduled from follow-on schedule check
