[2023-05-24T15:22:34.603+0000] {taskinstance.py:1103} INFO - Dependencies all met for dep_context=non-requeueable deps ti=<TaskInstance: dag_with_taskflow_api_v02.get_name scheduled__2022-06-15T00:00:00+00:00 [queued]>
[2023-05-24T15:22:34.683+0000] {taskinstance.py:1103} INFO - Dependencies all met for dep_context=requeueable deps ti=<TaskInstance: dag_with_taskflow_api_v02.get_name scheduled__2022-06-15T00:00:00+00:00 [queued]>
[2023-05-24T15:22:34.684+0000] {taskinstance.py:1308} INFO - Starting attempt 1 of 6
[2023-05-24T15:22:34.880+0000] {taskinstance.py:1327} INFO - Executing <Task(_PythonDecoratedOperator): get_name> on 2022-06-15 00:00:00+00:00
[2023-05-24T15:22:34.927+0000] {standard_task_runner.py:57} INFO - Started process 1767 to run task
[2023-05-24T15:22:34.969+0000] {standard_task_runner.py:84} INFO - Running: ['***', 'tasks', 'run', 'dag_with_taskflow_api_v02', 'get_name', 'scheduled__2022-06-15T00:00:00+00:00', '--job-id', '698', '--raw', '--subdir', 'DAGS_FOLDER/first_dag.py', '--cfg-path', '/tmp/tmpggca3st8']
[2023-05-24T15:22:34.972+0000] {standard_task_runner.py:85} INFO - Job 698: Subtask get_name
[2023-05-24T15:22:35.379+0000] {task_command.py:410} INFO - Running <TaskInstance: dag_with_taskflow_api_v02.get_name scheduled__2022-06-15T00:00:00+00:00 [running]> on host 942de29f183d
[2023-05-24T15:22:36.077+0000] {taskinstance.py:1547} INFO - Exporting env vars: AIRFLOW_CTX_DAG_OWNER='Sai' AIRFLOW_CTX_DAG_ID='dag_with_taskflow_api_v02' AIRFLOW_CTX_TASK_ID='get_name' AIRFLOW_CTX_EXECUTION_DATE='2022-06-15T00:00:00+00:00' AIRFLOW_CTX_TRY_NUMBER='1' AIRFLOW_CTX_DAG_RUN_ID='scheduled__2022-06-15T00:00:00+00:00'
[2023-05-24T15:22:36.082+0000] {python.py:183} INFO - Done. Returned value was: {'first_name': 'Sai', 'last_name': 'Tr'}
[2023-05-24T15:22:36.308+0000] {taskinstance.py:1350} INFO - Marking task as SUCCESS. dag_id=dag_with_taskflow_api_v02, task_id=get_name, execution_date=20220615T000000, start_date=20230524T152234, end_date=20230524T152236
[2023-05-24T15:22:36.464+0000] {local_task_job_runner.py:225} INFO - Task exited with return code 0
[2023-05-24T15:22:36.648+0000] {taskinstance.py:2651} INFO - 1 downstream tasks scheduled from follow-on schedule check
[2023-05-25T06:55:16.695+0000] {taskinstance.py:1103} INFO - Dependencies all met for dep_context=non-requeueable deps ti=<TaskInstance: dag_with_taskflow_api_v02.get_name scheduled__2022-06-15T00:00:00+00:00 [queued]>
[2023-05-25T06:55:16.745+0000] {taskinstance.py:1103} INFO - Dependencies all met for dep_context=requeueable deps ti=<TaskInstance: dag_with_taskflow_api_v02.get_name scheduled__2022-06-15T00:00:00+00:00 [queued]>
[2023-05-25T06:55:16.747+0000] {taskinstance.py:1308} INFO - Starting attempt 1 of 6
[2023-05-25T06:55:16.796+0000] {taskinstance.py:1327} INFO - Executing <Task(_PythonDecoratedOperator): get_name> on 2022-06-15 00:00:00+00:00
[2023-05-25T06:55:16.815+0000] {standard_task_runner.py:57} INFO - Started process 3286 to run task
[2023-05-25T06:55:16.841+0000] {standard_task_runner.py:84} INFO - Running: ['***', 'tasks', 'run', 'dag_with_taskflow_api_v02', 'get_name', 'scheduled__2022-06-15T00:00:00+00:00', '--job-id', '700', '--raw', '--subdir', 'DAGS_FOLDER/first_dag.py', '--cfg-path', '/tmp/tmpc2jtt7lc']
[2023-05-25T06:55:16.850+0000] {standard_task_runner.py:85} INFO - Job 700: Subtask get_name
[2023-05-25T06:55:16.987+0000] {task_command.py:410} INFO - Running <TaskInstance: dag_with_taskflow_api_v02.get_name scheduled__2022-06-15T00:00:00+00:00 [running]> on host 6bd07c7477d9
[2023-05-25T06:55:17.338+0000] {taskinstance.py:1547} INFO - Exporting env vars: AIRFLOW_CTX_DAG_OWNER='Sai' AIRFLOW_CTX_DAG_ID='dag_with_taskflow_api_v02' AIRFLOW_CTX_TASK_ID='get_name' AIRFLOW_CTX_EXECUTION_DATE='2022-06-15T00:00:00+00:00' AIRFLOW_CTX_TRY_NUMBER='1' AIRFLOW_CTX_DAG_RUN_ID='scheduled__2022-06-15T00:00:00+00:00'
[2023-05-25T06:55:17.340+0000] {python.py:183} INFO - Done. Returned value was: {'first_name': 'Sai', 'last_name': 'Tr'}
[2023-05-25T06:55:17.489+0000] {taskinstance.py:1350} INFO - Marking task as SUCCESS. dag_id=dag_with_taskflow_api_v02, task_id=get_name, execution_date=20220615T000000, start_date=20230525T065516, end_date=20230525T065517
[2023-05-25T06:55:17.568+0000] {local_task_job_runner.py:225} INFO - Task exited with return code 0
[2023-05-25T06:55:17.646+0000] {taskinstance.py:2651} INFO - 0 downstream tasks scheduled from follow-on schedule check
[2023-05-25T10:26:45.343+0000] {taskinstance.py:1103} INFO - Dependencies all met for dep_context=non-requeueable deps ti=<TaskInstance: dag_with_taskflow_api_v02.get_name scheduled__2022-06-15T00:00:00+00:00 [queued]>
[2023-05-25T10:26:45.413+0000] {taskinstance.py:1103} INFO - Dependencies all met for dep_context=requeueable deps ti=<TaskInstance: dag_with_taskflow_api_v02.get_name scheduled__2022-06-15T00:00:00+00:00 [queued]>
[2023-05-25T10:26:45.414+0000] {taskinstance.py:1308} INFO - Starting attempt 1 of 6
[2023-05-25T10:26:45.530+0000] {taskinstance.py:1327} INFO - Executing <Task(_PythonDecoratedOperator): get_name> on 2022-06-15 00:00:00+00:00
[2023-05-25T10:26:45.561+0000] {standard_task_runner.py:57} INFO - Started process 2872 to run task
[2023-05-25T10:26:45.590+0000] {standard_task_runner.py:84} INFO - Running: ['***', 'tasks', 'run', 'dag_with_taskflow_api_v02', 'get_name', 'scheduled__2022-06-15T00:00:00+00:00', '--job-id', '709', '--raw', '--subdir', 'DAGS_FOLDER/first_dag.py', '--cfg-path', '/tmp/tmpk89aonxh']
[2023-05-25T10:26:45.596+0000] {standard_task_runner.py:85} INFO - Job 709: Subtask get_name
[2023-05-25T10:26:46.203+0000] {task_command.py:410} INFO - Running <TaskInstance: dag_with_taskflow_api_v02.get_name scheduled__2022-06-15T00:00:00+00:00 [running]> on host b1ae37a9584e
[2023-05-25T10:26:47.000+0000] {taskinstance.py:1547} INFO - Exporting env vars: AIRFLOW_CTX_DAG_OWNER='Sai' AIRFLOW_CTX_DAG_ID='dag_with_taskflow_api_v02' AIRFLOW_CTX_TASK_ID='get_name' AIRFLOW_CTX_EXECUTION_DATE='2022-06-15T00:00:00+00:00' AIRFLOW_CTX_TRY_NUMBER='1' AIRFLOW_CTX_DAG_RUN_ID='scheduled__2022-06-15T00:00:00+00:00'
[2023-05-25T10:26:47.002+0000] {python.py:183} INFO - Done. Returned value was: {'first_name': 'Sai', 'last_name': 'Tr'}
[2023-05-25T10:26:47.590+0000] {taskinstance.py:1350} INFO - Marking task as SUCCESS. dag_id=dag_with_taskflow_api_v02, task_id=get_name, execution_date=20220615T000000, start_date=20230525T102645, end_date=20230525T102647
[2023-05-25T10:26:48.152+0000] {local_task_job_runner.py:225} INFO - Task exited with return code 0
[2023-05-25T10:26:48.473+0000] {taskinstance.py:2651} INFO - 1 downstream tasks scheduled from follow-on schedule check
