[2023-05-24T15:19:48.819+0000] {taskinstance.py:1103} INFO - Dependencies all met for dep_context=non-requeueable deps ti=<TaskInstance: dag_with_taskflow_api_v02.get_age scheduled__2022-03-25T00:00:00+00:00 [queued]>
[2023-05-24T15:19:48.948+0000] {taskinstance.py:1103} INFO - Dependencies all met for dep_context=requeueable deps ti=<TaskInstance: dag_with_taskflow_api_v02.get_age scheduled__2022-03-25T00:00:00+00:00 [queued]>
[2023-05-24T15:19:48.949+0000] {taskinstance.py:1308} INFO - Starting attempt 1 of 6
[2023-05-24T15:19:49.056+0000] {taskinstance.py:1327} INFO - Executing <Task(_PythonDecoratedOperator): get_age> on 2022-03-25 00:00:00+00:00
[2023-05-24T15:19:49.082+0000] {standard_task_runner.py:57} INFO - Started process 1203 to run task
[2023-05-24T15:19:49.129+0000] {standard_task_runner.py:84} INFO - Running: ['***', 'tasks', 'run', 'dag_with_taskflow_api_v02', 'get_age', 'scheduled__2022-03-25T00:00:00+00:00', '--job-id', '449', '--raw', '--subdir', 'DAGS_FOLDER/first_dag.py', '--cfg-path', '/tmp/tmpcacjzhxd']
[2023-05-24T15:19:49.150+0000] {standard_task_runner.py:85} INFO - Job 449: Subtask get_age
[2023-05-24T15:19:49.304+0000] {task_command.py:410} INFO - Running <TaskInstance: dag_with_taskflow_api_v02.get_age scheduled__2022-03-25T00:00:00+00:00 [running]> on host 942de29f183d
[2023-05-24T15:19:50.096+0000] {taskinstance.py:1547} INFO - Exporting env vars: AIRFLOW_CTX_DAG_OWNER='Sai' AIRFLOW_CTX_DAG_ID='dag_with_taskflow_api_v02' AIRFLOW_CTX_TASK_ID='get_age' AIRFLOW_CTX_EXECUTION_DATE='2022-03-25T00:00:00+00:00' AIRFLOW_CTX_TRY_NUMBER='1' AIRFLOW_CTX_DAG_RUN_ID='scheduled__2022-03-25T00:00:00+00:00'
[2023-05-24T15:19:50.098+0000] {python.py:183} INFO - Done. Returned value was: 19
[2023-05-24T15:19:50.220+0000] {taskinstance.py:1350} INFO - Marking task as SUCCESS. dag_id=dag_with_taskflow_api_v02, task_id=get_age, execution_date=20220325T000000, start_date=20230524T151948, end_date=20230524T151950
[2023-05-24T15:19:50.387+0000] {local_task_job_runner.py:225} INFO - Task exited with return code 0
[2023-05-24T15:19:50.631+0000] {taskinstance.py:2651} INFO - 1 downstream tasks scheduled from follow-on schedule check
[2023-05-25T06:53:04.913+0000] {taskinstance.py:1103} INFO - Dependencies all met for dep_context=non-requeueable deps ti=<TaskInstance: dag_with_taskflow_api_v02.get_age scheduled__2022-03-25T00:00:00+00:00 [queued]>
[2023-05-25T06:53:05.018+0000] {taskinstance.py:1103} INFO - Dependencies all met for dep_context=requeueable deps ti=<TaskInstance: dag_with_taskflow_api_v02.get_age scheduled__2022-03-25T00:00:00+00:00 [queued]>
[2023-05-25T06:53:05.019+0000] {taskinstance.py:1308} INFO - Starting attempt 1 of 6
[2023-05-25T06:53:05.183+0000] {taskinstance.py:1327} INFO - Executing <Task(_PythonDecoratedOperator): get_age> on 2022-03-25 00:00:00+00:00
[2023-05-25T06:53:05.207+0000] {standard_task_runner.py:57} INFO - Started process 2733 to run task
[2023-05-25T06:53:05.247+0000] {standard_task_runner.py:84} INFO - Running: ['***', 'tasks', 'run', 'dag_with_taskflow_api_v02', 'get_age', 'scheduled__2022-03-25T00:00:00+00:00', '--job-id', '453', '--raw', '--subdir', 'DAGS_FOLDER/first_dag.py', '--cfg-path', '/tmp/tmp6ax62doq']
[2023-05-25T06:53:05.263+0000] {standard_task_runner.py:85} INFO - Job 453: Subtask get_age
[2023-05-25T06:53:05.864+0000] {task_command.py:410} INFO - Running <TaskInstance: dag_with_taskflow_api_v02.get_age scheduled__2022-03-25T00:00:00+00:00 [running]> on host 6bd07c7477d9
[2023-05-25T06:53:06.773+0000] {taskinstance.py:1547} INFO - Exporting env vars: AIRFLOW_CTX_DAG_OWNER='Sai' AIRFLOW_CTX_DAG_ID='dag_with_taskflow_api_v02' AIRFLOW_CTX_TASK_ID='get_age' AIRFLOW_CTX_EXECUTION_DATE='2022-03-25T00:00:00+00:00' AIRFLOW_CTX_TRY_NUMBER='1' AIRFLOW_CTX_DAG_RUN_ID='scheduled__2022-03-25T00:00:00+00:00'
[2023-05-25T06:53:06.774+0000] {python.py:183} INFO - Done. Returned value was: 19
[2023-05-25T06:53:06.875+0000] {taskinstance.py:1350} INFO - Marking task as SUCCESS. dag_id=dag_with_taskflow_api_v02, task_id=get_age, execution_date=20220325T000000, start_date=20230525T065304, end_date=20230525T065306
[2023-05-25T06:53:06.977+0000] {local_task_job_runner.py:225} INFO - Task exited with return code 0
[2023-05-25T06:53:07.734+0000] {taskinstance.py:2651} INFO - 0 downstream tasks scheduled from follow-on schedule check
[2023-05-25T10:24:15.172+0000] {taskinstance.py:1103} INFO - Dependencies all met for dep_context=non-requeueable deps ti=<TaskInstance: dag_with_taskflow_api_v02.get_age scheduled__2022-03-25T00:00:00+00:00 [queued]>
[2023-05-25T10:24:15.243+0000] {taskinstance.py:1103} INFO - Dependencies all met for dep_context=requeueable deps ti=<TaskInstance: dag_with_taskflow_api_v02.get_age scheduled__2022-03-25T00:00:00+00:00 [queued]>
[2023-05-25T10:24:15.244+0000] {taskinstance.py:1308} INFO - Starting attempt 1 of 6
[2023-05-25T10:24:15.523+0000] {taskinstance.py:1327} INFO - Executing <Task(_PythonDecoratedOperator): get_age> on 2022-03-25 00:00:00+00:00
[2023-05-25T10:24:15.530+0000] {standard_task_runner.py:57} INFO - Started process 2287 to run task
[2023-05-25T10:24:15.546+0000] {standard_task_runner.py:84} INFO - Running: ['***', 'tasks', 'run', 'dag_with_taskflow_api_v02', 'get_age', 'scheduled__2022-03-25T00:00:00+00:00', '--job-id', '449', '--raw', '--subdir', 'DAGS_FOLDER/first_dag.py', '--cfg-path', '/tmp/tmpy2blo3cl']
[2023-05-25T10:24:15.553+0000] {standard_task_runner.py:85} INFO - Job 449: Subtask get_age
[2023-05-25T10:24:15.761+0000] {task_command.py:410} INFO - Running <TaskInstance: dag_with_taskflow_api_v02.get_age scheduled__2022-03-25T00:00:00+00:00 [running]> on host b1ae37a9584e
[2023-05-25T10:24:16.248+0000] {taskinstance.py:1547} INFO - Exporting env vars: AIRFLOW_CTX_DAG_OWNER='Sai' AIRFLOW_CTX_DAG_ID='dag_with_taskflow_api_v02' AIRFLOW_CTX_TASK_ID='get_age' AIRFLOW_CTX_EXECUTION_DATE='2022-03-25T00:00:00+00:00' AIRFLOW_CTX_TRY_NUMBER='1' AIRFLOW_CTX_DAG_RUN_ID='scheduled__2022-03-25T00:00:00+00:00'
[2023-05-25T10:24:16.249+0000] {python.py:183} INFO - Done. Returned value was: 19
[2023-05-25T10:24:16.351+0000] {taskinstance.py:1350} INFO - Marking task as SUCCESS. dag_id=dag_with_taskflow_api_v02, task_id=get_age, execution_date=20220325T000000, start_date=20230525T102415, end_date=20230525T102416
[2023-05-25T10:24:16.426+0000] {local_task_job_runner.py:225} INFO - Task exited with return code 0
[2023-05-25T10:24:16.925+0000] {taskinstance.py:2651} INFO - 1 downstream tasks scheduled from follow-on schedule check
