[2023-05-24T15:18:35.629+0000] {taskinstance.py:1103} INFO - Dependencies all met for dep_context=non-requeueable deps ti=<TaskInstance: dag_with_taskflow_api_v02.greet scheduled__2022-02-03T00:00:00+00:00 [queued]>
[2023-05-24T15:18:35.784+0000] {taskinstance.py:1103} INFO - Dependencies all met for dep_context=requeueable deps ti=<TaskInstance: dag_with_taskflow_api_v02.greet scheduled__2022-02-03T00:00:00+00:00 [queued]>
[2023-05-24T15:18:35.798+0000] {taskinstance.py:1308} INFO - Starting attempt 1 of 6
[2023-05-24T15:18:36.054+0000] {taskinstance.py:1327} INFO - Executing <Task(_PythonDecoratedOperator): greet> on 2022-02-03 00:00:00+00:00
[2023-05-24T15:18:36.061+0000] {standard_task_runner.py:57} INFO - Started process 920 to run task
[2023-05-24T15:18:36.132+0000] {standard_task_runner.py:84} INFO - Running: ['***', 'tasks', 'run', 'dag_with_taskflow_api_v02', 'greet', 'scheduled__2022-02-03T00:00:00+00:00', '--job-id', '321', '--raw', '--subdir', 'DAGS_FOLDER/first_dag.py', '--cfg-path', '/tmp/tmppfkhonc3']
[2023-05-24T15:18:36.143+0000] {standard_task_runner.py:85} INFO - Job 321: Subtask greet
[2023-05-24T15:18:36.568+0000] {task_command.py:410} INFO - Running <TaskInstance: dag_with_taskflow_api_v02.greet scheduled__2022-02-03T00:00:00+00:00 [running]> on host 942de29f183d
[2023-05-24T15:18:37.691+0000] {taskinstance.py:1547} INFO - Exporting env vars: AIRFLOW_CTX_DAG_OWNER='Sai' AIRFLOW_CTX_DAG_ID='dag_with_taskflow_api_v02' AIRFLOW_CTX_TASK_ID='greet' AIRFLOW_CTX_EXECUTION_DATE='2022-02-03T00:00:00+00:00' AIRFLOW_CTX_TRY_NUMBER='1' AIRFLOW_CTX_DAG_RUN_ID='scheduled__2022-02-03T00:00:00+00:00'
[2023-05-24T15:18:37.693+0000] {logging_mixin.py:149} INFO - Hello World! My name is Sai Tr and I am 19 years old!
[2023-05-24T15:18:37.693+0000] {python.py:183} INFO - Done. Returned value was: None
[2023-05-24T15:18:37.763+0000] {taskinstance.py:1350} INFO - Marking task as SUCCESS. dag_id=dag_with_taskflow_api_v02, task_id=greet, execution_date=20220203T000000, start_date=20230524T151835, end_date=20230524T151837
[2023-05-24T15:18:38.001+0000] {local_task_job_runner.py:225} INFO - Task exited with return code 0
[2023-05-24T15:18:38.202+0000] {taskinstance.py:2651} INFO - 0 downstream tasks scheduled from follow-on schedule check
[2023-05-25T06:51:47.020+0000] {taskinstance.py:1103} INFO - Dependencies all met for dep_context=non-requeueable deps ti=<TaskInstance: dag_with_taskflow_api_v02.greet scheduled__2022-02-03T00:00:00+00:00 [queued]>
[2023-05-25T06:51:47.072+0000] {taskinstance.py:1103} INFO - Dependencies all met for dep_context=requeueable deps ti=<TaskInstance: dag_with_taskflow_api_v02.greet scheduled__2022-02-03T00:00:00+00:00 [queued]>
[2023-05-25T06:51:47.073+0000] {taskinstance.py:1308} INFO - Starting attempt 1 of 6
[2023-05-25T06:51:47.174+0000] {taskinstance.py:1327} INFO - Executing <Task(_PythonDecoratedOperator): greet> on 2022-02-03 00:00:00+00:00
[2023-05-25T06:51:47.185+0000] {standard_task_runner.py:57} INFO - Started process 2423 to run task
[2023-05-25T06:51:47.197+0000] {standard_task_runner.py:84} INFO - Running: ['***', 'tasks', 'run', 'dag_with_taskflow_api_v02', 'greet', 'scheduled__2022-02-03T00:00:00+00:00', '--job-id', '313', '--raw', '--subdir', 'DAGS_FOLDER/first_dag.py', '--cfg-path', '/tmp/tmpwwoivwg5']
[2023-05-25T06:51:47.201+0000] {standard_task_runner.py:85} INFO - Job 313: Subtask greet
[2023-05-25T06:51:47.377+0000] {task_command.py:410} INFO - Running <TaskInstance: dag_with_taskflow_api_v02.greet scheduled__2022-02-03T00:00:00+00:00 [running]> on host 6bd07c7477d9
[2023-05-25T06:51:47.731+0000] {taskinstance.py:1547} INFO - Exporting env vars: AIRFLOW_CTX_DAG_OWNER='Sai' AIRFLOW_CTX_DAG_ID='dag_with_taskflow_api_v02' AIRFLOW_CTX_TASK_ID='greet' AIRFLOW_CTX_EXECUTION_DATE='2022-02-03T00:00:00+00:00' AIRFLOW_CTX_TRY_NUMBER='1' AIRFLOW_CTX_DAG_RUN_ID='scheduled__2022-02-03T00:00:00+00:00'
[2023-05-25T06:51:47.733+0000] {logging_mixin.py:149} INFO - Hello World! My name is Sai Tr and I am 19 years old!
[2023-05-25T06:51:47.733+0000] {python.py:183} INFO - Done. Returned value was: None
[2023-05-25T06:51:47.780+0000] {taskinstance.py:1350} INFO - Marking task as SUCCESS. dag_id=dag_with_taskflow_api_v02, task_id=greet, execution_date=20220203T000000, start_date=20230525T065147, end_date=20230525T065147
[2023-05-25T06:51:47.932+0000] {local_task_job_runner.py:225} INFO - Task exited with return code 0
[2023-05-25T06:51:48.016+0000] {taskinstance.py:2651} INFO - 0 downstream tasks scheduled from follow-on schedule check
[2023-05-25T10:22:35.270+0000] {taskinstance.py:1103} INFO - Dependencies all met for dep_context=non-requeueable deps ti=<TaskInstance: dag_with_taskflow_api_v02.greet scheduled__2022-02-03T00:00:00+00:00 [queued]>
[2023-05-25T10:22:35.454+0000] {taskinstance.py:1103} INFO - Dependencies all met for dep_context=requeueable deps ti=<TaskInstance: dag_with_taskflow_api_v02.greet scheduled__2022-02-03T00:00:00+00:00 [queued]>
[2023-05-25T10:22:35.456+0000] {taskinstance.py:1308} INFO - Starting attempt 1 of 6
[2023-05-25T10:22:36.218+0000] {taskinstance.py:1327} INFO - Executing <Task(_PythonDecoratedOperator): greet> on 2022-02-03 00:00:00+00:00
[2023-05-25T10:22:36.234+0000] {standard_task_runner.py:57} INFO - Started process 1973 to run task
[2023-05-25T10:22:36.250+0000] {standard_task_runner.py:84} INFO - Running: ['***', 'tasks', 'run', 'dag_with_taskflow_api_v02', 'greet', 'scheduled__2022-02-03T00:00:00+00:00', '--job-id', '310', '--raw', '--subdir', 'DAGS_FOLDER/first_dag.py', '--cfg-path', '/tmp/tmpig_kkwvz']
[2023-05-25T10:22:36.277+0000] {standard_task_runner.py:85} INFO - Job 310: Subtask greet
[2023-05-25T10:22:36.577+0000] {task_command.py:410} INFO - Running <TaskInstance: dag_with_taskflow_api_v02.greet scheduled__2022-02-03T00:00:00+00:00 [running]> on host b1ae37a9584e
[2023-05-25T10:22:37.383+0000] {taskinstance.py:1547} INFO - Exporting env vars: AIRFLOW_CTX_DAG_OWNER='Sai' AIRFLOW_CTX_DAG_ID='dag_with_taskflow_api_v02' AIRFLOW_CTX_TASK_ID='greet' AIRFLOW_CTX_EXECUTION_DATE='2022-02-03T00:00:00+00:00' AIRFLOW_CTX_TRY_NUMBER='1' AIRFLOW_CTX_DAG_RUN_ID='scheduled__2022-02-03T00:00:00+00:00'
[2023-05-25T10:22:37.384+0000] {logging_mixin.py:149} INFO - Hello World! My name is Sai Tr and I am 19 years old!
[2023-05-25T10:22:37.385+0000] {python.py:183} INFO - Done. Returned value was: None
[2023-05-25T10:22:37.439+0000] {taskinstance.py:1350} INFO - Marking task as SUCCESS. dag_id=dag_with_taskflow_api_v02, task_id=greet, execution_date=20220203T000000, start_date=20230525T102235, end_date=20230525T102237
[2023-05-25T10:22:37.542+0000] {local_task_job_runner.py:225} INFO - Task exited with return code 0
[2023-05-25T10:22:37.661+0000] {taskinstance.py:2651} INFO - 0 downstream tasks scheduled from follow-on schedule check
