[2023-05-24T15:28:40.600+0000] {taskinstance.py:1103} INFO - Dependencies all met for dep_context=non-requeueable deps ti=<TaskInstance: dag_with_taskflow_api_v02.get_age scheduled__2023-01-16T00:00:00+00:00 [queued]>
[2023-05-24T15:28:40.687+0000] {taskinstance.py:1103} INFO - Dependencies all met for dep_context=requeueable deps ti=<TaskInstance: dag_with_taskflow_api_v02.get_age scheduled__2023-01-16T00:00:00+00:00 [queued]>
[2023-05-24T15:28:40.694+0000] {taskinstance.py:1308} INFO - Starting attempt 1 of 6
[2023-05-24T15:28:40.843+0000] {taskinstance.py:1327} INFO - Executing <Task(_PythonDecoratedOperator): get_age> on 2023-01-16 00:00:00+00:00
[2023-05-24T15:28:40.868+0000] {standard_task_runner.py:57} INFO - Started process 3200 to run task
[2023-05-24T15:28:40.886+0000] {standard_task_runner.py:84} INFO - Running: ['***', 'tasks', 'run', 'dag_with_taskflow_api_v02', 'get_age', 'scheduled__2023-01-16T00:00:00+00:00', '--job-id', '1346', '--raw', '--subdir', 'DAGS_FOLDER/first_dag.py', '--cfg-path', '/tmp/tmptvlvs13u']
[2023-05-24T15:28:40.919+0000] {standard_task_runner.py:85} INFO - Job 1346: Subtask get_age
[2023-05-24T15:28:41.269+0000] {task_command.py:410} INFO - Running <TaskInstance: dag_with_taskflow_api_v02.get_age scheduled__2023-01-16T00:00:00+00:00 [running]> on host 942de29f183d
[2023-05-24T15:28:42.137+0000] {taskinstance.py:1547} INFO - Exporting env vars: AIRFLOW_CTX_DAG_OWNER='Sai' AIRFLOW_CTX_DAG_ID='dag_with_taskflow_api_v02' AIRFLOW_CTX_TASK_ID='get_age' AIRFLOW_CTX_EXECUTION_DATE='2023-01-16T00:00:00+00:00' AIRFLOW_CTX_TRY_NUMBER='1' AIRFLOW_CTX_DAG_RUN_ID='scheduled__2023-01-16T00:00:00+00:00'
[2023-05-24T15:28:42.138+0000] {python.py:183} INFO - Done. Returned value was: 19
[2023-05-24T15:28:42.363+0000] {taskinstance.py:1350} INFO - Marking task as SUCCESS. dag_id=dag_with_taskflow_api_v02, task_id=get_age, execution_date=20230116T000000, start_date=20230524T152840, end_date=20230524T152842
[2023-05-24T15:28:43.029+0000] {local_task_job_runner.py:225} INFO - Task exited with return code 0
[2023-05-24T15:28:43.190+0000] {taskinstance.py:2651} INFO - 1 downstream tasks scheduled from follow-on schedule check
[2023-05-25T07:01:12.640+0000] {taskinstance.py:1103} INFO - Dependencies all met for dep_context=non-requeueable deps ti=<TaskInstance: dag_with_taskflow_api_v02.get_age scheduled__2023-01-16T00:00:00+00:00 [queued]>
[2023-05-25T07:01:12.718+0000] {taskinstance.py:1103} INFO - Dependencies all met for dep_context=requeueable deps ti=<TaskInstance: dag_with_taskflow_api_v02.get_age scheduled__2023-01-16T00:00:00+00:00 [queued]>
[2023-05-25T07:01:12.719+0000] {taskinstance.py:1308} INFO - Starting attempt 1 of 6
[2023-05-25T07:01:13.010+0000] {taskinstance.py:1327} INFO - Executing <Task(_PythonDecoratedOperator): get_age> on 2023-01-16 00:00:00+00:00
[2023-05-25T07:01:13.045+0000] {standard_task_runner.py:57} INFO - Started process 4712 to run task
[2023-05-25T07:01:13.093+0000] {standard_task_runner.py:84} INFO - Running: ['***', 'tasks', 'run', 'dag_with_taskflow_api_v02', 'get_age', 'scheduled__2023-01-16T00:00:00+00:00', '--job-id', '1346', '--raw', '--subdir', 'DAGS_FOLDER/first_dag.py', '--cfg-path', '/tmp/tmpu8wzcr4v']
[2023-05-25T07:01:13.105+0000] {standard_task_runner.py:85} INFO - Job 1346: Subtask get_age
[2023-05-25T07:01:13.430+0000] {task_command.py:410} INFO - Running <TaskInstance: dag_with_taskflow_api_v02.get_age scheduled__2023-01-16T00:00:00+00:00 [running]> on host 6bd07c7477d9
[2023-05-25T07:01:14.186+0000] {taskinstance.py:1547} INFO - Exporting env vars: AIRFLOW_CTX_DAG_OWNER='Sai' AIRFLOW_CTX_DAG_ID='dag_with_taskflow_api_v02' AIRFLOW_CTX_TASK_ID='get_age' AIRFLOW_CTX_EXECUTION_DATE='2023-01-16T00:00:00+00:00' AIRFLOW_CTX_TRY_NUMBER='1' AIRFLOW_CTX_DAG_RUN_ID='scheduled__2023-01-16T00:00:00+00:00'
[2023-05-25T07:01:14.188+0000] {python.py:183} INFO - Done. Returned value was: 19
[2023-05-25T07:01:14.379+0000] {taskinstance.py:1350} INFO - Marking task as SUCCESS. dag_id=dag_with_taskflow_api_v02, task_id=get_age, execution_date=20230116T000000, start_date=20230525T070112, end_date=20230525T070114
[2023-05-25T07:01:14.652+0000] {local_task_job_runner.py:225} INFO - Task exited with return code 0
[2023-05-25T07:01:14.865+0000] {taskinstance.py:2651} INFO - 1 downstream tasks scheduled from follow-on schedule check
[2023-05-25T10:35:18.612+0000] {taskinstance.py:1103} INFO - Dependencies all met for dep_context=non-requeueable deps ti=<TaskInstance: dag_with_taskflow_api_v02.get_age scheduled__2023-01-16T00:00:00+00:00 [queued]>
[2023-05-25T10:35:18.803+0000] {taskinstance.py:1103} INFO - Dependencies all met for dep_context=requeueable deps ti=<TaskInstance: dag_with_taskflow_api_v02.get_age scheduled__2023-01-16T00:00:00+00:00 [queued]>
[2023-05-25T10:35:18.804+0000] {taskinstance.py:1308} INFO - Starting attempt 1 of 6
[2023-05-25T10:35:19.466+0000] {taskinstance.py:1327} INFO - Executing <Task(_PythonDecoratedOperator): get_age> on 2023-01-16 00:00:00+00:00
[2023-05-25T10:35:19.489+0000] {standard_task_runner.py:57} INFO - Started process 4347 to run task
[2023-05-25T10:35:19.516+0000] {standard_task_runner.py:84} INFO - Running: ['***', 'tasks', 'run', 'dag_with_taskflow_api_v02', 'get_age', 'scheduled__2023-01-16T00:00:00+00:00', '--job-id', '1354', '--raw', '--subdir', 'DAGS_FOLDER/first_dag.py', '--cfg-path', '/tmp/tmphpyhas3r']
[2023-05-25T10:35:19.539+0000] {standard_task_runner.py:85} INFO - Job 1354: Subtask get_age
[2023-05-25T10:35:19.850+0000] {task_command.py:410} INFO - Running <TaskInstance: dag_with_taskflow_api_v02.get_age scheduled__2023-01-16T00:00:00+00:00 [running]> on host b1ae37a9584e
[2023-05-25T10:35:20.475+0000] {taskinstance.py:1547} INFO - Exporting env vars: AIRFLOW_CTX_DAG_OWNER='Sai' AIRFLOW_CTX_DAG_ID='dag_with_taskflow_api_v02' AIRFLOW_CTX_TASK_ID='get_age' AIRFLOW_CTX_EXECUTION_DATE='2023-01-16T00:00:00+00:00' AIRFLOW_CTX_TRY_NUMBER='1' AIRFLOW_CTX_DAG_RUN_ID='scheduled__2023-01-16T00:00:00+00:00'
[2023-05-25T10:35:20.476+0000] {python.py:183} INFO - Done. Returned value was: 19
[2023-05-25T10:35:20.582+0000] {taskinstance.py:1350} INFO - Marking task as SUCCESS. dag_id=dag_with_taskflow_api_v02, task_id=get_age, execution_date=20230116T000000, start_date=20230525T103518, end_date=20230525T103520
[2023-05-25T10:35:20.754+0000] {local_task_job_runner.py:225} INFO - Task exited with return code 0
[2023-05-25T10:35:20.907+0000] {taskinstance.py:2651} INFO - 0 downstream tasks scheduled from follow-on schedule check
