[2023-05-24T15:29:42.867+0000] {taskinstance.py:1103} INFO - Dependencies all met for dep_context=non-requeueable deps ti=<TaskInstance: dag_with_taskflow_api_v02.greet scheduled__2023-02-23T00:00:00+00:00 [queued]>
[2023-05-24T15:29:42.890+0000] {taskinstance.py:1103} INFO - Dependencies all met for dep_context=requeueable deps ti=<TaskInstance: dag_with_taskflow_api_v02.greet scheduled__2023-02-23T00:00:00+00:00 [queued]>
[2023-05-24T15:29:42.890+0000] {taskinstance.py:1308} INFO - Starting attempt 1 of 6
[2023-05-24T15:29:42.949+0000] {taskinstance.py:1327} INFO - Executing <Task(_PythonDecoratedOperator): greet> on 2023-02-23 00:00:00+00:00
[2023-05-24T15:29:42.957+0000] {standard_task_runner.py:57} INFO - Started process 3459 to run task
[2023-05-24T15:29:42.973+0000] {standard_task_runner.py:84} INFO - Running: ['***', 'tasks', 'run', 'dag_with_taskflow_api_v02', 'greet', 'scheduled__2023-02-23T00:00:00+00:00', '--job-id', '1467', '--raw', '--subdir', 'DAGS_FOLDER/first_dag.py', '--cfg-path', '/tmp/tmpgqvau0qc']
[2023-05-24T15:29:42.990+0000] {standard_task_runner.py:85} INFO - Job 1467: Subtask greet
[2023-05-24T15:29:43.111+0000] {task_command.py:410} INFO - Running <TaskInstance: dag_with_taskflow_api_v02.greet scheduled__2023-02-23T00:00:00+00:00 [running]> on host 942de29f183d
[2023-05-24T15:29:43.413+0000] {taskinstance.py:1547} INFO - Exporting env vars: AIRFLOW_CTX_DAG_OWNER='Sai' AIRFLOW_CTX_DAG_ID='dag_with_taskflow_api_v02' AIRFLOW_CTX_TASK_ID='greet' AIRFLOW_CTX_EXECUTION_DATE='2023-02-23T00:00:00+00:00' AIRFLOW_CTX_TRY_NUMBER='1' AIRFLOW_CTX_DAG_RUN_ID='scheduled__2023-02-23T00:00:00+00:00'
[2023-05-24T15:29:43.416+0000] {logging_mixin.py:149} INFO - Hello World! My name is Sai Tr and I am 19 years old!
[2023-05-24T15:29:43.416+0000] {python.py:183} INFO - Done. Returned value was: None
[2023-05-24T15:29:43.436+0000] {taskinstance.py:1350} INFO - Marking task as SUCCESS. dag_id=dag_with_taskflow_api_v02, task_id=greet, execution_date=20230223T000000, start_date=20230524T152942, end_date=20230524T152943
[2023-05-24T15:29:43.502+0000] {local_task_job_runner.py:225} INFO - Task exited with return code 0
[2023-05-24T15:29:43.539+0000] {taskinstance.py:2651} INFO - 0 downstream tasks scheduled from follow-on schedule check
[2023-05-25T07:02:13.610+0000] {taskinstance.py:1103} INFO - Dependencies all met for dep_context=non-requeueable deps ti=<TaskInstance: dag_with_taskflow_api_v02.greet scheduled__2023-02-23T00:00:00+00:00 [queued]>
[2023-05-25T07:02:13.629+0000] {taskinstance.py:1103} INFO - Dependencies all met for dep_context=requeueable deps ti=<TaskInstance: dag_with_taskflow_api_v02.greet scheduled__2023-02-23T00:00:00+00:00 [queued]>
[2023-05-25T07:02:13.629+0000] {taskinstance.py:1308} INFO - Starting attempt 1 of 6
[2023-05-25T07:02:13.654+0000] {taskinstance.py:1327} INFO - Executing <Task(_PythonDecoratedOperator): greet> on 2023-02-23 00:00:00+00:00
[2023-05-25T07:02:13.660+0000] {standard_task_runner.py:57} INFO - Started process 4962 to run task
[2023-05-25T07:02:13.667+0000] {standard_task_runner.py:84} INFO - Running: ['***', 'tasks', 'run', 'dag_with_taskflow_api_v02', 'greet', 'scheduled__2023-02-23T00:00:00+00:00', '--job-id', '1463', '--raw', '--subdir', 'DAGS_FOLDER/first_dag.py', '--cfg-path', '/tmp/tmpe058z0mh']
[2023-05-25T07:02:13.679+0000] {standard_task_runner.py:85} INFO - Job 1463: Subtask greet
[2023-05-25T07:02:13.798+0000] {task_command.py:410} INFO - Running <TaskInstance: dag_with_taskflow_api_v02.greet scheduled__2023-02-23T00:00:00+00:00 [running]> on host 6bd07c7477d9
[2023-05-25T07:02:13.976+0000] {taskinstance.py:1547} INFO - Exporting env vars: AIRFLOW_CTX_DAG_OWNER='Sai' AIRFLOW_CTX_DAG_ID='dag_with_taskflow_api_v02' AIRFLOW_CTX_TASK_ID='greet' AIRFLOW_CTX_EXECUTION_DATE='2023-02-23T00:00:00+00:00' AIRFLOW_CTX_TRY_NUMBER='1' AIRFLOW_CTX_DAG_RUN_ID='scheduled__2023-02-23T00:00:00+00:00'
[2023-05-25T07:02:13.978+0000] {logging_mixin.py:149} INFO - Hello World! My name is Sai Tr and I am 19 years old!
[2023-05-25T07:02:13.978+0000] {python.py:183} INFO - Done. Returned value was: None
[2023-05-25T07:02:13.990+0000] {taskinstance.py:1350} INFO - Marking task as SUCCESS. dag_id=dag_with_taskflow_api_v02, task_id=greet, execution_date=20230223T000000, start_date=20230525T070213, end_date=20230525T070213
[2023-05-25T07:02:14.012+0000] {local_task_job_runner.py:225} INFO - Task exited with return code 0
[2023-05-25T07:02:14.040+0000] {taskinstance.py:2651} INFO - 0 downstream tasks scheduled from follow-on schedule check
[2023-05-25T10:36:45.229+0000] {taskinstance.py:1103} INFO - Dependencies all met for dep_context=non-requeueable deps ti=<TaskInstance: dag_with_taskflow_api_v02.greet scheduled__2023-02-23T00:00:00+00:00 [queued]>
[2023-05-25T10:36:45.284+0000] {taskinstance.py:1103} INFO - Dependencies all met for dep_context=requeueable deps ti=<TaskInstance: dag_with_taskflow_api_v02.greet scheduled__2023-02-23T00:00:00+00:00 [queued]>
[2023-05-25T10:36:45.285+0000] {taskinstance.py:1308} INFO - Starting attempt 1 of 6
[2023-05-25T10:36:45.487+0000] {taskinstance.py:1327} INFO - Executing <Task(_PythonDecoratedOperator): greet> on 2023-02-23 00:00:00+00:00
[2023-05-25T10:36:45.516+0000] {standard_task_runner.py:57} INFO - Started process 4644 to run task
[2023-05-25T10:36:45.620+0000] {standard_task_runner.py:84} INFO - Running: ['***', 'tasks', 'run', 'dag_with_taskflow_api_v02', 'greet', 'scheduled__2023-02-23T00:00:00+00:00', '--job-id', '1486', '--raw', '--subdir', 'DAGS_FOLDER/first_dag.py', '--cfg-path', '/tmp/tmpnvhys0vy']
[2023-05-25T10:36:45.624+0000] {standard_task_runner.py:85} INFO - Job 1486: Subtask greet
[2023-05-25T10:36:46.021+0000] {task_command.py:410} INFO - Running <TaskInstance: dag_with_taskflow_api_v02.greet scheduled__2023-02-23T00:00:00+00:00 [running]> on host b1ae37a9584e
[2023-05-25T10:36:47.707+0000] {taskinstance.py:1547} INFO - Exporting env vars: AIRFLOW_CTX_DAG_OWNER='Sai' AIRFLOW_CTX_DAG_ID='dag_with_taskflow_api_v02' AIRFLOW_CTX_TASK_ID='greet' AIRFLOW_CTX_EXECUTION_DATE='2023-02-23T00:00:00+00:00' AIRFLOW_CTX_TRY_NUMBER='1' AIRFLOW_CTX_DAG_RUN_ID='scheduled__2023-02-23T00:00:00+00:00'
[2023-05-25T10:36:47.709+0000] {logging_mixin.py:149} INFO - Hello World! My name is Sai Tr and I am 19 years old!
[2023-05-25T10:36:47.709+0000] {python.py:183} INFO - Done. Returned value was: None
[2023-05-25T10:36:47.804+0000] {taskinstance.py:1350} INFO - Marking task as SUCCESS. dag_id=dag_with_taskflow_api_v02, task_id=greet, execution_date=20230223T000000, start_date=20230525T103645, end_date=20230525T103647
[2023-05-25T10:36:47.950+0000] {local_task_job_runner.py:225} INFO - Task exited with return code 0
[2023-05-25T10:36:48.183+0000] {taskinstance.py:2651} INFO - 0 downstream tasks scheduled from follow-on schedule check
