[2023-05-24T15:18:37.576+0000] {taskinstance.py:1103} INFO - Dependencies all met for dep_context=non-requeueable deps ti=<TaskInstance: dag_with_taskflow_api_v02.get_age scheduled__2022-02-12T00:00:00+00:00 [queued]>
[2023-05-24T15:18:37.600+0000] {taskinstance.py:1103} INFO - Dependencies all met for dep_context=requeueable deps ti=<TaskInstance: dag_with_taskflow_api_v02.get_age scheduled__2022-02-12T00:00:00+00:00 [queued]>
[2023-05-24T15:18:37.600+0000] {taskinstance.py:1308} INFO - Starting attempt 1 of 6
[2023-05-24T15:18:37.648+0000] {taskinstance.py:1327} INFO - Executing <Task(_PythonDecoratedOperator): get_age> on 2022-02-12 00:00:00+00:00
[2023-05-24T15:18:37.689+0000] {standard_task_runner.py:57} INFO - Started process 922 to run task
[2023-05-24T15:18:37.778+0000] {standard_task_runner.py:84} INFO - Running: ['***', 'tasks', 'run', 'dag_with_taskflow_api_v02', 'get_age', 'scheduled__2022-02-12T00:00:00+00:00', '--job-id', '325', '--raw', '--subdir', 'DAGS_FOLDER/first_dag.py', '--cfg-path', '/tmp/tmp3h3mwqw6']
[2023-05-24T15:18:37.781+0000] {standard_task_runner.py:85} INFO - Job 325: Subtask get_age
[2023-05-24T15:18:38.138+0000] {task_command.py:410} INFO - Running <TaskInstance: dag_with_taskflow_api_v02.get_age scheduled__2022-02-12T00:00:00+00:00 [running]> on host 942de29f183d
[2023-05-24T15:18:39.282+0000] {taskinstance.py:1547} INFO - Exporting env vars: AIRFLOW_CTX_DAG_OWNER='Sai' AIRFLOW_CTX_DAG_ID='dag_with_taskflow_api_v02' AIRFLOW_CTX_TASK_ID='get_age' AIRFLOW_CTX_EXECUTION_DATE='2022-02-12T00:00:00+00:00' AIRFLOW_CTX_TRY_NUMBER='1' AIRFLOW_CTX_DAG_RUN_ID='scheduled__2022-02-12T00:00:00+00:00'
[2023-05-24T15:18:39.288+0000] {python.py:183} INFO - Done. Returned value was: 19
[2023-05-24T15:18:39.398+0000] {taskinstance.py:1350} INFO - Marking task as SUCCESS. dag_id=dag_with_taskflow_api_v02, task_id=get_age, execution_date=20220212T000000, start_date=20230524T151837, end_date=20230524T151839
[2023-05-24T15:18:39.571+0000] {local_task_job_runner.py:225} INFO - Task exited with return code 0
[2023-05-24T15:18:39.772+0000] {taskinstance.py:2651} INFO - 0 downstream tasks scheduled from follow-on schedule check
[2023-05-25T06:51:58.131+0000] {taskinstance.py:1103} INFO - Dependencies all met for dep_context=non-requeueable deps ti=<TaskInstance: dag_with_taskflow_api_v02.get_age scheduled__2022-02-12T00:00:00+00:00 [queued]>
[2023-05-25T06:51:58.206+0000] {taskinstance.py:1103} INFO - Dependencies all met for dep_context=requeueable deps ti=<TaskInstance: dag_with_taskflow_api_v02.get_age scheduled__2022-02-12T00:00:00+00:00 [queued]>
[2023-05-25T06:51:58.206+0000] {taskinstance.py:1308} INFO - Starting attempt 1 of 6
[2023-05-25T06:51:58.333+0000] {taskinstance.py:1327} INFO - Executing <Task(_PythonDecoratedOperator): get_age> on 2022-02-12 00:00:00+00:00
[2023-05-25T06:51:58.367+0000] {standard_task_runner.py:57} INFO - Started process 2463 to run task
[2023-05-25T06:51:58.422+0000] {standard_task_runner.py:84} INFO - Running: ['***', 'tasks', 'run', 'dag_with_taskflow_api_v02', 'get_age', 'scheduled__2022-02-12T00:00:00+00:00', '--job-id', '328', '--raw', '--subdir', 'DAGS_FOLDER/first_dag.py', '--cfg-path', '/tmp/tmpnk26y4yx']
[2023-05-25T06:51:58.442+0000] {standard_task_runner.py:85} INFO - Job 328: Subtask get_age
[2023-05-25T06:51:58.726+0000] {task_command.py:410} INFO - Running <TaskInstance: dag_with_taskflow_api_v02.get_age scheduled__2022-02-12T00:00:00+00:00 [running]> on host 6bd07c7477d9
[2023-05-25T06:51:59.756+0000] {taskinstance.py:1547} INFO - Exporting env vars: AIRFLOW_CTX_DAG_OWNER='Sai' AIRFLOW_CTX_DAG_ID='dag_with_taskflow_api_v02' AIRFLOW_CTX_TASK_ID='get_age' AIRFLOW_CTX_EXECUTION_DATE='2022-02-12T00:00:00+00:00' AIRFLOW_CTX_TRY_NUMBER='1' AIRFLOW_CTX_DAG_RUN_ID='scheduled__2022-02-12T00:00:00+00:00'
[2023-05-25T06:51:59.757+0000] {python.py:183} INFO - Done. Returned value was: 19
[2023-05-25T06:51:59.935+0000] {taskinstance.py:1350} INFO - Marking task as SUCCESS. dag_id=dag_with_taskflow_api_v02, task_id=get_age, execution_date=20220212T000000, start_date=20230525T065158, end_date=20230525T065159
[2023-05-25T06:52:00.197+0000] {local_task_job_runner.py:225} INFO - Task exited with return code 0
[2023-05-25T06:52:00.447+0000] {taskinstance.py:2651} INFO - 0 downstream tasks scheduled from follow-on schedule check
[2023-05-25T10:22:46.694+0000] {taskinstance.py:1103} INFO - Dependencies all met for dep_context=non-requeueable deps ti=<TaskInstance: dag_with_taskflow_api_v02.get_age scheduled__2022-02-12T00:00:00+00:00 [queued]>
[2023-05-25T10:22:46.799+0000] {taskinstance.py:1103} INFO - Dependencies all met for dep_context=requeueable deps ti=<TaskInstance: dag_with_taskflow_api_v02.get_age scheduled__2022-02-12T00:00:00+00:00 [queued]>
[2023-05-25T10:22:46.800+0000] {taskinstance.py:1308} INFO - Starting attempt 1 of 6
[2023-05-25T10:22:46.963+0000] {taskinstance.py:1327} INFO - Executing <Task(_PythonDecoratedOperator): get_age> on 2022-02-12 00:00:00+00:00
[2023-05-25T10:22:46.992+0000] {standard_task_runner.py:57} INFO - Started process 1998 to run task
[2023-05-25T10:22:47.036+0000] {standard_task_runner.py:84} INFO - Running: ['***', 'tasks', 'run', 'dag_with_taskflow_api_v02', 'get_age', 'scheduled__2022-02-12T00:00:00+00:00', '--job-id', '323', '--raw', '--subdir', 'DAGS_FOLDER/first_dag.py', '--cfg-path', '/tmp/tmpf8uncx8o']
[2023-05-25T10:22:47.049+0000] {standard_task_runner.py:85} INFO - Job 323: Subtask get_age
[2023-05-25T10:22:47.694+0000] {task_command.py:410} INFO - Running <TaskInstance: dag_with_taskflow_api_v02.get_age scheduled__2022-02-12T00:00:00+00:00 [running]> on host b1ae37a9584e
[2023-05-25T10:22:48.370+0000] {taskinstance.py:1547} INFO - Exporting env vars: AIRFLOW_CTX_DAG_OWNER='Sai' AIRFLOW_CTX_DAG_ID='dag_with_taskflow_api_v02' AIRFLOW_CTX_TASK_ID='get_age' AIRFLOW_CTX_EXECUTION_DATE='2022-02-12T00:00:00+00:00' AIRFLOW_CTX_TRY_NUMBER='1' AIRFLOW_CTX_DAG_RUN_ID='scheduled__2022-02-12T00:00:00+00:00'
[2023-05-25T10:22:48.372+0000] {python.py:183} INFO - Done. Returned value was: 19
[2023-05-25T10:22:48.512+0000] {taskinstance.py:1350} INFO - Marking task as SUCCESS. dag_id=dag_with_taskflow_api_v02, task_id=get_age, execution_date=20220212T000000, start_date=20230525T102246, end_date=20230525T102248
[2023-05-25T10:22:48.653+0000] {local_task_job_runner.py:225} INFO - Task exited with return code 0
[2023-05-25T10:22:49.058+0000] {taskinstance.py:2651} INFO - 0 downstream tasks scheduled from follow-on schedule check
