[2023-05-24T15:28:50.759+0000] {taskinstance.py:1103} INFO - Dependencies all met for dep_context=non-requeueable deps ti=<TaskInstance: dag_with_taskflow_api_v02.get_age scheduled__2023-01-25T00:00:00+00:00 [queued]>
[2023-05-24T15:28:50.792+0000] {taskinstance.py:1103} INFO - Dependencies all met for dep_context=requeueable deps ti=<TaskInstance: dag_with_taskflow_api_v02.get_age scheduled__2023-01-25T00:00:00+00:00 [queued]>
[2023-05-24T15:28:50.797+0000] {taskinstance.py:1308} INFO - Starting attempt 1 of 6
[2023-05-24T15:28:50.867+0000] {taskinstance.py:1327} INFO - Executing <Task(_PythonDecoratedOperator): get_age> on 2023-01-25 00:00:00+00:00
[2023-05-24T15:28:50.876+0000] {standard_task_runner.py:57} INFO - Started process 3244 to run task
[2023-05-24T15:28:50.903+0000] {standard_task_runner.py:84} INFO - Running: ['***', 'tasks', 'run', 'dag_with_taskflow_api_v02', 'get_age', 'scheduled__2023-01-25T00:00:00+00:00', '--job-id', '1369', '--raw', '--subdir', 'DAGS_FOLDER/first_dag.py', '--cfg-path', '/tmp/tmp2aveppj_']
[2023-05-24T15:28:50.906+0000] {standard_task_runner.py:85} INFO - Job 1369: Subtask get_age
[2023-05-24T15:28:51.147+0000] {task_command.py:410} INFO - Running <TaskInstance: dag_with_taskflow_api_v02.get_age scheduled__2023-01-25T00:00:00+00:00 [running]> on host 942de29f183d
[2023-05-24T15:28:51.743+0000] {taskinstance.py:1547} INFO - Exporting env vars: AIRFLOW_CTX_DAG_OWNER='Sai' AIRFLOW_CTX_DAG_ID='dag_with_taskflow_api_v02' AIRFLOW_CTX_TASK_ID='get_age' AIRFLOW_CTX_EXECUTION_DATE='2023-01-25T00:00:00+00:00' AIRFLOW_CTX_TRY_NUMBER='1' AIRFLOW_CTX_DAG_RUN_ID='scheduled__2023-01-25T00:00:00+00:00'
[2023-05-24T15:28:51.745+0000] {python.py:183} INFO - Done. Returned value was: 19
[2023-05-24T15:28:51.838+0000] {taskinstance.py:1350} INFO - Marking task as SUCCESS. dag_id=dag_with_taskflow_api_v02, task_id=get_age, execution_date=20230125T000000, start_date=20230524T152850, end_date=20230524T152851
[2023-05-24T15:28:51.980+0000] {local_task_job_runner.py:225} INFO - Task exited with return code 0
[2023-05-24T15:28:52.121+0000] {taskinstance.py:2651} INFO - 0 downstream tasks scheduled from follow-on schedule check
[2023-05-25T07:01:23.305+0000] {taskinstance.py:1103} INFO - Dependencies all met for dep_context=non-requeueable deps ti=<TaskInstance: dag_with_taskflow_api_v02.get_age scheduled__2023-01-25T00:00:00+00:00 [queued]>
[2023-05-25T07:01:23.471+0000] {taskinstance.py:1103} INFO - Dependencies all met for dep_context=requeueable deps ti=<TaskInstance: dag_with_taskflow_api_v02.get_age scheduled__2023-01-25T00:00:00+00:00 [queued]>
[2023-05-25T07:01:23.471+0000] {taskinstance.py:1308} INFO - Starting attempt 1 of 6
[2023-05-25T07:01:23.679+0000] {taskinstance.py:1327} INFO - Executing <Task(_PythonDecoratedOperator): get_age> on 2023-01-25 00:00:00+00:00
[2023-05-25T07:01:23.704+0000] {standard_task_runner.py:57} INFO - Started process 4767 to run task
[2023-05-25T07:01:23.723+0000] {standard_task_runner.py:84} INFO - Running: ['***', 'tasks', 'run', 'dag_with_taskflow_api_v02', 'get_age', 'scheduled__2023-01-25T00:00:00+00:00', '--job-id', '1368', '--raw', '--subdir', 'DAGS_FOLDER/first_dag.py', '--cfg-path', '/tmp/tmpk_k9qexv']
[2023-05-25T07:01:23.756+0000] {standard_task_runner.py:85} INFO - Job 1368: Subtask get_age
[2023-05-25T07:01:23.927+0000] {task_command.py:410} INFO - Running <TaskInstance: dag_with_taskflow_api_v02.get_age scheduled__2023-01-25T00:00:00+00:00 [running]> on host 6bd07c7477d9
[2023-05-25T07:01:24.654+0000] {taskinstance.py:1547} INFO - Exporting env vars: AIRFLOW_CTX_DAG_OWNER='Sai' AIRFLOW_CTX_DAG_ID='dag_with_taskflow_api_v02' AIRFLOW_CTX_TASK_ID='get_age' AIRFLOW_CTX_EXECUTION_DATE='2023-01-25T00:00:00+00:00' AIRFLOW_CTX_TRY_NUMBER='1' AIRFLOW_CTX_DAG_RUN_ID='scheduled__2023-01-25T00:00:00+00:00'
[2023-05-25T07:01:24.656+0000] {python.py:183} INFO - Done. Returned value was: 19
[2023-05-25T07:01:24.880+0000] {taskinstance.py:1350} INFO - Marking task as SUCCESS. dag_id=dag_with_taskflow_api_v02, task_id=get_age, execution_date=20230125T000000, start_date=20230525T070123, end_date=20230525T070124
[2023-05-25T07:01:25.050+0000] {local_task_job_runner.py:225} INFO - Task exited with return code 0
[2023-05-25T07:01:25.540+0000] {taskinstance.py:2651} INFO - 0 downstream tasks scheduled from follow-on schedule check
[2023-05-25T10:35:39.483+0000] {taskinstance.py:1103} INFO - Dependencies all met for dep_context=non-requeueable deps ti=<TaskInstance: dag_with_taskflow_api_v02.get_age scheduled__2023-01-25T00:00:00+00:00 [queued]>
[2023-05-25T10:35:39.738+0000] {taskinstance.py:1103} INFO - Dependencies all met for dep_context=requeueable deps ti=<TaskInstance: dag_with_taskflow_api_v02.get_age scheduled__2023-01-25T00:00:00+00:00 [queued]>
[2023-05-25T10:35:39.738+0000] {taskinstance.py:1308} INFO - Starting attempt 1 of 6
[2023-05-25T10:35:40.089+0000] {taskinstance.py:1327} INFO - Executing <Task(_PythonDecoratedOperator): get_age> on 2023-01-25 00:00:00+00:00
[2023-05-25T10:35:40.149+0000] {standard_task_runner.py:57} INFO - Started process 4413 to run task
[2023-05-25T10:35:40.183+0000] {standard_task_runner.py:84} INFO - Running: ['***', 'tasks', 'run', 'dag_with_taskflow_api_v02', 'get_age', 'scheduled__2023-01-25T00:00:00+00:00', '--job-id', '1382', '--raw', '--subdir', 'DAGS_FOLDER/first_dag.py', '--cfg-path', '/tmp/tmptftmm6s8']
[2023-05-25T10:35:40.242+0000] {standard_task_runner.py:85} INFO - Job 1382: Subtask get_age
[2023-05-25T10:35:40.581+0000] {task_command.py:410} INFO - Running <TaskInstance: dag_with_taskflow_api_v02.get_age scheduled__2023-01-25T00:00:00+00:00 [running]> on host b1ae37a9584e
[2023-05-25T10:35:41.607+0000] {taskinstance.py:1547} INFO - Exporting env vars: AIRFLOW_CTX_DAG_OWNER='Sai' AIRFLOW_CTX_DAG_ID='dag_with_taskflow_api_v02' AIRFLOW_CTX_TASK_ID='get_age' AIRFLOW_CTX_EXECUTION_DATE='2023-01-25T00:00:00+00:00' AIRFLOW_CTX_TRY_NUMBER='1' AIRFLOW_CTX_DAG_RUN_ID='scheduled__2023-01-25T00:00:00+00:00'
[2023-05-25T10:35:41.608+0000] {python.py:183} INFO - Done. Returned value was: 19
[2023-05-25T10:35:41.691+0000] {taskinstance.py:1350} INFO - Marking task as SUCCESS. dag_id=dag_with_taskflow_api_v02, task_id=get_age, execution_date=20230125T000000, start_date=20230525T103539, end_date=20230525T103541
[2023-05-25T10:35:41.772+0000] {local_task_job_runner.py:225} INFO - Task exited with return code 0
[2023-05-25T10:35:42.908+0000] {taskinstance.py:2651} INFO - 0 downstream tasks scheduled from follow-on schedule check
