[2023-05-24T15:29:33.558+0000] {taskinstance.py:1103} INFO - Dependencies all met for dep_context=non-requeueable deps ti=<TaskInstance: dag_with_taskflow_api_v02.get_name scheduled__2023-02-20T00:00:00+00:00 [queued]>
[2023-05-24T15:29:33.651+0000] {taskinstance.py:1103} INFO - Dependencies all met for dep_context=requeueable deps ti=<TaskInstance: dag_with_taskflow_api_v02.get_name scheduled__2023-02-20T00:00:00+00:00 [queued]>
[2023-05-24T15:29:33.652+0000] {taskinstance.py:1308} INFO - Starting attempt 1 of 6
[2023-05-24T15:29:33.874+0000] {taskinstance.py:1327} INFO - Executing <Task(_PythonDecoratedOperator): get_name> on 2023-02-20 00:00:00+00:00
[2023-05-24T15:29:33.904+0000] {standard_task_runner.py:57} INFO - Started process 3419 to run task
[2023-05-24T15:29:33.951+0000] {standard_task_runner.py:84} INFO - Running: ['***', 'tasks', 'run', 'dag_with_taskflow_api_v02', 'get_name', 'scheduled__2023-02-20T00:00:00+00:00', '--job-id', '1445', '--raw', '--subdir', 'DAGS_FOLDER/first_dag.py', '--cfg-path', '/tmp/tmpvcplr7o5']
[2023-05-24T15:29:33.985+0000] {standard_task_runner.py:85} INFO - Job 1445: Subtask get_name
[2023-05-24T15:29:34.377+0000] {task_command.py:410} INFO - Running <TaskInstance: dag_with_taskflow_api_v02.get_name scheduled__2023-02-20T00:00:00+00:00 [running]> on host 942de29f183d
[2023-05-24T15:29:35.021+0000] {taskinstance.py:1547} INFO - Exporting env vars: AIRFLOW_CTX_DAG_OWNER='Sai' AIRFLOW_CTX_DAG_ID='dag_with_taskflow_api_v02' AIRFLOW_CTX_TASK_ID='get_name' AIRFLOW_CTX_EXECUTION_DATE='2023-02-20T00:00:00+00:00' AIRFLOW_CTX_TRY_NUMBER='1' AIRFLOW_CTX_DAG_RUN_ID='scheduled__2023-02-20T00:00:00+00:00'
[2023-05-24T15:29:35.028+0000] {python.py:183} INFO - Done. Returned value was: {'first_name': 'Sai', 'last_name': 'Tr'}
[2023-05-24T15:29:35.278+0000] {taskinstance.py:1350} INFO - Marking task as SUCCESS. dag_id=dag_with_taskflow_api_v02, task_id=get_name, execution_date=20230220T000000, start_date=20230524T152933, end_date=20230524T152935
[2023-05-24T15:29:35.452+0000] {local_task_job_runner.py:225} INFO - Task exited with return code 0
[2023-05-24T15:29:35.689+0000] {taskinstance.py:2651} INFO - 0 downstream tasks scheduled from follow-on schedule check
[2023-05-25T07:02:08.075+0000] {taskinstance.py:1103} INFO - Dependencies all met for dep_context=non-requeueable deps ti=<TaskInstance: dag_with_taskflow_api_v02.get_name scheduled__2023-02-20T00:00:00+00:00 [queued]>
[2023-05-25T07:02:08.156+0000] {taskinstance.py:1103} INFO - Dependencies all met for dep_context=requeueable deps ti=<TaskInstance: dag_with_taskflow_api_v02.get_name scheduled__2023-02-20T00:00:00+00:00 [queued]>
[2023-05-25T07:02:08.156+0000] {taskinstance.py:1308} INFO - Starting attempt 1 of 6
[2023-05-25T07:02:08.236+0000] {taskinstance.py:1327} INFO - Executing <Task(_PythonDecoratedOperator): get_name> on 2023-02-20 00:00:00+00:00
[2023-05-25T07:02:08.257+0000] {standard_task_runner.py:57} INFO - Started process 4941 to run task
[2023-05-25T07:02:08.272+0000] {standard_task_runner.py:84} INFO - Running: ['***', 'tasks', 'run', 'dag_with_taskflow_api_v02', 'get_name', 'scheduled__2023-02-20T00:00:00+00:00', '--job-id', '1450', '--raw', '--subdir', 'DAGS_FOLDER/first_dag.py', '--cfg-path', '/tmp/tmp2gshh4q9']
[2023-05-25T07:02:08.276+0000] {standard_task_runner.py:85} INFO - Job 1450: Subtask get_name
[2023-05-25T07:02:08.499+0000] {task_command.py:410} INFO - Running <TaskInstance: dag_with_taskflow_api_v02.get_name scheduled__2023-02-20T00:00:00+00:00 [running]> on host 6bd07c7477d9
[2023-05-25T07:02:09.172+0000] {taskinstance.py:1547} INFO - Exporting env vars: AIRFLOW_CTX_DAG_OWNER='Sai' AIRFLOW_CTX_DAG_ID='dag_with_taskflow_api_v02' AIRFLOW_CTX_TASK_ID='get_name' AIRFLOW_CTX_EXECUTION_DATE='2023-02-20T00:00:00+00:00' AIRFLOW_CTX_TRY_NUMBER='1' AIRFLOW_CTX_DAG_RUN_ID='scheduled__2023-02-20T00:00:00+00:00'
[2023-05-25T07:02:09.175+0000] {python.py:183} INFO - Done. Returned value was: {'first_name': 'Sai', 'last_name': 'Tr'}
[2023-05-25T07:02:09.414+0000] {taskinstance.py:1350} INFO - Marking task as SUCCESS. dag_id=dag_with_taskflow_api_v02, task_id=get_name, execution_date=20230220T000000, start_date=20230525T070208, end_date=20230525T070209
[2023-05-25T07:02:09.522+0000] {local_task_job_runner.py:225} INFO - Task exited with return code 0
[2023-05-25T07:02:09.660+0000] {taskinstance.py:2651} INFO - 1 downstream tasks scheduled from follow-on schedule check
[2023-05-25T10:36:31.636+0000] {taskinstance.py:1103} INFO - Dependencies all met for dep_context=non-requeueable deps ti=<TaskInstance: dag_with_taskflow_api_v02.get_name scheduled__2023-02-20T00:00:00+00:00 [queued]>
[2023-05-25T10:36:31.731+0000] {taskinstance.py:1103} INFO - Dependencies all met for dep_context=requeueable deps ti=<TaskInstance: dag_with_taskflow_api_v02.get_name scheduled__2023-02-20T00:00:00+00:00 [queued]>
[2023-05-25T10:36:31.731+0000] {taskinstance.py:1308} INFO - Starting attempt 1 of 6
[2023-05-25T10:36:31.993+0000] {taskinstance.py:1327} INFO - Executing <Task(_PythonDecoratedOperator): get_name> on 2023-02-20 00:00:00+00:00
[2023-05-25T10:36:32.028+0000] {standard_task_runner.py:57} INFO - Started process 4598 to run task
[2023-05-25T10:36:32.031+0000] {standard_task_runner.py:84} INFO - Running: ['***', 'tasks', 'run', 'dag_with_taskflow_api_v02', 'get_name', 'scheduled__2023-02-20T00:00:00+00:00', '--job-id', '1463', '--raw', '--subdir', 'DAGS_FOLDER/first_dag.py', '--cfg-path', '/tmp/tmp6hu96k7n']
[2023-05-25T10:36:32.034+0000] {standard_task_runner.py:85} INFO - Job 1463: Subtask get_name
[2023-05-25T10:36:32.304+0000] {task_command.py:410} INFO - Running <TaskInstance: dag_with_taskflow_api_v02.get_name scheduled__2023-02-20T00:00:00+00:00 [running]> on host b1ae37a9584e
[2023-05-25T10:36:33.405+0000] {taskinstance.py:1547} INFO - Exporting env vars: AIRFLOW_CTX_DAG_OWNER='Sai' AIRFLOW_CTX_DAG_ID='dag_with_taskflow_api_v02' AIRFLOW_CTX_TASK_ID='get_name' AIRFLOW_CTX_EXECUTION_DATE='2023-02-20T00:00:00+00:00' AIRFLOW_CTX_TRY_NUMBER='1' AIRFLOW_CTX_DAG_RUN_ID='scheduled__2023-02-20T00:00:00+00:00'
[2023-05-25T10:36:33.406+0000] {python.py:183} INFO - Done. Returned value was: {'first_name': 'Sai', 'last_name': 'Tr'}
[2023-05-25T10:36:33.751+0000] {taskinstance.py:1350} INFO - Marking task as SUCCESS. dag_id=dag_with_taskflow_api_v02, task_id=get_name, execution_date=20230220T000000, start_date=20230525T103631, end_date=20230525T103633
[2023-05-25T10:36:34.064+0000] {local_task_job_runner.py:225} INFO - Task exited with return code 0
[2023-05-25T10:36:34.468+0000] {taskinstance.py:2651} INFO - 1 downstream tasks scheduled from follow-on schedule check
