[2023-05-24T15:24:16.785+0000] {taskinstance.py:1103} INFO - Dependencies all met for dep_context=non-requeueable deps ti=<TaskInstance: dag_with_taskflow_api_v02.get_age scheduled__2022-08-12T00:00:00+00:00 [queued]>
[2023-05-24T15:24:16.812+0000] {taskinstance.py:1103} INFO - Dependencies all met for dep_context=requeueable deps ti=<TaskInstance: dag_with_taskflow_api_v02.get_age scheduled__2022-08-12T00:00:00+00:00 [queued]>
[2023-05-24T15:24:16.812+0000] {taskinstance.py:1308} INFO - Starting attempt 1 of 6
[2023-05-24T15:24:17.335+0000] {taskinstance.py:1327} INFO - Executing <Task(_PythonDecoratedOperator): get_age> on 2022-08-12 00:00:00+00:00
[2023-05-24T15:24:17.364+0000] {standard_task_runner.py:57} INFO - Started process 2149 to run task
[2023-05-24T15:24:17.386+0000] {standard_task_runner.py:84} INFO - Running: ['***', 'tasks', 'run', 'dag_with_taskflow_api_v02', 'get_age', 'scheduled__2022-08-12T00:00:00+00:00', '--job-id', '871', '--raw', '--subdir', 'DAGS_FOLDER/first_dag.py', '--cfg-path', '/tmp/tmp2cmbalr3']
[2023-05-24T15:24:17.389+0000] {standard_task_runner.py:85} INFO - Job 871: Subtask get_age
[2023-05-24T15:24:17.899+0000] {task_command.py:410} INFO - Running <TaskInstance: dag_with_taskflow_api_v02.get_age scheduled__2022-08-12T00:00:00+00:00 [running]> on host 942de29f183d
[2023-05-24T15:24:18.503+0000] {taskinstance.py:1547} INFO - Exporting env vars: AIRFLOW_CTX_DAG_OWNER='Sai' AIRFLOW_CTX_DAG_ID='dag_with_taskflow_api_v02' AIRFLOW_CTX_TASK_ID='get_age' AIRFLOW_CTX_EXECUTION_DATE='2022-08-12T00:00:00+00:00' AIRFLOW_CTX_TRY_NUMBER='1' AIRFLOW_CTX_DAG_RUN_ID='scheduled__2022-08-12T00:00:00+00:00'
[2023-05-24T15:24:18.504+0000] {python.py:183} INFO - Done. Returned value was: 19
[2023-05-24T15:24:18.650+0000] {taskinstance.py:1350} INFO - Marking task as SUCCESS. dag_id=dag_with_taskflow_api_v02, task_id=get_age, execution_date=20220812T000000, start_date=20230524T152416, end_date=20230524T152418
[2023-05-24T15:24:18.783+0000] {local_task_job_runner.py:225} INFO - Task exited with return code 0
[2023-05-24T15:24:19.138+0000] {taskinstance.py:2651} INFO - 0 downstream tasks scheduled from follow-on schedule check
[2023-05-25T06:56:52.438+0000] {taskinstance.py:1103} INFO - Dependencies all met for dep_context=non-requeueable deps ti=<TaskInstance: dag_with_taskflow_api_v02.get_age scheduled__2022-08-12T00:00:00+00:00 [queued]>
[2023-05-25T06:56:52.493+0000] {taskinstance.py:1103} INFO - Dependencies all met for dep_context=requeueable deps ti=<TaskInstance: dag_with_taskflow_api_v02.get_age scheduled__2022-08-12T00:00:00+00:00 [queued]>
[2023-05-25T06:56:52.494+0000] {taskinstance.py:1308} INFO - Starting attempt 1 of 6
[2023-05-25T06:56:52.661+0000] {taskinstance.py:1327} INFO - Executing <Task(_PythonDecoratedOperator): get_age> on 2022-08-12 00:00:00+00:00
[2023-05-25T06:56:52.703+0000] {standard_task_runner.py:57} INFO - Started process 3667 to run task
[2023-05-25T06:56:52.743+0000] {standard_task_runner.py:84} INFO - Running: ['***', 'tasks', 'run', 'dag_with_taskflow_api_v02', 'get_age', 'scheduled__2022-08-12T00:00:00+00:00', '--job-id', '870', '--raw', '--subdir', 'DAGS_FOLDER/first_dag.py', '--cfg-path', '/tmp/tmp1smr9xps']
[2023-05-25T06:56:52.777+0000] {standard_task_runner.py:85} INFO - Job 870: Subtask get_age
[2023-05-25T06:56:53.103+0000] {task_command.py:410} INFO - Running <TaskInstance: dag_with_taskflow_api_v02.get_age scheduled__2022-08-12T00:00:00+00:00 [running]> on host 6bd07c7477d9
[2023-05-25T06:56:54.037+0000] {taskinstance.py:1547} INFO - Exporting env vars: AIRFLOW_CTX_DAG_OWNER='Sai' AIRFLOW_CTX_DAG_ID='dag_with_taskflow_api_v02' AIRFLOW_CTX_TASK_ID='get_age' AIRFLOW_CTX_EXECUTION_DATE='2022-08-12T00:00:00+00:00' AIRFLOW_CTX_TRY_NUMBER='1' AIRFLOW_CTX_DAG_RUN_ID='scheduled__2022-08-12T00:00:00+00:00'
[2023-05-25T06:56:54.038+0000] {python.py:183} INFO - Done. Returned value was: 19
[2023-05-25T06:56:54.298+0000] {taskinstance.py:1350} INFO - Marking task as SUCCESS. dag_id=dag_with_taskflow_api_v02, task_id=get_age, execution_date=20220812T000000, start_date=20230525T065652, end_date=20230525T065654
[2023-05-25T06:56:54.441+0000] {local_task_job_runner.py:225} INFO - Task exited with return code 0
[2023-05-25T06:56:54.676+0000] {taskinstance.py:2651} INFO - 1 downstream tasks scheduled from follow-on schedule check
[2023-05-25T10:29:43.438+0000] {taskinstance.py:1103} INFO - Dependencies all met for dep_context=non-requeueable deps ti=<TaskInstance: dag_with_taskflow_api_v02.get_age scheduled__2022-08-12T00:00:00+00:00 [queued]>
[2023-05-25T10:29:43.634+0000] {taskinstance.py:1103} INFO - Dependencies all met for dep_context=requeueable deps ti=<TaskInstance: dag_with_taskflow_api_v02.get_age scheduled__2022-08-12T00:00:00+00:00 [queued]>
[2023-05-25T10:29:43.635+0000] {taskinstance.py:1308} INFO - Starting attempt 1 of 6
[2023-05-25T10:29:44.121+0000] {taskinstance.py:1327} INFO - Executing <Task(_PythonDecoratedOperator): get_age> on 2022-08-12 00:00:00+00:00
[2023-05-25T10:29:44.171+0000] {standard_task_runner.py:57} INFO - Started process 3274 to run task
[2023-05-25T10:29:44.230+0000] {standard_task_runner.py:84} INFO - Running: ['***', 'tasks', 'run', 'dag_with_taskflow_api_v02', 'get_age', 'scheduled__2022-08-12T00:00:00+00:00', '--job-id', '880', '--raw', '--subdir', 'DAGS_FOLDER/first_dag.py', '--cfg-path', '/tmp/tmp97b2fwp1']
[2023-05-25T10:29:44.266+0000] {standard_task_runner.py:85} INFO - Job 880: Subtask get_age
[2023-05-25T10:29:45.182+0000] {task_command.py:410} INFO - Running <TaskInstance: dag_with_taskflow_api_v02.get_age scheduled__2022-08-12T00:00:00+00:00 [running]> on host b1ae37a9584e
[2023-05-25T10:29:46.590+0000] {taskinstance.py:1547} INFO - Exporting env vars: AIRFLOW_CTX_DAG_OWNER='Sai' AIRFLOW_CTX_DAG_ID='dag_with_taskflow_api_v02' AIRFLOW_CTX_TASK_ID='get_age' AIRFLOW_CTX_EXECUTION_DATE='2022-08-12T00:00:00+00:00' AIRFLOW_CTX_TRY_NUMBER='1' AIRFLOW_CTX_DAG_RUN_ID='scheduled__2022-08-12T00:00:00+00:00'
[2023-05-25T10:29:46.591+0000] {python.py:183} INFO - Done. Returned value was: 19
[2023-05-25T10:29:46.916+0000] {taskinstance.py:1350} INFO - Marking task as SUCCESS. dag_id=dag_with_taskflow_api_v02, task_id=get_age, execution_date=20220812T000000, start_date=20230525T102943, end_date=20230525T102946
[2023-05-25T10:29:47.187+0000] {local_task_job_runner.py:225} INFO - Task exited with return code 0
[2023-05-25T10:29:47.557+0000] {taskinstance.py:2651} INFO - 0 downstream tasks scheduled from follow-on schedule check
