[2023-05-24T15:31:23.275+0000] {taskinstance.py:1103} INFO - Dependencies all met for dep_context=non-requeueable deps ti=<TaskInstance: dag_with_taskflow_api_v02.get_age scheduled__2023-04-29T00:00:00+00:00 [queued]>
[2023-05-24T15:31:23.325+0000] {taskinstance.py:1103} INFO - Dependencies all met for dep_context=requeueable deps ti=<TaskInstance: dag_with_taskflow_api_v02.get_age scheduled__2023-04-29T00:00:00+00:00 [queued]>
[2023-05-24T15:31:23.326+0000] {taskinstance.py:1308} INFO - Starting attempt 1 of 6
[2023-05-24T15:31:23.386+0000] {taskinstance.py:1327} INFO - Executing <Task(_PythonDecoratedOperator): get_age> on 2023-04-29 00:00:00+00:00
[2023-05-24T15:31:23.420+0000] {standard_task_runner.py:57} INFO - Started process 3864 to run task
[2023-05-24T15:31:23.462+0000] {standard_task_runner.py:84} INFO - Running: ['***', 'tasks', 'run', 'dag_with_taskflow_api_v02', 'get_age', 'scheduled__2023-04-29T00:00:00+00:00', '--job-id', '1650', '--raw', '--subdir', 'DAGS_FOLDER/first_dag.py', '--cfg-path', '/tmp/tmp74qhqs28']
[2023-05-24T15:31:23.465+0000] {standard_task_runner.py:85} INFO - Job 1650: Subtask get_age
[2023-05-24T15:31:23.734+0000] {task_command.py:410} INFO - Running <TaskInstance: dag_with_taskflow_api_v02.get_age scheduled__2023-04-29T00:00:00+00:00 [running]> on host 942de29f183d
[2023-05-24T15:31:24.486+0000] {taskinstance.py:1547} INFO - Exporting env vars: AIRFLOW_CTX_DAG_OWNER='Sai' AIRFLOW_CTX_DAG_ID='dag_with_taskflow_api_v02' AIRFLOW_CTX_TASK_ID='get_age' AIRFLOW_CTX_EXECUTION_DATE='2023-04-29T00:00:00+00:00' AIRFLOW_CTX_TRY_NUMBER='1' AIRFLOW_CTX_DAG_RUN_ID='scheduled__2023-04-29T00:00:00+00:00'
[2023-05-24T15:31:24.488+0000] {python.py:183} INFO - Done. Returned value was: 19
[2023-05-24T15:31:24.580+0000] {taskinstance.py:1350} INFO - Marking task as SUCCESS. dag_id=dag_with_taskflow_api_v02, task_id=get_age, execution_date=20230429T000000, start_date=20230524T153123, end_date=20230524T153124
[2023-05-24T15:31:24.637+0000] {local_task_job_runner.py:225} INFO - Task exited with return code 0
[2023-05-24T15:31:24.832+0000] {taskinstance.py:2651} INFO - 0 downstream tasks scheduled from follow-on schedule check
[2023-05-25T07:03:56.500+0000] {taskinstance.py:1103} INFO - Dependencies all met for dep_context=non-requeueable deps ti=<TaskInstance: dag_with_taskflow_api_v02.get_age scheduled__2023-04-29T00:00:00+00:00 [queued]>
[2023-05-25T07:03:56.674+0000] {taskinstance.py:1103} INFO - Dependencies all met for dep_context=requeueable deps ti=<TaskInstance: dag_with_taskflow_api_v02.get_age scheduled__2023-04-29T00:00:00+00:00 [queued]>
[2023-05-25T07:03:56.697+0000] {taskinstance.py:1308} INFO - Starting attempt 1 of 6
[2023-05-25T07:03:56.912+0000] {taskinstance.py:1327} INFO - Executing <Task(_PythonDecoratedOperator): get_age> on 2023-04-29 00:00:00+00:00
[2023-05-25T07:03:56.931+0000] {standard_task_runner.py:57} INFO - Started process 5388 to run task
[2023-05-25T07:03:56.944+0000] {standard_task_runner.py:84} INFO - Running: ['***', 'tasks', 'run', 'dag_with_taskflow_api_v02', 'get_age', 'scheduled__2023-04-29T00:00:00+00:00', '--job-id', '1649', '--raw', '--subdir', 'DAGS_FOLDER/first_dag.py', '--cfg-path', '/tmp/tmp0amgidp0']
[2023-05-25T07:03:56.948+0000] {standard_task_runner.py:85} INFO - Job 1649: Subtask get_age
[2023-05-25T07:03:57.237+0000] {task_command.py:410} INFO - Running <TaskInstance: dag_with_taskflow_api_v02.get_age scheduled__2023-04-29T00:00:00+00:00 [running]> on host 6bd07c7477d9
[2023-05-25T07:03:57.903+0000] {taskinstance.py:1547} INFO - Exporting env vars: AIRFLOW_CTX_DAG_OWNER='Sai' AIRFLOW_CTX_DAG_ID='dag_with_taskflow_api_v02' AIRFLOW_CTX_TASK_ID='get_age' AIRFLOW_CTX_EXECUTION_DATE='2023-04-29T00:00:00+00:00' AIRFLOW_CTX_TRY_NUMBER='1' AIRFLOW_CTX_DAG_RUN_ID='scheduled__2023-04-29T00:00:00+00:00'
[2023-05-25T07:03:57.915+0000] {python.py:183} INFO - Done. Returned value was: 19
[2023-05-25T07:03:58.160+0000] {taskinstance.py:1350} INFO - Marking task as SUCCESS. dag_id=dag_with_taskflow_api_v02, task_id=get_age, execution_date=20230429T000000, start_date=20230525T070356, end_date=20230525T070358
[2023-05-25T07:03:58.238+0000] {local_task_job_runner.py:225} INFO - Task exited with return code 0
[2023-05-25T07:03:59.051+0000] {taskinstance.py:2651} INFO - 1 downstream tasks scheduled from follow-on schedule check
[2023-05-25T10:38:35.961+0000] {taskinstance.py:1103} INFO - Dependencies all met for dep_context=non-requeueable deps ti=<TaskInstance: dag_with_taskflow_api_v02.get_age scheduled__2023-04-29T00:00:00+00:00 [queued]>
[2023-05-25T10:38:36.111+0000] {taskinstance.py:1103} INFO - Dependencies all met for dep_context=requeueable deps ti=<TaskInstance: dag_with_taskflow_api_v02.get_age scheduled__2023-04-29T00:00:00+00:00 [queued]>
[2023-05-25T10:38:36.111+0000] {taskinstance.py:1308} INFO - Starting attempt 1 of 6
[2023-05-25T10:38:36.288+0000] {taskinstance.py:1327} INFO - Executing <Task(_PythonDecoratedOperator): get_age> on 2023-04-29 00:00:00+00:00
[2023-05-25T10:38:36.317+0000] {standard_task_runner.py:57} INFO - Started process 5041 to run task
[2023-05-25T10:38:36.349+0000] {standard_task_runner.py:84} INFO - Running: ['***', 'tasks', 'run', 'dag_with_taskflow_api_v02', 'get_age', 'scheduled__2023-04-29T00:00:00+00:00', '--job-id', '1662', '--raw', '--subdir', 'DAGS_FOLDER/first_dag.py', '--cfg-path', '/tmp/tmpjn3ag5oa']
[2023-05-25T10:38:36.358+0000] {standard_task_runner.py:85} INFO - Job 1662: Subtask get_age
[2023-05-25T10:38:36.872+0000] {task_command.py:410} INFO - Running <TaskInstance: dag_with_taskflow_api_v02.get_age scheduled__2023-04-29T00:00:00+00:00 [running]> on host b1ae37a9584e
[2023-05-25T10:38:37.817+0000] {taskinstance.py:1547} INFO - Exporting env vars: AIRFLOW_CTX_DAG_OWNER='Sai' AIRFLOW_CTX_DAG_ID='dag_with_taskflow_api_v02' AIRFLOW_CTX_TASK_ID='get_age' AIRFLOW_CTX_EXECUTION_DATE='2023-04-29T00:00:00+00:00' AIRFLOW_CTX_TRY_NUMBER='1' AIRFLOW_CTX_DAG_RUN_ID='scheduled__2023-04-29T00:00:00+00:00'
[2023-05-25T10:38:37.818+0000] {python.py:183} INFO - Done. Returned value was: 19
[2023-05-25T10:38:37.975+0000] {taskinstance.py:1350} INFO - Marking task as SUCCESS. dag_id=dag_with_taskflow_api_v02, task_id=get_age, execution_date=20230429T000000, start_date=20230525T103835, end_date=20230525T103837
[2023-05-25T10:38:38.118+0000] {local_task_job_runner.py:225} INFO - Task exited with return code 0
[2023-05-25T10:38:38.321+0000] {taskinstance.py:2651} INFO - 0 downstream tasks scheduled from follow-on schedule check
