[2023-05-24T15:24:22.342+0000] {taskinstance.py:1103} INFO - Dependencies all met for dep_context=non-requeueable deps ti=<TaskInstance: dag_with_taskflow_api_v02.greet scheduled__2022-08-08T00:00:00+00:00 [queued]>
[2023-05-24T15:24:22.399+0000] {taskinstance.py:1103} INFO - Dependencies all met for dep_context=requeueable deps ti=<TaskInstance: dag_with_taskflow_api_v02.greet scheduled__2022-08-08T00:00:00+00:00 [queued]>
[2023-05-24T15:24:22.400+0000] {taskinstance.py:1308} INFO - Starting attempt 1 of 6
[2023-05-24T15:24:22.509+0000] {taskinstance.py:1327} INFO - Executing <Task(_PythonDecoratedOperator): greet> on 2022-08-08 00:00:00+00:00
[2023-05-24T15:24:22.526+0000] {standard_task_runner.py:57} INFO - Started process 2174 to run task
[2023-05-24T15:24:22.561+0000] {standard_task_runner.py:84} INFO - Running: ['***', 'tasks', 'run', 'dag_with_taskflow_api_v02', 'greet', 'scheduled__2022-08-08T00:00:00+00:00', '--job-id', '881', '--raw', '--subdir', 'DAGS_FOLDER/first_dag.py', '--cfg-path', '/tmp/tmpn8wzc7o3']
[2023-05-24T15:24:22.564+0000] {standard_task_runner.py:85} INFO - Job 881: Subtask greet
[2023-05-24T15:24:22.923+0000] {task_command.py:410} INFO - Running <TaskInstance: dag_with_taskflow_api_v02.greet scheduled__2022-08-08T00:00:00+00:00 [running]> on host 942de29f183d
[2023-05-24T15:24:24.136+0000] {taskinstance.py:1547} INFO - Exporting env vars: AIRFLOW_CTX_DAG_OWNER='Sai' AIRFLOW_CTX_DAG_ID='dag_with_taskflow_api_v02' AIRFLOW_CTX_TASK_ID='greet' AIRFLOW_CTX_EXECUTION_DATE='2022-08-08T00:00:00+00:00' AIRFLOW_CTX_TRY_NUMBER='1' AIRFLOW_CTX_DAG_RUN_ID='scheduled__2022-08-08T00:00:00+00:00'
[2023-05-24T15:24:24.144+0000] {logging_mixin.py:149} INFO - Hello World! My name is Sai Tr and I am 19 years old!
[2023-05-24T15:24:24.146+0000] {python.py:183} INFO - Done. Returned value was: None
[2023-05-24T15:24:24.239+0000] {taskinstance.py:1350} INFO - Marking task as SUCCESS. dag_id=dag_with_taskflow_api_v02, task_id=greet, execution_date=20220808T000000, start_date=20230524T152422, end_date=20230524T152424
[2023-05-24T15:24:25.022+0000] {local_task_job_runner.py:225} INFO - Task exited with return code 0
[2023-05-24T15:24:25.243+0000] {taskinstance.py:2651} INFO - 0 downstream tasks scheduled from follow-on schedule check
[2023-05-25T06:56:57.985+0000] {taskinstance.py:1103} INFO - Dependencies all met for dep_context=non-requeueable deps ti=<TaskInstance: dag_with_taskflow_api_v02.greet scheduled__2022-08-08T00:00:00+00:00 [queued]>
[2023-05-25T06:56:58.083+0000] {taskinstance.py:1103} INFO - Dependencies all met for dep_context=requeueable deps ti=<TaskInstance: dag_with_taskflow_api_v02.greet scheduled__2022-08-08T00:00:00+00:00 [queued]>
[2023-05-25T06:56:58.083+0000] {taskinstance.py:1308} INFO - Starting attempt 1 of 6
[2023-05-25T06:56:58.284+0000] {taskinstance.py:1327} INFO - Executing <Task(_PythonDecoratedOperator): greet> on 2022-08-08 00:00:00+00:00
[2023-05-25T06:56:58.318+0000] {standard_task_runner.py:57} INFO - Started process 3690 to run task
[2023-05-25T06:56:58.356+0000] {standard_task_runner.py:84} INFO - Running: ['***', 'tasks', 'run', 'dag_with_taskflow_api_v02', 'greet', 'scheduled__2022-08-08T00:00:00+00:00', '--job-id', '882', '--raw', '--subdir', 'DAGS_FOLDER/first_dag.py', '--cfg-path', '/tmp/tmp7oj_ahjv']
[2023-05-25T06:56:58.382+0000] {standard_task_runner.py:85} INFO - Job 882: Subtask greet
[2023-05-25T06:56:58.757+0000] {task_command.py:410} INFO - Running <TaskInstance: dag_with_taskflow_api_v02.greet scheduled__2022-08-08T00:00:00+00:00 [running]> on host 6bd07c7477d9
[2023-05-25T06:56:59.602+0000] {taskinstance.py:1547} INFO - Exporting env vars: AIRFLOW_CTX_DAG_OWNER='Sai' AIRFLOW_CTX_DAG_ID='dag_with_taskflow_api_v02' AIRFLOW_CTX_TASK_ID='greet' AIRFLOW_CTX_EXECUTION_DATE='2022-08-08T00:00:00+00:00' AIRFLOW_CTX_TRY_NUMBER='1' AIRFLOW_CTX_DAG_RUN_ID='scheduled__2022-08-08T00:00:00+00:00'
[2023-05-25T06:56:59.603+0000] {logging_mixin.py:149} INFO - Hello World! My name is Sai Tr and I am 19 years old!
[2023-05-25T06:56:59.604+0000] {python.py:183} INFO - Done. Returned value was: None
[2023-05-25T06:56:59.676+0000] {taskinstance.py:1350} INFO - Marking task as SUCCESS. dag_id=dag_with_taskflow_api_v02, task_id=greet, execution_date=20220808T000000, start_date=20230525T065657, end_date=20230525T065659
[2023-05-25T06:56:59.821+0000] {local_task_job_runner.py:225} INFO - Task exited with return code 0
[2023-05-25T06:56:59.959+0000] {taskinstance.py:2651} INFO - 0 downstream tasks scheduled from follow-on schedule check
[2023-05-25T10:29:57.929+0000] {taskinstance.py:1103} INFO - Dependencies all met for dep_context=non-requeueable deps ti=<TaskInstance: dag_with_taskflow_api_v02.greet scheduled__2022-08-08T00:00:00+00:00 [queued]>
[2023-05-25T10:29:57.969+0000] {taskinstance.py:1103} INFO - Dependencies all met for dep_context=requeueable deps ti=<TaskInstance: dag_with_taskflow_api_v02.greet scheduled__2022-08-08T00:00:00+00:00 [queued]>
[2023-05-25T10:29:57.969+0000] {taskinstance.py:1308} INFO - Starting attempt 1 of 6
[2023-05-25T10:29:58.027+0000] {taskinstance.py:1327} INFO - Executing <Task(_PythonDecoratedOperator): greet> on 2022-08-08 00:00:00+00:00
[2023-05-25T10:29:58.041+0000] {standard_task_runner.py:57} INFO - Started process 3309 to run task
[2023-05-25T10:29:58.056+0000] {standard_task_runner.py:84} INFO - Running: ['***', 'tasks', 'run', 'dag_with_taskflow_api_v02', 'greet', 'scheduled__2022-08-08T00:00:00+00:00', '--job-id', '895', '--raw', '--subdir', 'DAGS_FOLDER/first_dag.py', '--cfg-path', '/tmp/tmpbyx_fglz']
[2023-05-25T10:29:58.075+0000] {standard_task_runner.py:85} INFO - Job 895: Subtask greet
[2023-05-25T10:29:58.360+0000] {task_command.py:410} INFO - Running <TaskInstance: dag_with_taskflow_api_v02.greet scheduled__2022-08-08T00:00:00+00:00 [running]> on host b1ae37a9584e
[2023-05-25T10:29:59.417+0000] {taskinstance.py:1547} INFO - Exporting env vars: AIRFLOW_CTX_DAG_OWNER='Sai' AIRFLOW_CTX_DAG_ID='dag_with_taskflow_api_v02' AIRFLOW_CTX_TASK_ID='greet' AIRFLOW_CTX_EXECUTION_DATE='2022-08-08T00:00:00+00:00' AIRFLOW_CTX_TRY_NUMBER='1' AIRFLOW_CTX_DAG_RUN_ID='scheduled__2022-08-08T00:00:00+00:00'
[2023-05-25T10:29:59.418+0000] {logging_mixin.py:149} INFO - Hello World! My name is Sai Tr and I am 19 years old!
[2023-05-25T10:29:59.419+0000] {python.py:183} INFO - Done. Returned value was: None
[2023-05-25T10:29:59.448+0000] {taskinstance.py:1350} INFO - Marking task as SUCCESS. dag_id=dag_with_taskflow_api_v02, task_id=greet, execution_date=20220808T000000, start_date=20230525T102957, end_date=20230525T102959
[2023-05-25T10:29:59.567+0000] {local_task_job_runner.py:225} INFO - Task exited with return code 0
[2023-05-25T10:30:00.256+0000] {taskinstance.py:2651} INFO - 0 downstream tasks scheduled from follow-on schedule check
