[2023-05-24T15:29:24.534+0000] {taskinstance.py:1103} INFO - Dependencies all met for dep_context=non-requeueable deps ti=<TaskInstance: dag_with_taskflow_api_v02.get_name scheduled__2023-02-13T00:00:00+00:00 [queued]>
[2023-05-24T15:29:24.630+0000] {taskinstance.py:1103} INFO - Dependencies all met for dep_context=requeueable deps ti=<TaskInstance: dag_with_taskflow_api_v02.get_name scheduled__2023-02-13T00:00:00+00:00 [queued]>
[2023-05-24T15:29:24.633+0000] {taskinstance.py:1308} INFO - Starting attempt 1 of 6
[2023-05-24T15:29:25.070+0000] {taskinstance.py:1327} INFO - Executing <Task(_PythonDecoratedOperator): get_name> on 2023-02-13 00:00:00+00:00
[2023-05-24T15:29:25.161+0000] {standard_task_runner.py:57} INFO - Started process 3382 to run task
[2023-05-24T15:29:25.236+0000] {standard_task_runner.py:84} INFO - Running: ['***', 'tasks', 'run', 'dag_with_taskflow_api_v02', 'get_name', 'scheduled__2023-02-13T00:00:00+00:00', '--job-id', '1429', '--raw', '--subdir', 'DAGS_FOLDER/first_dag.py', '--cfg-path', '/tmp/tmputcigxas']
[2023-05-24T15:29:25.264+0000] {standard_task_runner.py:85} INFO - Job 1429: Subtask get_name
[2023-05-24T15:29:25.744+0000] {task_command.py:410} INFO - Running <TaskInstance: dag_with_taskflow_api_v02.get_name scheduled__2023-02-13T00:00:00+00:00 [running]> on host 942de29f183d
[2023-05-24T15:29:26.525+0000] {taskinstance.py:1547} INFO - Exporting env vars: AIRFLOW_CTX_DAG_OWNER='Sai' AIRFLOW_CTX_DAG_ID='dag_with_taskflow_api_v02' AIRFLOW_CTX_TASK_ID='get_name' AIRFLOW_CTX_EXECUTION_DATE='2023-02-13T00:00:00+00:00' AIRFLOW_CTX_TRY_NUMBER='1' AIRFLOW_CTX_DAG_RUN_ID='scheduled__2023-02-13T00:00:00+00:00'
[2023-05-24T15:29:26.527+0000] {python.py:183} INFO - Done. Returned value was: {'first_name': 'Sai', 'last_name': 'Tr'}
[2023-05-24T15:29:26.818+0000] {taskinstance.py:1350} INFO - Marking task as SUCCESS. dag_id=dag_with_taskflow_api_v02, task_id=get_name, execution_date=20230213T000000, start_date=20230524T152924, end_date=20230524T152926
[2023-05-24T15:29:26.993+0000] {local_task_job_runner.py:225} INFO - Task exited with return code 0
[2023-05-24T15:29:27.216+0000] {taskinstance.py:2651} INFO - 0 downstream tasks scheduled from follow-on schedule check
[2023-05-25T07:01:55.101+0000] {taskinstance.py:1103} INFO - Dependencies all met for dep_context=non-requeueable deps ti=<TaskInstance: dag_with_taskflow_api_v02.get_name scheduled__2023-02-13T00:00:00+00:00 [queued]>
[2023-05-25T07:01:55.219+0000] {taskinstance.py:1103} INFO - Dependencies all met for dep_context=requeueable deps ti=<TaskInstance: dag_with_taskflow_api_v02.get_name scheduled__2023-02-13T00:00:00+00:00 [queued]>
[2023-05-25T07:01:55.219+0000] {taskinstance.py:1308} INFO - Starting attempt 1 of 6
[2023-05-25T07:01:55.374+0000] {taskinstance.py:1327} INFO - Executing <Task(_PythonDecoratedOperator): get_name> on 2023-02-13 00:00:00+00:00
[2023-05-25T07:01:55.387+0000] {standard_task_runner.py:57} INFO - Started process 4889 to run task
[2023-05-25T07:01:55.404+0000] {standard_task_runner.py:84} INFO - Running: ['***', 'tasks', 'run', 'dag_with_taskflow_api_v02', 'get_name', 'scheduled__2023-02-13T00:00:00+00:00', '--job-id', '1426', '--raw', '--subdir', 'DAGS_FOLDER/first_dag.py', '--cfg-path', '/tmp/tmpamk7t46p']
[2023-05-25T07:01:55.407+0000] {standard_task_runner.py:85} INFO - Job 1426: Subtask get_name
[2023-05-25T07:01:55.637+0000] {task_command.py:410} INFO - Running <TaskInstance: dag_with_taskflow_api_v02.get_name scheduled__2023-02-13T00:00:00+00:00 [running]> on host 6bd07c7477d9
[2023-05-25T07:01:56.300+0000] {taskinstance.py:1547} INFO - Exporting env vars: AIRFLOW_CTX_DAG_OWNER='Sai' AIRFLOW_CTX_DAG_ID='dag_with_taskflow_api_v02' AIRFLOW_CTX_TASK_ID='get_name' AIRFLOW_CTX_EXECUTION_DATE='2023-02-13T00:00:00+00:00' AIRFLOW_CTX_TRY_NUMBER='1' AIRFLOW_CTX_DAG_RUN_ID='scheduled__2023-02-13T00:00:00+00:00'
[2023-05-25T07:01:56.301+0000] {python.py:183} INFO - Done. Returned value was: {'first_name': 'Sai', 'last_name': 'Tr'}
[2023-05-25T07:01:56.488+0000] {taskinstance.py:1350} INFO - Marking task as SUCCESS. dag_id=dag_with_taskflow_api_v02, task_id=get_name, execution_date=20230213T000000, start_date=20230525T070155, end_date=20230525T070156
[2023-05-25T07:01:56.626+0000] {local_task_job_runner.py:225} INFO - Task exited with return code 0
[2023-05-25T07:01:56.769+0000] {taskinstance.py:2651} INFO - 1 downstream tasks scheduled from follow-on schedule check
[2023-05-25T10:36:15.323+0000] {taskinstance.py:1103} INFO - Dependencies all met for dep_context=non-requeueable deps ti=<TaskInstance: dag_with_taskflow_api_v02.get_name scheduled__2023-02-13T00:00:00+00:00 [queued]>
[2023-05-25T10:36:15.699+0000] {taskinstance.py:1103} INFO - Dependencies all met for dep_context=requeueable deps ti=<TaskInstance: dag_with_taskflow_api_v02.get_name scheduled__2023-02-13T00:00:00+00:00 [queued]>
[2023-05-25T10:36:15.700+0000] {taskinstance.py:1308} INFO - Starting attempt 1 of 6
[2023-05-25T10:36:16.237+0000] {taskinstance.py:1327} INFO - Executing <Task(_PythonDecoratedOperator): get_name> on 2023-02-13 00:00:00+00:00
[2023-05-25T10:36:16.278+0000] {standard_task_runner.py:57} INFO - Started process 4539 to run task
[2023-05-25T10:36:16.300+0000] {standard_task_runner.py:84} INFO - Running: ['***', 'tasks', 'run', 'dag_with_taskflow_api_v02', 'get_name', 'scheduled__2023-02-13T00:00:00+00:00', '--job-id', '1436', '--raw', '--subdir', 'DAGS_FOLDER/first_dag.py', '--cfg-path', '/tmp/tmpylt7q52w']
[2023-05-25T10:36:16.325+0000] {standard_task_runner.py:85} INFO - Job 1436: Subtask get_name
[2023-05-25T10:36:16.800+0000] {task_command.py:410} INFO - Running <TaskInstance: dag_with_taskflow_api_v02.get_name scheduled__2023-02-13T00:00:00+00:00 [running]> on host b1ae37a9584e
[2023-05-25T10:36:17.773+0000] {taskinstance.py:1547} INFO - Exporting env vars: AIRFLOW_CTX_DAG_OWNER='Sai' AIRFLOW_CTX_DAG_ID='dag_with_taskflow_api_v02' AIRFLOW_CTX_TASK_ID='get_name' AIRFLOW_CTX_EXECUTION_DATE='2023-02-13T00:00:00+00:00' AIRFLOW_CTX_TRY_NUMBER='1' AIRFLOW_CTX_DAG_RUN_ID='scheduled__2023-02-13T00:00:00+00:00'
[2023-05-25T10:36:17.774+0000] {python.py:183} INFO - Done. Returned value was: {'first_name': 'Sai', 'last_name': 'Tr'}
[2023-05-25T10:36:18.134+0000] {taskinstance.py:1350} INFO - Marking task as SUCCESS. dag_id=dag_with_taskflow_api_v02, task_id=get_name, execution_date=20230213T000000, start_date=20230525T103615, end_date=20230525T103618
[2023-05-25T10:36:18.284+0000] {local_task_job_runner.py:225} INFO - Task exited with return code 0
[2023-05-25T10:36:19.073+0000] {taskinstance.py:2651} INFO - 0 downstream tasks scheduled from follow-on schedule check
