[2023-05-24T15:17:13.529+0000] {taskinstance.py:1103} INFO - Dependencies all met for dep_context=non-requeueable deps ti=<TaskInstance: dag_with_taskflow_api_v02.get_name scheduled__2022-01-03T00:00:00+00:00 [queued]>
[2023-05-24T15:17:13.639+0000] {taskinstance.py:1103} INFO - Dependencies all met for dep_context=requeueable deps ti=<TaskInstance: dag_with_taskflow_api_v02.get_name scheduled__2022-01-03T00:00:00+00:00 [queued]>
[2023-05-24T15:17:13.639+0000] {taskinstance.py:1308} INFO - Starting attempt 1 of 6
[2023-05-24T15:17:13.797+0000] {taskinstance.py:1327} INFO - Executing <Task(_PythonDecoratedOperator): get_name> on 2022-01-03 00:00:00+00:00
[2023-05-24T15:17:13.834+0000] {standard_task_runner.py:57} INFO - Started process 656 to run task
[2023-05-24T15:17:13.876+0000] {standard_task_runner.py:84} INFO - Running: ['***', 'tasks', 'run', 'dag_with_taskflow_api_v02', 'get_name', 'scheduled__2022-01-03T00:00:00+00:00', '--job-id', '208', '--raw', '--subdir', 'DAGS_FOLDER/first_dag.py', '--cfg-path', '/tmp/tmp412l61i5']
[2023-05-24T15:17:13.879+0000] {standard_task_runner.py:85} INFO - Job 208: Subtask get_name
[2023-05-24T15:17:14.248+0000] {task_command.py:410} INFO - Running <TaskInstance: dag_with_taskflow_api_v02.get_name scheduled__2022-01-03T00:00:00+00:00 [running]> on host 942de29f183d
[2023-05-24T15:17:15.112+0000] {taskinstance.py:1547} INFO - Exporting env vars: AIRFLOW_CTX_DAG_OWNER='Sai' AIRFLOW_CTX_DAG_ID='dag_with_taskflow_api_v02' AIRFLOW_CTX_TASK_ID='get_name' AIRFLOW_CTX_EXECUTION_DATE='2022-01-03T00:00:00+00:00' AIRFLOW_CTX_TRY_NUMBER='1' AIRFLOW_CTX_DAG_RUN_ID='scheduled__2022-01-03T00:00:00+00:00'
[2023-05-24T15:17:15.113+0000] {python.py:183} INFO - Done. Returned value was: {'first_name': 'Sai', 'last_name': 'Tr'}
[2023-05-24T15:17:15.357+0000] {taskinstance.py:1350} INFO - Marking task as SUCCESS. dag_id=dag_with_taskflow_api_v02, task_id=get_name, execution_date=20220103T000000, start_date=20230524T151713, end_date=20230524T151715
[2023-05-24T15:17:15.485+0000] {local_task_job_runner.py:225} INFO - Task exited with return code 0
[2023-05-24T15:17:15.927+0000] {taskinstance.py:2651} INFO - 0 downstream tasks scheduled from follow-on schedule check
[2023-05-25T06:50:52.619+0000] {taskinstance.py:1103} INFO - Dependencies all met for dep_context=non-requeueable deps ti=<TaskInstance: dag_with_taskflow_api_v02.get_name scheduled__2022-01-03T00:00:00+00:00 [queued]>
[2023-05-25T06:50:52.697+0000] {taskinstance.py:1103} INFO - Dependencies all met for dep_context=requeueable deps ti=<TaskInstance: dag_with_taskflow_api_v02.get_name scheduled__2022-01-03T00:00:00+00:00 [queued]>
[2023-05-25T06:50:52.698+0000] {taskinstance.py:1308} INFO - Starting attempt 1 of 6
[2023-05-25T06:50:52.807+0000] {taskinstance.py:1327} INFO - Executing <Task(_PythonDecoratedOperator): get_name> on 2022-01-03 00:00:00+00:00
[2023-05-25T06:50:52.835+0000] {standard_task_runner.py:57} INFO - Started process 2194 to run task
[2023-05-25T06:50:52.857+0000] {standard_task_runner.py:84} INFO - Running: ['***', 'tasks', 'run', 'dag_with_taskflow_api_v02', 'get_name', 'scheduled__2022-01-03T00:00:00+00:00', '--job-id', '207', '--raw', '--subdir', 'DAGS_FOLDER/first_dag.py', '--cfg-path', '/tmp/tmp6wdmo32h']
[2023-05-25T06:50:52.897+0000] {standard_task_runner.py:85} INFO - Job 207: Subtask get_name
[2023-05-25T06:50:53.311+0000] {task_command.py:410} INFO - Running <TaskInstance: dag_with_taskflow_api_v02.get_name scheduled__2022-01-03T00:00:00+00:00 [running]> on host 6bd07c7477d9
[2023-05-25T06:50:54.014+0000] {taskinstance.py:1547} INFO - Exporting env vars: AIRFLOW_CTX_DAG_OWNER='Sai' AIRFLOW_CTX_DAG_ID='dag_with_taskflow_api_v02' AIRFLOW_CTX_TASK_ID='get_name' AIRFLOW_CTX_EXECUTION_DATE='2022-01-03T00:00:00+00:00' AIRFLOW_CTX_TRY_NUMBER='1' AIRFLOW_CTX_DAG_RUN_ID='scheduled__2022-01-03T00:00:00+00:00'
[2023-05-25T06:50:54.016+0000] {python.py:183} INFO - Done. Returned value was: {'first_name': 'Sai', 'last_name': 'Tr'}
[2023-05-25T06:50:54.240+0000] {taskinstance.py:1350} INFO - Marking task as SUCCESS. dag_id=dag_with_taskflow_api_v02, task_id=get_name, execution_date=20220103T000000, start_date=20230525T065052, end_date=20230525T065054
[2023-05-25T06:50:54.416+0000] {local_task_job_runner.py:225} INFO - Task exited with return code 0
[2023-05-25T06:50:54.624+0000] {taskinstance.py:2651} INFO - 1 downstream tasks scheduled from follow-on schedule check
[2023-05-25T10:21:14.590+0000] {taskinstance.py:1103} INFO - Dependencies all met for dep_context=non-requeueable deps ti=<TaskInstance: dag_with_taskflow_api_v02.get_name scheduled__2022-01-03T00:00:00+00:00 [queued]>
[2023-05-25T10:21:14.784+0000] {taskinstance.py:1103} INFO - Dependencies all met for dep_context=requeueable deps ti=<TaskInstance: dag_with_taskflow_api_v02.get_name scheduled__2022-01-03T00:00:00+00:00 [queued]>
[2023-05-25T10:21:14.802+0000] {taskinstance.py:1308} INFO - Starting attempt 1 of 6
[2023-05-25T10:21:14.931+0000] {taskinstance.py:1327} INFO - Executing <Task(_PythonDecoratedOperator): get_name> on 2022-01-03 00:00:00+00:00
[2023-05-25T10:21:14.944+0000] {standard_task_runner.py:57} INFO - Started process 1722 to run task
[2023-05-25T10:21:14.959+0000] {standard_task_runner.py:84} INFO - Running: ['***', 'tasks', 'run', 'dag_with_taskflow_api_v02', 'get_name', 'scheduled__2022-01-03T00:00:00+00:00', '--job-id', '202', '--raw', '--subdir', 'DAGS_FOLDER/first_dag.py', '--cfg-path', '/tmp/tmpr436uu22']
[2023-05-25T10:21:14.976+0000] {standard_task_runner.py:85} INFO - Job 202: Subtask get_name
[2023-05-25T10:21:15.216+0000] {task_command.py:410} INFO - Running <TaskInstance: dag_with_taskflow_api_v02.get_name scheduled__2022-01-03T00:00:00+00:00 [running]> on host b1ae37a9584e
[2023-05-25T10:21:15.799+0000] {taskinstance.py:1547} INFO - Exporting env vars: AIRFLOW_CTX_DAG_OWNER='Sai' AIRFLOW_CTX_DAG_ID='dag_with_taskflow_api_v02' AIRFLOW_CTX_TASK_ID='get_name' AIRFLOW_CTX_EXECUTION_DATE='2022-01-03T00:00:00+00:00' AIRFLOW_CTX_TRY_NUMBER='1' AIRFLOW_CTX_DAG_RUN_ID='scheduled__2022-01-03T00:00:00+00:00'
[2023-05-25T10:21:15.800+0000] {python.py:183} INFO - Done. Returned value was: {'first_name': 'Sai', 'last_name': 'Tr'}
[2023-05-25T10:21:16.019+0000] {taskinstance.py:1350} INFO - Marking task as SUCCESS. dag_id=dag_with_taskflow_api_v02, task_id=get_name, execution_date=20220103T000000, start_date=20230525T102114, end_date=20230525T102116
[2023-05-25T10:21:16.099+0000] {local_task_job_runner.py:225} INFO - Task exited with return code 0
[2023-05-25T10:21:16.261+0000] {taskinstance.py:2651} INFO - 1 downstream tasks scheduled from follow-on schedule check
