[2023-05-24T15:18:22.183+0000] {taskinstance.py:1103} INFO - Dependencies all met for dep_context=non-requeueable deps ti=<TaskInstance: dag_with_taskflow_api_v02.get_age scheduled__2022-02-02T00:00:00+00:00 [queued]>
[2023-05-24T15:18:22.344+0000] {taskinstance.py:1103} INFO - Dependencies all met for dep_context=requeueable deps ti=<TaskInstance: dag_with_taskflow_api_v02.get_age scheduled__2022-02-02T00:00:00+00:00 [queued]>
[2023-05-24T15:18:22.345+0000] {taskinstance.py:1308} INFO - Starting attempt 1 of 6
[2023-05-24T15:18:22.536+0000] {taskinstance.py:1327} INFO - Executing <Task(_PythonDecoratedOperator): get_age> on 2022-02-02 00:00:00+00:00
[2023-05-24T15:18:22.555+0000] {standard_task_runner.py:57} INFO - Started process 874 to run task
[2023-05-24T15:18:22.693+0000] {standard_task_runner.py:84} INFO - Running: ['***', 'tasks', 'run', 'dag_with_taskflow_api_v02', 'get_age', 'scheduled__2022-02-02T00:00:00+00:00', '--job-id', '303', '--raw', '--subdir', 'DAGS_FOLDER/first_dag.py', '--cfg-path', '/tmp/tmpn2h70vtb']
[2023-05-24T15:18:22.696+0000] {standard_task_runner.py:85} INFO - Job 303: Subtask get_age
[2023-05-24T15:18:23.126+0000] {task_command.py:410} INFO - Running <TaskInstance: dag_with_taskflow_api_v02.get_age scheduled__2022-02-02T00:00:00+00:00 [running]> on host 942de29f183d
[2023-05-24T15:18:24.641+0000] {taskinstance.py:1547} INFO - Exporting env vars: AIRFLOW_CTX_DAG_OWNER='Sai' AIRFLOW_CTX_DAG_ID='dag_with_taskflow_api_v02' AIRFLOW_CTX_TASK_ID='get_age' AIRFLOW_CTX_EXECUTION_DATE='2022-02-02T00:00:00+00:00' AIRFLOW_CTX_TRY_NUMBER='1' AIRFLOW_CTX_DAG_RUN_ID='scheduled__2022-02-02T00:00:00+00:00'
[2023-05-24T15:18:24.642+0000] {python.py:183} INFO - Done. Returned value was: 19
[2023-05-24T15:18:24.799+0000] {taskinstance.py:1350} INFO - Marking task as SUCCESS. dag_id=dag_with_taskflow_api_v02, task_id=get_age, execution_date=20220202T000000, start_date=20230524T151822, end_date=20230524T151824
[2023-05-24T15:18:24.982+0000] {local_task_job_runner.py:225} INFO - Task exited with return code 0
[2023-05-24T15:18:25.564+0000] {taskinstance.py:2651} INFO - 0 downstream tasks scheduled from follow-on schedule check
[2023-05-25T06:51:38.950+0000] {taskinstance.py:1103} INFO - Dependencies all met for dep_context=non-requeueable deps ti=<TaskInstance: dag_with_taskflow_api_v02.get_age scheduled__2022-02-02T00:00:00+00:00 [queued]>
[2023-05-25T06:51:39.047+0000] {taskinstance.py:1103} INFO - Dependencies all met for dep_context=requeueable deps ti=<TaskInstance: dag_with_taskflow_api_v02.get_age scheduled__2022-02-02T00:00:00+00:00 [queued]>
[2023-05-25T06:51:39.057+0000] {taskinstance.py:1308} INFO - Starting attempt 1 of 6
[2023-05-25T06:51:39.508+0000] {taskinstance.py:1327} INFO - Executing <Task(_PythonDecoratedOperator): get_age> on 2022-02-02 00:00:00+00:00
[2023-05-25T06:51:39.558+0000] {standard_task_runner.py:57} INFO - Started process 2395 to run task
[2023-05-25T06:51:39.600+0000] {standard_task_runner.py:84} INFO - Running: ['***', 'tasks', 'run', 'dag_with_taskflow_api_v02', 'get_age', 'scheduled__2022-02-02T00:00:00+00:00', '--job-id', '295', '--raw', '--subdir', 'DAGS_FOLDER/first_dag.py', '--cfg-path', '/tmp/tmp6rf0f2mp']
[2023-05-25T06:51:39.614+0000] {standard_task_runner.py:85} INFO - Job 295: Subtask get_age
[2023-05-25T06:51:39.998+0000] {task_command.py:410} INFO - Running <TaskInstance: dag_with_taskflow_api_v02.get_age scheduled__2022-02-02T00:00:00+00:00 [running]> on host 6bd07c7477d9
[2023-05-25T06:51:40.743+0000] {taskinstance.py:1547} INFO - Exporting env vars: AIRFLOW_CTX_DAG_OWNER='Sai' AIRFLOW_CTX_DAG_ID='dag_with_taskflow_api_v02' AIRFLOW_CTX_TASK_ID='get_age' AIRFLOW_CTX_EXECUTION_DATE='2022-02-02T00:00:00+00:00' AIRFLOW_CTX_TRY_NUMBER='1' AIRFLOW_CTX_DAG_RUN_ID='scheduled__2022-02-02T00:00:00+00:00'
[2023-05-25T06:51:40.744+0000] {python.py:183} INFO - Done. Returned value was: 19
[2023-05-25T06:51:40.856+0000] {taskinstance.py:1350} INFO - Marking task as SUCCESS. dag_id=dag_with_taskflow_api_v02, task_id=get_age, execution_date=20220202T000000, start_date=20230525T065138, end_date=20230525T065140
[2023-05-25T06:51:41.262+0000] {local_task_job_runner.py:225} INFO - Task exited with return code 0
[2023-05-25T06:51:41.535+0000] {taskinstance.py:2651} INFO - 0 downstream tasks scheduled from follow-on schedule check
[2023-05-25T10:22:27.133+0000] {taskinstance.py:1103} INFO - Dependencies all met for dep_context=non-requeueable deps ti=<TaskInstance: dag_with_taskflow_api_v02.get_age scheduled__2022-02-02T00:00:00+00:00 [queued]>
[2023-05-25T10:22:27.180+0000] {taskinstance.py:1103} INFO - Dependencies all met for dep_context=requeueable deps ti=<TaskInstance: dag_with_taskflow_api_v02.get_age scheduled__2022-02-02T00:00:00+00:00 [queued]>
[2023-05-25T10:22:27.180+0000] {taskinstance.py:1308} INFO - Starting attempt 1 of 6
[2023-05-25T10:22:27.246+0000] {taskinstance.py:1327} INFO - Executing <Task(_PythonDecoratedOperator): get_age> on 2022-02-02 00:00:00+00:00
[2023-05-25T10:22:27.287+0000] {standard_task_runner.py:57} INFO - Started process 1935 to run task
[2023-05-25T10:22:27.307+0000] {standard_task_runner.py:84} INFO - Running: ['***', 'tasks', 'run', 'dag_with_taskflow_api_v02', 'get_age', 'scheduled__2022-02-02T00:00:00+00:00', '--job-id', '296', '--raw', '--subdir', 'DAGS_FOLDER/first_dag.py', '--cfg-path', '/tmp/tmp3f9nypfd']
[2023-05-25T10:22:27.311+0000] {standard_task_runner.py:85} INFO - Job 296: Subtask get_age
[2023-05-25T10:22:27.523+0000] {task_command.py:410} INFO - Running <TaskInstance: dag_with_taskflow_api_v02.get_age scheduled__2022-02-02T00:00:00+00:00 [running]> on host b1ae37a9584e
[2023-05-25T10:22:28.076+0000] {taskinstance.py:1547} INFO - Exporting env vars: AIRFLOW_CTX_DAG_OWNER='Sai' AIRFLOW_CTX_DAG_ID='dag_with_taskflow_api_v02' AIRFLOW_CTX_TASK_ID='get_age' AIRFLOW_CTX_EXECUTION_DATE='2022-02-02T00:00:00+00:00' AIRFLOW_CTX_TRY_NUMBER='1' AIRFLOW_CTX_DAG_RUN_ID='scheduled__2022-02-02T00:00:00+00:00'
[2023-05-25T10:22:28.078+0000] {python.py:183} INFO - Done. Returned value was: 19
[2023-05-25T10:22:28.230+0000] {taskinstance.py:1350} INFO - Marking task as SUCCESS. dag_id=dag_with_taskflow_api_v02, task_id=get_age, execution_date=20220202T000000, start_date=20230525T102227, end_date=20230525T102228
[2023-05-25T10:22:28.356+0000] {local_task_job_runner.py:225} INFO - Task exited with return code 0
[2023-05-25T10:22:28.707+0000] {taskinstance.py:2651} INFO - 0 downstream tasks scheduled from follow-on schedule check
