[2023-05-24T15:31:24.063+0000] {taskinstance.py:1103} INFO - Dependencies all met for dep_context=non-requeueable deps ti=<TaskInstance: dag_with_taskflow_api_v02.greet scheduled__2023-04-23T00:00:00+00:00 [queued]>
[2023-05-24T15:31:24.215+0000] {taskinstance.py:1103} INFO - Dependencies all met for dep_context=requeueable deps ti=<TaskInstance: dag_with_taskflow_api_v02.greet scheduled__2023-04-23T00:00:00+00:00 [queued]>
[2023-05-24T15:31:24.215+0000] {taskinstance.py:1308} INFO - Starting attempt 1 of 6
[2023-05-24T15:31:24.288+0000] {taskinstance.py:1327} INFO - Executing <Task(_PythonDecoratedOperator): greet> on 2023-04-23 00:00:00+00:00
[2023-05-24T15:31:24.295+0000] {standard_task_runner.py:57} INFO - Started process 3867 to run task
[2023-05-24T15:31:24.324+0000] {standard_task_runner.py:84} INFO - Running: ['***', 'tasks', 'run', 'dag_with_taskflow_api_v02', 'greet', 'scheduled__2023-04-23T00:00:00+00:00', '--job-id', '1653', '--raw', '--subdir', 'DAGS_FOLDER/first_dag.py', '--cfg-path', '/tmp/tmph173syg_']
[2023-05-24T15:31:24.332+0000] {standard_task_runner.py:85} INFO - Job 1653: Subtask greet
[2023-05-24T15:31:24.648+0000] {task_command.py:410} INFO - Running <TaskInstance: dag_with_taskflow_api_v02.greet scheduled__2023-04-23T00:00:00+00:00 [running]> on host 942de29f183d
[2023-05-24T15:31:25.102+0000] {taskinstance.py:1547} INFO - Exporting env vars: AIRFLOW_CTX_DAG_OWNER='Sai' AIRFLOW_CTX_DAG_ID='dag_with_taskflow_api_v02' AIRFLOW_CTX_TASK_ID='greet' AIRFLOW_CTX_EXECUTION_DATE='2023-04-23T00:00:00+00:00' AIRFLOW_CTX_TRY_NUMBER='1' AIRFLOW_CTX_DAG_RUN_ID='scheduled__2023-04-23T00:00:00+00:00'
[2023-05-24T15:31:25.104+0000] {logging_mixin.py:149} INFO - Hello World! My name is Sai Tr and I am 19 years old!
[2023-05-24T15:31:25.104+0000] {python.py:183} INFO - Done. Returned value was: None
[2023-05-24T15:31:25.124+0000] {taskinstance.py:1350} INFO - Marking task as SUCCESS. dag_id=dag_with_taskflow_api_v02, task_id=greet, execution_date=20230423T000000, start_date=20230524T153124, end_date=20230524T153125
[2023-05-24T15:31:25.167+0000] {local_task_job_runner.py:225} INFO - Task exited with return code 0
[2023-05-24T15:31:25.211+0000] {taskinstance.py:2651} INFO - 0 downstream tasks scheduled from follow-on schedule check
[2023-05-25T07:03:58.896+0000] {taskinstance.py:1103} INFO - Dependencies all met for dep_context=non-requeueable deps ti=<TaskInstance: dag_with_taskflow_api_v02.greet scheduled__2023-04-23T00:00:00+00:00 [queued]>
[2023-05-25T07:03:59.051+0000] {taskinstance.py:1103} INFO - Dependencies all met for dep_context=requeueable deps ti=<TaskInstance: dag_with_taskflow_api_v02.greet scheduled__2023-04-23T00:00:00+00:00 [queued]>
[2023-05-25T07:03:59.051+0000] {taskinstance.py:1308} INFO - Starting attempt 1 of 6
[2023-05-25T07:03:59.214+0000] {taskinstance.py:1327} INFO - Executing <Task(_PythonDecoratedOperator): greet> on 2023-04-23 00:00:00+00:00
[2023-05-25T07:03:59.221+0000] {standard_task_runner.py:57} INFO - Started process 5395 to run task
[2023-05-25T07:03:59.262+0000] {standard_task_runner.py:84} INFO - Running: ['***', 'tasks', 'run', 'dag_with_taskflow_api_v02', 'greet', 'scheduled__2023-04-23T00:00:00+00:00', '--job-id', '1654', '--raw', '--subdir', 'DAGS_FOLDER/first_dag.py', '--cfg-path', '/tmp/tmpf0p6fuiy']
[2023-05-25T07:03:59.293+0000] {standard_task_runner.py:85} INFO - Job 1654: Subtask greet
[2023-05-25T07:03:59.547+0000] {task_command.py:410} INFO - Running <TaskInstance: dag_with_taskflow_api_v02.greet scheduled__2023-04-23T00:00:00+00:00 [running]> on host 6bd07c7477d9
[2023-05-25T07:04:00.720+0000] {taskinstance.py:1547} INFO - Exporting env vars: AIRFLOW_CTX_DAG_OWNER='Sai' AIRFLOW_CTX_DAG_ID='dag_with_taskflow_api_v02' AIRFLOW_CTX_TASK_ID='greet' AIRFLOW_CTX_EXECUTION_DATE='2023-04-23T00:00:00+00:00' AIRFLOW_CTX_TRY_NUMBER='1' AIRFLOW_CTX_DAG_RUN_ID='scheduled__2023-04-23T00:00:00+00:00'
[2023-05-25T07:04:00.721+0000] {logging_mixin.py:149} INFO - Hello World! My name is Sai Tr and I am 19 years old!
[2023-05-25T07:04:00.722+0000] {python.py:183} INFO - Done. Returned value was: None
[2023-05-25T07:04:00.774+0000] {taskinstance.py:1350} INFO - Marking task as SUCCESS. dag_id=dag_with_taskflow_api_v02, task_id=greet, execution_date=20230423T000000, start_date=20230525T070358, end_date=20230525T070400
[2023-05-25T07:04:00.951+0000] {local_task_job_runner.py:225} INFO - Task exited with return code 0
[2023-05-25T07:04:01.172+0000] {taskinstance.py:2651} INFO - 0 downstream tasks scheduled from follow-on schedule check
[2023-05-25T10:38:36.413+0000] {taskinstance.py:1103} INFO - Dependencies all met for dep_context=non-requeueable deps ti=<TaskInstance: dag_with_taskflow_api_v02.greet scheduled__2023-04-23T00:00:00+00:00 [queued]>
[2023-05-25T10:38:36.655+0000] {taskinstance.py:1103} INFO - Dependencies all met for dep_context=requeueable deps ti=<TaskInstance: dag_with_taskflow_api_v02.greet scheduled__2023-04-23T00:00:00+00:00 [queued]>
[2023-05-25T10:38:36.656+0000] {taskinstance.py:1308} INFO - Starting attempt 1 of 6
[2023-05-25T10:38:37.509+0000] {taskinstance.py:1327} INFO - Executing <Task(_PythonDecoratedOperator): greet> on 2023-04-23 00:00:00+00:00
[2023-05-25T10:38:37.561+0000] {standard_task_runner.py:57} INFO - Started process 5045 to run task
[2023-05-25T10:38:37.619+0000] {standard_task_runner.py:84} INFO - Running: ['***', 'tasks', 'run', 'dag_with_taskflow_api_v02', 'greet', 'scheduled__2023-04-23T00:00:00+00:00', '--job-id', '1664', '--raw', '--subdir', 'DAGS_FOLDER/first_dag.py', '--cfg-path', '/tmp/tmpltr2gygi']
[2023-05-25T10:38:37.645+0000] {standard_task_runner.py:85} INFO - Job 1664: Subtask greet
[2023-05-25T10:38:38.072+0000] {task_command.py:410} INFO - Running <TaskInstance: dag_with_taskflow_api_v02.greet scheduled__2023-04-23T00:00:00+00:00 [running]> on host b1ae37a9584e
[2023-05-25T10:38:38.903+0000] {taskinstance.py:1547} INFO - Exporting env vars: AIRFLOW_CTX_DAG_OWNER='Sai' AIRFLOW_CTX_DAG_ID='dag_with_taskflow_api_v02' AIRFLOW_CTX_TASK_ID='greet' AIRFLOW_CTX_EXECUTION_DATE='2023-04-23T00:00:00+00:00' AIRFLOW_CTX_TRY_NUMBER='1' AIRFLOW_CTX_DAG_RUN_ID='scheduled__2023-04-23T00:00:00+00:00'
[2023-05-25T10:38:38.905+0000] {logging_mixin.py:149} INFO - Hello World! My name is Sai Tr and I am 19 years old!
[2023-05-25T10:38:38.905+0000] {python.py:183} INFO - Done. Returned value was: None
[2023-05-25T10:38:38.941+0000] {taskinstance.py:1350} INFO - Marking task as SUCCESS. dag_id=dag_with_taskflow_api_v02, task_id=greet, execution_date=20230423T000000, start_date=20230525T103836, end_date=20230525T103838
[2023-05-25T10:38:39.065+0000] {local_task_job_runner.py:225} INFO - Task exited with return code 0
[2023-05-25T10:38:39.342+0000] {taskinstance.py:2651} INFO - 0 downstream tasks scheduled from follow-on schedule check
