[2023-05-24T15:19:41.990+0000] {taskinstance.py:1103} INFO - Dependencies all met for dep_context=non-requeueable deps ti=<TaskInstance: dag_with_taskflow_api_v02.get_age scheduled__2022-03-18T00:00:00+00:00 [queued]>
[2023-05-24T15:19:42.039+0000] {taskinstance.py:1103} INFO - Dependencies all met for dep_context=requeueable deps ti=<TaskInstance: dag_with_taskflow_api_v02.get_age scheduled__2022-03-18T00:00:00+00:00 [queued]>
[2023-05-24T15:19:42.042+0000] {taskinstance.py:1308} INFO - Starting attempt 1 of 6
[2023-05-24T15:19:42.250+0000] {taskinstance.py:1327} INFO - Executing <Task(_PythonDecoratedOperator): get_age> on 2022-03-18 00:00:00+00:00
[2023-05-24T15:19:42.264+0000] {standard_task_runner.py:57} INFO - Started process 1171 to run task
[2023-05-24T15:19:42.281+0000] {standard_task_runner.py:84} INFO - Running: ['***', 'tasks', 'run', 'dag_with_taskflow_api_v02', 'get_age', 'scheduled__2022-03-18T00:00:00+00:00', '--job-id', '436', '--raw', '--subdir', 'DAGS_FOLDER/first_dag.py', '--cfg-path', '/tmp/tmpi5y6ucqx']
[2023-05-24T15:19:42.309+0000] {standard_task_runner.py:85} INFO - Job 436: Subtask get_age
[2023-05-24T15:19:42.638+0000] {task_command.py:410} INFO - Running <TaskInstance: dag_with_taskflow_api_v02.get_age scheduled__2022-03-18T00:00:00+00:00 [running]> on host 942de29f183d
[2023-05-24T15:19:43.202+0000] {taskinstance.py:1547} INFO - Exporting env vars: AIRFLOW_CTX_DAG_OWNER='Sai' AIRFLOW_CTX_DAG_ID='dag_with_taskflow_api_v02' AIRFLOW_CTX_TASK_ID='get_age' AIRFLOW_CTX_EXECUTION_DATE='2022-03-18T00:00:00+00:00' AIRFLOW_CTX_TRY_NUMBER='1' AIRFLOW_CTX_DAG_RUN_ID='scheduled__2022-03-18T00:00:00+00:00'
[2023-05-24T15:19:43.206+0000] {python.py:183} INFO - Done. Returned value was: 19
[2023-05-24T15:19:43.375+0000] {taskinstance.py:1350} INFO - Marking task as SUCCESS. dag_id=dag_with_taskflow_api_v02, task_id=get_age, execution_date=20220318T000000, start_date=20230524T151941, end_date=20230524T151943
[2023-05-24T15:19:43.507+0000] {local_task_job_runner.py:225} INFO - Task exited with return code 0
[2023-05-24T15:19:43.640+0000] {taskinstance.py:2651} INFO - 0 downstream tasks scheduled from follow-on schedule check
[2023-05-25T06:52:54.477+0000] {taskinstance.py:1103} INFO - Dependencies all met for dep_context=non-requeueable deps ti=<TaskInstance: dag_with_taskflow_api_v02.get_age scheduled__2022-03-18T00:00:00+00:00 [queued]>
[2023-05-25T06:52:54.527+0000] {taskinstance.py:1103} INFO - Dependencies all met for dep_context=requeueable deps ti=<TaskInstance: dag_with_taskflow_api_v02.get_age scheduled__2022-03-18T00:00:00+00:00 [queued]>
[2023-05-25T06:52:54.527+0000] {taskinstance.py:1308} INFO - Starting attempt 1 of 6
[2023-05-25T06:52:54.613+0000] {taskinstance.py:1327} INFO - Executing <Task(_PythonDecoratedOperator): get_age> on 2022-03-18 00:00:00+00:00
[2023-05-25T06:52:54.619+0000] {standard_task_runner.py:57} INFO - Started process 2693 to run task
[2023-05-25T06:52:54.634+0000] {standard_task_runner.py:84} INFO - Running: ['***', 'tasks', 'run', 'dag_with_taskflow_api_v02', 'get_age', 'scheduled__2022-03-18T00:00:00+00:00', '--job-id', '435', '--raw', '--subdir', 'DAGS_FOLDER/first_dag.py', '--cfg-path', '/tmp/tmp246eqk98']
[2023-05-25T06:52:54.659+0000] {standard_task_runner.py:85} INFO - Job 435: Subtask get_age
[2023-05-25T06:52:54.787+0000] {task_command.py:410} INFO - Running <TaskInstance: dag_with_taskflow_api_v02.get_age scheduled__2022-03-18T00:00:00+00:00 [running]> on host 6bd07c7477d9
[2023-05-25T06:52:55.219+0000] {taskinstance.py:1547} INFO - Exporting env vars: AIRFLOW_CTX_DAG_OWNER='Sai' AIRFLOW_CTX_DAG_ID='dag_with_taskflow_api_v02' AIRFLOW_CTX_TASK_ID='get_age' AIRFLOW_CTX_EXECUTION_DATE='2022-03-18T00:00:00+00:00' AIRFLOW_CTX_TRY_NUMBER='1' AIRFLOW_CTX_DAG_RUN_ID='scheduled__2022-03-18T00:00:00+00:00'
[2023-05-25T06:52:55.220+0000] {python.py:183} INFO - Done. Returned value was: 19
[2023-05-25T06:52:55.298+0000] {taskinstance.py:1350} INFO - Marking task as SUCCESS. dag_id=dag_with_taskflow_api_v02, task_id=get_age, execution_date=20220318T000000, start_date=20230525T065254, end_date=20230525T065255
[2023-05-25T06:52:55.388+0000] {local_task_job_runner.py:225} INFO - Task exited with return code 0
[2023-05-25T06:52:55.459+0000] {taskinstance.py:2651} INFO - 1 downstream tasks scheduled from follow-on schedule check
[2023-05-25T10:24:01.391+0000] {taskinstance.py:1103} INFO - Dependencies all met for dep_context=non-requeueable deps ti=<TaskInstance: dag_with_taskflow_api_v02.get_age scheduled__2022-03-18T00:00:00+00:00 [queued]>
[2023-05-25T10:24:01.484+0000] {taskinstance.py:1103} INFO - Dependencies all met for dep_context=requeueable deps ti=<TaskInstance: dag_with_taskflow_api_v02.get_age scheduled__2022-03-18T00:00:00+00:00 [queued]>
[2023-05-25T10:24:01.489+0000] {taskinstance.py:1308} INFO - Starting attempt 1 of 6
[2023-05-25T10:24:02.555+0000] {taskinstance.py:1327} INFO - Executing <Task(_PythonDecoratedOperator): get_age> on 2022-03-18 00:00:00+00:00
[2023-05-25T10:24:02.593+0000] {standard_task_runner.py:57} INFO - Started process 2246 to run task
[2023-05-25T10:24:02.658+0000] {standard_task_runner.py:84} INFO - Running: ['***', 'tasks', 'run', 'dag_with_taskflow_api_v02', 'get_age', 'scheduled__2022-03-18T00:00:00+00:00', '--job-id', '427', '--raw', '--subdir', 'DAGS_FOLDER/first_dag.py', '--cfg-path', '/tmp/tmpluiazuc1']
[2023-05-25T10:24:02.687+0000] {standard_task_runner.py:85} INFO - Job 427: Subtask get_age
[2023-05-25T10:24:03.103+0000] {task_command.py:410} INFO - Running <TaskInstance: dag_with_taskflow_api_v02.get_age scheduled__2022-03-18T00:00:00+00:00 [running]> on host b1ae37a9584e
[2023-05-25T10:24:04.154+0000] {taskinstance.py:1547} INFO - Exporting env vars: AIRFLOW_CTX_DAG_OWNER='Sai' AIRFLOW_CTX_DAG_ID='dag_with_taskflow_api_v02' AIRFLOW_CTX_TASK_ID='get_age' AIRFLOW_CTX_EXECUTION_DATE='2022-03-18T00:00:00+00:00' AIRFLOW_CTX_TRY_NUMBER='1' AIRFLOW_CTX_DAG_RUN_ID='scheduled__2022-03-18T00:00:00+00:00'
[2023-05-25T10:24:04.157+0000] {python.py:183} INFO - Done. Returned value was: 19
[2023-05-25T10:24:04.285+0000] {taskinstance.py:1350} INFO - Marking task as SUCCESS. dag_id=dag_with_taskflow_api_v02, task_id=get_age, execution_date=20220318T000000, start_date=20230525T102401, end_date=20230525T102404
[2023-05-25T10:24:04.441+0000] {local_task_job_runner.py:225} INFO - Task exited with return code 0
[2023-05-25T10:24:05.013+0000] {taskinstance.py:2651} INFO - 1 downstream tasks scheduled from follow-on schedule check
