[2023-05-24T15:17:06.021+0000] {taskinstance.py:1103} INFO - Dependencies all met for dep_context=non-requeueable deps ti=<TaskInstance: dag_with_taskflow_api_v02.get_age scheduled__2021-12-30T00:00:00+00:00 [queued]>
[2023-05-24T15:17:06.178+0000] {taskinstance.py:1103} INFO - Dependencies all met for dep_context=requeueable deps ti=<TaskInstance: dag_with_taskflow_api_v02.get_age scheduled__2021-12-30T00:00:00+00:00 [queued]>
[2023-05-24T15:17:06.190+0000] {taskinstance.py:1308} INFO - Starting attempt 1 of 6
[2023-05-24T15:17:06.579+0000] {taskinstance.py:1327} INFO - Executing <Task(_PythonDecoratedOperator): get_age> on 2021-12-30 00:00:00+00:00
[2023-05-24T15:17:06.593+0000] {standard_task_runner.py:57} INFO - Started process 629 to run task
[2023-05-24T15:17:06.650+0000] {standard_task_runner.py:84} INFO - Running: ['***', 'tasks', 'run', 'dag_with_taskflow_api_v02', 'get_age', 'scheduled__2021-12-30T00:00:00+00:00', '--job-id', '195', '--raw', '--subdir', 'DAGS_FOLDER/first_dag.py', '--cfg-path', '/tmp/tmpb9h3tru6']
[2023-05-24T15:17:06.681+0000] {standard_task_runner.py:85} INFO - Job 195: Subtask get_age
[2023-05-24T15:17:07.095+0000] {task_command.py:410} INFO - Running <TaskInstance: dag_with_taskflow_api_v02.get_age scheduled__2021-12-30T00:00:00+00:00 [running]> on host 942de29f183d
[2023-05-24T15:17:07.787+0000] {taskinstance.py:1547} INFO - Exporting env vars: AIRFLOW_CTX_DAG_OWNER='Sai' AIRFLOW_CTX_DAG_ID='dag_with_taskflow_api_v02' AIRFLOW_CTX_TASK_ID='get_age' AIRFLOW_CTX_EXECUTION_DATE='2021-12-30T00:00:00+00:00' AIRFLOW_CTX_TRY_NUMBER='1' AIRFLOW_CTX_DAG_RUN_ID='scheduled__2021-12-30T00:00:00+00:00'
[2023-05-24T15:17:07.788+0000] {python.py:183} INFO - Done. Returned value was: 19
[2023-05-24T15:17:07.923+0000] {taskinstance.py:1350} INFO - Marking task as SUCCESS. dag_id=dag_with_taskflow_api_v02, task_id=get_age, execution_date=20211230T000000, start_date=20230524T151706, end_date=20230524T151707
[2023-05-24T15:17:08.052+0000] {local_task_job_runner.py:225} INFO - Task exited with return code 0
[2023-05-24T15:17:08.275+0000] {taskinstance.py:2651} INFO - 1 downstream tasks scheduled from follow-on schedule check
[2023-05-25T06:50:47.256+0000] {taskinstance.py:1103} INFO - Dependencies all met for dep_context=non-requeueable deps ti=<TaskInstance: dag_with_taskflow_api_v02.get_age scheduled__2021-12-30T00:00:00+00:00 [queued]>
[2023-05-25T06:50:47.386+0000] {taskinstance.py:1103} INFO - Dependencies all met for dep_context=requeueable deps ti=<TaskInstance: dag_with_taskflow_api_v02.get_age scheduled__2021-12-30T00:00:00+00:00 [queued]>
[2023-05-25T06:50:47.393+0000] {taskinstance.py:1308} INFO - Starting attempt 1 of 6
[2023-05-25T06:50:48.322+0000] {taskinstance.py:1327} INFO - Executing <Task(_PythonDecoratedOperator): get_age> on 2021-12-30 00:00:00+00:00
[2023-05-25T06:50:48.346+0000] {standard_task_runner.py:57} INFO - Started process 2176 to run task
[2023-05-25T06:50:48.379+0000] {standard_task_runner.py:84} INFO - Running: ['***', 'tasks', 'run', 'dag_with_taskflow_api_v02', 'get_age', 'scheduled__2021-12-30T00:00:00+00:00', '--job-id', '197', '--raw', '--subdir', 'DAGS_FOLDER/first_dag.py', '--cfg-path', '/tmp/tmpposa23zw']
[2023-05-25T06:50:48.390+0000] {standard_task_runner.py:85} INFO - Job 197: Subtask get_age
[2023-05-25T06:50:48.926+0000] {task_command.py:410} INFO - Running <TaskInstance: dag_with_taskflow_api_v02.get_age scheduled__2021-12-30T00:00:00+00:00 [running]> on host 6bd07c7477d9
[2023-05-25T06:50:49.649+0000] {taskinstance.py:1547} INFO - Exporting env vars: AIRFLOW_CTX_DAG_OWNER='Sai' AIRFLOW_CTX_DAG_ID='dag_with_taskflow_api_v02' AIRFLOW_CTX_TASK_ID='get_age' AIRFLOW_CTX_EXECUTION_DATE='2021-12-30T00:00:00+00:00' AIRFLOW_CTX_TRY_NUMBER='1' AIRFLOW_CTX_DAG_RUN_ID='scheduled__2021-12-30T00:00:00+00:00'
[2023-05-25T06:50:49.650+0000] {python.py:183} INFO - Done. Returned value was: 19
[2023-05-25T06:50:49.810+0000] {taskinstance.py:1350} INFO - Marking task as SUCCESS. dag_id=dag_with_taskflow_api_v02, task_id=get_age, execution_date=20211230T000000, start_date=20230525T065047, end_date=20230525T065049
[2023-05-25T06:50:49.971+0000] {local_task_job_runner.py:225} INFO - Task exited with return code 0
[2023-05-25T06:50:50.231+0000] {taskinstance.py:2651} INFO - 1 downstream tasks scheduled from follow-on schedule check
[2023-05-25T10:21:06.304+0000] {taskinstance.py:1103} INFO - Dependencies all met for dep_context=non-requeueable deps ti=<TaskInstance: dag_with_taskflow_api_v02.get_age scheduled__2021-12-30T00:00:00+00:00 [queued]>
[2023-05-25T10:21:06.341+0000] {taskinstance.py:1103} INFO - Dependencies all met for dep_context=requeueable deps ti=<TaskInstance: dag_with_taskflow_api_v02.get_age scheduled__2021-12-30T00:00:00+00:00 [queued]>
[2023-05-25T10:21:06.342+0000] {taskinstance.py:1308} INFO - Starting attempt 1 of 6
[2023-05-25T10:21:06.399+0000] {taskinstance.py:1327} INFO - Executing <Task(_PythonDecoratedOperator): get_age> on 2021-12-30 00:00:00+00:00
[2023-05-25T10:21:06.406+0000] {standard_task_runner.py:57} INFO - Started process 1694 to run task
[2023-05-25T10:21:06.433+0000] {standard_task_runner.py:84} INFO - Running: ['***', 'tasks', 'run', 'dag_with_taskflow_api_v02', 'get_age', 'scheduled__2021-12-30T00:00:00+00:00', '--job-id', '191', '--raw', '--subdir', 'DAGS_FOLDER/first_dag.py', '--cfg-path', '/tmp/tmpaidl_05k']
[2023-05-25T10:21:06.438+0000] {standard_task_runner.py:85} INFO - Job 191: Subtask get_age
[2023-05-25T10:21:06.610+0000] {task_command.py:410} INFO - Running <TaskInstance: dag_with_taskflow_api_v02.get_age scheduled__2021-12-30T00:00:00+00:00 [running]> on host b1ae37a9584e
[2023-05-25T10:21:06.869+0000] {taskinstance.py:1547} INFO - Exporting env vars: AIRFLOW_CTX_DAG_OWNER='Sai' AIRFLOW_CTX_DAG_ID='dag_with_taskflow_api_v02' AIRFLOW_CTX_TASK_ID='get_age' AIRFLOW_CTX_EXECUTION_DATE='2021-12-30T00:00:00+00:00' AIRFLOW_CTX_TRY_NUMBER='1' AIRFLOW_CTX_DAG_RUN_ID='scheduled__2021-12-30T00:00:00+00:00'
[2023-05-25T10:21:06.871+0000] {python.py:183} INFO - Done. Returned value was: 19
[2023-05-25T10:21:06.994+0000] {taskinstance.py:1350} INFO - Marking task as SUCCESS. dag_id=dag_with_taskflow_api_v02, task_id=get_age, execution_date=20211230T000000, start_date=20230525T102106, end_date=20230525T102106
[2023-05-25T10:21:07.047+0000] {local_task_job_runner.py:225} INFO - Task exited with return code 0
[2023-05-25T10:21:07.321+0000] {taskinstance.py:2651} INFO - 0 downstream tasks scheduled from follow-on schedule check
