[2023-05-24T15:17:14.012+0000] {taskinstance.py:1103} INFO - Dependencies all met for dep_context=non-requeueable deps ti=<TaskInstance: dag_with_taskflow_api_v02.greet scheduled__2021-12-28T00:00:00+00:00 [queued]>
[2023-05-24T15:17:14.049+0000] {taskinstance.py:1103} INFO - Dependencies all met for dep_context=requeueable deps ti=<TaskInstance: dag_with_taskflow_api_v02.greet scheduled__2021-12-28T00:00:00+00:00 [queued]>
[2023-05-24T15:17:14.050+0000] {taskinstance.py:1308} INFO - Starting attempt 1 of 6
[2023-05-24T15:17:14.098+0000] {taskinstance.py:1327} INFO - Executing <Task(_PythonDecoratedOperator): greet> on 2021-12-28 00:00:00+00:00
[2023-05-24T15:17:14.145+0000] {standard_task_runner.py:57} INFO - Started process 658 to run task
[2023-05-24T15:17:14.161+0000] {standard_task_runner.py:84} INFO - Running: ['***', 'tasks', 'run', 'dag_with_taskflow_api_v02', 'greet', 'scheduled__2021-12-28T00:00:00+00:00', '--job-id', '211', '--raw', '--subdir', 'DAGS_FOLDER/first_dag.py', '--cfg-path', '/tmp/tmpbxtb95o7']
[2023-05-24T15:17:14.176+0000] {standard_task_runner.py:85} INFO - Job 211: Subtask greet
[2023-05-24T15:17:14.459+0000] {task_command.py:410} INFO - Running <TaskInstance: dag_with_taskflow_api_v02.greet scheduled__2021-12-28T00:00:00+00:00 [running]> on host 942de29f183d
[2023-05-24T15:17:15.191+0000] {taskinstance.py:1547} INFO - Exporting env vars: AIRFLOW_CTX_DAG_OWNER='Sai' AIRFLOW_CTX_DAG_ID='dag_with_taskflow_api_v02' AIRFLOW_CTX_TASK_ID='greet' AIRFLOW_CTX_EXECUTION_DATE='2021-12-28T00:00:00+00:00' AIRFLOW_CTX_TRY_NUMBER='1' AIRFLOW_CTX_DAG_RUN_ID='scheduled__2021-12-28T00:00:00+00:00'
[2023-05-24T15:17:15.193+0000] {logging_mixin.py:149} INFO - Hello World! My name is Sai Tr and I am 19 years old!
[2023-05-24T15:17:15.193+0000] {python.py:183} INFO - Done. Returned value was: None
[2023-05-24T15:17:15.274+0000] {taskinstance.py:1350} INFO - Marking task as SUCCESS. dag_id=dag_with_taskflow_api_v02, task_id=greet, execution_date=20211228T000000, start_date=20230524T151714, end_date=20230524T151715
[2023-05-24T15:17:15.381+0000] {local_task_job_runner.py:225} INFO - Task exited with return code 0
[2023-05-24T15:17:15.765+0000] {taskinstance.py:2651} INFO - 0 downstream tasks scheduled from follow-on schedule check
[2023-05-25T06:50:54.299+0000] {taskinstance.py:1103} INFO - Dependencies all met for dep_context=non-requeueable deps ti=<TaskInstance: dag_with_taskflow_api_v02.greet scheduled__2021-12-28T00:00:00+00:00 [queued]>
[2023-05-25T06:50:54.366+0000] {taskinstance.py:1103} INFO - Dependencies all met for dep_context=requeueable deps ti=<TaskInstance: dag_with_taskflow_api_v02.greet scheduled__2021-12-28T00:00:00+00:00 [queued]>
[2023-05-25T06:50:54.371+0000] {taskinstance.py:1308} INFO - Starting attempt 1 of 6
[2023-05-25T06:50:54.498+0000] {taskinstance.py:1327} INFO - Executing <Task(_PythonDecoratedOperator): greet> on 2021-12-28 00:00:00+00:00
[2023-05-25T06:50:54.512+0000] {standard_task_runner.py:57} INFO - Started process 2201 to run task
[2023-05-25T06:50:54.556+0000] {standard_task_runner.py:84} INFO - Running: ['***', 'tasks', 'run', 'dag_with_taskflow_api_v02', 'greet', 'scheduled__2021-12-28T00:00:00+00:00', '--job-id', '212', '--raw', '--subdir', 'DAGS_FOLDER/first_dag.py', '--cfg-path', '/tmp/tmpplh04g55']
[2023-05-25T06:50:54.559+0000] {standard_task_runner.py:85} INFO - Job 212: Subtask greet
[2023-05-25T06:50:54.958+0000] {task_command.py:410} INFO - Running <TaskInstance: dag_with_taskflow_api_v02.greet scheduled__2021-12-28T00:00:00+00:00 [running]> on host 6bd07c7477d9
[2023-05-25T06:50:55.770+0000] {taskinstance.py:1547} INFO - Exporting env vars: AIRFLOW_CTX_DAG_OWNER='Sai' AIRFLOW_CTX_DAG_ID='dag_with_taskflow_api_v02' AIRFLOW_CTX_TASK_ID='greet' AIRFLOW_CTX_EXECUTION_DATE='2021-12-28T00:00:00+00:00' AIRFLOW_CTX_TRY_NUMBER='1' AIRFLOW_CTX_DAG_RUN_ID='scheduled__2021-12-28T00:00:00+00:00'
[2023-05-25T06:50:55.771+0000] {logging_mixin.py:149} INFO - Hello World! My name is Sai Tr and I am 19 years old!
[2023-05-25T06:50:55.772+0000] {python.py:183} INFO - Done. Returned value was: None
[2023-05-25T06:50:55.841+0000] {taskinstance.py:1350} INFO - Marking task as SUCCESS. dag_id=dag_with_taskflow_api_v02, task_id=greet, execution_date=20211228T000000, start_date=20230525T065054, end_date=20230525T065055
[2023-05-25T06:50:55.914+0000] {local_task_job_runner.py:225} INFO - Task exited with return code 0
[2023-05-25T06:50:56.141+0000] {taskinstance.py:2651} INFO - 0 downstream tasks scheduled from follow-on schedule check
[2023-05-25T10:21:07.962+0000] {taskinstance.py:1103} INFO - Dependencies all met for dep_context=non-requeueable deps ti=<TaskInstance: dag_with_taskflow_api_v02.greet scheduled__2021-12-28T00:00:00+00:00 [queued]>
[2023-05-25T10:21:07.982+0000] {taskinstance.py:1103} INFO - Dependencies all met for dep_context=requeueable deps ti=<TaskInstance: dag_with_taskflow_api_v02.greet scheduled__2021-12-28T00:00:00+00:00 [queued]>
[2023-05-25T10:21:07.983+0000] {taskinstance.py:1308} INFO - Starting attempt 1 of 6
[2023-05-25T10:21:08.011+0000] {taskinstance.py:1327} INFO - Executing <Task(_PythonDecoratedOperator): greet> on 2021-12-28 00:00:00+00:00
[2023-05-25T10:21:08.018+0000] {standard_task_runner.py:57} INFO - Started process 1700 to run task
[2023-05-25T10:21:08.023+0000] {standard_task_runner.py:84} INFO - Running: ['***', 'tasks', 'run', 'dag_with_taskflow_api_v02', 'greet', 'scheduled__2021-12-28T00:00:00+00:00', '--job-id', '194', '--raw', '--subdir', 'DAGS_FOLDER/first_dag.py', '--cfg-path', '/tmp/tmpncyiy1uu']
[2023-05-25T10:21:08.025+0000] {standard_task_runner.py:85} INFO - Job 194: Subtask greet
[2023-05-25T10:21:08.103+0000] {task_command.py:410} INFO - Running <TaskInstance: dag_with_taskflow_api_v02.greet scheduled__2021-12-28T00:00:00+00:00 [running]> on host b1ae37a9584e
[2023-05-25T10:21:08.491+0000] {taskinstance.py:1547} INFO - Exporting env vars: AIRFLOW_CTX_DAG_OWNER='Sai' AIRFLOW_CTX_DAG_ID='dag_with_taskflow_api_v02' AIRFLOW_CTX_TASK_ID='greet' AIRFLOW_CTX_EXECUTION_DATE='2021-12-28T00:00:00+00:00' AIRFLOW_CTX_TRY_NUMBER='1' AIRFLOW_CTX_DAG_RUN_ID='scheduled__2021-12-28T00:00:00+00:00'
[2023-05-25T10:21:08.496+0000] {logging_mixin.py:149} INFO - Hello World! My name is Sai Tr and I am 19 years old!
[2023-05-25T10:21:08.497+0000] {python.py:183} INFO - Done. Returned value was: None
[2023-05-25T10:21:08.523+0000] {taskinstance.py:1350} INFO - Marking task as SUCCESS. dag_id=dag_with_taskflow_api_v02, task_id=greet, execution_date=20211228T000000, start_date=20230525T102107, end_date=20230525T102108
[2023-05-25T10:21:08.567+0000] {local_task_job_runner.py:225} INFO - Task exited with return code 0
[2023-05-25T10:21:08.647+0000] {taskinstance.py:2651} INFO - 0 downstream tasks scheduled from follow-on schedule check
