[2023-05-24T15:28:27.373+0000] {taskinstance.py:1103} INFO - Dependencies all met for dep_context=non-requeueable deps ti=<TaskInstance: dag_with_taskflow_api_v02.get_age scheduled__2023-01-10T00:00:00+00:00 [queued]>
[2023-05-24T15:28:27.465+0000] {taskinstance.py:1103} INFO - Dependencies all met for dep_context=requeueable deps ti=<TaskInstance: dag_with_taskflow_api_v02.get_age scheduled__2023-01-10T00:00:00+00:00 [queued]>
[2023-05-24T15:28:27.466+0000] {taskinstance.py:1308} INFO - Starting attempt 1 of 6
[2023-05-24T15:28:27.761+0000] {taskinstance.py:1327} INFO - Executing <Task(_PythonDecoratedOperator): get_age> on 2023-01-10 00:00:00+00:00
[2023-05-24T15:28:27.786+0000] {standard_task_runner.py:57} INFO - Started process 3146 to run task
[2023-05-24T15:28:27.817+0000] {standard_task_runner.py:84} INFO - Running: ['***', 'tasks', 'run', 'dag_with_taskflow_api_v02', 'get_age', 'scheduled__2023-01-10T00:00:00+00:00', '--job-id', '1324', '--raw', '--subdir', 'DAGS_FOLDER/first_dag.py', '--cfg-path', '/tmp/tmppof6v_zj']
[2023-05-24T15:28:27.834+0000] {standard_task_runner.py:85} INFO - Job 1324: Subtask get_age
[2023-05-24T15:28:28.214+0000] {task_command.py:410} INFO - Running <TaskInstance: dag_with_taskflow_api_v02.get_age scheduled__2023-01-10T00:00:00+00:00 [running]> on host 942de29f183d
[2023-05-24T15:28:28.813+0000] {taskinstance.py:1547} INFO - Exporting env vars: AIRFLOW_CTX_DAG_OWNER='Sai' AIRFLOW_CTX_DAG_ID='dag_with_taskflow_api_v02' AIRFLOW_CTX_TASK_ID='get_age' AIRFLOW_CTX_EXECUTION_DATE='2023-01-10T00:00:00+00:00' AIRFLOW_CTX_TRY_NUMBER='1' AIRFLOW_CTX_DAG_RUN_ID='scheduled__2023-01-10T00:00:00+00:00'
[2023-05-24T15:28:28.815+0000] {python.py:183} INFO - Done. Returned value was: 19
[2023-05-24T15:28:28.928+0000] {taskinstance.py:1350} INFO - Marking task as SUCCESS. dag_id=dag_with_taskflow_api_v02, task_id=get_age, execution_date=20230110T000000, start_date=20230524T152827, end_date=20230524T152828
[2023-05-24T15:28:29.002+0000] {local_task_job_runner.py:225} INFO - Task exited with return code 0
[2023-05-24T15:28:29.180+0000] {taskinstance.py:2651} INFO - 0 downstream tasks scheduled from follow-on schedule check
[2023-05-25T07:00:58.381+0000] {taskinstance.py:1103} INFO - Dependencies all met for dep_context=non-requeueable deps ti=<TaskInstance: dag_with_taskflow_api_v02.get_age scheduled__2023-01-10T00:00:00+00:00 [queued]>
[2023-05-25T07:00:58.486+0000] {taskinstance.py:1103} INFO - Dependencies all met for dep_context=requeueable deps ti=<TaskInstance: dag_with_taskflow_api_v02.get_age scheduled__2023-01-10T00:00:00+00:00 [queued]>
[2023-05-25T07:00:58.487+0000] {taskinstance.py:1308} INFO - Starting attempt 1 of 6
[2023-05-25T07:00:58.972+0000] {taskinstance.py:1327} INFO - Executing <Task(_PythonDecoratedOperator): get_age> on 2023-01-10 00:00:00+00:00
[2023-05-25T07:00:58.979+0000] {standard_task_runner.py:57} INFO - Started process 4664 to run task
[2023-05-25T07:00:59.007+0000] {standard_task_runner.py:84} INFO - Running: ['***', 'tasks', 'run', 'dag_with_taskflow_api_v02', 'get_age', 'scheduled__2023-01-10T00:00:00+00:00', '--job-id', '1321', '--raw', '--subdir', 'DAGS_FOLDER/first_dag.py', '--cfg-path', '/tmp/tmp9ya62fy8']
[2023-05-25T07:00:59.022+0000] {standard_task_runner.py:85} INFO - Job 1321: Subtask get_age
[2023-05-25T07:00:59.303+0000] {task_command.py:410} INFO - Running <TaskInstance: dag_with_taskflow_api_v02.get_age scheduled__2023-01-10T00:00:00+00:00 [running]> on host 6bd07c7477d9
[2023-05-25T07:01:00.119+0000] {taskinstance.py:1547} INFO - Exporting env vars: AIRFLOW_CTX_DAG_OWNER='Sai' AIRFLOW_CTX_DAG_ID='dag_with_taskflow_api_v02' AIRFLOW_CTX_TASK_ID='get_age' AIRFLOW_CTX_EXECUTION_DATE='2023-01-10T00:00:00+00:00' AIRFLOW_CTX_TRY_NUMBER='1' AIRFLOW_CTX_DAG_RUN_ID='scheduled__2023-01-10T00:00:00+00:00'
[2023-05-25T07:01:00.120+0000] {python.py:183} INFO - Done. Returned value was: 19
[2023-05-25T07:01:00.226+0000] {taskinstance.py:1350} INFO - Marking task as SUCCESS. dag_id=dag_with_taskflow_api_v02, task_id=get_age, execution_date=20230110T000000, start_date=20230525T070058, end_date=20230525T070100
[2023-05-25T07:01:00.305+0000] {local_task_job_runner.py:225} INFO - Task exited with return code 0
[2023-05-25T07:01:00.568+0000] {taskinstance.py:2651} INFO - 0 downstream tasks scheduled from follow-on schedule check
[2023-05-25T10:35:09.484+0000] {taskinstance.py:1103} INFO - Dependencies all met for dep_context=non-requeueable deps ti=<TaskInstance: dag_with_taskflow_api_v02.get_age scheduled__2023-01-10T00:00:00+00:00 [queued]>
[2023-05-25T10:35:09.531+0000] {taskinstance.py:1103} INFO - Dependencies all met for dep_context=requeueable deps ti=<TaskInstance: dag_with_taskflow_api_v02.get_age scheduled__2023-01-10T00:00:00+00:00 [queued]>
[2023-05-25T10:35:09.532+0000] {taskinstance.py:1308} INFO - Starting attempt 1 of 6
[2023-05-25T10:35:09.754+0000] {taskinstance.py:1327} INFO - Executing <Task(_PythonDecoratedOperator): get_age> on 2023-01-10 00:00:00+00:00
[2023-05-25T10:35:09.762+0000] {standard_task_runner.py:57} INFO - Started process 4310 to run task
[2023-05-25T10:35:09.795+0000] {standard_task_runner.py:84} INFO - Running: ['***', 'tasks', 'run', 'dag_with_taskflow_api_v02', 'get_age', 'scheduled__2023-01-10T00:00:00+00:00', '--job-id', '1336', '--raw', '--subdir', 'DAGS_FOLDER/first_dag.py', '--cfg-path', '/tmp/tmp4a83wc7g']
[2023-05-25T10:35:09.798+0000] {standard_task_runner.py:85} INFO - Job 1336: Subtask get_age
[2023-05-25T10:35:09.980+0000] {task_command.py:410} INFO - Running <TaskInstance: dag_with_taskflow_api_v02.get_age scheduled__2023-01-10T00:00:00+00:00 [running]> on host b1ae37a9584e
[2023-05-25T10:35:10.975+0000] {taskinstance.py:1547} INFO - Exporting env vars: AIRFLOW_CTX_DAG_OWNER='Sai' AIRFLOW_CTX_DAG_ID='dag_with_taskflow_api_v02' AIRFLOW_CTX_TASK_ID='get_age' AIRFLOW_CTX_EXECUTION_DATE='2023-01-10T00:00:00+00:00' AIRFLOW_CTX_TRY_NUMBER='1' AIRFLOW_CTX_DAG_RUN_ID='scheduled__2023-01-10T00:00:00+00:00'
[2023-05-25T10:35:10.976+0000] {python.py:183} INFO - Done. Returned value was: 19
[2023-05-25T10:35:11.216+0000] {taskinstance.py:1350} INFO - Marking task as SUCCESS. dag_id=dag_with_taskflow_api_v02, task_id=get_age, execution_date=20230110T000000, start_date=20230525T103509, end_date=20230525T103511
[2023-05-25T10:35:11.381+0000] {local_task_job_runner.py:225} INFO - Task exited with return code 0
[2023-05-25T10:35:11.912+0000] {taskinstance.py:2651} INFO - 0 downstream tasks scheduled from follow-on schedule check
