[2023-05-24T15:25:15.429+0000] {taskinstance.py:1103} INFO - Dependencies all met for dep_context=non-requeueable deps ti=<TaskInstance: dag_with_taskflow_api_v02.get_age scheduled__2022-09-17T00:00:00+00:00 [queued]>
[2023-05-24T15:25:15.586+0000] {taskinstance.py:1103} INFO - Dependencies all met for dep_context=requeueable deps ti=<TaskInstance: dag_with_taskflow_api_v02.get_age scheduled__2022-09-17T00:00:00+00:00 [queued]>
[2023-05-24T15:25:15.599+0000] {taskinstance.py:1308} INFO - Starting attempt 1 of 6
[2023-05-24T15:25:15.709+0000] {taskinstance.py:1327} INFO - Executing <Task(_PythonDecoratedOperator): get_age> on 2022-09-17 00:00:00+00:00
[2023-05-24T15:25:15.727+0000] {standard_task_runner.py:57} INFO - Started process 2380 to run task
[2023-05-24T15:25:15.764+0000] {standard_task_runner.py:84} INFO - Running: ['***', 'tasks', 'run', 'dag_with_taskflow_api_v02', 'get_age', 'scheduled__2022-09-17T00:00:00+00:00', '--job-id', '977', '--raw', '--subdir', 'DAGS_FOLDER/first_dag.py', '--cfg-path', '/tmp/tmpbfssls2h']
[2023-05-24T15:25:15.785+0000] {standard_task_runner.py:85} INFO - Job 977: Subtask get_age
[2023-05-24T15:25:16.138+0000] {task_command.py:410} INFO - Running <TaskInstance: dag_with_taskflow_api_v02.get_age scheduled__2022-09-17T00:00:00+00:00 [running]> on host 942de29f183d
[2023-05-24T15:25:17.022+0000] {taskinstance.py:1547} INFO - Exporting env vars: AIRFLOW_CTX_DAG_OWNER='Sai' AIRFLOW_CTX_DAG_ID='dag_with_taskflow_api_v02' AIRFLOW_CTX_TASK_ID='get_age' AIRFLOW_CTX_EXECUTION_DATE='2022-09-17T00:00:00+00:00' AIRFLOW_CTX_TRY_NUMBER='1' AIRFLOW_CTX_DAG_RUN_ID='scheduled__2022-09-17T00:00:00+00:00'
[2023-05-24T15:25:17.023+0000] {python.py:183} INFO - Done. Returned value was: 19
[2023-05-24T15:25:17.122+0000] {taskinstance.py:1350} INFO - Marking task as SUCCESS. dag_id=dag_with_taskflow_api_v02, task_id=get_age, execution_date=20220917T000000, start_date=20230524T152515, end_date=20230524T152517
[2023-05-24T15:25:17.264+0000] {local_task_job_runner.py:225} INFO - Task exited with return code 0
[2023-05-24T15:25:17.564+0000] {taskinstance.py:2651} INFO - 0 downstream tasks scheduled from follow-on schedule check
[2023-05-25T06:57:56.827+0000] {taskinstance.py:1103} INFO - Dependencies all met for dep_context=non-requeueable deps ti=<TaskInstance: dag_with_taskflow_api_v02.get_age scheduled__2022-09-17T00:00:00+00:00 [queued]>
[2023-05-25T06:57:56.910+0000] {taskinstance.py:1103} INFO - Dependencies all met for dep_context=requeueable deps ti=<TaskInstance: dag_with_taskflow_api_v02.get_age scheduled__2022-09-17T00:00:00+00:00 [queued]>
[2023-05-25T06:57:56.910+0000] {taskinstance.py:1308} INFO - Starting attempt 1 of 6
[2023-05-25T06:57:57.374+0000] {taskinstance.py:1327} INFO - Executing <Task(_PythonDecoratedOperator): get_age> on 2022-09-17 00:00:00+00:00
[2023-05-25T06:57:57.398+0000] {standard_task_runner.py:57} INFO - Started process 3921 to run task
[2023-05-25T06:57:57.411+0000] {standard_task_runner.py:84} INFO - Running: ['***', 'tasks', 'run', 'dag_with_taskflow_api_v02', 'get_age', 'scheduled__2022-09-17T00:00:00+00:00', '--job-id', '984', '--raw', '--subdir', 'DAGS_FOLDER/first_dag.py', '--cfg-path', '/tmp/tmpt3zpunim']
[2023-05-25T06:57:57.420+0000] {standard_task_runner.py:85} INFO - Job 984: Subtask get_age
[2023-05-25T06:57:57.715+0000] {task_command.py:410} INFO - Running <TaskInstance: dag_with_taskflow_api_v02.get_age scheduled__2022-09-17T00:00:00+00:00 [running]> on host 6bd07c7477d9
[2023-05-25T06:57:58.239+0000] {taskinstance.py:1547} INFO - Exporting env vars: AIRFLOW_CTX_DAG_OWNER='Sai' AIRFLOW_CTX_DAG_ID='dag_with_taskflow_api_v02' AIRFLOW_CTX_TASK_ID='get_age' AIRFLOW_CTX_EXECUTION_DATE='2022-09-17T00:00:00+00:00' AIRFLOW_CTX_TRY_NUMBER='1' AIRFLOW_CTX_DAG_RUN_ID='scheduled__2022-09-17T00:00:00+00:00'
[2023-05-25T06:57:58.240+0000] {python.py:183} INFO - Done. Returned value was: 19
[2023-05-25T06:57:58.407+0000] {taskinstance.py:1350} INFO - Marking task as SUCCESS. dag_id=dag_with_taskflow_api_v02, task_id=get_age, execution_date=20220917T000000, start_date=20230525T065756, end_date=20230525T065758
[2023-05-25T06:57:59.127+0000] {local_task_job_runner.py:225} INFO - Task exited with return code 0
[2023-05-25T06:57:59.458+0000] {taskinstance.py:2651} INFO - 1 downstream tasks scheduled from follow-on schedule check
[2023-05-25T10:31:17.064+0000] {taskinstance.py:1103} INFO - Dependencies all met for dep_context=non-requeueable deps ti=<TaskInstance: dag_with_taskflow_api_v02.get_age scheduled__2022-09-17T00:00:00+00:00 [queued]>
[2023-05-25T10:31:17.095+0000] {taskinstance.py:1103} INFO - Dependencies all met for dep_context=requeueable deps ti=<TaskInstance: dag_with_taskflow_api_v02.get_age scheduled__2022-09-17T00:00:00+00:00 [queued]>
[2023-05-25T10:31:17.095+0000] {taskinstance.py:1308} INFO - Starting attempt 1 of 6
[2023-05-25T10:31:17.175+0000] {taskinstance.py:1327} INFO - Executing <Task(_PythonDecoratedOperator): get_age> on 2022-09-17 00:00:00+00:00
[2023-05-25T10:31:17.195+0000] {standard_task_runner.py:57} INFO - Started process 3527 to run task
[2023-05-25T10:31:17.234+0000] {standard_task_runner.py:84} INFO - Running: ['***', 'tasks', 'run', 'dag_with_taskflow_api_v02', 'get_age', 'scheduled__2022-09-17T00:00:00+00:00', '--job-id', '993', '--raw', '--subdir', 'DAGS_FOLDER/first_dag.py', '--cfg-path', '/tmp/tmp7dyt_ube']
[2023-05-25T10:31:17.254+0000] {standard_task_runner.py:85} INFO - Job 993: Subtask get_age
[2023-05-25T10:31:17.872+0000] {task_command.py:410} INFO - Running <TaskInstance: dag_with_taskflow_api_v02.get_age scheduled__2022-09-17T00:00:00+00:00 [running]> on host b1ae37a9584e
[2023-05-25T10:31:18.956+0000] {taskinstance.py:1547} INFO - Exporting env vars: AIRFLOW_CTX_DAG_OWNER='Sai' AIRFLOW_CTX_DAG_ID='dag_with_taskflow_api_v02' AIRFLOW_CTX_TASK_ID='get_age' AIRFLOW_CTX_EXECUTION_DATE='2022-09-17T00:00:00+00:00' AIRFLOW_CTX_TRY_NUMBER='1' AIRFLOW_CTX_DAG_RUN_ID='scheduled__2022-09-17T00:00:00+00:00'
[2023-05-25T10:31:18.958+0000] {python.py:183} INFO - Done. Returned value was: 19
[2023-05-25T10:31:19.231+0000] {taskinstance.py:1350} INFO - Marking task as SUCCESS. dag_id=dag_with_taskflow_api_v02, task_id=get_age, execution_date=20220917T000000, start_date=20230525T103117, end_date=20230525T103119
[2023-05-25T10:31:19.479+0000] {local_task_job_runner.py:225} INFO - Task exited with return code 0
[2023-05-25T10:31:20.174+0000] {taskinstance.py:2651} INFO - 0 downstream tasks scheduled from follow-on schedule check
