[2023-05-24T15:29:56.418+0000] {taskinstance.py:1103} INFO - Dependencies all met for dep_context=non-requeueable deps ti=<TaskInstance: dag_with_taskflow_api_v02.greet scheduled__2023-02-26T00:00:00+00:00 [queued]>
[2023-05-24T15:29:56.482+0000] {taskinstance.py:1103} INFO - Dependencies all met for dep_context=requeueable deps ti=<TaskInstance: dag_with_taskflow_api_v02.greet scheduled__2023-02-26T00:00:00+00:00 [queued]>
[2023-05-24T15:29:56.482+0000] {taskinstance.py:1308} INFO - Starting attempt 1 of 6
[2023-05-24T15:29:56.635+0000] {taskinstance.py:1327} INFO - Executing <Task(_PythonDecoratedOperator): greet> on 2023-02-26 00:00:00+00:00
[2023-05-24T15:29:56.661+0000] {standard_task_runner.py:57} INFO - Started process 3512 to run task
[2023-05-24T15:29:56.696+0000] {standard_task_runner.py:84} INFO - Running: ['***', 'tasks', 'run', 'dag_with_taskflow_api_v02', 'greet', 'scheduled__2023-02-26T00:00:00+00:00', '--job-id', '1491', '--raw', '--subdir', 'DAGS_FOLDER/first_dag.py', '--cfg-path', '/tmp/tmp81cxdmct']
[2023-05-24T15:29:56.720+0000] {standard_task_runner.py:85} INFO - Job 1491: Subtask greet
[2023-05-24T15:29:57.138+0000] {task_command.py:410} INFO - Running <TaskInstance: dag_with_taskflow_api_v02.greet scheduled__2023-02-26T00:00:00+00:00 [running]> on host 942de29f183d
[2023-05-24T15:29:57.707+0000] {taskinstance.py:1547} INFO - Exporting env vars: AIRFLOW_CTX_DAG_OWNER='Sai' AIRFLOW_CTX_DAG_ID='dag_with_taskflow_api_v02' AIRFLOW_CTX_TASK_ID='greet' AIRFLOW_CTX_EXECUTION_DATE='2023-02-26T00:00:00+00:00' AIRFLOW_CTX_TRY_NUMBER='1' AIRFLOW_CTX_DAG_RUN_ID='scheduled__2023-02-26T00:00:00+00:00'
[2023-05-24T15:29:57.708+0000] {logging_mixin.py:149} INFO - Hello World! My name is Sai Tr and I am 19 years old!
[2023-05-24T15:29:57.708+0000] {python.py:183} INFO - Done. Returned value was: None
[2023-05-24T15:29:57.776+0000] {taskinstance.py:1350} INFO - Marking task as SUCCESS. dag_id=dag_with_taskflow_api_v02, task_id=greet, execution_date=20230226T000000, start_date=20230524T152956, end_date=20230524T152957
[2023-05-24T15:29:57.881+0000] {local_task_job_runner.py:225} INFO - Task exited with return code 0
[2023-05-24T15:29:58.011+0000] {taskinstance.py:2651} INFO - 0 downstream tasks scheduled from follow-on schedule check
[2023-05-25T07:02:31.024+0000] {taskinstance.py:1103} INFO - Dependencies all met for dep_context=non-requeueable deps ti=<TaskInstance: dag_with_taskflow_api_v02.greet scheduled__2023-02-26T00:00:00+00:00 [queued]>
[2023-05-25T07:02:31.271+0000] {taskinstance.py:1103} INFO - Dependencies all met for dep_context=requeueable deps ti=<TaskInstance: dag_with_taskflow_api_v02.greet scheduled__2023-02-26T00:00:00+00:00 [queued]>
[2023-05-25T07:02:31.272+0000] {taskinstance.py:1308} INFO - Starting attempt 1 of 6
[2023-05-25T07:02:32.436+0000] {taskinstance.py:1327} INFO - Executing <Task(_PythonDecoratedOperator): greet> on 2023-02-26 00:00:00+00:00
[2023-05-25T07:02:32.495+0000] {standard_task_runner.py:57} INFO - Started process 5048 to run task
[2023-05-25T07:02:32.541+0000] {standard_task_runner.py:84} INFO - Running: ['***', 'tasks', 'run', 'dag_with_taskflow_api_v02', 'greet', 'scheduled__2023-02-26T00:00:00+00:00', '--job-id', '1494', '--raw', '--subdir', 'DAGS_FOLDER/first_dag.py', '--cfg-path', '/tmp/tmpelzrh8bu']
[2023-05-25T07:02:32.565+0000] {standard_task_runner.py:85} INFO - Job 1494: Subtask greet
[2023-05-25T07:02:32.930+0000] {task_command.py:410} INFO - Running <TaskInstance: dag_with_taskflow_api_v02.greet scheduled__2023-02-26T00:00:00+00:00 [running]> on host 6bd07c7477d9
[2023-05-25T07:02:33.803+0000] {taskinstance.py:1547} INFO - Exporting env vars: AIRFLOW_CTX_DAG_OWNER='Sai' AIRFLOW_CTX_DAG_ID='dag_with_taskflow_api_v02' AIRFLOW_CTX_TASK_ID='greet' AIRFLOW_CTX_EXECUTION_DATE='2023-02-26T00:00:00+00:00' AIRFLOW_CTX_TRY_NUMBER='1' AIRFLOW_CTX_DAG_RUN_ID='scheduled__2023-02-26T00:00:00+00:00'
[2023-05-25T07:02:33.805+0000] {logging_mixin.py:149} INFO - Hello World! My name is Sai Tr and I am 19 years old!
[2023-05-25T07:02:33.810+0000] {python.py:183} INFO - Done. Returned value was: None
[2023-05-25T07:02:33.883+0000] {taskinstance.py:1350} INFO - Marking task as SUCCESS. dag_id=dag_with_taskflow_api_v02, task_id=greet, execution_date=20230226T000000, start_date=20230525T070231, end_date=20230525T070233
[2023-05-25T07:02:34.048+0000] {local_task_job_runner.py:225} INFO - Task exited with return code 0
[2023-05-25T07:02:34.453+0000] {taskinstance.py:2651} INFO - 0 downstream tasks scheduled from follow-on schedule check
[2023-05-25T10:36:50.606+0000] {taskinstance.py:1103} INFO - Dependencies all met for dep_context=non-requeueable deps ti=<TaskInstance: dag_with_taskflow_api_v02.greet scheduled__2023-02-26T00:00:00+00:00 [queued]>
[2023-05-25T10:36:50.815+0000] {taskinstance.py:1103} INFO - Dependencies all met for dep_context=requeueable deps ti=<TaskInstance: dag_with_taskflow_api_v02.greet scheduled__2023-02-26T00:00:00+00:00 [queued]>
[2023-05-25T10:36:50.815+0000] {taskinstance.py:1308} INFO - Starting attempt 1 of 6
[2023-05-25T10:36:50.961+0000] {taskinstance.py:1327} INFO - Executing <Task(_PythonDecoratedOperator): greet> on 2023-02-26 00:00:00+00:00
[2023-05-25T10:36:50.988+0000] {standard_task_runner.py:57} INFO - Started process 4664 to run task
[2023-05-25T10:36:51.036+0000] {standard_task_runner.py:84} INFO - Running: ['***', 'tasks', 'run', 'dag_with_taskflow_api_v02', 'greet', 'scheduled__2023-02-26T00:00:00+00:00', '--job-id', '1495', '--raw', '--subdir', 'DAGS_FOLDER/first_dag.py', '--cfg-path', '/tmp/tmpeiae1zvg']
[2023-05-25T10:36:51.052+0000] {standard_task_runner.py:85} INFO - Job 1495: Subtask greet
[2023-05-25T10:36:51.357+0000] {task_command.py:410} INFO - Running <TaskInstance: dag_with_taskflow_api_v02.greet scheduled__2023-02-26T00:00:00+00:00 [running]> on host b1ae37a9584e
[2023-05-25T10:36:52.221+0000] {taskinstance.py:1547} INFO - Exporting env vars: AIRFLOW_CTX_DAG_OWNER='Sai' AIRFLOW_CTX_DAG_ID='dag_with_taskflow_api_v02' AIRFLOW_CTX_TASK_ID='greet' AIRFLOW_CTX_EXECUTION_DATE='2023-02-26T00:00:00+00:00' AIRFLOW_CTX_TRY_NUMBER='1' AIRFLOW_CTX_DAG_RUN_ID='scheduled__2023-02-26T00:00:00+00:00'
[2023-05-25T10:36:52.223+0000] {logging_mixin.py:149} INFO - Hello World! My name is Sai Tr and I am 19 years old!
[2023-05-25T10:36:52.223+0000] {python.py:183} INFO - Done. Returned value was: None
[2023-05-25T10:36:52.256+0000] {taskinstance.py:1350} INFO - Marking task as SUCCESS. dag_id=dag_with_taskflow_api_v02, task_id=greet, execution_date=20230226T000000, start_date=20230525T103650, end_date=20230525T103652
[2023-05-25T10:36:52.323+0000] {local_task_job_runner.py:225} INFO - Task exited with return code 0
[2023-05-25T10:36:52.434+0000] {taskinstance.py:2651} INFO - 0 downstream tasks scheduled from follow-on schedule check
