[2023-05-24T15:18:13.273+0000] {taskinstance.py:1103} INFO - Dependencies all met for dep_context=non-requeueable deps ti=<TaskInstance: dag_with_taskflow_api_v02.greet scheduled__2022-01-26T00:00:00+00:00 [queued]>
[2023-05-24T15:18:13.417+0000] {taskinstance.py:1103} INFO - Dependencies all met for dep_context=requeueable deps ti=<TaskInstance: dag_with_taskflow_api_v02.greet scheduled__2022-01-26T00:00:00+00:00 [queued]>
[2023-05-24T15:18:13.418+0000] {taskinstance.py:1308} INFO - Starting attempt 1 of 6
[2023-05-24T15:18:13.868+0000] {taskinstance.py:1327} INFO - Executing <Task(_PythonDecoratedOperator): greet> on 2022-01-26 00:00:00+00:00
[2023-05-24T15:18:13.911+0000] {standard_task_runner.py:57} INFO - Started process 847 to run task
[2023-05-24T15:18:13.934+0000] {standard_task_runner.py:84} INFO - Running: ['***', 'tasks', 'run', 'dag_with_taskflow_api_v02', 'greet', 'scheduled__2022-01-26T00:00:00+00:00', '--job-id', '293', '--raw', '--subdir', 'DAGS_FOLDER/first_dag.py', '--cfg-path', '/tmp/tmpp73_xrf_']
[2023-05-24T15:18:13.941+0000] {standard_task_runner.py:85} INFO - Job 293: Subtask greet
[2023-05-24T15:18:14.250+0000] {task_command.py:410} INFO - Running <TaskInstance: dag_with_taskflow_api_v02.greet scheduled__2022-01-26T00:00:00+00:00 [running]> on host 942de29f183d
[2023-05-24T15:18:14.848+0000] {taskinstance.py:1547} INFO - Exporting env vars: AIRFLOW_CTX_DAG_OWNER='Sai' AIRFLOW_CTX_DAG_ID='dag_with_taskflow_api_v02' AIRFLOW_CTX_TASK_ID='greet' AIRFLOW_CTX_EXECUTION_DATE='2022-01-26T00:00:00+00:00' AIRFLOW_CTX_TRY_NUMBER='1' AIRFLOW_CTX_DAG_RUN_ID='scheduled__2022-01-26T00:00:00+00:00'
[2023-05-24T15:18:14.854+0000] {logging_mixin.py:149} INFO - Hello World! My name is Sai Tr and I am 19 years old!
[2023-05-24T15:18:14.854+0000] {python.py:183} INFO - Done. Returned value was: None
[2023-05-24T15:18:14.964+0000] {taskinstance.py:1350} INFO - Marking task as SUCCESS. dag_id=dag_with_taskflow_api_v02, task_id=greet, execution_date=20220126T000000, start_date=20230524T151813, end_date=20230524T151814
[2023-05-24T15:18:15.100+0000] {local_task_job_runner.py:225} INFO - Task exited with return code 0
[2023-05-24T15:18:15.194+0000] {taskinstance.py:2651} INFO - 0 downstream tasks scheduled from follow-on schedule check
[2023-05-25T06:51:40.959+0000] {taskinstance.py:1103} INFO - Dependencies all met for dep_context=non-requeueable deps ti=<TaskInstance: dag_with_taskflow_api_v02.greet scheduled__2022-01-26T00:00:00+00:00 [queued]>
[2023-05-25T06:51:41.050+0000] {taskinstance.py:1103} INFO - Dependencies all met for dep_context=requeueable deps ti=<TaskInstance: dag_with_taskflow_api_v02.greet scheduled__2022-01-26T00:00:00+00:00 [queued]>
[2023-05-25T06:51:41.050+0000] {taskinstance.py:1308} INFO - Starting attempt 1 of 6
[2023-05-25T06:51:41.129+0000] {taskinstance.py:1327} INFO - Executing <Task(_PythonDecoratedOperator): greet> on 2022-01-26 00:00:00+00:00
[2023-05-25T06:51:41.136+0000] {standard_task_runner.py:57} INFO - Started process 2401 to run task
[2023-05-25T06:51:41.167+0000] {standard_task_runner.py:84} INFO - Running: ['***', 'tasks', 'run', 'dag_with_taskflow_api_v02', 'greet', 'scheduled__2022-01-26T00:00:00+00:00', '--job-id', '300', '--raw', '--subdir', 'DAGS_FOLDER/first_dag.py', '--cfg-path', '/tmp/tmpu25i1biv']
[2023-05-25T06:51:41.184+0000] {standard_task_runner.py:85} INFO - Job 300: Subtask greet
[2023-05-25T06:51:41.451+0000] {task_command.py:410} INFO - Running <TaskInstance: dag_with_taskflow_api_v02.greet scheduled__2022-01-26T00:00:00+00:00 [running]> on host 6bd07c7477d9
[2023-05-25T06:51:42.525+0000] {taskinstance.py:1547} INFO - Exporting env vars: AIRFLOW_CTX_DAG_OWNER='Sai' AIRFLOW_CTX_DAG_ID='dag_with_taskflow_api_v02' AIRFLOW_CTX_TASK_ID='greet' AIRFLOW_CTX_EXECUTION_DATE='2022-01-26T00:00:00+00:00' AIRFLOW_CTX_TRY_NUMBER='1' AIRFLOW_CTX_DAG_RUN_ID='scheduled__2022-01-26T00:00:00+00:00'
[2023-05-25T06:51:42.528+0000] {logging_mixin.py:149} INFO - Hello World! My name is Sai Tr and I am 19 years old!
[2023-05-25T06:51:42.529+0000] {python.py:183} INFO - Done. Returned value was: None
[2023-05-25T06:51:42.584+0000] {taskinstance.py:1350} INFO - Marking task as SUCCESS. dag_id=dag_with_taskflow_api_v02, task_id=greet, execution_date=20220126T000000, start_date=20230525T065140, end_date=20230525T065142
[2023-05-25T06:51:42.674+0000] {local_task_job_runner.py:225} INFO - Task exited with return code 0
[2023-05-25T06:51:42.891+0000] {taskinstance.py:2651} INFO - 0 downstream tasks scheduled from follow-on schedule check
[2023-05-25T10:22:17.425+0000] {taskinstance.py:1103} INFO - Dependencies all met for dep_context=non-requeueable deps ti=<TaskInstance: dag_with_taskflow_api_v02.greet scheduled__2022-01-26T00:00:00+00:00 [queued]>
[2023-05-25T10:22:17.512+0000] {taskinstance.py:1103} INFO - Dependencies all met for dep_context=requeueable deps ti=<TaskInstance: dag_with_taskflow_api_v02.greet scheduled__2022-01-26T00:00:00+00:00 [queued]>
[2023-05-25T10:22:17.514+0000] {taskinstance.py:1308} INFO - Starting attempt 1 of 6
[2023-05-25T10:22:17.631+0000] {taskinstance.py:1327} INFO - Executing <Task(_PythonDecoratedOperator): greet> on 2022-01-26 00:00:00+00:00
[2023-05-25T10:22:17.642+0000] {standard_task_runner.py:57} INFO - Started process 1910 to run task
[2023-05-25T10:22:17.679+0000] {standard_task_runner.py:84} INFO - Running: ['***', 'tasks', 'run', 'dag_with_taskflow_api_v02', 'greet', 'scheduled__2022-01-26T00:00:00+00:00', '--job-id', '286', '--raw', '--subdir', 'DAGS_FOLDER/first_dag.py', '--cfg-path', '/tmp/tmpla23iq37']
[2023-05-25T10:22:17.688+0000] {standard_task_runner.py:85} INFO - Job 286: Subtask greet
[2023-05-25T10:22:17.914+0000] {task_command.py:410} INFO - Running <TaskInstance: dag_with_taskflow_api_v02.greet scheduled__2022-01-26T00:00:00+00:00 [running]> on host b1ae37a9584e
[2023-05-25T10:22:18.369+0000] {taskinstance.py:1547} INFO - Exporting env vars: AIRFLOW_CTX_DAG_OWNER='Sai' AIRFLOW_CTX_DAG_ID='dag_with_taskflow_api_v02' AIRFLOW_CTX_TASK_ID='greet' AIRFLOW_CTX_EXECUTION_DATE='2022-01-26T00:00:00+00:00' AIRFLOW_CTX_TRY_NUMBER='1' AIRFLOW_CTX_DAG_RUN_ID='scheduled__2022-01-26T00:00:00+00:00'
[2023-05-25T10:22:18.370+0000] {logging_mixin.py:149} INFO - Hello World! My name is Sai Tr and I am 19 years old!
[2023-05-25T10:22:18.371+0000] {python.py:183} INFO - Done. Returned value was: None
[2023-05-25T10:22:18.423+0000] {taskinstance.py:1350} INFO - Marking task as SUCCESS. dag_id=dag_with_taskflow_api_v02, task_id=greet, execution_date=20220126T000000, start_date=20230525T102217, end_date=20230525T102218
[2023-05-25T10:22:18.814+0000] {local_task_job_runner.py:225} INFO - Task exited with return code 0
[2023-05-25T10:22:18.880+0000] {taskinstance.py:2651} INFO - 0 downstream tasks scheduled from follow-on schedule check
