[2023-05-24T15:31:09.072+0000] {taskinstance.py:1103} INFO - Dependencies all met for dep_context=non-requeueable deps ti=<TaskInstance: dag_with_taskflow_api_v02.get_name scheduled__2023-04-18T00:00:00+00:00 [queued]>
[2023-05-24T15:31:09.243+0000] {taskinstance.py:1103} INFO - Dependencies all met for dep_context=requeueable deps ti=<TaskInstance: dag_with_taskflow_api_v02.get_name scheduled__2023-04-18T00:00:00+00:00 [queued]>
[2023-05-24T15:31:09.250+0000] {taskinstance.py:1308} INFO - Starting attempt 1 of 6
[2023-05-24T15:31:09.392+0000] {taskinstance.py:1327} INFO - Executing <Task(_PythonDecoratedOperator): get_name> on 2023-04-18 00:00:00+00:00
[2023-05-24T15:31:09.414+0000] {standard_task_runner.py:57} INFO - Started process 3807 to run task
[2023-05-24T15:31:09.433+0000] {standard_task_runner.py:84} INFO - Running: ['***', 'tasks', 'run', 'dag_with_taskflow_api_v02', 'get_name', 'scheduled__2023-04-18T00:00:00+00:00', '--job-id', '1621', '--raw', '--subdir', 'DAGS_FOLDER/first_dag.py', '--cfg-path', '/tmp/tmpojf0n8ue']
[2023-05-24T15:31:09.450+0000] {standard_task_runner.py:85} INFO - Job 1621: Subtask get_name
[2023-05-24T15:31:09.688+0000] {task_command.py:410} INFO - Running <TaskInstance: dag_with_taskflow_api_v02.get_name scheduled__2023-04-18T00:00:00+00:00 [running]> on host 942de29f183d
[2023-05-24T15:31:10.637+0000] {taskinstance.py:1547} INFO - Exporting env vars: AIRFLOW_CTX_DAG_OWNER='Sai' AIRFLOW_CTX_DAG_ID='dag_with_taskflow_api_v02' AIRFLOW_CTX_TASK_ID='get_name' AIRFLOW_CTX_EXECUTION_DATE='2023-04-18T00:00:00+00:00' AIRFLOW_CTX_TRY_NUMBER='1' AIRFLOW_CTX_DAG_RUN_ID='scheduled__2023-04-18T00:00:00+00:00'
[2023-05-24T15:31:10.639+0000] {python.py:183} INFO - Done. Returned value was: {'first_name': 'Sai', 'last_name': 'Tr'}
[2023-05-24T15:31:10.967+0000] {taskinstance.py:1350} INFO - Marking task as SUCCESS. dag_id=dag_with_taskflow_api_v02, task_id=get_name, execution_date=20230418T000000, start_date=20230524T153109, end_date=20230524T153110
[2023-05-24T15:31:11.039+0000] {local_task_job_runner.py:225} INFO - Task exited with return code 0
[2023-05-24T15:31:11.225+0000] {taskinstance.py:2651} INFO - 1 downstream tasks scheduled from follow-on schedule check
[2023-05-25T07:03:39.783+0000] {taskinstance.py:1103} INFO - Dependencies all met for dep_context=non-requeueable deps ti=<TaskInstance: dag_with_taskflow_api_v02.get_name scheduled__2023-04-18T00:00:00+00:00 [queued]>
[2023-05-25T07:03:39.877+0000] {taskinstance.py:1103} INFO - Dependencies all met for dep_context=requeueable deps ti=<TaskInstance: dag_with_taskflow_api_v02.get_name scheduled__2023-04-18T00:00:00+00:00 [queued]>
[2023-05-25T07:03:39.877+0000] {taskinstance.py:1308} INFO - Starting attempt 1 of 6
[2023-05-25T07:03:40.201+0000] {taskinstance.py:1327} INFO - Executing <Task(_PythonDecoratedOperator): get_name> on 2023-04-18 00:00:00+00:00
[2023-05-25T07:03:40.231+0000] {standard_task_runner.py:57} INFO - Started process 5322 to run task
[2023-05-25T07:03:40.252+0000] {standard_task_runner.py:84} INFO - Running: ['***', 'tasks', 'run', 'dag_with_taskflow_api_v02', 'get_name', 'scheduled__2023-04-18T00:00:00+00:00', '--job-id', '1620', '--raw', '--subdir', 'DAGS_FOLDER/first_dag.py', '--cfg-path', '/tmp/tmpx6vlcper']
[2023-05-25T07:03:40.286+0000] {standard_task_runner.py:85} INFO - Job 1620: Subtask get_name
[2023-05-25T07:03:40.672+0000] {task_command.py:410} INFO - Running <TaskInstance: dag_with_taskflow_api_v02.get_name scheduled__2023-04-18T00:00:00+00:00 [running]> on host 6bd07c7477d9
[2023-05-25T07:03:41.346+0000] {taskinstance.py:1547} INFO - Exporting env vars: AIRFLOW_CTX_DAG_OWNER='Sai' AIRFLOW_CTX_DAG_ID='dag_with_taskflow_api_v02' AIRFLOW_CTX_TASK_ID='get_name' AIRFLOW_CTX_EXECUTION_DATE='2023-04-18T00:00:00+00:00' AIRFLOW_CTX_TRY_NUMBER='1' AIRFLOW_CTX_DAG_RUN_ID='scheduled__2023-04-18T00:00:00+00:00'
[2023-05-25T07:03:41.348+0000] {python.py:183} INFO - Done. Returned value was: {'first_name': 'Sai', 'last_name': 'Tr'}
[2023-05-25T07:03:41.612+0000] {taskinstance.py:1350} INFO - Marking task as SUCCESS. dag_id=dag_with_taskflow_api_v02, task_id=get_name, execution_date=20230418T000000, start_date=20230525T070339, end_date=20230525T070341
[2023-05-25T07:03:41.724+0000] {local_task_job_runner.py:225} INFO - Task exited with return code 0
[2023-05-25T07:03:41.911+0000] {taskinstance.py:2651} INFO - 1 downstream tasks scheduled from follow-on schedule check
[2023-05-25T10:38:20.725+0000] {taskinstance.py:1103} INFO - Dependencies all met for dep_context=non-requeueable deps ti=<TaskInstance: dag_with_taskflow_api_v02.get_name scheduled__2023-04-18T00:00:00+00:00 [queued]>
[2023-05-25T10:38:20.889+0000] {taskinstance.py:1103} INFO - Dependencies all met for dep_context=requeueable deps ti=<TaskInstance: dag_with_taskflow_api_v02.get_name scheduled__2023-04-18T00:00:00+00:00 [queued]>
[2023-05-25T10:38:20.889+0000] {taskinstance.py:1308} INFO - Starting attempt 1 of 6
[2023-05-25T10:38:22.247+0000] {taskinstance.py:1327} INFO - Executing <Task(_PythonDecoratedOperator): get_name> on 2023-04-18 00:00:00+00:00
[2023-05-25T10:38:22.328+0000] {standard_task_runner.py:57} INFO - Started process 4985 to run task
[2023-05-25T10:38:22.385+0000] {standard_task_runner.py:84} INFO - Running: ['***', 'tasks', 'run', 'dag_with_taskflow_api_v02', 'get_name', 'scheduled__2023-04-18T00:00:00+00:00', '--job-id', '1634', '--raw', '--subdir', 'DAGS_FOLDER/first_dag.py', '--cfg-path', '/tmp/tmpcdwodyoj']
[2023-05-25T10:38:22.407+0000] {standard_task_runner.py:85} INFO - Job 1634: Subtask get_name
[2023-05-25T10:38:22.833+0000] {task_command.py:410} INFO - Running <TaskInstance: dag_with_taskflow_api_v02.get_name scheduled__2023-04-18T00:00:00+00:00 [running]> on host b1ae37a9584e
[2023-05-25T10:38:23.932+0000] {taskinstance.py:1547} INFO - Exporting env vars: AIRFLOW_CTX_DAG_OWNER='Sai' AIRFLOW_CTX_DAG_ID='dag_with_taskflow_api_v02' AIRFLOW_CTX_TASK_ID='get_name' AIRFLOW_CTX_EXECUTION_DATE='2023-04-18T00:00:00+00:00' AIRFLOW_CTX_TRY_NUMBER='1' AIRFLOW_CTX_DAG_RUN_ID='scheduled__2023-04-18T00:00:00+00:00'
[2023-05-25T10:38:23.933+0000] {python.py:183} INFO - Done. Returned value was: {'first_name': 'Sai', 'last_name': 'Tr'}
[2023-05-25T10:38:24.443+0000] {taskinstance.py:1350} INFO - Marking task as SUCCESS. dag_id=dag_with_taskflow_api_v02, task_id=get_name, execution_date=20230418T000000, start_date=20230525T103820, end_date=20230525T103824
[2023-05-25T10:38:24.537+0000] {local_task_job_runner.py:225} INFO - Task exited with return code 0
[2023-05-25T10:38:24.761+0000] {taskinstance.py:2651} INFO - 0 downstream tasks scheduled from follow-on schedule check
