[2023-05-24T15:23:15.031+0000] {taskinstance.py:1103} INFO - Dependencies all met for dep_context=non-requeueable deps ti=<TaskInstance: dag_with_taskflow_api_v02.greet scheduled__2022-06-30T00:00:00+00:00 [queued]>
[2023-05-24T15:23:15.150+0000] {taskinstance.py:1103} INFO - Dependencies all met for dep_context=requeueable deps ti=<TaskInstance: dag_with_taskflow_api_v02.greet scheduled__2022-06-30T00:00:00+00:00 [queued]>
[2023-05-24T15:23:15.151+0000] {taskinstance.py:1308} INFO - Starting attempt 1 of 6
[2023-05-24T15:23:15.760+0000] {taskinstance.py:1327} INFO - Executing <Task(_PythonDecoratedOperator): greet> on 2022-06-30 00:00:00+00:00
[2023-05-24T15:23:15.767+0000] {standard_task_runner.py:57} INFO - Started process 1917 to run task
[2023-05-24T15:23:15.807+0000] {standard_task_runner.py:84} INFO - Running: ['***', 'tasks', 'run', 'dag_with_taskflow_api_v02', 'greet', 'scheduled__2022-06-30T00:00:00+00:00', '--job-id', '766', '--raw', '--subdir', 'DAGS_FOLDER/first_dag.py', '--cfg-path', '/tmp/tmph1b4jg71']
[2023-05-24T15:23:15.810+0000] {standard_task_runner.py:85} INFO - Job 766: Subtask greet
[2023-05-24T15:23:16.134+0000] {task_command.py:410} INFO - Running <TaskInstance: dag_with_taskflow_api_v02.greet scheduled__2022-06-30T00:00:00+00:00 [running]> on host 942de29f183d
[2023-05-24T15:23:17.274+0000] {taskinstance.py:1547} INFO - Exporting env vars: AIRFLOW_CTX_DAG_OWNER='Sai' AIRFLOW_CTX_DAG_ID='dag_with_taskflow_api_v02' AIRFLOW_CTX_TASK_ID='greet' AIRFLOW_CTX_EXECUTION_DATE='2022-06-30T00:00:00+00:00' AIRFLOW_CTX_TRY_NUMBER='1' AIRFLOW_CTX_DAG_RUN_ID='scheduled__2022-06-30T00:00:00+00:00'
[2023-05-24T15:23:17.283+0000] {logging_mixin.py:149} INFO - Hello World! My name is Sai Tr and I am 19 years old!
[2023-05-24T15:23:17.284+0000] {python.py:183} INFO - Done. Returned value was: None
[2023-05-24T15:23:17.331+0000] {taskinstance.py:1350} INFO - Marking task as SUCCESS. dag_id=dag_with_taskflow_api_v02, task_id=greet, execution_date=20220630T000000, start_date=20230524T152315, end_date=20230524T152317
[2023-05-24T15:23:17.436+0000] {local_task_job_runner.py:225} INFO - Task exited with return code 0
[2023-05-24T15:23:18.248+0000] {taskinstance.py:2651} INFO - 0 downstream tasks scheduled from follow-on schedule check
[2023-05-25T06:55:43.330+0000] {taskinstance.py:1103} INFO - Dependencies all met for dep_context=non-requeueable deps ti=<TaskInstance: dag_with_taskflow_api_v02.greet scheduled__2022-06-30T00:00:00+00:00 [queued]>
[2023-05-25T06:55:43.455+0000] {taskinstance.py:1103} INFO - Dependencies all met for dep_context=requeueable deps ti=<TaskInstance: dag_with_taskflow_api_v02.greet scheduled__2022-06-30T00:00:00+00:00 [queued]>
[2023-05-25T06:55:43.455+0000] {taskinstance.py:1308} INFO - Starting attempt 1 of 6
[2023-05-25T06:55:43.569+0000] {taskinstance.py:1327} INFO - Executing <Task(_PythonDecoratedOperator): greet> on 2022-06-30 00:00:00+00:00
[2023-05-25T06:55:43.576+0000] {standard_task_runner.py:57} INFO - Started process 3394 to run task
[2023-05-25T06:55:43.595+0000] {standard_task_runner.py:84} INFO - Running: ['***', 'tasks', 'run', 'dag_with_taskflow_api_v02', 'greet', 'scheduled__2022-06-30T00:00:00+00:00', '--job-id', '751', '--raw', '--subdir', 'DAGS_FOLDER/first_dag.py', '--cfg-path', '/tmp/tmpzycb4lzg']
[2023-05-25T06:55:43.598+0000] {standard_task_runner.py:85} INFO - Job 751: Subtask greet
[2023-05-25T06:55:43.683+0000] {task_command.py:410} INFO - Running <TaskInstance: dag_with_taskflow_api_v02.greet scheduled__2022-06-30T00:00:00+00:00 [running]> on host 6bd07c7477d9
[2023-05-25T06:55:43.868+0000] {taskinstance.py:1547} INFO - Exporting env vars: AIRFLOW_CTX_DAG_OWNER='Sai' AIRFLOW_CTX_DAG_ID='dag_with_taskflow_api_v02' AIRFLOW_CTX_TASK_ID='greet' AIRFLOW_CTX_EXECUTION_DATE='2022-06-30T00:00:00+00:00' AIRFLOW_CTX_TRY_NUMBER='1' AIRFLOW_CTX_DAG_RUN_ID='scheduled__2022-06-30T00:00:00+00:00'
[2023-05-25T06:55:43.869+0000] {logging_mixin.py:149} INFO - Hello World! My name is Sai Tr and I am 19 years old!
[2023-05-25T06:55:43.869+0000] {python.py:183} INFO - Done. Returned value was: None
[2023-05-25T06:55:43.882+0000] {taskinstance.py:1350} INFO - Marking task as SUCCESS. dag_id=dag_with_taskflow_api_v02, task_id=greet, execution_date=20220630T000000, start_date=20230525T065543, end_date=20230525T065543
[2023-05-25T06:55:43.928+0000] {local_task_job_runner.py:225} INFO - Task exited with return code 0
[2023-05-25T06:55:43.952+0000] {taskinstance.py:2651} INFO - 0 downstream tasks scheduled from follow-on schedule check
[2023-05-25T10:27:27.277+0000] {taskinstance.py:1103} INFO - Dependencies all met for dep_context=non-requeueable deps ti=<TaskInstance: dag_with_taskflow_api_v02.greet scheduled__2022-06-30T00:00:00+00:00 [queued]>
[2023-05-25T10:27:27.295+0000] {taskinstance.py:1103} INFO - Dependencies all met for dep_context=requeueable deps ti=<TaskInstance: dag_with_taskflow_api_v02.greet scheduled__2022-06-30T00:00:00+00:00 [queued]>
[2023-05-25T10:27:27.296+0000] {taskinstance.py:1308} INFO - Starting attempt 1 of 6
[2023-05-25T10:27:27.329+0000] {taskinstance.py:1327} INFO - Executing <Task(_PythonDecoratedOperator): greet> on 2022-06-30 00:00:00+00:00
[2023-05-25T10:27:27.339+0000] {standard_task_runner.py:57} INFO - Started process 2988 to run task
[2023-05-25T10:27:27.345+0000] {standard_task_runner.py:84} INFO - Running: ['***', 'tasks', 'run', 'dag_with_taskflow_api_v02', 'greet', 'scheduled__2022-06-30T00:00:00+00:00', '--job-id', '766', '--raw', '--subdir', 'DAGS_FOLDER/first_dag.py', '--cfg-path', '/tmp/tmpe1qn4d3z']
[2023-05-25T10:27:27.348+0000] {standard_task_runner.py:85} INFO - Job 766: Subtask greet
[2023-05-25T10:27:27.444+0000] {task_command.py:410} INFO - Running <TaskInstance: dag_with_taskflow_api_v02.greet scheduled__2022-06-30T00:00:00+00:00 [running]> on host b1ae37a9584e
[2023-05-25T10:27:27.699+0000] {taskinstance.py:1547} INFO - Exporting env vars: AIRFLOW_CTX_DAG_OWNER='Sai' AIRFLOW_CTX_DAG_ID='dag_with_taskflow_api_v02' AIRFLOW_CTX_TASK_ID='greet' AIRFLOW_CTX_EXECUTION_DATE='2022-06-30T00:00:00+00:00' AIRFLOW_CTX_TRY_NUMBER='1' AIRFLOW_CTX_DAG_RUN_ID='scheduled__2022-06-30T00:00:00+00:00'
[2023-05-25T10:27:27.701+0000] {logging_mixin.py:149} INFO - Hello World! My name is Sai Tr and I am 19 years old!
[2023-05-25T10:27:27.702+0000] {python.py:183} INFO - Done. Returned value was: None
[2023-05-25T10:27:27.722+0000] {taskinstance.py:1350} INFO - Marking task as SUCCESS. dag_id=dag_with_taskflow_api_v02, task_id=greet, execution_date=20220630T000000, start_date=20230525T102727, end_date=20230525T102727
[2023-05-25T10:27:27.799+0000] {local_task_job_runner.py:225} INFO - Task exited with return code 0
[2023-05-25T10:27:27.884+0000] {taskinstance.py:2651} INFO - 0 downstream tasks scheduled from follow-on schedule check
