[2023-05-24T15:31:16.320+0000] {taskinstance.py:1103} INFO - Dependencies all met for dep_context=non-requeueable deps ti=<TaskInstance: dag_with_taskflow_api_v02.get_age scheduled__2023-04-25T00:00:00+00:00 [queued]>
[2023-05-24T15:31:16.372+0000] {taskinstance.py:1103} INFO - Dependencies all met for dep_context=requeueable deps ti=<TaskInstance: dag_with_taskflow_api_v02.get_age scheduled__2023-04-25T00:00:00+00:00 [queued]>
[2023-05-24T15:31:16.372+0000] {taskinstance.py:1308} INFO - Starting attempt 1 of 6
[2023-05-24T15:31:16.560+0000] {taskinstance.py:1327} INFO - Executing <Task(_PythonDecoratedOperator): get_age> on 2023-04-25 00:00:00+00:00
[2023-05-24T15:31:16.619+0000] {standard_task_runner.py:57} INFO - Started process 3846 to run task
[2023-05-24T15:31:16.671+0000] {standard_task_runner.py:84} INFO - Running: ['***', 'tasks', 'run', 'dag_with_taskflow_api_v02', 'get_age', 'scheduled__2023-04-25T00:00:00+00:00', '--job-id', '1637', '--raw', '--subdir', 'DAGS_FOLDER/first_dag.py', '--cfg-path', '/tmp/tmpluan6y42']
[2023-05-24T15:31:16.704+0000] {standard_task_runner.py:85} INFO - Job 1637: Subtask get_age
[2023-05-24T15:31:17.015+0000] {task_command.py:410} INFO - Running <TaskInstance: dag_with_taskflow_api_v02.get_age scheduled__2023-04-25T00:00:00+00:00 [running]> on host 942de29f183d
[2023-05-24T15:31:17.996+0000] {taskinstance.py:1547} INFO - Exporting env vars: AIRFLOW_CTX_DAG_OWNER='Sai' AIRFLOW_CTX_DAG_ID='dag_with_taskflow_api_v02' AIRFLOW_CTX_TASK_ID='get_age' AIRFLOW_CTX_EXECUTION_DATE='2023-04-25T00:00:00+00:00' AIRFLOW_CTX_TRY_NUMBER='1' AIRFLOW_CTX_DAG_RUN_ID='scheduled__2023-04-25T00:00:00+00:00'
[2023-05-24T15:31:17.998+0000] {python.py:183} INFO - Done. Returned value was: 19
[2023-05-24T15:31:18.150+0000] {taskinstance.py:1350} INFO - Marking task as SUCCESS. dag_id=dag_with_taskflow_api_v02, task_id=get_age, execution_date=20230425T000000, start_date=20230524T153116, end_date=20230524T153118
[2023-05-24T15:31:18.300+0000] {local_task_job_runner.py:225} INFO - Task exited with return code 0
[2023-05-24T15:31:18.655+0000] {taskinstance.py:2651} INFO - 0 downstream tasks scheduled from follow-on schedule check
[2023-05-25T07:03:54.054+0000] {taskinstance.py:1103} INFO - Dependencies all met for dep_context=non-requeueable deps ti=<TaskInstance: dag_with_taskflow_api_v02.get_age scheduled__2023-04-25T00:00:00+00:00 [queued]>
[2023-05-25T07:03:54.174+0000] {taskinstance.py:1103} INFO - Dependencies all met for dep_context=requeueable deps ti=<TaskInstance: dag_with_taskflow_api_v02.get_age scheduled__2023-04-25T00:00:00+00:00 [queued]>
[2023-05-25T07:03:54.175+0000] {taskinstance.py:1308} INFO - Starting attempt 1 of 6
[2023-05-25T07:03:54.394+0000] {taskinstance.py:1327} INFO - Executing <Task(_PythonDecoratedOperator): get_age> on 2023-04-25 00:00:00+00:00
[2023-05-25T07:03:54.419+0000] {standard_task_runner.py:57} INFO - Started process 5375 to run task
[2023-05-25T07:03:54.434+0000] {standard_task_runner.py:84} INFO - Running: ['***', 'tasks', 'run', 'dag_with_taskflow_api_v02', 'get_age', 'scheduled__2023-04-25T00:00:00+00:00', '--job-id', '1642', '--raw', '--subdir', 'DAGS_FOLDER/first_dag.py', '--cfg-path', '/tmp/tmphzv0eusf']
[2023-05-25T07:03:54.468+0000] {standard_task_runner.py:85} INFO - Job 1642: Subtask get_age
[2023-05-25T07:03:54.805+0000] {task_command.py:410} INFO - Running <TaskInstance: dag_with_taskflow_api_v02.get_age scheduled__2023-04-25T00:00:00+00:00 [running]> on host 6bd07c7477d9
[2023-05-25T07:03:55.887+0000] {taskinstance.py:1547} INFO - Exporting env vars: AIRFLOW_CTX_DAG_OWNER='Sai' AIRFLOW_CTX_DAG_ID='dag_with_taskflow_api_v02' AIRFLOW_CTX_TASK_ID='get_age' AIRFLOW_CTX_EXECUTION_DATE='2023-04-25T00:00:00+00:00' AIRFLOW_CTX_TRY_NUMBER='1' AIRFLOW_CTX_DAG_RUN_ID='scheduled__2023-04-25T00:00:00+00:00'
[2023-05-25T07:03:55.888+0000] {python.py:183} INFO - Done. Returned value was: 19
[2023-05-25T07:03:55.978+0000] {taskinstance.py:1350} INFO - Marking task as SUCCESS. dag_id=dag_with_taskflow_api_v02, task_id=get_age, execution_date=20230425T000000, start_date=20230525T070354, end_date=20230525T070355
[2023-05-25T07:03:56.131+0000] {local_task_job_runner.py:225} INFO - Task exited with return code 0
[2023-05-25T07:03:56.413+0000] {taskinstance.py:2651} INFO - 0 downstream tasks scheduled from follow-on schedule check
[2023-05-25T10:38:30.190+0000] {taskinstance.py:1103} INFO - Dependencies all met for dep_context=non-requeueable deps ti=<TaskInstance: dag_with_taskflow_api_v02.get_age scheduled__2023-04-25T00:00:00+00:00 [queued]>
[2023-05-25T10:38:30.252+0000] {taskinstance.py:1103} INFO - Dependencies all met for dep_context=requeueable deps ti=<TaskInstance: dag_with_taskflow_api_v02.get_age scheduled__2023-04-25T00:00:00+00:00 [queued]>
[2023-05-25T10:38:30.252+0000] {taskinstance.py:1308} INFO - Starting attempt 1 of 6
[2023-05-25T10:38:30.323+0000] {taskinstance.py:1327} INFO - Executing <Task(_PythonDecoratedOperator): get_age> on 2023-04-25 00:00:00+00:00
[2023-05-25T10:38:30.344+0000] {standard_task_runner.py:57} INFO - Started process 5022 to run task
[2023-05-25T10:38:30.365+0000] {standard_task_runner.py:84} INFO - Running: ['***', 'tasks', 'run', 'dag_with_taskflow_api_v02', 'get_age', 'scheduled__2023-04-25T00:00:00+00:00', '--job-id', '1651', '--raw', '--subdir', 'DAGS_FOLDER/first_dag.py', '--cfg-path', '/tmp/tmpn1pa9fjk']
[2023-05-25T10:38:30.368+0000] {standard_task_runner.py:85} INFO - Job 1651: Subtask get_age
[2023-05-25T10:38:30.673+0000] {task_command.py:410} INFO - Running <TaskInstance: dag_with_taskflow_api_v02.get_age scheduled__2023-04-25T00:00:00+00:00 [running]> on host b1ae37a9584e
[2023-05-25T10:38:31.413+0000] {taskinstance.py:1547} INFO - Exporting env vars: AIRFLOW_CTX_DAG_OWNER='Sai' AIRFLOW_CTX_DAG_ID='dag_with_taskflow_api_v02' AIRFLOW_CTX_TASK_ID='get_age' AIRFLOW_CTX_EXECUTION_DATE='2023-04-25T00:00:00+00:00' AIRFLOW_CTX_TRY_NUMBER='1' AIRFLOW_CTX_DAG_RUN_ID='scheduled__2023-04-25T00:00:00+00:00'
[2023-05-25T10:38:31.414+0000] {python.py:183} INFO - Done. Returned value was: 19
[2023-05-25T10:38:31.506+0000] {taskinstance.py:1350} INFO - Marking task as SUCCESS. dag_id=dag_with_taskflow_api_v02, task_id=get_age, execution_date=20230425T000000, start_date=20230525T103830, end_date=20230525T103831
[2023-05-25T10:38:31.576+0000] {local_task_job_runner.py:225} INFO - Task exited with return code 0
[2023-05-25T10:38:32.050+0000] {taskinstance.py:2651} INFO - 1 downstream tasks scheduled from follow-on schedule check
