[2023-05-24T15:21:04.329+0000] {taskinstance.py:1103} INFO - Dependencies all met for dep_context=non-requeueable deps ti=<TaskInstance: dag_with_taskflow_api_v02.greet scheduled__2022-04-29T00:00:00+00:00 [queued]>
[2023-05-24T15:21:04.355+0000] {taskinstance.py:1103} INFO - Dependencies all met for dep_context=requeueable deps ti=<TaskInstance: dag_with_taskflow_api_v02.greet scheduled__2022-04-29T00:00:00+00:00 [queued]>
[2023-05-24T15:21:04.356+0000] {taskinstance.py:1308} INFO - Starting attempt 1 of 6
[2023-05-24T15:21:04.394+0000] {taskinstance.py:1327} INFO - Executing <Task(_PythonDecoratedOperator): greet> on 2022-04-29 00:00:00+00:00
[2023-05-24T15:21:04.401+0000] {standard_task_runner.py:57} INFO - Started process 1463 to run task
[2023-05-24T15:21:04.416+0000] {standard_task_runner.py:84} INFO - Running: ['***', 'tasks', 'run', 'dag_with_taskflow_api_v02', 'greet', 'scheduled__2022-04-29T00:00:00+00:00', '--job-id', '567', '--raw', '--subdir', 'DAGS_FOLDER/first_dag.py', '--cfg-path', '/tmp/tmpci0sz9tn']
[2023-05-24T15:21:04.419+0000] {standard_task_runner.py:85} INFO - Job 567: Subtask greet
[2023-05-24T15:21:04.603+0000] {task_command.py:410} INFO - Running <TaskInstance: dag_with_taskflow_api_v02.greet scheduled__2022-04-29T00:00:00+00:00 [running]> on host 942de29f183d
[2023-05-24T15:21:05.003+0000] {taskinstance.py:1547} INFO - Exporting env vars: AIRFLOW_CTX_DAG_OWNER='Sai' AIRFLOW_CTX_DAG_ID='dag_with_taskflow_api_v02' AIRFLOW_CTX_TASK_ID='greet' AIRFLOW_CTX_EXECUTION_DATE='2022-04-29T00:00:00+00:00' AIRFLOW_CTX_TRY_NUMBER='1' AIRFLOW_CTX_DAG_RUN_ID='scheduled__2022-04-29T00:00:00+00:00'
[2023-05-24T15:21:05.005+0000] {logging_mixin.py:149} INFO - Hello World! My name is Sai Tr and I am 19 years old!
[2023-05-24T15:21:05.010+0000] {python.py:183} INFO - Done. Returned value was: None
[2023-05-24T15:21:05.046+0000] {taskinstance.py:1350} INFO - Marking task as SUCCESS. dag_id=dag_with_taskflow_api_v02, task_id=greet, execution_date=20220429T000000, start_date=20230524T152104, end_date=20230524T152105
[2023-05-24T15:21:05.108+0000] {local_task_job_runner.py:225} INFO - Task exited with return code 0
[2023-05-24T15:21:05.162+0000] {taskinstance.py:2651} INFO - 0 downstream tasks scheduled from follow-on schedule check
[2023-05-25T06:54:08.609+0000] {taskinstance.py:1103} INFO - Dependencies all met for dep_context=non-requeueable deps ti=<TaskInstance: dag_with_taskflow_api_v02.greet scheduled__2022-04-29T00:00:00+00:00 [queued]>
[2023-05-25T06:54:08.651+0000] {taskinstance.py:1103} INFO - Dependencies all met for dep_context=requeueable deps ti=<TaskInstance: dag_with_taskflow_api_v02.greet scheduled__2022-04-29T00:00:00+00:00 [queued]>
[2023-05-25T06:54:08.652+0000] {taskinstance.py:1308} INFO - Starting attempt 1 of 6
[2023-05-25T06:54:08.809+0000] {taskinstance.py:1327} INFO - Executing <Task(_PythonDecoratedOperator): greet> on 2022-04-29 00:00:00+00:00
[2023-05-25T06:54:08.828+0000] {standard_task_runner.py:57} INFO - Started process 3002 to run task
[2023-05-25T06:54:08.881+0000] {standard_task_runner.py:84} INFO - Running: ['***', 'tasks', 'run', 'dag_with_taskflow_api_v02', 'greet', 'scheduled__2022-04-29T00:00:00+00:00', '--job-id', '578', '--raw', '--subdir', 'DAGS_FOLDER/first_dag.py', '--cfg-path', '/tmp/tmpjkwp2_d4']
[2023-05-25T06:54:08.884+0000] {standard_task_runner.py:85} INFO - Job 578: Subtask greet
[2023-05-25T06:54:09.212+0000] {task_command.py:410} INFO - Running <TaskInstance: dag_with_taskflow_api_v02.greet scheduled__2022-04-29T00:00:00+00:00 [running]> on host 6bd07c7477d9
[2023-05-25T06:54:09.750+0000] {taskinstance.py:1547} INFO - Exporting env vars: AIRFLOW_CTX_DAG_OWNER='Sai' AIRFLOW_CTX_DAG_ID='dag_with_taskflow_api_v02' AIRFLOW_CTX_TASK_ID='greet' AIRFLOW_CTX_EXECUTION_DATE='2022-04-29T00:00:00+00:00' AIRFLOW_CTX_TRY_NUMBER='1' AIRFLOW_CTX_DAG_RUN_ID='scheduled__2022-04-29T00:00:00+00:00'
[2023-05-25T06:54:09.752+0000] {logging_mixin.py:149} INFO - Hello World! My name is Sai Tr and I am 19 years old!
[2023-05-25T06:54:09.753+0000] {python.py:183} INFO - Done. Returned value was: None
[2023-05-25T06:54:09.781+0000] {taskinstance.py:1350} INFO - Marking task as SUCCESS. dag_id=dag_with_taskflow_api_v02, task_id=greet, execution_date=20220429T000000, start_date=20230525T065408, end_date=20230525T065409
[2023-05-25T06:54:09.857+0000] {local_task_job_runner.py:225} INFO - Task exited with return code 0
[2023-05-25T06:54:09.923+0000] {taskinstance.py:2651} INFO - 0 downstream tasks scheduled from follow-on schedule check
[2023-05-25T10:25:31.057+0000] {taskinstance.py:1103} INFO - Dependencies all met for dep_context=non-requeueable deps ti=<TaskInstance: dag_with_taskflow_api_v02.greet scheduled__2022-04-29T00:00:00+00:00 [queued]>
[2023-05-25T10:25:31.181+0000] {taskinstance.py:1103} INFO - Dependencies all met for dep_context=requeueable deps ti=<TaskInstance: dag_with_taskflow_api_v02.greet scheduled__2022-04-29T00:00:00+00:00 [queued]>
[2023-05-25T10:25:31.182+0000] {taskinstance.py:1308} INFO - Starting attempt 1 of 6
[2023-05-25T10:25:31.236+0000] {taskinstance.py:1327} INFO - Executing <Task(_PythonDecoratedOperator): greet> on 2022-04-29 00:00:00+00:00
[2023-05-25T10:25:31.256+0000] {standard_task_runner.py:57} INFO - Started process 2594 to run task
[2023-05-25T10:25:31.264+0000] {standard_task_runner.py:84} INFO - Running: ['***', 'tasks', 'run', 'dag_with_taskflow_api_v02', 'greet', 'scheduled__2022-04-29T00:00:00+00:00', '--job-id', '588', '--raw', '--subdir', 'DAGS_FOLDER/first_dag.py', '--cfg-path', '/tmp/tmp2icl17p5']
[2023-05-25T10:25:31.295+0000] {standard_task_runner.py:85} INFO - Job 588: Subtask greet
[2023-05-25T10:25:31.541+0000] {task_command.py:410} INFO - Running <TaskInstance: dag_with_taskflow_api_v02.greet scheduled__2022-04-29T00:00:00+00:00 [running]> on host b1ae37a9584e
[2023-05-25T10:25:32.170+0000] {taskinstance.py:1547} INFO - Exporting env vars: AIRFLOW_CTX_DAG_OWNER='Sai' AIRFLOW_CTX_DAG_ID='dag_with_taskflow_api_v02' AIRFLOW_CTX_TASK_ID='greet' AIRFLOW_CTX_EXECUTION_DATE='2022-04-29T00:00:00+00:00' AIRFLOW_CTX_TRY_NUMBER='1' AIRFLOW_CTX_DAG_RUN_ID='scheduled__2022-04-29T00:00:00+00:00'
[2023-05-25T10:25:32.172+0000] {logging_mixin.py:149} INFO - Hello World! My name is Sai Tr and I am 19 years old!
[2023-05-25T10:25:32.172+0000] {python.py:183} INFO - Done. Returned value was: None
[2023-05-25T10:25:32.215+0000] {taskinstance.py:1350} INFO - Marking task as SUCCESS. dag_id=dag_with_taskflow_api_v02, task_id=greet, execution_date=20220429T000000, start_date=20230525T102531, end_date=20230525T102532
[2023-05-25T10:25:32.326+0000] {local_task_job_runner.py:225} INFO - Task exited with return code 0
[2023-05-25T10:25:32.394+0000] {taskinstance.py:2651} INFO - 0 downstream tasks scheduled from follow-on schedule check
