[2023-05-24T15:28:24.623+0000] {taskinstance.py:1103} INFO - Dependencies all met for dep_context=non-requeueable deps ti=<TaskInstance: dag_with_taskflow_api_v02.greet scheduled__2022-12-31T00:00:00+00:00 [queued]>
[2023-05-24T15:28:24.696+0000] {taskinstance.py:1103} INFO - Dependencies all met for dep_context=requeueable deps ti=<TaskInstance: dag_with_taskflow_api_v02.greet scheduled__2022-12-31T00:00:00+00:00 [queued]>
[2023-05-24T15:28:24.700+0000] {taskinstance.py:1308} INFO - Starting attempt 1 of 6
[2023-05-24T15:28:25.170+0000] {taskinstance.py:1327} INFO - Executing <Task(_PythonDecoratedOperator): greet> on 2022-12-31 00:00:00+00:00
[2023-05-24T15:28:25.196+0000] {standard_task_runner.py:57} INFO - Started process 3135 to run task
[2023-05-24T15:28:25.238+0000] {standard_task_runner.py:84} INFO - Running: ['***', 'tasks', 'run', 'dag_with_taskflow_api_v02', 'greet', 'scheduled__2022-12-31T00:00:00+00:00', '--job-id', '1315', '--raw', '--subdir', 'DAGS_FOLDER/first_dag.py', '--cfg-path', '/tmp/tmpm6eltabo']
[2023-05-24T15:28:25.250+0000] {standard_task_runner.py:85} INFO - Job 1315: Subtask greet
[2023-05-24T15:28:25.682+0000] {task_command.py:410} INFO - Running <TaskInstance: dag_with_taskflow_api_v02.greet scheduled__2022-12-31T00:00:00+00:00 [running]> on host 942de29f183d
[2023-05-24T15:28:26.641+0000] {taskinstance.py:1547} INFO - Exporting env vars: AIRFLOW_CTX_DAG_OWNER='Sai' AIRFLOW_CTX_DAG_ID='dag_with_taskflow_api_v02' AIRFLOW_CTX_TASK_ID='greet' AIRFLOW_CTX_EXECUTION_DATE='2022-12-31T00:00:00+00:00' AIRFLOW_CTX_TRY_NUMBER='1' AIRFLOW_CTX_DAG_RUN_ID='scheduled__2022-12-31T00:00:00+00:00'
[2023-05-24T15:28:26.644+0000] {logging_mixin.py:149} INFO - Hello World! My name is Sai Tr and I am 19 years old!
[2023-05-24T15:28:26.645+0000] {python.py:183} INFO - Done. Returned value was: None
[2023-05-24T15:28:26.686+0000] {taskinstance.py:1350} INFO - Marking task as SUCCESS. dag_id=dag_with_taskflow_api_v02, task_id=greet, execution_date=20221231T000000, start_date=20230524T152824, end_date=20230524T152826
[2023-05-24T15:28:26.826+0000] {local_task_job_runner.py:225} INFO - Task exited with return code 0
[2023-05-24T15:28:26.991+0000] {taskinstance.py:2651} INFO - 0 downstream tasks scheduled from follow-on schedule check
[2023-05-25T07:00:56.039+0000] {taskinstance.py:1103} INFO - Dependencies all met for dep_context=non-requeueable deps ti=<TaskInstance: dag_with_taskflow_api_v02.greet scheduled__2022-12-31T00:00:00+00:00 [queued]>
[2023-05-25T07:00:56.171+0000] {taskinstance.py:1103} INFO - Dependencies all met for dep_context=requeueable deps ti=<TaskInstance: dag_with_taskflow_api_v02.greet scheduled__2022-12-31T00:00:00+00:00 [queued]>
[2023-05-25T07:00:56.172+0000] {taskinstance.py:1308} INFO - Starting attempt 1 of 6
[2023-05-25T07:00:56.334+0000] {taskinstance.py:1327} INFO - Executing <Task(_PythonDecoratedOperator): greet> on 2022-12-31 00:00:00+00:00
[2023-05-25T07:00:56.348+0000] {standard_task_runner.py:57} INFO - Started process 4656 to run task
[2023-05-25T07:00:56.412+0000] {standard_task_runner.py:84} INFO - Running: ['***', 'tasks', 'run', 'dag_with_taskflow_api_v02', 'greet', 'scheduled__2022-12-31T00:00:00+00:00', '--job-id', '1316', '--raw', '--subdir', 'DAGS_FOLDER/first_dag.py', '--cfg-path', '/tmp/tmprsdkt6h6']
[2023-05-25T07:00:56.437+0000] {standard_task_runner.py:85} INFO - Job 1316: Subtask greet
[2023-05-25T07:00:56.809+0000] {task_command.py:410} INFO - Running <TaskInstance: dag_with_taskflow_api_v02.greet scheduled__2022-12-31T00:00:00+00:00 [running]> on host 6bd07c7477d9
[2023-05-25T07:00:57.552+0000] {taskinstance.py:1547} INFO - Exporting env vars: AIRFLOW_CTX_DAG_OWNER='Sai' AIRFLOW_CTX_DAG_ID='dag_with_taskflow_api_v02' AIRFLOW_CTX_TASK_ID='greet' AIRFLOW_CTX_EXECUTION_DATE='2022-12-31T00:00:00+00:00' AIRFLOW_CTX_TRY_NUMBER='1' AIRFLOW_CTX_DAG_RUN_ID='scheduled__2022-12-31T00:00:00+00:00'
[2023-05-25T07:00:57.554+0000] {logging_mixin.py:149} INFO - Hello World! My name is Sai Tr and I am 19 years old!
[2023-05-25T07:00:57.554+0000] {python.py:183} INFO - Done. Returned value was: None
[2023-05-25T07:00:57.587+0000] {taskinstance.py:1350} INFO - Marking task as SUCCESS. dag_id=dag_with_taskflow_api_v02, task_id=greet, execution_date=20221231T000000, start_date=20230525T070056, end_date=20230525T070057
[2023-05-25T07:00:57.676+0000] {local_task_job_runner.py:225} INFO - Task exited with return code 0
[2023-05-25T07:00:57.878+0000] {taskinstance.py:2651} INFO - 0 downstream tasks scheduled from follow-on schedule check
[2023-05-25T10:34:55.389+0000] {taskinstance.py:1103} INFO - Dependencies all met for dep_context=non-requeueable deps ti=<TaskInstance: dag_with_taskflow_api_v02.greet scheduled__2022-12-31T00:00:00+00:00 [queued]>
[2023-05-25T10:34:55.444+0000] {taskinstance.py:1103} INFO - Dependencies all met for dep_context=requeueable deps ti=<TaskInstance: dag_with_taskflow_api_v02.greet scheduled__2022-12-31T00:00:00+00:00 [queued]>
[2023-05-25T10:34:55.444+0000] {taskinstance.py:1308} INFO - Starting attempt 1 of 6
[2023-05-25T10:34:55.523+0000] {taskinstance.py:1327} INFO - Executing <Task(_PythonDecoratedOperator): greet> on 2022-12-31 00:00:00+00:00
[2023-05-25T10:34:55.548+0000] {standard_task_runner.py:57} INFO - Started process 4263 to run task
[2023-05-25T10:34:55.570+0000] {standard_task_runner.py:84} INFO - Running: ['***', 'tasks', 'run', 'dag_with_taskflow_api_v02', 'greet', 'scheduled__2022-12-31T00:00:00+00:00', '--job-id', '1320', '--raw', '--subdir', 'DAGS_FOLDER/first_dag.py', '--cfg-path', '/tmp/tmpa5ali2mb']
[2023-05-25T10:34:55.610+0000] {standard_task_runner.py:85} INFO - Job 1320: Subtask greet
[2023-05-25T10:34:55.886+0000] {task_command.py:410} INFO - Running <TaskInstance: dag_with_taskflow_api_v02.greet scheduled__2022-12-31T00:00:00+00:00 [running]> on host b1ae37a9584e
[2023-05-25T10:34:56.379+0000] {taskinstance.py:1547} INFO - Exporting env vars: AIRFLOW_CTX_DAG_OWNER='Sai' AIRFLOW_CTX_DAG_ID='dag_with_taskflow_api_v02' AIRFLOW_CTX_TASK_ID='greet' AIRFLOW_CTX_EXECUTION_DATE='2022-12-31T00:00:00+00:00' AIRFLOW_CTX_TRY_NUMBER='1' AIRFLOW_CTX_DAG_RUN_ID='scheduled__2022-12-31T00:00:00+00:00'
[2023-05-25T10:34:56.380+0000] {logging_mixin.py:149} INFO - Hello World! My name is Sai Tr and I am 19 years old!
[2023-05-25T10:34:56.380+0000] {python.py:183} INFO - Done. Returned value was: None
[2023-05-25T10:34:56.423+0000] {taskinstance.py:1350} INFO - Marking task as SUCCESS. dag_id=dag_with_taskflow_api_v02, task_id=greet, execution_date=20221231T000000, start_date=20230525T103455, end_date=20230525T103456
[2023-05-25T10:34:56.515+0000] {local_task_job_runner.py:225} INFO - Task exited with return code 0
[2023-05-25T10:34:56.585+0000] {taskinstance.py:2651} INFO - 0 downstream tasks scheduled from follow-on schedule check
