[2023-05-24T15:17:51.823+0000] {taskinstance.py:1103} INFO - Dependencies all met for dep_context=non-requeueable deps ti=<TaskInstance: dag_with_taskflow_api_v02.greet scheduled__2022-01-17T00:00:00+00:00 [queued]>
[2023-05-24T15:17:51.918+0000] {taskinstance.py:1103} INFO - Dependencies all met for dep_context=requeueable deps ti=<TaskInstance: dag_with_taskflow_api_v02.greet scheduled__2022-01-17T00:00:00+00:00 [queued]>
[2023-05-24T15:17:51.919+0000] {taskinstance.py:1308} INFO - Starting attempt 1 of 6
[2023-05-24T15:17:52.040+0000] {taskinstance.py:1327} INFO - Executing <Task(_PythonDecoratedOperator): greet> on 2022-01-17 00:00:00+00:00
[2023-05-24T15:17:52.050+0000] {standard_task_runner.py:57} INFO - Started process 773 to run task
[2023-05-24T15:17:52.081+0000] {standard_task_runner.py:84} INFO - Running: ['***', 'tasks', 'run', 'dag_with_taskflow_api_v02', 'greet', 'scheduled__2022-01-17T00:00:00+00:00', '--job-id', '263', '--raw', '--subdir', 'DAGS_FOLDER/first_dag.py', '--cfg-path', '/tmp/tmp484ec8m8']
[2023-05-24T15:17:52.095+0000] {standard_task_runner.py:85} INFO - Job 263: Subtask greet
[2023-05-24T15:17:52.280+0000] {task_command.py:410} INFO - Running <TaskInstance: dag_with_taskflow_api_v02.greet scheduled__2022-01-17T00:00:00+00:00 [running]> on host 942de29f183d
[2023-05-24T15:17:52.631+0000] {taskinstance.py:1547} INFO - Exporting env vars: AIRFLOW_CTX_DAG_OWNER='Sai' AIRFLOW_CTX_DAG_ID='dag_with_taskflow_api_v02' AIRFLOW_CTX_TASK_ID='greet' AIRFLOW_CTX_EXECUTION_DATE='2022-01-17T00:00:00+00:00' AIRFLOW_CTX_TRY_NUMBER='1' AIRFLOW_CTX_DAG_RUN_ID='scheduled__2022-01-17T00:00:00+00:00'
[2023-05-24T15:17:52.632+0000] {logging_mixin.py:149} INFO - Hello World! My name is Sai Tr and I am 19 years old!
[2023-05-24T15:17:52.633+0000] {python.py:183} INFO - Done. Returned value was: None
[2023-05-24T15:17:52.677+0000] {taskinstance.py:1350} INFO - Marking task as SUCCESS. dag_id=dag_with_taskflow_api_v02, task_id=greet, execution_date=20220117T000000, start_date=20230524T151751, end_date=20230524T151752
[2023-05-24T15:17:52.771+0000] {local_task_job_runner.py:225} INFO - Task exited with return code 0
[2023-05-24T15:17:52.929+0000] {taskinstance.py:2651} INFO - 0 downstream tasks scheduled from follow-on schedule check
[2023-05-25T06:51:22.591+0000] {taskinstance.py:1103} INFO - Dependencies all met for dep_context=non-requeueable deps ti=<TaskInstance: dag_with_taskflow_api_v02.greet scheduled__2022-01-17T00:00:00+00:00 [queued]>
[2023-05-25T06:51:22.748+0000] {taskinstance.py:1103} INFO - Dependencies all met for dep_context=requeueable deps ti=<TaskInstance: dag_with_taskflow_api_v02.greet scheduled__2022-01-17T00:00:00+00:00 [queued]>
[2023-05-25T06:51:22.760+0000] {taskinstance.py:1308} INFO - Starting attempt 1 of 6
[2023-05-25T06:51:23.060+0000] {taskinstance.py:1327} INFO - Executing <Task(_PythonDecoratedOperator): greet> on 2022-01-17 00:00:00+00:00
[2023-05-25T06:51:23.096+0000] {standard_task_runner.py:57} INFO - Started process 2323 to run task
[2023-05-25T06:51:23.158+0000] {standard_task_runner.py:84} INFO - Running: ['***', 'tasks', 'run', 'dag_with_taskflow_api_v02', 'greet', 'scheduled__2022-01-17T00:00:00+00:00', '--job-id', '268', '--raw', '--subdir', 'DAGS_FOLDER/first_dag.py', '--cfg-path', '/tmp/tmp71gebbx2']
[2023-05-25T06:51:23.183+0000] {standard_task_runner.py:85} INFO - Job 268: Subtask greet
[2023-05-25T06:51:23.518+0000] {task_command.py:410} INFO - Running <TaskInstance: dag_with_taskflow_api_v02.greet scheduled__2022-01-17T00:00:00+00:00 [running]> on host 6bd07c7477d9
[2023-05-25T06:51:24.442+0000] {taskinstance.py:1547} INFO - Exporting env vars: AIRFLOW_CTX_DAG_OWNER='Sai' AIRFLOW_CTX_DAG_ID='dag_with_taskflow_api_v02' AIRFLOW_CTX_TASK_ID='greet' AIRFLOW_CTX_EXECUTION_DATE='2022-01-17T00:00:00+00:00' AIRFLOW_CTX_TRY_NUMBER='1' AIRFLOW_CTX_DAG_RUN_ID='scheduled__2022-01-17T00:00:00+00:00'
[2023-05-25T06:51:24.443+0000] {logging_mixin.py:149} INFO - Hello World! My name is Sai Tr and I am 19 years old!
[2023-05-25T06:51:24.444+0000] {python.py:183} INFO - Done. Returned value was: None
[2023-05-25T06:51:24.501+0000] {taskinstance.py:1350} INFO - Marking task as SUCCESS. dag_id=dag_with_taskflow_api_v02, task_id=greet, execution_date=20220117T000000, start_date=20230525T065122, end_date=20230525T065124
[2023-05-25T06:51:24.655+0000] {local_task_job_runner.py:225} INFO - Task exited with return code 0
[2023-05-25T06:51:24.754+0000] {taskinstance.py:2651} INFO - 0 downstream tasks scheduled from follow-on schedule check
[2023-05-25T10:21:57.290+0000] {taskinstance.py:1103} INFO - Dependencies all met for dep_context=non-requeueable deps ti=<TaskInstance: dag_with_taskflow_api_v02.greet scheduled__2022-01-17T00:00:00+00:00 [queued]>
[2023-05-25T10:21:57.344+0000] {taskinstance.py:1103} INFO - Dependencies all met for dep_context=requeueable deps ti=<TaskInstance: dag_with_taskflow_api_v02.greet scheduled__2022-01-17T00:00:00+00:00 [queued]>
[2023-05-25T10:21:57.344+0000] {taskinstance.py:1308} INFO - Starting attempt 1 of 6
[2023-05-25T10:21:57.424+0000] {taskinstance.py:1327} INFO - Executing <Task(_PythonDecoratedOperator): greet> on 2022-01-17 00:00:00+00:00
[2023-05-25T10:21:57.444+0000] {standard_task_runner.py:57} INFO - Started process 1845 to run task
[2023-05-25T10:21:57.489+0000] {standard_task_runner.py:84} INFO - Running: ['***', 'tasks', 'run', 'dag_with_taskflow_api_v02', 'greet', 'scheduled__2022-01-17T00:00:00+00:00', '--job-id', '260', '--raw', '--subdir', 'DAGS_FOLDER/first_dag.py', '--cfg-path', '/tmp/tmpeg87vegq']
[2023-05-25T10:21:57.511+0000] {standard_task_runner.py:85} INFO - Job 260: Subtask greet
[2023-05-25T10:21:57.787+0000] {task_command.py:410} INFO - Running <TaskInstance: dag_with_taskflow_api_v02.greet scheduled__2022-01-17T00:00:00+00:00 [running]> on host b1ae37a9584e
[2023-05-25T10:21:58.658+0000] {taskinstance.py:1547} INFO - Exporting env vars: AIRFLOW_CTX_DAG_OWNER='Sai' AIRFLOW_CTX_DAG_ID='dag_with_taskflow_api_v02' AIRFLOW_CTX_TASK_ID='greet' AIRFLOW_CTX_EXECUTION_DATE='2022-01-17T00:00:00+00:00' AIRFLOW_CTX_TRY_NUMBER='1' AIRFLOW_CTX_DAG_RUN_ID='scheduled__2022-01-17T00:00:00+00:00'
[2023-05-25T10:21:58.666+0000] {logging_mixin.py:149} INFO - Hello World! My name is Sai Tr and I am 19 years old!
[2023-05-25T10:21:58.666+0000] {python.py:183} INFO - Done. Returned value was: None
[2023-05-25T10:21:58.706+0000] {taskinstance.py:1350} INFO - Marking task as SUCCESS. dag_id=dag_with_taskflow_api_v02, task_id=greet, execution_date=20220117T000000, start_date=20230525T102157, end_date=20230525T102158
[2023-05-25T10:21:58.789+0000] {local_task_job_runner.py:225} INFO - Task exited with return code 0
[2023-05-25T10:21:58.840+0000] {taskinstance.py:2651} INFO - 0 downstream tasks scheduled from follow-on schedule check
