[2023-05-24T15:30:01.949+0000] {taskinstance.py:1103} INFO - Dependencies all met for dep_context=non-requeueable deps ti=<TaskInstance: dag_with_taskflow_api_v02.get_name scheduled__2023-03-10T00:00:00+00:00 [queued]>
[2023-05-24T15:30:01.981+0000] {taskinstance.py:1103} INFO - Dependencies all met for dep_context=requeueable deps ti=<TaskInstance: dag_with_taskflow_api_v02.get_name scheduled__2023-03-10T00:00:00+00:00 [queued]>
[2023-05-24T15:30:01.982+0000] {taskinstance.py:1308} INFO - Starting attempt 1 of 6
[2023-05-24T15:30:02.062+0000] {taskinstance.py:1327} INFO - Executing <Task(_PythonDecoratedOperator): get_name> on 2023-03-10 00:00:00+00:00
[2023-05-24T15:30:02.077+0000] {standard_task_runner.py:57} INFO - Started process 3541 to run task
[2023-05-24T15:30:02.095+0000] {standard_task_runner.py:84} INFO - Running: ['***', 'tasks', 'run', 'dag_with_taskflow_api_v02', 'get_name', 'scheduled__2023-03-10T00:00:00+00:00', '--job-id', '1502', '--raw', '--subdir', 'DAGS_FOLDER/first_dag.py', '--cfg-path', '/tmp/tmpgeko17oq']
[2023-05-24T15:30:02.114+0000] {standard_task_runner.py:85} INFO - Job 1502: Subtask get_name
[2023-05-24T15:30:02.493+0000] {task_command.py:410} INFO - Running <TaskInstance: dag_with_taskflow_api_v02.get_name scheduled__2023-03-10T00:00:00+00:00 [running]> on host 942de29f183d
[2023-05-24T15:30:03.122+0000] {taskinstance.py:1547} INFO - Exporting env vars: AIRFLOW_CTX_DAG_OWNER='Sai' AIRFLOW_CTX_DAG_ID='dag_with_taskflow_api_v02' AIRFLOW_CTX_TASK_ID='get_name' AIRFLOW_CTX_EXECUTION_DATE='2023-03-10T00:00:00+00:00' AIRFLOW_CTX_TRY_NUMBER='1' AIRFLOW_CTX_DAG_RUN_ID='scheduled__2023-03-10T00:00:00+00:00'
[2023-05-24T15:30:03.126+0000] {python.py:183} INFO - Done. Returned value was: {'first_name': 'Sai', 'last_name': 'Tr'}
[2023-05-24T15:30:03.538+0000] {taskinstance.py:1350} INFO - Marking task as SUCCESS. dag_id=dag_with_taskflow_api_v02, task_id=get_name, execution_date=20230310T000000, start_date=20230524T153001, end_date=20230524T153003
[2023-05-24T15:30:03.702+0000] {local_task_job_runner.py:225} INFO - Task exited with return code 0
[2023-05-24T15:30:04.325+0000] {taskinstance.py:2651} INFO - 0 downstream tasks scheduled from follow-on schedule check
[2023-05-25T07:02:36.686+0000] {taskinstance.py:1103} INFO - Dependencies all met for dep_context=non-requeueable deps ti=<TaskInstance: dag_with_taskflow_api_v02.get_name scheduled__2023-03-10T00:00:00+00:00 [queued]>
[2023-05-25T07:02:36.790+0000] {taskinstance.py:1103} INFO - Dependencies all met for dep_context=requeueable deps ti=<TaskInstance: dag_with_taskflow_api_v02.get_name scheduled__2023-03-10T00:00:00+00:00 [queued]>
[2023-05-25T07:02:36.791+0000] {taskinstance.py:1308} INFO - Starting attempt 1 of 6
[2023-05-25T07:02:36.960+0000] {taskinstance.py:1327} INFO - Executing <Task(_PythonDecoratedOperator): get_name> on 2023-03-10 00:00:00+00:00
[2023-05-25T07:02:36.973+0000] {standard_task_runner.py:57} INFO - Started process 5063 to run task
[2023-05-25T07:02:37.019+0000] {standard_task_runner.py:84} INFO - Running: ['***', 'tasks', 'run', 'dag_with_taskflow_api_v02', 'get_name', 'scheduled__2023-03-10T00:00:00+00:00', '--job-id', '1504', '--raw', '--subdir', 'DAGS_FOLDER/first_dag.py', '--cfg-path', '/tmp/tmpb1nu7ush']
[2023-05-25T07:02:37.074+0000] {standard_task_runner.py:85} INFO - Job 1504: Subtask get_name
[2023-05-25T07:02:37.352+0000] {task_command.py:410} INFO - Running <TaskInstance: dag_with_taskflow_api_v02.get_name scheduled__2023-03-10T00:00:00+00:00 [running]> on host 6bd07c7477d9
[2023-05-25T07:02:37.836+0000] {taskinstance.py:1547} INFO - Exporting env vars: AIRFLOW_CTX_DAG_OWNER='Sai' AIRFLOW_CTX_DAG_ID='dag_with_taskflow_api_v02' AIRFLOW_CTX_TASK_ID='get_name' AIRFLOW_CTX_EXECUTION_DATE='2023-03-10T00:00:00+00:00' AIRFLOW_CTX_TRY_NUMBER='1' AIRFLOW_CTX_DAG_RUN_ID='scheduled__2023-03-10T00:00:00+00:00'
[2023-05-25T07:02:37.868+0000] {python.py:183} INFO - Done. Returned value was: {'first_name': 'Sai', 'last_name': 'Tr'}
[2023-05-25T07:02:38.098+0000] {taskinstance.py:1350} INFO - Marking task as SUCCESS. dag_id=dag_with_taskflow_api_v02, task_id=get_name, execution_date=20230310T000000, start_date=20230525T070236, end_date=20230525T070238
[2023-05-25T07:02:38.233+0000] {local_task_job_runner.py:225} INFO - Task exited with return code 0
[2023-05-25T07:02:38.342+0000] {taskinstance.py:2651} INFO - 1 downstream tasks scheduled from follow-on schedule check
[2023-05-25T10:37:04.216+0000] {taskinstance.py:1103} INFO - Dependencies all met for dep_context=non-requeueable deps ti=<TaskInstance: dag_with_taskflow_api_v02.get_name scheduled__2023-03-10T00:00:00+00:00 [queued]>
[2023-05-25T10:37:04.356+0000] {taskinstance.py:1103} INFO - Dependencies all met for dep_context=requeueable deps ti=<TaskInstance: dag_with_taskflow_api_v02.get_name scheduled__2023-03-10T00:00:00+00:00 [queued]>
[2023-05-25T10:37:04.356+0000] {taskinstance.py:1308} INFO - Starting attempt 1 of 6
[2023-05-25T10:37:04.539+0000] {taskinstance.py:1327} INFO - Executing <Task(_PythonDecoratedOperator): get_name> on 2023-03-10 00:00:00+00:00
[2023-05-25T10:37:04.591+0000] {standard_task_runner.py:57} INFO - Started process 4711 to run task
[2023-05-25T10:37:04.612+0000] {standard_task_runner.py:84} INFO - Running: ['***', 'tasks', 'run', 'dag_with_taskflow_api_v02', 'get_name', 'scheduled__2023-03-10T00:00:00+00:00', '--job-id', '1513', '--raw', '--subdir', 'DAGS_FOLDER/first_dag.py', '--cfg-path', '/tmp/tmprdcikay1']
[2023-05-25T10:37:04.636+0000] {standard_task_runner.py:85} INFO - Job 1513: Subtask get_name
[2023-05-25T10:37:05.092+0000] {task_command.py:410} INFO - Running <TaskInstance: dag_with_taskflow_api_v02.get_name scheduled__2023-03-10T00:00:00+00:00 [running]> on host b1ae37a9584e
[2023-05-25T10:37:05.821+0000] {taskinstance.py:1547} INFO - Exporting env vars: AIRFLOW_CTX_DAG_OWNER='Sai' AIRFLOW_CTX_DAG_ID='dag_with_taskflow_api_v02' AIRFLOW_CTX_TASK_ID='get_name' AIRFLOW_CTX_EXECUTION_DATE='2023-03-10T00:00:00+00:00' AIRFLOW_CTX_TRY_NUMBER='1' AIRFLOW_CTX_DAG_RUN_ID='scheduled__2023-03-10T00:00:00+00:00'
[2023-05-25T10:37:05.822+0000] {python.py:183} INFO - Done. Returned value was: {'first_name': 'Sai', 'last_name': 'Tr'}
[2023-05-25T10:37:06.076+0000] {taskinstance.py:1350} INFO - Marking task as SUCCESS. dag_id=dag_with_taskflow_api_v02, task_id=get_name, execution_date=20230310T000000, start_date=20230525T103704, end_date=20230525T103706
[2023-05-25T10:37:06.336+0000] {local_task_job_runner.py:225} INFO - Task exited with return code 0
[2023-05-25T10:37:06.631+0000] {taskinstance.py:2651} INFO - 0 downstream tasks scheduled from follow-on schedule check
