[2023-05-24T15:18:20.062+0000] {taskinstance.py:1103} INFO - Dependencies all met for dep_context=non-requeueable deps ti=<TaskInstance: dag_with_taskflow_api_v02.get_name scheduled__2022-02-01T00:00:00+00:00 [queued]>
[2023-05-24T15:18:20.112+0000] {taskinstance.py:1103} INFO - Dependencies all met for dep_context=requeueable deps ti=<TaskInstance: dag_with_taskflow_api_v02.get_name scheduled__2022-02-01T00:00:00+00:00 [queued]>
[2023-05-24T15:18:20.113+0000] {taskinstance.py:1308} INFO - Starting attempt 1 of 6
[2023-05-24T15:18:20.437+0000] {taskinstance.py:1327} INFO - Executing <Task(_PythonDecoratedOperator): get_name> on 2022-02-01 00:00:00+00:00
[2023-05-24T15:18:20.443+0000] {standard_task_runner.py:57} INFO - Started process 865 to run task
[2023-05-24T15:18:20.485+0000] {standard_task_runner.py:84} INFO - Running: ['***', 'tasks', 'run', 'dag_with_taskflow_api_v02', 'get_name', 'scheduled__2022-02-01T00:00:00+00:00', '--job-id', '301', '--raw', '--subdir', 'DAGS_FOLDER/first_dag.py', '--cfg-path', '/tmp/tmp70idjuew']
[2023-05-24T15:18:20.520+0000] {standard_task_runner.py:85} INFO - Job 301: Subtask get_name
[2023-05-24T15:18:20.775+0000] {task_command.py:410} INFO - Running <TaskInstance: dag_with_taskflow_api_v02.get_name scheduled__2022-02-01T00:00:00+00:00 [running]> on host 942de29f183d
[2023-05-24T15:18:21.792+0000] {taskinstance.py:1547} INFO - Exporting env vars: AIRFLOW_CTX_DAG_OWNER='Sai' AIRFLOW_CTX_DAG_ID='dag_with_taskflow_api_v02' AIRFLOW_CTX_TASK_ID='get_name' AIRFLOW_CTX_EXECUTION_DATE='2022-02-01T00:00:00+00:00' AIRFLOW_CTX_TRY_NUMBER='1' AIRFLOW_CTX_DAG_RUN_ID='scheduled__2022-02-01T00:00:00+00:00'
[2023-05-24T15:18:21.794+0000] {python.py:183} INFO - Done. Returned value was: {'first_name': 'Sai', 'last_name': 'Tr'}
[2023-05-24T15:18:22.243+0000] {taskinstance.py:1350} INFO - Marking task as SUCCESS. dag_id=dag_with_taskflow_api_v02, task_id=get_name, execution_date=20220201T000000, start_date=20230524T151820, end_date=20230524T151822
[2023-05-24T15:18:22.435+0000] {local_task_job_runner.py:225} INFO - Task exited with return code 0
[2023-05-24T15:18:23.214+0000] {taskinstance.py:2651} INFO - 0 downstream tasks scheduled from follow-on schedule check
[2023-05-25T06:51:37.815+0000] {taskinstance.py:1103} INFO - Dependencies all met for dep_context=non-requeueable deps ti=<TaskInstance: dag_with_taskflow_api_v02.get_name scheduled__2022-02-01T00:00:00+00:00 [queued]>
[2023-05-25T06:51:37.881+0000] {taskinstance.py:1103} INFO - Dependencies all met for dep_context=requeueable deps ti=<TaskInstance: dag_with_taskflow_api_v02.get_name scheduled__2022-02-01T00:00:00+00:00 [queued]>
[2023-05-25T06:51:37.881+0000] {taskinstance.py:1308} INFO - Starting attempt 1 of 6
[2023-05-25T06:51:38.002+0000] {taskinstance.py:1327} INFO - Executing <Task(_PythonDecoratedOperator): get_name> on 2022-02-01 00:00:00+00:00
[2023-05-25T06:51:38.094+0000] {standard_task_runner.py:57} INFO - Started process 2388 to run task
[2023-05-25T06:51:38.107+0000] {standard_task_runner.py:84} INFO - Running: ['***', 'tasks', 'run', 'dag_with_taskflow_api_v02', 'get_name', 'scheduled__2022-02-01T00:00:00+00:00', '--job-id', '294', '--raw', '--subdir', 'DAGS_FOLDER/first_dag.py', '--cfg-path', '/tmp/tmp5zgutban']
[2023-05-25T06:51:38.127+0000] {standard_task_runner.py:85} INFO - Job 294: Subtask get_name
[2023-05-25T06:51:38.507+0000] {task_command.py:410} INFO - Running <TaskInstance: dag_with_taskflow_api_v02.get_name scheduled__2022-02-01T00:00:00+00:00 [running]> on host 6bd07c7477d9
[2023-05-25T06:51:39.162+0000] {taskinstance.py:1547} INFO - Exporting env vars: AIRFLOW_CTX_DAG_OWNER='Sai' AIRFLOW_CTX_DAG_ID='dag_with_taskflow_api_v02' AIRFLOW_CTX_TASK_ID='get_name' AIRFLOW_CTX_EXECUTION_DATE='2022-02-01T00:00:00+00:00' AIRFLOW_CTX_TRY_NUMBER='1' AIRFLOW_CTX_DAG_RUN_ID='scheduled__2022-02-01T00:00:00+00:00'
[2023-05-25T06:51:39.164+0000] {python.py:183} INFO - Done. Returned value was: {'first_name': 'Sai', 'last_name': 'Tr'}
[2023-05-25T06:51:39.378+0000] {taskinstance.py:1350} INFO - Marking task as SUCCESS. dag_id=dag_with_taskflow_api_v02, task_id=get_name, execution_date=20220201T000000, start_date=20230525T065137, end_date=20230525T065139
[2023-05-25T06:51:39.522+0000] {local_task_job_runner.py:225} INFO - Task exited with return code 0
[2023-05-25T06:51:39.787+0000] {taskinstance.py:2651} INFO - 0 downstream tasks scheduled from follow-on schedule check
[2023-05-25T10:22:18.136+0000] {taskinstance.py:1103} INFO - Dependencies all met for dep_context=non-requeueable deps ti=<TaskInstance: dag_with_taskflow_api_v02.get_name scheduled__2022-02-01T00:00:00+00:00 [queued]>
[2023-05-25T10:22:18.157+0000] {taskinstance.py:1103} INFO - Dependencies all met for dep_context=requeueable deps ti=<TaskInstance: dag_with_taskflow_api_v02.get_name scheduled__2022-02-01T00:00:00+00:00 [queued]>
[2023-05-25T10:22:18.158+0000] {taskinstance.py:1308} INFO - Starting attempt 1 of 6
[2023-05-25T10:22:18.243+0000] {taskinstance.py:1327} INFO - Executing <Task(_PythonDecoratedOperator): get_name> on 2022-02-01 00:00:00+00:00
[2023-05-25T10:22:18.249+0000] {standard_task_runner.py:57} INFO - Started process 1914 to run task
[2023-05-25T10:22:18.279+0000] {standard_task_runner.py:84} INFO - Running: ['***', 'tasks', 'run', 'dag_with_taskflow_api_v02', 'get_name', 'scheduled__2022-02-01T00:00:00+00:00', '--job-id', '289', '--raw', '--subdir', 'DAGS_FOLDER/first_dag.py', '--cfg-path', '/tmp/tmp_5846bne']
[2023-05-25T10:22:18.290+0000] {standard_task_runner.py:85} INFO - Job 289: Subtask get_name
[2023-05-25T10:22:18.470+0000] {task_command.py:410} INFO - Running <TaskInstance: dag_with_taskflow_api_v02.get_name scheduled__2022-02-01T00:00:00+00:00 [running]> on host b1ae37a9584e
[2023-05-25T10:22:18.940+0000] {taskinstance.py:1547} INFO - Exporting env vars: AIRFLOW_CTX_DAG_OWNER='Sai' AIRFLOW_CTX_DAG_ID='dag_with_taskflow_api_v02' AIRFLOW_CTX_TASK_ID='get_name' AIRFLOW_CTX_EXECUTION_DATE='2022-02-01T00:00:00+00:00' AIRFLOW_CTX_TRY_NUMBER='1' AIRFLOW_CTX_DAG_RUN_ID='scheduled__2022-02-01T00:00:00+00:00'
[2023-05-25T10:22:18.941+0000] {python.py:183} INFO - Done. Returned value was: {'first_name': 'Sai', 'last_name': 'Tr'}
[2023-05-25T10:22:19.135+0000] {taskinstance.py:1350} INFO - Marking task as SUCCESS. dag_id=dag_with_taskflow_api_v02, task_id=get_name, execution_date=20220201T000000, start_date=20230525T102218, end_date=20230525T102219
[2023-05-25T10:22:19.232+0000] {local_task_job_runner.py:225} INFO - Task exited with return code 0
[2023-05-25T10:22:19.309+0000] {taskinstance.py:2651} INFO - 1 downstream tasks scheduled from follow-on schedule check
