[2023-05-24T15:18:01.461+0000] {taskinstance.py:1103} INFO - Dependencies all met for dep_context=non-requeueable deps ti=<TaskInstance: dag_with_taskflow_api_v02.greet scheduled__2022-01-22T00:00:00+00:00 [queued]>
[2023-05-24T15:18:01.551+0000] {taskinstance.py:1103} INFO - Dependencies all met for dep_context=requeueable deps ti=<TaskInstance: dag_with_taskflow_api_v02.greet scheduled__2022-01-22T00:00:00+00:00 [queued]>
[2023-05-24T15:18:01.552+0000] {taskinstance.py:1308} INFO - Starting attempt 1 of 6
[2023-05-24T15:18:01.700+0000] {taskinstance.py:1327} INFO - Executing <Task(_PythonDecoratedOperator): greet> on 2022-01-22 00:00:00+00:00
[2023-05-24T15:18:01.722+0000] {standard_task_runner.py:57} INFO - Started process 811 to run task
[2023-05-24T15:18:01.759+0000] {standard_task_runner.py:84} INFO - Running: ['***', 'tasks', 'run', 'dag_with_taskflow_api_v02', 'greet', 'scheduled__2022-01-22T00:00:00+00:00', '--job-id', '274', '--raw', '--subdir', 'DAGS_FOLDER/first_dag.py', '--cfg-path', '/tmp/tmppxnuizsv']
[2023-05-24T15:18:01.772+0000] {standard_task_runner.py:85} INFO - Job 274: Subtask greet
[2023-05-24T15:18:02.090+0000] {task_command.py:410} INFO - Running <TaskInstance: dag_with_taskflow_api_v02.greet scheduled__2022-01-22T00:00:00+00:00 [running]> on host 942de29f183d
[2023-05-24T15:18:03.053+0000] {taskinstance.py:1547} INFO - Exporting env vars: AIRFLOW_CTX_DAG_OWNER='Sai' AIRFLOW_CTX_DAG_ID='dag_with_taskflow_api_v02' AIRFLOW_CTX_TASK_ID='greet' AIRFLOW_CTX_EXECUTION_DATE='2022-01-22T00:00:00+00:00' AIRFLOW_CTX_TRY_NUMBER='1' AIRFLOW_CTX_DAG_RUN_ID='scheduled__2022-01-22T00:00:00+00:00'
[2023-05-24T15:18:03.057+0000] {logging_mixin.py:149} INFO - Hello World! My name is Sai Tr and I am 19 years old!
[2023-05-24T15:18:03.058+0000] {python.py:183} INFO - Done. Returned value was: None
[2023-05-24T15:18:03.095+0000] {taskinstance.py:1350} INFO - Marking task as SUCCESS. dag_id=dag_with_taskflow_api_v02, task_id=greet, execution_date=20220122T000000, start_date=20230524T151801, end_date=20230524T151803
[2023-05-24T15:18:03.682+0000] {local_task_job_runner.py:225} INFO - Task exited with return code 0
[2023-05-24T15:18:03.793+0000] {taskinstance.py:2651} INFO - 0 downstream tasks scheduled from follow-on schedule check
[2023-05-25T06:51:26.595+0000] {taskinstance.py:1103} INFO - Dependencies all met for dep_context=non-requeueable deps ti=<TaskInstance: dag_with_taskflow_api_v02.greet scheduled__2022-01-22T00:00:00+00:00 [queued]>
[2023-05-25T06:51:26.608+0000] {taskinstance.py:1103} INFO - Dependencies all met for dep_context=requeueable deps ti=<TaskInstance: dag_with_taskflow_api_v02.greet scheduled__2022-01-22T00:00:00+00:00 [queued]>
[2023-05-25T06:51:26.608+0000] {taskinstance.py:1308} INFO - Starting attempt 1 of 6
[2023-05-25T06:51:26.629+0000] {taskinstance.py:1327} INFO - Executing <Task(_PythonDecoratedOperator): greet> on 2022-01-22 00:00:00+00:00
[2023-05-25T06:51:26.635+0000] {standard_task_runner.py:57} INFO - Started process 2332 to run task
[2023-05-25T06:51:26.640+0000] {standard_task_runner.py:84} INFO - Running: ['***', 'tasks', 'run', 'dag_with_taskflow_api_v02', 'greet', 'scheduled__2022-01-22T00:00:00+00:00', '--job-id', '274', '--raw', '--subdir', 'DAGS_FOLDER/first_dag.py', '--cfg-path', '/tmp/tmpv6eabszo']
[2023-05-25T06:51:26.643+0000] {standard_task_runner.py:85} INFO - Job 274: Subtask greet
[2023-05-25T06:51:26.713+0000] {task_command.py:410} INFO - Running <TaskInstance: dag_with_taskflow_api_v02.greet scheduled__2022-01-22T00:00:00+00:00 [running]> on host 6bd07c7477d9
[2023-05-25T06:51:26.894+0000] {taskinstance.py:1547} INFO - Exporting env vars: AIRFLOW_CTX_DAG_OWNER='Sai' AIRFLOW_CTX_DAG_ID='dag_with_taskflow_api_v02' AIRFLOW_CTX_TASK_ID='greet' AIRFLOW_CTX_EXECUTION_DATE='2022-01-22T00:00:00+00:00' AIRFLOW_CTX_TRY_NUMBER='1' AIRFLOW_CTX_DAG_RUN_ID='scheduled__2022-01-22T00:00:00+00:00'
[2023-05-25T06:51:26.895+0000] {logging_mixin.py:149} INFO - Hello World! My name is Sai Tr and I am 19 years old!
[2023-05-25T06:51:26.896+0000] {python.py:183} INFO - Done. Returned value was: None
[2023-05-25T06:51:26.916+0000] {taskinstance.py:1350} INFO - Marking task as SUCCESS. dag_id=dag_with_taskflow_api_v02, task_id=greet, execution_date=20220122T000000, start_date=20230525T065126, end_date=20230525T065126
[2023-05-25T06:51:26.972+0000] {local_task_job_runner.py:225} INFO - Task exited with return code 0
[2023-05-25T06:51:27.047+0000] {taskinstance.py:2651} INFO - 0 downstream tasks scheduled from follow-on schedule check
[2023-05-25T10:22:01.758+0000] {taskinstance.py:1103} INFO - Dependencies all met for dep_context=non-requeueable deps ti=<TaskInstance: dag_with_taskflow_api_v02.greet scheduled__2022-01-22T00:00:00+00:00 [queued]>
[2023-05-25T10:22:01.788+0000] {taskinstance.py:1103} INFO - Dependencies all met for dep_context=requeueable deps ti=<TaskInstance: dag_with_taskflow_api_v02.greet scheduled__2022-01-22T00:00:00+00:00 [queued]>
[2023-05-25T10:22:01.789+0000] {taskinstance.py:1308} INFO - Starting attempt 1 of 6
[2023-05-25T10:22:01.824+0000] {taskinstance.py:1327} INFO - Executing <Task(_PythonDecoratedOperator): greet> on 2022-01-22 00:00:00+00:00
[2023-05-25T10:22:01.833+0000] {standard_task_runner.py:57} INFO - Started process 1873 to run task
[2023-05-25T10:22:01.841+0000] {standard_task_runner.py:84} INFO - Running: ['***', 'tasks', 'run', 'dag_with_taskflow_api_v02', 'greet', 'scheduled__2022-01-22T00:00:00+00:00', '--job-id', '269', '--raw', '--subdir', 'DAGS_FOLDER/first_dag.py', '--cfg-path', '/tmp/tmp4khok37t']
[2023-05-25T10:22:01.845+0000] {standard_task_runner.py:85} INFO - Job 269: Subtask greet
[2023-05-25T10:22:01.952+0000] {task_command.py:410} INFO - Running <TaskInstance: dag_with_taskflow_api_v02.greet scheduled__2022-01-22T00:00:00+00:00 [running]> on host b1ae37a9584e
[2023-05-25T10:22:02.322+0000] {taskinstance.py:1547} INFO - Exporting env vars: AIRFLOW_CTX_DAG_OWNER='Sai' AIRFLOW_CTX_DAG_ID='dag_with_taskflow_api_v02' AIRFLOW_CTX_TASK_ID='greet' AIRFLOW_CTX_EXECUTION_DATE='2022-01-22T00:00:00+00:00' AIRFLOW_CTX_TRY_NUMBER='1' AIRFLOW_CTX_DAG_RUN_ID='scheduled__2022-01-22T00:00:00+00:00'
[2023-05-25T10:22:02.325+0000] {logging_mixin.py:149} INFO - Hello World! My name is Sai Tr and I am 19 years old!
[2023-05-25T10:22:02.327+0000] {python.py:183} INFO - Done. Returned value was: None
[2023-05-25T10:22:02.358+0000] {taskinstance.py:1350} INFO - Marking task as SUCCESS. dag_id=dag_with_taskflow_api_v02, task_id=greet, execution_date=20220122T000000, start_date=20230525T102201, end_date=20230525T102202
[2023-05-25T10:22:02.460+0000] {local_task_job_runner.py:225} INFO - Task exited with return code 0
[2023-05-25T10:22:02.542+0000] {taskinstance.py:2651} INFO - 0 downstream tasks scheduled from follow-on schedule check
