[2023-05-24T15:31:34.358+0000] {taskinstance.py:1103} INFO - Dependencies all met for dep_context=non-requeueable deps ti=<TaskInstance: dag_with_taskflow_api_v02.get_name scheduled__2023-05-02T00:00:00+00:00 [queued]>
[2023-05-24T15:31:34.473+0000] {taskinstance.py:1103} INFO - Dependencies all met for dep_context=requeueable deps ti=<TaskInstance: dag_with_taskflow_api_v02.get_name scheduled__2023-05-02T00:00:00+00:00 [queued]>
[2023-05-24T15:31:34.474+0000] {taskinstance.py:1308} INFO - Starting attempt 1 of 6
[2023-05-24T15:31:35.124+0000] {taskinstance.py:1327} INFO - Executing <Task(_PythonDecoratedOperator): get_name> on 2023-05-02 00:00:00+00:00
[2023-05-24T15:31:35.141+0000] {standard_task_runner.py:57} INFO - Started process 3903 to run task
[2023-05-24T15:31:35.150+0000] {standard_task_runner.py:84} INFO - Running: ['***', 'tasks', 'run', 'dag_with_taskflow_api_v02', 'get_name', 'scheduled__2023-05-02T00:00:00+00:00', '--job-id', '1663', '--raw', '--subdir', 'DAGS_FOLDER/first_dag.py', '--cfg-path', '/tmp/tmpf5g0ea1k']
[2023-05-24T15:31:35.153+0000] {standard_task_runner.py:85} INFO - Job 1663: Subtask get_name
[2023-05-24T15:31:35.403+0000] {task_command.py:410} INFO - Running <TaskInstance: dag_with_taskflow_api_v02.get_name scheduled__2023-05-02T00:00:00+00:00 [running]> on host 942de29f183d
[2023-05-24T15:31:36.068+0000] {taskinstance.py:1547} INFO - Exporting env vars: AIRFLOW_CTX_DAG_OWNER='Sai' AIRFLOW_CTX_DAG_ID='dag_with_taskflow_api_v02' AIRFLOW_CTX_TASK_ID='get_name' AIRFLOW_CTX_EXECUTION_DATE='2023-05-02T00:00:00+00:00' AIRFLOW_CTX_TRY_NUMBER='1' AIRFLOW_CTX_DAG_RUN_ID='scheduled__2023-05-02T00:00:00+00:00'
[2023-05-24T15:31:36.069+0000] {python.py:183} INFO - Done. Returned value was: {'first_name': 'Sai', 'last_name': 'Tr'}
[2023-05-24T15:31:36.219+0000] {taskinstance.py:1350} INFO - Marking task as SUCCESS. dag_id=dag_with_taskflow_api_v02, task_id=get_name, execution_date=20230502T000000, start_date=20230524T153134, end_date=20230524T153136
[2023-05-24T15:31:36.288+0000] {local_task_job_runner.py:225} INFO - Task exited with return code 0
[2023-05-24T15:31:36.577+0000] {taskinstance.py:2651} INFO - 0 downstream tasks scheduled from follow-on schedule check
[2023-05-25T07:04:01.163+0000] {taskinstance.py:1103} INFO - Dependencies all met for dep_context=non-requeueable deps ti=<TaskInstance: dag_with_taskflow_api_v02.get_name scheduled__2023-05-02T00:00:00+00:00 [queued]>
[2023-05-25T07:04:01.278+0000] {taskinstance.py:1103} INFO - Dependencies all met for dep_context=requeueable deps ti=<TaskInstance: dag_with_taskflow_api_v02.get_name scheduled__2023-05-02T00:00:00+00:00 [queued]>
[2023-05-25T07:04:01.278+0000] {taskinstance.py:1308} INFO - Starting attempt 1 of 6
[2023-05-25T07:04:01.453+0000] {taskinstance.py:1327} INFO - Executing <Task(_PythonDecoratedOperator): get_name> on 2023-05-02 00:00:00+00:00
[2023-05-25T07:04:01.473+0000] {standard_task_runner.py:57} INFO - Started process 5405 to run task
[2023-05-25T07:04:01.527+0000] {standard_task_runner.py:84} INFO - Running: ['***', 'tasks', 'run', 'dag_with_taskflow_api_v02', 'get_name', 'scheduled__2023-05-02T00:00:00+00:00', '--job-id', '1657', '--raw', '--subdir', 'DAGS_FOLDER/first_dag.py', '--cfg-path', '/tmp/tmpusktmdii']
[2023-05-25T07:04:01.531+0000] {standard_task_runner.py:85} INFO - Job 1657: Subtask get_name
[2023-05-25T07:04:01.879+0000] {task_command.py:410} INFO - Running <TaskInstance: dag_with_taskflow_api_v02.get_name scheduled__2023-05-02T00:00:00+00:00 [running]> on host 6bd07c7477d9
[2023-05-25T07:04:02.650+0000] {taskinstance.py:1547} INFO - Exporting env vars: AIRFLOW_CTX_DAG_OWNER='Sai' AIRFLOW_CTX_DAG_ID='dag_with_taskflow_api_v02' AIRFLOW_CTX_TASK_ID='get_name' AIRFLOW_CTX_EXECUTION_DATE='2023-05-02T00:00:00+00:00' AIRFLOW_CTX_TRY_NUMBER='1' AIRFLOW_CTX_DAG_RUN_ID='scheduled__2023-05-02T00:00:00+00:00'
[2023-05-25T07:04:02.651+0000] {python.py:183} INFO - Done. Returned value was: {'first_name': 'Sai', 'last_name': 'Tr'}
[2023-05-25T07:04:02.829+0000] {taskinstance.py:1350} INFO - Marking task as SUCCESS. dag_id=dag_with_taskflow_api_v02, task_id=get_name, execution_date=20230502T000000, start_date=20230525T070401, end_date=20230525T070402
[2023-05-25T07:04:02.905+0000] {local_task_job_runner.py:225} INFO - Task exited with return code 0
[2023-05-25T07:04:03.124+0000] {taskinstance.py:2651} INFO - 0 downstream tasks scheduled from follow-on schedule check
[2023-05-25T10:38:47.709+0000] {taskinstance.py:1103} INFO - Dependencies all met for dep_context=non-requeueable deps ti=<TaskInstance: dag_with_taskflow_api_v02.get_name scheduled__2023-05-02T00:00:00+00:00 [queued]>
[2023-05-25T10:38:47.860+0000] {taskinstance.py:1103} INFO - Dependencies all met for dep_context=requeueable deps ti=<TaskInstance: dag_with_taskflow_api_v02.get_name scheduled__2023-05-02T00:00:00+00:00 [queued]>
[2023-05-25T10:38:47.861+0000] {taskinstance.py:1308} INFO - Starting attempt 1 of 6
[2023-05-25T10:38:48.035+0000] {taskinstance.py:1327} INFO - Executing <Task(_PythonDecoratedOperator): get_name> on 2023-05-02 00:00:00+00:00
[2023-05-25T10:38:48.071+0000] {standard_task_runner.py:57} INFO - Started process 5073 to run task
[2023-05-25T10:38:48.149+0000] {standard_task_runner.py:84} INFO - Running: ['***', 'tasks', 'run', 'dag_with_taskflow_api_v02', 'get_name', 'scheduled__2023-05-02T00:00:00+00:00', '--job-id', '1677', '--raw', '--subdir', 'DAGS_FOLDER/first_dag.py', '--cfg-path', '/tmp/tmp5xe0shcc']
[2023-05-25T10:38:48.164+0000] {standard_task_runner.py:85} INFO - Job 1677: Subtask get_name
[2023-05-25T10:38:48.625+0000] {task_command.py:410} INFO - Running <TaskInstance: dag_with_taskflow_api_v02.get_name scheduled__2023-05-02T00:00:00+00:00 [running]> on host b1ae37a9584e
[2023-05-25T10:38:49.586+0000] {taskinstance.py:1547} INFO - Exporting env vars: AIRFLOW_CTX_DAG_OWNER='Sai' AIRFLOW_CTX_DAG_ID='dag_with_taskflow_api_v02' AIRFLOW_CTX_TASK_ID='get_name' AIRFLOW_CTX_EXECUTION_DATE='2023-05-02T00:00:00+00:00' AIRFLOW_CTX_TRY_NUMBER='1' AIRFLOW_CTX_DAG_RUN_ID='scheduled__2023-05-02T00:00:00+00:00'
[2023-05-25T10:38:49.588+0000] {python.py:183} INFO - Done. Returned value was: {'first_name': 'Sai', 'last_name': 'Tr'}
[2023-05-25T10:38:49.807+0000] {taskinstance.py:1350} INFO - Marking task as SUCCESS. dag_id=dag_with_taskflow_api_v02, task_id=get_name, execution_date=20230502T000000, start_date=20230525T103847, end_date=20230525T103849
[2023-05-25T10:38:49.938+0000] {local_task_job_runner.py:225} INFO - Task exited with return code 0
[2023-05-25T10:38:50.947+0000] {taskinstance.py:2651} INFO - 1 downstream tasks scheduled from follow-on schedule check
