[2023-05-24T15:27:09.188+0000] {taskinstance.py:1103} INFO - Dependencies all met for dep_context=non-requeueable deps ti=<TaskInstance: dag_with_taskflow_api_v02.get_age scheduled__2022-11-25T00:00:00+00:00 [queued]>
[2023-05-24T15:27:09.306+0000] {taskinstance.py:1103} INFO - Dependencies all met for dep_context=requeueable deps ti=<TaskInstance: dag_with_taskflow_api_v02.get_age scheduled__2022-11-25T00:00:00+00:00 [queued]>
[2023-05-24T15:27:09.307+0000] {taskinstance.py:1308} INFO - Starting attempt 1 of 6
[2023-05-24T15:27:10.109+0000] {taskinstance.py:1327} INFO - Executing <Task(_PythonDecoratedOperator): get_age> on 2022-11-25 00:00:00+00:00
[2023-05-24T15:27:10.156+0000] {standard_task_runner.py:57} INFO - Started process 2843 to run task
[2023-05-24T15:27:10.188+0000] {standard_task_runner.py:84} INFO - Running: ['***', 'tasks', 'run', 'dag_with_taskflow_api_v02', 'get_age', 'scheduled__2022-11-25T00:00:00+00:00', '--job-id', '1185', '--raw', '--subdir', 'DAGS_FOLDER/first_dag.py', '--cfg-path', '/tmp/tmpnzk2n0gd']
[2023-05-24T15:27:10.247+0000] {standard_task_runner.py:85} INFO - Job 1185: Subtask get_age
[2023-05-24T15:27:10.704+0000] {task_command.py:410} INFO - Running <TaskInstance: dag_with_taskflow_api_v02.get_age scheduled__2022-11-25T00:00:00+00:00 [running]> on host 942de29f183d
[2023-05-24T15:27:11.759+0000] {taskinstance.py:1547} INFO - Exporting env vars: AIRFLOW_CTX_DAG_OWNER='Sai' AIRFLOW_CTX_DAG_ID='dag_with_taskflow_api_v02' AIRFLOW_CTX_TASK_ID='get_age' AIRFLOW_CTX_EXECUTION_DATE='2022-11-25T00:00:00+00:00' AIRFLOW_CTX_TRY_NUMBER='1' AIRFLOW_CTX_DAG_RUN_ID='scheduled__2022-11-25T00:00:00+00:00'
[2023-05-24T15:27:11.760+0000] {python.py:183} INFO - Done. Returned value was: 19
[2023-05-24T15:27:11.958+0000] {taskinstance.py:1350} INFO - Marking task as SUCCESS. dag_id=dag_with_taskflow_api_v02, task_id=get_age, execution_date=20221125T000000, start_date=20230524T152709, end_date=20230524T152711
[2023-05-24T15:27:12.089+0000] {local_task_job_runner.py:225} INFO - Task exited with return code 0
[2023-05-24T15:27:12.322+0000] {taskinstance.py:2651} INFO - 0 downstream tasks scheduled from follow-on schedule check
[2023-05-25T06:59:46.827+0000] {taskinstance.py:1103} INFO - Dependencies all met for dep_context=non-requeueable deps ti=<TaskInstance: dag_with_taskflow_api_v02.get_age scheduled__2022-11-25T00:00:00+00:00 [queued]>
[2023-05-25T06:59:46.942+0000] {taskinstance.py:1103} INFO - Dependencies all met for dep_context=requeueable deps ti=<TaskInstance: dag_with_taskflow_api_v02.get_age scheduled__2022-11-25T00:00:00+00:00 [queued]>
[2023-05-25T06:59:46.956+0000] {taskinstance.py:1308} INFO - Starting attempt 1 of 6
[2023-05-25T06:59:47.297+0000] {taskinstance.py:1327} INFO - Executing <Task(_PythonDecoratedOperator): get_age> on 2022-11-25 00:00:00+00:00
[2023-05-25T06:59:47.352+0000] {standard_task_runner.py:84} INFO - Running: ['***', 'tasks', 'run', 'dag_with_taskflow_api_v02', 'get_age', 'scheduled__2022-11-25T00:00:00+00:00', '--job-id', '1187', '--raw', '--subdir', 'DAGS_FOLDER/first_dag.py', '--cfg-path', '/tmp/tmpdfgcr8q_']
[2023-05-25T06:59:47.375+0000] {standard_task_runner.py:85} INFO - Job 1187: Subtask get_age
[2023-05-25T06:59:47.336+0000] {standard_task_runner.py:57} INFO - Started process 4368 to run task
[2023-05-25T06:59:47.637+0000] {task_command.py:410} INFO - Running <TaskInstance: dag_with_taskflow_api_v02.get_age scheduled__2022-11-25T00:00:00+00:00 [running]> on host 6bd07c7477d9
[2023-05-25T06:59:48.460+0000] {taskinstance.py:1547} INFO - Exporting env vars: AIRFLOW_CTX_DAG_OWNER='Sai' AIRFLOW_CTX_DAG_ID='dag_with_taskflow_api_v02' AIRFLOW_CTX_TASK_ID='get_age' AIRFLOW_CTX_EXECUTION_DATE='2022-11-25T00:00:00+00:00' AIRFLOW_CTX_TRY_NUMBER='1' AIRFLOW_CTX_DAG_RUN_ID='scheduled__2022-11-25T00:00:00+00:00'
[2023-05-25T06:59:48.461+0000] {python.py:183} INFO - Done. Returned value was: 19
[2023-05-25T06:59:48.640+0000] {taskinstance.py:1350} INFO - Marking task as SUCCESS. dag_id=dag_with_taskflow_api_v02, task_id=get_age, execution_date=20221125T000000, start_date=20230525T065946, end_date=20230525T065948
[2023-05-25T06:59:48.718+0000] {local_task_job_runner.py:225} INFO - Task exited with return code 0
[2023-05-25T06:59:49.625+0000] {taskinstance.py:2651} INFO - 0 downstream tasks scheduled from follow-on schedule check
[2023-05-25T10:33:31.188+0000] {taskinstance.py:1103} INFO - Dependencies all met for dep_context=non-requeueable deps ti=<TaskInstance: dag_with_taskflow_api_v02.get_age scheduled__2022-11-25T00:00:00+00:00 [queued]>
[2023-05-25T10:33:31.288+0000] {taskinstance.py:1103} INFO - Dependencies all met for dep_context=requeueable deps ti=<TaskInstance: dag_with_taskflow_api_v02.get_age scheduled__2022-11-25T00:00:00+00:00 [queued]>
[2023-05-25T10:33:31.288+0000] {taskinstance.py:1308} INFO - Starting attempt 1 of 6
[2023-05-25T10:33:31.565+0000] {taskinstance.py:1327} INFO - Executing <Task(_PythonDecoratedOperator): get_age> on 2022-11-25 00:00:00+00:00
[2023-05-25T10:33:31.607+0000] {standard_task_runner.py:57} INFO - Started process 3994 to run task
[2023-05-25T10:33:31.620+0000] {standard_task_runner.py:84} INFO - Running: ['***', 'tasks', 'run', 'dag_with_taskflow_api_v02', 'get_age', 'scheduled__2022-11-25T00:00:00+00:00', '--job-id', '1196', '--raw', '--subdir', 'DAGS_FOLDER/first_dag.py', '--cfg-path', '/tmp/tmp53860r69']
[2023-05-25T10:33:31.651+0000] {standard_task_runner.py:85} INFO - Job 1196: Subtask get_age
[2023-05-25T10:33:32.131+0000] {task_command.py:410} INFO - Running <TaskInstance: dag_with_taskflow_api_v02.get_age scheduled__2022-11-25T00:00:00+00:00 [running]> on host b1ae37a9584e
[2023-05-25T10:33:33.071+0000] {taskinstance.py:1547} INFO - Exporting env vars: AIRFLOW_CTX_DAG_OWNER='Sai' AIRFLOW_CTX_DAG_ID='dag_with_taskflow_api_v02' AIRFLOW_CTX_TASK_ID='get_age' AIRFLOW_CTX_EXECUTION_DATE='2022-11-25T00:00:00+00:00' AIRFLOW_CTX_TRY_NUMBER='1' AIRFLOW_CTX_DAG_RUN_ID='scheduled__2022-11-25T00:00:00+00:00'
[2023-05-25T10:33:33.073+0000] {python.py:183} INFO - Done. Returned value was: 19
[2023-05-25T10:33:33.217+0000] {taskinstance.py:1350} INFO - Marking task as SUCCESS. dag_id=dag_with_taskflow_api_v02, task_id=get_age, execution_date=20221125T000000, start_date=20230525T103331, end_date=20230525T103333
[2023-05-25T10:33:33.428+0000] {local_task_job_runner.py:225} INFO - Task exited with return code 0
[2023-05-25T10:33:33.858+0000] {taskinstance.py:2651} INFO - 0 downstream tasks scheduled from follow-on schedule check
