[2023-05-24T15:19:15.826+0000] {taskinstance.py:1103} INFO - Dependencies all met for dep_context=non-requeueable deps ti=<TaskInstance: dag_with_taskflow_api_v02.get_name scheduled__2022-03-02T00:00:00+00:00 [queued]>
[2023-05-24T15:19:15.863+0000] {taskinstance.py:1103} INFO - Dependencies all met for dep_context=requeueable deps ti=<TaskInstance: dag_with_taskflow_api_v02.get_name scheduled__2022-03-02T00:00:00+00:00 [queued]>
[2023-05-24T15:19:15.864+0000] {taskinstance.py:1308} INFO - Starting attempt 1 of 6
[2023-05-24T15:19:15.967+0000] {taskinstance.py:1327} INFO - Executing <Task(_PythonDecoratedOperator): get_name> on 2022-03-02 00:00:00+00:00
[2023-05-24T15:19:15.974+0000] {standard_task_runner.py:57} INFO - Started process 1062 to run task
[2023-05-24T15:19:16.004+0000] {standard_task_runner.py:84} INFO - Running: ['***', 'tasks', 'run', 'dag_with_taskflow_api_v02', 'get_name', 'scheduled__2022-03-02T00:00:00+00:00', '--job-id', '387', '--raw', '--subdir', 'DAGS_FOLDER/first_dag.py', '--cfg-path', '/tmp/tmpk0nd4l3s']
[2023-05-24T15:19:16.027+0000] {standard_task_runner.py:85} INFO - Job 387: Subtask get_name
[2023-05-24T15:19:16.298+0000] {task_command.py:410} INFO - Running <TaskInstance: dag_with_taskflow_api_v02.get_name scheduled__2022-03-02T00:00:00+00:00 [running]> on host 942de29f183d
[2023-05-24T15:19:16.981+0000] {taskinstance.py:1547} INFO - Exporting env vars: AIRFLOW_CTX_DAG_OWNER='Sai' AIRFLOW_CTX_DAG_ID='dag_with_taskflow_api_v02' AIRFLOW_CTX_TASK_ID='get_name' AIRFLOW_CTX_EXECUTION_DATE='2022-03-02T00:00:00+00:00' AIRFLOW_CTX_TRY_NUMBER='1' AIRFLOW_CTX_DAG_RUN_ID='scheduled__2022-03-02T00:00:00+00:00'
[2023-05-24T15:19:16.982+0000] {python.py:183} INFO - Done. Returned value was: {'first_name': 'Sai', 'last_name': 'Tr'}
[2023-05-24T15:19:17.228+0000] {taskinstance.py:1350} INFO - Marking task as SUCCESS. dag_id=dag_with_taskflow_api_v02, task_id=get_name, execution_date=20220302T000000, start_date=20230524T151915, end_date=20230524T151917
[2023-05-24T15:19:17.375+0000] {local_task_job_runner.py:225} INFO - Task exited with return code 0
[2023-05-24T15:19:18.234+0000] {taskinstance.py:2651} INFO - 1 downstream tasks scheduled from follow-on schedule check
[2023-05-25T06:52:27.355+0000] {taskinstance.py:1103} INFO - Dependencies all met for dep_context=non-requeueable deps ti=<TaskInstance: dag_with_taskflow_api_v02.get_name scheduled__2022-03-02T00:00:00+00:00 [queued]>
[2023-05-25T06:52:27.446+0000] {taskinstance.py:1103} INFO - Dependencies all met for dep_context=requeueable deps ti=<TaskInstance: dag_with_taskflow_api_v02.get_name scheduled__2022-03-02T00:00:00+00:00 [queued]>
[2023-05-25T06:52:27.447+0000] {taskinstance.py:1308} INFO - Starting attempt 1 of 6
[2023-05-25T06:52:27.594+0000] {taskinstance.py:1327} INFO - Executing <Task(_PythonDecoratedOperator): get_name> on 2022-03-02 00:00:00+00:00
[2023-05-25T06:52:27.613+0000] {standard_task_runner.py:57} INFO - Started process 2581 to run task
[2023-05-25T06:52:27.653+0000] {standard_task_runner.py:84} INFO - Running: ['***', 'tasks', 'run', 'dag_with_taskflow_api_v02', 'get_name', 'scheduled__2022-03-02T00:00:00+00:00', '--job-id', '382', '--raw', '--subdir', 'DAGS_FOLDER/first_dag.py', '--cfg-path', '/tmp/tmpp9531ner']
[2023-05-25T06:52:27.668+0000] {standard_task_runner.py:85} INFO - Job 382: Subtask get_name
[2023-05-25T06:52:27.978+0000] {task_command.py:410} INFO - Running <TaskInstance: dag_with_taskflow_api_v02.get_name scheduled__2022-03-02T00:00:00+00:00 [running]> on host 6bd07c7477d9
[2023-05-25T06:52:28.781+0000] {taskinstance.py:1547} INFO - Exporting env vars: AIRFLOW_CTX_DAG_OWNER='Sai' AIRFLOW_CTX_DAG_ID='dag_with_taskflow_api_v02' AIRFLOW_CTX_TASK_ID='get_name' AIRFLOW_CTX_EXECUTION_DATE='2022-03-02T00:00:00+00:00' AIRFLOW_CTX_TRY_NUMBER='1' AIRFLOW_CTX_DAG_RUN_ID='scheduled__2022-03-02T00:00:00+00:00'
[2023-05-25T06:52:28.782+0000] {python.py:183} INFO - Done. Returned value was: {'first_name': 'Sai', 'last_name': 'Tr'}
[2023-05-25T06:52:29.050+0000] {taskinstance.py:1350} INFO - Marking task as SUCCESS. dag_id=dag_with_taskflow_api_v02, task_id=get_name, execution_date=20220302T000000, start_date=20230525T065227, end_date=20230525T065229
[2023-05-25T06:52:29.256+0000] {local_task_job_runner.py:225} INFO - Task exited with return code 0
[2023-05-25T06:52:29.434+0000] {taskinstance.py:2651} INFO - 1 downstream tasks scheduled from follow-on schedule check
[2023-05-25T10:23:24.368+0000] {taskinstance.py:1103} INFO - Dependencies all met for dep_context=non-requeueable deps ti=<TaskInstance: dag_with_taskflow_api_v02.get_name scheduled__2022-03-02T00:00:00+00:00 [queued]>
[2023-05-25T10:23:24.482+0000] {taskinstance.py:1103} INFO - Dependencies all met for dep_context=requeueable deps ti=<TaskInstance: dag_with_taskflow_api_v02.get_name scheduled__2022-03-02T00:00:00+00:00 [queued]>
[2023-05-25T10:23:24.482+0000] {taskinstance.py:1308} INFO - Starting attempt 1 of 6
[2023-05-25T10:23:24.726+0000] {taskinstance.py:1327} INFO - Executing <Task(_PythonDecoratedOperator): get_name> on 2022-03-02 00:00:00+00:00
[2023-05-25T10:23:24.775+0000] {standard_task_runner.py:57} INFO - Started process 2117 to run task
[2023-05-25T10:23:24.826+0000] {standard_task_runner.py:84} INFO - Running: ['***', 'tasks', 'run', 'dag_with_taskflow_api_v02', 'get_name', 'scheduled__2022-03-02T00:00:00+00:00', '--job-id', '375', '--raw', '--subdir', 'DAGS_FOLDER/first_dag.py', '--cfg-path', '/tmp/tmpysfj3vgv']
[2023-05-25T10:23:24.859+0000] {standard_task_runner.py:85} INFO - Job 375: Subtask get_name
[2023-05-25T10:23:25.319+0000] {task_command.py:410} INFO - Running <TaskInstance: dag_with_taskflow_api_v02.get_name scheduled__2022-03-02T00:00:00+00:00 [running]> on host b1ae37a9584e
[2023-05-25T10:23:25.860+0000] {taskinstance.py:1547} INFO - Exporting env vars: AIRFLOW_CTX_DAG_OWNER='Sai' AIRFLOW_CTX_DAG_ID='dag_with_taskflow_api_v02' AIRFLOW_CTX_TASK_ID='get_name' AIRFLOW_CTX_EXECUTION_DATE='2022-03-02T00:00:00+00:00' AIRFLOW_CTX_TRY_NUMBER='1' AIRFLOW_CTX_DAG_RUN_ID='scheduled__2022-03-02T00:00:00+00:00'
[2023-05-25T10:23:25.861+0000] {python.py:183} INFO - Done. Returned value was: {'first_name': 'Sai', 'last_name': 'Tr'}
[2023-05-25T10:23:26.061+0000] {taskinstance.py:1350} INFO - Marking task as SUCCESS. dag_id=dag_with_taskflow_api_v02, task_id=get_name, execution_date=20220302T000000, start_date=20230525T102324, end_date=20230525T102326
[2023-05-25T10:23:26.256+0000] {local_task_job_runner.py:225} INFO - Task exited with return code 0
[2023-05-25T10:23:27.379+0000] {taskinstance.py:2651} INFO - 1 downstream tasks scheduled from follow-on schedule check
