[2023-05-24T15:27:46.244+0000] {taskinstance.py:1103} INFO - Dependencies all met for dep_context=non-requeueable deps ti=<TaskInstance: dag_with_taskflow_api_v02.greet scheduled__2022-12-15T00:00:00+00:00 [queued]>
[2023-05-24T15:27:46.262+0000] {taskinstance.py:1103} INFO - Dependencies all met for dep_context=requeueable deps ti=<TaskInstance: dag_with_taskflow_api_v02.greet scheduled__2022-12-15T00:00:00+00:00 [queued]>
[2023-05-24T15:27:46.262+0000] {taskinstance.py:1308} INFO - Starting attempt 1 of 6
[2023-05-24T15:27:46.311+0000] {taskinstance.py:1327} INFO - Executing <Task(_PythonDecoratedOperator): greet> on 2022-12-15 00:00:00+00:00
[2023-05-24T15:27:46.316+0000] {standard_task_runner.py:57} INFO - Started process 2986 to run task
[2023-05-24T15:27:46.325+0000] {standard_task_runner.py:84} INFO - Running: ['***', 'tasks', 'run', 'dag_with_taskflow_api_v02', 'greet', 'scheduled__2022-12-15T00:00:00+00:00', '--job-id', '1254', '--raw', '--subdir', 'DAGS_FOLDER/first_dag.py', '--cfg-path', '/tmp/tmphtjemq1b']
[2023-05-24T15:27:46.329+0000] {standard_task_runner.py:85} INFO - Job 1254: Subtask greet
[2023-05-24T15:27:46.464+0000] {task_command.py:410} INFO - Running <TaskInstance: dag_with_taskflow_api_v02.greet scheduled__2022-12-15T00:00:00+00:00 [running]> on host 942de29f183d
[2023-05-24T15:27:46.805+0000] {taskinstance.py:1547} INFO - Exporting env vars: AIRFLOW_CTX_DAG_OWNER='Sai' AIRFLOW_CTX_DAG_ID='dag_with_taskflow_api_v02' AIRFLOW_CTX_TASK_ID='greet' AIRFLOW_CTX_EXECUTION_DATE='2022-12-15T00:00:00+00:00' AIRFLOW_CTX_TRY_NUMBER='1' AIRFLOW_CTX_DAG_RUN_ID='scheduled__2022-12-15T00:00:00+00:00'
[2023-05-24T15:27:46.806+0000] {logging_mixin.py:149} INFO - Hello World! My name is Sai Tr and I am 19 years old!
[2023-05-24T15:27:46.807+0000] {python.py:183} INFO - Done. Returned value was: None
[2023-05-24T15:27:46.832+0000] {taskinstance.py:1350} INFO - Marking task as SUCCESS. dag_id=dag_with_taskflow_api_v02, task_id=greet, execution_date=20221215T000000, start_date=20230524T152746, end_date=20230524T152746
[2023-05-24T15:27:46.905+0000] {local_task_job_runner.py:225} INFO - Task exited with return code 0
[2023-05-24T15:27:46.949+0000] {taskinstance.py:2651} INFO - 0 downstream tasks scheduled from follow-on schedule check
[2023-05-25T07:00:27.699+0000] {taskinstance.py:1103} INFO - Dependencies all met for dep_context=non-requeueable deps ti=<TaskInstance: dag_with_taskflow_api_v02.greet scheduled__2022-12-15T00:00:00+00:00 [queued]>
[2023-05-25T07:00:27.772+0000] {taskinstance.py:1103} INFO - Dependencies all met for dep_context=requeueable deps ti=<TaskInstance: dag_with_taskflow_api_v02.greet scheduled__2022-12-15T00:00:00+00:00 [queued]>
[2023-05-25T07:00:27.773+0000] {taskinstance.py:1308} INFO - Starting attempt 1 of 6
[2023-05-25T07:00:27.946+0000] {taskinstance.py:1327} INFO - Executing <Task(_PythonDecoratedOperator): greet> on 2022-12-15 00:00:00+00:00
[2023-05-25T07:00:27.975+0000] {standard_task_runner.py:57} INFO - Started process 4536 to run task
[2023-05-25T07:00:28.059+0000] {standard_task_runner.py:84} INFO - Running: ['***', 'tasks', 'run', 'dag_with_taskflow_api_v02', 'greet', 'scheduled__2022-12-15T00:00:00+00:00', '--job-id', '1263', '--raw', '--subdir', 'DAGS_FOLDER/first_dag.py', '--cfg-path', '/tmp/tmpxqh78i0q']
[2023-05-25T07:00:28.077+0000] {standard_task_runner.py:85} INFO - Job 1263: Subtask greet
[2023-05-25T07:00:28.362+0000] {task_command.py:410} INFO - Running <TaskInstance: dag_with_taskflow_api_v02.greet scheduled__2022-12-15T00:00:00+00:00 [running]> on host 6bd07c7477d9
[2023-05-25T07:00:28.934+0000] {taskinstance.py:1547} INFO - Exporting env vars: AIRFLOW_CTX_DAG_OWNER='Sai' AIRFLOW_CTX_DAG_ID='dag_with_taskflow_api_v02' AIRFLOW_CTX_TASK_ID='greet' AIRFLOW_CTX_EXECUTION_DATE='2022-12-15T00:00:00+00:00' AIRFLOW_CTX_TRY_NUMBER='1' AIRFLOW_CTX_DAG_RUN_ID='scheduled__2022-12-15T00:00:00+00:00'
[2023-05-25T07:00:28.935+0000] {logging_mixin.py:149} INFO - Hello World! My name is Sai Tr and I am 19 years old!
[2023-05-25T07:00:28.936+0000] {python.py:183} INFO - Done. Returned value was: None
[2023-05-25T07:00:28.985+0000] {taskinstance.py:1350} INFO - Marking task as SUCCESS. dag_id=dag_with_taskflow_api_v02, task_id=greet, execution_date=20221215T000000, start_date=20230525T070027, end_date=20230525T070028
[2023-05-25T07:00:29.130+0000] {local_task_job_runner.py:225} INFO - Task exited with return code 0
[2023-05-25T07:00:29.259+0000] {taskinstance.py:2651} INFO - 0 downstream tasks scheduled from follow-on schedule check
[2023-05-25T10:34:30.329+0000] {taskinstance.py:1103} INFO - Dependencies all met for dep_context=non-requeueable deps ti=<TaskInstance: dag_with_taskflow_api_v02.greet scheduled__2022-12-15T00:00:00+00:00 [queued]>
[2023-05-25T10:34:30.364+0000] {taskinstance.py:1103} INFO - Dependencies all met for dep_context=requeueable deps ti=<TaskInstance: dag_with_taskflow_api_v02.greet scheduled__2022-12-15T00:00:00+00:00 [queued]>
[2023-05-25T10:34:30.364+0000] {taskinstance.py:1308} INFO - Starting attempt 1 of 6
[2023-05-25T10:34:30.400+0000] {taskinstance.py:1327} INFO - Executing <Task(_PythonDecoratedOperator): greet> on 2022-12-15 00:00:00+00:00
[2023-05-25T10:34:30.410+0000] {standard_task_runner.py:57} INFO - Started process 4171 to run task
[2023-05-25T10:34:30.419+0000] {standard_task_runner.py:84} INFO - Running: ['***', 'tasks', 'run', 'dag_with_taskflow_api_v02', 'greet', 'scheduled__2022-12-15T00:00:00+00:00', '--job-id', '1277', '--raw', '--subdir', 'DAGS_FOLDER/first_dag.py', '--cfg-path', '/tmp/tmp979bfmku']
[2023-05-25T10:34:30.422+0000] {standard_task_runner.py:85} INFO - Job 1277: Subtask greet
[2023-05-25T10:34:30.514+0000] {task_command.py:410} INFO - Running <TaskInstance: dag_with_taskflow_api_v02.greet scheduled__2022-12-15T00:00:00+00:00 [running]> on host b1ae37a9584e
[2023-05-25T10:34:30.811+0000] {taskinstance.py:1547} INFO - Exporting env vars: AIRFLOW_CTX_DAG_OWNER='Sai' AIRFLOW_CTX_DAG_ID='dag_with_taskflow_api_v02' AIRFLOW_CTX_TASK_ID='greet' AIRFLOW_CTX_EXECUTION_DATE='2022-12-15T00:00:00+00:00' AIRFLOW_CTX_TRY_NUMBER='1' AIRFLOW_CTX_DAG_RUN_ID='scheduled__2022-12-15T00:00:00+00:00'
[2023-05-25T10:34:30.813+0000] {logging_mixin.py:149} INFO - Hello World! My name is Sai Tr and I am 19 years old!
[2023-05-25T10:34:30.813+0000] {python.py:183} INFO - Done. Returned value was: None
[2023-05-25T10:34:30.828+0000] {taskinstance.py:1350} INFO - Marking task as SUCCESS. dag_id=dag_with_taskflow_api_v02, task_id=greet, execution_date=20221215T000000, start_date=20230525T103430, end_date=20230525T103430
[2023-05-25T10:34:30.870+0000] {local_task_job_runner.py:225} INFO - Task exited with return code 0
[2023-05-25T10:34:30.914+0000] {taskinstance.py:2651} INFO - 0 downstream tasks scheduled from follow-on schedule check
