[2023-05-24T15:28:13.632+0000] {taskinstance.py:1103} INFO - Dependencies all met for dep_context=non-requeueable deps ti=<TaskInstance: dag_with_taskflow_api_v02.get_name scheduled__2022-12-30T00:00:00+00:00 [queued]>
[2023-05-24T15:28:13.689+0000] {taskinstance.py:1103} INFO - Dependencies all met for dep_context=requeueable deps ti=<TaskInstance: dag_with_taskflow_api_v02.get_name scheduled__2022-12-30T00:00:00+00:00 [queued]>
[2023-05-24T15:28:13.689+0000] {taskinstance.py:1308} INFO - Starting attempt 1 of 6
[2023-05-24T15:28:13.877+0000] {taskinstance.py:1327} INFO - Executing <Task(_PythonDecoratedOperator): get_name> on 2022-12-30 00:00:00+00:00
[2023-05-24T15:28:13.884+0000] {standard_task_runner.py:57} INFO - Started process 3089 to run task
[2023-05-24T15:28:13.920+0000] {standard_task_runner.py:84} INFO - Running: ['***', 'tasks', 'run', 'dag_with_taskflow_api_v02', 'get_name', 'scheduled__2022-12-30T00:00:00+00:00', '--job-id', '1296', '--raw', '--subdir', 'DAGS_FOLDER/first_dag.py', '--cfg-path', '/tmp/tmpv1wk_hsr']
[2023-05-24T15:28:13.928+0000] {standard_task_runner.py:85} INFO - Job 1296: Subtask get_name
[2023-05-24T15:28:14.292+0000] {task_command.py:410} INFO - Running <TaskInstance: dag_with_taskflow_api_v02.get_name scheduled__2022-12-30T00:00:00+00:00 [running]> on host 942de29f183d
[2023-05-24T15:28:15.344+0000] {taskinstance.py:1547} INFO - Exporting env vars: AIRFLOW_CTX_DAG_OWNER='Sai' AIRFLOW_CTX_DAG_ID='dag_with_taskflow_api_v02' AIRFLOW_CTX_TASK_ID='get_name' AIRFLOW_CTX_EXECUTION_DATE='2022-12-30T00:00:00+00:00' AIRFLOW_CTX_TRY_NUMBER='1' AIRFLOW_CTX_DAG_RUN_ID='scheduled__2022-12-30T00:00:00+00:00'
[2023-05-24T15:28:15.345+0000] {python.py:183} INFO - Done. Returned value was: {'first_name': 'Sai', 'last_name': 'Tr'}
[2023-05-24T15:28:15.545+0000] {taskinstance.py:1350} INFO - Marking task as SUCCESS. dag_id=dag_with_taskflow_api_v02, task_id=get_name, execution_date=20221230T000000, start_date=20230524T152813, end_date=20230524T152815
[2023-05-24T15:28:16.019+0000] {local_task_job_runner.py:225} INFO - Task exited with return code 0
[2023-05-24T15:28:16.196+0000] {taskinstance.py:2651} INFO - 0 downstream tasks scheduled from follow-on schedule check
[2023-05-25T07:00:43.602+0000] {taskinstance.py:1103} INFO - Dependencies all met for dep_context=non-requeueable deps ti=<TaskInstance: dag_with_taskflow_api_v02.get_name scheduled__2022-12-30T00:00:00+00:00 [queued]>
[2023-05-25T07:00:43.686+0000] {taskinstance.py:1103} INFO - Dependencies all met for dep_context=requeueable deps ti=<TaskInstance: dag_with_taskflow_api_v02.get_name scheduled__2022-12-30T00:00:00+00:00 [queued]>
[2023-05-25T07:00:43.687+0000] {taskinstance.py:1308} INFO - Starting attempt 1 of 6
[2023-05-25T07:00:43.849+0000] {taskinstance.py:1327} INFO - Executing <Task(_PythonDecoratedOperator): get_name> on 2022-12-30 00:00:00+00:00
[2023-05-25T07:00:43.884+0000] {standard_task_runner.py:57} INFO - Started process 4596 to run task
[2023-05-25T07:00:43.903+0000] {standard_task_runner.py:84} INFO - Running: ['***', 'tasks', 'run', 'dag_with_taskflow_api_v02', 'get_name', 'scheduled__2022-12-30T00:00:00+00:00', '--job-id', '1294', '--raw', '--subdir', 'DAGS_FOLDER/first_dag.py', '--cfg-path', '/tmp/tmp_rswo_gf']
[2023-05-25T07:00:43.906+0000] {standard_task_runner.py:85} INFO - Job 1294: Subtask get_name
[2023-05-25T07:00:44.340+0000] {task_command.py:410} INFO - Running <TaskInstance: dag_with_taskflow_api_v02.get_name scheduled__2022-12-30T00:00:00+00:00 [running]> on host 6bd07c7477d9
[2023-05-25T07:00:45.358+0000] {taskinstance.py:1547} INFO - Exporting env vars: AIRFLOW_CTX_DAG_OWNER='Sai' AIRFLOW_CTX_DAG_ID='dag_with_taskflow_api_v02' AIRFLOW_CTX_TASK_ID='get_name' AIRFLOW_CTX_EXECUTION_DATE='2022-12-30T00:00:00+00:00' AIRFLOW_CTX_TRY_NUMBER='1' AIRFLOW_CTX_DAG_RUN_ID='scheduled__2022-12-30T00:00:00+00:00'
[2023-05-25T07:00:45.359+0000] {python.py:183} INFO - Done. Returned value was: {'first_name': 'Sai', 'last_name': 'Tr'}
[2023-05-25T07:00:45.546+0000] {taskinstance.py:1350} INFO - Marking task as SUCCESS. dag_id=dag_with_taskflow_api_v02, task_id=get_name, execution_date=20221230T000000, start_date=20230525T070043, end_date=20230525T070045
[2023-05-25T07:00:45.645+0000] {local_task_job_runner.py:225} INFO - Task exited with return code 0
[2023-05-25T07:00:46.050+0000] {taskinstance.py:2651} INFO - 1 downstream tasks scheduled from follow-on schedule check
[2023-05-25T10:34:45.827+0000] {taskinstance.py:1103} INFO - Dependencies all met for dep_context=non-requeueable deps ti=<TaskInstance: dag_with_taskflow_api_v02.get_name scheduled__2022-12-30T00:00:00+00:00 [queued]>
[2023-05-25T10:34:45.869+0000] {taskinstance.py:1103} INFO - Dependencies all met for dep_context=requeueable deps ti=<TaskInstance: dag_with_taskflow_api_v02.get_name scheduled__2022-12-30T00:00:00+00:00 [queued]>
[2023-05-25T10:34:45.869+0000] {taskinstance.py:1308} INFO - Starting attempt 1 of 6
[2023-05-25T10:34:45.986+0000] {taskinstance.py:1327} INFO - Executing <Task(_PythonDecoratedOperator): get_name> on 2022-12-30 00:00:00+00:00
[2023-05-25T10:34:46.005+0000] {standard_task_runner.py:57} INFO - Started process 4231 to run task
[2023-05-25T10:34:46.021+0000] {standard_task_runner.py:84} INFO - Running: ['***', 'tasks', 'run', 'dag_with_taskflow_api_v02', 'get_name', 'scheduled__2022-12-30T00:00:00+00:00', '--job-id', '1301', '--raw', '--subdir', 'DAGS_FOLDER/first_dag.py', '--cfg-path', '/tmp/tmpopredysr']
[2023-05-25T10:34:46.031+0000] {standard_task_runner.py:85} INFO - Job 1301: Subtask get_name
[2023-05-25T10:34:46.440+0000] {task_command.py:410} INFO - Running <TaskInstance: dag_with_taskflow_api_v02.get_name scheduled__2022-12-30T00:00:00+00:00 [running]> on host b1ae37a9584e
[2023-05-25T10:34:47.423+0000] {taskinstance.py:1547} INFO - Exporting env vars: AIRFLOW_CTX_DAG_OWNER='Sai' AIRFLOW_CTX_DAG_ID='dag_with_taskflow_api_v02' AIRFLOW_CTX_TASK_ID='get_name' AIRFLOW_CTX_EXECUTION_DATE='2022-12-30T00:00:00+00:00' AIRFLOW_CTX_TRY_NUMBER='1' AIRFLOW_CTX_DAG_RUN_ID='scheduled__2022-12-30T00:00:00+00:00'
[2023-05-25T10:34:47.430+0000] {python.py:183} INFO - Done. Returned value was: {'first_name': 'Sai', 'last_name': 'Tr'}
[2023-05-25T10:34:47.835+0000] {taskinstance.py:1350} INFO - Marking task as SUCCESS. dag_id=dag_with_taskflow_api_v02, task_id=get_name, execution_date=20221230T000000, start_date=20230525T103445, end_date=20230525T103447
[2023-05-25T10:34:47.994+0000] {local_task_job_runner.py:225} INFO - Task exited with return code 0
[2023-05-25T10:34:48.368+0000] {taskinstance.py:2651} INFO - 0 downstream tasks scheduled from follow-on schedule check
