[2023-05-24T15:29:06.582+0000] {taskinstance.py:1103} INFO - Dependencies all met for dep_context=non-requeueable deps ti=<TaskInstance: dag_with_taskflow_api_v02.get_age scheduled__2023-02-04T00:00:00+00:00 [queued]>
[2023-05-24T15:29:06.660+0000] {taskinstance.py:1103} INFO - Dependencies all met for dep_context=requeueable deps ti=<TaskInstance: dag_with_taskflow_api_v02.get_age scheduled__2023-02-04T00:00:00+00:00 [queued]>
[2023-05-24T15:29:06.661+0000] {taskinstance.py:1308} INFO - Starting attempt 1 of 6
[2023-05-24T15:29:06.928+0000] {taskinstance.py:1327} INFO - Executing <Task(_PythonDecoratedOperator): get_age> on 2023-02-04 00:00:00+00:00
[2023-05-24T15:29:06.938+0000] {standard_task_runner.py:57} INFO - Started process 3309 to run task
[2023-05-24T15:29:06.972+0000] {standard_task_runner.py:84} INFO - Running: ['***', 'tasks', 'run', 'dag_with_taskflow_api_v02', 'get_age', 'scheduled__2023-02-04T00:00:00+00:00', '--job-id', '1397', '--raw', '--subdir', 'DAGS_FOLDER/first_dag.py', '--cfg-path', '/tmp/tmpb3h58cgz']
[2023-05-24T15:29:07.007+0000] {standard_task_runner.py:85} INFO - Job 1397: Subtask get_age
[2023-05-24T15:29:07.456+0000] {task_command.py:410} INFO - Running <TaskInstance: dag_with_taskflow_api_v02.get_age scheduled__2023-02-04T00:00:00+00:00 [running]> on host 942de29f183d
[2023-05-24T15:29:08.246+0000] {taskinstance.py:1547} INFO - Exporting env vars: AIRFLOW_CTX_DAG_OWNER='Sai' AIRFLOW_CTX_DAG_ID='dag_with_taskflow_api_v02' AIRFLOW_CTX_TASK_ID='get_age' AIRFLOW_CTX_EXECUTION_DATE='2023-02-04T00:00:00+00:00' AIRFLOW_CTX_TRY_NUMBER='1' AIRFLOW_CTX_DAG_RUN_ID='scheduled__2023-02-04T00:00:00+00:00'
[2023-05-24T15:29:08.249+0000] {python.py:183} INFO - Done. Returned value was: 19
[2023-05-24T15:29:08.382+0000] {taskinstance.py:1350} INFO - Marking task as SUCCESS. dag_id=dag_with_taskflow_api_v02, task_id=get_age, execution_date=20230204T000000, start_date=20230524T152906, end_date=20230524T152908
[2023-05-24T15:29:08.531+0000] {local_task_job_runner.py:225} INFO - Task exited with return code 0
[2023-05-24T15:29:08.914+0000] {taskinstance.py:2651} INFO - 0 downstream tasks scheduled from follow-on schedule check
[2023-05-25T07:01:43.508+0000] {taskinstance.py:1103} INFO - Dependencies all met for dep_context=non-requeueable deps ti=<TaskInstance: dag_with_taskflow_api_v02.get_age scheduled__2023-02-04T00:00:00+00:00 [queued]>
[2023-05-25T07:01:43.602+0000] {taskinstance.py:1103} INFO - Dependencies all met for dep_context=requeueable deps ti=<TaskInstance: dag_with_taskflow_api_v02.get_age scheduled__2023-02-04T00:00:00+00:00 [queued]>
[2023-05-25T07:01:43.610+0000] {taskinstance.py:1308} INFO - Starting attempt 1 of 6
[2023-05-25T07:01:43.820+0000] {taskinstance.py:1327} INFO - Executing <Task(_PythonDecoratedOperator): get_age> on 2023-02-04 00:00:00+00:00
[2023-05-25T07:01:43.835+0000] {standard_task_runner.py:57} INFO - Started process 4834 to run task
[2023-05-25T07:01:43.857+0000] {standard_task_runner.py:84} INFO - Running: ['***', 'tasks', 'run', 'dag_with_taskflow_api_v02', 'get_age', 'scheduled__2023-02-04T00:00:00+00:00', '--job-id', '1401', '--raw', '--subdir', 'DAGS_FOLDER/first_dag.py', '--cfg-path', '/tmp/tmpugv_0tnl']
[2023-05-25T07:01:43.881+0000] {standard_task_runner.py:85} INFO - Job 1401: Subtask get_age
[2023-05-25T07:01:44.252+0000] {task_command.py:410} INFO - Running <TaskInstance: dag_with_taskflow_api_v02.get_age scheduled__2023-02-04T00:00:00+00:00 [running]> on host 6bd07c7477d9
[2023-05-25T07:01:44.976+0000] {taskinstance.py:1547} INFO - Exporting env vars: AIRFLOW_CTX_DAG_OWNER='Sai' AIRFLOW_CTX_DAG_ID='dag_with_taskflow_api_v02' AIRFLOW_CTX_TASK_ID='get_age' AIRFLOW_CTX_EXECUTION_DATE='2023-02-04T00:00:00+00:00' AIRFLOW_CTX_TRY_NUMBER='1' AIRFLOW_CTX_DAG_RUN_ID='scheduled__2023-02-04T00:00:00+00:00'
[2023-05-25T07:01:44.977+0000] {python.py:183} INFO - Done. Returned value was: 19
[2023-05-25T07:01:45.172+0000] {taskinstance.py:1350} INFO - Marking task as SUCCESS. dag_id=dag_with_taskflow_api_v02, task_id=get_age, execution_date=20230204T000000, start_date=20230525T070143, end_date=20230525T070145
[2023-05-25T07:01:45.251+0000] {local_task_job_runner.py:225} INFO - Task exited with return code 0
[2023-05-25T07:01:45.520+0000] {taskinstance.py:2651} INFO - 0 downstream tasks scheduled from follow-on schedule check
[2023-05-25T10:36:02.760+0000] {taskinstance.py:1103} INFO - Dependencies all met for dep_context=non-requeueable deps ti=<TaskInstance: dag_with_taskflow_api_v02.get_age scheduled__2023-02-04T00:00:00+00:00 [queued]>
[2023-05-25T10:36:02.887+0000] {taskinstance.py:1103} INFO - Dependencies all met for dep_context=requeueable deps ti=<TaskInstance: dag_with_taskflow_api_v02.get_age scheduled__2023-02-04T00:00:00+00:00 [queued]>
[2023-05-25T10:36:02.890+0000] {taskinstance.py:1308} INFO - Starting attempt 1 of 6
[2023-05-25T10:36:03.083+0000] {taskinstance.py:1327} INFO - Executing <Task(_PythonDecoratedOperator): get_age> on 2023-02-04 00:00:00+00:00
[2023-05-25T10:36:03.098+0000] {standard_task_runner.py:57} INFO - Started process 4494 to run task
[2023-05-25T10:36:03.130+0000] {standard_task_runner.py:84} INFO - Running: ['***', 'tasks', 'run', 'dag_with_taskflow_api_v02', 'get_age', 'scheduled__2023-02-04T00:00:00+00:00', '--job-id', '1415', '--raw', '--subdir', 'DAGS_FOLDER/first_dag.py', '--cfg-path', '/tmp/tmpsmo97_i8']
[2023-05-25T10:36:03.149+0000] {standard_task_runner.py:85} INFO - Job 1415: Subtask get_age
[2023-05-25T10:36:03.510+0000] {task_command.py:410} INFO - Running <TaskInstance: dag_with_taskflow_api_v02.get_age scheduled__2023-02-04T00:00:00+00:00 [running]> on host b1ae37a9584e
[2023-05-25T10:36:04.181+0000] {taskinstance.py:1547} INFO - Exporting env vars: AIRFLOW_CTX_DAG_OWNER='Sai' AIRFLOW_CTX_DAG_ID='dag_with_taskflow_api_v02' AIRFLOW_CTX_TASK_ID='get_age' AIRFLOW_CTX_EXECUTION_DATE='2023-02-04T00:00:00+00:00' AIRFLOW_CTX_TRY_NUMBER='1' AIRFLOW_CTX_DAG_RUN_ID='scheduled__2023-02-04T00:00:00+00:00'
[2023-05-25T10:36:04.183+0000] {python.py:183} INFO - Done. Returned value was: 19
[2023-05-25T10:36:04.362+0000] {taskinstance.py:1350} INFO - Marking task as SUCCESS. dag_id=dag_with_taskflow_api_v02, task_id=get_age, execution_date=20230204T000000, start_date=20230525T103602, end_date=20230525T103604
[2023-05-25T10:36:04.517+0000] {local_task_job_runner.py:225} INFO - Task exited with return code 0
[2023-05-25T10:36:05.686+0000] {taskinstance.py:2651} INFO - 0 downstream tasks scheduled from follow-on schedule check
