[2023-05-24T15:31:32.860+0000] {taskinstance.py:1103} INFO - Dependencies all met for dep_context=non-requeueable deps ti=<TaskInstance: dag_with_taskflow_api_v02.get_age scheduled__2023-04-30T00:00:00+00:00 [queued]>
[2023-05-24T15:31:32.930+0000] {taskinstance.py:1103} INFO - Dependencies all met for dep_context=requeueable deps ti=<TaskInstance: dag_with_taskflow_api_v02.get_age scheduled__2023-04-30T00:00:00+00:00 [queued]>
[2023-05-24T15:31:32.931+0000] {taskinstance.py:1308} INFO - Starting attempt 1 of 6
[2023-05-24T15:31:33.216+0000] {taskinstance.py:1327} INFO - Executing <Task(_PythonDecoratedOperator): get_age> on 2023-04-30 00:00:00+00:00
[2023-05-24T15:31:33.224+0000] {standard_task_runner.py:57} INFO - Started process 3895 to run task
[2023-05-24T15:31:33.250+0000] {standard_task_runner.py:84} INFO - Running: ['***', 'tasks', 'run', 'dag_with_taskflow_api_v02', 'get_age', 'scheduled__2023-04-30T00:00:00+00:00', '--job-id', '1660', '--raw', '--subdir', 'DAGS_FOLDER/first_dag.py', '--cfg-path', '/tmp/tmpk6upo54t']
[2023-05-24T15:31:33.263+0000] {standard_task_runner.py:85} INFO - Job 1660: Subtask get_age
[2023-05-24T15:31:33.571+0000] {task_command.py:410} INFO - Running <TaskInstance: dag_with_taskflow_api_v02.get_age scheduled__2023-04-30T00:00:00+00:00 [running]> on host 942de29f183d
[2023-05-24T15:31:34.981+0000] {taskinstance.py:1547} INFO - Exporting env vars: AIRFLOW_CTX_DAG_OWNER='Sai' AIRFLOW_CTX_DAG_ID='dag_with_taskflow_api_v02' AIRFLOW_CTX_TASK_ID='get_age' AIRFLOW_CTX_EXECUTION_DATE='2023-04-30T00:00:00+00:00' AIRFLOW_CTX_TRY_NUMBER='1' AIRFLOW_CTX_DAG_RUN_ID='scheduled__2023-04-30T00:00:00+00:00'
[2023-05-24T15:31:34.982+0000] {python.py:183} INFO - Done. Returned value was: 19
[2023-05-24T15:31:35.331+0000] {taskinstance.py:1350} INFO - Marking task as SUCCESS. dag_id=dag_with_taskflow_api_v02, task_id=get_age, execution_date=20230430T000000, start_date=20230524T153132, end_date=20230524T153135
[2023-05-24T15:31:35.463+0000] {local_task_job_runner.py:225} INFO - Task exited with return code 0
[2023-05-24T15:31:35.678+0000] {taskinstance.py:2651} INFO - 1 downstream tasks scheduled from follow-on schedule check
[2023-05-25T07:03:58.544+0000] {taskinstance.py:1103} INFO - Dependencies all met for dep_context=non-requeueable deps ti=<TaskInstance: dag_with_taskflow_api_v02.get_age scheduled__2023-04-30T00:00:00+00:00 [queued]>
[2023-05-25T07:03:58.630+0000] {taskinstance.py:1103} INFO - Dependencies all met for dep_context=requeueable deps ti=<TaskInstance: dag_with_taskflow_api_v02.get_age scheduled__2023-04-30T00:00:00+00:00 [queued]>
[2023-05-25T07:03:58.630+0000] {taskinstance.py:1308} INFO - Starting attempt 1 of 6
[2023-05-25T07:03:58.978+0000] {taskinstance.py:1327} INFO - Executing <Task(_PythonDecoratedOperator): get_age> on 2023-04-30 00:00:00+00:00
[2023-05-25T07:03:59.013+0000] {standard_task_runner.py:57} INFO - Started process 5394 to run task
[2023-05-25T07:03:59.030+0000] {standard_task_runner.py:84} INFO - Running: ['***', 'tasks', 'run', 'dag_with_taskflow_api_v02', 'get_age', 'scheduled__2023-04-30T00:00:00+00:00', '--job-id', '1653', '--raw', '--subdir', 'DAGS_FOLDER/first_dag.py', '--cfg-path', '/tmp/tmp83vgc_cj']
[2023-05-25T07:03:59.054+0000] {standard_task_runner.py:85} INFO - Job 1653: Subtask get_age
[2023-05-25T07:03:59.358+0000] {task_command.py:410} INFO - Running <TaskInstance: dag_with_taskflow_api_v02.get_age scheduled__2023-04-30T00:00:00+00:00 [running]> on host 6bd07c7477d9
[2023-05-25T07:04:00.034+0000] {taskinstance.py:1547} INFO - Exporting env vars: AIRFLOW_CTX_DAG_OWNER='Sai' AIRFLOW_CTX_DAG_ID='dag_with_taskflow_api_v02' AIRFLOW_CTX_TASK_ID='get_age' AIRFLOW_CTX_EXECUTION_DATE='2023-04-30T00:00:00+00:00' AIRFLOW_CTX_TRY_NUMBER='1' AIRFLOW_CTX_DAG_RUN_ID='scheduled__2023-04-30T00:00:00+00:00'
[2023-05-25T07:04:00.035+0000] {python.py:183} INFO - Done. Returned value was: 19
[2023-05-25T07:04:00.130+0000] {taskinstance.py:1350} INFO - Marking task as SUCCESS. dag_id=dag_with_taskflow_api_v02, task_id=get_age, execution_date=20230430T000000, start_date=20230525T070358, end_date=20230525T070400
[2023-05-25T07:04:00.242+0000] {local_task_job_runner.py:225} INFO - Task exited with return code 0
[2023-05-25T07:04:00.588+0000] {taskinstance.py:2651} INFO - 1 downstream tasks scheduled from follow-on schedule check
[2023-05-25T10:38:46.787+0000] {taskinstance.py:1103} INFO - Dependencies all met for dep_context=non-requeueable deps ti=<TaskInstance: dag_with_taskflow_api_v02.get_age scheduled__2023-04-30T00:00:00+00:00 [queued]>
[2023-05-25T10:38:46.843+0000] {taskinstance.py:1103} INFO - Dependencies all met for dep_context=requeueable deps ti=<TaskInstance: dag_with_taskflow_api_v02.get_age scheduled__2023-04-30T00:00:00+00:00 [queued]>
[2023-05-25T10:38:46.844+0000] {taskinstance.py:1308} INFO - Starting attempt 1 of 6
[2023-05-25T10:38:46.995+0000] {taskinstance.py:1327} INFO - Executing <Task(_PythonDecoratedOperator): get_age> on 2023-04-30 00:00:00+00:00
[2023-05-25T10:38:47.010+0000] {standard_task_runner.py:57} INFO - Started process 5067 to run task
[2023-05-25T10:38:47.136+0000] {standard_task_runner.py:84} INFO - Running: ['***', 'tasks', 'run', 'dag_with_taskflow_api_v02', 'get_age', 'scheduled__2023-04-30T00:00:00+00:00', '--job-id', '1673', '--raw', '--subdir', 'DAGS_FOLDER/first_dag.py', '--cfg-path', '/tmp/tmp39sg096s']
[2023-05-25T10:38:47.154+0000] {standard_task_runner.py:85} INFO - Job 1673: Subtask get_age
[2023-05-25T10:38:47.537+0000] {task_command.py:410} INFO - Running <TaskInstance: dag_with_taskflow_api_v02.get_age scheduled__2023-04-30T00:00:00+00:00 [running]> on host b1ae37a9584e
[2023-05-25T10:38:48.077+0000] {taskinstance.py:1547} INFO - Exporting env vars: AIRFLOW_CTX_DAG_OWNER='Sai' AIRFLOW_CTX_DAG_ID='dag_with_taskflow_api_v02' AIRFLOW_CTX_TASK_ID='get_age' AIRFLOW_CTX_EXECUTION_DATE='2023-04-30T00:00:00+00:00' AIRFLOW_CTX_TRY_NUMBER='1' AIRFLOW_CTX_DAG_RUN_ID='scheduled__2023-04-30T00:00:00+00:00'
[2023-05-25T10:38:48.079+0000] {python.py:183} INFO - Done. Returned value was: 19
[2023-05-25T10:38:48.215+0000] {taskinstance.py:1350} INFO - Marking task as SUCCESS. dag_id=dag_with_taskflow_api_v02, task_id=get_age, execution_date=20230430T000000, start_date=20230525T103846, end_date=20230525T103848
[2023-05-25T10:38:48.417+0000] {local_task_job_runner.py:225} INFO - Task exited with return code 0
[2023-05-25T10:38:48.683+0000] {taskinstance.py:2651} INFO - 1 downstream tasks scheduled from follow-on schedule check
