[2023-05-24T15:22:41.859+0000] {taskinstance.py:1103} INFO - Dependencies all met for dep_context=non-requeueable deps ti=<TaskInstance: dag_with_taskflow_api_v02.greet scheduled__2022-06-12T00:00:00+00:00 [queued]>
[2023-05-24T15:22:41.964+0000] {taskinstance.py:1103} INFO - Dependencies all met for dep_context=requeueable deps ti=<TaskInstance: dag_with_taskflow_api_v02.greet scheduled__2022-06-12T00:00:00+00:00 [queued]>
[2023-05-24T15:22:41.964+0000] {taskinstance.py:1308} INFO - Starting attempt 1 of 6
[2023-05-24T15:22:42.156+0000] {taskinstance.py:1327} INFO - Executing <Task(_PythonDecoratedOperator): greet> on 2022-06-12 00:00:00+00:00
[2023-05-24T15:22:42.195+0000] {standard_task_runner.py:57} INFO - Started process 1801 to run task
[2023-05-24T15:22:42.212+0000] {standard_task_runner.py:84} INFO - Running: ['***', 'tasks', 'run', 'dag_with_taskflow_api_v02', 'greet', 'scheduled__2022-06-12T00:00:00+00:00', '--job-id', '713', '--raw', '--subdir', 'DAGS_FOLDER/first_dag.py', '--cfg-path', '/tmp/tmp1bg07e0m']
[2023-05-24T15:22:42.247+0000] {standard_task_runner.py:85} INFO - Job 713: Subtask greet
[2023-05-24T15:22:42.675+0000] {task_command.py:410} INFO - Running <TaskInstance: dag_with_taskflow_api_v02.greet scheduled__2022-06-12T00:00:00+00:00 [running]> on host 942de29f183d
[2023-05-24T15:22:43.971+0000] {taskinstance.py:1547} INFO - Exporting env vars: AIRFLOW_CTX_DAG_OWNER='Sai' AIRFLOW_CTX_DAG_ID='dag_with_taskflow_api_v02' AIRFLOW_CTX_TASK_ID='greet' AIRFLOW_CTX_EXECUTION_DATE='2022-06-12T00:00:00+00:00' AIRFLOW_CTX_TRY_NUMBER='1' AIRFLOW_CTX_DAG_RUN_ID='scheduled__2022-06-12T00:00:00+00:00'
[2023-05-24T15:22:43.972+0000] {logging_mixin.py:149} INFO - Hello World! My name is Sai Tr and I am 19 years old!
[2023-05-24T15:22:43.972+0000] {python.py:183} INFO - Done. Returned value was: None
[2023-05-24T15:22:44.046+0000] {taskinstance.py:1350} INFO - Marking task as SUCCESS. dag_id=dag_with_taskflow_api_v02, task_id=greet, execution_date=20220612T000000, start_date=20230524T152241, end_date=20230524T152244
[2023-05-24T15:22:44.201+0000] {local_task_job_runner.py:225} INFO - Task exited with return code 0
[2023-05-24T15:22:44.754+0000] {taskinstance.py:2651} INFO - 0 downstream tasks scheduled from follow-on schedule check
[2023-05-25T06:55:14.788+0000] {taskinstance.py:1103} INFO - Dependencies all met for dep_context=non-requeueable deps ti=<TaskInstance: dag_with_taskflow_api_v02.greet scheduled__2022-06-12T00:00:00+00:00 [queued]>
[2023-05-25T06:55:14.819+0000] {taskinstance.py:1103} INFO - Dependencies all met for dep_context=requeueable deps ti=<TaskInstance: dag_with_taskflow_api_v02.greet scheduled__2022-06-12T00:00:00+00:00 [queued]>
[2023-05-25T06:55:14.820+0000] {taskinstance.py:1308} INFO - Starting attempt 1 of 6
[2023-05-25T06:55:15.033+0000] {taskinstance.py:1327} INFO - Executing <Task(_PythonDecoratedOperator): greet> on 2022-06-12 00:00:00+00:00
[2023-05-25T06:55:15.045+0000] {standard_task_runner.py:57} INFO - Started process 3282 to run task
[2023-05-25T06:55:15.104+0000] {standard_task_runner.py:84} INFO - Running: ['***', 'tasks', 'run', 'dag_with_taskflow_api_v02', 'greet', 'scheduled__2022-06-12T00:00:00+00:00', '--job-id', '699', '--raw', '--subdir', 'DAGS_FOLDER/first_dag.py', '--cfg-path', '/tmp/tmpln0o9gj1']
[2023-05-25T06:55:15.129+0000] {standard_task_runner.py:85} INFO - Job 699: Subtask greet
[2023-05-25T06:55:15.471+0000] {task_command.py:410} INFO - Running <TaskInstance: dag_with_taskflow_api_v02.greet scheduled__2022-06-12T00:00:00+00:00 [running]> on host 6bd07c7477d9
[2023-05-25T06:55:16.062+0000] {taskinstance.py:1547} INFO - Exporting env vars: AIRFLOW_CTX_DAG_OWNER='Sai' AIRFLOW_CTX_DAG_ID='dag_with_taskflow_api_v02' AIRFLOW_CTX_TASK_ID='greet' AIRFLOW_CTX_EXECUTION_DATE='2022-06-12T00:00:00+00:00' AIRFLOW_CTX_TRY_NUMBER='1' AIRFLOW_CTX_DAG_RUN_ID='scheduled__2022-06-12T00:00:00+00:00'
[2023-05-25T06:55:16.063+0000] {logging_mixin.py:149} INFO - Hello World! My name is Sai Tr and I am 19 years old!
[2023-05-25T06:55:16.064+0000] {python.py:183} INFO - Done. Returned value was: None
[2023-05-25T06:55:16.102+0000] {taskinstance.py:1350} INFO - Marking task as SUCCESS. dag_id=dag_with_taskflow_api_v02, task_id=greet, execution_date=20220612T000000, start_date=20230525T065514, end_date=20230525T065516
[2023-05-25T06:55:16.184+0000] {local_task_job_runner.py:225} INFO - Task exited with return code 0
[2023-05-25T06:55:16.265+0000] {taskinstance.py:2651} INFO - 0 downstream tasks scheduled from follow-on schedule check
[2023-05-25T10:26:47.893+0000] {taskinstance.py:1103} INFO - Dependencies all met for dep_context=non-requeueable deps ti=<TaskInstance: dag_with_taskflow_api_v02.greet scheduled__2022-06-12T00:00:00+00:00 [queued]>
[2023-05-25T10:26:47.982+0000] {taskinstance.py:1103} INFO - Dependencies all met for dep_context=requeueable deps ti=<TaskInstance: dag_with_taskflow_api_v02.greet scheduled__2022-06-12T00:00:00+00:00 [queued]>
[2023-05-25T10:26:47.983+0000] {taskinstance.py:1308} INFO - Starting attempt 1 of 6
[2023-05-25T10:26:48.358+0000] {taskinstance.py:1327} INFO - Executing <Task(_PythonDecoratedOperator): greet> on 2022-06-12 00:00:00+00:00
[2023-05-25T10:26:48.383+0000] {standard_task_runner.py:57} INFO - Started process 2881 to run task
[2023-05-25T10:26:48.408+0000] {standard_task_runner.py:84} INFO - Running: ['***', 'tasks', 'run', 'dag_with_taskflow_api_v02', 'greet', 'scheduled__2022-06-12T00:00:00+00:00', '--job-id', '718', '--raw', '--subdir', 'DAGS_FOLDER/first_dag.py', '--cfg-path', '/tmp/tmpw1jxcwo7']
[2023-05-25T10:26:48.420+0000] {standard_task_runner.py:85} INFO - Job 718: Subtask greet
[2023-05-25T10:26:48.673+0000] {task_command.py:410} INFO - Running <TaskInstance: dag_with_taskflow_api_v02.greet scheduled__2022-06-12T00:00:00+00:00 [running]> on host b1ae37a9584e
[2023-05-25T10:26:49.407+0000] {taskinstance.py:1547} INFO - Exporting env vars: AIRFLOW_CTX_DAG_OWNER='Sai' AIRFLOW_CTX_DAG_ID='dag_with_taskflow_api_v02' AIRFLOW_CTX_TASK_ID='greet' AIRFLOW_CTX_EXECUTION_DATE='2022-06-12T00:00:00+00:00' AIRFLOW_CTX_TRY_NUMBER='1' AIRFLOW_CTX_DAG_RUN_ID='scheduled__2022-06-12T00:00:00+00:00'
[2023-05-25T10:26:49.409+0000] {logging_mixin.py:149} INFO - Hello World! My name is Sai Tr and I am 19 years old!
[2023-05-25T10:26:49.409+0000] {python.py:183} INFO - Done. Returned value was: None
[2023-05-25T10:26:49.457+0000] {taskinstance.py:1350} INFO - Marking task as SUCCESS. dag_id=dag_with_taskflow_api_v02, task_id=greet, execution_date=20220612T000000, start_date=20230525T102647, end_date=20230525T102649
[2023-05-25T10:26:49.571+0000] {local_task_job_runner.py:225} INFO - Task exited with return code 0
[2023-05-25T10:26:49.885+0000] {taskinstance.py:2651} INFO - 0 downstream tasks scheduled from follow-on schedule check
