[2023-05-24T15:22:56.944+0000] {taskinstance.py:1103} INFO - Dependencies all met for dep_context=non-requeueable deps ti=<TaskInstance: dag_with_taskflow_api_v02.get_name scheduled__2022-06-28T00:00:00+00:00 [queued]>
[2023-05-24T15:22:57.122+0000] {taskinstance.py:1103} INFO - Dependencies all met for dep_context=requeueable deps ti=<TaskInstance: dag_with_taskflow_api_v02.get_name scheduled__2022-06-28T00:00:00+00:00 [queued]>
[2023-05-24T15:22:57.127+0000] {taskinstance.py:1308} INFO - Starting attempt 1 of 6
[2023-05-24T15:22:57.397+0000] {taskinstance.py:1327} INFO - Executing <Task(_PythonDecoratedOperator): get_name> on 2022-06-28 00:00:00+00:00
[2023-05-24T15:22:57.415+0000] {standard_task_runner.py:57} INFO - Started process 1854 to run task
[2023-05-24T15:22:57.458+0000] {standard_task_runner.py:84} INFO - Running: ['***', 'tasks', 'run', 'dag_with_taskflow_api_v02', 'get_name', 'scheduled__2022-06-28T00:00:00+00:00', '--job-id', '740', '--raw', '--subdir', 'DAGS_FOLDER/first_dag.py', '--cfg-path', '/tmp/tmp42dt1c25']
[2023-05-24T15:22:57.475+0000] {standard_task_runner.py:85} INFO - Job 740: Subtask get_name
[2023-05-24T15:22:57.779+0000] {task_command.py:410} INFO - Running <TaskInstance: dag_with_taskflow_api_v02.get_name scheduled__2022-06-28T00:00:00+00:00 [running]> on host 942de29f183d
[2023-05-24T15:22:58.765+0000] {taskinstance.py:1547} INFO - Exporting env vars: AIRFLOW_CTX_DAG_OWNER='Sai' AIRFLOW_CTX_DAG_ID='dag_with_taskflow_api_v02' AIRFLOW_CTX_TASK_ID='get_name' AIRFLOW_CTX_EXECUTION_DATE='2022-06-28T00:00:00+00:00' AIRFLOW_CTX_TRY_NUMBER='1' AIRFLOW_CTX_DAG_RUN_ID='scheduled__2022-06-28T00:00:00+00:00'
[2023-05-24T15:22:58.766+0000] {python.py:183} INFO - Done. Returned value was: {'first_name': 'Sai', 'last_name': 'Tr'}
[2023-05-24T15:22:59.127+0000] {taskinstance.py:1350} INFO - Marking task as SUCCESS. dag_id=dag_with_taskflow_api_v02, task_id=get_name, execution_date=20220628T000000, start_date=20230524T152256, end_date=20230524T152259
[2023-05-24T15:22:59.285+0000] {local_task_job_runner.py:225} INFO - Task exited with return code 0
[2023-05-24T15:22:59.550+0000] {taskinstance.py:2651} INFO - 1 downstream tasks scheduled from follow-on schedule check
[2023-05-25T06:55:35.695+0000] {taskinstance.py:1103} INFO - Dependencies all met for dep_context=non-requeueable deps ti=<TaskInstance: dag_with_taskflow_api_v02.get_name scheduled__2022-06-28T00:00:00+00:00 [queued]>
[2023-05-25T06:55:35.792+0000] {taskinstance.py:1103} INFO - Dependencies all met for dep_context=requeueable deps ti=<TaskInstance: dag_with_taskflow_api_v02.get_name scheduled__2022-06-28T00:00:00+00:00 [queued]>
[2023-05-25T06:55:35.792+0000] {taskinstance.py:1308} INFO - Starting attempt 1 of 6
[2023-05-25T06:55:36.583+0000] {taskinstance.py:1327} INFO - Executing <Task(_PythonDecoratedOperator): get_name> on 2022-06-28 00:00:00+00:00
[2023-05-25T06:55:36.617+0000] {standard_task_runner.py:57} INFO - Started process 3358 to run task
[2023-05-25T06:55:36.636+0000] {standard_task_runner.py:84} INFO - Running: ['***', 'tasks', 'run', 'dag_with_taskflow_api_v02', 'get_name', 'scheduled__2022-06-28T00:00:00+00:00', '--job-id', '732', '--raw', '--subdir', 'DAGS_FOLDER/first_dag.py', '--cfg-path', '/tmp/tmpd9ft20_e']
[2023-05-25T06:55:36.661+0000] {standard_task_runner.py:85} INFO - Job 732: Subtask get_name
[2023-05-25T06:55:36.985+0000] {task_command.py:410} INFO - Running <TaskInstance: dag_with_taskflow_api_v02.get_name scheduled__2022-06-28T00:00:00+00:00 [running]> on host 6bd07c7477d9
[2023-05-25T06:55:37.901+0000] {taskinstance.py:1547} INFO - Exporting env vars: AIRFLOW_CTX_DAG_OWNER='Sai' AIRFLOW_CTX_DAG_ID='dag_with_taskflow_api_v02' AIRFLOW_CTX_TASK_ID='get_name' AIRFLOW_CTX_EXECUTION_DATE='2022-06-28T00:00:00+00:00' AIRFLOW_CTX_TRY_NUMBER='1' AIRFLOW_CTX_DAG_RUN_ID='scheduled__2022-06-28T00:00:00+00:00'
[2023-05-25T06:55:37.903+0000] {python.py:183} INFO - Done. Returned value was: {'first_name': 'Sai', 'last_name': 'Tr'}
[2023-05-25T06:55:38.203+0000] {taskinstance.py:1350} INFO - Marking task as SUCCESS. dag_id=dag_with_taskflow_api_v02, task_id=get_name, execution_date=20220628T000000, start_date=20230525T065535, end_date=20230525T065538
[2023-05-25T06:55:38.378+0000] {local_task_job_runner.py:225} INFO - Task exited with return code 0
[2023-05-25T06:55:38.964+0000] {taskinstance.py:2651} INFO - 0 downstream tasks scheduled from follow-on schedule check
[2023-05-25T10:27:17.766+0000] {taskinstance.py:1103} INFO - Dependencies all met for dep_context=non-requeueable deps ti=<TaskInstance: dag_with_taskflow_api_v02.get_name scheduled__2022-06-28T00:00:00+00:00 [queued]>
[2023-05-25T10:27:17.892+0000] {taskinstance.py:1103} INFO - Dependencies all met for dep_context=requeueable deps ti=<TaskInstance: dag_with_taskflow_api_v02.get_name scheduled__2022-06-28T00:00:00+00:00 [queued]>
[2023-05-25T10:27:17.892+0000] {taskinstance.py:1308} INFO - Starting attempt 1 of 6
[2023-05-25T10:27:18.259+0000] {taskinstance.py:1327} INFO - Executing <Task(_PythonDecoratedOperator): get_name> on 2022-06-28 00:00:00+00:00
[2023-05-25T10:27:18.291+0000] {standard_task_runner.py:57} INFO - Started process 2964 to run task
[2023-05-25T10:27:18.304+0000] {standard_task_runner.py:84} INFO - Running: ['***', 'tasks', 'run', 'dag_with_taskflow_api_v02', 'get_name', 'scheduled__2022-06-28T00:00:00+00:00', '--job-id', '749', '--raw', '--subdir', 'DAGS_FOLDER/first_dag.py', '--cfg-path', '/tmp/tmpcs4tosq7']
[2023-05-25T10:27:18.307+0000] {standard_task_runner.py:85} INFO - Job 749: Subtask get_name
[2023-05-25T10:27:18.544+0000] {task_command.py:410} INFO - Running <TaskInstance: dag_with_taskflow_api_v02.get_name scheduled__2022-06-28T00:00:00+00:00 [running]> on host b1ae37a9584e
[2023-05-25T10:27:19.578+0000] {taskinstance.py:1547} INFO - Exporting env vars: AIRFLOW_CTX_DAG_OWNER='Sai' AIRFLOW_CTX_DAG_ID='dag_with_taskflow_api_v02' AIRFLOW_CTX_TASK_ID='get_name' AIRFLOW_CTX_EXECUTION_DATE='2022-06-28T00:00:00+00:00' AIRFLOW_CTX_TRY_NUMBER='1' AIRFLOW_CTX_DAG_RUN_ID='scheduled__2022-06-28T00:00:00+00:00'
[2023-05-25T10:27:19.586+0000] {python.py:183} INFO - Done. Returned value was: {'first_name': 'Sai', 'last_name': 'Tr'}
[2023-05-25T10:27:19.894+0000] {taskinstance.py:1350} INFO - Marking task as SUCCESS. dag_id=dag_with_taskflow_api_v02, task_id=get_name, execution_date=20220628T000000, start_date=20230525T102717, end_date=20230525T102719
[2023-05-25T10:27:20.132+0000] {local_task_job_runner.py:225} INFO - Task exited with return code 0
[2023-05-25T10:27:20.780+0000] {taskinstance.py:2651} INFO - 0 downstream tasks scheduled from follow-on schedule check
