[2023-05-24T15:30:28.142+0000] {taskinstance.py:1103} INFO - Dependencies all met for dep_context=non-requeueable deps ti=<TaskInstance: dag_with_taskflow_api_v02.get_age scheduled__2023-03-26T00:00:00+00:00 [queued]>
[2023-05-24T15:30:28.202+0000] {taskinstance.py:1103} INFO - Dependencies all met for dep_context=requeueable deps ti=<TaskInstance: dag_with_taskflow_api_v02.get_age scheduled__2023-03-26T00:00:00+00:00 [queued]>
[2023-05-24T15:30:28.203+0000] {taskinstance.py:1308} INFO - Starting attempt 1 of 6
[2023-05-24T15:30:28.372+0000] {taskinstance.py:1327} INFO - Executing <Task(_PythonDecoratedOperator): get_age> on 2023-03-26 00:00:00+00:00
[2023-05-24T15:30:28.419+0000] {standard_task_runner.py:57} INFO - Started process 3640 to run task
[2023-05-24T15:30:28.438+0000] {standard_task_runner.py:84} INFO - Running: ['***', 'tasks', 'run', 'dag_with_taskflow_api_v02', 'get_age', 'scheduled__2023-03-26T00:00:00+00:00', '--job-id', '1548', '--raw', '--subdir', 'DAGS_FOLDER/first_dag.py', '--cfg-path', '/tmp/tmp18boojd9']
[2023-05-24T15:30:28.447+0000] {standard_task_runner.py:85} INFO - Job 1548: Subtask get_age
[2023-05-24T15:30:28.745+0000] {task_command.py:410} INFO - Running <TaskInstance: dag_with_taskflow_api_v02.get_age scheduled__2023-03-26T00:00:00+00:00 [running]> on host 942de29f183d
[2023-05-24T15:30:29.407+0000] {taskinstance.py:1547} INFO - Exporting env vars: AIRFLOW_CTX_DAG_OWNER='Sai' AIRFLOW_CTX_DAG_ID='dag_with_taskflow_api_v02' AIRFLOW_CTX_TASK_ID='get_age' AIRFLOW_CTX_EXECUTION_DATE='2023-03-26T00:00:00+00:00' AIRFLOW_CTX_TRY_NUMBER='1' AIRFLOW_CTX_DAG_RUN_ID='scheduled__2023-03-26T00:00:00+00:00'
[2023-05-24T15:30:29.408+0000] {python.py:183} INFO - Done. Returned value was: 19
[2023-05-24T15:30:29.563+0000] {taskinstance.py:1350} INFO - Marking task as SUCCESS. dag_id=dag_with_taskflow_api_v02, task_id=get_age, execution_date=20230326T000000, start_date=20230524T153028, end_date=20230524T153029
[2023-05-24T15:30:29.677+0000] {local_task_job_runner.py:225} INFO - Task exited with return code 0
[2023-05-24T15:30:30.133+0000] {taskinstance.py:2651} INFO - 0 downstream tasks scheduled from follow-on schedule check
[2023-05-25T07:03:00.611+0000] {taskinstance.py:1103} INFO - Dependencies all met for dep_context=non-requeueable deps ti=<TaskInstance: dag_with_taskflow_api_v02.get_age scheduled__2023-03-26T00:00:00+00:00 [queued]>
[2023-05-25T07:03:00.694+0000] {taskinstance.py:1103} INFO - Dependencies all met for dep_context=requeueable deps ti=<TaskInstance: dag_with_taskflow_api_v02.get_age scheduled__2023-03-26T00:00:00+00:00 [queued]>
[2023-05-25T07:03:00.695+0000] {taskinstance.py:1308} INFO - Starting attempt 1 of 6
[2023-05-25T07:03:00.769+0000] {taskinstance.py:1327} INFO - Executing <Task(_PythonDecoratedOperator): get_age> on 2023-03-26 00:00:00+00:00
[2023-05-25T07:03:00.800+0000] {standard_task_runner.py:57} INFO - Started process 5162 to run task
[2023-05-25T07:03:00.857+0000] {standard_task_runner.py:84} INFO - Running: ['***', 'tasks', 'run', 'dag_with_taskflow_api_v02', 'get_age', 'scheduled__2023-03-26T00:00:00+00:00', '--job-id', '1549', '--raw', '--subdir', 'DAGS_FOLDER/first_dag.py', '--cfg-path', '/tmp/tmpy55coamc']
[2023-05-25T07:03:00.874+0000] {standard_task_runner.py:85} INFO - Job 1549: Subtask get_age
[2023-05-25T07:03:01.299+0000] {task_command.py:410} INFO - Running <TaskInstance: dag_with_taskflow_api_v02.get_age scheduled__2023-03-26T00:00:00+00:00 [running]> on host 6bd07c7477d9
[2023-05-25T07:03:01.952+0000] {taskinstance.py:1547} INFO - Exporting env vars: AIRFLOW_CTX_DAG_OWNER='Sai' AIRFLOW_CTX_DAG_ID='dag_with_taskflow_api_v02' AIRFLOW_CTX_TASK_ID='get_age' AIRFLOW_CTX_EXECUTION_DATE='2023-03-26T00:00:00+00:00' AIRFLOW_CTX_TRY_NUMBER='1' AIRFLOW_CTX_DAG_RUN_ID='scheduled__2023-03-26T00:00:00+00:00'
[2023-05-25T07:03:01.953+0000] {python.py:183} INFO - Done. Returned value was: 19
[2023-05-25T07:03:02.076+0000] {taskinstance.py:1350} INFO - Marking task as SUCCESS. dag_id=dag_with_taskflow_api_v02, task_id=get_age, execution_date=20230326T000000, start_date=20230525T070300, end_date=20230525T070302
[2023-05-25T07:03:02.780+0000] {local_task_job_runner.py:225} INFO - Task exited with return code 0
[2023-05-25T07:03:02.975+0000] {taskinstance.py:2651} INFO - 1 downstream tasks scheduled from follow-on schedule check
[2023-05-25T10:37:33.267+0000] {taskinstance.py:1103} INFO - Dependencies all met for dep_context=non-requeueable deps ti=<TaskInstance: dag_with_taskflow_api_v02.get_age scheduled__2023-03-26T00:00:00+00:00 [queued]>
[2023-05-25T10:37:33.388+0000] {taskinstance.py:1103} INFO - Dependencies all met for dep_context=requeueable deps ti=<TaskInstance: dag_with_taskflow_api_v02.get_age scheduled__2023-03-26T00:00:00+00:00 [queued]>
[2023-05-25T10:37:33.389+0000] {taskinstance.py:1308} INFO - Starting attempt 1 of 6
[2023-05-25T10:37:33.926+0000] {taskinstance.py:1327} INFO - Executing <Task(_PythonDecoratedOperator): get_age> on 2023-03-26 00:00:00+00:00
[2023-05-25T10:37:33.963+0000] {standard_task_runner.py:57} INFO - Started process 4820 to run task
[2023-05-25T10:37:34.012+0000] {standard_task_runner.py:84} INFO - Running: ['***', 'tasks', 'run', 'dag_with_taskflow_api_v02', 'get_age', 'scheduled__2023-03-26T00:00:00+00:00', '--job-id', '1561', '--raw', '--subdir', 'DAGS_FOLDER/first_dag.py', '--cfg-path', '/tmp/tmpmbtrvi5m']
[2023-05-25T10:37:34.023+0000] {standard_task_runner.py:85} INFO - Job 1561: Subtask get_age
[2023-05-25T10:37:34.336+0000] {task_command.py:410} INFO - Running <TaskInstance: dag_with_taskflow_api_v02.get_age scheduled__2023-03-26T00:00:00+00:00 [running]> on host b1ae37a9584e
[2023-05-25T10:37:35.165+0000] {taskinstance.py:1547} INFO - Exporting env vars: AIRFLOW_CTX_DAG_OWNER='Sai' AIRFLOW_CTX_DAG_ID='dag_with_taskflow_api_v02' AIRFLOW_CTX_TASK_ID='get_age' AIRFLOW_CTX_EXECUTION_DATE='2023-03-26T00:00:00+00:00' AIRFLOW_CTX_TRY_NUMBER='1' AIRFLOW_CTX_DAG_RUN_ID='scheduled__2023-03-26T00:00:00+00:00'
[2023-05-25T10:37:35.175+0000] {python.py:183} INFO - Done. Returned value was: 19
[2023-05-25T10:37:35.402+0000] {taskinstance.py:1350} INFO - Marking task as SUCCESS. dag_id=dag_with_taskflow_api_v02, task_id=get_age, execution_date=20230326T000000, start_date=20230525T103733, end_date=20230525T103735
[2023-05-25T10:37:35.503+0000] {local_task_job_runner.py:225} INFO - Task exited with return code 0
[2023-05-25T10:37:36.025+0000] {taskinstance.py:2651} INFO - 1 downstream tasks scheduled from follow-on schedule check
