[2023-05-24T15:19:45.594+0000] {taskinstance.py:1103} INFO - Dependencies all met for dep_context=non-requeueable deps ti=<TaskInstance: dag_with_taskflow_api_v02.get_name scheduled__2022-03-22T00:00:00+00:00 [queued]>
[2023-05-24T15:19:45.687+0000] {taskinstance.py:1103} INFO - Dependencies all met for dep_context=requeueable deps ti=<TaskInstance: dag_with_taskflow_api_v02.get_name scheduled__2022-03-22T00:00:00+00:00 [queued]>
[2023-05-24T15:19:45.687+0000] {taskinstance.py:1308} INFO - Starting attempt 1 of 6
[2023-05-24T15:19:46.046+0000] {taskinstance.py:1327} INFO - Executing <Task(_PythonDecoratedOperator): get_name> on 2022-03-22 00:00:00+00:00
[2023-05-24T15:19:46.096+0000] {standard_task_runner.py:84} INFO - Running: ['***', 'tasks', 'run', 'dag_with_taskflow_api_v02', 'get_name', 'scheduled__2022-03-22T00:00:00+00:00', '--job-id', '444', '--raw', '--subdir', 'DAGS_FOLDER/first_dag.py', '--cfg-path', '/tmp/tmp7laigrt4']
[2023-05-24T15:19:46.115+0000] {standard_task_runner.py:85} INFO - Job 444: Subtask get_name
[2023-05-24T15:19:46.092+0000] {standard_task_runner.py:57} INFO - Started process 1188 to run task
[2023-05-24T15:19:46.435+0000] {task_command.py:410} INFO - Running <TaskInstance: dag_with_taskflow_api_v02.get_name scheduled__2022-03-22T00:00:00+00:00 [running]> on host 942de29f183d
[2023-05-24T15:19:47.211+0000] {taskinstance.py:1547} INFO - Exporting env vars: AIRFLOW_CTX_DAG_OWNER='Sai' AIRFLOW_CTX_DAG_ID='dag_with_taskflow_api_v02' AIRFLOW_CTX_TASK_ID='get_name' AIRFLOW_CTX_EXECUTION_DATE='2022-03-22T00:00:00+00:00' AIRFLOW_CTX_TRY_NUMBER='1' AIRFLOW_CTX_DAG_RUN_ID='scheduled__2022-03-22T00:00:00+00:00'
[2023-05-24T15:19:47.213+0000] {python.py:183} INFO - Done. Returned value was: {'first_name': 'Sai', 'last_name': 'Tr'}
[2023-05-24T15:19:47.480+0000] {taskinstance.py:1350} INFO - Marking task as SUCCESS. dag_id=dag_with_taskflow_api_v02, task_id=get_name, execution_date=20220322T000000, start_date=20230524T151945, end_date=20230524T151947
[2023-05-24T15:19:47.638+0000] {local_task_job_runner.py:225} INFO - Task exited with return code 0
[2023-05-24T15:19:47.902+0000] {taskinstance.py:2651} INFO - 0 downstream tasks scheduled from follow-on schedule check
[2023-05-25T06:53:02.166+0000] {taskinstance.py:1103} INFO - Dependencies all met for dep_context=non-requeueable deps ti=<TaskInstance: dag_with_taskflow_api_v02.get_name scheduled__2022-03-22T00:00:00+00:00 [queued]>
[2023-05-25T06:53:02.246+0000] {taskinstance.py:1103} INFO - Dependencies all met for dep_context=requeueable deps ti=<TaskInstance: dag_with_taskflow_api_v02.get_name scheduled__2022-03-22T00:00:00+00:00 [queued]>
[2023-05-25T06:53:02.246+0000] {taskinstance.py:1308} INFO - Starting attempt 1 of 6
[2023-05-25T06:53:02.846+0000] {taskinstance.py:1327} INFO - Executing <Task(_PythonDecoratedOperator): get_name> on 2022-03-22 00:00:00+00:00
[2023-05-25T06:53:02.871+0000] {standard_task_runner.py:57} INFO - Started process 2723 to run task
[2023-05-25T06:53:02.906+0000] {standard_task_runner.py:84} INFO - Running: ['***', 'tasks', 'run', 'dag_with_taskflow_api_v02', 'get_name', 'scheduled__2022-03-22T00:00:00+00:00', '--job-id', '446', '--raw', '--subdir', 'DAGS_FOLDER/first_dag.py', '--cfg-path', '/tmp/tmpug7iq_vh']
[2023-05-25T06:53:02.932+0000] {standard_task_runner.py:85} INFO - Job 446: Subtask get_name
[2023-05-25T06:53:03.227+0000] {task_command.py:410} INFO - Running <TaskInstance: dag_with_taskflow_api_v02.get_name scheduled__2022-03-22T00:00:00+00:00 [running]> on host 6bd07c7477d9
[2023-05-25T06:53:04.114+0000] {taskinstance.py:1547} INFO - Exporting env vars: AIRFLOW_CTX_DAG_OWNER='Sai' AIRFLOW_CTX_DAG_ID='dag_with_taskflow_api_v02' AIRFLOW_CTX_TASK_ID='get_name' AIRFLOW_CTX_EXECUTION_DATE='2022-03-22T00:00:00+00:00' AIRFLOW_CTX_TRY_NUMBER='1' AIRFLOW_CTX_DAG_RUN_ID='scheduled__2022-03-22T00:00:00+00:00'
[2023-05-25T06:53:04.116+0000] {python.py:183} INFO - Done. Returned value was: {'first_name': 'Sai', 'last_name': 'Tr'}
[2023-05-25T06:53:04.383+0000] {taskinstance.py:1350} INFO - Marking task as SUCCESS. dag_id=dag_with_taskflow_api_v02, task_id=get_name, execution_date=20220322T000000, start_date=20230525T065302, end_date=20230525T065304
[2023-05-25T06:53:04.582+0000] {local_task_job_runner.py:225} INFO - Task exited with return code 0
[2023-05-25T06:53:04.732+0000] {taskinstance.py:2651} INFO - 0 downstream tasks scheduled from follow-on schedule check
[2023-05-25T10:24:07.426+0000] {taskinstance.py:1103} INFO - Dependencies all met for dep_context=non-requeueable deps ti=<TaskInstance: dag_with_taskflow_api_v02.get_name scheduled__2022-03-22T00:00:00+00:00 [queued]>
[2023-05-25T10:24:07.469+0000] {taskinstance.py:1103} INFO - Dependencies all met for dep_context=requeueable deps ti=<TaskInstance: dag_with_taskflow_api_v02.get_name scheduled__2022-03-22T00:00:00+00:00 [queued]>
[2023-05-25T10:24:07.469+0000] {taskinstance.py:1308} INFO - Starting attempt 1 of 6
[2023-05-25T10:24:07.539+0000] {taskinstance.py:1327} INFO - Executing <Task(_PythonDecoratedOperator): get_name> on 2022-03-22 00:00:00+00:00
[2023-05-25T10:24:07.559+0000] {standard_task_runner.py:57} INFO - Started process 2264 to run task
[2023-05-25T10:24:07.573+0000] {standard_task_runner.py:84} INFO - Running: ['***', 'tasks', 'run', 'dag_with_taskflow_api_v02', 'get_name', 'scheduled__2022-03-22T00:00:00+00:00', '--job-id', '439', '--raw', '--subdir', 'DAGS_FOLDER/first_dag.py', '--cfg-path', '/tmp/tmpm23b9zzs']
[2023-05-25T10:24:07.588+0000] {standard_task_runner.py:85} INFO - Job 439: Subtask get_name
[2023-05-25T10:24:07.858+0000] {task_command.py:410} INFO - Running <TaskInstance: dag_with_taskflow_api_v02.get_name scheduled__2022-03-22T00:00:00+00:00 [running]> on host b1ae37a9584e
[2023-05-25T10:24:08.521+0000] {taskinstance.py:1547} INFO - Exporting env vars: AIRFLOW_CTX_DAG_OWNER='Sai' AIRFLOW_CTX_DAG_ID='dag_with_taskflow_api_v02' AIRFLOW_CTX_TASK_ID='get_name' AIRFLOW_CTX_EXECUTION_DATE='2022-03-22T00:00:00+00:00' AIRFLOW_CTX_TRY_NUMBER='1' AIRFLOW_CTX_DAG_RUN_ID='scheduled__2022-03-22T00:00:00+00:00'
[2023-05-25T10:24:08.524+0000] {python.py:183} INFO - Done. Returned value was: {'first_name': 'Sai', 'last_name': 'Tr'}
[2023-05-25T10:24:08.674+0000] {taskinstance.py:1350} INFO - Marking task as SUCCESS. dag_id=dag_with_taskflow_api_v02, task_id=get_name, execution_date=20220322T000000, start_date=20230525T102407, end_date=20230525T102408
[2023-05-25T10:24:08.729+0000] {local_task_job_runner.py:225} INFO - Task exited with return code 0
[2023-05-25T10:24:08.837+0000] {taskinstance.py:2651} INFO - 1 downstream tasks scheduled from follow-on schedule check
