[2023-05-24T15:24:01.652+0000] {taskinstance.py:1103} INFO - Dependencies all met for dep_context=non-requeueable deps ti=<TaskInstance: dag_with_taskflow_api_v02.get_age scheduled__2022-08-04T00:00:00+00:00 [queued]>
[2023-05-24T15:24:01.766+0000] {taskinstance.py:1103} INFO - Dependencies all met for dep_context=requeueable deps ti=<TaskInstance: dag_with_taskflow_api_v02.get_age scheduled__2022-08-04T00:00:00+00:00 [queued]>
[2023-05-24T15:24:01.767+0000] {taskinstance.py:1308} INFO - Starting attempt 1 of 6
[2023-05-24T15:24:01.949+0000] {taskinstance.py:1327} INFO - Executing <Task(_PythonDecoratedOperator): get_age> on 2022-08-04 00:00:00+00:00
[2023-05-24T15:24:01.970+0000] {standard_task_runner.py:57} INFO - Started process 2085 to run task
[2023-05-24T15:24:01.993+0000] {standard_task_runner.py:84} INFO - Running: ['***', 'tasks', 'run', 'dag_with_taskflow_api_v02', 'get_age', 'scheduled__2022-08-04T00:00:00+00:00', '--job-id', '846', '--raw', '--subdir', 'DAGS_FOLDER/first_dag.py', '--cfg-path', '/tmp/tmp1wmipk0t']
[2023-05-24T15:24:02.024+0000] {standard_task_runner.py:85} INFO - Job 846: Subtask get_age
[2023-05-24T15:24:02.546+0000] {task_command.py:410} INFO - Running <TaskInstance: dag_with_taskflow_api_v02.get_age scheduled__2022-08-04T00:00:00+00:00 [running]> on host 942de29f183d
[2023-05-24T15:24:03.464+0000] {taskinstance.py:1547} INFO - Exporting env vars: AIRFLOW_CTX_DAG_OWNER='Sai' AIRFLOW_CTX_DAG_ID='dag_with_taskflow_api_v02' AIRFLOW_CTX_TASK_ID='get_age' AIRFLOW_CTX_EXECUTION_DATE='2022-08-04T00:00:00+00:00' AIRFLOW_CTX_TRY_NUMBER='1' AIRFLOW_CTX_DAG_RUN_ID='scheduled__2022-08-04T00:00:00+00:00'
[2023-05-24T15:24:03.466+0000] {python.py:183} INFO - Done. Returned value was: 19
[2023-05-24T15:24:03.582+0000] {taskinstance.py:1350} INFO - Marking task as SUCCESS. dag_id=dag_with_taskflow_api_v02, task_id=get_age, execution_date=20220804T000000, start_date=20230524T152401, end_date=20230524T152403
[2023-05-24T15:24:04.042+0000] {local_task_job_runner.py:225} INFO - Task exited with return code 0
[2023-05-24T15:24:04.197+0000] {taskinstance.py:2651} INFO - 1 downstream tasks scheduled from follow-on schedule check
[2023-05-25T06:56:43.646+0000] {taskinstance.py:1103} INFO - Dependencies all met for dep_context=non-requeueable deps ti=<TaskInstance: dag_with_taskflow_api_v02.get_age scheduled__2022-08-04T00:00:00+00:00 [queued]>
[2023-05-25T06:56:43.725+0000] {taskinstance.py:1103} INFO - Dependencies all met for dep_context=requeueable deps ti=<TaskInstance: dag_with_taskflow_api_v02.get_age scheduled__2022-08-04T00:00:00+00:00 [queued]>
[2023-05-25T06:56:43.726+0000] {taskinstance.py:1308} INFO - Starting attempt 1 of 6
[2023-05-25T06:56:43.994+0000] {taskinstance.py:1327} INFO - Executing <Task(_PythonDecoratedOperator): get_age> on 2022-08-04 00:00:00+00:00
[2023-05-25T06:56:44.025+0000] {standard_task_runner.py:57} INFO - Started process 3626 to run task
[2023-05-25T06:56:44.066+0000] {standard_task_runner.py:84} INFO - Running: ['***', 'tasks', 'run', 'dag_with_taskflow_api_v02', 'get_age', 'scheduled__2022-08-04T00:00:00+00:00', '--job-id', '853', '--raw', '--subdir', 'DAGS_FOLDER/first_dag.py', '--cfg-path', '/tmp/tmpiiaf0498']
[2023-05-25T06:56:44.078+0000] {standard_task_runner.py:85} INFO - Job 853: Subtask get_age
[2023-05-25T06:56:44.490+0000] {task_command.py:410} INFO - Running <TaskInstance: dag_with_taskflow_api_v02.get_age scheduled__2022-08-04T00:00:00+00:00 [running]> on host 6bd07c7477d9
[2023-05-25T06:56:45.549+0000] {taskinstance.py:1547} INFO - Exporting env vars: AIRFLOW_CTX_DAG_OWNER='Sai' AIRFLOW_CTX_DAG_ID='dag_with_taskflow_api_v02' AIRFLOW_CTX_TASK_ID='get_age' AIRFLOW_CTX_EXECUTION_DATE='2022-08-04T00:00:00+00:00' AIRFLOW_CTX_TRY_NUMBER='1' AIRFLOW_CTX_DAG_RUN_ID='scheduled__2022-08-04T00:00:00+00:00'
[2023-05-25T06:56:45.550+0000] {python.py:183} INFO - Done. Returned value was: 19
[2023-05-25T06:56:45.673+0000] {taskinstance.py:1350} INFO - Marking task as SUCCESS. dag_id=dag_with_taskflow_api_v02, task_id=get_age, execution_date=20220804T000000, start_date=20230525T065643, end_date=20230525T065645
[2023-05-25T06:56:46.255+0000] {local_task_job_runner.py:225} INFO - Task exited with return code 0
[2023-05-25T06:56:46.415+0000] {taskinstance.py:2651} INFO - 1 downstream tasks scheduled from follow-on schedule check
[2023-05-25T10:29:21.515+0000] {taskinstance.py:1103} INFO - Dependencies all met for dep_context=non-requeueable deps ti=<TaskInstance: dag_with_taskflow_api_v02.get_age scheduled__2022-08-04T00:00:00+00:00 [queued]>
[2023-05-25T10:29:21.632+0000] {taskinstance.py:1103} INFO - Dependencies all met for dep_context=requeueable deps ti=<TaskInstance: dag_with_taskflow_api_v02.get_age scheduled__2022-08-04T00:00:00+00:00 [queued]>
[2023-05-25T10:29:21.633+0000] {taskinstance.py:1308} INFO - Starting attempt 1 of 6
[2023-05-25T10:29:21.816+0000] {taskinstance.py:1327} INFO - Executing <Task(_PythonDecoratedOperator): get_age> on 2022-08-04 00:00:00+00:00
[2023-05-25T10:29:21.825+0000] {standard_task_runner.py:57} INFO - Started process 3231 to run task
[2023-05-25T10:29:21.837+0000] {standard_task_runner.py:84} INFO - Running: ['***', 'tasks', 'run', 'dag_with_taskflow_api_v02', 'get_age', 'scheduled__2022-08-04T00:00:00+00:00', '--job-id', '861', '--raw', '--subdir', 'DAGS_FOLDER/first_dag.py', '--cfg-path', '/tmp/tmpl7qbbs95']
[2023-05-25T10:29:21.842+0000] {standard_task_runner.py:85} INFO - Job 861: Subtask get_age
[2023-05-25T10:29:22.649+0000] {task_command.py:410} INFO - Running <TaskInstance: dag_with_taskflow_api_v02.get_age scheduled__2022-08-04T00:00:00+00:00 [running]> on host b1ae37a9584e
[2023-05-25T10:29:25.240+0000] {taskinstance.py:1547} INFO - Exporting env vars: AIRFLOW_CTX_DAG_OWNER='Sai' AIRFLOW_CTX_DAG_ID='dag_with_taskflow_api_v02' AIRFLOW_CTX_TASK_ID='get_age' AIRFLOW_CTX_EXECUTION_DATE='2022-08-04T00:00:00+00:00' AIRFLOW_CTX_TRY_NUMBER='1' AIRFLOW_CTX_DAG_RUN_ID='scheduled__2022-08-04T00:00:00+00:00'
[2023-05-25T10:29:25.242+0000] {python.py:183} INFO - Done. Returned value was: 19
[2023-05-25T10:29:25.626+0000] {taskinstance.py:1350} INFO - Marking task as SUCCESS. dag_id=dag_with_taskflow_api_v02, task_id=get_age, execution_date=20220804T000000, start_date=20230525T102921, end_date=20230525T102925
[2023-05-25T10:29:26.155+0000] {local_task_job_runner.py:225} INFO - Task exited with return code 0
[2023-05-25T10:29:26.960+0000] {taskinstance.py:2651} INFO - 0 downstream tasks scheduled from follow-on schedule check
