[2023-05-24T15:28:39.045+0000] {taskinstance.py:1103} INFO - Dependencies all met for dep_context=non-requeueable deps ti=<TaskInstance: dag_with_taskflow_api_v02.get_age scheduled__2023-01-15T00:00:00+00:00 [queued]>
[2023-05-24T15:28:39.123+0000] {taskinstance.py:1103} INFO - Dependencies all met for dep_context=requeueable deps ti=<TaskInstance: dag_with_taskflow_api_v02.get_age scheduled__2023-01-15T00:00:00+00:00 [queued]>
[2023-05-24T15:28:39.126+0000] {taskinstance.py:1308} INFO - Starting attempt 1 of 6
[2023-05-24T15:28:39.331+0000] {taskinstance.py:1327} INFO - Executing <Task(_PythonDecoratedOperator): get_age> on 2023-01-15 00:00:00+00:00
[2023-05-24T15:28:39.337+0000] {standard_task_runner.py:57} INFO - Started process 3196 to run task
[2023-05-24T15:28:39.357+0000] {standard_task_runner.py:84} INFO - Running: ['***', 'tasks', 'run', 'dag_with_taskflow_api_v02', 'get_age', 'scheduled__2023-01-15T00:00:00+00:00', '--job-id', '1344', '--raw', '--subdir', 'DAGS_FOLDER/first_dag.py', '--cfg-path', '/tmp/tmp7x2h1yuc']
[2023-05-24T15:28:39.368+0000] {standard_task_runner.py:85} INFO - Job 1344: Subtask get_age
[2023-05-24T15:28:39.639+0000] {task_command.py:410} INFO - Running <TaskInstance: dag_with_taskflow_api_v02.get_age scheduled__2023-01-15T00:00:00+00:00 [running]> on host 942de29f183d
[2023-05-24T15:28:40.363+0000] {taskinstance.py:1547} INFO - Exporting env vars: AIRFLOW_CTX_DAG_OWNER='Sai' AIRFLOW_CTX_DAG_ID='dag_with_taskflow_api_v02' AIRFLOW_CTX_TASK_ID='get_age' AIRFLOW_CTX_EXECUTION_DATE='2023-01-15T00:00:00+00:00' AIRFLOW_CTX_TRY_NUMBER='1' AIRFLOW_CTX_DAG_RUN_ID='scheduled__2023-01-15T00:00:00+00:00'
[2023-05-24T15:28:40.371+0000] {python.py:183} INFO - Done. Returned value was: 19
[2023-05-24T15:28:40.567+0000] {taskinstance.py:1350} INFO - Marking task as SUCCESS. dag_id=dag_with_taskflow_api_v02, task_id=get_age, execution_date=20230115T000000, start_date=20230524T152839, end_date=20230524T152840
[2023-05-24T15:28:40.886+0000] {local_task_job_runner.py:225} INFO - Task exited with return code 0
[2023-05-24T15:28:41.047+0000] {taskinstance.py:2651} INFO - 0 downstream tasks scheduled from follow-on schedule check
[2023-05-25T07:01:11.178+0000] {taskinstance.py:1103} INFO - Dependencies all met for dep_context=non-requeueable deps ti=<TaskInstance: dag_with_taskflow_api_v02.get_age scheduled__2023-01-15T00:00:00+00:00 [queued]>
[2023-05-25T07:01:11.259+0000] {taskinstance.py:1103} INFO - Dependencies all met for dep_context=requeueable deps ti=<TaskInstance: dag_with_taskflow_api_v02.get_age scheduled__2023-01-15T00:00:00+00:00 [queued]>
[2023-05-25T07:01:11.269+0000] {taskinstance.py:1308} INFO - Starting attempt 1 of 6
[2023-05-25T07:01:11.463+0000] {taskinstance.py:1327} INFO - Executing <Task(_PythonDecoratedOperator): get_age> on 2023-01-15 00:00:00+00:00
[2023-05-25T07:01:11.490+0000] {standard_task_runner.py:57} INFO - Started process 4705 to run task
[2023-05-25T07:01:11.499+0000] {standard_task_runner.py:84} INFO - Running: ['***', 'tasks', 'run', 'dag_with_taskflow_api_v02', 'get_age', 'scheduled__2023-01-15T00:00:00+00:00', '--job-id', '1341', '--raw', '--subdir', 'DAGS_FOLDER/first_dag.py', '--cfg-path', '/tmp/tmpuxchtkk_']
[2023-05-25T07:01:11.517+0000] {standard_task_runner.py:85} INFO - Job 1341: Subtask get_age
[2023-05-25T07:01:11.819+0000] {task_command.py:410} INFO - Running <TaskInstance: dag_with_taskflow_api_v02.get_age scheduled__2023-01-15T00:00:00+00:00 [running]> on host 6bd07c7477d9
[2023-05-25T07:01:12.490+0000] {taskinstance.py:1547} INFO - Exporting env vars: AIRFLOW_CTX_DAG_OWNER='Sai' AIRFLOW_CTX_DAG_ID='dag_with_taskflow_api_v02' AIRFLOW_CTX_TASK_ID='get_age' AIRFLOW_CTX_EXECUTION_DATE='2023-01-15T00:00:00+00:00' AIRFLOW_CTX_TRY_NUMBER='1' AIRFLOW_CTX_DAG_RUN_ID='scheduled__2023-01-15T00:00:00+00:00'
[2023-05-25T07:01:12.491+0000] {python.py:183} INFO - Done. Returned value was: 19
[2023-05-25T07:01:12.639+0000] {taskinstance.py:1350} INFO - Marking task as SUCCESS. dag_id=dag_with_taskflow_api_v02, task_id=get_age, execution_date=20230115T000000, start_date=20230525T070111, end_date=20230525T070112
[2023-05-25T07:01:13.037+0000] {local_task_job_runner.py:225} INFO - Task exited with return code 0
[2023-05-25T07:01:13.246+0000] {taskinstance.py:2651} INFO - 0 downstream tasks scheduled from follow-on schedule check
[2023-05-25T10:35:16.710+0000] {taskinstance.py:1103} INFO - Dependencies all met for dep_context=non-requeueable deps ti=<TaskInstance: dag_with_taskflow_api_v02.get_age scheduled__2023-01-15T00:00:00+00:00 [queued]>
[2023-05-25T10:35:16.772+0000] {taskinstance.py:1103} INFO - Dependencies all met for dep_context=requeueable deps ti=<TaskInstance: dag_with_taskflow_api_v02.get_age scheduled__2023-01-15T00:00:00+00:00 [queued]>
[2023-05-25T10:35:16.772+0000] {taskinstance.py:1308} INFO - Starting attempt 1 of 6
[2023-05-25T10:35:17.201+0000] {taskinstance.py:1327} INFO - Executing <Task(_PythonDecoratedOperator): get_age> on 2023-01-15 00:00:00+00:00
[2023-05-25T10:35:17.238+0000] {standard_task_runner.py:84} INFO - Running: ['***', 'tasks', 'run', 'dag_with_taskflow_api_v02', 'get_age', 'scheduled__2023-01-15T00:00:00+00:00', '--job-id', '1349', '--raw', '--subdir', 'DAGS_FOLDER/first_dag.py', '--cfg-path', '/tmp/tmpvfj3x4fv']
[2023-05-25T10:35:17.241+0000] {standard_task_runner.py:85} INFO - Job 1349: Subtask get_age
[2023-05-25T10:35:17.226+0000] {standard_task_runner.py:57} INFO - Started process 4341 to run task
[2023-05-25T10:35:17.527+0000] {task_command.py:410} INFO - Running <TaskInstance: dag_with_taskflow_api_v02.get_age scheduled__2023-01-15T00:00:00+00:00 [running]> on host b1ae37a9584e
[2023-05-25T10:35:18.493+0000] {taskinstance.py:1547} INFO - Exporting env vars: AIRFLOW_CTX_DAG_OWNER='Sai' AIRFLOW_CTX_DAG_ID='dag_with_taskflow_api_v02' AIRFLOW_CTX_TASK_ID='get_age' AIRFLOW_CTX_EXECUTION_DATE='2023-01-15T00:00:00+00:00' AIRFLOW_CTX_TRY_NUMBER='1' AIRFLOW_CTX_DAG_RUN_ID='scheduled__2023-01-15T00:00:00+00:00'
[2023-05-25T10:35:18.494+0000] {python.py:183} INFO - Done. Returned value was: 19
[2023-05-25T10:35:18.756+0000] {taskinstance.py:1350} INFO - Marking task as SUCCESS. dag_id=dag_with_taskflow_api_v02, task_id=get_age, execution_date=20230115T000000, start_date=20230525T103516, end_date=20230525T103518
[2023-05-25T10:35:18.955+0000] {local_task_job_runner.py:225} INFO - Task exited with return code 0
[2023-05-25T10:35:19.514+0000] {taskinstance.py:2651} INFO - 0 downstream tasks scheduled from follow-on schedule check
