[2023-05-24T15:26:05.471+0000] {taskinstance.py:1103} INFO - Dependencies all met for dep_context=non-requeueable deps ti=<TaskInstance: dag_with_taskflow_api_v02.greet scheduled__2022-10-08T00:00:00+00:00 [queued]>
[2023-05-24T15:26:05.559+0000] {taskinstance.py:1103} INFO - Dependencies all met for dep_context=requeueable deps ti=<TaskInstance: dag_with_taskflow_api_v02.greet scheduled__2022-10-08T00:00:00+00:00 [queued]>
[2023-05-24T15:26:05.560+0000] {taskinstance.py:1308} INFO - Starting attempt 1 of 6
[2023-05-24T15:26:06.006+0000] {taskinstance.py:1327} INFO - Executing <Task(_PythonDecoratedOperator): greet> on 2022-10-08 00:00:00+00:00
[2023-05-24T15:26:06.025+0000] {standard_task_runner.py:57} INFO - Started process 2575 to run task
[2023-05-24T15:26:06.078+0000] {standard_task_runner.py:84} INFO - Running: ['***', 'tasks', 'run', 'dag_with_taskflow_api_v02', 'greet', 'scheduled__2022-10-08T00:00:00+00:00', '--job-id', '1067', '--raw', '--subdir', 'DAGS_FOLDER/first_dag.py', '--cfg-path', '/tmp/tmp0b8ezjxw']
[2023-05-24T15:26:06.088+0000] {standard_task_runner.py:85} INFO - Job 1067: Subtask greet
[2023-05-24T15:26:06.387+0000] {task_command.py:410} INFO - Running <TaskInstance: dag_with_taskflow_api_v02.greet scheduled__2022-10-08T00:00:00+00:00 [running]> on host 942de29f183d
[2023-05-24T15:26:07.207+0000] {taskinstance.py:1547} INFO - Exporting env vars: AIRFLOW_CTX_DAG_OWNER='Sai' AIRFLOW_CTX_DAG_ID='dag_with_taskflow_api_v02' AIRFLOW_CTX_TASK_ID='greet' AIRFLOW_CTX_EXECUTION_DATE='2022-10-08T00:00:00+00:00' AIRFLOW_CTX_TRY_NUMBER='1' AIRFLOW_CTX_DAG_RUN_ID='scheduled__2022-10-08T00:00:00+00:00'
[2023-05-24T15:26:07.208+0000] {logging_mixin.py:149} INFO - Hello World! My name is Sai Tr and I am 19 years old!
[2023-05-24T15:26:07.208+0000] {python.py:183} INFO - Done. Returned value was: None
[2023-05-24T15:26:07.256+0000] {taskinstance.py:1350} INFO - Marking task as SUCCESS. dag_id=dag_with_taskflow_api_v02, task_id=greet, execution_date=20221008T000000, start_date=20230524T152605, end_date=20230524T152607
[2023-05-24T15:26:07.402+0000] {local_task_job_runner.py:225} INFO - Task exited with return code 0
[2023-05-24T15:26:07.773+0000] {taskinstance.py:2651} INFO - 0 downstream tasks scheduled from follow-on schedule check
[2023-05-25T06:58:36.809+0000] {taskinstance.py:1103} INFO - Dependencies all met for dep_context=non-requeueable deps ti=<TaskInstance: dag_with_taskflow_api_v02.greet scheduled__2022-10-08T00:00:00+00:00 [queued]>
[2023-05-25T06:58:36.872+0000] {taskinstance.py:1103} INFO - Dependencies all met for dep_context=requeueable deps ti=<TaskInstance: dag_with_taskflow_api_v02.greet scheduled__2022-10-08T00:00:00+00:00 [queued]>
[2023-05-25T06:58:36.873+0000] {taskinstance.py:1308} INFO - Starting attempt 1 of 6
[2023-05-25T06:58:36.992+0000] {taskinstance.py:1327} INFO - Executing <Task(_PythonDecoratedOperator): greet> on 2022-10-08 00:00:00+00:00
[2023-05-25T06:58:37.002+0000] {standard_task_runner.py:57} INFO - Started process 4087 to run task
[2023-05-25T06:58:37.013+0000] {standard_task_runner.py:84} INFO - Running: ['***', 'tasks', 'run', 'dag_with_taskflow_api_v02', 'greet', 'scheduled__2022-10-08T00:00:00+00:00', '--job-id', '1066', '--raw', '--subdir', 'DAGS_FOLDER/first_dag.py', '--cfg-path', '/tmp/tmptlplgvhu']
[2023-05-25T06:58:37.016+0000] {standard_task_runner.py:85} INFO - Job 1066: Subtask greet
[2023-05-25T06:58:37.310+0000] {task_command.py:410} INFO - Running <TaskInstance: dag_with_taskflow_api_v02.greet scheduled__2022-10-08T00:00:00+00:00 [running]> on host 6bd07c7477d9
[2023-05-25T06:58:37.891+0000] {taskinstance.py:1547} INFO - Exporting env vars: AIRFLOW_CTX_DAG_OWNER='Sai' AIRFLOW_CTX_DAG_ID='dag_with_taskflow_api_v02' AIRFLOW_CTX_TASK_ID='greet' AIRFLOW_CTX_EXECUTION_DATE='2022-10-08T00:00:00+00:00' AIRFLOW_CTX_TRY_NUMBER='1' AIRFLOW_CTX_DAG_RUN_ID='scheduled__2022-10-08T00:00:00+00:00'
[2023-05-25T06:58:37.894+0000] {logging_mixin.py:149} INFO - Hello World! My name is Sai Tr and I am 19 years old!
[2023-05-25T06:58:37.895+0000] {python.py:183} INFO - Done. Returned value was: None
[2023-05-25T06:58:37.939+0000] {taskinstance.py:1350} INFO - Marking task as SUCCESS. dag_id=dag_with_taskflow_api_v02, task_id=greet, execution_date=20221008T000000, start_date=20230525T065836, end_date=20230525T065837
[2023-05-25T06:58:38.106+0000] {local_task_job_runner.py:225} INFO - Task exited with return code 0
[2023-05-25T06:58:38.172+0000] {taskinstance.py:2651} INFO - 0 downstream tasks scheduled from follow-on schedule check
[2023-05-25T10:32:13.830+0000] {taskinstance.py:1103} INFO - Dependencies all met for dep_context=non-requeueable deps ti=<TaskInstance: dag_with_taskflow_api_v02.greet scheduled__2022-10-08T00:00:00+00:00 [queued]>
[2023-05-25T10:32:13.945+0000] {taskinstance.py:1103} INFO - Dependencies all met for dep_context=requeueable deps ti=<TaskInstance: dag_with_taskflow_api_v02.greet scheduled__2022-10-08T00:00:00+00:00 [queued]>
[2023-05-25T10:32:13.946+0000] {taskinstance.py:1308} INFO - Starting attempt 1 of 6
[2023-05-25T10:32:14.139+0000] {taskinstance.py:1327} INFO - Executing <Task(_PythonDecoratedOperator): greet> on 2022-10-08 00:00:00+00:00
[2023-05-25T10:32:14.146+0000] {standard_task_runner.py:57} INFO - Started process 3730 to run task
[2023-05-25T10:32:14.188+0000] {standard_task_runner.py:84} INFO - Running: ['***', 'tasks', 'run', 'dag_with_taskflow_api_v02', 'greet', 'scheduled__2022-10-08T00:00:00+00:00', '--job-id', '1081', '--raw', '--subdir', 'DAGS_FOLDER/first_dag.py', '--cfg-path', '/tmp/tmpifhcihhw']
[2023-05-25T10:32:14.197+0000] {standard_task_runner.py:85} INFO - Job 1081: Subtask greet
[2023-05-25T10:32:14.475+0000] {task_command.py:410} INFO - Running <TaskInstance: dag_with_taskflow_api_v02.greet scheduled__2022-10-08T00:00:00+00:00 [running]> on host b1ae37a9584e
[2023-05-25T10:32:15.202+0000] {taskinstance.py:1547} INFO - Exporting env vars: AIRFLOW_CTX_DAG_OWNER='Sai' AIRFLOW_CTX_DAG_ID='dag_with_taskflow_api_v02' AIRFLOW_CTX_TASK_ID='greet' AIRFLOW_CTX_EXECUTION_DATE='2022-10-08T00:00:00+00:00' AIRFLOW_CTX_TRY_NUMBER='1' AIRFLOW_CTX_DAG_RUN_ID='scheduled__2022-10-08T00:00:00+00:00'
[2023-05-25T10:32:15.203+0000] {logging_mixin.py:149} INFO - Hello World! My name is Sai Tr and I am 19 years old!
[2023-05-25T10:32:15.204+0000] {python.py:183} INFO - Done. Returned value was: None
[2023-05-25T10:32:15.284+0000] {taskinstance.py:1350} INFO - Marking task as SUCCESS. dag_id=dag_with_taskflow_api_v02, task_id=greet, execution_date=20221008T000000, start_date=20230525T103213, end_date=20230525T103215
[2023-05-25T10:32:15.410+0000] {local_task_job_runner.py:225} INFO - Task exited with return code 0
[2023-05-25T10:32:16.011+0000] {taskinstance.py:2651} INFO - 0 downstream tasks scheduled from follow-on schedule check
