[2023-05-24T15:25:56.785+0000] {taskinstance.py:1103} INFO - Dependencies all met for dep_context=non-requeueable deps ti=<TaskInstance: dag_with_taskflow_api_v02.greet scheduled__2022-10-02T00:00:00+00:00 [queued]>
[2023-05-24T15:25:56.824+0000] {taskinstance.py:1103} INFO - Dependencies all met for dep_context=requeueable deps ti=<TaskInstance: dag_with_taskflow_api_v02.greet scheduled__2022-10-02T00:00:00+00:00 [queued]>
[2023-05-24T15:25:56.824+0000] {taskinstance.py:1308} INFO - Starting attempt 1 of 6
[2023-05-24T15:25:57.374+0000] {taskinstance.py:1327} INFO - Executing <Task(_PythonDecoratedOperator): greet> on 2022-10-02 00:00:00+00:00
[2023-05-24T15:25:57.416+0000] {standard_task_runner.py:57} INFO - Started process 2545 to run task
[2023-05-24T15:25:57.495+0000] {standard_task_runner.py:84} INFO - Running: ['***', 'tasks', 'run', 'dag_with_taskflow_api_v02', 'greet', 'scheduled__2022-10-02T00:00:00+00:00', '--job-id', '1051', '--raw', '--subdir', 'DAGS_FOLDER/first_dag.py', '--cfg-path', '/tmp/tmp5ix2ic3w']
[2023-05-24T15:25:57.499+0000] {standard_task_runner.py:85} INFO - Job 1051: Subtask greet
[2023-05-24T15:25:57.871+0000] {task_command.py:410} INFO - Running <TaskInstance: dag_with_taskflow_api_v02.greet scheduled__2022-10-02T00:00:00+00:00 [running]> on host 942de29f183d
[2023-05-24T15:25:59.070+0000] {taskinstance.py:1547} INFO - Exporting env vars: AIRFLOW_CTX_DAG_OWNER='Sai' AIRFLOW_CTX_DAG_ID='dag_with_taskflow_api_v02' AIRFLOW_CTX_TASK_ID='greet' AIRFLOW_CTX_EXECUTION_DATE='2022-10-02T00:00:00+00:00' AIRFLOW_CTX_TRY_NUMBER='1' AIRFLOW_CTX_DAG_RUN_ID='scheduled__2022-10-02T00:00:00+00:00'
[2023-05-24T15:25:59.072+0000] {logging_mixin.py:149} INFO - Hello World! My name is Sai Tr and I am 19 years old!
[2023-05-24T15:25:59.078+0000] {python.py:183} INFO - Done. Returned value was: None
[2023-05-24T15:25:59.179+0000] {taskinstance.py:1350} INFO - Marking task as SUCCESS. dag_id=dag_with_taskflow_api_v02, task_id=greet, execution_date=20221002T000000, start_date=20230524T152556, end_date=20230524T152559
[2023-05-24T15:25:59.288+0000] {local_task_job_runner.py:225} INFO - Task exited with return code 0
[2023-05-24T15:25:59.595+0000] {taskinstance.py:2651} INFO - 0 downstream tasks scheduled from follow-on schedule check
[2023-05-25T06:58:28.982+0000] {taskinstance.py:1103} INFO - Dependencies all met for dep_context=non-requeueable deps ti=<TaskInstance: dag_with_taskflow_api_v02.greet scheduled__2022-10-02T00:00:00+00:00 [queued]>
[2023-05-25T06:58:29.150+0000] {taskinstance.py:1103} INFO - Dependencies all met for dep_context=requeueable deps ti=<TaskInstance: dag_with_taskflow_api_v02.greet scheduled__2022-10-02T00:00:00+00:00 [queued]>
[2023-05-25T06:58:29.150+0000] {taskinstance.py:1308} INFO - Starting attempt 1 of 6
[2023-05-25T06:58:30.134+0000] {taskinstance.py:1327} INFO - Executing <Task(_PythonDecoratedOperator): greet> on 2022-10-02 00:00:00+00:00
[2023-05-25T06:58:30.181+0000] {standard_task_runner.py:57} INFO - Started process 4061 to run task
[2023-05-25T06:58:30.219+0000] {standard_task_runner.py:84} INFO - Running: ['***', 'tasks', 'run', 'dag_with_taskflow_api_v02', 'greet', 'scheduled__2022-10-02T00:00:00+00:00', '--job-id', '1048', '--raw', '--subdir', 'DAGS_FOLDER/first_dag.py', '--cfg-path', '/tmp/tmp_o1479mf']
[2023-05-25T06:58:30.262+0000] {standard_task_runner.py:85} INFO - Job 1048: Subtask greet
[2023-05-25T06:58:30.729+0000] {task_command.py:410} INFO - Running <TaskInstance: dag_with_taskflow_api_v02.greet scheduled__2022-10-02T00:00:00+00:00 [running]> on host 6bd07c7477d9
[2023-05-25T06:58:31.641+0000] {taskinstance.py:1547} INFO - Exporting env vars: AIRFLOW_CTX_DAG_OWNER='Sai' AIRFLOW_CTX_DAG_ID='dag_with_taskflow_api_v02' AIRFLOW_CTX_TASK_ID='greet' AIRFLOW_CTX_EXECUTION_DATE='2022-10-02T00:00:00+00:00' AIRFLOW_CTX_TRY_NUMBER='1' AIRFLOW_CTX_DAG_RUN_ID='scheduled__2022-10-02T00:00:00+00:00'
[2023-05-25T06:58:31.643+0000] {logging_mixin.py:149} INFO - Hello World! My name is Sai Tr and I am 19 years old!
[2023-05-25T06:58:31.644+0000] {python.py:183} INFO - Done. Returned value was: None
[2023-05-25T06:58:31.681+0000] {taskinstance.py:1350} INFO - Marking task as SUCCESS. dag_id=dag_with_taskflow_api_v02, task_id=greet, execution_date=20221002T000000, start_date=20230525T065828, end_date=20230525T065831
[2023-05-25T06:58:31.842+0000] {local_task_job_runner.py:225} INFO - Task exited with return code 0
[2023-05-25T06:58:32.026+0000] {taskinstance.py:2651} INFO - 0 downstream tasks scheduled from follow-on schedule check
[2023-05-25T10:31:50.250+0000] {taskinstance.py:1103} INFO - Dependencies all met for dep_context=non-requeueable deps ti=<TaskInstance: dag_with_taskflow_api_v02.greet scheduled__2022-10-02T00:00:00+00:00 [queued]>
[2023-05-25T10:31:50.271+0000] {taskinstance.py:1103} INFO - Dependencies all met for dep_context=requeueable deps ti=<TaskInstance: dag_with_taskflow_api_v02.greet scheduled__2022-10-02T00:00:00+00:00 [queued]>
[2023-05-25T10:31:50.271+0000] {taskinstance.py:1308} INFO - Starting attempt 1 of 6
[2023-05-25T10:31:50.301+0000] {taskinstance.py:1327} INFO - Executing <Task(_PythonDecoratedOperator): greet> on 2022-10-02 00:00:00+00:00
[2023-05-25T10:31:50.309+0000] {standard_task_runner.py:57} INFO - Started process 3637 to run task
[2023-05-25T10:31:50.313+0000] {standard_task_runner.py:84} INFO - Running: ['***', 'tasks', 'run', 'dag_with_taskflow_api_v02', 'greet', 'scheduled__2022-10-02T00:00:00+00:00', '--job-id', '1043', '--raw', '--subdir', 'DAGS_FOLDER/first_dag.py', '--cfg-path', '/tmp/tmpec77smz0']
[2023-05-25T10:31:50.316+0000] {standard_task_runner.py:85} INFO - Job 1043: Subtask greet
[2023-05-25T10:31:50.423+0000] {task_command.py:410} INFO - Running <TaskInstance: dag_with_taskflow_api_v02.greet scheduled__2022-10-02T00:00:00+00:00 [running]> on host b1ae37a9584e
[2023-05-25T10:31:50.716+0000] {taskinstance.py:1547} INFO - Exporting env vars: AIRFLOW_CTX_DAG_OWNER='Sai' AIRFLOW_CTX_DAG_ID='dag_with_taskflow_api_v02' AIRFLOW_CTX_TASK_ID='greet' AIRFLOW_CTX_EXECUTION_DATE='2022-10-02T00:00:00+00:00' AIRFLOW_CTX_TRY_NUMBER='1' AIRFLOW_CTX_DAG_RUN_ID='scheduled__2022-10-02T00:00:00+00:00'
[2023-05-25T10:31:50.718+0000] {logging_mixin.py:149} INFO - Hello World! My name is Sai Tr and I am 19 years old!
[2023-05-25T10:31:50.718+0000] {python.py:183} INFO - Done. Returned value was: None
[2023-05-25T10:31:50.738+0000] {taskinstance.py:1350} INFO - Marking task as SUCCESS. dag_id=dag_with_taskflow_api_v02, task_id=greet, execution_date=20221002T000000, start_date=20230525T103150, end_date=20230525T103150
[2023-05-25T10:31:50.773+0000] {local_task_job_runner.py:225} INFO - Task exited with return code 0
[2023-05-25T10:31:50.831+0000] {taskinstance.py:2651} INFO - 0 downstream tasks scheduled from follow-on schedule check
