[2023-05-24T15:27:12.950+0000] {taskinstance.py:1103} INFO - Dependencies all met for dep_context=non-requeueable deps ti=<TaskInstance: dag_with_taskflow_api_v02.get_age scheduled__2022-11-27T00:00:00+00:00 [queued]>
[2023-05-24T15:27:12.989+0000] {taskinstance.py:1103} INFO - Dependencies all met for dep_context=requeueable deps ti=<TaskInstance: dag_with_taskflow_api_v02.get_age scheduled__2022-11-27T00:00:00+00:00 [queued]>
[2023-05-24T15:27:12.989+0000] {taskinstance.py:1308} INFO - Starting attempt 1 of 6
[2023-05-24T15:27:13.126+0000] {taskinstance.py:1327} INFO - Executing <Task(_PythonDecoratedOperator): get_age> on 2022-11-27 00:00:00+00:00
[2023-05-24T15:27:13.154+0000] {standard_task_runner.py:57} INFO - Started process 2855 to run task
[2023-05-24T15:27:13.181+0000] {standard_task_runner.py:84} INFO - Running: ['***', 'tasks', 'run', 'dag_with_taskflow_api_v02', 'get_age', 'scheduled__2022-11-27T00:00:00+00:00', '--job-id', '1190', '--raw', '--subdir', 'DAGS_FOLDER/first_dag.py', '--cfg-path', '/tmp/tmp7wxvfqr7']
[2023-05-24T15:27:13.207+0000] {standard_task_runner.py:85} INFO - Job 1190: Subtask get_age
[2023-05-24T15:27:13.519+0000] {task_command.py:410} INFO - Running <TaskInstance: dag_with_taskflow_api_v02.get_age scheduled__2022-11-27T00:00:00+00:00 [running]> on host 942de29f183d
[2023-05-24T15:27:14.301+0000] {taskinstance.py:1547} INFO - Exporting env vars: AIRFLOW_CTX_DAG_OWNER='Sai' AIRFLOW_CTX_DAG_ID='dag_with_taskflow_api_v02' AIRFLOW_CTX_TASK_ID='get_age' AIRFLOW_CTX_EXECUTION_DATE='2022-11-27T00:00:00+00:00' AIRFLOW_CTX_TRY_NUMBER='1' AIRFLOW_CTX_DAG_RUN_ID='scheduled__2022-11-27T00:00:00+00:00'
[2023-05-24T15:27:14.302+0000] {python.py:183} INFO - Done. Returned value was: 19
[2023-05-24T15:27:14.398+0000] {taskinstance.py:1350} INFO - Marking task as SUCCESS. dag_id=dag_with_taskflow_api_v02, task_id=get_age, execution_date=20221127T000000, start_date=20230524T152712, end_date=20230524T152714
[2023-05-24T15:27:15.076+0000] {local_task_job_runner.py:225} INFO - Task exited with return code 0
[2023-05-24T15:27:15.269+0000] {taskinstance.py:2651} INFO - 1 downstream tasks scheduled from follow-on schedule check
[2023-05-25T06:59:48.635+0000] {taskinstance.py:1103} INFO - Dependencies all met for dep_context=non-requeueable deps ti=<TaskInstance: dag_with_taskflow_api_v02.get_age scheduled__2022-11-27T00:00:00+00:00 [queued]>
[2023-05-25T06:59:48.694+0000] {taskinstance.py:1103} INFO - Dependencies all met for dep_context=requeueable deps ti=<TaskInstance: dag_with_taskflow_api_v02.get_age scheduled__2022-11-27T00:00:00+00:00 [queued]>
[2023-05-25T06:59:48.694+0000] {taskinstance.py:1308} INFO - Starting attempt 1 of 6
[2023-05-25T06:59:48.832+0000] {taskinstance.py:1327} INFO - Executing <Task(_PythonDecoratedOperator): get_age> on 2022-11-27 00:00:00+00:00
[2023-05-25T06:59:48.839+0000] {standard_task_runner.py:57} INFO - Started process 4373 to run task
[2023-05-25T06:59:48.885+0000] {standard_task_runner.py:84} INFO - Running: ['***', 'tasks', 'run', 'dag_with_taskflow_api_v02', 'get_age', 'scheduled__2022-11-27T00:00:00+00:00', '--job-id', '1192', '--raw', '--subdir', 'DAGS_FOLDER/first_dag.py', '--cfg-path', '/tmp/tmpprf1glyx']
[2023-05-25T06:59:48.897+0000] {standard_task_runner.py:85} INFO - Job 1192: Subtask get_age
[2023-05-25T06:59:49.177+0000] {task_command.py:410} INFO - Running <TaskInstance: dag_with_taskflow_api_v02.get_age scheduled__2022-11-27T00:00:00+00:00 [running]> on host 6bd07c7477d9
[2023-05-25T06:59:50.095+0000] {taskinstance.py:1547} INFO - Exporting env vars: AIRFLOW_CTX_DAG_OWNER='Sai' AIRFLOW_CTX_DAG_ID='dag_with_taskflow_api_v02' AIRFLOW_CTX_TASK_ID='get_age' AIRFLOW_CTX_EXECUTION_DATE='2022-11-27T00:00:00+00:00' AIRFLOW_CTX_TRY_NUMBER='1' AIRFLOW_CTX_DAG_RUN_ID='scheduled__2022-11-27T00:00:00+00:00'
[2023-05-25T06:59:50.097+0000] {python.py:183} INFO - Done. Returned value was: 19
[2023-05-25T06:59:50.266+0000] {taskinstance.py:1350} INFO - Marking task as SUCCESS. dag_id=dag_with_taskflow_api_v02, task_id=get_age, execution_date=20221127T000000, start_date=20230525T065948, end_date=20230525T065950
[2023-05-25T06:59:50.481+0000] {local_task_job_runner.py:225} INFO - Task exited with return code 0
[2023-05-25T06:59:51.309+0000] {taskinstance.py:2651} INFO - 0 downstream tasks scheduled from follow-on schedule check
[2023-05-25T10:33:34.800+0000] {taskinstance.py:1103} INFO - Dependencies all met for dep_context=non-requeueable deps ti=<TaskInstance: dag_with_taskflow_api_v02.get_age scheduled__2022-11-27T00:00:00+00:00 [queued]>
[2023-05-25T10:33:34.919+0000] {taskinstance.py:1103} INFO - Dependencies all met for dep_context=requeueable deps ti=<TaskInstance: dag_with_taskflow_api_v02.get_age scheduled__2022-11-27T00:00:00+00:00 [queued]>
[2023-05-25T10:33:34.919+0000] {taskinstance.py:1308} INFO - Starting attempt 1 of 6
[2023-05-25T10:33:35.055+0000] {taskinstance.py:1327} INFO - Executing <Task(_PythonDecoratedOperator): get_age> on 2022-11-27 00:00:00+00:00
[2023-05-25T10:33:35.137+0000] {standard_task_runner.py:57} INFO - Started process 4009 to run task
[2023-05-25T10:33:35.175+0000] {standard_task_runner.py:84} INFO - Running: ['***', 'tasks', 'run', 'dag_with_taskflow_api_v02', 'get_age', 'scheduled__2022-11-27T00:00:00+00:00', '--job-id', '1203', '--raw', '--subdir', 'DAGS_FOLDER/first_dag.py', '--cfg-path', '/tmp/tmpin_kio__']
[2023-05-25T10:33:35.180+0000] {standard_task_runner.py:85} INFO - Job 1203: Subtask get_age
[2023-05-25T10:33:35.647+0000] {task_command.py:410} INFO - Running <TaskInstance: dag_with_taskflow_api_v02.get_age scheduled__2022-11-27T00:00:00+00:00 [running]> on host b1ae37a9584e
[2023-05-25T10:33:36.106+0000] {taskinstance.py:1547} INFO - Exporting env vars: AIRFLOW_CTX_DAG_OWNER='Sai' AIRFLOW_CTX_DAG_ID='dag_with_taskflow_api_v02' AIRFLOW_CTX_TASK_ID='get_age' AIRFLOW_CTX_EXECUTION_DATE='2022-11-27T00:00:00+00:00' AIRFLOW_CTX_TRY_NUMBER='1' AIRFLOW_CTX_DAG_RUN_ID='scheduled__2022-11-27T00:00:00+00:00'
[2023-05-25T10:33:36.112+0000] {python.py:183} INFO - Done. Returned value was: 19
[2023-05-25T10:33:36.303+0000] {taskinstance.py:1350} INFO - Marking task as SUCCESS. dag_id=dag_with_taskflow_api_v02, task_id=get_age, execution_date=20221127T000000, start_date=20230525T103334, end_date=20230525T103336
[2023-05-25T10:33:36.475+0000] {local_task_job_runner.py:225} INFO - Task exited with return code 0
[2023-05-25T10:33:36.918+0000] {taskinstance.py:2651} INFO - 0 downstream tasks scheduled from follow-on schedule check
