[2023-05-24T15:28:49.481+0000] {taskinstance.py:1103} INFO - Dependencies all met for dep_context=non-requeueable deps ti=<TaskInstance: dag_with_taskflow_api_v02.greet scheduled__2023-01-18T00:00:00+00:00 [queued]>
[2023-05-24T15:28:49.611+0000] {taskinstance.py:1103} INFO - Dependencies all met for dep_context=requeueable deps ti=<TaskInstance: dag_with_taskflow_api_v02.greet scheduled__2023-01-18T00:00:00+00:00 [queued]>
[2023-05-24T15:28:49.611+0000] {taskinstance.py:1308} INFO - Starting attempt 1 of 6
[2023-05-24T15:28:50.122+0000] {taskinstance.py:1327} INFO - Executing <Task(_PythonDecoratedOperator): greet> on 2023-01-18 00:00:00+00:00
[2023-05-24T15:28:50.147+0000] {standard_task_runner.py:57} INFO - Started process 3239 to run task
[2023-05-24T15:28:50.173+0000] {standard_task_runner.py:84} INFO - Running: ['***', 'tasks', 'run', 'dag_with_taskflow_api_v02', 'greet', 'scheduled__2023-01-18T00:00:00+00:00', '--job-id', '1364', '--raw', '--subdir', 'DAGS_FOLDER/first_dag.py', '--cfg-path', '/tmp/tmpszcdd50b']
[2023-05-24T15:28:50.178+0000] {standard_task_runner.py:85} INFO - Job 1364: Subtask greet
[2023-05-24T15:28:50.552+0000] {task_command.py:410} INFO - Running <TaskInstance: dag_with_taskflow_api_v02.greet scheduled__2023-01-18T00:00:00+00:00 [running]> on host 942de29f183d
[2023-05-24T15:28:51.325+0000] {taskinstance.py:1547} INFO - Exporting env vars: AIRFLOW_CTX_DAG_OWNER='Sai' AIRFLOW_CTX_DAG_ID='dag_with_taskflow_api_v02' AIRFLOW_CTX_TASK_ID='greet' AIRFLOW_CTX_EXECUTION_DATE='2023-01-18T00:00:00+00:00' AIRFLOW_CTX_TRY_NUMBER='1' AIRFLOW_CTX_DAG_RUN_ID='scheduled__2023-01-18T00:00:00+00:00'
[2023-05-24T15:28:51.326+0000] {logging_mixin.py:149} INFO - Hello World! My name is Sai Tr and I am 19 years old!
[2023-05-24T15:28:51.326+0000] {python.py:183} INFO - Done. Returned value was: None
[2023-05-24T15:28:51.380+0000] {taskinstance.py:1350} INFO - Marking task as SUCCESS. dag_id=dag_with_taskflow_api_v02, task_id=greet, execution_date=20230118T000000, start_date=20230524T152849, end_date=20230524T152851
[2023-05-24T15:28:51.524+0000] {local_task_job_runner.py:225} INFO - Task exited with return code 0
[2023-05-24T15:28:51.855+0000] {taskinstance.py:2651} INFO - 0 downstream tasks scheduled from follow-on schedule check
[2023-05-25T07:01:26.576+0000] {taskinstance.py:1103} INFO - Dependencies all met for dep_context=non-requeueable deps ti=<TaskInstance: dag_with_taskflow_api_v02.greet scheduled__2023-01-18T00:00:00+00:00 [queued]>
[2023-05-25T07:01:26.721+0000] {taskinstance.py:1103} INFO - Dependencies all met for dep_context=requeueable deps ti=<TaskInstance: dag_with_taskflow_api_v02.greet scheduled__2023-01-18T00:00:00+00:00 [queued]>
[2023-05-25T07:01:26.722+0000] {taskinstance.py:1308} INFO - Starting attempt 1 of 6
[2023-05-25T07:01:26.996+0000] {taskinstance.py:1327} INFO - Executing <Task(_PythonDecoratedOperator): greet> on 2023-01-18 00:00:00+00:00
[2023-05-25T07:01:27.053+0000] {standard_task_runner.py:57} INFO - Started process 4778 to run task
[2023-05-25T07:01:27.085+0000] {standard_task_runner.py:84} INFO - Running: ['***', 'tasks', 'run', 'dag_with_taskflow_api_v02', 'greet', 'scheduled__2023-01-18T00:00:00+00:00', '--job-id', '1372', '--raw', '--subdir', 'DAGS_FOLDER/first_dag.py', '--cfg-path', '/tmp/tmpiy5og5r8']
[2023-05-25T07:01:27.088+0000] {standard_task_runner.py:85} INFO - Job 1372: Subtask greet
[2023-05-25T07:01:27.599+0000] {task_command.py:410} INFO - Running <TaskInstance: dag_with_taskflow_api_v02.greet scheduled__2023-01-18T00:00:00+00:00 [running]> on host 6bd07c7477d9
[2023-05-25T07:01:28.592+0000] {taskinstance.py:1547} INFO - Exporting env vars: AIRFLOW_CTX_DAG_OWNER='Sai' AIRFLOW_CTX_DAG_ID='dag_with_taskflow_api_v02' AIRFLOW_CTX_TASK_ID='greet' AIRFLOW_CTX_EXECUTION_DATE='2023-01-18T00:00:00+00:00' AIRFLOW_CTX_TRY_NUMBER='1' AIRFLOW_CTX_DAG_RUN_ID='scheduled__2023-01-18T00:00:00+00:00'
[2023-05-25T07:01:28.598+0000] {logging_mixin.py:149} INFO - Hello World! My name is Sai Tr and I am 19 years old!
[2023-05-25T07:01:28.598+0000] {python.py:183} INFO - Done. Returned value was: None
[2023-05-25T07:01:28.675+0000] {taskinstance.py:1350} INFO - Marking task as SUCCESS. dag_id=dag_with_taskflow_api_v02, task_id=greet, execution_date=20230118T000000, start_date=20230525T070126, end_date=20230525T070128
[2023-05-25T07:01:28.789+0000] {local_task_job_runner.py:225} INFO - Task exited with return code 0
[2023-05-25T07:01:29.251+0000] {taskinstance.py:2651} INFO - 0 downstream tasks scheduled from follow-on schedule check
[2023-05-25T10:35:41.512+0000] {taskinstance.py:1103} INFO - Dependencies all met for dep_context=non-requeueable deps ti=<TaskInstance: dag_with_taskflow_api_v02.greet scheduled__2023-01-18T00:00:00+00:00 [queued]>
[2023-05-25T10:35:41.643+0000] {taskinstance.py:1103} INFO - Dependencies all met for dep_context=requeueable deps ti=<TaskInstance: dag_with_taskflow_api_v02.greet scheduled__2023-01-18T00:00:00+00:00 [queued]>
[2023-05-25T10:35:41.643+0000] {taskinstance.py:1308} INFO - Starting attempt 1 of 6
[2023-05-25T10:35:42.706+0000] {taskinstance.py:1327} INFO - Executing <Task(_PythonDecoratedOperator): greet> on 2023-01-18 00:00:00+00:00
[2023-05-25T10:35:42.737+0000] {standard_task_runner.py:57} INFO - Started process 4419 to run task
[2023-05-25T10:35:42.765+0000] {standard_task_runner.py:84} INFO - Running: ['***', 'tasks', 'run', 'dag_with_taskflow_api_v02', 'greet', 'scheduled__2023-01-18T00:00:00+00:00', '--job-id', '1385', '--raw', '--subdir', 'DAGS_FOLDER/first_dag.py', '--cfg-path', '/tmp/tmpq47gavhw']
[2023-05-25T10:35:42.790+0000] {standard_task_runner.py:85} INFO - Job 1385: Subtask greet
[2023-05-25T10:35:43.355+0000] {task_command.py:410} INFO - Running <TaskInstance: dag_with_taskflow_api_v02.greet scheduled__2023-01-18T00:00:00+00:00 [running]> on host b1ae37a9584e
[2023-05-25T10:35:44.676+0000] {taskinstance.py:1547} INFO - Exporting env vars: AIRFLOW_CTX_DAG_OWNER='Sai' AIRFLOW_CTX_DAG_ID='dag_with_taskflow_api_v02' AIRFLOW_CTX_TASK_ID='greet' AIRFLOW_CTX_EXECUTION_DATE='2023-01-18T00:00:00+00:00' AIRFLOW_CTX_TRY_NUMBER='1' AIRFLOW_CTX_DAG_RUN_ID='scheduled__2023-01-18T00:00:00+00:00'
[2023-05-25T10:35:44.677+0000] {logging_mixin.py:149} INFO - Hello World! My name is Sai Tr and I am 19 years old!
[2023-05-25T10:35:44.678+0000] {python.py:183} INFO - Done. Returned value was: None
[2023-05-25T10:35:44.795+0000] {taskinstance.py:1350} INFO - Marking task as SUCCESS. dag_id=dag_with_taskflow_api_v02, task_id=greet, execution_date=20230118T000000, start_date=20230525T103541, end_date=20230525T103544
[2023-05-25T10:35:44.943+0000] {local_task_job_runner.py:225} INFO - Task exited with return code 0
[2023-05-25T10:35:45.159+0000] {taskinstance.py:2651} INFO - 0 downstream tasks scheduled from follow-on schedule check
