[2023-05-24T15:26:04.658+0000] {taskinstance.py:1103} INFO - Dependencies all met for dep_context=non-requeueable deps ti=<TaskInstance: dag_with_taskflow_api_v02.greet scheduled__2022-10-07T00:00:00+00:00 [queued]>
[2023-05-24T15:26:04.751+0000] {taskinstance.py:1103} INFO - Dependencies all met for dep_context=requeueable deps ti=<TaskInstance: dag_with_taskflow_api_v02.greet scheduled__2022-10-07T00:00:00+00:00 [queued]>
[2023-05-24T15:26:04.751+0000] {taskinstance.py:1308} INFO - Starting attempt 1 of 6
[2023-05-24T15:26:04.981+0000] {taskinstance.py:1327} INFO - Executing <Task(_PythonDecoratedOperator): greet> on 2022-10-07 00:00:00+00:00
[2023-05-24T15:26:05.023+0000] {standard_task_runner.py:57} INFO - Started process 2572 to run task
[2023-05-24T15:26:05.071+0000] {standard_task_runner.py:84} INFO - Running: ['***', 'tasks', 'run', 'dag_with_taskflow_api_v02', 'greet', 'scheduled__2022-10-07T00:00:00+00:00', '--job-id', '1065', '--raw', '--subdir', 'DAGS_FOLDER/first_dag.py', '--cfg-path', '/tmp/tmp332oqwsa']
[2023-05-24T15:26:05.087+0000] {standard_task_runner.py:85} INFO - Job 1065: Subtask greet
[2023-05-24T15:26:05.337+0000] {task_command.py:410} INFO - Running <TaskInstance: dag_with_taskflow_api_v02.greet scheduled__2022-10-07T00:00:00+00:00 [running]> on host 942de29f183d
[2023-05-24T15:26:05.960+0000] {taskinstance.py:1547} INFO - Exporting env vars: AIRFLOW_CTX_DAG_OWNER='Sai' AIRFLOW_CTX_DAG_ID='dag_with_taskflow_api_v02' AIRFLOW_CTX_TASK_ID='greet' AIRFLOW_CTX_EXECUTION_DATE='2022-10-07T00:00:00+00:00' AIRFLOW_CTX_TRY_NUMBER='1' AIRFLOW_CTX_DAG_RUN_ID='scheduled__2022-10-07T00:00:00+00:00'
[2023-05-24T15:26:05.962+0000] {logging_mixin.py:149} INFO - Hello World! My name is Sai Tr and I am 19 years old!
[2023-05-24T15:26:05.962+0000] {python.py:183} INFO - Done. Returned value was: None
[2023-05-24T15:26:05.992+0000] {taskinstance.py:1350} INFO - Marking task as SUCCESS. dag_id=dag_with_taskflow_api_v02, task_id=greet, execution_date=20221007T000000, start_date=20230524T152604, end_date=20230524T152605
[2023-05-24T15:26:06.049+0000] {local_task_job_runner.py:225} INFO - Task exited with return code 0
[2023-05-24T15:26:06.123+0000] {taskinstance.py:2651} INFO - 0 downstream tasks scheduled from follow-on schedule check
[2023-05-25T06:58:32.779+0000] {taskinstance.py:1103} INFO - Dependencies all met for dep_context=non-requeueable deps ti=<TaskInstance: dag_with_taskflow_api_v02.greet scheduled__2022-10-07T00:00:00+00:00 [queued]>
[2023-05-25T06:58:32.882+0000] {taskinstance.py:1103} INFO - Dependencies all met for dep_context=requeueable deps ti=<TaskInstance: dag_with_taskflow_api_v02.greet scheduled__2022-10-07T00:00:00+00:00 [queued]>
[2023-05-25T06:58:32.882+0000] {taskinstance.py:1308} INFO - Starting attempt 1 of 6
[2023-05-25T06:58:33.162+0000] {taskinstance.py:1327} INFO - Executing <Task(_PythonDecoratedOperator): greet> on 2022-10-07 00:00:00+00:00
[2023-05-25T06:58:33.218+0000] {standard_task_runner.py:57} INFO - Started process 4073 to run task
[2023-05-25T06:58:33.265+0000] {standard_task_runner.py:84} INFO - Running: ['***', 'tasks', 'run', 'dag_with_taskflow_api_v02', 'greet', 'scheduled__2022-10-07T00:00:00+00:00', '--job-id', '1055', '--raw', '--subdir', 'DAGS_FOLDER/first_dag.py', '--cfg-path', '/tmp/tmpcd7xarxb']
[2023-05-25T06:58:33.269+0000] {standard_task_runner.py:85} INFO - Job 1055: Subtask greet
[2023-05-25T06:58:33.594+0000] {task_command.py:410} INFO - Running <TaskInstance: dag_with_taskflow_api_v02.greet scheduled__2022-10-07T00:00:00+00:00 [running]> on host 6bd07c7477d9
[2023-05-25T06:58:34.538+0000] {taskinstance.py:1547} INFO - Exporting env vars: AIRFLOW_CTX_DAG_OWNER='Sai' AIRFLOW_CTX_DAG_ID='dag_with_taskflow_api_v02' AIRFLOW_CTX_TASK_ID='greet' AIRFLOW_CTX_EXECUTION_DATE='2022-10-07T00:00:00+00:00' AIRFLOW_CTX_TRY_NUMBER='1' AIRFLOW_CTX_DAG_RUN_ID='scheduled__2022-10-07T00:00:00+00:00'
[2023-05-25T06:58:34.539+0000] {logging_mixin.py:149} INFO - Hello World! My name is Sai Tr and I am 19 years old!
[2023-05-25T06:58:34.540+0000] {python.py:183} INFO - Done. Returned value was: None
[2023-05-25T06:58:34.640+0000] {taskinstance.py:1350} INFO - Marking task as SUCCESS. dag_id=dag_with_taskflow_api_v02, task_id=greet, execution_date=20221007T000000, start_date=20230525T065832, end_date=20230525T065834
[2023-05-25T06:58:34.839+0000] {local_task_job_runner.py:225} INFO - Task exited with return code 0
[2023-05-25T06:58:35.001+0000] {taskinstance.py:2651} INFO - 0 downstream tasks scheduled from follow-on schedule check
[2023-05-25T10:32:12.983+0000] {taskinstance.py:1103} INFO - Dependencies all met for dep_context=non-requeueable deps ti=<TaskInstance: dag_with_taskflow_api_v02.greet scheduled__2022-10-07T00:00:00+00:00 [queued]>
[2023-05-25T10:32:13.066+0000] {taskinstance.py:1103} INFO - Dependencies all met for dep_context=requeueable deps ti=<TaskInstance: dag_with_taskflow_api_v02.greet scheduled__2022-10-07T00:00:00+00:00 [queued]>
[2023-05-25T10:32:13.066+0000] {taskinstance.py:1308} INFO - Starting attempt 1 of 6
[2023-05-25T10:32:13.160+0000] {taskinstance.py:1327} INFO - Executing <Task(_PythonDecoratedOperator): greet> on 2022-10-07 00:00:00+00:00
[2023-05-25T10:32:13.207+0000] {standard_task_runner.py:57} INFO - Started process 3729 to run task
[2023-05-25T10:32:13.247+0000] {standard_task_runner.py:84} INFO - Running: ['***', 'tasks', 'run', 'dag_with_taskflow_api_v02', 'greet', 'scheduled__2022-10-07T00:00:00+00:00', '--job-id', '1078', '--raw', '--subdir', 'DAGS_FOLDER/first_dag.py', '--cfg-path', '/tmp/tmp9aehmzp7']
[2023-05-25T10:32:13.252+0000] {standard_task_runner.py:85} INFO - Job 1078: Subtask greet
[2023-05-25T10:32:13.569+0000] {task_command.py:410} INFO - Running <TaskInstance: dag_with_taskflow_api_v02.greet scheduled__2022-10-07T00:00:00+00:00 [running]> on host b1ae37a9584e
[2023-05-25T10:32:14.289+0000] {taskinstance.py:1547} INFO - Exporting env vars: AIRFLOW_CTX_DAG_OWNER='Sai' AIRFLOW_CTX_DAG_ID='dag_with_taskflow_api_v02' AIRFLOW_CTX_TASK_ID='greet' AIRFLOW_CTX_EXECUTION_DATE='2022-10-07T00:00:00+00:00' AIRFLOW_CTX_TRY_NUMBER='1' AIRFLOW_CTX_DAG_RUN_ID='scheduled__2022-10-07T00:00:00+00:00'
[2023-05-25T10:32:14.290+0000] {logging_mixin.py:149} INFO - Hello World! My name is Sai Tr and I am 19 years old!
[2023-05-25T10:32:14.290+0000] {python.py:183} INFO - Done. Returned value was: None
[2023-05-25T10:32:14.339+0000] {taskinstance.py:1350} INFO - Marking task as SUCCESS. dag_id=dag_with_taskflow_api_v02, task_id=greet, execution_date=20221007T000000, start_date=20230525T103212, end_date=20230525T103214
[2023-05-25T10:32:14.468+0000] {local_task_job_runner.py:225} INFO - Task exited with return code 0
[2023-05-25T10:32:14.557+0000] {taskinstance.py:2651} INFO - 0 downstream tasks scheduled from follow-on schedule check
