[2023-05-24T15:29:00.172+0000] {taskinstance.py:1103} INFO - Dependencies all met for dep_context=non-requeueable deps ti=<TaskInstance: dag_with_taskflow_api_v02.get_age scheduled__2023-01-28T00:00:00+00:00 [queued]>
[2023-05-24T15:29:00.319+0000] {taskinstance.py:1103} INFO - Dependencies all met for dep_context=requeueable deps ti=<TaskInstance: dag_with_taskflow_api_v02.get_age scheduled__2023-01-28T00:00:00+00:00 [queued]>
[2023-05-24T15:29:00.320+0000] {taskinstance.py:1308} INFO - Starting attempt 1 of 6
[2023-05-24T15:29:00.965+0000] {taskinstance.py:1327} INFO - Executing <Task(_PythonDecoratedOperator): get_age> on 2023-01-28 00:00:00+00:00
[2023-05-24T15:29:00.985+0000] {standard_task_runner.py:57} INFO - Started process 3281 to run task
[2023-05-24T15:29:01.036+0000] {standard_task_runner.py:84} INFO - Running: ['***', 'tasks', 'run', 'dag_with_taskflow_api_v02', 'get_age', 'scheduled__2023-01-28T00:00:00+00:00', '--job-id', '1383', '--raw', '--subdir', 'DAGS_FOLDER/first_dag.py', '--cfg-path', '/tmp/tmpo71fvimf']
[2023-05-24T15:29:01.051+0000] {standard_task_runner.py:85} INFO - Job 1383: Subtask get_age
[2023-05-24T15:29:01.378+0000] {task_command.py:410} INFO - Running <TaskInstance: dag_with_taskflow_api_v02.get_age scheduled__2023-01-28T00:00:00+00:00 [running]> on host 942de29f183d
[2023-05-24T15:29:02.723+0000] {taskinstance.py:1547} INFO - Exporting env vars: AIRFLOW_CTX_DAG_OWNER='Sai' AIRFLOW_CTX_DAG_ID='dag_with_taskflow_api_v02' AIRFLOW_CTX_TASK_ID='get_age' AIRFLOW_CTX_EXECUTION_DATE='2023-01-28T00:00:00+00:00' AIRFLOW_CTX_TRY_NUMBER='1' AIRFLOW_CTX_DAG_RUN_ID='scheduled__2023-01-28T00:00:00+00:00'
[2023-05-24T15:29:02.725+0000] {python.py:183} INFO - Done. Returned value was: 19
[2023-05-24T15:29:02.884+0000] {taskinstance.py:1350} INFO - Marking task as SUCCESS. dag_id=dag_with_taskflow_api_v02, task_id=get_age, execution_date=20230128T000000, start_date=20230524T152900, end_date=20230524T152902
[2023-05-24T15:29:03.000+0000] {local_task_job_runner.py:225} INFO - Task exited with return code 0
[2023-05-24T15:29:03.370+0000] {taskinstance.py:2651} INFO - 1 downstream tasks scheduled from follow-on schedule check
[2023-05-25T07:01:29.516+0000] {taskinstance.py:1103} INFO - Dependencies all met for dep_context=non-requeueable deps ti=<TaskInstance: dag_with_taskflow_api_v02.get_age scheduled__2023-01-28T00:00:00+00:00 [queued]>
[2023-05-25T07:01:29.588+0000] {taskinstance.py:1103} INFO - Dependencies all met for dep_context=requeueable deps ti=<TaskInstance: dag_with_taskflow_api_v02.get_age scheduled__2023-01-28T00:00:00+00:00 [queued]>
[2023-05-25T07:01:29.600+0000] {taskinstance.py:1308} INFO - Starting attempt 1 of 6
[2023-05-25T07:01:29.734+0000] {taskinstance.py:1327} INFO - Executing <Task(_PythonDecoratedOperator): get_age> on 2023-01-28 00:00:00+00:00
[2023-05-25T07:01:29.757+0000] {standard_task_runner.py:57} INFO - Started process 4789 to run task
[2023-05-25T07:01:29.804+0000] {standard_task_runner.py:84} INFO - Running: ['***', 'tasks', 'run', 'dag_with_taskflow_api_v02', 'get_age', 'scheduled__2023-01-28T00:00:00+00:00', '--job-id', '1380', '--raw', '--subdir', 'DAGS_FOLDER/first_dag.py', '--cfg-path', '/tmp/tmp12c5hz00']
[2023-05-25T07:01:29.817+0000] {standard_task_runner.py:85} INFO - Job 1380: Subtask get_age
[2023-05-25T07:01:30.085+0000] {task_command.py:410} INFO - Running <TaskInstance: dag_with_taskflow_api_v02.get_age scheduled__2023-01-28T00:00:00+00:00 [running]> on host 6bd07c7477d9
[2023-05-25T07:01:30.779+0000] {taskinstance.py:1547} INFO - Exporting env vars: AIRFLOW_CTX_DAG_OWNER='Sai' AIRFLOW_CTX_DAG_ID='dag_with_taskflow_api_v02' AIRFLOW_CTX_TASK_ID='get_age' AIRFLOW_CTX_EXECUTION_DATE='2023-01-28T00:00:00+00:00' AIRFLOW_CTX_TRY_NUMBER='1' AIRFLOW_CTX_DAG_RUN_ID='scheduled__2023-01-28T00:00:00+00:00'
[2023-05-25T07:01:30.780+0000] {python.py:183} INFO - Done. Returned value was: 19
[2023-05-25T07:01:30.877+0000] {taskinstance.py:1350} INFO - Marking task as SUCCESS. dag_id=dag_with_taskflow_api_v02, task_id=get_age, execution_date=20230128T000000, start_date=20230525T070129, end_date=20230525T070130
[2023-05-25T07:01:31.350+0000] {local_task_job_runner.py:225} INFO - Task exited with return code 0
[2023-05-25T07:01:31.460+0000] {taskinstance.py:2651} INFO - 1 downstream tasks scheduled from follow-on schedule check
[2023-05-25T10:35:43.191+0000] {taskinstance.py:1103} INFO - Dependencies all met for dep_context=non-requeueable deps ti=<TaskInstance: dag_with_taskflow_api_v02.get_age scheduled__2023-01-28T00:00:00+00:00 [queued]>
[2023-05-25T10:35:43.319+0000] {taskinstance.py:1103} INFO - Dependencies all met for dep_context=requeueable deps ti=<TaskInstance: dag_with_taskflow_api_v02.get_age scheduled__2023-01-28T00:00:00+00:00 [queued]>
[2023-05-25T10:35:43.319+0000] {taskinstance.py:1308} INFO - Starting attempt 1 of 6
[2023-05-25T10:35:43.542+0000] {taskinstance.py:1327} INFO - Executing <Task(_PythonDecoratedOperator): get_age> on 2023-01-28 00:00:00+00:00
[2023-05-25T10:35:43.572+0000] {standard_task_runner.py:57} INFO - Started process 4426 to run task
[2023-05-25T10:35:43.579+0000] {standard_task_runner.py:84} INFO - Running: ['***', 'tasks', 'run', 'dag_with_taskflow_api_v02', 'get_age', 'scheduled__2023-01-28T00:00:00+00:00', '--job-id', '1388', '--raw', '--subdir', 'DAGS_FOLDER/first_dag.py', '--cfg-path', '/tmp/tmpbjy0dutc']
[2023-05-25T10:35:43.582+0000] {standard_task_runner.py:85} INFO - Job 1388: Subtask get_age
[2023-05-25T10:35:43.701+0000] {task_command.py:410} INFO - Running <TaskInstance: dag_with_taskflow_api_v02.get_age scheduled__2023-01-28T00:00:00+00:00 [running]> on host b1ae37a9584e
[2023-05-25T10:35:44.211+0000] {taskinstance.py:1547} INFO - Exporting env vars: AIRFLOW_CTX_DAG_OWNER='Sai' AIRFLOW_CTX_DAG_ID='dag_with_taskflow_api_v02' AIRFLOW_CTX_TASK_ID='get_age' AIRFLOW_CTX_EXECUTION_DATE='2023-01-28T00:00:00+00:00' AIRFLOW_CTX_TRY_NUMBER='1' AIRFLOW_CTX_DAG_RUN_ID='scheduled__2023-01-28T00:00:00+00:00'
[2023-05-25T10:35:44.212+0000] {python.py:183} INFO - Done. Returned value was: 19
[2023-05-25T10:35:44.344+0000] {taskinstance.py:1350} INFO - Marking task as SUCCESS. dag_id=dag_with_taskflow_api_v02, task_id=get_age, execution_date=20230128T000000, start_date=20230525T103543, end_date=20230525T103544
[2023-05-25T10:35:44.439+0000] {local_task_job_runner.py:225} INFO - Task exited with return code 0
[2023-05-25T10:35:44.864+0000] {taskinstance.py:2651} INFO - 0 downstream tasks scheduled from follow-on schedule check
