[2023-05-24T15:30:55.364+0000] {taskinstance.py:1103} INFO - Dependencies all met for dep_context=non-requeueable deps ti=<TaskInstance: dag_with_taskflow_api_v02.get_age scheduled__2023-04-11T00:00:00+00:00 [queued]>
[2023-05-24T15:30:55.460+0000] {taskinstance.py:1103} INFO - Dependencies all met for dep_context=requeueable deps ti=<TaskInstance: dag_with_taskflow_api_v02.get_age scheduled__2023-04-11T00:00:00+00:00 [queued]>
[2023-05-24T15:30:55.466+0000] {taskinstance.py:1308} INFO - Starting attempt 1 of 6
[2023-05-24T15:30:55.967+0000] {taskinstance.py:1327} INFO - Executing <Task(_PythonDecoratedOperator): get_age> on 2023-04-11 00:00:00+00:00
[2023-05-24T15:30:56.024+0000] {standard_task_runner.py:84} INFO - Running: ['***', 'tasks', 'run', 'dag_with_taskflow_api_v02', 'get_age', 'scheduled__2023-04-11T00:00:00+00:00', '--job-id', '1597', '--raw', '--subdir', 'DAGS_FOLDER/first_dag.py', '--cfg-path', '/tmp/tmpwf8m4tf8']
[2023-05-24T15:30:56.028+0000] {standard_task_runner.py:85} INFO - Job 1597: Subtask get_age
[2023-05-24T15:30:56.009+0000] {standard_task_runner.py:57} INFO - Started process 3750 to run task
[2023-05-24T15:30:56.260+0000] {task_command.py:410} INFO - Running <TaskInstance: dag_with_taskflow_api_v02.get_age scheduled__2023-04-11T00:00:00+00:00 [running]> on host 942de29f183d
[2023-05-24T15:30:56.862+0000] {taskinstance.py:1547} INFO - Exporting env vars: AIRFLOW_CTX_DAG_OWNER='Sai' AIRFLOW_CTX_DAG_ID='dag_with_taskflow_api_v02' AIRFLOW_CTX_TASK_ID='get_age' AIRFLOW_CTX_EXECUTION_DATE='2023-04-11T00:00:00+00:00' AIRFLOW_CTX_TRY_NUMBER='1' AIRFLOW_CTX_DAG_RUN_ID='scheduled__2023-04-11T00:00:00+00:00'
[2023-05-24T15:30:56.864+0000] {python.py:183} INFO - Done. Returned value was: 19
[2023-05-24T15:30:56.948+0000] {taskinstance.py:1350} INFO - Marking task as SUCCESS. dag_id=dag_with_taskflow_api_v02, task_id=get_age, execution_date=20230411T000000, start_date=20230524T153055, end_date=20230524T153056
[2023-05-24T15:30:57.052+0000] {local_task_job_runner.py:225} INFO - Task exited with return code 0
[2023-05-24T15:30:57.177+0000] {taskinstance.py:2651} INFO - 1 downstream tasks scheduled from follow-on schedule check
[2023-05-25T07:03:26.127+0000] {taskinstance.py:1103} INFO - Dependencies all met for dep_context=non-requeueable deps ti=<TaskInstance: dag_with_taskflow_api_v02.get_age scheduled__2023-04-11T00:00:00+00:00 [queued]>
[2023-05-25T07:03:26.191+0000] {taskinstance.py:1103} INFO - Dependencies all met for dep_context=requeueable deps ti=<TaskInstance: dag_with_taskflow_api_v02.get_age scheduled__2023-04-11T00:00:00+00:00 [queued]>
[2023-05-25T07:03:26.193+0000] {taskinstance.py:1308} INFO - Starting attempt 1 of 6
[2023-05-25T07:03:26.400+0000] {taskinstance.py:1327} INFO - Executing <Task(_PythonDecoratedOperator): get_age> on 2023-04-11 00:00:00+00:00
[2023-05-25T07:03:26.455+0000] {standard_task_runner.py:57} INFO - Started process 5264 to run task
[2023-05-25T07:03:26.501+0000] {standard_task_runner.py:84} INFO - Running: ['***', 'tasks', 'run', 'dag_with_taskflow_api_v02', 'get_age', 'scheduled__2023-04-11T00:00:00+00:00', '--job-id', '1593', '--raw', '--subdir', 'DAGS_FOLDER/first_dag.py', '--cfg-path', '/tmp/tmpvum1_ye0']
[2023-05-25T07:03:26.530+0000] {standard_task_runner.py:85} INFO - Job 1593: Subtask get_age
[2023-05-25T07:03:26.809+0000] {task_command.py:410} INFO - Running <TaskInstance: dag_with_taskflow_api_v02.get_age scheduled__2023-04-11T00:00:00+00:00 [running]> on host 6bd07c7477d9
[2023-05-25T07:03:27.482+0000] {taskinstance.py:1547} INFO - Exporting env vars: AIRFLOW_CTX_DAG_OWNER='Sai' AIRFLOW_CTX_DAG_ID='dag_with_taskflow_api_v02' AIRFLOW_CTX_TASK_ID='get_age' AIRFLOW_CTX_EXECUTION_DATE='2023-04-11T00:00:00+00:00' AIRFLOW_CTX_TRY_NUMBER='1' AIRFLOW_CTX_DAG_RUN_ID='scheduled__2023-04-11T00:00:00+00:00'
[2023-05-25T07:03:27.484+0000] {python.py:183} INFO - Done. Returned value was: 19
[2023-05-25T07:03:27.593+0000] {taskinstance.py:1350} INFO - Marking task as SUCCESS. dag_id=dag_with_taskflow_api_v02, task_id=get_age, execution_date=20230411T000000, start_date=20230525T070326, end_date=20230525T070327
[2023-05-25T07:03:27.717+0000] {local_task_job_runner.py:225} INFO - Task exited with return code 0
[2023-05-25T07:03:28.078+0000] {taskinstance.py:2651} INFO - 1 downstream tasks scheduled from follow-on schedule check
[2023-05-25T10:38:02.477+0000] {taskinstance.py:1103} INFO - Dependencies all met for dep_context=non-requeueable deps ti=<TaskInstance: dag_with_taskflow_api_v02.get_age scheduled__2023-04-11T00:00:00+00:00 [queued]>
[2023-05-25T10:38:02.696+0000] {taskinstance.py:1103} INFO - Dependencies all met for dep_context=requeueable deps ti=<TaskInstance: dag_with_taskflow_api_v02.get_age scheduled__2023-04-11T00:00:00+00:00 [queued]>
[2023-05-25T10:38:02.697+0000] {taskinstance.py:1308} INFO - Starting attempt 1 of 6
[2023-05-25T10:38:02.891+0000] {taskinstance.py:1327} INFO - Executing <Task(_PythonDecoratedOperator): get_age> on 2023-04-11 00:00:00+00:00
[2023-05-25T10:38:02.919+0000] {standard_task_runner.py:57} INFO - Started process 4929 to run task
[2023-05-25T10:38:02.917+0000] {standard_task_runner.py:84} INFO - Running: ['***', 'tasks', 'run', 'dag_with_taskflow_api_v02', 'get_age', 'scheduled__2023-04-11T00:00:00+00:00', '--job-id', '1611', '--raw', '--subdir', 'DAGS_FOLDER/first_dag.py', '--cfg-path', '/tmp/tmpkysy4h08']
[2023-05-25T10:38:02.928+0000] {standard_task_runner.py:85} INFO - Job 1611: Subtask get_age
[2023-05-25T10:38:03.396+0000] {task_command.py:410} INFO - Running <TaskInstance: dag_with_taskflow_api_v02.get_age scheduled__2023-04-11T00:00:00+00:00 [running]> on host b1ae37a9584e
[2023-05-25T10:38:05.041+0000] {taskinstance.py:1547} INFO - Exporting env vars: AIRFLOW_CTX_DAG_OWNER='Sai' AIRFLOW_CTX_DAG_ID='dag_with_taskflow_api_v02' AIRFLOW_CTX_TASK_ID='get_age' AIRFLOW_CTX_EXECUTION_DATE='2023-04-11T00:00:00+00:00' AIRFLOW_CTX_TRY_NUMBER='1' AIRFLOW_CTX_DAG_RUN_ID='scheduled__2023-04-11T00:00:00+00:00'
[2023-05-25T10:38:05.046+0000] {python.py:183} INFO - Done. Returned value was: 19
[2023-05-25T10:38:05.256+0000] {taskinstance.py:1350} INFO - Marking task as SUCCESS. dag_id=dag_with_taskflow_api_v02, task_id=get_age, execution_date=20230411T000000, start_date=20230525T103802, end_date=20230525T103805
[2023-05-25T10:38:05.370+0000] {local_task_job_runner.py:225} INFO - Task exited with return code 0
[2023-05-25T10:38:06.074+0000] {taskinstance.py:2651} INFO - 0 downstream tasks scheduled from follow-on schedule check
