[2023-05-24T15:16:39.592+0000] {taskinstance.py:1103} INFO - Dependencies all met for dep_context=non-requeueable deps ti=<TaskInstance: dag_with_taskflow_api_v02.get_name scheduled__2021-12-15T00:00:00+00:00 [queued]>
[2023-05-24T15:16:39.654+0000] {taskinstance.py:1103} INFO - Dependencies all met for dep_context=requeueable deps ti=<TaskInstance: dag_with_taskflow_api_v02.get_name scheduled__2021-12-15T00:00:00+00:00 [queued]>
[2023-05-24T15:16:39.655+0000] {taskinstance.py:1308} INFO - Starting attempt 1 of 6
[2023-05-24T15:16:40.261+0000] {taskinstance.py:1327} INFO - Executing <Task(_PythonDecoratedOperator): get_name> on 2021-12-15 00:00:00+00:00
[2023-05-24T15:16:40.294+0000] {standard_task_runner.py:57} INFO - Started process 531 to run task
[2023-05-24T15:16:40.323+0000] {standard_task_runner.py:84} INFO - Running: ['***', 'tasks', 'run', 'dag_with_taskflow_api_v02', 'get_name', 'scheduled__2021-12-15T00:00:00+00:00', '--job-id', '151', '--raw', '--subdir', 'DAGS_FOLDER/first_dag.py', '--cfg-path', '/tmp/tmpjant717j']
[2023-05-24T15:16:40.331+0000] {standard_task_runner.py:85} INFO - Job 151: Subtask get_name
[2023-05-24T15:16:40.735+0000] {task_command.py:410} INFO - Running <TaskInstance: dag_with_taskflow_api_v02.get_name scheduled__2021-12-15T00:00:00+00:00 [running]> on host 942de29f183d
[2023-05-24T15:16:41.497+0000] {taskinstance.py:1547} INFO - Exporting env vars: AIRFLOW_CTX_DAG_OWNER='Sai' AIRFLOW_CTX_DAG_ID='dag_with_taskflow_api_v02' AIRFLOW_CTX_TASK_ID='get_name' AIRFLOW_CTX_EXECUTION_DATE='2021-12-15T00:00:00+00:00' AIRFLOW_CTX_TRY_NUMBER='1' AIRFLOW_CTX_DAG_RUN_ID='scheduled__2021-12-15T00:00:00+00:00'
[2023-05-24T15:16:41.498+0000] {python.py:183} INFO - Done. Returned value was: {'first_name': 'Sai', 'last_name': 'Tr'}
[2023-05-24T15:16:41.792+0000] {taskinstance.py:1350} INFO - Marking task as SUCCESS. dag_id=dag_with_taskflow_api_v02, task_id=get_name, execution_date=20211215T000000, start_date=20230524T151639, end_date=20230524T151641
[2023-05-24T15:16:41.963+0000] {local_task_job_runner.py:225} INFO - Task exited with return code 0
[2023-05-24T15:16:42.186+0000] {taskinstance.py:2651} INFO - 1 downstream tasks scheduled from follow-on schedule check
[2023-05-25T06:50:20.751+0000] {taskinstance.py:1103} INFO - Dependencies all met for dep_context=non-requeueable deps ti=<TaskInstance: dag_with_taskflow_api_v02.get_name scheduled__2021-12-15T00:00:00+00:00 [queued]>
[2023-05-25T06:50:20.810+0000] {taskinstance.py:1103} INFO - Dependencies all met for dep_context=requeueable deps ti=<TaskInstance: dag_with_taskflow_api_v02.get_name scheduled__2021-12-15T00:00:00+00:00 [queued]>
[2023-05-25T06:50:20.813+0000] {taskinstance.py:1308} INFO - Starting attempt 1 of 6
[2023-05-25T06:50:21.052+0000] {taskinstance.py:1327} INFO - Executing <Task(_PythonDecoratedOperator): get_name> on 2021-12-15 00:00:00+00:00
[2023-05-25T06:50:21.090+0000] {standard_task_runner.py:57} INFO - Started process 2067 to run task
[2023-05-25T06:50:21.116+0000] {standard_task_runner.py:84} INFO - Running: ['***', 'tasks', 'run', 'dag_with_taskflow_api_v02', 'get_name', 'scheduled__2021-12-15T00:00:00+00:00', '--job-id', '149', '--raw', '--subdir', 'DAGS_FOLDER/first_dag.py', '--cfg-path', '/tmp/tmpoqn0yfsn']
[2023-05-25T06:50:21.157+0000] {standard_task_runner.py:85} INFO - Job 149: Subtask get_name
[2023-05-25T06:50:21.513+0000] {task_command.py:410} INFO - Running <TaskInstance: dag_with_taskflow_api_v02.get_name scheduled__2021-12-15T00:00:00+00:00 [running]> on host 6bd07c7477d9
[2023-05-25T06:50:22.142+0000] {taskinstance.py:1547} INFO - Exporting env vars: AIRFLOW_CTX_DAG_OWNER='Sai' AIRFLOW_CTX_DAG_ID='dag_with_taskflow_api_v02' AIRFLOW_CTX_TASK_ID='get_name' AIRFLOW_CTX_EXECUTION_DATE='2021-12-15T00:00:00+00:00' AIRFLOW_CTX_TRY_NUMBER='1' AIRFLOW_CTX_DAG_RUN_ID='scheduled__2021-12-15T00:00:00+00:00'
[2023-05-25T06:50:22.144+0000] {python.py:183} INFO - Done. Returned value was: {'first_name': 'Sai', 'last_name': 'Tr'}
[2023-05-25T06:50:22.284+0000] {taskinstance.py:1350} INFO - Marking task as SUCCESS. dag_id=dag_with_taskflow_api_v02, task_id=get_name, execution_date=20211215T000000, start_date=20230525T065020, end_date=20230525T065022
[2023-05-25T06:50:22.389+0000] {local_task_job_runner.py:225} INFO - Task exited with return code 0
[2023-05-25T06:50:22.628+0000] {taskinstance.py:2651} INFO - 0 downstream tasks scheduled from follow-on schedule check
[2023-05-25T10:20:37.404+0000] {taskinstance.py:1103} INFO - Dependencies all met for dep_context=non-requeueable deps ti=<TaskInstance: dag_with_taskflow_api_v02.get_name scheduled__2021-12-15T00:00:00+00:00 [queued]>
[2023-05-25T10:20:37.457+0000] {taskinstance.py:1103} INFO - Dependencies all met for dep_context=requeueable deps ti=<TaskInstance: dag_with_taskflow_api_v02.get_name scheduled__2021-12-15T00:00:00+00:00 [queued]>
[2023-05-25T10:20:37.457+0000] {taskinstance.py:1308} INFO - Starting attempt 1 of 6
[2023-05-25T10:20:37.887+0000] {taskinstance.py:1327} INFO - Executing <Task(_PythonDecoratedOperator): get_name> on 2021-12-15 00:00:00+00:00
[2023-05-25T10:20:37.897+0000] {standard_task_runner.py:57} INFO - Started process 1598 to run task
[2023-05-25T10:20:37.928+0000] {standard_task_runner.py:84} INFO - Running: ['***', 'tasks', 'run', 'dag_with_taskflow_api_v02', 'get_name', 'scheduled__2021-12-15T00:00:00+00:00', '--job-id', '147', '--raw', '--subdir', 'DAGS_FOLDER/first_dag.py', '--cfg-path', '/tmp/tmpdaojrp7p']
[2023-05-25T10:20:37.932+0000] {standard_task_runner.py:85} INFO - Job 147: Subtask get_name
[2023-05-25T10:20:38.160+0000] {task_command.py:410} INFO - Running <TaskInstance: dag_with_taskflow_api_v02.get_name scheduled__2021-12-15T00:00:00+00:00 [running]> on host b1ae37a9584e
[2023-05-25T10:20:39.068+0000] {taskinstance.py:1547} INFO - Exporting env vars: AIRFLOW_CTX_DAG_OWNER='Sai' AIRFLOW_CTX_DAG_ID='dag_with_taskflow_api_v02' AIRFLOW_CTX_TASK_ID='get_name' AIRFLOW_CTX_EXECUTION_DATE='2021-12-15T00:00:00+00:00' AIRFLOW_CTX_TRY_NUMBER='1' AIRFLOW_CTX_DAG_RUN_ID='scheduled__2021-12-15T00:00:00+00:00'
[2023-05-25T10:20:39.069+0000] {python.py:183} INFO - Done. Returned value was: {'first_name': 'Sai', 'last_name': 'Tr'}
[2023-05-25T10:20:39.249+0000] {taskinstance.py:1350} INFO - Marking task as SUCCESS. dag_id=dag_with_taskflow_api_v02, task_id=get_name, execution_date=20211215T000000, start_date=20230525T102037, end_date=20230525T102039
[2023-05-25T10:20:39.333+0000] {local_task_job_runner.py:225} INFO - Task exited with return code 0
[2023-05-25T10:20:39.551+0000] {taskinstance.py:2651} INFO - 0 downstream tasks scheduled from follow-on schedule check
