[2023-05-24T15:22:28.936+0000] {taskinstance.py:1103} INFO - Dependencies all met for dep_context=non-requeueable deps ti=<TaskInstance: dag_with_taskflow_api_v02.get_name scheduled__2022-06-10T00:00:00+00:00 [queued]>
[2023-05-24T15:22:29.050+0000] {taskinstance.py:1103} INFO - Dependencies all met for dep_context=requeueable deps ti=<TaskInstance: dag_with_taskflow_api_v02.get_name scheduled__2022-06-10T00:00:00+00:00 [queued]>
[2023-05-24T15:22:29.051+0000] {taskinstance.py:1308} INFO - Starting attempt 1 of 6
[2023-05-24T15:22:29.489+0000] {taskinstance.py:1327} INFO - Executing <Task(_PythonDecoratedOperator): get_name> on 2022-06-10 00:00:00+00:00
[2023-05-24T15:22:29.500+0000] {standard_task_runner.py:57} INFO - Started process 1738 to run task
[2023-05-24T15:22:29.538+0000] {standard_task_runner.py:84} INFO - Running: ['***', 'tasks', 'run', 'dag_with_taskflow_api_v02', 'get_name', 'scheduled__2022-06-10T00:00:00+00:00', '--job-id', '687', '--raw', '--subdir', 'DAGS_FOLDER/first_dag.py', '--cfg-path', '/tmp/tmp9zmwusp6']
[2023-05-24T15:22:29.571+0000] {standard_task_runner.py:85} INFO - Job 687: Subtask get_name
[2023-05-24T15:22:30.117+0000] {task_command.py:410} INFO - Running <TaskInstance: dag_with_taskflow_api_v02.get_name scheduled__2022-06-10T00:00:00+00:00 [running]> on host 942de29f183d
[2023-05-24T15:22:31.279+0000] {taskinstance.py:1547} INFO - Exporting env vars: AIRFLOW_CTX_DAG_OWNER='Sai' AIRFLOW_CTX_DAG_ID='dag_with_taskflow_api_v02' AIRFLOW_CTX_TASK_ID='get_name' AIRFLOW_CTX_EXECUTION_DATE='2022-06-10T00:00:00+00:00' AIRFLOW_CTX_TRY_NUMBER='1' AIRFLOW_CTX_DAG_RUN_ID='scheduled__2022-06-10T00:00:00+00:00'
[2023-05-24T15:22:31.280+0000] {python.py:183} INFO - Done. Returned value was: {'first_name': 'Sai', 'last_name': 'Tr'}
[2023-05-24T15:22:31.640+0000] {taskinstance.py:1350} INFO - Marking task as SUCCESS. dag_id=dag_with_taskflow_api_v02, task_id=get_name, execution_date=20220610T000000, start_date=20230524T152228, end_date=20230524T152231
[2023-05-24T15:22:31.729+0000] {local_task_job_runner.py:225} INFO - Task exited with return code 0
[2023-05-24T15:22:31.901+0000] {taskinstance.py:2651} INFO - 1 downstream tasks scheduled from follow-on schedule check
[2023-05-25T06:55:06.189+0000] {taskinstance.py:1103} INFO - Dependencies all met for dep_context=non-requeueable deps ti=<TaskInstance: dag_with_taskflow_api_v02.get_name scheduled__2022-06-10T00:00:00+00:00 [queued]>
[2023-05-25T06:55:06.282+0000] {taskinstance.py:1103} INFO - Dependencies all met for dep_context=requeueable deps ti=<TaskInstance: dag_with_taskflow_api_v02.get_name scheduled__2022-06-10T00:00:00+00:00 [queued]>
[2023-05-25T06:55:06.283+0000] {taskinstance.py:1308} INFO - Starting attempt 1 of 6
[2023-05-25T06:55:06.421+0000] {taskinstance.py:1327} INFO - Executing <Task(_PythonDecoratedOperator): get_name> on 2022-06-10 00:00:00+00:00
[2023-05-25T06:55:06.440+0000] {standard_task_runner.py:57} INFO - Started process 3236 to run task
[2023-05-25T06:55:06.477+0000] {standard_task_runner.py:84} INFO - Running: ['***', 'tasks', 'run', 'dag_with_taskflow_api_v02', 'get_name', 'scheduled__2022-06-10T00:00:00+00:00', '--job-id', '678', '--raw', '--subdir', 'DAGS_FOLDER/first_dag.py', '--cfg-path', '/tmp/tmpfoooppz3']
[2023-05-25T06:55:06.500+0000] {standard_task_runner.py:85} INFO - Job 678: Subtask get_name
[2023-05-25T06:55:06.733+0000] {task_command.py:410} INFO - Running <TaskInstance: dag_with_taskflow_api_v02.get_name scheduled__2022-06-10T00:00:00+00:00 [running]> on host 6bd07c7477d9
[2023-05-25T06:55:07.429+0000] {taskinstance.py:1547} INFO - Exporting env vars: AIRFLOW_CTX_DAG_OWNER='Sai' AIRFLOW_CTX_DAG_ID='dag_with_taskflow_api_v02' AIRFLOW_CTX_TASK_ID='get_name' AIRFLOW_CTX_EXECUTION_DATE='2022-06-10T00:00:00+00:00' AIRFLOW_CTX_TRY_NUMBER='1' AIRFLOW_CTX_DAG_RUN_ID='scheduled__2022-06-10T00:00:00+00:00'
[2023-05-25T06:55:07.430+0000] {python.py:183} INFO - Done. Returned value was: {'first_name': 'Sai', 'last_name': 'Tr'}
[2023-05-25T06:55:07.690+0000] {taskinstance.py:1350} INFO - Marking task as SUCCESS. dag_id=dag_with_taskflow_api_v02, task_id=get_name, execution_date=20220610T000000, start_date=20230525T065506, end_date=20230525T065507
[2023-05-25T06:55:08.059+0000] {local_task_job_runner.py:225} INFO - Task exited with return code 0
[2023-05-25T06:55:08.332+0000] {taskinstance.py:2651} INFO - 1 downstream tasks scheduled from follow-on schedule check
[2023-05-25T10:26:36.010+0000] {taskinstance.py:1103} INFO - Dependencies all met for dep_context=non-requeueable deps ti=<TaskInstance: dag_with_taskflow_api_v02.get_name scheduled__2022-06-10T00:00:00+00:00 [queued]>
[2023-05-25T10:26:36.062+0000] {taskinstance.py:1103} INFO - Dependencies all met for dep_context=requeueable deps ti=<TaskInstance: dag_with_taskflow_api_v02.get_name scheduled__2022-06-10T00:00:00+00:00 [queued]>
[2023-05-25T10:26:36.062+0000] {taskinstance.py:1308} INFO - Starting attempt 1 of 6
[2023-05-25T10:26:36.304+0000] {taskinstance.py:1327} INFO - Executing <Task(_PythonDecoratedOperator): get_name> on 2022-06-10 00:00:00+00:00
[2023-05-25T10:26:36.310+0000] {standard_task_runner.py:57} INFO - Started process 2832 to run task
[2023-05-25T10:26:36.328+0000] {standard_task_runner.py:84} INFO - Running: ['***', 'tasks', 'run', 'dag_with_taskflow_api_v02', 'get_name', 'scheduled__2022-06-10T00:00:00+00:00', '--job-id', '692', '--raw', '--subdir', 'DAGS_FOLDER/first_dag.py', '--cfg-path', '/tmp/tmppxvo1i75']
[2023-05-25T10:26:36.363+0000] {standard_task_runner.py:85} INFO - Job 692: Subtask get_name
[2023-05-25T10:26:36.756+0000] {task_command.py:410} INFO - Running <TaskInstance: dag_with_taskflow_api_v02.get_name scheduled__2022-06-10T00:00:00+00:00 [running]> on host b1ae37a9584e
[2023-05-25T10:26:37.733+0000] {taskinstance.py:1547} INFO - Exporting env vars: AIRFLOW_CTX_DAG_OWNER='Sai' AIRFLOW_CTX_DAG_ID='dag_with_taskflow_api_v02' AIRFLOW_CTX_TASK_ID='get_name' AIRFLOW_CTX_EXECUTION_DATE='2022-06-10T00:00:00+00:00' AIRFLOW_CTX_TRY_NUMBER='1' AIRFLOW_CTX_DAG_RUN_ID='scheduled__2022-06-10T00:00:00+00:00'
[2023-05-25T10:26:37.735+0000] {python.py:183} INFO - Done. Returned value was: {'first_name': 'Sai', 'last_name': 'Tr'}
[2023-05-25T10:26:38.068+0000] {taskinstance.py:1350} INFO - Marking task as SUCCESS. dag_id=dag_with_taskflow_api_v02, task_id=get_name, execution_date=20220610T000000, start_date=20230525T102636, end_date=20230525T102638
[2023-05-25T10:26:38.255+0000] {local_task_job_runner.py:225} INFO - Task exited with return code 0
[2023-05-25T10:26:38.446+0000] {taskinstance.py:2651} INFO - 0 downstream tasks scheduled from follow-on schedule check
