[2023-05-24T15:27:19.630+0000] {taskinstance.py:1103} INFO - Dependencies all met for dep_context=non-requeueable deps ti=<TaskInstance: dag_with_taskflow_api_v02.get_name scheduled__2022-12-03T00:00:00+00:00 [queued]>
[2023-05-24T15:27:19.649+0000] {taskinstance.py:1103} INFO - Dependencies all met for dep_context=requeueable deps ti=<TaskInstance: dag_with_taskflow_api_v02.get_name scheduled__2022-12-03T00:00:00+00:00 [queued]>
[2023-05-24T15:27:19.649+0000] {taskinstance.py:1308} INFO - Starting attempt 1 of 6
[2023-05-24T15:27:19.978+0000] {taskinstance.py:1327} INFO - Executing <Task(_PythonDecoratedOperator): get_name> on 2022-12-03 00:00:00+00:00
[2023-05-24T15:27:20.003+0000] {standard_task_runner.py:57} INFO - Started process 2886 to run task
[2023-05-24T15:27:20.043+0000] {standard_task_runner.py:84} INFO - Running: ['***', 'tasks', 'run', 'dag_with_taskflow_api_v02', 'get_name', 'scheduled__2022-12-03T00:00:00+00:00', '--job-id', '1207', '--raw', '--subdir', 'DAGS_FOLDER/first_dag.py', '--cfg-path', '/tmp/tmpigoed_id']
[2023-05-24T15:27:20.059+0000] {standard_task_runner.py:85} INFO - Job 1207: Subtask get_name
[2023-05-24T15:27:20.442+0000] {task_command.py:410} INFO - Running <TaskInstance: dag_with_taskflow_api_v02.get_name scheduled__2022-12-03T00:00:00+00:00 [running]> on host 942de29f183d
[2023-05-24T15:27:21.767+0000] {taskinstance.py:1547} INFO - Exporting env vars: AIRFLOW_CTX_DAG_OWNER='Sai' AIRFLOW_CTX_DAG_ID='dag_with_taskflow_api_v02' AIRFLOW_CTX_TASK_ID='get_name' AIRFLOW_CTX_EXECUTION_DATE='2022-12-03T00:00:00+00:00' AIRFLOW_CTX_TRY_NUMBER='1' AIRFLOW_CTX_DAG_RUN_ID='scheduled__2022-12-03T00:00:00+00:00'
[2023-05-24T15:27:21.768+0000] {python.py:183} INFO - Done. Returned value was: {'first_name': 'Sai', 'last_name': 'Tr'}
[2023-05-24T15:27:21.932+0000] {taskinstance.py:1350} INFO - Marking task as SUCCESS. dag_id=dag_with_taskflow_api_v02, task_id=get_name, execution_date=20221203T000000, start_date=20230524T152719, end_date=20230524T152721
[2023-05-24T15:27:22.057+0000] {local_task_job_runner.py:225} INFO - Task exited with return code 0
[2023-05-24T15:27:22.228+0000] {taskinstance.py:2651} INFO - 1 downstream tasks scheduled from follow-on schedule check
[2023-05-25T07:00:02.128+0000] {taskinstance.py:1103} INFO - Dependencies all met for dep_context=non-requeueable deps ti=<TaskInstance: dag_with_taskflow_api_v02.get_name scheduled__2022-12-03T00:00:00+00:00 [queued]>
[2023-05-25T07:00:02.173+0000] {taskinstance.py:1103} INFO - Dependencies all met for dep_context=requeueable deps ti=<TaskInstance: dag_with_taskflow_api_v02.get_name scheduled__2022-12-03T00:00:00+00:00 [queued]>
[2023-05-25T07:00:02.174+0000] {taskinstance.py:1308} INFO - Starting attempt 1 of 6
[2023-05-25T07:00:02.254+0000] {taskinstance.py:1327} INFO - Executing <Task(_PythonDecoratedOperator): get_name> on 2022-12-03 00:00:00+00:00
[2023-05-25T07:00:02.261+0000] {standard_task_runner.py:57} INFO - Started process 4427 to run task
[2023-05-25T07:00:02.283+0000] {standard_task_runner.py:84} INFO - Running: ['***', 'tasks', 'run', 'dag_with_taskflow_api_v02', 'get_name', 'scheduled__2022-12-03T00:00:00+00:00', '--job-id', '1215', '--raw', '--subdir', 'DAGS_FOLDER/first_dag.py', '--cfg-path', '/tmp/tmpabvb24sl']
[2023-05-25T07:00:02.307+0000] {standard_task_runner.py:85} INFO - Job 1215: Subtask get_name
[2023-05-25T07:00:02.682+0000] {task_command.py:410} INFO - Running <TaskInstance: dag_with_taskflow_api_v02.get_name scheduled__2022-12-03T00:00:00+00:00 [running]> on host 6bd07c7477d9
[2023-05-25T07:00:03.508+0000] {taskinstance.py:1547} INFO - Exporting env vars: AIRFLOW_CTX_DAG_OWNER='Sai' AIRFLOW_CTX_DAG_ID='dag_with_taskflow_api_v02' AIRFLOW_CTX_TASK_ID='get_name' AIRFLOW_CTX_EXECUTION_DATE='2022-12-03T00:00:00+00:00' AIRFLOW_CTX_TRY_NUMBER='1' AIRFLOW_CTX_DAG_RUN_ID='scheduled__2022-12-03T00:00:00+00:00'
[2023-05-25T07:00:03.510+0000] {python.py:183} INFO - Done. Returned value was: {'first_name': 'Sai', 'last_name': 'Tr'}
[2023-05-25T07:00:03.734+0000] {taskinstance.py:1350} INFO - Marking task as SUCCESS. dag_id=dag_with_taskflow_api_v02, task_id=get_name, execution_date=20221203T000000, start_date=20230525T070002, end_date=20230525T070003
[2023-05-25T07:00:04.298+0000] {local_task_job_runner.py:225} INFO - Task exited with return code 0
[2023-05-25T07:00:04.638+0000] {taskinstance.py:2651} INFO - 0 downstream tasks scheduled from follow-on schedule check
[2023-05-25T10:33:46.957+0000] {taskinstance.py:1103} INFO - Dependencies all met for dep_context=non-requeueable deps ti=<TaskInstance: dag_with_taskflow_api_v02.get_name scheduled__2022-12-03T00:00:00+00:00 [queued]>
[2023-05-25T10:33:47.024+0000] {taskinstance.py:1103} INFO - Dependencies all met for dep_context=requeueable deps ti=<TaskInstance: dag_with_taskflow_api_v02.get_name scheduled__2022-12-03T00:00:00+00:00 [queued]>
[2023-05-25T10:33:47.028+0000] {taskinstance.py:1308} INFO - Starting attempt 1 of 6
[2023-05-25T10:33:47.174+0000] {taskinstance.py:1327} INFO - Executing <Task(_PythonDecoratedOperator): get_name> on 2022-12-03 00:00:00+00:00
[2023-05-25T10:33:47.184+0000] {standard_task_runner.py:57} INFO - Started process 4050 to run task
[2023-05-25T10:33:47.192+0000] {standard_task_runner.py:84} INFO - Running: ['***', 'tasks', 'run', 'dag_with_taskflow_api_v02', 'get_name', 'scheduled__2022-12-03T00:00:00+00:00', '--job-id', '1224', '--raw', '--subdir', 'DAGS_FOLDER/first_dag.py', '--cfg-path', '/tmp/tmpx4folu2z']
[2023-05-25T10:33:47.264+0000] {standard_task_runner.py:85} INFO - Job 1224: Subtask get_name
[2023-05-25T10:33:47.754+0000] {task_command.py:410} INFO - Running <TaskInstance: dag_with_taskflow_api_v02.get_name scheduled__2022-12-03T00:00:00+00:00 [running]> on host b1ae37a9584e
[2023-05-25T10:33:48.304+0000] {taskinstance.py:1547} INFO - Exporting env vars: AIRFLOW_CTX_DAG_OWNER='Sai' AIRFLOW_CTX_DAG_ID='dag_with_taskflow_api_v02' AIRFLOW_CTX_TASK_ID='get_name' AIRFLOW_CTX_EXECUTION_DATE='2022-12-03T00:00:00+00:00' AIRFLOW_CTX_TRY_NUMBER='1' AIRFLOW_CTX_DAG_RUN_ID='scheduled__2022-12-03T00:00:00+00:00'
[2023-05-25T10:33:48.305+0000] {python.py:183} INFO - Done. Returned value was: {'first_name': 'Sai', 'last_name': 'Tr'}
[2023-05-25T10:33:48.517+0000] {taskinstance.py:1350} INFO - Marking task as SUCCESS. dag_id=dag_with_taskflow_api_v02, task_id=get_name, execution_date=20221203T000000, start_date=20230525T103346, end_date=20230525T103348
[2023-05-25T10:33:48.694+0000] {local_task_job_runner.py:225} INFO - Task exited with return code 0
[2023-05-25T10:33:48.857+0000] {taskinstance.py:2651} INFO - 1 downstream tasks scheduled from follow-on schedule check
