[2023-05-24T15:16:57.848+0000] {taskinstance.py:1103} INFO - Dependencies all met for dep_context=non-requeueable deps ti=<TaskInstance: dag_with_taskflow_api_v02.get_name scheduled__2021-12-24T00:00:00+00:00 [queued]>
[2023-05-24T15:16:58.083+0000] {taskinstance.py:1103} INFO - Dependencies all met for dep_context=requeueable deps ti=<TaskInstance: dag_with_taskflow_api_v02.get_name scheduled__2021-12-24T00:00:00+00:00 [queued]>
[2023-05-24T15:16:58.083+0000] {taskinstance.py:1308} INFO - Starting attempt 1 of 6
[2023-05-24T15:16:58.938+0000] {taskinstance.py:1327} INFO - Executing <Task(_PythonDecoratedOperator): get_name> on 2021-12-24 00:00:00+00:00
[2023-05-24T15:16:58.951+0000] {standard_task_runner.py:57} INFO - Started process 600 to run task
[2023-05-24T15:16:58.974+0000] {standard_task_runner.py:84} INFO - Running: ['***', 'tasks', 'run', 'dag_with_taskflow_api_v02', 'get_name', 'scheduled__2021-12-24T00:00:00+00:00', '--job-id', '180', '--raw', '--subdir', 'DAGS_FOLDER/first_dag.py', '--cfg-path', '/tmp/tmpb43s5mbw']
[2023-05-24T15:16:58.977+0000] {standard_task_runner.py:85} INFO - Job 180: Subtask get_name
[2023-05-24T15:16:59.373+0000] {task_command.py:410} INFO - Running <TaskInstance: dag_with_taskflow_api_v02.get_name scheduled__2021-12-24T00:00:00+00:00 [running]> on host 942de29f183d
[2023-05-24T15:17:00.270+0000] {taskinstance.py:1547} INFO - Exporting env vars: AIRFLOW_CTX_DAG_OWNER='Sai' AIRFLOW_CTX_DAG_ID='dag_with_taskflow_api_v02' AIRFLOW_CTX_TASK_ID='get_name' AIRFLOW_CTX_EXECUTION_DATE='2021-12-24T00:00:00+00:00' AIRFLOW_CTX_TRY_NUMBER='1' AIRFLOW_CTX_DAG_RUN_ID='scheduled__2021-12-24T00:00:00+00:00'
[2023-05-24T15:17:00.271+0000] {python.py:183} INFO - Done. Returned value was: {'first_name': 'Sai', 'last_name': 'Tr'}
[2023-05-24T15:17:00.455+0000] {taskinstance.py:1350} INFO - Marking task as SUCCESS. dag_id=dag_with_taskflow_api_v02, task_id=get_name, execution_date=20211224T000000, start_date=20230524T151657, end_date=20230524T151700
[2023-05-24T15:17:00.568+0000] {local_task_job_runner.py:225} INFO - Task exited with return code 0
[2023-05-24T15:17:00.799+0000] {taskinstance.py:2651} INFO - 0 downstream tasks scheduled from follow-on schedule check
[2023-05-25T06:50:32.673+0000] {taskinstance.py:1103} INFO - Dependencies all met for dep_context=non-requeueable deps ti=<TaskInstance: dag_with_taskflow_api_v02.get_name scheduled__2021-12-24T00:00:00+00:00 [queued]>
[2023-05-25T06:50:32.830+0000] {taskinstance.py:1103} INFO - Dependencies all met for dep_context=requeueable deps ti=<TaskInstance: dag_with_taskflow_api_v02.get_name scheduled__2021-12-24T00:00:00+00:00 [queued]>
[2023-05-25T06:50:32.830+0000] {taskinstance.py:1308} INFO - Starting attempt 1 of 6
[2023-05-25T06:50:33.050+0000] {taskinstance.py:1327} INFO - Executing <Task(_PythonDecoratedOperator): get_name> on 2021-12-24 00:00:00+00:00
[2023-05-25T06:50:33.081+0000] {standard_task_runner.py:57} INFO - Started process 2117 to run task
[2023-05-25T06:50:33.104+0000] {standard_task_runner.py:84} INFO - Running: ['***', 'tasks', 'run', 'dag_with_taskflow_api_v02', 'get_name', 'scheduled__2021-12-24T00:00:00+00:00', '--job-id', '175', '--raw', '--subdir', 'DAGS_FOLDER/first_dag.py', '--cfg-path', '/tmp/tmp4zzj19om']
[2023-05-25T06:50:33.134+0000] {standard_task_runner.py:85} INFO - Job 175: Subtask get_name
[2023-05-25T06:50:33.482+0000] {task_command.py:410} INFO - Running <TaskInstance: dag_with_taskflow_api_v02.get_name scheduled__2021-12-24T00:00:00+00:00 [running]> on host 6bd07c7477d9
[2023-05-25T06:50:34.094+0000] {taskinstance.py:1547} INFO - Exporting env vars: AIRFLOW_CTX_DAG_OWNER='Sai' AIRFLOW_CTX_DAG_ID='dag_with_taskflow_api_v02' AIRFLOW_CTX_TASK_ID='get_name' AIRFLOW_CTX_EXECUTION_DATE='2021-12-24T00:00:00+00:00' AIRFLOW_CTX_TRY_NUMBER='1' AIRFLOW_CTX_DAG_RUN_ID='scheduled__2021-12-24T00:00:00+00:00'
[2023-05-25T06:50:34.095+0000] {python.py:183} INFO - Done. Returned value was: {'first_name': 'Sai', 'last_name': 'Tr'}
[2023-05-25T06:50:34.335+0000] {taskinstance.py:1350} INFO - Marking task as SUCCESS. dag_id=dag_with_taskflow_api_v02, task_id=get_name, execution_date=20211224T000000, start_date=20230525T065032, end_date=20230525T065034
[2023-05-25T06:50:34.427+0000] {local_task_job_runner.py:225} INFO - Task exited with return code 0
[2023-05-25T06:50:34.661+0000] {taskinstance.py:2651} INFO - 1 downstream tasks scheduled from follow-on schedule check
[2023-05-25T10:20:56.177+0000] {taskinstance.py:1103} INFO - Dependencies all met for dep_context=non-requeueable deps ti=<TaskInstance: dag_with_taskflow_api_v02.get_name scheduled__2021-12-24T00:00:00+00:00 [queued]>
[2023-05-25T10:20:56.375+0000] {taskinstance.py:1103} INFO - Dependencies all met for dep_context=requeueable deps ti=<TaskInstance: dag_with_taskflow_api_v02.get_name scheduled__2021-12-24T00:00:00+00:00 [queued]>
[2023-05-25T10:20:56.377+0000] {taskinstance.py:1308} INFO - Starting attempt 1 of 6
[2023-05-25T10:20:56.634+0000] {taskinstance.py:1327} INFO - Executing <Task(_PythonDecoratedOperator): get_name> on 2021-12-24 00:00:00+00:00
[2023-05-25T10:20:56.699+0000] {standard_task_runner.py:57} INFO - Started process 1658 to run task
[2023-05-25T10:20:56.703+0000] {standard_task_runner.py:84} INFO - Running: ['***', 'tasks', 'run', 'dag_with_taskflow_api_v02', 'get_name', 'scheduled__2021-12-24T00:00:00+00:00', '--job-id', '175', '--raw', '--subdir', 'DAGS_FOLDER/first_dag.py', '--cfg-path', '/tmp/tmpxl8jaqgn']
[2023-05-25T10:20:56.755+0000] {standard_task_runner.py:85} INFO - Job 175: Subtask get_name
[2023-05-25T10:20:57.313+0000] {task_command.py:410} INFO - Running <TaskInstance: dag_with_taskflow_api_v02.get_name scheduled__2021-12-24T00:00:00+00:00 [running]> on host b1ae37a9584e
[2023-05-25T10:20:58.217+0000] {taskinstance.py:1547} INFO - Exporting env vars: AIRFLOW_CTX_DAG_OWNER='Sai' AIRFLOW_CTX_DAG_ID='dag_with_taskflow_api_v02' AIRFLOW_CTX_TASK_ID='get_name' AIRFLOW_CTX_EXECUTION_DATE='2021-12-24T00:00:00+00:00' AIRFLOW_CTX_TRY_NUMBER='1' AIRFLOW_CTX_DAG_RUN_ID='scheduled__2021-12-24T00:00:00+00:00'
[2023-05-25T10:20:58.218+0000] {python.py:183} INFO - Done. Returned value was: {'first_name': 'Sai', 'last_name': 'Tr'}
[2023-05-25T10:20:58.396+0000] {taskinstance.py:1350} INFO - Marking task as SUCCESS. dag_id=dag_with_taskflow_api_v02, task_id=get_name, execution_date=20211224T000000, start_date=20230525T102056, end_date=20230525T102058
[2023-05-25T10:20:58.512+0000] {local_task_job_runner.py:225} INFO - Task exited with return code 0
[2023-05-25T10:20:58.766+0000] {taskinstance.py:2651} INFO - 0 downstream tasks scheduled from follow-on schedule check
