[2023-05-24T15:27:04.705+0000] {taskinstance.py:1103} INFO - Dependencies all met for dep_context=non-requeueable deps ti=<TaskInstance: dag_with_taskflow_api_v02.get_name scheduled__2022-11-20T00:00:00+00:00 [queued]>
[2023-05-24T15:27:04.786+0000] {taskinstance.py:1103} INFO - Dependencies all met for dep_context=requeueable deps ti=<TaskInstance: dag_with_taskflow_api_v02.get_name scheduled__2022-11-20T00:00:00+00:00 [queued]>
[2023-05-24T15:27:04.787+0000] {taskinstance.py:1308} INFO - Starting attempt 1 of 6
[2023-05-24T15:27:04.978+0000] {taskinstance.py:1327} INFO - Executing <Task(_PythonDecoratedOperator): get_name> on 2022-11-20 00:00:00+00:00
[2023-05-24T15:27:05.009+0000] {standard_task_runner.py:57} INFO - Started process 2821 to run task
[2023-05-24T15:27:05.051+0000] {standard_task_runner.py:84} INFO - Running: ['***', 'tasks', 'run', 'dag_with_taskflow_api_v02', 'get_name', 'scheduled__2022-11-20T00:00:00+00:00', '--job-id', '1176', '--raw', '--subdir', 'DAGS_FOLDER/first_dag.py', '--cfg-path', '/tmp/tmp34ltc9q9']
[2023-05-24T15:27:05.063+0000] {standard_task_runner.py:85} INFO - Job 1176: Subtask get_name
[2023-05-24T15:27:05.393+0000] {task_command.py:410} INFO - Running <TaskInstance: dag_with_taskflow_api_v02.get_name scheduled__2022-11-20T00:00:00+00:00 [running]> on host 942de29f183d
[2023-05-24T15:27:06.416+0000] {taskinstance.py:1547} INFO - Exporting env vars: AIRFLOW_CTX_DAG_OWNER='Sai' AIRFLOW_CTX_DAG_ID='dag_with_taskflow_api_v02' AIRFLOW_CTX_TASK_ID='get_name' AIRFLOW_CTX_EXECUTION_DATE='2022-11-20T00:00:00+00:00' AIRFLOW_CTX_TRY_NUMBER='1' AIRFLOW_CTX_DAG_RUN_ID='scheduled__2022-11-20T00:00:00+00:00'
[2023-05-24T15:27:06.417+0000] {python.py:183} INFO - Done. Returned value was: {'first_name': 'Sai', 'last_name': 'Tr'}
[2023-05-24T15:27:06.577+0000] {taskinstance.py:1350} INFO - Marking task as SUCCESS. dag_id=dag_with_taskflow_api_v02, task_id=get_name, execution_date=20221120T000000, start_date=20230524T152704, end_date=20230524T152706
[2023-05-24T15:27:06.742+0000] {local_task_job_runner.py:225} INFO - Task exited with return code 0
[2023-05-24T15:27:07.144+0000] {taskinstance.py:2651} INFO - 0 downstream tasks scheduled from follow-on schedule check
[2023-05-25T06:59:37.056+0000] {taskinstance.py:1103} INFO - Dependencies all met for dep_context=non-requeueable deps ti=<TaskInstance: dag_with_taskflow_api_v02.get_name scheduled__2022-11-20T00:00:00+00:00 [queued]>
[2023-05-25T06:59:37.123+0000] {taskinstance.py:1103} INFO - Dependencies all met for dep_context=requeueable deps ti=<TaskInstance: dag_with_taskflow_api_v02.get_name scheduled__2022-11-20T00:00:00+00:00 [queued]>
[2023-05-25T06:59:37.124+0000] {taskinstance.py:1308} INFO - Starting attempt 1 of 6
[2023-05-25T06:59:37.853+0000] {taskinstance.py:1327} INFO - Executing <Task(_PythonDecoratedOperator): get_name> on 2022-11-20 00:00:00+00:00
[2023-05-25T06:59:37.880+0000] {standard_task_runner.py:57} INFO - Started process 4326 to run task
[2023-05-25T06:59:37.935+0000] {standard_task_runner.py:84} INFO - Running: ['***', 'tasks', 'run', 'dag_with_taskflow_api_v02', 'get_name', 'scheduled__2022-11-20T00:00:00+00:00', '--job-id', '1169', '--raw', '--subdir', 'DAGS_FOLDER/first_dag.py', '--cfg-path', '/tmp/tmpa5hiba_9']
[2023-05-25T06:59:37.951+0000] {standard_task_runner.py:85} INFO - Job 1169: Subtask get_name
[2023-05-25T06:59:38.551+0000] {task_command.py:410} INFO - Running <TaskInstance: dag_with_taskflow_api_v02.get_name scheduled__2022-11-20T00:00:00+00:00 [running]> on host 6bd07c7477d9
[2023-05-25T06:59:39.867+0000] {taskinstance.py:1547} INFO - Exporting env vars: AIRFLOW_CTX_DAG_OWNER='Sai' AIRFLOW_CTX_DAG_ID='dag_with_taskflow_api_v02' AIRFLOW_CTX_TASK_ID='get_name' AIRFLOW_CTX_EXECUTION_DATE='2022-11-20T00:00:00+00:00' AIRFLOW_CTX_TRY_NUMBER='1' AIRFLOW_CTX_DAG_RUN_ID='scheduled__2022-11-20T00:00:00+00:00'
[2023-05-25T06:59:39.868+0000] {python.py:183} INFO - Done. Returned value was: {'first_name': 'Sai', 'last_name': 'Tr'}
[2023-05-25T06:59:40.192+0000] {taskinstance.py:1350} INFO - Marking task as SUCCESS. dag_id=dag_with_taskflow_api_v02, task_id=get_name, execution_date=20221120T000000, start_date=20230525T065937, end_date=20230525T065940
[2023-05-25T06:59:40.913+0000] {local_task_job_runner.py:225} INFO - Task exited with return code 0
[2023-05-25T06:59:41.254+0000] {taskinstance.py:2651} INFO - 1 downstream tasks scheduled from follow-on schedule check
[2023-05-25T10:33:25.793+0000] {taskinstance.py:1103} INFO - Dependencies all met for dep_context=non-requeueable deps ti=<TaskInstance: dag_with_taskflow_api_v02.get_name scheduled__2022-11-20T00:00:00+00:00 [queued]>
[2023-05-25T10:33:25.945+0000] {taskinstance.py:1103} INFO - Dependencies all met for dep_context=requeueable deps ti=<TaskInstance: dag_with_taskflow_api_v02.get_name scheduled__2022-11-20T00:00:00+00:00 [queued]>
[2023-05-25T10:33:25.946+0000] {taskinstance.py:1308} INFO - Starting attempt 1 of 6
[2023-05-25T10:33:26.201+0000] {taskinstance.py:1327} INFO - Executing <Task(_PythonDecoratedOperator): get_name> on 2022-11-20 00:00:00+00:00
[2023-05-25T10:33:26.229+0000] {standard_task_runner.py:57} INFO - Started process 3976 to run task
[2023-05-25T10:33:26.280+0000] {standard_task_runner.py:84} INFO - Running: ['***', 'tasks', 'run', 'dag_with_taskflow_api_v02', 'get_name', 'scheduled__2022-11-20T00:00:00+00:00', '--job-id', '1187', '--raw', '--subdir', 'DAGS_FOLDER/first_dag.py', '--cfg-path', '/tmp/tmp52r5k9p2']
[2023-05-25T10:33:26.321+0000] {standard_task_runner.py:85} INFO - Job 1187: Subtask get_name
[2023-05-25T10:33:26.769+0000] {task_command.py:410} INFO - Running <TaskInstance: dag_with_taskflow_api_v02.get_name scheduled__2022-11-20T00:00:00+00:00 [running]> on host b1ae37a9584e
[2023-05-25T10:33:27.623+0000] {taskinstance.py:1547} INFO - Exporting env vars: AIRFLOW_CTX_DAG_OWNER='Sai' AIRFLOW_CTX_DAG_ID='dag_with_taskflow_api_v02' AIRFLOW_CTX_TASK_ID='get_name' AIRFLOW_CTX_EXECUTION_DATE='2022-11-20T00:00:00+00:00' AIRFLOW_CTX_TRY_NUMBER='1' AIRFLOW_CTX_DAG_RUN_ID='scheduled__2022-11-20T00:00:00+00:00'
[2023-05-25T10:33:27.624+0000] {python.py:183} INFO - Done. Returned value was: {'first_name': 'Sai', 'last_name': 'Tr'}
[2023-05-25T10:33:27.920+0000] {taskinstance.py:1350} INFO - Marking task as SUCCESS. dag_id=dag_with_taskflow_api_v02, task_id=get_name, execution_date=20221120T000000, start_date=20230525T103325, end_date=20230525T103327
[2023-05-25T10:33:28.027+0000] {local_task_job_runner.py:225} INFO - Task exited with return code 0
[2023-05-25T10:33:28.504+0000] {taskinstance.py:2651} INFO - 0 downstream tasks scheduled from follow-on schedule check
