[2023-05-24T15:31:06.728+0000] {taskinstance.py:1103} INFO - Dependencies all met for dep_context=non-requeueable deps ti=<TaskInstance: dag_with_taskflow_api_v02.get_age scheduled__2023-04-15T00:00:00+00:00 [queued]>
[2023-05-24T15:31:06.810+0000] {taskinstance.py:1103} INFO - Dependencies all met for dep_context=requeueable deps ti=<TaskInstance: dag_with_taskflow_api_v02.get_age scheduled__2023-04-15T00:00:00+00:00 [queued]>
[2023-05-24T15:31:06.811+0000] {taskinstance.py:1308} INFO - Starting attempt 1 of 6
[2023-05-24T15:31:06.943+0000] {taskinstance.py:1327} INFO - Executing <Task(_PythonDecoratedOperator): get_age> on 2023-04-15 00:00:00+00:00
[2023-05-24T15:31:06.954+0000] {standard_task_runner.py:57} INFO - Started process 3794 to run task
[2023-05-24T15:31:06.973+0000] {standard_task_runner.py:84} INFO - Running: ['***', 'tasks', 'run', 'dag_with_taskflow_api_v02', 'get_age', 'scheduled__2023-04-15T00:00:00+00:00', '--job-id', '1614', '--raw', '--subdir', 'DAGS_FOLDER/first_dag.py', '--cfg-path', '/tmp/tmpnxtbh2xe']
[2023-05-24T15:31:06.992+0000] {standard_task_runner.py:85} INFO - Job 1614: Subtask get_age
[2023-05-24T15:31:07.388+0000] {task_command.py:410} INFO - Running <TaskInstance: dag_with_taskflow_api_v02.get_age scheduled__2023-04-15T00:00:00+00:00 [running]> on host 942de29f183d
[2023-05-24T15:31:08.401+0000] {taskinstance.py:1547} INFO - Exporting env vars: AIRFLOW_CTX_DAG_OWNER='Sai' AIRFLOW_CTX_DAG_ID='dag_with_taskflow_api_v02' AIRFLOW_CTX_TASK_ID='get_age' AIRFLOW_CTX_EXECUTION_DATE='2023-04-15T00:00:00+00:00' AIRFLOW_CTX_TRY_NUMBER='1' AIRFLOW_CTX_DAG_RUN_ID='scheduled__2023-04-15T00:00:00+00:00'
[2023-05-24T15:31:08.422+0000] {python.py:183} INFO - Done. Returned value was: 19
[2023-05-24T15:31:08.547+0000] {taskinstance.py:1350} INFO - Marking task as SUCCESS. dag_id=dag_with_taskflow_api_v02, task_id=get_age, execution_date=20230415T000000, start_date=20230524T153106, end_date=20230524T153108
[2023-05-24T15:31:09.044+0000] {local_task_job_runner.py:225} INFO - Task exited with return code 0
[2023-05-24T15:31:09.158+0000] {taskinstance.py:2651} INFO - 0 downstream tasks scheduled from follow-on schedule check
[2023-05-25T07:03:36.215+0000] {taskinstance.py:1103} INFO - Dependencies all met for dep_context=non-requeueable deps ti=<TaskInstance: dag_with_taskflow_api_v02.get_age scheduled__2023-04-15T00:00:00+00:00 [queued]>
[2023-05-25T07:03:36.301+0000] {taskinstance.py:1103} INFO - Dependencies all met for dep_context=requeueable deps ti=<TaskInstance: dag_with_taskflow_api_v02.get_age scheduled__2023-04-15T00:00:00+00:00 [queued]>
[2023-05-25T07:03:36.302+0000] {taskinstance.py:1308} INFO - Starting attempt 1 of 6
[2023-05-25T07:03:36.452+0000] {taskinstance.py:1327} INFO - Executing <Task(_PythonDecoratedOperator): get_age> on 2023-04-15 00:00:00+00:00
[2023-05-25T07:03:36.478+0000] {standard_task_runner.py:57} INFO - Started process 5308 to run task
[2023-05-25T07:03:36.518+0000] {standard_task_runner.py:84} INFO - Running: ['***', 'tasks', 'run', 'dag_with_taskflow_api_v02', 'get_age', 'scheduled__2023-04-15T00:00:00+00:00', '--job-id', '1612', '--raw', '--subdir', 'DAGS_FOLDER/first_dag.py', '--cfg-path', '/tmp/tmpdk2dxhny']
[2023-05-25T07:03:36.543+0000] {standard_task_runner.py:85} INFO - Job 1612: Subtask get_age
[2023-05-25T07:03:36.904+0000] {task_command.py:410} INFO - Running <TaskInstance: dag_with_taskflow_api_v02.get_age scheduled__2023-04-15T00:00:00+00:00 [running]> on host 6bd07c7477d9
[2023-05-25T07:03:37.646+0000] {taskinstance.py:1547} INFO - Exporting env vars: AIRFLOW_CTX_DAG_OWNER='Sai' AIRFLOW_CTX_DAG_ID='dag_with_taskflow_api_v02' AIRFLOW_CTX_TASK_ID='get_age' AIRFLOW_CTX_EXECUTION_DATE='2023-04-15T00:00:00+00:00' AIRFLOW_CTX_TRY_NUMBER='1' AIRFLOW_CTX_DAG_RUN_ID='scheduled__2023-04-15T00:00:00+00:00'
[2023-05-25T07:03:37.651+0000] {python.py:183} INFO - Done. Returned value was: 19
[2023-05-25T07:03:37.818+0000] {taskinstance.py:1350} INFO - Marking task as SUCCESS. dag_id=dag_with_taskflow_api_v02, task_id=get_age, execution_date=20230415T000000, start_date=20230525T070336, end_date=20230525T070337
[2023-05-25T07:03:38.002+0000] {local_task_job_runner.py:225} INFO - Task exited with return code 0
[2023-05-25T07:03:38.331+0000] {taskinstance.py:2651} INFO - 0 downstream tasks scheduled from follow-on schedule check
[2023-05-25T10:38:17.406+0000] {taskinstance.py:1103} INFO - Dependencies all met for dep_context=non-requeueable deps ti=<TaskInstance: dag_with_taskflow_api_v02.get_age scheduled__2023-04-15T00:00:00+00:00 [queued]>
[2023-05-25T10:38:17.453+0000] {taskinstance.py:1103} INFO - Dependencies all met for dep_context=requeueable deps ti=<TaskInstance: dag_with_taskflow_api_v02.get_age scheduled__2023-04-15T00:00:00+00:00 [queued]>
[2023-05-25T10:38:17.454+0000] {taskinstance.py:1308} INFO - Starting attempt 1 of 6
[2023-05-25T10:38:17.867+0000] {taskinstance.py:1327} INFO - Executing <Task(_PythonDecoratedOperator): get_age> on 2023-04-15 00:00:00+00:00
[2023-05-25T10:38:17.897+0000] {standard_task_runner.py:57} INFO - Started process 4965 to run task
[2023-05-25T10:38:17.934+0000] {standard_task_runner.py:84} INFO - Running: ['***', 'tasks', 'run', 'dag_with_taskflow_api_v02', 'get_age', 'scheduled__2023-04-15T00:00:00+00:00', '--job-id', '1628', '--raw', '--subdir', 'DAGS_FOLDER/first_dag.py', '--cfg-path', '/tmp/tmppjgreazg']
[2023-05-25T10:38:17.956+0000] {standard_task_runner.py:85} INFO - Job 1628: Subtask get_age
[2023-05-25T10:38:18.409+0000] {task_command.py:410} INFO - Running <TaskInstance: dag_with_taskflow_api_v02.get_age scheduled__2023-04-15T00:00:00+00:00 [running]> on host b1ae37a9584e
[2023-05-25T10:38:19.310+0000] {taskinstance.py:1547} INFO - Exporting env vars: AIRFLOW_CTX_DAG_OWNER='Sai' AIRFLOW_CTX_DAG_ID='dag_with_taskflow_api_v02' AIRFLOW_CTX_TASK_ID='get_age' AIRFLOW_CTX_EXECUTION_DATE='2023-04-15T00:00:00+00:00' AIRFLOW_CTX_TRY_NUMBER='1' AIRFLOW_CTX_DAG_RUN_ID='scheduled__2023-04-15T00:00:00+00:00'
[2023-05-25T10:38:19.311+0000] {python.py:183} INFO - Done. Returned value was: 19
[2023-05-25T10:38:19.532+0000] {taskinstance.py:1350} INFO - Marking task as SUCCESS. dag_id=dag_with_taskflow_api_v02, task_id=get_age, execution_date=20230415T000000, start_date=20230525T103817, end_date=20230525T103819
[2023-05-25T10:38:19.647+0000] {local_task_job_runner.py:225} INFO - Task exited with return code 0
[2023-05-25T10:38:19.714+0000] {taskinstance.py:2651} INFO - 1 downstream tasks scheduled from follow-on schedule check
