[2023-05-24T15:22:37.188+0000] {taskinstance.py:1103} INFO - Dependencies all met for dep_context=non-requeueable deps ti=<TaskInstance: dag_with_taskflow_api_v02.get_age scheduled__2022-06-18T00:00:00+00:00 [queued]>
[2023-05-24T15:22:37.267+0000] {taskinstance.py:1103} INFO - Dependencies all met for dep_context=requeueable deps ti=<TaskInstance: dag_with_taskflow_api_v02.get_age scheduled__2022-06-18T00:00:00+00:00 [queued]>
[2023-05-24T15:22:37.268+0000] {taskinstance.py:1308} INFO - Starting attempt 1 of 6
[2023-05-24T15:22:37.392+0000] {taskinstance.py:1327} INFO - Executing <Task(_PythonDecoratedOperator): get_age> on 2022-06-18 00:00:00+00:00
[2023-05-24T15:22:37.438+0000] {standard_task_runner.py:57} INFO - Started process 1776 to run task
[2023-05-24T15:22:37.495+0000] {standard_task_runner.py:84} INFO - Running: ['***', 'tasks', 'run', 'dag_with_taskflow_api_v02', 'get_age', 'scheduled__2022-06-18T00:00:00+00:00', '--job-id', '704', '--raw', '--subdir', 'DAGS_FOLDER/first_dag.py', '--cfg-path', '/tmp/tmp33y_rnu5']
[2023-05-24T15:22:37.506+0000] {standard_task_runner.py:85} INFO - Job 704: Subtask get_age
[2023-05-24T15:22:37.951+0000] {task_command.py:410} INFO - Running <TaskInstance: dag_with_taskflow_api_v02.get_age scheduled__2022-06-18T00:00:00+00:00 [running]> on host 942de29f183d
[2023-05-24T15:22:39.097+0000] {taskinstance.py:1547} INFO - Exporting env vars: AIRFLOW_CTX_DAG_OWNER='Sai' AIRFLOW_CTX_DAG_ID='dag_with_taskflow_api_v02' AIRFLOW_CTX_TASK_ID='get_age' AIRFLOW_CTX_EXECUTION_DATE='2022-06-18T00:00:00+00:00' AIRFLOW_CTX_TRY_NUMBER='1' AIRFLOW_CTX_DAG_RUN_ID='scheduled__2022-06-18T00:00:00+00:00'
[2023-05-24T15:22:39.099+0000] {python.py:183} INFO - Done. Returned value was: 19
[2023-05-24T15:22:39.304+0000] {taskinstance.py:1350} INFO - Marking task as SUCCESS. dag_id=dag_with_taskflow_api_v02, task_id=get_age, execution_date=20220618T000000, start_date=20230524T152237, end_date=20230524T152239
[2023-05-24T15:22:39.437+0000] {local_task_job_runner.py:225} INFO - Task exited with return code 0
[2023-05-24T15:22:39.622+0000] {taskinstance.py:2651} INFO - 1 downstream tasks scheduled from follow-on schedule check
[2023-05-25T06:55:23.974+0000] {taskinstance.py:1103} INFO - Dependencies all met for dep_context=non-requeueable deps ti=<TaskInstance: dag_with_taskflow_api_v02.get_age scheduled__2022-06-18T00:00:00+00:00 [queued]>
[2023-05-25T06:55:24.040+0000] {taskinstance.py:1103} INFO - Dependencies all met for dep_context=requeueable deps ti=<TaskInstance: dag_with_taskflow_api_v02.get_age scheduled__2022-06-18T00:00:00+00:00 [queued]>
[2023-05-25T06:55:24.040+0000] {taskinstance.py:1308} INFO - Starting attempt 1 of 6
[2023-05-25T06:55:24.590+0000] {taskinstance.py:1327} INFO - Executing <Task(_PythonDecoratedOperator): get_age> on 2022-06-18 00:00:00+00:00
[2023-05-25T06:55:24.617+0000] {standard_task_runner.py:57} INFO - Started process 3313 to run task
[2023-05-25T06:55:24.645+0000] {standard_task_runner.py:84} INFO - Running: ['***', 'tasks', 'run', 'dag_with_taskflow_api_v02', 'get_age', 'scheduled__2022-06-18T00:00:00+00:00', '--job-id', '711', '--raw', '--subdir', 'DAGS_FOLDER/first_dag.py', '--cfg-path', '/tmp/tmpqy85zthz']
[2023-05-25T06:55:24.665+0000] {standard_task_runner.py:85} INFO - Job 711: Subtask get_age
[2023-05-25T06:55:25.095+0000] {task_command.py:410} INFO - Running <TaskInstance: dag_with_taskflow_api_v02.get_age scheduled__2022-06-18T00:00:00+00:00 [running]> on host 6bd07c7477d9
[2023-05-25T06:55:25.726+0000] {taskinstance.py:1547} INFO - Exporting env vars: AIRFLOW_CTX_DAG_OWNER='Sai' AIRFLOW_CTX_DAG_ID='dag_with_taskflow_api_v02' AIRFLOW_CTX_TASK_ID='get_age' AIRFLOW_CTX_EXECUTION_DATE='2022-06-18T00:00:00+00:00' AIRFLOW_CTX_TRY_NUMBER='1' AIRFLOW_CTX_DAG_RUN_ID='scheduled__2022-06-18T00:00:00+00:00'
[2023-05-25T06:55:25.728+0000] {python.py:183} INFO - Done. Returned value was: 19
[2023-05-25T06:55:25.801+0000] {taskinstance.py:1350} INFO - Marking task as SUCCESS. dag_id=dag_with_taskflow_api_v02, task_id=get_age, execution_date=20220618T000000, start_date=20230525T065523, end_date=20230525T065525
[2023-05-25T06:55:25.915+0000] {local_task_job_runner.py:225} INFO - Task exited with return code 0
[2023-05-25T06:55:26.193+0000] {taskinstance.py:2651} INFO - 0 downstream tasks scheduled from follow-on schedule check
[2023-05-25T10:26:57.111+0000] {taskinstance.py:1103} INFO - Dependencies all met for dep_context=non-requeueable deps ti=<TaskInstance: dag_with_taskflow_api_v02.get_age scheduled__2022-06-18T00:00:00+00:00 [queued]>
[2023-05-25T10:26:57.133+0000] {taskinstance.py:1103} INFO - Dependencies all met for dep_context=requeueable deps ti=<TaskInstance: dag_with_taskflow_api_v02.get_age scheduled__2022-06-18T00:00:00+00:00 [queued]>
[2023-05-25T10:26:57.133+0000] {taskinstance.py:1308} INFO - Starting attempt 1 of 6
[2023-05-25T10:26:57.201+0000] {taskinstance.py:1327} INFO - Executing <Task(_PythonDecoratedOperator): get_age> on 2022-06-18 00:00:00+00:00
[2023-05-25T10:26:57.220+0000] {standard_task_runner.py:57} INFO - Started process 2900 to run task
[2023-05-25T10:26:57.252+0000] {standard_task_runner.py:84} INFO - Running: ['***', 'tasks', 'run', 'dag_with_taskflow_api_v02', 'get_age', 'scheduled__2022-06-18T00:00:00+00:00', '--job-id', '724', '--raw', '--subdir', 'DAGS_FOLDER/first_dag.py', '--cfg-path', '/tmp/tmp7zgcnfs7']
[2023-05-25T10:26:57.283+0000] {standard_task_runner.py:85} INFO - Job 724: Subtask get_age
[2023-05-25T10:26:57.543+0000] {task_command.py:410} INFO - Running <TaskInstance: dag_with_taskflow_api_v02.get_age scheduled__2022-06-18T00:00:00+00:00 [running]> on host b1ae37a9584e
[2023-05-25T10:26:59.304+0000] {taskinstance.py:1547} INFO - Exporting env vars: AIRFLOW_CTX_DAG_OWNER='Sai' AIRFLOW_CTX_DAG_ID='dag_with_taskflow_api_v02' AIRFLOW_CTX_TASK_ID='get_age' AIRFLOW_CTX_EXECUTION_DATE='2022-06-18T00:00:00+00:00' AIRFLOW_CTX_TRY_NUMBER='1' AIRFLOW_CTX_DAG_RUN_ID='scheduled__2022-06-18T00:00:00+00:00'
[2023-05-25T10:26:59.305+0000] {python.py:183} INFO - Done. Returned value was: 19
[2023-05-25T10:26:59.754+0000] {taskinstance.py:1350} INFO - Marking task as SUCCESS. dag_id=dag_with_taskflow_api_v02, task_id=get_age, execution_date=20220618T000000, start_date=20230525T102657, end_date=20230525T102659
[2023-05-25T10:27:01.350+0000] {local_task_job_runner.py:225} INFO - Task exited with return code 0
[2023-05-25T10:27:01.776+0000] {taskinstance.py:2651} INFO - 0 downstream tasks scheduled from follow-on schedule check
