[2023-05-24T15:21:37.453+0000] {taskinstance.py:1103} INFO - Dependencies all met for dep_context=non-requeueable deps ti=<TaskInstance: dag_with_taskflow_api_v02.greet scheduled__2022-05-13T00:00:00+00:00 [queued]>
[2023-05-24T15:21:37.546+0000] {taskinstance.py:1103} INFO - Dependencies all met for dep_context=requeueable deps ti=<TaskInstance: dag_with_taskflow_api_v02.greet scheduled__2022-05-13T00:00:00+00:00 [queued]>
[2023-05-24T15:21:37.547+0000] {taskinstance.py:1308} INFO - Starting attempt 1 of 6
[2023-05-24T15:21:38.123+0000] {taskinstance.py:1327} INFO - Executing <Task(_PythonDecoratedOperator): greet> on 2022-05-13 00:00:00+00:00
[2023-05-24T15:21:38.141+0000] {standard_task_runner.py:57} INFO - Started process 1591 to run task
[2023-05-24T15:21:38.211+0000] {standard_task_runner.py:84} INFO - Running: ['***', 'tasks', 'run', 'dag_with_taskflow_api_v02', 'greet', 'scheduled__2022-05-13T00:00:00+00:00', '--job-id', '621', '--raw', '--subdir', 'DAGS_FOLDER/first_dag.py', '--cfg-path', '/tmp/tmpdynafik6']
[2023-05-24T15:21:38.226+0000] {standard_task_runner.py:85} INFO - Job 621: Subtask greet
[2023-05-24T15:21:38.651+0000] {task_command.py:410} INFO - Running <TaskInstance: dag_with_taskflow_api_v02.greet scheduled__2022-05-13T00:00:00+00:00 [running]> on host 942de29f183d
[2023-05-24T15:21:39.840+0000] {taskinstance.py:1547} INFO - Exporting env vars: AIRFLOW_CTX_DAG_OWNER='Sai' AIRFLOW_CTX_DAG_ID='dag_with_taskflow_api_v02' AIRFLOW_CTX_TASK_ID='greet' AIRFLOW_CTX_EXECUTION_DATE='2022-05-13T00:00:00+00:00' AIRFLOW_CTX_TRY_NUMBER='1' AIRFLOW_CTX_DAG_RUN_ID='scheduled__2022-05-13T00:00:00+00:00'
[2023-05-24T15:21:39.846+0000] {logging_mixin.py:149} INFO - Hello World! My name is Sai Tr and I am 19 years old!
[2023-05-24T15:21:39.847+0000] {python.py:183} INFO - Done. Returned value was: None
[2023-05-24T15:21:39.892+0000] {taskinstance.py:1350} INFO - Marking task as SUCCESS. dag_id=dag_with_taskflow_api_v02, task_id=greet, execution_date=20220513T000000, start_date=20230524T152137, end_date=20230524T152139
[2023-05-24T15:21:40.104+0000] {local_task_job_runner.py:225} INFO - Task exited with return code 0
[2023-05-24T15:21:40.596+0000] {taskinstance.py:2651} INFO - 0 downstream tasks scheduled from follow-on schedule check
[2023-05-25T06:54:25.078+0000] {taskinstance.py:1103} INFO - Dependencies all met for dep_context=non-requeueable deps ti=<TaskInstance: dag_with_taskflow_api_v02.greet scheduled__2022-05-13T00:00:00+00:00 [queued]>
[2023-05-25T06:54:25.103+0000] {taskinstance.py:1103} INFO - Dependencies all met for dep_context=requeueable deps ti=<TaskInstance: dag_with_taskflow_api_v02.greet scheduled__2022-05-13T00:00:00+00:00 [queued]>
[2023-05-25T06:54:25.103+0000] {taskinstance.py:1308} INFO - Starting attempt 1 of 6
[2023-05-25T06:54:25.136+0000] {taskinstance.py:1327} INFO - Executing <Task(_PythonDecoratedOperator): greet> on 2022-05-13 00:00:00+00:00
[2023-05-25T06:54:25.147+0000] {standard_task_runner.py:57} INFO - Started process 3069 to run task
[2023-05-25T06:54:25.158+0000] {standard_task_runner.py:84} INFO - Running: ['***', 'tasks', 'run', 'dag_with_taskflow_api_v02', 'greet', 'scheduled__2022-05-13T00:00:00+00:00', '--job-id', '606', '--raw', '--subdir', 'DAGS_FOLDER/first_dag.py', '--cfg-path', '/tmp/tmp8ynxfh65']
[2023-05-25T06:54:25.161+0000] {standard_task_runner.py:85} INFO - Job 606: Subtask greet
[2023-05-25T06:54:25.287+0000] {task_command.py:410} INFO - Running <TaskInstance: dag_with_taskflow_api_v02.greet scheduled__2022-05-13T00:00:00+00:00 [running]> on host 6bd07c7477d9
[2023-05-25T06:54:25.542+0000] {taskinstance.py:1547} INFO - Exporting env vars: AIRFLOW_CTX_DAG_OWNER='Sai' AIRFLOW_CTX_DAG_ID='dag_with_taskflow_api_v02' AIRFLOW_CTX_TASK_ID='greet' AIRFLOW_CTX_EXECUTION_DATE='2022-05-13T00:00:00+00:00' AIRFLOW_CTX_TRY_NUMBER='1' AIRFLOW_CTX_DAG_RUN_ID='scheduled__2022-05-13T00:00:00+00:00'
[2023-05-25T06:54:25.544+0000] {logging_mixin.py:149} INFO - Hello World! My name is Sai Tr and I am 19 years old!
[2023-05-25T06:54:25.544+0000] {python.py:183} INFO - Done. Returned value was: None
[2023-05-25T06:54:25.558+0000] {taskinstance.py:1350} INFO - Marking task as SUCCESS. dag_id=dag_with_taskflow_api_v02, task_id=greet, execution_date=20220513T000000, start_date=20230525T065425, end_date=20230525T065425
[2023-05-25T06:54:25.611+0000] {local_task_job_runner.py:225} INFO - Task exited with return code 0
[2023-05-25T06:54:25.653+0000] {taskinstance.py:2651} INFO - 0 downstream tasks scheduled from follow-on schedule check
[2023-05-25T10:25:51.294+0000] {taskinstance.py:1103} INFO - Dependencies all met for dep_context=non-requeueable deps ti=<TaskInstance: dag_with_taskflow_api_v02.greet scheduled__2022-05-13T00:00:00+00:00 [queued]>
[2023-05-25T10:25:51.345+0000] {taskinstance.py:1103} INFO - Dependencies all met for dep_context=requeueable deps ti=<TaskInstance: dag_with_taskflow_api_v02.greet scheduled__2022-05-13T00:00:00+00:00 [queued]>
[2023-05-25T10:25:51.346+0000] {taskinstance.py:1308} INFO - Starting attempt 1 of 6
[2023-05-25T10:25:51.519+0000] {taskinstance.py:1327} INFO - Executing <Task(_PythonDecoratedOperator): greet> on 2022-05-13 00:00:00+00:00
[2023-05-25T10:25:51.565+0000] {standard_task_runner.py:57} INFO - Started process 2673 to run task
[2023-05-25T10:25:51.597+0000] {standard_task_runner.py:84} INFO - Running: ['***', 'tasks', 'run', 'dag_with_taskflow_api_v02', 'greet', 'scheduled__2022-05-13T00:00:00+00:00', '--job-id', '625', '--raw', '--subdir', 'DAGS_FOLDER/first_dag.py', '--cfg-path', '/tmp/tmpavrumrqp']
[2023-05-25T10:25:51.614+0000] {standard_task_runner.py:85} INFO - Job 625: Subtask greet
[2023-05-25T10:25:52.236+0000] {task_command.py:410} INFO - Running <TaskInstance: dag_with_taskflow_api_v02.greet scheduled__2022-05-13T00:00:00+00:00 [running]> on host b1ae37a9584e
[2023-05-25T10:25:52.808+0000] {taskinstance.py:1547} INFO - Exporting env vars: AIRFLOW_CTX_DAG_OWNER='Sai' AIRFLOW_CTX_DAG_ID='dag_with_taskflow_api_v02' AIRFLOW_CTX_TASK_ID='greet' AIRFLOW_CTX_EXECUTION_DATE='2022-05-13T00:00:00+00:00' AIRFLOW_CTX_TRY_NUMBER='1' AIRFLOW_CTX_DAG_RUN_ID='scheduled__2022-05-13T00:00:00+00:00'
[2023-05-25T10:25:52.809+0000] {logging_mixin.py:149} INFO - Hello World! My name is Sai Tr and I am 19 years old!
[2023-05-25T10:25:52.809+0000] {python.py:183} INFO - Done. Returned value was: None
[2023-05-25T10:25:52.851+0000] {taskinstance.py:1350} INFO - Marking task as SUCCESS. dag_id=dag_with_taskflow_api_v02, task_id=greet, execution_date=20220513T000000, start_date=20230525T102551, end_date=20230525T102552
[2023-05-25T10:25:52.898+0000] {local_task_job_runner.py:225} INFO - Task exited with return code 0
[2023-05-25T10:25:53.093+0000] {taskinstance.py:2651} INFO - 0 downstream tasks scheduled from follow-on schedule check
