[2023-05-24T15:27:22.868+0000] {taskinstance.py:1103} INFO - Dependencies all met for dep_context=non-requeueable deps ti=<TaskInstance: dag_with_taskflow_api_v02.greet scheduled__2022-11-27T00:00:00+00:00 [queued]>
[2023-05-24T15:27:22.917+0000] {taskinstance.py:1103} INFO - Dependencies all met for dep_context=requeueable deps ti=<TaskInstance: dag_with_taskflow_api_v02.greet scheduled__2022-11-27T00:00:00+00:00 [queued]>
[2023-05-24T15:27:22.918+0000] {taskinstance.py:1308} INFO - Starting attempt 1 of 6
[2023-05-24T15:27:23.325+0000] {taskinstance.py:1327} INFO - Executing <Task(_PythonDecoratedOperator): greet> on 2022-11-27 00:00:00+00:00
[2023-05-24T15:27:23.373+0000] {standard_task_runner.py:57} INFO - Started process 2903 to run task
[2023-05-24T15:27:23.435+0000] {standard_task_runner.py:84} INFO - Running: ['***', 'tasks', 'run', 'dag_with_taskflow_api_v02', 'greet', 'scheduled__2022-11-27T00:00:00+00:00', '--job-id', '1215', '--raw', '--subdir', 'DAGS_FOLDER/first_dag.py', '--cfg-path', '/tmp/tmp0di4m399']
[2023-05-24T15:27:23.475+0000] {standard_task_runner.py:85} INFO - Job 1215: Subtask greet
[2023-05-24T15:27:23.836+0000] {task_command.py:410} INFO - Running <TaskInstance: dag_with_taskflow_api_v02.greet scheduled__2022-11-27T00:00:00+00:00 [running]> on host 942de29f183d
[2023-05-24T15:27:24.719+0000] {taskinstance.py:1547} INFO - Exporting env vars: AIRFLOW_CTX_DAG_OWNER='Sai' AIRFLOW_CTX_DAG_ID='dag_with_taskflow_api_v02' AIRFLOW_CTX_TASK_ID='greet' AIRFLOW_CTX_EXECUTION_DATE='2022-11-27T00:00:00+00:00' AIRFLOW_CTX_TRY_NUMBER='1' AIRFLOW_CTX_DAG_RUN_ID='scheduled__2022-11-27T00:00:00+00:00'
[2023-05-24T15:27:24.720+0000] {logging_mixin.py:149} INFO - Hello World! My name is Sai Tr and I am 19 years old!
[2023-05-24T15:27:24.720+0000] {python.py:183} INFO - Done. Returned value was: None
[2023-05-24T15:27:24.775+0000] {taskinstance.py:1350} INFO - Marking task as SUCCESS. dag_id=dag_with_taskflow_api_v02, task_id=greet, execution_date=20221127T000000, start_date=20230524T152722, end_date=20230524T152724
[2023-05-24T15:27:25.145+0000] {local_task_job_runner.py:225} INFO - Task exited with return code 0
[2023-05-24T15:27:25.291+0000] {taskinstance.py:2651} INFO - 0 downstream tasks scheduled from follow-on schedule check
[2023-05-25T06:59:54.287+0000] {taskinstance.py:1103} INFO - Dependencies all met for dep_context=non-requeueable deps ti=<TaskInstance: dag_with_taskflow_api_v02.greet scheduled__2022-11-27T00:00:00+00:00 [queued]>
[2023-05-25T06:59:54.343+0000] {taskinstance.py:1103} INFO - Dependencies all met for dep_context=requeueable deps ti=<TaskInstance: dag_with_taskflow_api_v02.greet scheduled__2022-11-27T00:00:00+00:00 [queued]>
[2023-05-25T06:59:54.345+0000] {taskinstance.py:1308} INFO - Starting attempt 1 of 6
[2023-05-25T06:59:54.650+0000] {taskinstance.py:1327} INFO - Executing <Task(_PythonDecoratedOperator): greet> on 2022-11-27 00:00:00+00:00
[2023-05-25T06:59:54.657+0000] {standard_task_runner.py:57} INFO - Started process 4403 to run task
[2023-05-25T06:59:54.690+0000] {standard_task_runner.py:84} INFO - Running: ['***', 'tasks', 'run', 'dag_with_taskflow_api_v02', 'greet', 'scheduled__2022-11-27T00:00:00+00:00', '--job-id', '1206', '--raw', '--subdir', 'DAGS_FOLDER/first_dag.py', '--cfg-path', '/tmp/tmpznb_6ufs']
[2023-05-25T06:59:54.718+0000] {standard_task_runner.py:85} INFO - Job 1206: Subtask greet
[2023-05-25T06:59:54.956+0000] {task_command.py:410} INFO - Running <TaskInstance: dag_with_taskflow_api_v02.greet scheduled__2022-11-27T00:00:00+00:00 [running]> on host 6bd07c7477d9
[2023-05-25T06:59:55.497+0000] {taskinstance.py:1547} INFO - Exporting env vars: AIRFLOW_CTX_DAG_OWNER='Sai' AIRFLOW_CTX_DAG_ID='dag_with_taskflow_api_v02' AIRFLOW_CTX_TASK_ID='greet' AIRFLOW_CTX_EXECUTION_DATE='2022-11-27T00:00:00+00:00' AIRFLOW_CTX_TRY_NUMBER='1' AIRFLOW_CTX_DAG_RUN_ID='scheduled__2022-11-27T00:00:00+00:00'
[2023-05-25T06:59:55.499+0000] {logging_mixin.py:149} INFO - Hello World! My name is Sai Tr and I am 19 years old!
[2023-05-25T06:59:55.500+0000] {python.py:183} INFO - Done. Returned value was: None
[2023-05-25T06:59:55.538+0000] {taskinstance.py:1350} INFO - Marking task as SUCCESS. dag_id=dag_with_taskflow_api_v02, task_id=greet, execution_date=20221127T000000, start_date=20230525T065954, end_date=20230525T065955
[2023-05-25T06:59:55.576+0000] {local_task_job_runner.py:225} INFO - Task exited with return code 0
[2023-05-25T06:59:55.640+0000] {taskinstance.py:2651} INFO - 0 downstream tasks scheduled from follow-on schedule check
[2023-05-25T10:33:43.869+0000] {taskinstance.py:1103} INFO - Dependencies all met for dep_context=non-requeueable deps ti=<TaskInstance: dag_with_taskflow_api_v02.greet scheduled__2022-11-27T00:00:00+00:00 [queued]>
[2023-05-25T10:33:43.979+0000] {taskinstance.py:1103} INFO - Dependencies all met for dep_context=requeueable deps ti=<TaskInstance: dag_with_taskflow_api_v02.greet scheduled__2022-11-27T00:00:00+00:00 [queued]>
[2023-05-25T10:33:43.980+0000] {taskinstance.py:1308} INFO - Starting attempt 1 of 6
[2023-05-25T10:33:44.331+0000] {taskinstance.py:1327} INFO - Executing <Task(_PythonDecoratedOperator): greet> on 2022-11-27 00:00:00+00:00
[2023-05-25T10:33:44.342+0000] {standard_task_runner.py:57} INFO - Started process 4042 to run task
[2023-05-25T10:33:44.395+0000] {standard_task_runner.py:84} INFO - Running: ['***', 'tasks', 'run', 'dag_with_taskflow_api_v02', 'greet', 'scheduled__2022-11-27T00:00:00+00:00', '--job-id', '1219', '--raw', '--subdir', 'DAGS_FOLDER/first_dag.py', '--cfg-path', '/tmp/tmplm8dx6gr']
[2023-05-25T10:33:44.398+0000] {standard_task_runner.py:85} INFO - Job 1219: Subtask greet
[2023-05-25T10:33:44.811+0000] {task_command.py:410} INFO - Running <TaskInstance: dag_with_taskflow_api_v02.greet scheduled__2022-11-27T00:00:00+00:00 [running]> on host b1ae37a9584e
[2023-05-25T10:33:45.891+0000] {taskinstance.py:1547} INFO - Exporting env vars: AIRFLOW_CTX_DAG_OWNER='Sai' AIRFLOW_CTX_DAG_ID='dag_with_taskflow_api_v02' AIRFLOW_CTX_TASK_ID='greet' AIRFLOW_CTX_EXECUTION_DATE='2022-11-27T00:00:00+00:00' AIRFLOW_CTX_TRY_NUMBER='1' AIRFLOW_CTX_DAG_RUN_ID='scheduled__2022-11-27T00:00:00+00:00'
[2023-05-25T10:33:45.892+0000] {logging_mixin.py:149} INFO - Hello World! My name is Sai Tr and I am 19 years old!
[2023-05-25T10:33:45.893+0000] {python.py:183} INFO - Done. Returned value was: None
[2023-05-25T10:33:45.940+0000] {taskinstance.py:1350} INFO - Marking task as SUCCESS. dag_id=dag_with_taskflow_api_v02, task_id=greet, execution_date=20221127T000000, start_date=20230525T103343, end_date=20230525T103345
[2023-05-25T10:33:46.102+0000] {local_task_job_runner.py:225} INFO - Task exited with return code 0
[2023-05-25T10:33:46.246+0000] {taskinstance.py:2651} INFO - 0 downstream tasks scheduled from follow-on schedule check
