[2023-05-24T15:25:14.417+0000] {taskinstance.py:1103} INFO - Dependencies all met for dep_context=non-requeueable deps ti=<TaskInstance: dag_with_taskflow_api_v02.greet scheduled__2022-09-06T00:00:00+00:00 [queued]>
[2023-05-24T15:25:14.439+0000] {taskinstance.py:1103} INFO - Dependencies all met for dep_context=requeueable deps ti=<TaskInstance: dag_with_taskflow_api_v02.greet scheduled__2022-09-06T00:00:00+00:00 [queued]>
[2023-05-24T15:25:14.439+0000] {taskinstance.py:1308} INFO - Starting attempt 1 of 6
[2023-05-24T15:25:14.550+0000] {taskinstance.py:1327} INFO - Executing <Task(_PythonDecoratedOperator): greet> on 2022-09-06 00:00:00+00:00
[2023-05-24T15:25:14.571+0000] {standard_task_runner.py:57} INFO - Started process 2375 to run task
[2023-05-24T15:25:14.616+0000] {standard_task_runner.py:84} INFO - Running: ['***', 'tasks', 'run', 'dag_with_taskflow_api_v02', 'greet', 'scheduled__2022-09-06T00:00:00+00:00', '--job-id', '975', '--raw', '--subdir', 'DAGS_FOLDER/first_dag.py', '--cfg-path', '/tmp/tmp5hpm0hq3']
[2023-05-24T15:25:14.635+0000] {standard_task_runner.py:85} INFO - Job 975: Subtask greet
[2023-05-24T15:25:15.106+0000] {task_command.py:410} INFO - Running <TaskInstance: dag_with_taskflow_api_v02.greet scheduled__2022-09-06T00:00:00+00:00 [running]> on host 942de29f183d
[2023-05-24T15:25:16.001+0000] {taskinstance.py:1547} INFO - Exporting env vars: AIRFLOW_CTX_DAG_OWNER='Sai' AIRFLOW_CTX_DAG_ID='dag_with_taskflow_api_v02' AIRFLOW_CTX_TASK_ID='greet' AIRFLOW_CTX_EXECUTION_DATE='2022-09-06T00:00:00+00:00' AIRFLOW_CTX_TRY_NUMBER='1' AIRFLOW_CTX_DAG_RUN_ID='scheduled__2022-09-06T00:00:00+00:00'
[2023-05-24T15:25:16.002+0000] {logging_mixin.py:149} INFO - Hello World! My name is Sai Tr and I am 19 years old!
[2023-05-24T15:25:16.003+0000] {python.py:183} INFO - Done. Returned value was: None
[2023-05-24T15:25:16.074+0000] {taskinstance.py:1350} INFO - Marking task as SUCCESS. dag_id=dag_with_taskflow_api_v02, task_id=greet, execution_date=20220906T000000, start_date=20230524T152514, end_date=20230524T152516
[2023-05-24T15:25:16.218+0000] {local_task_job_runner.py:225} INFO - Task exited with return code 0
[2023-05-24T15:25:16.408+0000] {taskinstance.py:2651} INFO - 0 downstream tasks scheduled from follow-on schedule check
[2023-05-25T06:57:44.855+0000] {taskinstance.py:1103} INFO - Dependencies all met for dep_context=non-requeueable deps ti=<TaskInstance: dag_with_taskflow_api_v02.greet scheduled__2022-09-06T00:00:00+00:00 [queued]>
[2023-05-25T06:57:44.988+0000] {taskinstance.py:1103} INFO - Dependencies all met for dep_context=requeueable deps ti=<TaskInstance: dag_with_taskflow_api_v02.greet scheduled__2022-09-06T00:00:00+00:00 [queued]>
[2023-05-25T06:57:44.988+0000] {taskinstance.py:1308} INFO - Starting attempt 1 of 6
[2023-05-25T06:57:45.223+0000] {taskinstance.py:1327} INFO - Executing <Task(_PythonDecoratedOperator): greet> on 2022-09-06 00:00:00+00:00
[2023-05-25T06:57:45.263+0000] {standard_task_runner.py:57} INFO - Started process 3879 to run task
[2023-05-25T06:57:45.292+0000] {standard_task_runner.py:84} INFO - Running: ['***', 'tasks', 'run', 'dag_with_taskflow_api_v02', 'greet', 'scheduled__2022-09-06T00:00:00+00:00', '--job-id', '966', '--raw', '--subdir', 'DAGS_FOLDER/first_dag.py', '--cfg-path', '/tmp/tmp1nmtonpf']
[2023-05-25T06:57:45.318+0000] {standard_task_runner.py:85} INFO - Job 966: Subtask greet
[2023-05-25T06:57:45.786+0000] {task_command.py:410} INFO - Running <TaskInstance: dag_with_taskflow_api_v02.greet scheduled__2022-09-06T00:00:00+00:00 [running]> on host 6bd07c7477d9
[2023-05-25T06:57:46.503+0000] {taskinstance.py:1547} INFO - Exporting env vars: AIRFLOW_CTX_DAG_OWNER='Sai' AIRFLOW_CTX_DAG_ID='dag_with_taskflow_api_v02' AIRFLOW_CTX_TASK_ID='greet' AIRFLOW_CTX_EXECUTION_DATE='2022-09-06T00:00:00+00:00' AIRFLOW_CTX_TRY_NUMBER='1' AIRFLOW_CTX_DAG_RUN_ID='scheduled__2022-09-06T00:00:00+00:00'
[2023-05-25T06:57:46.505+0000] {logging_mixin.py:149} INFO - Hello World! My name is Sai Tr and I am 19 years old!
[2023-05-25T06:57:46.506+0000] {python.py:183} INFO - Done. Returned value was: None
[2023-05-25T06:57:46.548+0000] {taskinstance.py:1350} INFO - Marking task as SUCCESS. dag_id=dag_with_taskflow_api_v02, task_id=greet, execution_date=20220906T000000, start_date=20230525T065744, end_date=20230525T065746
[2023-05-25T06:57:46.899+0000] {local_task_job_runner.py:225} INFO - Task exited with return code 0
[2023-05-25T06:57:46.989+0000] {taskinstance.py:2651} INFO - 0 downstream tasks scheduled from follow-on schedule check
[2023-05-25T10:31:09.940+0000] {taskinstance.py:1103} INFO - Dependencies all met for dep_context=non-requeueable deps ti=<TaskInstance: dag_with_taskflow_api_v02.greet scheduled__2022-09-06T00:00:00+00:00 [queued]>
[2023-05-25T10:31:10.041+0000] {taskinstance.py:1103} INFO - Dependencies all met for dep_context=requeueable deps ti=<TaskInstance: dag_with_taskflow_api_v02.greet scheduled__2022-09-06T00:00:00+00:00 [queued]>
[2023-05-25T10:31:10.042+0000] {taskinstance.py:1308} INFO - Starting attempt 1 of 6
[2023-05-25T10:31:10.104+0000] {taskinstance.py:1327} INFO - Executing <Task(_PythonDecoratedOperator): greet> on 2022-09-06 00:00:00+00:00
[2023-05-25T10:31:10.113+0000] {standard_task_runner.py:57} INFO - Started process 3503 to run task
[2023-05-25T10:31:10.192+0000] {standard_task_runner.py:84} INFO - Running: ['***', 'tasks', 'run', 'dag_with_taskflow_api_v02', 'greet', 'scheduled__2022-09-06T00:00:00+00:00', '--job-id', '980', '--raw', '--subdir', 'DAGS_FOLDER/first_dag.py', '--cfg-path', '/tmp/tmpjem2feyu']
[2023-05-25T10:31:10.212+0000] {standard_task_runner.py:85} INFO - Job 980: Subtask greet
[2023-05-25T10:31:10.596+0000] {task_command.py:410} INFO - Running <TaskInstance: dag_with_taskflow_api_v02.greet scheduled__2022-09-06T00:00:00+00:00 [running]> on host b1ae37a9584e
[2023-05-25T10:31:11.651+0000] {taskinstance.py:1547} INFO - Exporting env vars: AIRFLOW_CTX_DAG_OWNER='Sai' AIRFLOW_CTX_DAG_ID='dag_with_taskflow_api_v02' AIRFLOW_CTX_TASK_ID='greet' AIRFLOW_CTX_EXECUTION_DATE='2022-09-06T00:00:00+00:00' AIRFLOW_CTX_TRY_NUMBER='1' AIRFLOW_CTX_DAG_RUN_ID='scheduled__2022-09-06T00:00:00+00:00'
[2023-05-25T10:31:11.653+0000] {logging_mixin.py:149} INFO - Hello World! My name is Sai Tr and I am 19 years old!
[2023-05-25T10:31:11.653+0000] {python.py:183} INFO - Done. Returned value was: None
[2023-05-25T10:31:11.720+0000] {taskinstance.py:1350} INFO - Marking task as SUCCESS. dag_id=dag_with_taskflow_api_v02, task_id=greet, execution_date=20220906T000000, start_date=20230525T103109, end_date=20230525T103111
[2023-05-25T10:31:11.807+0000] {local_task_job_runner.py:225} INFO - Task exited with return code 0
[2023-05-25T10:31:12.372+0000] {taskinstance.py:2651} INFO - 0 downstream tasks scheduled from follow-on schedule check
