[2023-05-24T15:28:31.476+0000] {taskinstance.py:1103} INFO - Dependencies all met for dep_context=non-requeueable deps ti=<TaskInstance: dag_with_taskflow_api_v02.greet scheduled__2023-01-07T00:00:00+00:00 [queued]>
[2023-05-24T15:28:31.518+0000] {taskinstance.py:1103} INFO - Dependencies all met for dep_context=requeueable deps ti=<TaskInstance: dag_with_taskflow_api_v02.greet scheduled__2023-01-07T00:00:00+00:00 [queued]>
[2023-05-24T15:28:31.519+0000] {taskinstance.py:1308} INFO - Starting attempt 1 of 6
[2023-05-24T15:28:31.611+0000] {taskinstance.py:1327} INFO - Executing <Task(_PythonDecoratedOperator): greet> on 2023-01-07 00:00:00+00:00
[2023-05-24T15:28:31.632+0000] {standard_task_runner.py:57} INFO - Started process 3164 to run task
[2023-05-24T15:28:31.652+0000] {standard_task_runner.py:84} INFO - Running: ['***', 'tasks', 'run', 'dag_with_taskflow_api_v02', 'greet', 'scheduled__2023-01-07T00:00:00+00:00', '--job-id', '1333', '--raw', '--subdir', 'DAGS_FOLDER/first_dag.py', '--cfg-path', '/tmp/tmpa9qthb5i']
[2023-05-24T15:28:31.658+0000] {standard_task_runner.py:85} INFO - Job 1333: Subtask greet
[2023-05-24T15:28:31.860+0000] {task_command.py:410} INFO - Running <TaskInstance: dag_with_taskflow_api_v02.greet scheduled__2023-01-07T00:00:00+00:00 [running]> on host 942de29f183d
[2023-05-24T15:28:32.483+0000] {taskinstance.py:1547} INFO - Exporting env vars: AIRFLOW_CTX_DAG_OWNER='Sai' AIRFLOW_CTX_DAG_ID='dag_with_taskflow_api_v02' AIRFLOW_CTX_TASK_ID='greet' AIRFLOW_CTX_EXECUTION_DATE='2023-01-07T00:00:00+00:00' AIRFLOW_CTX_TRY_NUMBER='1' AIRFLOW_CTX_DAG_RUN_ID='scheduled__2023-01-07T00:00:00+00:00'
[2023-05-24T15:28:32.484+0000] {logging_mixin.py:149} INFO - Hello World! My name is Sai Tr and I am 19 years old!
[2023-05-24T15:28:32.485+0000] {python.py:183} INFO - Done. Returned value was: None
[2023-05-24T15:28:32.532+0000] {taskinstance.py:1350} INFO - Marking task as SUCCESS. dag_id=dag_with_taskflow_api_v02, task_id=greet, execution_date=20230107T000000, start_date=20230524T152831, end_date=20230524T152832
[2023-05-24T15:28:32.596+0000] {local_task_job_runner.py:225} INFO - Task exited with return code 0
[2023-05-24T15:28:32.709+0000] {taskinstance.py:2651} INFO - 0 downstream tasks scheduled from follow-on schedule check
[2023-05-25T07:01:03.441+0000] {taskinstance.py:1103} INFO - Dependencies all met for dep_context=non-requeueable deps ti=<TaskInstance: dag_with_taskflow_api_v02.greet scheduled__2023-01-07T00:00:00+00:00 [queued]>
[2023-05-25T07:01:03.492+0000] {taskinstance.py:1103} INFO - Dependencies all met for dep_context=requeueable deps ti=<TaskInstance: dag_with_taskflow_api_v02.greet scheduled__2023-01-07T00:00:00+00:00 [queued]>
[2023-05-25T07:01:03.492+0000] {taskinstance.py:1308} INFO - Starting attempt 1 of 6
[2023-05-25T07:01:03.561+0000] {taskinstance.py:1327} INFO - Executing <Task(_PythonDecoratedOperator): greet> on 2023-01-07 00:00:00+00:00
[2023-05-25T07:01:03.571+0000] {standard_task_runner.py:57} INFO - Started process 4683 to run task
[2023-05-25T07:01:03.582+0000] {standard_task_runner.py:84} INFO - Running: ['***', 'tasks', 'run', 'dag_with_taskflow_api_v02', 'greet', 'scheduled__2023-01-07T00:00:00+00:00', '--job-id', '1333', '--raw', '--subdir', 'DAGS_FOLDER/first_dag.py', '--cfg-path', '/tmp/tmpw9fky5_8']
[2023-05-25T07:01:03.596+0000] {standard_task_runner.py:85} INFO - Job 1333: Subtask greet
[2023-05-25T07:01:03.817+0000] {task_command.py:410} INFO - Running <TaskInstance: dag_with_taskflow_api_v02.greet scheduled__2023-01-07T00:00:00+00:00 [running]> on host 6bd07c7477d9
[2023-05-25T07:01:04.416+0000] {taskinstance.py:1547} INFO - Exporting env vars: AIRFLOW_CTX_DAG_OWNER='Sai' AIRFLOW_CTX_DAG_ID='dag_with_taskflow_api_v02' AIRFLOW_CTX_TASK_ID='greet' AIRFLOW_CTX_EXECUTION_DATE='2023-01-07T00:00:00+00:00' AIRFLOW_CTX_TRY_NUMBER='1' AIRFLOW_CTX_DAG_RUN_ID='scheduled__2023-01-07T00:00:00+00:00'
[2023-05-25T07:01:04.417+0000] {logging_mixin.py:149} INFO - Hello World! My name is Sai Tr and I am 19 years old!
[2023-05-25T07:01:04.417+0000] {python.py:183} INFO - Done. Returned value was: None
[2023-05-25T07:01:04.449+0000] {taskinstance.py:1350} INFO - Marking task as SUCCESS. dag_id=dag_with_taskflow_api_v02, task_id=greet, execution_date=20230107T000000, start_date=20230525T070103, end_date=20230525T070104
[2023-05-25T07:01:04.530+0000] {local_task_job_runner.py:225} INFO - Task exited with return code 0
[2023-05-25T07:01:04.623+0000] {taskinstance.py:2651} INFO - 0 downstream tasks scheduled from follow-on schedule check
[2023-05-25T10:35:16.968+0000] {taskinstance.py:1103} INFO - Dependencies all met for dep_context=non-requeueable deps ti=<TaskInstance: dag_with_taskflow_api_v02.greet scheduled__2023-01-07T00:00:00+00:00 [queued]>
[2023-05-25T10:35:17.076+0000] {taskinstance.py:1103} INFO - Dependencies all met for dep_context=requeueable deps ti=<TaskInstance: dag_with_taskflow_api_v02.greet scheduled__2023-01-07T00:00:00+00:00 [queued]>
[2023-05-25T10:35:17.077+0000] {taskinstance.py:1308} INFO - Starting attempt 1 of 6
[2023-05-25T10:35:17.315+0000] {taskinstance.py:1327} INFO - Executing <Task(_PythonDecoratedOperator): greet> on 2023-01-07 00:00:00+00:00
[2023-05-25T10:35:17.324+0000] {standard_task_runner.py:57} INFO - Started process 4342 to run task
[2023-05-25T10:35:17.358+0000] {standard_task_runner.py:84} INFO - Running: ['***', 'tasks', 'run', 'dag_with_taskflow_api_v02', 'greet', 'scheduled__2023-01-07T00:00:00+00:00', '--job-id', '1351', '--raw', '--subdir', 'DAGS_FOLDER/first_dag.py', '--cfg-path', '/tmp/tmp3bqnhymb']
[2023-05-25T10:35:17.362+0000] {standard_task_runner.py:85} INFO - Job 1351: Subtask greet
[2023-05-25T10:35:17.886+0000] {task_command.py:410} INFO - Running <TaskInstance: dag_with_taskflow_api_v02.greet scheduled__2023-01-07T00:00:00+00:00 [running]> on host b1ae37a9584e
[2023-05-25T10:35:18.879+0000] {taskinstance.py:1547} INFO - Exporting env vars: AIRFLOW_CTX_DAG_OWNER='Sai' AIRFLOW_CTX_DAG_ID='dag_with_taskflow_api_v02' AIRFLOW_CTX_TASK_ID='greet' AIRFLOW_CTX_EXECUTION_DATE='2023-01-07T00:00:00+00:00' AIRFLOW_CTX_TRY_NUMBER='1' AIRFLOW_CTX_DAG_RUN_ID='scheduled__2023-01-07T00:00:00+00:00'
[2023-05-25T10:35:18.880+0000] {logging_mixin.py:149} INFO - Hello World! My name is Sai Tr and I am 19 years old!
[2023-05-25T10:35:18.881+0000] {python.py:183} INFO - Done. Returned value was: None
[2023-05-25T10:35:18.957+0000] {taskinstance.py:1350} INFO - Marking task as SUCCESS. dag_id=dag_with_taskflow_api_v02, task_id=greet, execution_date=20230107T000000, start_date=20230525T103516, end_date=20230525T103518
[2023-05-25T10:35:19.498+0000] {local_task_job_runner.py:225} INFO - Task exited with return code 0
[2023-05-25T10:35:19.669+0000] {taskinstance.py:2651} INFO - 0 downstream tasks scheduled from follow-on schedule check
