[2023-05-24T15:29:51.867+0000] {taskinstance.py:1103} INFO - Dependencies all met for dep_context=non-requeueable deps ti=<TaskInstance: dag_with_taskflow_api_v02.get_name scheduled__2023-03-03T00:00:00+00:00 [queued]>
[2023-05-24T15:29:51.901+0000] {taskinstance.py:1103} INFO - Dependencies all met for dep_context=requeueable deps ti=<TaskInstance: dag_with_taskflow_api_v02.get_name scheduled__2023-03-03T00:00:00+00:00 [queued]>
[2023-05-24T15:29:51.902+0000] {taskinstance.py:1308} INFO - Starting attempt 1 of 6
[2023-05-24T15:29:52.516+0000] {taskinstance.py:1327} INFO - Executing <Task(_PythonDecoratedOperator): get_name> on 2023-03-03 00:00:00+00:00
[2023-05-24T15:29:52.523+0000] {standard_task_runner.py:57} INFO - Started process 3495 to run task
[2023-05-24T15:29:52.574+0000] {standard_task_runner.py:84} INFO - Running: ['***', 'tasks', 'run', 'dag_with_taskflow_api_v02', 'get_name', 'scheduled__2023-03-03T00:00:00+00:00', '--job-id', '1480', '--raw', '--subdir', 'DAGS_FOLDER/first_dag.py', '--cfg-path', '/tmp/tmp2vjc5ukw']
[2023-05-24T15:29:52.589+0000] {standard_task_runner.py:85} INFO - Job 1480: Subtask get_name
[2023-05-24T15:29:52.883+0000] {task_command.py:410} INFO - Running <TaskInstance: dag_with_taskflow_api_v02.get_name scheduled__2023-03-03T00:00:00+00:00 [running]> on host 942de29f183d
[2023-05-24T15:29:53.632+0000] {taskinstance.py:1547} INFO - Exporting env vars: AIRFLOW_CTX_DAG_OWNER='Sai' AIRFLOW_CTX_DAG_ID='dag_with_taskflow_api_v02' AIRFLOW_CTX_TASK_ID='get_name' AIRFLOW_CTX_EXECUTION_DATE='2023-03-03T00:00:00+00:00' AIRFLOW_CTX_TRY_NUMBER='1' AIRFLOW_CTX_DAG_RUN_ID='scheduled__2023-03-03T00:00:00+00:00'
[2023-05-24T15:29:53.633+0000] {python.py:183} INFO - Done. Returned value was: {'first_name': 'Sai', 'last_name': 'Tr'}
[2023-05-24T15:29:53.840+0000] {taskinstance.py:1350} INFO - Marking task as SUCCESS. dag_id=dag_with_taskflow_api_v02, task_id=get_name, execution_date=20230303T000000, start_date=20230524T152951, end_date=20230524T152953
[2023-05-24T15:29:53.986+0000] {local_task_job_runner.py:225} INFO - Task exited with return code 0
[2023-05-24T15:29:54.264+0000] {taskinstance.py:2651} INFO - 0 downstream tasks scheduled from follow-on schedule check
[2023-05-25T07:02:24.591+0000] {taskinstance.py:1103} INFO - Dependencies all met for dep_context=non-requeueable deps ti=<TaskInstance: dag_with_taskflow_api_v02.get_name scheduled__2023-03-03T00:00:00+00:00 [queued]>
[2023-05-25T07:02:24.699+0000] {taskinstance.py:1103} INFO - Dependencies all met for dep_context=requeueable deps ti=<TaskInstance: dag_with_taskflow_api_v02.get_name scheduled__2023-03-03T00:00:00+00:00 [queued]>
[2023-05-25T07:02:24.699+0000] {taskinstance.py:1308} INFO - Starting attempt 1 of 6
[2023-05-25T07:02:24.875+0000] {taskinstance.py:1327} INFO - Executing <Task(_PythonDecoratedOperator): get_name> on 2023-03-03 00:00:00+00:00
[2023-05-25T07:02:24.912+0000] {standard_task_runner.py:57} INFO - Started process 5012 to run task
[2023-05-25T07:02:24.933+0000] {standard_task_runner.py:84} INFO - Running: ['***', 'tasks', 'run', 'dag_with_taskflow_api_v02', 'get_name', 'scheduled__2023-03-03T00:00:00+00:00', '--job-id', '1479', '--raw', '--subdir', 'DAGS_FOLDER/first_dag.py', '--cfg-path', '/tmp/tmpsn6nyfw_']
[2023-05-25T07:02:24.953+0000] {standard_task_runner.py:85} INFO - Job 1479: Subtask get_name
[2023-05-25T07:02:25.239+0000] {task_command.py:410} INFO - Running <TaskInstance: dag_with_taskflow_api_v02.get_name scheduled__2023-03-03T00:00:00+00:00 [running]> on host 6bd07c7477d9
[2023-05-25T07:02:26.060+0000] {taskinstance.py:1547} INFO - Exporting env vars: AIRFLOW_CTX_DAG_OWNER='Sai' AIRFLOW_CTX_DAG_ID='dag_with_taskflow_api_v02' AIRFLOW_CTX_TASK_ID='get_name' AIRFLOW_CTX_EXECUTION_DATE='2023-03-03T00:00:00+00:00' AIRFLOW_CTX_TRY_NUMBER='1' AIRFLOW_CTX_DAG_RUN_ID='scheduled__2023-03-03T00:00:00+00:00'
[2023-05-25T07:02:26.061+0000] {python.py:183} INFO - Done. Returned value was: {'first_name': 'Sai', 'last_name': 'Tr'}
[2023-05-25T07:02:26.307+0000] {taskinstance.py:1350} INFO - Marking task as SUCCESS. dag_id=dag_with_taskflow_api_v02, task_id=get_name, execution_date=20230303T000000, start_date=20230525T070224, end_date=20230525T070226
[2023-05-25T07:02:26.930+0000] {local_task_job_runner.py:225} INFO - Task exited with return code 0
[2023-05-25T07:02:27.140+0000] {taskinstance.py:2651} INFO - 1 downstream tasks scheduled from follow-on schedule check
[2023-05-25T10:36:48.117+0000] {taskinstance.py:1103} INFO - Dependencies all met for dep_context=non-requeueable deps ti=<TaskInstance: dag_with_taskflow_api_v02.get_name scheduled__2023-03-03T00:00:00+00:00 [queued]>
[2023-05-25T10:36:48.265+0000] {taskinstance.py:1103} INFO - Dependencies all met for dep_context=requeueable deps ti=<TaskInstance: dag_with_taskflow_api_v02.get_name scheduled__2023-03-03T00:00:00+00:00 [queued]>
[2023-05-25T10:36:48.265+0000] {taskinstance.py:1308} INFO - Starting attempt 1 of 6
[2023-05-25T10:36:48.427+0000] {taskinstance.py:1327} INFO - Executing <Task(_PythonDecoratedOperator): get_name> on 2023-03-03 00:00:00+00:00
[2023-05-25T10:36:48.445+0000] {standard_task_runner.py:57} INFO - Started process 4658 to run task
[2023-05-25T10:36:48.478+0000] {standard_task_runner.py:84} INFO - Running: ['***', 'tasks', 'run', 'dag_with_taskflow_api_v02', 'get_name', 'scheduled__2023-03-03T00:00:00+00:00', '--job-id', '1492', '--raw', '--subdir', 'DAGS_FOLDER/first_dag.py', '--cfg-path', '/tmp/tmpanybm9xy']
[2023-05-25T10:36:48.504+0000] {standard_task_runner.py:85} INFO - Job 1492: Subtask get_name
[2023-05-25T10:36:48.774+0000] {task_command.py:410} INFO - Running <TaskInstance: dag_with_taskflow_api_v02.get_name scheduled__2023-03-03T00:00:00+00:00 [running]> on host b1ae37a9584e
[2023-05-25T10:36:49.308+0000] {taskinstance.py:1547} INFO - Exporting env vars: AIRFLOW_CTX_DAG_OWNER='Sai' AIRFLOW_CTX_DAG_ID='dag_with_taskflow_api_v02' AIRFLOW_CTX_TASK_ID='get_name' AIRFLOW_CTX_EXECUTION_DATE='2023-03-03T00:00:00+00:00' AIRFLOW_CTX_TRY_NUMBER='1' AIRFLOW_CTX_DAG_RUN_ID='scheduled__2023-03-03T00:00:00+00:00'
[2023-05-25T10:36:49.309+0000] {python.py:183} INFO - Done. Returned value was: {'first_name': 'Sai', 'last_name': 'Tr'}
[2023-05-25T10:36:49.588+0000] {taskinstance.py:1350} INFO - Marking task as SUCCESS. dag_id=dag_with_taskflow_api_v02, task_id=get_name, execution_date=20230303T000000, start_date=20230525T103648, end_date=20230525T103649
[2023-05-25T10:36:49.752+0000] {local_task_job_runner.py:225} INFO - Task exited with return code 0
[2023-05-25T10:36:50.016+0000] {taskinstance.py:2651} INFO - 0 downstream tasks scheduled from follow-on schedule check
