[2023-05-24T15:17:33.804+0000] {taskinstance.py:1103} INFO - Dependencies all met for dep_context=non-requeueable deps ti=<TaskInstance: dag_with_taskflow_api_v02.get_name scheduled__2022-01-13T00:00:00+00:00 [queued]>
[2023-05-24T15:17:33.911+0000] {taskinstance.py:1103} INFO - Dependencies all met for dep_context=requeueable deps ti=<TaskInstance: dag_with_taskflow_api_v02.get_name scheduled__2022-01-13T00:00:00+00:00 [queued]>
[2023-05-24T15:17:33.911+0000] {taskinstance.py:1308} INFO - Starting attempt 1 of 6
[2023-05-24T15:17:34.391+0000] {taskinstance.py:1327} INFO - Executing <Task(_PythonDecoratedOperator): get_name> on 2022-01-13 00:00:00+00:00
[2023-05-24T15:17:34.456+0000] {standard_task_runner.py:57} INFO - Started process 727 to run task
[2023-05-24T15:17:34.657+0000] {standard_task_runner.py:84} INFO - Running: ['***', 'tasks', 'run', 'dag_with_taskflow_api_v02', 'get_name', 'scheduled__2022-01-13T00:00:00+00:00', '--job-id', '237', '--raw', '--subdir', 'DAGS_FOLDER/first_dag.py', '--cfg-path', '/tmp/tmpvo6noxn2']
[2023-05-24T15:17:34.806+0000] {standard_task_runner.py:85} INFO - Job 237: Subtask get_name
[2023-05-24T15:17:35.555+0000] {task_command.py:410} INFO - Running <TaskInstance: dag_with_taskflow_api_v02.get_name scheduled__2022-01-13T00:00:00+00:00 [running]> on host 942de29f183d
[2023-05-24T15:17:37.575+0000] {taskinstance.py:1547} INFO - Exporting env vars: AIRFLOW_CTX_DAG_OWNER='Sai' AIRFLOW_CTX_DAG_ID='dag_with_taskflow_api_v02' AIRFLOW_CTX_TASK_ID='get_name' AIRFLOW_CTX_EXECUTION_DATE='2022-01-13T00:00:00+00:00' AIRFLOW_CTX_TRY_NUMBER='1' AIRFLOW_CTX_DAG_RUN_ID='scheduled__2022-01-13T00:00:00+00:00'
[2023-05-24T15:17:37.576+0000] {python.py:183} INFO - Done. Returned value was: {'first_name': 'Sai', 'last_name': 'Tr'}
[2023-05-24T15:17:37.808+0000] {taskinstance.py:1350} INFO - Marking task as SUCCESS. dag_id=dag_with_taskflow_api_v02, task_id=get_name, execution_date=20220113T000000, start_date=20230524T151733, end_date=20230524T151737
[2023-05-24T15:17:37.978+0000] {local_task_job_runner.py:225} INFO - Task exited with return code 0
[2023-05-24T15:17:39.128+0000] {taskinstance.py:2651} INFO - 0 downstream tasks scheduled from follow-on schedule check
[2023-05-25T06:51:08.899+0000] {taskinstance.py:1103} INFO - Dependencies all met for dep_context=non-requeueable deps ti=<TaskInstance: dag_with_taskflow_api_v02.get_name scheduled__2022-01-13T00:00:00+00:00 [queued]>
[2023-05-25T06:51:08.950+0000] {taskinstance.py:1103} INFO - Dependencies all met for dep_context=requeueable deps ti=<TaskInstance: dag_with_taskflow_api_v02.get_name scheduled__2022-01-13T00:00:00+00:00 [queued]>
[2023-05-25T06:51:08.951+0000] {taskinstance.py:1308} INFO - Starting attempt 1 of 6
[2023-05-25T06:51:09.174+0000] {taskinstance.py:1327} INFO - Executing <Task(_PythonDecoratedOperator): get_name> on 2022-01-13 00:00:00+00:00
[2023-05-25T06:51:09.181+0000] {standard_task_runner.py:57} INFO - Started process 2268 to run task
[2023-05-25T06:51:09.200+0000] {standard_task_runner.py:84} INFO - Running: ['***', 'tasks', 'run', 'dag_with_taskflow_api_v02', 'get_name', 'scheduled__2022-01-13T00:00:00+00:00', '--job-id', '239', '--raw', '--subdir', 'DAGS_FOLDER/first_dag.py', '--cfg-path', '/tmp/tmpjp85ngqd']
[2023-05-25T06:51:09.235+0000] {standard_task_runner.py:85} INFO - Job 239: Subtask get_name
[2023-05-25T06:51:09.602+0000] {task_command.py:410} INFO - Running <TaskInstance: dag_with_taskflow_api_v02.get_name scheduled__2022-01-13T00:00:00+00:00 [running]> on host 6bd07c7477d9
[2023-05-25T06:51:10.414+0000] {taskinstance.py:1547} INFO - Exporting env vars: AIRFLOW_CTX_DAG_OWNER='Sai' AIRFLOW_CTX_DAG_ID='dag_with_taskflow_api_v02' AIRFLOW_CTX_TASK_ID='get_name' AIRFLOW_CTX_EXECUTION_DATE='2022-01-13T00:00:00+00:00' AIRFLOW_CTX_TRY_NUMBER='1' AIRFLOW_CTX_DAG_RUN_ID='scheduled__2022-01-13T00:00:00+00:00'
[2023-05-25T06:51:10.415+0000] {python.py:183} INFO - Done. Returned value was: {'first_name': 'Sai', 'last_name': 'Tr'}
[2023-05-25T06:51:10.680+0000] {taskinstance.py:1350} INFO - Marking task as SUCCESS. dag_id=dag_with_taskflow_api_v02, task_id=get_name, execution_date=20220113T000000, start_date=20230525T065108, end_date=20230525T065110
[2023-05-25T06:51:10.776+0000] {local_task_job_runner.py:225} INFO - Task exited with return code 0
[2023-05-25T06:51:11.023+0000] {taskinstance.py:2651} INFO - 0 downstream tasks scheduled from follow-on schedule check
[2023-05-25T10:21:37.444+0000] {taskinstance.py:1103} INFO - Dependencies all met for dep_context=non-requeueable deps ti=<TaskInstance: dag_with_taskflow_api_v02.get_name scheduled__2022-01-13T00:00:00+00:00 [queued]>
[2023-05-25T10:21:37.520+0000] {taskinstance.py:1103} INFO - Dependencies all met for dep_context=requeueable deps ti=<TaskInstance: dag_with_taskflow_api_v02.get_name scheduled__2022-01-13T00:00:00+00:00 [queued]>
[2023-05-25T10:21:37.531+0000] {taskinstance.py:1308} INFO - Starting attempt 1 of 6
[2023-05-25T10:21:37.751+0000] {taskinstance.py:1327} INFO - Executing <Task(_PythonDecoratedOperator): get_name> on 2022-01-13 00:00:00+00:00
[2023-05-25T10:21:37.775+0000] {standard_task_runner.py:57} INFO - Started process 1793 to run task
[2023-05-25T10:21:37.810+0000] {standard_task_runner.py:84} INFO - Running: ['***', 'tasks', 'run', 'dag_with_taskflow_api_v02', 'get_name', 'scheduled__2022-01-13T00:00:00+00:00', '--job-id', '232', '--raw', '--subdir', 'DAGS_FOLDER/first_dag.py', '--cfg-path', '/tmp/tmpamw8c3ym']
[2023-05-25T10:21:37.828+0000] {standard_task_runner.py:85} INFO - Job 232: Subtask get_name
[2023-05-25T10:21:38.091+0000] {task_command.py:410} INFO - Running <TaskInstance: dag_with_taskflow_api_v02.get_name scheduled__2022-01-13T00:00:00+00:00 [running]> on host b1ae37a9584e
[2023-05-25T10:21:38.964+0000] {taskinstance.py:1547} INFO - Exporting env vars: AIRFLOW_CTX_DAG_OWNER='Sai' AIRFLOW_CTX_DAG_ID='dag_with_taskflow_api_v02' AIRFLOW_CTX_TASK_ID='get_name' AIRFLOW_CTX_EXECUTION_DATE='2022-01-13T00:00:00+00:00' AIRFLOW_CTX_TRY_NUMBER='1' AIRFLOW_CTX_DAG_RUN_ID='scheduled__2022-01-13T00:00:00+00:00'
[2023-05-25T10:21:38.965+0000] {python.py:183} INFO - Done. Returned value was: {'first_name': 'Sai', 'last_name': 'Tr'}
[2023-05-25T10:21:39.137+0000] {taskinstance.py:1350} INFO - Marking task as SUCCESS. dag_id=dag_with_taskflow_api_v02, task_id=get_name, execution_date=20220113T000000, start_date=20230525T102137, end_date=20230525T102139
[2023-05-25T10:21:39.210+0000] {local_task_job_runner.py:225} INFO - Task exited with return code 0
[2023-05-25T10:21:39.467+0000] {taskinstance.py:2651} INFO - 0 downstream tasks scheduled from follow-on schedule check
