[2023-05-24T15:26:32.164+0000] {taskinstance.py:1103} INFO - Dependencies all met for dep_context=non-requeueable deps ti=<TaskInstance: dag_with_taskflow_api_v02.greet scheduled__2022-10-30T00:00:00+00:00 [queued]>
[2023-05-24T15:26:32.177+0000] {taskinstance.py:1103} INFO - Dependencies all met for dep_context=requeueable deps ti=<TaskInstance: dag_with_taskflow_api_v02.greet scheduled__2022-10-30T00:00:00+00:00 [queued]>
[2023-05-24T15:26:32.177+0000] {taskinstance.py:1308} INFO - Starting attempt 1 of 6
[2023-05-24T15:26:32.206+0000] {taskinstance.py:1327} INFO - Executing <Task(_PythonDecoratedOperator): greet> on 2022-10-30 00:00:00+00:00
[2023-05-24T15:26:32.212+0000] {standard_task_runner.py:57} INFO - Started process 2686 to run task
[2023-05-24T15:26:32.217+0000] {standard_task_runner.py:84} INFO - Running: ['***', 'tasks', 'run', 'dag_with_taskflow_api_v02', 'greet', 'scheduled__2022-10-30T00:00:00+00:00', '--job-id', '1120', '--raw', '--subdir', 'DAGS_FOLDER/first_dag.py', '--cfg-path', '/tmp/tmp4oswappw']
[2023-05-24T15:26:32.220+0000] {standard_task_runner.py:85} INFO - Job 1120: Subtask greet
[2023-05-24T15:26:32.317+0000] {task_command.py:410} INFO - Running <TaskInstance: dag_with_taskflow_api_v02.greet scheduled__2022-10-30T00:00:00+00:00 [running]> on host 942de29f183d
[2023-05-24T15:26:32.571+0000] {taskinstance.py:1547} INFO - Exporting env vars: AIRFLOW_CTX_DAG_OWNER='Sai' AIRFLOW_CTX_DAG_ID='dag_with_taskflow_api_v02' AIRFLOW_CTX_TASK_ID='greet' AIRFLOW_CTX_EXECUTION_DATE='2022-10-30T00:00:00+00:00' AIRFLOW_CTX_TRY_NUMBER='1' AIRFLOW_CTX_DAG_RUN_ID='scheduled__2022-10-30T00:00:00+00:00'
[2023-05-24T15:26:32.572+0000] {logging_mixin.py:149} INFO - Hello World! My name is Sai Tr and I am 19 years old!
[2023-05-24T15:26:32.573+0000] {python.py:183} INFO - Done. Returned value was: None
[2023-05-24T15:26:32.618+0000] {taskinstance.py:1350} INFO - Marking task as SUCCESS. dag_id=dag_with_taskflow_api_v02, task_id=greet, execution_date=20221030T000000, start_date=20230524T152632, end_date=20230524T152632
[2023-05-24T15:26:32.680+0000] {local_task_job_runner.py:225} INFO - Task exited with return code 0
[2023-05-24T15:26:32.746+0000] {taskinstance.py:2651} INFO - 0 downstream tasks scheduled from follow-on schedule check
[2023-05-25T06:59:08.032+0000] {taskinstance.py:1103} INFO - Dependencies all met for dep_context=non-requeueable deps ti=<TaskInstance: dag_with_taskflow_api_v02.greet scheduled__2022-10-30T00:00:00+00:00 [queued]>
[2023-05-25T06:59:08.075+0000] {taskinstance.py:1103} INFO - Dependencies all met for dep_context=requeueable deps ti=<TaskInstance: dag_with_taskflow_api_v02.greet scheduled__2022-10-30T00:00:00+00:00 [queued]>
[2023-05-25T06:59:08.075+0000] {taskinstance.py:1308} INFO - Starting attempt 1 of 6
[2023-05-25T06:59:08.145+0000] {taskinstance.py:1327} INFO - Executing <Task(_PythonDecoratedOperator): greet> on 2022-10-30 00:00:00+00:00
[2023-05-25T06:59:08.159+0000] {standard_task_runner.py:57} INFO - Started process 4204 to run task
[2023-05-25T06:59:08.177+0000] {standard_task_runner.py:84} INFO - Running: ['***', 'tasks', 'run', 'dag_with_taskflow_api_v02', 'greet', 'scheduled__2022-10-30T00:00:00+00:00', '--job-id', '1119', '--raw', '--subdir', 'DAGS_FOLDER/first_dag.py', '--cfg-path', '/tmp/tmpwzna018t']
[2023-05-25T06:59:08.180+0000] {standard_task_runner.py:85} INFO - Job 1119: Subtask greet
[2023-05-25T06:59:08.342+0000] {task_command.py:410} INFO - Running <TaskInstance: dag_with_taskflow_api_v02.greet scheduled__2022-10-30T00:00:00+00:00 [running]> on host 6bd07c7477d9
[2023-05-25T06:59:08.627+0000] {taskinstance.py:1547} INFO - Exporting env vars: AIRFLOW_CTX_DAG_OWNER='Sai' AIRFLOW_CTX_DAG_ID='dag_with_taskflow_api_v02' AIRFLOW_CTX_TASK_ID='greet' AIRFLOW_CTX_EXECUTION_DATE='2022-10-30T00:00:00+00:00' AIRFLOW_CTX_TRY_NUMBER='1' AIRFLOW_CTX_DAG_RUN_ID='scheduled__2022-10-30T00:00:00+00:00'
[2023-05-25T06:59:08.628+0000] {logging_mixin.py:149} INFO - Hello World! My name is Sai Tr and I am 19 years old!
[2023-05-25T06:59:08.628+0000] {python.py:183} INFO - Done. Returned value was: None
[2023-05-25T06:59:08.646+0000] {taskinstance.py:1350} INFO - Marking task as SUCCESS. dag_id=dag_with_taskflow_api_v02, task_id=greet, execution_date=20221030T000000, start_date=20230525T065908, end_date=20230525T065908
[2023-05-25T06:59:08.693+0000] {local_task_job_runner.py:225} INFO - Task exited with return code 0
[2023-05-25T06:59:08.786+0000] {taskinstance.py:2651} INFO - 0 downstream tasks scheduled from follow-on schedule check
[2023-05-25T10:32:46.027+0000] {taskinstance.py:1103} INFO - Dependencies all met for dep_context=non-requeueable deps ti=<TaskInstance: dag_with_taskflow_api_v02.greet scheduled__2022-10-30T00:00:00+00:00 [queued]>
[2023-05-25T10:32:46.055+0000] {taskinstance.py:1103} INFO - Dependencies all met for dep_context=requeueable deps ti=<TaskInstance: dag_with_taskflow_api_v02.greet scheduled__2022-10-30T00:00:00+00:00 [queued]>
[2023-05-25T10:32:46.055+0000] {taskinstance.py:1308} INFO - Starting attempt 1 of 6
[2023-05-25T10:32:46.103+0000] {taskinstance.py:1327} INFO - Executing <Task(_PythonDecoratedOperator): greet> on 2022-10-30 00:00:00+00:00
[2023-05-25T10:32:46.116+0000] {standard_task_runner.py:57} INFO - Started process 3839 to run task
[2023-05-25T10:32:46.132+0000] {standard_task_runner.py:84} INFO - Running: ['***', 'tasks', 'run', 'dag_with_taskflow_api_v02', 'greet', 'scheduled__2022-10-30T00:00:00+00:00', '--job-id', '1132', '--raw', '--subdir', 'DAGS_FOLDER/first_dag.py', '--cfg-path', '/tmp/tmpklb91zwj']
[2023-05-25T10:32:46.135+0000] {standard_task_runner.py:85} INFO - Job 1132: Subtask greet
[2023-05-25T10:32:46.238+0000] {task_command.py:410} INFO - Running <TaskInstance: dag_with_taskflow_api_v02.greet scheduled__2022-10-30T00:00:00+00:00 [running]> on host b1ae37a9584e
[2023-05-25T10:32:46.597+0000] {taskinstance.py:1547} INFO - Exporting env vars: AIRFLOW_CTX_DAG_OWNER='Sai' AIRFLOW_CTX_DAG_ID='dag_with_taskflow_api_v02' AIRFLOW_CTX_TASK_ID='greet' AIRFLOW_CTX_EXECUTION_DATE='2022-10-30T00:00:00+00:00' AIRFLOW_CTX_TRY_NUMBER='1' AIRFLOW_CTX_DAG_RUN_ID='scheduled__2022-10-30T00:00:00+00:00'
[2023-05-25T10:32:46.601+0000] {logging_mixin.py:149} INFO - Hello World! My name is Sai Tr and I am 19 years old!
[2023-05-25T10:32:46.601+0000] {python.py:183} INFO - Done. Returned value was: None
[2023-05-25T10:32:46.625+0000] {taskinstance.py:1350} INFO - Marking task as SUCCESS. dag_id=dag_with_taskflow_api_v02, task_id=greet, execution_date=20221030T000000, start_date=20230525T103246, end_date=20230525T103246
[2023-05-25T10:32:46.698+0000] {local_task_job_runner.py:225} INFO - Task exited with return code 0
[2023-05-25T10:32:46.730+0000] {taskinstance.py:2651} INFO - 0 downstream tasks scheduled from follow-on schedule check
