[2023-05-24T15:30:32.768+0000] {taskinstance.py:1103} INFO - Dependencies all met for dep_context=non-requeueable deps ti=<TaskInstance: dag_with_taskflow_api_v02.greet scheduled__2023-03-25T00:00:00+00:00 [queued]>
[2023-05-24T15:30:32.818+0000] {taskinstance.py:1103} INFO - Dependencies all met for dep_context=requeueable deps ti=<TaskInstance: dag_with_taskflow_api_v02.greet scheduled__2023-03-25T00:00:00+00:00 [queued]>
[2023-05-24T15:30:32.819+0000] {taskinstance.py:1308} INFO - Starting attempt 1 of 6
[2023-05-24T15:30:32.908+0000] {taskinstance.py:1327} INFO - Executing <Task(_PythonDecoratedOperator): greet> on 2023-03-25 00:00:00+00:00
[2023-05-24T15:30:32.927+0000] {standard_task_runner.py:57} INFO - Started process 3661 to run task
[2023-05-24T15:30:32.952+0000] {standard_task_runner.py:84} INFO - Running: ['***', 'tasks', 'run', 'dag_with_taskflow_api_v02', 'greet', 'scheduled__2023-03-25T00:00:00+00:00', '--job-id', '1557', '--raw', '--subdir', 'DAGS_FOLDER/first_dag.py', '--cfg-path', '/tmp/tmp0za384cw']
[2023-05-24T15:30:32.966+0000] {standard_task_runner.py:85} INFO - Job 1557: Subtask greet
[2023-05-24T15:30:33.134+0000] {task_command.py:410} INFO - Running <TaskInstance: dag_with_taskflow_api_v02.greet scheduled__2023-03-25T00:00:00+00:00 [running]> on host 942de29f183d
[2023-05-24T15:30:33.636+0000] {taskinstance.py:1547} INFO - Exporting env vars: AIRFLOW_CTX_DAG_OWNER='Sai' AIRFLOW_CTX_DAG_ID='dag_with_taskflow_api_v02' AIRFLOW_CTX_TASK_ID='greet' AIRFLOW_CTX_EXECUTION_DATE='2023-03-25T00:00:00+00:00' AIRFLOW_CTX_TRY_NUMBER='1' AIRFLOW_CTX_DAG_RUN_ID='scheduled__2023-03-25T00:00:00+00:00'
[2023-05-24T15:30:33.637+0000] {logging_mixin.py:149} INFO - Hello World! My name is Sai Tr and I am 19 years old!
[2023-05-24T15:30:33.638+0000] {python.py:183} INFO - Done. Returned value was: None
[2023-05-24T15:30:33.663+0000] {taskinstance.py:1350} INFO - Marking task as SUCCESS. dag_id=dag_with_taskflow_api_v02, task_id=greet, execution_date=20230325T000000, start_date=20230524T153032, end_date=20230524T153033
[2023-05-24T15:30:33.732+0000] {local_task_job_runner.py:225} INFO - Task exited with return code 0
[2023-05-24T15:30:33.953+0000] {taskinstance.py:2651} INFO - 0 downstream tasks scheduled from follow-on schedule check
[2023-05-25T07:03:04.862+0000] {taskinstance.py:1103} INFO - Dependencies all met for dep_context=non-requeueable deps ti=<TaskInstance: dag_with_taskflow_api_v02.greet scheduled__2023-03-25T00:00:00+00:00 [queued]>
[2023-05-25T07:03:04.896+0000] {taskinstance.py:1103} INFO - Dependencies all met for dep_context=requeueable deps ti=<TaskInstance: dag_with_taskflow_api_v02.greet scheduled__2023-03-25T00:00:00+00:00 [queued]>
[2023-05-25T07:03:04.896+0000] {taskinstance.py:1308} INFO - Starting attempt 1 of 6
[2023-05-25T07:03:04.950+0000] {taskinstance.py:1327} INFO - Executing <Task(_PythonDecoratedOperator): greet> on 2023-03-25 00:00:00+00:00
[2023-05-25T07:03:04.966+0000] {standard_task_runner.py:57} INFO - Started process 5176 to run task
[2023-05-25T07:03:05.000+0000] {standard_task_runner.py:84} INFO - Running: ['***', 'tasks', 'run', 'dag_with_taskflow_api_v02', 'greet', 'scheduled__2023-03-25T00:00:00+00:00', '--job-id', '1556', '--raw', '--subdir', 'DAGS_FOLDER/first_dag.py', '--cfg-path', '/tmp/tmpsf9xikwl']
[2023-05-25T07:03:05.003+0000] {standard_task_runner.py:85} INFO - Job 1556: Subtask greet
[2023-05-25T07:03:05.209+0000] {task_command.py:410} INFO - Running <TaskInstance: dag_with_taskflow_api_v02.greet scheduled__2023-03-25T00:00:00+00:00 [running]> on host 6bd07c7477d9
[2023-05-25T07:03:05.558+0000] {taskinstance.py:1547} INFO - Exporting env vars: AIRFLOW_CTX_DAG_OWNER='Sai' AIRFLOW_CTX_DAG_ID='dag_with_taskflow_api_v02' AIRFLOW_CTX_TASK_ID='greet' AIRFLOW_CTX_EXECUTION_DATE='2023-03-25T00:00:00+00:00' AIRFLOW_CTX_TRY_NUMBER='1' AIRFLOW_CTX_DAG_RUN_ID='scheduled__2023-03-25T00:00:00+00:00'
[2023-05-25T07:03:05.560+0000] {logging_mixin.py:149} INFO - Hello World! My name is Sai Tr and I am 19 years old!
[2023-05-25T07:03:05.561+0000] {python.py:183} INFO - Done. Returned value was: None
[2023-05-25T07:03:05.597+0000] {taskinstance.py:1350} INFO - Marking task as SUCCESS. dag_id=dag_with_taskflow_api_v02, task_id=greet, execution_date=20230325T000000, start_date=20230525T070304, end_date=20230525T070305
[2023-05-25T07:03:05.669+0000] {local_task_job_runner.py:225} INFO - Task exited with return code 0
[2023-05-25T07:03:05.760+0000] {taskinstance.py:2651} INFO - 0 downstream tasks scheduled from follow-on schedule check
[2023-05-25T10:37:44.281+0000] {taskinstance.py:1103} INFO - Dependencies all met for dep_context=non-requeueable deps ti=<TaskInstance: dag_with_taskflow_api_v02.greet scheduled__2023-03-25T00:00:00+00:00 [queued]>
[2023-05-25T10:37:44.396+0000] {taskinstance.py:1103} INFO - Dependencies all met for dep_context=requeueable deps ti=<TaskInstance: dag_with_taskflow_api_v02.greet scheduled__2023-03-25T00:00:00+00:00 [queued]>
[2023-05-25T10:37:44.397+0000] {taskinstance.py:1308} INFO - Starting attempt 1 of 6
[2023-05-25T10:37:44.674+0000] {taskinstance.py:1327} INFO - Executing <Task(_PythonDecoratedOperator): greet> on 2023-03-25 00:00:00+00:00
[2023-05-25T10:37:44.686+0000] {standard_task_runner.py:57} INFO - Started process 4857 to run task
[2023-05-25T10:37:44.752+0000] {standard_task_runner.py:84} INFO - Running: ['***', 'tasks', 'run', 'dag_with_taskflow_api_v02', 'greet', 'scheduled__2023-03-25T00:00:00+00:00', '--job-id', '1581', '--raw', '--subdir', 'DAGS_FOLDER/first_dag.py', '--cfg-path', '/tmp/tmp8607sgym']
[2023-05-25T10:37:44.767+0000] {standard_task_runner.py:85} INFO - Job 1581: Subtask greet
[2023-05-25T10:37:45.050+0000] {task_command.py:410} INFO - Running <TaskInstance: dag_with_taskflow_api_v02.greet scheduled__2023-03-25T00:00:00+00:00 [running]> on host b1ae37a9584e
[2023-05-25T10:37:45.890+0000] {taskinstance.py:1547} INFO - Exporting env vars: AIRFLOW_CTX_DAG_OWNER='Sai' AIRFLOW_CTX_DAG_ID='dag_with_taskflow_api_v02' AIRFLOW_CTX_TASK_ID='greet' AIRFLOW_CTX_EXECUTION_DATE='2023-03-25T00:00:00+00:00' AIRFLOW_CTX_TRY_NUMBER='1' AIRFLOW_CTX_DAG_RUN_ID='scheduled__2023-03-25T00:00:00+00:00'
[2023-05-25T10:37:45.891+0000] {logging_mixin.py:149} INFO - Hello World! My name is Sai Tr and I am 19 years old!
[2023-05-25T10:37:45.891+0000] {python.py:183} INFO - Done. Returned value was: None
[2023-05-25T10:37:45.925+0000] {taskinstance.py:1350} INFO - Marking task as SUCCESS. dag_id=dag_with_taskflow_api_v02, task_id=greet, execution_date=20230325T000000, start_date=20230525T103744, end_date=20230525T103745
[2023-05-25T10:37:46.071+0000] {local_task_job_runner.py:225} INFO - Task exited with return code 0
[2023-05-25T10:37:46.196+0000] {taskinstance.py:2651} INFO - 0 downstream tasks scheduled from follow-on schedule check
