[2023-05-24T15:22:58.615+0000] {taskinstance.py:1103} INFO - Dependencies all met for dep_context=non-requeueable deps ti=<TaskInstance: dag_with_taskflow_api_v02.get_name scheduled__2022-06-30T00:00:00+00:00 [queued]>
[2023-05-24T15:22:58.714+0000] {taskinstance.py:1103} INFO - Dependencies all met for dep_context=requeueable deps ti=<TaskInstance: dag_with_taskflow_api_v02.get_name scheduled__2022-06-30T00:00:00+00:00 [queued]>
[2023-05-24T15:22:58.718+0000] {taskinstance.py:1308} INFO - Starting attempt 1 of 6
[2023-05-24T15:22:58.966+0000] {taskinstance.py:1327} INFO - Executing <Task(_PythonDecoratedOperator): get_name> on 2022-06-30 00:00:00+00:00
[2023-05-24T15:22:58.991+0000] {standard_task_runner.py:57} INFO - Started process 1863 to run task
[2023-05-24T15:22:59.024+0000] {standard_task_runner.py:84} INFO - Running: ['***', 'tasks', 'run', 'dag_with_taskflow_api_v02', 'get_name', 'scheduled__2022-06-30T00:00:00+00:00', '--job-id', '744', '--raw', '--subdir', 'DAGS_FOLDER/first_dag.py', '--cfg-path', '/tmp/tmpi3na8dqk']
[2023-05-24T15:22:59.039+0000] {standard_task_runner.py:85} INFO - Job 744: Subtask get_name
[2023-05-24T15:22:59.445+0000] {task_command.py:410} INFO - Running <TaskInstance: dag_with_taskflow_api_v02.get_name scheduled__2022-06-30T00:00:00+00:00 [running]> on host 942de29f183d
[2023-05-24T15:23:00.298+0000] {taskinstance.py:1547} INFO - Exporting env vars: AIRFLOW_CTX_DAG_OWNER='Sai' AIRFLOW_CTX_DAG_ID='dag_with_taskflow_api_v02' AIRFLOW_CTX_TASK_ID='get_name' AIRFLOW_CTX_EXECUTION_DATE='2022-06-30T00:00:00+00:00' AIRFLOW_CTX_TRY_NUMBER='1' AIRFLOW_CTX_DAG_RUN_ID='scheduled__2022-06-30T00:00:00+00:00'
[2023-05-24T15:23:00.300+0000] {python.py:183} INFO - Done. Returned value was: {'first_name': 'Sai', 'last_name': 'Tr'}
[2023-05-24T15:23:00.562+0000] {taskinstance.py:1350} INFO - Marking task as SUCCESS. dag_id=dag_with_taskflow_api_v02, task_id=get_name, execution_date=20220630T000000, start_date=20230524T152258, end_date=20230524T152300
[2023-05-24T15:23:00.779+0000] {local_task_job_runner.py:225} INFO - Task exited with return code 0
[2023-05-24T15:23:01.172+0000] {taskinstance.py:2651} INFO - 0 downstream tasks scheduled from follow-on schedule check
[2023-05-25T06:55:38.789+0000] {taskinstance.py:1103} INFO - Dependencies all met for dep_context=non-requeueable deps ti=<TaskInstance: dag_with_taskflow_api_v02.get_name scheduled__2022-06-30T00:00:00+00:00 [queued]>
[2023-05-25T06:55:38.847+0000] {taskinstance.py:1103} INFO - Dependencies all met for dep_context=requeueable deps ti=<TaskInstance: dag_with_taskflow_api_v02.get_name scheduled__2022-06-30T00:00:00+00:00 [queued]>
[2023-05-25T06:55:38.850+0000] {taskinstance.py:1308} INFO - Starting attempt 1 of 6
[2023-05-25T06:55:38.940+0000] {taskinstance.py:1327} INFO - Executing <Task(_PythonDecoratedOperator): get_name> on 2022-06-30 00:00:00+00:00
[2023-05-25T06:55:38.966+0000] {standard_task_runner.py:57} INFO - Started process 3368 to run task
[2023-05-25T06:55:39.006+0000] {standard_task_runner.py:84} INFO - Running: ['***', 'tasks', 'run', 'dag_with_taskflow_api_v02', 'get_name', 'scheduled__2022-06-30T00:00:00+00:00', '--job-id', '741', '--raw', '--subdir', 'DAGS_FOLDER/first_dag.py', '--cfg-path', '/tmp/tmpoxvvjod_']
[2023-05-25T06:55:39.025+0000] {standard_task_runner.py:85} INFO - Job 741: Subtask get_name
[2023-05-25T06:55:39.379+0000] {task_command.py:410} INFO - Running <TaskInstance: dag_with_taskflow_api_v02.get_name scheduled__2022-06-30T00:00:00+00:00 [running]> on host 6bd07c7477d9
[2023-05-25T06:55:40.014+0000] {taskinstance.py:1547} INFO - Exporting env vars: AIRFLOW_CTX_DAG_OWNER='Sai' AIRFLOW_CTX_DAG_ID='dag_with_taskflow_api_v02' AIRFLOW_CTX_TASK_ID='get_name' AIRFLOW_CTX_EXECUTION_DATE='2022-06-30T00:00:00+00:00' AIRFLOW_CTX_TRY_NUMBER='1' AIRFLOW_CTX_DAG_RUN_ID='scheduled__2022-06-30T00:00:00+00:00'
[2023-05-25T06:55:40.015+0000] {python.py:183} INFO - Done. Returned value was: {'first_name': 'Sai', 'last_name': 'Tr'}
[2023-05-25T06:55:40.263+0000] {taskinstance.py:1350} INFO - Marking task as SUCCESS. dag_id=dag_with_taskflow_api_v02, task_id=get_name, execution_date=20220630T000000, start_date=20230525T065538, end_date=20230525T065540
[2023-05-25T06:55:40.382+0000] {local_task_job_runner.py:225} INFO - Task exited with return code 0
[2023-05-25T06:55:40.965+0000] {taskinstance.py:2651} INFO - 0 downstream tasks scheduled from follow-on schedule check
[2023-05-25T10:27:21.312+0000] {taskinstance.py:1103} INFO - Dependencies all met for dep_context=non-requeueable deps ti=<TaskInstance: dag_with_taskflow_api_v02.get_name scheduled__2022-06-30T00:00:00+00:00 [queued]>
[2023-05-25T10:27:21.394+0000] {taskinstance.py:1103} INFO - Dependencies all met for dep_context=requeueable deps ti=<TaskInstance: dag_with_taskflow_api_v02.get_name scheduled__2022-06-30T00:00:00+00:00 [queued]>
[2023-05-25T10:27:21.403+0000] {taskinstance.py:1308} INFO - Starting attempt 1 of 6
[2023-05-25T10:27:21.659+0000] {taskinstance.py:1327} INFO - Executing <Task(_PythonDecoratedOperator): get_name> on 2022-06-30 00:00:00+00:00
[2023-05-25T10:27:21.743+0000] {standard_task_runner.py:57} INFO - Started process 2974 to run task
[2023-05-25T10:27:21.785+0000] {standard_task_runner.py:84} INFO - Running: ['***', 'tasks', 'run', 'dag_with_taskflow_api_v02', 'get_name', 'scheduled__2022-06-30T00:00:00+00:00', '--job-id', '755', '--raw', '--subdir', 'DAGS_FOLDER/first_dag.py', '--cfg-path', '/tmp/tmpvv8dkmes']
[2023-05-25T10:27:21.793+0000] {standard_task_runner.py:85} INFO - Job 755: Subtask get_name
[2023-05-25T10:27:22.337+0000] {task_command.py:410} INFO - Running <TaskInstance: dag_with_taskflow_api_v02.get_name scheduled__2022-06-30T00:00:00+00:00 [running]> on host b1ae37a9584e
[2023-05-25T10:27:23.546+0000] {taskinstance.py:1547} INFO - Exporting env vars: AIRFLOW_CTX_DAG_OWNER='Sai' AIRFLOW_CTX_DAG_ID='dag_with_taskflow_api_v02' AIRFLOW_CTX_TASK_ID='get_name' AIRFLOW_CTX_EXECUTION_DATE='2022-06-30T00:00:00+00:00' AIRFLOW_CTX_TRY_NUMBER='1' AIRFLOW_CTX_DAG_RUN_ID='scheduled__2022-06-30T00:00:00+00:00'
[2023-05-25T10:27:23.555+0000] {python.py:183} INFO - Done. Returned value was: {'first_name': 'Sai', 'last_name': 'Tr'}
[2023-05-25T10:27:23.862+0000] {taskinstance.py:1350} INFO - Marking task as SUCCESS. dag_id=dag_with_taskflow_api_v02, task_id=get_name, execution_date=20220630T000000, start_date=20230525T102721, end_date=20230525T102723
[2023-05-25T10:27:24.005+0000] {local_task_job_runner.py:225} INFO - Task exited with return code 0
[2023-05-25T10:27:24.175+0000] {taskinstance.py:2651} INFO - 1 downstream tasks scheduled from follow-on schedule check
