[2023-05-24T15:19:38.530+0000] {taskinstance.py:1103} INFO - Dependencies all met for dep_context=non-requeueable deps ti=<TaskInstance: dag_with_taskflow_api_v02.greet scheduled__2022-03-16T00:00:00+00:00 [queued]>
[2023-05-24T15:19:38.549+0000] {taskinstance.py:1103} INFO - Dependencies all met for dep_context=requeueable deps ti=<TaskInstance: dag_with_taskflow_api_v02.greet scheduled__2022-03-16T00:00:00+00:00 [queued]>
[2023-05-24T15:19:38.549+0000] {taskinstance.py:1308} INFO - Starting attempt 1 of 6
[2023-05-24T15:19:38.575+0000] {taskinstance.py:1327} INFO - Executing <Task(_PythonDecoratedOperator): greet> on 2022-03-16 00:00:00+00:00
[2023-05-24T15:19:38.581+0000] {standard_task_runner.py:57} INFO - Started process 1158 to run task
[2023-05-24T15:19:38.587+0000] {standard_task_runner.py:84} INFO - Running: ['***', 'tasks', 'run', 'dag_with_taskflow_api_v02', 'greet', 'scheduled__2022-03-16T00:00:00+00:00', '--job-id', '433', '--raw', '--subdir', 'DAGS_FOLDER/first_dag.py', '--cfg-path', '/tmp/tmp0h0lxiao']
[2023-05-24T15:19:38.590+0000] {standard_task_runner.py:85} INFO - Job 433: Subtask greet
[2023-05-24T15:19:38.691+0000] {task_command.py:410} INFO - Running <TaskInstance: dag_with_taskflow_api_v02.greet scheduled__2022-03-16T00:00:00+00:00 [running]> on host 942de29f183d
[2023-05-24T15:19:38.909+0000] {taskinstance.py:1547} INFO - Exporting env vars: AIRFLOW_CTX_DAG_OWNER='Sai' AIRFLOW_CTX_DAG_ID='dag_with_taskflow_api_v02' AIRFLOW_CTX_TASK_ID='greet' AIRFLOW_CTX_EXECUTION_DATE='2022-03-16T00:00:00+00:00' AIRFLOW_CTX_TRY_NUMBER='1' AIRFLOW_CTX_DAG_RUN_ID='scheduled__2022-03-16T00:00:00+00:00'
[2023-05-24T15:19:38.911+0000] {logging_mixin.py:149} INFO - Hello World! My name is Sai Tr and I am 19 years old!
[2023-05-24T15:19:38.911+0000] {python.py:183} INFO - Done. Returned value was: None
[2023-05-24T15:19:38.925+0000] {taskinstance.py:1350} INFO - Marking task as SUCCESS. dag_id=dag_with_taskflow_api_v02, task_id=greet, execution_date=20220316T000000, start_date=20230524T151938, end_date=20230524T151938
[2023-05-24T15:19:38.968+0000] {local_task_job_runner.py:225} INFO - Task exited with return code 0
[2023-05-24T15:19:39.072+0000] {taskinstance.py:2651} INFO - 0 downstream tasks scheduled from follow-on schedule check
[2023-05-25T06:52:52.139+0000] {taskinstance.py:1103} INFO - Dependencies all met for dep_context=non-requeueable deps ti=<TaskInstance: dag_with_taskflow_api_v02.greet scheduled__2022-03-16T00:00:00+00:00 [queued]>
[2023-05-25T06:52:52.239+0000] {taskinstance.py:1103} INFO - Dependencies all met for dep_context=requeueable deps ti=<TaskInstance: dag_with_taskflow_api_v02.greet scheduled__2022-03-16T00:00:00+00:00 [queued]>
[2023-05-25T06:52:52.245+0000] {taskinstance.py:1308} INFO - Starting attempt 1 of 6
[2023-05-25T06:52:52.441+0000] {taskinstance.py:1327} INFO - Executing <Task(_PythonDecoratedOperator): greet> on 2022-03-16 00:00:00+00:00
[2023-05-25T06:52:52.461+0000] {standard_task_runner.py:57} INFO - Started process 2686 to run task
[2023-05-25T06:52:52.490+0000] {standard_task_runner.py:84} INFO - Running: ['***', 'tasks', 'run', 'dag_with_taskflow_api_v02', 'greet', 'scheduled__2022-03-16T00:00:00+00:00', '--job-id', '430', '--raw', '--subdir', 'DAGS_FOLDER/first_dag.py', '--cfg-path', '/tmp/tmpy1kurv0i']
[2023-05-25T06:52:52.518+0000] {standard_task_runner.py:85} INFO - Job 430: Subtask greet
[2023-05-25T06:52:52.770+0000] {task_command.py:410} INFO - Running <TaskInstance: dag_with_taskflow_api_v02.greet scheduled__2022-03-16T00:00:00+00:00 [running]> on host 6bd07c7477d9
[2023-05-25T06:52:53.481+0000] {taskinstance.py:1547} INFO - Exporting env vars: AIRFLOW_CTX_DAG_OWNER='Sai' AIRFLOW_CTX_DAG_ID='dag_with_taskflow_api_v02' AIRFLOW_CTX_TASK_ID='greet' AIRFLOW_CTX_EXECUTION_DATE='2022-03-16T00:00:00+00:00' AIRFLOW_CTX_TRY_NUMBER='1' AIRFLOW_CTX_DAG_RUN_ID='scheduled__2022-03-16T00:00:00+00:00'
[2023-05-25T06:52:53.482+0000] {logging_mixin.py:149} INFO - Hello World! My name is Sai Tr and I am 19 years old!
[2023-05-25T06:52:53.483+0000] {python.py:183} INFO - Done. Returned value was: None
[2023-05-25T06:52:53.534+0000] {taskinstance.py:1350} INFO - Marking task as SUCCESS. dag_id=dag_with_taskflow_api_v02, task_id=greet, execution_date=20220316T000000, start_date=20230525T065252, end_date=20230525T065253
[2023-05-25T06:52:53.663+0000] {local_task_job_runner.py:225} INFO - Task exited with return code 0
[2023-05-25T06:52:53.814+0000] {taskinstance.py:2651} INFO - 0 downstream tasks scheduled from follow-on schedule check
[2023-05-25T10:24:06.239+0000] {taskinstance.py:1103} INFO - Dependencies all met for dep_context=non-requeueable deps ti=<TaskInstance: dag_with_taskflow_api_v02.greet scheduled__2022-03-16T00:00:00+00:00 [queued]>
[2023-05-25T10:24:06.359+0000] {taskinstance.py:1103} INFO - Dependencies all met for dep_context=requeueable deps ti=<TaskInstance: dag_with_taskflow_api_v02.greet scheduled__2022-03-16T00:00:00+00:00 [queued]>
[2023-05-25T10:24:06.361+0000] {taskinstance.py:1308} INFO - Starting attempt 1 of 6
[2023-05-25T10:24:06.494+0000] {taskinstance.py:1327} INFO - Executing <Task(_PythonDecoratedOperator): greet> on 2022-03-16 00:00:00+00:00
[2023-05-25T10:24:06.551+0000] {standard_task_runner.py:57} INFO - Started process 2259 to run task
[2023-05-25T10:24:06.564+0000] {standard_task_runner.py:84} INFO - Running: ['***', 'tasks', 'run', 'dag_with_taskflow_api_v02', 'greet', 'scheduled__2022-03-16T00:00:00+00:00', '--job-id', '434', '--raw', '--subdir', 'DAGS_FOLDER/first_dag.py', '--cfg-path', '/tmp/tmpbg__7bw1']
[2023-05-25T10:24:06.594+0000] {standard_task_runner.py:85} INFO - Job 434: Subtask greet
[2023-05-25T10:24:06.972+0000] {task_command.py:410} INFO - Running <TaskInstance: dag_with_taskflow_api_v02.greet scheduled__2022-03-16T00:00:00+00:00 [running]> on host b1ae37a9584e
[2023-05-25T10:24:07.661+0000] {taskinstance.py:1547} INFO - Exporting env vars: AIRFLOW_CTX_DAG_OWNER='Sai' AIRFLOW_CTX_DAG_ID='dag_with_taskflow_api_v02' AIRFLOW_CTX_TASK_ID='greet' AIRFLOW_CTX_EXECUTION_DATE='2022-03-16T00:00:00+00:00' AIRFLOW_CTX_TRY_NUMBER='1' AIRFLOW_CTX_DAG_RUN_ID='scheduled__2022-03-16T00:00:00+00:00'
[2023-05-25T10:24:07.662+0000] {logging_mixin.py:149} INFO - Hello World! My name is Sai Tr and I am 19 years old!
[2023-05-25T10:24:07.663+0000] {python.py:183} INFO - Done. Returned value was: None
[2023-05-25T10:24:07.706+0000] {taskinstance.py:1350} INFO - Marking task as SUCCESS. dag_id=dag_with_taskflow_api_v02, task_id=greet, execution_date=20220316T000000, start_date=20230525T102406, end_date=20230525T102407
[2023-05-25T10:24:07.820+0000] {local_task_job_runner.py:225} INFO - Task exited with return code 0
[2023-05-25T10:24:08.034+0000] {taskinstance.py:2651} INFO - 0 downstream tasks scheduled from follow-on schedule check
