[2023-05-24T15:17:17.872+0000] {taskinstance.py:1103} INFO - Dependencies all met for dep_context=non-requeueable deps ti=<TaskInstance: dag_with_taskflow_api_v02.greet scheduled__2022-01-05T00:00:00+00:00 [queued]>
[2023-05-24T15:17:17.906+0000] {taskinstance.py:1103} INFO - Dependencies all met for dep_context=requeueable deps ti=<TaskInstance: dag_with_taskflow_api_v02.greet scheduled__2022-01-05T00:00:00+00:00 [queued]>
[2023-05-24T15:17:17.907+0000] {taskinstance.py:1308} INFO - Starting attempt 1 of 6
[2023-05-24T15:17:17.944+0000] {taskinstance.py:1327} INFO - Executing <Task(_PythonDecoratedOperator): greet> on 2022-01-05 00:00:00+00:00
[2023-05-24T15:17:17.958+0000] {standard_task_runner.py:57} INFO - Started process 671 to run task
[2023-05-24T15:17:17.965+0000] {standard_task_runner.py:84} INFO - Running: ['***', 'tasks', 'run', 'dag_with_taskflow_api_v02', 'greet', 'scheduled__2022-01-05T00:00:00+00:00', '--job-id', '220', '--raw', '--subdir', 'DAGS_FOLDER/first_dag.py', '--cfg-path', '/tmp/tmp3f_1vxc4']
[2023-05-24T15:17:17.968+0000] {standard_task_runner.py:85} INFO - Job 220: Subtask greet
[2023-05-24T15:17:18.110+0000] {task_command.py:410} INFO - Running <TaskInstance: dag_with_taskflow_api_v02.greet scheduled__2022-01-05T00:00:00+00:00 [running]> on host 942de29f183d
[2023-05-24T15:17:18.434+0000] {taskinstance.py:1547} INFO - Exporting env vars: AIRFLOW_CTX_DAG_OWNER='Sai' AIRFLOW_CTX_DAG_ID='dag_with_taskflow_api_v02' AIRFLOW_CTX_TASK_ID='greet' AIRFLOW_CTX_EXECUTION_DATE='2022-01-05T00:00:00+00:00' AIRFLOW_CTX_TRY_NUMBER='1' AIRFLOW_CTX_DAG_RUN_ID='scheduled__2022-01-05T00:00:00+00:00'
[2023-05-24T15:17:18.436+0000] {logging_mixin.py:149} INFO - Hello World! My name is Sai Tr and I am 19 years old!
[2023-05-24T15:17:18.437+0000] {python.py:183} INFO - Done. Returned value was: None
[2023-05-24T15:17:18.456+0000] {taskinstance.py:1350} INFO - Marking task as SUCCESS. dag_id=dag_with_taskflow_api_v02, task_id=greet, execution_date=20220105T000000, start_date=20230524T151717, end_date=20230524T151718
[2023-05-24T15:17:18.489+0000] {local_task_job_runner.py:225} INFO - Task exited with return code 0
[2023-05-24T15:17:18.521+0000] {taskinstance.py:2651} INFO - 0 downstream tasks scheduled from follow-on schedule check
[2023-05-25T06:51:01.487+0000] {taskinstance.py:1103} INFO - Dependencies all met for dep_context=non-requeueable deps ti=<TaskInstance: dag_with_taskflow_api_v02.greet scheduled__2022-01-05T00:00:00+00:00 [queued]>
[2023-05-25T06:51:01.546+0000] {taskinstance.py:1103} INFO - Dependencies all met for dep_context=requeueable deps ti=<TaskInstance: dag_with_taskflow_api_v02.greet scheduled__2022-01-05T00:00:00+00:00 [queued]>
[2023-05-25T06:51:01.546+0000] {taskinstance.py:1308} INFO - Starting attempt 1 of 6
[2023-05-25T06:51:01.640+0000] {taskinstance.py:1327} INFO - Executing <Task(_PythonDecoratedOperator): greet> on 2022-01-05 00:00:00+00:00
[2023-05-25T06:51:01.648+0000] {standard_task_runner.py:57} INFO - Started process 2232 to run task
[2023-05-25T06:51:01.682+0000] {standard_task_runner.py:84} INFO - Running: ['***', 'tasks', 'run', 'dag_with_taskflow_api_v02', 'greet', 'scheduled__2022-01-05T00:00:00+00:00', '--job-id', '229', '--raw', '--subdir', 'DAGS_FOLDER/first_dag.py', '--cfg-path', '/tmp/tmp1079fvfr']
[2023-05-25T06:51:01.696+0000] {standard_task_runner.py:85} INFO - Job 229: Subtask greet
[2023-05-25T06:51:01.935+0000] {task_command.py:410} INFO - Running <TaskInstance: dag_with_taskflow_api_v02.greet scheduled__2022-01-05T00:00:00+00:00 [running]> on host 6bd07c7477d9
[2023-05-25T06:51:02.395+0000] {taskinstance.py:1547} INFO - Exporting env vars: AIRFLOW_CTX_DAG_OWNER='Sai' AIRFLOW_CTX_DAG_ID='dag_with_taskflow_api_v02' AIRFLOW_CTX_TASK_ID='greet' AIRFLOW_CTX_EXECUTION_DATE='2022-01-05T00:00:00+00:00' AIRFLOW_CTX_TRY_NUMBER='1' AIRFLOW_CTX_DAG_RUN_ID='scheduled__2022-01-05T00:00:00+00:00'
[2023-05-25T06:51:02.397+0000] {logging_mixin.py:149} INFO - Hello World! My name is Sai Tr and I am 19 years old!
[2023-05-25T06:51:02.397+0000] {python.py:183} INFO - Done. Returned value was: None
[2023-05-25T06:51:02.452+0000] {taskinstance.py:1350} INFO - Marking task as SUCCESS. dag_id=dag_with_taskflow_api_v02, task_id=greet, execution_date=20220105T000000, start_date=20230525T065101, end_date=20230525T065102
[2023-05-25T06:51:02.523+0000] {local_task_job_runner.py:225} INFO - Task exited with return code 0
[2023-05-25T06:51:02.608+0000] {taskinstance.py:2651} INFO - 0 downstream tasks scheduled from follow-on schedule check
[2023-05-25T10:21:23.880+0000] {taskinstance.py:1103} INFO - Dependencies all met for dep_context=non-requeueable deps ti=<TaskInstance: dag_with_taskflow_api_v02.greet scheduled__2022-01-05T00:00:00+00:00 [queued]>
[2023-05-25T10:21:23.897+0000] {taskinstance.py:1103} INFO - Dependencies all met for dep_context=requeueable deps ti=<TaskInstance: dag_with_taskflow_api_v02.greet scheduled__2022-01-05T00:00:00+00:00 [queued]>
[2023-05-25T10:21:23.897+0000] {taskinstance.py:1308} INFO - Starting attempt 1 of 6
[2023-05-25T10:21:23.924+0000] {taskinstance.py:1327} INFO - Executing <Task(_PythonDecoratedOperator): greet> on 2022-01-05 00:00:00+00:00
[2023-05-25T10:21:23.930+0000] {standard_task_runner.py:57} INFO - Started process 1747 to run task
[2023-05-25T10:21:23.935+0000] {standard_task_runner.py:84} INFO - Running: ['***', 'tasks', 'run', 'dag_with_taskflow_api_v02', 'greet', 'scheduled__2022-01-05T00:00:00+00:00', '--job-id', '217', '--raw', '--subdir', 'DAGS_FOLDER/first_dag.py', '--cfg-path', '/tmp/tmpzbt8jm0a']
[2023-05-25T10:21:23.938+0000] {standard_task_runner.py:85} INFO - Job 217: Subtask greet
[2023-05-25T10:21:24.030+0000] {task_command.py:410} INFO - Running <TaskInstance: dag_with_taskflow_api_v02.greet scheduled__2022-01-05T00:00:00+00:00 [running]> on host b1ae37a9584e
[2023-05-25T10:21:24.298+0000] {taskinstance.py:1547} INFO - Exporting env vars: AIRFLOW_CTX_DAG_OWNER='Sai' AIRFLOW_CTX_DAG_ID='dag_with_taskflow_api_v02' AIRFLOW_CTX_TASK_ID='greet' AIRFLOW_CTX_EXECUTION_DATE='2022-01-05T00:00:00+00:00' AIRFLOW_CTX_TRY_NUMBER='1' AIRFLOW_CTX_DAG_RUN_ID='scheduled__2022-01-05T00:00:00+00:00'
[2023-05-25T10:21:24.302+0000] {logging_mixin.py:149} INFO - Hello World! My name is Sai Tr and I am 19 years old!
[2023-05-25T10:21:24.302+0000] {python.py:183} INFO - Done. Returned value was: None
[2023-05-25T10:21:24.323+0000] {taskinstance.py:1350} INFO - Marking task as SUCCESS. dag_id=dag_with_taskflow_api_v02, task_id=greet, execution_date=20220105T000000, start_date=20230525T102123, end_date=20230525T102124
[2023-05-25T10:21:24.390+0000] {local_task_job_runner.py:225} INFO - Task exited with return code 0
[2023-05-25T10:21:24.423+0000] {taskinstance.py:2651} INFO - 0 downstream tasks scheduled from follow-on schedule check
