[2023-05-24T15:19:30.393+0000] {taskinstance.py:1103} INFO - Dependencies all met for dep_context=non-requeueable deps ti=<TaskInstance: dag_with_taskflow_api_v02.get_age scheduled__2022-03-15T00:00:00+00:00 [queued]>
[2023-05-24T15:19:30.462+0000] {taskinstance.py:1103} INFO - Dependencies all met for dep_context=requeueable deps ti=<TaskInstance: dag_with_taskflow_api_v02.get_age scheduled__2022-03-15T00:00:00+00:00 [queued]>
[2023-05-24T15:19:30.463+0000] {taskinstance.py:1308} INFO - Starting attempt 1 of 6
[2023-05-24T15:19:30.530+0000] {taskinstance.py:1327} INFO - Executing <Task(_PythonDecoratedOperator): get_age> on 2022-03-15 00:00:00+00:00
[2023-05-24T15:19:30.537+0000] {standard_task_runner.py:57} INFO - Started process 1120 to run task
[2023-05-24T15:19:30.577+0000] {standard_task_runner.py:84} INFO - Running: ['***', 'tasks', 'run', 'dag_with_taskflow_api_v02', 'get_age', 'scheduled__2022-03-15T00:00:00+00:00', '--job-id', '417', '--raw', '--subdir', 'DAGS_FOLDER/first_dag.py', '--cfg-path', '/tmp/tmpl55sfiyx']
[2023-05-24T15:19:30.610+0000] {standard_task_runner.py:85} INFO - Job 417: Subtask get_age
[2023-05-24T15:19:30.997+0000] {task_command.py:410} INFO - Running <TaskInstance: dag_with_taskflow_api_v02.get_age scheduled__2022-03-15T00:00:00+00:00 [running]> on host 942de29f183d
[2023-05-24T15:19:32.014+0000] {taskinstance.py:1547} INFO - Exporting env vars: AIRFLOW_CTX_DAG_OWNER='Sai' AIRFLOW_CTX_DAG_ID='dag_with_taskflow_api_v02' AIRFLOW_CTX_TASK_ID='get_age' AIRFLOW_CTX_EXECUTION_DATE='2022-03-15T00:00:00+00:00' AIRFLOW_CTX_TRY_NUMBER='1' AIRFLOW_CTX_DAG_RUN_ID='scheduled__2022-03-15T00:00:00+00:00'
[2023-05-24T15:19:32.015+0000] {python.py:183} INFO - Done. Returned value was: 19
[2023-05-24T15:19:32.271+0000] {taskinstance.py:1350} INFO - Marking task as SUCCESS. dag_id=dag_with_taskflow_api_v02, task_id=get_age, execution_date=20220315T000000, start_date=20230524T151930, end_date=20230524T151932
[2023-05-24T15:19:32.438+0000] {local_task_job_runner.py:225} INFO - Task exited with return code 0
[2023-05-24T15:19:32.840+0000] {taskinstance.py:2651} INFO - 0 downstream tasks scheduled from follow-on schedule check
[2023-05-25T06:52:47.300+0000] {taskinstance.py:1103} INFO - Dependencies all met for dep_context=non-requeueable deps ti=<TaskInstance: dag_with_taskflow_api_v02.get_age scheduled__2022-03-15T00:00:00+00:00 [queued]>
[2023-05-25T06:52:47.383+0000] {taskinstance.py:1103} INFO - Dependencies all met for dep_context=requeueable deps ti=<TaskInstance: dag_with_taskflow_api_v02.get_age scheduled__2022-03-15T00:00:00+00:00 [queued]>
[2023-05-25T06:52:47.383+0000] {taskinstance.py:1308} INFO - Starting attempt 1 of 6
[2023-05-25T06:52:47.513+0000] {taskinstance.py:1327} INFO - Executing <Task(_PythonDecoratedOperator): get_age> on 2022-03-15 00:00:00+00:00
[2023-05-25T06:52:47.533+0000] {standard_task_runner.py:57} INFO - Started process 2664 to run task
[2023-05-25T06:52:47.563+0000] {standard_task_runner.py:84} INFO - Running: ['***', 'tasks', 'run', 'dag_with_taskflow_api_v02', 'get_age', 'scheduled__2022-03-15T00:00:00+00:00', '--job-id', '421', '--raw', '--subdir', 'DAGS_FOLDER/first_dag.py', '--cfg-path', '/tmp/tmpn5qjcne1']
[2023-05-25T06:52:47.573+0000] {standard_task_runner.py:85} INFO - Job 421: Subtask get_age
[2023-05-25T06:52:47.807+0000] {task_command.py:410} INFO - Running <TaskInstance: dag_with_taskflow_api_v02.get_age scheduled__2022-03-15T00:00:00+00:00 [running]> on host 6bd07c7477d9
[2023-05-25T06:52:48.314+0000] {taskinstance.py:1547} INFO - Exporting env vars: AIRFLOW_CTX_DAG_OWNER='Sai' AIRFLOW_CTX_DAG_ID='dag_with_taskflow_api_v02' AIRFLOW_CTX_TASK_ID='get_age' AIRFLOW_CTX_EXECUTION_DATE='2022-03-15T00:00:00+00:00' AIRFLOW_CTX_TRY_NUMBER='1' AIRFLOW_CTX_DAG_RUN_ID='scheduled__2022-03-15T00:00:00+00:00'
[2023-05-25T06:52:48.315+0000] {python.py:183} INFO - Done. Returned value was: 19
[2023-05-25T06:52:48.410+0000] {taskinstance.py:1350} INFO - Marking task as SUCCESS. dag_id=dag_with_taskflow_api_v02, task_id=get_age, execution_date=20220315T000000, start_date=20230525T065247, end_date=20230525T065248
[2023-05-25T06:52:48.475+0000] {local_task_job_runner.py:225} INFO - Task exited with return code 0
[2023-05-25T06:52:48.659+0000] {taskinstance.py:2651} INFO - 0 downstream tasks scheduled from follow-on schedule check
[2023-05-25T10:23:56.234+0000] {taskinstance.py:1103} INFO - Dependencies all met for dep_context=non-requeueable deps ti=<TaskInstance: dag_with_taskflow_api_v02.get_age scheduled__2022-03-15T00:00:00+00:00 [queued]>
[2023-05-25T10:23:56.301+0000] {taskinstance.py:1103} INFO - Dependencies all met for dep_context=requeueable deps ti=<TaskInstance: dag_with_taskflow_api_v02.get_age scheduled__2022-03-15T00:00:00+00:00 [queued]>
[2023-05-25T10:23:56.301+0000] {taskinstance.py:1308} INFO - Starting attempt 1 of 6
[2023-05-25T10:23:56.435+0000] {taskinstance.py:1327} INFO - Executing <Task(_PythonDecoratedOperator): get_age> on 2022-03-15 00:00:00+00:00
[2023-05-25T10:23:56.482+0000] {standard_task_runner.py:57} INFO - Started process 2218 to run task
[2023-05-25T10:23:56.498+0000] {standard_task_runner.py:84} INFO - Running: ['***', 'tasks', 'run', 'dag_with_taskflow_api_v02', 'get_age', 'scheduled__2022-03-15T00:00:00+00:00', '--job-id', '421', '--raw', '--subdir', 'DAGS_FOLDER/first_dag.py', '--cfg-path', '/tmp/tmpyezqfqi0']
[2023-05-25T10:23:56.534+0000] {standard_task_runner.py:85} INFO - Job 421: Subtask get_age
[2023-05-25T10:23:57.150+0000] {task_command.py:410} INFO - Running <TaskInstance: dag_with_taskflow_api_v02.get_age scheduled__2022-03-15T00:00:00+00:00 [running]> on host b1ae37a9584e
[2023-05-25T10:23:57.885+0000] {taskinstance.py:1547} INFO - Exporting env vars: AIRFLOW_CTX_DAG_OWNER='Sai' AIRFLOW_CTX_DAG_ID='dag_with_taskflow_api_v02' AIRFLOW_CTX_TASK_ID='get_age' AIRFLOW_CTX_EXECUTION_DATE='2022-03-15T00:00:00+00:00' AIRFLOW_CTX_TRY_NUMBER='1' AIRFLOW_CTX_DAG_RUN_ID='scheduled__2022-03-15T00:00:00+00:00'
[2023-05-25T10:23:57.887+0000] {python.py:183} INFO - Done. Returned value was: 19
[2023-05-25T10:23:57.972+0000] {taskinstance.py:1350} INFO - Marking task as SUCCESS. dag_id=dag_with_taskflow_api_v02, task_id=get_age, execution_date=20220315T000000, start_date=20230525T102356, end_date=20230525T102357
[2023-05-25T10:23:58.052+0000] {local_task_job_runner.py:225} INFO - Task exited with return code 0
[2023-05-25T10:23:58.186+0000] {taskinstance.py:2651} INFO - 0 downstream tasks scheduled from follow-on schedule check
