[2023-05-24T15:22:41.009+0000] {taskinstance.py:1103} INFO - Dependencies all met for dep_context=non-requeueable deps ti=<TaskInstance: dag_with_taskflow_api_v02.get_name scheduled__2022-06-21T00:00:00+00:00 [queued]>
[2023-05-24T15:22:41.043+0000] {taskinstance.py:1103} INFO - Dependencies all met for dep_context=requeueable deps ti=<TaskInstance: dag_with_taskflow_api_v02.get_name scheduled__2022-06-21T00:00:00+00:00 [queued]>
[2023-05-24T15:22:41.043+0000] {taskinstance.py:1308} INFO - Starting attempt 1 of 6
[2023-05-24T15:22:41.203+0000] {taskinstance.py:1327} INFO - Executing <Task(_PythonDecoratedOperator): get_name> on 2022-06-21 00:00:00+00:00
[2023-05-24T15:22:41.233+0000] {standard_task_runner.py:57} INFO - Started process 1798 to run task
[2023-05-24T15:22:41.244+0000] {standard_task_runner.py:84} INFO - Running: ['***', 'tasks', 'run', 'dag_with_taskflow_api_v02', 'get_name', 'scheduled__2022-06-21T00:00:00+00:00', '--job-id', '711', '--raw', '--subdir', 'DAGS_FOLDER/first_dag.py', '--cfg-path', '/tmp/tmp1aaae8az']
[2023-05-24T15:22:41.255+0000] {standard_task_runner.py:85} INFO - Job 711: Subtask get_name
[2023-05-24T15:22:41.538+0000] {task_command.py:410} INFO - Running <TaskInstance: dag_with_taskflow_api_v02.get_name scheduled__2022-06-21T00:00:00+00:00 [running]> on host 942de29f183d
[2023-05-24T15:22:42.257+0000] {taskinstance.py:1547} INFO - Exporting env vars: AIRFLOW_CTX_DAG_OWNER='Sai' AIRFLOW_CTX_DAG_ID='dag_with_taskflow_api_v02' AIRFLOW_CTX_TASK_ID='get_name' AIRFLOW_CTX_EXECUTION_DATE='2022-06-21T00:00:00+00:00' AIRFLOW_CTX_TRY_NUMBER='1' AIRFLOW_CTX_DAG_RUN_ID='scheduled__2022-06-21T00:00:00+00:00'
[2023-05-24T15:22:42.258+0000] {python.py:183} INFO - Done. Returned value was: {'first_name': 'Sai', 'last_name': 'Tr'}
[2023-05-24T15:22:42.514+0000] {taskinstance.py:1350} INFO - Marking task as SUCCESS. dag_id=dag_with_taskflow_api_v02, task_id=get_name, execution_date=20220621T000000, start_date=20230524T152241, end_date=20230524T152242
[2023-05-24T15:22:42.749+0000] {local_task_job_runner.py:225} INFO - Task exited with return code 0
[2023-05-24T15:22:43.670+0000] {taskinstance.py:2651} INFO - 1 downstream tasks scheduled from follow-on schedule check
[2023-05-25T06:55:27.217+0000] {taskinstance.py:1103} INFO - Dependencies all met for dep_context=non-requeueable deps ti=<TaskInstance: dag_with_taskflow_api_v02.get_name scheduled__2022-06-21T00:00:00+00:00 [queued]>
[2023-05-25T06:55:27.321+0000] {taskinstance.py:1103} INFO - Dependencies all met for dep_context=requeueable deps ti=<TaskInstance: dag_with_taskflow_api_v02.get_name scheduled__2022-06-21T00:00:00+00:00 [queued]>
[2023-05-25T06:55:27.321+0000] {taskinstance.py:1308} INFO - Starting attempt 1 of 6
[2023-05-25T06:55:27.763+0000] {taskinstance.py:1327} INFO - Executing <Task(_PythonDecoratedOperator): get_name> on 2022-06-21 00:00:00+00:00
[2023-05-25T06:55:27.769+0000] {standard_task_runner.py:57} INFO - Started process 3328 to run task
[2023-05-25T06:55:27.806+0000] {standard_task_runner.py:84} INFO - Running: ['***', 'tasks', 'run', 'dag_with_taskflow_api_v02', 'get_name', 'scheduled__2022-06-21T00:00:00+00:00', '--job-id', '718', '--raw', '--subdir', 'DAGS_FOLDER/first_dag.py', '--cfg-path', '/tmp/tmpsh0ezsxq']
[2023-05-25T06:55:27.817+0000] {standard_task_runner.py:85} INFO - Job 718: Subtask get_name
[2023-05-25T06:55:28.090+0000] {task_command.py:410} INFO - Running <TaskInstance: dag_with_taskflow_api_v02.get_name scheduled__2022-06-21T00:00:00+00:00 [running]> on host 6bd07c7477d9
[2023-05-25T06:55:28.982+0000] {taskinstance.py:1547} INFO - Exporting env vars: AIRFLOW_CTX_DAG_OWNER='Sai' AIRFLOW_CTX_DAG_ID='dag_with_taskflow_api_v02' AIRFLOW_CTX_TASK_ID='get_name' AIRFLOW_CTX_EXECUTION_DATE='2022-06-21T00:00:00+00:00' AIRFLOW_CTX_TRY_NUMBER='1' AIRFLOW_CTX_DAG_RUN_ID='scheduled__2022-06-21T00:00:00+00:00'
[2023-05-25T06:55:28.983+0000] {python.py:183} INFO - Done. Returned value was: {'first_name': 'Sai', 'last_name': 'Tr'}
[2023-05-25T06:55:29.268+0000] {taskinstance.py:1350} INFO - Marking task as SUCCESS. dag_id=dag_with_taskflow_api_v02, task_id=get_name, execution_date=20220621T000000, start_date=20230525T065527, end_date=20230525T065529
[2023-05-25T06:55:29.411+0000] {local_task_job_runner.py:225} INFO - Task exited with return code 0
[2023-05-25T06:55:29.591+0000] {taskinstance.py:2651} INFO - 1 downstream tasks scheduled from follow-on schedule check
[2023-05-25T10:27:01.117+0000] {taskinstance.py:1103} INFO - Dependencies all met for dep_context=non-requeueable deps ti=<TaskInstance: dag_with_taskflow_api_v02.get_name scheduled__2022-06-21T00:00:00+00:00 [queued]>
[2023-05-25T10:27:01.492+0000] {taskinstance.py:1103} INFO - Dependencies all met for dep_context=requeueable deps ti=<TaskInstance: dag_with_taskflow_api_v02.get_name scheduled__2022-06-21T00:00:00+00:00 [queued]>
[2023-05-25T10:27:01.519+0000] {taskinstance.py:1308} INFO - Starting attempt 1 of 6
[2023-05-25T10:27:02.070+0000] {taskinstance.py:1327} INFO - Executing <Task(_PythonDecoratedOperator): get_name> on 2022-06-21 00:00:00+00:00
[2023-05-25T10:27:02.120+0000] {standard_task_runner.py:57} INFO - Started process 2911 to run task
[2023-05-25T10:27:02.165+0000] {standard_task_runner.py:84} INFO - Running: ['***', 'tasks', 'run', 'dag_with_taskflow_api_v02', 'get_name', 'scheduled__2022-06-21T00:00:00+00:00', '--job-id', '729', '--raw', '--subdir', 'DAGS_FOLDER/first_dag.py', '--cfg-path', '/tmp/tmpx72ewju_']
[2023-05-25T10:27:02.211+0000] {standard_task_runner.py:85} INFO - Job 729: Subtask get_name
[2023-05-25T10:27:02.612+0000] {task_command.py:410} INFO - Running <TaskInstance: dag_with_taskflow_api_v02.get_name scheduled__2022-06-21T00:00:00+00:00 [running]> on host b1ae37a9584e
[2023-05-25T10:27:03.591+0000] {taskinstance.py:1547} INFO - Exporting env vars: AIRFLOW_CTX_DAG_OWNER='Sai' AIRFLOW_CTX_DAG_ID='dag_with_taskflow_api_v02' AIRFLOW_CTX_TASK_ID='get_name' AIRFLOW_CTX_EXECUTION_DATE='2022-06-21T00:00:00+00:00' AIRFLOW_CTX_TRY_NUMBER='1' AIRFLOW_CTX_DAG_RUN_ID='scheduled__2022-06-21T00:00:00+00:00'
[2023-05-25T10:27:03.593+0000] {python.py:183} INFO - Done. Returned value was: {'first_name': 'Sai', 'last_name': 'Tr'}
[2023-05-25T10:27:04.346+0000] {taskinstance.py:1350} INFO - Marking task as SUCCESS. dag_id=dag_with_taskflow_api_v02, task_id=get_name, execution_date=20220621T000000, start_date=20230525T102701, end_date=20230525T102704
[2023-05-25T10:27:04.739+0000] {local_task_job_runner.py:225} INFO - Task exited with return code 0
[2023-05-25T10:27:04.920+0000] {taskinstance.py:2651} INFO - 0 downstream tasks scheduled from follow-on schedule check
