[2023-05-24T15:15:34.171+0000] {taskinstance.py:1103} INFO - Dependencies all met for dep_context=non-requeueable deps ti=<TaskInstance: dag_with_taskflow_api_v02.greet scheduled__2021-11-06T00:00:00+00:00 [queued]>
[2023-05-24T15:15:34.426+0000] {taskinstance.py:1103} INFO - Dependencies all met for dep_context=requeueable deps ti=<TaskInstance: dag_with_taskflow_api_v02.greet scheduled__2021-11-06T00:00:00+00:00 [queued]>
[2023-05-24T15:15:34.430+0000] {taskinstance.py:1308} INFO - Starting attempt 1 of 6
[2023-05-24T15:15:34.589+0000] {taskinstance.py:1327} INFO - Executing <Task(_PythonDecoratedOperator): greet> on 2021-11-06 00:00:00+00:00
[2023-05-24T15:15:34.613+0000] {standard_task_runner.py:57} INFO - Started process 292 to run task
[2023-05-24T15:15:34.643+0000] {standard_task_runner.py:84} INFO - Running: ['***', 'tasks', 'run', 'dag_with_taskflow_api_v02', 'greet', 'scheduled__2021-11-06T00:00:00+00:00', '--job-id', '47', '--raw', '--subdir', 'DAGS_FOLDER/first_dag.py', '--cfg-path', '/tmp/tmprn3qrddb']
[2023-05-24T15:15:34.647+0000] {standard_task_runner.py:85} INFO - Job 47: Subtask greet
[2023-05-24T15:15:34.903+0000] {task_command.py:410} INFO - Running <TaskInstance: dag_with_taskflow_api_v02.greet scheduled__2021-11-06T00:00:00+00:00 [running]> on host 942de29f183d
[2023-05-24T15:15:35.173+0000] {taskinstance.py:1547} INFO - Exporting env vars: AIRFLOW_CTX_DAG_OWNER='Sai' AIRFLOW_CTX_DAG_ID='dag_with_taskflow_api_v02' AIRFLOW_CTX_TASK_ID='greet' AIRFLOW_CTX_EXECUTION_DATE='2021-11-06T00:00:00+00:00' AIRFLOW_CTX_TRY_NUMBER='1' AIRFLOW_CTX_DAG_RUN_ID='scheduled__2021-11-06T00:00:00+00:00'
[2023-05-24T15:15:35.175+0000] {logging_mixin.py:149} INFO - Hello World! My name is Sai Tr and I am 19 years old!
[2023-05-24T15:15:35.176+0000] {python.py:183} INFO - Done. Returned value was: None
[2023-05-24T15:15:35.195+0000] {taskinstance.py:1350} INFO - Marking task as SUCCESS. dag_id=dag_with_taskflow_api_v02, task_id=greet, execution_date=20211106T000000, start_date=20230524T151534, end_date=20230524T151535
[2023-05-24T15:15:35.263+0000] {local_task_job_runner.py:225} INFO - Task exited with return code 0
[2023-05-24T15:15:35.333+0000] {taskinstance.py:2651} INFO - 0 downstream tasks scheduled from follow-on schedule check
[2023-05-25T06:49:20.056+0000] {taskinstance.py:1103} INFO - Dependencies all met for dep_context=non-requeueable deps ti=<TaskInstance: dag_with_taskflow_api_v02.greet scheduled__2021-11-06T00:00:00+00:00 [queued]>
[2023-05-25T06:49:20.138+0000] {taskinstance.py:1103} INFO - Dependencies all met for dep_context=requeueable deps ti=<TaskInstance: dag_with_taskflow_api_v02.greet scheduled__2021-11-06T00:00:00+00:00 [queued]>
[2023-05-25T06:49:20.138+0000] {taskinstance.py:1308} INFO - Starting attempt 1 of 6
[2023-05-25T06:49:20.482+0000] {taskinstance.py:1327} INFO - Executing <Task(_PythonDecoratedOperator): greet> on 2021-11-06 00:00:00+00:00
[2023-05-25T06:49:20.503+0000] {standard_task_runner.py:57} INFO - Started process 1831 to run task
[2023-05-25T06:49:20.578+0000] {standard_task_runner.py:84} INFO - Running: ['***', 'tasks', 'run', 'dag_with_taskflow_api_v02', 'greet', 'scheduled__2021-11-06T00:00:00+00:00', '--job-id', '48', '--raw', '--subdir', 'DAGS_FOLDER/first_dag.py', '--cfg-path', '/tmp/tmp6yy6hcuw']
[2023-05-25T06:49:20.592+0000] {standard_task_runner.py:85} INFO - Job 48: Subtask greet
[2023-05-25T06:49:20.753+0000] {task_command.py:410} INFO - Running <TaskInstance: dag_with_taskflow_api_v02.greet scheduled__2021-11-06T00:00:00+00:00 [running]> on host 6bd07c7477d9
[2023-05-25T06:49:21.298+0000] {taskinstance.py:1547} INFO - Exporting env vars: AIRFLOW_CTX_DAG_OWNER='Sai' AIRFLOW_CTX_DAG_ID='dag_with_taskflow_api_v02' AIRFLOW_CTX_TASK_ID='greet' AIRFLOW_CTX_EXECUTION_DATE='2021-11-06T00:00:00+00:00' AIRFLOW_CTX_TRY_NUMBER='1' AIRFLOW_CTX_DAG_RUN_ID='scheduled__2021-11-06T00:00:00+00:00'
[2023-05-25T06:49:21.299+0000] {logging_mixin.py:149} INFO - Hello World! My name is Sai Tr and I am 19 years old!
[2023-05-25T06:49:21.300+0000] {python.py:183} INFO - Done. Returned value was: None
[2023-05-25T06:49:21.314+0000] {taskinstance.py:1350} INFO - Marking task as SUCCESS. dag_id=dag_with_taskflow_api_v02, task_id=greet, execution_date=20211106T000000, start_date=20230525T064920, end_date=20230525T064921
[2023-05-25T06:49:21.351+0000] {local_task_job_runner.py:225} INFO - Task exited with return code 0
[2023-05-25T06:49:21.389+0000] {taskinstance.py:2651} INFO - 0 downstream tasks scheduled from follow-on schedule check
[2023-05-25T10:18:54.875+0000] {taskinstance.py:1103} INFO - Dependencies all met for dep_context=non-requeueable deps ti=<TaskInstance: dag_with_taskflow_api_v02.greet scheduled__2021-11-06T00:00:00+00:00 [queued]>
[2023-05-25T10:18:54.930+0000] {taskinstance.py:1103} INFO - Dependencies all met for dep_context=requeueable deps ti=<TaskInstance: dag_with_taskflow_api_v02.greet scheduled__2021-11-06T00:00:00+00:00 [queued]>
[2023-05-25T10:18:54.931+0000] {taskinstance.py:1308} INFO - Starting attempt 1 of 6
[2023-05-25T10:18:55.036+0000] {taskinstance.py:1327} INFO - Executing <Task(_PythonDecoratedOperator): greet> on 2021-11-06 00:00:00+00:00
[2023-05-25T10:18:55.050+0000] {standard_task_runner.py:57} INFO - Started process 1337 to run task
[2023-05-25T10:18:55.070+0000] {standard_task_runner.py:84} INFO - Running: ['***', 'tasks', 'run', 'dag_with_taskflow_api_v02', 'greet', 'scheduled__2021-11-06T00:00:00+00:00', '--job-id', '39', '--raw', '--subdir', 'DAGS_FOLDER/first_dag.py', '--cfg-path', '/tmp/tmp3a2vdiei']
[2023-05-25T10:18:55.083+0000] {standard_task_runner.py:85} INFO - Job 39: Subtask greet
[2023-05-25T10:18:55.306+0000] {task_command.py:410} INFO - Running <TaskInstance: dag_with_taskflow_api_v02.greet scheduled__2021-11-06T00:00:00+00:00 [running]> on host b1ae37a9584e
[2023-05-25T10:18:56.008+0000] {taskinstance.py:1547} INFO - Exporting env vars: AIRFLOW_CTX_DAG_OWNER='Sai' AIRFLOW_CTX_DAG_ID='dag_with_taskflow_api_v02' AIRFLOW_CTX_TASK_ID='greet' AIRFLOW_CTX_EXECUTION_DATE='2021-11-06T00:00:00+00:00' AIRFLOW_CTX_TRY_NUMBER='1' AIRFLOW_CTX_DAG_RUN_ID='scheduled__2021-11-06T00:00:00+00:00'
[2023-05-25T10:18:56.010+0000] {logging_mixin.py:149} INFO - Hello World! My name is Sai Tr and I am 19 years old!
[2023-05-25T10:18:56.011+0000] {python.py:183} INFO - Done. Returned value was: None
[2023-05-25T10:18:56.060+0000] {taskinstance.py:1350} INFO - Marking task as SUCCESS. dag_id=dag_with_taskflow_api_v02, task_id=greet, execution_date=20211106T000000, start_date=20230525T101854, end_date=20230525T101856
[2023-05-25T10:18:56.359+0000] {local_task_job_runner.py:225} INFO - Task exited with return code 0
[2023-05-25T10:18:57.141+0000] {taskinstance.py:2651} INFO - 0 downstream tasks scheduled from follow-on schedule check
