[2023-05-24T15:24:19.783+0000] {taskinstance.py:1103} INFO - Dependencies all met for dep_context=non-requeueable deps ti=<TaskInstance: dag_with_taskflow_api_v02.get_age scheduled__2022-08-14T00:00:00+00:00 [queued]>
[2023-05-24T15:24:19.866+0000] {taskinstance.py:1103} INFO - Dependencies all met for dep_context=requeueable deps ti=<TaskInstance: dag_with_taskflow_api_v02.get_age scheduled__2022-08-14T00:00:00+00:00 [queued]>
[2023-05-24T15:24:19.867+0000] {taskinstance.py:1308} INFO - Starting attempt 1 of 6
[2023-05-24T15:24:20.396+0000] {taskinstance.py:1327} INFO - Executing <Task(_PythonDecoratedOperator): get_age> on 2022-08-14 00:00:00+00:00
[2023-05-24T15:24:20.412+0000] {standard_task_runner.py:57} INFO - Started process 2161 to run task
[2023-05-24T15:24:20.440+0000] {standard_task_runner.py:84} INFO - Running: ['***', 'tasks', 'run', 'dag_with_taskflow_api_v02', 'get_age', 'scheduled__2022-08-14T00:00:00+00:00', '--job-id', '875', '--raw', '--subdir', 'DAGS_FOLDER/first_dag.py', '--cfg-path', '/tmp/tmps6whj0oo']
[2023-05-24T15:24:20.464+0000] {standard_task_runner.py:85} INFO - Job 875: Subtask get_age
[2023-05-24T15:24:20.739+0000] {task_command.py:410} INFO - Running <TaskInstance: dag_with_taskflow_api_v02.get_age scheduled__2022-08-14T00:00:00+00:00 [running]> on host 942de29f183d
[2023-05-24T15:24:21.521+0000] {taskinstance.py:1547} INFO - Exporting env vars: AIRFLOW_CTX_DAG_OWNER='Sai' AIRFLOW_CTX_DAG_ID='dag_with_taskflow_api_v02' AIRFLOW_CTX_TASK_ID='get_age' AIRFLOW_CTX_EXECUTION_DATE='2022-08-14T00:00:00+00:00' AIRFLOW_CTX_TRY_NUMBER='1' AIRFLOW_CTX_DAG_RUN_ID='scheduled__2022-08-14T00:00:00+00:00'
[2023-05-24T15:24:21.522+0000] {python.py:183} INFO - Done. Returned value was: 19
[2023-05-24T15:24:21.680+0000] {taskinstance.py:1350} INFO - Marking task as SUCCESS. dag_id=dag_with_taskflow_api_v02, task_id=get_age, execution_date=20220814T000000, start_date=20230524T152419, end_date=20230524T152421
[2023-05-24T15:24:21.794+0000] {local_task_job_runner.py:225} INFO - Task exited with return code 0
[2023-05-24T15:24:22.238+0000] {taskinstance.py:2651} INFO - 0 downstream tasks scheduled from follow-on schedule check
[2023-05-25T06:56:54.738+0000] {taskinstance.py:1103} INFO - Dependencies all met for dep_context=non-requeueable deps ti=<TaskInstance: dag_with_taskflow_api_v02.get_age scheduled__2022-08-14T00:00:00+00:00 [queued]>
[2023-05-25T06:56:54.834+0000] {taskinstance.py:1103} INFO - Dependencies all met for dep_context=requeueable deps ti=<TaskInstance: dag_with_taskflow_api_v02.get_age scheduled__2022-08-14T00:00:00+00:00 [queued]>
[2023-05-25T06:56:54.834+0000] {taskinstance.py:1308} INFO - Starting attempt 1 of 6
[2023-05-25T06:56:54.979+0000] {taskinstance.py:1327} INFO - Executing <Task(_PythonDecoratedOperator): get_age> on 2022-08-14 00:00:00+00:00
[2023-05-25T06:56:54.986+0000] {standard_task_runner.py:57} INFO - Started process 3675 to run task
[2023-05-25T06:56:55.031+0000] {standard_task_runner.py:84} INFO - Running: ['***', 'tasks', 'run', 'dag_with_taskflow_api_v02', 'get_age', 'scheduled__2022-08-14T00:00:00+00:00', '--job-id', '875', '--raw', '--subdir', 'DAGS_FOLDER/first_dag.py', '--cfg-path', '/tmp/tmpx7zs7gpi']
[2023-05-25T06:56:55.035+0000] {standard_task_runner.py:85} INFO - Job 875: Subtask get_age
[2023-05-25T06:56:55.269+0000] {task_command.py:410} INFO - Running <TaskInstance: dag_with_taskflow_api_v02.get_age scheduled__2022-08-14T00:00:00+00:00 [running]> on host 6bd07c7477d9
[2023-05-25T06:56:56.035+0000] {taskinstance.py:1547} INFO - Exporting env vars: AIRFLOW_CTX_DAG_OWNER='Sai' AIRFLOW_CTX_DAG_ID='dag_with_taskflow_api_v02' AIRFLOW_CTX_TASK_ID='get_age' AIRFLOW_CTX_EXECUTION_DATE='2022-08-14T00:00:00+00:00' AIRFLOW_CTX_TRY_NUMBER='1' AIRFLOW_CTX_DAG_RUN_ID='scheduled__2022-08-14T00:00:00+00:00'
[2023-05-25T06:56:56.036+0000] {python.py:183} INFO - Done. Returned value was: 19
[2023-05-25T06:56:56.172+0000] {taskinstance.py:1350} INFO - Marking task as SUCCESS. dag_id=dag_with_taskflow_api_v02, task_id=get_age, execution_date=20220814T000000, start_date=20230525T065654, end_date=20230525T065656
[2023-05-25T06:56:56.340+0000] {local_task_job_runner.py:225} INFO - Task exited with return code 0
[2023-05-25T06:56:56.734+0000] {taskinstance.py:2651} INFO - 0 downstream tasks scheduled from follow-on schedule check
[2023-05-25T10:29:49.355+0000] {taskinstance.py:1103} INFO - Dependencies all met for dep_context=non-requeueable deps ti=<TaskInstance: dag_with_taskflow_api_v02.get_age scheduled__2022-08-14T00:00:00+00:00 [queued]>
[2023-05-25T10:29:49.691+0000] {taskinstance.py:1103} INFO - Dependencies all met for dep_context=requeueable deps ti=<TaskInstance: dag_with_taskflow_api_v02.get_age scheduled__2022-08-14T00:00:00+00:00 [queued]>
[2023-05-25T10:29:49.692+0000] {taskinstance.py:1308} INFO - Starting attempt 1 of 6
[2023-05-25T10:29:49.895+0000] {taskinstance.py:1327} INFO - Executing <Task(_PythonDecoratedOperator): get_age> on 2022-08-14 00:00:00+00:00
[2023-05-25T10:29:49.949+0000] {standard_task_runner.py:57} INFO - Started process 3286 to run task
[2023-05-25T10:29:50.032+0000] {standard_task_runner.py:84} INFO - Running: ['***', 'tasks', 'run', 'dag_with_taskflow_api_v02', 'get_age', 'scheduled__2022-08-14T00:00:00+00:00', '--job-id', '888', '--raw', '--subdir', 'DAGS_FOLDER/first_dag.py', '--cfg-path', '/tmp/tmpdgx0bqd_']
[2023-05-25T10:29:50.059+0000] {standard_task_runner.py:85} INFO - Job 888: Subtask get_age
[2023-05-25T10:29:51.215+0000] {task_command.py:410} INFO - Running <TaskInstance: dag_with_taskflow_api_v02.get_age scheduled__2022-08-14T00:00:00+00:00 [running]> on host b1ae37a9584e
[2023-05-25T10:29:53.602+0000] {taskinstance.py:1547} INFO - Exporting env vars: AIRFLOW_CTX_DAG_OWNER='Sai' AIRFLOW_CTX_DAG_ID='dag_with_taskflow_api_v02' AIRFLOW_CTX_TASK_ID='get_age' AIRFLOW_CTX_EXECUTION_DATE='2022-08-14T00:00:00+00:00' AIRFLOW_CTX_TRY_NUMBER='1' AIRFLOW_CTX_DAG_RUN_ID='scheduled__2022-08-14T00:00:00+00:00'
[2023-05-25T10:29:53.638+0000] {python.py:183} INFO - Done. Returned value was: 19
[2023-05-25T10:29:53.980+0000] {taskinstance.py:1350} INFO - Marking task as SUCCESS. dag_id=dag_with_taskflow_api_v02, task_id=get_age, execution_date=20220814T000000, start_date=20230525T102949, end_date=20230525T102953
[2023-05-25T10:29:54.127+0000] {local_task_job_runner.py:225} INFO - Task exited with return code 0
[2023-05-25T10:29:56.367+0000] {taskinstance.py:2651} INFO - 1 downstream tasks scheduled from follow-on schedule check
