[2023-05-25T04:20:39.443+0000] {taskinstance.py:1103} INFO - Dependencies all met for dep_context=non-requeueable deps ti=<TaskInstance: dag_with_taskflow_api_v02.get_age scheduled__2023-05-24T00:00:00+00:00 [queued]>
[2023-05-25T04:20:39.457+0000] {taskinstance.py:1103} INFO - Dependencies all met for dep_context=requeueable deps ti=<TaskInstance: dag_with_taskflow_api_v02.get_age scheduled__2023-05-24T00:00:00+00:00 [queued]>
[2023-05-25T04:20:39.457+0000] {taskinstance.py:1308} INFO - Starting attempt 1 of 6
[2023-05-25T04:20:39.486+0000] {taskinstance.py:1327} INFO - Executing <Task(_PythonDecoratedOperator): get_age> on 2023-05-24 00:00:00+00:00
[2023-05-25T04:20:39.492+0000] {standard_task_runner.py:57} INFO - Started process 4091 to run task
[2023-05-25T04:20:39.496+0000] {standard_task_runner.py:84} INFO - Running: ['***', 'tasks', 'run', 'dag_with_taskflow_api_v02', 'get_age', 'scheduled__2023-05-24T00:00:00+00:00', '--job-id', '1731', '--raw', '--subdir', 'DAGS_FOLDER/first_dag.py', '--cfg-path', '/tmp/tmpxopgdqzn']
[2023-05-25T04:20:39.499+0000] {standard_task_runner.py:85} INFO - Job 1731: Subtask get_age
[2023-05-25T04:20:39.569+0000] {task_command.py:410} INFO - Running <TaskInstance: dag_with_taskflow_api_v02.get_age scheduled__2023-05-24T00:00:00+00:00 [running]> on host 942de29f183d
[2023-05-25T04:20:39.728+0000] {taskinstance.py:1547} INFO - Exporting env vars: AIRFLOW_CTX_DAG_OWNER='Sai' AIRFLOW_CTX_DAG_ID='dag_with_taskflow_api_v02' AIRFLOW_CTX_TASK_ID='get_age' AIRFLOW_CTX_EXECUTION_DATE='2023-05-24T00:00:00+00:00' AIRFLOW_CTX_TRY_NUMBER='1' AIRFLOW_CTX_DAG_RUN_ID='scheduled__2023-05-24T00:00:00+00:00'
[2023-05-25T04:20:39.729+0000] {python.py:183} INFO - Done. Returned value was: 19
[2023-05-25T04:20:39.765+0000] {taskinstance.py:1350} INFO - Marking task as SUCCESS. dag_id=dag_with_taskflow_api_v02, task_id=get_age, execution_date=20230524T000000, start_date=20230525T042039, end_date=20230525T042039
[2023-05-25T04:20:39.828+0000] {local_task_job_runner.py:225} INFO - Task exited with return code 0
[2023-05-25T04:20:39.866+0000] {taskinstance.py:2651} INFO - 0 downstream tasks scheduled from follow-on schedule check
[2023-05-25T07:04:42.161+0000] {taskinstance.py:1103} INFO - Dependencies all met for dep_context=non-requeueable deps ti=<TaskInstance: dag_with_taskflow_api_v02.get_age scheduled__2023-05-24T00:00:00+00:00 [queued]>
[2023-05-25T07:04:42.183+0000] {taskinstance.py:1103} INFO - Dependencies all met for dep_context=requeueable deps ti=<TaskInstance: dag_with_taskflow_api_v02.get_age scheduled__2023-05-24T00:00:00+00:00 [queued]>
[2023-05-25T07:04:42.183+0000] {taskinstance.py:1308} INFO - Starting attempt 1 of 6
[2023-05-25T07:04:42.212+0000] {taskinstance.py:1327} INFO - Executing <Task(_PythonDecoratedOperator): get_age> on 2023-05-24 00:00:00+00:00
[2023-05-25T07:04:42.220+0000] {standard_task_runner.py:57} INFO - Started process 5560 to run task
[2023-05-25T07:04:42.226+0000] {standard_task_runner.py:84} INFO - Running: ['***', 'tasks', 'run', 'dag_with_taskflow_api_v02', 'get_age', 'scheduled__2023-05-24T00:00:00+00:00', '--job-id', '1732', '--raw', '--subdir', 'DAGS_FOLDER/first_dag.py', '--cfg-path', '/tmp/tmpupwkwviq']
[2023-05-25T07:04:42.228+0000] {standard_task_runner.py:85} INFO - Job 1732: Subtask get_age
[2023-05-25T07:04:42.313+0000] {task_command.py:410} INFO - Running <TaskInstance: dag_with_taskflow_api_v02.get_age scheduled__2023-05-24T00:00:00+00:00 [running]> on host 6bd07c7477d9
[2023-05-25T07:04:42.490+0000] {taskinstance.py:1547} INFO - Exporting env vars: AIRFLOW_CTX_DAG_OWNER='Sai' AIRFLOW_CTX_DAG_ID='dag_with_taskflow_api_v02' AIRFLOW_CTX_TASK_ID='get_age' AIRFLOW_CTX_EXECUTION_DATE='2023-05-24T00:00:00+00:00' AIRFLOW_CTX_TRY_NUMBER='1' AIRFLOW_CTX_DAG_RUN_ID='scheduled__2023-05-24T00:00:00+00:00'
[2023-05-25T07:04:42.491+0000] {python.py:183} INFO - Done. Returned value was: 19
[2023-05-25T07:04:42.535+0000] {taskinstance.py:1350} INFO - Marking task as SUCCESS. dag_id=dag_with_taskflow_api_v02, task_id=get_age, execution_date=20230524T000000, start_date=20230525T070442, end_date=20230525T070442
[2023-05-25T07:04:42.643+0000] {local_task_job_runner.py:225} INFO - Task exited with return code 0
[2023-05-25T07:04:42.682+0000] {taskinstance.py:2651} INFO - 0 downstream tasks scheduled from follow-on schedule check
[2023-05-25T10:39:24.598+0000] {taskinstance.py:1103} INFO - Dependencies all met for dep_context=non-requeueable deps ti=<TaskInstance: dag_with_taskflow_api_v02.get_age scheduled__2023-05-24T00:00:00+00:00 [queued]>
[2023-05-25T10:39:24.687+0000] {taskinstance.py:1103} INFO - Dependencies all met for dep_context=requeueable deps ti=<TaskInstance: dag_with_taskflow_api_v02.get_age scheduled__2023-05-24T00:00:00+00:00 [queued]>
[2023-05-25T10:39:24.688+0000] {taskinstance.py:1308} INFO - Starting attempt 1 of 6
[2023-05-25T10:39:24.783+0000] {taskinstance.py:1327} INFO - Executing <Task(_PythonDecoratedOperator): get_age> on 2023-05-24 00:00:00+00:00
[2023-05-25T10:39:24.798+0000] {standard_task_runner.py:57} INFO - Started process 5206 to run task
[2023-05-25T10:39:24.845+0000] {standard_task_runner.py:84} INFO - Running: ['***', 'tasks', 'run', 'dag_with_taskflow_api_v02', 'get_age', 'scheduled__2023-05-24T00:00:00+00:00', '--job-id', '1736', '--raw', '--subdir', 'DAGS_FOLDER/first_dag.py', '--cfg-path', '/tmp/tmp6w1d1gqt']
[2023-05-25T10:39:24.868+0000] {standard_task_runner.py:85} INFO - Job 1736: Subtask get_age
[2023-05-25T10:39:25.273+0000] {task_command.py:410} INFO - Running <TaskInstance: dag_with_taskflow_api_v02.get_age scheduled__2023-05-24T00:00:00+00:00 [running]> on host b1ae37a9584e
[2023-05-25T10:39:26.000+0000] {taskinstance.py:1547} INFO - Exporting env vars: AIRFLOW_CTX_DAG_OWNER='Sai' AIRFLOW_CTX_DAG_ID='dag_with_taskflow_api_v02' AIRFLOW_CTX_TASK_ID='get_age' AIRFLOW_CTX_EXECUTION_DATE='2023-05-24T00:00:00+00:00' AIRFLOW_CTX_TRY_NUMBER='1' AIRFLOW_CTX_DAG_RUN_ID='scheduled__2023-05-24T00:00:00+00:00'
[2023-05-25T10:39:26.002+0000] {python.py:183} INFO - Done. Returned value was: 19
[2023-05-25T10:39:26.201+0000] {taskinstance.py:1350} INFO - Marking task as SUCCESS. dag_id=dag_with_taskflow_api_v02, task_id=get_age, execution_date=20230524T000000, start_date=20230525T103924, end_date=20230525T103926
[2023-05-25T10:39:26.317+0000] {local_task_job_runner.py:225} INFO - Task exited with return code 0
[2023-05-25T10:39:26.573+0000] {taskinstance.py:2651} INFO - 0 downstream tasks scheduled from follow-on schedule check
