[2023-05-24T15:15:49.955+0000] {taskinstance.py:1103} INFO - Dependencies all met for dep_context=non-requeueable deps ti=<TaskInstance: dag_with_taskflow_api_v02.get_name scheduled__2021-11-15T00:00:00+00:00 [queued]>
[2023-05-24T15:15:50.067+0000] {taskinstance.py:1103} INFO - Dependencies all met for dep_context=requeueable deps ti=<TaskInstance: dag_with_taskflow_api_v02.get_name scheduled__2021-11-15T00:00:00+00:00 [queued]>
[2023-05-24T15:15:50.068+0000] {taskinstance.py:1308} INFO - Starting attempt 1 of 6
[2023-05-24T15:15:50.297+0000] {taskinstance.py:1327} INFO - Executing <Task(_PythonDecoratedOperator): get_name> on 2021-11-15 00:00:00+00:00
[2023-05-24T15:15:50.326+0000] {standard_task_runner.py:57} INFO - Started process 332 to run task
[2023-05-24T15:15:50.383+0000] {standard_task_runner.py:84} INFO - Running: ['***', 'tasks', 'run', 'dag_with_taskflow_api_v02', 'get_name', 'scheduled__2021-11-15T00:00:00+00:00', '--job-id', '62', '--raw', '--subdir', 'DAGS_FOLDER/first_dag.py', '--cfg-path', '/tmp/tmpovkxa6kz']
[2023-05-24T15:15:50.470+0000] {standard_task_runner.py:85} INFO - Job 62: Subtask get_name
[2023-05-24T15:15:50.714+0000] {task_command.py:410} INFO - Running <TaskInstance: dag_with_taskflow_api_v02.get_name scheduled__2021-11-15T00:00:00+00:00 [running]> on host 942de29f183d
[2023-05-24T15:15:51.879+0000] {taskinstance.py:1547} INFO - Exporting env vars: AIRFLOW_CTX_DAG_OWNER='Sai' AIRFLOW_CTX_DAG_ID='dag_with_taskflow_api_v02' AIRFLOW_CTX_TASK_ID='get_name' AIRFLOW_CTX_EXECUTION_DATE='2021-11-15T00:00:00+00:00' AIRFLOW_CTX_TRY_NUMBER='1' AIRFLOW_CTX_DAG_RUN_ID='scheduled__2021-11-15T00:00:00+00:00'
[2023-05-24T15:15:51.880+0000] {python.py:183} INFO - Done. Returned value was: {'first_name': 'Sai', 'last_name': 'Tr'}
[2023-05-24T15:15:52.065+0000] {taskinstance.py:1350} INFO - Marking task as SUCCESS. dag_id=dag_with_taskflow_api_v02, task_id=get_name, execution_date=20211115T000000, start_date=20230524T151549, end_date=20230524T151552
[2023-05-24T15:15:52.190+0000] {local_task_job_runner.py:225} INFO - Task exited with return code 0
[2023-05-24T15:15:52.338+0000] {taskinstance.py:2651} INFO - 1 downstream tasks scheduled from follow-on schedule check
[2023-05-25T06:49:32.002+0000] {taskinstance.py:1103} INFO - Dependencies all met for dep_context=non-requeueable deps ti=<TaskInstance: dag_with_taskflow_api_v02.get_name scheduled__2021-11-15T00:00:00+00:00 [queued]>
[2023-05-25T06:49:32.069+0000] {taskinstance.py:1103} INFO - Dependencies all met for dep_context=requeueable deps ti=<TaskInstance: dag_with_taskflow_api_v02.get_name scheduled__2021-11-15T00:00:00+00:00 [queued]>
[2023-05-25T06:49:32.069+0000] {taskinstance.py:1308} INFO - Starting attempt 1 of 6
[2023-05-25T06:49:32.162+0000] {taskinstance.py:1327} INFO - Executing <Task(_PythonDecoratedOperator): get_name> on 2021-11-15 00:00:00+00:00
[2023-05-25T06:49:32.170+0000] {standard_task_runner.py:57} INFO - Started process 1874 to run task
[2023-05-25T06:49:32.213+0000] {standard_task_runner.py:84} INFO - Running: ['***', 'tasks', 'run', 'dag_with_taskflow_api_v02', 'get_name', 'scheduled__2021-11-15T00:00:00+00:00', '--job-id', '62', '--raw', '--subdir', 'DAGS_FOLDER/first_dag.py', '--cfg-path', '/tmp/tmpijktco1d']
[2023-05-25T06:49:32.217+0000] {standard_task_runner.py:85} INFO - Job 62: Subtask get_name
[2023-05-25T06:49:32.585+0000] {task_command.py:410} INFO - Running <TaskInstance: dag_with_taskflow_api_v02.get_name scheduled__2021-11-15T00:00:00+00:00 [running]> on host 6bd07c7477d9
[2023-05-25T06:49:33.616+0000] {taskinstance.py:1547} INFO - Exporting env vars: AIRFLOW_CTX_DAG_OWNER='Sai' AIRFLOW_CTX_DAG_ID='dag_with_taskflow_api_v02' AIRFLOW_CTX_TASK_ID='get_name' AIRFLOW_CTX_EXECUTION_DATE='2021-11-15T00:00:00+00:00' AIRFLOW_CTX_TRY_NUMBER='1' AIRFLOW_CTX_DAG_RUN_ID='scheduled__2021-11-15T00:00:00+00:00'
[2023-05-25T06:49:33.617+0000] {python.py:183} INFO - Done. Returned value was: {'first_name': 'Sai', 'last_name': 'Tr'}
[2023-05-25T06:49:33.874+0000] {taskinstance.py:1350} INFO - Marking task as SUCCESS. dag_id=dag_with_taskflow_api_v02, task_id=get_name, execution_date=20211115T000000, start_date=20230525T064932, end_date=20230525T064933
[2023-05-25T06:49:34.048+0000] {local_task_job_runner.py:225} INFO - Task exited with return code 0
[2023-05-25T06:49:34.305+0000] {taskinstance.py:2651} INFO - 1 downstream tasks scheduled from follow-on schedule check
[2023-05-25T10:19:16.143+0000] {taskinstance.py:1103} INFO - Dependencies all met for dep_context=non-requeueable deps ti=<TaskInstance: dag_with_taskflow_api_v02.get_name scheduled__2021-11-15T00:00:00+00:00 [queued]>
[2023-05-25T10:19:16.242+0000] {taskinstance.py:1103} INFO - Dependencies all met for dep_context=requeueable deps ti=<TaskInstance: dag_with_taskflow_api_v02.get_name scheduled__2021-11-15T00:00:00+00:00 [queued]>
[2023-05-25T10:19:16.243+0000] {taskinstance.py:1308} INFO - Starting attempt 1 of 6
[2023-05-25T10:19:18.227+0000] {taskinstance.py:1327} INFO - Executing <Task(_PythonDecoratedOperator): get_name> on 2021-11-15 00:00:00+00:00
[2023-05-25T10:19:18.288+0000] {standard_task_runner.py:57} INFO - Started process 1380 to run task
[2023-05-25T10:19:18.298+0000] {standard_task_runner.py:84} INFO - Running: ['***', 'tasks', 'run', 'dag_with_taskflow_api_v02', 'get_name', 'scheduled__2021-11-15T00:00:00+00:00', '--job-id', '55', '--raw', '--subdir', 'DAGS_FOLDER/first_dag.py', '--cfg-path', '/tmp/tmpqef7kgxd']
[2023-05-25T10:19:18.331+0000] {standard_task_runner.py:85} INFO - Job 55: Subtask get_name
[2023-05-25T10:19:18.911+0000] {task_command.py:410} INFO - Running <TaskInstance: dag_with_taskflow_api_v02.get_name scheduled__2021-11-15T00:00:00+00:00 [running]> on host b1ae37a9584e
[2023-05-25T10:19:20.043+0000] {taskinstance.py:1547} INFO - Exporting env vars: AIRFLOW_CTX_DAG_OWNER='Sai' AIRFLOW_CTX_DAG_ID='dag_with_taskflow_api_v02' AIRFLOW_CTX_TASK_ID='get_name' AIRFLOW_CTX_EXECUTION_DATE='2021-11-15T00:00:00+00:00' AIRFLOW_CTX_TRY_NUMBER='1' AIRFLOW_CTX_DAG_RUN_ID='scheduled__2021-11-15T00:00:00+00:00'
[2023-05-25T10:19:20.044+0000] {python.py:183} INFO - Done. Returned value was: {'first_name': 'Sai', 'last_name': 'Tr'}
[2023-05-25T10:19:20.365+0000] {taskinstance.py:1350} INFO - Marking task as SUCCESS. dag_id=dag_with_taskflow_api_v02, task_id=get_name, execution_date=20211115T000000, start_date=20230525T101916, end_date=20230525T101920
[2023-05-25T10:19:21.019+0000] {local_task_job_runner.py:225} INFO - Task exited with return code 0
[2023-05-25T10:19:21.128+0000] {taskinstance.py:2651} INFO - 1 downstream tasks scheduled from follow-on schedule check
