[2023-05-24T15:22:41.799+0000] {taskinstance.py:1103} INFO - Dependencies all met for dep_context=non-requeueable deps ti=<TaskInstance: dag_with_taskflow_api_v02.greet scheduled__2022-06-13T00:00:00+00:00 [queued]>
[2023-05-24T15:22:41.894+0000] {taskinstance.py:1103} INFO - Dependencies all met for dep_context=requeueable deps ti=<TaskInstance: dag_with_taskflow_api_v02.greet scheduled__2022-06-13T00:00:00+00:00 [queued]>
[2023-05-24T15:22:41.902+0000] {taskinstance.py:1308} INFO - Starting attempt 1 of 6
[2023-05-24T15:22:42.171+0000] {taskinstance.py:1327} INFO - Executing <Task(_PythonDecoratedOperator): greet> on 2022-06-13 00:00:00+00:00
[2023-05-24T15:22:42.191+0000] {standard_task_runner.py:57} INFO - Started process 1800 to run task
[2023-05-24T15:22:42.239+0000] {standard_task_runner.py:84} INFO - Running: ['***', 'tasks', 'run', 'dag_with_taskflow_api_v02', 'greet', 'scheduled__2022-06-13T00:00:00+00:00', '--job-id', '714', '--raw', '--subdir', 'DAGS_FOLDER/first_dag.py', '--cfg-path', '/tmp/tmpo5yr69gr']
[2023-05-24T15:22:42.260+0000] {standard_task_runner.py:85} INFO - Job 714: Subtask greet
[2023-05-24T15:22:42.680+0000] {task_command.py:410} INFO - Running <TaskInstance: dag_with_taskflow_api_v02.greet scheduled__2022-06-13T00:00:00+00:00 [running]> on host 942de29f183d
[2023-05-24T15:22:43.673+0000] {taskinstance.py:1547} INFO - Exporting env vars: AIRFLOW_CTX_DAG_OWNER='Sai' AIRFLOW_CTX_DAG_ID='dag_with_taskflow_api_v02' AIRFLOW_CTX_TASK_ID='greet' AIRFLOW_CTX_EXECUTION_DATE='2022-06-13T00:00:00+00:00' AIRFLOW_CTX_TRY_NUMBER='1' AIRFLOW_CTX_DAG_RUN_ID='scheduled__2022-06-13T00:00:00+00:00'
[2023-05-24T15:22:43.674+0000] {logging_mixin.py:149} INFO - Hello World! My name is Sai Tr and I am 19 years old!
[2023-05-24T15:22:43.675+0000] {python.py:183} INFO - Done. Returned value was: None
[2023-05-24T15:22:43.742+0000] {taskinstance.py:1350} INFO - Marking task as SUCCESS. dag_id=dag_with_taskflow_api_v02, task_id=greet, execution_date=20220613T000000, start_date=20230524T152241, end_date=20230524T152243
[2023-05-24T15:22:43.906+0000] {local_task_job_runner.py:225} INFO - Task exited with return code 0
[2023-05-24T15:22:44.110+0000] {taskinstance.py:2651} INFO - 0 downstream tasks scheduled from follow-on schedule check
[2023-05-25T06:55:17.024+0000] {taskinstance.py:1103} INFO - Dependencies all met for dep_context=non-requeueable deps ti=<TaskInstance: dag_with_taskflow_api_v02.greet scheduled__2022-06-13T00:00:00+00:00 [queued]>
[2023-05-25T06:55:17.054+0000] {taskinstance.py:1103} INFO - Dependencies all met for dep_context=requeueable deps ti=<TaskInstance: dag_with_taskflow_api_v02.greet scheduled__2022-06-13T00:00:00+00:00 [queued]>
[2023-05-25T06:55:17.054+0000] {taskinstance.py:1308} INFO - Starting attempt 1 of 6
[2023-05-25T06:55:17.103+0000] {taskinstance.py:1327} INFO - Executing <Task(_PythonDecoratedOperator): greet> on 2022-06-13 00:00:00+00:00
[2023-05-25T06:55:17.110+0000] {standard_task_runner.py:57} INFO - Started process 3288 to run task
[2023-05-25T06:55:17.117+0000] {standard_task_runner.py:84} INFO - Running: ['***', 'tasks', 'run', 'dag_with_taskflow_api_v02', 'greet', 'scheduled__2022-06-13T00:00:00+00:00', '--job-id', '702', '--raw', '--subdir', 'DAGS_FOLDER/first_dag.py', '--cfg-path', '/tmp/tmpgiixwbkn']
[2023-05-25T06:55:17.120+0000] {standard_task_runner.py:85} INFO - Job 702: Subtask greet
[2023-05-25T06:55:17.288+0000] {task_command.py:410} INFO - Running <TaskInstance: dag_with_taskflow_api_v02.greet scheduled__2022-06-13T00:00:00+00:00 [running]> on host 6bd07c7477d9
[2023-05-25T06:55:17.732+0000] {taskinstance.py:1547} INFO - Exporting env vars: AIRFLOW_CTX_DAG_OWNER='Sai' AIRFLOW_CTX_DAG_ID='dag_with_taskflow_api_v02' AIRFLOW_CTX_TASK_ID='greet' AIRFLOW_CTX_EXECUTION_DATE='2022-06-13T00:00:00+00:00' AIRFLOW_CTX_TRY_NUMBER='1' AIRFLOW_CTX_DAG_RUN_ID='scheduled__2022-06-13T00:00:00+00:00'
[2023-05-25T06:55:17.733+0000] {logging_mixin.py:149} INFO - Hello World! My name is Sai Tr and I am 19 years old!
[2023-05-25T06:55:17.735+0000] {python.py:183} INFO - Done. Returned value was: None
[2023-05-25T06:55:17.759+0000] {taskinstance.py:1350} INFO - Marking task as SUCCESS. dag_id=dag_with_taskflow_api_v02, task_id=greet, execution_date=20220613T000000, start_date=20230525T065517, end_date=20230525T065517
[2023-05-25T06:55:17.819+0000] {local_task_job_runner.py:225} INFO - Task exited with return code 0
[2023-05-25T06:55:17.880+0000] {taskinstance.py:2651} INFO - 0 downstream tasks scheduled from follow-on schedule check
[2023-05-25T10:26:46.792+0000] {taskinstance.py:1103} INFO - Dependencies all met for dep_context=non-requeueable deps ti=<TaskInstance: dag_with_taskflow_api_v02.greet scheduled__2022-06-13T00:00:00+00:00 [queued]>
[2023-05-25T10:26:46.889+0000] {taskinstance.py:1103} INFO - Dependencies all met for dep_context=requeueable deps ti=<TaskInstance: dag_with_taskflow_api_v02.greet scheduled__2022-06-13T00:00:00+00:00 [queued]>
[2023-05-25T10:26:46.893+0000] {taskinstance.py:1308} INFO - Starting attempt 1 of 6
[2023-05-25T10:26:47.113+0000] {taskinstance.py:1327} INFO - Executing <Task(_PythonDecoratedOperator): greet> on 2022-06-13 00:00:00+00:00
[2023-05-25T10:26:47.168+0000] {standard_task_runner.py:57} INFO - Started process 2878 to run task
[2023-05-25T10:26:47.189+0000] {standard_task_runner.py:84} INFO - Running: ['***', 'tasks', 'run', 'dag_with_taskflow_api_v02', 'greet', 'scheduled__2022-06-13T00:00:00+00:00', '--job-id', '715', '--raw', '--subdir', 'DAGS_FOLDER/first_dag.py', '--cfg-path', '/tmp/tmpvudj3dai']
[2023-05-25T10:26:47.193+0000] {standard_task_runner.py:85} INFO - Job 715: Subtask greet
[2023-05-25T10:26:47.648+0000] {task_command.py:410} INFO - Running <TaskInstance: dag_with_taskflow_api_v02.greet scheduled__2022-06-13T00:00:00+00:00 [running]> on host b1ae37a9584e
[2023-05-25T10:26:48.807+0000] {taskinstance.py:1547} INFO - Exporting env vars: AIRFLOW_CTX_DAG_OWNER='Sai' AIRFLOW_CTX_DAG_ID='dag_with_taskflow_api_v02' AIRFLOW_CTX_TASK_ID='greet' AIRFLOW_CTX_EXECUTION_DATE='2022-06-13T00:00:00+00:00' AIRFLOW_CTX_TRY_NUMBER='1' AIRFLOW_CTX_DAG_RUN_ID='scheduled__2022-06-13T00:00:00+00:00'
[2023-05-25T10:26:48.828+0000] {logging_mixin.py:149} INFO - Hello World! My name is Sai Tr and I am 19 years old!
[2023-05-25T10:26:48.828+0000] {python.py:183} INFO - Done. Returned value was: None
[2023-05-25T10:26:48.893+0000] {taskinstance.py:1350} INFO - Marking task as SUCCESS. dag_id=dag_with_taskflow_api_v02, task_id=greet, execution_date=20220613T000000, start_date=20230525T102646, end_date=20230525T102648
[2023-05-25T10:26:49.040+0000] {local_task_job_runner.py:225} INFO - Task exited with return code 0
[2023-05-25T10:26:49.310+0000] {taskinstance.py:2651} INFO - 0 downstream tasks scheduled from follow-on schedule check
