[2023-05-24T15:30:23.923+0000] {taskinstance.py:1103} INFO - Dependencies all met for dep_context=non-requeueable deps ti=<TaskInstance: dag_with_taskflow_api_v02.greet scheduled__2023-03-15T00:00:00+00:00 [queued]>
[2023-05-24T15:30:24.011+0000] {taskinstance.py:1103} INFO - Dependencies all met for dep_context=requeueable deps ti=<TaskInstance: dag_with_taskflow_api_v02.greet scheduled__2023-03-15T00:00:00+00:00 [queued]>
[2023-05-24T15:30:24.012+0000] {taskinstance.py:1308} INFO - Starting attempt 1 of 6
[2023-05-24T15:30:24.598+0000] {taskinstance.py:1327} INFO - Executing <Task(_PythonDecoratedOperator): greet> on 2023-03-15 00:00:00+00:00
[2023-05-24T15:30:24.625+0000] {standard_task_runner.py:57} INFO - Started process 3625 to run task
[2023-05-24T15:30:24.682+0000] {standard_task_runner.py:84} INFO - Running: ['***', 'tasks', 'run', 'dag_with_taskflow_api_v02', 'greet', 'scheduled__2023-03-15T00:00:00+00:00', '--job-id', '1539', '--raw', '--subdir', 'DAGS_FOLDER/first_dag.py', '--cfg-path', '/tmp/tmpfej2k8k7']
[2023-05-24T15:30:24.703+0000] {standard_task_runner.py:85} INFO - Job 1539: Subtask greet
[2023-05-24T15:30:25.121+0000] {task_command.py:410} INFO - Running <TaskInstance: dag_with_taskflow_api_v02.greet scheduled__2023-03-15T00:00:00+00:00 [running]> on host 942de29f183d
[2023-05-24T15:30:26.118+0000] {taskinstance.py:1547} INFO - Exporting env vars: AIRFLOW_CTX_DAG_OWNER='Sai' AIRFLOW_CTX_DAG_ID='dag_with_taskflow_api_v02' AIRFLOW_CTX_TASK_ID='greet' AIRFLOW_CTX_EXECUTION_DATE='2023-03-15T00:00:00+00:00' AIRFLOW_CTX_TRY_NUMBER='1' AIRFLOW_CTX_DAG_RUN_ID='scheduled__2023-03-15T00:00:00+00:00'
[2023-05-24T15:30:26.119+0000] {logging_mixin.py:149} INFO - Hello World! My name is Sai Tr and I am 19 years old!
[2023-05-24T15:30:26.120+0000] {python.py:183} INFO - Done. Returned value was: None
[2023-05-24T15:30:26.200+0000] {taskinstance.py:1350} INFO - Marking task as SUCCESS. dag_id=dag_with_taskflow_api_v02, task_id=greet, execution_date=20230315T000000, start_date=20230524T153023, end_date=20230524T153026
[2023-05-24T15:30:26.331+0000] {local_task_job_runner.py:225} INFO - Task exited with return code 0
[2023-05-24T15:30:27.099+0000] {taskinstance.py:2651} INFO - 0 downstream tasks scheduled from follow-on schedule check
[2023-05-25T07:02:57.227+0000] {taskinstance.py:1103} INFO - Dependencies all met for dep_context=non-requeueable deps ti=<TaskInstance: dag_with_taskflow_api_v02.greet scheduled__2023-03-15T00:00:00+00:00 [queued]>
[2023-05-25T07:02:57.269+0000] {taskinstance.py:1103} INFO - Dependencies all met for dep_context=requeueable deps ti=<TaskInstance: dag_with_taskflow_api_v02.greet scheduled__2023-03-15T00:00:00+00:00 [queued]>
[2023-05-25T07:02:57.270+0000] {taskinstance.py:1308} INFO - Starting attempt 1 of 6
[2023-05-25T07:02:58.061+0000] {taskinstance.py:1327} INFO - Executing <Task(_PythonDecoratedOperator): greet> on 2023-03-15 00:00:00+00:00
[2023-05-25T07:02:58.067+0000] {standard_task_runner.py:57} INFO - Started process 5145 to run task
[2023-05-25T07:02:58.083+0000] {standard_task_runner.py:84} INFO - Running: ['***', 'tasks', 'run', 'dag_with_taskflow_api_v02', 'greet', 'scheduled__2023-03-15T00:00:00+00:00', '--job-id', '1539', '--raw', '--subdir', 'DAGS_FOLDER/first_dag.py', '--cfg-path', '/tmp/tmphonmezw6']
[2023-05-25T07:02:58.097+0000] {standard_task_runner.py:85} INFO - Job 1539: Subtask greet
[2023-05-25T07:02:58.491+0000] {task_command.py:410} INFO - Running <TaskInstance: dag_with_taskflow_api_v02.greet scheduled__2023-03-15T00:00:00+00:00 [running]> on host 6bd07c7477d9
[2023-05-25T07:02:59.480+0000] {taskinstance.py:1547} INFO - Exporting env vars: AIRFLOW_CTX_DAG_OWNER='Sai' AIRFLOW_CTX_DAG_ID='dag_with_taskflow_api_v02' AIRFLOW_CTX_TASK_ID='greet' AIRFLOW_CTX_EXECUTION_DATE='2023-03-15T00:00:00+00:00' AIRFLOW_CTX_TRY_NUMBER='1' AIRFLOW_CTX_DAG_RUN_ID='scheduled__2023-03-15T00:00:00+00:00'
[2023-05-25T07:02:59.483+0000] {logging_mixin.py:149} INFO - Hello World! My name is Sai Tr and I am 19 years old!
[2023-05-25T07:02:59.485+0000] {python.py:183} INFO - Done. Returned value was: None
[2023-05-25T07:02:59.519+0000] {taskinstance.py:1350} INFO - Marking task as SUCCESS. dag_id=dag_with_taskflow_api_v02, task_id=greet, execution_date=20230315T000000, start_date=20230525T070257, end_date=20230525T070259
[2023-05-25T07:02:59.649+0000] {local_task_job_runner.py:225} INFO - Task exited with return code 0
[2023-05-25T07:02:59.829+0000] {taskinstance.py:2651} INFO - 0 downstream tasks scheduled from follow-on schedule check
[2023-05-25T10:37:20.228+0000] {taskinstance.py:1103} INFO - Dependencies all met for dep_context=non-requeueable deps ti=<TaskInstance: dag_with_taskflow_api_v02.greet scheduled__2023-03-15T00:00:00+00:00 [queued]>
[2023-05-25T10:37:20.264+0000] {taskinstance.py:1103} INFO - Dependencies all met for dep_context=requeueable deps ti=<TaskInstance: dag_with_taskflow_api_v02.greet scheduled__2023-03-15T00:00:00+00:00 [queued]>
[2023-05-25T10:37:20.265+0000] {taskinstance.py:1308} INFO - Starting attempt 1 of 6
[2023-05-25T10:37:20.305+0000] {taskinstance.py:1327} INFO - Executing <Task(_PythonDecoratedOperator): greet> on 2023-03-15 00:00:00+00:00
[2023-05-25T10:37:20.320+0000] {standard_task_runner.py:57} INFO - Started process 4772 to run task
[2023-05-25T10:37:20.343+0000] {standard_task_runner.py:84} INFO - Running: ['***', 'tasks', 'run', 'dag_with_taskflow_api_v02', 'greet', 'scheduled__2023-03-15T00:00:00+00:00', '--job-id', '1544', '--raw', '--subdir', 'DAGS_FOLDER/first_dag.py', '--cfg-path', '/tmp/tmp6i5yrfi6']
[2023-05-25T10:37:20.355+0000] {standard_task_runner.py:85} INFO - Job 1544: Subtask greet
[2023-05-25T10:37:20.542+0000] {task_command.py:410} INFO - Running <TaskInstance: dag_with_taskflow_api_v02.greet scheduled__2023-03-15T00:00:00+00:00 [running]> on host b1ae37a9584e
[2023-05-25T10:37:20.962+0000] {taskinstance.py:1547} INFO - Exporting env vars: AIRFLOW_CTX_DAG_OWNER='Sai' AIRFLOW_CTX_DAG_ID='dag_with_taskflow_api_v02' AIRFLOW_CTX_TASK_ID='greet' AIRFLOW_CTX_EXECUTION_DATE='2023-03-15T00:00:00+00:00' AIRFLOW_CTX_TRY_NUMBER='1' AIRFLOW_CTX_DAG_RUN_ID='scheduled__2023-03-15T00:00:00+00:00'
[2023-05-25T10:37:20.964+0000] {logging_mixin.py:149} INFO - Hello World! My name is Sai Tr and I am 19 years old!
[2023-05-25T10:37:20.964+0000] {python.py:183} INFO - Done. Returned value was: None
[2023-05-25T10:37:20.995+0000] {taskinstance.py:1350} INFO - Marking task as SUCCESS. dag_id=dag_with_taskflow_api_v02, task_id=greet, execution_date=20230315T000000, start_date=20230525T103720, end_date=20230525T103720
[2023-05-25T10:37:21.083+0000] {local_task_job_runner.py:225} INFO - Task exited with return code 0
[2023-05-25T10:37:21.315+0000] {taskinstance.py:2651} INFO - 0 downstream tasks scheduled from follow-on schedule check
