[2023-05-24T15:30:35.875+0000] {taskinstance.py:1103} INFO - Dependencies all met for dep_context=non-requeueable deps ti=<TaskInstance: dag_with_taskflow_api_v02.greet scheduled__2023-03-29T00:00:00+00:00 [queued]>
[2023-05-24T15:30:35.887+0000] {taskinstance.py:1103} INFO - Dependencies all met for dep_context=requeueable deps ti=<TaskInstance: dag_with_taskflow_api_v02.greet scheduled__2023-03-29T00:00:00+00:00 [queued]>
[2023-05-24T15:30:35.887+0000] {taskinstance.py:1308} INFO - Starting attempt 1 of 6
[2023-05-24T15:30:35.906+0000] {taskinstance.py:1327} INFO - Executing <Task(_PythonDecoratedOperator): greet> on 2023-03-29 00:00:00+00:00
[2023-05-24T15:30:35.913+0000] {standard_task_runner.py:57} INFO - Started process 3671 to run task
[2023-05-24T15:30:35.918+0000] {standard_task_runner.py:84} INFO - Running: ['***', 'tasks', 'run', 'dag_with_taskflow_api_v02', 'greet', 'scheduled__2023-03-29T00:00:00+00:00', '--job-id', '1565', '--raw', '--subdir', 'DAGS_FOLDER/first_dag.py', '--cfg-path', '/tmp/tmp6axfzf4m']
[2023-05-24T15:30:35.921+0000] {standard_task_runner.py:85} INFO - Job 1565: Subtask greet
[2023-05-24T15:30:35.993+0000] {task_command.py:410} INFO - Running <TaskInstance: dag_with_taskflow_api_v02.greet scheduled__2023-03-29T00:00:00+00:00 [running]> on host 942de29f183d
[2023-05-24T15:30:36.174+0000] {taskinstance.py:1547} INFO - Exporting env vars: AIRFLOW_CTX_DAG_OWNER='Sai' AIRFLOW_CTX_DAG_ID='dag_with_taskflow_api_v02' AIRFLOW_CTX_TASK_ID='greet' AIRFLOW_CTX_EXECUTION_DATE='2023-03-29T00:00:00+00:00' AIRFLOW_CTX_TRY_NUMBER='1' AIRFLOW_CTX_DAG_RUN_ID='scheduled__2023-03-29T00:00:00+00:00'
[2023-05-24T15:30:36.175+0000] {logging_mixin.py:149} INFO - Hello World! My name is Sai Tr and I am 19 years old!
[2023-05-24T15:30:36.175+0000] {python.py:183} INFO - Done. Returned value was: None
[2023-05-24T15:30:36.191+0000] {taskinstance.py:1350} INFO - Marking task as SUCCESS. dag_id=dag_with_taskflow_api_v02, task_id=greet, execution_date=20230329T000000, start_date=20230524T153035, end_date=20230524T153036
[2023-05-24T15:30:36.249+0000] {local_task_job_runner.py:225} INFO - Task exited with return code 0
[2023-05-24T15:30:36.284+0000] {taskinstance.py:2651} INFO - 0 downstream tasks scheduled from follow-on schedule check
[2023-05-25T07:03:19.737+0000] {taskinstance.py:1103} INFO - Dependencies all met for dep_context=non-requeueable deps ti=<TaskInstance: dag_with_taskflow_api_v02.greet scheduled__2023-03-29T00:00:00+00:00 [queued]>
[2023-05-25T07:03:19.811+0000] {taskinstance.py:1103} INFO - Dependencies all met for dep_context=requeueable deps ti=<TaskInstance: dag_with_taskflow_api_v02.greet scheduled__2023-03-29T00:00:00+00:00 [queued]>
[2023-05-25T07:03:19.819+0000] {taskinstance.py:1308} INFO - Starting attempt 1 of 6
[2023-05-25T07:03:19.987+0000] {taskinstance.py:1327} INFO - Executing <Task(_PythonDecoratedOperator): greet> on 2023-03-29 00:00:00+00:00
[2023-05-25T07:03:20.017+0000] {standard_task_runner.py:57} INFO - Started process 5239 to run task
[2023-05-25T07:03:20.075+0000] {standard_task_runner.py:84} INFO - Running: ['***', 'tasks', 'run', 'dag_with_taskflow_api_v02', 'greet', 'scheduled__2023-03-29T00:00:00+00:00', '--job-id', '1580', '--raw', '--subdir', 'DAGS_FOLDER/first_dag.py', '--cfg-path', '/tmp/tmpoikgvwxj']
[2023-05-25T07:03:20.083+0000] {standard_task_runner.py:85} INFO - Job 1580: Subtask greet
[2023-05-25T07:03:20.434+0000] {task_command.py:410} INFO - Running <TaskInstance: dag_with_taskflow_api_v02.greet scheduled__2023-03-29T00:00:00+00:00 [running]> on host 6bd07c7477d9
[2023-05-25T07:03:21.584+0000] {taskinstance.py:1547} INFO - Exporting env vars: AIRFLOW_CTX_DAG_OWNER='Sai' AIRFLOW_CTX_DAG_ID='dag_with_taskflow_api_v02' AIRFLOW_CTX_TASK_ID='greet' AIRFLOW_CTX_EXECUTION_DATE='2023-03-29T00:00:00+00:00' AIRFLOW_CTX_TRY_NUMBER='1' AIRFLOW_CTX_DAG_RUN_ID='scheduled__2023-03-29T00:00:00+00:00'
[2023-05-25T07:03:21.588+0000] {logging_mixin.py:149} INFO - Hello World! My name is Sai Tr and I am 19 years old!
[2023-05-25T07:03:21.589+0000] {python.py:183} INFO - Done. Returned value was: None
[2023-05-25T07:03:21.626+0000] {taskinstance.py:1350} INFO - Marking task as SUCCESS. dag_id=dag_with_taskflow_api_v02, task_id=greet, execution_date=20230329T000000, start_date=20230525T070319, end_date=20230525T070321
[2023-05-25T07:03:21.729+0000] {local_task_job_runner.py:225} INFO - Task exited with return code 0
[2023-05-25T07:03:21.883+0000] {taskinstance.py:2651} INFO - 0 downstream tasks scheduled from follow-on schedule check
[2023-05-25T10:37:47.443+0000] {taskinstance.py:1103} INFO - Dependencies all met for dep_context=non-requeueable deps ti=<TaskInstance: dag_with_taskflow_api_v02.greet scheduled__2023-03-29T00:00:00+00:00 [queued]>
[2023-05-25T10:37:47.701+0000] {taskinstance.py:1103} INFO - Dependencies all met for dep_context=requeueable deps ti=<TaskInstance: dag_with_taskflow_api_v02.greet scheduled__2023-03-29T00:00:00+00:00 [queued]>
[2023-05-25T10:37:47.701+0000] {taskinstance.py:1308} INFO - Starting attempt 1 of 6
[2023-05-25T10:37:47.816+0000] {taskinstance.py:1327} INFO - Executing <Task(_PythonDecoratedOperator): greet> on 2023-03-29 00:00:00+00:00
[2023-05-25T10:37:47.824+0000] {standard_task_runner.py:57} INFO - Started process 4868 to run task
[2023-05-25T10:37:47.834+0000] {standard_task_runner.py:84} INFO - Running: ['***', 'tasks', 'run', 'dag_with_taskflow_api_v02', 'greet', 'scheduled__2023-03-29T00:00:00+00:00', '--job-id', '1588', '--raw', '--subdir', 'DAGS_FOLDER/first_dag.py', '--cfg-path', '/tmp/tmpkz7lhskw']
[2023-05-25T10:37:47.852+0000] {standard_task_runner.py:85} INFO - Job 1588: Subtask greet
[2023-05-25T10:37:48.087+0000] {task_command.py:410} INFO - Running <TaskInstance: dag_with_taskflow_api_v02.greet scheduled__2023-03-29T00:00:00+00:00 [running]> on host b1ae37a9584e
[2023-05-25T10:37:48.794+0000] {taskinstance.py:1547} INFO - Exporting env vars: AIRFLOW_CTX_DAG_OWNER='Sai' AIRFLOW_CTX_DAG_ID='dag_with_taskflow_api_v02' AIRFLOW_CTX_TASK_ID='greet' AIRFLOW_CTX_EXECUTION_DATE='2023-03-29T00:00:00+00:00' AIRFLOW_CTX_TRY_NUMBER='1' AIRFLOW_CTX_DAG_RUN_ID='scheduled__2023-03-29T00:00:00+00:00'
[2023-05-25T10:37:48.798+0000] {logging_mixin.py:149} INFO - Hello World! My name is Sai Tr and I am 19 years old!
[2023-05-25T10:37:48.798+0000] {python.py:183} INFO - Done. Returned value was: None
[2023-05-25T10:37:48.867+0000] {taskinstance.py:1350} INFO - Marking task as SUCCESS. dag_id=dag_with_taskflow_api_v02, task_id=greet, execution_date=20230329T000000, start_date=20230525T103747, end_date=20230525T103748
[2023-05-25T10:37:48.964+0000] {local_task_job_runner.py:225} INFO - Task exited with return code 0
[2023-05-25T10:37:49.019+0000] {taskinstance.py:2651} INFO - 0 downstream tasks scheduled from follow-on schedule check
