[2023-05-24T15:31:15.941+0000] {taskinstance.py:1103} INFO - Dependencies all met for dep_context=non-requeueable deps ti=<TaskInstance: dag_with_taskflow_api_v02.greet scheduled__2023-04-18T00:00:00+00:00 [queued]>
[2023-05-24T15:31:16.067+0000] {taskinstance.py:1103} INFO - Dependencies all met for dep_context=requeueable deps ti=<TaskInstance: dag_with_taskflow_api_v02.greet scheduled__2023-04-18T00:00:00+00:00 [queued]>
[2023-05-24T15:31:16.068+0000] {taskinstance.py:1308} INFO - Starting attempt 1 of 6
[2023-05-24T15:31:16.291+0000] {taskinstance.py:1327} INFO - Executing <Task(_PythonDecoratedOperator): greet> on 2023-04-18 00:00:00+00:00
[2023-05-24T15:31:16.322+0000] {standard_task_runner.py:57} INFO - Started process 3839 to run task
[2023-05-24T15:31:16.352+0000] {standard_task_runner.py:84} INFO - Running: ['***', 'tasks', 'run', 'dag_with_taskflow_api_v02', 'greet', 'scheduled__2023-04-18T00:00:00+00:00', '--job-id', '1636', '--raw', '--subdir', 'DAGS_FOLDER/first_dag.py', '--cfg-path', '/tmp/tmpqdan1stn']
[2023-05-24T15:31:16.407+0000] {standard_task_runner.py:85} INFO - Job 1636: Subtask greet
[2023-05-24T15:31:16.948+0000] {task_command.py:410} INFO - Running <TaskInstance: dag_with_taskflow_api_v02.greet scheduled__2023-04-18T00:00:00+00:00 [running]> on host 942de29f183d
[2023-05-24T15:31:17.785+0000] {taskinstance.py:1547} INFO - Exporting env vars: AIRFLOW_CTX_DAG_OWNER='Sai' AIRFLOW_CTX_DAG_ID='dag_with_taskflow_api_v02' AIRFLOW_CTX_TASK_ID='greet' AIRFLOW_CTX_EXECUTION_DATE='2023-04-18T00:00:00+00:00' AIRFLOW_CTX_TRY_NUMBER='1' AIRFLOW_CTX_DAG_RUN_ID='scheduled__2023-04-18T00:00:00+00:00'
[2023-05-24T15:31:17.787+0000] {logging_mixin.py:149} INFO - Hello World! My name is Sai Tr and I am 19 years old!
[2023-05-24T15:31:17.788+0000] {python.py:183} INFO - Done. Returned value was: None
[2023-05-24T15:31:17.875+0000] {taskinstance.py:1350} INFO - Marking task as SUCCESS. dag_id=dag_with_taskflow_api_v02, task_id=greet, execution_date=20230418T000000, start_date=20230524T153115, end_date=20230524T153117
[2023-05-24T15:31:18.040+0000] {local_task_job_runner.py:225} INFO - Task exited with return code 0
[2023-05-24T15:31:18.171+0000] {taskinstance.py:2651} INFO - 0 downstream tasks scheduled from follow-on schedule check
[2023-05-25T07:03:45.824+0000] {taskinstance.py:1103} INFO - Dependencies all met for dep_context=non-requeueable deps ti=<TaskInstance: dag_with_taskflow_api_v02.greet scheduled__2023-04-18T00:00:00+00:00 [queued]>
[2023-05-25T07:03:45.863+0000] {taskinstance.py:1103} INFO - Dependencies all met for dep_context=requeueable deps ti=<TaskInstance: dag_with_taskflow_api_v02.greet scheduled__2023-04-18T00:00:00+00:00 [queued]>
[2023-05-25T07:03:45.864+0000] {taskinstance.py:1308} INFO - Starting attempt 1 of 6
[2023-05-25T07:03:45.980+0000] {taskinstance.py:1327} INFO - Executing <Task(_PythonDecoratedOperator): greet> on 2023-04-18 00:00:00+00:00
[2023-05-25T07:03:45.988+0000] {standard_task_runner.py:57} INFO - Started process 5344 to run task
[2023-05-25T07:03:46.033+0000] {standard_task_runner.py:84} INFO - Running: ['***', 'tasks', 'run', 'dag_with_taskflow_api_v02', 'greet', 'scheduled__2023-04-18T00:00:00+00:00', '--job-id', '1634', '--raw', '--subdir', 'DAGS_FOLDER/first_dag.py', '--cfg-path', '/tmp/tmpns0t58bo']
[2023-05-25T07:03:46.048+0000] {standard_task_runner.py:85} INFO - Job 1634: Subtask greet
[2023-05-25T07:03:46.407+0000] {task_command.py:410} INFO - Running <TaskInstance: dag_with_taskflow_api_v02.greet scheduled__2023-04-18T00:00:00+00:00 [running]> on host 6bd07c7477d9
[2023-05-25T07:03:46.956+0000] {taskinstance.py:1547} INFO - Exporting env vars: AIRFLOW_CTX_DAG_OWNER='Sai' AIRFLOW_CTX_DAG_ID='dag_with_taskflow_api_v02' AIRFLOW_CTX_TASK_ID='greet' AIRFLOW_CTX_EXECUTION_DATE='2023-04-18T00:00:00+00:00' AIRFLOW_CTX_TRY_NUMBER='1' AIRFLOW_CTX_DAG_RUN_ID='scheduled__2023-04-18T00:00:00+00:00'
[2023-05-25T07:03:46.957+0000] {logging_mixin.py:149} INFO - Hello World! My name is Sai Tr and I am 19 years old!
[2023-05-25T07:03:46.958+0000] {python.py:183} INFO - Done. Returned value was: None
[2023-05-25T07:03:46.986+0000] {taskinstance.py:1350} INFO - Marking task as SUCCESS. dag_id=dag_with_taskflow_api_v02, task_id=greet, execution_date=20230418T000000, start_date=20230525T070345, end_date=20230525T070346
[2023-05-25T07:03:47.064+0000] {local_task_job_runner.py:225} INFO - Task exited with return code 0
[2023-05-25T07:03:47.124+0000] {taskinstance.py:2651} INFO - 0 downstream tasks scheduled from follow-on schedule check
[2023-05-25T10:38:31.536+0000] {taskinstance.py:1103} INFO - Dependencies all met for dep_context=non-requeueable deps ti=<TaskInstance: dag_with_taskflow_api_v02.greet scheduled__2023-04-18T00:00:00+00:00 [queued]>
[2023-05-25T10:38:31.571+0000] {taskinstance.py:1103} INFO - Dependencies all met for dep_context=requeueable deps ti=<TaskInstance: dag_with_taskflow_api_v02.greet scheduled__2023-04-18T00:00:00+00:00 [queued]>
[2023-05-25T10:38:31.572+0000] {taskinstance.py:1308} INFO - Starting attempt 1 of 6
[2023-05-25T10:38:31.659+0000] {taskinstance.py:1327} INFO - Executing <Task(_PythonDecoratedOperator): greet> on 2023-04-18 00:00:00+00:00
[2023-05-25T10:38:31.697+0000] {standard_task_runner.py:57} INFO - Started process 5026 to run task
[2023-05-25T10:38:31.764+0000] {standard_task_runner.py:84} INFO - Running: ['***', 'tasks', 'run', 'dag_with_taskflow_api_v02', 'greet', 'scheduled__2023-04-18T00:00:00+00:00', '--job-id', '1654', '--raw', '--subdir', 'DAGS_FOLDER/first_dag.py', '--cfg-path', '/tmp/tmph9wsa86u']
[2023-05-25T10:38:31.796+0000] {standard_task_runner.py:85} INFO - Job 1654: Subtask greet
[2023-05-25T10:38:32.311+0000] {task_command.py:410} INFO - Running <TaskInstance: dag_with_taskflow_api_v02.greet scheduled__2023-04-18T00:00:00+00:00 [running]> on host b1ae37a9584e
[2023-05-25T10:38:33.372+0000] {taskinstance.py:1547} INFO - Exporting env vars: AIRFLOW_CTX_DAG_OWNER='Sai' AIRFLOW_CTX_DAG_ID='dag_with_taskflow_api_v02' AIRFLOW_CTX_TASK_ID='greet' AIRFLOW_CTX_EXECUTION_DATE='2023-04-18T00:00:00+00:00' AIRFLOW_CTX_TRY_NUMBER='1' AIRFLOW_CTX_DAG_RUN_ID='scheduled__2023-04-18T00:00:00+00:00'
[2023-05-25T10:38:33.374+0000] {logging_mixin.py:149} INFO - Hello World! My name is Sai Tr and I am 19 years old!
[2023-05-25T10:38:33.374+0000] {python.py:183} INFO - Done. Returned value was: None
[2023-05-25T10:38:33.443+0000] {taskinstance.py:1350} INFO - Marking task as SUCCESS. dag_id=dag_with_taskflow_api_v02, task_id=greet, execution_date=20230418T000000, start_date=20230525T103831, end_date=20230525T103833
[2023-05-25T10:38:33.607+0000] {local_task_job_runner.py:225} INFO - Task exited with return code 0
[2023-05-25T10:38:33.675+0000] {taskinstance.py:2651} INFO - 0 downstream tasks scheduled from follow-on schedule check
