[2023-05-24T15:20:00.674+0000] {taskinstance.py:1103} INFO - Dependencies all met for dep_context=non-requeueable deps ti=<TaskInstance: dag_with_taskflow_api_v02.greet scheduled__2022-03-27T00:00:00+00:00 [queued]>
[2023-05-24T15:20:00.794+0000] {taskinstance.py:1103} INFO - Dependencies all met for dep_context=requeueable deps ti=<TaskInstance: dag_with_taskflow_api_v02.greet scheduled__2022-03-27T00:00:00+00:00 [queued]>
[2023-05-24T15:20:00.794+0000] {taskinstance.py:1308} INFO - Starting attempt 1 of 6
[2023-05-24T15:20:00.915+0000] {taskinstance.py:1327} INFO - Executing <Task(_PythonDecoratedOperator): greet> on 2022-03-27 00:00:00+00:00
[2023-05-24T15:20:00.924+0000] {standard_task_runner.py:57} INFO - Started process 1247 to run task
[2023-05-24T15:20:00.957+0000] {standard_task_runner.py:84} INFO - Running: ['***', 'tasks', 'run', 'dag_with_taskflow_api_v02', 'greet', 'scheduled__2022-03-27T00:00:00+00:00', '--job-id', '474', '--raw', '--subdir', 'DAGS_FOLDER/first_dag.py', '--cfg-path', '/tmp/tmp38xggqii']
[2023-05-24T15:20:00.977+0000] {standard_task_runner.py:85} INFO - Job 474: Subtask greet
[2023-05-24T15:20:01.455+0000] {task_command.py:410} INFO - Running <TaskInstance: dag_with_taskflow_api_v02.greet scheduled__2022-03-27T00:00:00+00:00 [running]> on host 942de29f183d
[2023-05-24T15:20:02.094+0000] {taskinstance.py:1547} INFO - Exporting env vars: AIRFLOW_CTX_DAG_OWNER='Sai' AIRFLOW_CTX_DAG_ID='dag_with_taskflow_api_v02' AIRFLOW_CTX_TASK_ID='greet' AIRFLOW_CTX_EXECUTION_DATE='2022-03-27T00:00:00+00:00' AIRFLOW_CTX_TRY_NUMBER='1' AIRFLOW_CTX_DAG_RUN_ID='scheduled__2022-03-27T00:00:00+00:00'
[2023-05-24T15:20:02.095+0000] {logging_mixin.py:149} INFO - Hello World! My name is Sai Tr and I am 19 years old!
[2023-05-24T15:20:02.096+0000] {python.py:183} INFO - Done. Returned value was: None
[2023-05-24T15:20:02.133+0000] {taskinstance.py:1350} INFO - Marking task as SUCCESS. dag_id=dag_with_taskflow_api_v02, task_id=greet, execution_date=20220327T000000, start_date=20230524T152000, end_date=20230524T152002
[2023-05-24T15:20:02.210+0000] {local_task_job_runner.py:225} INFO - Task exited with return code 0
[2023-05-24T15:20:02.332+0000] {taskinstance.py:2651} INFO - 0 downstream tasks scheduled from follow-on schedule check
[2023-05-25T06:53:18.328+0000] {taskinstance.py:1103} INFO - Dependencies all met for dep_context=non-requeueable deps ti=<TaskInstance: dag_with_taskflow_api_v02.greet scheduled__2022-03-27T00:00:00+00:00 [queued]>
[2023-05-25T06:53:18.367+0000] {taskinstance.py:1103} INFO - Dependencies all met for dep_context=requeueable deps ti=<TaskInstance: dag_with_taskflow_api_v02.greet scheduled__2022-03-27T00:00:00+00:00 [queued]>
[2023-05-25T06:53:18.368+0000] {taskinstance.py:1308} INFO - Starting attempt 1 of 6
[2023-05-25T06:53:18.428+0000] {taskinstance.py:1327} INFO - Executing <Task(_PythonDecoratedOperator): greet> on 2022-03-27 00:00:00+00:00
[2023-05-25T06:53:18.435+0000] {standard_task_runner.py:57} INFO - Started process 2793 to run task
[2023-05-25T06:53:18.447+0000] {standard_task_runner.py:84} INFO - Running: ['***', 'tasks', 'run', 'dag_with_taskflow_api_v02', 'greet', 'scheduled__2022-03-27T00:00:00+00:00', '--job-id', '478', '--raw', '--subdir', 'DAGS_FOLDER/first_dag.py', '--cfg-path', '/tmp/tmpntyls6kb']
[2023-05-25T06:53:18.450+0000] {standard_task_runner.py:85} INFO - Job 478: Subtask greet
[2023-05-25T06:53:18.595+0000] {task_command.py:410} INFO - Running <TaskInstance: dag_with_taskflow_api_v02.greet scheduled__2022-03-27T00:00:00+00:00 [running]> on host 6bd07c7477d9
[2023-05-25T06:53:18.975+0000] {taskinstance.py:1547} INFO - Exporting env vars: AIRFLOW_CTX_DAG_OWNER='Sai' AIRFLOW_CTX_DAG_ID='dag_with_taskflow_api_v02' AIRFLOW_CTX_TASK_ID='greet' AIRFLOW_CTX_EXECUTION_DATE='2022-03-27T00:00:00+00:00' AIRFLOW_CTX_TRY_NUMBER='1' AIRFLOW_CTX_DAG_RUN_ID='scheduled__2022-03-27T00:00:00+00:00'
[2023-05-25T06:53:18.976+0000] {logging_mixin.py:149} INFO - Hello World! My name is Sai Tr and I am 19 years old!
[2023-05-25T06:53:18.977+0000] {python.py:183} INFO - Done. Returned value was: None
[2023-05-25T06:53:19.013+0000] {taskinstance.py:1350} INFO - Marking task as SUCCESS. dag_id=dag_with_taskflow_api_v02, task_id=greet, execution_date=20220327T000000, start_date=20230525T065318, end_date=20230525T065319
[2023-05-25T06:53:19.080+0000] {local_task_job_runner.py:225} INFO - Task exited with return code 0
[2023-05-25T06:53:19.296+0000] {taskinstance.py:2651} INFO - 0 downstream tasks scheduled from follow-on schedule check
[2023-05-25T10:24:22.986+0000] {taskinstance.py:1103} INFO - Dependencies all met for dep_context=non-requeueable deps ti=<TaskInstance: dag_with_taskflow_api_v02.greet scheduled__2022-03-27T00:00:00+00:00 [queued]>
[2023-05-25T10:24:23.036+0000] {taskinstance.py:1103} INFO - Dependencies all met for dep_context=requeueable deps ti=<TaskInstance: dag_with_taskflow_api_v02.greet scheduled__2022-03-27T00:00:00+00:00 [queued]>
[2023-05-25T10:24:23.036+0000] {taskinstance.py:1308} INFO - Starting attempt 1 of 6
[2023-05-25T10:24:23.492+0000] {taskinstance.py:1327} INFO - Executing <Task(_PythonDecoratedOperator): greet> on 2022-03-27 00:00:00+00:00
[2023-05-25T10:24:23.516+0000] {standard_task_runner.py:57} INFO - Started process 2321 to run task
[2023-05-25T10:24:23.543+0000] {standard_task_runner.py:84} INFO - Running: ['***', 'tasks', 'run', 'dag_with_taskflow_api_v02', 'greet', 'scheduled__2022-03-27T00:00:00+00:00', '--job-id', '464', '--raw', '--subdir', 'DAGS_FOLDER/first_dag.py', '--cfg-path', '/tmp/tmpiqyrrf_b']
[2023-05-25T10:24:23.546+0000] {standard_task_runner.py:85} INFO - Job 464: Subtask greet
[2023-05-25T10:24:23.793+0000] {task_command.py:410} INFO - Running <TaskInstance: dag_with_taskflow_api_v02.greet scheduled__2022-03-27T00:00:00+00:00 [running]> on host b1ae37a9584e
[2023-05-25T10:24:24.848+0000] {taskinstance.py:1547} INFO - Exporting env vars: AIRFLOW_CTX_DAG_OWNER='Sai' AIRFLOW_CTX_DAG_ID='dag_with_taskflow_api_v02' AIRFLOW_CTX_TASK_ID='greet' AIRFLOW_CTX_EXECUTION_DATE='2022-03-27T00:00:00+00:00' AIRFLOW_CTX_TRY_NUMBER='1' AIRFLOW_CTX_DAG_RUN_ID='scheduled__2022-03-27T00:00:00+00:00'
[2023-05-25T10:24:24.849+0000] {logging_mixin.py:149} INFO - Hello World! My name is Sai Tr and I am 19 years old!
[2023-05-25T10:24:24.850+0000] {python.py:183} INFO - Done. Returned value was: None
[2023-05-25T10:24:24.948+0000] {taskinstance.py:1350} INFO - Marking task as SUCCESS. dag_id=dag_with_taskflow_api_v02, task_id=greet, execution_date=20220327T000000, start_date=20230525T102422, end_date=20230525T102424
[2023-05-25T10:24:25.126+0000] {local_task_job_runner.py:225} INFO - Task exited with return code 0
[2023-05-25T10:24:25.898+0000] {taskinstance.py:2651} INFO - 0 downstream tasks scheduled from follow-on schedule check
