[2023-05-24T15:23:51.750+0000] {taskinstance.py:1103} INFO - Dependencies all met for dep_context=non-requeueable deps ti=<TaskInstance: dag_with_taskflow_api_v02.get_name scheduled__2022-07-27T00:00:00+00:00 [queued]>
[2023-05-24T15:23:51.765+0000] {taskinstance.py:1103} INFO - Dependencies all met for dep_context=requeueable deps ti=<TaskInstance: dag_with_taskflow_api_v02.get_name scheduled__2022-07-27T00:00:00+00:00 [queued]>
[2023-05-24T15:23:51.765+0000] {taskinstance.py:1308} INFO - Starting attempt 1 of 6
[2023-05-24T15:23:51.792+0000] {taskinstance.py:1327} INFO - Executing <Task(_PythonDecoratedOperator): get_name> on 2022-07-27 00:00:00+00:00
[2023-05-24T15:23:51.799+0000] {standard_task_runner.py:57} INFO - Started process 2045 to run task
[2023-05-24T15:23:51.804+0000] {standard_task_runner.py:84} INFO - Running: ['***', 'tasks', 'run', 'dag_with_taskflow_api_v02', 'get_name', 'scheduled__2022-07-27T00:00:00+00:00', '--job-id', '829', '--raw', '--subdir', 'DAGS_FOLDER/first_dag.py', '--cfg-path', '/tmp/tmpjlgkhv9u']
[2023-05-24T15:23:51.807+0000] {standard_task_runner.py:85} INFO - Job 829: Subtask get_name
[2023-05-24T15:23:51.879+0000] {task_command.py:410} INFO - Running <TaskInstance: dag_with_taskflow_api_v02.get_name scheduled__2022-07-27T00:00:00+00:00 [running]> on host 942de29f183d
[2023-05-24T15:23:52.006+0000] {taskinstance.py:1547} INFO - Exporting env vars: AIRFLOW_CTX_DAG_OWNER='Sai' AIRFLOW_CTX_DAG_ID='dag_with_taskflow_api_v02' AIRFLOW_CTX_TASK_ID='get_name' AIRFLOW_CTX_EXECUTION_DATE='2022-07-27T00:00:00+00:00' AIRFLOW_CTX_TRY_NUMBER='1' AIRFLOW_CTX_DAG_RUN_ID='scheduled__2022-07-27T00:00:00+00:00'
[2023-05-24T15:23:52.007+0000] {python.py:183} INFO - Done. Returned value was: {'first_name': 'Sai', 'last_name': 'Tr'}
[2023-05-24T15:23:52.076+0000] {taskinstance.py:1350} INFO - Marking task as SUCCESS. dag_id=dag_with_taskflow_api_v02, task_id=get_name, execution_date=20220727T000000, start_date=20230524T152351, end_date=20230524T152352
[2023-05-24T15:23:52.136+0000] {local_task_job_runner.py:225} INFO - Task exited with return code 0
[2023-05-24T15:23:52.166+0000] {taskinstance.py:2651} INFO - 0 downstream tasks scheduled from follow-on schedule check
[2023-05-25T06:56:22.760+0000] {taskinstance.py:1103} INFO - Dependencies all met for dep_context=non-requeueable deps ti=<TaskInstance: dag_with_taskflow_api_v02.get_name scheduled__2022-07-27T00:00:00+00:00 [queued]>
[2023-05-25T06:56:22.854+0000] {taskinstance.py:1103} INFO - Dependencies all met for dep_context=requeueable deps ti=<TaskInstance: dag_with_taskflow_api_v02.get_name scheduled__2022-07-27T00:00:00+00:00 [queued]>
[2023-05-25T06:56:22.854+0000] {taskinstance.py:1308} INFO - Starting attempt 1 of 6
[2023-05-25T06:56:23.005+0000] {taskinstance.py:1327} INFO - Executing <Task(_PythonDecoratedOperator): get_name> on 2022-07-27 00:00:00+00:00
[2023-05-25T06:56:23.015+0000] {standard_task_runner.py:57} INFO - Started process 3549 to run task
[2023-05-25T06:56:23.025+0000] {standard_task_runner.py:84} INFO - Running: ['***', 'tasks', 'run', 'dag_with_taskflow_api_v02', 'get_name', 'scheduled__2022-07-27T00:00:00+00:00', '--job-id', '819', '--raw', '--subdir', 'DAGS_FOLDER/first_dag.py', '--cfg-path', '/tmp/tmps7ewbikm']
[2023-05-25T06:56:23.029+0000] {standard_task_runner.py:85} INFO - Job 819: Subtask get_name
[2023-05-25T06:56:23.367+0000] {task_command.py:410} INFO - Running <TaskInstance: dag_with_taskflow_api_v02.get_name scheduled__2022-07-27T00:00:00+00:00 [running]> on host 6bd07c7477d9
[2023-05-25T06:56:24.109+0000] {taskinstance.py:1547} INFO - Exporting env vars: AIRFLOW_CTX_DAG_OWNER='Sai' AIRFLOW_CTX_DAG_ID='dag_with_taskflow_api_v02' AIRFLOW_CTX_TASK_ID='get_name' AIRFLOW_CTX_EXECUTION_DATE='2022-07-27T00:00:00+00:00' AIRFLOW_CTX_TRY_NUMBER='1' AIRFLOW_CTX_DAG_RUN_ID='scheduled__2022-07-27T00:00:00+00:00'
[2023-05-25T06:56:24.110+0000] {python.py:183} INFO - Done. Returned value was: {'first_name': 'Sai', 'last_name': 'Tr'}
[2023-05-25T06:56:24.251+0000] {taskinstance.py:1350} INFO - Marking task as SUCCESS. dag_id=dag_with_taskflow_api_v02, task_id=get_name, execution_date=20220727T000000, start_date=20230525T065622, end_date=20230525T065624
[2023-05-25T06:56:25.037+0000] {local_task_job_runner.py:225} INFO - Task exited with return code 0
[2023-05-25T06:56:25.280+0000] {taskinstance.py:2651} INFO - 0 downstream tasks scheduled from follow-on schedule check
[2023-05-25T10:28:13.525+0000] {taskinstance.py:1103} INFO - Dependencies all met for dep_context=non-requeueable deps ti=<TaskInstance: dag_with_taskflow_api_v02.get_name scheduled__2022-07-27T00:00:00+00:00 [queued]>
[2023-05-25T10:28:13.784+0000] {taskinstance.py:1103} INFO - Dependencies all met for dep_context=requeueable deps ti=<TaskInstance: dag_with_taskflow_api_v02.get_name scheduled__2022-07-27T00:00:00+00:00 [queued]>
[2023-05-25T10:28:13.815+0000] {taskinstance.py:1308} INFO - Starting attempt 1 of 6
[2023-05-25T10:28:16.458+0000] {taskinstance.py:1327} INFO - Executing <Task(_PythonDecoratedOperator): get_name> on 2022-07-27 00:00:00+00:00
[2023-05-25T10:28:16.724+0000] {standard_task_runner.py:57} INFO - Started process 3157 to run task
[2023-05-25T10:28:16.932+0000] {standard_task_runner.py:84} INFO - Running: ['***', 'tasks', 'run', 'dag_with_taskflow_api_v02', 'get_name', 'scheduled__2022-07-27T00:00:00+00:00', '--job-id', '833', '--raw', '--subdir', 'DAGS_FOLDER/first_dag.py', '--cfg-path', '/tmp/tmprtpm9xyw']
[2023-05-25T10:28:16.954+0000] {standard_task_runner.py:85} INFO - Job 833: Subtask get_name
[2023-05-25T10:28:17.839+0000] {task_command.py:410} INFO - Running <TaskInstance: dag_with_taskflow_api_v02.get_name scheduled__2022-07-27T00:00:00+00:00 [running]> on host b1ae37a9584e
[2023-05-25T10:28:20.392+0000] {taskinstance.py:1547} INFO - Exporting env vars: AIRFLOW_CTX_DAG_OWNER='Sai' AIRFLOW_CTX_DAG_ID='dag_with_taskflow_api_v02' AIRFLOW_CTX_TASK_ID='get_name' AIRFLOW_CTX_EXECUTION_DATE='2022-07-27T00:00:00+00:00' AIRFLOW_CTX_TRY_NUMBER='1' AIRFLOW_CTX_DAG_RUN_ID='scheduled__2022-07-27T00:00:00+00:00'
[2023-05-25T10:28:20.417+0000] {python.py:183} INFO - Done. Returned value was: {'first_name': 'Sai', 'last_name': 'Tr'}
[2023-05-25T10:28:21.466+0000] {taskinstance.py:1350} INFO - Marking task as SUCCESS. dag_id=dag_with_taskflow_api_v02, task_id=get_name, execution_date=20220727T000000, start_date=20230525T102813, end_date=20230525T102821
[2023-05-25T10:28:22.283+0000] {local_task_job_runner.py:225} INFO - Task exited with return code 0
[2023-05-25T10:28:22.763+0000] {taskinstance.py:2651} INFO - 0 downstream tasks scheduled from follow-on schedule check
