[2023-05-24T15:29:49.058+0000] {taskinstance.py:1103} INFO - Dependencies all met for dep_context=non-requeueable deps ti=<TaskInstance: dag_with_taskflow_api_v02.get_age scheduled__2023-03-01T00:00:00+00:00 [queued]>
[2023-05-24T15:29:49.108+0000] {taskinstance.py:1103} INFO - Dependencies all met for dep_context=requeueable deps ti=<TaskInstance: dag_with_taskflow_api_v02.get_age scheduled__2023-03-01T00:00:00+00:00 [queued]>
[2023-05-24T15:29:49.108+0000] {taskinstance.py:1308} INFO - Starting attempt 1 of 6
[2023-05-24T15:29:49.228+0000] {taskinstance.py:1327} INFO - Executing <Task(_PythonDecoratedOperator): get_age> on 2023-03-01 00:00:00+00:00
[2023-05-24T15:29:49.249+0000] {standard_task_runner.py:57} INFO - Started process 3482 to run task
[2023-05-24T15:29:49.281+0000] {standard_task_runner.py:84} INFO - Running: ['***', 'tasks', 'run', 'dag_with_taskflow_api_v02', 'get_age', 'scheduled__2023-03-01T00:00:00+00:00', '--job-id', '1476', '--raw', '--subdir', 'DAGS_FOLDER/first_dag.py', '--cfg-path', '/tmp/tmp_6kh86tr']
[2023-05-24T15:29:49.311+0000] {standard_task_runner.py:85} INFO - Job 1476: Subtask get_age
[2023-05-24T15:29:49.602+0000] {task_command.py:410} INFO - Running <TaskInstance: dag_with_taskflow_api_v02.get_age scheduled__2023-03-01T00:00:00+00:00 [running]> on host 942de29f183d
[2023-05-24T15:29:50.290+0000] {taskinstance.py:1547} INFO - Exporting env vars: AIRFLOW_CTX_DAG_OWNER='Sai' AIRFLOW_CTX_DAG_ID='dag_with_taskflow_api_v02' AIRFLOW_CTX_TASK_ID='get_age' AIRFLOW_CTX_EXECUTION_DATE='2023-03-01T00:00:00+00:00' AIRFLOW_CTX_TRY_NUMBER='1' AIRFLOW_CTX_DAG_RUN_ID='scheduled__2023-03-01T00:00:00+00:00'
[2023-05-24T15:29:50.291+0000] {python.py:183} INFO - Done. Returned value was: 19
[2023-05-24T15:29:50.440+0000] {taskinstance.py:1350} INFO - Marking task as SUCCESS. dag_id=dag_with_taskflow_api_v02, task_id=get_age, execution_date=20230301T000000, start_date=20230524T152949, end_date=20230524T152950
[2023-05-24T15:29:50.587+0000] {local_task_job_runner.py:225} INFO - Task exited with return code 0
[2023-05-24T15:29:50.863+0000] {taskinstance.py:2651} INFO - 0 downstream tasks scheduled from follow-on schedule check
[2023-05-25T07:02:22.041+0000] {taskinstance.py:1103} INFO - Dependencies all met for dep_context=non-requeueable deps ti=<TaskInstance: dag_with_taskflow_api_v02.get_age scheduled__2023-03-01T00:00:00+00:00 [queued]>
[2023-05-25T07:02:22.194+0000] {taskinstance.py:1103} INFO - Dependencies all met for dep_context=requeueable deps ti=<TaskInstance: dag_with_taskflow_api_v02.get_age scheduled__2023-03-01T00:00:00+00:00 [queued]>
[2023-05-25T07:02:22.195+0000] {taskinstance.py:1308} INFO - Starting attempt 1 of 6
[2023-05-25T07:02:22.882+0000] {taskinstance.py:1327} INFO - Executing <Task(_PythonDecoratedOperator): get_age> on 2023-03-01 00:00:00+00:00
[2023-05-25T07:02:22.933+0000] {standard_task_runner.py:84} INFO - Running: ['***', 'tasks', 'run', 'dag_with_taskflow_api_v02', 'get_age', 'scheduled__2023-03-01T00:00:00+00:00', '--job-id', '1474', '--raw', '--subdir', 'DAGS_FOLDER/first_dag.py', '--cfg-path', '/tmp/tmpaqxixqyt']
[2023-05-25T07:02:22.952+0000] {standard_task_runner.py:85} INFO - Job 1474: Subtask get_age
[2023-05-25T07:02:22.896+0000] {standard_task_runner.py:57} INFO - Started process 5002 to run task
[2023-05-25T07:02:23.381+0000] {task_command.py:410} INFO - Running <TaskInstance: dag_with_taskflow_api_v02.get_age scheduled__2023-03-01T00:00:00+00:00 [running]> on host 6bd07c7477d9
[2023-05-25T07:02:24.258+0000] {taskinstance.py:1547} INFO - Exporting env vars: AIRFLOW_CTX_DAG_OWNER='Sai' AIRFLOW_CTX_DAG_ID='dag_with_taskflow_api_v02' AIRFLOW_CTX_TASK_ID='get_age' AIRFLOW_CTX_EXECUTION_DATE='2023-03-01T00:00:00+00:00' AIRFLOW_CTX_TRY_NUMBER='1' AIRFLOW_CTX_DAG_RUN_ID='scheduled__2023-03-01T00:00:00+00:00'
[2023-05-25T07:02:24.259+0000] {python.py:183} INFO - Done. Returned value was: 19
[2023-05-25T07:02:24.439+0000] {taskinstance.py:1350} INFO - Marking task as SUCCESS. dag_id=dag_with_taskflow_api_v02, task_id=get_age, execution_date=20230301T000000, start_date=20230525T070222, end_date=20230525T070224
[2023-05-25T07:02:24.592+0000] {local_task_job_runner.py:225} INFO - Task exited with return code 0
[2023-05-25T07:02:24.834+0000] {taskinstance.py:2651} INFO - 1 downstream tasks scheduled from follow-on schedule check
[2023-05-25T10:36:45.944+0000] {taskinstance.py:1103} INFO - Dependencies all met for dep_context=non-requeueable deps ti=<TaskInstance: dag_with_taskflow_api_v02.get_age scheduled__2023-03-01T00:00:00+00:00 [queued]>
[2023-05-25T10:36:46.118+0000] {taskinstance.py:1103} INFO - Dependencies all met for dep_context=requeueable deps ti=<TaskInstance: dag_with_taskflow_api_v02.get_age scheduled__2023-03-01T00:00:00+00:00 [queued]>
[2023-05-25T10:36:46.118+0000] {taskinstance.py:1308} INFO - Starting attempt 1 of 6
[2023-05-25T10:36:46.282+0000] {taskinstance.py:1327} INFO - Executing <Task(_PythonDecoratedOperator): get_age> on 2023-03-01 00:00:00+00:00
[2023-05-25T10:36:46.312+0000] {standard_task_runner.py:57} INFO - Started process 4650 to run task
[2023-05-25T10:36:46.375+0000] {standard_task_runner.py:84} INFO - Running: ['***', 'tasks', 'run', 'dag_with_taskflow_api_v02', 'get_age', 'scheduled__2023-03-01T00:00:00+00:00', '--job-id', '1489', '--raw', '--subdir', 'DAGS_FOLDER/first_dag.py', '--cfg-path', '/tmp/tmp07issk1o']
[2023-05-25T10:36:46.386+0000] {standard_task_runner.py:85} INFO - Job 1489: Subtask get_age
[2023-05-25T10:36:46.883+0000] {task_command.py:410} INFO - Running <TaskInstance: dag_with_taskflow_api_v02.get_age scheduled__2023-03-01T00:00:00+00:00 [running]> on host b1ae37a9584e
[2023-05-25T10:36:47.874+0000] {taskinstance.py:1547} INFO - Exporting env vars: AIRFLOW_CTX_DAG_OWNER='Sai' AIRFLOW_CTX_DAG_ID='dag_with_taskflow_api_v02' AIRFLOW_CTX_TASK_ID='get_age' AIRFLOW_CTX_EXECUTION_DATE='2023-03-01T00:00:00+00:00' AIRFLOW_CTX_TRY_NUMBER='1' AIRFLOW_CTX_DAG_RUN_ID='scheduled__2023-03-01T00:00:00+00:00'
[2023-05-25T10:36:47.876+0000] {python.py:183} INFO - Done. Returned value was: 19
[2023-05-25T10:36:48.029+0000] {taskinstance.py:1350} INFO - Marking task as SUCCESS. dag_id=dag_with_taskflow_api_v02, task_id=get_age, execution_date=20230301T000000, start_date=20230525T103645, end_date=20230525T103648
[2023-05-25T10:36:48.252+0000] {local_task_job_runner.py:225} INFO - Task exited with return code 0
[2023-05-25T10:36:48.439+0000] {taskinstance.py:2651} INFO - 1 downstream tasks scheduled from follow-on schedule check
