[2023-05-24T15:20:52.615+0000] {taskinstance.py:1103} INFO - Dependencies all met for dep_context=non-requeueable deps ti=<TaskInstance: dag_with_taskflow_api_v02.get_name scheduled__2022-04-25T00:00:00+00:00 [queued]>
[2023-05-24T15:20:52.693+0000] {taskinstance.py:1103} INFO - Dependencies all met for dep_context=requeueable deps ti=<TaskInstance: dag_with_taskflow_api_v02.get_name scheduled__2022-04-25T00:00:00+00:00 [queued]>
[2023-05-24T15:20:52.694+0000] {taskinstance.py:1308} INFO - Starting attempt 1 of 6
[2023-05-24T15:20:52.905+0000] {taskinstance.py:1327} INFO - Executing <Task(_PythonDecoratedOperator): get_name> on 2022-04-25 00:00:00+00:00
[2023-05-24T15:20:52.936+0000] {standard_task_runner.py:57} INFO - Started process 1412 to run task
[2023-05-24T15:20:52.952+0000] {standard_task_runner.py:84} INFO - Running: ['***', 'tasks', 'run', 'dag_with_taskflow_api_v02', 'get_name', 'scheduled__2022-04-25T00:00:00+00:00', '--job-id', '543', '--raw', '--subdir', 'DAGS_FOLDER/first_dag.py', '--cfg-path', '/tmp/tmpxd5cr3ox']
[2023-05-24T15:20:52.995+0000] {standard_task_runner.py:85} INFO - Job 543: Subtask get_name
[2023-05-24T15:20:53.306+0000] {task_command.py:410} INFO - Running <TaskInstance: dag_with_taskflow_api_v02.get_name scheduled__2022-04-25T00:00:00+00:00 [running]> on host 942de29f183d
[2023-05-24T15:20:54.063+0000] {taskinstance.py:1547} INFO - Exporting env vars: AIRFLOW_CTX_DAG_OWNER='Sai' AIRFLOW_CTX_DAG_ID='dag_with_taskflow_api_v02' AIRFLOW_CTX_TASK_ID='get_name' AIRFLOW_CTX_EXECUTION_DATE='2022-04-25T00:00:00+00:00' AIRFLOW_CTX_TRY_NUMBER='1' AIRFLOW_CTX_DAG_RUN_ID='scheduled__2022-04-25T00:00:00+00:00'
[2023-05-24T15:20:54.064+0000] {python.py:183} INFO - Done. Returned value was: {'first_name': 'Sai', 'last_name': 'Tr'}
[2023-05-24T15:20:54.235+0000] {taskinstance.py:1350} INFO - Marking task as SUCCESS. dag_id=dag_with_taskflow_api_v02, task_id=get_name, execution_date=20220425T000000, start_date=20230524T152052, end_date=20230524T152054
[2023-05-24T15:20:54.359+0000] {local_task_job_runner.py:225} INFO - Task exited with return code 0
[2023-05-24T15:20:54.522+0000] {taskinstance.py:2651} INFO - 0 downstream tasks scheduled from follow-on schedule check
[2023-05-25T06:53:54.505+0000] {taskinstance.py:1103} INFO - Dependencies all met for dep_context=non-requeueable deps ti=<TaskInstance: dag_with_taskflow_api_v02.get_name scheduled__2022-04-25T00:00:00+00:00 [queued]>
[2023-05-25T06:53:54.568+0000] {taskinstance.py:1103} INFO - Dependencies all met for dep_context=requeueable deps ti=<TaskInstance: dag_with_taskflow_api_v02.get_name scheduled__2022-04-25T00:00:00+00:00 [queued]>
[2023-05-25T06:53:54.576+0000] {taskinstance.py:1308} INFO - Starting attempt 1 of 6
[2023-05-25T06:53:54.824+0000] {taskinstance.py:1327} INFO - Executing <Task(_PythonDecoratedOperator): get_name> on 2022-04-25 00:00:00+00:00
[2023-05-25T06:53:54.832+0000] {standard_task_runner.py:57} INFO - Started process 2942 to run task
[2023-05-25T06:53:54.859+0000] {standard_task_runner.py:84} INFO - Running: ['***', 'tasks', 'run', 'dag_with_taskflow_api_v02', 'get_name', 'scheduled__2022-04-25T00:00:00+00:00', '--job-id', '545', '--raw', '--subdir', 'DAGS_FOLDER/first_dag.py', '--cfg-path', '/tmp/tmp3citpity']
[2023-05-25T06:53:54.868+0000] {standard_task_runner.py:85} INFO - Job 545: Subtask get_name
[2023-05-25T06:53:55.221+0000] {task_command.py:410} INFO - Running <TaskInstance: dag_with_taskflow_api_v02.get_name scheduled__2022-04-25T00:00:00+00:00 [running]> on host 6bd07c7477d9
[2023-05-25T06:53:56.195+0000] {taskinstance.py:1547} INFO - Exporting env vars: AIRFLOW_CTX_DAG_OWNER='Sai' AIRFLOW_CTX_DAG_ID='dag_with_taskflow_api_v02' AIRFLOW_CTX_TASK_ID='get_name' AIRFLOW_CTX_EXECUTION_DATE='2022-04-25T00:00:00+00:00' AIRFLOW_CTX_TRY_NUMBER='1' AIRFLOW_CTX_DAG_RUN_ID='scheduled__2022-04-25T00:00:00+00:00'
[2023-05-25T06:53:56.200+0000] {python.py:183} INFO - Done. Returned value was: {'first_name': 'Sai', 'last_name': 'Tr'}
[2023-05-25T06:53:56.539+0000] {taskinstance.py:1350} INFO - Marking task as SUCCESS. dag_id=dag_with_taskflow_api_v02, task_id=get_name, execution_date=20220425T000000, start_date=20230525T065354, end_date=20230525T065356
[2023-05-25T06:53:56.801+0000] {local_task_job_runner.py:225} INFO - Task exited with return code 0
[2023-05-25T06:53:56.982+0000] {taskinstance.py:2651} INFO - 1 downstream tasks scheduled from follow-on schedule check
[2023-05-25T10:25:16.746+0000] {taskinstance.py:1103} INFO - Dependencies all met for dep_context=non-requeueable deps ti=<TaskInstance: dag_with_taskflow_api_v02.get_name scheduled__2022-04-25T00:00:00+00:00 [queued]>
[2023-05-25T10:25:16.847+0000] {taskinstance.py:1103} INFO - Dependencies all met for dep_context=requeueable deps ti=<TaskInstance: dag_with_taskflow_api_v02.get_name scheduled__2022-04-25T00:00:00+00:00 [queued]>
[2023-05-25T10:25:16.848+0000] {taskinstance.py:1308} INFO - Starting attempt 1 of 6
[2023-05-25T10:25:17.359+0000] {taskinstance.py:1327} INFO - Executing <Task(_PythonDecoratedOperator): get_name> on 2022-04-25 00:00:00+00:00
[2023-05-25T10:25:17.393+0000] {standard_task_runner.py:57} INFO - Started process 2537 to run task
[2023-05-25T10:25:17.463+0000] {standard_task_runner.py:84} INFO - Running: ['***', 'tasks', 'run', 'dag_with_taskflow_api_v02', 'get_name', 'scheduled__2022-04-25T00:00:00+00:00', '--job-id', '560', '--raw', '--subdir', 'DAGS_FOLDER/first_dag.py', '--cfg-path', '/tmp/tmpbgxx9ndn']
[2023-05-25T10:25:17.481+0000] {standard_task_runner.py:85} INFO - Job 560: Subtask get_name
[2023-05-25T10:25:18.052+0000] {task_command.py:410} INFO - Running <TaskInstance: dag_with_taskflow_api_v02.get_name scheduled__2022-04-25T00:00:00+00:00 [running]> on host b1ae37a9584e
[2023-05-25T10:25:19.042+0000] {taskinstance.py:1547} INFO - Exporting env vars: AIRFLOW_CTX_DAG_OWNER='Sai' AIRFLOW_CTX_DAG_ID='dag_with_taskflow_api_v02' AIRFLOW_CTX_TASK_ID='get_name' AIRFLOW_CTX_EXECUTION_DATE='2022-04-25T00:00:00+00:00' AIRFLOW_CTX_TRY_NUMBER='1' AIRFLOW_CTX_DAG_RUN_ID='scheduled__2022-04-25T00:00:00+00:00'
[2023-05-25T10:25:19.044+0000] {python.py:183} INFO - Done. Returned value was: {'first_name': 'Sai', 'last_name': 'Tr'}
[2023-05-25T10:25:19.386+0000] {taskinstance.py:1350} INFO - Marking task as SUCCESS. dag_id=dag_with_taskflow_api_v02, task_id=get_name, execution_date=20220425T000000, start_date=20230525T102516, end_date=20230525T102519
[2023-05-25T10:25:20.579+0000] {local_task_job_runner.py:225} INFO - Task exited with return code 0
[2023-05-25T10:25:20.939+0000] {taskinstance.py:2651} INFO - 1 downstream tasks scheduled from follow-on schedule check
