[2023-05-24T15:20:04.220+0000] {taskinstance.py:1103} INFO - Dependencies all met for dep_context=non-requeueable deps ti=<TaskInstance: dag_with_taskflow_api_v02.greet scheduled__2022-04-01T00:00:00+00:00 [queued]>
[2023-05-24T15:20:04.238+0000] {taskinstance.py:1103} INFO - Dependencies all met for dep_context=requeueable deps ti=<TaskInstance: dag_with_taskflow_api_v02.greet scheduled__2022-04-01T00:00:00+00:00 [queued]>
[2023-05-24T15:20:04.238+0000] {taskinstance.py:1308} INFO - Starting attempt 1 of 6
[2023-05-24T15:20:04.267+0000] {taskinstance.py:1327} INFO - Executing <Task(_PythonDecoratedOperator): greet> on 2022-04-01 00:00:00+00:00
[2023-05-24T15:20:04.277+0000] {standard_task_runner.py:57} INFO - Started process 1262 to run task
[2023-05-24T15:20:04.286+0000] {standard_task_runner.py:84} INFO - Running: ['***', 'tasks', 'run', 'dag_with_taskflow_api_v02', 'greet', 'scheduled__2022-04-01T00:00:00+00:00', '--job-id', '479', '--raw', '--subdir', 'DAGS_FOLDER/first_dag.py', '--cfg-path', '/tmp/tmpmcfdo83j']
[2023-05-24T15:20:04.291+0000] {standard_task_runner.py:85} INFO - Job 479: Subtask greet
[2023-05-24T15:20:04.415+0000] {task_command.py:410} INFO - Running <TaskInstance: dag_with_taskflow_api_v02.greet scheduled__2022-04-01T00:00:00+00:00 [running]> on host 942de29f183d
[2023-05-24T15:20:04.783+0000] {taskinstance.py:1547} INFO - Exporting env vars: AIRFLOW_CTX_DAG_OWNER='Sai' AIRFLOW_CTX_DAG_ID='dag_with_taskflow_api_v02' AIRFLOW_CTX_TASK_ID='greet' AIRFLOW_CTX_EXECUTION_DATE='2022-04-01T00:00:00+00:00' AIRFLOW_CTX_TRY_NUMBER='1' AIRFLOW_CTX_DAG_RUN_ID='scheduled__2022-04-01T00:00:00+00:00'
[2023-05-24T15:20:04.784+0000] {logging_mixin.py:149} INFO - Hello World! My name is Sai Tr and I am 19 years old!
[2023-05-24T15:20:04.784+0000] {python.py:183} INFO - Done. Returned value was: None
[2023-05-24T15:20:04.812+0000] {taskinstance.py:1350} INFO - Marking task as SUCCESS. dag_id=dag_with_taskflow_api_v02, task_id=greet, execution_date=20220401T000000, start_date=20230524T152004, end_date=20230524T152004
[2023-05-24T15:20:04.880+0000] {local_task_job_runner.py:225} INFO - Task exited with return code 0
[2023-05-24T15:20:04.922+0000] {taskinstance.py:2651} INFO - 0 downstream tasks scheduled from follow-on schedule check
[2023-05-25T06:53:19.077+0000] {taskinstance.py:1103} INFO - Dependencies all met for dep_context=non-requeueable deps ti=<TaskInstance: dag_with_taskflow_api_v02.greet scheduled__2022-04-01T00:00:00+00:00 [queued]>
[2023-05-25T06:53:19.123+0000] {taskinstance.py:1103} INFO - Dependencies all met for dep_context=requeueable deps ti=<TaskInstance: dag_with_taskflow_api_v02.greet scheduled__2022-04-01T00:00:00+00:00 [queued]>
[2023-05-25T06:53:19.123+0000] {taskinstance.py:1308} INFO - Starting attempt 1 of 6
[2023-05-25T06:53:19.178+0000] {taskinstance.py:1327} INFO - Executing <Task(_PythonDecoratedOperator): greet> on 2022-04-01 00:00:00+00:00
[2023-05-25T06:53:19.192+0000] {standard_task_runner.py:57} INFO - Started process 2797 to run task
[2023-05-25T06:53:19.207+0000] {standard_task_runner.py:84} INFO - Running: ['***', 'tasks', 'run', 'dag_with_taskflow_api_v02', 'greet', 'scheduled__2022-04-01T00:00:00+00:00', '--job-id', '482', '--raw', '--subdir', 'DAGS_FOLDER/first_dag.py', '--cfg-path', '/tmp/tmp548jqczx']
[2023-05-25T06:53:19.220+0000] {standard_task_runner.py:85} INFO - Job 482: Subtask greet
[2023-05-25T06:53:19.415+0000] {task_command.py:410} INFO - Running <TaskInstance: dag_with_taskflow_api_v02.greet scheduled__2022-04-01T00:00:00+00:00 [running]> on host 6bd07c7477d9
[2023-05-25T06:53:19.935+0000] {taskinstance.py:1547} INFO - Exporting env vars: AIRFLOW_CTX_DAG_OWNER='Sai' AIRFLOW_CTX_DAG_ID='dag_with_taskflow_api_v02' AIRFLOW_CTX_TASK_ID='greet' AIRFLOW_CTX_EXECUTION_DATE='2022-04-01T00:00:00+00:00' AIRFLOW_CTX_TRY_NUMBER='1' AIRFLOW_CTX_DAG_RUN_ID='scheduled__2022-04-01T00:00:00+00:00'
[2023-05-25T06:53:19.936+0000] {logging_mixin.py:149} INFO - Hello World! My name is Sai Tr and I am 19 years old!
[2023-05-25T06:53:19.937+0000] {python.py:183} INFO - Done. Returned value was: None
[2023-05-25T06:53:19.974+0000] {taskinstance.py:1350} INFO - Marking task as SUCCESS. dag_id=dag_with_taskflow_api_v02, task_id=greet, execution_date=20220401T000000, start_date=20230525T065319, end_date=20230525T065319
[2023-05-25T06:53:20.083+0000] {local_task_job_runner.py:225} INFO - Task exited with return code 0
[2023-05-25T06:53:20.123+0000] {taskinstance.py:2651} INFO - 0 downstream tasks scheduled from follow-on schedule check
[2023-05-25T10:24:42.808+0000] {taskinstance.py:1103} INFO - Dependencies all met for dep_context=non-requeueable deps ti=<TaskInstance: dag_with_taskflow_api_v02.greet scheduled__2022-04-01T00:00:00+00:00 [queued]>
[2023-05-25T10:24:42.843+0000] {taskinstance.py:1103} INFO - Dependencies all met for dep_context=requeueable deps ti=<TaskInstance: dag_with_taskflow_api_v02.greet scheduled__2022-04-01T00:00:00+00:00 [queued]>
[2023-05-25T10:24:42.847+0000] {taskinstance.py:1308} INFO - Starting attempt 1 of 6
[2023-05-25T10:24:42.907+0000] {taskinstance.py:1327} INFO - Executing <Task(_PythonDecoratedOperator): greet> on 2022-04-01 00:00:00+00:00
[2023-05-25T10:24:42.918+0000] {standard_task_runner.py:57} INFO - Started process 2399 to run task
[2023-05-25T10:24:42.956+0000] {standard_task_runner.py:84} INFO - Running: ['***', 'tasks', 'run', 'dag_with_taskflow_api_v02', 'greet', 'scheduled__2022-04-01T00:00:00+00:00', '--job-id', '500', '--raw', '--subdir', 'DAGS_FOLDER/first_dag.py', '--cfg-path', '/tmp/tmp2mwxauaw']
[2023-05-25T10:24:42.961+0000] {standard_task_runner.py:85} INFO - Job 500: Subtask greet
[2023-05-25T10:24:43.148+0000] {task_command.py:410} INFO - Running <TaskInstance: dag_with_taskflow_api_v02.greet scheduled__2022-04-01T00:00:00+00:00 [running]> on host b1ae37a9584e
[2023-05-25T10:24:43.424+0000] {taskinstance.py:1547} INFO - Exporting env vars: AIRFLOW_CTX_DAG_OWNER='Sai' AIRFLOW_CTX_DAG_ID='dag_with_taskflow_api_v02' AIRFLOW_CTX_TASK_ID='greet' AIRFLOW_CTX_EXECUTION_DATE='2022-04-01T00:00:00+00:00' AIRFLOW_CTX_TRY_NUMBER='1' AIRFLOW_CTX_DAG_RUN_ID='scheduled__2022-04-01T00:00:00+00:00'
[2023-05-25T10:24:43.426+0000] {logging_mixin.py:149} INFO - Hello World! My name is Sai Tr and I am 19 years old!
[2023-05-25T10:24:43.426+0000] {python.py:183} INFO - Done. Returned value was: None
[2023-05-25T10:24:43.446+0000] {taskinstance.py:1350} INFO - Marking task as SUCCESS. dag_id=dag_with_taskflow_api_v02, task_id=greet, execution_date=20220401T000000, start_date=20230525T102442, end_date=20230525T102443
[2023-05-25T10:24:43.486+0000] {local_task_job_runner.py:225} INFO - Task exited with return code 0
[2023-05-25T10:24:43.528+0000] {taskinstance.py:2651} INFO - 0 downstream tasks scheduled from follow-on schedule check
