[2023-05-24T15:18:09.347+0000] {taskinstance.py:1103} INFO - Dependencies all met for dep_context=non-requeueable deps ti=<TaskInstance: dag_with_taskflow_api_v02.get_age scheduled__2022-01-31T00:00:00+00:00 [queued]>
[2023-05-24T15:18:09.454+0000] {taskinstance.py:1103} INFO - Dependencies all met for dep_context=requeueable deps ti=<TaskInstance: dag_with_taskflow_api_v02.get_age scheduled__2022-01-31T00:00:00+00:00 [queued]>
[2023-05-24T15:18:09.455+0000] {taskinstance.py:1308} INFO - Starting attempt 1 of 6
[2023-05-24T15:18:09.676+0000] {taskinstance.py:1327} INFO - Executing <Task(_PythonDecoratedOperator): get_age> on 2022-01-31 00:00:00+00:00
[2023-05-24T15:18:09.702+0000] {standard_task_runner.py:57} INFO - Started process 842 to run task
[2023-05-24T15:18:09.737+0000] {standard_task_runner.py:84} INFO - Running: ['***', 'tasks', 'run', 'dag_with_taskflow_api_v02', 'get_age', 'scheduled__2022-01-31T00:00:00+00:00', '--job-id', '291', '--raw', '--subdir', 'DAGS_FOLDER/first_dag.py', '--cfg-path', '/tmp/tmpof15ulta']
[2023-05-24T15:18:09.753+0000] {standard_task_runner.py:85} INFO - Job 291: Subtask get_age
[2023-05-24T15:18:10.315+0000] {task_command.py:410} INFO - Running <TaskInstance: dag_with_taskflow_api_v02.get_age scheduled__2022-01-31T00:00:00+00:00 [running]> on host 942de29f183d
[2023-05-24T15:18:12.030+0000] {taskinstance.py:1547} INFO - Exporting env vars: AIRFLOW_CTX_DAG_OWNER='Sai' AIRFLOW_CTX_DAG_ID='dag_with_taskflow_api_v02' AIRFLOW_CTX_TASK_ID='get_age' AIRFLOW_CTX_EXECUTION_DATE='2022-01-31T00:00:00+00:00' AIRFLOW_CTX_TRY_NUMBER='1' AIRFLOW_CTX_DAG_RUN_ID='scheduled__2022-01-31T00:00:00+00:00'
[2023-05-24T15:18:12.033+0000] {python.py:183} INFO - Done. Returned value was: 19
[2023-05-24T15:18:12.236+0000] {taskinstance.py:1350} INFO - Marking task as SUCCESS. dag_id=dag_with_taskflow_api_v02, task_id=get_age, execution_date=20220131T000000, start_date=20230524T151809, end_date=20230524T151812
[2023-05-24T15:18:12.410+0000] {local_task_job_runner.py:225} INFO - Task exited with return code 0
[2023-05-24T15:18:12.853+0000] {taskinstance.py:2651} INFO - 0 downstream tasks scheduled from follow-on schedule check
[2023-05-25T06:51:37.407+0000] {taskinstance.py:1103} INFO - Dependencies all met for dep_context=non-requeueable deps ti=<TaskInstance: dag_with_taskflow_api_v02.get_age scheduled__2022-01-31T00:00:00+00:00 [queued]>
[2023-05-25T06:51:37.502+0000] {taskinstance.py:1103} INFO - Dependencies all met for dep_context=requeueable deps ti=<TaskInstance: dag_with_taskflow_api_v02.get_age scheduled__2022-01-31T00:00:00+00:00 [queued]>
[2023-05-25T06:51:37.505+0000] {taskinstance.py:1308} INFO - Starting attempt 1 of 6
[2023-05-25T06:51:37.600+0000] {taskinstance.py:1327} INFO - Executing <Task(_PythonDecoratedOperator): get_age> on 2022-01-31 00:00:00+00:00
[2023-05-25T06:51:37.614+0000] {standard_task_runner.py:57} INFO - Started process 2385 to run task
[2023-05-25T06:51:37.630+0000] {standard_task_runner.py:84} INFO - Running: ['***', 'tasks', 'run', 'dag_with_taskflow_api_v02', 'get_age', 'scheduled__2022-01-31T00:00:00+00:00', '--job-id', '292', '--raw', '--subdir', 'DAGS_FOLDER/first_dag.py', '--cfg-path', '/tmp/tmpg0a6xvd4']
[2023-05-25T06:51:37.633+0000] {standard_task_runner.py:85} INFO - Job 292: Subtask get_age
[2023-05-25T06:51:37.871+0000] {task_command.py:410} INFO - Running <TaskInstance: dag_with_taskflow_api_v02.get_age scheduled__2022-01-31T00:00:00+00:00 [running]> on host 6bd07c7477d9
[2023-05-25T06:51:38.893+0000] {taskinstance.py:1547} INFO - Exporting env vars: AIRFLOW_CTX_DAG_OWNER='Sai' AIRFLOW_CTX_DAG_ID='dag_with_taskflow_api_v02' AIRFLOW_CTX_TASK_ID='get_age' AIRFLOW_CTX_EXECUTION_DATE='2022-01-31T00:00:00+00:00' AIRFLOW_CTX_TRY_NUMBER='1' AIRFLOW_CTX_DAG_RUN_ID='scheduled__2022-01-31T00:00:00+00:00'
[2023-05-25T06:51:38.894+0000] {python.py:183} INFO - Done. Returned value was: 19
[2023-05-25T06:51:39.004+0000] {taskinstance.py:1350} INFO - Marking task as SUCCESS. dag_id=dag_with_taskflow_api_v02, task_id=get_age, execution_date=20220131T000000, start_date=20230525T065137, end_date=20230525T065139
[2023-05-25T06:51:39.127+0000] {local_task_job_runner.py:225} INFO - Task exited with return code 0
[2023-05-25T06:51:39.719+0000] {taskinstance.py:2651} INFO - 0 downstream tasks scheduled from follow-on schedule check
[2023-05-25T10:22:16.962+0000] {taskinstance.py:1103} INFO - Dependencies all met for dep_context=non-requeueable deps ti=<TaskInstance: dag_with_taskflow_api_v02.get_age scheduled__2022-01-31T00:00:00+00:00 [queued]>
[2023-05-25T10:22:16.995+0000] {taskinstance.py:1103} INFO - Dependencies all met for dep_context=requeueable deps ti=<TaskInstance: dag_with_taskflow_api_v02.get_age scheduled__2022-01-31T00:00:00+00:00 [queued]>
[2023-05-25T10:22:16.995+0000] {taskinstance.py:1308} INFO - Starting attempt 1 of 6
[2023-05-25T10:22:17.084+0000] {taskinstance.py:1327} INFO - Executing <Task(_PythonDecoratedOperator): get_age> on 2022-01-31 00:00:00+00:00
[2023-05-25T10:22:17.096+0000] {standard_task_runner.py:57} INFO - Started process 1909 to run task
[2023-05-25T10:22:17.118+0000] {standard_task_runner.py:84} INFO - Running: ['***', 'tasks', 'run', 'dag_with_taskflow_api_v02', 'get_age', 'scheduled__2022-01-31T00:00:00+00:00', '--job-id', '285', '--raw', '--subdir', 'DAGS_FOLDER/first_dag.py', '--cfg-path', '/tmp/tmp6yym2e8x']
[2023-05-25T10:22:17.121+0000] {standard_task_runner.py:85} INFO - Job 285: Subtask get_age
[2023-05-25T10:22:17.491+0000] {task_command.py:410} INFO - Running <TaskInstance: dag_with_taskflow_api_v02.get_age scheduled__2022-01-31T00:00:00+00:00 [running]> on host b1ae37a9584e
[2023-05-25T10:22:18.583+0000] {taskinstance.py:1547} INFO - Exporting env vars: AIRFLOW_CTX_DAG_OWNER='Sai' AIRFLOW_CTX_DAG_ID='dag_with_taskflow_api_v02' AIRFLOW_CTX_TASK_ID='get_age' AIRFLOW_CTX_EXECUTION_DATE='2022-01-31T00:00:00+00:00' AIRFLOW_CTX_TRY_NUMBER='1' AIRFLOW_CTX_DAG_RUN_ID='scheduled__2022-01-31T00:00:00+00:00'
[2023-05-25T10:22:18.584+0000] {python.py:183} INFO - Done. Returned value was: 19
[2023-05-25T10:22:18.732+0000] {taskinstance.py:1350} INFO - Marking task as SUCCESS. dag_id=dag_with_taskflow_api_v02, task_id=get_age, execution_date=20220131T000000, start_date=20230525T102216, end_date=20230525T102218
[2023-05-25T10:22:18.842+0000] {local_task_job_runner.py:225} INFO - Task exited with return code 0
[2023-05-25T10:22:18.924+0000] {taskinstance.py:2651} INFO - 1 downstream tasks scheduled from follow-on schedule check
