[2023-05-24T15:28:45.672+0000] {taskinstance.py:1103} INFO - Dependencies all met for dep_context=non-requeueable deps ti=<TaskInstance: dag_with_taskflow_api_v02.get_name scheduled__2023-01-21T00:00:00+00:00 [queued]>
[2023-05-24T15:28:45.807+0000] {taskinstance.py:1103} INFO - Dependencies all met for dep_context=requeueable deps ti=<TaskInstance: dag_with_taskflow_api_v02.get_name scheduled__2023-01-21T00:00:00+00:00 [queued]>
[2023-05-24T15:28:45.810+0000] {taskinstance.py:1308} INFO - Starting attempt 1 of 6
[2023-05-24T15:28:46.075+0000] {taskinstance.py:1327} INFO - Executing <Task(_PythonDecoratedOperator): get_name> on 2023-01-21 00:00:00+00:00
[2023-05-24T15:28:46.085+0000] {standard_task_runner.py:57} INFO - Started process 3226 to run task
[2023-05-24T15:28:46.123+0000] {standard_task_runner.py:84} INFO - Running: ['***', 'tasks', 'run', 'dag_with_taskflow_api_v02', 'get_name', 'scheduled__2023-01-21T00:00:00+00:00', '--job-id', '1357', '--raw', '--subdir', 'DAGS_FOLDER/first_dag.py', '--cfg-path', '/tmp/tmpgbnungtc']
[2023-05-24T15:28:46.166+0000] {standard_task_runner.py:85} INFO - Job 1357: Subtask get_name
[2023-05-24T15:28:46.506+0000] {task_command.py:410} INFO - Running <TaskInstance: dag_with_taskflow_api_v02.get_name scheduled__2023-01-21T00:00:00+00:00 [running]> on host 942de29f183d
[2023-05-24T15:28:47.015+0000] {taskinstance.py:1547} INFO - Exporting env vars: AIRFLOW_CTX_DAG_OWNER='Sai' AIRFLOW_CTX_DAG_ID='dag_with_taskflow_api_v02' AIRFLOW_CTX_TASK_ID='get_name' AIRFLOW_CTX_EXECUTION_DATE='2023-01-21T00:00:00+00:00' AIRFLOW_CTX_TRY_NUMBER='1' AIRFLOW_CTX_DAG_RUN_ID='scheduled__2023-01-21T00:00:00+00:00'
[2023-05-24T15:28:47.016+0000] {python.py:183} INFO - Done. Returned value was: {'first_name': 'Sai', 'last_name': 'Tr'}
[2023-05-24T15:28:47.302+0000] {taskinstance.py:1350} INFO - Marking task as SUCCESS. dag_id=dag_with_taskflow_api_v02, task_id=get_name, execution_date=20230121T000000, start_date=20230524T152845, end_date=20230524T152847
[2023-05-24T15:28:47.459+0000] {local_task_job_runner.py:225} INFO - Task exited with return code 0
[2023-05-24T15:28:47.664+0000] {taskinstance.py:2651} INFO - 1 downstream tasks scheduled from follow-on schedule check
[2023-05-25T07:01:18.254+0000] {taskinstance.py:1103} INFO - Dependencies all met for dep_context=non-requeueable deps ti=<TaskInstance: dag_with_taskflow_api_v02.get_name scheduled__2023-01-21T00:00:00+00:00 [queued]>
[2023-05-25T07:01:18.362+0000] {taskinstance.py:1103} INFO - Dependencies all met for dep_context=requeueable deps ti=<TaskInstance: dag_with_taskflow_api_v02.get_name scheduled__2023-01-21T00:00:00+00:00 [queued]>
[2023-05-25T07:01:18.363+0000] {taskinstance.py:1308} INFO - Starting attempt 1 of 6
[2023-05-25T07:01:18.525+0000] {taskinstance.py:1327} INFO - Executing <Task(_PythonDecoratedOperator): get_name> on 2023-01-21 00:00:00+00:00
[2023-05-25T07:01:18.539+0000] {standard_task_runner.py:57} INFO - Started process 4743 to run task
[2023-05-25T07:01:18.578+0000] {standard_task_runner.py:84} INFO - Running: ['***', 'tasks', 'run', 'dag_with_taskflow_api_v02', 'get_name', 'scheduled__2023-01-21T00:00:00+00:00', '--job-id', '1356', '--raw', '--subdir', 'DAGS_FOLDER/first_dag.py', '--cfg-path', '/tmp/tmplt8l6vcv']
[2023-05-25T07:01:18.598+0000] {standard_task_runner.py:85} INFO - Job 1356: Subtask get_name
[2023-05-25T07:01:18.907+0000] {task_command.py:410} INFO - Running <TaskInstance: dag_with_taskflow_api_v02.get_name scheduled__2023-01-21T00:00:00+00:00 [running]> on host 6bd07c7477d9
[2023-05-25T07:01:19.711+0000] {taskinstance.py:1547} INFO - Exporting env vars: AIRFLOW_CTX_DAG_OWNER='Sai' AIRFLOW_CTX_DAG_ID='dag_with_taskflow_api_v02' AIRFLOW_CTX_TASK_ID='get_name' AIRFLOW_CTX_EXECUTION_DATE='2023-01-21T00:00:00+00:00' AIRFLOW_CTX_TRY_NUMBER='1' AIRFLOW_CTX_DAG_RUN_ID='scheduled__2023-01-21T00:00:00+00:00'
[2023-05-25T07:01:19.712+0000] {python.py:183} INFO - Done. Returned value was: {'first_name': 'Sai', 'last_name': 'Tr'}
[2023-05-25T07:01:20.038+0000] {taskinstance.py:1350} INFO - Marking task as SUCCESS. dag_id=dag_with_taskflow_api_v02, task_id=get_name, execution_date=20230121T000000, start_date=20230525T070118, end_date=20230525T070120
[2023-05-25T07:01:20.199+0000] {local_task_job_runner.py:225} INFO - Task exited with return code 0
[2023-05-25T07:01:20.369+0000] {taskinstance.py:2651} INFO - 1 downstream tasks scheduled from follow-on schedule check
[2023-05-25T10:35:32.431+0000] {taskinstance.py:1103} INFO - Dependencies all met for dep_context=non-requeueable deps ti=<TaskInstance: dag_with_taskflow_api_v02.get_name scheduled__2023-01-21T00:00:00+00:00 [queued]>
[2023-05-25T10:35:32.559+0000] {taskinstance.py:1103} INFO - Dependencies all met for dep_context=requeueable deps ti=<TaskInstance: dag_with_taskflow_api_v02.get_name scheduled__2023-01-21T00:00:00+00:00 [queued]>
[2023-05-25T10:35:32.559+0000] {taskinstance.py:1308} INFO - Starting attempt 1 of 6
[2023-05-25T10:35:32.841+0000] {taskinstance.py:1327} INFO - Executing <Task(_PythonDecoratedOperator): get_name> on 2023-01-21 00:00:00+00:00
[2023-05-25T10:35:32.860+0000] {standard_task_runner.py:57} INFO - Started process 4394 to run task
[2023-05-25T10:35:32.913+0000] {standard_task_runner.py:84} INFO - Running: ['***', 'tasks', 'run', 'dag_with_taskflow_api_v02', 'get_name', 'scheduled__2023-01-21T00:00:00+00:00', '--job-id', '1372', '--raw', '--subdir', 'DAGS_FOLDER/first_dag.py', '--cfg-path', '/tmp/tmpv9h6tyn_']
[2023-05-25T10:35:32.936+0000] {standard_task_runner.py:85} INFO - Job 1372: Subtask get_name
[2023-05-25T10:35:33.618+0000] {task_command.py:410} INFO - Running <TaskInstance: dag_with_taskflow_api_v02.get_name scheduled__2023-01-21T00:00:00+00:00 [running]> on host b1ae37a9584e
[2023-05-25T10:35:34.971+0000] {taskinstance.py:1547} INFO - Exporting env vars: AIRFLOW_CTX_DAG_OWNER='Sai' AIRFLOW_CTX_DAG_ID='dag_with_taskflow_api_v02' AIRFLOW_CTX_TASK_ID='get_name' AIRFLOW_CTX_EXECUTION_DATE='2023-01-21T00:00:00+00:00' AIRFLOW_CTX_TRY_NUMBER='1' AIRFLOW_CTX_DAG_RUN_ID='scheduled__2023-01-21T00:00:00+00:00'
[2023-05-25T10:35:34.973+0000] {python.py:183} INFO - Done. Returned value was: {'first_name': 'Sai', 'last_name': 'Tr'}
[2023-05-25T10:35:35.407+0000] {taskinstance.py:1350} INFO - Marking task as SUCCESS. dag_id=dag_with_taskflow_api_v02, task_id=get_name, execution_date=20230121T000000, start_date=20230525T103532, end_date=20230525T103535
[2023-05-25T10:35:35.487+0000] {local_task_job_runner.py:225} INFO - Task exited with return code 0
[2023-05-25T10:35:35.583+0000] {taskinstance.py:2651} INFO - 1 downstream tasks scheduled from follow-on schedule check
