[2023-05-24T15:30:30.036+0000] {taskinstance.py:1103} INFO - Dependencies all met for dep_context=non-requeueable deps ti=<TaskInstance: dag_with_taskflow_api_v02.get_name scheduled__2023-03-27T00:00:00+00:00 [queued]>
[2023-05-24T15:30:30.098+0000] {taskinstance.py:1103} INFO - Dependencies all met for dep_context=requeueable deps ti=<TaskInstance: dag_with_taskflow_api_v02.get_name scheduled__2023-03-27T00:00:00+00:00 [queued]>
[2023-05-24T15:30:30.099+0000] {taskinstance.py:1308} INFO - Starting attempt 1 of 6
[2023-05-24T15:30:30.181+0000] {taskinstance.py:1327} INFO - Executing <Task(_PythonDecoratedOperator): get_name> on 2023-03-27 00:00:00+00:00
[2023-05-24T15:30:30.192+0000] {standard_task_runner.py:57} INFO - Started process 3650 to run task
[2023-05-24T15:30:30.205+0000] {standard_task_runner.py:84} INFO - Running: ['***', 'tasks', 'run', 'dag_with_taskflow_api_v02', 'get_name', 'scheduled__2023-03-27T00:00:00+00:00', '--job-id', '1552', '--raw', '--subdir', 'DAGS_FOLDER/first_dag.py', '--cfg-path', '/tmp/tmp8r2hv3n4']
[2023-05-24T15:30:30.212+0000] {standard_task_runner.py:85} INFO - Job 1552: Subtask get_name
[2023-05-24T15:30:30.455+0000] {task_command.py:410} INFO - Running <TaskInstance: dag_with_taskflow_api_v02.get_name scheduled__2023-03-27T00:00:00+00:00 [running]> on host 942de29f183d
[2023-05-24T15:30:31.060+0000] {taskinstance.py:1547} INFO - Exporting env vars: AIRFLOW_CTX_DAG_OWNER='Sai' AIRFLOW_CTX_DAG_ID='dag_with_taskflow_api_v02' AIRFLOW_CTX_TASK_ID='get_name' AIRFLOW_CTX_EXECUTION_DATE='2023-03-27T00:00:00+00:00' AIRFLOW_CTX_TRY_NUMBER='1' AIRFLOW_CTX_DAG_RUN_ID='scheduled__2023-03-27T00:00:00+00:00'
[2023-05-24T15:30:31.061+0000] {python.py:183} INFO - Done. Returned value was: {'first_name': 'Sai', 'last_name': 'Tr'}
[2023-05-24T15:30:31.251+0000] {taskinstance.py:1350} INFO - Marking task as SUCCESS. dag_id=dag_with_taskflow_api_v02, task_id=get_name, execution_date=20230327T000000, start_date=20230524T153030, end_date=20230524T153031
[2023-05-24T15:30:31.364+0000] {local_task_job_runner.py:225} INFO - Task exited with return code 0
[2023-05-24T15:30:31.466+0000] {taskinstance.py:2651} INFO - 1 downstream tasks scheduled from follow-on schedule check
[2023-05-25T07:03:02.802+0000] {taskinstance.py:1103} INFO - Dependencies all met for dep_context=non-requeueable deps ti=<TaskInstance: dag_with_taskflow_api_v02.get_name scheduled__2023-03-27T00:00:00+00:00 [queued]>
[2023-05-25T07:03:02.867+0000] {taskinstance.py:1103} INFO - Dependencies all met for dep_context=requeueable deps ti=<TaskInstance: dag_with_taskflow_api_v02.get_name scheduled__2023-03-27T00:00:00+00:00 [queued]>
[2023-05-25T07:03:02.868+0000] {taskinstance.py:1308} INFO - Starting attempt 1 of 6
[2023-05-25T07:03:02.971+0000] {taskinstance.py:1327} INFO - Executing <Task(_PythonDecoratedOperator): get_name> on 2023-03-27 00:00:00+00:00
[2023-05-25T07:03:02.984+0000] {standard_task_runner.py:57} INFO - Started process 5173 to run task
[2023-05-25T07:03:03.021+0000] {standard_task_runner.py:84} INFO - Running: ['***', 'tasks', 'run', 'dag_with_taskflow_api_v02', 'get_name', 'scheduled__2023-03-27T00:00:00+00:00', '--job-id', '1554', '--raw', '--subdir', 'DAGS_FOLDER/first_dag.py', '--cfg-path', '/tmp/tmp89lvu0i0']
[2023-05-25T07:03:03.031+0000] {standard_task_runner.py:85} INFO - Job 1554: Subtask get_name
[2023-05-25T07:03:03.323+0000] {task_command.py:410} INFO - Running <TaskInstance: dag_with_taskflow_api_v02.get_name scheduled__2023-03-27T00:00:00+00:00 [running]> on host 6bd07c7477d9
[2023-05-25T07:03:03.885+0000] {taskinstance.py:1547} INFO - Exporting env vars: AIRFLOW_CTX_DAG_OWNER='Sai' AIRFLOW_CTX_DAG_ID='dag_with_taskflow_api_v02' AIRFLOW_CTX_TASK_ID='get_name' AIRFLOW_CTX_EXECUTION_DATE='2023-03-27T00:00:00+00:00' AIRFLOW_CTX_TRY_NUMBER='1' AIRFLOW_CTX_DAG_RUN_ID='scheduled__2023-03-27T00:00:00+00:00'
[2023-05-25T07:03:03.886+0000] {python.py:183} INFO - Done. Returned value was: {'first_name': 'Sai', 'last_name': 'Tr'}
[2023-05-25T07:03:04.102+0000] {taskinstance.py:1350} INFO - Marking task as SUCCESS. dag_id=dag_with_taskflow_api_v02, task_id=get_name, execution_date=20230327T000000, start_date=20230525T070302, end_date=20230525T070304
[2023-05-25T07:03:04.200+0000] {local_task_job_runner.py:225} INFO - Task exited with return code 0
[2023-05-25T07:03:04.292+0000] {taskinstance.py:2651} INFO - 1 downstream tasks scheduled from follow-on schedule check
[2023-05-25T10:37:33.982+0000] {taskinstance.py:1103} INFO - Dependencies all met for dep_context=non-requeueable deps ti=<TaskInstance: dag_with_taskflow_api_v02.get_name scheduled__2023-03-27T00:00:00+00:00 [queued]>
[2023-05-25T10:37:34.086+0000] {taskinstance.py:1103} INFO - Dependencies all met for dep_context=requeueable deps ti=<TaskInstance: dag_with_taskflow_api_v02.get_name scheduled__2023-03-27T00:00:00+00:00 [queued]>
[2023-05-25T10:37:34.098+0000] {taskinstance.py:1308} INFO - Starting attempt 1 of 6
[2023-05-25T10:37:34.450+0000] {taskinstance.py:1327} INFO - Executing <Task(_PythonDecoratedOperator): get_name> on 2023-03-27 00:00:00+00:00
[2023-05-25T10:37:34.474+0000] {standard_task_runner.py:57} INFO - Started process 4826 to run task
[2023-05-25T10:37:34.509+0000] {standard_task_runner.py:84} INFO - Running: ['***', 'tasks', 'run', 'dag_with_taskflow_api_v02', 'get_name', 'scheduled__2023-03-27T00:00:00+00:00', '--job-id', '1563', '--raw', '--subdir', 'DAGS_FOLDER/first_dag.py', '--cfg-path', '/tmp/tmpy_ld_4rj']
[2023-05-25T10:37:34.518+0000] {standard_task_runner.py:85} INFO - Job 1563: Subtask get_name
[2023-05-25T10:37:34.977+0000] {task_command.py:410} INFO - Running <TaskInstance: dag_with_taskflow_api_v02.get_name scheduled__2023-03-27T00:00:00+00:00 [running]> on host b1ae37a9584e
[2023-05-25T10:37:35.752+0000] {taskinstance.py:1547} INFO - Exporting env vars: AIRFLOW_CTX_DAG_OWNER='Sai' AIRFLOW_CTX_DAG_ID='dag_with_taskflow_api_v02' AIRFLOW_CTX_TASK_ID='get_name' AIRFLOW_CTX_EXECUTION_DATE='2023-03-27T00:00:00+00:00' AIRFLOW_CTX_TRY_NUMBER='1' AIRFLOW_CTX_DAG_RUN_ID='scheduled__2023-03-27T00:00:00+00:00'
[2023-05-25T10:37:35.753+0000] {python.py:183} INFO - Done. Returned value was: {'first_name': 'Sai', 'last_name': 'Tr'}
[2023-05-25T10:37:36.114+0000] {taskinstance.py:1350} INFO - Marking task as SUCCESS. dag_id=dag_with_taskflow_api_v02, task_id=get_name, execution_date=20230327T000000, start_date=20230525T103733, end_date=20230525T103736
[2023-05-25T10:37:36.489+0000] {local_task_job_runner.py:225} INFO - Task exited with return code 0
[2023-05-25T10:37:36.807+0000] {taskinstance.py:2651} INFO - 0 downstream tasks scheduled from follow-on schedule check
