[2023-05-24T15:29:41.017+0000] {taskinstance.py:1103} INFO - Dependencies all met for dep_context=non-requeueable deps ti=<TaskInstance: dag_with_taskflow_api_v02.get_age scheduled__2023-02-25T00:00:00+00:00 [queued]>
[2023-05-24T15:29:41.083+0000] {taskinstance.py:1103} INFO - Dependencies all met for dep_context=requeueable deps ti=<TaskInstance: dag_with_taskflow_api_v02.get_age scheduled__2023-02-25T00:00:00+00:00 [queued]>
[2023-05-24T15:29:41.083+0000] {taskinstance.py:1308} INFO - Starting attempt 1 of 6
[2023-05-24T15:29:41.205+0000] {taskinstance.py:1327} INFO - Executing <Task(_PythonDecoratedOperator): get_age> on 2023-02-25 00:00:00+00:00
[2023-05-24T15:29:41.233+0000] {standard_task_runner.py:57} INFO - Started process 3452 to run task
[2023-05-24T15:29:41.253+0000] {standard_task_runner.py:84} INFO - Running: ['***', 'tasks', 'run', 'dag_with_taskflow_api_v02', 'get_age', 'scheduled__2023-02-25T00:00:00+00:00', '--job-id', '1462', '--raw', '--subdir', 'DAGS_FOLDER/first_dag.py', '--cfg-path', '/tmp/tmpjraom17i']
[2023-05-24T15:29:41.261+0000] {standard_task_runner.py:85} INFO - Job 1462: Subtask get_age
[2023-05-24T15:29:41.544+0000] {task_command.py:410} INFO - Running <TaskInstance: dag_with_taskflow_api_v02.get_age scheduled__2023-02-25T00:00:00+00:00 [running]> on host 942de29f183d
[2023-05-24T15:29:41.997+0000] {taskinstance.py:1547} INFO - Exporting env vars: AIRFLOW_CTX_DAG_OWNER='Sai' AIRFLOW_CTX_DAG_ID='dag_with_taskflow_api_v02' AIRFLOW_CTX_TASK_ID='get_age' AIRFLOW_CTX_EXECUTION_DATE='2023-02-25T00:00:00+00:00' AIRFLOW_CTX_TRY_NUMBER='1' AIRFLOW_CTX_DAG_RUN_ID='scheduled__2023-02-25T00:00:00+00:00'
[2023-05-24T15:29:41.999+0000] {python.py:183} INFO - Done. Returned value was: 19
[2023-05-24T15:29:42.092+0000] {taskinstance.py:1350} INFO - Marking task as SUCCESS. dag_id=dag_with_taskflow_api_v02, task_id=get_age, execution_date=20230225T000000, start_date=20230524T152941, end_date=20230524T152942
[2023-05-24T15:29:42.175+0000] {local_task_job_runner.py:225} INFO - Task exited with return code 0
[2023-05-24T15:29:42.328+0000] {taskinstance.py:2651} INFO - 0 downstream tasks scheduled from follow-on schedule check
[2023-05-25T07:02:18.383+0000] {taskinstance.py:1103} INFO - Dependencies all met for dep_context=non-requeueable deps ti=<TaskInstance: dag_with_taskflow_api_v02.get_age scheduled__2023-02-25T00:00:00+00:00 [queued]>
[2023-05-25T07:02:18.457+0000] {taskinstance.py:1103} INFO - Dependencies all met for dep_context=requeueable deps ti=<TaskInstance: dag_with_taskflow_api_v02.get_age scheduled__2023-02-25T00:00:00+00:00 [queued]>
[2023-05-25T07:02:18.457+0000] {taskinstance.py:1308} INFO - Starting attempt 1 of 6
[2023-05-25T07:02:18.597+0000] {taskinstance.py:1327} INFO - Executing <Task(_PythonDecoratedOperator): get_age> on 2023-02-25 00:00:00+00:00
[2023-05-25T07:02:18.604+0000] {standard_task_runner.py:57} INFO - Started process 4986 to run task
[2023-05-25T07:02:18.650+0000] {standard_task_runner.py:84} INFO - Running: ['***', 'tasks', 'run', 'dag_with_taskflow_api_v02', 'get_age', 'scheduled__2023-02-25T00:00:00+00:00', '--job-id', '1466', '--raw', '--subdir', 'DAGS_FOLDER/first_dag.py', '--cfg-path', '/tmp/tmps3zwdltt']
[2023-05-25T07:02:18.666+0000] {standard_task_runner.py:85} INFO - Job 1466: Subtask get_age
[2023-05-25T07:02:18.893+0000] {task_command.py:410} INFO - Running <TaskInstance: dag_with_taskflow_api_v02.get_age scheduled__2023-02-25T00:00:00+00:00 [running]> on host 6bd07c7477d9
[2023-05-25T07:02:19.647+0000] {taskinstance.py:1547} INFO - Exporting env vars: AIRFLOW_CTX_DAG_OWNER='Sai' AIRFLOW_CTX_DAG_ID='dag_with_taskflow_api_v02' AIRFLOW_CTX_TASK_ID='get_age' AIRFLOW_CTX_EXECUTION_DATE='2023-02-25T00:00:00+00:00' AIRFLOW_CTX_TRY_NUMBER='1' AIRFLOW_CTX_DAG_RUN_ID='scheduled__2023-02-25T00:00:00+00:00'
[2023-05-25T07:02:19.664+0000] {python.py:183} INFO - Done. Returned value was: 19
[2023-05-25T07:02:19.845+0000] {taskinstance.py:1350} INFO - Marking task as SUCCESS. dag_id=dag_with_taskflow_api_v02, task_id=get_age, execution_date=20230225T000000, start_date=20230525T070218, end_date=20230525T070219
[2023-05-25T07:02:19.968+0000] {local_task_job_runner.py:225} INFO - Task exited with return code 0
[2023-05-25T07:02:20.054+0000] {taskinstance.py:2651} INFO - 0 downstream tasks scheduled from follow-on schedule check
[2023-05-25T10:36:37.732+0000] {taskinstance.py:1103} INFO - Dependencies all met for dep_context=non-requeueable deps ti=<TaskInstance: dag_with_taskflow_api_v02.get_age scheduled__2023-02-25T00:00:00+00:00 [queued]>
[2023-05-25T10:36:37.840+0000] {taskinstance.py:1103} INFO - Dependencies all met for dep_context=requeueable deps ti=<TaskInstance: dag_with_taskflow_api_v02.get_age scheduled__2023-02-25T00:00:00+00:00 [queued]>
[2023-05-25T10:36:37.840+0000] {taskinstance.py:1308} INFO - Starting attempt 1 of 6
[2023-05-25T10:36:38.103+0000] {taskinstance.py:1327} INFO - Executing <Task(_PythonDecoratedOperator): get_age> on 2023-02-25 00:00:00+00:00
[2023-05-25T10:36:38.135+0000] {standard_task_runner.py:57} INFO - Started process 4622 to run task
[2023-05-25T10:36:38.167+0000] {standard_task_runner.py:84} INFO - Running: ['***', 'tasks', 'run', 'dag_with_taskflow_api_v02', 'get_age', 'scheduled__2023-02-25T00:00:00+00:00', '--job-id', '1473', '--raw', '--subdir', 'DAGS_FOLDER/first_dag.py', '--cfg-path', '/tmp/tmp7aecl_x1']
[2023-05-25T10:36:38.171+0000] {standard_task_runner.py:85} INFO - Job 1473: Subtask get_age
[2023-05-25T10:36:38.603+0000] {task_command.py:410} INFO - Running <TaskInstance: dag_with_taskflow_api_v02.get_age scheduled__2023-02-25T00:00:00+00:00 [running]> on host b1ae37a9584e
[2023-05-25T10:36:39.609+0000] {taskinstance.py:1547} INFO - Exporting env vars: AIRFLOW_CTX_DAG_OWNER='Sai' AIRFLOW_CTX_DAG_ID='dag_with_taskflow_api_v02' AIRFLOW_CTX_TASK_ID='get_age' AIRFLOW_CTX_EXECUTION_DATE='2023-02-25T00:00:00+00:00' AIRFLOW_CTX_TRY_NUMBER='1' AIRFLOW_CTX_DAG_RUN_ID='scheduled__2023-02-25T00:00:00+00:00'
[2023-05-25T10:36:39.610+0000] {python.py:183} INFO - Done. Returned value was: 19
[2023-05-25T10:36:39.732+0000] {taskinstance.py:1350} INFO - Marking task as SUCCESS. dag_id=dag_with_taskflow_api_v02, task_id=get_age, execution_date=20230225T000000, start_date=20230525T103637, end_date=20230525T103639
[2023-05-25T10:36:39.848+0000] {local_task_job_runner.py:225} INFO - Task exited with return code 0
[2023-05-25T10:36:40.163+0000] {taskinstance.py:2651} INFO - 1 downstream tasks scheduled from follow-on schedule check
