[2023-05-24T15:26:23.182+0000] {taskinstance.py:1103} INFO - Dependencies all met for dep_context=non-requeueable deps ti=<TaskInstance: dag_with_taskflow_api_v02.get_age scheduled__2022-10-29T00:00:00+00:00 [queued]>
[2023-05-24T15:26:23.256+0000] {taskinstance.py:1103} INFO - Dependencies all met for dep_context=requeueable deps ti=<TaskInstance: dag_with_taskflow_api_v02.get_age scheduled__2022-10-29T00:00:00+00:00 [queued]>
[2023-05-24T15:26:23.270+0000] {taskinstance.py:1308} INFO - Starting attempt 1 of 6
[2023-05-24T15:26:23.422+0000] {taskinstance.py:1327} INFO - Executing <Task(_PythonDecoratedOperator): get_age> on 2022-10-29 00:00:00+00:00
[2023-05-24T15:26:23.428+0000] {standard_task_runner.py:57} INFO - Started process 2656 to run task
[2023-05-24T15:26:23.461+0000] {standard_task_runner.py:84} INFO - Running: ['***', 'tasks', 'run', 'dag_with_taskflow_api_v02', 'get_age', 'scheduled__2022-10-29T00:00:00+00:00', '--job-id', '1099', '--raw', '--subdir', 'DAGS_FOLDER/first_dag.py', '--cfg-path', '/tmp/tmpsdtp70tz']
[2023-05-24T15:26:23.477+0000] {standard_task_runner.py:85} INFO - Job 1099: Subtask get_age
[2023-05-24T15:26:23.788+0000] {task_command.py:410} INFO - Running <TaskInstance: dag_with_taskflow_api_v02.get_age scheduled__2022-10-29T00:00:00+00:00 [running]> on host 942de29f183d
[2023-05-24T15:26:24.704+0000] {taskinstance.py:1547} INFO - Exporting env vars: AIRFLOW_CTX_DAG_OWNER='Sai' AIRFLOW_CTX_DAG_ID='dag_with_taskflow_api_v02' AIRFLOW_CTX_TASK_ID='get_age' AIRFLOW_CTX_EXECUTION_DATE='2022-10-29T00:00:00+00:00' AIRFLOW_CTX_TRY_NUMBER='1' AIRFLOW_CTX_DAG_RUN_ID='scheduled__2022-10-29T00:00:00+00:00'
[2023-05-24T15:26:24.706+0000] {python.py:183} INFO - Done. Returned value was: 19
[2023-05-24T15:26:24.901+0000] {taskinstance.py:1350} INFO - Marking task as SUCCESS. dag_id=dag_with_taskflow_api_v02, task_id=get_age, execution_date=20221029T000000, start_date=20230524T152623, end_date=20230524T152624
[2023-05-24T15:26:25.116+0000] {local_task_job_runner.py:225} INFO - Task exited with return code 0
[2023-05-24T15:26:25.292+0000] {taskinstance.py:2651} INFO - 0 downstream tasks scheduled from follow-on schedule check
[2023-05-25T06:58:58.656+0000] {taskinstance.py:1103} INFO - Dependencies all met for dep_context=non-requeueable deps ti=<TaskInstance: dag_with_taskflow_api_v02.get_age scheduled__2022-10-29T00:00:00+00:00 [queued]>
[2023-05-25T06:58:58.760+0000] {taskinstance.py:1103} INFO - Dependencies all met for dep_context=requeueable deps ti=<TaskInstance: dag_with_taskflow_api_v02.get_age scheduled__2022-10-29T00:00:00+00:00 [queued]>
[2023-05-25T06:58:58.760+0000] {taskinstance.py:1308} INFO - Starting attempt 1 of 6
[2023-05-25T06:58:59.601+0000] {taskinstance.py:1327} INFO - Executing <Task(_PythonDecoratedOperator): get_age> on 2022-10-29 00:00:00+00:00
[2023-05-25T06:58:59.619+0000] {standard_task_runner.py:57} INFO - Started process 4177 to run task
[2023-05-25T06:58:59.658+0000] {standard_task_runner.py:84} INFO - Running: ['***', 'tasks', 'run', 'dag_with_taskflow_api_v02', 'get_age', 'scheduled__2022-10-29T00:00:00+00:00', '--job-id', '1103', '--raw', '--subdir', 'DAGS_FOLDER/first_dag.py', '--cfg-path', '/tmp/tmpif6z9ysb']
[2023-05-25T06:58:59.672+0000] {standard_task_runner.py:85} INFO - Job 1103: Subtask get_age
[2023-05-25T06:59:00.089+0000] {task_command.py:410} INFO - Running <TaskInstance: dag_with_taskflow_api_v02.get_age scheduled__2022-10-29T00:00:00+00:00 [running]> on host 6bd07c7477d9
[2023-05-25T06:59:00.842+0000] {taskinstance.py:1547} INFO - Exporting env vars: AIRFLOW_CTX_DAG_OWNER='Sai' AIRFLOW_CTX_DAG_ID='dag_with_taskflow_api_v02' AIRFLOW_CTX_TASK_ID='get_age' AIRFLOW_CTX_EXECUTION_DATE='2022-10-29T00:00:00+00:00' AIRFLOW_CTX_TRY_NUMBER='1' AIRFLOW_CTX_DAG_RUN_ID='scheduled__2022-10-29T00:00:00+00:00'
[2023-05-25T06:59:00.843+0000] {python.py:183} INFO - Done. Returned value was: 19
[2023-05-25T06:59:01.010+0000] {taskinstance.py:1350} INFO - Marking task as SUCCESS. dag_id=dag_with_taskflow_api_v02, task_id=get_age, execution_date=20221029T000000, start_date=20230525T065858, end_date=20230525T065901
[2023-05-25T06:59:01.195+0000] {local_task_job_runner.py:225} INFO - Task exited with return code 0
[2023-05-25T06:59:01.536+0000] {taskinstance.py:2651} INFO - 0 downstream tasks scheduled from follow-on schedule check
[2023-05-25T10:32:37.554+0000] {taskinstance.py:1103} INFO - Dependencies all met for dep_context=non-requeueable deps ti=<TaskInstance: dag_with_taskflow_api_v02.get_age scheduled__2022-10-29T00:00:00+00:00 [queued]>
[2023-05-25T10:32:37.684+0000] {taskinstance.py:1103} INFO - Dependencies all met for dep_context=requeueable deps ti=<TaskInstance: dag_with_taskflow_api_v02.get_age scheduled__2022-10-29T00:00:00+00:00 [queued]>
[2023-05-25T10:32:37.685+0000] {taskinstance.py:1308} INFO - Starting attempt 1 of 6
[2023-05-25T10:32:38.326+0000] {taskinstance.py:1327} INFO - Executing <Task(_PythonDecoratedOperator): get_age> on 2022-10-29 00:00:00+00:00
[2023-05-25T10:32:38.340+0000] {standard_task_runner.py:57} INFO - Started process 3816 to run task
[2023-05-25T10:32:38.359+0000] {standard_task_runner.py:84} INFO - Running: ['***', 'tasks', 'run', 'dag_with_taskflow_api_v02', 'get_age', 'scheduled__2022-10-29T00:00:00+00:00', '--job-id', '1116', '--raw', '--subdir', 'DAGS_FOLDER/first_dag.py', '--cfg-path', '/tmp/tmp9n64fbjw']
[2023-05-25T10:32:38.364+0000] {standard_task_runner.py:85} INFO - Job 1116: Subtask get_age
[2023-05-25T10:32:39.090+0000] {task_command.py:410} INFO - Running <TaskInstance: dag_with_taskflow_api_v02.get_age scheduled__2022-10-29T00:00:00+00:00 [running]> on host b1ae37a9584e
[2023-05-25T10:32:40.466+0000] {taskinstance.py:1547} INFO - Exporting env vars: AIRFLOW_CTX_DAG_OWNER='Sai' AIRFLOW_CTX_DAG_ID='dag_with_taskflow_api_v02' AIRFLOW_CTX_TASK_ID='get_age' AIRFLOW_CTX_EXECUTION_DATE='2022-10-29T00:00:00+00:00' AIRFLOW_CTX_TRY_NUMBER='1' AIRFLOW_CTX_DAG_RUN_ID='scheduled__2022-10-29T00:00:00+00:00'
[2023-05-25T10:32:40.467+0000] {python.py:183} INFO - Done. Returned value was: 19
[2023-05-25T10:32:40.663+0000] {taskinstance.py:1350} INFO - Marking task as SUCCESS. dag_id=dag_with_taskflow_api_v02, task_id=get_age, execution_date=20221029T000000, start_date=20230525T103237, end_date=20230525T103240
[2023-05-25T10:32:40.744+0000] {local_task_job_runner.py:225} INFO - Task exited with return code 0
[2023-05-25T10:32:40.915+0000] {taskinstance.py:2651} INFO - 0 downstream tasks scheduled from follow-on schedule check
