[2023-05-24T15:24:05.446+0000] {taskinstance.py:1103} INFO - Dependencies all met for dep_context=non-requeueable deps ti=<TaskInstance: dag_with_taskflow_api_v02.greet scheduled__2022-08-02T00:00:00+00:00 [queued]>
[2023-05-24T15:24:05.469+0000] {taskinstance.py:1103} INFO - Dependencies all met for dep_context=requeueable deps ti=<TaskInstance: dag_with_taskflow_api_v02.greet scheduled__2022-08-02T00:00:00+00:00 [queued]>
[2023-05-24T15:24:05.470+0000] {taskinstance.py:1308} INFO - Starting attempt 1 of 6
[2023-05-24T15:24:05.572+0000] {taskinstance.py:1327} INFO - Executing <Task(_PythonDecoratedOperator): greet> on 2022-08-02 00:00:00+00:00
[2023-05-24T15:24:05.583+0000] {standard_task_runner.py:57} INFO - Started process 2103 to run task
[2023-05-24T15:24:05.615+0000] {standard_task_runner.py:84} INFO - Running: ['***', 'tasks', 'run', 'dag_with_taskflow_api_v02', 'greet', 'scheduled__2022-08-02T00:00:00+00:00', '--job-id', '853', '--raw', '--subdir', 'DAGS_FOLDER/first_dag.py', '--cfg-path', '/tmp/tmpaqarc57a']
[2023-05-24T15:24:05.618+0000] {standard_task_runner.py:85} INFO - Job 853: Subtask greet
[2023-05-24T15:24:05.803+0000] {task_command.py:410} INFO - Running <TaskInstance: dag_with_taskflow_api_v02.greet scheduled__2022-08-02T00:00:00+00:00 [running]> on host 942de29f183d
[2023-05-24T15:24:06.276+0000] {taskinstance.py:1547} INFO - Exporting env vars: AIRFLOW_CTX_DAG_OWNER='Sai' AIRFLOW_CTX_DAG_ID='dag_with_taskflow_api_v02' AIRFLOW_CTX_TASK_ID='greet' AIRFLOW_CTX_EXECUTION_DATE='2022-08-02T00:00:00+00:00' AIRFLOW_CTX_TRY_NUMBER='1' AIRFLOW_CTX_DAG_RUN_ID='scheduled__2022-08-02T00:00:00+00:00'
[2023-05-24T15:24:06.278+0000] {logging_mixin.py:149} INFO - Hello World! My name is Sai Tr and I am 19 years old!
[2023-05-24T15:24:06.278+0000] {python.py:183} INFO - Done. Returned value was: None
[2023-05-24T15:24:06.302+0000] {taskinstance.py:1350} INFO - Marking task as SUCCESS. dag_id=dag_with_taskflow_api_v02, task_id=greet, execution_date=20220802T000000, start_date=20230524T152405, end_date=20230524T152406
[2023-05-24T15:24:06.348+0000] {local_task_job_runner.py:225} INFO - Task exited with return code 0
[2023-05-24T15:24:06.397+0000] {taskinstance.py:2651} INFO - 0 downstream tasks scheduled from follow-on schedule check
[2023-05-25T06:56:35.296+0000] {taskinstance.py:1103} INFO - Dependencies all met for dep_context=non-requeueable deps ti=<TaskInstance: dag_with_taskflow_api_v02.greet scheduled__2022-08-02T00:00:00+00:00 [queued]>
[2023-05-25T06:56:35.317+0000] {taskinstance.py:1103} INFO - Dependencies all met for dep_context=requeueable deps ti=<TaskInstance: dag_with_taskflow_api_v02.greet scheduled__2022-08-02T00:00:00+00:00 [queued]>
[2023-05-25T06:56:35.318+0000] {taskinstance.py:1308} INFO - Starting attempt 1 of 6
[2023-05-25T06:56:35.356+0000] {taskinstance.py:1327} INFO - Executing <Task(_PythonDecoratedOperator): greet> on 2022-08-02 00:00:00+00:00
[2023-05-25T06:56:35.362+0000] {standard_task_runner.py:57} INFO - Started process 3601 to run task
[2023-05-25T06:56:35.371+0000] {standard_task_runner.py:84} INFO - Running: ['***', 'tasks', 'run', 'dag_with_taskflow_api_v02', 'greet', 'scheduled__2022-08-02T00:00:00+00:00', '--job-id', '848', '--raw', '--subdir', 'DAGS_FOLDER/first_dag.py', '--cfg-path', '/tmp/tmpojgepgyh']
[2023-05-25T06:56:35.374+0000] {standard_task_runner.py:85} INFO - Job 848: Subtask greet
[2023-05-25T06:56:35.463+0000] {task_command.py:410} INFO - Running <TaskInstance: dag_with_taskflow_api_v02.greet scheduled__2022-08-02T00:00:00+00:00 [running]> on host 6bd07c7477d9
[2023-05-25T06:56:35.699+0000] {taskinstance.py:1547} INFO - Exporting env vars: AIRFLOW_CTX_DAG_OWNER='Sai' AIRFLOW_CTX_DAG_ID='dag_with_taskflow_api_v02' AIRFLOW_CTX_TASK_ID='greet' AIRFLOW_CTX_EXECUTION_DATE='2022-08-02T00:00:00+00:00' AIRFLOW_CTX_TRY_NUMBER='1' AIRFLOW_CTX_DAG_RUN_ID='scheduled__2022-08-02T00:00:00+00:00'
[2023-05-25T06:56:35.700+0000] {logging_mixin.py:149} INFO - Hello World! My name is Sai Tr and I am 19 years old!
[2023-05-25T06:56:35.701+0000] {python.py:183} INFO - Done. Returned value was: None
[2023-05-25T06:56:35.726+0000] {taskinstance.py:1350} INFO - Marking task as SUCCESS. dag_id=dag_with_taskflow_api_v02, task_id=greet, execution_date=20220802T000000, start_date=20230525T065635, end_date=20230525T065635
[2023-05-25T06:56:35.787+0000] {local_task_job_runner.py:225} INFO - Task exited with return code 0
[2023-05-25T06:56:35.814+0000] {taskinstance.py:2651} INFO - 0 downstream tasks scheduled from follow-on schedule check
[2023-05-25T10:29:47.522+0000] {taskinstance.py:1103} INFO - Dependencies all met for dep_context=non-requeueable deps ti=<TaskInstance: dag_with_taskflow_api_v02.greet scheduled__2022-08-02T00:00:00+00:00 [queued]>
[2023-05-25T10:29:47.745+0000] {taskinstance.py:1103} INFO - Dependencies all met for dep_context=requeueable deps ti=<TaskInstance: dag_with_taskflow_api_v02.greet scheduled__2022-08-02T00:00:00+00:00 [queued]>
[2023-05-25T10:29:47.745+0000] {taskinstance.py:1308} INFO - Starting attempt 1 of 6
[2023-05-25T10:29:48.173+0000] {taskinstance.py:1327} INFO - Executing <Task(_PythonDecoratedOperator): greet> on 2022-08-02 00:00:00+00:00
[2023-05-25T10:29:48.210+0000] {standard_task_runner.py:57} INFO - Started process 3281 to run task
[2023-05-25T10:29:48.392+0000] {standard_task_runner.py:84} INFO - Running: ['***', 'tasks', 'run', 'dag_with_taskflow_api_v02', 'greet', 'scheduled__2022-08-02T00:00:00+00:00', '--job-id', '882', '--raw', '--subdir', 'DAGS_FOLDER/first_dag.py', '--cfg-path', '/tmp/tmpfpmju_41']
[2023-05-25T10:29:48.435+0000] {standard_task_runner.py:85} INFO - Job 882: Subtask greet
[2023-05-25T10:29:49.100+0000] {task_command.py:410} INFO - Running <TaskInstance: dag_with_taskflow_api_v02.greet scheduled__2022-08-02T00:00:00+00:00 [running]> on host b1ae37a9584e
[2023-05-25T10:29:51.280+0000] {taskinstance.py:1547} INFO - Exporting env vars: AIRFLOW_CTX_DAG_OWNER='Sai' AIRFLOW_CTX_DAG_ID='dag_with_taskflow_api_v02' AIRFLOW_CTX_TASK_ID='greet' AIRFLOW_CTX_EXECUTION_DATE='2022-08-02T00:00:00+00:00' AIRFLOW_CTX_TRY_NUMBER='1' AIRFLOW_CTX_DAG_RUN_ID='scheduled__2022-08-02T00:00:00+00:00'
[2023-05-25T10:29:51.281+0000] {logging_mixin.py:149} INFO - Hello World! My name is Sai Tr and I am 19 years old!
[2023-05-25T10:29:51.282+0000] {python.py:183} INFO - Done. Returned value was: None
[2023-05-25T10:29:51.433+0000] {taskinstance.py:1350} INFO - Marking task as SUCCESS. dag_id=dag_with_taskflow_api_v02, task_id=greet, execution_date=20220802T000000, start_date=20230525T102947, end_date=20230525T102951
[2023-05-25T10:29:51.944+0000] {local_task_job_runner.py:225} INFO - Task exited with return code 0
[2023-05-25T10:29:52.348+0000] {taskinstance.py:2651} INFO - 0 downstream tasks scheduled from follow-on schedule check
