[2023-05-24T15:15:28.049+0000] {taskinstance.py:1103} INFO - Dependencies all met for dep_context=non-requeueable deps ti=<TaskInstance: dag_with_taskflow_api_v02.get_age scheduled__2021-11-07T00:00:00+00:00 [queued]>
[2023-05-24T15:15:28.210+0000] {taskinstance.py:1103} INFO - Dependencies all met for dep_context=requeueable deps ti=<TaskInstance: dag_with_taskflow_api_v02.get_age scheduled__2021-11-07T00:00:00+00:00 [queued]>
[2023-05-24T15:15:28.211+0000] {taskinstance.py:1308} INFO - Starting attempt 1 of 6
[2023-05-24T15:15:28.869+0000] {taskinstance.py:1327} INFO - Executing <Task(_PythonDecoratedOperator): get_age> on 2021-11-07 00:00:00+00:00
[2023-05-24T15:15:28.880+0000] {standard_task_runner.py:57} INFO - Started process 281 to run task
[2023-05-24T15:15:28.900+0000] {standard_task_runner.py:84} INFO - Running: ['***', 'tasks', 'run', 'dag_with_taskflow_api_v02', 'get_age', 'scheduled__2021-11-07T00:00:00+00:00', '--job-id', '37', '--raw', '--subdir', 'DAGS_FOLDER/first_dag.py', '--cfg-path', '/tmp/tmp89l3jd98']
[2023-05-24T15:15:28.919+0000] {standard_task_runner.py:85} INFO - Job 37: Subtask get_age
[2023-05-24T15:15:29.130+0000] {task_command.py:410} INFO - Running <TaskInstance: dag_with_taskflow_api_v02.get_age scheduled__2021-11-07T00:00:00+00:00 [running]> on host 942de29f183d
[2023-05-24T15:15:30.559+0000] {taskinstance.py:1547} INFO - Exporting env vars: AIRFLOW_CTX_DAG_OWNER='Sai' AIRFLOW_CTX_DAG_ID='dag_with_taskflow_api_v02' AIRFLOW_CTX_TASK_ID='get_age' AIRFLOW_CTX_EXECUTION_DATE='2021-11-07T00:00:00+00:00' AIRFLOW_CTX_TRY_NUMBER='1' AIRFLOW_CTX_DAG_RUN_ID='scheduled__2021-11-07T00:00:00+00:00'
[2023-05-24T15:15:30.569+0000] {python.py:183} INFO - Done. Returned value was: 19
[2023-05-24T15:15:30.967+0000] {taskinstance.py:1350} INFO - Marking task as SUCCESS. dag_id=dag_with_taskflow_api_v02, task_id=get_age, execution_date=20211107T000000, start_date=20230524T151528, end_date=20230524T151530
[2023-05-24T15:15:31.333+0000] {local_task_job_runner.py:225} INFO - Task exited with return code 0
[2023-05-24T15:15:31.513+0000] {taskinstance.py:2651} INFO - 0 downstream tasks scheduled from follow-on schedule check
[2023-05-25T06:49:12.078+0000] {taskinstance.py:1103} INFO - Dependencies all met for dep_context=non-requeueable deps ti=<TaskInstance: dag_with_taskflow_api_v02.get_age scheduled__2021-11-07T00:00:00+00:00 [queued]>
[2023-05-25T06:49:12.208+0000] {taskinstance.py:1103} INFO - Dependencies all met for dep_context=requeueable deps ti=<TaskInstance: dag_with_taskflow_api_v02.get_age scheduled__2021-11-07T00:00:00+00:00 [queued]>
[2023-05-25T06:49:12.208+0000] {taskinstance.py:1308} INFO - Starting attempt 1 of 6
[2023-05-25T06:49:12.398+0000] {taskinstance.py:1327} INFO - Executing <Task(_PythonDecoratedOperator): get_age> on 2021-11-07 00:00:00+00:00
[2023-05-25T06:49:12.432+0000] {standard_task_runner.py:57} INFO - Started process 1796 to run task
[2023-05-25T06:49:12.464+0000] {standard_task_runner.py:84} INFO - Running: ['***', 'tasks', 'run', 'dag_with_taskflow_api_v02', 'get_age', 'scheduled__2021-11-07T00:00:00+00:00', '--job-id', '27', '--raw', '--subdir', 'DAGS_FOLDER/first_dag.py', '--cfg-path', '/tmp/tmpnurqtnms']
[2023-05-25T06:49:12.492+0000] {standard_task_runner.py:85} INFO - Job 27: Subtask get_age
[2023-05-25T06:49:12.988+0000] {task_command.py:410} INFO - Running <TaskInstance: dag_with_taskflow_api_v02.get_age scheduled__2021-11-07T00:00:00+00:00 [running]> on host 6bd07c7477d9
[2023-05-25T06:49:13.821+0000] {taskinstance.py:1547} INFO - Exporting env vars: AIRFLOW_CTX_DAG_OWNER='Sai' AIRFLOW_CTX_DAG_ID='dag_with_taskflow_api_v02' AIRFLOW_CTX_TASK_ID='get_age' AIRFLOW_CTX_EXECUTION_DATE='2021-11-07T00:00:00+00:00' AIRFLOW_CTX_TRY_NUMBER='1' AIRFLOW_CTX_DAG_RUN_ID='scheduled__2021-11-07T00:00:00+00:00'
[2023-05-25T06:49:13.822+0000] {python.py:183} INFO - Done. Returned value was: 19
[2023-05-25T06:49:13.914+0000] {taskinstance.py:1350} INFO - Marking task as SUCCESS. dag_id=dag_with_taskflow_api_v02, task_id=get_age, execution_date=20211107T000000, start_date=20230525T064912, end_date=20230525T064913
[2023-05-25T06:49:14.027+0000] {local_task_job_runner.py:225} INFO - Task exited with return code 0
[2023-05-25T06:49:14.587+0000] {taskinstance.py:2651} INFO - 1 downstream tasks scheduled from follow-on schedule check
[2023-05-25T10:18:43.727+0000] {taskinstance.py:1103} INFO - Dependencies all met for dep_context=non-requeueable deps ti=<TaskInstance: dag_with_taskflow_api_v02.get_age scheduled__2021-11-07T00:00:00+00:00 [queued]>
[2023-05-25T10:18:43.781+0000] {taskinstance.py:1103} INFO - Dependencies all met for dep_context=requeueable deps ti=<TaskInstance: dag_with_taskflow_api_v02.get_age scheduled__2021-11-07T00:00:00+00:00 [queued]>
[2023-05-25T10:18:43.781+0000] {taskinstance.py:1308} INFO - Starting attempt 1 of 6
[2023-05-25T10:18:43.828+0000] {taskinstance.py:1327} INFO - Executing <Task(_PythonDecoratedOperator): get_age> on 2021-11-07 00:00:00+00:00
[2023-05-25T10:18:43.843+0000] {standard_task_runner.py:57} INFO - Started process 1312 to run task
[2023-05-25T10:18:43.858+0000] {standard_task_runner.py:84} INFO - Running: ['***', 'tasks', 'run', 'dag_with_taskflow_api_v02', 'get_age', 'scheduled__2021-11-07T00:00:00+00:00', '--job-id', '30', '--raw', '--subdir', 'DAGS_FOLDER/first_dag.py', '--cfg-path', '/tmp/tmpaj1fc58s']
[2023-05-25T10:18:43.863+0000] {standard_task_runner.py:85} INFO - Job 30: Subtask get_age
[2023-05-25T10:18:44.069+0000] {task_command.py:410} INFO - Running <TaskInstance: dag_with_taskflow_api_v02.get_age scheduled__2021-11-07T00:00:00+00:00 [running]> on host b1ae37a9584e
[2023-05-25T10:18:44.685+0000] {taskinstance.py:1547} INFO - Exporting env vars: AIRFLOW_CTX_DAG_OWNER='Sai' AIRFLOW_CTX_DAG_ID='dag_with_taskflow_api_v02' AIRFLOW_CTX_TASK_ID='get_age' AIRFLOW_CTX_EXECUTION_DATE='2021-11-07T00:00:00+00:00' AIRFLOW_CTX_TRY_NUMBER='1' AIRFLOW_CTX_DAG_RUN_ID='scheduled__2021-11-07T00:00:00+00:00'
[2023-05-25T10:18:44.686+0000] {python.py:183} INFO - Done. Returned value was: 19
[2023-05-25T10:18:44.896+0000] {taskinstance.py:1350} INFO - Marking task as SUCCESS. dag_id=dag_with_taskflow_api_v02, task_id=get_age, execution_date=20211107T000000, start_date=20230525T101843, end_date=20230525T101844
[2023-05-25T10:18:44.994+0000] {local_task_job_runner.py:225} INFO - Task exited with return code 0
[2023-05-25T10:18:45.195+0000] {taskinstance.py:2651} INFO - 1 downstream tasks scheduled from follow-on schedule check
