[2023-05-24T15:25:12.956+0000] {taskinstance.py:1103} INFO - Dependencies all met for dep_context=non-requeueable deps ti=<TaskInstance: dag_with_taskflow_api_v02.get_age scheduled__2022-09-16T00:00:00+00:00 [queued]>
[2023-05-24T15:25:13.078+0000] {taskinstance.py:1103} INFO - Dependencies all met for dep_context=requeueable deps ti=<TaskInstance: dag_with_taskflow_api_v02.get_age scheduled__2022-09-16T00:00:00+00:00 [queued]>
[2023-05-24T15:25:13.079+0000] {taskinstance.py:1308} INFO - Starting attempt 1 of 6
[2023-05-24T15:25:13.255+0000] {taskinstance.py:1327} INFO - Executing <Task(_PythonDecoratedOperator): get_age> on 2022-09-16 00:00:00+00:00
[2023-05-24T15:25:13.275+0000] {standard_task_runner.py:57} INFO - Started process 2368 to run task
[2023-05-24T15:25:13.312+0000] {standard_task_runner.py:84} INFO - Running: ['***', 'tasks', 'run', 'dag_with_taskflow_api_v02', 'get_age', 'scheduled__2022-09-16T00:00:00+00:00', '--job-id', '971', '--raw', '--subdir', 'DAGS_FOLDER/first_dag.py', '--cfg-path', '/tmp/tmpm1mdijwn']
[2023-05-24T15:25:13.339+0000] {standard_task_runner.py:85} INFO - Job 971: Subtask get_age
[2023-05-24T15:25:13.781+0000] {task_command.py:410} INFO - Running <TaskInstance: dag_with_taskflow_api_v02.get_age scheduled__2022-09-16T00:00:00+00:00 [running]> on host 942de29f183d
[2023-05-24T15:25:14.660+0000] {taskinstance.py:1547} INFO - Exporting env vars: AIRFLOW_CTX_DAG_OWNER='Sai' AIRFLOW_CTX_DAG_ID='dag_with_taskflow_api_v02' AIRFLOW_CTX_TASK_ID='get_age' AIRFLOW_CTX_EXECUTION_DATE='2022-09-16T00:00:00+00:00' AIRFLOW_CTX_TRY_NUMBER='1' AIRFLOW_CTX_DAG_RUN_ID='scheduled__2022-09-16T00:00:00+00:00'
[2023-05-24T15:25:14.661+0000] {python.py:183} INFO - Done. Returned value was: 19
[2023-05-24T15:25:14.873+0000] {taskinstance.py:1350} INFO - Marking task as SUCCESS. dag_id=dag_with_taskflow_api_v02, task_id=get_age, execution_date=20220916T000000, start_date=20230524T152512, end_date=20230524T152514
[2023-05-24T15:25:15.069+0000] {local_task_job_runner.py:225} INFO - Task exited with return code 0
[2023-05-24T15:25:15.983+0000] {taskinstance.py:2651} INFO - 1 downstream tasks scheduled from follow-on schedule check
[2023-05-25T06:57:49.096+0000] {taskinstance.py:1103} INFO - Dependencies all met for dep_context=non-requeueable deps ti=<TaskInstance: dag_with_taskflow_api_v02.get_age scheduled__2022-09-16T00:00:00+00:00 [queued]>
[2023-05-25T06:57:49.171+0000] {taskinstance.py:1103} INFO - Dependencies all met for dep_context=requeueable deps ti=<TaskInstance: dag_with_taskflow_api_v02.get_age scheduled__2022-09-16T00:00:00+00:00 [queued]>
[2023-05-25T06:57:49.171+0000] {taskinstance.py:1308} INFO - Starting attempt 1 of 6
[2023-05-25T06:57:49.250+0000] {taskinstance.py:1327} INFO - Executing <Task(_PythonDecoratedOperator): get_age> on 2022-09-16 00:00:00+00:00
[2023-05-25T06:57:49.257+0000] {standard_task_runner.py:57} INFO - Started process 3897 to run task
[2023-05-25T06:57:49.287+0000] {standard_task_runner.py:84} INFO - Running: ['***', 'tasks', 'run', 'dag_with_taskflow_api_v02', 'get_age', 'scheduled__2022-09-16T00:00:00+00:00', '--job-id', '976', '--raw', '--subdir', 'DAGS_FOLDER/first_dag.py', '--cfg-path', '/tmp/tmp8o3g25fn']
[2023-05-25T06:57:49.313+0000] {standard_task_runner.py:85} INFO - Job 976: Subtask get_age
[2023-05-25T06:57:49.568+0000] {task_command.py:410} INFO - Running <TaskInstance: dag_with_taskflow_api_v02.get_age scheduled__2022-09-16T00:00:00+00:00 [running]> on host 6bd07c7477d9
[2023-05-25T06:57:50.029+0000] {taskinstance.py:1547} INFO - Exporting env vars: AIRFLOW_CTX_DAG_OWNER='Sai' AIRFLOW_CTX_DAG_ID='dag_with_taskflow_api_v02' AIRFLOW_CTX_TASK_ID='get_age' AIRFLOW_CTX_EXECUTION_DATE='2022-09-16T00:00:00+00:00' AIRFLOW_CTX_TRY_NUMBER='1' AIRFLOW_CTX_DAG_RUN_ID='scheduled__2022-09-16T00:00:00+00:00'
[2023-05-25T06:57:50.030+0000] {python.py:183} INFO - Done. Returned value was: 19
[2023-05-25T06:57:50.118+0000] {taskinstance.py:1350} INFO - Marking task as SUCCESS. dag_id=dag_with_taskflow_api_v02, task_id=get_age, execution_date=20220916T000000, start_date=20230525T065749, end_date=20230525T065750
[2023-05-25T06:57:50.201+0000] {local_task_job_runner.py:225} INFO - Task exited with return code 0
[2023-05-25T06:57:50.272+0000] {taskinstance.py:2651} INFO - 1 downstream tasks scheduled from follow-on schedule check
[2023-05-25T10:31:15.451+0000] {taskinstance.py:1103} INFO - Dependencies all met for dep_context=non-requeueable deps ti=<TaskInstance: dag_with_taskflow_api_v02.get_age scheduled__2022-09-16T00:00:00+00:00 [queued]>
[2023-05-25T10:31:15.604+0000] {taskinstance.py:1103} INFO - Dependencies all met for dep_context=requeueable deps ti=<TaskInstance: dag_with_taskflow_api_v02.get_age scheduled__2022-09-16T00:00:00+00:00 [queued]>
[2023-05-25T10:31:15.604+0000] {taskinstance.py:1308} INFO - Starting attempt 1 of 6
[2023-05-25T10:31:15.732+0000] {taskinstance.py:1327} INFO - Executing <Task(_PythonDecoratedOperator): get_age> on 2022-09-16 00:00:00+00:00
[2023-05-25T10:31:15.739+0000] {standard_task_runner.py:57} INFO - Started process 3523 to run task
[2023-05-25T10:31:15.838+0000] {standard_task_runner.py:84} INFO - Running: ['***', 'tasks', 'run', 'dag_with_taskflow_api_v02', 'get_age', 'scheduled__2022-09-16T00:00:00+00:00', '--job-id', '990', '--raw', '--subdir', 'DAGS_FOLDER/first_dag.py', '--cfg-path', '/tmp/tmpctwc47cp']
[2023-05-25T10:31:15.857+0000] {standard_task_runner.py:85} INFO - Job 990: Subtask get_age
[2023-05-25T10:31:16.513+0000] {task_command.py:410} INFO - Running <TaskInstance: dag_with_taskflow_api_v02.get_age scheduled__2022-09-16T00:00:00+00:00 [running]> on host b1ae37a9584e
[2023-05-25T10:31:17.095+0000] {taskinstance.py:1547} INFO - Exporting env vars: AIRFLOW_CTX_DAG_OWNER='Sai' AIRFLOW_CTX_DAG_ID='dag_with_taskflow_api_v02' AIRFLOW_CTX_TASK_ID='get_age' AIRFLOW_CTX_EXECUTION_DATE='2022-09-16T00:00:00+00:00' AIRFLOW_CTX_TRY_NUMBER='1' AIRFLOW_CTX_DAG_RUN_ID='scheduled__2022-09-16T00:00:00+00:00'
[2023-05-25T10:31:17.097+0000] {python.py:183} INFO - Done. Returned value was: 19
[2023-05-25T10:31:17.211+0000] {taskinstance.py:1350} INFO - Marking task as SUCCESS. dag_id=dag_with_taskflow_api_v02, task_id=get_age, execution_date=20220916T000000, start_date=20230525T103115, end_date=20230525T103117
[2023-05-25T10:31:17.308+0000] {local_task_job_runner.py:225} INFO - Task exited with return code 0
[2023-05-25T10:31:17.844+0000] {taskinstance.py:2651} INFO - 0 downstream tasks scheduled from follow-on schedule check
