[2023-05-24T15:22:42.777+0000] {taskinstance.py:1103} INFO - Dependencies all met for dep_context=non-requeueable deps ti=<TaskInstance: dag_with_taskflow_api_v02.get_name scheduled__2022-06-22T00:00:00+00:00 [queued]>
[2023-05-24T15:22:42.835+0000] {taskinstance.py:1103} INFO - Dependencies all met for dep_context=requeueable deps ti=<TaskInstance: dag_with_taskflow_api_v02.get_name scheduled__2022-06-22T00:00:00+00:00 [queued]>
[2023-05-24T15:22:42.842+0000] {taskinstance.py:1308} INFO - Starting attempt 1 of 6
[2023-05-24T15:22:42.949+0000] {taskinstance.py:1327} INFO - Executing <Task(_PythonDecoratedOperator): get_name> on 2022-06-22 00:00:00+00:00
[2023-05-24T15:22:42.983+0000] {standard_task_runner.py:57} INFO - Started process 1805 to run task
[2023-05-24T15:22:43.013+0000] {standard_task_runner.py:84} INFO - Running: ['***', 'tasks', 'run', 'dag_with_taskflow_api_v02', 'get_name', 'scheduled__2022-06-22T00:00:00+00:00', '--job-id', '716', '--raw', '--subdir', 'DAGS_FOLDER/first_dag.py', '--cfg-path', '/tmp/tmpmf2uon52']
[2023-05-24T15:22:43.016+0000] {standard_task_runner.py:85} INFO - Job 716: Subtask get_name
[2023-05-24T15:22:43.456+0000] {task_command.py:410} INFO - Running <TaskInstance: dag_with_taskflow_api_v02.get_name scheduled__2022-06-22T00:00:00+00:00 [running]> on host 942de29f183d
[2023-05-24T15:22:44.020+0000] {taskinstance.py:1547} INFO - Exporting env vars: AIRFLOW_CTX_DAG_OWNER='Sai' AIRFLOW_CTX_DAG_ID='dag_with_taskflow_api_v02' AIRFLOW_CTX_TASK_ID='get_name' AIRFLOW_CTX_EXECUTION_DATE='2022-06-22T00:00:00+00:00' AIRFLOW_CTX_TRY_NUMBER='1' AIRFLOW_CTX_DAG_RUN_ID='scheduled__2022-06-22T00:00:00+00:00'
[2023-05-24T15:22:44.021+0000] {python.py:183} INFO - Done. Returned value was: {'first_name': 'Sai', 'last_name': 'Tr'}
[2023-05-24T15:22:44.307+0000] {taskinstance.py:1350} INFO - Marking task as SUCCESS. dag_id=dag_with_taskflow_api_v02, task_id=get_name, execution_date=20220622T000000, start_date=20230524T152242, end_date=20230524T152244
[2023-05-24T15:22:44.420+0000] {local_task_job_runner.py:225} INFO - Task exited with return code 0
[2023-05-24T15:22:44.941+0000] {taskinstance.py:2651} INFO - 0 downstream tasks scheduled from follow-on schedule check
[2023-05-25T06:55:27.742+0000] {taskinstance.py:1103} INFO - Dependencies all met for dep_context=non-requeueable deps ti=<TaskInstance: dag_with_taskflow_api_v02.get_name scheduled__2022-06-22T00:00:00+00:00 [queued]>
[2023-05-25T06:55:27.818+0000] {taskinstance.py:1103} INFO - Dependencies all met for dep_context=requeueable deps ti=<TaskInstance: dag_with_taskflow_api_v02.get_name scheduled__2022-06-22T00:00:00+00:00 [queued]>
[2023-05-25T06:55:27.830+0000] {taskinstance.py:1308} INFO - Starting attempt 1 of 6
[2023-05-25T06:55:27.959+0000] {taskinstance.py:1327} INFO - Executing <Task(_PythonDecoratedOperator): get_name> on 2022-06-22 00:00:00+00:00
[2023-05-25T06:55:27.983+0000] {standard_task_runner.py:57} INFO - Started process 3331 to run task
[2023-05-25T06:55:28.022+0000] {standard_task_runner.py:84} INFO - Running: ['***', 'tasks', 'run', 'dag_with_taskflow_api_v02', 'get_name', 'scheduled__2022-06-22T00:00:00+00:00', '--job-id', '720', '--raw', '--subdir', 'DAGS_FOLDER/first_dag.py', '--cfg-path', '/tmp/tmpft7r8in7']
[2023-05-25T06:55:28.033+0000] {standard_task_runner.py:85} INFO - Job 720: Subtask get_name
[2023-05-25T06:55:28.412+0000] {task_command.py:410} INFO - Running <TaskInstance: dag_with_taskflow_api_v02.get_name scheduled__2022-06-22T00:00:00+00:00 [running]> on host 6bd07c7477d9
[2023-05-25T06:55:29.156+0000] {taskinstance.py:1547} INFO - Exporting env vars: AIRFLOW_CTX_DAG_OWNER='Sai' AIRFLOW_CTX_DAG_ID='dag_with_taskflow_api_v02' AIRFLOW_CTX_TASK_ID='get_name' AIRFLOW_CTX_EXECUTION_DATE='2022-06-22T00:00:00+00:00' AIRFLOW_CTX_TRY_NUMBER='1' AIRFLOW_CTX_DAG_RUN_ID='scheduled__2022-06-22T00:00:00+00:00'
[2023-05-25T06:55:29.157+0000] {python.py:183} INFO - Done. Returned value was: {'first_name': 'Sai', 'last_name': 'Tr'}
[2023-05-25T06:55:29.381+0000] {taskinstance.py:1350} INFO - Marking task as SUCCESS. dag_id=dag_with_taskflow_api_v02, task_id=get_name, execution_date=20220622T000000, start_date=20230525T065527, end_date=20230525T065529
[2023-05-25T06:55:29.491+0000] {local_task_job_runner.py:225} INFO - Task exited with return code 0
[2023-05-25T06:55:29.749+0000] {taskinstance.py:2651} INFO - 1 downstream tasks scheduled from follow-on schedule check
[2023-05-25T10:27:04.400+0000] {taskinstance.py:1103} INFO - Dependencies all met for dep_context=non-requeueable deps ti=<TaskInstance: dag_with_taskflow_api_v02.get_name scheduled__2022-06-22T00:00:00+00:00 [queued]>
[2023-05-25T10:27:04.728+0000] {taskinstance.py:1103} INFO - Dependencies all met for dep_context=requeueable deps ti=<TaskInstance: dag_with_taskflow_api_v02.get_name scheduled__2022-06-22T00:00:00+00:00 [queued]>
[2023-05-25T10:27:04.770+0000] {taskinstance.py:1308} INFO - Starting attempt 1 of 6
[2023-05-25T10:27:05.418+0000] {taskinstance.py:1327} INFO - Executing <Task(_PythonDecoratedOperator): get_name> on 2022-06-22 00:00:00+00:00
[2023-05-25T10:27:05.472+0000] {standard_task_runner.py:57} INFO - Started process 2925 to run task
[2023-05-25T10:27:05.512+0000] {standard_task_runner.py:84} INFO - Running: ['***', 'tasks', 'run', 'dag_with_taskflow_api_v02', 'get_name', 'scheduled__2022-06-22T00:00:00+00:00', '--job-id', '733', '--raw', '--subdir', 'DAGS_FOLDER/first_dag.py', '--cfg-path', '/tmp/tmpkxqb6ytd']
[2023-05-25T10:27:05.536+0000] {standard_task_runner.py:85} INFO - Job 733: Subtask get_name
[2023-05-25T10:27:05.973+0000] {task_command.py:410} INFO - Running <TaskInstance: dag_with_taskflow_api_v02.get_name scheduled__2022-06-22T00:00:00+00:00 [running]> on host b1ae37a9584e
[2023-05-25T10:27:07.148+0000] {taskinstance.py:1547} INFO - Exporting env vars: AIRFLOW_CTX_DAG_OWNER='Sai' AIRFLOW_CTX_DAG_ID='dag_with_taskflow_api_v02' AIRFLOW_CTX_TASK_ID='get_name' AIRFLOW_CTX_EXECUTION_DATE='2022-06-22T00:00:00+00:00' AIRFLOW_CTX_TRY_NUMBER='1' AIRFLOW_CTX_DAG_RUN_ID='scheduled__2022-06-22T00:00:00+00:00'
[2023-05-25T10:27:07.149+0000] {python.py:183} INFO - Done. Returned value was: {'first_name': 'Sai', 'last_name': 'Tr'}
[2023-05-25T10:27:07.422+0000] {taskinstance.py:1350} INFO - Marking task as SUCCESS. dag_id=dag_with_taskflow_api_v02, task_id=get_name, execution_date=20220622T000000, start_date=20230525T102704, end_date=20230525T102707
[2023-05-25T10:27:07.524+0000] {local_task_job_runner.py:225} INFO - Task exited with return code 0
[2023-05-25T10:27:07.702+0000] {taskinstance.py:2651} INFO - 1 downstream tasks scheduled from follow-on schedule check
