[2023-05-23T10:19:41.916+0000] {taskinstance.py:1103} INFO - Dependencies all met for dep_context=non-requeueable deps ti=<TaskInstance: dag_with_taskflow_api_v02.get_name scheduled__2021-11-12T00:00:00+00:00 [queued]>
[2023-05-23T10:19:41.934+0000] {taskinstance.py:1103} INFO - Dependencies all met for dep_context=requeueable deps ti=<TaskInstance: dag_with_taskflow_api_v02.get_name scheduled__2021-11-12T00:00:00+00:00 [queued]>
[2023-05-23T10:19:41.935+0000] {taskinstance.py:1308} INFO - Starting attempt 1 of 6
[2023-05-23T10:19:42.835+0000] {taskinstance.py:1327} INFO - Executing <Task(_PythonDecoratedOperator): get_name> on 2021-11-12 00:00:00+00:00
[2023-05-23T10:19:42.851+0000] {standard_task_runner.py:57} INFO - Started process 853 to run task
[2023-05-23T10:19:42.938+0000] {standard_task_runner.py:84} INFO - Running: ['***', 'tasks', 'run', 'dag_with_taskflow_api_v02', 'get_name', 'scheduled__2021-11-12T00:00:00+00:00', '--job-id', '96', '--raw', '--subdir', 'DAGS_FOLDER/first_dag.py', '--cfg-path', '/tmp/tmpztbhaf1g']
[2023-05-23T10:19:42.942+0000] {standard_task_runner.py:85} INFO - Job 96: Subtask get_name
[2023-05-23T10:19:43.499+0000] {task_command.py:410} INFO - Running <TaskInstance: dag_with_taskflow_api_v02.get_name scheduled__2021-11-12T00:00:00+00:00 [running]> on host fb58d5a02d2c
[2023-05-23T10:19:44.434+0000] {taskinstance.py:1547} INFO - Exporting env vars: AIRFLOW_CTX_DAG_OWNER='coder2j' AIRFLOW_CTX_DAG_ID='dag_with_taskflow_api_v02' AIRFLOW_CTX_TASK_ID='get_name' AIRFLOW_CTX_EXECUTION_DATE='2021-11-12T00:00:00+00:00' AIRFLOW_CTX_TRY_NUMBER='1' AIRFLOW_CTX_DAG_RUN_ID='scheduled__2021-11-12T00:00:00+00:00'
[2023-05-23T10:19:44.439+0000] {python.py:183} INFO - Done. Returned value was: {'first_name': 'Jerry', 'last_name': 'Fridman'}
[2023-05-23T10:19:44.665+0000] {taskinstance.py:1350} INFO - Marking task as SUCCESS. dag_id=dag_with_taskflow_api_v02, task_id=get_name, execution_date=20211112T000000, start_date=20230523T101941, end_date=20230523T101944
[2023-05-23T10:19:44.849+0000] {local_task_job_runner.py:225} INFO - Task exited with return code 0
[2023-05-23T10:19:45.410+0000] {taskinstance.py:2651} INFO - 0 downstream tasks scheduled from follow-on schedule check
[2023-05-23T10:26:55.435+0000] {taskinstance.py:1103} INFO - Dependencies all met for dep_context=non-requeueable deps ti=<TaskInstance: dag_with_taskflow_api_v02.get_name scheduled__2021-11-12T00:00:00+00:00 [queued]>
[2023-05-23T10:26:55.486+0000] {taskinstance.py:1103} INFO - Dependencies all met for dep_context=requeueable deps ti=<TaskInstance: dag_with_taskflow_api_v02.get_name scheduled__2021-11-12T00:00:00+00:00 [queued]>
[2023-05-23T10:26:55.489+0000] {taskinstance.py:1308} INFO - Starting attempt 1 of 6
[2023-05-23T10:26:55.633+0000] {taskinstance.py:1327} INFO - Executing <Task(_PythonDecoratedOperator): get_name> on 2021-11-12 00:00:00+00:00
[2023-05-23T10:26:55.654+0000] {standard_task_runner.py:57} INFO - Started process 310 to run task
[2023-05-23T10:26:55.670+0000] {standard_task_runner.py:84} INFO - Running: ['***', 'tasks', 'run', 'dag_with_taskflow_api_v02', 'get_name', 'scheduled__2021-11-12T00:00:00+00:00', '--job-id', '54', '--raw', '--subdir', 'DAGS_FOLDER/first_dag.py', '--cfg-path', '/tmp/tmpnkq6e7uh']
[2023-05-23T10:26:55.689+0000] {standard_task_runner.py:85} INFO - Job 54: Subtask get_name
[2023-05-23T10:26:55.976+0000] {task_command.py:410} INFO - Running <TaskInstance: dag_with_taskflow_api_v02.get_name scheduled__2021-11-12T00:00:00+00:00 [running]> on host 8a6612510f4c
[2023-05-23T10:26:56.680+0000] {taskinstance.py:1547} INFO - Exporting env vars: AIRFLOW_CTX_DAG_OWNER='coder2j' AIRFLOW_CTX_DAG_ID='dag_with_taskflow_api_v02' AIRFLOW_CTX_TASK_ID='get_name' AIRFLOW_CTX_EXECUTION_DATE='2021-11-12T00:00:00+00:00' AIRFLOW_CTX_TRY_NUMBER='1' AIRFLOW_CTX_DAG_RUN_ID='scheduled__2021-11-12T00:00:00+00:00'
[2023-05-23T10:26:56.681+0000] {python.py:183} INFO - Done. Returned value was: {'first_name': 'Jerry', 'last_name': 'Fridman'}
[2023-05-23T10:26:56.997+0000] {taskinstance.py:1350} INFO - Marking task as SUCCESS. dag_id=dag_with_taskflow_api_v02, task_id=get_name, execution_date=20211112T000000, start_date=20230523T102655, end_date=20230523T102656
[2023-05-23T10:26:57.371+0000] {local_task_job_runner.py:225} INFO - Task exited with return code 0
[2023-05-23T10:26:57.524+0000] {taskinstance.py:2651} INFO - 0 downstream tasks scheduled from follow-on schedule check
