[2023-05-24T15:30:47.950+0000] {taskinstance.py:1103} INFO - Dependencies all met for dep_context=non-requeueable deps ti=<TaskInstance: dag_with_taskflow_api_v02.greet scheduled__2023-03-30T00:00:00+00:00 [queued]>
[2023-05-24T15:30:48.101+0000] {taskinstance.py:1103} INFO - Dependencies all met for dep_context=requeueable deps ti=<TaskInstance: dag_with_taskflow_api_v02.greet scheduled__2023-03-30T00:00:00+00:00 [queued]>
[2023-05-24T15:30:48.106+0000] {taskinstance.py:1308} INFO - Starting attempt 1 of 6
[2023-05-24T15:30:48.254+0000] {taskinstance.py:1327} INFO - Executing <Task(_PythonDecoratedOperator): greet> on 2023-03-30 00:00:00+00:00
[2023-05-24T15:30:48.292+0000] {standard_task_runner.py:57} INFO - Started process 3722 to run task
[2023-05-24T15:30:48.313+0000] {standard_task_runner.py:84} INFO - Running: ['***', 'tasks', 'run', 'dag_with_taskflow_api_v02', 'greet', 'scheduled__2023-03-30T00:00:00+00:00', '--job-id', '1581', '--raw', '--subdir', 'DAGS_FOLDER/first_dag.py', '--cfg-path', '/tmp/tmpri_xe0r1']
[2023-05-24T15:30:48.319+0000] {standard_task_runner.py:85} INFO - Job 1581: Subtask greet
[2023-05-24T15:30:48.502+0000] {task_command.py:410} INFO - Running <TaskInstance: dag_with_taskflow_api_v02.greet scheduled__2023-03-30T00:00:00+00:00 [running]> on host 942de29f183d
[2023-05-24T15:30:49.253+0000] {taskinstance.py:1547} INFO - Exporting env vars: AIRFLOW_CTX_DAG_OWNER='Sai' AIRFLOW_CTX_DAG_ID='dag_with_taskflow_api_v02' AIRFLOW_CTX_TASK_ID='greet' AIRFLOW_CTX_EXECUTION_DATE='2023-03-30T00:00:00+00:00' AIRFLOW_CTX_TRY_NUMBER='1' AIRFLOW_CTX_DAG_RUN_ID='scheduled__2023-03-30T00:00:00+00:00'
[2023-05-24T15:30:49.254+0000] {logging_mixin.py:149} INFO - Hello World! My name is Sai Tr and I am 19 years old!
[2023-05-24T15:30:49.255+0000] {python.py:183} INFO - Done. Returned value was: None
[2023-05-24T15:30:49.296+0000] {taskinstance.py:1350} INFO - Marking task as SUCCESS. dag_id=dag_with_taskflow_api_v02, task_id=greet, execution_date=20230330T000000, start_date=20230524T153047, end_date=20230524T153049
[2023-05-24T15:30:50.026+0000] {local_task_job_runner.py:225} INFO - Task exited with return code 0
[2023-05-24T15:30:50.130+0000] {taskinstance.py:2651} INFO - 0 downstream tasks scheduled from follow-on schedule check
[2023-05-25T07:03:22.021+0000] {taskinstance.py:1103} INFO - Dependencies all met for dep_context=non-requeueable deps ti=<TaskInstance: dag_with_taskflow_api_v02.greet scheduled__2023-03-30T00:00:00+00:00 [queued]>
[2023-05-25T07:03:22.111+0000] {taskinstance.py:1103} INFO - Dependencies all met for dep_context=requeueable deps ti=<TaskInstance: dag_with_taskflow_api_v02.greet scheduled__2023-03-30T00:00:00+00:00 [queued]>
[2023-05-25T07:03:22.112+0000] {taskinstance.py:1308} INFO - Starting attempt 1 of 6
[2023-05-25T07:03:22.235+0000] {taskinstance.py:1327} INFO - Executing <Task(_PythonDecoratedOperator): greet> on 2023-03-30 00:00:00+00:00
[2023-05-25T07:03:22.243+0000] {standard_task_runner.py:57} INFO - Started process 5250 to run task
[2023-05-25T07:03:22.272+0000] {standard_task_runner.py:84} INFO - Running: ['***', 'tasks', 'run', 'dag_with_taskflow_api_v02', 'greet', 'scheduled__2023-03-30T00:00:00+00:00', '--job-id', '1586', '--raw', '--subdir', 'DAGS_FOLDER/first_dag.py', '--cfg-path', '/tmp/tmpy3152qpf']
[2023-05-25T07:03:22.275+0000] {standard_task_runner.py:85} INFO - Job 1586: Subtask greet
[2023-05-25T07:03:22.585+0000] {task_command.py:410} INFO - Running <TaskInstance: dag_with_taskflow_api_v02.greet scheduled__2023-03-30T00:00:00+00:00 [running]> on host 6bd07c7477d9
[2023-05-25T07:03:23.665+0000] {taskinstance.py:1547} INFO - Exporting env vars: AIRFLOW_CTX_DAG_OWNER='Sai' AIRFLOW_CTX_DAG_ID='dag_with_taskflow_api_v02' AIRFLOW_CTX_TASK_ID='greet' AIRFLOW_CTX_EXECUTION_DATE='2023-03-30T00:00:00+00:00' AIRFLOW_CTX_TRY_NUMBER='1' AIRFLOW_CTX_DAG_RUN_ID='scheduled__2023-03-30T00:00:00+00:00'
[2023-05-25T07:03:23.666+0000] {logging_mixin.py:149} INFO - Hello World! My name is Sai Tr and I am 19 years old!
[2023-05-25T07:03:23.666+0000] {python.py:183} INFO - Done. Returned value was: None
[2023-05-25T07:03:23.759+0000] {taskinstance.py:1350} INFO - Marking task as SUCCESS. dag_id=dag_with_taskflow_api_v02, task_id=greet, execution_date=20230330T000000, start_date=20230525T070322, end_date=20230525T070323
[2023-05-25T07:03:24.420+0000] {local_task_job_runner.py:225} INFO - Task exited with return code 0
[2023-05-25T07:03:24.635+0000] {taskinstance.py:2651} INFO - 0 downstream tasks scheduled from follow-on schedule check
[2023-05-25T10:37:47.908+0000] {taskinstance.py:1103} INFO - Dependencies all met for dep_context=non-requeueable deps ti=<TaskInstance: dag_with_taskflow_api_v02.greet scheduled__2023-03-30T00:00:00+00:00 [queued]>
[2023-05-25T10:37:47.963+0000] {taskinstance.py:1103} INFO - Dependencies all met for dep_context=requeueable deps ti=<TaskInstance: dag_with_taskflow_api_v02.greet scheduled__2023-03-30T00:00:00+00:00 [queued]>
[2023-05-25T10:37:47.963+0000] {taskinstance.py:1308} INFO - Starting attempt 1 of 6
[2023-05-25T10:37:48.133+0000] {taskinstance.py:1327} INFO - Executing <Task(_PythonDecoratedOperator): greet> on 2023-03-30 00:00:00+00:00
[2023-05-25T10:37:48.141+0000] {standard_task_runner.py:57} INFO - Started process 4869 to run task
[2023-05-25T10:37:48.158+0000] {standard_task_runner.py:84} INFO - Running: ['***', 'tasks', 'run', 'dag_with_taskflow_api_v02', 'greet', 'scheduled__2023-03-30T00:00:00+00:00', '--job-id', '1589', '--raw', '--subdir', 'DAGS_FOLDER/first_dag.py', '--cfg-path', '/tmp/tmpljm2h9ka']
[2023-05-25T10:37:48.166+0000] {standard_task_runner.py:85} INFO - Job 1589: Subtask greet
[2023-05-25T10:37:48.532+0000] {task_command.py:410} INFO - Running <TaskInstance: dag_with_taskflow_api_v02.greet scheduled__2023-03-30T00:00:00+00:00 [running]> on host b1ae37a9584e
[2023-05-25T10:37:48.983+0000] {taskinstance.py:1547} INFO - Exporting env vars: AIRFLOW_CTX_DAG_OWNER='Sai' AIRFLOW_CTX_DAG_ID='dag_with_taskflow_api_v02' AIRFLOW_CTX_TASK_ID='greet' AIRFLOW_CTX_EXECUTION_DATE='2023-03-30T00:00:00+00:00' AIRFLOW_CTX_TRY_NUMBER='1' AIRFLOW_CTX_DAG_RUN_ID='scheduled__2023-03-30T00:00:00+00:00'
[2023-05-25T10:37:48.984+0000] {logging_mixin.py:149} INFO - Hello World! My name is Sai Tr and I am 19 years old!
[2023-05-25T10:37:48.985+0000] {python.py:183} INFO - Done. Returned value was: None
[2023-05-25T10:37:49.011+0000] {taskinstance.py:1350} INFO - Marking task as SUCCESS. dag_id=dag_with_taskflow_api_v02, task_id=greet, execution_date=20230330T000000, start_date=20230525T103747, end_date=20230525T103749
[2023-05-25T10:37:49.068+0000] {local_task_job_runner.py:225} INFO - Task exited with return code 0
[2023-05-25T10:37:49.121+0000] {taskinstance.py:2651} INFO - 0 downstream tasks scheduled from follow-on schedule check
