[2023-05-24T15:24:55.556+0000] {taskinstance.py:1103} INFO - Dependencies all met for dep_context=non-requeueable deps ti=<TaskInstance: dag_with_taskflow_api_v02.greet scheduled__2022-08-30T00:00:00+00:00 [queued]>
[2023-05-24T15:24:55.595+0000] {taskinstance.py:1103} INFO - Dependencies all met for dep_context=requeueable deps ti=<TaskInstance: dag_with_taskflow_api_v02.greet scheduled__2022-08-30T00:00:00+00:00 [queued]>
[2023-05-24T15:24:55.595+0000] {taskinstance.py:1308} INFO - Starting attempt 1 of 6
[2023-05-24T15:24:55.676+0000] {taskinstance.py:1327} INFO - Executing <Task(_PythonDecoratedOperator): greet> on 2022-08-30 00:00:00+00:00
[2023-05-24T15:24:55.697+0000] {standard_task_runner.py:57} INFO - Started process 2299 to run task
[2023-05-24T15:24:55.720+0000] {standard_task_runner.py:84} INFO - Running: ['***', 'tasks', 'run', 'dag_with_taskflow_api_v02', 'greet', 'scheduled__2022-08-30T00:00:00+00:00', '--job-id', '943', '--raw', '--subdir', 'DAGS_FOLDER/first_dag.py', '--cfg-path', '/tmp/tmp34d_pymy']
[2023-05-24T15:24:55.735+0000] {standard_task_runner.py:85} INFO - Job 943: Subtask greet
[2023-05-24T15:24:56.013+0000] {task_command.py:410} INFO - Running <TaskInstance: dag_with_taskflow_api_v02.greet scheduled__2022-08-30T00:00:00+00:00 [running]> on host 942de29f183d
[2023-05-24T15:24:56.549+0000] {taskinstance.py:1547} INFO - Exporting env vars: AIRFLOW_CTX_DAG_OWNER='Sai' AIRFLOW_CTX_DAG_ID='dag_with_taskflow_api_v02' AIRFLOW_CTX_TASK_ID='greet' AIRFLOW_CTX_EXECUTION_DATE='2022-08-30T00:00:00+00:00' AIRFLOW_CTX_TRY_NUMBER='1' AIRFLOW_CTX_DAG_RUN_ID='scheduled__2022-08-30T00:00:00+00:00'
[2023-05-24T15:24:56.551+0000] {logging_mixin.py:149} INFO - Hello World! My name is Sai Tr and I am 19 years old!
[2023-05-24T15:24:56.552+0000] {python.py:183} INFO - Done. Returned value was: None
[2023-05-24T15:24:56.590+0000] {taskinstance.py:1350} INFO - Marking task as SUCCESS. dag_id=dag_with_taskflow_api_v02, task_id=greet, execution_date=20220830T000000, start_date=20230524T152455, end_date=20230524T152456
[2023-05-24T15:24:56.665+0000] {local_task_job_runner.py:225} INFO - Task exited with return code 0
[2023-05-24T15:24:56.729+0000] {taskinstance.py:2651} INFO - 0 downstream tasks scheduled from follow-on schedule check
[2023-05-25T06:57:29.740+0000] {taskinstance.py:1103} INFO - Dependencies all met for dep_context=non-requeueable deps ti=<TaskInstance: dag_with_taskflow_api_v02.greet scheduled__2022-08-30T00:00:00+00:00 [queued]>
[2023-05-25T06:57:29.850+0000] {taskinstance.py:1103} INFO - Dependencies all met for dep_context=requeueable deps ti=<TaskInstance: dag_with_taskflow_api_v02.greet scheduled__2022-08-30T00:00:00+00:00 [queued]>
[2023-05-25T06:57:29.857+0000] {taskinstance.py:1308} INFO - Starting attempt 1 of 6
[2023-05-25T06:57:29.975+0000] {taskinstance.py:1327} INFO - Executing <Task(_PythonDecoratedOperator): greet> on 2022-08-30 00:00:00+00:00
[2023-05-25T06:57:30.005+0000] {standard_task_runner.py:57} INFO - Started process 3811 to run task
[2023-05-25T06:57:30.020+0000] {standard_task_runner.py:84} INFO - Running: ['***', 'tasks', 'run', 'dag_with_taskflow_api_v02', 'greet', 'scheduled__2022-08-30T00:00:00+00:00', '--job-id', '939', '--raw', '--subdir', 'DAGS_FOLDER/first_dag.py', '--cfg-path', '/tmp/tmp58w_k3k5']
[2023-05-25T06:57:30.040+0000] {standard_task_runner.py:85} INFO - Job 939: Subtask greet
[2023-05-25T06:57:30.323+0000] {task_command.py:410} INFO - Running <TaskInstance: dag_with_taskflow_api_v02.greet scheduled__2022-08-30T00:00:00+00:00 [running]> on host 6bd07c7477d9
[2023-05-25T06:57:30.842+0000] {taskinstance.py:1547} INFO - Exporting env vars: AIRFLOW_CTX_DAG_OWNER='Sai' AIRFLOW_CTX_DAG_ID='dag_with_taskflow_api_v02' AIRFLOW_CTX_TASK_ID='greet' AIRFLOW_CTX_EXECUTION_DATE='2022-08-30T00:00:00+00:00' AIRFLOW_CTX_TRY_NUMBER='1' AIRFLOW_CTX_DAG_RUN_ID='scheduled__2022-08-30T00:00:00+00:00'
[2023-05-25T06:57:30.843+0000] {logging_mixin.py:149} INFO - Hello World! My name is Sai Tr and I am 19 years old!
[2023-05-25T06:57:30.844+0000] {python.py:183} INFO - Done. Returned value was: None
[2023-05-25T06:57:30.880+0000] {taskinstance.py:1350} INFO - Marking task as SUCCESS. dag_id=dag_with_taskflow_api_v02, task_id=greet, execution_date=20220830T000000, start_date=20230525T065729, end_date=20230525T065730
[2023-05-25T06:57:31.189+0000] {local_task_job_runner.py:225} INFO - Task exited with return code 0
[2023-05-25T06:57:31.259+0000] {taskinstance.py:2651} INFO - 0 downstream tasks scheduled from follow-on schedule check
[2023-05-25T10:30:49.748+0000] {taskinstance.py:1103} INFO - Dependencies all met for dep_context=non-requeueable deps ti=<TaskInstance: dag_with_taskflow_api_v02.greet scheduled__2022-08-30T00:00:00+00:00 [queued]>
[2023-05-25T10:30:49.877+0000] {taskinstance.py:1103} INFO - Dependencies all met for dep_context=requeueable deps ti=<TaskInstance: dag_with_taskflow_api_v02.greet scheduled__2022-08-30T00:00:00+00:00 [queued]>
[2023-05-25T10:30:49.878+0000] {taskinstance.py:1308} INFO - Starting attempt 1 of 6
[2023-05-25T10:30:50.035+0000] {taskinstance.py:1327} INFO - Executing <Task(_PythonDecoratedOperator): greet> on 2022-08-30 00:00:00+00:00
[2023-05-25T10:30:50.047+0000] {standard_task_runner.py:57} INFO - Started process 3430 to run task
[2023-05-25T10:30:50.066+0000] {standard_task_runner.py:84} INFO - Running: ['***', 'tasks', 'run', 'dag_with_taskflow_api_v02', 'greet', 'scheduled__2022-08-30T00:00:00+00:00', '--job-id', '951', '--raw', '--subdir', 'DAGS_FOLDER/first_dag.py', '--cfg-path', '/tmp/tmp4p5nhjr5']
[2023-05-25T10:30:50.079+0000] {standard_task_runner.py:85} INFO - Job 951: Subtask greet
[2023-05-25T10:30:50.336+0000] {task_command.py:410} INFO - Running <TaskInstance: dag_with_taskflow_api_v02.greet scheduled__2022-08-30T00:00:00+00:00 [running]> on host b1ae37a9584e
[2023-05-25T10:30:50.854+0000] {taskinstance.py:1547} INFO - Exporting env vars: AIRFLOW_CTX_DAG_OWNER='Sai' AIRFLOW_CTX_DAG_ID='dag_with_taskflow_api_v02' AIRFLOW_CTX_TASK_ID='greet' AIRFLOW_CTX_EXECUTION_DATE='2022-08-30T00:00:00+00:00' AIRFLOW_CTX_TRY_NUMBER='1' AIRFLOW_CTX_DAG_RUN_ID='scheduled__2022-08-30T00:00:00+00:00'
[2023-05-25T10:30:50.856+0000] {logging_mixin.py:149} INFO - Hello World! My name is Sai Tr and I am 19 years old!
[2023-05-25T10:30:50.856+0000] {python.py:183} INFO - Done. Returned value was: None
[2023-05-25T10:30:50.880+0000] {taskinstance.py:1350} INFO - Marking task as SUCCESS. dag_id=dag_with_taskflow_api_v02, task_id=greet, execution_date=20220830T000000, start_date=20230525T103049, end_date=20230525T103050
[2023-05-25T10:30:50.953+0000] {local_task_job_runner.py:225} INFO - Task exited with return code 0
[2023-05-25T10:30:51.016+0000] {taskinstance.py:2651} INFO - 0 downstream tasks scheduled from follow-on schedule check
