[2023-05-24T15:15:27.747+0000] {taskinstance.py:1103} INFO - Dependencies all met for dep_context=non-requeueable deps ti=<TaskInstance: dag_with_taskflow_api_v02.get_age scheduled__2021-11-08T00:00:00+00:00 [queued]>
[2023-05-24T15:15:27.842+0000] {taskinstance.py:1103} INFO - Dependencies all met for dep_context=requeueable deps ti=<TaskInstance: dag_with_taskflow_api_v02.get_age scheduled__2021-11-08T00:00:00+00:00 [queued]>
[2023-05-24T15:15:27.842+0000] {taskinstance.py:1308} INFO - Starting attempt 1 of 6
[2023-05-24T15:15:28.057+0000] {taskinstance.py:1327} INFO - Executing <Task(_PythonDecoratedOperator): get_age> on 2021-11-08 00:00:00+00:00
[2023-05-24T15:15:28.122+0000] {standard_task_runner.py:57} INFO - Started process 277 to run task
[2023-05-24T15:15:28.191+0000] {standard_task_runner.py:84} INFO - Running: ['***', 'tasks', 'run', 'dag_with_taskflow_api_v02', 'get_age', 'scheduled__2021-11-08T00:00:00+00:00', '--job-id', '35', '--raw', '--subdir', 'DAGS_FOLDER/first_dag.py', '--cfg-path', '/tmp/tmpa2dx69vy']
[2023-05-24T15:15:28.233+0000] {standard_task_runner.py:85} INFO - Job 35: Subtask get_age
[2023-05-24T15:15:28.573+0000] {task_command.py:410} INFO - Running <TaskInstance: dag_with_taskflow_api_v02.get_age scheduled__2021-11-08T00:00:00+00:00 [running]> on host 942de29f183d
[2023-05-24T15:15:29.386+0000] {taskinstance.py:1547} INFO - Exporting env vars: AIRFLOW_CTX_DAG_OWNER='Sai' AIRFLOW_CTX_DAG_ID='dag_with_taskflow_api_v02' AIRFLOW_CTX_TASK_ID='get_age' AIRFLOW_CTX_EXECUTION_DATE='2021-11-08T00:00:00+00:00' AIRFLOW_CTX_TRY_NUMBER='1' AIRFLOW_CTX_DAG_RUN_ID='scheduled__2021-11-08T00:00:00+00:00'
[2023-05-24T15:15:29.388+0000] {python.py:183} INFO - Done. Returned value was: 19
[2023-05-24T15:15:29.699+0000] {taskinstance.py:1350} INFO - Marking task as SUCCESS. dag_id=dag_with_taskflow_api_v02, task_id=get_age, execution_date=20211108T000000, start_date=20230524T151527, end_date=20230524T151529
[2023-05-24T15:15:29.852+0000] {local_task_job_runner.py:225} INFO - Task exited with return code 0
[2023-05-24T15:15:30.215+0000] {taskinstance.py:2651} INFO - 0 downstream tasks scheduled from follow-on schedule check
[2023-05-25T06:49:18.740+0000] {taskinstance.py:1103} INFO - Dependencies all met for dep_context=non-requeueable deps ti=<TaskInstance: dag_with_taskflow_api_v02.get_age scheduled__2021-11-08T00:00:00+00:00 [queued]>
[2023-05-25T06:49:18.819+0000] {taskinstance.py:1103} INFO - Dependencies all met for dep_context=requeueable deps ti=<TaskInstance: dag_with_taskflow_api_v02.get_age scheduled__2021-11-08T00:00:00+00:00 [queued]>
[2023-05-25T06:49:18.831+0000] {taskinstance.py:1308} INFO - Starting attempt 1 of 6
[2023-05-25T06:49:19.063+0000] {taskinstance.py:1327} INFO - Executing <Task(_PythonDecoratedOperator): get_age> on 2021-11-08 00:00:00+00:00
[2023-05-25T06:49:19.087+0000] {standard_task_runner.py:57} INFO - Started process 1826 to run task
[2023-05-25T06:49:19.114+0000] {standard_task_runner.py:84} INFO - Running: ['***', 'tasks', 'run', 'dag_with_taskflow_api_v02', 'get_age', 'scheduled__2021-11-08T00:00:00+00:00', '--job-id', '42', '--raw', '--subdir', 'DAGS_FOLDER/first_dag.py', '--cfg-path', '/tmp/tmp5dujzgjl']
[2023-05-25T06:49:19.131+0000] {standard_task_runner.py:85} INFO - Job 42: Subtask get_age
[2023-05-25T06:49:19.556+0000] {task_command.py:410} INFO - Running <TaskInstance: dag_with_taskflow_api_v02.get_age scheduled__2021-11-08T00:00:00+00:00 [running]> on host 6bd07c7477d9
[2023-05-25T06:49:20.747+0000] {taskinstance.py:1547} INFO - Exporting env vars: AIRFLOW_CTX_DAG_OWNER='Sai' AIRFLOW_CTX_DAG_ID='dag_with_taskflow_api_v02' AIRFLOW_CTX_TASK_ID='get_age' AIRFLOW_CTX_EXECUTION_DATE='2021-11-08T00:00:00+00:00' AIRFLOW_CTX_TRY_NUMBER='1' AIRFLOW_CTX_DAG_RUN_ID='scheduled__2021-11-08T00:00:00+00:00'
[2023-05-25T06:49:20.748+0000] {python.py:183} INFO - Done. Returned value was: 19
[2023-05-25T06:49:20.843+0000] {taskinstance.py:1350} INFO - Marking task as SUCCESS. dag_id=dag_with_taskflow_api_v02, task_id=get_age, execution_date=20211108T000000, start_date=20230525T064918, end_date=20230525T064920
[2023-05-25T06:49:20.926+0000] {local_task_job_runner.py:225} INFO - Task exited with return code 0
[2023-05-25T06:49:21.078+0000] {taskinstance.py:2651} INFO - 1 downstream tasks scheduled from follow-on schedule check
[2023-05-25T10:18:46.902+0000] {taskinstance.py:1103} INFO - Dependencies all met for dep_context=non-requeueable deps ti=<TaskInstance: dag_with_taskflow_api_v02.get_age scheduled__2021-11-08T00:00:00+00:00 [queued]>
[2023-05-25T10:18:46.957+0000] {taskinstance.py:1103} INFO - Dependencies all met for dep_context=requeueable deps ti=<TaskInstance: dag_with_taskflow_api_v02.get_age scheduled__2021-11-08T00:00:00+00:00 [queued]>
[2023-05-25T10:18:46.959+0000] {taskinstance.py:1308} INFO - Starting attempt 1 of 6
[2023-05-25T10:18:47.071+0000] {taskinstance.py:1327} INFO - Executing <Task(_PythonDecoratedOperator): get_age> on 2021-11-08 00:00:00+00:00
[2023-05-25T10:18:47.099+0000] {standard_task_runner.py:57} INFO - Started process 1318 to run task
[2023-05-25T10:18:47.120+0000] {standard_task_runner.py:84} INFO - Running: ['***', 'tasks', 'run', 'dag_with_taskflow_api_v02', 'get_age', 'scheduled__2021-11-08T00:00:00+00:00', '--job-id', '32', '--raw', '--subdir', 'DAGS_FOLDER/first_dag.py', '--cfg-path', '/tmp/tmpl5_ox5_6']
[2023-05-25T10:18:47.128+0000] {standard_task_runner.py:85} INFO - Job 32: Subtask get_age
[2023-05-25T10:18:47.510+0000] {task_command.py:410} INFO - Running <TaskInstance: dag_with_taskflow_api_v02.get_age scheduled__2021-11-08T00:00:00+00:00 [running]> on host b1ae37a9584e
[2023-05-25T10:18:47.976+0000] {taskinstance.py:1547} INFO - Exporting env vars: AIRFLOW_CTX_DAG_OWNER='Sai' AIRFLOW_CTX_DAG_ID='dag_with_taskflow_api_v02' AIRFLOW_CTX_TASK_ID='get_age' AIRFLOW_CTX_EXECUTION_DATE='2021-11-08T00:00:00+00:00' AIRFLOW_CTX_TRY_NUMBER='1' AIRFLOW_CTX_DAG_RUN_ID='scheduled__2021-11-08T00:00:00+00:00'
[2023-05-25T10:18:47.978+0000] {python.py:183} INFO - Done. Returned value was: 19
[2023-05-25T10:18:48.062+0000] {taskinstance.py:1350} INFO - Marking task as SUCCESS. dag_id=dag_with_taskflow_api_v02, task_id=get_age, execution_date=20211108T000000, start_date=20230525T101846, end_date=20230525T101848
[2023-05-25T10:18:48.203+0000] {local_task_job_runner.py:225} INFO - Task exited with return code 0
[2023-05-25T10:18:48.326+0000] {taskinstance.py:2651} INFO - 1 downstream tasks scheduled from follow-on schedule check
