[2023-05-24T15:23:05.944+0000] {taskinstance.py:1103} INFO - Dependencies all met for dep_context=non-requeueable deps ti=<TaskInstance: dag_with_taskflow_api_v02.get_age scheduled__2022-07-05T00:00:00+00:00 [queued]>
[2023-05-24T15:23:06.059+0000] {taskinstance.py:1103} INFO - Dependencies all met for dep_context=requeueable deps ti=<TaskInstance: dag_with_taskflow_api_v02.get_age scheduled__2022-07-05T00:00:00+00:00 [queued]>
[2023-05-24T15:23:06.059+0000] {taskinstance.py:1308} INFO - Starting attempt 1 of 6
[2023-05-24T15:23:06.358+0000] {taskinstance.py:1327} INFO - Executing <Task(_PythonDecoratedOperator): get_age> on 2022-07-05 00:00:00+00:00
[2023-05-24T15:23:06.412+0000] {standard_task_runner.py:57} INFO - Started process 1889 to run task
[2023-05-24T15:23:06.492+0000] {standard_task_runner.py:84} INFO - Running: ['***', 'tasks', 'run', 'dag_with_taskflow_api_v02', 'get_age', 'scheduled__2022-07-05T00:00:00+00:00', '--job-id', '755', '--raw', '--subdir', 'DAGS_FOLDER/first_dag.py', '--cfg-path', '/tmp/tmp9_tqffvl']
[2023-05-24T15:23:06.546+0000] {standard_task_runner.py:85} INFO - Job 755: Subtask get_age
[2023-05-24T15:23:06.829+0000] {task_command.py:410} INFO - Running <TaskInstance: dag_with_taskflow_api_v02.get_age scheduled__2022-07-05T00:00:00+00:00 [running]> on host 942de29f183d
[2023-05-24T15:23:08.304+0000] {taskinstance.py:1547} INFO - Exporting env vars: AIRFLOW_CTX_DAG_OWNER='Sai' AIRFLOW_CTX_DAG_ID='dag_with_taskflow_api_v02' AIRFLOW_CTX_TASK_ID='get_age' AIRFLOW_CTX_EXECUTION_DATE='2022-07-05T00:00:00+00:00' AIRFLOW_CTX_TRY_NUMBER='1' AIRFLOW_CTX_DAG_RUN_ID='scheduled__2022-07-05T00:00:00+00:00'
[2023-05-24T15:23:08.305+0000] {python.py:183} INFO - Done. Returned value was: 19
[2023-05-24T15:23:08.616+0000] {taskinstance.py:1350} INFO - Marking task as SUCCESS. dag_id=dag_with_taskflow_api_v02, task_id=get_age, execution_date=20220705T000000, start_date=20230524T152305, end_date=20230524T152308
[2023-05-24T15:23:08.963+0000] {local_task_job_runner.py:225} INFO - Task exited with return code 0
[2023-05-24T15:23:09.313+0000] {taskinstance.py:2651} INFO - 0 downstream tasks scheduled from follow-on schedule check
[2023-05-25T06:55:51.162+0000] {taskinstance.py:1103} INFO - Dependencies all met for dep_context=non-requeueable deps ti=<TaskInstance: dag_with_taskflow_api_v02.get_age scheduled__2022-07-05T00:00:00+00:00 [queued]>
[2023-05-25T06:55:51.248+0000] {taskinstance.py:1103} INFO - Dependencies all met for dep_context=requeueable deps ti=<TaskInstance: dag_with_taskflow_api_v02.get_age scheduled__2022-07-05T00:00:00+00:00 [queued]>
[2023-05-25T06:55:51.248+0000] {taskinstance.py:1308} INFO - Starting attempt 1 of 6
[2023-05-25T06:55:51.653+0000] {taskinstance.py:1327} INFO - Executing <Task(_PythonDecoratedOperator): get_age> on 2022-07-05 00:00:00+00:00
[2023-05-25T06:55:51.670+0000] {standard_task_runner.py:57} INFO - Started process 3423 to run task
[2023-05-25T06:55:51.700+0000] {standard_task_runner.py:84} INFO - Running: ['***', 'tasks', 'run', 'dag_with_taskflow_api_v02', 'get_age', 'scheduled__2022-07-05T00:00:00+00:00', '--job-id', '760', '--raw', '--subdir', 'DAGS_FOLDER/first_dag.py', '--cfg-path', '/tmp/tmp7_0i7lw6']
[2023-05-25T06:55:51.729+0000] {standard_task_runner.py:85} INFO - Job 760: Subtask get_age
[2023-05-25T06:55:52.075+0000] {task_command.py:410} INFO - Running <TaskInstance: dag_with_taskflow_api_v02.get_age scheduled__2022-07-05T00:00:00+00:00 [running]> on host 6bd07c7477d9
[2023-05-25T06:55:52.811+0000] {taskinstance.py:1547} INFO - Exporting env vars: AIRFLOW_CTX_DAG_OWNER='Sai' AIRFLOW_CTX_DAG_ID='dag_with_taskflow_api_v02' AIRFLOW_CTX_TASK_ID='get_age' AIRFLOW_CTX_EXECUTION_DATE='2022-07-05T00:00:00+00:00' AIRFLOW_CTX_TRY_NUMBER='1' AIRFLOW_CTX_DAG_RUN_ID='scheduled__2022-07-05T00:00:00+00:00'
[2023-05-25T06:55:52.815+0000] {python.py:183} INFO - Done. Returned value was: 19
[2023-05-25T06:55:52.938+0000] {taskinstance.py:1350} INFO - Marking task as SUCCESS. dag_id=dag_with_taskflow_api_v02, task_id=get_age, execution_date=20220705T000000, start_date=20230525T065551, end_date=20230525T065552
[2023-05-25T06:55:53.044+0000] {local_task_job_runner.py:225} INFO - Task exited with return code 0
[2023-05-25T06:55:53.441+0000] {taskinstance.py:2651} INFO - 1 downstream tasks scheduled from follow-on schedule check
[2023-05-25T10:27:35.428+0000] {taskinstance.py:1103} INFO - Dependencies all met for dep_context=non-requeueable deps ti=<TaskInstance: dag_with_taskflow_api_v02.get_age scheduled__2022-07-05T00:00:00+00:00 [queued]>
[2023-05-25T10:27:35.616+0000] {taskinstance.py:1103} INFO - Dependencies all met for dep_context=requeueable deps ti=<TaskInstance: dag_with_taskflow_api_v02.get_age scheduled__2022-07-05T00:00:00+00:00 [queued]>
[2023-05-25T10:27:35.616+0000] {taskinstance.py:1308} INFO - Starting attempt 1 of 6
[2023-05-25T10:27:35.932+0000] {taskinstance.py:1327} INFO - Executing <Task(_PythonDecoratedOperator): get_age> on 2022-07-05 00:00:00+00:00
[2023-05-25T10:27:36.001+0000] {standard_task_runner.py:57} INFO - Started process 3020 to run task
[2023-05-25T10:27:36.015+0000] {standard_task_runner.py:84} INFO - Running: ['***', 'tasks', 'run', 'dag_with_taskflow_api_v02', 'get_age', 'scheduled__2022-07-05T00:00:00+00:00', '--job-id', '774', '--raw', '--subdir', 'DAGS_FOLDER/first_dag.py', '--cfg-path', '/tmp/tmpyrk9hsmb']
[2023-05-25T10:27:36.022+0000] {standard_task_runner.py:85} INFO - Job 774: Subtask get_age
[2023-05-25T10:27:36.541+0000] {task_command.py:410} INFO - Running <TaskInstance: dag_with_taskflow_api_v02.get_age scheduled__2022-07-05T00:00:00+00:00 [running]> on host b1ae37a9584e
[2023-05-25T10:27:37.878+0000] {taskinstance.py:1547} INFO - Exporting env vars: AIRFLOW_CTX_DAG_OWNER='Sai' AIRFLOW_CTX_DAG_ID='dag_with_taskflow_api_v02' AIRFLOW_CTX_TASK_ID='get_age' AIRFLOW_CTX_EXECUTION_DATE='2022-07-05T00:00:00+00:00' AIRFLOW_CTX_TRY_NUMBER='1' AIRFLOW_CTX_DAG_RUN_ID='scheduled__2022-07-05T00:00:00+00:00'
[2023-05-25T10:27:37.879+0000] {python.py:183} INFO - Done. Returned value was: 19
[2023-05-25T10:27:38.020+0000] {taskinstance.py:1350} INFO - Marking task as SUCCESS. dag_id=dag_with_taskflow_api_v02, task_id=get_age, execution_date=20220705T000000, start_date=20230525T102735, end_date=20230525T102738
[2023-05-25T10:27:38.945+0000] {local_task_job_runner.py:225} INFO - Task exited with return code 0
[2023-05-25T10:27:39.022+0000] {taskinstance.py:2651} INFO - 1 downstream tasks scheduled from follow-on schedule check
