[2023-05-24T15:19:59.230+0000] {taskinstance.py:1103} INFO - Dependencies all met for dep_context=non-requeueable deps ti=<TaskInstance: dag_with_taskflow_api_v02.get_name scheduled__2022-04-01T00:00:00+00:00 [queued]>
[2023-05-24T15:19:59.351+0000] {taskinstance.py:1103} INFO - Dependencies all met for dep_context=requeueable deps ti=<TaskInstance: dag_with_taskflow_api_v02.get_name scheduled__2022-04-01T00:00:00+00:00 [queued]>
[2023-05-24T15:19:59.351+0000] {taskinstance.py:1308} INFO - Starting attempt 1 of 6
[2023-05-24T15:19:59.914+0000] {taskinstance.py:1327} INFO - Executing <Task(_PythonDecoratedOperator): get_name> on 2022-04-01 00:00:00+00:00
[2023-05-24T15:19:59.954+0000] {standard_task_runner.py:57} INFO - Started process 1241 to run task
[2023-05-24T15:20:00.056+0000] {standard_task_runner.py:84} INFO - Running: ['***', 'tasks', 'run', 'dag_with_taskflow_api_v02', 'get_name', 'scheduled__2022-04-01T00:00:00+00:00', '--job-id', '471', '--raw', '--subdir', 'DAGS_FOLDER/first_dag.py', '--cfg-path', '/tmp/tmp08zlvs78']
[2023-05-24T15:20:00.060+0000] {standard_task_runner.py:85} INFO - Job 471: Subtask get_name
[2023-05-24T15:20:00.468+0000] {task_command.py:410} INFO - Running <TaskInstance: dag_with_taskflow_api_v02.get_name scheduled__2022-04-01T00:00:00+00:00 [running]> on host 942de29f183d
[2023-05-24T15:20:01.406+0000] {taskinstance.py:1547} INFO - Exporting env vars: AIRFLOW_CTX_DAG_OWNER='Sai' AIRFLOW_CTX_DAG_ID='dag_with_taskflow_api_v02' AIRFLOW_CTX_TASK_ID='get_name' AIRFLOW_CTX_EXECUTION_DATE='2022-04-01T00:00:00+00:00' AIRFLOW_CTX_TRY_NUMBER='1' AIRFLOW_CTX_DAG_RUN_ID='scheduled__2022-04-01T00:00:00+00:00'
[2023-05-24T15:20:01.414+0000] {python.py:183} INFO - Done. Returned value was: {'first_name': 'Sai', 'last_name': 'Tr'}
[2023-05-24T15:20:01.656+0000] {taskinstance.py:1350} INFO - Marking task as SUCCESS. dag_id=dag_with_taskflow_api_v02, task_id=get_name, execution_date=20220401T000000, start_date=20230524T151959, end_date=20230524T152001
[2023-05-24T15:20:01.700+0000] {local_task_job_runner.py:225} INFO - Task exited with return code 0
[2023-05-24T15:20:01.813+0000] {taskinstance.py:2651} INFO - 1 downstream tasks scheduled from follow-on schedule check
[2023-05-25T06:53:15.043+0000] {taskinstance.py:1103} INFO - Dependencies all met for dep_context=non-requeueable deps ti=<TaskInstance: dag_with_taskflow_api_v02.get_name scheduled__2022-04-01T00:00:00+00:00 [queued]>
[2023-05-25T06:53:15.123+0000] {taskinstance.py:1103} INFO - Dependencies all met for dep_context=requeueable deps ti=<TaskInstance: dag_with_taskflow_api_v02.get_name scheduled__2022-04-01T00:00:00+00:00 [queued]>
[2023-05-25T06:53:15.124+0000] {taskinstance.py:1308} INFO - Starting attempt 1 of 6
[2023-05-25T06:53:15.262+0000] {taskinstance.py:1327} INFO - Executing <Task(_PythonDecoratedOperator): get_name> on 2022-04-01 00:00:00+00:00
[2023-05-25T06:53:15.289+0000] {standard_task_runner.py:57} INFO - Started process 2782 to run task
[2023-05-25T06:53:15.307+0000] {standard_task_runner.py:84} INFO - Running: ['***', 'tasks', 'run', 'dag_with_taskflow_api_v02', 'get_name', 'scheduled__2022-04-01T00:00:00+00:00', '--job-id', '472', '--raw', '--subdir', 'DAGS_FOLDER/first_dag.py', '--cfg-path', '/tmp/tmpcyty3hxp']
[2023-05-25T06:53:15.310+0000] {standard_task_runner.py:85} INFO - Job 472: Subtask get_name
[2023-05-25T06:53:15.527+0000] {task_command.py:410} INFO - Running <TaskInstance: dag_with_taskflow_api_v02.get_name scheduled__2022-04-01T00:00:00+00:00 [running]> on host 6bd07c7477d9
[2023-05-25T06:53:16.354+0000] {taskinstance.py:1547} INFO - Exporting env vars: AIRFLOW_CTX_DAG_OWNER='Sai' AIRFLOW_CTX_DAG_ID='dag_with_taskflow_api_v02' AIRFLOW_CTX_TASK_ID='get_name' AIRFLOW_CTX_EXECUTION_DATE='2022-04-01T00:00:00+00:00' AIRFLOW_CTX_TRY_NUMBER='1' AIRFLOW_CTX_DAG_RUN_ID='scheduled__2022-04-01T00:00:00+00:00'
[2023-05-25T06:53:16.355+0000] {python.py:183} INFO - Done. Returned value was: {'first_name': 'Sai', 'last_name': 'Tr'}
[2023-05-25T06:53:16.548+0000] {taskinstance.py:1350} INFO - Marking task as SUCCESS. dag_id=dag_with_taskflow_api_v02, task_id=get_name, execution_date=20220401T000000, start_date=20230525T065315, end_date=20230525T065316
[2023-05-25T06:53:16.807+0000] {local_task_job_runner.py:225} INFO - Task exited with return code 0
[2023-05-25T06:53:16.979+0000] {taskinstance.py:2651} INFO - 0 downstream tasks scheduled from follow-on schedule check
[2023-05-25T10:24:35.726+0000] {taskinstance.py:1103} INFO - Dependencies all met for dep_context=non-requeueable deps ti=<TaskInstance: dag_with_taskflow_api_v02.get_name scheduled__2022-04-01T00:00:00+00:00 [queued]>
[2023-05-25T10:24:35.771+0000] {taskinstance.py:1103} INFO - Dependencies all met for dep_context=requeueable deps ti=<TaskInstance: dag_with_taskflow_api_v02.get_name scheduled__2022-04-01T00:00:00+00:00 [queued]>
[2023-05-25T10:24:35.780+0000] {taskinstance.py:1308} INFO - Starting attempt 1 of 6
[2023-05-25T10:24:36.194+0000] {taskinstance.py:1327} INFO - Executing <Task(_PythonDecoratedOperator): get_name> on 2022-04-01 00:00:00+00:00
[2023-05-25T10:24:36.201+0000] {standard_task_runner.py:57} INFO - Started process 2378 to run task
[2023-05-25T10:24:36.253+0000] {standard_task_runner.py:84} INFO - Running: ['***', 'tasks', 'run', 'dag_with_taskflow_api_v02', 'get_name', 'scheduled__2022-04-01T00:00:00+00:00', '--job-id', '489', '--raw', '--subdir', 'DAGS_FOLDER/first_dag.py', '--cfg-path', '/tmp/tmpnnj6tfed']
[2023-05-25T10:24:36.264+0000] {standard_task_runner.py:85} INFO - Job 489: Subtask get_name
[2023-05-25T10:24:36.992+0000] {task_command.py:410} INFO - Running <TaskInstance: dag_with_taskflow_api_v02.get_name scheduled__2022-04-01T00:00:00+00:00 [running]> on host b1ae37a9584e
[2023-05-25T10:24:38.005+0000] {taskinstance.py:1547} INFO - Exporting env vars: AIRFLOW_CTX_DAG_OWNER='Sai' AIRFLOW_CTX_DAG_ID='dag_with_taskflow_api_v02' AIRFLOW_CTX_TASK_ID='get_name' AIRFLOW_CTX_EXECUTION_DATE='2022-04-01T00:00:00+00:00' AIRFLOW_CTX_TRY_NUMBER='1' AIRFLOW_CTX_DAG_RUN_ID='scheduled__2022-04-01T00:00:00+00:00'
[2023-05-25T10:24:38.015+0000] {python.py:183} INFO - Done. Returned value was: {'first_name': 'Sai', 'last_name': 'Tr'}
[2023-05-25T10:24:38.269+0000] {taskinstance.py:1350} INFO - Marking task as SUCCESS. dag_id=dag_with_taskflow_api_v02, task_id=get_name, execution_date=20220401T000000, start_date=20230525T102435, end_date=20230525T102438
[2023-05-25T10:24:38.402+0000] {local_task_job_runner.py:225} INFO - Task exited with return code 0
[2023-05-25T10:24:38.642+0000] {taskinstance.py:2651} INFO - 0 downstream tasks scheduled from follow-on schedule check
