[2023-05-24T15:27:08.196+0000] {taskinstance.py:1103} INFO - Dependencies all met for dep_context=non-requeueable deps ti=<TaskInstance: dag_with_taskflow_api_v02.get_age scheduled__2022-11-24T00:00:00+00:00 [queued]>
[2023-05-24T15:27:08.302+0000] {taskinstance.py:1103} INFO - Dependencies all met for dep_context=requeueable deps ti=<TaskInstance: dag_with_taskflow_api_v02.get_age scheduled__2022-11-24T00:00:00+00:00 [queued]>
[2023-05-24T15:27:08.303+0000] {taskinstance.py:1308} INFO - Starting attempt 1 of 6
[2023-05-24T15:27:08.450+0000] {taskinstance.py:1327} INFO - Executing <Task(_PythonDecoratedOperator): get_age> on 2022-11-24 00:00:00+00:00
[2023-05-24T15:27:08.487+0000] {standard_task_runner.py:57} INFO - Started process 2838 to run task
[2023-05-24T15:27:08.505+0000] {standard_task_runner.py:84} INFO - Running: ['***', 'tasks', 'run', 'dag_with_taskflow_api_v02', 'get_age', 'scheduled__2022-11-24T00:00:00+00:00', '--job-id', '1183', '--raw', '--subdir', 'DAGS_FOLDER/first_dag.py', '--cfg-path', '/tmp/tmpd8qd6op2']
[2023-05-24T15:27:08.521+0000] {standard_task_runner.py:85} INFO - Job 1183: Subtask get_age
[2023-05-24T15:27:09.046+0000] {task_command.py:410} INFO - Running <TaskInstance: dag_with_taskflow_api_v02.get_age scheduled__2022-11-24T00:00:00+00:00 [running]> on host 942de29f183d
[2023-05-24T15:27:09.861+0000] {taskinstance.py:1547} INFO - Exporting env vars: AIRFLOW_CTX_DAG_OWNER='Sai' AIRFLOW_CTX_DAG_ID='dag_with_taskflow_api_v02' AIRFLOW_CTX_TASK_ID='get_age' AIRFLOW_CTX_EXECUTION_DATE='2022-11-24T00:00:00+00:00' AIRFLOW_CTX_TRY_NUMBER='1' AIRFLOW_CTX_DAG_RUN_ID='scheduled__2022-11-24T00:00:00+00:00'
[2023-05-24T15:27:09.866+0000] {python.py:183} INFO - Done. Returned value was: 19
[2023-05-24T15:27:09.964+0000] {taskinstance.py:1350} INFO - Marking task as SUCCESS. dag_id=dag_with_taskflow_api_v02, task_id=get_age, execution_date=20221124T000000, start_date=20230524T152708, end_date=20230524T152709
[2023-05-24T15:27:10.107+0000] {local_task_job_runner.py:225} INFO - Task exited with return code 0
[2023-05-24T15:27:10.457+0000] {taskinstance.py:2651} INFO - 0 downstream tasks scheduled from follow-on schedule check
[2023-05-25T06:59:43.920+0000] {taskinstance.py:1103} INFO - Dependencies all met for dep_context=non-requeueable deps ti=<TaskInstance: dag_with_taskflow_api_v02.get_age scheduled__2022-11-24T00:00:00+00:00 [queued]>
[2023-05-25T06:59:43.953+0000] {taskinstance.py:1103} INFO - Dependencies all met for dep_context=requeueable deps ti=<TaskInstance: dag_with_taskflow_api_v02.get_age scheduled__2022-11-24T00:00:00+00:00 [queued]>
[2023-05-25T06:59:43.954+0000] {taskinstance.py:1308} INFO - Starting attempt 1 of 6
[2023-05-25T06:59:44.426+0000] {taskinstance.py:1327} INFO - Executing <Task(_PythonDecoratedOperator): get_age> on 2022-11-24 00:00:00+00:00
[2023-05-25T06:59:44.436+0000] {standard_task_runner.py:57} INFO - Started process 4355 to run task
[2023-05-25T06:59:44.488+0000] {standard_task_runner.py:84} INFO - Running: ['***', 'tasks', 'run', 'dag_with_taskflow_api_v02', 'get_age', 'scheduled__2022-11-24T00:00:00+00:00', '--job-id', '1181', '--raw', '--subdir', 'DAGS_FOLDER/first_dag.py', '--cfg-path', '/tmp/tmpjxazbxw0']
[2023-05-25T06:59:44.500+0000] {standard_task_runner.py:85} INFO - Job 1181: Subtask get_age
[2023-05-25T06:59:44.880+0000] {task_command.py:410} INFO - Running <TaskInstance: dag_with_taskflow_api_v02.get_age scheduled__2022-11-24T00:00:00+00:00 [running]> on host 6bd07c7477d9
[2023-05-25T06:59:45.726+0000] {taskinstance.py:1547} INFO - Exporting env vars: AIRFLOW_CTX_DAG_OWNER='Sai' AIRFLOW_CTX_DAG_ID='dag_with_taskflow_api_v02' AIRFLOW_CTX_TASK_ID='get_age' AIRFLOW_CTX_EXECUTION_DATE='2022-11-24T00:00:00+00:00' AIRFLOW_CTX_TRY_NUMBER='1' AIRFLOW_CTX_DAG_RUN_ID='scheduled__2022-11-24T00:00:00+00:00'
[2023-05-25T06:59:45.727+0000] {python.py:183} INFO - Done. Returned value was: 19
[2023-05-25T06:59:45.893+0000] {taskinstance.py:1350} INFO - Marking task as SUCCESS. dag_id=dag_with_taskflow_api_v02, task_id=get_age, execution_date=20221124T000000, start_date=20230525T065943, end_date=20230525T065945
[2023-05-25T06:59:46.033+0000] {local_task_job_runner.py:225} INFO - Task exited with return code 0
[2023-05-25T06:59:46.395+0000] {taskinstance.py:2651} INFO - 0 downstream tasks scheduled from follow-on schedule check
[2023-05-25T10:33:30.839+0000] {taskinstance.py:1103} INFO - Dependencies all met for dep_context=non-requeueable deps ti=<TaskInstance: dag_with_taskflow_api_v02.get_age scheduled__2022-11-24T00:00:00+00:00 [queued]>
[2023-05-25T10:33:30.930+0000] {taskinstance.py:1103} INFO - Dependencies all met for dep_context=requeueable deps ti=<TaskInstance: dag_with_taskflow_api_v02.get_age scheduled__2022-11-24T00:00:00+00:00 [queued]>
[2023-05-25T10:33:30.930+0000] {taskinstance.py:1308} INFO - Starting attempt 1 of 6
[2023-05-25T10:33:31.758+0000] {taskinstance.py:1327} INFO - Executing <Task(_PythonDecoratedOperator): get_age> on 2022-11-24 00:00:00+00:00
[2023-05-25T10:33:31.792+0000] {standard_task_runner.py:57} INFO - Started process 3995 to run task
[2023-05-25T10:33:31.869+0000] {standard_task_runner.py:84} INFO - Running: ['***', 'tasks', 'run', 'dag_with_taskflow_api_v02', 'get_age', 'scheduled__2022-11-24T00:00:00+00:00', '--job-id', '1195', '--raw', '--subdir', 'DAGS_FOLDER/first_dag.py', '--cfg-path', '/tmp/tmpg_dstnt2']
[2023-05-25T10:33:31.872+0000] {standard_task_runner.py:85} INFO - Job 1195: Subtask get_age
[2023-05-25T10:33:32.213+0000] {task_command.py:410} INFO - Running <TaskInstance: dag_with_taskflow_api_v02.get_age scheduled__2022-11-24T00:00:00+00:00 [running]> on host b1ae37a9584e
[2023-05-25T10:33:32.633+0000] {taskinstance.py:1547} INFO - Exporting env vars: AIRFLOW_CTX_DAG_OWNER='Sai' AIRFLOW_CTX_DAG_ID='dag_with_taskflow_api_v02' AIRFLOW_CTX_TASK_ID='get_age' AIRFLOW_CTX_EXECUTION_DATE='2022-11-24T00:00:00+00:00' AIRFLOW_CTX_TRY_NUMBER='1' AIRFLOW_CTX_DAG_RUN_ID='scheduled__2022-11-24T00:00:00+00:00'
[2023-05-25T10:33:32.636+0000] {python.py:183} INFO - Done. Returned value was: 19
[2023-05-25T10:33:32.810+0000] {taskinstance.py:1350} INFO - Marking task as SUCCESS. dag_id=dag_with_taskflow_api_v02, task_id=get_age, execution_date=20221124T000000, start_date=20230525T103330, end_date=20230525T103332
[2023-05-25T10:33:33.832+0000] {local_task_job_runner.py:225} INFO - Task exited with return code 0
[2023-05-25T10:33:33.988+0000] {taskinstance.py:2651} INFO - 0 downstream tasks scheduled from follow-on schedule check
