[2023-05-24T15:29:48.928+0000] {taskinstance.py:1103} INFO - Dependencies all met for dep_context=non-requeueable deps ti=<TaskInstance: dag_with_taskflow_api_v02.get_name scheduled__2023-02-28T00:00:00+00:00 [queued]>
[2023-05-24T15:29:48.999+0000] {taskinstance.py:1103} INFO - Dependencies all met for dep_context=requeueable deps ti=<TaskInstance: dag_with_taskflow_api_v02.get_name scheduled__2023-02-28T00:00:00+00:00 [queued]>
[2023-05-24T15:29:48.999+0000] {taskinstance.py:1308} INFO - Starting attempt 1 of 6
[2023-05-24T15:29:49.185+0000] {taskinstance.py:1327} INFO - Executing <Task(_PythonDecoratedOperator): get_name> on 2023-02-28 00:00:00+00:00
[2023-05-24T15:29:49.204+0000] {standard_task_runner.py:57} INFO - Started process 3480 to run task
[2023-05-24T15:29:49.233+0000] {standard_task_runner.py:84} INFO - Running: ['***', 'tasks', 'run', 'dag_with_taskflow_api_v02', 'get_name', 'scheduled__2023-02-28T00:00:00+00:00', '--job-id', '1474', '--raw', '--subdir', 'DAGS_FOLDER/first_dag.py', '--cfg-path', '/tmp/tmp1bx1ds8t']
[2023-05-24T15:29:49.255+0000] {standard_task_runner.py:85} INFO - Job 1474: Subtask get_name
[2023-05-24T15:29:49.632+0000] {task_command.py:410} INFO - Running <TaskInstance: dag_with_taskflow_api_v02.get_name scheduled__2023-02-28T00:00:00+00:00 [running]> on host 942de29f183d
[2023-05-24T15:29:50.440+0000] {taskinstance.py:1547} INFO - Exporting env vars: AIRFLOW_CTX_DAG_OWNER='Sai' AIRFLOW_CTX_DAG_ID='dag_with_taskflow_api_v02' AIRFLOW_CTX_TASK_ID='get_name' AIRFLOW_CTX_EXECUTION_DATE='2023-02-28T00:00:00+00:00' AIRFLOW_CTX_TRY_NUMBER='1' AIRFLOW_CTX_DAG_RUN_ID='scheduled__2023-02-28T00:00:00+00:00'
[2023-05-24T15:29:50.442+0000] {python.py:183} INFO - Done. Returned value was: {'first_name': 'Sai', 'last_name': 'Tr'}
[2023-05-24T15:29:50.717+0000] {taskinstance.py:1350} INFO - Marking task as SUCCESS. dag_id=dag_with_taskflow_api_v02, task_id=get_name, execution_date=20230228T000000, start_date=20230524T152948, end_date=20230524T152950
[2023-05-24T15:29:50.879+0000] {local_task_job_runner.py:225} INFO - Task exited with return code 0
[2023-05-24T15:29:51.114+0000] {taskinstance.py:2651} INFO - 0 downstream tasks scheduled from follow-on schedule check
[2023-05-25T07:02:21.036+0000] {taskinstance.py:1103} INFO - Dependencies all met for dep_context=non-requeueable deps ti=<TaskInstance: dag_with_taskflow_api_v02.get_name scheduled__2023-02-28T00:00:00+00:00 [queued]>
[2023-05-25T07:02:21.087+0000] {taskinstance.py:1103} INFO - Dependencies all met for dep_context=requeueable deps ti=<TaskInstance: dag_with_taskflow_api_v02.get_name scheduled__2023-02-28T00:00:00+00:00 [queued]>
[2023-05-25T07:02:21.088+0000] {taskinstance.py:1308} INFO - Starting attempt 1 of 6
[2023-05-25T07:02:21.638+0000] {taskinstance.py:1327} INFO - Executing <Task(_PythonDecoratedOperator): get_name> on 2023-02-28 00:00:00+00:00
[2023-05-25T07:02:21.679+0000] {standard_task_runner.py:57} INFO - Started process 4998 to run task
[2023-05-25T07:02:21.735+0000] {standard_task_runner.py:84} INFO - Running: ['***', 'tasks', 'run', 'dag_with_taskflow_api_v02', 'get_name', 'scheduled__2023-02-28T00:00:00+00:00', '--job-id', '1473', '--raw', '--subdir', 'DAGS_FOLDER/first_dag.py', '--cfg-path', '/tmp/tmpd09qvvfc']
[2023-05-25T07:02:21.752+0000] {standard_task_runner.py:85} INFO - Job 1473: Subtask get_name
[2023-05-25T07:02:22.198+0000] {task_command.py:410} INFO - Running <TaskInstance: dag_with_taskflow_api_v02.get_name scheduled__2023-02-28T00:00:00+00:00 [running]> on host 6bd07c7477d9
[2023-05-25T07:02:22.779+0000] {taskinstance.py:1547} INFO - Exporting env vars: AIRFLOW_CTX_DAG_OWNER='Sai' AIRFLOW_CTX_DAG_ID='dag_with_taskflow_api_v02' AIRFLOW_CTX_TASK_ID='get_name' AIRFLOW_CTX_EXECUTION_DATE='2023-02-28T00:00:00+00:00' AIRFLOW_CTX_TRY_NUMBER='1' AIRFLOW_CTX_DAG_RUN_ID='scheduled__2023-02-28T00:00:00+00:00'
[2023-05-25T07:02:22.780+0000] {python.py:183} INFO - Done. Returned value was: {'first_name': 'Sai', 'last_name': 'Tr'}
[2023-05-25T07:02:23.127+0000] {taskinstance.py:1350} INFO - Marking task as SUCCESS. dag_id=dag_with_taskflow_api_v02, task_id=get_name, execution_date=20230228T000000, start_date=20230525T070221, end_date=20230525T070223
[2023-05-25T07:02:23.372+0000] {local_task_job_runner.py:225} INFO - Task exited with return code 0
[2023-05-25T07:02:23.592+0000] {taskinstance.py:2651} INFO - 0 downstream tasks scheduled from follow-on schedule check
[2023-05-25T10:36:42.900+0000] {taskinstance.py:1103} INFO - Dependencies all met for dep_context=non-requeueable deps ti=<TaskInstance: dag_with_taskflow_api_v02.get_name scheduled__2023-02-28T00:00:00+00:00 [queued]>
[2023-05-25T10:36:43.032+0000] {taskinstance.py:1103} INFO - Dependencies all met for dep_context=requeueable deps ti=<TaskInstance: dag_with_taskflow_api_v02.get_name scheduled__2023-02-28T00:00:00+00:00 [queued]>
[2023-05-25T10:36:43.034+0000] {taskinstance.py:1308} INFO - Starting attempt 1 of 6
[2023-05-25T10:36:43.327+0000] {taskinstance.py:1327} INFO - Executing <Task(_PythonDecoratedOperator): get_name> on 2023-02-28 00:00:00+00:00
[2023-05-25T10:36:43.395+0000] {standard_task_runner.py:57} INFO - Started process 4640 to run task
[2023-05-25T10:36:43.444+0000] {standard_task_runner.py:84} INFO - Running: ['***', 'tasks', 'run', 'dag_with_taskflow_api_v02', 'get_name', 'scheduled__2023-02-28T00:00:00+00:00', '--job-id', '1482', '--raw', '--subdir', 'DAGS_FOLDER/first_dag.py', '--cfg-path', '/tmp/tmpf85_bikg']
[2023-05-25T10:36:43.476+0000] {standard_task_runner.py:85} INFO - Job 1482: Subtask get_name
[2023-05-25T10:36:43.954+0000] {task_command.py:410} INFO - Running <TaskInstance: dag_with_taskflow_api_v02.get_name scheduled__2023-02-28T00:00:00+00:00 [running]> on host b1ae37a9584e
[2023-05-25T10:36:44.623+0000] {taskinstance.py:1547} INFO - Exporting env vars: AIRFLOW_CTX_DAG_OWNER='Sai' AIRFLOW_CTX_DAG_ID='dag_with_taskflow_api_v02' AIRFLOW_CTX_TASK_ID='get_name' AIRFLOW_CTX_EXECUTION_DATE='2023-02-28T00:00:00+00:00' AIRFLOW_CTX_TRY_NUMBER='1' AIRFLOW_CTX_DAG_RUN_ID='scheduled__2023-02-28T00:00:00+00:00'
[2023-05-25T10:36:44.625+0000] {python.py:183} INFO - Done. Returned value was: {'first_name': 'Sai', 'last_name': 'Tr'}
[2023-05-25T10:36:44.950+0000] {taskinstance.py:1350} INFO - Marking task as SUCCESS. dag_id=dag_with_taskflow_api_v02, task_id=get_name, execution_date=20230228T000000, start_date=20230525T103642, end_date=20230525T103644
[2023-05-25T10:36:45.158+0000] {local_task_job_runner.py:225} INFO - Task exited with return code 0
[2023-05-25T10:36:45.692+0000] {taskinstance.py:2651} INFO - 0 downstream tasks scheduled from follow-on schedule check
