[2023-05-24T15:23:59.552+0000] {taskinstance.py:1103} INFO - Dependencies all met for dep_context=non-requeueable deps ti=<TaskInstance: dag_with_taskflow_api_v02.get_age scheduled__2022-08-02T00:00:00+00:00 [queued]>
[2023-05-24T15:23:59.616+0000] {taskinstance.py:1103} INFO - Dependencies all met for dep_context=requeueable deps ti=<TaskInstance: dag_with_taskflow_api_v02.get_age scheduled__2022-08-02T00:00:00+00:00 [queued]>
[2023-05-24T15:23:59.619+0000] {taskinstance.py:1308} INFO - Starting attempt 1 of 6
[2023-05-24T15:23:59.808+0000] {taskinstance.py:1327} INFO - Executing <Task(_PythonDecoratedOperator): get_age> on 2022-08-02 00:00:00+00:00
[2023-05-24T15:23:59.821+0000] {standard_task_runner.py:57} INFO - Started process 2081 to run task
[2023-05-24T15:23:59.864+0000] {standard_task_runner.py:84} INFO - Running: ['***', 'tasks', 'run', 'dag_with_taskflow_api_v02', 'get_age', 'scheduled__2022-08-02T00:00:00+00:00', '--job-id', '842', '--raw', '--subdir', 'DAGS_FOLDER/first_dag.py', '--cfg-path', '/tmp/tmp2rdyrw7s']
[2023-05-24T15:23:59.888+0000] {standard_task_runner.py:85} INFO - Job 842: Subtask get_age
[2023-05-24T15:24:00.282+0000] {task_command.py:410} INFO - Running <TaskInstance: dag_with_taskflow_api_v02.get_age scheduled__2022-08-02T00:00:00+00:00 [running]> on host 942de29f183d
[2023-05-24T15:24:00.747+0000] {taskinstance.py:1547} INFO - Exporting env vars: AIRFLOW_CTX_DAG_OWNER='Sai' AIRFLOW_CTX_DAG_ID='dag_with_taskflow_api_v02' AIRFLOW_CTX_TASK_ID='get_age' AIRFLOW_CTX_EXECUTION_DATE='2022-08-02T00:00:00+00:00' AIRFLOW_CTX_TRY_NUMBER='1' AIRFLOW_CTX_DAG_RUN_ID='scheduled__2022-08-02T00:00:00+00:00'
[2023-05-24T15:24:00.748+0000] {python.py:183} INFO - Done. Returned value was: 19
[2023-05-24T15:24:00.822+0000] {taskinstance.py:1350} INFO - Marking task as SUCCESS. dag_id=dag_with_taskflow_api_v02, task_id=get_age, execution_date=20220802T000000, start_date=20230524T152359, end_date=20230524T152400
[2023-05-24T15:24:00.886+0000] {local_task_job_runner.py:225} INFO - Task exited with return code 0
[2023-05-24T15:24:01.097+0000] {taskinstance.py:2651} INFO - 0 downstream tasks scheduled from follow-on schedule check
[2023-05-25T06:56:33.357+0000] {taskinstance.py:1103} INFO - Dependencies all met for dep_context=non-requeueable deps ti=<TaskInstance: dag_with_taskflow_api_v02.get_age scheduled__2022-08-02T00:00:00+00:00 [queued]>
[2023-05-25T06:56:33.381+0000] {taskinstance.py:1103} INFO - Dependencies all met for dep_context=requeueable deps ti=<TaskInstance: dag_with_taskflow_api_v02.get_age scheduled__2022-08-02T00:00:00+00:00 [queued]>
[2023-05-25T06:56:33.381+0000] {taskinstance.py:1308} INFO - Starting attempt 1 of 6
[2023-05-25T06:56:33.429+0000] {taskinstance.py:1327} INFO - Executing <Task(_PythonDecoratedOperator): get_age> on 2022-08-02 00:00:00+00:00
[2023-05-25T06:56:33.440+0000] {standard_task_runner.py:57} INFO - Started process 3593 to run task
[2023-05-25T06:56:33.454+0000] {standard_task_runner.py:84} INFO - Running: ['***', 'tasks', 'run', 'dag_with_taskflow_api_v02', 'get_age', 'scheduled__2022-08-02T00:00:00+00:00', '--job-id', '843', '--raw', '--subdir', 'DAGS_FOLDER/first_dag.py', '--cfg-path', '/tmp/tmpsphtfto3']
[2023-05-25T06:56:33.457+0000] {standard_task_runner.py:85} INFO - Job 843: Subtask get_age
[2023-05-25T06:56:33.627+0000] {task_command.py:410} INFO - Running <TaskInstance: dag_with_taskflow_api_v02.get_age scheduled__2022-08-02T00:00:00+00:00 [running]> on host 6bd07c7477d9
[2023-05-25T06:56:33.894+0000] {taskinstance.py:1547} INFO - Exporting env vars: AIRFLOW_CTX_DAG_OWNER='Sai' AIRFLOW_CTX_DAG_ID='dag_with_taskflow_api_v02' AIRFLOW_CTX_TASK_ID='get_age' AIRFLOW_CTX_EXECUTION_DATE='2022-08-02T00:00:00+00:00' AIRFLOW_CTX_TRY_NUMBER='1' AIRFLOW_CTX_DAG_RUN_ID='scheduled__2022-08-02T00:00:00+00:00'
[2023-05-25T06:56:33.896+0000] {python.py:183} INFO - Done. Returned value was: 19
[2023-05-25T06:56:33.986+0000] {taskinstance.py:1350} INFO - Marking task as SUCCESS. dag_id=dag_with_taskflow_api_v02, task_id=get_age, execution_date=20220802T000000, start_date=20230525T065633, end_date=20230525T065633
[2023-05-25T06:56:34.073+0000] {local_task_job_runner.py:225} INFO - Task exited with return code 0
[2023-05-25T06:56:34.167+0000] {taskinstance.py:2651} INFO - 0 downstream tasks scheduled from follow-on schedule check
[2023-05-25T10:28:54.862+0000] {taskinstance.py:1103} INFO - Dependencies all met for dep_context=non-requeueable deps ti=<TaskInstance: dag_with_taskflow_api_v02.get_age scheduled__2022-08-02T00:00:00+00:00 [queued]>
[2023-05-25T10:28:55.126+0000] {taskinstance.py:1103} INFO - Dependencies all met for dep_context=requeueable deps ti=<TaskInstance: dag_with_taskflow_api_v02.get_age scheduled__2022-08-02T00:00:00+00:00 [queued]>
[2023-05-25T10:28:55.126+0000] {taskinstance.py:1308} INFO - Starting attempt 1 of 6
[2023-05-25T10:28:55.528+0000] {taskinstance.py:1327} INFO - Executing <Task(_PythonDecoratedOperator): get_age> on 2022-08-02 00:00:00+00:00
[2023-05-25T10:28:55.641+0000] {standard_task_runner.py:57} INFO - Started process 3214 to run task
[2023-05-25T10:28:55.761+0000] {standard_task_runner.py:84} INFO - Running: ['***', 'tasks', 'run', 'dag_with_taskflow_api_v02', 'get_age', 'scheduled__2022-08-02T00:00:00+00:00', '--job-id', '857', '--raw', '--subdir', 'DAGS_FOLDER/first_dag.py', '--cfg-path', '/tmp/tmpnff4fgp3']
[2023-05-25T10:28:55.812+0000] {standard_task_runner.py:85} INFO - Job 857: Subtask get_age
[2023-05-25T10:28:57.510+0000] {task_command.py:410} INFO - Running <TaskInstance: dag_with_taskflow_api_v02.get_age scheduled__2022-08-02T00:00:00+00:00 [running]> on host b1ae37a9584e
[2023-05-25T10:29:02.599+0000] {taskinstance.py:1547} INFO - Exporting env vars: AIRFLOW_CTX_DAG_OWNER='Sai' AIRFLOW_CTX_DAG_ID='dag_with_taskflow_api_v02' AIRFLOW_CTX_TASK_ID='get_age' AIRFLOW_CTX_EXECUTION_DATE='2022-08-02T00:00:00+00:00' AIRFLOW_CTX_TRY_NUMBER='1' AIRFLOW_CTX_DAG_RUN_ID='scheduled__2022-08-02T00:00:00+00:00'
[2023-05-25T10:29:02.618+0000] {python.py:183} INFO - Done. Returned value was: 19
[2023-05-25T10:29:19.471+0000] {taskinstance.py:1350} INFO - Marking task as SUCCESS. dag_id=dag_with_taskflow_api_v02, task_id=get_age, execution_date=20220802T000000, start_date=20230525T102854, end_date=20230525T102919
[2023-05-25T10:29:20.510+0000] {local_task_job_runner.py:225} INFO - Task exited with return code 0
[2023-05-25T10:29:21.550+0000] {taskinstance.py:2651} INFO - 1 downstream tasks scheduled from follow-on schedule check
