[2023-05-24T15:29:00.992+0000] {taskinstance.py:1103} INFO - Dependencies all met for dep_context=non-requeueable deps ti=<TaskInstance: dag_with_taskflow_api_v02.get_age scheduled__2023-01-29T00:00:00+00:00 [queued]>
[2023-05-24T15:29:01.069+0000] {taskinstance.py:1103} INFO - Dependencies all met for dep_context=requeueable deps ti=<TaskInstance: dag_with_taskflow_api_v02.get_age scheduled__2023-01-29T00:00:00+00:00 [queued]>
[2023-05-24T15:29:01.070+0000] {taskinstance.py:1308} INFO - Starting attempt 1 of 6
[2023-05-24T15:29:01.199+0000] {taskinstance.py:1327} INFO - Executing <Task(_PythonDecoratedOperator): get_age> on 2023-01-29 00:00:00+00:00
[2023-05-24T15:29:01.208+0000] {standard_task_runner.py:57} INFO - Started process 3285 to run task
[2023-05-24T15:29:01.262+0000] {standard_task_runner.py:84} INFO - Running: ['***', 'tasks', 'run', 'dag_with_taskflow_api_v02', 'get_age', 'scheduled__2023-01-29T00:00:00+00:00', '--job-id', '1385', '--raw', '--subdir', 'DAGS_FOLDER/first_dag.py', '--cfg-path', '/tmp/tmpowltdh32']
[2023-05-24T15:29:01.278+0000] {standard_task_runner.py:85} INFO - Job 1385: Subtask get_age
[2023-05-24T15:29:01.680+0000] {task_command.py:410} INFO - Running <TaskInstance: dag_with_taskflow_api_v02.get_age scheduled__2023-01-29T00:00:00+00:00 [running]> on host 942de29f183d
[2023-05-24T15:29:02.464+0000] {taskinstance.py:1547} INFO - Exporting env vars: AIRFLOW_CTX_DAG_OWNER='Sai' AIRFLOW_CTX_DAG_ID='dag_with_taskflow_api_v02' AIRFLOW_CTX_TASK_ID='get_age' AIRFLOW_CTX_EXECUTION_DATE='2023-01-29T00:00:00+00:00' AIRFLOW_CTX_TRY_NUMBER='1' AIRFLOW_CTX_DAG_RUN_ID='scheduled__2023-01-29T00:00:00+00:00'
[2023-05-24T15:29:02.465+0000] {python.py:183} INFO - Done. Returned value was: 19
[2023-05-24T15:29:02.555+0000] {taskinstance.py:1350} INFO - Marking task as SUCCESS. dag_id=dag_with_taskflow_api_v02, task_id=get_age, execution_date=20230129T000000, start_date=20230524T152900, end_date=20230524T152902
[2023-05-24T15:29:02.627+0000] {local_task_job_runner.py:225} INFO - Task exited with return code 0
[2023-05-24T15:29:02.838+0000] {taskinstance.py:2651} INFO - 1 downstream tasks scheduled from follow-on schedule check
[2023-05-25T07:01:29.941+0000] {taskinstance.py:1103} INFO - Dependencies all met for dep_context=non-requeueable deps ti=<TaskInstance: dag_with_taskflow_api_v02.get_age scheduled__2023-01-29T00:00:00+00:00 [queued]>
[2023-05-25T07:01:30.001+0000] {taskinstance.py:1103} INFO - Dependencies all met for dep_context=requeueable deps ti=<TaskInstance: dag_with_taskflow_api_v02.get_age scheduled__2023-01-29T00:00:00+00:00 [queued]>
[2023-05-25T07:01:30.005+0000] {taskinstance.py:1308} INFO - Starting attempt 1 of 6
[2023-05-25T07:01:30.282+0000] {taskinstance.py:1327} INFO - Executing <Task(_PythonDecoratedOperator): get_age> on 2023-01-29 00:00:00+00:00
[2023-05-25T07:01:30.304+0000] {standard_task_runner.py:57} INFO - Started process 4790 to run task
[2023-05-25T07:01:30.361+0000] {standard_task_runner.py:84} INFO - Running: ['***', 'tasks', 'run', 'dag_with_taskflow_api_v02', 'get_age', 'scheduled__2023-01-29T00:00:00+00:00', '--job-id', '1381', '--raw', '--subdir', 'DAGS_FOLDER/first_dag.py', '--cfg-path', '/tmp/tmp4qcrnfxe']
[2023-05-25T07:01:30.364+0000] {standard_task_runner.py:85} INFO - Job 1381: Subtask get_age
[2023-05-25T07:01:30.670+0000] {task_command.py:410} INFO - Running <TaskInstance: dag_with_taskflow_api_v02.get_age scheduled__2023-01-29T00:00:00+00:00 [running]> on host 6bd07c7477d9
[2023-05-25T07:01:31.224+0000] {taskinstance.py:1547} INFO - Exporting env vars: AIRFLOW_CTX_DAG_OWNER='Sai' AIRFLOW_CTX_DAG_ID='dag_with_taskflow_api_v02' AIRFLOW_CTX_TASK_ID='get_age' AIRFLOW_CTX_EXECUTION_DATE='2023-01-29T00:00:00+00:00' AIRFLOW_CTX_TRY_NUMBER='1' AIRFLOW_CTX_DAG_RUN_ID='scheduled__2023-01-29T00:00:00+00:00'
[2023-05-25T07:01:31.225+0000] {python.py:183} INFO - Done. Returned value was: 19
[2023-05-25T07:01:31.291+0000] {taskinstance.py:1350} INFO - Marking task as SUCCESS. dag_id=dag_with_taskflow_api_v02, task_id=get_age, execution_date=20230129T000000, start_date=20230525T070129, end_date=20230525T070131
[2023-05-25T07:01:31.407+0000] {local_task_job_runner.py:225} INFO - Task exited with return code 0
[2023-05-25T07:01:31.619+0000] {taskinstance.py:2651} INFO - 0 downstream tasks scheduled from follow-on schedule check
[2023-05-25T10:35:44.059+0000] {taskinstance.py:1103} INFO - Dependencies all met for dep_context=non-requeueable deps ti=<TaskInstance: dag_with_taskflow_api_v02.get_age scheduled__2023-01-29T00:00:00+00:00 [queued]>
[2023-05-25T10:35:44.168+0000] {taskinstance.py:1103} INFO - Dependencies all met for dep_context=requeueable deps ti=<TaskInstance: dag_with_taskflow_api_v02.get_age scheduled__2023-01-29T00:00:00+00:00 [queued]>
[2023-05-25T10:35:44.173+0000] {taskinstance.py:1308} INFO - Starting attempt 1 of 6
[2023-05-25T10:35:44.566+0000] {taskinstance.py:1327} INFO - Executing <Task(_PythonDecoratedOperator): get_age> on 2023-01-29 00:00:00+00:00
[2023-05-25T10:35:44.693+0000] {standard_task_runner.py:57} INFO - Started process 4433 to run task
[2023-05-25T10:35:44.755+0000] {standard_task_runner.py:84} INFO - Running: ['***', 'tasks', 'run', 'dag_with_taskflow_api_v02', 'get_age', 'scheduled__2023-01-29T00:00:00+00:00', '--job-id', '1390', '--raw', '--subdir', 'DAGS_FOLDER/first_dag.py', '--cfg-path', '/tmp/tmp0itt0zn5']
[2023-05-25T10:35:44.785+0000] {standard_task_runner.py:85} INFO - Job 1390: Subtask get_age
[2023-05-25T10:35:45.448+0000] {task_command.py:410} INFO - Running <TaskInstance: dag_with_taskflow_api_v02.get_age scheduled__2023-01-29T00:00:00+00:00 [running]> on host b1ae37a9584e
[2023-05-25T10:35:46.878+0000] {taskinstance.py:1547} INFO - Exporting env vars: AIRFLOW_CTX_DAG_OWNER='Sai' AIRFLOW_CTX_DAG_ID='dag_with_taskflow_api_v02' AIRFLOW_CTX_TASK_ID='get_age' AIRFLOW_CTX_EXECUTION_DATE='2023-01-29T00:00:00+00:00' AIRFLOW_CTX_TRY_NUMBER='1' AIRFLOW_CTX_DAG_RUN_ID='scheduled__2023-01-29T00:00:00+00:00'
[2023-05-25T10:35:46.879+0000] {python.py:183} INFO - Done. Returned value was: 19
[2023-05-25T10:35:47.040+0000] {taskinstance.py:1350} INFO - Marking task as SUCCESS. dag_id=dag_with_taskflow_api_v02, task_id=get_age, execution_date=20230129T000000, start_date=20230525T103544, end_date=20230525T103547
[2023-05-25T10:35:47.146+0000] {local_task_job_runner.py:225} INFO - Task exited with return code 0
[2023-05-25T10:35:47.772+0000] {taskinstance.py:2651} INFO - 1 downstream tasks scheduled from follow-on schedule check
