[2023-05-24T15:20:51.329+0000] {taskinstance.py:1103} INFO - Dependencies all met for dep_context=non-requeueable deps ti=<TaskInstance: dag_with_taskflow_api_v02.get_name scheduled__2022-04-24T00:00:00+00:00 [queued]>
[2023-05-24T15:20:51.404+0000] {taskinstance.py:1103} INFO - Dependencies all met for dep_context=requeueable deps ti=<TaskInstance: dag_with_taskflow_api_v02.get_name scheduled__2022-04-24T00:00:00+00:00 [queued]>
[2023-05-24T15:20:51.411+0000] {taskinstance.py:1308} INFO - Starting attempt 1 of 6
[2023-05-24T15:20:52.369+0000] {taskinstance.py:1327} INFO - Executing <Task(_PythonDecoratedOperator): get_name> on 2022-04-24 00:00:00+00:00
[2023-05-24T15:20:52.389+0000] {standard_task_runner.py:57} INFO - Started process 1406 to run task
[2023-05-24T15:20:52.442+0000] {standard_task_runner.py:84} INFO - Running: ['***', 'tasks', 'run', 'dag_with_taskflow_api_v02', 'get_name', 'scheduled__2022-04-24T00:00:00+00:00', '--job-id', '539', '--raw', '--subdir', 'DAGS_FOLDER/first_dag.py', '--cfg-path', '/tmp/tmpphqsw6z4']
[2023-05-24T15:20:52.482+0000] {standard_task_runner.py:85} INFO - Job 539: Subtask get_name
[2023-05-24T15:20:52.860+0000] {task_command.py:410} INFO - Running <TaskInstance: dag_with_taskflow_api_v02.get_name scheduled__2022-04-24T00:00:00+00:00 [running]> on host 942de29f183d
[2023-05-24T15:20:53.654+0000] {taskinstance.py:1547} INFO - Exporting env vars: AIRFLOW_CTX_DAG_OWNER='Sai' AIRFLOW_CTX_DAG_ID='dag_with_taskflow_api_v02' AIRFLOW_CTX_TASK_ID='get_name' AIRFLOW_CTX_EXECUTION_DATE='2022-04-24T00:00:00+00:00' AIRFLOW_CTX_TRY_NUMBER='1' AIRFLOW_CTX_DAG_RUN_ID='scheduled__2022-04-24T00:00:00+00:00'
[2023-05-24T15:20:53.656+0000] {python.py:183} INFO - Done. Returned value was: {'first_name': 'Sai', 'last_name': 'Tr'}
[2023-05-24T15:20:53.898+0000] {taskinstance.py:1350} INFO - Marking task as SUCCESS. dag_id=dag_with_taskflow_api_v02, task_id=get_name, execution_date=20220424T000000, start_date=20230524T152051, end_date=20230524T152053
[2023-05-24T15:20:54.038+0000] {local_task_job_runner.py:225} INFO - Task exited with return code 0
[2023-05-24T15:20:54.493+0000] {taskinstance.py:2651} INFO - 1 downstream tasks scheduled from follow-on schedule check
[2023-05-25T06:53:52.874+0000] {taskinstance.py:1103} INFO - Dependencies all met for dep_context=non-requeueable deps ti=<TaskInstance: dag_with_taskflow_api_v02.get_name scheduled__2022-04-24T00:00:00+00:00 [queued]>
[2023-05-25T06:53:52.968+0000] {taskinstance.py:1103} INFO - Dependencies all met for dep_context=requeueable deps ti=<TaskInstance: dag_with_taskflow_api_v02.get_name scheduled__2022-04-24T00:00:00+00:00 [queued]>
[2023-05-25T06:53:52.969+0000] {taskinstance.py:1308} INFO - Starting attempt 1 of 6
[2023-05-25T06:53:53.608+0000] {taskinstance.py:1327} INFO - Executing <Task(_PythonDecoratedOperator): get_name> on 2022-04-24 00:00:00+00:00
[2023-05-25T06:53:53.638+0000] {standard_task_runner.py:57} INFO - Started process 2937 to run task
[2023-05-25T06:53:53.678+0000] {standard_task_runner.py:84} INFO - Running: ['***', 'tasks', 'run', 'dag_with_taskflow_api_v02', 'get_name', 'scheduled__2022-04-24T00:00:00+00:00', '--job-id', '542', '--raw', '--subdir', 'DAGS_FOLDER/first_dag.py', '--cfg-path', '/tmp/tmpot99vpgo']
[2023-05-25T06:53:53.687+0000] {standard_task_runner.py:85} INFO - Job 542: Subtask get_name
[2023-05-25T06:53:54.123+0000] {task_command.py:410} INFO - Running <TaskInstance: dag_with_taskflow_api_v02.get_name scheduled__2022-04-24T00:00:00+00:00 [running]> on host 6bd07c7477d9
[2023-05-25T06:53:55.395+0000] {taskinstance.py:1547} INFO - Exporting env vars: AIRFLOW_CTX_DAG_OWNER='Sai' AIRFLOW_CTX_DAG_ID='dag_with_taskflow_api_v02' AIRFLOW_CTX_TASK_ID='get_name' AIRFLOW_CTX_EXECUTION_DATE='2022-04-24T00:00:00+00:00' AIRFLOW_CTX_TRY_NUMBER='1' AIRFLOW_CTX_DAG_RUN_ID='scheduled__2022-04-24T00:00:00+00:00'
[2023-05-25T06:53:55.396+0000] {python.py:183} INFO - Done. Returned value was: {'first_name': 'Sai', 'last_name': 'Tr'}
[2023-05-25T06:53:55.663+0000] {taskinstance.py:1350} INFO - Marking task as SUCCESS. dag_id=dag_with_taskflow_api_v02, task_id=get_name, execution_date=20220424T000000, start_date=20230525T065352, end_date=20230525T065355
[2023-05-25T06:53:55.779+0000] {local_task_job_runner.py:225} INFO - Task exited with return code 0
[2023-05-25T06:53:55.948+0000] {taskinstance.py:2651} INFO - 1 downstream tasks scheduled from follow-on schedule check
[2023-05-25T10:25:16.238+0000] {taskinstance.py:1103} INFO - Dependencies all met for dep_context=non-requeueable deps ti=<TaskInstance: dag_with_taskflow_api_v02.get_name scheduled__2022-04-24T00:00:00+00:00 [queued]>
[2023-05-25T10:25:16.322+0000] {taskinstance.py:1103} INFO - Dependencies all met for dep_context=requeueable deps ti=<TaskInstance: dag_with_taskflow_api_v02.get_name scheduled__2022-04-24T00:00:00+00:00 [queued]>
[2023-05-25T10:25:16.336+0000] {taskinstance.py:1308} INFO - Starting attempt 1 of 6
[2023-05-25T10:25:16.511+0000] {taskinstance.py:1327} INFO - Executing <Task(_PythonDecoratedOperator): get_name> on 2022-04-24 00:00:00+00:00
[2023-05-25T10:25:16.556+0000] {standard_task_runner.py:57} INFO - Started process 2535 to run task
[2023-05-25T10:25:16.573+0000] {standard_task_runner.py:84} INFO - Running: ['***', 'tasks', 'run', 'dag_with_taskflow_api_v02', 'get_name', 'scheduled__2022-04-24T00:00:00+00:00', '--job-id', '558', '--raw', '--subdir', 'DAGS_FOLDER/first_dag.py', '--cfg-path', '/tmp/tmp7_3tfim7']
[2023-05-25T10:25:16.588+0000] {standard_task_runner.py:85} INFO - Job 558: Subtask get_name
[2023-05-25T10:25:16.887+0000] {task_command.py:410} INFO - Running <TaskInstance: dag_with_taskflow_api_v02.get_name scheduled__2022-04-24T00:00:00+00:00 [running]> on host b1ae37a9584e
[2023-05-25T10:25:18.141+0000] {taskinstance.py:1547} INFO - Exporting env vars: AIRFLOW_CTX_DAG_OWNER='Sai' AIRFLOW_CTX_DAG_ID='dag_with_taskflow_api_v02' AIRFLOW_CTX_TASK_ID='get_name' AIRFLOW_CTX_EXECUTION_DATE='2022-04-24T00:00:00+00:00' AIRFLOW_CTX_TRY_NUMBER='1' AIRFLOW_CTX_DAG_RUN_ID='scheduled__2022-04-24T00:00:00+00:00'
[2023-05-25T10:25:18.142+0000] {python.py:183} INFO - Done. Returned value was: {'first_name': 'Sai', 'last_name': 'Tr'}
[2023-05-25T10:25:18.629+0000] {taskinstance.py:1350} INFO - Marking task as SUCCESS. dag_id=dag_with_taskflow_api_v02, task_id=get_name, execution_date=20220424T000000, start_date=20230525T102516, end_date=20230525T102518
[2023-05-25T10:25:18.896+0000] {local_task_job_runner.py:225} INFO - Task exited with return code 0
[2023-05-25T10:25:19.355+0000] {taskinstance.py:2651} INFO - 1 downstream tasks scheduled from follow-on schedule check
