[2023-05-24T15:25:07.667+0000] {taskinstance.py:1103} INFO - Dependencies all met for dep_context=non-requeueable deps ti=<TaskInstance: dag_with_taskflow_api_v02.get_age scheduled__2022-09-11T00:00:00+00:00 [queued]>
[2023-05-24T15:25:07.749+0000] {taskinstance.py:1103} INFO - Dependencies all met for dep_context=requeueable deps ti=<TaskInstance: dag_with_taskflow_api_v02.get_age scheduled__2022-09-11T00:00:00+00:00 [queued]>
[2023-05-24T15:25:07.750+0000] {taskinstance.py:1308} INFO - Starting attempt 1 of 6
[2023-05-24T15:25:07.895+0000] {taskinstance.py:1327} INFO - Executing <Task(_PythonDecoratedOperator): get_age> on 2022-09-11 00:00:00+00:00
[2023-05-24T15:25:07.908+0000] {standard_task_runner.py:57} INFO - Started process 2348 to run task
[2023-05-24T15:25:07.993+0000] {standard_task_runner.py:84} INFO - Running: ['***', 'tasks', 'run', 'dag_with_taskflow_api_v02', 'get_age', 'scheduled__2022-09-11T00:00:00+00:00', '--job-id', '960', '--raw', '--subdir', 'DAGS_FOLDER/first_dag.py', '--cfg-path', '/tmp/tmpu0v6kzh5']
[2023-05-24T15:25:08.024+0000] {standard_task_runner.py:85} INFO - Job 960: Subtask get_age
[2023-05-24T15:25:08.481+0000] {task_command.py:410} INFO - Running <TaskInstance: dag_with_taskflow_api_v02.get_age scheduled__2022-09-11T00:00:00+00:00 [running]> on host 942de29f183d
[2023-05-24T15:25:09.150+0000] {taskinstance.py:1547} INFO - Exporting env vars: AIRFLOW_CTX_DAG_OWNER='Sai' AIRFLOW_CTX_DAG_ID='dag_with_taskflow_api_v02' AIRFLOW_CTX_TASK_ID='get_age' AIRFLOW_CTX_EXECUTION_DATE='2022-09-11T00:00:00+00:00' AIRFLOW_CTX_TRY_NUMBER='1' AIRFLOW_CTX_DAG_RUN_ID='scheduled__2022-09-11T00:00:00+00:00'
[2023-05-24T15:25:09.151+0000] {python.py:183} INFO - Done. Returned value was: 19
[2023-05-24T15:25:09.292+0000] {taskinstance.py:1350} INFO - Marking task as SUCCESS. dag_id=dag_with_taskflow_api_v02, task_id=get_age, execution_date=20220911T000000, start_date=20230524T152507, end_date=20230524T152509
[2023-05-24T15:25:09.425+0000] {local_task_job_runner.py:225} INFO - Task exited with return code 0
[2023-05-24T15:25:09.683+0000] {taskinstance.py:2651} INFO - 0 downstream tasks scheduled from follow-on schedule check
[2023-05-25T06:57:41.846+0000] {taskinstance.py:1103} INFO - Dependencies all met for dep_context=non-requeueable deps ti=<TaskInstance: dag_with_taskflow_api_v02.get_age scheduled__2022-09-11T00:00:00+00:00 [queued]>
[2023-05-25T06:57:41.986+0000] {taskinstance.py:1103} INFO - Dependencies all met for dep_context=requeueable deps ti=<TaskInstance: dag_with_taskflow_api_v02.get_age scheduled__2022-09-11T00:00:00+00:00 [queued]>
[2023-05-25T06:57:41.986+0000] {taskinstance.py:1308} INFO - Starting attempt 1 of 6
[2023-05-25T06:57:42.181+0000] {taskinstance.py:1327} INFO - Executing <Task(_PythonDecoratedOperator): get_age> on 2022-09-11 00:00:00+00:00
[2023-05-25T06:57:42.219+0000] {standard_task_runner.py:57} INFO - Started process 3865 to run task
[2023-05-25T06:57:42.260+0000] {standard_task_runner.py:84} INFO - Running: ['***', 'tasks', 'run', 'dag_with_taskflow_api_v02', 'get_age', 'scheduled__2022-09-11T00:00:00+00:00', '--job-id', '960', '--raw', '--subdir', 'DAGS_FOLDER/first_dag.py', '--cfg-path', '/tmp/tmpe98h6u95']
[2023-05-25T06:57:42.276+0000] {standard_task_runner.py:85} INFO - Job 960: Subtask get_age
[2023-05-25T06:57:42.567+0000] {task_command.py:410} INFO - Running <TaskInstance: dag_with_taskflow_api_v02.get_age scheduled__2022-09-11T00:00:00+00:00 [running]> on host 6bd07c7477d9
[2023-05-25T06:57:43.320+0000] {taskinstance.py:1547} INFO - Exporting env vars: AIRFLOW_CTX_DAG_OWNER='Sai' AIRFLOW_CTX_DAG_ID='dag_with_taskflow_api_v02' AIRFLOW_CTX_TASK_ID='get_age' AIRFLOW_CTX_EXECUTION_DATE='2022-09-11T00:00:00+00:00' AIRFLOW_CTX_TRY_NUMBER='1' AIRFLOW_CTX_DAG_RUN_ID='scheduled__2022-09-11T00:00:00+00:00'
[2023-05-25T06:57:43.321+0000] {python.py:183} INFO - Done. Returned value was: 19
[2023-05-25T06:57:43.445+0000] {taskinstance.py:1350} INFO - Marking task as SUCCESS. dag_id=dag_with_taskflow_api_v02, task_id=get_age, execution_date=20220911T000000, start_date=20230525T065741, end_date=20230525T065743
[2023-05-25T06:57:43.515+0000] {local_task_job_runner.py:225} INFO - Task exited with return code 0
[2023-05-25T06:57:43.607+0000] {taskinstance.py:2651} INFO - 0 downstream tasks scheduled from follow-on schedule check
[2023-05-25T10:31:04.067+0000] {taskinstance.py:1103} INFO - Dependencies all met for dep_context=non-requeueable deps ti=<TaskInstance: dag_with_taskflow_api_v02.get_age scheduled__2022-09-11T00:00:00+00:00 [queued]>
[2023-05-25T10:31:04.150+0000] {taskinstance.py:1103} INFO - Dependencies all met for dep_context=requeueable deps ti=<TaskInstance: dag_with_taskflow_api_v02.get_age scheduled__2022-09-11T00:00:00+00:00 [queued]>
[2023-05-25T10:31:04.151+0000] {taskinstance.py:1308} INFO - Starting attempt 1 of 6
[2023-05-25T10:31:04.448+0000] {taskinstance.py:1327} INFO - Executing <Task(_PythonDecoratedOperator): get_age> on 2022-09-11 00:00:00+00:00
[2023-05-25T10:31:04.525+0000] {standard_task_runner.py:57} INFO - Started process 3491 to run task
[2023-05-25T10:31:04.530+0000] {standard_task_runner.py:84} INFO - Running: ['***', 'tasks', 'run', 'dag_with_taskflow_api_v02', 'get_age', 'scheduled__2022-09-11T00:00:00+00:00', '--job-id', '970', '--raw', '--subdir', 'DAGS_FOLDER/first_dag.py', '--cfg-path', '/tmp/tmpufxlsuve']
[2023-05-25T10:31:04.595+0000] {standard_task_runner.py:85} INFO - Job 970: Subtask get_age
[2023-05-25T10:31:05.107+0000] {task_command.py:410} INFO - Running <TaskInstance: dag_with_taskflow_api_v02.get_age scheduled__2022-09-11T00:00:00+00:00 [running]> on host b1ae37a9584e
[2023-05-25T10:31:06.307+0000] {taskinstance.py:1547} INFO - Exporting env vars: AIRFLOW_CTX_DAG_OWNER='Sai' AIRFLOW_CTX_DAG_ID='dag_with_taskflow_api_v02' AIRFLOW_CTX_TASK_ID='get_age' AIRFLOW_CTX_EXECUTION_DATE='2022-09-11T00:00:00+00:00' AIRFLOW_CTX_TRY_NUMBER='1' AIRFLOW_CTX_DAG_RUN_ID='scheduled__2022-09-11T00:00:00+00:00'
[2023-05-25T10:31:06.308+0000] {python.py:183} INFO - Done. Returned value was: 19
[2023-05-25T10:31:06.474+0000] {taskinstance.py:1350} INFO - Marking task as SUCCESS. dag_id=dag_with_taskflow_api_v02, task_id=get_age, execution_date=20220911T000000, start_date=20230525T103104, end_date=20230525T103106
[2023-05-25T10:31:06.655+0000] {local_task_job_runner.py:225} INFO - Task exited with return code 0
[2023-05-25T10:31:07.137+0000] {taskinstance.py:2651} INFO - 0 downstream tasks scheduled from follow-on schedule check
