[2023-05-24T15:25:18.747+0000] {taskinstance.py:1103} INFO - Dependencies all met for dep_context=non-requeueable deps ti=<TaskInstance: dag_with_taskflow_api_v02.get_age scheduled__2022-09-19T00:00:00+00:00 [queued]>
[2023-05-24T15:25:18.800+0000] {taskinstance.py:1103} INFO - Dependencies all met for dep_context=requeueable deps ti=<TaskInstance: dag_with_taskflow_api_v02.get_age scheduled__2022-09-19T00:00:00+00:00 [queued]>
[2023-05-24T15:25:18.800+0000] {taskinstance.py:1308} INFO - Starting attempt 1 of 6
[2023-05-24T15:25:19.012+0000] {taskinstance.py:1327} INFO - Executing <Task(_PythonDecoratedOperator): get_age> on 2022-09-19 00:00:00+00:00
[2023-05-24T15:25:19.029+0000] {standard_task_runner.py:57} INFO - Started process 2398 to run task
[2023-05-24T15:25:19.062+0000] {standard_task_runner.py:84} INFO - Running: ['***', 'tasks', 'run', 'dag_with_taskflow_api_v02', 'get_age', 'scheduled__2022-09-19T00:00:00+00:00', '--job-id', '983', '--raw', '--subdir', 'DAGS_FOLDER/first_dag.py', '--cfg-path', '/tmp/tmpm4c7f2y_']
[2023-05-24T15:25:19.065+0000] {standard_task_runner.py:85} INFO - Job 983: Subtask get_age
[2023-05-24T15:25:19.362+0000] {task_command.py:410} INFO - Running <TaskInstance: dag_with_taskflow_api_v02.get_age scheduled__2022-09-19T00:00:00+00:00 [running]> on host 942de29f183d
[2023-05-24T15:25:20.031+0000] {taskinstance.py:1547} INFO - Exporting env vars: AIRFLOW_CTX_DAG_OWNER='Sai' AIRFLOW_CTX_DAG_ID='dag_with_taskflow_api_v02' AIRFLOW_CTX_TASK_ID='get_age' AIRFLOW_CTX_EXECUTION_DATE='2022-09-19T00:00:00+00:00' AIRFLOW_CTX_TRY_NUMBER='1' AIRFLOW_CTX_DAG_RUN_ID='scheduled__2022-09-19T00:00:00+00:00'
[2023-05-24T15:25:20.032+0000] {python.py:183} INFO - Done. Returned value was: 19
[2023-05-24T15:25:20.261+0000] {taskinstance.py:1350} INFO - Marking task as SUCCESS. dag_id=dag_with_taskflow_api_v02, task_id=get_age, execution_date=20220919T000000, start_date=20230524T152518, end_date=20230524T152520
[2023-05-24T15:25:21.060+0000] {local_task_job_runner.py:225} INFO - Task exited with return code 0
[2023-05-24T15:25:21.121+0000] {taskinstance.py:2651} INFO - 1 downstream tasks scheduled from follow-on schedule check
[2023-05-25T06:57:58.305+0000] {taskinstance.py:1103} INFO - Dependencies all met for dep_context=non-requeueable deps ti=<TaskInstance: dag_with_taskflow_api_v02.get_age scheduled__2022-09-19T00:00:00+00:00 [queued]>
[2023-05-25T06:57:58.403+0000] {taskinstance.py:1103} INFO - Dependencies all met for dep_context=requeueable deps ti=<TaskInstance: dag_with_taskflow_api_v02.get_age scheduled__2022-09-19T00:00:00+00:00 [queued]>
[2023-05-25T06:57:58.404+0000] {taskinstance.py:1308} INFO - Starting attempt 1 of 6
[2023-05-25T06:57:59.083+0000] {taskinstance.py:1327} INFO - Executing <Task(_PythonDecoratedOperator): get_age> on 2022-09-19 00:00:00+00:00
[2023-05-25T06:57:59.132+0000] {standard_task_runner.py:57} INFO - Started process 3929 to run task
[2023-05-25T06:57:59.143+0000] {standard_task_runner.py:84} INFO - Running: ['***', 'tasks', 'run', 'dag_with_taskflow_api_v02', 'get_age', 'scheduled__2022-09-19T00:00:00+00:00', '--job-id', '990', '--raw', '--subdir', 'DAGS_FOLDER/first_dag.py', '--cfg-path', '/tmp/tmplqlaw1lu']
[2023-05-25T06:57:59.185+0000] {standard_task_runner.py:85} INFO - Job 990: Subtask get_age
[2023-05-25T06:57:59.641+0000] {task_command.py:410} INFO - Running <TaskInstance: dag_with_taskflow_api_v02.get_age scheduled__2022-09-19T00:00:00+00:00 [running]> on host 6bd07c7477d9
[2023-05-25T06:58:00.690+0000] {taskinstance.py:1547} INFO - Exporting env vars: AIRFLOW_CTX_DAG_OWNER='Sai' AIRFLOW_CTX_DAG_ID='dag_with_taskflow_api_v02' AIRFLOW_CTX_TASK_ID='get_age' AIRFLOW_CTX_EXECUTION_DATE='2022-09-19T00:00:00+00:00' AIRFLOW_CTX_TRY_NUMBER='1' AIRFLOW_CTX_DAG_RUN_ID='scheduled__2022-09-19T00:00:00+00:00'
[2023-05-25T06:58:00.691+0000] {python.py:183} INFO - Done. Returned value was: 19
[2023-05-25T06:58:00.859+0000] {taskinstance.py:1350} INFO - Marking task as SUCCESS. dag_id=dag_with_taskflow_api_v02, task_id=get_age, execution_date=20220919T000000, start_date=20230525T065758, end_date=20230525T065800
[2023-05-25T06:58:00.947+0000] {local_task_job_runner.py:225} INFO - Task exited with return code 0
[2023-05-25T06:58:01.504+0000] {taskinstance.py:2651} INFO - 0 downstream tasks scheduled from follow-on schedule check
[2023-05-25T10:31:29.226+0000] {taskinstance.py:1103} INFO - Dependencies all met for dep_context=non-requeueable deps ti=<TaskInstance: dag_with_taskflow_api_v02.get_age scheduled__2022-09-19T00:00:00+00:00 [queued]>
[2023-05-25T10:31:29.276+0000] {taskinstance.py:1103} INFO - Dependencies all met for dep_context=requeueable deps ti=<TaskInstance: dag_with_taskflow_api_v02.get_age scheduled__2022-09-19T00:00:00+00:00 [queued]>
[2023-05-25T10:31:29.276+0000] {taskinstance.py:1308} INFO - Starting attempt 1 of 6
[2023-05-25T10:31:29.767+0000] {taskinstance.py:1327} INFO - Executing <Task(_PythonDecoratedOperator): get_age> on 2022-09-19 00:00:00+00:00
[2023-05-25T10:31:29.789+0000] {standard_task_runner.py:57} INFO - Started process 3564 to run task
[2023-05-25T10:31:29.821+0000] {standard_task_runner.py:84} INFO - Running: ['***', 'tasks', 'run', 'dag_with_taskflow_api_v02', 'get_age', 'scheduled__2022-09-19T00:00:00+00:00', '--job-id', '1004', '--raw', '--subdir', 'DAGS_FOLDER/first_dag.py', '--cfg-path', '/tmp/tmpezp96ups']
[2023-05-25T10:31:29.838+0000] {standard_task_runner.py:85} INFO - Job 1004: Subtask get_age
[2023-05-25T10:31:30.280+0000] {task_command.py:410} INFO - Running <TaskInstance: dag_with_taskflow_api_v02.get_age scheduled__2022-09-19T00:00:00+00:00 [running]> on host b1ae37a9584e
[2023-05-25T10:31:31.473+0000] {taskinstance.py:1547} INFO - Exporting env vars: AIRFLOW_CTX_DAG_OWNER='Sai' AIRFLOW_CTX_DAG_ID='dag_with_taskflow_api_v02' AIRFLOW_CTX_TASK_ID='get_age' AIRFLOW_CTX_EXECUTION_DATE='2022-09-19T00:00:00+00:00' AIRFLOW_CTX_TRY_NUMBER='1' AIRFLOW_CTX_DAG_RUN_ID='scheduled__2022-09-19T00:00:00+00:00'
[2023-05-25T10:31:31.474+0000] {python.py:183} INFO - Done. Returned value was: 19
[2023-05-25T10:31:31.714+0000] {taskinstance.py:1350} INFO - Marking task as SUCCESS. dag_id=dag_with_taskflow_api_v02, task_id=get_age, execution_date=20220919T000000, start_date=20230525T103129, end_date=20230525T103131
[2023-05-25T10:31:32.099+0000] {local_task_job_runner.py:225} INFO - Task exited with return code 0
[2023-05-25T10:31:32.226+0000] {taskinstance.py:2651} INFO - 1 downstream tasks scheduled from follow-on schedule check
