[2023-05-24T15:26:54.024+0000] {taskinstance.py:1103} INFO - Dependencies all met for dep_context=non-requeueable deps ti=<TaskInstance: dag_with_taskflow_api_v02.greet scheduled__2022-11-08T00:00:00+00:00 [queued]>
[2023-05-24T15:26:54.109+0000] {taskinstance.py:1103} INFO - Dependencies all met for dep_context=requeueable deps ti=<TaskInstance: dag_with_taskflow_api_v02.greet scheduled__2022-11-08T00:00:00+00:00 [queued]>
[2023-05-24T15:26:54.121+0000] {taskinstance.py:1308} INFO - Starting attempt 1 of 6
[2023-05-24T15:26:54.544+0000] {taskinstance.py:1327} INFO - Executing <Task(_PythonDecoratedOperator): greet> on 2022-11-08 00:00:00+00:00
[2023-05-24T15:26:54.569+0000] {standard_task_runner.py:57} INFO - Started process 2784 to run task
[2023-05-24T15:26:54.619+0000] {standard_task_runner.py:84} INFO - Running: ['***', 'tasks', 'run', 'dag_with_taskflow_api_v02', 'greet', 'scheduled__2022-11-08T00:00:00+00:00', '--job-id', '1159', '--raw', '--subdir', 'DAGS_FOLDER/first_dag.py', '--cfg-path', '/tmp/tmpolognla9']
[2023-05-24T15:26:54.622+0000] {standard_task_runner.py:85} INFO - Job 1159: Subtask greet
[2023-05-24T15:26:55.022+0000] {task_command.py:410} INFO - Running <TaskInstance: dag_with_taskflow_api_v02.greet scheduled__2022-11-08T00:00:00+00:00 [running]> on host 942de29f183d
[2023-05-24T15:26:55.597+0000] {taskinstance.py:1547} INFO - Exporting env vars: AIRFLOW_CTX_DAG_OWNER='Sai' AIRFLOW_CTX_DAG_ID='dag_with_taskflow_api_v02' AIRFLOW_CTX_TASK_ID='greet' AIRFLOW_CTX_EXECUTION_DATE='2022-11-08T00:00:00+00:00' AIRFLOW_CTX_TRY_NUMBER='1' AIRFLOW_CTX_DAG_RUN_ID='scheduled__2022-11-08T00:00:00+00:00'
[2023-05-24T15:26:55.598+0000] {logging_mixin.py:149} INFO - Hello World! My name is Sai Tr and I am 19 years old!
[2023-05-24T15:26:55.599+0000] {python.py:183} INFO - Done. Returned value was: None
[2023-05-24T15:26:55.640+0000] {taskinstance.py:1350} INFO - Marking task as SUCCESS. dag_id=dag_with_taskflow_api_v02, task_id=greet, execution_date=20221108T000000, start_date=20230524T152654, end_date=20230524T152655
[2023-05-24T15:26:55.755+0000] {local_task_job_runner.py:225} INFO - Task exited with return code 0
[2023-05-24T15:26:55.900+0000] {taskinstance.py:2651} INFO - 0 downstream tasks scheduled from follow-on schedule check
[2023-05-25T06:59:26.555+0000] {taskinstance.py:1103} INFO - Dependencies all met for dep_context=non-requeueable deps ti=<TaskInstance: dag_with_taskflow_api_v02.greet scheduled__2022-11-08T00:00:00+00:00 [queued]>
[2023-05-25T06:59:26.644+0000] {taskinstance.py:1103} INFO - Dependencies all met for dep_context=requeueable deps ti=<TaskInstance: dag_with_taskflow_api_v02.greet scheduled__2022-11-08T00:00:00+00:00 [queued]>
[2023-05-25T06:59:26.644+0000] {taskinstance.py:1308} INFO - Starting attempt 1 of 6
[2023-05-25T06:59:26.744+0000] {taskinstance.py:1327} INFO - Executing <Task(_PythonDecoratedOperator): greet> on 2022-11-08 00:00:00+00:00
[2023-05-25T06:59:26.761+0000] {standard_task_runner.py:57} INFO - Started process 4287 to run task
[2023-05-25T06:59:26.786+0000] {standard_task_runner.py:84} INFO - Running: ['***', 'tasks', 'run', 'dag_with_taskflow_api_v02', 'greet', 'scheduled__2022-11-08T00:00:00+00:00', '--job-id', '1153', '--raw', '--subdir', 'DAGS_FOLDER/first_dag.py', '--cfg-path', '/tmp/tmpxsvgabus']
[2023-05-25T06:59:26.788+0000] {standard_task_runner.py:85} INFO - Job 1153: Subtask greet
[2023-05-25T06:59:27.041+0000] {task_command.py:410} INFO - Running <TaskInstance: dag_with_taskflow_api_v02.greet scheduled__2022-11-08T00:00:00+00:00 [running]> on host 6bd07c7477d9
[2023-05-25T06:59:27.810+0000] {taskinstance.py:1547} INFO - Exporting env vars: AIRFLOW_CTX_DAG_OWNER='Sai' AIRFLOW_CTX_DAG_ID='dag_with_taskflow_api_v02' AIRFLOW_CTX_TASK_ID='greet' AIRFLOW_CTX_EXECUTION_DATE='2022-11-08T00:00:00+00:00' AIRFLOW_CTX_TRY_NUMBER='1' AIRFLOW_CTX_DAG_RUN_ID='scheduled__2022-11-08T00:00:00+00:00'
[2023-05-25T06:59:27.811+0000] {logging_mixin.py:149} INFO - Hello World! My name is Sai Tr and I am 19 years old!
[2023-05-25T06:59:27.811+0000] {python.py:183} INFO - Done. Returned value was: None
[2023-05-25T06:59:27.877+0000] {taskinstance.py:1350} INFO - Marking task as SUCCESS. dag_id=dag_with_taskflow_api_v02, task_id=greet, execution_date=20221108T000000, start_date=20230525T065926, end_date=20230525T065927
[2023-05-25T06:59:28.006+0000] {local_task_job_runner.py:225} INFO - Task exited with return code 0
[2023-05-25T06:59:28.108+0000] {taskinstance.py:2651} INFO - 0 downstream tasks scheduled from follow-on schedule check
[2023-05-25T10:33:14.701+0000] {taskinstance.py:1103} INFO - Dependencies all met for dep_context=non-requeueable deps ti=<TaskInstance: dag_with_taskflow_api_v02.greet scheduled__2022-11-08T00:00:00+00:00 [queued]>
[2023-05-25T10:33:14.859+0000] {taskinstance.py:1103} INFO - Dependencies all met for dep_context=requeueable deps ti=<TaskInstance: dag_with_taskflow_api_v02.greet scheduled__2022-11-08T00:00:00+00:00 [queued]>
[2023-05-25T10:33:14.860+0000] {taskinstance.py:1308} INFO - Starting attempt 1 of 6
[2023-05-25T10:33:14.993+0000] {taskinstance.py:1327} INFO - Executing <Task(_PythonDecoratedOperator): greet> on 2022-11-08 00:00:00+00:00
[2023-05-25T10:33:15.002+0000] {standard_task_runner.py:57} INFO - Started process 3934 to run task
[2023-05-25T10:33:15.025+0000] {standard_task_runner.py:84} INFO - Running: ['***', 'tasks', 'run', 'dag_with_taskflow_api_v02', 'greet', 'scheduled__2022-11-08T00:00:00+00:00', '--job-id', '1173', '--raw', '--subdir', 'DAGS_FOLDER/first_dag.py', '--cfg-path', '/tmp/tmp4ub67sps']
[2023-05-25T10:33:15.044+0000] {standard_task_runner.py:85} INFO - Job 1173: Subtask greet
[2023-05-25T10:33:15.444+0000] {task_command.py:410} INFO - Running <TaskInstance: dag_with_taskflow_api_v02.greet scheduled__2022-11-08T00:00:00+00:00 [running]> on host b1ae37a9584e
[2023-05-25T10:33:16.631+0000] {taskinstance.py:1547} INFO - Exporting env vars: AIRFLOW_CTX_DAG_OWNER='Sai' AIRFLOW_CTX_DAG_ID='dag_with_taskflow_api_v02' AIRFLOW_CTX_TASK_ID='greet' AIRFLOW_CTX_EXECUTION_DATE='2022-11-08T00:00:00+00:00' AIRFLOW_CTX_TRY_NUMBER='1' AIRFLOW_CTX_DAG_RUN_ID='scheduled__2022-11-08T00:00:00+00:00'
[2023-05-25T10:33:16.633+0000] {logging_mixin.py:149} INFO - Hello World! My name is Sai Tr and I am 19 years old!
[2023-05-25T10:33:16.633+0000] {python.py:183} INFO - Done. Returned value was: None
[2023-05-25T10:33:16.721+0000] {taskinstance.py:1350} INFO - Marking task as SUCCESS. dag_id=dag_with_taskflow_api_v02, task_id=greet, execution_date=20221108T000000, start_date=20230525T103314, end_date=20230525T103316
[2023-05-25T10:33:16.883+0000] {local_task_job_runner.py:225} INFO - Task exited with return code 0
[2023-05-25T10:33:17.086+0000] {taskinstance.py:2651} INFO - 0 downstream tasks scheduled from follow-on schedule check
