[2023-05-24T15:17:35.232+0000] {taskinstance.py:1103} INFO - Dependencies all met for dep_context=non-requeueable deps ti=<TaskInstance: dag_with_taskflow_api_v02.greet scheduled__2022-01-06T00:00:00+00:00 [queued]>
[2023-05-24T15:17:35.557+0000] {taskinstance.py:1103} INFO - Dependencies all met for dep_context=requeueable deps ti=<TaskInstance: dag_with_taskflow_api_v02.greet scheduled__2022-01-06T00:00:00+00:00 [queued]>
[2023-05-24T15:17:35.581+0000] {taskinstance.py:1308} INFO - Starting attempt 1 of 6
[2023-05-24T15:17:36.259+0000] {taskinstance.py:1327} INFO - Executing <Task(_PythonDecoratedOperator): greet> on 2022-01-06 00:00:00+00:00
[2023-05-24T15:17:36.359+0000] {standard_task_runner.py:57} INFO - Started process 730 to run task
[2023-05-24T15:17:36.465+0000] {standard_task_runner.py:84} INFO - Running: ['***', 'tasks', 'run', 'dag_with_taskflow_api_v02', 'greet', 'scheduled__2022-01-06T00:00:00+00:00', '--job-id', '239', '--raw', '--subdir', 'DAGS_FOLDER/first_dag.py', '--cfg-path', '/tmp/tmpxxouwt6l']
[2023-05-24T15:17:36.518+0000] {standard_task_runner.py:85} INFO - Job 239: Subtask greet
[2023-05-24T15:17:37.330+0000] {task_command.py:410} INFO - Running <TaskInstance: dag_with_taskflow_api_v02.greet scheduled__2022-01-06T00:00:00+00:00 [running]> on host 942de29f183d
[2023-05-24T15:17:38.698+0000] {taskinstance.py:1547} INFO - Exporting env vars: AIRFLOW_CTX_DAG_OWNER='Sai' AIRFLOW_CTX_DAG_ID='dag_with_taskflow_api_v02' AIRFLOW_CTX_TASK_ID='greet' AIRFLOW_CTX_EXECUTION_DATE='2022-01-06T00:00:00+00:00' AIRFLOW_CTX_TRY_NUMBER='1' AIRFLOW_CTX_DAG_RUN_ID='scheduled__2022-01-06T00:00:00+00:00'
[2023-05-24T15:17:38.700+0000] {logging_mixin.py:149} INFO - Hello World! My name is Sai Tr and I am 19 years old!
[2023-05-24T15:17:38.702+0000] {python.py:183} INFO - Done. Returned value was: None
[2023-05-24T15:17:38.774+0000] {taskinstance.py:1350} INFO - Marking task as SUCCESS. dag_id=dag_with_taskflow_api_v02, task_id=greet, execution_date=20220106T000000, start_date=20230524T151735, end_date=20230524T151738
[2023-05-24T15:17:38.942+0000] {local_task_job_runner.py:225} INFO - Task exited with return code 0
[2023-05-24T15:17:39.178+0000] {taskinstance.py:2651} INFO - 0 downstream tasks scheduled from follow-on schedule check
[2023-05-25T06:51:02.485+0000] {taskinstance.py:1103} INFO - Dependencies all met for dep_context=non-requeueable deps ti=<TaskInstance: dag_with_taskflow_api_v02.greet scheduled__2022-01-06T00:00:00+00:00 [queued]>
[2023-05-25T06:51:02.533+0000] {taskinstance.py:1103} INFO - Dependencies all met for dep_context=requeueable deps ti=<TaskInstance: dag_with_taskflow_api_v02.greet scheduled__2022-01-06T00:00:00+00:00 [queued]>
[2023-05-25T06:51:02.533+0000] {taskinstance.py:1308} INFO - Starting attempt 1 of 6
[2023-05-25T06:51:02.645+0000] {taskinstance.py:1327} INFO - Executing <Task(_PythonDecoratedOperator): greet> on 2022-01-06 00:00:00+00:00
[2023-05-25T06:51:02.657+0000] {standard_task_runner.py:57} INFO - Started process 2233 to run task
[2023-05-25T06:51:02.687+0000] {standard_task_runner.py:84} INFO - Running: ['***', 'tasks', 'run', 'dag_with_taskflow_api_v02', 'greet', 'scheduled__2022-01-06T00:00:00+00:00', '--job-id', '230', '--raw', '--subdir', 'DAGS_FOLDER/first_dag.py', '--cfg-path', '/tmp/tmpo0hhp86n']
[2023-05-25T06:51:02.691+0000] {standard_task_runner.py:85} INFO - Job 230: Subtask greet
[2023-05-25T06:51:02.800+0000] {task_command.py:410} INFO - Running <TaskInstance: dag_with_taskflow_api_v02.greet scheduled__2022-01-06T00:00:00+00:00 [running]> on host 6bd07c7477d9
[2023-05-25T06:51:03.102+0000] {taskinstance.py:1547} INFO - Exporting env vars: AIRFLOW_CTX_DAG_OWNER='Sai' AIRFLOW_CTX_DAG_ID='dag_with_taskflow_api_v02' AIRFLOW_CTX_TASK_ID='greet' AIRFLOW_CTX_EXECUTION_DATE='2022-01-06T00:00:00+00:00' AIRFLOW_CTX_TRY_NUMBER='1' AIRFLOW_CTX_DAG_RUN_ID='scheduled__2022-01-06T00:00:00+00:00'
[2023-05-25T06:51:03.106+0000] {logging_mixin.py:149} INFO - Hello World! My name is Sai Tr and I am 19 years old!
[2023-05-25T06:51:03.107+0000] {python.py:183} INFO - Done. Returned value was: None
[2023-05-25T06:51:03.126+0000] {taskinstance.py:1350} INFO - Marking task as SUCCESS. dag_id=dag_with_taskflow_api_v02, task_id=greet, execution_date=20220106T000000, start_date=20230525T065102, end_date=20230525T065103
[2023-05-25T06:51:03.179+0000] {local_task_job_runner.py:225} INFO - Task exited with return code 0
[2023-05-25T06:51:03.232+0000] {taskinstance.py:2651} INFO - 0 downstream tasks scheduled from follow-on schedule check
[2023-05-25T10:21:23.906+0000] {taskinstance.py:1103} INFO - Dependencies all met for dep_context=non-requeueable deps ti=<TaskInstance: dag_with_taskflow_api_v02.greet scheduled__2022-01-06T00:00:00+00:00 [queued]>
[2023-05-25T10:21:23.924+0000] {taskinstance.py:1103} INFO - Dependencies all met for dep_context=requeueable deps ti=<TaskInstance: dag_with_taskflow_api_v02.greet scheduled__2022-01-06T00:00:00+00:00 [queued]>
[2023-05-25T10:21:23.925+0000] {taskinstance.py:1308} INFO - Starting attempt 1 of 6
[2023-05-25T10:21:23.961+0000] {taskinstance.py:1327} INFO - Executing <Task(_PythonDecoratedOperator): greet> on 2022-01-06 00:00:00+00:00
[2023-05-25T10:21:23.969+0000] {standard_task_runner.py:57} INFO - Started process 1748 to run task
[2023-05-25T10:21:23.977+0000] {standard_task_runner.py:84} INFO - Running: ['***', 'tasks', 'run', 'dag_with_taskflow_api_v02', 'greet', 'scheduled__2022-01-06T00:00:00+00:00', '--job-id', '218', '--raw', '--subdir', 'DAGS_FOLDER/first_dag.py', '--cfg-path', '/tmp/tmpbc5l0t7c']
[2023-05-25T10:21:23.980+0000] {standard_task_runner.py:85} INFO - Job 218: Subtask greet
[2023-05-25T10:21:24.072+0000] {task_command.py:410} INFO - Running <TaskInstance: dag_with_taskflow_api_v02.greet scheduled__2022-01-06T00:00:00+00:00 [running]> on host b1ae37a9584e
[2023-05-25T10:21:24.346+0000] {taskinstance.py:1547} INFO - Exporting env vars: AIRFLOW_CTX_DAG_OWNER='Sai' AIRFLOW_CTX_DAG_ID='dag_with_taskflow_api_v02' AIRFLOW_CTX_TASK_ID='greet' AIRFLOW_CTX_EXECUTION_DATE='2022-01-06T00:00:00+00:00' AIRFLOW_CTX_TRY_NUMBER='1' AIRFLOW_CTX_DAG_RUN_ID='scheduled__2022-01-06T00:00:00+00:00'
[2023-05-25T10:21:24.348+0000] {logging_mixin.py:149} INFO - Hello World! My name is Sai Tr and I am 19 years old!
[2023-05-25T10:21:24.348+0000] {python.py:183} INFO - Done. Returned value was: None
[2023-05-25T10:21:24.366+0000] {taskinstance.py:1350} INFO - Marking task as SUCCESS. dag_id=dag_with_taskflow_api_v02, task_id=greet, execution_date=20220106T000000, start_date=20230525T102123, end_date=20230525T102124
[2023-05-25T10:21:24.430+0000] {local_task_job_runner.py:225} INFO - Task exited with return code 0
[2023-05-25T10:21:24.469+0000] {taskinstance.py:2651} INFO - 0 downstream tasks scheduled from follow-on schedule check
