[2023-05-24T15:23:54.940+0000] {taskinstance.py:1103} INFO - Dependencies all met for dep_context=non-requeueable deps ti=<TaskInstance: dag_with_taskflow_api_v02.get_name scheduled__2022-07-28T00:00:00+00:00 [queued]>
[2023-05-24T15:23:55.106+0000] {taskinstance.py:1103} INFO - Dependencies all met for dep_context=requeueable deps ti=<TaskInstance: dag_with_taskflow_api_v02.get_name scheduled__2022-07-28T00:00:00+00:00 [queued]>
[2023-05-24T15:23:55.106+0000] {taskinstance.py:1308} INFO - Starting attempt 1 of 6
[2023-05-24T15:23:55.621+0000] {taskinstance.py:1327} INFO - Executing <Task(_PythonDecoratedOperator): get_name> on 2022-07-28 00:00:00+00:00
[2023-05-24T15:23:55.628+0000] {standard_task_runner.py:57} INFO - Started process 2061 to run task
[2023-05-24T15:23:55.681+0000] {standard_task_runner.py:84} INFO - Running: ['***', 'tasks', 'run', 'dag_with_taskflow_api_v02', 'get_name', 'scheduled__2022-07-28T00:00:00+00:00', '--job-id', '831', '--raw', '--subdir', 'DAGS_FOLDER/first_dag.py', '--cfg-path', '/tmp/tmpse6e6lwp']
[2023-05-24T15:23:55.693+0000] {standard_task_runner.py:85} INFO - Job 831: Subtask get_name
[2023-05-24T15:23:56.085+0000] {task_command.py:410} INFO - Running <TaskInstance: dag_with_taskflow_api_v02.get_name scheduled__2022-07-28T00:00:00+00:00 [running]> on host 942de29f183d
[2023-05-24T15:23:57.267+0000] {taskinstance.py:1547} INFO - Exporting env vars: AIRFLOW_CTX_DAG_OWNER='Sai' AIRFLOW_CTX_DAG_ID='dag_with_taskflow_api_v02' AIRFLOW_CTX_TASK_ID='get_name' AIRFLOW_CTX_EXECUTION_DATE='2022-07-28T00:00:00+00:00' AIRFLOW_CTX_TRY_NUMBER='1' AIRFLOW_CTX_DAG_RUN_ID='scheduled__2022-07-28T00:00:00+00:00'
[2023-05-24T15:23:57.270+0000] {python.py:183} INFO - Done. Returned value was: {'first_name': 'Sai', 'last_name': 'Tr'}
[2023-05-24T15:23:57.586+0000] {taskinstance.py:1350} INFO - Marking task as SUCCESS. dag_id=dag_with_taskflow_api_v02, task_id=get_name, execution_date=20220728T000000, start_date=20230524T152354, end_date=20230524T152357
[2023-05-24T15:23:57.733+0000] {local_task_job_runner.py:225} INFO - Task exited with return code 0
[2023-05-24T15:23:58.659+0000] {taskinstance.py:2651} INFO - 1 downstream tasks scheduled from follow-on schedule check
[2023-05-25T06:56:23.890+0000] {taskinstance.py:1103} INFO - Dependencies all met for dep_context=non-requeueable deps ti=<TaskInstance: dag_with_taskflow_api_v02.get_name scheduled__2022-07-28T00:00:00+00:00 [queued]>
[2023-05-25T06:56:24.010+0000] {taskinstance.py:1103} INFO - Dependencies all met for dep_context=requeueable deps ti=<TaskInstance: dag_with_taskflow_api_v02.get_name scheduled__2022-07-28T00:00:00+00:00 [queued]>
[2023-05-25T06:56:24.011+0000] {taskinstance.py:1308} INFO - Starting attempt 1 of 6
[2023-05-25T06:56:24.264+0000] {taskinstance.py:1327} INFO - Executing <Task(_PythonDecoratedOperator): get_name> on 2022-07-28 00:00:00+00:00
[2023-05-25T06:56:24.302+0000] {standard_task_runner.py:57} INFO - Started process 3560 to run task
[2023-05-25T06:56:24.312+0000] {standard_task_runner.py:84} INFO - Running: ['***', 'tasks', 'run', 'dag_with_taskflow_api_v02', 'get_name', 'scheduled__2022-07-28T00:00:00+00:00', '--job-id', '822', '--raw', '--subdir', 'DAGS_FOLDER/first_dag.py', '--cfg-path', '/tmp/tmp0gcnpcez']
[2023-05-25T06:56:24.329+0000] {standard_task_runner.py:85} INFO - Job 822: Subtask get_name
[2023-05-25T06:56:24.531+0000] {task_command.py:410} INFO - Running <TaskInstance: dag_with_taskflow_api_v02.get_name scheduled__2022-07-28T00:00:00+00:00 [running]> on host 6bd07c7477d9
[2023-05-25T06:56:25.045+0000] {taskinstance.py:1547} INFO - Exporting env vars: AIRFLOW_CTX_DAG_OWNER='Sai' AIRFLOW_CTX_DAG_ID='dag_with_taskflow_api_v02' AIRFLOW_CTX_TASK_ID='get_name' AIRFLOW_CTX_EXECUTION_DATE='2022-07-28T00:00:00+00:00' AIRFLOW_CTX_TRY_NUMBER='1' AIRFLOW_CTX_DAG_RUN_ID='scheduled__2022-07-28T00:00:00+00:00'
[2023-05-25T06:56:25.046+0000] {python.py:183} INFO - Done. Returned value was: {'first_name': 'Sai', 'last_name': 'Tr'}
[2023-05-25T06:56:25.475+0000] {taskinstance.py:1350} INFO - Marking task as SUCCESS. dag_id=dag_with_taskflow_api_v02, task_id=get_name, execution_date=20220728T000000, start_date=20230525T065623, end_date=20230525T065625
[2023-05-25T06:56:25.618+0000] {local_task_job_runner.py:225} INFO - Task exited with return code 0
[2023-05-25T06:56:25.903+0000] {taskinstance.py:2651} INFO - 0 downstream tasks scheduled from follow-on schedule check
[2023-05-25T10:28:16.786+0000] {taskinstance.py:1103} INFO - Dependencies all met for dep_context=non-requeueable deps ti=<TaskInstance: dag_with_taskflow_api_v02.get_name scheduled__2022-07-28T00:00:00+00:00 [queued]>
[2023-05-25T10:28:17.051+0000] {taskinstance.py:1103} INFO - Dependencies all met for dep_context=requeueable deps ti=<TaskInstance: dag_with_taskflow_api_v02.get_name scheduled__2022-07-28T00:00:00+00:00 [queued]>
[2023-05-25T10:28:17.052+0000] {taskinstance.py:1308} INFO - Starting attempt 1 of 6
[2023-05-25T10:28:17.522+0000] {taskinstance.py:1327} INFO - Executing <Task(_PythonDecoratedOperator): get_name> on 2022-07-28 00:00:00+00:00
[2023-05-25T10:28:17.678+0000] {standard_task_runner.py:57} INFO - Started process 3162 to run task
[2023-05-25T10:28:17.724+0000] {standard_task_runner.py:84} INFO - Running: ['***', 'tasks', 'run', 'dag_with_taskflow_api_v02', 'get_name', 'scheduled__2022-07-28T00:00:00+00:00', '--job-id', '837', '--raw', '--subdir', 'DAGS_FOLDER/first_dag.py', '--cfg-path', '/tmp/tmpzrnepekq']
[2023-05-25T10:28:17.787+0000] {standard_task_runner.py:85} INFO - Job 837: Subtask get_name
[2023-05-25T10:28:18.671+0000] {task_command.py:410} INFO - Running <TaskInstance: dag_with_taskflow_api_v02.get_name scheduled__2022-07-28T00:00:00+00:00 [running]> on host b1ae37a9584e
[2023-05-25T10:28:21.868+0000] {taskinstance.py:1547} INFO - Exporting env vars: AIRFLOW_CTX_DAG_OWNER='Sai' AIRFLOW_CTX_DAG_ID='dag_with_taskflow_api_v02' AIRFLOW_CTX_TASK_ID='get_name' AIRFLOW_CTX_EXECUTION_DATE='2022-07-28T00:00:00+00:00' AIRFLOW_CTX_TRY_NUMBER='1' AIRFLOW_CTX_DAG_RUN_ID='scheduled__2022-07-28T00:00:00+00:00'
[2023-05-25T10:28:21.871+0000] {python.py:183} INFO - Done. Returned value was: {'first_name': 'Sai', 'last_name': 'Tr'}
[2023-05-25T10:28:22.596+0000] {taskinstance.py:1350} INFO - Marking task as SUCCESS. dag_id=dag_with_taskflow_api_v02, task_id=get_name, execution_date=20220728T000000, start_date=20230525T102816, end_date=20230525T102822
[2023-05-25T10:28:23.082+0000] {local_task_job_runner.py:225} INFO - Task exited with return code 0
[2023-05-25T10:28:23.752+0000] {taskinstance.py:2651} INFO - 1 downstream tasks scheduled from follow-on schedule check
