[2023-05-24T15:15:31.268+0000] {taskinstance.py:1103} INFO - Dependencies all met for dep_context=non-requeueable deps ti=<TaskInstance: dag_with_taskflow_api_v02.greet scheduled__2021-11-02T00:00:00+00:00 [queued]>
[2023-05-24T15:15:31.292+0000] {taskinstance.py:1103} INFO - Dependencies all met for dep_context=requeueable deps ti=<TaskInstance: dag_with_taskflow_api_v02.greet scheduled__2021-11-02T00:00:00+00:00 [queued]>
[2023-05-24T15:15:31.292+0000] {taskinstance.py:1308} INFO - Starting attempt 1 of 6
[2023-05-24T15:15:31.381+0000] {taskinstance.py:1327} INFO - Executing <Task(_PythonDecoratedOperator): greet> on 2021-11-02 00:00:00+00:00
[2023-05-24T15:15:31.415+0000] {standard_task_runner.py:57} INFO - Started process 287 to run task
[2023-05-24T15:15:31.462+0000] {standard_task_runner.py:84} INFO - Running: ['***', 'tasks', 'run', 'dag_with_taskflow_api_v02', 'greet', 'scheduled__2021-11-02T00:00:00+00:00', '--job-id', '46', '--raw', '--subdir', 'DAGS_FOLDER/first_dag.py', '--cfg-path', '/tmp/tmpez5m1v0r']
[2023-05-24T15:15:31.465+0000] {standard_task_runner.py:85} INFO - Job 46: Subtask greet
[2023-05-24T15:15:31.774+0000] {task_command.py:410} INFO - Running <TaskInstance: dag_with_taskflow_api_v02.greet scheduled__2021-11-02T00:00:00+00:00 [running]> on host 942de29f183d
[2023-05-24T15:15:33.041+0000] {taskinstance.py:1547} INFO - Exporting env vars: AIRFLOW_CTX_DAG_OWNER='Sai' AIRFLOW_CTX_DAG_ID='dag_with_taskflow_api_v02' AIRFLOW_CTX_TASK_ID='greet' AIRFLOW_CTX_EXECUTION_DATE='2021-11-02T00:00:00+00:00' AIRFLOW_CTX_TRY_NUMBER='1' AIRFLOW_CTX_DAG_RUN_ID='scheduled__2021-11-02T00:00:00+00:00'
[2023-05-24T15:15:33.047+0000] {logging_mixin.py:149} INFO - Hello World! My name is Sai Tr and I am 19 years old!
[2023-05-24T15:15:33.047+0000] {python.py:183} INFO - Done. Returned value was: None
[2023-05-24T15:15:33.186+0000] {taskinstance.py:1350} INFO - Marking task as SUCCESS. dag_id=dag_with_taskflow_api_v02, task_id=greet, execution_date=20211102T000000, start_date=20230524T151531, end_date=20230524T151533
[2023-05-24T15:15:34.250+0000] {local_task_job_runner.py:225} INFO - Task exited with return code 0
[2023-05-24T15:15:34.481+0000] {taskinstance.py:2651} INFO - 0 downstream tasks scheduled from follow-on schedule check
[2023-05-25T06:49:19.973+0000] {taskinstance.py:1103} INFO - Dependencies all met for dep_context=non-requeueable deps ti=<TaskInstance: dag_with_taskflow_api_v02.greet scheduled__2021-11-02T00:00:00+00:00 [queued]>
[2023-05-25T06:49:20.075+0000] {taskinstance.py:1103} INFO - Dependencies all met for dep_context=requeueable deps ti=<TaskInstance: dag_with_taskflow_api_v02.greet scheduled__2021-11-02T00:00:00+00:00 [queued]>
[2023-05-25T06:49:20.076+0000] {taskinstance.py:1308} INFO - Starting attempt 1 of 6
[2023-05-25T06:49:20.354+0000] {taskinstance.py:1327} INFO - Executing <Task(_PythonDecoratedOperator): greet> on 2021-11-02 00:00:00+00:00
[2023-05-25T06:49:20.365+0000] {standard_task_runner.py:57} INFO - Started process 1830 to run task
[2023-05-25T06:49:20.379+0000] {standard_task_runner.py:84} INFO - Running: ['***', 'tasks', 'run', 'dag_with_taskflow_api_v02', 'greet', 'scheduled__2021-11-02T00:00:00+00:00', '--job-id', '46', '--raw', '--subdir', 'DAGS_FOLDER/first_dag.py', '--cfg-path', '/tmp/tmp7i3rk4jn']
[2023-05-25T06:49:20.383+0000] {standard_task_runner.py:85} INFO - Job 46: Subtask greet
[2023-05-25T06:49:20.573+0000] {task_command.py:410} INFO - Running <TaskInstance: dag_with_taskflow_api_v02.greet scheduled__2021-11-02T00:00:00+00:00 [running]> on host 6bd07c7477d9
[2023-05-25T06:49:21.115+0000] {taskinstance.py:1547} INFO - Exporting env vars: AIRFLOW_CTX_DAG_OWNER='Sai' AIRFLOW_CTX_DAG_ID='dag_with_taskflow_api_v02' AIRFLOW_CTX_TASK_ID='greet' AIRFLOW_CTX_EXECUTION_DATE='2021-11-02T00:00:00+00:00' AIRFLOW_CTX_TRY_NUMBER='1' AIRFLOW_CTX_DAG_RUN_ID='scheduled__2021-11-02T00:00:00+00:00'
[2023-05-25T06:49:21.116+0000] {logging_mixin.py:149} INFO - Hello World! My name is Sai Tr and I am 19 years old!
[2023-05-25T06:49:21.118+0000] {python.py:183} INFO - Done. Returned value was: None
[2023-05-25T06:49:21.167+0000] {taskinstance.py:1350} INFO - Marking task as SUCCESS. dag_id=dag_with_taskflow_api_v02, task_id=greet, execution_date=20211102T000000, start_date=20230525T064919, end_date=20230525T064921
[2023-05-25T06:49:21.244+0000] {local_task_job_runner.py:225} INFO - Task exited with return code 0
[2023-05-25T06:49:21.402+0000] {taskinstance.py:2651} INFO - 0 downstream tasks scheduled from follow-on schedule check
[2023-05-25T10:18:48.884+0000] {taskinstance.py:1103} INFO - Dependencies all met for dep_context=non-requeueable deps ti=<TaskInstance: dag_with_taskflow_api_v02.greet scheduled__2021-11-02T00:00:00+00:00 [queued]>
[2023-05-25T10:18:48.962+0000] {taskinstance.py:1103} INFO - Dependencies all met for dep_context=requeueable deps ti=<TaskInstance: dag_with_taskflow_api_v02.greet scheduled__2021-11-02T00:00:00+00:00 [queued]>
[2023-05-25T10:18:48.963+0000] {taskinstance.py:1308} INFO - Starting attempt 1 of 6
[2023-05-25T10:18:49.162+0000] {taskinstance.py:1327} INFO - Executing <Task(_PythonDecoratedOperator): greet> on 2021-11-02 00:00:00+00:00
[2023-05-25T10:18:49.171+0000] {standard_task_runner.py:57} INFO - Started process 1325 to run task
[2023-05-25T10:18:49.196+0000] {standard_task_runner.py:84} INFO - Running: ['***', 'tasks', 'run', 'dag_with_taskflow_api_v02', 'greet', 'scheduled__2021-11-02T00:00:00+00:00', '--job-id', '35', '--raw', '--subdir', 'DAGS_FOLDER/first_dag.py', '--cfg-path', '/tmp/tmpgtt6d_4i']
[2023-05-25T10:18:49.202+0000] {standard_task_runner.py:85} INFO - Job 35: Subtask greet
[2023-05-25T10:18:49.601+0000] {task_command.py:410} INFO - Running <TaskInstance: dag_with_taskflow_api_v02.greet scheduled__2021-11-02T00:00:00+00:00 [running]> on host b1ae37a9584e
[2023-05-25T10:18:50.126+0000] {taskinstance.py:1547} INFO - Exporting env vars: AIRFLOW_CTX_DAG_OWNER='Sai' AIRFLOW_CTX_DAG_ID='dag_with_taskflow_api_v02' AIRFLOW_CTX_TASK_ID='greet' AIRFLOW_CTX_EXECUTION_DATE='2021-11-02T00:00:00+00:00' AIRFLOW_CTX_TRY_NUMBER='1' AIRFLOW_CTX_DAG_RUN_ID='scheduled__2021-11-02T00:00:00+00:00'
[2023-05-25T10:18:50.128+0000] {logging_mixin.py:149} INFO - Hello World! My name is Sai Tr and I am 19 years old!
[2023-05-25T10:18:50.129+0000] {python.py:183} INFO - Done. Returned value was: None
[2023-05-25T10:18:50.158+0000] {taskinstance.py:1350} INFO - Marking task as SUCCESS. dag_id=dag_with_taskflow_api_v02, task_id=greet, execution_date=20211102T000000, start_date=20230525T101848, end_date=20230525T101850
[2023-05-25T10:18:50.376+0000] {local_task_job_runner.py:225} INFO - Task exited with return code 0
[2023-05-25T10:18:50.630+0000] {taskinstance.py:2651} INFO - 0 downstream tasks scheduled from follow-on schedule check
