[2023-05-24T15:20:43.529+0000] {taskinstance.py:1103} INFO - Dependencies all met for dep_context=non-requeueable deps ti=<TaskInstance: dag_with_taskflow_api_v02.get_age scheduled__2022-04-18T00:00:00+00:00 [queued]>
[2023-05-24T15:20:43.610+0000] {taskinstance.py:1103} INFO - Dependencies all met for dep_context=requeueable deps ti=<TaskInstance: dag_with_taskflow_api_v02.get_age scheduled__2022-04-18T00:00:00+00:00 [queued]>
[2023-05-24T15:20:43.611+0000] {taskinstance.py:1308} INFO - Starting attempt 1 of 6
[2023-05-24T15:20:43.949+0000] {taskinstance.py:1327} INFO - Executing <Task(_PythonDecoratedOperator): get_age> on 2022-04-18 00:00:00+00:00
[2023-05-24T15:20:43.989+0000] {standard_task_runner.py:57} INFO - Started process 1381 to run task
[2023-05-24T15:20:44.044+0000] {standard_task_runner.py:84} INFO - Running: ['***', 'tasks', 'run', 'dag_with_taskflow_api_v02', 'get_age', 'scheduled__2022-04-18T00:00:00+00:00', '--job-id', '528', '--raw', '--subdir', 'DAGS_FOLDER/first_dag.py', '--cfg-path', '/tmp/tmpt7kqx6nh']
[2023-05-24T15:20:44.067+0000] {standard_task_runner.py:85} INFO - Job 528: Subtask get_age
[2023-05-24T15:20:44.622+0000] {task_command.py:410} INFO - Running <TaskInstance: dag_with_taskflow_api_v02.get_age scheduled__2022-04-18T00:00:00+00:00 [running]> on host 942de29f183d
[2023-05-24T15:20:45.759+0000] {taskinstance.py:1547} INFO - Exporting env vars: AIRFLOW_CTX_DAG_OWNER='Sai' AIRFLOW_CTX_DAG_ID='dag_with_taskflow_api_v02' AIRFLOW_CTX_TASK_ID='get_age' AIRFLOW_CTX_EXECUTION_DATE='2022-04-18T00:00:00+00:00' AIRFLOW_CTX_TRY_NUMBER='1' AIRFLOW_CTX_DAG_RUN_ID='scheduled__2022-04-18T00:00:00+00:00'
[2023-05-24T15:20:45.760+0000] {python.py:183} INFO - Done. Returned value was: 19
[2023-05-24T15:20:46.002+0000] {taskinstance.py:1350} INFO - Marking task as SUCCESS. dag_id=dag_with_taskflow_api_v02, task_id=get_age, execution_date=20220418T000000, start_date=20230524T152043, end_date=20230524T152045
[2023-05-24T15:20:46.527+0000] {local_task_job_runner.py:225} INFO - Task exited with return code 0
[2023-05-24T15:20:46.737+0000] {taskinstance.py:2651} INFO - 0 downstream tasks scheduled from follow-on schedule check
[2023-05-25T06:53:39.955+0000] {taskinstance.py:1103} INFO - Dependencies all met for dep_context=non-requeueable deps ti=<TaskInstance: dag_with_taskflow_api_v02.get_age scheduled__2022-04-18T00:00:00+00:00 [queued]>
[2023-05-25T06:53:39.990+0000] {taskinstance.py:1103} INFO - Dependencies all met for dep_context=requeueable deps ti=<TaskInstance: dag_with_taskflow_api_v02.get_age scheduled__2022-04-18T00:00:00+00:00 [queued]>
[2023-05-25T06:53:39.990+0000] {taskinstance.py:1308} INFO - Starting attempt 1 of 6
[2023-05-25T06:53:40.064+0000] {taskinstance.py:1327} INFO - Executing <Task(_PythonDecoratedOperator): get_age> on 2022-04-18 00:00:00+00:00
[2023-05-25T06:53:40.074+0000] {standard_task_runner.py:57} INFO - Started process 2889 to run task
[2023-05-25T06:53:40.111+0000] {standard_task_runner.py:84} INFO - Running: ['***', 'tasks', 'run', 'dag_with_taskflow_api_v02', 'get_age', 'scheduled__2022-04-18T00:00:00+00:00', '--job-id', '521', '--raw', '--subdir', 'DAGS_FOLDER/first_dag.py', '--cfg-path', '/tmp/tmpnqeo5bro']
[2023-05-25T06:53:40.122+0000] {standard_task_runner.py:85} INFO - Job 521: Subtask get_age
[2023-05-25T06:53:40.387+0000] {task_command.py:410} INFO - Running <TaskInstance: dag_with_taskflow_api_v02.get_age scheduled__2022-04-18T00:00:00+00:00 [running]> on host 6bd07c7477d9
[2023-05-25T06:53:40.898+0000] {taskinstance.py:1547} INFO - Exporting env vars: AIRFLOW_CTX_DAG_OWNER='Sai' AIRFLOW_CTX_DAG_ID='dag_with_taskflow_api_v02' AIRFLOW_CTX_TASK_ID='get_age' AIRFLOW_CTX_EXECUTION_DATE='2022-04-18T00:00:00+00:00' AIRFLOW_CTX_TRY_NUMBER='1' AIRFLOW_CTX_DAG_RUN_ID='scheduled__2022-04-18T00:00:00+00:00'
[2023-05-25T06:53:40.899+0000] {python.py:183} INFO - Done. Returned value was: 19
[2023-05-25T06:53:41.037+0000] {taskinstance.py:1350} INFO - Marking task as SUCCESS. dag_id=dag_with_taskflow_api_v02, task_id=get_age, execution_date=20220418T000000, start_date=20230525T065339, end_date=20230525T065341
[2023-05-25T06:53:41.238+0000] {local_task_job_runner.py:225} INFO - Task exited with return code 0
[2023-05-25T06:53:41.438+0000] {taskinstance.py:2651} INFO - 0 downstream tasks scheduled from follow-on schedule check
[2023-05-25T10:25:02.064+0000] {taskinstance.py:1103} INFO - Dependencies all met for dep_context=non-requeueable deps ti=<TaskInstance: dag_with_taskflow_api_v02.get_age scheduled__2022-04-18T00:00:00+00:00 [queued]>
[2023-05-25T10:25:02.138+0000] {taskinstance.py:1103} INFO - Dependencies all met for dep_context=requeueable deps ti=<TaskInstance: dag_with_taskflow_api_v02.get_age scheduled__2022-04-18T00:00:00+00:00 [queued]>
[2023-05-25T10:25:02.138+0000] {taskinstance.py:1308} INFO - Starting attempt 1 of 6
[2023-05-25T10:25:02.323+0000] {taskinstance.py:1327} INFO - Executing <Task(_PythonDecoratedOperator): get_age> on 2022-04-18 00:00:00+00:00
[2023-05-25T10:25:02.358+0000] {standard_task_runner.py:57} INFO - Started process 2481 to run task
[2023-05-25T10:25:02.409+0000] {standard_task_runner.py:84} INFO - Running: ['***', 'tasks', 'run', 'dag_with_taskflow_api_v02', 'get_age', 'scheduled__2022-04-18T00:00:00+00:00', '--job-id', '532', '--raw', '--subdir', 'DAGS_FOLDER/first_dag.py', '--cfg-path', '/tmp/tmpxdo7g9n_']
[2023-05-25T10:25:02.433+0000] {standard_task_runner.py:85} INFO - Job 532: Subtask get_age
[2023-05-25T10:25:02.765+0000] {task_command.py:410} INFO - Running <TaskInstance: dag_with_taskflow_api_v02.get_age scheduled__2022-04-18T00:00:00+00:00 [running]> on host b1ae37a9584e
[2023-05-25T10:25:03.397+0000] {taskinstance.py:1547} INFO - Exporting env vars: AIRFLOW_CTX_DAG_OWNER='Sai' AIRFLOW_CTX_DAG_ID='dag_with_taskflow_api_v02' AIRFLOW_CTX_TASK_ID='get_age' AIRFLOW_CTX_EXECUTION_DATE='2022-04-18T00:00:00+00:00' AIRFLOW_CTX_TRY_NUMBER='1' AIRFLOW_CTX_DAG_RUN_ID='scheduled__2022-04-18T00:00:00+00:00'
[2023-05-25T10:25:03.398+0000] {python.py:183} INFO - Done. Returned value was: 19
[2023-05-25T10:25:03.528+0000] {taskinstance.py:1350} INFO - Marking task as SUCCESS. dag_id=dag_with_taskflow_api_v02, task_id=get_age, execution_date=20220418T000000, start_date=20230525T102502, end_date=20230525T102503
[2023-05-25T10:25:03.693+0000] {local_task_job_runner.py:225} INFO - Task exited with return code 0
[2023-05-25T10:25:03.981+0000] {taskinstance.py:2651} INFO - 0 downstream tasks scheduled from follow-on schedule check
