[2023-05-24T15:20:04.235+0000] {taskinstance.py:1103} INFO - Dependencies all met for dep_context=non-requeueable deps ti=<TaskInstance: dag_with_taskflow_api_v02.get_name scheduled__2022-04-02T00:00:00+00:00 [queued]>
[2023-05-24T15:20:04.252+0000] {taskinstance.py:1103} INFO - Dependencies all met for dep_context=requeueable deps ti=<TaskInstance: dag_with_taskflow_api_v02.get_name scheduled__2022-04-02T00:00:00+00:00 [queued]>
[2023-05-24T15:20:04.252+0000] {taskinstance.py:1308} INFO - Starting attempt 1 of 6
[2023-05-24T15:20:04.287+0000] {taskinstance.py:1327} INFO - Executing <Task(_PythonDecoratedOperator): get_name> on 2022-04-02 00:00:00+00:00
[2023-05-24T15:20:04.293+0000] {standard_task_runner.py:57} INFO - Started process 1264 to run task
[2023-05-24T15:20:04.303+0000] {standard_task_runner.py:84} INFO - Running: ['***', 'tasks', 'run', 'dag_with_taskflow_api_v02', 'get_name', 'scheduled__2022-04-02T00:00:00+00:00', '--job-id', '480', '--raw', '--subdir', 'DAGS_FOLDER/first_dag.py', '--cfg-path', '/tmp/tmpikyf9gc0']
[2023-05-24T15:20:04.306+0000] {standard_task_runner.py:85} INFO - Job 480: Subtask get_name
[2023-05-24T15:20:04.437+0000] {task_command.py:410} INFO - Running <TaskInstance: dag_with_taskflow_api_v02.get_name scheduled__2022-04-02T00:00:00+00:00 [running]> on host 942de29f183d
[2023-05-24T15:20:04.734+0000] {taskinstance.py:1547} INFO - Exporting env vars: AIRFLOW_CTX_DAG_OWNER='Sai' AIRFLOW_CTX_DAG_ID='dag_with_taskflow_api_v02' AIRFLOW_CTX_TASK_ID='get_name' AIRFLOW_CTX_EXECUTION_DATE='2022-04-02T00:00:00+00:00' AIRFLOW_CTX_TRY_NUMBER='1' AIRFLOW_CTX_DAG_RUN_ID='scheduled__2022-04-02T00:00:00+00:00'
[2023-05-24T15:20:04.736+0000] {python.py:183} INFO - Done. Returned value was: {'first_name': 'Sai', 'last_name': 'Tr'}
[2023-05-24T15:20:04.860+0000] {taskinstance.py:1350} INFO - Marking task as SUCCESS. dag_id=dag_with_taskflow_api_v02, task_id=get_name, execution_date=20220402T000000, start_date=20230524T152004, end_date=20230524T152004
[2023-05-24T15:20:04.883+0000] {local_task_job_runner.py:225} INFO - Task exited with return code 0
[2023-05-24T15:20:04.950+0000] {taskinstance.py:2651} INFO - 0 downstream tasks scheduled from follow-on schedule check
[2023-05-25T06:53:15.586+0000] {taskinstance.py:1103} INFO - Dependencies all met for dep_context=non-requeueable deps ti=<TaskInstance: dag_with_taskflow_api_v02.get_name scheduled__2022-04-02T00:00:00+00:00 [queued]>
[2023-05-25T06:53:15.635+0000] {taskinstance.py:1103} INFO - Dependencies all met for dep_context=requeueable deps ti=<TaskInstance: dag_with_taskflow_api_v02.get_name scheduled__2022-04-02T00:00:00+00:00 [queued]>
[2023-05-25T06:53:15.636+0000] {taskinstance.py:1308} INFO - Starting attempt 1 of 6
[2023-05-25T06:53:15.769+0000] {taskinstance.py:1327} INFO - Executing <Task(_PythonDecoratedOperator): get_name> on 2022-04-02 00:00:00+00:00
[2023-05-25T06:53:15.792+0000] {standard_task_runner.py:57} INFO - Started process 2788 to run task
[2023-05-25T06:53:15.825+0000] {standard_task_runner.py:84} INFO - Running: ['***', 'tasks', 'run', 'dag_with_taskflow_api_v02', 'get_name', 'scheduled__2022-04-02T00:00:00+00:00', '--job-id', '475', '--raw', '--subdir', 'DAGS_FOLDER/first_dag.py', '--cfg-path', '/tmp/tmpjbwnzzdw']
[2023-05-25T06:53:15.866+0000] {standard_task_runner.py:85} INFO - Job 475: Subtask get_name
[2023-05-25T06:53:16.330+0000] {task_command.py:410} INFO - Running <TaskInstance: dag_with_taskflow_api_v02.get_name scheduled__2022-04-02T00:00:00+00:00 [running]> on host 6bd07c7477d9
[2023-05-25T06:53:17.053+0000] {taskinstance.py:1547} INFO - Exporting env vars: AIRFLOW_CTX_DAG_OWNER='Sai' AIRFLOW_CTX_DAG_ID='dag_with_taskflow_api_v02' AIRFLOW_CTX_TASK_ID='get_name' AIRFLOW_CTX_EXECUTION_DATE='2022-04-02T00:00:00+00:00' AIRFLOW_CTX_TRY_NUMBER='1' AIRFLOW_CTX_DAG_RUN_ID='scheduled__2022-04-02T00:00:00+00:00'
[2023-05-25T06:53:17.055+0000] {python.py:183} INFO - Done. Returned value was: {'first_name': 'Sai', 'last_name': 'Tr'}
[2023-05-25T06:53:17.270+0000] {taskinstance.py:1350} INFO - Marking task as SUCCESS. dag_id=dag_with_taskflow_api_v02, task_id=get_name, execution_date=20220402T000000, start_date=20230525T065315, end_date=20230525T065317
[2023-05-25T06:53:17.809+0000] {local_task_job_runner.py:225} INFO - Task exited with return code 0
[2023-05-25T06:53:17.933+0000] {taskinstance.py:2651} INFO - 1 downstream tasks scheduled from follow-on schedule check
[2023-05-25T10:24:39.039+0000] {taskinstance.py:1103} INFO - Dependencies all met for dep_context=non-requeueable deps ti=<TaskInstance: dag_with_taskflow_api_v02.get_name scheduled__2022-04-02T00:00:00+00:00 [queued]>
[2023-05-25T10:24:39.109+0000] {taskinstance.py:1103} INFO - Dependencies all met for dep_context=requeueable deps ti=<TaskInstance: dag_with_taskflow_api_v02.get_name scheduled__2022-04-02T00:00:00+00:00 [queued]>
[2023-05-25T10:24:39.110+0000] {taskinstance.py:1308} INFO - Starting attempt 1 of 6
[2023-05-25T10:24:39.227+0000] {taskinstance.py:1327} INFO - Executing <Task(_PythonDecoratedOperator): get_name> on 2022-04-02 00:00:00+00:00
[2023-05-25T10:24:39.237+0000] {standard_task_runner.py:57} INFO - Started process 2388 to run task
[2023-05-25T10:24:39.285+0000] {standard_task_runner.py:84} INFO - Running: ['***', 'tasks', 'run', 'dag_with_taskflow_api_v02', 'get_name', 'scheduled__2022-04-02T00:00:00+00:00', '--job-id', '493', '--raw', '--subdir', 'DAGS_FOLDER/first_dag.py', '--cfg-path', '/tmp/tmpsh0ct6n3']
[2023-05-25T10:24:39.292+0000] {standard_task_runner.py:85} INFO - Job 493: Subtask get_name
[2023-05-25T10:24:39.540+0000] {task_command.py:410} INFO - Running <TaskInstance: dag_with_taskflow_api_v02.get_name scheduled__2022-04-02T00:00:00+00:00 [running]> on host b1ae37a9584e
[2023-05-25T10:24:40.248+0000] {taskinstance.py:1547} INFO - Exporting env vars: AIRFLOW_CTX_DAG_OWNER='Sai' AIRFLOW_CTX_DAG_ID='dag_with_taskflow_api_v02' AIRFLOW_CTX_TASK_ID='get_name' AIRFLOW_CTX_EXECUTION_DATE='2022-04-02T00:00:00+00:00' AIRFLOW_CTX_TRY_NUMBER='1' AIRFLOW_CTX_DAG_RUN_ID='scheduled__2022-04-02T00:00:00+00:00'
[2023-05-25T10:24:40.249+0000] {python.py:183} INFO - Done. Returned value was: {'first_name': 'Sai', 'last_name': 'Tr'}
[2023-05-25T10:24:40.427+0000] {taskinstance.py:1350} INFO - Marking task as SUCCESS. dag_id=dag_with_taskflow_api_v02, task_id=get_name, execution_date=20220402T000000, start_date=20230525T102439, end_date=20230525T102440
[2023-05-25T10:24:40.494+0000] {local_task_job_runner.py:225} INFO - Task exited with return code 0
[2023-05-25T10:24:40.633+0000] {taskinstance.py:2651} INFO - 1 downstream tasks scheduled from follow-on schedule check
