[2023-05-24T15:19:04.652+0000] {taskinstance.py:1103} INFO - Dependencies all met for dep_context=non-requeueable deps ti=<TaskInstance: dag_with_taskflow_api_v02.greet scheduled__2022-02-20T00:00:00+00:00 [queued]>
[2023-05-24T15:19:04.807+0000] {taskinstance.py:1103} INFO - Dependencies all met for dep_context=requeueable deps ti=<TaskInstance: dag_with_taskflow_api_v02.greet scheduled__2022-02-20T00:00:00+00:00 [queued]>
[2023-05-24T15:19:04.808+0000] {taskinstance.py:1308} INFO - Starting attempt 1 of 6
[2023-05-24T15:19:04.970+0000] {taskinstance.py:1327} INFO - Executing <Task(_PythonDecoratedOperator): greet> on 2022-02-20 00:00:00+00:00
[2023-05-24T15:19:04.992+0000] {standard_task_runner.py:57} INFO - Started process 1034 to run task
[2023-05-24T15:19:05.049+0000] {standard_task_runner.py:84} INFO - Running: ['***', 'tasks', 'run', 'dag_with_taskflow_api_v02', 'greet', 'scheduled__2022-02-20T00:00:00+00:00', '--job-id', '372', '--raw', '--subdir', 'DAGS_FOLDER/first_dag.py', '--cfg-path', '/tmp/tmp8rf2dgei']
[2023-05-24T15:19:05.071+0000] {standard_task_runner.py:85} INFO - Job 372: Subtask greet
[2023-05-24T15:19:05.380+0000] {task_command.py:410} INFO - Running <TaskInstance: dag_with_taskflow_api_v02.greet scheduled__2022-02-20T00:00:00+00:00 [running]> on host 942de29f183d
[2023-05-24T15:19:06.309+0000] {taskinstance.py:1547} INFO - Exporting env vars: AIRFLOW_CTX_DAG_OWNER='Sai' AIRFLOW_CTX_DAG_ID='dag_with_taskflow_api_v02' AIRFLOW_CTX_TASK_ID='greet' AIRFLOW_CTX_EXECUTION_DATE='2022-02-20T00:00:00+00:00' AIRFLOW_CTX_TRY_NUMBER='1' AIRFLOW_CTX_DAG_RUN_ID='scheduled__2022-02-20T00:00:00+00:00'
[2023-05-24T15:19:06.312+0000] {logging_mixin.py:149} INFO - Hello World! My name is Sai Tr and I am 19 years old!
[2023-05-24T15:19:06.312+0000] {python.py:183} INFO - Done. Returned value was: None
[2023-05-24T15:19:06.376+0000] {taskinstance.py:1350} INFO - Marking task as SUCCESS. dag_id=dag_with_taskflow_api_v02, task_id=greet, execution_date=20220220T000000, start_date=20230524T151904, end_date=20230524T151906
[2023-05-24T15:19:06.948+0000] {local_task_job_runner.py:225} INFO - Task exited with return code 0
[2023-05-24T15:19:07.104+0000] {taskinstance.py:2651} INFO - 0 downstream tasks scheduled from follow-on schedule check
[2023-05-25T06:52:15.222+0000] {taskinstance.py:1103} INFO - Dependencies all met for dep_context=non-requeueable deps ti=<TaskInstance: dag_with_taskflow_api_v02.greet scheduled__2022-02-20T00:00:00+00:00 [queued]>
[2023-05-25T06:52:15.239+0000] {taskinstance.py:1103} INFO - Dependencies all met for dep_context=requeueable deps ti=<TaskInstance: dag_with_taskflow_api_v02.greet scheduled__2022-02-20T00:00:00+00:00 [queued]>
[2023-05-25T06:52:15.240+0000] {taskinstance.py:1308} INFO - Starting attempt 1 of 6
[2023-05-25T06:52:15.275+0000] {taskinstance.py:1327} INFO - Executing <Task(_PythonDecoratedOperator): greet> on 2022-02-20 00:00:00+00:00
[2023-05-25T06:52:15.281+0000] {standard_task_runner.py:57} INFO - Started process 2536 to run task
[2023-05-25T06:52:15.290+0000] {standard_task_runner.py:84} INFO - Running: ['***', 'tasks', 'run', 'dag_with_taskflow_api_v02', 'greet', 'scheduled__2022-02-20T00:00:00+00:00', '--job-id', '364', '--raw', '--subdir', 'DAGS_FOLDER/first_dag.py', '--cfg-path', '/tmp/tmpu26wq6ba']
[2023-05-25T06:52:15.293+0000] {standard_task_runner.py:85} INFO - Job 364: Subtask greet
[2023-05-25T06:52:15.397+0000] {task_command.py:410} INFO - Running <TaskInstance: dag_with_taskflow_api_v02.greet scheduled__2022-02-20T00:00:00+00:00 [running]> on host 6bd07c7477d9
[2023-05-25T06:52:15.610+0000] {taskinstance.py:1547} INFO - Exporting env vars: AIRFLOW_CTX_DAG_OWNER='Sai' AIRFLOW_CTX_DAG_ID='dag_with_taskflow_api_v02' AIRFLOW_CTX_TASK_ID='greet' AIRFLOW_CTX_EXECUTION_DATE='2022-02-20T00:00:00+00:00' AIRFLOW_CTX_TRY_NUMBER='1' AIRFLOW_CTX_DAG_RUN_ID='scheduled__2022-02-20T00:00:00+00:00'
[2023-05-25T06:52:15.611+0000] {logging_mixin.py:149} INFO - Hello World! My name is Sai Tr and I am 19 years old!
[2023-05-25T06:52:15.612+0000] {python.py:183} INFO - Done. Returned value was: None
[2023-05-25T06:52:15.629+0000] {taskinstance.py:1350} INFO - Marking task as SUCCESS. dag_id=dag_with_taskflow_api_v02, task_id=greet, execution_date=20220220T000000, start_date=20230525T065215, end_date=20230525T065215
[2023-05-25T06:52:15.665+0000] {local_task_job_runner.py:225} INFO - Task exited with return code 0
[2023-05-25T06:52:15.706+0000] {taskinstance.py:2651} INFO - 0 downstream tasks scheduled from follow-on schedule check
[2023-05-25T10:23:11.497+0000] {taskinstance.py:1103} INFO - Dependencies all met for dep_context=non-requeueable deps ti=<TaskInstance: dag_with_taskflow_api_v02.greet scheduled__2022-02-20T00:00:00+00:00 [queued]>
[2023-05-25T10:23:11.592+0000] {taskinstance.py:1103} INFO - Dependencies all met for dep_context=requeueable deps ti=<TaskInstance: dag_with_taskflow_api_v02.greet scheduled__2022-02-20T00:00:00+00:00 [queued]>
[2023-05-25T10:23:11.593+0000] {taskinstance.py:1308} INFO - Starting attempt 1 of 6
[2023-05-25T10:23:11.752+0000] {taskinstance.py:1327} INFO - Executing <Task(_PythonDecoratedOperator): greet> on 2022-02-20 00:00:00+00:00
[2023-05-25T10:23:11.789+0000] {standard_task_runner.py:57} INFO - Started process 2085 to run task
[2023-05-25T10:23:11.854+0000] {standard_task_runner.py:84} INFO - Running: ['***', 'tasks', 'run', 'dag_with_taskflow_api_v02', 'greet', 'scheduled__2022-02-20T00:00:00+00:00', '--job-id', '361', '--raw', '--subdir', 'DAGS_FOLDER/first_dag.py', '--cfg-path', '/tmp/tmpm5ik7ihk']
[2023-05-25T10:23:11.868+0000] {standard_task_runner.py:85} INFO - Job 361: Subtask greet
[2023-05-25T10:23:12.033+0000] {task_command.py:410} INFO - Running <TaskInstance: dag_with_taskflow_api_v02.greet scheduled__2022-02-20T00:00:00+00:00 [running]> on host b1ae37a9584e
[2023-05-25T10:23:12.451+0000] {taskinstance.py:1547} INFO - Exporting env vars: AIRFLOW_CTX_DAG_OWNER='Sai' AIRFLOW_CTX_DAG_ID='dag_with_taskflow_api_v02' AIRFLOW_CTX_TASK_ID='greet' AIRFLOW_CTX_EXECUTION_DATE='2022-02-20T00:00:00+00:00' AIRFLOW_CTX_TRY_NUMBER='1' AIRFLOW_CTX_DAG_RUN_ID='scheduled__2022-02-20T00:00:00+00:00'
[2023-05-25T10:23:12.453+0000] {logging_mixin.py:149} INFO - Hello World! My name is Sai Tr and I am 19 years old!
[2023-05-25T10:23:12.453+0000] {python.py:183} INFO - Done. Returned value was: None
[2023-05-25T10:23:12.492+0000] {taskinstance.py:1350} INFO - Marking task as SUCCESS. dag_id=dag_with_taskflow_api_v02, task_id=greet, execution_date=20220220T000000, start_date=20230525T102311, end_date=20230525T102312
[2023-05-25T10:23:12.600+0000] {local_task_job_runner.py:225} INFO - Task exited with return code 0
[2023-05-25T10:23:12.935+0000] {taskinstance.py:2651} INFO - 0 downstream tasks scheduled from follow-on schedule check
