[2023-05-24T15:23:54.365+0000] {taskinstance.py:1103} INFO - Dependencies all met for dep_context=non-requeueable deps ti=<TaskInstance: dag_with_taskflow_api_v02.get_age scheduled__2022-07-28T00:00:00+00:00 [queued]>
[2023-05-24T15:23:54.453+0000] {taskinstance.py:1103} INFO - Dependencies all met for dep_context=requeueable deps ti=<TaskInstance: dag_with_taskflow_api_v02.get_age scheduled__2022-07-28T00:00:00+00:00 [queued]>
[2023-05-24T15:23:54.454+0000] {taskinstance.py:1308} INFO - Starting attempt 1 of 6
[2023-05-24T15:23:54.700+0000] {taskinstance.py:1327} INFO - Executing <Task(_PythonDecoratedOperator): get_age> on 2022-07-28 00:00:00+00:00
[2023-05-24T15:23:54.767+0000] {standard_task_runner.py:57} INFO - Started process 2057 to run task
[2023-05-24T15:23:54.786+0000] {standard_task_runner.py:84} INFO - Running: ['***', 'tasks', 'run', 'dag_with_taskflow_api_v02', 'get_age', 'scheduled__2022-07-28T00:00:00+00:00', '--job-id', '830', '--raw', '--subdir', 'DAGS_FOLDER/first_dag.py', '--cfg-path', '/tmp/tmpoj3giuup']
[2023-05-24T15:23:54.804+0000] {standard_task_runner.py:85} INFO - Job 830: Subtask get_age
[2023-05-24T15:23:55.128+0000] {task_command.py:410} INFO - Running <TaskInstance: dag_with_taskflow_api_v02.get_age scheduled__2022-07-28T00:00:00+00:00 [running]> on host 942de29f183d
[2023-05-24T15:23:55.872+0000] {taskinstance.py:1547} INFO - Exporting env vars: AIRFLOW_CTX_DAG_OWNER='Sai' AIRFLOW_CTX_DAG_ID='dag_with_taskflow_api_v02' AIRFLOW_CTX_TASK_ID='get_age' AIRFLOW_CTX_EXECUTION_DATE='2022-07-28T00:00:00+00:00' AIRFLOW_CTX_TRY_NUMBER='1' AIRFLOW_CTX_DAG_RUN_ID='scheduled__2022-07-28T00:00:00+00:00'
[2023-05-24T15:23:55.873+0000] {python.py:183} INFO - Done. Returned value was: 19
[2023-05-24T15:23:55.976+0000] {taskinstance.py:1350} INFO - Marking task as SUCCESS. dag_id=dag_with_taskflow_api_v02, task_id=get_age, execution_date=20220728T000000, start_date=20230524T152354, end_date=20230524T152355
[2023-05-24T15:23:56.078+0000] {local_task_job_runner.py:225} INFO - Task exited with return code 0
[2023-05-24T15:23:56.644+0000] {taskinstance.py:2651} INFO - 0 downstream tasks scheduled from follow-on schedule check
[2023-05-25T06:56:24.313+0000] {taskinstance.py:1103} INFO - Dependencies all met for dep_context=non-requeueable deps ti=<TaskInstance: dag_with_taskflow_api_v02.get_age scheduled__2022-07-28T00:00:00+00:00 [queued]>
[2023-05-25T06:56:24.433+0000] {taskinstance.py:1103} INFO - Dependencies all met for dep_context=requeueable deps ti=<TaskInstance: dag_with_taskflow_api_v02.get_age scheduled__2022-07-28T00:00:00+00:00 [queued]>
[2023-05-25T06:56:24.433+0000] {taskinstance.py:1308} INFO - Starting attempt 1 of 6
[2023-05-25T06:56:24.555+0000] {taskinstance.py:1327} INFO - Executing <Task(_PythonDecoratedOperator): get_age> on 2022-07-28 00:00:00+00:00
[2023-05-25T06:56:24.585+0000] {standard_task_runner.py:57} INFO - Started process 3562 to run task
[2023-05-25T06:56:24.592+0000] {standard_task_runner.py:84} INFO - Running: ['***', 'tasks', 'run', 'dag_with_taskflow_api_v02', 'get_age', 'scheduled__2022-07-28T00:00:00+00:00', '--job-id', '823', '--raw', '--subdir', 'DAGS_FOLDER/first_dag.py', '--cfg-path', '/tmp/tmps42jpr8e']
[2023-05-25T06:56:24.595+0000] {standard_task_runner.py:85} INFO - Job 823: Subtask get_age
[2023-05-25T06:56:24.803+0000] {task_command.py:410} INFO - Running <TaskInstance: dag_with_taskflow_api_v02.get_age scheduled__2022-07-28T00:00:00+00:00 [running]> on host 6bd07c7477d9
[2023-05-25T06:56:25.497+0000] {taskinstance.py:1547} INFO - Exporting env vars: AIRFLOW_CTX_DAG_OWNER='Sai' AIRFLOW_CTX_DAG_ID='dag_with_taskflow_api_v02' AIRFLOW_CTX_TASK_ID='get_age' AIRFLOW_CTX_EXECUTION_DATE='2022-07-28T00:00:00+00:00' AIRFLOW_CTX_TRY_NUMBER='1' AIRFLOW_CTX_DAG_RUN_ID='scheduled__2022-07-28T00:00:00+00:00'
[2023-05-25T06:56:25.498+0000] {python.py:183} INFO - Done. Returned value was: 19
[2023-05-25T06:56:25.743+0000] {taskinstance.py:1350} INFO - Marking task as SUCCESS. dag_id=dag_with_taskflow_api_v02, task_id=get_age, execution_date=20220728T000000, start_date=20230525T065624, end_date=20230525T065625
[2023-05-25T06:56:25.860+0000] {local_task_job_runner.py:225} INFO - Task exited with return code 0
[2023-05-25T06:56:26.083+0000] {taskinstance.py:2651} INFO - 1 downstream tasks scheduled from follow-on schedule check
[2023-05-25T10:28:17.752+0000] {taskinstance.py:1103} INFO - Dependencies all met for dep_context=non-requeueable deps ti=<TaskInstance: dag_with_taskflow_api_v02.get_age scheduled__2022-07-28T00:00:00+00:00 [queued]>
[2023-05-25T10:28:17.926+0000] {taskinstance.py:1103} INFO - Dependencies all met for dep_context=requeueable deps ti=<TaskInstance: dag_with_taskflow_api_v02.get_age scheduled__2022-07-28T00:00:00+00:00 [queued]>
[2023-05-25T10:28:17.941+0000] {taskinstance.py:1308} INFO - Starting attempt 1 of 6
[2023-05-25T10:28:18.387+0000] {taskinstance.py:1327} INFO - Executing <Task(_PythonDecoratedOperator): get_age> on 2022-07-28 00:00:00+00:00
[2023-05-25T10:28:18.565+0000] {standard_task_runner.py:57} INFO - Started process 3164 to run task
[2023-05-25T10:28:18.763+0000] {standard_task_runner.py:84} INFO - Running: ['***', 'tasks', 'run', 'dag_with_taskflow_api_v02', 'get_age', 'scheduled__2022-07-28T00:00:00+00:00', '--job-id', '838', '--raw', '--subdir', 'DAGS_FOLDER/first_dag.py', '--cfg-path', '/tmp/tmp752iiy_m']
[2023-05-25T10:28:18.766+0000] {standard_task_runner.py:85} INFO - Job 838: Subtask get_age
[2023-05-25T10:28:20.242+0000] {task_command.py:410} INFO - Running <TaskInstance: dag_with_taskflow_api_v02.get_age scheduled__2022-07-28T00:00:00+00:00 [running]> on host b1ae37a9584e
[2023-05-25T10:28:22.911+0000] {taskinstance.py:1547} INFO - Exporting env vars: AIRFLOW_CTX_DAG_OWNER='Sai' AIRFLOW_CTX_DAG_ID='dag_with_taskflow_api_v02' AIRFLOW_CTX_TASK_ID='get_age' AIRFLOW_CTX_EXECUTION_DATE='2022-07-28T00:00:00+00:00' AIRFLOW_CTX_TRY_NUMBER='1' AIRFLOW_CTX_DAG_RUN_ID='scheduled__2022-07-28T00:00:00+00:00'
[2023-05-25T10:28:22.919+0000] {python.py:183} INFO - Done. Returned value was: 19
[2023-05-25T10:28:23.221+0000] {taskinstance.py:1350} INFO - Marking task as SUCCESS. dag_id=dag_with_taskflow_api_v02, task_id=get_age, execution_date=20220728T000000, start_date=20230525T102817, end_date=20230525T102823
[2023-05-25T10:28:23.378+0000] {local_task_job_runner.py:225} INFO - Task exited with return code 0
[2023-05-25T10:28:23.817+0000] {taskinstance.py:2651} INFO - 0 downstream tasks scheduled from follow-on schedule check
