[2023-05-24T15:29:53.239+0000] {taskinstance.py:1103} INFO - Dependencies all met for dep_context=non-requeueable deps ti=<TaskInstance: dag_with_taskflow_api_v02.get_name scheduled__2023-03-04T00:00:00+00:00 [queued]>
[2023-05-24T15:29:53.334+0000] {taskinstance.py:1103} INFO - Dependencies all met for dep_context=requeueable deps ti=<TaskInstance: dag_with_taskflow_api_v02.get_name scheduled__2023-03-04T00:00:00+00:00 [queued]>
[2023-05-24T15:29:53.335+0000] {taskinstance.py:1308} INFO - Starting attempt 1 of 6
[2023-05-24T15:29:53.886+0000] {taskinstance.py:1327} INFO - Executing <Task(_PythonDecoratedOperator): get_name> on 2023-03-04 00:00:00+00:00
[2023-05-24T15:29:53.892+0000] {standard_task_runner.py:57} INFO - Started process 3501 to run task
[2023-05-24T15:29:53.932+0000] {standard_task_runner.py:84} INFO - Running: ['***', 'tasks', 'run', 'dag_with_taskflow_api_v02', 'get_name', 'scheduled__2023-03-04T00:00:00+00:00', '--job-id', '1482', '--raw', '--subdir', 'DAGS_FOLDER/first_dag.py', '--cfg-path', '/tmp/tmpa5a1gb_u']
[2023-05-24T15:29:53.935+0000] {standard_task_runner.py:85} INFO - Job 1482: Subtask get_name
[2023-05-24T15:29:54.323+0000] {task_command.py:410} INFO - Running <TaskInstance: dag_with_taskflow_api_v02.get_name scheduled__2023-03-04T00:00:00+00:00 [running]> on host 942de29f183d
[2023-05-24T15:29:54.929+0000] {taskinstance.py:1547} INFO - Exporting env vars: AIRFLOW_CTX_DAG_OWNER='Sai' AIRFLOW_CTX_DAG_ID='dag_with_taskflow_api_v02' AIRFLOW_CTX_TASK_ID='get_name' AIRFLOW_CTX_EXECUTION_DATE='2023-03-04T00:00:00+00:00' AIRFLOW_CTX_TRY_NUMBER='1' AIRFLOW_CTX_DAG_RUN_ID='scheduled__2023-03-04T00:00:00+00:00'
[2023-05-24T15:29:54.930+0000] {python.py:183} INFO - Done. Returned value was: {'first_name': 'Sai', 'last_name': 'Tr'}
[2023-05-24T15:29:55.182+0000] {taskinstance.py:1350} INFO - Marking task as SUCCESS. dag_id=dag_with_taskflow_api_v02, task_id=get_name, execution_date=20230304T000000, start_date=20230524T152953, end_date=20230524T152955
[2023-05-24T15:29:55.330+0000] {local_task_job_runner.py:225} INFO - Task exited with return code 0
[2023-05-24T15:29:55.577+0000] {taskinstance.py:2651} INFO - 0 downstream tasks scheduled from follow-on schedule check
[2023-05-25T07:02:24.746+0000] {taskinstance.py:1103} INFO - Dependencies all met for dep_context=non-requeueable deps ti=<TaskInstance: dag_with_taskflow_api_v02.get_name scheduled__2023-03-04T00:00:00+00:00 [queued]>
[2023-05-25T07:02:24.840+0000] {taskinstance.py:1103} INFO - Dependencies all met for dep_context=requeueable deps ti=<TaskInstance: dag_with_taskflow_api_v02.get_name scheduled__2023-03-04T00:00:00+00:00 [queued]>
[2023-05-25T07:02:24.841+0000] {taskinstance.py:1308} INFO - Starting attempt 1 of 6
[2023-05-25T07:02:25.018+0000] {taskinstance.py:1327} INFO - Executing <Task(_PythonDecoratedOperator): get_name> on 2023-03-04 00:00:00+00:00
[2023-05-25T07:02:25.031+0000] {standard_task_runner.py:57} INFO - Started process 5014 to run task
[2023-05-25T07:02:25.090+0000] {standard_task_runner.py:84} INFO - Running: ['***', 'tasks', 'run', 'dag_with_taskflow_api_v02', 'get_name', 'scheduled__2023-03-04T00:00:00+00:00', '--job-id', '1482', '--raw', '--subdir', 'DAGS_FOLDER/first_dag.py', '--cfg-path', '/tmp/tmpwf0u7nsl']
[2023-05-25T07:02:25.107+0000] {standard_task_runner.py:85} INFO - Job 1482: Subtask get_name
[2023-05-25T07:02:25.483+0000] {task_command.py:410} INFO - Running <TaskInstance: dag_with_taskflow_api_v02.get_name scheduled__2023-03-04T00:00:00+00:00 [running]> on host 6bd07c7477d9
[2023-05-25T07:02:26.363+0000] {taskinstance.py:1547} INFO - Exporting env vars: AIRFLOW_CTX_DAG_OWNER='Sai' AIRFLOW_CTX_DAG_ID='dag_with_taskflow_api_v02' AIRFLOW_CTX_TASK_ID='get_name' AIRFLOW_CTX_EXECUTION_DATE='2023-03-04T00:00:00+00:00' AIRFLOW_CTX_TRY_NUMBER='1' AIRFLOW_CTX_DAG_RUN_ID='scheduled__2023-03-04T00:00:00+00:00'
[2023-05-25T07:02:26.364+0000] {python.py:183} INFO - Done. Returned value was: {'first_name': 'Sai', 'last_name': 'Tr'}
[2023-05-25T07:02:26.605+0000] {taskinstance.py:1350} INFO - Marking task as SUCCESS. dag_id=dag_with_taskflow_api_v02, task_id=get_name, execution_date=20230304T000000, start_date=20230525T070224, end_date=20230525T070226
[2023-05-25T07:02:26.734+0000] {local_task_job_runner.py:225} INFO - Task exited with return code 0
[2023-05-25T07:02:27.113+0000] {taskinstance.py:2651} INFO - 0 downstream tasks scheduled from follow-on schedule check
[2023-05-25T10:36:53.794+0000] {taskinstance.py:1103} INFO - Dependencies all met for dep_context=non-requeueable deps ti=<TaskInstance: dag_with_taskflow_api_v02.get_name scheduled__2023-03-04T00:00:00+00:00 [queued]>
[2023-05-25T10:36:53.829+0000] {taskinstance.py:1103} INFO - Dependencies all met for dep_context=requeueable deps ti=<TaskInstance: dag_with_taskflow_api_v02.get_name scheduled__2023-03-04T00:00:00+00:00 [queued]>
[2023-05-25T10:36:53.829+0000] {taskinstance.py:1308} INFO - Starting attempt 1 of 6
[2023-05-25T10:36:53.887+0000] {taskinstance.py:1327} INFO - Executing <Task(_PythonDecoratedOperator): get_name> on 2023-03-04 00:00:00+00:00
[2023-05-25T10:36:53.904+0000] {standard_task_runner.py:57} INFO - Started process 4671 to run task
[2023-05-25T10:36:53.914+0000] {standard_task_runner.py:84} INFO - Running: ['***', 'tasks', 'run', 'dag_with_taskflow_api_v02', 'get_name', 'scheduled__2023-03-04T00:00:00+00:00', '--job-id', '1500', '--raw', '--subdir', 'DAGS_FOLDER/first_dag.py', '--cfg-path', '/tmp/tmp4pdniosz']
[2023-05-25T10:36:53.917+0000] {standard_task_runner.py:85} INFO - Job 1500: Subtask get_name
[2023-05-25T10:36:54.042+0000] {task_command.py:410} INFO - Running <TaskInstance: dag_with_taskflow_api_v02.get_name scheduled__2023-03-04T00:00:00+00:00 [running]> on host b1ae37a9584e
[2023-05-25T10:36:54.274+0000] {taskinstance.py:1547} INFO - Exporting env vars: AIRFLOW_CTX_DAG_OWNER='Sai' AIRFLOW_CTX_DAG_ID='dag_with_taskflow_api_v02' AIRFLOW_CTX_TASK_ID='get_name' AIRFLOW_CTX_EXECUTION_DATE='2023-03-04T00:00:00+00:00' AIRFLOW_CTX_TRY_NUMBER='1' AIRFLOW_CTX_DAG_RUN_ID='scheduled__2023-03-04T00:00:00+00:00'
[2023-05-25T10:36:54.276+0000] {python.py:183} INFO - Done. Returned value was: {'first_name': 'Sai', 'last_name': 'Tr'}
[2023-05-25T10:36:54.422+0000] {taskinstance.py:1350} INFO - Marking task as SUCCESS. dag_id=dag_with_taskflow_api_v02, task_id=get_name, execution_date=20230304T000000, start_date=20230525T103653, end_date=20230525T103654
[2023-05-25T10:36:54.488+0000] {local_task_job_runner.py:225} INFO - Task exited with return code 0
[2023-05-25T10:36:54.536+0000] {taskinstance.py:2651} INFO - 1 downstream tasks scheduled from follow-on schedule check
