[2023-05-24T15:26:16.541+0000] {taskinstance.py:1103} INFO - Dependencies all met for dep_context=non-requeueable deps ti=<TaskInstance: dag_with_taskflow_api_v02.get_name scheduled__2022-10-21T00:00:00+00:00 [queued]>
[2023-05-24T15:26:16.668+0000] {taskinstance.py:1103} INFO - Dependencies all met for dep_context=requeueable deps ti=<TaskInstance: dag_with_taskflow_api_v02.get_name scheduled__2022-10-21T00:00:00+00:00 [queued]>
[2023-05-24T15:26:16.668+0000] {taskinstance.py:1308} INFO - Starting attempt 1 of 6
[2023-05-24T15:26:17.314+0000] {taskinstance.py:1327} INFO - Executing <Task(_PythonDecoratedOperator): get_name> on 2022-10-21 00:00:00+00:00
[2023-05-24T15:26:17.353+0000] {standard_task_runner.py:57} INFO - Started process 2622 to run task
[2023-05-24T15:26:17.387+0000] {standard_task_runner.py:84} INFO - Running: ['***', 'tasks', 'run', 'dag_with_taskflow_api_v02', 'get_name', 'scheduled__2022-10-21T00:00:00+00:00', '--job-id', '1085', '--raw', '--subdir', 'DAGS_FOLDER/first_dag.py', '--cfg-path', '/tmp/tmpsfmybiyb']
[2023-05-24T15:26:17.417+0000] {standard_task_runner.py:85} INFO - Job 1085: Subtask get_name
[2023-05-24T15:26:17.772+0000] {task_command.py:410} INFO - Running <TaskInstance: dag_with_taskflow_api_v02.get_name scheduled__2022-10-21T00:00:00+00:00 [running]> on host 942de29f183d
[2023-05-24T15:26:18.436+0000] {taskinstance.py:1547} INFO - Exporting env vars: AIRFLOW_CTX_DAG_OWNER='Sai' AIRFLOW_CTX_DAG_ID='dag_with_taskflow_api_v02' AIRFLOW_CTX_TASK_ID='get_name' AIRFLOW_CTX_EXECUTION_DATE='2022-10-21T00:00:00+00:00' AIRFLOW_CTX_TRY_NUMBER='1' AIRFLOW_CTX_DAG_RUN_ID='scheduled__2022-10-21T00:00:00+00:00'
[2023-05-24T15:26:18.437+0000] {python.py:183} INFO - Done. Returned value was: {'first_name': 'Sai', 'last_name': 'Tr'}
[2023-05-24T15:26:18.656+0000] {taskinstance.py:1350} INFO - Marking task as SUCCESS. dag_id=dag_with_taskflow_api_v02, task_id=get_name, execution_date=20221021T000000, start_date=20230524T152616, end_date=20230524T152618
[2023-05-24T15:26:18.778+0000] {local_task_job_runner.py:225} INFO - Task exited with return code 0
[2023-05-24T15:26:19.022+0000] {taskinstance.py:2651} INFO - 1 downstream tasks scheduled from follow-on schedule check
[2023-05-25T06:58:49.397+0000] {taskinstance.py:1103} INFO - Dependencies all met for dep_context=non-requeueable deps ti=<TaskInstance: dag_with_taskflow_api_v02.get_name scheduled__2022-10-21T00:00:00+00:00 [queued]>
[2023-05-25T06:58:49.482+0000] {taskinstance.py:1103} INFO - Dependencies all met for dep_context=requeueable deps ti=<TaskInstance: dag_with_taskflow_api_v02.get_name scheduled__2022-10-21T00:00:00+00:00 [queued]>
[2023-05-25T06:58:49.485+0000] {taskinstance.py:1308} INFO - Starting attempt 1 of 6
[2023-05-25T06:58:49.624+0000] {taskinstance.py:1327} INFO - Executing <Task(_PythonDecoratedOperator): get_name> on 2022-10-21 00:00:00+00:00
[2023-05-25T06:58:49.630+0000] {standard_task_runner.py:57} INFO - Started process 4137 to run task
[2023-05-25T06:58:49.695+0000] {standard_task_runner.py:84} INFO - Running: ['***', 'tasks', 'run', 'dag_with_taskflow_api_v02', 'get_name', 'scheduled__2022-10-21T00:00:00+00:00', '--job-id', '1083', '--raw', '--subdir', 'DAGS_FOLDER/first_dag.py', '--cfg-path', '/tmp/tmpnhfa6zav']
[2023-05-25T06:58:49.719+0000] {standard_task_runner.py:85} INFO - Job 1083: Subtask get_name
[2023-05-25T06:58:50.177+0000] {task_command.py:410} INFO - Running <TaskInstance: dag_with_taskflow_api_v02.get_name scheduled__2022-10-21T00:00:00+00:00 [running]> on host 6bd07c7477d9
[2023-05-25T06:58:50.847+0000] {taskinstance.py:1547} INFO - Exporting env vars: AIRFLOW_CTX_DAG_OWNER='Sai' AIRFLOW_CTX_DAG_ID='dag_with_taskflow_api_v02' AIRFLOW_CTX_TASK_ID='get_name' AIRFLOW_CTX_EXECUTION_DATE='2022-10-21T00:00:00+00:00' AIRFLOW_CTX_TRY_NUMBER='1' AIRFLOW_CTX_DAG_RUN_ID='scheduled__2022-10-21T00:00:00+00:00'
[2023-05-25T06:58:50.850+0000] {python.py:183} INFO - Done. Returned value was: {'first_name': 'Sai', 'last_name': 'Tr'}
[2023-05-25T06:58:51.174+0000] {taskinstance.py:1350} INFO - Marking task as SUCCESS. dag_id=dag_with_taskflow_api_v02, task_id=get_name, execution_date=20221021T000000, start_date=20230525T065849, end_date=20230525T065851
[2023-05-25T06:58:51.327+0000] {local_task_job_runner.py:225} INFO - Task exited with return code 0
[2023-05-25T06:58:51.473+0000] {taskinstance.py:2651} INFO - 1 downstream tasks scheduled from follow-on schedule check
[2023-05-25T10:32:25.846+0000] {taskinstance.py:1103} INFO - Dependencies all met for dep_context=non-requeueable deps ti=<TaskInstance: dag_with_taskflow_api_v02.get_name scheduled__2022-10-21T00:00:00+00:00 [queued]>
[2023-05-25T10:32:25.908+0000] {taskinstance.py:1103} INFO - Dependencies all met for dep_context=requeueable deps ti=<TaskInstance: dag_with_taskflow_api_v02.get_name scheduled__2022-10-21T00:00:00+00:00 [queued]>
[2023-05-25T10:32:25.908+0000] {taskinstance.py:1308} INFO - Starting attempt 1 of 6
[2023-05-25T10:32:26.267+0000] {taskinstance.py:1327} INFO - Executing <Task(_PythonDecoratedOperator): get_name> on 2022-10-21 00:00:00+00:00
[2023-05-25T10:32:26.281+0000] {standard_task_runner.py:57} INFO - Started process 3772 to run task
[2023-05-25T10:32:26.301+0000] {standard_task_runner.py:84} INFO - Running: ['***', 'tasks', 'run', 'dag_with_taskflow_api_v02', 'get_name', 'scheduled__2022-10-21T00:00:00+00:00', '--job-id', '1097', '--raw', '--subdir', 'DAGS_FOLDER/first_dag.py', '--cfg-path', '/tmp/tmpemji6wgs']
[2023-05-25T10:32:26.317+0000] {standard_task_runner.py:85} INFO - Job 1097: Subtask get_name
[2023-05-25T10:32:26.549+0000] {task_command.py:410} INFO - Running <TaskInstance: dag_with_taskflow_api_v02.get_name scheduled__2022-10-21T00:00:00+00:00 [running]> on host b1ae37a9584e
[2023-05-25T10:32:27.306+0000] {taskinstance.py:1547} INFO - Exporting env vars: AIRFLOW_CTX_DAG_OWNER='Sai' AIRFLOW_CTX_DAG_ID='dag_with_taskflow_api_v02' AIRFLOW_CTX_TASK_ID='get_name' AIRFLOW_CTX_EXECUTION_DATE='2022-10-21T00:00:00+00:00' AIRFLOW_CTX_TRY_NUMBER='1' AIRFLOW_CTX_DAG_RUN_ID='scheduled__2022-10-21T00:00:00+00:00'
[2023-05-25T10:32:27.308+0000] {python.py:183} INFO - Done. Returned value was: {'first_name': 'Sai', 'last_name': 'Tr'}
[2023-05-25T10:32:27.663+0000] {taskinstance.py:1350} INFO - Marking task as SUCCESS. dag_id=dag_with_taskflow_api_v02, task_id=get_name, execution_date=20221021T000000, start_date=20230525T103225, end_date=20230525T103227
[2023-05-25T10:32:27.752+0000] {local_task_job_runner.py:225} INFO - Task exited with return code 0
[2023-05-25T10:32:27.946+0000] {taskinstance.py:2651} INFO - 0 downstream tasks scheduled from follow-on schedule check
