[2023-05-24T15:22:09.330+0000] {taskinstance.py:1103} INFO - Dependencies all met for dep_context=non-requeueable deps ti=<TaskInstance: dag_with_taskflow_api_v02.get_name scheduled__2022-06-04T00:00:00+00:00 [queued]>
[2023-05-24T15:22:09.455+0000] {taskinstance.py:1103} INFO - Dependencies all met for dep_context=requeueable deps ti=<TaskInstance: dag_with_taskflow_api_v02.get_name scheduled__2022-06-04T00:00:00+00:00 [queued]>
[2023-05-24T15:22:09.456+0000] {taskinstance.py:1308} INFO - Starting attempt 1 of 6
[2023-05-24T15:22:09.722+0000] {taskinstance.py:1327} INFO - Executing <Task(_PythonDecoratedOperator): get_name> on 2022-06-04 00:00:00+00:00
[2023-05-24T15:22:09.737+0000] {standard_task_runner.py:57} INFO - Started process 1685 to run task
[2023-05-24T15:22:09.791+0000] {standard_task_runner.py:84} INFO - Running: ['***', 'tasks', 'run', 'dag_with_taskflow_api_v02', 'get_name', 'scheduled__2022-06-04T00:00:00+00:00', '--job-id', '662', '--raw', '--subdir', 'DAGS_FOLDER/first_dag.py', '--cfg-path', '/tmp/tmp3mn0ccvl']
[2023-05-24T15:22:09.858+0000] {standard_task_runner.py:85} INFO - Job 662: Subtask get_name
[2023-05-24T15:22:10.521+0000] {task_command.py:410} INFO - Running <TaskInstance: dag_with_taskflow_api_v02.get_name scheduled__2022-06-04T00:00:00+00:00 [running]> on host 942de29f183d
[2023-05-24T15:22:11.818+0000] {taskinstance.py:1547} INFO - Exporting env vars: AIRFLOW_CTX_DAG_OWNER='Sai' AIRFLOW_CTX_DAG_ID='dag_with_taskflow_api_v02' AIRFLOW_CTX_TASK_ID='get_name' AIRFLOW_CTX_EXECUTION_DATE='2022-06-04T00:00:00+00:00' AIRFLOW_CTX_TRY_NUMBER='1' AIRFLOW_CTX_DAG_RUN_ID='scheduled__2022-06-04T00:00:00+00:00'
[2023-05-24T15:22:11.820+0000] {python.py:183} INFO - Done. Returned value was: {'first_name': 'Sai', 'last_name': 'Tr'}
[2023-05-24T15:22:12.103+0000] {taskinstance.py:1350} INFO - Marking task as SUCCESS. dag_id=dag_with_taskflow_api_v02, task_id=get_name, execution_date=20220604T000000, start_date=20230524T152209, end_date=20230524T152212
[2023-05-24T15:22:12.480+0000] {local_task_job_runner.py:225} INFO - Task exited with return code 0
[2023-05-24T15:22:12.728+0000] {taskinstance.py:2651} INFO - 1 downstream tasks scheduled from follow-on schedule check
[2023-05-25T06:54:59.692+0000] {taskinstance.py:1103} INFO - Dependencies all met for dep_context=non-requeueable deps ti=<TaskInstance: dag_with_taskflow_api_v02.get_name scheduled__2022-06-04T00:00:00+00:00 [queued]>
[2023-05-25T06:54:59.752+0000] {taskinstance.py:1103} INFO - Dependencies all met for dep_context=requeueable deps ti=<TaskInstance: dag_with_taskflow_api_v02.get_name scheduled__2022-06-04T00:00:00+00:00 [queued]>
[2023-05-25T06:54:59.758+0000] {taskinstance.py:1308} INFO - Starting attempt 1 of 6
[2023-05-25T06:54:59.988+0000] {taskinstance.py:1327} INFO - Executing <Task(_PythonDecoratedOperator): get_name> on 2022-06-04 00:00:00+00:00
[2023-05-25T06:55:00.015+0000] {standard_task_runner.py:57} INFO - Started process 3206 to run task
[2023-05-25T06:55:00.029+0000] {standard_task_runner.py:84} INFO - Running: ['***', 'tasks', 'run', 'dag_with_taskflow_api_v02', 'get_name', 'scheduled__2022-06-04T00:00:00+00:00', '--job-id', '664', '--raw', '--subdir', 'DAGS_FOLDER/first_dag.py', '--cfg-path', '/tmp/tmps5hh4_xm']
[2023-05-25T06:55:00.054+0000] {standard_task_runner.py:85} INFO - Job 664: Subtask get_name
[2023-05-25T06:55:00.454+0000] {task_command.py:410} INFO - Running <TaskInstance: dag_with_taskflow_api_v02.get_name scheduled__2022-06-04T00:00:00+00:00 [running]> on host 6bd07c7477d9
[2023-05-25T06:55:02.262+0000] {taskinstance.py:1547} INFO - Exporting env vars: AIRFLOW_CTX_DAG_OWNER='Sai' AIRFLOW_CTX_DAG_ID='dag_with_taskflow_api_v02' AIRFLOW_CTX_TASK_ID='get_name' AIRFLOW_CTX_EXECUTION_DATE='2022-06-04T00:00:00+00:00' AIRFLOW_CTX_TRY_NUMBER='1' AIRFLOW_CTX_DAG_RUN_ID='scheduled__2022-06-04T00:00:00+00:00'
[2023-05-25T06:55:02.264+0000] {python.py:183} INFO - Done. Returned value was: {'first_name': 'Sai', 'last_name': 'Tr'}
[2023-05-25T06:55:02.555+0000] {taskinstance.py:1350} INFO - Marking task as SUCCESS. dag_id=dag_with_taskflow_api_v02, task_id=get_name, execution_date=20220604T000000, start_date=20230525T065459, end_date=20230525T065502
[2023-05-25T06:55:02.732+0000] {local_task_job_runner.py:225} INFO - Task exited with return code 0
[2023-05-25T06:55:03.019+0000] {taskinstance.py:2651} INFO - 1 downstream tasks scheduled from follow-on schedule check
[2023-05-25T10:26:27.908+0000] {taskinstance.py:1103} INFO - Dependencies all met for dep_context=non-requeueable deps ti=<TaskInstance: dag_with_taskflow_api_v02.get_name scheduled__2022-06-04T00:00:00+00:00 [queued]>
[2023-05-25T10:26:28.008+0000] {taskinstance.py:1103} INFO - Dependencies all met for dep_context=requeueable deps ti=<TaskInstance: dag_with_taskflow_api_v02.get_name scheduled__2022-06-04T00:00:00+00:00 [queued]>
[2023-05-25T10:26:28.008+0000] {taskinstance.py:1308} INFO - Starting attempt 1 of 6
[2023-05-25T10:26:28.203+0000] {taskinstance.py:1327} INFO - Executing <Task(_PythonDecoratedOperator): get_name> on 2022-06-04 00:00:00+00:00
[2023-05-25T10:26:28.232+0000] {standard_task_runner.py:57} INFO - Started process 2801 to run task
[2023-05-25T10:26:28.270+0000] {standard_task_runner.py:84} INFO - Running: ['***', 'tasks', 'run', 'dag_with_taskflow_api_v02', 'get_name', 'scheduled__2022-06-04T00:00:00+00:00', '--job-id', '679', '--raw', '--subdir', 'DAGS_FOLDER/first_dag.py', '--cfg-path', '/tmp/tmp96mp895x']
[2023-05-25T10:26:28.334+0000] {standard_task_runner.py:85} INFO - Job 679: Subtask get_name
[2023-05-25T10:26:28.735+0000] {task_command.py:410} INFO - Running <TaskInstance: dag_with_taskflow_api_v02.get_name scheduled__2022-06-04T00:00:00+00:00 [running]> on host b1ae37a9584e
[2023-05-25T10:26:29.768+0000] {taskinstance.py:1547} INFO - Exporting env vars: AIRFLOW_CTX_DAG_OWNER='Sai' AIRFLOW_CTX_DAG_ID='dag_with_taskflow_api_v02' AIRFLOW_CTX_TASK_ID='get_name' AIRFLOW_CTX_EXECUTION_DATE='2022-06-04T00:00:00+00:00' AIRFLOW_CTX_TRY_NUMBER='1' AIRFLOW_CTX_DAG_RUN_ID='scheduled__2022-06-04T00:00:00+00:00'
[2023-05-25T10:26:29.770+0000] {python.py:183} INFO - Done. Returned value was: {'first_name': 'Sai', 'last_name': 'Tr'}
[2023-05-25T10:26:30.153+0000] {taskinstance.py:1350} INFO - Marking task as SUCCESS. dag_id=dag_with_taskflow_api_v02, task_id=get_name, execution_date=20220604T000000, start_date=20230525T102627, end_date=20230525T102630
[2023-05-25T10:26:30.513+0000] {local_task_job_runner.py:225} INFO - Task exited with return code 0
[2023-05-25T10:26:30.965+0000] {taskinstance.py:2651} INFO - 0 downstream tasks scheduled from follow-on schedule check
