[2023-05-24T15:30:26.344+0000] {taskinstance.py:1103} INFO - Dependencies all met for dep_context=non-requeueable deps ti=<TaskInstance: dag_with_taskflow_api_v02.greet scheduled__2023-03-17T00:00:00+00:00 [queued]>
[2023-05-24T15:30:26.431+0000] {taskinstance.py:1103} INFO - Dependencies all met for dep_context=requeueable deps ti=<TaskInstance: dag_with_taskflow_api_v02.greet scheduled__2023-03-17T00:00:00+00:00 [queued]>
[2023-05-24T15:30:26.432+0000] {taskinstance.py:1308} INFO - Starting attempt 1 of 6
[2023-05-24T15:30:26.955+0000] {taskinstance.py:1327} INFO - Executing <Task(_PythonDecoratedOperator): greet> on 2023-03-17 00:00:00+00:00
[2023-05-24T15:30:26.964+0000] {standard_task_runner.py:57} INFO - Started process 3633 to run task
[2023-05-24T15:30:26.989+0000] {standard_task_runner.py:84} INFO - Running: ['***', 'tasks', 'run', 'dag_with_taskflow_api_v02', 'greet', 'scheduled__2023-03-17T00:00:00+00:00', '--job-id', '1543', '--raw', '--subdir', 'DAGS_FOLDER/first_dag.py', '--cfg-path', '/tmp/tmpv72tjn9y']
[2023-05-24T15:30:26.992+0000] {standard_task_runner.py:85} INFO - Job 1543: Subtask greet
[2023-05-24T15:30:27.355+0000] {task_command.py:410} INFO - Running <TaskInstance: dag_with_taskflow_api_v02.greet scheduled__2023-03-17T00:00:00+00:00 [running]> on host 942de29f183d
[2023-05-24T15:30:28.096+0000] {taskinstance.py:1547} INFO - Exporting env vars: AIRFLOW_CTX_DAG_OWNER='Sai' AIRFLOW_CTX_DAG_ID='dag_with_taskflow_api_v02' AIRFLOW_CTX_TASK_ID='greet' AIRFLOW_CTX_EXECUTION_DATE='2023-03-17T00:00:00+00:00' AIRFLOW_CTX_TRY_NUMBER='1' AIRFLOW_CTX_DAG_RUN_ID='scheduled__2023-03-17T00:00:00+00:00'
[2023-05-24T15:30:28.097+0000] {logging_mixin.py:149} INFO - Hello World! My name is Sai Tr and I am 19 years old!
[2023-05-24T15:30:28.097+0000] {python.py:183} INFO - Done. Returned value was: None
[2023-05-24T15:30:28.140+0000] {taskinstance.py:1350} INFO - Marking task as SUCCESS. dag_id=dag_with_taskflow_api_v02, task_id=greet, execution_date=20230317T000000, start_date=20230524T153026, end_date=20230524T153028
[2023-05-24T15:30:28.221+0000] {local_task_job_runner.py:225} INFO - Task exited with return code 0
[2023-05-24T15:30:28.364+0000] {taskinstance.py:2651} INFO - 0 downstream tasks scheduled from follow-on schedule check
[2023-05-25T07:02:58.792+0000] {taskinstance.py:1103} INFO - Dependencies all met for dep_context=non-requeueable deps ti=<TaskInstance: dag_with_taskflow_api_v02.greet scheduled__2023-03-17T00:00:00+00:00 [queued]>
[2023-05-25T07:02:58.934+0000] {taskinstance.py:1103} INFO - Dependencies all met for dep_context=requeueable deps ti=<TaskInstance: dag_with_taskflow_api_v02.greet scheduled__2023-03-17T00:00:00+00:00 [queued]>
[2023-05-25T07:02:58.934+0000] {taskinstance.py:1308} INFO - Starting attempt 1 of 6
[2023-05-25T07:02:59.393+0000] {taskinstance.py:1327} INFO - Executing <Task(_PythonDecoratedOperator): greet> on 2023-03-17 00:00:00+00:00
[2023-05-25T07:02:59.407+0000] {standard_task_runner.py:57} INFO - Started process 5152 to run task
[2023-05-25T07:02:59.443+0000] {standard_task_runner.py:84} INFO - Running: ['***', 'tasks', 'run', 'dag_with_taskflow_api_v02', 'greet', 'scheduled__2023-03-17T00:00:00+00:00', '--job-id', '1542', '--raw', '--subdir', 'DAGS_FOLDER/first_dag.py', '--cfg-path', '/tmp/tmpcckif4x0']
[2023-05-25T07:02:59.505+0000] {standard_task_runner.py:85} INFO - Job 1542: Subtask greet
[2023-05-25T07:02:59.799+0000] {task_command.py:410} INFO - Running <TaskInstance: dag_with_taskflow_api_v02.greet scheduled__2023-03-17T00:00:00+00:00 [running]> on host 6bd07c7477d9
[2023-05-25T07:03:00.733+0000] {taskinstance.py:1547} INFO - Exporting env vars: AIRFLOW_CTX_DAG_OWNER='Sai' AIRFLOW_CTX_DAG_ID='dag_with_taskflow_api_v02' AIRFLOW_CTX_TASK_ID='greet' AIRFLOW_CTX_EXECUTION_DATE='2023-03-17T00:00:00+00:00' AIRFLOW_CTX_TRY_NUMBER='1' AIRFLOW_CTX_DAG_RUN_ID='scheduled__2023-03-17T00:00:00+00:00'
[2023-05-25T07:03:00.743+0000] {logging_mixin.py:149} INFO - Hello World! My name is Sai Tr and I am 19 years old!
[2023-05-25T07:03:00.744+0000] {python.py:183} INFO - Done. Returned value was: None
[2023-05-25T07:03:00.804+0000] {taskinstance.py:1350} INFO - Marking task as SUCCESS. dag_id=dag_with_taskflow_api_v02, task_id=greet, execution_date=20230317T000000, start_date=20230525T070258, end_date=20230525T070300
[2023-05-25T07:03:01.021+0000] {local_task_job_runner.py:225} INFO - Task exited with return code 0
[2023-05-25T07:03:01.182+0000] {taskinstance.py:2651} INFO - 0 downstream tasks scheduled from follow-on schedule check
[2023-05-25T10:37:20.897+0000] {taskinstance.py:1103} INFO - Dependencies all met for dep_context=non-requeueable deps ti=<TaskInstance: dag_with_taskflow_api_v02.greet scheduled__2023-03-17T00:00:00+00:00 [queued]>
[2023-05-25T10:37:20.929+0000] {taskinstance.py:1103} INFO - Dependencies all met for dep_context=requeueable deps ti=<TaskInstance: dag_with_taskflow_api_v02.greet scheduled__2023-03-17T00:00:00+00:00 [queued]>
[2023-05-25T10:37:20.929+0000] {taskinstance.py:1308} INFO - Starting attempt 1 of 6
[2023-05-25T10:37:20.971+0000] {taskinstance.py:1327} INFO - Executing <Task(_PythonDecoratedOperator): greet> on 2023-03-17 00:00:00+00:00
[2023-05-25T10:37:20.982+0000] {standard_task_runner.py:57} INFO - Started process 4774 to run task
[2023-05-25T10:37:20.992+0000] {standard_task_runner.py:84} INFO - Running: ['***', 'tasks', 'run', 'dag_with_taskflow_api_v02', 'greet', 'scheduled__2023-03-17T00:00:00+00:00', '--job-id', '1546', '--raw', '--subdir', 'DAGS_FOLDER/first_dag.py', '--cfg-path', '/tmp/tmpwreofwuz']
[2023-05-25T10:37:20.995+0000] {standard_task_runner.py:85} INFO - Job 1546: Subtask greet
[2023-05-25T10:37:21.097+0000] {task_command.py:410} INFO - Running <TaskInstance: dag_with_taskflow_api_v02.greet scheduled__2023-03-17T00:00:00+00:00 [running]> on host b1ae37a9584e
[2023-05-25T10:37:21.452+0000] {taskinstance.py:1547} INFO - Exporting env vars: AIRFLOW_CTX_DAG_OWNER='Sai' AIRFLOW_CTX_DAG_ID='dag_with_taskflow_api_v02' AIRFLOW_CTX_TASK_ID='greet' AIRFLOW_CTX_EXECUTION_DATE='2023-03-17T00:00:00+00:00' AIRFLOW_CTX_TRY_NUMBER='1' AIRFLOW_CTX_DAG_RUN_ID='scheduled__2023-03-17T00:00:00+00:00'
[2023-05-25T10:37:21.454+0000] {logging_mixin.py:149} INFO - Hello World! My name is Sai Tr and I am 19 years old!
[2023-05-25T10:37:21.454+0000] {python.py:183} INFO - Done. Returned value was: None
[2023-05-25T10:37:21.488+0000] {taskinstance.py:1350} INFO - Marking task as SUCCESS. dag_id=dag_with_taskflow_api_v02, task_id=greet, execution_date=20230317T000000, start_date=20230525T103720, end_date=20230525T103721
[2023-05-25T10:37:21.612+0000] {local_task_job_runner.py:225} INFO - Task exited with return code 0
[2023-05-25T10:37:21.669+0000] {taskinstance.py:2651} INFO - 0 downstream tasks scheduled from follow-on schedule check
