[2023-05-24T15:22:18.648+0000] {taskinstance.py:1103} INFO - Dependencies all met for dep_context=non-requeueable deps ti=<TaskInstance: dag_with_taskflow_api_v02.get_name scheduled__2022-06-09T00:00:00+00:00 [queued]>
[2023-05-24T15:22:18.821+0000] {taskinstance.py:1103} INFO - Dependencies all met for dep_context=requeueable deps ti=<TaskInstance: dag_with_taskflow_api_v02.get_name scheduled__2022-06-09T00:00:00+00:00 [queued]>
[2023-05-24T15:22:18.829+0000] {taskinstance.py:1308} INFO - Starting attempt 1 of 6
[2023-05-24T15:22:19.028+0000] {taskinstance.py:1327} INFO - Executing <Task(_PythonDecoratedOperator): get_name> on 2022-06-09 00:00:00+00:00
[2023-05-24T15:22:19.035+0000] {standard_task_runner.py:57} INFO - Started process 1712 to run task
[2023-05-24T15:22:19.069+0000] {standard_task_runner.py:84} INFO - Running: ['***', 'tasks', 'run', 'dag_with_taskflow_api_v02', 'get_name', 'scheduled__2022-06-09T00:00:00+00:00', '--job-id', '677', '--raw', '--subdir', 'DAGS_FOLDER/first_dag.py', '--cfg-path', '/tmp/tmpxay2euqt']
[2023-05-24T15:22:19.076+0000] {standard_task_runner.py:85} INFO - Job 677: Subtask get_name
[2023-05-24T15:22:19.332+0000] {task_command.py:410} INFO - Running <TaskInstance: dag_with_taskflow_api_v02.get_name scheduled__2022-06-09T00:00:00+00:00 [running]> on host 942de29f183d
[2023-05-24T15:22:20.044+0000] {taskinstance.py:1547} INFO - Exporting env vars: AIRFLOW_CTX_DAG_OWNER='Sai' AIRFLOW_CTX_DAG_ID='dag_with_taskflow_api_v02' AIRFLOW_CTX_TASK_ID='get_name' AIRFLOW_CTX_EXECUTION_DATE='2022-06-09T00:00:00+00:00' AIRFLOW_CTX_TRY_NUMBER='1' AIRFLOW_CTX_DAG_RUN_ID='scheduled__2022-06-09T00:00:00+00:00'
[2023-05-24T15:22:20.046+0000] {python.py:183} INFO - Done. Returned value was: {'first_name': 'Sai', 'last_name': 'Tr'}
[2023-05-24T15:22:20.300+0000] {taskinstance.py:1350} INFO - Marking task as SUCCESS. dag_id=dag_with_taskflow_api_v02, task_id=get_name, execution_date=20220609T000000, start_date=20230524T152218, end_date=20230524T152220
[2023-05-24T15:22:20.528+0000] {local_task_job_runner.py:225} INFO - Task exited with return code 0
[2023-05-24T15:22:20.747+0000] {taskinstance.py:2651} INFO - 1 downstream tasks scheduled from follow-on schedule check
[2023-05-25T06:55:04.612+0000] {taskinstance.py:1103} INFO - Dependencies all met for dep_context=non-requeueable deps ti=<TaskInstance: dag_with_taskflow_api_v02.get_name scheduled__2022-06-09T00:00:00+00:00 [queued]>
[2023-05-25T06:55:04.726+0000] {taskinstance.py:1103} INFO - Dependencies all met for dep_context=requeueable deps ti=<TaskInstance: dag_with_taskflow_api_v02.get_name scheduled__2022-06-09T00:00:00+00:00 [queued]>
[2023-05-25T06:55:04.726+0000] {taskinstance.py:1308} INFO - Starting attempt 1 of 6
[2023-05-25T06:55:05.912+0000] {taskinstance.py:1327} INFO - Executing <Task(_PythonDecoratedOperator): get_name> on 2022-06-09 00:00:00+00:00
[2023-05-25T06:55:05.920+0000] {standard_task_runner.py:57} INFO - Started process 3230 to run task
[2023-05-25T06:55:05.971+0000] {standard_task_runner.py:84} INFO - Running: ['***', 'tasks', 'run', 'dag_with_taskflow_api_v02', 'get_name', 'scheduled__2022-06-09T00:00:00+00:00', '--job-id', '674', '--raw', '--subdir', 'DAGS_FOLDER/first_dag.py', '--cfg-path', '/tmp/tmpko2pujce']
[2023-05-25T06:55:05.998+0000] {standard_task_runner.py:85} INFO - Job 674: Subtask get_name
[2023-05-25T06:55:06.352+0000] {task_command.py:410} INFO - Running <TaskInstance: dag_with_taskflow_api_v02.get_name scheduled__2022-06-09T00:00:00+00:00 [running]> on host 6bd07c7477d9
[2023-05-25T06:55:06.970+0000] {taskinstance.py:1547} INFO - Exporting env vars: AIRFLOW_CTX_DAG_OWNER='Sai' AIRFLOW_CTX_DAG_ID='dag_with_taskflow_api_v02' AIRFLOW_CTX_TASK_ID='get_name' AIRFLOW_CTX_EXECUTION_DATE='2022-06-09T00:00:00+00:00' AIRFLOW_CTX_TRY_NUMBER='1' AIRFLOW_CTX_DAG_RUN_ID='scheduled__2022-06-09T00:00:00+00:00'
[2023-05-25T06:55:06.971+0000] {python.py:183} INFO - Done. Returned value was: {'first_name': 'Sai', 'last_name': 'Tr'}
[2023-05-25T06:55:07.160+0000] {taskinstance.py:1350} INFO - Marking task as SUCCESS. dag_id=dag_with_taskflow_api_v02, task_id=get_name, execution_date=20220609T000000, start_date=20230525T065504, end_date=20230525T065507
[2023-05-25T06:55:07.319+0000] {local_task_job_runner.py:225} INFO - Task exited with return code 0
[2023-05-25T06:55:07.833+0000] {taskinstance.py:2651} INFO - 1 downstream tasks scheduled from follow-on schedule check
[2023-05-25T10:26:34.134+0000] {taskinstance.py:1103} INFO - Dependencies all met for dep_context=non-requeueable deps ti=<TaskInstance: dag_with_taskflow_api_v02.get_name scheduled__2022-06-09T00:00:00+00:00 [queued]>
[2023-05-25T10:26:34.167+0000] {taskinstance.py:1103} INFO - Dependencies all met for dep_context=requeueable deps ti=<TaskInstance: dag_with_taskflow_api_v02.get_name scheduled__2022-06-09T00:00:00+00:00 [queued]>
[2023-05-25T10:26:34.168+0000] {taskinstance.py:1308} INFO - Starting attempt 1 of 6
[2023-05-25T10:26:34.207+0000] {taskinstance.py:1327} INFO - Executing <Task(_PythonDecoratedOperator): get_name> on 2022-06-09 00:00:00+00:00
[2023-05-25T10:26:34.219+0000] {standard_task_runner.py:57} INFO - Started process 2822 to run task
[2023-05-25T10:26:34.236+0000] {standard_task_runner.py:84} INFO - Running: ['***', 'tasks', 'run', 'dag_with_taskflow_api_v02', 'get_name', 'scheduled__2022-06-09T00:00:00+00:00', '--job-id', '689', '--raw', '--subdir', 'DAGS_FOLDER/first_dag.py', '--cfg-path', '/tmp/tmpivkoh0qr']
[2023-05-25T10:26:34.240+0000] {standard_task_runner.py:85} INFO - Job 689: Subtask get_name
[2023-05-25T10:26:34.585+0000] {task_command.py:410} INFO - Running <TaskInstance: dag_with_taskflow_api_v02.get_name scheduled__2022-06-09T00:00:00+00:00 [running]> on host b1ae37a9584e
[2023-05-25T10:26:35.341+0000] {taskinstance.py:1547} INFO - Exporting env vars: AIRFLOW_CTX_DAG_OWNER='Sai' AIRFLOW_CTX_DAG_ID='dag_with_taskflow_api_v02' AIRFLOW_CTX_TASK_ID='get_name' AIRFLOW_CTX_EXECUTION_DATE='2022-06-09T00:00:00+00:00' AIRFLOW_CTX_TRY_NUMBER='1' AIRFLOW_CTX_DAG_RUN_ID='scheduled__2022-06-09T00:00:00+00:00'
[2023-05-25T10:26:35.346+0000] {python.py:183} INFO - Done. Returned value was: {'first_name': 'Sai', 'last_name': 'Tr'}
[2023-05-25T10:26:35.585+0000] {taskinstance.py:1350} INFO - Marking task as SUCCESS. dag_id=dag_with_taskflow_api_v02, task_id=get_name, execution_date=20220609T000000, start_date=20230525T102634, end_date=20230525T102635
[2023-05-25T10:26:35.778+0000] {local_task_job_runner.py:225} INFO - Task exited with return code 0
[2023-05-25T10:26:35.964+0000] {taskinstance.py:2651} INFO - 1 downstream tasks scheduled from follow-on schedule check
