[2023-05-24T15:17:15.450+0000] {taskinstance.py:1103} INFO - Dependencies all met for dep_context=non-requeueable deps ti=<TaskInstance: dag_with_taskflow_api_v02.greet scheduled__2021-12-31T00:00:00+00:00 [queued]>
[2023-05-24T15:17:15.564+0000] {taskinstance.py:1103} INFO - Dependencies all met for dep_context=requeueable deps ti=<TaskInstance: dag_with_taskflow_api_v02.greet scheduled__2021-12-31T00:00:00+00:00 [queued]>
[2023-05-24T15:17:15.564+0000] {taskinstance.py:1308} INFO - Starting attempt 1 of 6
[2023-05-24T15:17:15.633+0000] {taskinstance.py:1327} INFO - Executing <Task(_PythonDecoratedOperator): greet> on 2021-12-31 00:00:00+00:00
[2023-05-24T15:17:15.657+0000] {standard_task_runner.py:57} INFO - Started process 663 to run task
[2023-05-24T15:17:15.672+0000] {standard_task_runner.py:84} INFO - Running: ['***', 'tasks', 'run', 'dag_with_taskflow_api_v02', 'greet', 'scheduled__2021-12-31T00:00:00+00:00', '--job-id', '216', '--raw', '--subdir', 'DAGS_FOLDER/first_dag.py', '--cfg-path', '/tmp/tmpa0a1epal']
[2023-05-24T15:17:15.675+0000] {standard_task_runner.py:85} INFO - Job 216: Subtask greet
[2023-05-24T15:17:16.022+0000] {task_command.py:410} INFO - Running <TaskInstance: dag_with_taskflow_api_v02.greet scheduled__2021-12-31T00:00:00+00:00 [running]> on host 942de29f183d
[2023-05-24T15:17:16.611+0000] {taskinstance.py:1547} INFO - Exporting env vars: AIRFLOW_CTX_DAG_OWNER='Sai' AIRFLOW_CTX_DAG_ID='dag_with_taskflow_api_v02' AIRFLOW_CTX_TASK_ID='greet' AIRFLOW_CTX_EXECUTION_DATE='2021-12-31T00:00:00+00:00' AIRFLOW_CTX_TRY_NUMBER='1' AIRFLOW_CTX_DAG_RUN_ID='scheduled__2021-12-31T00:00:00+00:00'
[2023-05-24T15:17:16.612+0000] {logging_mixin.py:149} INFO - Hello World! My name is Sai Tr and I am 19 years old!
[2023-05-24T15:17:16.613+0000] {python.py:183} INFO - Done. Returned value was: None
[2023-05-24T15:17:16.657+0000] {taskinstance.py:1350} INFO - Marking task as SUCCESS. dag_id=dag_with_taskflow_api_v02, task_id=greet, execution_date=20211231T000000, start_date=20230524T151715, end_date=20230524T151716
[2023-05-24T15:17:16.743+0000] {local_task_job_runner.py:225} INFO - Task exited with return code 0
[2023-05-24T15:17:16.829+0000] {taskinstance.py:2651} INFO - 0 downstream tasks scheduled from follow-on schedule check
[2023-05-25T06:50:58.971+0000] {taskinstance.py:1103} INFO - Dependencies all met for dep_context=non-requeueable deps ti=<TaskInstance: dag_with_taskflow_api_v02.greet scheduled__2021-12-31T00:00:00+00:00 [queued]>
[2023-05-25T06:50:59.042+0000] {taskinstance.py:1103} INFO - Dependencies all met for dep_context=requeueable deps ti=<TaskInstance: dag_with_taskflow_api_v02.greet scheduled__2021-12-31T00:00:00+00:00 [queued]>
[2023-05-25T06:50:59.043+0000] {taskinstance.py:1308} INFO - Starting attempt 1 of 6
[2023-05-25T06:50:59.170+0000] {taskinstance.py:1327} INFO - Executing <Task(_PythonDecoratedOperator): greet> on 2021-12-31 00:00:00+00:00
[2023-05-25T06:50:59.181+0000] {standard_task_runner.py:57} INFO - Started process 2221 to run task
[2023-05-25T06:50:59.209+0000] {standard_task_runner.py:84} INFO - Running: ['***', 'tasks', 'run', 'dag_with_taskflow_api_v02', 'greet', 'scheduled__2021-12-31T00:00:00+00:00', '--job-id', '222', '--raw', '--subdir', 'DAGS_FOLDER/first_dag.py', '--cfg-path', '/tmp/tmpuu9494z0']
[2023-05-25T06:50:59.228+0000] {standard_task_runner.py:85} INFO - Job 222: Subtask greet
[2023-05-25T06:50:59.535+0000] {task_command.py:410} INFO - Running <TaskInstance: dag_with_taskflow_api_v02.greet scheduled__2021-12-31T00:00:00+00:00 [running]> on host 6bd07c7477d9
[2023-05-25T06:51:00.377+0000] {taskinstance.py:1547} INFO - Exporting env vars: AIRFLOW_CTX_DAG_OWNER='Sai' AIRFLOW_CTX_DAG_ID='dag_with_taskflow_api_v02' AIRFLOW_CTX_TASK_ID='greet' AIRFLOW_CTX_EXECUTION_DATE='2021-12-31T00:00:00+00:00' AIRFLOW_CTX_TRY_NUMBER='1' AIRFLOW_CTX_DAG_RUN_ID='scheduled__2021-12-31T00:00:00+00:00'
[2023-05-25T06:51:00.382+0000] {logging_mixin.py:149} INFO - Hello World! My name is Sai Tr and I am 19 years old!
[2023-05-25T06:51:00.383+0000] {python.py:183} INFO - Done. Returned value was: None
[2023-05-25T06:51:00.434+0000] {taskinstance.py:1350} INFO - Marking task as SUCCESS. dag_id=dag_with_taskflow_api_v02, task_id=greet, execution_date=20211231T000000, start_date=20230525T065058, end_date=20230525T065100
[2023-05-25T06:51:00.497+0000] {local_task_job_runner.py:225} INFO - Task exited with return code 0
[2023-05-25T06:51:00.603+0000] {taskinstance.py:2651} INFO - 0 downstream tasks scheduled from follow-on schedule check
[2023-05-25T10:21:18.103+0000] {taskinstance.py:1103} INFO - Dependencies all met for dep_context=non-requeueable deps ti=<TaskInstance: dag_with_taskflow_api_v02.greet scheduled__2021-12-31T00:00:00+00:00 [queued]>
[2023-05-25T10:21:18.165+0000] {taskinstance.py:1103} INFO - Dependencies all met for dep_context=requeueable deps ti=<TaskInstance: dag_with_taskflow_api_v02.greet scheduled__2021-12-31T00:00:00+00:00 [queued]>
[2023-05-25T10:21:18.165+0000] {taskinstance.py:1308} INFO - Starting attempt 1 of 6
[2023-05-25T10:21:18.311+0000] {taskinstance.py:1327} INFO - Executing <Task(_PythonDecoratedOperator): greet> on 2021-12-31 00:00:00+00:00
[2023-05-25T10:21:18.336+0000] {standard_task_runner.py:57} INFO - Started process 1732 to run task
[2023-05-25T10:21:18.352+0000] {standard_task_runner.py:84} INFO - Running: ['***', 'tasks', 'run', 'dag_with_taskflow_api_v02', 'greet', 'scheduled__2021-12-31T00:00:00+00:00', '--job-id', '207', '--raw', '--subdir', 'DAGS_FOLDER/first_dag.py', '--cfg-path', '/tmp/tmpyk6oq7ii']
[2023-05-25T10:21:18.384+0000] {standard_task_runner.py:85} INFO - Job 207: Subtask greet
[2023-05-25T10:21:18.617+0000] {task_command.py:410} INFO - Running <TaskInstance: dag_with_taskflow_api_v02.greet scheduled__2021-12-31T00:00:00+00:00 [running]> on host b1ae37a9584e
[2023-05-25T10:21:19.378+0000] {taskinstance.py:1547} INFO - Exporting env vars: AIRFLOW_CTX_DAG_OWNER='Sai' AIRFLOW_CTX_DAG_ID='dag_with_taskflow_api_v02' AIRFLOW_CTX_TASK_ID='greet' AIRFLOW_CTX_EXECUTION_DATE='2021-12-31T00:00:00+00:00' AIRFLOW_CTX_TRY_NUMBER='1' AIRFLOW_CTX_DAG_RUN_ID='scheduled__2021-12-31T00:00:00+00:00'
[2023-05-25T10:21:19.380+0000] {logging_mixin.py:149} INFO - Hello World! My name is Sai Tr and I am 19 years old!
[2023-05-25T10:21:19.391+0000] {python.py:183} INFO - Done. Returned value was: None
[2023-05-25T10:21:19.472+0000] {taskinstance.py:1350} INFO - Marking task as SUCCESS. dag_id=dag_with_taskflow_api_v02, task_id=greet, execution_date=20211231T000000, start_date=20230525T102118, end_date=20230525T102119
[2023-05-25T10:21:19.536+0000] {local_task_job_runner.py:225} INFO - Task exited with return code 0
[2023-05-25T10:21:19.853+0000] {taskinstance.py:2651} INFO - 0 downstream tasks scheduled from follow-on schedule check
