[2023-05-24T15:27:22.611+0000] {taskinstance.py:1103} INFO - Dependencies all met for dep_context=non-requeueable deps ti=<TaskInstance: dag_with_taskflow_api_v02.greet scheduled__2022-11-28T00:00:00+00:00 [queued]>
[2023-05-24T15:27:22.669+0000] {taskinstance.py:1103} INFO - Dependencies all met for dep_context=requeueable deps ti=<TaskInstance: dag_with_taskflow_api_v02.greet scheduled__2022-11-28T00:00:00+00:00 [queued]>
[2023-05-24T15:27:22.670+0000] {taskinstance.py:1308} INFO - Starting attempt 1 of 6
[2023-05-24T15:27:23.326+0000] {taskinstance.py:1327} INFO - Executing <Task(_PythonDecoratedOperator): greet> on 2022-11-28 00:00:00+00:00
[2023-05-24T15:27:23.344+0000] {standard_task_runner.py:84} INFO - Running: ['***', 'tasks', 'run', 'dag_with_taskflow_api_v02', 'greet', 'scheduled__2022-11-28T00:00:00+00:00', '--job-id', '1212', '--raw', '--subdir', 'DAGS_FOLDER/first_dag.py', '--cfg-path', '/tmp/tmp9nfum93m']
[2023-05-24T15:27:23.348+0000] {standard_task_runner.py:85} INFO - Job 1212: Subtask greet
[2023-05-24T15:27:23.334+0000] {standard_task_runner.py:57} INFO - Started process 2901 to run task
[2023-05-24T15:27:23.614+0000] {task_command.py:410} INFO - Running <TaskInstance: dag_with_taskflow_api_v02.greet scheduled__2022-11-28T00:00:00+00:00 [running]> on host 942de29f183d
[2023-05-24T15:27:24.499+0000] {taskinstance.py:1547} INFO - Exporting env vars: AIRFLOW_CTX_DAG_OWNER='Sai' AIRFLOW_CTX_DAG_ID='dag_with_taskflow_api_v02' AIRFLOW_CTX_TASK_ID='greet' AIRFLOW_CTX_EXECUTION_DATE='2022-11-28T00:00:00+00:00' AIRFLOW_CTX_TRY_NUMBER='1' AIRFLOW_CTX_DAG_RUN_ID='scheduled__2022-11-28T00:00:00+00:00'
[2023-05-24T15:27:24.500+0000] {logging_mixin.py:149} INFO - Hello World! My name is Sai Tr and I am 19 years old!
[2023-05-24T15:27:24.500+0000] {python.py:183} INFO - Done. Returned value was: None
[2023-05-24T15:27:24.537+0000] {taskinstance.py:1350} INFO - Marking task as SUCCESS. dag_id=dag_with_taskflow_api_v02, task_id=greet, execution_date=20221128T000000, start_date=20230524T152722, end_date=20230524T152724
[2023-05-24T15:27:25.142+0000] {local_task_job_runner.py:225} INFO - Task exited with return code 0
[2023-05-24T15:27:25.267+0000] {taskinstance.py:2651} INFO - 0 downstream tasks scheduled from follow-on schedule check
[2023-05-25T06:59:54.314+0000] {taskinstance.py:1103} INFO - Dependencies all met for dep_context=non-requeueable deps ti=<TaskInstance: dag_with_taskflow_api_v02.greet scheduled__2022-11-28T00:00:00+00:00 [queued]>
[2023-05-25T06:59:54.373+0000] {taskinstance.py:1103} INFO - Dependencies all met for dep_context=requeueable deps ti=<TaskInstance: dag_with_taskflow_api_v02.greet scheduled__2022-11-28T00:00:00+00:00 [queued]>
[2023-05-25T06:59:54.373+0000] {taskinstance.py:1308} INFO - Starting attempt 1 of 6
[2023-05-25T06:59:54.633+0000] {taskinstance.py:1327} INFO - Executing <Task(_PythonDecoratedOperator): greet> on 2022-11-28 00:00:00+00:00
[2023-05-25T06:59:54.670+0000] {standard_task_runner.py:84} INFO - Running: ['***', 'tasks', 'run', 'dag_with_taskflow_api_v02', 'greet', 'scheduled__2022-11-28T00:00:00+00:00', '--job-id', '1205', '--raw', '--subdir', 'DAGS_FOLDER/first_dag.py', '--cfg-path', '/tmp/tmpiu38vmfv']
[2023-05-25T06:59:54.641+0000] {standard_task_runner.py:57} INFO - Started process 4402 to run task
[2023-05-25T06:59:54.700+0000] {standard_task_runner.py:85} INFO - Job 1205: Subtask greet
[2023-05-25T06:59:54.935+0000] {task_command.py:410} INFO - Running <TaskInstance: dag_with_taskflow_api_v02.greet scheduled__2022-11-28T00:00:00+00:00 [running]> on host 6bd07c7477d9
[2023-05-25T06:59:55.343+0000] {taskinstance.py:1547} INFO - Exporting env vars: AIRFLOW_CTX_DAG_OWNER='Sai' AIRFLOW_CTX_DAG_ID='dag_with_taskflow_api_v02' AIRFLOW_CTX_TASK_ID='greet' AIRFLOW_CTX_EXECUTION_DATE='2022-11-28T00:00:00+00:00' AIRFLOW_CTX_TRY_NUMBER='1' AIRFLOW_CTX_DAG_RUN_ID='scheduled__2022-11-28T00:00:00+00:00'
[2023-05-25T06:59:55.344+0000] {logging_mixin.py:149} INFO - Hello World! My name is Sai Tr and I am 19 years old!
[2023-05-25T06:59:55.344+0000] {python.py:183} INFO - Done. Returned value was: None
[2023-05-25T06:59:55.373+0000] {taskinstance.py:1350} INFO - Marking task as SUCCESS. dag_id=dag_with_taskflow_api_v02, task_id=greet, execution_date=20221128T000000, start_date=20230525T065954, end_date=20230525T065955
[2023-05-25T06:59:55.445+0000] {local_task_job_runner.py:225} INFO - Task exited with return code 0
[2023-05-25T06:59:55.605+0000] {taskinstance.py:2651} INFO - 0 downstream tasks scheduled from follow-on schedule check
[2023-05-25T10:33:47.208+0000] {taskinstance.py:1103} INFO - Dependencies all met for dep_context=non-requeueable deps ti=<TaskInstance: dag_with_taskflow_api_v02.greet scheduled__2022-11-28T00:00:00+00:00 [queued]>
[2023-05-25T10:33:47.278+0000] {taskinstance.py:1103} INFO - Dependencies all met for dep_context=requeueable deps ti=<TaskInstance: dag_with_taskflow_api_v02.greet scheduled__2022-11-28T00:00:00+00:00 [queued]>
[2023-05-25T10:33:47.278+0000] {taskinstance.py:1308} INFO - Starting attempt 1 of 6
[2023-05-25T10:33:47.619+0000] {taskinstance.py:1327} INFO - Executing <Task(_PythonDecoratedOperator): greet> on 2022-11-28 00:00:00+00:00
[2023-05-25T10:33:47.643+0000] {standard_task_runner.py:57} INFO - Started process 4051 to run task
[2023-05-25T10:33:47.669+0000] {standard_task_runner.py:84} INFO - Running: ['***', 'tasks', 'run', 'dag_with_taskflow_api_v02', 'greet', 'scheduled__2022-11-28T00:00:00+00:00', '--job-id', '1225', '--raw', '--subdir', 'DAGS_FOLDER/first_dag.py', '--cfg-path', '/tmp/tmp1hy38tos']
[2023-05-25T10:33:47.673+0000] {standard_task_runner.py:85} INFO - Job 1225: Subtask greet
[2023-05-25T10:33:47.942+0000] {task_command.py:410} INFO - Running <TaskInstance: dag_with_taskflow_api_v02.greet scheduled__2022-11-28T00:00:00+00:00 [running]> on host b1ae37a9584e
[2023-05-25T10:33:48.618+0000] {taskinstance.py:1547} INFO - Exporting env vars: AIRFLOW_CTX_DAG_OWNER='Sai' AIRFLOW_CTX_DAG_ID='dag_with_taskflow_api_v02' AIRFLOW_CTX_TASK_ID='greet' AIRFLOW_CTX_EXECUTION_DATE='2022-11-28T00:00:00+00:00' AIRFLOW_CTX_TRY_NUMBER='1' AIRFLOW_CTX_DAG_RUN_ID='scheduled__2022-11-28T00:00:00+00:00'
[2023-05-25T10:33:48.619+0000] {logging_mixin.py:149} INFO - Hello World! My name is Sai Tr and I am 19 years old!
[2023-05-25T10:33:48.620+0000] {python.py:183} INFO - Done. Returned value was: None
[2023-05-25T10:33:48.654+0000] {taskinstance.py:1350} INFO - Marking task as SUCCESS. dag_id=dag_with_taskflow_api_v02, task_id=greet, execution_date=20221128T000000, start_date=20230525T103347, end_date=20230525T103348
[2023-05-25T10:33:48.788+0000] {local_task_job_runner.py:225} INFO - Task exited with return code 0
[2023-05-25T10:33:48.914+0000] {taskinstance.py:2651} INFO - 0 downstream tasks scheduled from follow-on schedule check
