[2023-05-24T15:30:17.620+0000] {taskinstance.py:1103} INFO - Dependencies all met for dep_context=non-requeueable deps ti=<TaskInstance: dag_with_taskflow_api_v02.get_age scheduled__2023-03-17T00:00:00+00:00 [queued]>
[2023-05-24T15:30:17.718+0000] {taskinstance.py:1103} INFO - Dependencies all met for dep_context=requeueable deps ti=<TaskInstance: dag_with_taskflow_api_v02.get_age scheduled__2023-03-17T00:00:00+00:00 [queued]>
[2023-05-24T15:30:17.719+0000] {taskinstance.py:1308} INFO - Starting attempt 1 of 6
[2023-05-24T15:30:17.923+0000] {taskinstance.py:1327} INFO - Executing <Task(_PythonDecoratedOperator): get_age> on 2023-03-17 00:00:00+00:00
[2023-05-24T15:30:17.930+0000] {standard_task_runner.py:57} INFO - Started process 3594 to run task
[2023-05-24T15:30:17.958+0000] {standard_task_runner.py:84} INFO - Running: ['***', 'tasks', 'run', 'dag_with_taskflow_api_v02', 'get_age', 'scheduled__2023-03-17T00:00:00+00:00', '--job-id', '1523', '--raw', '--subdir', 'DAGS_FOLDER/first_dag.py', '--cfg-path', '/tmp/tmpyinmwrpa']
[2023-05-24T15:30:17.961+0000] {standard_task_runner.py:85} INFO - Job 1523: Subtask get_age
[2023-05-24T15:30:18.329+0000] {task_command.py:410} INFO - Running <TaskInstance: dag_with_taskflow_api_v02.get_age scheduled__2023-03-17T00:00:00+00:00 [running]> on host 942de29f183d
[2023-05-24T15:30:19.072+0000] {taskinstance.py:1547} INFO - Exporting env vars: AIRFLOW_CTX_DAG_OWNER='Sai' AIRFLOW_CTX_DAG_ID='dag_with_taskflow_api_v02' AIRFLOW_CTX_TASK_ID='get_age' AIRFLOW_CTX_EXECUTION_DATE='2023-03-17T00:00:00+00:00' AIRFLOW_CTX_TRY_NUMBER='1' AIRFLOW_CTX_DAG_RUN_ID='scheduled__2023-03-17T00:00:00+00:00'
[2023-05-24T15:30:19.073+0000] {python.py:183} INFO - Done. Returned value was: 19
[2023-05-24T15:30:19.197+0000] {taskinstance.py:1350} INFO - Marking task as SUCCESS. dag_id=dag_with_taskflow_api_v02, task_id=get_age, execution_date=20230317T000000, start_date=20230524T153017, end_date=20230524T153019
[2023-05-24T15:30:19.433+0000] {local_task_job_runner.py:225} INFO - Task exited with return code 0
[2023-05-24T15:30:19.682+0000] {taskinstance.py:2651} INFO - 1 downstream tasks scheduled from follow-on schedule check
[2023-05-25T07:02:49.828+0000] {taskinstance.py:1103} INFO - Dependencies all met for dep_context=non-requeueable deps ti=<TaskInstance: dag_with_taskflow_api_v02.get_age scheduled__2023-03-17T00:00:00+00:00 [queued]>
[2023-05-25T07:02:49.908+0000] {taskinstance.py:1103} INFO - Dependencies all met for dep_context=requeueable deps ti=<TaskInstance: dag_with_taskflow_api_v02.get_age scheduled__2023-03-17T00:00:00+00:00 [queued]>
[2023-05-25T07:02:49.909+0000] {taskinstance.py:1308} INFO - Starting attempt 1 of 6
[2023-05-25T07:02:50.336+0000] {taskinstance.py:1327} INFO - Executing <Task(_PythonDecoratedOperator): get_age> on 2023-03-17 00:00:00+00:00
[2023-05-25T07:02:50.342+0000] {standard_task_runner.py:57} INFO - Started process 5112 to run task
[2023-05-25T07:02:50.382+0000] {standard_task_runner.py:84} INFO - Running: ['***', 'tasks', 'run', 'dag_with_taskflow_api_v02', 'get_age', 'scheduled__2023-03-17T00:00:00+00:00', '--job-id', '1523', '--raw', '--subdir', 'DAGS_FOLDER/first_dag.py', '--cfg-path', '/tmp/tmpv00mnt4l']
[2023-05-25T07:02:50.397+0000] {standard_task_runner.py:85} INFO - Job 1523: Subtask get_age
[2023-05-25T07:02:50.669+0000] {task_command.py:410} INFO - Running <TaskInstance: dag_with_taskflow_api_v02.get_age scheduled__2023-03-17T00:00:00+00:00 [running]> on host 6bd07c7477d9
[2023-05-25T07:02:51.245+0000] {taskinstance.py:1547} INFO - Exporting env vars: AIRFLOW_CTX_DAG_OWNER='Sai' AIRFLOW_CTX_DAG_ID='dag_with_taskflow_api_v02' AIRFLOW_CTX_TASK_ID='get_age' AIRFLOW_CTX_EXECUTION_DATE='2023-03-17T00:00:00+00:00' AIRFLOW_CTX_TRY_NUMBER='1' AIRFLOW_CTX_DAG_RUN_ID='scheduled__2023-03-17T00:00:00+00:00'
[2023-05-25T07:02:51.246+0000] {python.py:183} INFO - Done. Returned value was: 19
[2023-05-25T07:02:51.362+0000] {taskinstance.py:1350} INFO - Marking task as SUCCESS. dag_id=dag_with_taskflow_api_v02, task_id=get_age, execution_date=20230317T000000, start_date=20230525T070249, end_date=20230525T070251
[2023-05-25T07:02:51.484+0000] {local_task_job_runner.py:225} INFO - Task exited with return code 0
[2023-05-25T07:02:51.818+0000] {taskinstance.py:2651} INFO - 1 downstream tasks scheduled from follow-on schedule check
[2023-05-25T10:37:14.124+0000] {taskinstance.py:1103} INFO - Dependencies all met for dep_context=non-requeueable deps ti=<TaskInstance: dag_with_taskflow_api_v02.get_age scheduled__2023-03-17T00:00:00+00:00 [queued]>
[2023-05-25T10:37:14.304+0000] {taskinstance.py:1103} INFO - Dependencies all met for dep_context=requeueable deps ti=<TaskInstance: dag_with_taskflow_api_v02.get_age scheduled__2023-03-17T00:00:00+00:00 [queued]>
[2023-05-25T10:37:14.304+0000] {taskinstance.py:1308} INFO - Starting attempt 1 of 6
[2023-05-25T10:37:14.770+0000] {taskinstance.py:1327} INFO - Executing <Task(_PythonDecoratedOperator): get_age> on 2023-03-17 00:00:00+00:00
[2023-05-25T10:37:14.810+0000] {standard_task_runner.py:57} INFO - Started process 4751 to run task
[2023-05-25T10:37:14.882+0000] {standard_task_runner.py:84} INFO - Running: ['***', 'tasks', 'run', 'dag_with_taskflow_api_v02', 'get_age', 'scheduled__2023-03-17T00:00:00+00:00', '--job-id', '1533', '--raw', '--subdir', 'DAGS_FOLDER/first_dag.py', '--cfg-path', '/tmp/tmpjquc8z6z']
[2023-05-25T10:37:14.885+0000] {standard_task_runner.py:85} INFO - Job 1533: Subtask get_age
[2023-05-25T10:37:15.396+0000] {task_command.py:410} INFO - Running <TaskInstance: dag_with_taskflow_api_v02.get_age scheduled__2023-03-17T00:00:00+00:00 [running]> on host b1ae37a9584e
[2023-05-25T10:37:16.402+0000] {taskinstance.py:1547} INFO - Exporting env vars: AIRFLOW_CTX_DAG_OWNER='Sai' AIRFLOW_CTX_DAG_ID='dag_with_taskflow_api_v02' AIRFLOW_CTX_TASK_ID='get_age' AIRFLOW_CTX_EXECUTION_DATE='2023-03-17T00:00:00+00:00' AIRFLOW_CTX_TRY_NUMBER='1' AIRFLOW_CTX_DAG_RUN_ID='scheduled__2023-03-17T00:00:00+00:00'
[2023-05-25T10:37:16.403+0000] {python.py:183} INFO - Done. Returned value was: 19
[2023-05-25T10:37:16.495+0000] {taskinstance.py:1350} INFO - Marking task as SUCCESS. dag_id=dag_with_taskflow_api_v02, task_id=get_age, execution_date=20230317T000000, start_date=20230525T103714, end_date=20230525T103716
[2023-05-25T10:37:16.579+0000] {local_task_job_runner.py:225} INFO - Task exited with return code 0
[2023-05-25T10:37:16.768+0000] {taskinstance.py:2651} INFO - 1 downstream tasks scheduled from follow-on schedule check
