[2023-05-24T15:16:27.587+0000] {taskinstance.py:1103} INFO - Dependencies all met for dep_context=non-requeueable deps ti=<TaskInstance: dag_with_taskflow_api_v02.greet scheduled__2021-12-03T00:00:00+00:00 [queued]>
[2023-05-24T15:16:27.634+0000] {taskinstance.py:1103} INFO - Dependencies all met for dep_context=requeueable deps ti=<TaskInstance: dag_with_taskflow_api_v02.greet scheduled__2021-12-03T00:00:00+00:00 [queued]>
[2023-05-24T15:16:27.635+0000] {taskinstance.py:1308} INFO - Starting attempt 1 of 6
[2023-05-24T15:16:27.719+0000] {taskinstance.py:1327} INFO - Executing <Task(_PythonDecoratedOperator): greet> on 2021-12-03 00:00:00+00:00
[2023-05-24T15:16:27.760+0000] {standard_task_runner.py:57} INFO - Started process 476 to run task
[2023-05-24T15:16:27.804+0000] {standard_task_runner.py:84} INFO - Running: ['***', 'tasks', 'run', 'dag_with_taskflow_api_v02', 'greet', 'scheduled__2021-12-03T00:00:00+00:00', '--job-id', '131', '--raw', '--subdir', 'DAGS_FOLDER/first_dag.py', '--cfg-path', '/tmp/tmpo_4g3sbe']
[2023-05-24T15:16:27.824+0000] {standard_task_runner.py:85} INFO - Job 131: Subtask greet
[2023-05-24T15:16:27.944+0000] {task_command.py:410} INFO - Running <TaskInstance: dag_with_taskflow_api_v02.greet scheduled__2021-12-03T00:00:00+00:00 [running]> on host 942de29f183d
[2023-05-24T15:16:28.383+0000] {taskinstance.py:1547} INFO - Exporting env vars: AIRFLOW_CTX_DAG_OWNER='Sai' AIRFLOW_CTX_DAG_ID='dag_with_taskflow_api_v02' AIRFLOW_CTX_TASK_ID='greet' AIRFLOW_CTX_EXECUTION_DATE='2021-12-03T00:00:00+00:00' AIRFLOW_CTX_TRY_NUMBER='1' AIRFLOW_CTX_DAG_RUN_ID='scheduled__2021-12-03T00:00:00+00:00'
[2023-05-24T15:16:28.385+0000] {logging_mixin.py:149} INFO - Hello World! My name is Sai Tr and I am 19 years old!
[2023-05-24T15:16:28.385+0000] {python.py:183} INFO - Done. Returned value was: None
[2023-05-24T15:16:28.409+0000] {taskinstance.py:1350} INFO - Marking task as SUCCESS. dag_id=dag_with_taskflow_api_v02, task_id=greet, execution_date=20211203T000000, start_date=20230524T151627, end_date=20230524T151628
[2023-05-24T15:16:28.500+0000] {local_task_job_runner.py:225} INFO - Task exited with return code 0
[2023-05-24T15:16:28.567+0000] {taskinstance.py:2651} INFO - 0 downstream tasks scheduled from follow-on schedule check
[2023-05-25T06:50:08.521+0000] {taskinstance.py:1103} INFO - Dependencies all met for dep_context=non-requeueable deps ti=<TaskInstance: dag_with_taskflow_api_v02.greet scheduled__2021-12-03T00:00:00+00:00 [queued]>
[2023-05-25T06:50:08.568+0000] {taskinstance.py:1103} INFO - Dependencies all met for dep_context=requeueable deps ti=<TaskInstance: dag_with_taskflow_api_v02.greet scheduled__2021-12-03T00:00:00+00:00 [queued]>
[2023-05-25T06:50:08.586+0000] {taskinstance.py:1308} INFO - Starting attempt 1 of 6
[2023-05-25T06:50:08.719+0000] {taskinstance.py:1327} INFO - Executing <Task(_PythonDecoratedOperator): greet> on 2021-12-03 00:00:00+00:00
[2023-05-25T06:50:08.740+0000] {standard_task_runner.py:57} INFO - Started process 2025 to run task
[2023-05-25T06:50:08.784+0000] {standard_task_runner.py:84} INFO - Running: ['***', 'tasks', 'run', 'dag_with_taskflow_api_v02', 'greet', 'scheduled__2021-12-03T00:00:00+00:00', '--job-id', '130', '--raw', '--subdir', 'DAGS_FOLDER/first_dag.py', '--cfg-path', '/tmp/tmpkyzole2r']
[2023-05-25T06:50:08.807+0000] {standard_task_runner.py:85} INFO - Job 130: Subtask greet
[2023-05-25T06:50:09.109+0000] {task_command.py:410} INFO - Running <TaskInstance: dag_with_taskflow_api_v02.greet scheduled__2021-12-03T00:00:00+00:00 [running]> on host 6bd07c7477d9
[2023-05-25T06:50:09.785+0000] {taskinstance.py:1547} INFO - Exporting env vars: AIRFLOW_CTX_DAG_OWNER='Sai' AIRFLOW_CTX_DAG_ID='dag_with_taskflow_api_v02' AIRFLOW_CTX_TASK_ID='greet' AIRFLOW_CTX_EXECUTION_DATE='2021-12-03T00:00:00+00:00' AIRFLOW_CTX_TRY_NUMBER='1' AIRFLOW_CTX_DAG_RUN_ID='scheduled__2021-12-03T00:00:00+00:00'
[2023-05-25T06:50:09.786+0000] {logging_mixin.py:149} INFO - Hello World! My name is Sai Tr and I am 19 years old!
[2023-05-25T06:50:09.787+0000] {python.py:183} INFO - Done. Returned value was: None
[2023-05-25T06:50:09.840+0000] {taskinstance.py:1350} INFO - Marking task as SUCCESS. dag_id=dag_with_taskflow_api_v02, task_id=greet, execution_date=20211203T000000, start_date=20230525T065008, end_date=20230525T065009
[2023-05-25T06:50:09.972+0000] {local_task_job_runner.py:225} INFO - Task exited with return code 0
[2023-05-25T06:50:10.065+0000] {taskinstance.py:2651} INFO - 0 downstream tasks scheduled from follow-on schedule check
[2023-05-25T10:20:09.909+0000] {taskinstance.py:1103} INFO - Dependencies all met for dep_context=non-requeueable deps ti=<TaskInstance: dag_with_taskflow_api_v02.greet scheduled__2021-12-03T00:00:00+00:00 [queued]>
[2023-05-25T10:20:09.921+0000] {taskinstance.py:1103} INFO - Dependencies all met for dep_context=requeueable deps ti=<TaskInstance: dag_with_taskflow_api_v02.greet scheduled__2021-12-03T00:00:00+00:00 [queued]>
[2023-05-25T10:20:09.922+0000] {taskinstance.py:1308} INFO - Starting attempt 1 of 6
[2023-05-25T10:20:09.940+0000] {taskinstance.py:1327} INFO - Executing <Task(_PythonDecoratedOperator): greet> on 2021-12-03 00:00:00+00:00
[2023-05-25T10:20:09.946+0000] {standard_task_runner.py:57} INFO - Started process 1515 to run task
[2023-05-25T10:20:09.950+0000] {standard_task_runner.py:84} INFO - Running: ['***', 'tasks', 'run', 'dag_with_taskflow_api_v02', 'greet', 'scheduled__2021-12-03T00:00:00+00:00', '--job-id', '114', '--raw', '--subdir', 'DAGS_FOLDER/first_dag.py', '--cfg-path', '/tmp/tmppw5tkpi1']
[2023-05-25T10:20:09.952+0000] {standard_task_runner.py:85} INFO - Job 114: Subtask greet
[2023-05-25T10:20:10.043+0000] {task_command.py:410} INFO - Running <TaskInstance: dag_with_taskflow_api_v02.greet scheduled__2021-12-03T00:00:00+00:00 [running]> on host b1ae37a9584e
[2023-05-25T10:20:10.227+0000] {taskinstance.py:1547} INFO - Exporting env vars: AIRFLOW_CTX_DAG_OWNER='Sai' AIRFLOW_CTX_DAG_ID='dag_with_taskflow_api_v02' AIRFLOW_CTX_TASK_ID='greet' AIRFLOW_CTX_EXECUTION_DATE='2021-12-03T00:00:00+00:00' AIRFLOW_CTX_TRY_NUMBER='1' AIRFLOW_CTX_DAG_RUN_ID='scheduled__2021-12-03T00:00:00+00:00'
[2023-05-25T10:20:10.228+0000] {logging_mixin.py:149} INFO - Hello World! My name is Sai Tr and I am 19 years old!
[2023-05-25T10:20:10.228+0000] {python.py:183} INFO - Done. Returned value was: None
[2023-05-25T10:20:10.240+0000] {taskinstance.py:1350} INFO - Marking task as SUCCESS. dag_id=dag_with_taskflow_api_v02, task_id=greet, execution_date=20211203T000000, start_date=20230525T102009, end_date=20230525T102010
[2023-05-25T10:20:10.283+0000] {local_task_job_runner.py:225} INFO - Task exited with return code 0
[2023-05-25T10:20:10.309+0000] {taskinstance.py:2651} INFO - 0 downstream tasks scheduled from follow-on schedule check
