[2023-05-24T15:17:08.250+0000] {taskinstance.py:1103} INFO - Dependencies all met for dep_context=non-requeueable deps ti=<TaskInstance: dag_with_taskflow_api_v02.get_age scheduled__2022-01-01T00:00:00+00:00 [queued]>
[2023-05-24T15:17:08.353+0000] {taskinstance.py:1103} INFO - Dependencies all met for dep_context=requeueable deps ti=<TaskInstance: dag_with_taskflow_api_v02.get_age scheduled__2022-01-01T00:00:00+00:00 [queued]>
[2023-05-24T15:17:08.354+0000] {taskinstance.py:1308} INFO - Starting attempt 1 of 6
[2023-05-24T15:17:08.601+0000] {taskinstance.py:1327} INFO - Executing <Task(_PythonDecoratedOperator): get_age> on 2022-01-01 00:00:00+00:00
[2023-05-24T15:17:08.635+0000] {standard_task_runner.py:57} INFO - Started process 639 to run task
[2023-05-24T15:17:08.674+0000] {standard_task_runner.py:84} INFO - Running: ['***', 'tasks', 'run', 'dag_with_taskflow_api_v02', 'get_age', 'scheduled__2022-01-01T00:00:00+00:00', '--job-id', '200', '--raw', '--subdir', 'DAGS_FOLDER/first_dag.py', '--cfg-path', '/tmp/tmpz20vcaqs']
[2023-05-24T15:17:08.677+0000] {standard_task_runner.py:85} INFO - Job 200: Subtask get_age
[2023-05-24T15:17:09.052+0000] {task_command.py:410} INFO - Running <TaskInstance: dag_with_taskflow_api_v02.get_age scheduled__2022-01-01T00:00:00+00:00 [running]> on host 942de29f183d
[2023-05-24T15:17:10.089+0000] {taskinstance.py:1547} INFO - Exporting env vars: AIRFLOW_CTX_DAG_OWNER='Sai' AIRFLOW_CTX_DAG_ID='dag_with_taskflow_api_v02' AIRFLOW_CTX_TASK_ID='get_age' AIRFLOW_CTX_EXECUTION_DATE='2022-01-01T00:00:00+00:00' AIRFLOW_CTX_TRY_NUMBER='1' AIRFLOW_CTX_DAG_RUN_ID='scheduled__2022-01-01T00:00:00+00:00'
[2023-05-24T15:17:10.090+0000] {python.py:183} INFO - Done. Returned value was: 19
[2023-05-24T15:17:10.176+0000] {taskinstance.py:1350} INFO - Marking task as SUCCESS. dag_id=dag_with_taskflow_api_v02, task_id=get_age, execution_date=20220101T000000, start_date=20230524T151708, end_date=20230524T151710
[2023-05-24T15:17:10.337+0000] {local_task_job_runner.py:225} INFO - Task exited with return code 0
[2023-05-24T15:17:10.549+0000] {taskinstance.py:2651} INFO - 1 downstream tasks scheduled from follow-on schedule check
[2023-05-25T06:50:50.482+0000] {taskinstance.py:1103} INFO - Dependencies all met for dep_context=non-requeueable deps ti=<TaskInstance: dag_with_taskflow_api_v02.get_age scheduled__2022-01-01T00:00:00+00:00 [queued]>
[2023-05-25T06:50:50.514+0000] {taskinstance.py:1103} INFO - Dependencies all met for dep_context=requeueable deps ti=<TaskInstance: dag_with_taskflow_api_v02.get_age scheduled__2022-01-01T00:00:00+00:00 [queued]>
[2023-05-25T06:50:50.514+0000] {taskinstance.py:1308} INFO - Starting attempt 1 of 6
[2023-05-25T06:50:50.955+0000] {taskinstance.py:1327} INFO - Executing <Task(_PythonDecoratedOperator): get_age> on 2022-01-01 00:00:00+00:00
[2023-05-25T06:50:50.966+0000] {standard_task_runner.py:57} INFO - Started process 2185 to run task
[2023-05-25T06:50:51.028+0000] {standard_task_runner.py:84} INFO - Running: ['***', 'tasks', 'run', 'dag_with_taskflow_api_v02', 'get_age', 'scheduled__2022-01-01T00:00:00+00:00', '--job-id', '202', '--raw', '--subdir', 'DAGS_FOLDER/first_dag.py', '--cfg-path', '/tmp/tmpiyzishz9']
[2023-05-25T06:50:51.032+0000] {standard_task_runner.py:85} INFO - Job 202: Subtask get_age
[2023-05-25T06:50:51.361+0000] {task_command.py:410} INFO - Running <TaskInstance: dag_with_taskflow_api_v02.get_age scheduled__2022-01-01T00:00:00+00:00 [running]> on host 6bd07c7477d9
[2023-05-25T06:50:52.255+0000] {taskinstance.py:1547} INFO - Exporting env vars: AIRFLOW_CTX_DAG_OWNER='Sai' AIRFLOW_CTX_DAG_ID='dag_with_taskflow_api_v02' AIRFLOW_CTX_TASK_ID='get_age' AIRFLOW_CTX_EXECUTION_DATE='2022-01-01T00:00:00+00:00' AIRFLOW_CTX_TRY_NUMBER='1' AIRFLOW_CTX_DAG_RUN_ID='scheduled__2022-01-01T00:00:00+00:00'
[2023-05-25T06:50:52.256+0000] {python.py:183} INFO - Done. Returned value was: 19
[2023-05-25T06:50:52.476+0000] {taskinstance.py:1350} INFO - Marking task as SUCCESS. dag_id=dag_with_taskflow_api_v02, task_id=get_age, execution_date=20220101T000000, start_date=20230525T065050, end_date=20230525T065052
[2023-05-25T06:50:52.671+0000] {local_task_job_runner.py:225} INFO - Task exited with return code 0
[2023-05-25T06:50:52.956+0000] {taskinstance.py:2651} INFO - 0 downstream tasks scheduled from follow-on schedule check
[2023-05-25T10:21:12.943+0000] {taskinstance.py:1103} INFO - Dependencies all met for dep_context=non-requeueable deps ti=<TaskInstance: dag_with_taskflow_api_v02.get_age scheduled__2022-01-01T00:00:00+00:00 [queued]>
[2023-05-25T10:21:12.983+0000] {taskinstance.py:1103} INFO - Dependencies all met for dep_context=requeueable deps ti=<TaskInstance: dag_with_taskflow_api_v02.get_age scheduled__2022-01-01T00:00:00+00:00 [queued]>
[2023-05-25T10:21:12.984+0000] {taskinstance.py:1308} INFO - Starting attempt 1 of 6
[2023-05-25T10:21:13.061+0000] {taskinstance.py:1327} INFO - Executing <Task(_PythonDecoratedOperator): get_age> on 2022-01-01 00:00:00+00:00
[2023-05-25T10:21:13.072+0000] {standard_task_runner.py:57} INFO - Started process 1712 to run task
[2023-05-25T10:21:13.088+0000] {standard_task_runner.py:84} INFO - Running: ['***', 'tasks', 'run', 'dag_with_taskflow_api_v02', 'get_age', 'scheduled__2022-01-01T00:00:00+00:00', '--job-id', '199', '--raw', '--subdir', 'DAGS_FOLDER/first_dag.py', '--cfg-path', '/tmp/tmpu0bmf4nx']
[2023-05-25T10:21:13.092+0000] {standard_task_runner.py:85} INFO - Job 199: Subtask get_age
[2023-05-25T10:21:13.286+0000] {task_command.py:410} INFO - Running <TaskInstance: dag_with_taskflow_api_v02.get_age scheduled__2022-01-01T00:00:00+00:00 [running]> on host b1ae37a9584e
[2023-05-25T10:21:13.939+0000] {taskinstance.py:1547} INFO - Exporting env vars: AIRFLOW_CTX_DAG_OWNER='Sai' AIRFLOW_CTX_DAG_ID='dag_with_taskflow_api_v02' AIRFLOW_CTX_TASK_ID='get_age' AIRFLOW_CTX_EXECUTION_DATE='2022-01-01T00:00:00+00:00' AIRFLOW_CTX_TRY_NUMBER='1' AIRFLOW_CTX_DAG_RUN_ID='scheduled__2022-01-01T00:00:00+00:00'
[2023-05-25T10:21:13.940+0000] {python.py:183} INFO - Done. Returned value was: 19
[2023-05-25T10:21:14.032+0000] {taskinstance.py:1350} INFO - Marking task as SUCCESS. dag_id=dag_with_taskflow_api_v02, task_id=get_age, execution_date=20220101T000000, start_date=20230525T102112, end_date=20230525T102114
[2023-05-25T10:21:14.092+0000] {local_task_job_runner.py:225} INFO - Task exited with return code 0
[2023-05-25T10:21:14.469+0000] {taskinstance.py:2651} INFO - 0 downstream tasks scheduled from follow-on schedule check
