[2023-05-23T10:20:11.096+0000] {taskinstance.py:1103} INFO - Dependencies all met for dep_context=non-requeueable deps ti=<TaskInstance: dag_with_taskflow_api_v02.greet scheduled__2021-11-16T00:00:00+00:00 [queued]>
[2023-05-23T10:20:11.139+0000] {taskinstance.py:1103} INFO - Dependencies all met for dep_context=requeueable deps ti=<TaskInstance: dag_with_taskflow_api_v02.greet scheduled__2021-11-16T00:00:00+00:00 [queued]>
[2023-05-23T10:20:11.140+0000] {taskinstance.py:1308} INFO - Starting attempt 1 of 6
[2023-05-23T10:20:11.288+0000] {taskinstance.py:1327} INFO - Executing <Task(_PythonDecoratedOperator): greet> on 2021-11-16 00:00:00+00:00
[2023-05-23T10:20:11.313+0000] {standard_task_runner.py:57} INFO - Started process 1210 to run task
[2023-05-23T10:20:11.357+0000] {standard_task_runner.py:84} INFO - Running: ['***', 'tasks', 'run', 'dag_with_taskflow_api_v02', 'greet', 'scheduled__2021-11-16T00:00:00+00:00', '--job-id', '123', '--raw', '--subdir', 'DAGS_FOLDER/first_dag.py', '--cfg-path', '/tmp/tmpb2qep2ua']
[2023-05-23T10:20:11.375+0000] {standard_task_runner.py:85} INFO - Job 123: Subtask greet
[2023-05-23T10:20:11.805+0000] {task_command.py:410} INFO - Running <TaskInstance: dag_with_taskflow_api_v02.greet scheduled__2021-11-16T00:00:00+00:00 [running]> on host fb58d5a02d2c
[2023-05-23T10:20:13.192+0000] {taskinstance.py:1547} INFO - Exporting env vars: AIRFLOW_CTX_DAG_OWNER='coder2j' AIRFLOW_CTX_DAG_ID='dag_with_taskflow_api_v02' AIRFLOW_CTX_TASK_ID='greet' AIRFLOW_CTX_EXECUTION_DATE='2021-11-16T00:00:00+00:00' AIRFLOW_CTX_TRY_NUMBER='1' AIRFLOW_CTX_DAG_RUN_ID='scheduled__2021-11-16T00:00:00+00:00'
[2023-05-23T10:20:13.216+0000] {logging_mixin.py:149} INFO - Hello World! My name is Jerry Fridman and I am 19 years old!
[2023-05-23T10:20:13.226+0000] {python.py:183} INFO - Done. Returned value was: None
[2023-05-23T10:20:13.355+0000] {taskinstance.py:1350} INFO - Marking task as SUCCESS. dag_id=dag_with_taskflow_api_v02, task_id=greet, execution_date=20211116T000000, start_date=20230523T102011, end_date=20230523T102013
[2023-05-23T10:20:13.499+0000] {local_task_job_runner.py:225} INFO - Task exited with return code 0
[2023-05-23T10:20:14.383+0000] {taskinstance.py:2651} INFO - 0 downstream tasks scheduled from follow-on schedule check
[2023-05-23T10:27:20.205+0000] {taskinstance.py:1103} INFO - Dependencies all met for dep_context=non-requeueable deps ti=<TaskInstance: dag_with_taskflow_api_v02.greet scheduled__2021-11-16T00:00:00+00:00 [queued]>
[2023-05-23T10:27:20.362+0000] {taskinstance.py:1103} INFO - Dependencies all met for dep_context=requeueable deps ti=<TaskInstance: dag_with_taskflow_api_v02.greet scheduled__2021-11-16T00:00:00+00:00 [queued]>
[2023-05-23T10:27:20.362+0000] {taskinstance.py:1308} INFO - Starting attempt 1 of 6
[2023-05-23T10:27:20.628+0000] {taskinstance.py:1327} INFO - Executing <Task(_PythonDecoratedOperator): greet> on 2021-11-16 00:00:00+00:00
[2023-05-23T10:27:20.703+0000] {standard_task_runner.py:57} INFO - Started process 367 to run task
[2023-05-23T10:27:20.753+0000] {standard_task_runner.py:84} INFO - Running: ['***', 'tasks', 'run', 'dag_with_taskflow_api_v02', 'greet', 'scheduled__2021-11-16T00:00:00+00:00', '--job-id', '80', '--raw', '--subdir', 'DAGS_FOLDER/first_dag.py', '--cfg-path', '/tmp/tmp1br727u5']
[2023-05-23T10:27:20.772+0000] {standard_task_runner.py:85} INFO - Job 80: Subtask greet
[2023-05-23T10:27:21.326+0000] {task_command.py:410} INFO - Running <TaskInstance: dag_with_taskflow_api_v02.greet scheduled__2021-11-16T00:00:00+00:00 [running]> on host 8a6612510f4c
[2023-05-23T10:27:22.716+0000] {taskinstance.py:1547} INFO - Exporting env vars: AIRFLOW_CTX_DAG_OWNER='coder2j' AIRFLOW_CTX_DAG_ID='dag_with_taskflow_api_v02' AIRFLOW_CTX_TASK_ID='greet' AIRFLOW_CTX_EXECUTION_DATE='2021-11-16T00:00:00+00:00' AIRFLOW_CTX_TRY_NUMBER='1' AIRFLOW_CTX_DAG_RUN_ID='scheduled__2021-11-16T00:00:00+00:00'
[2023-05-23T10:27:22.717+0000] {logging_mixin.py:149} INFO - Hello World! My name is Jerry Fridman and I am 19 years old!
[2023-05-23T10:27:22.717+0000] {python.py:183} INFO - Done. Returned value was: None
[2023-05-23T10:27:22.795+0000] {taskinstance.py:1350} INFO - Marking task as SUCCESS. dag_id=dag_with_taskflow_api_v02, task_id=greet, execution_date=20211116T000000, start_date=20230523T102720, end_date=20230523T102722
[2023-05-23T10:27:22.949+0000] {local_task_job_runner.py:225} INFO - Task exited with return code 0
[2023-05-23T10:27:23.207+0000] {taskinstance.py:2651} INFO - 0 downstream tasks scheduled from follow-on schedule check
