[2023-05-24T15:24:27.121+0000] {taskinstance.py:1103} INFO - Dependencies all met for dep_context=non-requeueable deps ti=<TaskInstance: dag_with_taskflow_api_v02.get_age scheduled__2022-08-19T00:00:00+00:00 [queued]>
[2023-05-24T15:24:27.249+0000] {taskinstance.py:1103} INFO - Dependencies all met for dep_context=requeueable deps ti=<TaskInstance: dag_with_taskflow_api_v02.get_age scheduled__2022-08-19T00:00:00+00:00 [queued]>
[2023-05-24T15:24:27.249+0000] {taskinstance.py:1308} INFO - Starting attempt 1 of 6
[2023-05-24T15:24:27.665+0000] {taskinstance.py:1327} INFO - Executing <Task(_PythonDecoratedOperator): get_age> on 2022-08-19 00:00:00+00:00
[2023-05-24T15:24:27.671+0000] {standard_task_runner.py:57} INFO - Started process 2186 to run task
[2023-05-24T15:24:27.713+0000] {standard_task_runner.py:84} INFO - Running: ['***', 'tasks', 'run', 'dag_with_taskflow_api_v02', 'get_age', 'scheduled__2022-08-19T00:00:00+00:00', '--job-id', '889', '--raw', '--subdir', 'DAGS_FOLDER/first_dag.py', '--cfg-path', '/tmp/tmpldz866rv']
[2023-05-24T15:24:27.739+0000] {standard_task_runner.py:85} INFO - Job 889: Subtask get_age
[2023-05-24T15:24:28.131+0000] {task_command.py:410} INFO - Running <TaskInstance: dag_with_taskflow_api_v02.get_age scheduled__2022-08-19T00:00:00+00:00 [running]> on host 942de29f183d
[2023-05-24T15:24:29.035+0000] {taskinstance.py:1547} INFO - Exporting env vars: AIRFLOW_CTX_DAG_OWNER='Sai' AIRFLOW_CTX_DAG_ID='dag_with_taskflow_api_v02' AIRFLOW_CTX_TASK_ID='get_age' AIRFLOW_CTX_EXECUTION_DATE='2022-08-19T00:00:00+00:00' AIRFLOW_CTX_TRY_NUMBER='1' AIRFLOW_CTX_DAG_RUN_ID='scheduled__2022-08-19T00:00:00+00:00'
[2023-05-24T15:24:29.037+0000] {python.py:183} INFO - Done. Returned value was: 19
[2023-05-24T15:24:29.161+0000] {taskinstance.py:1350} INFO - Marking task as SUCCESS. dag_id=dag_with_taskflow_api_v02, task_id=get_age, execution_date=20220819T000000, start_date=20230524T152427, end_date=20230524T152429
[2023-05-24T15:24:29.299+0000] {local_task_job_runner.py:225} INFO - Task exited with return code 0
[2023-05-24T15:24:29.454+0000] {taskinstance.py:2651} INFO - 1 downstream tasks scheduled from follow-on schedule check
[2023-05-25T06:57:10.580+0000] {taskinstance.py:1103} INFO - Dependencies all met for dep_context=non-requeueable deps ti=<TaskInstance: dag_with_taskflow_api_v02.get_age scheduled__2022-08-19T00:00:00+00:00 [queued]>
[2023-05-25T06:57:10.652+0000] {taskinstance.py:1103} INFO - Dependencies all met for dep_context=requeueable deps ti=<TaskInstance: dag_with_taskflow_api_v02.get_age scheduled__2022-08-19T00:00:00+00:00 [queued]>
[2023-05-25T06:57:10.652+0000] {taskinstance.py:1308} INFO - Starting attempt 1 of 6
[2023-05-25T06:57:10.759+0000] {taskinstance.py:1327} INFO - Executing <Task(_PythonDecoratedOperator): get_age> on 2022-08-19 00:00:00+00:00
[2023-05-25T06:57:10.789+0000] {standard_task_runner.py:57} INFO - Started process 3725 to run task
[2023-05-25T06:57:10.814+0000] {standard_task_runner.py:84} INFO - Running: ['***', 'tasks', 'run', 'dag_with_taskflow_api_v02', 'get_age', 'scheduled__2022-08-19T00:00:00+00:00', '--job-id', '899', '--raw', '--subdir', 'DAGS_FOLDER/first_dag.py', '--cfg-path', '/tmp/tmp8lyz_vui']
[2023-05-25T06:57:10.841+0000] {standard_task_runner.py:85} INFO - Job 899: Subtask get_age
[2023-05-25T06:57:11.189+0000] {task_command.py:410} INFO - Running <TaskInstance: dag_with_taskflow_api_v02.get_age scheduled__2022-08-19T00:00:00+00:00 [running]> on host 6bd07c7477d9
[2023-05-25T06:57:12.075+0000] {taskinstance.py:1547} INFO - Exporting env vars: AIRFLOW_CTX_DAG_OWNER='Sai' AIRFLOW_CTX_DAG_ID='dag_with_taskflow_api_v02' AIRFLOW_CTX_TASK_ID='get_age' AIRFLOW_CTX_EXECUTION_DATE='2022-08-19T00:00:00+00:00' AIRFLOW_CTX_TRY_NUMBER='1' AIRFLOW_CTX_DAG_RUN_ID='scheduled__2022-08-19T00:00:00+00:00'
[2023-05-25T06:57:12.076+0000] {python.py:183} INFO - Done. Returned value was: 19
[2023-05-25T06:57:12.223+0000] {taskinstance.py:1350} INFO - Marking task as SUCCESS. dag_id=dag_with_taskflow_api_v02, task_id=get_age, execution_date=20220819T000000, start_date=20230525T065710, end_date=20230525T065712
[2023-05-25T06:57:12.352+0000] {local_task_job_runner.py:225} INFO - Task exited with return code 0
[2023-05-25T06:57:12.572+0000] {taskinstance.py:2651} INFO - 0 downstream tasks scheduled from follow-on schedule check
[2023-05-25T10:30:14.104+0000] {taskinstance.py:1103} INFO - Dependencies all met for dep_context=non-requeueable deps ti=<TaskInstance: dag_with_taskflow_api_v02.get_age scheduled__2022-08-19T00:00:00+00:00 [queued]>
[2023-05-25T10:30:14.257+0000] {taskinstance.py:1103} INFO - Dependencies all met for dep_context=requeueable deps ti=<TaskInstance: dag_with_taskflow_api_v02.get_age scheduled__2022-08-19T00:00:00+00:00 [queued]>
[2023-05-25T10:30:14.257+0000] {taskinstance.py:1308} INFO - Starting attempt 1 of 6
[2023-05-25T10:30:14.706+0000] {taskinstance.py:1327} INFO - Executing <Task(_PythonDecoratedOperator): get_age> on 2022-08-19 00:00:00+00:00
[2023-05-25T10:30:14.799+0000] {standard_task_runner.py:57} INFO - Started process 3340 to run task
[2023-05-25T10:30:14.873+0000] {standard_task_runner.py:84} INFO - Running: ['***', 'tasks', 'run', 'dag_with_taskflow_api_v02', 'get_age', 'scheduled__2022-08-19T00:00:00+00:00', '--job-id', '908', '--raw', '--subdir', 'DAGS_FOLDER/first_dag.py', '--cfg-path', '/tmp/tmp72b3yhou']
[2023-05-25T10:30:14.909+0000] {standard_task_runner.py:85} INFO - Job 908: Subtask get_age
[2023-05-25T10:30:15.484+0000] {task_command.py:410} INFO - Running <TaskInstance: dag_with_taskflow_api_v02.get_age scheduled__2022-08-19T00:00:00+00:00 [running]> on host b1ae37a9584e
[2023-05-25T10:30:17.239+0000] {taskinstance.py:1547} INFO - Exporting env vars: AIRFLOW_CTX_DAG_OWNER='Sai' AIRFLOW_CTX_DAG_ID='dag_with_taskflow_api_v02' AIRFLOW_CTX_TASK_ID='get_age' AIRFLOW_CTX_EXECUTION_DATE='2022-08-19T00:00:00+00:00' AIRFLOW_CTX_TRY_NUMBER='1' AIRFLOW_CTX_DAG_RUN_ID='scheduled__2022-08-19T00:00:00+00:00'
[2023-05-25T10:30:17.240+0000] {python.py:183} INFO - Done. Returned value was: 19
[2023-05-25T10:30:17.916+0000] {taskinstance.py:1350} INFO - Marking task as SUCCESS. dag_id=dag_with_taskflow_api_v02, task_id=get_age, execution_date=20220819T000000, start_date=20230525T103014, end_date=20230525T103017
[2023-05-25T10:30:18.760+0000] {local_task_job_runner.py:225} INFO - Task exited with return code 0
[2023-05-25T10:30:18.989+0000] {taskinstance.py:2651} INFO - 0 downstream tasks scheduled from follow-on schedule check
