[2023-05-24T15:17:50.265+0000] {taskinstance.py:1103} INFO - Dependencies all met for dep_context=non-requeueable deps ti=<TaskInstance: dag_with_taskflow_api_v02.greet scheduled__2022-01-15T00:00:00+00:00 [queued]>
[2023-05-24T15:17:50.368+0000] {taskinstance.py:1103} INFO - Dependencies all met for dep_context=requeueable deps ti=<TaskInstance: dag_with_taskflow_api_v02.greet scheduled__2022-01-15T00:00:00+00:00 [queued]>
[2023-05-24T15:17:50.369+0000] {taskinstance.py:1308} INFO - Starting attempt 1 of 6
[2023-05-24T15:17:50.563+0000] {taskinstance.py:1327} INFO - Executing <Task(_PythonDecoratedOperator): greet> on 2022-01-15 00:00:00+00:00
[2023-05-24T15:17:50.576+0000] {standard_task_runner.py:57} INFO - Started process 767 to run task
[2023-05-24T15:17:50.600+0000] {standard_task_runner.py:84} INFO - Running: ['***', 'tasks', 'run', 'dag_with_taskflow_api_v02', 'greet', 'scheduled__2022-01-15T00:00:00+00:00', '--job-id', '261', '--raw', '--subdir', 'DAGS_FOLDER/first_dag.py', '--cfg-path', '/tmp/tmplqk0u51_']
[2023-05-24T15:17:50.603+0000] {standard_task_runner.py:85} INFO - Job 261: Subtask greet
[2023-05-24T15:17:50.885+0000] {task_command.py:410} INFO - Running <TaskInstance: dag_with_taskflow_api_v02.greet scheduled__2022-01-15T00:00:00+00:00 [running]> on host 942de29f183d
[2023-05-24T15:17:51.691+0000] {taskinstance.py:1547} INFO - Exporting env vars: AIRFLOW_CTX_DAG_OWNER='Sai' AIRFLOW_CTX_DAG_ID='dag_with_taskflow_api_v02' AIRFLOW_CTX_TASK_ID='greet' AIRFLOW_CTX_EXECUTION_DATE='2022-01-15T00:00:00+00:00' AIRFLOW_CTX_TRY_NUMBER='1' AIRFLOW_CTX_DAG_RUN_ID='scheduled__2022-01-15T00:00:00+00:00'
[2023-05-24T15:17:51.699+0000] {logging_mixin.py:149} INFO - Hello World! My name is Sai Tr and I am 19 years old!
[2023-05-24T15:17:51.710+0000] {python.py:183} INFO - Done. Returned value was: None
[2023-05-24T15:17:51.788+0000] {taskinstance.py:1350} INFO - Marking task as SUCCESS. dag_id=dag_with_taskflow_api_v02, task_id=greet, execution_date=20220115T000000, start_date=20230524T151750, end_date=20230524T151751
[2023-05-24T15:17:51.866+0000] {local_task_job_runner.py:225} INFO - Task exited with return code 0
[2023-05-24T15:17:51.916+0000] {taskinstance.py:2651} INFO - 0 downstream tasks scheduled from follow-on schedule check
[2023-05-25T06:51:21.798+0000] {taskinstance.py:1103} INFO - Dependencies all met for dep_context=non-requeueable deps ti=<TaskInstance: dag_with_taskflow_api_v02.greet scheduled__2022-01-15T00:00:00+00:00 [queued]>
[2023-05-25T06:51:21.870+0000] {taskinstance.py:1103} INFO - Dependencies all met for dep_context=requeueable deps ti=<TaskInstance: dag_with_taskflow_api_v02.greet scheduled__2022-01-15T00:00:00+00:00 [queued]>
[2023-05-25T06:51:21.870+0000] {taskinstance.py:1308} INFO - Starting attempt 1 of 6
[2023-05-25T06:51:22.238+0000] {taskinstance.py:1327} INFO - Executing <Task(_PythonDecoratedOperator): greet> on 2022-01-15 00:00:00+00:00
[2023-05-25T06:51:22.245+0000] {standard_task_runner.py:57} INFO - Started process 2318 to run task
[2023-05-25T06:51:22.286+0000] {standard_task_runner.py:84} INFO - Running: ['***', 'tasks', 'run', 'dag_with_taskflow_api_v02', 'greet', 'scheduled__2022-01-15T00:00:00+00:00', '--job-id', '264', '--raw', '--subdir', 'DAGS_FOLDER/first_dag.py', '--cfg-path', '/tmp/tmpjv_o3tov']
[2023-05-25T06:51:22.297+0000] {standard_task_runner.py:85} INFO - Job 264: Subtask greet
[2023-05-25T06:51:22.541+0000] {task_command.py:410} INFO - Running <TaskInstance: dag_with_taskflow_api_v02.greet scheduled__2022-01-15T00:00:00+00:00 [running]> on host 6bd07c7477d9
[2023-05-25T06:51:23.695+0000] {taskinstance.py:1547} INFO - Exporting env vars: AIRFLOW_CTX_DAG_OWNER='Sai' AIRFLOW_CTX_DAG_ID='dag_with_taskflow_api_v02' AIRFLOW_CTX_TASK_ID='greet' AIRFLOW_CTX_EXECUTION_DATE='2022-01-15T00:00:00+00:00' AIRFLOW_CTX_TRY_NUMBER='1' AIRFLOW_CTX_DAG_RUN_ID='scheduled__2022-01-15T00:00:00+00:00'
[2023-05-25T06:51:23.697+0000] {logging_mixin.py:149} INFO - Hello World! My name is Sai Tr and I am 19 years old!
[2023-05-25T06:51:23.697+0000] {python.py:183} INFO - Done. Returned value was: None
[2023-05-25T06:51:23.747+0000] {taskinstance.py:1350} INFO - Marking task as SUCCESS. dag_id=dag_with_taskflow_api_v02, task_id=greet, execution_date=20220115T000000, start_date=20230525T065121, end_date=20230525T065123
[2023-05-25T06:51:24.159+0000] {local_task_job_runner.py:225} INFO - Task exited with return code 0
[2023-05-25T06:51:24.329+0000] {taskinstance.py:2651} INFO - 0 downstream tasks scheduled from follow-on schedule check
[2023-05-25T10:21:42.516+0000] {taskinstance.py:1103} INFO - Dependencies all met for dep_context=non-requeueable deps ti=<TaskInstance: dag_with_taskflow_api_v02.greet scheduled__2022-01-15T00:00:00+00:00 [queued]>
[2023-05-25T10:21:42.538+0000] {taskinstance.py:1103} INFO - Dependencies all met for dep_context=requeueable deps ti=<TaskInstance: dag_with_taskflow_api_v02.greet scheduled__2022-01-15T00:00:00+00:00 [queued]>
[2023-05-25T10:21:42.539+0000] {taskinstance.py:1308} INFO - Starting attempt 1 of 6
[2023-05-25T10:21:42.575+0000] {taskinstance.py:1327} INFO - Executing <Task(_PythonDecoratedOperator): greet> on 2022-01-15 00:00:00+00:00
[2023-05-25T10:21:42.586+0000] {standard_task_runner.py:57} INFO - Started process 1809 to run task
[2023-05-25T10:21:42.596+0000] {standard_task_runner.py:84} INFO - Running: ['***', 'tasks', 'run', 'dag_with_taskflow_api_v02', 'greet', 'scheduled__2022-01-15T00:00:00+00:00', '--job-id', '243', '--raw', '--subdir', 'DAGS_FOLDER/first_dag.py', '--cfg-path', '/tmp/tmpnesdve15']
[2023-05-25T10:21:42.598+0000] {standard_task_runner.py:85} INFO - Job 243: Subtask greet
[2023-05-25T10:21:42.726+0000] {task_command.py:410} INFO - Running <TaskInstance: dag_with_taskflow_api_v02.greet scheduled__2022-01-15T00:00:00+00:00 [running]> on host b1ae37a9584e
[2023-05-25T10:21:43.045+0000] {taskinstance.py:1547} INFO - Exporting env vars: AIRFLOW_CTX_DAG_OWNER='Sai' AIRFLOW_CTX_DAG_ID='dag_with_taskflow_api_v02' AIRFLOW_CTX_TASK_ID='greet' AIRFLOW_CTX_EXECUTION_DATE='2022-01-15T00:00:00+00:00' AIRFLOW_CTX_TRY_NUMBER='1' AIRFLOW_CTX_DAG_RUN_ID='scheduled__2022-01-15T00:00:00+00:00'
[2023-05-25T10:21:43.047+0000] {logging_mixin.py:149} INFO - Hello World! My name is Sai Tr and I am 19 years old!
[2023-05-25T10:21:43.048+0000] {python.py:183} INFO - Done. Returned value was: None
[2023-05-25T10:21:43.061+0000] {taskinstance.py:1350} INFO - Marking task as SUCCESS. dag_id=dag_with_taskflow_api_v02, task_id=greet, execution_date=20220115T000000, start_date=20230525T102142, end_date=20230525T102143
[2023-05-25T10:21:43.097+0000] {local_task_job_runner.py:225} INFO - Task exited with return code 0
[2023-05-25T10:21:43.124+0000] {taskinstance.py:2651} INFO - 0 downstream tasks scheduled from follow-on schedule check
