[2023-05-23T10:19:15.200+0000] {taskinstance.py:1103} INFO - Dependencies all met for dep_context=non-requeueable deps ti=<TaskInstance: dag_with_taskflow_api_v02.get_name scheduled__2021-11-09T00:00:00+00:00 [queued]>
[2023-05-23T10:19:15.275+0000] {taskinstance.py:1103} INFO - Dependencies all met for dep_context=requeueable deps ti=<TaskInstance: dag_with_taskflow_api_v02.get_name scheduled__2021-11-09T00:00:00+00:00 [queued]>
[2023-05-23T10:19:15.276+0000] {taskinstance.py:1308} INFO - Starting attempt 1 of 6
[2023-05-23T10:19:15.454+0000] {taskinstance.py:1327} INFO - Executing <Task(_PythonDecoratedOperator): get_name> on 2021-11-09 00:00:00+00:00
[2023-05-23T10:19:15.506+0000] {standard_task_runner.py:57} INFO - Started process 579 to run task
[2023-05-23T10:19:15.533+0000] {standard_task_runner.py:84} INFO - Running: ['***', 'tasks', 'run', 'dag_with_taskflow_api_v02', 'get_name', 'scheduled__2021-11-09T00:00:00+00:00', '--job-id', '80', '--raw', '--subdir', 'DAGS_FOLDER/first_dag.py', '--cfg-path', '/tmp/tmp8ekpa4wl']
[2023-05-23T10:19:15.553+0000] {standard_task_runner.py:85} INFO - Job 80: Subtask get_name
[2023-05-23T10:19:15.973+0000] {task_command.py:410} INFO - Running <TaskInstance: dag_with_taskflow_api_v02.get_name scheduled__2021-11-09T00:00:00+00:00 [running]> on host fb58d5a02d2c
[2023-05-23T10:19:16.698+0000] {taskinstance.py:1547} INFO - Exporting env vars: AIRFLOW_CTX_DAG_OWNER='coder2j' AIRFLOW_CTX_DAG_ID='dag_with_taskflow_api_v02' AIRFLOW_CTX_TASK_ID='get_name' AIRFLOW_CTX_EXECUTION_DATE='2021-11-09T00:00:00+00:00' AIRFLOW_CTX_TRY_NUMBER='1' AIRFLOW_CTX_DAG_RUN_ID='scheduled__2021-11-09T00:00:00+00:00'
[2023-05-23T10:19:16.700+0000] {python.py:183} INFO - Done. Returned value was: {'first_name': 'Jerry', 'last_name': 'Fridman'}
[2023-05-23T10:19:16.998+0000] {taskinstance.py:1350} INFO - Marking task as SUCCESS. dag_id=dag_with_taskflow_api_v02, task_id=get_name, execution_date=20211109T000000, start_date=20230523T101915, end_date=20230523T101916
[2023-05-23T10:19:17.658+0000] {local_task_job_runner.py:225} INFO - Task exited with return code 0
[2023-05-23T10:19:17.854+0000] {taskinstance.py:2651} INFO - 1 downstream tasks scheduled from follow-on schedule check
[2023-05-23T10:26:43.693+0000] {taskinstance.py:1103} INFO - Dependencies all met for dep_context=non-requeueable deps ti=<TaskInstance: dag_with_taskflow_api_v02.get_name scheduled__2021-11-09T00:00:00+00:00 [queued]>
[2023-05-23T10:26:43.764+0000] {taskinstance.py:1103} INFO - Dependencies all met for dep_context=requeueable deps ti=<TaskInstance: dag_with_taskflow_api_v02.get_name scheduled__2021-11-09T00:00:00+00:00 [queued]>
[2023-05-23T10:26:43.768+0000] {taskinstance.py:1308} INFO - Starting attempt 1 of 6
[2023-05-23T10:26:44.555+0000] {taskinstance.py:1327} INFO - Executing <Task(_PythonDecoratedOperator): get_name> on 2021-11-09 00:00:00+00:00
[2023-05-23T10:26:44.599+0000] {standard_task_runner.py:57} INFO - Started process 276 to run task
[2023-05-23T10:26:44.672+0000] {standard_task_runner.py:84} INFO - Running: ['***', 'tasks', 'run', 'dag_with_taskflow_api_v02', 'get_name', 'scheduled__2021-11-09T00:00:00+00:00', '--job-id', '37', '--raw', '--subdir', 'DAGS_FOLDER/first_dag.py', '--cfg-path', '/tmp/tmpsetmd9tt']
[2023-05-23T10:26:44.721+0000] {standard_task_runner.py:85} INFO - Job 37: Subtask get_name
[2023-05-23T10:26:45.345+0000] {task_command.py:410} INFO - Running <TaskInstance: dag_with_taskflow_api_v02.get_name scheduled__2021-11-09T00:00:00+00:00 [running]> on host 8a6612510f4c
[2023-05-23T10:26:46.339+0000] {taskinstance.py:1547} INFO - Exporting env vars: AIRFLOW_CTX_DAG_OWNER='coder2j' AIRFLOW_CTX_DAG_ID='dag_with_taskflow_api_v02' AIRFLOW_CTX_TASK_ID='get_name' AIRFLOW_CTX_EXECUTION_DATE='2021-11-09T00:00:00+00:00' AIRFLOW_CTX_TRY_NUMBER='1' AIRFLOW_CTX_DAG_RUN_ID='scheduled__2021-11-09T00:00:00+00:00'
[2023-05-23T10:26:46.340+0000] {python.py:183} INFO - Done. Returned value was: {'first_name': 'Jerry', 'last_name': 'Fridman'}
[2023-05-23T10:26:46.704+0000] {taskinstance.py:1350} INFO - Marking task as SUCCESS. dag_id=dag_with_taskflow_api_v02, task_id=get_name, execution_date=20211109T000000, start_date=20230523T102643, end_date=20230523T102646
[2023-05-23T10:26:46.793+0000] {local_task_job_runner.py:225} INFO - Task exited with return code 0
[2023-05-23T10:26:47.295+0000] {taskinstance.py:2651} INFO - 0 downstream tasks scheduled from follow-on schedule check
