[2023-05-24T15:29:16.434+0000] {taskinstance.py:1103} INFO - Dependencies all met for dep_context=non-requeueable deps ti=<TaskInstance: dag_with_taskflow_api_v02.greet scheduled__2023-02-05T00:00:00+00:00 [queued]>
[2023-05-24T15:29:16.507+0000] {taskinstance.py:1103} INFO - Dependencies all met for dep_context=requeueable deps ti=<TaskInstance: dag_with_taskflow_api_v02.greet scheduled__2023-02-05T00:00:00+00:00 [queued]>
[2023-05-24T15:29:16.507+0000] {taskinstance.py:1308} INFO - Starting attempt 1 of 6
[2023-05-24T15:29:16.655+0000] {taskinstance.py:1327} INFO - Executing <Task(_PythonDecoratedOperator): greet> on 2023-02-05 00:00:00+00:00
[2023-05-24T15:29:16.664+0000] {standard_task_runner.py:57} INFO - Started process 3352 to run task
[2023-05-24T15:29:16.672+0000] {standard_task_runner.py:84} INFO - Running: ['***', 'tasks', 'run', 'dag_with_taskflow_api_v02', 'greet', 'scheduled__2023-02-05T00:00:00+00:00', '--job-id', '1417', '--raw', '--subdir', 'DAGS_FOLDER/first_dag.py', '--cfg-path', '/tmp/tmpkg0t_6_q']
[2023-05-24T15:29:16.675+0000] {standard_task_runner.py:85} INFO - Job 1417: Subtask greet
[2023-05-24T15:29:16.908+0000] {task_command.py:410} INFO - Running <TaskInstance: dag_with_taskflow_api_v02.greet scheduled__2023-02-05T00:00:00+00:00 [running]> on host 942de29f183d
[2023-05-24T15:29:17.595+0000] {taskinstance.py:1547} INFO - Exporting env vars: AIRFLOW_CTX_DAG_OWNER='Sai' AIRFLOW_CTX_DAG_ID='dag_with_taskflow_api_v02' AIRFLOW_CTX_TASK_ID='greet' AIRFLOW_CTX_EXECUTION_DATE='2023-02-05T00:00:00+00:00' AIRFLOW_CTX_TRY_NUMBER='1' AIRFLOW_CTX_DAG_RUN_ID='scheduled__2023-02-05T00:00:00+00:00'
[2023-05-24T15:29:17.596+0000] {logging_mixin.py:149} INFO - Hello World! My name is Sai Tr and I am 19 years old!
[2023-05-24T15:29:17.597+0000] {python.py:183} INFO - Done. Returned value was: None
[2023-05-24T15:29:17.650+0000] {taskinstance.py:1350} INFO - Marking task as SUCCESS. dag_id=dag_with_taskflow_api_v02, task_id=greet, execution_date=20230205T000000, start_date=20230524T152916, end_date=20230524T152917
[2023-05-24T15:29:17.803+0000] {local_task_job_runner.py:225} INFO - Task exited with return code 0
[2023-05-24T15:29:17.858+0000] {taskinstance.py:2651} INFO - 0 downstream tasks scheduled from follow-on schedule check
[2023-05-25T07:01:54.656+0000] {taskinstance.py:1103} INFO - Dependencies all met for dep_context=non-requeueable deps ti=<TaskInstance: dag_with_taskflow_api_v02.greet scheduled__2023-02-05T00:00:00+00:00 [queued]>
[2023-05-25T07:01:54.782+0000] {taskinstance.py:1103} INFO - Dependencies all met for dep_context=requeueable deps ti=<TaskInstance: dag_with_taskflow_api_v02.greet scheduled__2023-02-05T00:00:00+00:00 [queued]>
[2023-05-25T07:01:54.782+0000] {taskinstance.py:1308} INFO - Starting attempt 1 of 6
[2023-05-25T07:01:54.956+0000] {taskinstance.py:1327} INFO - Executing <Task(_PythonDecoratedOperator): greet> on 2023-02-05 00:00:00+00:00
[2023-05-25T07:01:54.973+0000] {standard_task_runner.py:57} INFO - Started process 4888 to run task
[2023-05-25T07:01:54.990+0000] {standard_task_runner.py:84} INFO - Running: ['***', 'tasks', 'run', 'dag_with_taskflow_api_v02', 'greet', 'scheduled__2023-02-05T00:00:00+00:00', '--job-id', '1425', '--raw', '--subdir', 'DAGS_FOLDER/first_dag.py', '--cfg-path', '/tmp/tmpcd92yp2_']
[2023-05-25T07:01:54.997+0000] {standard_task_runner.py:85} INFO - Job 1425: Subtask greet
[2023-05-25T07:01:55.251+0000] {task_command.py:410} INFO - Running <TaskInstance: dag_with_taskflow_api_v02.greet scheduled__2023-02-05T00:00:00+00:00 [running]> on host 6bd07c7477d9
[2023-05-25T07:01:56.008+0000] {taskinstance.py:1547} INFO - Exporting env vars: AIRFLOW_CTX_DAG_OWNER='Sai' AIRFLOW_CTX_DAG_ID='dag_with_taskflow_api_v02' AIRFLOW_CTX_TASK_ID='greet' AIRFLOW_CTX_EXECUTION_DATE='2023-02-05T00:00:00+00:00' AIRFLOW_CTX_TRY_NUMBER='1' AIRFLOW_CTX_DAG_RUN_ID='scheduled__2023-02-05T00:00:00+00:00'
[2023-05-25T07:01:56.010+0000] {logging_mixin.py:149} INFO - Hello World! My name is Sai Tr and I am 19 years old!
[2023-05-25T07:01:56.010+0000] {python.py:183} INFO - Done. Returned value was: None
[2023-05-25T07:01:56.054+0000] {taskinstance.py:1350} INFO - Marking task as SUCCESS. dag_id=dag_with_taskflow_api_v02, task_id=greet, execution_date=20230205T000000, start_date=20230525T070154, end_date=20230525T070156
[2023-05-25T07:01:56.137+0000] {local_task_job_runner.py:225} INFO - Task exited with return code 0
[2023-05-25T07:01:56.363+0000] {taskinstance.py:2651} INFO - 0 downstream tasks scheduled from follow-on schedule check
[2023-05-25T10:36:12.761+0000] {taskinstance.py:1103} INFO - Dependencies all met for dep_context=non-requeueable deps ti=<TaskInstance: dag_with_taskflow_api_v02.greet scheduled__2023-02-05T00:00:00+00:00 [queued]>
[2023-05-25T10:36:12.958+0000] {taskinstance.py:1103} INFO - Dependencies all met for dep_context=requeueable deps ti=<TaskInstance: dag_with_taskflow_api_v02.greet scheduled__2023-02-05T00:00:00+00:00 [queued]>
[2023-05-25T10:36:12.965+0000] {taskinstance.py:1308} INFO - Starting attempt 1 of 6
[2023-05-25T10:36:13.203+0000] {taskinstance.py:1327} INFO - Executing <Task(_PythonDecoratedOperator): greet> on 2023-02-05 00:00:00+00:00
[2023-05-25T10:36:13.235+0000] {standard_task_runner.py:57} INFO - Started process 4530 to run task
[2023-05-25T10:36:13.265+0000] {standard_task_runner.py:84} INFO - Running: ['***', 'tasks', 'run', 'dag_with_taskflow_api_v02', 'greet', 'scheduled__2023-02-05T00:00:00+00:00', '--job-id', '1434', '--raw', '--subdir', 'DAGS_FOLDER/first_dag.py', '--cfg-path', '/tmp/tmp4hgul_ig']
[2023-05-25T10:36:13.296+0000] {standard_task_runner.py:85} INFO - Job 1434: Subtask greet
[2023-05-25T10:36:13.718+0000] {task_command.py:410} INFO - Running <TaskInstance: dag_with_taskflow_api_v02.greet scheduled__2023-02-05T00:00:00+00:00 [running]> on host b1ae37a9584e
[2023-05-25T10:36:15.120+0000] {taskinstance.py:1547} INFO - Exporting env vars: AIRFLOW_CTX_DAG_OWNER='Sai' AIRFLOW_CTX_DAG_ID='dag_with_taskflow_api_v02' AIRFLOW_CTX_TASK_ID='greet' AIRFLOW_CTX_EXECUTION_DATE='2023-02-05T00:00:00+00:00' AIRFLOW_CTX_TRY_NUMBER='1' AIRFLOW_CTX_DAG_RUN_ID='scheduled__2023-02-05T00:00:00+00:00'
[2023-05-25T10:36:15.122+0000] {logging_mixin.py:149} INFO - Hello World! My name is Sai Tr and I am 19 years old!
[2023-05-25T10:36:15.122+0000] {python.py:183} INFO - Done. Returned value was: None
[2023-05-25T10:36:15.204+0000] {taskinstance.py:1350} INFO - Marking task as SUCCESS. dag_id=dag_with_taskflow_api_v02, task_id=greet, execution_date=20230205T000000, start_date=20230525T103612, end_date=20230525T103615
[2023-05-25T10:36:16.298+0000] {local_task_job_runner.py:225} INFO - Task exited with return code 0
[2023-05-25T10:36:16.547+0000] {taskinstance.py:2651} INFO - 0 downstream tasks scheduled from follow-on schedule check
