[2023-05-24T15:20:20.238+0000] {taskinstance.py:1103} INFO - Dependencies all met for dep_context=non-requeueable deps ti=<TaskInstance: dag_with_taskflow_api_v02.get_name scheduled__2022-04-10T00:00:00+00:00 [queued]>
[2023-05-24T15:20:20.380+0000] {taskinstance.py:1103} INFO - Dependencies all met for dep_context=requeueable deps ti=<TaskInstance: dag_with_taskflow_api_v02.get_name scheduled__2022-04-10T00:00:00+00:00 [queued]>
[2023-05-24T15:20:20.397+0000] {taskinstance.py:1308} INFO - Starting attempt 1 of 6
[2023-05-24T15:20:22.118+0000] {taskinstance.py:1327} INFO - Executing <Task(_PythonDecoratedOperator): get_name> on 2022-04-10 00:00:00+00:00
[2023-05-24T15:20:22.128+0000] {standard_task_runner.py:57} INFO - Started process 1312 to run task
[2023-05-24T15:20:22.189+0000] {standard_task_runner.py:84} INFO - Running: ['***', 'tasks', 'run', 'dag_with_taskflow_api_v02', 'get_name', 'scheduled__2022-04-10T00:00:00+00:00', '--job-id', '499', '--raw', '--subdir', 'DAGS_FOLDER/first_dag.py', '--cfg-path', '/tmp/tmph59odiig']
[2023-05-24T15:20:22.204+0000] {standard_task_runner.py:85} INFO - Job 499: Subtask get_name
[2023-05-24T15:20:22.515+0000] {task_command.py:410} INFO - Running <TaskInstance: dag_with_taskflow_api_v02.get_name scheduled__2022-04-10T00:00:00+00:00 [running]> on host 942de29f183d
[2023-05-24T15:20:23.727+0000] {taskinstance.py:1547} INFO - Exporting env vars: AIRFLOW_CTX_DAG_OWNER='Sai' AIRFLOW_CTX_DAG_ID='dag_with_taskflow_api_v02' AIRFLOW_CTX_TASK_ID='get_name' AIRFLOW_CTX_EXECUTION_DATE='2022-04-10T00:00:00+00:00' AIRFLOW_CTX_TRY_NUMBER='1' AIRFLOW_CTX_DAG_RUN_ID='scheduled__2022-04-10T00:00:00+00:00'
[2023-05-24T15:20:23.729+0000] {python.py:183} INFO - Done. Returned value was: {'first_name': 'Sai', 'last_name': 'Tr'}
[2023-05-24T15:20:23.979+0000] {taskinstance.py:1350} INFO - Marking task as SUCCESS. dag_id=dag_with_taskflow_api_v02, task_id=get_name, execution_date=20220410T000000, start_date=20230524T152020, end_date=20230524T152023
[2023-05-24T15:20:24.109+0000] {local_task_job_runner.py:225} INFO - Task exited with return code 0
[2023-05-24T15:20:24.770+0000] {taskinstance.py:2651} INFO - 1 downstream tasks scheduled from follow-on schedule check
[2023-05-25T06:53:29.410+0000] {taskinstance.py:1103} INFO - Dependencies all met for dep_context=non-requeueable deps ti=<TaskInstance: dag_with_taskflow_api_v02.get_name scheduled__2022-04-10T00:00:00+00:00 [queued]>
[2023-05-25T06:53:29.498+0000] {taskinstance.py:1103} INFO - Dependencies all met for dep_context=requeueable deps ti=<TaskInstance: dag_with_taskflow_api_v02.get_name scheduled__2022-04-10T00:00:00+00:00 [queued]>
[2023-05-25T06:53:29.505+0000] {taskinstance.py:1308} INFO - Starting attempt 1 of 6
[2023-05-25T06:53:29.627+0000] {taskinstance.py:1327} INFO - Executing <Task(_PythonDecoratedOperator): get_name> on 2022-04-10 00:00:00+00:00
[2023-05-25T06:53:29.635+0000] {standard_task_runner.py:57} INFO - Started process 2838 to run task
[2023-05-25T06:53:29.647+0000] {standard_task_runner.py:84} INFO - Running: ['***', 'tasks', 'run', 'dag_with_taskflow_api_v02', 'get_name', 'scheduled__2022-04-10T00:00:00+00:00', '--job-id', '498', '--raw', '--subdir', 'DAGS_FOLDER/first_dag.py', '--cfg-path', '/tmp/tmpr6rtcb7k']
[2023-05-25T06:53:29.662+0000] {standard_task_runner.py:85} INFO - Job 498: Subtask get_name
[2023-05-25T06:53:30.052+0000] {task_command.py:410} INFO - Running <TaskInstance: dag_with_taskflow_api_v02.get_name scheduled__2022-04-10T00:00:00+00:00 [running]> on host 6bd07c7477d9
[2023-05-25T06:53:31.587+0000] {taskinstance.py:1547} INFO - Exporting env vars: AIRFLOW_CTX_DAG_OWNER='Sai' AIRFLOW_CTX_DAG_ID='dag_with_taskflow_api_v02' AIRFLOW_CTX_TASK_ID='get_name' AIRFLOW_CTX_EXECUTION_DATE='2022-04-10T00:00:00+00:00' AIRFLOW_CTX_TRY_NUMBER='1' AIRFLOW_CTX_DAG_RUN_ID='scheduled__2022-04-10T00:00:00+00:00'
[2023-05-25T06:53:31.588+0000] {python.py:183} INFO - Done. Returned value was: {'first_name': 'Sai', 'last_name': 'Tr'}
[2023-05-25T06:53:31.825+0000] {taskinstance.py:1350} INFO - Marking task as SUCCESS. dag_id=dag_with_taskflow_api_v02, task_id=get_name, execution_date=20220410T000000, start_date=20230525T065329, end_date=20230525T065331
[2023-05-25T06:53:31.911+0000] {local_task_job_runner.py:225} INFO - Task exited with return code 0
[2023-05-25T06:53:32.488+0000] {taskinstance.py:2651} INFO - 1 downstream tasks scheduled from follow-on schedule check
[2023-05-25T10:24:51.427+0000] {taskinstance.py:1103} INFO - Dependencies all met for dep_context=non-requeueable deps ti=<TaskInstance: dag_with_taskflow_api_v02.get_name scheduled__2022-04-10T00:00:00+00:00 [queued]>
[2023-05-25T10:24:51.509+0000] {taskinstance.py:1103} INFO - Dependencies all met for dep_context=requeueable deps ti=<TaskInstance: dag_with_taskflow_api_v02.get_name scheduled__2022-04-10T00:00:00+00:00 [queued]>
[2023-05-25T10:24:51.510+0000] {taskinstance.py:1308} INFO - Starting attempt 1 of 6
[2023-05-25T10:24:51.666+0000] {taskinstance.py:1327} INFO - Executing <Task(_PythonDecoratedOperator): get_name> on 2022-04-10 00:00:00+00:00
[2023-05-25T10:24:51.686+0000] {standard_task_runner.py:57} INFO - Started process 2432 to run task
[2023-05-25T10:24:51.697+0000] {standard_task_runner.py:84} INFO - Running: ['***', 'tasks', 'run', 'dag_with_taskflow_api_v02', 'get_name', 'scheduled__2022-04-10T00:00:00+00:00', '--job-id', '513', '--raw', '--subdir', 'DAGS_FOLDER/first_dag.py', '--cfg-path', '/tmp/tmpb4o13lpt']
[2023-05-25T10:24:51.731+0000] {standard_task_runner.py:85} INFO - Job 513: Subtask get_name
[2023-05-25T10:24:51.992+0000] {task_command.py:410} INFO - Running <TaskInstance: dag_with_taskflow_api_v02.get_name scheduled__2022-04-10T00:00:00+00:00 [running]> on host b1ae37a9584e
[2023-05-25T10:24:52.450+0000] {taskinstance.py:1547} INFO - Exporting env vars: AIRFLOW_CTX_DAG_OWNER='Sai' AIRFLOW_CTX_DAG_ID='dag_with_taskflow_api_v02' AIRFLOW_CTX_TASK_ID='get_name' AIRFLOW_CTX_EXECUTION_DATE='2022-04-10T00:00:00+00:00' AIRFLOW_CTX_TRY_NUMBER='1' AIRFLOW_CTX_DAG_RUN_ID='scheduled__2022-04-10T00:00:00+00:00'
[2023-05-25T10:24:52.452+0000] {python.py:183} INFO - Done. Returned value was: {'first_name': 'Sai', 'last_name': 'Tr'}
[2023-05-25T10:24:52.753+0000] {taskinstance.py:1350} INFO - Marking task as SUCCESS. dag_id=dag_with_taskflow_api_v02, task_id=get_name, execution_date=20220410T000000, start_date=20230525T102451, end_date=20230525T102452
[2023-05-25T10:24:52.912+0000] {local_task_job_runner.py:225} INFO - Task exited with return code 0
[2023-05-25T10:24:53.074+0000] {taskinstance.py:2651} INFO - 0 downstream tasks scheduled from follow-on schedule check
