[2023-05-24T15:16:45.264+0000] {taskinstance.py:1103} INFO - Dependencies all met for dep_context=non-requeueable deps ti=<TaskInstance: dag_with_taskflow_api_v02.get_age scheduled__2021-12-20T00:00:00+00:00 [queued]>
[2023-05-24T15:16:45.358+0000] {taskinstance.py:1103} INFO - Dependencies all met for dep_context=requeueable deps ti=<TaskInstance: dag_with_taskflow_api_v02.get_age scheduled__2021-12-20T00:00:00+00:00 [queued]>
[2023-05-24T15:16:45.359+0000] {taskinstance.py:1308} INFO - Starting attempt 1 of 6
[2023-05-24T15:16:45.837+0000] {taskinstance.py:1327} INFO - Executing <Task(_PythonDecoratedOperator): get_age> on 2021-12-20 00:00:00+00:00
[2023-05-24T15:16:45.863+0000] {standard_task_runner.py:57} INFO - Started process 554 to run task
[2023-05-24T15:16:45.889+0000] {standard_task_runner.py:84} INFO - Running: ['***', 'tasks', 'run', 'dag_with_taskflow_api_v02', 'get_age', 'scheduled__2021-12-20T00:00:00+00:00', '--job-id', '163', '--raw', '--subdir', 'DAGS_FOLDER/first_dag.py', '--cfg-path', '/tmp/tmp_b2u8w_j']
[2023-05-24T15:16:45.918+0000] {standard_task_runner.py:85} INFO - Job 163: Subtask get_age
[2023-05-24T15:16:46.199+0000] {task_command.py:410} INFO - Running <TaskInstance: dag_with_taskflow_api_v02.get_age scheduled__2021-12-20T00:00:00+00:00 [running]> on host 942de29f183d
[2023-05-24T15:16:46.771+0000] {taskinstance.py:1547} INFO - Exporting env vars: AIRFLOW_CTX_DAG_OWNER='Sai' AIRFLOW_CTX_DAG_ID='dag_with_taskflow_api_v02' AIRFLOW_CTX_TASK_ID='get_age' AIRFLOW_CTX_EXECUTION_DATE='2021-12-20T00:00:00+00:00' AIRFLOW_CTX_TRY_NUMBER='1' AIRFLOW_CTX_DAG_RUN_ID='scheduled__2021-12-20T00:00:00+00:00'
[2023-05-24T15:16:46.772+0000] {python.py:183} INFO - Done. Returned value was: 19
[2023-05-24T15:16:46.868+0000] {taskinstance.py:1350} INFO - Marking task as SUCCESS. dag_id=dag_with_taskflow_api_v02, task_id=get_age, execution_date=20211220T000000, start_date=20230524T151645, end_date=20230524T151646
[2023-05-24T15:16:46.997+0000] {local_task_job_runner.py:225} INFO - Task exited with return code 0
[2023-05-24T15:16:47.167+0000] {taskinstance.py:2651} INFO - 0 downstream tasks scheduled from follow-on schedule check
[2023-05-25T06:50:26.995+0000] {taskinstance.py:1103} INFO - Dependencies all met for dep_context=non-requeueable deps ti=<TaskInstance: dag_with_taskflow_api_v02.get_age scheduled__2021-12-20T00:00:00+00:00 [queued]>
[2023-05-25T06:50:27.095+0000] {taskinstance.py:1103} INFO - Dependencies all met for dep_context=requeueable deps ti=<TaskInstance: dag_with_taskflow_api_v02.get_age scheduled__2021-12-20T00:00:00+00:00 [queued]>
[2023-05-25T06:50:27.097+0000] {taskinstance.py:1308} INFO - Starting attempt 1 of 6
[2023-05-25T06:50:27.307+0000] {taskinstance.py:1327} INFO - Executing <Task(_PythonDecoratedOperator): get_age> on 2021-12-20 00:00:00+00:00
[2023-05-25T06:50:27.336+0000] {standard_task_runner.py:57} INFO - Started process 2093 to run task
[2023-05-25T06:50:27.397+0000] {standard_task_runner.py:84} INFO - Running: ['***', 'tasks', 'run', 'dag_with_taskflow_api_v02', 'get_age', 'scheduled__2021-12-20T00:00:00+00:00', '--job-id', '161', '--raw', '--subdir', 'DAGS_FOLDER/first_dag.py', '--cfg-path', '/tmp/tmp8nrowa2q']
[2023-05-25T06:50:27.412+0000] {standard_task_runner.py:85} INFO - Job 161: Subtask get_age
[2023-05-25T06:50:27.764+0000] {task_command.py:410} INFO - Running <TaskInstance: dag_with_taskflow_api_v02.get_age scheduled__2021-12-20T00:00:00+00:00 [running]> on host 6bd07c7477d9
[2023-05-25T06:50:28.309+0000] {taskinstance.py:1547} INFO - Exporting env vars: AIRFLOW_CTX_DAG_OWNER='Sai' AIRFLOW_CTX_DAG_ID='dag_with_taskflow_api_v02' AIRFLOW_CTX_TASK_ID='get_age' AIRFLOW_CTX_EXECUTION_DATE='2021-12-20T00:00:00+00:00' AIRFLOW_CTX_TRY_NUMBER='1' AIRFLOW_CTX_DAG_RUN_ID='scheduled__2021-12-20T00:00:00+00:00'
[2023-05-25T06:50:28.311+0000] {python.py:183} INFO - Done. Returned value was: 19
[2023-05-25T06:50:28.401+0000] {taskinstance.py:1350} INFO - Marking task as SUCCESS. dag_id=dag_with_taskflow_api_v02, task_id=get_age, execution_date=20211220T000000, start_date=20230525T065026, end_date=20230525T065028
[2023-05-25T06:50:28.489+0000] {local_task_job_runner.py:225} INFO - Task exited with return code 0
[2023-05-25T06:50:28.706+0000] {taskinstance.py:2651} INFO - 0 downstream tasks scheduled from follow-on schedule check
[2023-05-25T10:20:44.343+0000] {taskinstance.py:1103} INFO - Dependencies all met for dep_context=non-requeueable deps ti=<TaskInstance: dag_with_taskflow_api_v02.get_age scheduled__2021-12-20T00:00:00+00:00 [queued]>
[2023-05-25T10:20:44.439+0000] {taskinstance.py:1103} INFO - Dependencies all met for dep_context=requeueable deps ti=<TaskInstance: dag_with_taskflow_api_v02.get_age scheduled__2021-12-20T00:00:00+00:00 [queued]>
[2023-05-25T10:20:44.439+0000] {taskinstance.py:1308} INFO - Starting attempt 1 of 6
[2023-05-25T10:20:44.760+0000] {taskinstance.py:1327} INFO - Executing <Task(_PythonDecoratedOperator): get_age> on 2021-12-20 00:00:00+00:00
[2023-05-25T10:20:44.818+0000] {standard_task_runner.py:57} INFO - Started process 1624 to run task
[2023-05-25T10:20:44.839+0000] {standard_task_runner.py:84} INFO - Running: ['***', 'tasks', 'run', 'dag_with_taskflow_api_v02', 'get_age', 'scheduled__2021-12-20T00:00:00+00:00', '--job-id', '160', '--raw', '--subdir', 'DAGS_FOLDER/first_dag.py', '--cfg-path', '/tmp/tmpagerbh1e']
[2023-05-25T10:20:44.850+0000] {standard_task_runner.py:85} INFO - Job 160: Subtask get_age
[2023-05-25T10:20:45.071+0000] {task_command.py:410} INFO - Running <TaskInstance: dag_with_taskflow_api_v02.get_age scheduled__2021-12-20T00:00:00+00:00 [running]> on host b1ae37a9584e
[2023-05-25T10:20:45.533+0000] {taskinstance.py:1547} INFO - Exporting env vars: AIRFLOW_CTX_DAG_OWNER='Sai' AIRFLOW_CTX_DAG_ID='dag_with_taskflow_api_v02' AIRFLOW_CTX_TASK_ID='get_age' AIRFLOW_CTX_EXECUTION_DATE='2021-12-20T00:00:00+00:00' AIRFLOW_CTX_TRY_NUMBER='1' AIRFLOW_CTX_DAG_RUN_ID='scheduled__2021-12-20T00:00:00+00:00'
[2023-05-25T10:20:45.535+0000] {python.py:183} INFO - Done. Returned value was: 19
[2023-05-25T10:20:45.636+0000] {taskinstance.py:1350} INFO - Marking task as SUCCESS. dag_id=dag_with_taskflow_api_v02, task_id=get_age, execution_date=20211220T000000, start_date=20230525T102044, end_date=20230525T102045
[2023-05-25T10:20:45.712+0000] {local_task_job_runner.py:225} INFO - Task exited with return code 0
[2023-05-25T10:20:45.810+0000] {taskinstance.py:2651} INFO - 0 downstream tasks scheduled from follow-on schedule check
