[2023-05-24T15:15:30.853+0000] {taskinstance.py:1103} INFO - Dependencies all met for dep_context=non-requeueable deps ti=<TaskInstance: dag_with_taskflow_api_v02.greet scheduled__2021-11-05T00:00:00+00:00 [queued]>
[2023-05-24T15:15:30.997+0000] {taskinstance.py:1103} INFO - Dependencies all met for dep_context=requeueable deps ti=<TaskInstance: dag_with_taskflow_api_v02.greet scheduled__2021-11-05T00:00:00+00:00 [queued]>
[2023-05-24T15:15:30.999+0000] {taskinstance.py:1308} INFO - Starting attempt 1 of 6
[2023-05-24T15:15:31.246+0000] {taskinstance.py:1327} INFO - Executing <Task(_PythonDecoratedOperator): greet> on 2021-11-05 00:00:00+00:00
[2023-05-24T15:15:31.255+0000] {standard_task_runner.py:57} INFO - Started process 286 to run task
[2023-05-24T15:15:31.272+0000] {standard_task_runner.py:84} INFO - Running: ['***', 'tasks', 'run', 'dag_with_taskflow_api_v02', 'greet', 'scheduled__2021-11-05T00:00:00+00:00', '--job-id', '44', '--raw', '--subdir', 'DAGS_FOLDER/first_dag.py', '--cfg-path', '/tmp/tmpsjxcao2t']
[2023-05-24T15:15:31.280+0000] {standard_task_runner.py:85} INFO - Job 44: Subtask greet
[2023-05-24T15:15:31.489+0000] {task_command.py:410} INFO - Running <TaskInstance: dag_with_taskflow_api_v02.greet scheduled__2021-11-05T00:00:00+00:00 [running]> on host 942de29f183d
[2023-05-24T15:15:32.790+0000] {taskinstance.py:1547} INFO - Exporting env vars: AIRFLOW_CTX_DAG_OWNER='Sai' AIRFLOW_CTX_DAG_ID='dag_with_taskflow_api_v02' AIRFLOW_CTX_TASK_ID='greet' AIRFLOW_CTX_EXECUTION_DATE='2021-11-05T00:00:00+00:00' AIRFLOW_CTX_TRY_NUMBER='1' AIRFLOW_CTX_DAG_RUN_ID='scheduled__2021-11-05T00:00:00+00:00'
[2023-05-24T15:15:32.792+0000] {logging_mixin.py:149} INFO - Hello World! My name is Sai Tr and I am 19 years old!
[2023-05-24T15:15:32.792+0000] {python.py:183} INFO - Done. Returned value was: None
[2023-05-24T15:15:32.898+0000] {taskinstance.py:1350} INFO - Marking task as SUCCESS. dag_id=dag_with_taskflow_api_v02, task_id=greet, execution_date=20211105T000000, start_date=20230524T151530, end_date=20230524T151532
[2023-05-24T15:15:33.174+0000] {local_task_job_runner.py:225} INFO - Task exited with return code 0
[2023-05-24T15:15:34.329+0000] {taskinstance.py:2651} INFO - 0 downstream tasks scheduled from follow-on schedule check
[2023-05-25T06:49:19.265+0000] {taskinstance.py:1103} INFO - Dependencies all met for dep_context=non-requeueable deps ti=<TaskInstance: dag_with_taskflow_api_v02.greet scheduled__2021-11-05T00:00:00+00:00 [queued]>
[2023-05-25T06:49:19.405+0000] {taskinstance.py:1103} INFO - Dependencies all met for dep_context=requeueable deps ti=<TaskInstance: dag_with_taskflow_api_v02.greet scheduled__2021-11-05T00:00:00+00:00 [queued]>
[2023-05-25T06:49:19.411+0000] {taskinstance.py:1308} INFO - Starting attempt 1 of 6
[2023-05-25T06:49:19.592+0000] {taskinstance.py:1327} INFO - Executing <Task(_PythonDecoratedOperator): greet> on 2021-11-05 00:00:00+00:00
[2023-05-25T06:49:19.619+0000] {standard_task_runner.py:57} INFO - Started process 1828 to run task
[2023-05-25T06:49:19.684+0000] {standard_task_runner.py:84} INFO - Running: ['***', 'tasks', 'run', 'dag_with_taskflow_api_v02', 'greet', 'scheduled__2021-11-05T00:00:00+00:00', '--job-id', '45', '--raw', '--subdir', 'DAGS_FOLDER/first_dag.py', '--cfg-path', '/tmp/tmp065g7sf4']
[2023-05-25T06:49:19.695+0000] {standard_task_runner.py:85} INFO - Job 45: Subtask greet
[2023-05-25T06:49:20.119+0000] {task_command.py:410} INFO - Running <TaskInstance: dag_with_taskflow_api_v02.greet scheduled__2021-11-05T00:00:00+00:00 [running]> on host 6bd07c7477d9
[2023-05-25T06:49:20.980+0000] {taskinstance.py:1547} INFO - Exporting env vars: AIRFLOW_CTX_DAG_OWNER='Sai' AIRFLOW_CTX_DAG_ID='dag_with_taskflow_api_v02' AIRFLOW_CTX_TASK_ID='greet' AIRFLOW_CTX_EXECUTION_DATE='2021-11-05T00:00:00+00:00' AIRFLOW_CTX_TRY_NUMBER='1' AIRFLOW_CTX_DAG_RUN_ID='scheduled__2021-11-05T00:00:00+00:00'
[2023-05-25T06:49:20.981+0000] {logging_mixin.py:149} INFO - Hello World! My name is Sai Tr and I am 19 years old!
[2023-05-25T06:49:20.981+0000] {python.py:183} INFO - Done. Returned value was: None
[2023-05-25T06:49:21.019+0000] {taskinstance.py:1350} INFO - Marking task as SUCCESS. dag_id=dag_with_taskflow_api_v02, task_id=greet, execution_date=20211105T000000, start_date=20230525T064919, end_date=20230525T064921
[2023-05-25T06:49:21.092+0000] {local_task_job_runner.py:225} INFO - Task exited with return code 0
[2023-05-25T06:49:21.181+0000] {taskinstance.py:2651} INFO - 0 downstream tasks scheduled from follow-on schedule check
[2023-05-25T10:18:53.002+0000] {taskinstance.py:1103} INFO - Dependencies all met for dep_context=non-requeueable deps ti=<TaskInstance: dag_with_taskflow_api_v02.greet scheduled__2021-11-05T00:00:00+00:00 [queued]>
[2023-05-25T10:18:53.057+0000] {taskinstance.py:1103} INFO - Dependencies all met for dep_context=requeueable deps ti=<TaskInstance: dag_with_taskflow_api_v02.greet scheduled__2021-11-05T00:00:00+00:00 [queued]>
[2023-05-25T10:18:53.057+0000] {taskinstance.py:1308} INFO - Starting attempt 1 of 6
[2023-05-25T10:18:53.267+0000] {taskinstance.py:1327} INFO - Executing <Task(_PythonDecoratedOperator): greet> on 2021-11-05 00:00:00+00:00
[2023-05-25T10:18:53.360+0000] {standard_task_runner.py:57} INFO - Started process 1335 to run task
[2023-05-25T10:18:53.412+0000] {standard_task_runner.py:84} INFO - Running: ['***', 'tasks', 'run', 'dag_with_taskflow_api_v02', 'greet', 'scheduled__2021-11-05T00:00:00+00:00', '--job-id', '37', '--raw', '--subdir', 'DAGS_FOLDER/first_dag.py', '--cfg-path', '/tmp/tmp61y0q257']
[2023-05-25T10:18:53.425+0000] {standard_task_runner.py:85} INFO - Job 37: Subtask greet
[2023-05-25T10:18:53.910+0000] {task_command.py:410} INFO - Running <TaskInstance: dag_with_taskflow_api_v02.greet scheduled__2021-11-05T00:00:00+00:00 [running]> on host b1ae37a9584e
[2023-05-25T10:18:54.835+0000] {taskinstance.py:1547} INFO - Exporting env vars: AIRFLOW_CTX_DAG_OWNER='Sai' AIRFLOW_CTX_DAG_ID='dag_with_taskflow_api_v02' AIRFLOW_CTX_TASK_ID='greet' AIRFLOW_CTX_EXECUTION_DATE='2021-11-05T00:00:00+00:00' AIRFLOW_CTX_TRY_NUMBER='1' AIRFLOW_CTX_DAG_RUN_ID='scheduled__2021-11-05T00:00:00+00:00'
[2023-05-25T10:18:54.836+0000] {logging_mixin.py:149} INFO - Hello World! My name is Sai Tr and I am 19 years old!
[2023-05-25T10:18:54.837+0000] {python.py:183} INFO - Done. Returned value was: None
[2023-05-25T10:18:54.907+0000] {taskinstance.py:1350} INFO - Marking task as SUCCESS. dag_id=dag_with_taskflow_api_v02, task_id=greet, execution_date=20211105T000000, start_date=20230525T101853, end_date=20230525T101854
[2023-05-25T10:18:55.027+0000] {local_task_job_runner.py:225} INFO - Task exited with return code 0
[2023-05-25T10:18:55.139+0000] {taskinstance.py:2651} INFO - 0 downstream tasks scheduled from follow-on schedule check
