[2023-05-24T15:29:32.727+0000] {taskinstance.py:1103} INFO - Dependencies all met for dep_context=non-requeueable deps ti=<TaskInstance: dag_with_taskflow_api_v02.greet scheduled__2023-02-11T00:00:00+00:00 [queued]>
[2023-05-24T15:29:32.874+0000] {taskinstance.py:1103} INFO - Dependencies all met for dep_context=requeueable deps ti=<TaskInstance: dag_with_taskflow_api_v02.greet scheduled__2023-02-11T00:00:00+00:00 [queued]>
[2023-05-24T15:29:32.885+0000] {taskinstance.py:1308} INFO - Starting attempt 1 of 6
[2023-05-24T15:29:33.358+0000] {taskinstance.py:1327} INFO - Executing <Task(_PythonDecoratedOperator): greet> on 2023-02-11 00:00:00+00:00
[2023-05-24T15:29:33.394+0000] {standard_task_runner.py:84} INFO - Running: ['***', 'tasks', 'run', 'dag_with_taskflow_api_v02', 'greet', 'scheduled__2023-02-11T00:00:00+00:00', '--job-id', '1444', '--raw', '--subdir', 'DAGS_FOLDER/first_dag.py', '--cfg-path', '/tmp/tmp2wsqew9u']
[2023-05-24T15:29:33.415+0000] {standard_task_runner.py:85} INFO - Job 1444: Subtask greet
[2023-05-24T15:29:33.369+0000] {standard_task_runner.py:57} INFO - Started process 3414 to run task
[2023-05-24T15:29:33.726+0000] {task_command.py:410} INFO - Running <TaskInstance: dag_with_taskflow_api_v02.greet scheduled__2023-02-11T00:00:00+00:00 [running]> on host 942de29f183d
[2023-05-24T15:29:34.560+0000] {taskinstance.py:1547} INFO - Exporting env vars: AIRFLOW_CTX_DAG_OWNER='Sai' AIRFLOW_CTX_DAG_ID='dag_with_taskflow_api_v02' AIRFLOW_CTX_TASK_ID='greet' AIRFLOW_CTX_EXECUTION_DATE='2023-02-11T00:00:00+00:00' AIRFLOW_CTX_TRY_NUMBER='1' AIRFLOW_CTX_DAG_RUN_ID='scheduled__2023-02-11T00:00:00+00:00'
[2023-05-24T15:29:34.562+0000] {logging_mixin.py:149} INFO - Hello World! My name is Sai Tr and I am 19 years old!
[2023-05-24T15:29:34.563+0000] {python.py:183} INFO - Done. Returned value was: None
[2023-05-24T15:29:34.618+0000] {taskinstance.py:1350} INFO - Marking task as SUCCESS. dag_id=dag_with_taskflow_api_v02, task_id=greet, execution_date=20230211T000000, start_date=20230524T152932, end_date=20230524T152934
[2023-05-24T15:29:34.759+0000] {local_task_job_runner.py:225} INFO - Task exited with return code 0
[2023-05-24T15:29:34.928+0000] {taskinstance.py:2651} INFO - 0 downstream tasks scheduled from follow-on schedule check
[2023-05-25T07:01:58.789+0000] {taskinstance.py:1103} INFO - Dependencies all met for dep_context=non-requeueable deps ti=<TaskInstance: dag_with_taskflow_api_v02.greet scheduled__2023-02-11T00:00:00+00:00 [queued]>
[2023-05-25T07:01:58.847+0000] {taskinstance.py:1103} INFO - Dependencies all met for dep_context=requeueable deps ti=<TaskInstance: dag_with_taskflow_api_v02.greet scheduled__2023-02-11T00:00:00+00:00 [queued]>
[2023-05-25T07:01:58.848+0000] {taskinstance.py:1308} INFO - Starting attempt 1 of 6
[2023-05-25T07:01:58.935+0000] {taskinstance.py:1327} INFO - Executing <Task(_PythonDecoratedOperator): greet> on 2023-02-11 00:00:00+00:00
[2023-05-25T07:01:58.943+0000] {standard_task_runner.py:57} INFO - Started process 4905 to run task
[2023-05-25T07:01:58.960+0000] {standard_task_runner.py:84} INFO - Running: ['***', 'tasks', 'run', 'dag_with_taskflow_api_v02', 'greet', 'scheduled__2023-02-11T00:00:00+00:00', '--job-id', '1433', '--raw', '--subdir', 'DAGS_FOLDER/first_dag.py', '--cfg-path', '/tmp/tmpuyu2j7rv']
[2023-05-25T07:01:58.966+0000] {standard_task_runner.py:85} INFO - Job 1433: Subtask greet
[2023-05-25T07:01:59.073+0000] {task_command.py:410} INFO - Running <TaskInstance: dag_with_taskflow_api_v02.greet scheduled__2023-02-11T00:00:00+00:00 [running]> on host 6bd07c7477d9
[2023-05-25T07:01:59.419+0000] {taskinstance.py:1547} INFO - Exporting env vars: AIRFLOW_CTX_DAG_OWNER='Sai' AIRFLOW_CTX_DAG_ID='dag_with_taskflow_api_v02' AIRFLOW_CTX_TASK_ID='greet' AIRFLOW_CTX_EXECUTION_DATE='2023-02-11T00:00:00+00:00' AIRFLOW_CTX_TRY_NUMBER='1' AIRFLOW_CTX_DAG_RUN_ID='scheduled__2023-02-11T00:00:00+00:00'
[2023-05-25T07:01:59.420+0000] {logging_mixin.py:149} INFO - Hello World! My name is Sai Tr and I am 19 years old!
[2023-05-25T07:01:59.420+0000] {python.py:183} INFO - Done. Returned value was: None
[2023-05-25T07:01:59.454+0000] {taskinstance.py:1350} INFO - Marking task as SUCCESS. dag_id=dag_with_taskflow_api_v02, task_id=greet, execution_date=20230211T000000, start_date=20230525T070158, end_date=20230525T070159
[2023-05-25T07:01:59.527+0000] {local_task_job_runner.py:225} INFO - Task exited with return code 0
[2023-05-25T07:01:59.586+0000] {taskinstance.py:2651} INFO - 0 downstream tasks scheduled from follow-on schedule check
[2023-05-25T10:36:21.389+0000] {taskinstance.py:1103} INFO - Dependencies all met for dep_context=non-requeueable deps ti=<TaskInstance: dag_with_taskflow_api_v02.greet scheduled__2023-02-11T00:00:00+00:00 [queued]>
[2023-05-25T10:36:21.507+0000] {taskinstance.py:1103} INFO - Dependencies all met for dep_context=requeueable deps ti=<TaskInstance: dag_with_taskflow_api_v02.greet scheduled__2023-02-11T00:00:00+00:00 [queued]>
[2023-05-25T10:36:21.507+0000] {taskinstance.py:1308} INFO - Starting attempt 1 of 6
[2023-05-25T10:36:21.644+0000] {taskinstance.py:1327} INFO - Executing <Task(_PythonDecoratedOperator): greet> on 2023-02-11 00:00:00+00:00
[2023-05-25T10:36:21.664+0000] {standard_task_runner.py:57} INFO - Started process 4557 to run task
[2023-05-25T10:36:21.728+0000] {standard_task_runner.py:84} INFO - Running: ['***', 'tasks', 'run', 'dag_with_taskflow_api_v02', 'greet', 'scheduled__2023-02-11T00:00:00+00:00', '--job-id', '1448', '--raw', '--subdir', 'DAGS_FOLDER/first_dag.py', '--cfg-path', '/tmp/tmpi7ml_6ga']
[2023-05-25T10:36:21.747+0000] {standard_task_runner.py:85} INFO - Job 1448: Subtask greet
[2023-05-25T10:36:21.976+0000] {task_command.py:410} INFO - Running <TaskInstance: dag_with_taskflow_api_v02.greet scheduled__2023-02-11T00:00:00+00:00 [running]> on host b1ae37a9584e
[2023-05-25T10:36:22.780+0000] {taskinstance.py:1547} INFO - Exporting env vars: AIRFLOW_CTX_DAG_OWNER='Sai' AIRFLOW_CTX_DAG_ID='dag_with_taskflow_api_v02' AIRFLOW_CTX_TASK_ID='greet' AIRFLOW_CTX_EXECUTION_DATE='2023-02-11T00:00:00+00:00' AIRFLOW_CTX_TRY_NUMBER='1' AIRFLOW_CTX_DAG_RUN_ID='scheduled__2023-02-11T00:00:00+00:00'
[2023-05-25T10:36:22.787+0000] {logging_mixin.py:149} INFO - Hello World! My name is Sai Tr and I am 19 years old!
[2023-05-25T10:36:22.788+0000] {python.py:183} INFO - Done. Returned value was: None
[2023-05-25T10:36:22.849+0000] {taskinstance.py:1350} INFO - Marking task as SUCCESS. dag_id=dag_with_taskflow_api_v02, task_id=greet, execution_date=20230211T000000, start_date=20230525T103621, end_date=20230525T103622
[2023-05-25T10:36:22.953+0000] {local_task_job_runner.py:225} INFO - Task exited with return code 0
[2023-05-25T10:36:23.045+0000] {taskinstance.py:2651} INFO - 0 downstream tasks scheduled from follow-on schedule check
