[2023-05-24T15:27:35.820+0000] {taskinstance.py:1103} INFO - Dependencies all met for dep_context=non-requeueable deps ti=<TaskInstance: dag_with_taskflow_api_v02.get_name scheduled__2022-12-10T00:00:00+00:00 [queued]>
[2023-05-24T15:27:35.986+0000] {taskinstance.py:1103} INFO - Dependencies all met for dep_context=requeueable deps ti=<TaskInstance: dag_with_taskflow_api_v02.get_name scheduled__2022-12-10T00:00:00+00:00 [queued]>
[2023-05-24T15:27:35.987+0000] {taskinstance.py:1308} INFO - Starting attempt 1 of 6
[2023-05-24T15:27:36.244+0000] {taskinstance.py:1327} INFO - Executing <Task(_PythonDecoratedOperator): get_name> on 2022-12-10 00:00:00+00:00
[2023-05-24T15:27:36.288+0000] {standard_task_runner.py:57} INFO - Started process 2948 to run task
[2023-05-24T15:27:36.345+0000] {standard_task_runner.py:84} INFO - Running: ['***', 'tasks', 'run', 'dag_with_taskflow_api_v02', 'get_name', 'scheduled__2022-12-10T00:00:00+00:00', '--job-id', '1234', '--raw', '--subdir', 'DAGS_FOLDER/first_dag.py', '--cfg-path', '/tmp/tmpxqwvpc5q']
[2023-05-24T15:27:36.350+0000] {standard_task_runner.py:85} INFO - Job 1234: Subtask get_name
[2023-05-24T15:27:36.717+0000] {task_command.py:410} INFO - Running <TaskInstance: dag_with_taskflow_api_v02.get_name scheduled__2022-12-10T00:00:00+00:00 [running]> on host 942de29f183d
[2023-05-24T15:27:37.623+0000] {taskinstance.py:1547} INFO - Exporting env vars: AIRFLOW_CTX_DAG_OWNER='Sai' AIRFLOW_CTX_DAG_ID='dag_with_taskflow_api_v02' AIRFLOW_CTX_TASK_ID='get_name' AIRFLOW_CTX_EXECUTION_DATE='2022-12-10T00:00:00+00:00' AIRFLOW_CTX_TRY_NUMBER='1' AIRFLOW_CTX_DAG_RUN_ID='scheduled__2022-12-10T00:00:00+00:00'
[2023-05-24T15:27:37.624+0000] {python.py:183} INFO - Done. Returned value was: {'first_name': 'Sai', 'last_name': 'Tr'}
[2023-05-24T15:27:37.924+0000] {taskinstance.py:1350} INFO - Marking task as SUCCESS. dag_id=dag_with_taskflow_api_v02, task_id=get_name, execution_date=20221210T000000, start_date=20230524T152735, end_date=20230524T152737
[2023-05-24T15:27:38.757+0000] {local_task_job_runner.py:225} INFO - Task exited with return code 0
[2023-05-24T15:27:38.972+0000] {taskinstance.py:2651} INFO - 0 downstream tasks scheduled from follow-on schedule check
[2023-05-25T07:00:08.602+0000] {taskinstance.py:1103} INFO - Dependencies all met for dep_context=non-requeueable deps ti=<TaskInstance: dag_with_taskflow_api_v02.get_name scheduled__2022-12-10T00:00:00+00:00 [queued]>
[2023-05-25T07:00:08.640+0000] {taskinstance.py:1103} INFO - Dependencies all met for dep_context=requeueable deps ti=<TaskInstance: dag_with_taskflow_api_v02.get_name scheduled__2022-12-10T00:00:00+00:00 [queued]>
[2023-05-25T07:00:08.640+0000] {taskinstance.py:1308} INFO - Starting attempt 1 of 6
[2023-05-25T07:00:08.706+0000] {taskinstance.py:1327} INFO - Executing <Task(_PythonDecoratedOperator): get_name> on 2022-12-10 00:00:00+00:00
[2023-05-25T07:00:08.720+0000] {standard_task_runner.py:57} INFO - Started process 4453 to run task
[2023-05-25T07:00:08.740+0000] {standard_task_runner.py:84} INFO - Running: ['***', 'tasks', 'run', 'dag_with_taskflow_api_v02', 'get_name', 'scheduled__2022-12-10T00:00:00+00:00', '--job-id', '1230', '--raw', '--subdir', 'DAGS_FOLDER/first_dag.py', '--cfg-path', '/tmp/tmpya_kx5q4']
[2023-05-25T07:00:08.743+0000] {standard_task_runner.py:85} INFO - Job 1230: Subtask get_name
[2023-05-25T07:00:09.030+0000] {task_command.py:410} INFO - Running <TaskInstance: dag_with_taskflow_api_v02.get_name scheduled__2022-12-10T00:00:00+00:00 [running]> on host 6bd07c7477d9
[2023-05-25T07:00:09.669+0000] {taskinstance.py:1547} INFO - Exporting env vars: AIRFLOW_CTX_DAG_OWNER='Sai' AIRFLOW_CTX_DAG_ID='dag_with_taskflow_api_v02' AIRFLOW_CTX_TASK_ID='get_name' AIRFLOW_CTX_EXECUTION_DATE='2022-12-10T00:00:00+00:00' AIRFLOW_CTX_TRY_NUMBER='1' AIRFLOW_CTX_DAG_RUN_ID='scheduled__2022-12-10T00:00:00+00:00'
[2023-05-25T07:00:09.671+0000] {python.py:183} INFO - Done. Returned value was: {'first_name': 'Sai', 'last_name': 'Tr'}
[2023-05-25T07:00:09.985+0000] {taskinstance.py:1350} INFO - Marking task as SUCCESS. dag_id=dag_with_taskflow_api_v02, task_id=get_name, execution_date=20221210T000000, start_date=20230525T070008, end_date=20230525T070009
[2023-05-25T07:00:10.168+0000] {local_task_job_runner.py:225} INFO - Task exited with return code 0
[2023-05-25T07:00:10.347+0000] {taskinstance.py:2651} INFO - 1 downstream tasks scheduled from follow-on schedule check
[2023-05-25T10:34:06.360+0000] {taskinstance.py:1103} INFO - Dependencies all met for dep_context=non-requeueable deps ti=<TaskInstance: dag_with_taskflow_api_v02.get_name scheduled__2022-12-10T00:00:00+00:00 [queued]>
[2023-05-25T10:34:06.552+0000] {taskinstance.py:1103} INFO - Dependencies all met for dep_context=requeueable deps ti=<TaskInstance: dag_with_taskflow_api_v02.get_name scheduled__2022-12-10T00:00:00+00:00 [queued]>
[2023-05-25T10:34:06.553+0000] {taskinstance.py:1308} INFO - Starting attempt 1 of 6
[2023-05-25T10:34:06.930+0000] {taskinstance.py:1327} INFO - Executing <Task(_PythonDecoratedOperator): get_name> on 2022-12-10 00:00:00+00:00
[2023-05-25T10:34:06.938+0000] {standard_task_runner.py:57} INFO - Started process 4105 to run task
[2023-05-25T10:34:06.957+0000] {standard_task_runner.py:84} INFO - Running: ['***', 'tasks', 'run', 'dag_with_taskflow_api_v02', 'get_name', 'scheduled__2022-12-10T00:00:00+00:00', '--job-id', '1245', '--raw', '--subdir', 'DAGS_FOLDER/first_dag.py', '--cfg-path', '/tmp/tmp5d9t4tn3']
[2023-05-25T10:34:06.967+0000] {standard_task_runner.py:85} INFO - Job 1245: Subtask get_name
[2023-05-25T10:34:07.453+0000] {task_command.py:410} INFO - Running <TaskInstance: dag_with_taskflow_api_v02.get_name scheduled__2022-12-10T00:00:00+00:00 [running]> on host b1ae37a9584e
[2023-05-25T10:34:08.867+0000] {taskinstance.py:1547} INFO - Exporting env vars: AIRFLOW_CTX_DAG_OWNER='Sai' AIRFLOW_CTX_DAG_ID='dag_with_taskflow_api_v02' AIRFLOW_CTX_TASK_ID='get_name' AIRFLOW_CTX_EXECUTION_DATE='2022-12-10T00:00:00+00:00' AIRFLOW_CTX_TRY_NUMBER='1' AIRFLOW_CTX_DAG_RUN_ID='scheduled__2022-12-10T00:00:00+00:00'
[2023-05-25T10:34:08.868+0000] {python.py:183} INFO - Done. Returned value was: {'first_name': 'Sai', 'last_name': 'Tr'}
[2023-05-25T10:34:09.400+0000] {taskinstance.py:1350} INFO - Marking task as SUCCESS. dag_id=dag_with_taskflow_api_v02, task_id=get_name, execution_date=20221210T000000, start_date=20230525T103406, end_date=20230525T103409
[2023-05-25T10:34:09.819+0000] {local_task_job_runner.py:225} INFO - Task exited with return code 0
[2023-05-25T10:34:10.228+0000] {taskinstance.py:2651} INFO - 0 downstream tasks scheduled from follow-on schedule check
