[2023-05-24T15:18:55.912+0000] {taskinstance.py:1103} INFO - Dependencies all met for dep_context=non-requeueable deps ti=<TaskInstance: dag_with_taskflow_api_v02.get_name scheduled__2022-02-21T00:00:00+00:00 [queued]>
[2023-05-24T15:18:56.062+0000] {taskinstance.py:1103} INFO - Dependencies all met for dep_context=requeueable deps ti=<TaskInstance: dag_with_taskflow_api_v02.get_name scheduled__2022-02-21T00:00:00+00:00 [queued]>
[2023-05-24T15:18:56.073+0000] {taskinstance.py:1308} INFO - Starting attempt 1 of 6
[2023-05-24T15:18:56.204+0000] {taskinstance.py:1327} INFO - Executing <Task(_PythonDecoratedOperator): get_name> on 2022-02-21 00:00:00+00:00
[2023-05-24T15:18:56.250+0000] {standard_task_runner.py:57} INFO - Started process 992 to run task
[2023-05-24T15:18:56.248+0000] {standard_task_runner.py:84} INFO - Running: ['***', 'tasks', 'run', 'dag_with_taskflow_api_v02', 'get_name', 'scheduled__2022-02-21T00:00:00+00:00', '--job-id', '355', '--raw', '--subdir', 'DAGS_FOLDER/first_dag.py', '--cfg-path', '/tmp/tmp1kckohkb']
[2023-05-24T15:18:56.264+0000] {standard_task_runner.py:85} INFO - Job 355: Subtask get_name
[2023-05-24T15:18:56.698+0000] {task_command.py:410} INFO - Running <TaskInstance: dag_with_taskflow_api_v02.get_name scheduled__2022-02-21T00:00:00+00:00 [running]> on host 942de29f183d
[2023-05-24T15:18:57.338+0000] {taskinstance.py:1547} INFO - Exporting env vars: AIRFLOW_CTX_DAG_OWNER='Sai' AIRFLOW_CTX_DAG_ID='dag_with_taskflow_api_v02' AIRFLOW_CTX_TASK_ID='get_name' AIRFLOW_CTX_EXECUTION_DATE='2022-02-21T00:00:00+00:00' AIRFLOW_CTX_TRY_NUMBER='1' AIRFLOW_CTX_DAG_RUN_ID='scheduled__2022-02-21T00:00:00+00:00'
[2023-05-24T15:18:57.340+0000] {python.py:183} INFO - Done. Returned value was: {'first_name': 'Sai', 'last_name': 'Tr'}
[2023-05-24T15:18:57.668+0000] {taskinstance.py:1350} INFO - Marking task as SUCCESS. dag_id=dag_with_taskflow_api_v02, task_id=get_name, execution_date=20220221T000000, start_date=20230524T151855, end_date=20230524T151857
[2023-05-24T15:18:57.884+0000] {local_task_job_runner.py:225} INFO - Task exited with return code 0
[2023-05-24T15:18:59.124+0000] {taskinstance.py:2651} INFO - 0 downstream tasks scheduled from follow-on schedule check
[2023-05-25T06:52:11.465+0000] {taskinstance.py:1103} INFO - Dependencies all met for dep_context=non-requeueable deps ti=<TaskInstance: dag_with_taskflow_api_v02.get_name scheduled__2022-02-21T00:00:00+00:00 [queued]>
[2023-05-25T06:52:11.578+0000] {taskinstance.py:1103} INFO - Dependencies all met for dep_context=requeueable deps ti=<TaskInstance: dag_with_taskflow_api_v02.get_name scheduled__2022-02-21T00:00:00+00:00 [queued]>
[2023-05-25T06:52:11.585+0000] {taskinstance.py:1308} INFO - Starting attempt 1 of 6
[2023-05-25T06:52:11.698+0000] {taskinstance.py:1327} INFO - Executing <Task(_PythonDecoratedOperator): get_name> on 2022-02-21 00:00:00+00:00
[2023-05-25T06:52:11.718+0000] {standard_task_runner.py:57} INFO - Started process 2521 to run task
[2023-05-25T06:52:11.743+0000] {standard_task_runner.py:84} INFO - Running: ['***', 'tasks', 'run', 'dag_with_taskflow_api_v02', 'get_name', 'scheduled__2022-02-21T00:00:00+00:00', '--job-id', '353', '--raw', '--subdir', 'DAGS_FOLDER/first_dag.py', '--cfg-path', '/tmp/tmpbhgske5l']
[2023-05-25T06:52:11.766+0000] {standard_task_runner.py:85} INFO - Job 353: Subtask get_name
[2023-05-25T06:52:12.084+0000] {task_command.py:410} INFO - Running <TaskInstance: dag_with_taskflow_api_v02.get_name scheduled__2022-02-21T00:00:00+00:00 [running]> on host 6bd07c7477d9
[2023-05-25T06:52:12.923+0000] {taskinstance.py:1547} INFO - Exporting env vars: AIRFLOW_CTX_DAG_OWNER='Sai' AIRFLOW_CTX_DAG_ID='dag_with_taskflow_api_v02' AIRFLOW_CTX_TASK_ID='get_name' AIRFLOW_CTX_EXECUTION_DATE='2022-02-21T00:00:00+00:00' AIRFLOW_CTX_TRY_NUMBER='1' AIRFLOW_CTX_DAG_RUN_ID='scheduled__2022-02-21T00:00:00+00:00'
[2023-05-25T06:52:12.924+0000] {python.py:183} INFO - Done. Returned value was: {'first_name': 'Sai', 'last_name': 'Tr'}
[2023-05-25T06:52:13.196+0000] {taskinstance.py:1350} INFO - Marking task as SUCCESS. dag_id=dag_with_taskflow_api_v02, task_id=get_name, execution_date=20220221T000000, start_date=20230525T065211, end_date=20230525T065213
[2023-05-25T06:52:13.308+0000] {local_task_job_runner.py:225} INFO - Task exited with return code 0
[2023-05-25T06:52:13.398+0000] {taskinstance.py:2651} INFO - 1 downstream tasks scheduled from follow-on schedule check
[2023-05-25T10:23:04.790+0000] {taskinstance.py:1103} INFO - Dependencies all met for dep_context=non-requeueable deps ti=<TaskInstance: dag_with_taskflow_api_v02.get_name scheduled__2022-02-21T00:00:00+00:00 [queued]>
[2023-05-25T10:23:04.827+0000] {taskinstance.py:1103} INFO - Dependencies all met for dep_context=requeueable deps ti=<TaskInstance: dag_with_taskflow_api_v02.get_name scheduled__2022-02-21T00:00:00+00:00 [queued]>
[2023-05-25T10:23:04.829+0000] {taskinstance.py:1308} INFO - Starting attempt 1 of 6
[2023-05-25T10:23:05.568+0000] {taskinstance.py:1327} INFO - Executing <Task(_PythonDecoratedOperator): get_name> on 2022-02-21 00:00:00+00:00
[2023-05-25T10:23:05.583+0000] {standard_task_runner.py:57} INFO - Started process 2064 to run task
[2023-05-25T10:23:05.722+0000] {standard_task_runner.py:84} INFO - Running: ['***', 'tasks', 'run', 'dag_with_taskflow_api_v02', 'get_name', 'scheduled__2022-02-21T00:00:00+00:00', '--job-id', '349', '--raw', '--subdir', 'DAGS_FOLDER/first_dag.py', '--cfg-path', '/tmp/tmp4efyfgwv']
[2023-05-25T10:23:05.726+0000] {standard_task_runner.py:85} INFO - Job 349: Subtask get_name
[2023-05-25T10:23:06.186+0000] {task_command.py:410} INFO - Running <TaskInstance: dag_with_taskflow_api_v02.get_name scheduled__2022-02-21T00:00:00+00:00 [running]> on host b1ae37a9584e
[2023-05-25T10:23:06.822+0000] {taskinstance.py:1547} INFO - Exporting env vars: AIRFLOW_CTX_DAG_OWNER='Sai' AIRFLOW_CTX_DAG_ID='dag_with_taskflow_api_v02' AIRFLOW_CTX_TASK_ID='get_name' AIRFLOW_CTX_EXECUTION_DATE='2022-02-21T00:00:00+00:00' AIRFLOW_CTX_TRY_NUMBER='1' AIRFLOW_CTX_DAG_RUN_ID='scheduled__2022-02-21T00:00:00+00:00'
[2023-05-25T10:23:06.823+0000] {python.py:183} INFO - Done. Returned value was: {'first_name': 'Sai', 'last_name': 'Tr'}
[2023-05-25T10:23:07.001+0000] {taskinstance.py:1350} INFO - Marking task as SUCCESS. dag_id=dag_with_taskflow_api_v02, task_id=get_name, execution_date=20220221T000000, start_date=20230525T102304, end_date=20230525T102307
[2023-05-25T10:23:07.146+0000] {local_task_job_runner.py:225} INFO - Task exited with return code 0
[2023-05-25T10:23:08.220+0000] {taskinstance.py:2651} INFO - 0 downstream tasks scheduled from follow-on schedule check
