[2023-05-24T15:23:25.113+0000] {taskinstance.py:1103} INFO - Dependencies all met for dep_context=non-requeueable deps ti=<TaskInstance: dag_with_taskflow_api_v02.get_age scheduled__2022-07-11T00:00:00+00:00 [queued]>
[2023-05-24T15:23:25.193+0000] {taskinstance.py:1103} INFO - Dependencies all met for dep_context=requeueable deps ti=<TaskInstance: dag_with_taskflow_api_v02.get_age scheduled__2022-07-11T00:00:00+00:00 [queued]>
[2023-05-24T15:23:25.194+0000] {taskinstance.py:1308} INFO - Starting attempt 1 of 6
[2023-05-24T15:23:25.326+0000] {taskinstance.py:1327} INFO - Executing <Task(_PythonDecoratedOperator): get_age> on 2022-07-11 00:00:00+00:00
[2023-05-24T15:23:25.360+0000] {standard_task_runner.py:57} INFO - Started process 1944 to run task
[2023-05-24T15:23:25.384+0000] {standard_task_runner.py:84} INFO - Running: ['***', 'tasks', 'run', 'dag_with_taskflow_api_v02', 'get_age', 'scheduled__2022-07-11T00:00:00+00:00', '--job-id', '780', '--raw', '--subdir', 'DAGS_FOLDER/first_dag.py', '--cfg-path', '/tmp/tmp6n7z99l5']
[2023-05-24T15:23:25.391+0000] {standard_task_runner.py:85} INFO - Job 780: Subtask get_age
[2023-05-24T15:23:25.573+0000] {task_command.py:410} INFO - Running <TaskInstance: dag_with_taskflow_api_v02.get_age scheduled__2022-07-11T00:00:00+00:00 [running]> on host 942de29f183d
[2023-05-24T15:23:26.134+0000] {taskinstance.py:1547} INFO - Exporting env vars: AIRFLOW_CTX_DAG_OWNER='Sai' AIRFLOW_CTX_DAG_ID='dag_with_taskflow_api_v02' AIRFLOW_CTX_TASK_ID='get_age' AIRFLOW_CTX_EXECUTION_DATE='2022-07-11T00:00:00+00:00' AIRFLOW_CTX_TRY_NUMBER='1' AIRFLOW_CTX_DAG_RUN_ID='scheduled__2022-07-11T00:00:00+00:00'
[2023-05-24T15:23:26.136+0000] {python.py:183} INFO - Done. Returned value was: 19
[2023-05-24T15:23:26.268+0000] {taskinstance.py:1350} INFO - Marking task as SUCCESS. dag_id=dag_with_taskflow_api_v02, task_id=get_age, execution_date=20220711T000000, start_date=20230524T152325, end_date=20230524T152326
[2023-05-24T15:23:26.368+0000] {local_task_job_runner.py:225} INFO - Task exited with return code 0
[2023-05-24T15:23:26.707+0000] {taskinstance.py:2651} INFO - 0 downstream tasks scheduled from follow-on schedule check
[2023-05-25T06:55:56.697+0000] {taskinstance.py:1103} INFO - Dependencies all met for dep_context=non-requeueable deps ti=<TaskInstance: dag_with_taskflow_api_v02.get_age scheduled__2022-07-11T00:00:00+00:00 [queued]>
[2023-05-25T06:55:56.773+0000] {taskinstance.py:1103} INFO - Dependencies all met for dep_context=requeueable deps ti=<TaskInstance: dag_with_taskflow_api_v02.get_age scheduled__2022-07-11T00:00:00+00:00 [queued]>
[2023-05-25T06:55:56.773+0000] {taskinstance.py:1308} INFO - Starting attempt 1 of 6
[2023-05-25T06:55:56.952+0000] {taskinstance.py:1327} INFO - Executing <Task(_PythonDecoratedOperator): get_age> on 2022-07-11 00:00:00+00:00
[2023-05-25T06:55:56.966+0000] {standard_task_runner.py:57} INFO - Started process 3448 to run task
[2023-05-25T06:55:56.989+0000] {standard_task_runner.py:84} INFO - Running: ['***', 'tasks', 'run', 'dag_with_taskflow_api_v02', 'get_age', 'scheduled__2022-07-11T00:00:00+00:00', '--job-id', '772', '--raw', '--subdir', 'DAGS_FOLDER/first_dag.py', '--cfg-path', '/tmp/tmpqyk7azlk']
[2023-05-25T06:55:57.022+0000] {standard_task_runner.py:85} INFO - Job 772: Subtask get_age
[2023-05-25T06:55:57.297+0000] {task_command.py:410} INFO - Running <TaskInstance: dag_with_taskflow_api_v02.get_age scheduled__2022-07-11T00:00:00+00:00 [running]> on host 6bd07c7477d9
[2023-05-25T06:55:58.249+0000] {taskinstance.py:1547} INFO - Exporting env vars: AIRFLOW_CTX_DAG_OWNER='Sai' AIRFLOW_CTX_DAG_ID='dag_with_taskflow_api_v02' AIRFLOW_CTX_TASK_ID='get_age' AIRFLOW_CTX_EXECUTION_DATE='2022-07-11T00:00:00+00:00' AIRFLOW_CTX_TRY_NUMBER='1' AIRFLOW_CTX_DAG_RUN_ID='scheduled__2022-07-11T00:00:00+00:00'
[2023-05-25T06:55:58.250+0000] {python.py:183} INFO - Done. Returned value was: 19
[2023-05-25T06:55:58.371+0000] {taskinstance.py:1350} INFO - Marking task as SUCCESS. dag_id=dag_with_taskflow_api_v02, task_id=get_age, execution_date=20220711T000000, start_date=20230525T065556, end_date=20230525T065558
[2023-05-25T06:55:58.459+0000] {local_task_job_runner.py:225} INFO - Task exited with return code 0
[2023-05-25T06:55:59.384+0000] {taskinstance.py:2651} INFO - 0 downstream tasks scheduled from follow-on schedule check
[2023-05-25T10:27:42.289+0000] {taskinstance.py:1103} INFO - Dependencies all met for dep_context=non-requeueable deps ti=<TaskInstance: dag_with_taskflow_api_v02.get_age scheduled__2022-07-11T00:00:00+00:00 [queued]>
[2023-05-25T10:27:42.342+0000] {taskinstance.py:1103} INFO - Dependencies all met for dep_context=requeueable deps ti=<TaskInstance: dag_with_taskflow_api_v02.get_age scheduled__2022-07-11T00:00:00+00:00 [queued]>
[2023-05-25T10:27:42.342+0000] {taskinstance.py:1308} INFO - Starting attempt 1 of 6
[2023-05-25T10:27:42.474+0000] {taskinstance.py:1327} INFO - Executing <Task(_PythonDecoratedOperator): get_age> on 2022-07-11 00:00:00+00:00
[2023-05-25T10:27:42.555+0000] {standard_task_runner.py:57} INFO - Started process 3051 to run task
[2023-05-25T10:27:42.580+0000] {standard_task_runner.py:84} INFO - Running: ['***', 'tasks', 'run', 'dag_with_taskflow_api_v02', 'get_age', 'scheduled__2022-07-11T00:00:00+00:00', '--job-id', '786', '--raw', '--subdir', 'DAGS_FOLDER/first_dag.py', '--cfg-path', '/tmp/tmpe80d1ize']
[2023-05-25T10:27:42.583+0000] {standard_task_runner.py:85} INFO - Job 786: Subtask get_age
[2023-05-25T10:27:43.023+0000] {task_command.py:410} INFO - Running <TaskInstance: dag_with_taskflow_api_v02.get_age scheduled__2022-07-11T00:00:00+00:00 [running]> on host b1ae37a9584e
[2023-05-25T10:27:44.057+0000] {taskinstance.py:1547} INFO - Exporting env vars: AIRFLOW_CTX_DAG_OWNER='Sai' AIRFLOW_CTX_DAG_ID='dag_with_taskflow_api_v02' AIRFLOW_CTX_TASK_ID='get_age' AIRFLOW_CTX_EXECUTION_DATE='2022-07-11T00:00:00+00:00' AIRFLOW_CTX_TRY_NUMBER='1' AIRFLOW_CTX_DAG_RUN_ID='scheduled__2022-07-11T00:00:00+00:00'
[2023-05-25T10:27:44.058+0000] {python.py:183} INFO - Done. Returned value was: 19
[2023-05-25T10:27:44.339+0000] {taskinstance.py:1350} INFO - Marking task as SUCCESS. dag_id=dag_with_taskflow_api_v02, task_id=get_age, execution_date=20220711T000000, start_date=20230525T102742, end_date=20230525T102744
[2023-05-25T10:27:44.575+0000] {local_task_job_runner.py:225} INFO - Task exited with return code 0
[2023-05-25T10:27:44.699+0000] {taskinstance.py:2651} INFO - 0 downstream tasks scheduled from follow-on schedule check
