[2023-05-24T15:31:08.392+0000] {taskinstance.py:1103} INFO - Dependencies all met for dep_context=non-requeueable deps ti=<TaskInstance: dag_with_taskflow_api_v02.get_age scheduled__2023-04-17T00:00:00+00:00 [queued]>
[2023-05-24T15:31:08.532+0000] {taskinstance.py:1103} INFO - Dependencies all met for dep_context=requeueable deps ti=<TaskInstance: dag_with_taskflow_api_v02.get_age scheduled__2023-04-17T00:00:00+00:00 [queued]>
[2023-05-24T15:31:08.550+0000] {taskinstance.py:1308} INFO - Starting attempt 1 of 6
[2023-05-24T15:31:08.968+0000] {taskinstance.py:1327} INFO - Executing <Task(_PythonDecoratedOperator): get_age> on 2023-04-17 00:00:00+00:00
[2023-05-24T15:31:09.024+0000] {standard_task_runner.py:57} INFO - Started process 3800 to run task
[2023-05-24T15:31:09.049+0000] {standard_task_runner.py:84} INFO - Running: ['***', 'tasks', 'run', 'dag_with_taskflow_api_v02', 'get_age', 'scheduled__2023-04-17T00:00:00+00:00', '--job-id', '1618', '--raw', '--subdir', 'DAGS_FOLDER/first_dag.py', '--cfg-path', '/tmp/tmpupxbjz4z']
[2023-05-24T15:31:09.077+0000] {standard_task_runner.py:85} INFO - Job 1618: Subtask get_age
[2023-05-24T15:31:09.371+0000] {task_command.py:410} INFO - Running <TaskInstance: dag_with_taskflow_api_v02.get_age scheduled__2023-04-17T00:00:00+00:00 [running]> on host 942de29f183d
[2023-05-24T15:31:10.422+0000] {taskinstance.py:1547} INFO - Exporting env vars: AIRFLOW_CTX_DAG_OWNER='Sai' AIRFLOW_CTX_DAG_ID='dag_with_taskflow_api_v02' AIRFLOW_CTX_TASK_ID='get_age' AIRFLOW_CTX_EXECUTION_DATE='2023-04-17T00:00:00+00:00' AIRFLOW_CTX_TRY_NUMBER='1' AIRFLOW_CTX_DAG_RUN_ID='scheduled__2023-04-17T00:00:00+00:00'
[2023-05-24T15:31:10.423+0000] {python.py:183} INFO - Done. Returned value was: 19
[2023-05-24T15:31:10.579+0000] {taskinstance.py:1350} INFO - Marking task as SUCCESS. dag_id=dag_with_taskflow_api_v02, task_id=get_age, execution_date=20230417T000000, start_date=20230524T153108, end_date=20230524T153110
[2023-05-24T15:31:11.243+0000] {local_task_job_runner.py:225} INFO - Task exited with return code 0
[2023-05-24T15:31:11.544+0000] {taskinstance.py:2651} INFO - 1 downstream tasks scheduled from follow-on schedule check
[2023-05-25T07:03:39.022+0000] {taskinstance.py:1103} INFO - Dependencies all met for dep_context=non-requeueable deps ti=<TaskInstance: dag_with_taskflow_api_v02.get_age scheduled__2023-04-17T00:00:00+00:00 [queued]>
[2023-05-25T07:03:39.090+0000] {taskinstance.py:1103} INFO - Dependencies all met for dep_context=requeueable deps ti=<TaskInstance: dag_with_taskflow_api_v02.get_age scheduled__2023-04-17T00:00:00+00:00 [queued]>
[2023-05-25T07:03:39.101+0000] {taskinstance.py:1308} INFO - Starting attempt 1 of 6
[2023-05-25T07:03:39.240+0000] {taskinstance.py:1327} INFO - Executing <Task(_PythonDecoratedOperator): get_age> on 2023-04-17 00:00:00+00:00
[2023-05-25T07:03:39.247+0000] {standard_task_runner.py:57} INFO - Started process 5316 to run task
[2023-05-25T07:03:39.273+0000] {standard_task_runner.py:84} INFO - Running: ['***', 'tasks', 'run', 'dag_with_taskflow_api_v02', 'get_age', 'scheduled__2023-04-17T00:00:00+00:00', '--job-id', '1618', '--raw', '--subdir', 'DAGS_FOLDER/first_dag.py', '--cfg-path', '/tmp/tmpj9ytzh2n']
[2023-05-25T07:03:39.277+0000] {standard_task_runner.py:85} INFO - Job 1618: Subtask get_age
[2023-05-25T07:03:39.627+0000] {task_command.py:410} INFO - Running <TaskInstance: dag_with_taskflow_api_v02.get_age scheduled__2023-04-17T00:00:00+00:00 [running]> on host 6bd07c7477d9
[2023-05-25T07:03:40.104+0000] {taskinstance.py:1547} INFO - Exporting env vars: AIRFLOW_CTX_DAG_OWNER='Sai' AIRFLOW_CTX_DAG_ID='dag_with_taskflow_api_v02' AIRFLOW_CTX_TASK_ID='get_age' AIRFLOW_CTX_EXECUTION_DATE='2023-04-17T00:00:00+00:00' AIRFLOW_CTX_TRY_NUMBER='1' AIRFLOW_CTX_DAG_RUN_ID='scheduled__2023-04-17T00:00:00+00:00'
[2023-05-25T07:03:40.109+0000] {python.py:183} INFO - Done. Returned value was: 19
[2023-05-25T07:03:40.261+0000] {taskinstance.py:1350} INFO - Marking task as SUCCESS. dag_id=dag_with_taskflow_api_v02, task_id=get_age, execution_date=20230417T000000, start_date=20230525T070339, end_date=20230525T070340
[2023-05-25T07:03:40.427+0000] {local_task_job_runner.py:225} INFO - Task exited with return code 0
[2023-05-25T07:03:40.623+0000] {taskinstance.py:2651} INFO - 1 downstream tasks scheduled from follow-on schedule check
[2023-05-25T10:38:18.199+0000] {taskinstance.py:1103} INFO - Dependencies all met for dep_context=non-requeueable deps ti=<TaskInstance: dag_with_taskflow_api_v02.get_age scheduled__2023-04-17T00:00:00+00:00 [queued]>
[2023-05-25T10:38:18.277+0000] {taskinstance.py:1103} INFO - Dependencies all met for dep_context=requeueable deps ti=<TaskInstance: dag_with_taskflow_api_v02.get_age scheduled__2023-04-17T00:00:00+00:00 [queued]>
[2023-05-25T10:38:18.277+0000] {taskinstance.py:1308} INFO - Starting attempt 1 of 6
[2023-05-25T10:38:18.768+0000] {taskinstance.py:1327} INFO - Executing <Task(_PythonDecoratedOperator): get_age> on 2023-04-17 00:00:00+00:00
[2023-05-25T10:38:18.804+0000] {standard_task_runner.py:57} INFO - Started process 4970 to run task
[2023-05-25T10:38:18.824+0000] {standard_task_runner.py:84} INFO - Running: ['***', 'tasks', 'run', 'dag_with_taskflow_api_v02', 'get_age', 'scheduled__2023-04-17T00:00:00+00:00', '--job-id', '1631', '--raw', '--subdir', 'DAGS_FOLDER/first_dag.py', '--cfg-path', '/tmp/tmpejw7kp59']
[2023-05-25T10:38:18.866+0000] {standard_task_runner.py:85} INFO - Job 1631: Subtask get_age
[2023-05-25T10:38:19.219+0000] {task_command.py:410} INFO - Running <TaskInstance: dag_with_taskflow_api_v02.get_age scheduled__2023-04-17T00:00:00+00:00 [running]> on host b1ae37a9584e
[2023-05-25T10:38:20.171+0000] {taskinstance.py:1547} INFO - Exporting env vars: AIRFLOW_CTX_DAG_OWNER='Sai' AIRFLOW_CTX_DAG_ID='dag_with_taskflow_api_v02' AIRFLOW_CTX_TASK_ID='get_age' AIRFLOW_CTX_EXECUTION_DATE='2023-04-17T00:00:00+00:00' AIRFLOW_CTX_TRY_NUMBER='1' AIRFLOW_CTX_DAG_RUN_ID='scheduled__2023-04-17T00:00:00+00:00'
[2023-05-25T10:38:20.173+0000] {python.py:183} INFO - Done. Returned value was: 19
[2023-05-25T10:38:20.277+0000] {taskinstance.py:1350} INFO - Marking task as SUCCESS. dag_id=dag_with_taskflow_api_v02, task_id=get_age, execution_date=20230417T000000, start_date=20230525T103818, end_date=20230525T103820
[2023-05-25T10:38:20.445+0000] {local_task_job_runner.py:225} INFO - Task exited with return code 0
[2023-05-25T10:38:20.707+0000] {taskinstance.py:2651} INFO - 1 downstream tasks scheduled from follow-on schedule check
