[2023-05-24T15:18:03.042+0000] {taskinstance.py:1103} INFO - Dependencies all met for dep_context=non-requeueable deps ti=<TaskInstance: dag_with_taskflow_api_v02.get_age scheduled__2022-01-25T00:00:00+00:00 [queued]>
[2023-05-24T15:18:03.149+0000] {taskinstance.py:1103} INFO - Dependencies all met for dep_context=requeueable deps ti=<TaskInstance: dag_with_taskflow_api_v02.get_age scheduled__2022-01-25T00:00:00+00:00 [queued]>
[2023-05-24T15:18:03.149+0000] {taskinstance.py:1308} INFO - Starting attempt 1 of 6
[2023-05-24T15:18:03.682+0000] {taskinstance.py:1327} INFO - Executing <Task(_PythonDecoratedOperator): get_age> on 2022-01-25 00:00:00+00:00
[2023-05-24T15:18:03.741+0000] {standard_task_runner.py:57} INFO - Started process 820 to run task
[2023-05-24T15:18:03.764+0000] {standard_task_runner.py:84} INFO - Running: ['***', 'tasks', 'run', 'dag_with_taskflow_api_v02', 'get_age', 'scheduled__2022-01-25T00:00:00+00:00', '--job-id', '278', '--raw', '--subdir', 'DAGS_FOLDER/first_dag.py', '--cfg-path', '/tmp/tmpk86haku6']
[2023-05-24T15:18:03.786+0000] {standard_task_runner.py:85} INFO - Job 278: Subtask get_age
[2023-05-24T15:18:04.200+0000] {task_command.py:410} INFO - Running <TaskInstance: dag_with_taskflow_api_v02.get_age scheduled__2022-01-25T00:00:00+00:00 [running]> on host 942de29f183d
[2023-05-24T15:18:05.117+0000] {taskinstance.py:1547} INFO - Exporting env vars: AIRFLOW_CTX_DAG_OWNER='Sai' AIRFLOW_CTX_DAG_ID='dag_with_taskflow_api_v02' AIRFLOW_CTX_TASK_ID='get_age' AIRFLOW_CTX_EXECUTION_DATE='2022-01-25T00:00:00+00:00' AIRFLOW_CTX_TRY_NUMBER='1' AIRFLOW_CTX_DAG_RUN_ID='scheduled__2022-01-25T00:00:00+00:00'
[2023-05-24T15:18:05.118+0000] {python.py:183} INFO - Done. Returned value was: 19
[2023-05-24T15:18:05.252+0000] {taskinstance.py:1350} INFO - Marking task as SUCCESS. dag_id=dag_with_taskflow_api_v02, task_id=get_age, execution_date=20220125T000000, start_date=20230524T151803, end_date=20230524T151805
[2023-05-24T15:18:05.573+0000] {local_task_job_runner.py:225} INFO - Task exited with return code 0
[2023-05-24T15:18:05.695+0000] {taskinstance.py:2651} INFO - 1 downstream tasks scheduled from follow-on schedule check
[2023-05-25T06:51:30.602+0000] {taskinstance.py:1103} INFO - Dependencies all met for dep_context=non-requeueable deps ti=<TaskInstance: dag_with_taskflow_api_v02.get_age scheduled__2022-01-25T00:00:00+00:00 [queued]>
[2023-05-25T06:51:30.654+0000] {taskinstance.py:1103} INFO - Dependencies all met for dep_context=requeueable deps ti=<TaskInstance: dag_with_taskflow_api_v02.get_age scheduled__2022-01-25T00:00:00+00:00 [queued]>
[2023-05-25T06:51:30.654+0000] {taskinstance.py:1308} INFO - Starting attempt 1 of 6
[2023-05-25T06:51:31.007+0000] {taskinstance.py:1327} INFO - Executing <Task(_PythonDecoratedOperator): get_age> on 2022-01-25 00:00:00+00:00
[2023-05-25T06:51:31.026+0000] {standard_task_runner.py:57} INFO - Started process 2348 to run task
[2023-05-25T06:51:31.118+0000] {standard_task_runner.py:84} INFO - Running: ['***', 'tasks', 'run', 'dag_with_taskflow_api_v02', 'get_age', 'scheduled__2022-01-25T00:00:00+00:00', '--job-id', '278', '--raw', '--subdir', 'DAGS_FOLDER/first_dag.py', '--cfg-path', '/tmp/tmp7j4bumhv']
[2023-05-25T06:51:31.126+0000] {standard_task_runner.py:85} INFO - Job 278: Subtask get_age
[2023-05-25T06:51:31.427+0000] {task_command.py:410} INFO - Running <TaskInstance: dag_with_taskflow_api_v02.get_age scheduled__2022-01-25T00:00:00+00:00 [running]> on host 6bd07c7477d9
[2023-05-25T06:51:32.174+0000] {taskinstance.py:1547} INFO - Exporting env vars: AIRFLOW_CTX_DAG_OWNER='Sai' AIRFLOW_CTX_DAG_ID='dag_with_taskflow_api_v02' AIRFLOW_CTX_TASK_ID='get_age' AIRFLOW_CTX_EXECUTION_DATE='2022-01-25T00:00:00+00:00' AIRFLOW_CTX_TRY_NUMBER='1' AIRFLOW_CTX_DAG_RUN_ID='scheduled__2022-01-25T00:00:00+00:00'
[2023-05-25T06:51:32.175+0000] {python.py:183} INFO - Done. Returned value was: 19
[2023-05-25T06:51:32.310+0000] {taskinstance.py:1350} INFO - Marking task as SUCCESS. dag_id=dag_with_taskflow_api_v02, task_id=get_age, execution_date=20220125T000000, start_date=20230525T065130, end_date=20230525T065132
[2023-05-25T06:51:32.916+0000] {local_task_job_runner.py:225} INFO - Task exited with return code 0
[2023-05-25T06:51:33.106+0000] {taskinstance.py:2651} INFO - 0 downstream tasks scheduled from follow-on schedule check
[2023-05-25T10:22:08.360+0000] {taskinstance.py:1103} INFO - Dependencies all met for dep_context=non-requeueable deps ti=<TaskInstance: dag_with_taskflow_api_v02.get_age scheduled__2022-01-25T00:00:00+00:00 [queued]>
[2023-05-25T10:22:08.479+0000] {taskinstance.py:1103} INFO - Dependencies all met for dep_context=requeueable deps ti=<TaskInstance: dag_with_taskflow_api_v02.get_age scheduled__2022-01-25T00:00:00+00:00 [queued]>
[2023-05-25T10:22:08.480+0000] {taskinstance.py:1308} INFO - Starting attempt 1 of 6
[2023-05-25T10:22:08.848+0000] {taskinstance.py:1327} INFO - Executing <Task(_PythonDecoratedOperator): get_age> on 2022-01-25 00:00:00+00:00
[2023-05-25T10:22:08.855+0000] {standard_task_runner.py:57} INFO - Started process 1884 to run task
[2023-05-25T10:22:08.865+0000] {standard_task_runner.py:84} INFO - Running: ['***', 'tasks', 'run', 'dag_with_taskflow_api_v02', 'get_age', 'scheduled__2022-01-25T00:00:00+00:00', '--job-id', '271', '--raw', '--subdir', 'DAGS_FOLDER/first_dag.py', '--cfg-path', '/tmp/tmpxk5bifof']
[2023-05-25T10:22:08.868+0000] {standard_task_runner.py:85} INFO - Job 271: Subtask get_age
[2023-05-25T10:22:09.095+0000] {task_command.py:410} INFO - Running <TaskInstance: dag_with_taskflow_api_v02.get_age scheduled__2022-01-25T00:00:00+00:00 [running]> on host b1ae37a9584e
[2023-05-25T10:22:09.734+0000] {taskinstance.py:1547} INFO - Exporting env vars: AIRFLOW_CTX_DAG_OWNER='Sai' AIRFLOW_CTX_DAG_ID='dag_with_taskflow_api_v02' AIRFLOW_CTX_TASK_ID='get_age' AIRFLOW_CTX_EXECUTION_DATE='2022-01-25T00:00:00+00:00' AIRFLOW_CTX_TRY_NUMBER='1' AIRFLOW_CTX_DAG_RUN_ID='scheduled__2022-01-25T00:00:00+00:00'
[2023-05-25T10:22:09.741+0000] {python.py:183} INFO - Done. Returned value was: 19
[2023-05-25T10:22:09.872+0000] {taskinstance.py:1350} INFO - Marking task as SUCCESS. dag_id=dag_with_taskflow_api_v02, task_id=get_age, execution_date=20220125T000000, start_date=20230525T102208, end_date=20230525T102209
[2023-05-25T10:22:10.012+0000] {local_task_job_runner.py:225} INFO - Task exited with return code 0
[2023-05-25T10:22:10.216+0000] {taskinstance.py:2651} INFO - 1 downstream tasks scheduled from follow-on schedule check
