[2023-05-24T15:21:38.077+0000] {taskinstance.py:1103} INFO - Dependencies all met for dep_context=non-requeueable deps ti=<TaskInstance: dag_with_taskflow_api_v02.greet scheduled__2022-05-14T00:00:00+00:00 [queued]>
[2023-05-24T15:21:38.171+0000] {taskinstance.py:1103} INFO - Dependencies all met for dep_context=requeueable deps ti=<TaskInstance: dag_with_taskflow_api_v02.greet scheduled__2022-05-14T00:00:00+00:00 [queued]>
[2023-05-24T15:21:38.172+0000] {taskinstance.py:1308} INFO - Starting attempt 1 of 6
[2023-05-24T15:21:38.254+0000] {taskinstance.py:1327} INFO - Executing <Task(_PythonDecoratedOperator): greet> on 2022-05-14 00:00:00+00:00
[2023-05-24T15:21:38.285+0000] {standard_task_runner.py:57} INFO - Started process 1592 to run task
[2023-05-24T15:21:38.312+0000] {standard_task_runner.py:84} INFO - Running: ['***', 'tasks', 'run', 'dag_with_taskflow_api_v02', 'greet', 'scheduled__2022-05-14T00:00:00+00:00', '--job-id', '623', '--raw', '--subdir', 'DAGS_FOLDER/first_dag.py', '--cfg-path', '/tmp/tmpolll_cpp']
[2023-05-24T15:21:38.325+0000] {standard_task_runner.py:85} INFO - Job 623: Subtask greet
[2023-05-24T15:21:38.796+0000] {task_command.py:410} INFO - Running <TaskInstance: dag_with_taskflow_api_v02.greet scheduled__2022-05-14T00:00:00+00:00 [running]> on host 942de29f183d
[2023-05-24T15:21:40.089+0000] {taskinstance.py:1547} INFO - Exporting env vars: AIRFLOW_CTX_DAG_OWNER='Sai' AIRFLOW_CTX_DAG_ID='dag_with_taskflow_api_v02' AIRFLOW_CTX_TASK_ID='greet' AIRFLOW_CTX_EXECUTION_DATE='2022-05-14T00:00:00+00:00' AIRFLOW_CTX_TRY_NUMBER='1' AIRFLOW_CTX_DAG_RUN_ID='scheduled__2022-05-14T00:00:00+00:00'
[2023-05-24T15:21:40.091+0000] {logging_mixin.py:149} INFO - Hello World! My name is Sai Tr and I am 19 years old!
[2023-05-24T15:21:40.114+0000] {python.py:183} INFO - Done. Returned value was: None
[2023-05-24T15:21:40.170+0000] {taskinstance.py:1350} INFO - Marking task as SUCCESS. dag_id=dag_with_taskflow_api_v02, task_id=greet, execution_date=20220514T000000, start_date=20230524T152138, end_date=20230524T152140
[2023-05-24T15:21:40.330+0000] {local_task_job_runner.py:225} INFO - Task exited with return code 0
[2023-05-24T15:21:40.525+0000] {taskinstance.py:2651} INFO - 0 downstream tasks scheduled from follow-on schedule check
[2023-05-25T06:54:26.028+0000] {taskinstance.py:1103} INFO - Dependencies all met for dep_context=non-requeueable deps ti=<TaskInstance: dag_with_taskflow_api_v02.greet scheduled__2022-05-14T00:00:00+00:00 [queued]>
[2023-05-25T06:54:26.040+0000] {taskinstance.py:1103} INFO - Dependencies all met for dep_context=requeueable deps ti=<TaskInstance: dag_with_taskflow_api_v02.greet scheduled__2022-05-14T00:00:00+00:00 [queued]>
[2023-05-25T06:54:26.040+0000] {taskinstance.py:1308} INFO - Starting attempt 1 of 6
[2023-05-25T06:54:26.060+0000] {taskinstance.py:1327} INFO - Executing <Task(_PythonDecoratedOperator): greet> on 2022-05-14 00:00:00+00:00
[2023-05-25T06:54:26.068+0000] {standard_task_runner.py:57} INFO - Started process 3072 to run task
[2023-05-25T06:54:26.073+0000] {standard_task_runner.py:84} INFO - Running: ['***', 'tasks', 'run', 'dag_with_taskflow_api_v02', 'greet', 'scheduled__2022-05-14T00:00:00+00:00', '--job-id', '608', '--raw', '--subdir', 'DAGS_FOLDER/first_dag.py', '--cfg-path', '/tmp/tmpr_twwou6']
[2023-05-25T06:54:26.076+0000] {standard_task_runner.py:85} INFO - Job 608: Subtask greet
[2023-05-25T06:54:26.135+0000] {task_command.py:410} INFO - Running <TaskInstance: dag_with_taskflow_api_v02.greet scheduled__2022-05-14T00:00:00+00:00 [running]> on host 6bd07c7477d9
[2023-05-25T06:54:26.300+0000] {taskinstance.py:1547} INFO - Exporting env vars: AIRFLOW_CTX_DAG_OWNER='Sai' AIRFLOW_CTX_DAG_ID='dag_with_taskflow_api_v02' AIRFLOW_CTX_TASK_ID='greet' AIRFLOW_CTX_EXECUTION_DATE='2022-05-14T00:00:00+00:00' AIRFLOW_CTX_TRY_NUMBER='1' AIRFLOW_CTX_DAG_RUN_ID='scheduled__2022-05-14T00:00:00+00:00'
[2023-05-25T06:54:26.301+0000] {logging_mixin.py:149} INFO - Hello World! My name is Sai Tr and I am 19 years old!
[2023-05-25T06:54:26.301+0000] {python.py:183} INFO - Done. Returned value was: None
[2023-05-25T06:54:26.313+0000] {taskinstance.py:1350} INFO - Marking task as SUCCESS. dag_id=dag_with_taskflow_api_v02, task_id=greet, execution_date=20220514T000000, start_date=20230525T065426, end_date=20230525T065426
[2023-05-25T06:54:26.365+0000] {local_task_job_runner.py:225} INFO - Task exited with return code 0
[2023-05-25T06:54:26.392+0000] {taskinstance.py:2651} INFO - 0 downstream tasks scheduled from follow-on schedule check
[2023-05-25T10:25:53.052+0000] {taskinstance.py:1103} INFO - Dependencies all met for dep_context=non-requeueable deps ti=<TaskInstance: dag_with_taskflow_api_v02.greet scheduled__2022-05-14T00:00:00+00:00 [queued]>
[2023-05-25T10:25:53.121+0000] {taskinstance.py:1103} INFO - Dependencies all met for dep_context=requeueable deps ti=<TaskInstance: dag_with_taskflow_api_v02.greet scheduled__2022-05-14T00:00:00+00:00 [queued]>
[2023-05-25T10:25:53.121+0000] {taskinstance.py:1308} INFO - Starting attempt 1 of 6
[2023-05-25T10:25:53.234+0000] {taskinstance.py:1327} INFO - Executing <Task(_PythonDecoratedOperator): greet> on 2022-05-14 00:00:00+00:00
[2023-05-25T10:25:53.247+0000] {standard_task_runner.py:57} INFO - Started process 2677 to run task
[2023-05-25T10:25:53.266+0000] {standard_task_runner.py:84} INFO - Running: ['***', 'tasks', 'run', 'dag_with_taskflow_api_v02', 'greet', 'scheduled__2022-05-14T00:00:00+00:00', '--job-id', '627', '--raw', '--subdir', 'DAGS_FOLDER/first_dag.py', '--cfg-path', '/tmp/tmptk51lphb']
[2023-05-25T10:25:53.269+0000] {standard_task_runner.py:85} INFO - Job 627: Subtask greet
[2023-05-25T10:25:53.457+0000] {task_command.py:410} INFO - Running <TaskInstance: dag_with_taskflow_api_v02.greet scheduled__2022-05-14T00:00:00+00:00 [running]> on host b1ae37a9584e
[2023-05-25T10:25:53.967+0000] {taskinstance.py:1547} INFO - Exporting env vars: AIRFLOW_CTX_DAG_OWNER='Sai' AIRFLOW_CTX_DAG_ID='dag_with_taskflow_api_v02' AIRFLOW_CTX_TASK_ID='greet' AIRFLOW_CTX_EXECUTION_DATE='2022-05-14T00:00:00+00:00' AIRFLOW_CTX_TRY_NUMBER='1' AIRFLOW_CTX_DAG_RUN_ID='scheduled__2022-05-14T00:00:00+00:00'
[2023-05-25T10:25:53.968+0000] {logging_mixin.py:149} INFO - Hello World! My name is Sai Tr and I am 19 years old!
[2023-05-25T10:25:53.972+0000] {python.py:183} INFO - Done. Returned value was: None
[2023-05-25T10:25:53.993+0000] {taskinstance.py:1350} INFO - Marking task as SUCCESS. dag_id=dag_with_taskflow_api_v02, task_id=greet, execution_date=20220514T000000, start_date=20230525T102553, end_date=20230525T102553
[2023-05-25T10:25:54.053+0000] {local_task_job_runner.py:225} INFO - Task exited with return code 0
[2023-05-25T10:25:54.112+0000] {taskinstance.py:2651} INFO - 0 downstream tasks scheduled from follow-on schedule check
