[2023-05-24T15:24:04.556+0000] {taskinstance.py:1103} INFO - Dependencies all met for dep_context=non-requeueable deps ti=<TaskInstance: dag_with_taskflow_api_v02.greet scheduled__2022-07-31T00:00:00+00:00 [queued]>
[2023-05-24T15:24:04.590+0000] {taskinstance.py:1103} INFO - Dependencies all met for dep_context=requeueable deps ti=<TaskInstance: dag_with_taskflow_api_v02.greet scheduled__2022-07-31T00:00:00+00:00 [queued]>
[2023-05-24T15:24:04.591+0000] {taskinstance.py:1308} INFO - Starting attempt 1 of 6
[2023-05-24T15:24:04.665+0000] {taskinstance.py:1327} INFO - Executing <Task(_PythonDecoratedOperator): greet> on 2022-07-31 00:00:00+00:00
[2023-05-24T15:24:04.673+0000] {standard_task_runner.py:57} INFO - Started process 2094 to run task
[2023-05-24T15:24:04.710+0000] {standard_task_runner.py:84} INFO - Running: ['***', 'tasks', 'run', 'dag_with_taskflow_api_v02', 'greet', 'scheduled__2022-07-31T00:00:00+00:00', '--job-id', '852', '--raw', '--subdir', 'DAGS_FOLDER/first_dag.py', '--cfg-path', '/tmp/tmp3wi43z1r']
[2023-05-24T15:24:04.723+0000] {standard_task_runner.py:85} INFO - Job 852: Subtask greet
[2023-05-24T15:24:04.890+0000] {task_command.py:410} INFO - Running <TaskInstance: dag_with_taskflow_api_v02.greet scheduled__2022-07-31T00:00:00+00:00 [running]> on host 942de29f183d
[2023-05-24T15:24:05.265+0000] {taskinstance.py:1547} INFO - Exporting env vars: AIRFLOW_CTX_DAG_OWNER='Sai' AIRFLOW_CTX_DAG_ID='dag_with_taskflow_api_v02' AIRFLOW_CTX_TASK_ID='greet' AIRFLOW_CTX_EXECUTION_DATE='2022-07-31T00:00:00+00:00' AIRFLOW_CTX_TRY_NUMBER='1' AIRFLOW_CTX_DAG_RUN_ID='scheduled__2022-07-31T00:00:00+00:00'
[2023-05-24T15:24:05.270+0000] {logging_mixin.py:149} INFO - Hello World! My name is Sai Tr and I am 19 years old!
[2023-05-24T15:24:05.270+0000] {python.py:183} INFO - Done. Returned value was: None
[2023-05-24T15:24:05.292+0000] {taskinstance.py:1350} INFO - Marking task as SUCCESS. dag_id=dag_with_taskflow_api_v02, task_id=greet, execution_date=20220731T000000, start_date=20230524T152404, end_date=20230524T152405
[2023-05-24T15:24:05.358+0000] {local_task_job_runner.py:225} INFO - Task exited with return code 0
[2023-05-24T15:24:05.472+0000] {taskinstance.py:2651} INFO - 0 downstream tasks scheduled from follow-on schedule check
[2023-05-25T06:56:35.250+0000] {taskinstance.py:1103} INFO - Dependencies all met for dep_context=non-requeueable deps ti=<TaskInstance: dag_with_taskflow_api_v02.greet scheduled__2022-07-31T00:00:00+00:00 [queued]>
[2023-05-25T06:56:35.275+0000] {taskinstance.py:1103} INFO - Dependencies all met for dep_context=requeueable deps ti=<TaskInstance: dag_with_taskflow_api_v02.greet scheduled__2022-07-31T00:00:00+00:00 [queued]>
[2023-05-25T06:56:35.275+0000] {taskinstance.py:1308} INFO - Starting attempt 1 of 6
[2023-05-25T06:56:35.308+0000] {taskinstance.py:1327} INFO - Executing <Task(_PythonDecoratedOperator): greet> on 2022-07-31 00:00:00+00:00
[2023-05-25T06:56:35.316+0000] {standard_task_runner.py:57} INFO - Started process 3600 to run task
[2023-05-25T06:56:35.326+0000] {standard_task_runner.py:84} INFO - Running: ['***', 'tasks', 'run', 'dag_with_taskflow_api_v02', 'greet', 'scheduled__2022-07-31T00:00:00+00:00', '--job-id', '847', '--raw', '--subdir', 'DAGS_FOLDER/first_dag.py', '--cfg-path', '/tmp/tmp4yev84rz']
[2023-05-25T06:56:35.330+0000] {standard_task_runner.py:85} INFO - Job 847: Subtask greet
[2023-05-25T06:56:35.423+0000] {task_command.py:410} INFO - Running <TaskInstance: dag_with_taskflow_api_v02.greet scheduled__2022-07-31T00:00:00+00:00 [running]> on host 6bd07c7477d9
[2023-05-25T06:56:35.667+0000] {taskinstance.py:1547} INFO - Exporting env vars: AIRFLOW_CTX_DAG_OWNER='Sai' AIRFLOW_CTX_DAG_ID='dag_with_taskflow_api_v02' AIRFLOW_CTX_TASK_ID='greet' AIRFLOW_CTX_EXECUTION_DATE='2022-07-31T00:00:00+00:00' AIRFLOW_CTX_TRY_NUMBER='1' AIRFLOW_CTX_DAG_RUN_ID='scheduled__2022-07-31T00:00:00+00:00'
[2023-05-25T06:56:35.668+0000] {logging_mixin.py:149} INFO - Hello World! My name is Sai Tr and I am 19 years old!
[2023-05-25T06:56:35.669+0000] {python.py:183} INFO - Done. Returned value was: None
[2023-05-25T06:56:35.688+0000] {taskinstance.py:1350} INFO - Marking task as SUCCESS. dag_id=dag_with_taskflow_api_v02, task_id=greet, execution_date=20220731T000000, start_date=20230525T065635, end_date=20230525T065635
[2023-05-25T06:56:35.739+0000] {local_task_job_runner.py:225} INFO - Task exited with return code 0
[2023-05-25T06:56:35.765+0000] {taskinstance.py:2651} INFO - 0 downstream tasks scheduled from follow-on schedule check
[2023-05-25T10:28:41.672+0000] {taskinstance.py:1103} INFO - Dependencies all met for dep_context=non-requeueable deps ti=<TaskInstance: dag_with_taskflow_api_v02.greet scheduled__2022-07-31T00:00:00+00:00 [queued]>
[2023-05-25T10:28:41.789+0000] {taskinstance.py:1103} INFO - Dependencies all met for dep_context=requeueable deps ti=<TaskInstance: dag_with_taskflow_api_v02.greet scheduled__2022-07-31T00:00:00+00:00 [queued]>
[2023-05-25T10:28:41.791+0000] {taskinstance.py:1308} INFO - Starting attempt 1 of 6
[2023-05-25T10:28:41.924+0000] {taskinstance.py:1327} INFO - Executing <Task(_PythonDecoratedOperator): greet> on 2022-07-31 00:00:00+00:00
[2023-05-25T10:28:41.949+0000] {standard_task_runner.py:57} INFO - Started process 3195 to run task
[2023-05-25T10:28:41.979+0000] {standard_task_runner.py:84} INFO - Running: ['***', 'tasks', 'run', 'dag_with_taskflow_api_v02', 'greet', 'scheduled__2022-07-31T00:00:00+00:00', '--job-id', '855', '--raw', '--subdir', 'DAGS_FOLDER/first_dag.py', '--cfg-path', '/tmp/tmpynhorcdy']
[2023-05-25T10:28:41.985+0000] {standard_task_runner.py:85} INFO - Job 855: Subtask greet
[2023-05-25T10:28:42.286+0000] {task_command.py:410} INFO - Running <TaskInstance: dag_with_taskflow_api_v02.greet scheduled__2022-07-31T00:00:00+00:00 [running]> on host b1ae37a9584e
[2023-05-25T10:28:43.160+0000] {taskinstance.py:1547} INFO - Exporting env vars: AIRFLOW_CTX_DAG_OWNER='Sai' AIRFLOW_CTX_DAG_ID='dag_with_taskflow_api_v02' AIRFLOW_CTX_TASK_ID='greet' AIRFLOW_CTX_EXECUTION_DATE='2022-07-31T00:00:00+00:00' AIRFLOW_CTX_TRY_NUMBER='1' AIRFLOW_CTX_DAG_RUN_ID='scheduled__2022-07-31T00:00:00+00:00'
[2023-05-25T10:28:43.161+0000] {logging_mixin.py:149} INFO - Hello World! My name is Sai Tr and I am 19 years old!
[2023-05-25T10:28:43.162+0000] {python.py:183} INFO - Done. Returned value was: None
[2023-05-25T10:28:43.217+0000] {taskinstance.py:1350} INFO - Marking task as SUCCESS. dag_id=dag_with_taskflow_api_v02, task_id=greet, execution_date=20220731T000000, start_date=20230525T102841, end_date=20230525T102843
[2023-05-25T10:28:43.283+0000] {local_task_job_runner.py:225} INFO - Task exited with return code 0
[2023-05-25T10:28:43.420+0000] {taskinstance.py:2651} INFO - 0 downstream tasks scheduled from follow-on schedule check
