[2023-05-24T15:30:52.943+0000] {taskinstance.py:1103} INFO - Dependencies all met for dep_context=non-requeueable deps ti=<TaskInstance: dag_with_taskflow_api_v02.greet scheduled__2023-04-02T00:00:00+00:00 [queued]>
[2023-05-24T15:30:53.016+0000] {taskinstance.py:1103} INFO - Dependencies all met for dep_context=requeueable deps ti=<TaskInstance: dag_with_taskflow_api_v02.greet scheduled__2023-04-02T00:00:00+00:00 [queued]>
[2023-05-24T15:30:53.017+0000] {taskinstance.py:1308} INFO - Starting attempt 1 of 6
[2023-05-24T15:30:53.165+0000] {taskinstance.py:1327} INFO - Executing <Task(_PythonDecoratedOperator): greet> on 2023-04-02 00:00:00+00:00
[2023-05-24T15:30:53.199+0000] {standard_task_runner.py:57} INFO - Started process 3739 to run task
[2023-05-24T15:30:53.282+0000] {standard_task_runner.py:84} INFO - Running: ['***', 'tasks', 'run', 'dag_with_taskflow_api_v02', 'greet', 'scheduled__2023-04-02T00:00:00+00:00', '--job-id', '1592', '--raw', '--subdir', 'DAGS_FOLDER/first_dag.py', '--cfg-path', '/tmp/tmpcqyjgh7j']
[2023-05-24T15:30:53.289+0000] {standard_task_runner.py:85} INFO - Job 1592: Subtask greet
[2023-05-24T15:30:53.698+0000] {task_command.py:410} INFO - Running <TaskInstance: dag_with_taskflow_api_v02.greet scheduled__2023-04-02T00:00:00+00:00 [running]> on host 942de29f183d
[2023-05-24T15:30:54.723+0000] {taskinstance.py:1547} INFO - Exporting env vars: AIRFLOW_CTX_DAG_OWNER='Sai' AIRFLOW_CTX_DAG_ID='dag_with_taskflow_api_v02' AIRFLOW_CTX_TASK_ID='greet' AIRFLOW_CTX_EXECUTION_DATE='2023-04-02T00:00:00+00:00' AIRFLOW_CTX_TRY_NUMBER='1' AIRFLOW_CTX_DAG_RUN_ID='scheduled__2023-04-02T00:00:00+00:00'
[2023-05-24T15:30:54.725+0000] {logging_mixin.py:149} INFO - Hello World! My name is Sai Tr and I am 19 years old!
[2023-05-24T15:30:54.725+0000] {python.py:183} INFO - Done. Returned value was: None
[2023-05-24T15:30:54.770+0000] {taskinstance.py:1350} INFO - Marking task as SUCCESS. dag_id=dag_with_taskflow_api_v02, task_id=greet, execution_date=20230402T000000, start_date=20230524T153052, end_date=20230524T153054
[2023-05-24T15:30:55.217+0000] {local_task_job_runner.py:225} INFO - Task exited with return code 0
[2023-05-24T15:30:55.302+0000] {taskinstance.py:2651} INFO - 0 downstream tasks scheduled from follow-on schedule check
[2023-05-25T07:03:24.157+0000] {taskinstance.py:1103} INFO - Dependencies all met for dep_context=non-requeueable deps ti=<TaskInstance: dag_with_taskflow_api_v02.greet scheduled__2023-04-02T00:00:00+00:00 [queued]>
[2023-05-25T07:03:24.234+0000] {taskinstance.py:1103} INFO - Dependencies all met for dep_context=requeueable deps ti=<TaskInstance: dag_with_taskflow_api_v02.greet scheduled__2023-04-02T00:00:00+00:00 [queued]>
[2023-05-25T07:03:24.234+0000] {taskinstance.py:1308} INFO - Starting attempt 1 of 6
[2023-05-25T07:03:24.392+0000] {taskinstance.py:1327} INFO - Executing <Task(_PythonDecoratedOperator): greet> on 2023-04-02 00:00:00+00:00
[2023-05-25T07:03:24.423+0000] {standard_task_runner.py:57} INFO - Started process 5258 to run task
[2023-05-25T07:03:24.473+0000] {standard_task_runner.py:84} INFO - Running: ['***', 'tasks', 'run', 'dag_with_taskflow_api_v02', 'greet', 'scheduled__2023-04-02T00:00:00+00:00', '--job-id', '1591', '--raw', '--subdir', 'DAGS_FOLDER/first_dag.py', '--cfg-path', '/tmp/tmppmk_88rs']
[2023-05-25T07:03:24.476+0000] {standard_task_runner.py:85} INFO - Job 1591: Subtask greet
[2023-05-25T07:03:24.939+0000] {task_command.py:410} INFO - Running <TaskInstance: dag_with_taskflow_api_v02.greet scheduled__2023-04-02T00:00:00+00:00 [running]> on host 6bd07c7477d9
[2023-05-25T07:03:25.970+0000] {taskinstance.py:1547} INFO - Exporting env vars: AIRFLOW_CTX_DAG_OWNER='Sai' AIRFLOW_CTX_DAG_ID='dag_with_taskflow_api_v02' AIRFLOW_CTX_TASK_ID='greet' AIRFLOW_CTX_EXECUTION_DATE='2023-04-02T00:00:00+00:00' AIRFLOW_CTX_TRY_NUMBER='1' AIRFLOW_CTX_DAG_RUN_ID='scheduled__2023-04-02T00:00:00+00:00'
[2023-05-25T07:03:25.971+0000] {logging_mixin.py:149} INFO - Hello World! My name is Sai Tr and I am 19 years old!
[2023-05-25T07:03:25.972+0000] {python.py:183} INFO - Done. Returned value was: None
[2023-05-25T07:03:26.019+0000] {taskinstance.py:1350} INFO - Marking task as SUCCESS. dag_id=dag_with_taskflow_api_v02, task_id=greet, execution_date=20230402T000000, start_date=20230525T070324, end_date=20230525T070326
[2023-05-25T07:03:26.130+0000] {local_task_job_runner.py:225} INFO - Task exited with return code 0
[2023-05-25T07:03:26.251+0000] {taskinstance.py:2651} INFO - 0 downstream tasks scheduled from follow-on schedule check
[2023-05-25T10:37:49.428+0000] {taskinstance.py:1103} INFO - Dependencies all met for dep_context=non-requeueable deps ti=<TaskInstance: dag_with_taskflow_api_v02.greet scheduled__2023-04-02T00:00:00+00:00 [queued]>
[2023-05-25T10:37:49.445+0000] {taskinstance.py:1103} INFO - Dependencies all met for dep_context=requeueable deps ti=<TaskInstance: dag_with_taskflow_api_v02.greet scheduled__2023-04-02T00:00:00+00:00 [queued]>
[2023-05-25T10:37:49.445+0000] {taskinstance.py:1308} INFO - Starting attempt 1 of 6
[2023-05-25T10:37:49.473+0000] {taskinstance.py:1327} INFO - Executing <Task(_PythonDecoratedOperator): greet> on 2023-04-02 00:00:00+00:00
[2023-05-25T10:37:49.480+0000] {standard_task_runner.py:57} INFO - Started process 4873 to run task
[2023-05-25T10:37:49.485+0000] {standard_task_runner.py:84} INFO - Running: ['***', 'tasks', 'run', 'dag_with_taskflow_api_v02', 'greet', 'scheduled__2023-04-02T00:00:00+00:00', '--job-id', '1592', '--raw', '--subdir', 'DAGS_FOLDER/first_dag.py', '--cfg-path', '/tmp/tmpwafps0uf']
[2023-05-25T10:37:49.487+0000] {standard_task_runner.py:85} INFO - Job 1592: Subtask greet
[2023-05-25T10:37:49.644+0000] {task_command.py:410} INFO - Running <TaskInstance: dag_with_taskflow_api_v02.greet scheduled__2023-04-02T00:00:00+00:00 [running]> on host b1ae37a9584e
[2023-05-25T10:37:49.920+0000] {taskinstance.py:1547} INFO - Exporting env vars: AIRFLOW_CTX_DAG_OWNER='Sai' AIRFLOW_CTX_DAG_ID='dag_with_taskflow_api_v02' AIRFLOW_CTX_TASK_ID='greet' AIRFLOW_CTX_EXECUTION_DATE='2023-04-02T00:00:00+00:00' AIRFLOW_CTX_TRY_NUMBER='1' AIRFLOW_CTX_DAG_RUN_ID='scheduled__2023-04-02T00:00:00+00:00'
[2023-05-25T10:37:49.921+0000] {logging_mixin.py:149} INFO - Hello World! My name is Sai Tr and I am 19 years old!
[2023-05-25T10:37:49.922+0000] {python.py:183} INFO - Done. Returned value was: None
[2023-05-25T10:37:49.945+0000] {taskinstance.py:1350} INFO - Marking task as SUCCESS. dag_id=dag_with_taskflow_api_v02, task_id=greet, execution_date=20230402T000000, start_date=20230525T103749, end_date=20230525T103749
[2023-05-25T10:37:49.984+0000] {local_task_job_runner.py:225} INFO - Task exited with return code 0
[2023-05-25T10:37:50.070+0000] {taskinstance.py:2651} INFO - 0 downstream tasks scheduled from follow-on schedule check
