[2023-05-24T15:25:18.205+0000] {taskinstance.py:1103} INFO - Dependencies all met for dep_context=non-requeueable deps ti=<TaskInstance: dag_with_taskflow_api_v02.get_name scheduled__2022-09-19T00:00:00+00:00 [queued]>
[2023-05-24T15:25:18.303+0000] {taskinstance.py:1103} INFO - Dependencies all met for dep_context=requeueable deps ti=<TaskInstance: dag_with_taskflow_api_v02.get_name scheduled__2022-09-19T00:00:00+00:00 [queued]>
[2023-05-24T15:25:18.303+0000] {taskinstance.py:1308} INFO - Starting attempt 1 of 6
[2023-05-24T15:25:18.562+0000] {taskinstance.py:1327} INFO - Executing <Task(_PythonDecoratedOperator): get_name> on 2022-09-19 00:00:00+00:00
[2023-05-24T15:25:18.569+0000] {standard_task_runner.py:57} INFO - Started process 2393 to run task
[2023-05-24T15:25:18.593+0000] {standard_task_runner.py:84} INFO - Running: ['***', 'tasks', 'run', 'dag_with_taskflow_api_v02', 'get_name', 'scheduled__2022-09-19T00:00:00+00:00', '--job-id', '980', '--raw', '--subdir', 'DAGS_FOLDER/first_dag.py', '--cfg-path', '/tmp/tmpufobhe24']
[2023-05-24T15:25:18.613+0000] {standard_task_runner.py:85} INFO - Job 980: Subtask get_name
[2023-05-24T15:25:19.034+0000] {task_command.py:410} INFO - Running <TaskInstance: dag_with_taskflow_api_v02.get_name scheduled__2022-09-19T00:00:00+00:00 [running]> on host 942de29f183d
[2023-05-24T15:25:20.738+0000] {taskinstance.py:1547} INFO - Exporting env vars: AIRFLOW_CTX_DAG_OWNER='Sai' AIRFLOW_CTX_DAG_ID='dag_with_taskflow_api_v02' AIRFLOW_CTX_TASK_ID='get_name' AIRFLOW_CTX_EXECUTION_DATE='2022-09-19T00:00:00+00:00' AIRFLOW_CTX_TRY_NUMBER='1' AIRFLOW_CTX_DAG_RUN_ID='scheduled__2022-09-19T00:00:00+00:00'
[2023-05-24T15:25:20.740+0000] {python.py:183} INFO - Done. Returned value was: {'first_name': 'Sai', 'last_name': 'Tr'}
[2023-05-24T15:25:20.995+0000] {taskinstance.py:1350} INFO - Marking task as SUCCESS. dag_id=dag_with_taskflow_api_v02, task_id=get_name, execution_date=20220919T000000, start_date=20230524T152518, end_date=20230524T152520
[2023-05-24T15:25:21.124+0000] {local_task_job_runner.py:225} INFO - Task exited with return code 0
[2023-05-24T15:25:21.315+0000] {taskinstance.py:2651} INFO - 0 downstream tasks scheduled from follow-on schedule check
[2023-05-25T06:57:58.235+0000] {taskinstance.py:1103} INFO - Dependencies all met for dep_context=non-requeueable deps ti=<TaskInstance: dag_with_taskflow_api_v02.get_name scheduled__2022-09-19T00:00:00+00:00 [queued]>
[2023-05-25T06:57:58.342+0000] {taskinstance.py:1103} INFO - Dependencies all met for dep_context=requeueable deps ti=<TaskInstance: dag_with_taskflow_api_v02.get_name scheduled__2022-09-19T00:00:00+00:00 [queued]>
[2023-05-25T06:57:58.342+0000] {taskinstance.py:1308} INFO - Starting attempt 1 of 6
[2023-05-25T06:57:59.066+0000] {taskinstance.py:1327} INFO - Executing <Task(_PythonDecoratedOperator): get_name> on 2022-09-19 00:00:00+00:00
[2023-05-25T06:57:59.106+0000] {standard_task_runner.py:57} INFO - Started process 3930 to run task
[2023-05-25T06:57:59.132+0000] {standard_task_runner.py:84} INFO - Running: ['***', 'tasks', 'run', 'dag_with_taskflow_api_v02', 'get_name', 'scheduled__2022-09-19T00:00:00+00:00', '--job-id', '988', '--raw', '--subdir', 'DAGS_FOLDER/first_dag.py', '--cfg-path', '/tmp/tmpwnpgjaqy']
[2023-05-25T06:57:59.196+0000] {standard_task_runner.py:85} INFO - Job 988: Subtask get_name
[2023-05-25T06:57:59.724+0000] {task_command.py:410} INFO - Running <TaskInstance: dag_with_taskflow_api_v02.get_name scheduled__2022-09-19T00:00:00+00:00 [running]> on host 6bd07c7477d9
[2023-05-25T06:58:00.639+0000] {taskinstance.py:1547} INFO - Exporting env vars: AIRFLOW_CTX_DAG_OWNER='Sai' AIRFLOW_CTX_DAG_ID='dag_with_taskflow_api_v02' AIRFLOW_CTX_TASK_ID='get_name' AIRFLOW_CTX_EXECUTION_DATE='2022-09-19T00:00:00+00:00' AIRFLOW_CTX_TRY_NUMBER='1' AIRFLOW_CTX_DAG_RUN_ID='scheduled__2022-09-19T00:00:00+00:00'
[2023-05-25T06:58:00.640+0000] {python.py:183} INFO - Done. Returned value was: {'first_name': 'Sai', 'last_name': 'Tr'}
[2023-05-25T06:58:00.864+0000] {taskinstance.py:1350} INFO - Marking task as SUCCESS. dag_id=dag_with_taskflow_api_v02, task_id=get_name, execution_date=20220919T000000, start_date=20230525T065758, end_date=20230525T065800
[2023-05-25T06:58:01.027+0000] {local_task_job_runner.py:225} INFO - Task exited with return code 0
[2023-05-25T06:58:01.763+0000] {taskinstance.py:2651} INFO - 0 downstream tasks scheduled from follow-on schedule check
[2023-05-25T10:31:29.139+0000] {taskinstance.py:1103} INFO - Dependencies all met for dep_context=non-requeueable deps ti=<TaskInstance: dag_with_taskflow_api_v02.get_name scheduled__2022-09-19T00:00:00+00:00 [queued]>
[2023-05-25T10:31:29.226+0000] {taskinstance.py:1103} INFO - Dependencies all met for dep_context=requeueable deps ti=<TaskInstance: dag_with_taskflow_api_v02.get_name scheduled__2022-09-19T00:00:00+00:00 [queued]>
[2023-05-25T10:31:29.226+0000] {taskinstance.py:1308} INFO - Starting attempt 1 of 6
[2023-05-25T10:31:29.759+0000] {taskinstance.py:1327} INFO - Executing <Task(_PythonDecoratedOperator): get_name> on 2022-09-19 00:00:00+00:00
[2023-05-25T10:31:29.776+0000] {standard_task_runner.py:57} INFO - Started process 3563 to run task
[2023-05-25T10:31:29.798+0000] {standard_task_runner.py:84} INFO - Running: ['***', 'tasks', 'run', 'dag_with_taskflow_api_v02', 'get_name', 'scheduled__2022-09-19T00:00:00+00:00', '--job-id', '1003', '--raw', '--subdir', 'DAGS_FOLDER/first_dag.py', '--cfg-path', '/tmp/tmp2igb5e1h']
[2023-05-25T10:31:29.819+0000] {standard_task_runner.py:85} INFO - Job 1003: Subtask get_name
[2023-05-25T10:31:30.269+0000] {task_command.py:410} INFO - Running <TaskInstance: dag_with_taskflow_api_v02.get_name scheduled__2022-09-19T00:00:00+00:00 [running]> on host b1ae37a9584e
[2023-05-25T10:31:31.206+0000] {taskinstance.py:1547} INFO - Exporting env vars: AIRFLOW_CTX_DAG_OWNER='Sai' AIRFLOW_CTX_DAG_ID='dag_with_taskflow_api_v02' AIRFLOW_CTX_TASK_ID='get_name' AIRFLOW_CTX_EXECUTION_DATE='2022-09-19T00:00:00+00:00' AIRFLOW_CTX_TRY_NUMBER='1' AIRFLOW_CTX_DAG_RUN_ID='scheduled__2022-09-19T00:00:00+00:00'
[2023-05-25T10:31:31.207+0000] {python.py:183} INFO - Done. Returned value was: {'first_name': 'Sai', 'last_name': 'Tr'}
[2023-05-25T10:31:31.626+0000] {taskinstance.py:1350} INFO - Marking task as SUCCESS. dag_id=dag_with_taskflow_api_v02, task_id=get_name, execution_date=20220919T000000, start_date=20230525T103129, end_date=20230525T103131
[2023-05-25T10:31:32.099+0000] {local_task_job_runner.py:225} INFO - Task exited with return code 0
[2023-05-25T10:31:32.328+0000] {taskinstance.py:2651} INFO - 0 downstream tasks scheduled from follow-on schedule check
