[2023-05-24T15:24:28.113+0000] {taskinstance.py:1103} INFO - Dependencies all met for dep_context=non-requeueable deps ti=<TaskInstance: dag_with_taskflow_api_v02.greet scheduled__2022-08-14T00:00:00+00:00 [queued]>
[2023-05-24T15:24:28.176+0000] {taskinstance.py:1103} INFO - Dependencies all met for dep_context=requeueable deps ti=<TaskInstance: dag_with_taskflow_api_v02.greet scheduled__2022-08-14T00:00:00+00:00 [queued]>
[2023-05-24T15:24:28.176+0000] {taskinstance.py:1308} INFO - Starting attempt 1 of 6
[2023-05-24T15:24:28.316+0000] {taskinstance.py:1327} INFO - Executing <Task(_PythonDecoratedOperator): greet> on 2022-08-14 00:00:00+00:00
[2023-05-24T15:24:28.355+0000] {standard_task_runner.py:57} INFO - Started process 2194 to run task
[2023-05-24T15:24:28.364+0000] {standard_task_runner.py:84} INFO - Running: ['***', 'tasks', 'run', 'dag_with_taskflow_api_v02', 'greet', 'scheduled__2022-08-14T00:00:00+00:00', '--job-id', '896', '--raw', '--subdir', 'DAGS_FOLDER/first_dag.py', '--cfg-path', '/tmp/tmpfx_q0975']
[2023-05-24T15:24:28.377+0000] {standard_task_runner.py:85} INFO - Job 896: Subtask greet
[2023-05-24T15:24:28.642+0000] {task_command.py:410} INFO - Running <TaskInstance: dag_with_taskflow_api_v02.greet scheduled__2022-08-14T00:00:00+00:00 [running]> on host 942de29f183d
[2023-05-24T15:24:29.478+0000] {taskinstance.py:1547} INFO - Exporting env vars: AIRFLOW_CTX_DAG_OWNER='Sai' AIRFLOW_CTX_DAG_ID='dag_with_taskflow_api_v02' AIRFLOW_CTX_TASK_ID='greet' AIRFLOW_CTX_EXECUTION_DATE='2022-08-14T00:00:00+00:00' AIRFLOW_CTX_TRY_NUMBER='1' AIRFLOW_CTX_DAG_RUN_ID='scheduled__2022-08-14T00:00:00+00:00'
[2023-05-24T15:24:29.479+0000] {logging_mixin.py:149} INFO - Hello World! My name is Sai Tr and I am 19 years old!
[2023-05-24T15:24:29.479+0000] {python.py:183} INFO - Done. Returned value was: None
[2023-05-24T15:24:29.514+0000] {taskinstance.py:1350} INFO - Marking task as SUCCESS. dag_id=dag_with_taskflow_api_v02, task_id=greet, execution_date=20220814T000000, start_date=20230524T152428, end_date=20230524T152429
[2023-05-24T15:24:29.612+0000] {local_task_job_runner.py:225} INFO - Task exited with return code 0
[2023-05-24T15:24:29.682+0000] {taskinstance.py:2651} INFO - 0 downstream tasks scheduled from follow-on schedule check
[2023-05-25T06:57:02.107+0000] {taskinstance.py:1103} INFO - Dependencies all met for dep_context=non-requeueable deps ti=<TaskInstance: dag_with_taskflow_api_v02.greet scheduled__2022-08-14T00:00:00+00:00 [queued]>
[2023-05-25T06:57:02.163+0000] {taskinstance.py:1103} INFO - Dependencies all met for dep_context=requeueable deps ti=<TaskInstance: dag_with_taskflow_api_v02.greet scheduled__2022-08-14T00:00:00+00:00 [queued]>
[2023-05-25T06:57:02.163+0000] {taskinstance.py:1308} INFO - Starting attempt 1 of 6
[2023-05-25T06:57:02.333+0000] {taskinstance.py:1327} INFO - Executing <Task(_PythonDecoratedOperator): greet> on 2022-08-14 00:00:00+00:00
[2023-05-25T06:57:02.345+0000] {standard_task_runner.py:57} INFO - Started process 3704 to run task
[2023-05-25T06:57:02.360+0000] {standard_task_runner.py:84} INFO - Running: ['***', 'tasks', 'run', 'dag_with_taskflow_api_v02', 'greet', 'scheduled__2022-08-14T00:00:00+00:00', '--job-id', '892', '--raw', '--subdir', 'DAGS_FOLDER/first_dag.py', '--cfg-path', '/tmp/tmpuxbl7iih']
[2023-05-25T06:57:02.373+0000] {standard_task_runner.py:85} INFO - Job 892: Subtask greet
[2023-05-25T06:57:02.614+0000] {task_command.py:410} INFO - Running <TaskInstance: dag_with_taskflow_api_v02.greet scheduled__2022-08-14T00:00:00+00:00 [running]> on host 6bd07c7477d9
[2023-05-25T06:57:03.006+0000] {taskinstance.py:1547} INFO - Exporting env vars: AIRFLOW_CTX_DAG_OWNER='Sai' AIRFLOW_CTX_DAG_ID='dag_with_taskflow_api_v02' AIRFLOW_CTX_TASK_ID='greet' AIRFLOW_CTX_EXECUTION_DATE='2022-08-14T00:00:00+00:00' AIRFLOW_CTX_TRY_NUMBER='1' AIRFLOW_CTX_DAG_RUN_ID='scheduled__2022-08-14T00:00:00+00:00'
[2023-05-25T06:57:03.007+0000] {logging_mixin.py:149} INFO - Hello World! My name is Sai Tr and I am 19 years old!
[2023-05-25T06:57:03.008+0000] {python.py:183} INFO - Done. Returned value was: None
[2023-05-25T06:57:03.033+0000] {taskinstance.py:1350} INFO - Marking task as SUCCESS. dag_id=dag_with_taskflow_api_v02, task_id=greet, execution_date=20220814T000000, start_date=20230525T065702, end_date=20230525T065703
[2023-05-25T06:57:03.087+0000] {local_task_job_runner.py:225} INFO - Task exited with return code 0
[2023-05-25T06:57:03.133+0000] {taskinstance.py:2651} INFO - 0 downstream tasks scheduled from follow-on schedule check
[2023-05-25T10:30:04.261+0000] {taskinstance.py:1103} INFO - Dependencies all met for dep_context=non-requeueable deps ti=<TaskInstance: dag_with_taskflow_api_v02.greet scheduled__2022-08-14T00:00:00+00:00 [queued]>
[2023-05-25T10:30:04.337+0000] {taskinstance.py:1103} INFO - Dependencies all met for dep_context=requeueable deps ti=<TaskInstance: dag_with_taskflow_api_v02.greet scheduled__2022-08-14T00:00:00+00:00 [queued]>
[2023-05-25T10:30:04.337+0000] {taskinstance.py:1308} INFO - Starting attempt 1 of 6
[2023-05-25T10:30:04.540+0000] {taskinstance.py:1327} INFO - Executing <Task(_PythonDecoratedOperator): greet> on 2022-08-14 00:00:00+00:00
[2023-05-25T10:30:04.578+0000] {standard_task_runner.py:57} INFO - Started process 3321 to run task
[2023-05-25T10:30:04.599+0000] {standard_task_runner.py:84} INFO - Running: ['***', 'tasks', 'run', 'dag_with_taskflow_api_v02', 'greet', 'scheduled__2022-08-14T00:00:00+00:00', '--job-id', '902', '--raw', '--subdir', 'DAGS_FOLDER/first_dag.py', '--cfg-path', '/tmp/tmp1czg2r36']
[2023-05-25T10:30:04.602+0000] {standard_task_runner.py:85} INFO - Job 902: Subtask greet
[2023-05-25T10:30:04.961+0000] {task_command.py:410} INFO - Running <TaskInstance: dag_with_taskflow_api_v02.greet scheduled__2022-08-14T00:00:00+00:00 [running]> on host b1ae37a9584e
[2023-05-25T10:30:05.911+0000] {taskinstance.py:1547} INFO - Exporting env vars: AIRFLOW_CTX_DAG_OWNER='Sai' AIRFLOW_CTX_DAG_ID='dag_with_taskflow_api_v02' AIRFLOW_CTX_TASK_ID='greet' AIRFLOW_CTX_EXECUTION_DATE='2022-08-14T00:00:00+00:00' AIRFLOW_CTX_TRY_NUMBER='1' AIRFLOW_CTX_DAG_RUN_ID='scheduled__2022-08-14T00:00:00+00:00'
[2023-05-25T10:30:05.914+0000] {logging_mixin.py:149} INFO - Hello World! My name is Sai Tr and I am 19 years old!
[2023-05-25T10:30:05.915+0000] {python.py:183} INFO - Done. Returned value was: None
[2023-05-25T10:30:06.005+0000] {taskinstance.py:1350} INFO - Marking task as SUCCESS. dag_id=dag_with_taskflow_api_v02, task_id=greet, execution_date=20220814T000000, start_date=20230525T103004, end_date=20230525T103006
[2023-05-25T10:30:06.134+0000] {local_task_job_runner.py:225} INFO - Task exited with return code 0
[2023-05-25T10:30:06.199+0000] {taskinstance.py:2651} INFO - 0 downstream tasks scheduled from follow-on schedule check
