[2023-05-24T15:16:36.496+0000] {taskinstance.py:1103} INFO - Dependencies all met for dep_context=non-requeueable deps ti=<TaskInstance: dag_with_taskflow_api_v02.get_name scheduled__2021-12-12T00:00:00+00:00 [queued]>
[2023-05-24T15:16:36.621+0000] {taskinstance.py:1103} INFO - Dependencies all met for dep_context=requeueable deps ti=<TaskInstance: dag_with_taskflow_api_v02.get_name scheduled__2021-12-12T00:00:00+00:00 [queued]>
[2023-05-24T15:16:36.630+0000] {taskinstance.py:1308} INFO - Starting attempt 1 of 6
[2023-05-24T15:16:37.420+0000] {taskinstance.py:1327} INFO - Executing <Task(_PythonDecoratedOperator): get_name> on 2021-12-12 00:00:00+00:00
[2023-05-24T15:16:37.445+0000] {standard_task_runner.py:57} INFO - Started process 519 to run task
[2023-05-24T15:16:37.481+0000] {standard_task_runner.py:84} INFO - Running: ['***', 'tasks', 'run', 'dag_with_taskflow_api_v02', 'get_name', 'scheduled__2021-12-12T00:00:00+00:00', '--job-id', '145', '--raw', '--subdir', 'DAGS_FOLDER/first_dag.py', '--cfg-path', '/tmp/tmphs8x4kmk']
[2023-05-24T15:16:37.499+0000] {standard_task_runner.py:85} INFO - Job 145: Subtask get_name
[2023-05-24T15:16:37.677+0000] {task_command.py:410} INFO - Running <TaskInstance: dag_with_taskflow_api_v02.get_name scheduled__2021-12-12T00:00:00+00:00 [running]> on host 942de29f183d
[2023-05-24T15:16:38.457+0000] {taskinstance.py:1547} INFO - Exporting env vars: AIRFLOW_CTX_DAG_OWNER='Sai' AIRFLOW_CTX_DAG_ID='dag_with_taskflow_api_v02' AIRFLOW_CTX_TASK_ID='get_name' AIRFLOW_CTX_EXECUTION_DATE='2021-12-12T00:00:00+00:00' AIRFLOW_CTX_TRY_NUMBER='1' AIRFLOW_CTX_DAG_RUN_ID='scheduled__2021-12-12T00:00:00+00:00'
[2023-05-24T15:16:38.460+0000] {python.py:183} INFO - Done. Returned value was: {'first_name': 'Sai', 'last_name': 'Tr'}
[2023-05-24T15:16:38.789+0000] {taskinstance.py:1350} INFO - Marking task as SUCCESS. dag_id=dag_with_taskflow_api_v02, task_id=get_name, execution_date=20211212T000000, start_date=20230524T151636, end_date=20230524T151638
[2023-05-24T15:16:38.907+0000] {local_task_job_runner.py:225} INFO - Task exited with return code 0
[2023-05-24T15:16:39.115+0000] {taskinstance.py:2651} INFO - 1 downstream tasks scheduled from follow-on schedule check
[2023-05-25T06:50:19.143+0000] {taskinstance.py:1103} INFO - Dependencies all met for dep_context=non-requeueable deps ti=<TaskInstance: dag_with_taskflow_api_v02.get_name scheduled__2021-12-12T00:00:00+00:00 [queued]>
[2023-05-25T06:50:19.242+0000] {taskinstance.py:1103} INFO - Dependencies all met for dep_context=requeueable deps ti=<TaskInstance: dag_with_taskflow_api_v02.get_name scheduled__2021-12-12T00:00:00+00:00 [queued]>
[2023-05-25T06:50:19.243+0000] {taskinstance.py:1308} INFO - Starting attempt 1 of 6
[2023-05-25T06:50:19.713+0000] {taskinstance.py:1327} INFO - Executing <Task(_PythonDecoratedOperator): get_name> on 2021-12-12 00:00:00+00:00
[2023-05-25T06:50:19.748+0000] {standard_task_runner.py:57} INFO - Started process 2061 to run task
[2023-05-25T06:50:19.785+0000] {standard_task_runner.py:84} INFO - Running: ['***', 'tasks', 'run', 'dag_with_taskflow_api_v02', 'get_name', 'scheduled__2021-12-12T00:00:00+00:00', '--job-id', '145', '--raw', '--subdir', 'DAGS_FOLDER/first_dag.py', '--cfg-path', '/tmp/tmpfuiv9u6p']
[2023-05-25T06:50:19.826+0000] {standard_task_runner.py:85} INFO - Job 145: Subtask get_name
[2023-05-25T06:50:20.197+0000] {task_command.py:410} INFO - Running <TaskInstance: dag_with_taskflow_api_v02.get_name scheduled__2021-12-12T00:00:00+00:00 [running]> on host 6bd07c7477d9
[2023-05-25T06:50:21.017+0000] {taskinstance.py:1547} INFO - Exporting env vars: AIRFLOW_CTX_DAG_OWNER='Sai' AIRFLOW_CTX_DAG_ID='dag_with_taskflow_api_v02' AIRFLOW_CTX_TASK_ID='get_name' AIRFLOW_CTX_EXECUTION_DATE='2021-12-12T00:00:00+00:00' AIRFLOW_CTX_TRY_NUMBER='1' AIRFLOW_CTX_DAG_RUN_ID='scheduled__2021-12-12T00:00:00+00:00'
[2023-05-25T06:50:21.019+0000] {python.py:183} INFO - Done. Returned value was: {'first_name': 'Sai', 'last_name': 'Tr'}
[2023-05-25T06:50:21.355+0000] {taskinstance.py:1350} INFO - Marking task as SUCCESS. dag_id=dag_with_taskflow_api_v02, task_id=get_name, execution_date=20211212T000000, start_date=20230525T065019, end_date=20230525T065021
[2023-05-25T06:50:21.448+0000] {local_task_job_runner.py:225} INFO - Task exited with return code 0
[2023-05-25T06:50:21.746+0000] {taskinstance.py:2651} INFO - 0 downstream tasks scheduled from follow-on schedule check
[2023-05-25T10:20:29.965+0000] {taskinstance.py:1103} INFO - Dependencies all met for dep_context=non-requeueable deps ti=<TaskInstance: dag_with_taskflow_api_v02.get_name scheduled__2021-12-12T00:00:00+00:00 [queued]>
[2023-05-25T10:20:30.008+0000] {taskinstance.py:1103} INFO - Dependencies all met for dep_context=requeueable deps ti=<TaskInstance: dag_with_taskflow_api_v02.get_name scheduled__2021-12-12T00:00:00+00:00 [queued]>
[2023-05-25T10:20:30.009+0000] {taskinstance.py:1308} INFO - Starting attempt 1 of 6
[2023-05-25T10:20:30.069+0000] {taskinstance.py:1327} INFO - Executing <Task(_PythonDecoratedOperator): get_name> on 2021-12-12 00:00:00+00:00
[2023-05-25T10:20:30.089+0000] {standard_task_runner.py:57} INFO - Started process 1579 to run task
[2023-05-25T10:20:30.099+0000] {standard_task_runner.py:84} INFO - Running: ['***', 'tasks', 'run', 'dag_with_taskflow_api_v02', 'get_name', 'scheduled__2021-12-12T00:00:00+00:00', '--job-id', '138', '--raw', '--subdir', 'DAGS_FOLDER/first_dag.py', '--cfg-path', '/tmp/tmp5x9af81v']
[2023-05-25T10:20:30.102+0000] {standard_task_runner.py:85} INFO - Job 138: Subtask get_name
[2023-05-25T10:20:30.266+0000] {task_command.py:410} INFO - Running <TaskInstance: dag_with_taskflow_api_v02.get_name scheduled__2021-12-12T00:00:00+00:00 [running]> on host b1ae37a9584e
[2023-05-25T10:20:30.542+0000] {taskinstance.py:1547} INFO - Exporting env vars: AIRFLOW_CTX_DAG_OWNER='Sai' AIRFLOW_CTX_DAG_ID='dag_with_taskflow_api_v02' AIRFLOW_CTX_TASK_ID='get_name' AIRFLOW_CTX_EXECUTION_DATE='2021-12-12T00:00:00+00:00' AIRFLOW_CTX_TRY_NUMBER='1' AIRFLOW_CTX_DAG_RUN_ID='scheduled__2021-12-12T00:00:00+00:00'
[2023-05-25T10:20:30.543+0000] {python.py:183} INFO - Done. Returned value was: {'first_name': 'Sai', 'last_name': 'Tr'}
[2023-05-25T10:20:30.755+0000] {taskinstance.py:1350} INFO - Marking task as SUCCESS. dag_id=dag_with_taskflow_api_v02, task_id=get_name, execution_date=20211212T000000, start_date=20230525T102029, end_date=20230525T102030
[2023-05-25T10:20:30.802+0000] {local_task_job_runner.py:225} INFO - Task exited with return code 0
[2023-05-25T10:20:31.073+0000] {taskinstance.py:2651} INFO - 0 downstream tasks scheduled from follow-on schedule check
