[2023-05-24T15:25:37.497+0000] {taskinstance.py:1103} INFO - Dependencies all met for dep_context=non-requeueable deps ti=<TaskInstance: dag_with_taskflow_api_v02.get_age scheduled__2022-09-29T00:00:00+00:00 [queued]>
[2023-05-24T15:25:37.595+0000] {taskinstance.py:1103} INFO - Dependencies all met for dep_context=requeueable deps ti=<TaskInstance: dag_with_taskflow_api_v02.get_age scheduled__2022-09-29T00:00:00+00:00 [queued]>
[2023-05-24T15:25:37.595+0000] {taskinstance.py:1308} INFO - Starting attempt 1 of 6
[2023-05-24T15:25:37.710+0000] {taskinstance.py:1327} INFO - Executing <Task(_PythonDecoratedOperator): get_age> on 2022-09-29 00:00:00+00:00
[2023-05-24T15:25:37.717+0000] {standard_task_runner.py:57} INFO - Started process 2467 to run task
[2023-05-24T15:25:37.746+0000] {standard_task_runner.py:84} INFO - Running: ['***', 'tasks', 'run', 'dag_with_taskflow_api_v02', 'get_age', 'scheduled__2022-09-29T00:00:00+00:00', '--job-id', '1015', '--raw', '--subdir', 'DAGS_FOLDER/first_dag.py', '--cfg-path', '/tmp/tmpy79g_hq5']
[2023-05-24T15:25:37.761+0000] {standard_task_runner.py:85} INFO - Job 1015: Subtask get_age
[2023-05-24T15:25:38.094+0000] {task_command.py:410} INFO - Running <TaskInstance: dag_with_taskflow_api_v02.get_age scheduled__2022-09-29T00:00:00+00:00 [running]> on host 942de29f183d
[2023-05-24T15:25:38.821+0000] {taskinstance.py:1547} INFO - Exporting env vars: AIRFLOW_CTX_DAG_OWNER='Sai' AIRFLOW_CTX_DAG_ID='dag_with_taskflow_api_v02' AIRFLOW_CTX_TASK_ID='get_age' AIRFLOW_CTX_EXECUTION_DATE='2022-09-29T00:00:00+00:00' AIRFLOW_CTX_TRY_NUMBER='1' AIRFLOW_CTX_DAG_RUN_ID='scheduled__2022-09-29T00:00:00+00:00'
[2023-05-24T15:25:38.822+0000] {python.py:183} INFO - Done. Returned value was: 19
[2023-05-24T15:25:38.975+0000] {taskinstance.py:1350} INFO - Marking task as SUCCESS. dag_id=dag_with_taskflow_api_v02, task_id=get_age, execution_date=20220929T000000, start_date=20230524T152537, end_date=20230524T152538
[2023-05-24T15:25:39.063+0000] {local_task_job_runner.py:225} INFO - Task exited with return code 0
[2023-05-24T15:25:39.203+0000] {taskinstance.py:2651} INFO - 1 downstream tasks scheduled from follow-on schedule check
[2023-05-25T06:58:10.192+0000] {taskinstance.py:1103} INFO - Dependencies all met for dep_context=non-requeueable deps ti=<TaskInstance: dag_with_taskflow_api_v02.get_age scheduled__2022-09-29T00:00:00+00:00 [queued]>
[2023-05-25T06:58:10.288+0000] {taskinstance.py:1103} INFO - Dependencies all met for dep_context=requeueable deps ti=<TaskInstance: dag_with_taskflow_api_v02.get_age scheduled__2022-09-29T00:00:00+00:00 [queued]>
[2023-05-25T06:58:10.288+0000] {taskinstance.py:1308} INFO - Starting attempt 1 of 6
[2023-05-25T06:58:10.457+0000] {taskinstance.py:1327} INFO - Executing <Task(_PythonDecoratedOperator): get_age> on 2022-09-29 00:00:00+00:00
[2023-05-25T06:58:10.479+0000] {standard_task_runner.py:57} INFO - Started process 3976 to run task
[2023-05-25T06:58:10.520+0000] {standard_task_runner.py:84} INFO - Running: ['***', 'tasks', 'run', 'dag_with_taskflow_api_v02', 'get_age', 'scheduled__2022-09-29T00:00:00+00:00', '--job-id', '1013', '--raw', '--subdir', 'DAGS_FOLDER/first_dag.py', '--cfg-path', '/tmp/tmprjma009c']
[2023-05-25T06:58:10.535+0000] {standard_task_runner.py:85} INFO - Job 1013: Subtask get_age
[2023-05-25T06:58:10.857+0000] {task_command.py:410} INFO - Running <TaskInstance: dag_with_taskflow_api_v02.get_age scheduled__2022-09-29T00:00:00+00:00 [running]> on host 6bd07c7477d9
[2023-05-25T06:58:11.350+0000] {taskinstance.py:1547} INFO - Exporting env vars: AIRFLOW_CTX_DAG_OWNER='Sai' AIRFLOW_CTX_DAG_ID='dag_with_taskflow_api_v02' AIRFLOW_CTX_TASK_ID='get_age' AIRFLOW_CTX_EXECUTION_DATE='2022-09-29T00:00:00+00:00' AIRFLOW_CTX_TRY_NUMBER='1' AIRFLOW_CTX_DAG_RUN_ID='scheduled__2022-09-29T00:00:00+00:00'
[2023-05-25T06:58:11.351+0000] {python.py:183} INFO - Done. Returned value was: 19
[2023-05-25T06:58:11.467+0000] {taskinstance.py:1350} INFO - Marking task as SUCCESS. dag_id=dag_with_taskflow_api_v02, task_id=get_age, execution_date=20220929T000000, start_date=20230525T065810, end_date=20230525T065811
[2023-05-25T06:58:11.562+0000] {local_task_job_runner.py:225} INFO - Task exited with return code 0
[2023-05-25T06:58:11.739+0000] {taskinstance.py:2651} INFO - 1 downstream tasks scheduled from follow-on schedule check
[2023-05-25T10:31:41.960+0000] {taskinstance.py:1103} INFO - Dependencies all met for dep_context=non-requeueable deps ti=<TaskInstance: dag_with_taskflow_api_v02.get_age scheduled__2022-09-29T00:00:00+00:00 [queued]>
[2023-05-25T10:31:42.155+0000] {taskinstance.py:1103} INFO - Dependencies all met for dep_context=requeueable deps ti=<TaskInstance: dag_with_taskflow_api_v02.get_age scheduled__2022-09-29T00:00:00+00:00 [queued]>
[2023-05-25T10:31:42.156+0000] {taskinstance.py:1308} INFO - Starting attempt 1 of 6
[2023-05-25T10:31:42.448+0000] {taskinstance.py:1327} INFO - Executing <Task(_PythonDecoratedOperator): get_age> on 2022-09-29 00:00:00+00:00
[2023-05-25T10:31:42.493+0000] {standard_task_runner.py:57} INFO - Started process 3610 to run task
[2023-05-25T10:31:42.550+0000] {standard_task_runner.py:84} INFO - Running: ['***', 'tasks', 'run', 'dag_with_taskflow_api_v02', 'get_age', 'scheduled__2022-09-29T00:00:00+00:00', '--job-id', '1026', '--raw', '--subdir', 'DAGS_FOLDER/first_dag.py', '--cfg-path', '/tmp/tmp4tidy5wi']
[2023-05-25T10:31:42.566+0000] {standard_task_runner.py:85} INFO - Job 1026: Subtask get_age
[2023-05-25T10:31:43.009+0000] {task_command.py:410} INFO - Running <TaskInstance: dag_with_taskflow_api_v02.get_age scheduled__2022-09-29T00:00:00+00:00 [running]> on host b1ae37a9584e
[2023-05-25T10:31:43.612+0000] {taskinstance.py:1547} INFO - Exporting env vars: AIRFLOW_CTX_DAG_OWNER='Sai' AIRFLOW_CTX_DAG_ID='dag_with_taskflow_api_v02' AIRFLOW_CTX_TASK_ID='get_age' AIRFLOW_CTX_EXECUTION_DATE='2022-09-29T00:00:00+00:00' AIRFLOW_CTX_TRY_NUMBER='1' AIRFLOW_CTX_DAG_RUN_ID='scheduled__2022-09-29T00:00:00+00:00'
[2023-05-25T10:31:43.613+0000] {python.py:183} INFO - Done. Returned value was: 19
[2023-05-25T10:31:43.737+0000] {taskinstance.py:1350} INFO - Marking task as SUCCESS. dag_id=dag_with_taskflow_api_v02, task_id=get_age, execution_date=20220929T000000, start_date=20230525T103141, end_date=20230525T103143
[2023-05-25T10:31:43.877+0000] {local_task_job_runner.py:225} INFO - Task exited with return code 0
[2023-05-25T10:31:44.199+0000] {taskinstance.py:2651} INFO - 0 downstream tasks scheduled from follow-on schedule check
