[2023-05-24T15:20:12.880+0000] {taskinstance.py:1103} INFO - Dependencies all met for dep_context=non-requeueable deps ti=<TaskInstance: dag_with_taskflow_api_v02.get_name scheduled__2022-04-05T00:00:00+00:00 [queued]>
[2023-05-24T15:20:12.900+0000] {taskinstance.py:1103} INFO - Dependencies all met for dep_context=requeueable deps ti=<TaskInstance: dag_with_taskflow_api_v02.get_name scheduled__2022-04-05T00:00:00+00:00 [queued]>
[2023-05-24T15:20:12.900+0000] {taskinstance.py:1308} INFO - Starting attempt 1 of 6
[2023-05-24T15:20:12.941+0000] {taskinstance.py:1327} INFO - Executing <Task(_PythonDecoratedOperator): get_name> on 2022-04-05 00:00:00+00:00
[2023-05-24T15:20:12.947+0000] {standard_task_runner.py:57} INFO - Started process 1287 to run task
[2023-05-24T15:20:12.957+0000] {standard_task_runner.py:84} INFO - Running: ['***', 'tasks', 'run', 'dag_with_taskflow_api_v02', 'get_name', 'scheduled__2022-04-05T00:00:00+00:00', '--job-id', '489', '--raw', '--subdir', 'DAGS_FOLDER/first_dag.py', '--cfg-path', '/tmp/tmph4u1c3xl']
[2023-05-24T15:20:12.964+0000] {standard_task_runner.py:85} INFO - Job 489: Subtask get_name
[2023-05-24T15:20:13.357+0000] {task_command.py:410} INFO - Running <TaskInstance: dag_with_taskflow_api_v02.get_name scheduled__2022-04-05T00:00:00+00:00 [running]> on host 942de29f183d
[2023-05-24T15:20:14.408+0000] {taskinstance.py:1547} INFO - Exporting env vars: AIRFLOW_CTX_DAG_OWNER='Sai' AIRFLOW_CTX_DAG_ID='dag_with_taskflow_api_v02' AIRFLOW_CTX_TASK_ID='get_name' AIRFLOW_CTX_EXECUTION_DATE='2022-04-05T00:00:00+00:00' AIRFLOW_CTX_TRY_NUMBER='1' AIRFLOW_CTX_DAG_RUN_ID='scheduled__2022-04-05T00:00:00+00:00'
[2023-05-24T15:20:14.410+0000] {python.py:183} INFO - Done. Returned value was: {'first_name': 'Sai', 'last_name': 'Tr'}
[2023-05-24T15:20:14.580+0000] {taskinstance.py:1350} INFO - Marking task as SUCCESS. dag_id=dag_with_taskflow_api_v02, task_id=get_name, execution_date=20220405T000000, start_date=20230524T152012, end_date=20230524T152014
[2023-05-24T15:20:14.654+0000] {local_task_job_runner.py:225} INFO - Task exited with return code 0
[2023-05-24T15:20:15.005+0000] {taskinstance.py:2651} INFO - 1 downstream tasks scheduled from follow-on schedule check
[2023-05-25T06:53:25.111+0000] {taskinstance.py:1103} INFO - Dependencies all met for dep_context=non-requeueable deps ti=<TaskInstance: dag_with_taskflow_api_v02.get_name scheduled__2022-04-05T00:00:00+00:00 [queued]>
[2023-05-25T06:53:25.188+0000] {taskinstance.py:1103} INFO - Dependencies all met for dep_context=requeueable deps ti=<TaskInstance: dag_with_taskflow_api_v02.get_name scheduled__2022-04-05T00:00:00+00:00 [queued]>
[2023-05-25T06:53:25.189+0000] {taskinstance.py:1308} INFO - Starting attempt 1 of 6
[2023-05-25T06:53:25.715+0000] {taskinstance.py:1327} INFO - Executing <Task(_PythonDecoratedOperator): get_name> on 2022-04-05 00:00:00+00:00
[2023-05-25T06:53:25.743+0000] {standard_task_runner.py:57} INFO - Started process 2820 to run task
[2023-05-25T06:53:25.764+0000] {standard_task_runner.py:84} INFO - Running: ['***', 'tasks', 'run', 'dag_with_taskflow_api_v02', 'get_name', 'scheduled__2022-04-05T00:00:00+00:00', '--job-id', '489', '--raw', '--subdir', 'DAGS_FOLDER/first_dag.py', '--cfg-path', '/tmp/tmpbldiiznv']
[2023-05-25T06:53:25.792+0000] {standard_task_runner.py:85} INFO - Job 489: Subtask get_name
[2023-05-25T06:53:26.207+0000] {task_command.py:410} INFO - Running <TaskInstance: dag_with_taskflow_api_v02.get_name scheduled__2022-04-05T00:00:00+00:00 [running]> on host 6bd07c7477d9
[2023-05-25T06:53:27.009+0000] {taskinstance.py:1547} INFO - Exporting env vars: AIRFLOW_CTX_DAG_OWNER='Sai' AIRFLOW_CTX_DAG_ID='dag_with_taskflow_api_v02' AIRFLOW_CTX_TASK_ID='get_name' AIRFLOW_CTX_EXECUTION_DATE='2022-04-05T00:00:00+00:00' AIRFLOW_CTX_TRY_NUMBER='1' AIRFLOW_CTX_DAG_RUN_ID='scheduled__2022-04-05T00:00:00+00:00'
[2023-05-25T06:53:27.011+0000] {python.py:183} INFO - Done. Returned value was: {'first_name': 'Sai', 'last_name': 'Tr'}
[2023-05-25T06:53:27.330+0000] {taskinstance.py:1350} INFO - Marking task as SUCCESS. dag_id=dag_with_taskflow_api_v02, task_id=get_name, execution_date=20220405T000000, start_date=20230525T065325, end_date=20230525T065327
[2023-05-25T06:53:27.464+0000] {local_task_job_runner.py:225} INFO - Task exited with return code 0
[2023-05-25T06:53:28.364+0000] {taskinstance.py:2651} INFO - 0 downstream tasks scheduled from follow-on schedule check
[2023-05-25T10:24:41.348+0000] {taskinstance.py:1103} INFO - Dependencies all met for dep_context=non-requeueable deps ti=<TaskInstance: dag_with_taskflow_api_v02.get_name scheduled__2022-04-05T00:00:00+00:00 [queued]>
[2023-05-25T10:24:41.406+0000] {taskinstance.py:1103} INFO - Dependencies all met for dep_context=requeueable deps ti=<TaskInstance: dag_with_taskflow_api_v02.get_name scheduled__2022-04-05T00:00:00+00:00 [queued]>
[2023-05-25T10:24:41.406+0000] {taskinstance.py:1308} INFO - Starting attempt 1 of 6
[2023-05-25T10:24:41.483+0000] {taskinstance.py:1327} INFO - Executing <Task(_PythonDecoratedOperator): get_name> on 2022-04-05 00:00:00+00:00
[2023-05-25T10:24:41.493+0000] {standard_task_runner.py:57} INFO - Started process 2395 to run task
[2023-05-25T10:24:41.540+0000] {standard_task_runner.py:84} INFO - Running: ['***', 'tasks', 'run', 'dag_with_taskflow_api_v02', 'get_name', 'scheduled__2022-04-05T00:00:00+00:00', '--job-id', '498', '--raw', '--subdir', 'DAGS_FOLDER/first_dag.py', '--cfg-path', '/tmp/tmpdqxq5x_5']
[2023-05-25T10:24:41.557+0000] {standard_task_runner.py:85} INFO - Job 498: Subtask get_name
[2023-05-25T10:24:41.749+0000] {task_command.py:410} INFO - Running <TaskInstance: dag_with_taskflow_api_v02.get_name scheduled__2022-04-05T00:00:00+00:00 [running]> on host b1ae37a9584e
[2023-05-25T10:24:42.176+0000] {taskinstance.py:1547} INFO - Exporting env vars: AIRFLOW_CTX_DAG_OWNER='Sai' AIRFLOW_CTX_DAG_ID='dag_with_taskflow_api_v02' AIRFLOW_CTX_TASK_ID='get_name' AIRFLOW_CTX_EXECUTION_DATE='2022-04-05T00:00:00+00:00' AIRFLOW_CTX_TRY_NUMBER='1' AIRFLOW_CTX_DAG_RUN_ID='scheduled__2022-04-05T00:00:00+00:00'
[2023-05-25T10:24:42.177+0000] {python.py:183} INFO - Done. Returned value was: {'first_name': 'Sai', 'last_name': 'Tr'}
[2023-05-25T10:24:42.338+0000] {taskinstance.py:1350} INFO - Marking task as SUCCESS. dag_id=dag_with_taskflow_api_v02, task_id=get_name, execution_date=20220405T000000, start_date=20230525T102441, end_date=20230525T102442
[2023-05-25T10:24:42.486+0000] {local_task_job_runner.py:225} INFO - Task exited with return code 0
[2023-05-25T10:24:42.671+0000] {taskinstance.py:2651} INFO - 0 downstream tasks scheduled from follow-on schedule check
