[2023-05-24T15:25:34.320+0000] {taskinstance.py:1103} INFO - Dependencies all met for dep_context=non-requeueable deps ti=<TaskInstance: dag_with_taskflow_api_v02.get_name scheduled__2022-09-25T00:00:00+00:00 [queued]>
[2023-05-24T15:25:34.421+0000] {taskinstance.py:1103} INFO - Dependencies all met for dep_context=requeueable deps ti=<TaskInstance: dag_with_taskflow_api_v02.get_name scheduled__2022-09-25T00:00:00+00:00 [queued]>
[2023-05-24T15:25:34.421+0000] {taskinstance.py:1308} INFO - Starting attempt 1 of 6
[2023-05-24T15:25:34.621+0000] {taskinstance.py:1327} INFO - Executing <Task(_PythonDecoratedOperator): get_name> on 2022-09-25 00:00:00+00:00
[2023-05-24T15:25:34.626+0000] {standard_task_runner.py:57} INFO - Started process 2448 to run task
[2023-05-24T15:25:34.657+0000] {standard_task_runner.py:84} INFO - Running: ['***', 'tasks', 'run', 'dag_with_taskflow_api_v02', 'get_name', 'scheduled__2022-09-25T00:00:00+00:00', '--job-id', '1007', '--raw', '--subdir', 'DAGS_FOLDER/first_dag.py', '--cfg-path', '/tmp/tmpne2m6qgk']
[2023-05-24T15:25:34.666+0000] {standard_task_runner.py:85} INFO - Job 1007: Subtask get_name
[2023-05-24T15:25:34.953+0000] {task_command.py:410} INFO - Running <TaskInstance: dag_with_taskflow_api_v02.get_name scheduled__2022-09-25T00:00:00+00:00 [running]> on host 942de29f183d
[2023-05-24T15:25:35.742+0000] {taskinstance.py:1547} INFO - Exporting env vars: AIRFLOW_CTX_DAG_OWNER='Sai' AIRFLOW_CTX_DAG_ID='dag_with_taskflow_api_v02' AIRFLOW_CTX_TASK_ID='get_name' AIRFLOW_CTX_EXECUTION_DATE='2022-09-25T00:00:00+00:00' AIRFLOW_CTX_TRY_NUMBER='1' AIRFLOW_CTX_DAG_RUN_ID='scheduled__2022-09-25T00:00:00+00:00'
[2023-05-24T15:25:35.743+0000] {python.py:183} INFO - Done. Returned value was: {'first_name': 'Sai', 'last_name': 'Tr'}
[2023-05-24T15:25:36.027+0000] {taskinstance.py:1350} INFO - Marking task as SUCCESS. dag_id=dag_with_taskflow_api_v02, task_id=get_name, execution_date=20220925T000000, start_date=20230524T152534, end_date=20230524T152536
[2023-05-24T15:25:36.130+0000] {local_task_job_runner.py:225} INFO - Task exited with return code 0
[2023-05-24T15:25:36.542+0000] {taskinstance.py:2651} INFO - 1 downstream tasks scheduled from follow-on schedule check
[2023-05-25T06:58:02.950+0000] {taskinstance.py:1103} INFO - Dependencies all met for dep_context=non-requeueable deps ti=<TaskInstance: dag_with_taskflow_api_v02.get_name scheduled__2022-09-25T00:00:00+00:00 [queued]>
[2023-05-25T06:58:02.994+0000] {taskinstance.py:1103} INFO - Dependencies all met for dep_context=requeueable deps ti=<TaskInstance: dag_with_taskflow_api_v02.get_name scheduled__2022-09-25T00:00:00+00:00 [queued]>
[2023-05-25T06:58:02.994+0000] {taskinstance.py:1308} INFO - Starting attempt 1 of 6
[2023-05-25T06:58:03.130+0000] {taskinstance.py:1327} INFO - Executing <Task(_PythonDecoratedOperator): get_name> on 2022-09-25 00:00:00+00:00
[2023-05-25T06:58:03.148+0000] {standard_task_runner.py:57} INFO - Started process 3946 to run task
[2023-05-25T06:58:03.221+0000] {standard_task_runner.py:84} INFO - Running: ['***', 'tasks', 'run', 'dag_with_taskflow_api_v02', 'get_name', 'scheduled__2022-09-25T00:00:00+00:00', '--job-id', '999', '--raw', '--subdir', 'DAGS_FOLDER/first_dag.py', '--cfg-path', '/tmp/tmpmy1hh6x0']
[2023-05-25T06:58:03.251+0000] {standard_task_runner.py:85} INFO - Job 999: Subtask get_name
[2023-05-25T06:58:03.583+0000] {task_command.py:410} INFO - Running <TaskInstance: dag_with_taskflow_api_v02.get_name scheduled__2022-09-25T00:00:00+00:00 [running]> on host 6bd07c7477d9
[2023-05-25T06:58:04.344+0000] {taskinstance.py:1547} INFO - Exporting env vars: AIRFLOW_CTX_DAG_OWNER='Sai' AIRFLOW_CTX_DAG_ID='dag_with_taskflow_api_v02' AIRFLOW_CTX_TASK_ID='get_name' AIRFLOW_CTX_EXECUTION_DATE='2022-09-25T00:00:00+00:00' AIRFLOW_CTX_TRY_NUMBER='1' AIRFLOW_CTX_DAG_RUN_ID='scheduled__2022-09-25T00:00:00+00:00'
[2023-05-25T06:58:04.346+0000] {python.py:183} INFO - Done. Returned value was: {'first_name': 'Sai', 'last_name': 'Tr'}
[2023-05-25T06:58:04.623+0000] {taskinstance.py:1350} INFO - Marking task as SUCCESS. dag_id=dag_with_taskflow_api_v02, task_id=get_name, execution_date=20220925T000000, start_date=20230525T065802, end_date=20230525T065804
[2023-05-25T06:58:04.787+0000] {local_task_job_runner.py:225} INFO - Task exited with return code 0
[2023-05-25T06:58:05.080+0000] {taskinstance.py:2651} INFO - 0 downstream tasks scheduled from follow-on schedule check
[2023-05-25T10:31:35.021+0000] {taskinstance.py:1103} INFO - Dependencies all met for dep_context=non-requeueable deps ti=<TaskInstance: dag_with_taskflow_api_v02.get_name scheduled__2022-09-25T00:00:00+00:00 [queued]>
[2023-05-25T10:31:35.280+0000] {taskinstance.py:1103} INFO - Dependencies all met for dep_context=requeueable deps ti=<TaskInstance: dag_with_taskflow_api_v02.get_name scheduled__2022-09-25T00:00:00+00:00 [queued]>
[2023-05-25T10:31:35.280+0000] {taskinstance.py:1308} INFO - Starting attempt 1 of 6
[2023-05-25T10:31:35.530+0000] {taskinstance.py:1327} INFO - Executing <Task(_PythonDecoratedOperator): get_name> on 2022-09-25 00:00:00+00:00
[2023-05-25T10:31:35.561+0000] {standard_task_runner.py:57} INFO - Started process 3589 to run task
[2023-05-25T10:31:35.583+0000] {standard_task_runner.py:84} INFO - Running: ['***', 'tasks', 'run', 'dag_with_taskflow_api_v02', 'get_name', 'scheduled__2022-09-25T00:00:00+00:00', '--job-id', '1016', '--raw', '--subdir', 'DAGS_FOLDER/first_dag.py', '--cfg-path', '/tmp/tmpqr7v7unr']
[2023-05-25T10:31:35.596+0000] {standard_task_runner.py:85} INFO - Job 1016: Subtask get_name
[2023-05-25T10:31:36.102+0000] {task_command.py:410} INFO - Running <TaskInstance: dag_with_taskflow_api_v02.get_name scheduled__2022-09-25T00:00:00+00:00 [running]> on host b1ae37a9584e
[2023-05-25T10:31:37.128+0000] {taskinstance.py:1547} INFO - Exporting env vars: AIRFLOW_CTX_DAG_OWNER='Sai' AIRFLOW_CTX_DAG_ID='dag_with_taskflow_api_v02' AIRFLOW_CTX_TASK_ID='get_name' AIRFLOW_CTX_EXECUTION_DATE='2022-09-25T00:00:00+00:00' AIRFLOW_CTX_TRY_NUMBER='1' AIRFLOW_CTX_DAG_RUN_ID='scheduled__2022-09-25T00:00:00+00:00'
[2023-05-25T10:31:37.130+0000] {python.py:183} INFO - Done. Returned value was: {'first_name': 'Sai', 'last_name': 'Tr'}
[2023-05-25T10:31:37.316+0000] {taskinstance.py:1350} INFO - Marking task as SUCCESS. dag_id=dag_with_taskflow_api_v02, task_id=get_name, execution_date=20220925T000000, start_date=20230525T103135, end_date=20230525T103137
[2023-05-25T10:31:37.420+0000] {local_task_job_runner.py:225} INFO - Task exited with return code 0
[2023-05-25T10:31:37.590+0000] {taskinstance.py:2651} INFO - 1 downstream tasks scheduled from follow-on schedule check
