[2023-05-24T15:24:31.633+0000] {taskinstance.py:1103} INFO - Dependencies all met for dep_context=non-requeueable deps ti=<TaskInstance: dag_with_taskflow_api_v02.greet scheduled__2022-08-18T00:00:00+00:00 [queued]>
[2023-05-24T15:24:31.655+0000] {taskinstance.py:1103} INFO - Dependencies all met for dep_context=requeueable deps ti=<TaskInstance: dag_with_taskflow_api_v02.greet scheduled__2022-08-18T00:00:00+00:00 [queued]>
[2023-05-24T15:24:31.655+0000] {taskinstance.py:1308} INFO - Starting attempt 1 of 6
[2023-05-24T15:24:31.724+0000] {taskinstance.py:1327} INFO - Executing <Task(_PythonDecoratedOperator): greet> on 2022-08-18 00:00:00+00:00
[2023-05-24T15:24:31.731+0000] {standard_task_runner.py:57} INFO - Started process 2203 to run task
[2023-05-24T15:24:31.741+0000] {standard_task_runner.py:84} INFO - Running: ['***', 'tasks', 'run', 'dag_with_taskflow_api_v02', 'greet', 'scheduled__2022-08-18T00:00:00+00:00', '--job-id', '902', '--raw', '--subdir', 'DAGS_FOLDER/first_dag.py', '--cfg-path', '/tmp/tmpm65e_gdp']
[2023-05-24T15:24:31.744+0000] {standard_task_runner.py:85} INFO - Job 902: Subtask greet
[2023-05-24T15:24:31.836+0000] {task_command.py:410} INFO - Running <TaskInstance: dag_with_taskflow_api_v02.greet scheduled__2022-08-18T00:00:00+00:00 [running]> on host 942de29f183d
[2023-05-24T15:24:32.179+0000] {taskinstance.py:1547} INFO - Exporting env vars: AIRFLOW_CTX_DAG_OWNER='Sai' AIRFLOW_CTX_DAG_ID='dag_with_taskflow_api_v02' AIRFLOW_CTX_TASK_ID='greet' AIRFLOW_CTX_EXECUTION_DATE='2022-08-18T00:00:00+00:00' AIRFLOW_CTX_TRY_NUMBER='1' AIRFLOW_CTX_DAG_RUN_ID='scheduled__2022-08-18T00:00:00+00:00'
[2023-05-24T15:24:32.180+0000] {logging_mixin.py:149} INFO - Hello World! My name is Sai Tr and I am 19 years old!
[2023-05-24T15:24:32.181+0000] {python.py:183} INFO - Done. Returned value was: None
[2023-05-24T15:24:32.201+0000] {taskinstance.py:1350} INFO - Marking task as SUCCESS. dag_id=dag_with_taskflow_api_v02, task_id=greet, execution_date=20220818T000000, start_date=20230524T152431, end_date=20230524T152432
[2023-05-24T15:24:32.235+0000] {local_task_job_runner.py:225} INFO - Task exited with return code 0
[2023-05-24T15:24:32.297+0000] {taskinstance.py:2651} INFO - 0 downstream tasks scheduled from follow-on schedule check
[2023-05-25T06:57:03.473+0000] {taskinstance.py:1103} INFO - Dependencies all met for dep_context=non-requeueable deps ti=<TaskInstance: dag_with_taskflow_api_v02.greet scheduled__2022-08-18T00:00:00+00:00 [queued]>
[2023-05-25T06:57:03.494+0000] {taskinstance.py:1103} INFO - Dependencies all met for dep_context=requeueable deps ti=<TaskInstance: dag_with_taskflow_api_v02.greet scheduled__2022-08-18T00:00:00+00:00 [queued]>
[2023-05-25T06:57:03.494+0000] {taskinstance.py:1308} INFO - Starting attempt 1 of 6
[2023-05-25T06:57:03.529+0000] {taskinstance.py:1327} INFO - Executing <Task(_PythonDecoratedOperator): greet> on 2022-08-18 00:00:00+00:00
[2023-05-25T06:57:03.536+0000] {standard_task_runner.py:57} INFO - Started process 3708 to run task
[2023-05-25T06:57:03.546+0000] {standard_task_runner.py:84} INFO - Running: ['***', 'tasks', 'run', 'dag_with_taskflow_api_v02', 'greet', 'scheduled__2022-08-18T00:00:00+00:00', '--job-id', '896', '--raw', '--subdir', 'DAGS_FOLDER/first_dag.py', '--cfg-path', '/tmp/tmphqt71uu0']
[2023-05-25T06:57:03.550+0000] {standard_task_runner.py:85} INFO - Job 896: Subtask greet
[2023-05-25T06:57:03.651+0000] {task_command.py:410} INFO - Running <TaskInstance: dag_with_taskflow_api_v02.greet scheduled__2022-08-18T00:00:00+00:00 [running]> on host 6bd07c7477d9
[2023-05-25T06:57:03.878+0000] {taskinstance.py:1547} INFO - Exporting env vars: AIRFLOW_CTX_DAG_OWNER='Sai' AIRFLOW_CTX_DAG_ID='dag_with_taskflow_api_v02' AIRFLOW_CTX_TASK_ID='greet' AIRFLOW_CTX_EXECUTION_DATE='2022-08-18T00:00:00+00:00' AIRFLOW_CTX_TRY_NUMBER='1' AIRFLOW_CTX_DAG_RUN_ID='scheduled__2022-08-18T00:00:00+00:00'
[2023-05-25T06:57:03.879+0000] {logging_mixin.py:149} INFO - Hello World! My name is Sai Tr and I am 19 years old!
[2023-05-25T06:57:03.879+0000] {python.py:183} INFO - Done. Returned value was: None
[2023-05-25T06:57:03.894+0000] {taskinstance.py:1350} INFO - Marking task as SUCCESS. dag_id=dag_with_taskflow_api_v02, task_id=greet, execution_date=20220818T000000, start_date=20230525T065703, end_date=20230525T065703
[2023-05-25T06:57:03.922+0000] {local_task_job_runner.py:225} INFO - Task exited with return code 0
[2023-05-25T06:57:03.953+0000] {taskinstance.py:2651} INFO - 0 downstream tasks scheduled from follow-on schedule check
[2023-05-25T10:30:29.534+0000] {taskinstance.py:1103} INFO - Dependencies all met for dep_context=non-requeueable deps ti=<TaskInstance: dag_with_taskflow_api_v02.greet scheduled__2022-08-18T00:00:00+00:00 [queued]>
[2023-05-25T10:30:29.831+0000] {taskinstance.py:1103} INFO - Dependencies all met for dep_context=requeueable deps ti=<TaskInstance: dag_with_taskflow_api_v02.greet scheduled__2022-08-18T00:00:00+00:00 [queued]>
[2023-05-25T10:30:29.832+0000] {taskinstance.py:1308} INFO - Starting attempt 1 of 6
[2023-05-25T10:30:29.991+0000] {taskinstance.py:1327} INFO - Executing <Task(_PythonDecoratedOperator): greet> on 2022-08-18 00:00:00+00:00
[2023-05-25T10:30:30.001+0000] {standard_task_runner.py:57} INFO - Started process 3388 to run task
[2023-05-25T10:30:30.015+0000] {standard_task_runner.py:84} INFO - Running: ['***', 'tasks', 'run', 'dag_with_taskflow_api_v02', 'greet', 'scheduled__2022-08-18T00:00:00+00:00', '--job-id', '925', '--raw', '--subdir', 'DAGS_FOLDER/first_dag.py', '--cfg-path', '/tmp/tmpacnjkcf8']
[2023-05-25T10:30:30.019+0000] {standard_task_runner.py:85} INFO - Job 925: Subtask greet
[2023-05-25T10:30:30.515+0000] {task_command.py:410} INFO - Running <TaskInstance: dag_with_taskflow_api_v02.greet scheduled__2022-08-18T00:00:00+00:00 [running]> on host b1ae37a9584e
[2023-05-25T10:30:33.357+0000] {taskinstance.py:1547} INFO - Exporting env vars: AIRFLOW_CTX_DAG_OWNER='Sai' AIRFLOW_CTX_DAG_ID='dag_with_taskflow_api_v02' AIRFLOW_CTX_TASK_ID='greet' AIRFLOW_CTX_EXECUTION_DATE='2022-08-18T00:00:00+00:00' AIRFLOW_CTX_TRY_NUMBER='1' AIRFLOW_CTX_DAG_RUN_ID='scheduled__2022-08-18T00:00:00+00:00'
[2023-05-25T10:30:33.359+0000] {logging_mixin.py:149} INFO - Hello World! My name is Sai Tr and I am 19 years old!
[2023-05-25T10:30:33.359+0000] {python.py:183} INFO - Done. Returned value was: None
[2023-05-25T10:30:33.575+0000] {taskinstance.py:1350} INFO - Marking task as SUCCESS. dag_id=dag_with_taskflow_api_v02, task_id=greet, execution_date=20220818T000000, start_date=20230525T103029, end_date=20230525T103033
[2023-05-25T10:30:34.746+0000] {local_task_job_runner.py:225} INFO - Task exited with return code 0
[2023-05-25T10:30:35.046+0000] {taskinstance.py:2651} INFO - 0 downstream tasks scheduled from follow-on schedule check
