[2023-05-24T15:16:34.710+0000] {taskinstance.py:1103} INFO - Dependencies all met for dep_context=non-requeueable deps ti=<TaskInstance: dag_with_taskflow_api_v02.get_name scheduled__2021-12-10T00:00:00+00:00 [queued]>
[2023-05-24T15:16:34.801+0000] {taskinstance.py:1103} INFO - Dependencies all met for dep_context=requeueable deps ti=<TaskInstance: dag_with_taskflow_api_v02.get_name scheduled__2021-12-10T00:00:00+00:00 [queued]>
[2023-05-24T15:16:34.803+0000] {taskinstance.py:1308} INFO - Starting attempt 1 of 6
[2023-05-24T15:16:35.083+0000] {taskinstance.py:1327} INFO - Executing <Task(_PythonDecoratedOperator): get_name> on 2021-12-10 00:00:00+00:00
[2023-05-24T15:16:35.107+0000] {standard_task_runner.py:57} INFO - Started process 508 to run task
[2023-05-24T15:16:35.133+0000] {standard_task_runner.py:84} INFO - Running: ['***', 'tasks', 'run', 'dag_with_taskflow_api_v02', 'get_name', 'scheduled__2021-12-10T00:00:00+00:00', '--job-id', '139', '--raw', '--subdir', 'DAGS_FOLDER/first_dag.py', '--cfg-path', '/tmp/tmpdufdxb4a']
[2023-05-24T15:16:35.144+0000] {standard_task_runner.py:85} INFO - Job 139: Subtask get_name
[2023-05-24T15:16:35.502+0000] {task_command.py:410} INFO - Running <TaskInstance: dag_with_taskflow_api_v02.get_name scheduled__2021-12-10T00:00:00+00:00 [running]> on host 942de29f183d
[2023-05-24T15:16:36.240+0000] {taskinstance.py:1547} INFO - Exporting env vars: AIRFLOW_CTX_DAG_OWNER='Sai' AIRFLOW_CTX_DAG_ID='dag_with_taskflow_api_v02' AIRFLOW_CTX_TASK_ID='get_name' AIRFLOW_CTX_EXECUTION_DATE='2021-12-10T00:00:00+00:00' AIRFLOW_CTX_TRY_NUMBER='1' AIRFLOW_CTX_DAG_RUN_ID='scheduled__2021-12-10T00:00:00+00:00'
[2023-05-24T15:16:36.241+0000] {python.py:183} INFO - Done. Returned value was: {'first_name': 'Sai', 'last_name': 'Tr'}
[2023-05-24T15:16:36.467+0000] {taskinstance.py:1350} INFO - Marking task as SUCCESS. dag_id=dag_with_taskflow_api_v02, task_id=get_name, execution_date=20211210T000000, start_date=20230524T151634, end_date=20230524T151636
[2023-05-24T15:16:36.594+0000] {local_task_job_runner.py:225} INFO - Task exited with return code 0
[2023-05-24T15:16:36.801+0000] {taskinstance.py:2651} INFO - 1 downstream tasks scheduled from follow-on schedule check
[2023-05-25T06:50:16.734+0000] {taskinstance.py:1103} INFO - Dependencies all met for dep_context=non-requeueable deps ti=<TaskInstance: dag_with_taskflow_api_v02.get_name scheduled__2021-12-10T00:00:00+00:00 [queued]>
[2023-05-25T06:50:16.782+0000] {taskinstance.py:1103} INFO - Dependencies all met for dep_context=requeueable deps ti=<TaskInstance: dag_with_taskflow_api_v02.get_name scheduled__2021-12-10T00:00:00+00:00 [queued]>
[2023-05-25T06:50:16.783+0000] {taskinstance.py:1308} INFO - Starting attempt 1 of 6
[2023-05-25T06:50:16.913+0000] {taskinstance.py:1327} INFO - Executing <Task(_PythonDecoratedOperator): get_name> on 2021-12-10 00:00:00+00:00
[2023-05-25T06:50:16.926+0000] {standard_task_runner.py:57} INFO - Started process 2048 to run task
[2023-05-25T06:50:16.972+0000] {standard_task_runner.py:84} INFO - Running: ['***', 'tasks', 'run', 'dag_with_taskflow_api_v02', 'get_name', 'scheduled__2021-12-10T00:00:00+00:00', '--job-id', '140', '--raw', '--subdir', 'DAGS_FOLDER/first_dag.py', '--cfg-path', '/tmp/tmpq21cxav5']
[2023-05-25T06:50:16.975+0000] {standard_task_runner.py:85} INFO - Job 140: Subtask get_name
[2023-05-25T06:50:17.277+0000] {task_command.py:410} INFO - Running <TaskInstance: dag_with_taskflow_api_v02.get_name scheduled__2021-12-10T00:00:00+00:00 [running]> on host 6bd07c7477d9
[2023-05-25T06:50:18.218+0000] {taskinstance.py:1547} INFO - Exporting env vars: AIRFLOW_CTX_DAG_OWNER='Sai' AIRFLOW_CTX_DAG_ID='dag_with_taskflow_api_v02' AIRFLOW_CTX_TASK_ID='get_name' AIRFLOW_CTX_EXECUTION_DATE='2021-12-10T00:00:00+00:00' AIRFLOW_CTX_TRY_NUMBER='1' AIRFLOW_CTX_DAG_RUN_ID='scheduled__2021-12-10T00:00:00+00:00'
[2023-05-25T06:50:18.219+0000] {python.py:183} INFO - Done. Returned value was: {'first_name': 'Sai', 'last_name': 'Tr'}
[2023-05-25T06:50:18.489+0000] {taskinstance.py:1350} INFO - Marking task as SUCCESS. dag_id=dag_with_taskflow_api_v02, task_id=get_name, execution_date=20211210T000000, start_date=20230525T065016, end_date=20230525T065018
[2023-05-25T06:50:18.693+0000] {local_task_job_runner.py:225} INFO - Task exited with return code 0
[2023-05-25T06:50:18.995+0000] {taskinstance.py:2651} INFO - 0 downstream tasks scheduled from follow-on schedule check
[2023-05-25T10:20:23.957+0000] {taskinstance.py:1103} INFO - Dependencies all met for dep_context=non-requeueable deps ti=<TaskInstance: dag_with_taskflow_api_v02.get_name scheduled__2021-12-10T00:00:00+00:00 [queued]>
[2023-05-25T10:20:24.027+0000] {taskinstance.py:1103} INFO - Dependencies all met for dep_context=requeueable deps ti=<TaskInstance: dag_with_taskflow_api_v02.get_name scheduled__2021-12-10T00:00:00+00:00 [queued]>
[2023-05-25T10:20:24.027+0000] {taskinstance.py:1308} INFO - Starting attempt 1 of 6
[2023-05-25T10:20:24.101+0000] {taskinstance.py:1327} INFO - Executing <Task(_PythonDecoratedOperator): get_name> on 2021-12-10 00:00:00+00:00
[2023-05-25T10:20:24.115+0000] {standard_task_runner.py:57} INFO - Started process 1549 to run task
[2023-05-25T10:20:24.147+0000] {standard_task_runner.py:84} INFO - Running: ['***', 'tasks', 'run', 'dag_with_taskflow_api_v02', 'get_name', 'scheduled__2021-12-10T00:00:00+00:00', '--job-id', '129', '--raw', '--subdir', 'DAGS_FOLDER/first_dag.py', '--cfg-path', '/tmp/tmpo_juun9g']
[2023-05-25T10:20:24.150+0000] {standard_task_runner.py:85} INFO - Job 129: Subtask get_name
[2023-05-25T10:20:24.351+0000] {task_command.py:410} INFO - Running <TaskInstance: dag_with_taskflow_api_v02.get_name scheduled__2021-12-10T00:00:00+00:00 [running]> on host b1ae37a9584e
[2023-05-25T10:20:24.836+0000] {taskinstance.py:1547} INFO - Exporting env vars: AIRFLOW_CTX_DAG_OWNER='Sai' AIRFLOW_CTX_DAG_ID='dag_with_taskflow_api_v02' AIRFLOW_CTX_TASK_ID='get_name' AIRFLOW_CTX_EXECUTION_DATE='2021-12-10T00:00:00+00:00' AIRFLOW_CTX_TRY_NUMBER='1' AIRFLOW_CTX_DAG_RUN_ID='scheduled__2021-12-10T00:00:00+00:00'
[2023-05-25T10:20:24.838+0000] {python.py:183} INFO - Done. Returned value was: {'first_name': 'Sai', 'last_name': 'Tr'}
[2023-05-25T10:20:25.035+0000] {taskinstance.py:1350} INFO - Marking task as SUCCESS. dag_id=dag_with_taskflow_api_v02, task_id=get_name, execution_date=20211210T000000, start_date=20230525T102023, end_date=20230525T102025
[2023-05-25T10:20:25.126+0000] {local_task_job_runner.py:225} INFO - Task exited with return code 0
[2023-05-25T10:20:25.445+0000] {taskinstance.py:2651} INFO - 0 downstream tasks scheduled from follow-on schedule check
