[2023-05-24T15:30:42.415+0000] {taskinstance.py:1103} INFO - Dependencies all met for dep_context=non-requeueable deps ti=<TaskInstance: dag_with_taskflow_api_v02.get_age scheduled__2023-03-31T00:00:00+00:00 [queued]>
[2023-05-24T15:30:42.502+0000] {taskinstance.py:1103} INFO - Dependencies all met for dep_context=requeueable deps ti=<TaskInstance: dag_with_taskflow_api_v02.get_age scheduled__2023-03-31T00:00:00+00:00 [queued]>
[2023-05-24T15:30:42.502+0000] {taskinstance.py:1308} INFO - Starting attempt 1 of 6
[2023-05-24T15:30:43.188+0000] {taskinstance.py:1327} INFO - Executing <Task(_PythonDecoratedOperator): get_age> on 2023-03-31 00:00:00+00:00
[2023-05-24T15:30:43.194+0000] {standard_task_runner.py:57} INFO - Started process 3695 to run task
[2023-05-24T15:30:43.254+0000] {standard_task_runner.py:84} INFO - Running: ['***', 'tasks', 'run', 'dag_with_taskflow_api_v02', 'get_age', 'scheduled__2023-03-31T00:00:00+00:00', '--job-id', '1568', '--raw', '--subdir', 'DAGS_FOLDER/first_dag.py', '--cfg-path', '/tmp/tmpik9fn7bz']
[2023-05-24T15:30:43.257+0000] {standard_task_runner.py:85} INFO - Job 1568: Subtask get_age
[2023-05-24T15:30:43.714+0000] {task_command.py:410} INFO - Running <TaskInstance: dag_with_taskflow_api_v02.get_age scheduled__2023-03-31T00:00:00+00:00 [running]> on host 942de29f183d
[2023-05-24T15:30:44.717+0000] {taskinstance.py:1547} INFO - Exporting env vars: AIRFLOW_CTX_DAG_OWNER='Sai' AIRFLOW_CTX_DAG_ID='dag_with_taskflow_api_v02' AIRFLOW_CTX_TASK_ID='get_age' AIRFLOW_CTX_EXECUTION_DATE='2023-03-31T00:00:00+00:00' AIRFLOW_CTX_TRY_NUMBER='1' AIRFLOW_CTX_DAG_RUN_ID='scheduled__2023-03-31T00:00:00+00:00'
[2023-05-24T15:30:44.718+0000] {python.py:183} INFO - Done. Returned value was: 19
[2023-05-24T15:30:44.843+0000] {taskinstance.py:1350} INFO - Marking task as SUCCESS. dag_id=dag_with_taskflow_api_v02, task_id=get_age, execution_date=20230331T000000, start_date=20230524T153042, end_date=20230524T153044
[2023-05-24T15:30:45.002+0000] {local_task_job_runner.py:225} INFO - Task exited with return code 0
[2023-05-24T15:30:45.188+0000] {taskinstance.py:2651} INFO - 1 downstream tasks scheduled from follow-on schedule check
[2023-05-25T07:03:13.392+0000] {taskinstance.py:1103} INFO - Dependencies all met for dep_context=non-requeueable deps ti=<TaskInstance: dag_with_taskflow_api_v02.get_age scheduled__2023-03-31T00:00:00+00:00 [queued]>
[2023-05-25T07:03:13.438+0000] {taskinstance.py:1103} INFO - Dependencies all met for dep_context=requeueable deps ti=<TaskInstance: dag_with_taskflow_api_v02.get_age scheduled__2023-03-31T00:00:00+00:00 [queued]>
[2023-05-25T07:03:13.439+0000] {taskinstance.py:1308} INFO - Starting attempt 1 of 6
[2023-05-25T07:03:13.706+0000] {taskinstance.py:1327} INFO - Executing <Task(_PythonDecoratedOperator): get_age> on 2023-03-31 00:00:00+00:00
[2023-05-25T07:03:13.716+0000] {standard_task_runner.py:57} INFO - Started process 5203 to run task
[2023-05-25T07:03:13.761+0000] {standard_task_runner.py:84} INFO - Running: ['***', 'tasks', 'run', 'dag_with_taskflow_api_v02', 'get_age', 'scheduled__2023-03-31T00:00:00+00:00', '--job-id', '1568', '--raw', '--subdir', 'DAGS_FOLDER/first_dag.py', '--cfg-path', '/tmp/tmpkoxpkd03']
[2023-05-25T07:03:13.764+0000] {standard_task_runner.py:85} INFO - Job 1568: Subtask get_age
[2023-05-25T07:03:14.371+0000] {task_command.py:410} INFO - Running <TaskInstance: dag_with_taskflow_api_v02.get_age scheduled__2023-03-31T00:00:00+00:00 [running]> on host 6bd07c7477d9
[2023-05-25T07:03:15.200+0000] {taskinstance.py:1547} INFO - Exporting env vars: AIRFLOW_CTX_DAG_OWNER='Sai' AIRFLOW_CTX_DAG_ID='dag_with_taskflow_api_v02' AIRFLOW_CTX_TASK_ID='get_age' AIRFLOW_CTX_EXECUTION_DATE='2023-03-31T00:00:00+00:00' AIRFLOW_CTX_TRY_NUMBER='1' AIRFLOW_CTX_DAG_RUN_ID='scheduled__2023-03-31T00:00:00+00:00'
[2023-05-25T07:03:15.208+0000] {python.py:183} INFO - Done. Returned value was: 19
[2023-05-25T07:03:15.432+0000] {taskinstance.py:1350} INFO - Marking task as SUCCESS. dag_id=dag_with_taskflow_api_v02, task_id=get_age, execution_date=20230331T000000, start_date=20230525T070313, end_date=20230525T070315
[2023-05-25T07:03:15.844+0000] {local_task_job_runner.py:225} INFO - Task exited with return code 0
[2023-05-25T07:03:16.043+0000] {taskinstance.py:2651} INFO - 1 downstream tasks scheduled from follow-on schedule check
[2023-05-25T10:37:41.949+0000] {taskinstance.py:1103} INFO - Dependencies all met for dep_context=non-requeueable deps ti=<TaskInstance: dag_with_taskflow_api_v02.get_age scheduled__2023-03-31T00:00:00+00:00 [queued]>
[2023-05-25T10:37:41.970+0000] {taskinstance.py:1103} INFO - Dependencies all met for dep_context=requeueable deps ti=<TaskInstance: dag_with_taskflow_api_v02.get_age scheduled__2023-03-31T00:00:00+00:00 [queued]>
[2023-05-25T10:37:41.970+0000] {taskinstance.py:1308} INFO - Starting attempt 1 of 6
[2023-05-25T10:37:42.027+0000] {taskinstance.py:1327} INFO - Executing <Task(_PythonDecoratedOperator): get_age> on 2023-03-31 00:00:00+00:00
[2023-05-25T10:37:42.060+0000] {standard_task_runner.py:57} INFO - Started process 4852 to run task
[2023-05-25T10:37:42.100+0000] {standard_task_runner.py:84} INFO - Running: ['***', 'tasks', 'run', 'dag_with_taskflow_api_v02', 'get_age', 'scheduled__2023-03-31T00:00:00+00:00', '--job-id', '1577', '--raw', '--subdir', 'DAGS_FOLDER/first_dag.py', '--cfg-path', '/tmp/tmpjf4_ehy9']
[2023-05-25T10:37:42.119+0000] {standard_task_runner.py:85} INFO - Job 1577: Subtask get_age
[2023-05-25T10:37:42.743+0000] {task_command.py:410} INFO - Running <TaskInstance: dag_with_taskflow_api_v02.get_age scheduled__2023-03-31T00:00:00+00:00 [running]> on host b1ae37a9584e
[2023-05-25T10:37:43.400+0000] {taskinstance.py:1547} INFO - Exporting env vars: AIRFLOW_CTX_DAG_OWNER='Sai' AIRFLOW_CTX_DAG_ID='dag_with_taskflow_api_v02' AIRFLOW_CTX_TASK_ID='get_age' AIRFLOW_CTX_EXECUTION_DATE='2023-03-31T00:00:00+00:00' AIRFLOW_CTX_TRY_NUMBER='1' AIRFLOW_CTX_DAG_RUN_ID='scheduled__2023-03-31T00:00:00+00:00'
[2023-05-25T10:37:43.401+0000] {python.py:183} INFO - Done. Returned value was: 19
[2023-05-25T10:37:43.622+0000] {taskinstance.py:1350} INFO - Marking task as SUCCESS. dag_id=dag_with_taskflow_api_v02, task_id=get_age, execution_date=20230331T000000, start_date=20230525T103741, end_date=20230525T103743
[2023-05-25T10:37:43.841+0000] {local_task_job_runner.py:225} INFO - Task exited with return code 0
[2023-05-25T10:37:44.028+0000] {taskinstance.py:2651} INFO - 1 downstream tasks scheduled from follow-on schedule check
