[2023-05-24T15:27:39.648+0000] {taskinstance.py:1103} INFO - Dependencies all met for dep_context=non-requeueable deps ti=<TaskInstance: dag_with_taskflow_api_v02.get_age scheduled__2022-12-14T00:00:00+00:00 [queued]>
[2023-05-24T15:27:39.714+0000] {taskinstance.py:1103} INFO - Dependencies all met for dep_context=requeueable deps ti=<TaskInstance: dag_with_taskflow_api_v02.get_age scheduled__2022-12-14T00:00:00+00:00 [queued]>
[2023-05-24T15:27:39.715+0000] {taskinstance.py:1308} INFO - Starting attempt 1 of 6
[2023-05-24T15:27:39.839+0000] {taskinstance.py:1327} INFO - Executing <Task(_PythonDecoratedOperator): get_age> on 2022-12-14 00:00:00+00:00
[2023-05-24T15:27:39.870+0000] {standard_task_runner.py:57} INFO - Started process 2967 to run task
[2023-05-24T15:27:39.891+0000] {standard_task_runner.py:84} INFO - Running: ['***', 'tasks', 'run', 'dag_with_taskflow_api_v02', 'get_age', 'scheduled__2022-12-14T00:00:00+00:00', '--job-id', '1242', '--raw', '--subdir', 'DAGS_FOLDER/first_dag.py', '--cfg-path', '/tmp/tmpc1j037y0']
[2023-05-24T15:27:39.903+0000] {standard_task_runner.py:85} INFO - Job 1242: Subtask get_age
[2023-05-24T15:27:40.303+0000] {task_command.py:410} INFO - Running <TaskInstance: dag_with_taskflow_api_v02.get_age scheduled__2022-12-14T00:00:00+00:00 [running]> on host 942de29f183d
[2023-05-24T15:27:41.195+0000] {taskinstance.py:1547} INFO - Exporting env vars: AIRFLOW_CTX_DAG_OWNER='Sai' AIRFLOW_CTX_DAG_ID='dag_with_taskflow_api_v02' AIRFLOW_CTX_TASK_ID='get_age' AIRFLOW_CTX_EXECUTION_DATE='2022-12-14T00:00:00+00:00' AIRFLOW_CTX_TRY_NUMBER='1' AIRFLOW_CTX_DAG_RUN_ID='scheduled__2022-12-14T00:00:00+00:00'
[2023-05-24T15:27:41.196+0000] {python.py:183} INFO - Done. Returned value was: 19
[2023-05-24T15:27:41.328+0000] {taskinstance.py:1350} INFO - Marking task as SUCCESS. dag_id=dag_with_taskflow_api_v02, task_id=get_age, execution_date=20221214T000000, start_date=20230524T152739, end_date=20230524T152741
[2023-05-24T15:27:41.620+0000] {local_task_job_runner.py:225} INFO - Task exited with return code 0
[2023-05-24T15:27:41.818+0000] {taskinstance.py:2651} INFO - 1 downstream tasks scheduled from follow-on schedule check
[2023-05-25T07:00:19.983+0000] {taskinstance.py:1103} INFO - Dependencies all met for dep_context=non-requeueable deps ti=<TaskInstance: dag_with_taskflow_api_v02.get_age scheduled__2022-12-14T00:00:00+00:00 [queued]>
[2023-05-25T07:00:20.110+0000] {taskinstance.py:1103} INFO - Dependencies all met for dep_context=requeueable deps ti=<TaskInstance: dag_with_taskflow_api_v02.get_age scheduled__2022-12-14T00:00:00+00:00 [queued]>
[2023-05-25T07:00:20.122+0000] {taskinstance.py:1308} INFO - Starting attempt 1 of 6
[2023-05-25T07:00:20.242+0000] {taskinstance.py:1327} INFO - Executing <Task(_PythonDecoratedOperator): get_age> on 2022-12-14 00:00:00+00:00
[2023-05-25T07:00:20.286+0000] {standard_task_runner.py:57} INFO - Started process 4498 to run task
[2023-05-25T07:00:20.323+0000] {standard_task_runner.py:84} INFO - Running: ['***', 'tasks', 'run', 'dag_with_taskflow_api_v02', 'get_age', 'scheduled__2022-12-14T00:00:00+00:00', '--job-id', '1246', '--raw', '--subdir', 'DAGS_FOLDER/first_dag.py', '--cfg-path', '/tmp/tmpqzk7hwvf']
[2023-05-25T07:00:20.350+0000] {standard_task_runner.py:85} INFO - Job 1246: Subtask get_age
[2023-05-25T07:00:20.787+0000] {task_command.py:410} INFO - Running <TaskInstance: dag_with_taskflow_api_v02.get_age scheduled__2022-12-14T00:00:00+00:00 [running]> on host 6bd07c7477d9
[2023-05-25T07:00:21.666+0000] {taskinstance.py:1547} INFO - Exporting env vars: AIRFLOW_CTX_DAG_OWNER='Sai' AIRFLOW_CTX_DAG_ID='dag_with_taskflow_api_v02' AIRFLOW_CTX_TASK_ID='get_age' AIRFLOW_CTX_EXECUTION_DATE='2022-12-14T00:00:00+00:00' AIRFLOW_CTX_TRY_NUMBER='1' AIRFLOW_CTX_DAG_RUN_ID='scheduled__2022-12-14T00:00:00+00:00'
[2023-05-25T07:00:21.667+0000] {python.py:183} INFO - Done. Returned value was: 19
[2023-05-25T07:00:21.868+0000] {taskinstance.py:1350} INFO - Marking task as SUCCESS. dag_id=dag_with_taskflow_api_v02, task_id=get_age, execution_date=20221214T000000, start_date=20230525T070020, end_date=20230525T070021
[2023-05-25T07:00:22.215+0000] {local_task_job_runner.py:225} INFO - Task exited with return code 0
[2023-05-25T07:00:22.412+0000] {taskinstance.py:2651} INFO - 0 downstream tasks scheduled from follow-on schedule check
[2023-05-25T10:34:15.989+0000] {taskinstance.py:1103} INFO - Dependencies all met for dep_context=non-requeueable deps ti=<TaskInstance: dag_with_taskflow_api_v02.get_age scheduled__2022-12-14T00:00:00+00:00 [queued]>
[2023-05-25T10:34:16.210+0000] {taskinstance.py:1103} INFO - Dependencies all met for dep_context=requeueable deps ti=<TaskInstance: dag_with_taskflow_api_v02.get_age scheduled__2022-12-14T00:00:00+00:00 [queued]>
[2023-05-25T10:34:16.211+0000] {taskinstance.py:1308} INFO - Starting attempt 1 of 6
[2023-05-25T10:34:17.364+0000] {taskinstance.py:1327} INFO - Executing <Task(_PythonDecoratedOperator): get_age> on 2022-12-14 00:00:00+00:00
[2023-05-25T10:34:17.449+0000] {standard_task_runner.py:57} INFO - Started process 4128 to run task
[2023-05-25T10:34:17.494+0000] {standard_task_runner.py:84} INFO - Running: ['***', 'tasks', 'run', 'dag_with_taskflow_api_v02', 'get_age', 'scheduled__2022-12-14T00:00:00+00:00', '--job-id', '1251', '--raw', '--subdir', 'DAGS_FOLDER/first_dag.py', '--cfg-path', '/tmp/tmp_6koq_cd']
[2023-05-25T10:34:17.521+0000] {standard_task_runner.py:85} INFO - Job 1251: Subtask get_age
[2023-05-25T10:34:17.975+0000] {task_command.py:410} INFO - Running <TaskInstance: dag_with_taskflow_api_v02.get_age scheduled__2022-12-14T00:00:00+00:00 [running]> on host b1ae37a9584e
[2023-05-25T10:34:19.104+0000] {taskinstance.py:1547} INFO - Exporting env vars: AIRFLOW_CTX_DAG_OWNER='Sai' AIRFLOW_CTX_DAG_ID='dag_with_taskflow_api_v02' AIRFLOW_CTX_TASK_ID='get_age' AIRFLOW_CTX_EXECUTION_DATE='2022-12-14T00:00:00+00:00' AIRFLOW_CTX_TRY_NUMBER='1' AIRFLOW_CTX_DAG_RUN_ID='scheduled__2022-12-14T00:00:00+00:00'
[2023-05-25T10:34:19.105+0000] {python.py:183} INFO - Done. Returned value was: 19
[2023-05-25T10:34:19.400+0000] {taskinstance.py:1350} INFO - Marking task as SUCCESS. dag_id=dag_with_taskflow_api_v02, task_id=get_age, execution_date=20221214T000000, start_date=20230525T103416, end_date=20230525T103419
[2023-05-25T10:34:19.509+0000] {local_task_job_runner.py:225} INFO - Task exited with return code 0
[2023-05-25T10:34:19.981+0000] {taskinstance.py:2651} INFO - 1 downstream tasks scheduled from follow-on schedule check
