[2023-05-24T15:22:40.560+0000] {taskinstance.py:1103} INFO - Dependencies all met for dep_context=non-requeueable deps ti=<TaskInstance: dag_with_taskflow_api_v02.greet scheduled__2022-06-11T00:00:00+00:00 [queued]>
[2023-05-24T15:22:40.633+0000] {taskinstance.py:1103} INFO - Dependencies all met for dep_context=requeueable deps ti=<TaskInstance: dag_with_taskflow_api_v02.greet scheduled__2022-06-11T00:00:00+00:00 [queued]>
[2023-05-24T15:22:40.634+0000] {taskinstance.py:1308} INFO - Starting attempt 1 of 6
[2023-05-24T15:22:40.770+0000] {taskinstance.py:1327} INFO - Executing <Task(_PythonDecoratedOperator): greet> on 2022-06-11 00:00:00+00:00
[2023-05-24T15:22:40.784+0000] {standard_task_runner.py:57} INFO - Started process 1792 to run task
[2023-05-24T15:22:40.832+0000] {standard_task_runner.py:84} INFO - Running: ['***', 'tasks', 'run', 'dag_with_taskflow_api_v02', 'greet', 'scheduled__2022-06-11T00:00:00+00:00', '--job-id', '710', '--raw', '--subdir', 'DAGS_FOLDER/first_dag.py', '--cfg-path', '/tmp/tmp2kt8v_6m']
[2023-05-24T15:22:40.835+0000] {standard_task_runner.py:85} INFO - Job 710: Subtask greet
[2023-05-24T15:22:41.287+0000] {task_command.py:410} INFO - Running <TaskInstance: dag_with_taskflow_api_v02.greet scheduled__2022-06-11T00:00:00+00:00 [running]> on host 942de29f183d
[2023-05-24T15:22:42.169+0000] {taskinstance.py:1547} INFO - Exporting env vars: AIRFLOW_CTX_DAG_OWNER='Sai' AIRFLOW_CTX_DAG_ID='dag_with_taskflow_api_v02' AIRFLOW_CTX_TASK_ID='greet' AIRFLOW_CTX_EXECUTION_DATE='2022-06-11T00:00:00+00:00' AIRFLOW_CTX_TRY_NUMBER='1' AIRFLOW_CTX_DAG_RUN_ID='scheduled__2022-06-11T00:00:00+00:00'
[2023-05-24T15:22:42.184+0000] {logging_mixin.py:149} INFO - Hello World! My name is Sai Tr and I am 19 years old!
[2023-05-24T15:22:42.184+0000] {python.py:183} INFO - Done. Returned value was: None
[2023-05-24T15:22:42.223+0000] {taskinstance.py:1350} INFO - Marking task as SUCCESS. dag_id=dag_with_taskflow_api_v02, task_id=greet, execution_date=20220611T000000, start_date=20230524T152240, end_date=20230524T152242
[2023-05-24T15:22:42.323+0000] {local_task_job_runner.py:225} INFO - Task exited with return code 0
[2023-05-24T15:22:42.479+0000] {taskinstance.py:2651} INFO - 0 downstream tasks scheduled from follow-on schedule check
[2023-05-25T06:55:13.984+0000] {taskinstance.py:1103} INFO - Dependencies all met for dep_context=non-requeueable deps ti=<TaskInstance: dag_with_taskflow_api_v02.greet scheduled__2022-06-11T00:00:00+00:00 [queued]>
[2023-05-25T06:55:14.053+0000] {taskinstance.py:1103} INFO - Dependencies all met for dep_context=requeueable deps ti=<TaskInstance: dag_with_taskflow_api_v02.greet scheduled__2022-06-11T00:00:00+00:00 [queued]>
[2023-05-25T06:55:14.055+0000] {taskinstance.py:1308} INFO - Starting attempt 1 of 6
[2023-05-25T06:55:14.215+0000] {taskinstance.py:1327} INFO - Executing <Task(_PythonDecoratedOperator): greet> on 2022-06-11 00:00:00+00:00
[2023-05-25T06:55:14.249+0000] {standard_task_runner.py:57} INFO - Started process 3279 to run task
[2023-05-25T06:55:14.260+0000] {standard_task_runner.py:84} INFO - Running: ['***', 'tasks', 'run', 'dag_with_taskflow_api_v02', 'greet', 'scheduled__2022-06-11T00:00:00+00:00', '--job-id', '695', '--raw', '--subdir', 'DAGS_FOLDER/first_dag.py', '--cfg-path', '/tmp/tmpjup_40yu']
[2023-05-25T06:55:14.264+0000] {standard_task_runner.py:85} INFO - Job 695: Subtask greet
[2023-05-25T06:55:14.519+0000] {task_command.py:410} INFO - Running <TaskInstance: dag_with_taskflow_api_v02.greet scheduled__2022-06-11T00:00:00+00:00 [running]> on host 6bd07c7477d9
[2023-05-25T06:55:15.234+0000] {taskinstance.py:1547} INFO - Exporting env vars: AIRFLOW_CTX_DAG_OWNER='Sai' AIRFLOW_CTX_DAG_ID='dag_with_taskflow_api_v02' AIRFLOW_CTX_TASK_ID='greet' AIRFLOW_CTX_EXECUTION_DATE='2022-06-11T00:00:00+00:00' AIRFLOW_CTX_TRY_NUMBER='1' AIRFLOW_CTX_DAG_RUN_ID='scheduled__2022-06-11T00:00:00+00:00'
[2023-05-25T06:55:15.235+0000] {logging_mixin.py:149} INFO - Hello World! My name is Sai Tr and I am 19 years old!
[2023-05-25T06:55:15.236+0000] {python.py:183} INFO - Done. Returned value was: None
[2023-05-25T06:55:15.285+0000] {taskinstance.py:1350} INFO - Marking task as SUCCESS. dag_id=dag_with_taskflow_api_v02, task_id=greet, execution_date=20220611T000000, start_date=20230525T065513, end_date=20230525T065515
[2023-05-25T06:55:15.342+0000] {local_task_job_runner.py:225} INFO - Task exited with return code 0
[2023-05-25T06:55:15.469+0000] {taskinstance.py:2651} INFO - 0 downstream tasks scheduled from follow-on schedule check
[2023-05-25T10:26:48.791+0000] {taskinstance.py:1103} INFO - Dependencies all met for dep_context=non-requeueable deps ti=<TaskInstance: dag_with_taskflow_api_v02.greet scheduled__2022-06-11T00:00:00+00:00 [queued]>
[2023-05-25T10:26:48.880+0000] {taskinstance.py:1103} INFO - Dependencies all met for dep_context=requeueable deps ti=<TaskInstance: dag_with_taskflow_api_v02.greet scheduled__2022-06-11T00:00:00+00:00 [queued]>
[2023-05-25T10:26:48.894+0000] {taskinstance.py:1308} INFO - Starting attempt 1 of 6
[2023-05-25T10:26:49.018+0000] {taskinstance.py:1327} INFO - Executing <Task(_PythonDecoratedOperator): greet> on 2022-06-11 00:00:00+00:00
[2023-05-25T10:26:49.025+0000] {standard_task_runner.py:57} INFO - Started process 2882 to run task
[2023-05-25T10:26:49.051+0000] {standard_task_runner.py:84} INFO - Running: ['***', 'tasks', 'run', 'dag_with_taskflow_api_v02', 'greet', 'scheduled__2022-06-11T00:00:00+00:00', '--job-id', '719', '--raw', '--subdir', 'DAGS_FOLDER/first_dag.py', '--cfg-path', '/tmp/tmpwtki4uu6']
[2023-05-25T10:26:49.084+0000] {standard_task_runner.py:85} INFO - Job 719: Subtask greet
[2023-05-25T10:26:49.449+0000] {task_command.py:410} INFO - Running <TaskInstance: dag_with_taskflow_api_v02.greet scheduled__2022-06-11T00:00:00+00:00 [running]> on host b1ae37a9584e
[2023-05-25T10:26:49.816+0000] {taskinstance.py:1547} INFO - Exporting env vars: AIRFLOW_CTX_DAG_OWNER='Sai' AIRFLOW_CTX_DAG_ID='dag_with_taskflow_api_v02' AIRFLOW_CTX_TASK_ID='greet' AIRFLOW_CTX_EXECUTION_DATE='2022-06-11T00:00:00+00:00' AIRFLOW_CTX_TRY_NUMBER='1' AIRFLOW_CTX_DAG_RUN_ID='scheduled__2022-06-11T00:00:00+00:00'
[2023-05-25T10:26:49.818+0000] {logging_mixin.py:149} INFO - Hello World! My name is Sai Tr and I am 19 years old!
[2023-05-25T10:26:49.818+0000] {python.py:183} INFO - Done. Returned value was: None
[2023-05-25T10:26:49.880+0000] {taskinstance.py:1350} INFO - Marking task as SUCCESS. dag_id=dag_with_taskflow_api_v02, task_id=greet, execution_date=20220611T000000, start_date=20230525T102648, end_date=20230525T102649
[2023-05-25T10:26:50.011+0000] {local_task_job_runner.py:225} INFO - Task exited with return code 0
[2023-05-25T10:26:50.087+0000] {taskinstance.py:2651} INFO - 0 downstream tasks scheduled from follow-on schedule check
