[2023-05-24T15:22:33.241+0000] {taskinstance.py:1103} INFO - Dependencies all met for dep_context=non-requeueable deps ti=<TaskInstance: dag_with_taskflow_api_v02.get_age scheduled__2022-06-15T00:00:00+00:00 [queued]>
[2023-05-24T15:22:33.378+0000] {taskinstance.py:1103} INFO - Dependencies all met for dep_context=requeueable deps ti=<TaskInstance: dag_with_taskflow_api_v02.get_age scheduled__2022-06-15T00:00:00+00:00 [queued]>
[2023-05-24T15:22:33.379+0000] {taskinstance.py:1308} INFO - Starting attempt 1 of 6
[2023-05-24T15:22:33.585+0000] {taskinstance.py:1327} INFO - Executing <Task(_PythonDecoratedOperator): get_age> on 2022-06-15 00:00:00+00:00
[2023-05-24T15:22:33.599+0000] {standard_task_runner.py:57} INFO - Started process 1756 to run task
[2023-05-24T15:22:33.656+0000] {standard_task_runner.py:84} INFO - Running: ['***', 'tasks', 'run', 'dag_with_taskflow_api_v02', 'get_age', 'scheduled__2022-06-15T00:00:00+00:00', '--job-id', '697', '--raw', '--subdir', 'DAGS_FOLDER/first_dag.py', '--cfg-path', '/tmp/tmpq4x47h74']
[2023-05-24T15:22:33.715+0000] {standard_task_runner.py:85} INFO - Job 697: Subtask get_age
[2023-05-24T15:22:34.126+0000] {task_command.py:410} INFO - Running <TaskInstance: dag_with_taskflow_api_v02.get_age scheduled__2022-06-15T00:00:00+00:00 [running]> on host 942de29f183d
[2023-05-24T15:22:34.945+0000] {taskinstance.py:1547} INFO - Exporting env vars: AIRFLOW_CTX_DAG_OWNER='Sai' AIRFLOW_CTX_DAG_ID='dag_with_taskflow_api_v02' AIRFLOW_CTX_TASK_ID='get_age' AIRFLOW_CTX_EXECUTION_DATE='2022-06-15T00:00:00+00:00' AIRFLOW_CTX_TRY_NUMBER='1' AIRFLOW_CTX_DAG_RUN_ID='scheduled__2022-06-15T00:00:00+00:00'
[2023-05-24T15:22:34.946+0000] {python.py:183} INFO - Done. Returned value was: 19
[2023-05-24T15:22:35.096+0000] {taskinstance.py:1350} INFO - Marking task as SUCCESS. dag_id=dag_with_taskflow_api_v02, task_id=get_age, execution_date=20220615T000000, start_date=20230524T152233, end_date=20230524T152235
[2023-05-24T15:22:35.236+0000] {local_task_job_runner.py:225} INFO - Task exited with return code 0
[2023-05-24T15:22:36.127+0000] {taskinstance.py:2651} INFO - 0 downstream tasks scheduled from follow-on schedule check
[2023-05-25T06:55:16.955+0000] {taskinstance.py:1103} INFO - Dependencies all met for dep_context=non-requeueable deps ti=<TaskInstance: dag_with_taskflow_api_v02.get_age scheduled__2022-06-15T00:00:00+00:00 [queued]>
[2023-05-25T06:55:16.988+0000] {taskinstance.py:1103} INFO - Dependencies all met for dep_context=requeueable deps ti=<TaskInstance: dag_with_taskflow_api_v02.get_age scheduled__2022-06-15T00:00:00+00:00 [queued]>
[2023-05-25T06:55:16.988+0000] {taskinstance.py:1308} INFO - Starting attempt 1 of 6
[2023-05-25T06:55:17.020+0000] {taskinstance.py:1327} INFO - Executing <Task(_PythonDecoratedOperator): get_age> on 2022-06-15 00:00:00+00:00
[2023-05-25T06:55:17.032+0000] {standard_task_runner.py:57} INFO - Started process 3287 to run task
[2023-05-25T06:55:17.044+0000] {standard_task_runner.py:84} INFO - Running: ['***', 'tasks', 'run', 'dag_with_taskflow_api_v02', 'get_age', 'scheduled__2022-06-15T00:00:00+00:00', '--job-id', '701', '--raw', '--subdir', 'DAGS_FOLDER/first_dag.py', '--cfg-path', '/tmp/tmp0i83szw8']
[2023-05-25T06:55:17.047+0000] {standard_task_runner.py:85} INFO - Job 701: Subtask get_age
[2023-05-25T06:55:17.244+0000] {task_command.py:410} INFO - Running <TaskInstance: dag_with_taskflow_api_v02.get_age scheduled__2022-06-15T00:00:00+00:00 [running]> on host 6bd07c7477d9
[2023-05-25T06:55:17.598+0000] {taskinstance.py:1547} INFO - Exporting env vars: AIRFLOW_CTX_DAG_OWNER='Sai' AIRFLOW_CTX_DAG_ID='dag_with_taskflow_api_v02' AIRFLOW_CTX_TASK_ID='get_age' AIRFLOW_CTX_EXECUTION_DATE='2022-06-15T00:00:00+00:00' AIRFLOW_CTX_TRY_NUMBER='1' AIRFLOW_CTX_DAG_RUN_ID='scheduled__2022-06-15T00:00:00+00:00'
[2023-05-25T06:55:17.600+0000] {python.py:183} INFO - Done. Returned value was: 19
[2023-05-25T06:55:17.674+0000] {taskinstance.py:1350} INFO - Marking task as SUCCESS. dag_id=dag_with_taskflow_api_v02, task_id=get_age, execution_date=20220615T000000, start_date=20230525T065516, end_date=20230525T065517
[2023-05-25T06:55:17.747+0000] {local_task_job_runner.py:225} INFO - Task exited with return code 0
[2023-05-25T06:55:17.813+0000] {taskinstance.py:2651} INFO - 1 downstream tasks scheduled from follow-on schedule check
[2023-05-25T10:26:45.449+0000] {taskinstance.py:1103} INFO - Dependencies all met for dep_context=non-requeueable deps ti=<TaskInstance: dag_with_taskflow_api_v02.get_age scheduled__2022-06-15T00:00:00+00:00 [queued]>
[2023-05-25T10:26:45.521+0000] {taskinstance.py:1103} INFO - Dependencies all met for dep_context=requeueable deps ti=<TaskInstance: dag_with_taskflow_api_v02.get_age scheduled__2022-06-15T00:00:00+00:00 [queued]>
[2023-05-25T10:26:45.539+0000] {taskinstance.py:1308} INFO - Starting attempt 1 of 6
[2023-05-25T10:26:45.598+0000] {taskinstance.py:1327} INFO - Executing <Task(_PythonDecoratedOperator): get_age> on 2022-06-15 00:00:00+00:00
[2023-05-25T10:26:45.609+0000] {standard_task_runner.py:57} INFO - Started process 2873 to run task
[2023-05-25T10:26:45.655+0000] {standard_task_runner.py:84} INFO - Running: ['***', 'tasks', 'run', 'dag_with_taskflow_api_v02', 'get_age', 'scheduled__2022-06-15T00:00:00+00:00', '--job-id', '710', '--raw', '--subdir', 'DAGS_FOLDER/first_dag.py', '--cfg-path', '/tmp/tmpowz90zi5']
[2023-05-25T10:26:45.717+0000] {standard_task_runner.py:85} INFO - Job 710: Subtask get_age
[2023-05-25T10:26:46.246+0000] {task_command.py:410} INFO - Running <TaskInstance: dag_with_taskflow_api_v02.get_age scheduled__2022-06-15T00:00:00+00:00 [running]> on host b1ae37a9584e
[2023-05-25T10:26:47.216+0000] {taskinstance.py:1547} INFO - Exporting env vars: AIRFLOW_CTX_DAG_OWNER='Sai' AIRFLOW_CTX_DAG_ID='dag_with_taskflow_api_v02' AIRFLOW_CTX_TASK_ID='get_age' AIRFLOW_CTX_EXECUTION_DATE='2022-06-15T00:00:00+00:00' AIRFLOW_CTX_TRY_NUMBER='1' AIRFLOW_CTX_DAG_RUN_ID='scheduled__2022-06-15T00:00:00+00:00'
[2023-05-25T10:26:47.218+0000] {python.py:183} INFO - Done. Returned value was: 19
[2023-05-25T10:26:47.528+0000] {taskinstance.py:1350} INFO - Marking task as SUCCESS. dag_id=dag_with_taskflow_api_v02, task_id=get_age, execution_date=20220615T000000, start_date=20230525T102645, end_date=20230525T102647
[2023-05-25T10:26:48.220+0000] {local_task_job_runner.py:225} INFO - Task exited with return code 0
[2023-05-25T10:26:48.587+0000] {taskinstance.py:2651} INFO - 0 downstream tasks scheduled from follow-on schedule check
