[2023-05-24T15:26:49.521+0000] {taskinstance.py:1103} INFO - Dependencies all met for dep_context=non-requeueable deps ti=<TaskInstance: dag_with_taskflow_api_v02.greet scheduled__2022-11-05T00:00:00+00:00 [queued]>
[2023-05-24T15:26:49.586+0000] {taskinstance.py:1103} INFO - Dependencies all met for dep_context=requeueable deps ti=<TaskInstance: dag_with_taskflow_api_v02.greet scheduled__2022-11-05T00:00:00+00:00 [queued]>
[2023-05-24T15:26:49.587+0000] {taskinstance.py:1308} INFO - Starting attempt 1 of 6
[2023-05-24T15:26:50.033+0000] {taskinstance.py:1327} INFO - Executing <Task(_PythonDecoratedOperator): greet> on 2022-11-05 00:00:00+00:00
[2023-05-24T15:26:50.049+0000] {standard_task_runner.py:57} INFO - Started process 2760 to run task
[2023-05-24T15:26:50.075+0000] {standard_task_runner.py:84} INFO - Running: ['***', 'tasks', 'run', 'dag_with_taskflow_api_v02', 'greet', 'scheduled__2022-11-05T00:00:00+00:00', '--job-id', '1148', '--raw', '--subdir', 'DAGS_FOLDER/first_dag.py', '--cfg-path', '/tmp/tmpinp32mpp']
[2023-05-24T15:26:50.100+0000] {standard_task_runner.py:85} INFO - Job 1148: Subtask greet
[2023-05-24T15:26:50.572+0000] {task_command.py:410} INFO - Running <TaskInstance: dag_with_taskflow_api_v02.greet scheduled__2022-11-05T00:00:00+00:00 [running]> on host 942de29f183d
[2023-05-24T15:26:51.582+0000] {taskinstance.py:1547} INFO - Exporting env vars: AIRFLOW_CTX_DAG_OWNER='Sai' AIRFLOW_CTX_DAG_ID='dag_with_taskflow_api_v02' AIRFLOW_CTX_TASK_ID='greet' AIRFLOW_CTX_EXECUTION_DATE='2022-11-05T00:00:00+00:00' AIRFLOW_CTX_TRY_NUMBER='1' AIRFLOW_CTX_DAG_RUN_ID='scheduled__2022-11-05T00:00:00+00:00'
[2023-05-24T15:26:51.583+0000] {logging_mixin.py:149} INFO - Hello World! My name is Sai Tr and I am 19 years old!
[2023-05-24T15:26:51.583+0000] {python.py:183} INFO - Done. Returned value was: None
[2023-05-24T15:26:51.649+0000] {taskinstance.py:1350} INFO - Marking task as SUCCESS. dag_id=dag_with_taskflow_api_v02, task_id=greet, execution_date=20221105T000000, start_date=20230524T152649, end_date=20230524T152651
[2023-05-24T15:26:51.806+0000] {local_task_job_runner.py:225} INFO - Task exited with return code 0
[2023-05-24T15:26:51.940+0000] {taskinstance.py:2651} INFO - 0 downstream tasks scheduled from follow-on schedule check
[2023-05-25T06:59:24.240+0000] {taskinstance.py:1103} INFO - Dependencies all met for dep_context=non-requeueable deps ti=<TaskInstance: dag_with_taskflow_api_v02.greet scheduled__2022-11-05T00:00:00+00:00 [queued]>
[2023-05-25T06:59:24.304+0000] {taskinstance.py:1103} INFO - Dependencies all met for dep_context=requeueable deps ti=<TaskInstance: dag_with_taskflow_api_v02.greet scheduled__2022-11-05T00:00:00+00:00 [queued]>
[2023-05-25T06:59:24.305+0000] {taskinstance.py:1308} INFO - Starting attempt 1 of 6
[2023-05-25T06:59:24.412+0000] {taskinstance.py:1327} INFO - Executing <Task(_PythonDecoratedOperator): greet> on 2022-11-05 00:00:00+00:00
[2023-05-25T06:59:24.427+0000] {standard_task_runner.py:57} INFO - Started process 4282 to run task
[2023-05-25T06:59:24.455+0000] {standard_task_runner.py:84} INFO - Running: ['***', 'tasks', 'run', 'dag_with_taskflow_api_v02', 'greet', 'scheduled__2022-11-05T00:00:00+00:00', '--job-id', '1149', '--raw', '--subdir', 'DAGS_FOLDER/first_dag.py', '--cfg-path', '/tmp/tmp562rk9gt']
[2023-05-25T06:59:24.466+0000] {standard_task_runner.py:85} INFO - Job 1149: Subtask greet
[2023-05-25T06:59:24.743+0000] {task_command.py:410} INFO - Running <TaskInstance: dag_with_taskflow_api_v02.greet scheduled__2022-11-05T00:00:00+00:00 [running]> on host 6bd07c7477d9
[2023-05-25T06:59:25.806+0000] {taskinstance.py:1547} INFO - Exporting env vars: AIRFLOW_CTX_DAG_OWNER='Sai' AIRFLOW_CTX_DAG_ID='dag_with_taskflow_api_v02' AIRFLOW_CTX_TASK_ID='greet' AIRFLOW_CTX_EXECUTION_DATE='2022-11-05T00:00:00+00:00' AIRFLOW_CTX_TRY_NUMBER='1' AIRFLOW_CTX_DAG_RUN_ID='scheduled__2022-11-05T00:00:00+00:00'
[2023-05-25T06:59:25.807+0000] {logging_mixin.py:149} INFO - Hello World! My name is Sai Tr and I am 19 years old!
[2023-05-25T06:59:25.808+0000] {python.py:183} INFO - Done. Returned value was: None
[2023-05-25T06:59:25.860+0000] {taskinstance.py:1350} INFO - Marking task as SUCCESS. dag_id=dag_with_taskflow_api_v02, task_id=greet, execution_date=20221105T000000, start_date=20230525T065924, end_date=20230525T065925
[2023-05-25T06:59:25.977+0000] {local_task_job_runner.py:225} INFO - Task exited with return code 0
[2023-05-25T06:59:26.132+0000] {taskinstance.py:2651} INFO - 0 downstream tasks scheduled from follow-on schedule check
[2023-05-25T10:33:03.493+0000] {taskinstance.py:1103} INFO - Dependencies all met for dep_context=non-requeueable deps ti=<TaskInstance: dag_with_taskflow_api_v02.greet scheduled__2022-11-05T00:00:00+00:00 [queued]>
[2023-05-25T10:33:03.579+0000] {taskinstance.py:1103} INFO - Dependencies all met for dep_context=requeueable deps ti=<TaskInstance: dag_with_taskflow_api_v02.greet scheduled__2022-11-05T00:00:00+00:00 [queued]>
[2023-05-25T10:33:03.579+0000] {taskinstance.py:1308} INFO - Starting attempt 1 of 6
[2023-05-25T10:33:03.740+0000] {taskinstance.py:1327} INFO - Executing <Task(_PythonDecoratedOperator): greet> on 2022-11-05 00:00:00+00:00
[2023-05-25T10:33:03.784+0000] {standard_task_runner.py:57} INFO - Started process 3903 to run task
[2023-05-25T10:33:03.866+0000] {standard_task_runner.py:84} INFO - Running: ['***', 'tasks', 'run', 'dag_with_taskflow_api_v02', 'greet', 'scheduled__2022-11-05T00:00:00+00:00', '--job-id', '1157', '--raw', '--subdir', 'DAGS_FOLDER/first_dag.py', '--cfg-path', '/tmp/tmp3g7bcxcr']
[2023-05-25T10:33:03.902+0000] {standard_task_runner.py:85} INFO - Job 1157: Subtask greet
[2023-05-25T10:33:04.274+0000] {task_command.py:410} INFO - Running <TaskInstance: dag_with_taskflow_api_v02.greet scheduled__2022-11-05T00:00:00+00:00 [running]> on host b1ae37a9584e
[2023-05-25T10:33:05.316+0000] {taskinstance.py:1547} INFO - Exporting env vars: AIRFLOW_CTX_DAG_OWNER='Sai' AIRFLOW_CTX_DAG_ID='dag_with_taskflow_api_v02' AIRFLOW_CTX_TASK_ID='greet' AIRFLOW_CTX_EXECUTION_DATE='2022-11-05T00:00:00+00:00' AIRFLOW_CTX_TRY_NUMBER='1' AIRFLOW_CTX_DAG_RUN_ID='scheduled__2022-11-05T00:00:00+00:00'
[2023-05-25T10:33:05.320+0000] {logging_mixin.py:149} INFO - Hello World! My name is Sai Tr and I am 19 years old!
[2023-05-25T10:33:05.321+0000] {python.py:183} INFO - Done. Returned value was: None
[2023-05-25T10:33:05.423+0000] {taskinstance.py:1350} INFO - Marking task as SUCCESS. dag_id=dag_with_taskflow_api_v02, task_id=greet, execution_date=20221105T000000, start_date=20230525T103303, end_date=20230525T103305
[2023-05-25T10:33:05.586+0000] {local_task_job_runner.py:225} INFO - Task exited with return code 0
[2023-05-25T10:33:05.727+0000] {taskinstance.py:2651} INFO - 0 downstream tasks scheduled from follow-on schedule check
