[2023-05-24T15:27:15.309+0000] {taskinstance.py:1103} INFO - Dependencies all met for dep_context=non-requeueable deps ti=<TaskInstance: dag_with_taskflow_api_v02.get_name scheduled__2022-11-30T00:00:00+00:00 [queued]>
[2023-05-24T15:27:15.410+0000] {taskinstance.py:1103} INFO - Dependencies all met for dep_context=requeueable deps ti=<TaskInstance: dag_with_taskflow_api_v02.get_name scheduled__2022-11-30T00:00:00+00:00 [queued]>
[2023-05-24T15:27:15.410+0000] {taskinstance.py:1308} INFO - Starting attempt 1 of 6
[2023-05-24T15:27:16.498+0000] {taskinstance.py:1327} INFO - Executing <Task(_PythonDecoratedOperator): get_name> on 2022-11-30 00:00:00+00:00
[2023-05-24T15:27:16.516+0000] {standard_task_runner.py:57} INFO - Started process 2868 to run task
[2023-05-24T15:27:16.555+0000] {standard_task_runner.py:84} INFO - Running: ['***', 'tasks', 'run', 'dag_with_taskflow_api_v02', 'get_name', 'scheduled__2022-11-30T00:00:00+00:00', '--job-id', '1197', '--raw', '--subdir', 'DAGS_FOLDER/first_dag.py', '--cfg-path', '/tmp/tmpltgqc4zy']
[2023-05-24T15:27:16.582+0000] {standard_task_runner.py:85} INFO - Job 1197: Subtask get_name
[2023-05-24T15:27:16.986+0000] {task_command.py:410} INFO - Running <TaskInstance: dag_with_taskflow_api_v02.get_name scheduled__2022-11-30T00:00:00+00:00 [running]> on host 942de29f183d
[2023-05-24T15:27:17.929+0000] {taskinstance.py:1547} INFO - Exporting env vars: AIRFLOW_CTX_DAG_OWNER='Sai' AIRFLOW_CTX_DAG_ID='dag_with_taskflow_api_v02' AIRFLOW_CTX_TASK_ID='get_name' AIRFLOW_CTX_EXECUTION_DATE='2022-11-30T00:00:00+00:00' AIRFLOW_CTX_TRY_NUMBER='1' AIRFLOW_CTX_DAG_RUN_ID='scheduled__2022-11-30T00:00:00+00:00'
[2023-05-24T15:27:17.930+0000] {python.py:183} INFO - Done. Returned value was: {'first_name': 'Sai', 'last_name': 'Tr'}
[2023-05-24T15:27:18.230+0000] {taskinstance.py:1350} INFO - Marking task as SUCCESS. dag_id=dag_with_taskflow_api_v02, task_id=get_name, execution_date=20221130T000000, start_date=20230524T152715, end_date=20230524T152718
[2023-05-24T15:27:18.395+0000] {local_task_job_runner.py:225} INFO - Task exited with return code 0
[2023-05-24T15:27:18.676+0000] {taskinstance.py:2651} INFO - 1 downstream tasks scheduled from follow-on schedule check
[2023-05-25T06:59:53.457+0000] {taskinstance.py:1103} INFO - Dependencies all met for dep_context=non-requeueable deps ti=<TaskInstance: dag_with_taskflow_api_v02.get_name scheduled__2022-11-30T00:00:00+00:00 [queued]>
[2023-05-25T06:59:53.527+0000] {taskinstance.py:1103} INFO - Dependencies all met for dep_context=requeueable deps ti=<TaskInstance: dag_with_taskflow_api_v02.get_name scheduled__2022-11-30T00:00:00+00:00 [queued]>
[2023-05-25T06:59:53.527+0000] {taskinstance.py:1308} INFO - Starting attempt 1 of 6
[2023-05-25T06:59:53.619+0000] {taskinstance.py:1327} INFO - Executing <Task(_PythonDecoratedOperator): get_name> on 2022-11-30 00:00:00+00:00
[2023-05-25T06:59:53.640+0000] {standard_task_runner.py:57} INFO - Started process 4397 to run task
[2023-05-25T06:59:53.682+0000] {standard_task_runner.py:84} INFO - Running: ['***', 'tasks', 'run', 'dag_with_taskflow_api_v02', 'get_name', 'scheduled__2022-11-30T00:00:00+00:00', '--job-id', '1203', '--raw', '--subdir', 'DAGS_FOLDER/first_dag.py', '--cfg-path', '/tmp/tmpq1igu14f']
[2023-05-25T06:59:53.685+0000] {standard_task_runner.py:85} INFO - Job 1203: Subtask get_name
[2023-05-25T06:59:53.891+0000] {task_command.py:410} INFO - Running <TaskInstance: dag_with_taskflow_api_v02.get_name scheduled__2022-11-30T00:00:00+00:00 [running]> on host 6bd07c7477d9
[2023-05-25T06:59:54.504+0000] {taskinstance.py:1547} INFO - Exporting env vars: AIRFLOW_CTX_DAG_OWNER='Sai' AIRFLOW_CTX_DAG_ID='dag_with_taskflow_api_v02' AIRFLOW_CTX_TASK_ID='get_name' AIRFLOW_CTX_EXECUTION_DATE='2022-11-30T00:00:00+00:00' AIRFLOW_CTX_TRY_NUMBER='1' AIRFLOW_CTX_DAG_RUN_ID='scheduled__2022-11-30T00:00:00+00:00'
[2023-05-25T06:59:54.505+0000] {python.py:183} INFO - Done. Returned value was: {'first_name': 'Sai', 'last_name': 'Tr'}
[2023-05-25T06:59:54.699+0000] {taskinstance.py:1350} INFO - Marking task as SUCCESS. dag_id=dag_with_taskflow_api_v02, task_id=get_name, execution_date=20221130T000000, start_date=20230525T065953, end_date=20230525T065954
[2023-05-25T06:59:54.849+0000] {local_task_job_runner.py:225} INFO - Task exited with return code 0
[2023-05-25T06:59:54.965+0000] {taskinstance.py:2651} INFO - 1 downstream tasks scheduled from follow-on schedule check
[2023-05-25T10:33:40.862+0000] {taskinstance.py:1103} INFO - Dependencies all met for dep_context=non-requeueable deps ti=<TaskInstance: dag_with_taskflow_api_v02.get_name scheduled__2022-11-30T00:00:00+00:00 [queued]>
[2023-05-25T10:33:40.951+0000] {taskinstance.py:1103} INFO - Dependencies all met for dep_context=requeueable deps ti=<TaskInstance: dag_with_taskflow_api_v02.get_name scheduled__2022-11-30T00:00:00+00:00 [queued]>
[2023-05-25T10:33:40.952+0000] {taskinstance.py:1308} INFO - Starting attempt 1 of 6
[2023-05-25T10:33:41.051+0000] {taskinstance.py:1327} INFO - Executing <Task(_PythonDecoratedOperator): get_name> on 2022-11-30 00:00:00+00:00
[2023-05-25T10:33:41.087+0000] {standard_task_runner.py:57} INFO - Started process 4032 to run task
[2023-05-25T10:33:41.120+0000] {standard_task_runner.py:84} INFO - Running: ['***', 'tasks', 'run', 'dag_with_taskflow_api_v02', 'get_name', 'scheduled__2022-11-30T00:00:00+00:00', '--job-id', '1213', '--raw', '--subdir', 'DAGS_FOLDER/first_dag.py', '--cfg-path', '/tmp/tmp39euyyl3']
[2023-05-25T10:33:41.165+0000] {standard_task_runner.py:85} INFO - Job 1213: Subtask get_name
[2023-05-25T10:33:41.629+0000] {task_command.py:410} INFO - Running <TaskInstance: dag_with_taskflow_api_v02.get_name scheduled__2022-11-30T00:00:00+00:00 [running]> on host b1ae37a9584e
[2023-05-25T10:33:42.591+0000] {taskinstance.py:1547} INFO - Exporting env vars: AIRFLOW_CTX_DAG_OWNER='Sai' AIRFLOW_CTX_DAG_ID='dag_with_taskflow_api_v02' AIRFLOW_CTX_TASK_ID='get_name' AIRFLOW_CTX_EXECUTION_DATE='2022-11-30T00:00:00+00:00' AIRFLOW_CTX_TRY_NUMBER='1' AIRFLOW_CTX_DAG_RUN_ID='scheduled__2022-11-30T00:00:00+00:00'
[2023-05-25T10:33:42.593+0000] {python.py:183} INFO - Done. Returned value was: {'first_name': 'Sai', 'last_name': 'Tr'}
[2023-05-25T10:33:42.807+0000] {taskinstance.py:1350} INFO - Marking task as SUCCESS. dag_id=dag_with_taskflow_api_v02, task_id=get_name, execution_date=20221130T000000, start_date=20230525T103340, end_date=20230525T103342
[2023-05-25T10:33:42.978+0000] {local_task_job_runner.py:225} INFO - Task exited with return code 0
[2023-05-25T10:33:43.486+0000] {taskinstance.py:2651} INFO - 0 downstream tasks scheduled from follow-on schedule check
