[2023-05-24T15:28:44.416+0000] {taskinstance.py:1103} INFO - Dependencies all met for dep_context=non-requeueable deps ti=<TaskInstance: dag_with_taskflow_api_v02.get_age scheduled__2023-01-20T00:00:00+00:00 [queued]>
[2023-05-24T15:28:44.463+0000] {taskinstance.py:1103} INFO - Dependencies all met for dep_context=requeueable deps ti=<TaskInstance: dag_with_taskflow_api_v02.get_age scheduled__2023-01-20T00:00:00+00:00 [queued]>
[2023-05-24T15:28:44.463+0000] {taskinstance.py:1308} INFO - Starting attempt 1 of 6
[2023-05-24T15:28:44.587+0000] {taskinstance.py:1327} INFO - Executing <Task(_PythonDecoratedOperator): get_age> on 2023-01-20 00:00:00+00:00
[2023-05-24T15:28:44.616+0000] {standard_task_runner.py:57} INFO - Started process 3216 to run task
[2023-05-24T15:28:44.644+0000] {standard_task_runner.py:84} INFO - Running: ['***', 'tasks', 'run', 'dag_with_taskflow_api_v02', 'get_age', 'scheduled__2023-01-20T00:00:00+00:00', '--job-id', '1353', '--raw', '--subdir', 'DAGS_FOLDER/first_dag.py', '--cfg-path', '/tmp/tmpdmd74zul']
[2023-05-24T15:28:44.651+0000] {standard_task_runner.py:85} INFO - Job 1353: Subtask get_age
[2023-05-24T15:28:44.987+0000] {task_command.py:410} INFO - Running <TaskInstance: dag_with_taskflow_api_v02.get_age scheduled__2023-01-20T00:00:00+00:00 [running]> on host 942de29f183d
[2023-05-24T15:28:45.750+0000] {taskinstance.py:1547} INFO - Exporting env vars: AIRFLOW_CTX_DAG_OWNER='Sai' AIRFLOW_CTX_DAG_ID='dag_with_taskflow_api_v02' AIRFLOW_CTX_TASK_ID='get_age' AIRFLOW_CTX_EXECUTION_DATE='2023-01-20T00:00:00+00:00' AIRFLOW_CTX_TRY_NUMBER='1' AIRFLOW_CTX_DAG_RUN_ID='scheduled__2023-01-20T00:00:00+00:00'
[2023-05-24T15:28:45.752+0000] {python.py:183} INFO - Done. Returned value was: 19
[2023-05-24T15:28:45.860+0000] {taskinstance.py:1350} INFO - Marking task as SUCCESS. dag_id=dag_with_taskflow_api_v02, task_id=get_age, execution_date=20230120T000000, start_date=20230524T152844, end_date=20230524T152845
[2023-05-24T15:28:45.984+0000] {local_task_job_runner.py:225} INFO - Task exited with return code 0
[2023-05-24T15:28:46.232+0000] {taskinstance.py:2651} INFO - 0 downstream tasks scheduled from follow-on schedule check
[2023-05-25T07:01:17.151+0000] {taskinstance.py:1103} INFO - Dependencies all met for dep_context=non-requeueable deps ti=<TaskInstance: dag_with_taskflow_api_v02.get_age scheduled__2023-01-20T00:00:00+00:00 [queued]>
[2023-05-25T07:01:17.266+0000] {taskinstance.py:1103} INFO - Dependencies all met for dep_context=requeueable deps ti=<TaskInstance: dag_with_taskflow_api_v02.get_age scheduled__2023-01-20T00:00:00+00:00 [queued]>
[2023-05-25T07:01:17.267+0000] {taskinstance.py:1308} INFO - Starting attempt 1 of 6
[2023-05-25T07:01:17.424+0000] {taskinstance.py:1327} INFO - Executing <Task(_PythonDecoratedOperator): get_age> on 2023-01-20 00:00:00+00:00
[2023-05-25T07:01:17.446+0000] {standard_task_runner.py:57} INFO - Started process 4738 to run task
[2023-05-25T07:01:17.455+0000] {standard_task_runner.py:84} INFO - Running: ['***', 'tasks', 'run', 'dag_with_taskflow_api_v02', 'get_age', 'scheduled__2023-01-20T00:00:00+00:00', '--job-id', '1354', '--raw', '--subdir', 'DAGS_FOLDER/first_dag.py', '--cfg-path', '/tmp/tmp7joteknl']
[2023-05-25T07:01:17.469+0000] {standard_task_runner.py:85} INFO - Job 1354: Subtask get_age
[2023-05-25T07:01:17.867+0000] {task_command.py:410} INFO - Running <TaskInstance: dag_with_taskflow_api_v02.get_age scheduled__2023-01-20T00:00:00+00:00 [running]> on host 6bd07c7477d9
[2023-05-25T07:01:18.575+0000] {taskinstance.py:1547} INFO - Exporting env vars: AIRFLOW_CTX_DAG_OWNER='Sai' AIRFLOW_CTX_DAG_ID='dag_with_taskflow_api_v02' AIRFLOW_CTX_TASK_ID='get_age' AIRFLOW_CTX_EXECUTION_DATE='2023-01-20T00:00:00+00:00' AIRFLOW_CTX_TRY_NUMBER='1' AIRFLOW_CTX_DAG_RUN_ID='scheduled__2023-01-20T00:00:00+00:00'
[2023-05-25T07:01:18.578+0000] {python.py:183} INFO - Done. Returned value was: 19
[2023-05-25T07:01:18.761+0000] {taskinstance.py:1350} INFO - Marking task as SUCCESS. dag_id=dag_with_taskflow_api_v02, task_id=get_age, execution_date=20230120T000000, start_date=20230525T070117, end_date=20230525T070118
[2023-05-25T07:01:18.883+0000] {local_task_job_runner.py:225} INFO - Task exited with return code 0
[2023-05-25T07:01:18.941+0000] {taskinstance.py:2651} INFO - 1 downstream tasks scheduled from follow-on schedule check
[2023-05-25T10:35:31.388+0000] {taskinstance.py:1103} INFO - Dependencies all met for dep_context=non-requeueable deps ti=<TaskInstance: dag_with_taskflow_api_v02.get_age scheduled__2023-01-20T00:00:00+00:00 [queued]>
[2023-05-25T10:35:31.428+0000] {taskinstance.py:1103} INFO - Dependencies all met for dep_context=requeueable deps ti=<TaskInstance: dag_with_taskflow_api_v02.get_age scheduled__2023-01-20T00:00:00+00:00 [queued]>
[2023-05-25T10:35:31.428+0000] {taskinstance.py:1308} INFO - Starting attempt 1 of 6
[2023-05-25T10:35:31.534+0000] {taskinstance.py:1327} INFO - Executing <Task(_PythonDecoratedOperator): get_age> on 2023-01-20 00:00:00+00:00
[2023-05-25T10:35:31.576+0000] {standard_task_runner.py:57} INFO - Started process 4390 to run task
[2023-05-25T10:35:31.610+0000] {standard_task_runner.py:84} INFO - Running: ['***', 'tasks', 'run', 'dag_with_taskflow_api_v02', 'get_age', 'scheduled__2023-01-20T00:00:00+00:00', '--job-id', '1371', '--raw', '--subdir', 'DAGS_FOLDER/first_dag.py', '--cfg-path', '/tmp/tmpl_hbcy80']
[2023-05-25T10:35:31.645+0000] {standard_task_runner.py:85} INFO - Job 1371: Subtask get_age
[2023-05-25T10:35:32.172+0000] {task_command.py:410} INFO - Running <TaskInstance: dag_with_taskflow_api_v02.get_age scheduled__2023-01-20T00:00:00+00:00 [running]> on host b1ae37a9584e
[2023-05-25T10:35:33.467+0000] {taskinstance.py:1547} INFO - Exporting env vars: AIRFLOW_CTX_DAG_OWNER='Sai' AIRFLOW_CTX_DAG_ID='dag_with_taskflow_api_v02' AIRFLOW_CTX_TASK_ID='get_age' AIRFLOW_CTX_EXECUTION_DATE='2023-01-20T00:00:00+00:00' AIRFLOW_CTX_TRY_NUMBER='1' AIRFLOW_CTX_DAG_RUN_ID='scheduled__2023-01-20T00:00:00+00:00'
[2023-05-25T10:35:33.499+0000] {python.py:183} INFO - Done. Returned value was: 19
[2023-05-25T10:35:33.828+0000] {taskinstance.py:1350} INFO - Marking task as SUCCESS. dag_id=dag_with_taskflow_api_v02, task_id=get_age, execution_date=20230120T000000, start_date=20230525T103531, end_date=20230525T103533
[2023-05-25T10:35:34.050+0000] {local_task_job_runner.py:225} INFO - Task exited with return code 0
[2023-05-25T10:35:34.393+0000] {taskinstance.py:2651} INFO - 0 downstream tasks scheduled from follow-on schedule check
