[2023-05-24T15:24:15.947+0000] {taskinstance.py:1103} INFO - Dependencies all met for dep_context=non-requeueable deps ti=<TaskInstance: dag_with_taskflow_api_v02.get_name scheduled__2022-08-11T00:00:00+00:00 [queued]>
[2023-05-24T15:24:16.000+0000] {taskinstance.py:1103} INFO - Dependencies all met for dep_context=requeueable deps ti=<TaskInstance: dag_with_taskflow_api_v02.get_name scheduled__2022-08-11T00:00:00+00:00 [queued]>
[2023-05-24T15:24:16.001+0000] {taskinstance.py:1308} INFO - Starting attempt 1 of 6
[2023-05-24T15:24:16.067+0000] {taskinstance.py:1327} INFO - Executing <Task(_PythonDecoratedOperator): get_name> on 2022-08-11 00:00:00+00:00
[2023-05-24T15:24:16.082+0000] {standard_task_runner.py:57} INFO - Started process 2143 to run task
[2023-05-24T15:24:16.092+0000] {standard_task_runner.py:84} INFO - Running: ['***', 'tasks', 'run', 'dag_with_taskflow_api_v02', 'get_name', 'scheduled__2022-08-11T00:00:00+00:00', '--job-id', '869', '--raw', '--subdir', 'DAGS_FOLDER/first_dag.py', '--cfg-path', '/tmp/tmpklxd9836']
[2023-05-24T15:24:16.100+0000] {standard_task_runner.py:85} INFO - Job 869: Subtask get_name
[2023-05-24T15:24:16.394+0000] {task_command.py:410} INFO - Running <TaskInstance: dag_with_taskflow_api_v02.get_name scheduled__2022-08-11T00:00:00+00:00 [running]> on host 942de29f183d
[2023-05-24T15:24:17.282+0000] {taskinstance.py:1547} INFO - Exporting env vars: AIRFLOW_CTX_DAG_OWNER='Sai' AIRFLOW_CTX_DAG_ID='dag_with_taskflow_api_v02' AIRFLOW_CTX_TASK_ID='get_name' AIRFLOW_CTX_EXECUTION_DATE='2022-08-11T00:00:00+00:00' AIRFLOW_CTX_TRY_NUMBER='1' AIRFLOW_CTX_DAG_RUN_ID='scheduled__2022-08-11T00:00:00+00:00'
[2023-05-24T15:24:17.284+0000] {python.py:183} INFO - Done. Returned value was: {'first_name': 'Sai', 'last_name': 'Tr'}
[2023-05-24T15:24:17.536+0000] {taskinstance.py:1350} INFO - Marking task as SUCCESS. dag_id=dag_with_taskflow_api_v02, task_id=get_name, execution_date=20220811T000000, start_date=20230524T152415, end_date=20230524T152417
[2023-05-24T15:24:17.618+0000] {local_task_job_runner.py:225} INFO - Task exited with return code 0
[2023-05-24T15:24:17.858+0000] {taskinstance.py:2651} INFO - 0 downstream tasks scheduled from follow-on schedule check
[2023-05-25T06:56:51.427+0000] {taskinstance.py:1103} INFO - Dependencies all met for dep_context=non-requeueable deps ti=<TaskInstance: dag_with_taskflow_api_v02.get_name scheduled__2022-08-11T00:00:00+00:00 [queued]>
[2023-05-25T06:56:51.542+0000] {taskinstance.py:1103} INFO - Dependencies all met for dep_context=requeueable deps ti=<TaskInstance: dag_with_taskflow_api_v02.get_name scheduled__2022-08-11T00:00:00+00:00 [queued]>
[2023-05-25T06:56:51.542+0000] {taskinstance.py:1308} INFO - Starting attempt 1 of 6
[2023-05-25T06:56:51.738+0000] {taskinstance.py:1327} INFO - Executing <Task(_PythonDecoratedOperator): get_name> on 2022-08-11 00:00:00+00:00
[2023-05-25T06:56:51.760+0000] {standard_task_runner.py:57} INFO - Started process 3661 to run task
[2023-05-25T06:56:51.803+0000] {standard_task_runner.py:84} INFO - Running: ['***', 'tasks', 'run', 'dag_with_taskflow_api_v02', 'get_name', 'scheduled__2022-08-11T00:00:00+00:00', '--job-id', '868', '--raw', '--subdir', 'DAGS_FOLDER/first_dag.py', '--cfg-path', '/tmp/tmp1ehk3dx6']
[2023-05-25T06:56:51.817+0000] {standard_task_runner.py:85} INFO - Job 868: Subtask get_name
[2023-05-25T06:56:52.083+0000] {task_command.py:410} INFO - Running <TaskInstance: dag_with_taskflow_api_v02.get_name scheduled__2022-08-11T00:00:00+00:00 [running]> on host 6bd07c7477d9
[2023-05-25T06:56:53.067+0000] {taskinstance.py:1547} INFO - Exporting env vars: AIRFLOW_CTX_DAG_OWNER='Sai' AIRFLOW_CTX_DAG_ID='dag_with_taskflow_api_v02' AIRFLOW_CTX_TASK_ID='get_name' AIRFLOW_CTX_EXECUTION_DATE='2022-08-11T00:00:00+00:00' AIRFLOW_CTX_TRY_NUMBER='1' AIRFLOW_CTX_DAG_RUN_ID='scheduled__2022-08-11T00:00:00+00:00'
[2023-05-25T06:56:53.069+0000] {python.py:183} INFO - Done. Returned value was: {'first_name': 'Sai', 'last_name': 'Tr'}
[2023-05-25T06:56:53.363+0000] {taskinstance.py:1350} INFO - Marking task as SUCCESS. dag_id=dag_with_taskflow_api_v02, task_id=get_name, execution_date=20220811T000000, start_date=20230525T065651, end_date=20230525T065653
[2023-05-25T06:56:53.740+0000] {local_task_job_runner.py:225} INFO - Task exited with return code 0
[2023-05-25T06:56:53.806+0000] {taskinstance.py:2651} INFO - 1 downstream tasks scheduled from follow-on schedule check
[2023-05-25T10:29:39.218+0000] {taskinstance.py:1103} INFO - Dependencies all met for dep_context=non-requeueable deps ti=<TaskInstance: dag_with_taskflow_api_v02.get_name scheduled__2022-08-11T00:00:00+00:00 [queued]>
[2023-05-25T10:29:39.496+0000] {taskinstance.py:1103} INFO - Dependencies all met for dep_context=requeueable deps ti=<TaskInstance: dag_with_taskflow_api_v02.get_name scheduled__2022-08-11T00:00:00+00:00 [queued]>
[2023-05-25T10:29:39.496+0000] {taskinstance.py:1308} INFO - Starting attempt 1 of 6
[2023-05-25T10:29:39.971+0000] {taskinstance.py:1327} INFO - Executing <Task(_PythonDecoratedOperator): get_name> on 2022-08-11 00:00:00+00:00
[2023-05-25T10:29:40.085+0000] {standard_task_runner.py:84} INFO - Running: ['***', 'tasks', 'run', 'dag_with_taskflow_api_v02', 'get_name', 'scheduled__2022-08-11T00:00:00+00:00', '--job-id', '877', '--raw', '--subdir', 'DAGS_FOLDER/first_dag.py', '--cfg-path', '/tmp/tmpdquph6gr']
[2023-05-25T10:29:40.066+0000] {standard_task_runner.py:57} INFO - Started process 3267 to run task
[2023-05-25T10:29:40.107+0000] {standard_task_runner.py:85} INFO - Job 877: Subtask get_name
[2023-05-25T10:29:40.665+0000] {task_command.py:410} INFO - Running <TaskInstance: dag_with_taskflow_api_v02.get_name scheduled__2022-08-11T00:00:00+00:00 [running]> on host b1ae37a9584e
[2023-05-25T10:29:42.527+0000] {taskinstance.py:1547} INFO - Exporting env vars: AIRFLOW_CTX_DAG_OWNER='Sai' AIRFLOW_CTX_DAG_ID='dag_with_taskflow_api_v02' AIRFLOW_CTX_TASK_ID='get_name' AIRFLOW_CTX_EXECUTION_DATE='2022-08-11T00:00:00+00:00' AIRFLOW_CTX_TRY_NUMBER='1' AIRFLOW_CTX_DAG_RUN_ID='scheduled__2022-08-11T00:00:00+00:00'
[2023-05-25T10:29:42.528+0000] {python.py:183} INFO - Done. Returned value was: {'first_name': 'Sai', 'last_name': 'Tr'}
[2023-05-25T10:29:43.031+0000] {taskinstance.py:1350} INFO - Marking task as SUCCESS. dag_id=dag_with_taskflow_api_v02, task_id=get_name, execution_date=20220811T000000, start_date=20230525T102939, end_date=20230525T102943
[2023-05-25T10:29:43.216+0000] {local_task_job_runner.py:225} INFO - Task exited with return code 0
[2023-05-25T10:29:43.414+0000] {taskinstance.py:2651} INFO - 0 downstream tasks scheduled from follow-on schedule check
