[2023-05-24T15:15:23.270+0000] {taskinstance.py:1103} INFO - Dependencies all met for dep_context=non-requeueable deps ti=<TaskInstance: dag_with_taskflow_api_v02.get_name scheduled__2021-11-06T00:00:00+00:00 [queued]>
[2023-05-24T15:15:23.372+0000] {taskinstance.py:1103} INFO - Dependencies all met for dep_context=requeueable deps ti=<TaskInstance: dag_with_taskflow_api_v02.get_name scheduled__2021-11-06T00:00:00+00:00 [queued]>
[2023-05-24T15:15:23.376+0000] {taskinstance.py:1308} INFO - Starting attempt 1 of 6
[2023-05-24T15:15:23.583+0000] {taskinstance.py:1327} INFO - Executing <Task(_PythonDecoratedOperator): get_name> on 2021-11-06 00:00:00+00:00
[2023-05-24T15:15:23.627+0000] {standard_task_runner.py:57} INFO - Started process 261 to run task
[2023-05-24T15:15:23.659+0000] {standard_task_runner.py:84} INFO - Running: ['***', 'tasks', 'run', 'dag_with_taskflow_api_v02', 'get_name', 'scheduled__2021-11-06T00:00:00+00:00', '--job-id', '33', '--raw', '--subdir', 'DAGS_FOLDER/first_dag.py', '--cfg-path', '/tmp/tmpbffzwg__']
[2023-05-24T15:15:23.663+0000] {standard_task_runner.py:85} INFO - Job 33: Subtask get_name
[2023-05-24T15:15:24.109+0000] {task_command.py:410} INFO - Running <TaskInstance: dag_with_taskflow_api_v02.get_name scheduled__2021-11-06T00:00:00+00:00 [running]> on host 942de29f183d
[2023-05-24T15:15:24.910+0000] {taskinstance.py:1547} INFO - Exporting env vars: AIRFLOW_CTX_DAG_OWNER='Sai' AIRFLOW_CTX_DAG_ID='dag_with_taskflow_api_v02' AIRFLOW_CTX_TASK_ID='get_name' AIRFLOW_CTX_EXECUTION_DATE='2021-11-06T00:00:00+00:00' AIRFLOW_CTX_TRY_NUMBER='1' AIRFLOW_CTX_DAG_RUN_ID='scheduled__2021-11-06T00:00:00+00:00'
[2023-05-24T15:15:24.912+0000] {python.py:183} INFO - Done. Returned value was: {'first_name': 'Sai', 'last_name': 'Tr'}
[2023-05-24T15:15:25.518+0000] {taskinstance.py:1350} INFO - Marking task as SUCCESS. dag_id=dag_with_taskflow_api_v02, task_id=get_name, execution_date=20211106T000000, start_date=20230524T151523, end_date=20230524T151525
[2023-05-24T15:15:25.606+0000] {local_task_job_runner.py:225} INFO - Task exited with return code 0
[2023-05-24T15:15:26.405+0000] {taskinstance.py:2651} INFO - 1 downstream tasks scheduled from follow-on schedule check
[2023-05-25T06:49:11.895+0000] {taskinstance.py:1103} INFO - Dependencies all met for dep_context=non-requeueable deps ti=<TaskInstance: dag_with_taskflow_api_v02.get_name scheduled__2021-11-06T00:00:00+00:00 [queued]>
[2023-05-25T06:49:12.021+0000] {taskinstance.py:1103} INFO - Dependencies all met for dep_context=requeueable deps ti=<TaskInstance: dag_with_taskflow_api_v02.get_name scheduled__2021-11-06T00:00:00+00:00 [queued]>
[2023-05-25T06:49:12.029+0000] {taskinstance.py:1308} INFO - Starting attempt 1 of 6
[2023-05-25T06:49:12.235+0000] {taskinstance.py:1327} INFO - Executing <Task(_PythonDecoratedOperator): get_name> on 2021-11-06 00:00:00+00:00
[2023-05-25T06:49:12.265+0000] {standard_task_runner.py:57} INFO - Started process 1792 to run task
[2023-05-25T06:49:12.313+0000] {standard_task_runner.py:84} INFO - Running: ['***', 'tasks', 'run', 'dag_with_taskflow_api_v02', 'get_name', 'scheduled__2021-11-06T00:00:00+00:00', '--job-id', '24', '--raw', '--subdir', 'DAGS_FOLDER/first_dag.py', '--cfg-path', '/tmp/tmpn_wfti2x']
[2023-05-25T06:49:12.329+0000] {standard_task_runner.py:85} INFO - Job 24: Subtask get_name
[2023-05-25T06:49:12.867+0000] {task_command.py:410} INFO - Running <TaskInstance: dag_with_taskflow_api_v02.get_name scheduled__2021-11-06T00:00:00+00:00 [running]> on host 6bd07c7477d9
[2023-05-25T06:49:13.955+0000] {taskinstance.py:1547} INFO - Exporting env vars: AIRFLOW_CTX_DAG_OWNER='Sai' AIRFLOW_CTX_DAG_ID='dag_with_taskflow_api_v02' AIRFLOW_CTX_TASK_ID='get_name' AIRFLOW_CTX_EXECUTION_DATE='2021-11-06T00:00:00+00:00' AIRFLOW_CTX_TRY_NUMBER='1' AIRFLOW_CTX_DAG_RUN_ID='scheduled__2021-11-06T00:00:00+00:00'
[2023-05-25T06:49:13.960+0000] {python.py:183} INFO - Done. Returned value was: {'first_name': 'Sai', 'last_name': 'Tr'}
[2023-05-25T06:49:14.249+0000] {taskinstance.py:1350} INFO - Marking task as SUCCESS. dag_id=dag_with_taskflow_api_v02, task_id=get_name, execution_date=20211106T000000, start_date=20230525T064911, end_date=20230525T064914
[2023-05-25T06:49:14.331+0000] {local_task_job_runner.py:225} INFO - Task exited with return code 0
[2023-05-25T06:49:14.647+0000] {taskinstance.py:2651} INFO - 1 downstream tasks scheduled from follow-on schedule check
[2023-05-25T10:18:41.314+0000] {taskinstance.py:1103} INFO - Dependencies all met for dep_context=non-requeueable deps ti=<TaskInstance: dag_with_taskflow_api_v02.get_name scheduled__2021-11-06T00:00:00+00:00 [queued]>
[2023-05-25T10:18:41.398+0000] {taskinstance.py:1103} INFO - Dependencies all met for dep_context=requeueable deps ti=<TaskInstance: dag_with_taskflow_api_v02.get_name scheduled__2021-11-06T00:00:00+00:00 [queued]>
[2023-05-25T10:18:41.399+0000] {taskinstance.py:1308} INFO - Starting attempt 1 of 6
[2023-05-25T10:18:41.547+0000] {taskinstance.py:1327} INFO - Executing <Task(_PythonDecoratedOperator): get_name> on 2021-11-06 00:00:00+00:00
[2023-05-25T10:18:41.584+0000] {standard_task_runner.py:57} INFO - Started process 1307 to run task
[2023-05-25T10:18:41.640+0000] {standard_task_runner.py:84} INFO - Running: ['***', 'tasks', 'run', 'dag_with_taskflow_api_v02', 'get_name', 'scheduled__2021-11-06T00:00:00+00:00', '--job-id', '28', '--raw', '--subdir', 'DAGS_FOLDER/first_dag.py', '--cfg-path', '/tmp/tmpq8556io8']
[2023-05-25T10:18:41.670+0000] {standard_task_runner.py:85} INFO - Job 28: Subtask get_name
[2023-05-25T10:18:42.090+0000] {task_command.py:410} INFO - Running <TaskInstance: dag_with_taskflow_api_v02.get_name scheduled__2021-11-06T00:00:00+00:00 [running]> on host b1ae37a9584e
[2023-05-25T10:18:42.547+0000] {taskinstance.py:1547} INFO - Exporting env vars: AIRFLOW_CTX_DAG_OWNER='Sai' AIRFLOW_CTX_DAG_ID='dag_with_taskflow_api_v02' AIRFLOW_CTX_TASK_ID='get_name' AIRFLOW_CTX_EXECUTION_DATE='2021-11-06T00:00:00+00:00' AIRFLOW_CTX_TRY_NUMBER='1' AIRFLOW_CTX_DAG_RUN_ID='scheduled__2021-11-06T00:00:00+00:00'
[2023-05-25T10:18:42.549+0000] {python.py:183} INFO - Done. Returned value was: {'first_name': 'Sai', 'last_name': 'Tr'}
[2023-05-25T10:18:42.801+0000] {taskinstance.py:1350} INFO - Marking task as SUCCESS. dag_id=dag_with_taskflow_api_v02, task_id=get_name, execution_date=20211106T000000, start_date=20230525T101841, end_date=20230525T101842
[2023-05-25T10:18:42.881+0000] {local_task_job_runner.py:225} INFO - Task exited with return code 0
[2023-05-25T10:18:42.951+0000] {taskinstance.py:2651} INFO - 1 downstream tasks scheduled from follow-on schedule check
