[2023-05-24T15:21:56.696+0000] {taskinstance.py:1103} INFO - Dependencies all met for dep_context=non-requeueable deps ti=<TaskInstance: dag_with_taskflow_api_v02.get_name scheduled__2022-05-27T00:00:00+00:00 [queued]>
[2023-05-24T15:21:56.770+0000] {taskinstance.py:1103} INFO - Dependencies all met for dep_context=requeueable deps ti=<TaskInstance: dag_with_taskflow_api_v02.get_name scheduled__2022-05-27T00:00:00+00:00 [queued]>
[2023-05-24T15:21:56.771+0000] {taskinstance.py:1308} INFO - Starting attempt 1 of 6
[2023-05-24T15:21:57.092+0000] {taskinstance.py:1327} INFO - Executing <Task(_PythonDecoratedOperator): get_name> on 2022-05-27 00:00:00+00:00
[2023-05-24T15:21:57.114+0000] {standard_task_runner.py:57} INFO - Started process 1635 to run task
[2023-05-24T15:21:57.150+0000] {standard_task_runner.py:84} INFO - Running: ['***', 'tasks', 'run', 'dag_with_taskflow_api_v02', 'get_name', 'scheduled__2022-05-27T00:00:00+00:00', '--job-id', '645', '--raw', '--subdir', 'DAGS_FOLDER/first_dag.py', '--cfg-path', '/tmp/tmpboagd_2f']
[2023-05-24T15:21:57.169+0000] {standard_task_runner.py:85} INFO - Job 645: Subtask get_name
[2023-05-24T15:21:57.480+0000] {task_command.py:410} INFO - Running <TaskInstance: dag_with_taskflow_api_v02.get_name scheduled__2022-05-27T00:00:00+00:00 [running]> on host 942de29f183d
[2023-05-24T15:21:58.565+0000] {taskinstance.py:1547} INFO - Exporting env vars: AIRFLOW_CTX_DAG_OWNER='Sai' AIRFLOW_CTX_DAG_ID='dag_with_taskflow_api_v02' AIRFLOW_CTX_TASK_ID='get_name' AIRFLOW_CTX_EXECUTION_DATE='2022-05-27T00:00:00+00:00' AIRFLOW_CTX_TRY_NUMBER='1' AIRFLOW_CTX_DAG_RUN_ID='scheduled__2022-05-27T00:00:00+00:00'
[2023-05-24T15:21:58.566+0000] {python.py:183} INFO - Done. Returned value was: {'first_name': 'Sai', 'last_name': 'Tr'}
[2023-05-24T15:21:58.930+0000] {taskinstance.py:1350} INFO - Marking task as SUCCESS. dag_id=dag_with_taskflow_api_v02, task_id=get_name, execution_date=20220527T000000, start_date=20230524T152156, end_date=20230524T152158
[2023-05-24T15:21:59.962+0000] {local_task_job_runner.py:225} INFO - Task exited with return code 0
[2023-05-24T15:22:00.190+0000] {taskinstance.py:2651} INFO - 0 downstream tasks scheduled from follow-on schedule check
[2023-05-25T06:54:42.577+0000] {taskinstance.py:1103} INFO - Dependencies all met for dep_context=non-requeueable deps ti=<TaskInstance: dag_with_taskflow_api_v02.get_name scheduled__2022-05-27T00:00:00+00:00 [queued]>
[2023-05-25T06:54:42.702+0000] {taskinstance.py:1103} INFO - Dependencies all met for dep_context=requeueable deps ti=<TaskInstance: dag_with_taskflow_api_v02.get_name scheduled__2022-05-27T00:00:00+00:00 [queued]>
[2023-05-25T06:54:42.713+0000] {taskinstance.py:1308} INFO - Starting attempt 1 of 6
[2023-05-25T06:54:42.837+0000] {taskinstance.py:1327} INFO - Executing <Task(_PythonDecoratedOperator): get_name> on 2022-05-27 00:00:00+00:00
[2023-05-25T06:54:42.852+0000] {standard_task_runner.py:57} INFO - Started process 3153 to run task
[2023-05-25T06:54:42.904+0000] {standard_task_runner.py:84} INFO - Running: ['***', 'tasks', 'run', 'dag_with_taskflow_api_v02', 'get_name', 'scheduled__2022-05-27T00:00:00+00:00', '--job-id', '636', '--raw', '--subdir', 'DAGS_FOLDER/first_dag.py', '--cfg-path', '/tmp/tmpr6pnn1hr']
[2023-05-25T06:54:42.952+0000] {standard_task_runner.py:85} INFO - Job 636: Subtask get_name
[2023-05-25T06:54:43.410+0000] {task_command.py:410} INFO - Running <TaskInstance: dag_with_taskflow_api_v02.get_name scheduled__2022-05-27T00:00:00+00:00 [running]> on host 6bd07c7477d9
[2023-05-25T06:54:44.098+0000] {taskinstance.py:1547} INFO - Exporting env vars: AIRFLOW_CTX_DAG_OWNER='Sai' AIRFLOW_CTX_DAG_ID='dag_with_taskflow_api_v02' AIRFLOW_CTX_TASK_ID='get_name' AIRFLOW_CTX_EXECUTION_DATE='2022-05-27T00:00:00+00:00' AIRFLOW_CTX_TRY_NUMBER='1' AIRFLOW_CTX_DAG_RUN_ID='scheduled__2022-05-27T00:00:00+00:00'
[2023-05-25T06:54:44.099+0000] {python.py:183} INFO - Done. Returned value was: {'first_name': 'Sai', 'last_name': 'Tr'}
[2023-05-25T06:54:44.313+0000] {taskinstance.py:1350} INFO - Marking task as SUCCESS. dag_id=dag_with_taskflow_api_v02, task_id=get_name, execution_date=20220527T000000, start_date=20230525T065442, end_date=20230525T065444
[2023-05-25T06:54:44.489+0000] {local_task_job_runner.py:225} INFO - Task exited with return code 0
[2023-05-25T06:54:45.076+0000] {taskinstance.py:2651} INFO - 0 downstream tasks scheduled from follow-on schedule check
[2023-05-25T10:26:11.710+0000] {taskinstance.py:1103} INFO - Dependencies all met for dep_context=non-requeueable deps ti=<TaskInstance: dag_with_taskflow_api_v02.get_name scheduled__2022-05-27T00:00:00+00:00 [queued]>
[2023-05-25T10:26:11.785+0000] {taskinstance.py:1103} INFO - Dependencies all met for dep_context=requeueable deps ti=<TaskInstance: dag_with_taskflow_api_v02.get_name scheduled__2022-05-27T00:00:00+00:00 [queued]>
[2023-05-25T10:26:11.785+0000] {taskinstance.py:1308} INFO - Starting attempt 1 of 6
[2023-05-25T10:26:11.897+0000] {taskinstance.py:1327} INFO - Executing <Task(_PythonDecoratedOperator): get_name> on 2022-05-27 00:00:00+00:00
[2023-05-25T10:26:11.928+0000] {standard_task_runner.py:57} INFO - Started process 2749 to run task
[2023-05-25T10:26:11.954+0000] {standard_task_runner.py:84} INFO - Running: ['***', 'tasks', 'run', 'dag_with_taskflow_api_v02', 'get_name', 'scheduled__2022-05-27T00:00:00+00:00', '--job-id', '653', '--raw', '--subdir', 'DAGS_FOLDER/first_dag.py', '--cfg-path', '/tmp/tmpjchezzi7']
[2023-05-25T10:26:11.958+0000] {standard_task_runner.py:85} INFO - Job 653: Subtask get_name
[2023-05-25T10:26:12.306+0000] {task_command.py:410} INFO - Running <TaskInstance: dag_with_taskflow_api_v02.get_name scheduled__2022-05-27T00:00:00+00:00 [running]> on host b1ae37a9584e
[2023-05-25T10:26:12.910+0000] {taskinstance.py:1547} INFO - Exporting env vars: AIRFLOW_CTX_DAG_OWNER='Sai' AIRFLOW_CTX_DAG_ID='dag_with_taskflow_api_v02' AIRFLOW_CTX_TASK_ID='get_name' AIRFLOW_CTX_EXECUTION_DATE='2022-05-27T00:00:00+00:00' AIRFLOW_CTX_TRY_NUMBER='1' AIRFLOW_CTX_DAG_RUN_ID='scheduled__2022-05-27T00:00:00+00:00'
[2023-05-25T10:26:12.912+0000] {python.py:183} INFO - Done. Returned value was: {'first_name': 'Sai', 'last_name': 'Tr'}
[2023-05-25T10:26:13.029+0000] {taskinstance.py:1350} INFO - Marking task as SUCCESS. dag_id=dag_with_taskflow_api_v02, task_id=get_name, execution_date=20220527T000000, start_date=20230525T102611, end_date=20230525T102613
[2023-05-25T10:26:13.093+0000] {local_task_job_runner.py:225} INFO - Task exited with return code 0
[2023-05-25T10:26:13.399+0000] {taskinstance.py:2651} INFO - 0 downstream tasks scheduled from follow-on schedule check
