[2023-05-24T15:31:42.059+0000] {taskinstance.py:1103} INFO - Dependencies all met for dep_context=non-requeueable deps ti=<TaskInstance: dag_with_taskflow_api_v02.greet scheduled__2023-05-01T00:00:00+00:00 [queued]>
[2023-05-24T15:31:42.140+0000] {taskinstance.py:1103} INFO - Dependencies all met for dep_context=requeueable deps ti=<TaskInstance: dag_with_taskflow_api_v02.greet scheduled__2023-05-01T00:00:00+00:00 [queued]>
[2023-05-24T15:31:42.140+0000] {taskinstance.py:1308} INFO - Starting attempt 1 of 6
[2023-05-24T15:31:42.298+0000] {taskinstance.py:1327} INFO - Executing <Task(_PythonDecoratedOperator): greet> on 2023-05-01 00:00:00+00:00
[2023-05-24T15:31:42.320+0000] {standard_task_runner.py:57} INFO - Started process 3941 to run task
[2023-05-24T15:31:42.353+0000] {standard_task_runner.py:84} INFO - Running: ['***', 'tasks', 'run', 'dag_with_taskflow_api_v02', 'greet', 'scheduled__2023-05-01T00:00:00+00:00', '--job-id', '1680', '--raw', '--subdir', 'DAGS_FOLDER/first_dag.py', '--cfg-path', '/tmp/tmpv2mey7l2']
[2023-05-24T15:31:42.379+0000] {standard_task_runner.py:85} INFO - Job 1680: Subtask greet
[2023-05-24T15:31:42.573+0000] {task_command.py:410} INFO - Running <TaskInstance: dag_with_taskflow_api_v02.greet scheduled__2023-05-01T00:00:00+00:00 [running]> on host 942de29f183d
[2023-05-24T15:31:43.587+0000] {taskinstance.py:1547} INFO - Exporting env vars: AIRFLOW_CTX_DAG_OWNER='Sai' AIRFLOW_CTX_DAG_ID='dag_with_taskflow_api_v02' AIRFLOW_CTX_TASK_ID='greet' AIRFLOW_CTX_EXECUTION_DATE='2023-05-01T00:00:00+00:00' AIRFLOW_CTX_TRY_NUMBER='1' AIRFLOW_CTX_DAG_RUN_ID='scheduled__2023-05-01T00:00:00+00:00'
[2023-05-24T15:31:43.588+0000] {logging_mixin.py:149} INFO - Hello World! My name is Sai Tr and I am 19 years old!
[2023-05-24T15:31:43.589+0000] {python.py:183} INFO - Done. Returned value was: None
[2023-05-24T15:31:43.652+0000] {taskinstance.py:1350} INFO - Marking task as SUCCESS. dag_id=dag_with_taskflow_api_v02, task_id=greet, execution_date=20230501T000000, start_date=20230524T153142, end_date=20230524T153143
[2023-05-24T15:31:43.830+0000] {local_task_job_runner.py:225} INFO - Task exited with return code 0
[2023-05-24T15:31:44.115+0000] {taskinstance.py:2651} INFO - 0 downstream tasks scheduled from follow-on schedule check
[2023-05-25T07:04:09.527+0000] {taskinstance.py:1103} INFO - Dependencies all met for dep_context=non-requeueable deps ti=<TaskInstance: dag_with_taskflow_api_v02.greet scheduled__2023-05-01T00:00:00+00:00 [queued]>
[2023-05-25T07:04:09.615+0000] {taskinstance.py:1103} INFO - Dependencies all met for dep_context=requeueable deps ti=<TaskInstance: dag_with_taskflow_api_v02.greet scheduled__2023-05-01T00:00:00+00:00 [queued]>
[2023-05-25T07:04:09.615+0000] {taskinstance.py:1308} INFO - Starting attempt 1 of 6
[2023-05-25T07:04:09.779+0000] {taskinstance.py:1327} INFO - Executing <Task(_PythonDecoratedOperator): greet> on 2023-05-01 00:00:00+00:00
[2023-05-25T07:04:09.800+0000] {standard_task_runner.py:57} INFO - Started process 5442 to run task
[2023-05-25T07:04:09.823+0000] {standard_task_runner.py:84} INFO - Running: ['***', 'tasks', 'run', 'dag_with_taskflow_api_v02', 'greet', 'scheduled__2023-05-01T00:00:00+00:00', '--job-id', '1676', '--raw', '--subdir', 'DAGS_FOLDER/first_dag.py', '--cfg-path', '/tmp/tmppoc7f0g7']
[2023-05-25T07:04:09.839+0000] {standard_task_runner.py:85} INFO - Job 1676: Subtask greet
[2023-05-25T07:04:10.067+0000] {task_command.py:410} INFO - Running <TaskInstance: dag_with_taskflow_api_v02.greet scheduled__2023-05-01T00:00:00+00:00 [running]> on host 6bd07c7477d9
[2023-05-25T07:04:10.588+0000] {taskinstance.py:1547} INFO - Exporting env vars: AIRFLOW_CTX_DAG_OWNER='Sai' AIRFLOW_CTX_DAG_ID='dag_with_taskflow_api_v02' AIRFLOW_CTX_TASK_ID='greet' AIRFLOW_CTX_EXECUTION_DATE='2023-05-01T00:00:00+00:00' AIRFLOW_CTX_TRY_NUMBER='1' AIRFLOW_CTX_DAG_RUN_ID='scheduled__2023-05-01T00:00:00+00:00'
[2023-05-25T07:04:10.589+0000] {logging_mixin.py:149} INFO - Hello World! My name is Sai Tr and I am 19 years old!
[2023-05-25T07:04:10.589+0000] {python.py:183} INFO - Done. Returned value was: None
[2023-05-25T07:04:10.634+0000] {taskinstance.py:1350} INFO - Marking task as SUCCESS. dag_id=dag_with_taskflow_api_v02, task_id=greet, execution_date=20230501T000000, start_date=20230525T070409, end_date=20230525T070410
[2023-05-25T07:04:10.751+0000] {local_task_job_runner.py:225} INFO - Task exited with return code 0
[2023-05-25T07:04:10.814+0000] {taskinstance.py:2651} INFO - 0 downstream tasks scheduled from follow-on schedule check
[2023-05-25T10:38:55.325+0000] {taskinstance.py:1103} INFO - Dependencies all met for dep_context=non-requeueable deps ti=<TaskInstance: dag_with_taskflow_api_v02.greet scheduled__2023-05-01T00:00:00+00:00 [queued]>
[2023-05-25T10:38:55.457+0000] {taskinstance.py:1103} INFO - Dependencies all met for dep_context=requeueable deps ti=<TaskInstance: dag_with_taskflow_api_v02.greet scheduled__2023-05-01T00:00:00+00:00 [queued]>
[2023-05-25T10:38:55.457+0000] {taskinstance.py:1308} INFO - Starting attempt 1 of 6
[2023-05-25T10:38:55.845+0000] {taskinstance.py:1327} INFO - Executing <Task(_PythonDecoratedOperator): greet> on 2023-05-01 00:00:00+00:00
[2023-05-25T10:38:55.896+0000] {standard_task_runner.py:57} INFO - Started process 5105 to run task
[2023-05-25T10:38:55.935+0000] {standard_task_runner.py:84} INFO - Running: ['***', 'tasks', 'run', 'dag_with_taskflow_api_v02', 'greet', 'scheduled__2023-05-01T00:00:00+00:00', '--job-id', '1690', '--raw', '--subdir', 'DAGS_FOLDER/first_dag.py', '--cfg-path', '/tmp/tmp7hxynuak']
[2023-05-25T10:38:55.956+0000] {standard_task_runner.py:85} INFO - Job 1690: Subtask greet
[2023-05-25T10:38:56.486+0000] {task_command.py:410} INFO - Running <TaskInstance: dag_with_taskflow_api_v02.greet scheduled__2023-05-01T00:00:00+00:00 [running]> on host b1ae37a9584e
[2023-05-25T10:38:57.430+0000] {taskinstance.py:1547} INFO - Exporting env vars: AIRFLOW_CTX_DAG_OWNER='Sai' AIRFLOW_CTX_DAG_ID='dag_with_taskflow_api_v02' AIRFLOW_CTX_TASK_ID='greet' AIRFLOW_CTX_EXECUTION_DATE='2023-05-01T00:00:00+00:00' AIRFLOW_CTX_TRY_NUMBER='1' AIRFLOW_CTX_DAG_RUN_ID='scheduled__2023-05-01T00:00:00+00:00'
[2023-05-25T10:38:57.433+0000] {logging_mixin.py:149} INFO - Hello World! My name is Sai Tr and I am 19 years old!
[2023-05-25T10:38:57.433+0000] {python.py:183} INFO - Done. Returned value was: None
[2023-05-25T10:38:57.478+0000] {taskinstance.py:1350} INFO - Marking task as SUCCESS. dag_id=dag_with_taskflow_api_v02, task_id=greet, execution_date=20230501T000000, start_date=20230525T103855, end_date=20230525T103857
[2023-05-25T10:38:57.607+0000] {local_task_job_runner.py:225} INFO - Task exited with return code 0
[2023-05-25T10:38:57.915+0000] {taskinstance.py:2651} INFO - 0 downstream tasks scheduled from follow-on schedule check
