[2023-05-24T15:30:45.921+0000] {taskinstance.py:1103} INFO - Dependencies all met for dep_context=non-requeueable deps ti=<TaskInstance: dag_with_taskflow_api_v02.get_name scheduled__2023-04-04T00:00:00+00:00 [queued]>
[2023-05-24T15:30:45.963+0000] {taskinstance.py:1103} INFO - Dependencies all met for dep_context=requeueable deps ti=<TaskInstance: dag_with_taskflow_api_v02.get_name scheduled__2023-04-04T00:00:00+00:00 [queued]>
[2023-05-24T15:30:45.964+0000] {taskinstance.py:1308} INFO - Starting attempt 1 of 6
[2023-05-24T15:30:46.121+0000] {taskinstance.py:1327} INFO - Executing <Task(_PythonDecoratedOperator): get_name> on 2023-04-04 00:00:00+00:00
[2023-05-24T15:30:46.147+0000] {standard_task_runner.py:57} INFO - Started process 3709 to run task
[2023-05-24T15:30:46.186+0000] {standard_task_runner.py:84} INFO - Running: ['***', 'tasks', 'run', 'dag_with_taskflow_api_v02', 'get_name', 'scheduled__2023-04-04T00:00:00+00:00', '--job-id', '1577', '--raw', '--subdir', 'DAGS_FOLDER/first_dag.py', '--cfg-path', '/tmp/tmplbm1jvvw']
[2023-05-24T15:30:46.238+0000] {standard_task_runner.py:85} INFO - Job 1577: Subtask get_name
[2023-05-24T15:30:46.573+0000] {task_command.py:410} INFO - Running <TaskInstance: dag_with_taskflow_api_v02.get_name scheduled__2023-04-04T00:00:00+00:00 [running]> on host 942de29f183d
[2023-05-24T15:30:47.215+0000] {taskinstance.py:1547} INFO - Exporting env vars: AIRFLOW_CTX_DAG_OWNER='Sai' AIRFLOW_CTX_DAG_ID='dag_with_taskflow_api_v02' AIRFLOW_CTX_TASK_ID='get_name' AIRFLOW_CTX_EXECUTION_DATE='2023-04-04T00:00:00+00:00' AIRFLOW_CTX_TRY_NUMBER='1' AIRFLOW_CTX_DAG_RUN_ID='scheduled__2023-04-04T00:00:00+00:00'
[2023-05-24T15:30:47.218+0000] {python.py:183} INFO - Done. Returned value was: {'first_name': 'Sai', 'last_name': 'Tr'}
[2023-05-24T15:30:47.576+0000] {taskinstance.py:1350} INFO - Marking task as SUCCESS. dag_id=dag_with_taskflow_api_v02, task_id=get_name, execution_date=20230404T000000, start_date=20230524T153045, end_date=20230524T153047
[2023-05-24T15:30:48.050+0000] {local_task_job_runner.py:225} INFO - Task exited with return code 0
[2023-05-24T15:30:48.321+0000] {taskinstance.py:2651} INFO - 1 downstream tasks scheduled from follow-on schedule check
[2023-05-25T07:03:16.675+0000] {taskinstance.py:1103} INFO - Dependencies all met for dep_context=non-requeueable deps ti=<TaskInstance: dag_with_taskflow_api_v02.get_name scheduled__2023-04-04T00:00:00+00:00 [queued]>
[2023-05-25T07:03:16.725+0000] {taskinstance.py:1103} INFO - Dependencies all met for dep_context=requeueable deps ti=<TaskInstance: dag_with_taskflow_api_v02.get_name scheduled__2023-04-04T00:00:00+00:00 [queued]>
[2023-05-25T07:03:16.726+0000] {taskinstance.py:1308} INFO - Starting attempt 1 of 6
[2023-05-25T07:03:16.796+0000] {taskinstance.py:1327} INFO - Executing <Task(_PythonDecoratedOperator): get_name> on 2023-04-04 00:00:00+00:00
[2023-05-25T07:03:16.806+0000] {standard_task_runner.py:57} INFO - Started process 5229 to run task
[2023-05-25T07:03:16.860+0000] {standard_task_runner.py:84} INFO - Running: ['***', 'tasks', 'run', 'dag_with_taskflow_api_v02', 'get_name', 'scheduled__2023-04-04T00:00:00+00:00', '--job-id', '1576', '--raw', '--subdir', 'DAGS_FOLDER/first_dag.py', '--cfg-path', '/tmp/tmp1xz8lyah']
[2023-05-25T07:03:16.918+0000] {standard_task_runner.py:85} INFO - Job 1576: Subtask get_name
[2023-05-25T07:03:17.314+0000] {task_command.py:410} INFO - Running <TaskInstance: dag_with_taskflow_api_v02.get_name scheduled__2023-04-04T00:00:00+00:00 [running]> on host 6bd07c7477d9
[2023-05-25T07:03:18.038+0000] {taskinstance.py:1547} INFO - Exporting env vars: AIRFLOW_CTX_DAG_OWNER='Sai' AIRFLOW_CTX_DAG_ID='dag_with_taskflow_api_v02' AIRFLOW_CTX_TASK_ID='get_name' AIRFLOW_CTX_EXECUTION_DATE='2023-04-04T00:00:00+00:00' AIRFLOW_CTX_TRY_NUMBER='1' AIRFLOW_CTX_DAG_RUN_ID='scheduled__2023-04-04T00:00:00+00:00'
[2023-05-25T07:03:18.040+0000] {python.py:183} INFO - Done. Returned value was: {'first_name': 'Sai', 'last_name': 'Tr'}
[2023-05-25T07:03:18.238+0000] {taskinstance.py:1350} INFO - Marking task as SUCCESS. dag_id=dag_with_taskflow_api_v02, task_id=get_name, execution_date=20230404T000000, start_date=20230525T070316, end_date=20230525T070318
[2023-05-25T07:03:18.630+0000] {local_task_job_runner.py:225} INFO - Task exited with return code 0
[2023-05-25T07:03:18.859+0000] {taskinstance.py:2651} INFO - 1 downstream tasks scheduled from follow-on schedule check
[2023-05-25T10:37:52.081+0000] {taskinstance.py:1103} INFO - Dependencies all met for dep_context=non-requeueable deps ti=<TaskInstance: dag_with_taskflow_api_v02.get_name scheduled__2023-04-04T00:00:00+00:00 [queued]>
[2023-05-25T10:37:52.096+0000] {taskinstance.py:1103} INFO - Dependencies all met for dep_context=requeueable deps ti=<TaskInstance: dag_with_taskflow_api_v02.get_name scheduled__2023-04-04T00:00:00+00:00 [queued]>
[2023-05-25T10:37:52.096+0000] {taskinstance.py:1308} INFO - Starting attempt 1 of 6
[2023-05-25T10:37:52.118+0000] {taskinstance.py:1327} INFO - Executing <Task(_PythonDecoratedOperator): get_name> on 2023-04-04 00:00:00+00:00
[2023-05-25T10:37:52.124+0000] {standard_task_runner.py:57} INFO - Started process 4882 to run task
[2023-05-25T10:37:52.129+0000] {standard_task_runner.py:84} INFO - Running: ['***', 'tasks', 'run', 'dag_with_taskflow_api_v02', 'get_name', 'scheduled__2023-04-04T00:00:00+00:00', '--job-id', '1594', '--raw', '--subdir', 'DAGS_FOLDER/first_dag.py', '--cfg-path', '/tmp/tmpalyqzqj9']
[2023-05-25T10:37:52.133+0000] {standard_task_runner.py:85} INFO - Job 1594: Subtask get_name
[2023-05-25T10:37:52.222+0000] {task_command.py:410} INFO - Running <TaskInstance: dag_with_taskflow_api_v02.get_name scheduled__2023-04-04T00:00:00+00:00 [running]> on host b1ae37a9584e
[2023-05-25T10:37:52.394+0000] {taskinstance.py:1547} INFO - Exporting env vars: AIRFLOW_CTX_DAG_OWNER='Sai' AIRFLOW_CTX_DAG_ID='dag_with_taskflow_api_v02' AIRFLOW_CTX_TASK_ID='get_name' AIRFLOW_CTX_EXECUTION_DATE='2023-04-04T00:00:00+00:00' AIRFLOW_CTX_TRY_NUMBER='1' AIRFLOW_CTX_DAG_RUN_ID='scheduled__2023-04-04T00:00:00+00:00'
[2023-05-25T10:37:52.395+0000] {python.py:183} INFO - Done. Returned value was: {'first_name': 'Sai', 'last_name': 'Tr'}
[2023-05-25T10:37:52.515+0000] {taskinstance.py:1350} INFO - Marking task as SUCCESS. dag_id=dag_with_taskflow_api_v02, task_id=get_name, execution_date=20230404T000000, start_date=20230525T103752, end_date=20230525T103752
[2023-05-25T10:37:52.588+0000] {local_task_job_runner.py:225} INFO - Task exited with return code 0
[2023-05-25T10:37:52.687+0000] {taskinstance.py:2651} INFO - 0 downstream tasks scheduled from follow-on schedule check
