[2023-05-24T15:18:40.023+0000] {taskinstance.py:1103} INFO - Dependencies all met for dep_context=non-requeueable deps ti=<TaskInstance: dag_with_taskflow_api_v02.greet scheduled__2022-02-04T00:00:00+00:00 [queued]>
[2023-05-24T15:18:40.112+0000] {taskinstance.py:1103} INFO - Dependencies all met for dep_context=requeueable deps ti=<TaskInstance: dag_with_taskflow_api_v02.greet scheduled__2022-02-04T00:00:00+00:00 [queued]>
[2023-05-24T15:18:40.112+0000] {taskinstance.py:1308} INFO - Starting attempt 1 of 6
[2023-05-24T15:18:40.590+0000] {taskinstance.py:1327} INFO - Executing <Task(_PythonDecoratedOperator): greet> on 2022-02-04 00:00:00+00:00
[2023-05-24T15:18:40.607+0000] {standard_task_runner.py:57} INFO - Started process 933 to run task
[2023-05-24T15:18:40.632+0000] {standard_task_runner.py:84} INFO - Running: ['***', 'tasks', 'run', 'dag_with_taskflow_api_v02', 'greet', 'scheduled__2022-02-04T00:00:00+00:00', '--job-id', '329', '--raw', '--subdir', 'DAGS_FOLDER/first_dag.py', '--cfg-path', '/tmp/tmps5xc1r7o']
[2023-05-24T15:18:40.639+0000] {standard_task_runner.py:85} INFO - Job 329: Subtask greet
[2023-05-24T15:18:40.926+0000] {task_command.py:410} INFO - Running <TaskInstance: dag_with_taskflow_api_v02.greet scheduled__2022-02-04T00:00:00+00:00 [running]> on host 942de29f183d
[2023-05-24T15:18:41.718+0000] {taskinstance.py:1547} INFO - Exporting env vars: AIRFLOW_CTX_DAG_OWNER='Sai' AIRFLOW_CTX_DAG_ID='dag_with_taskflow_api_v02' AIRFLOW_CTX_TASK_ID='greet' AIRFLOW_CTX_EXECUTION_DATE='2022-02-04T00:00:00+00:00' AIRFLOW_CTX_TRY_NUMBER='1' AIRFLOW_CTX_DAG_RUN_ID='scheduled__2022-02-04T00:00:00+00:00'
[2023-05-24T15:18:41.720+0000] {logging_mixin.py:149} INFO - Hello World! My name is Sai Tr and I am 19 years old!
[2023-05-24T15:18:41.725+0000] {python.py:183} INFO - Done. Returned value was: None
[2023-05-24T15:18:41.787+0000] {taskinstance.py:1350} INFO - Marking task as SUCCESS. dag_id=dag_with_taskflow_api_v02, task_id=greet, execution_date=20220204T000000, start_date=20230524T151840, end_date=20230524T151841
[2023-05-24T15:18:41.878+0000] {local_task_job_runner.py:225} INFO - Task exited with return code 0
[2023-05-24T15:18:42.482+0000] {taskinstance.py:2651} INFO - 0 downstream tasks scheduled from follow-on schedule check
[2023-05-25T06:51:47.944+0000] {taskinstance.py:1103} INFO - Dependencies all met for dep_context=non-requeueable deps ti=<TaskInstance: dag_with_taskflow_api_v02.greet scheduled__2022-02-04T00:00:00+00:00 [queued]>
[2023-05-25T06:51:47.977+0000] {taskinstance.py:1103} INFO - Dependencies all met for dep_context=requeueable deps ti=<TaskInstance: dag_with_taskflow_api_v02.greet scheduled__2022-02-04T00:00:00+00:00 [queued]>
[2023-05-25T06:51:47.982+0000] {taskinstance.py:1308} INFO - Starting attempt 1 of 6
[2023-05-25T06:51:48.054+0000] {taskinstance.py:1327} INFO - Executing <Task(_PythonDecoratedOperator): greet> on 2022-02-04 00:00:00+00:00
[2023-05-25T06:51:48.065+0000] {standard_task_runner.py:57} INFO - Started process 2427 to run task
[2023-05-25T06:51:48.075+0000] {standard_task_runner.py:84} INFO - Running: ['***', 'tasks', 'run', 'dag_with_taskflow_api_v02', 'greet', 'scheduled__2022-02-04T00:00:00+00:00', '--job-id', '315', '--raw', '--subdir', 'DAGS_FOLDER/first_dag.py', '--cfg-path', '/tmp/tmpzkqw_wsd']
[2023-05-25T06:51:48.079+0000] {standard_task_runner.py:85} INFO - Job 315: Subtask greet
[2023-05-25T06:51:48.190+0000] {task_command.py:410} INFO - Running <TaskInstance: dag_with_taskflow_api_v02.greet scheduled__2022-02-04T00:00:00+00:00 [running]> on host 6bd07c7477d9
[2023-05-25T06:51:48.413+0000] {taskinstance.py:1547} INFO - Exporting env vars: AIRFLOW_CTX_DAG_OWNER='Sai' AIRFLOW_CTX_DAG_ID='dag_with_taskflow_api_v02' AIRFLOW_CTX_TASK_ID='greet' AIRFLOW_CTX_EXECUTION_DATE='2022-02-04T00:00:00+00:00' AIRFLOW_CTX_TRY_NUMBER='1' AIRFLOW_CTX_DAG_RUN_ID='scheduled__2022-02-04T00:00:00+00:00'
[2023-05-25T06:51:48.414+0000] {logging_mixin.py:149} INFO - Hello World! My name is Sai Tr and I am 19 years old!
[2023-05-25T06:51:48.415+0000] {python.py:183} INFO - Done. Returned value was: None
[2023-05-25T06:51:48.434+0000] {taskinstance.py:1350} INFO - Marking task as SUCCESS. dag_id=dag_with_taskflow_api_v02, task_id=greet, execution_date=20220204T000000, start_date=20230525T065147, end_date=20230525T065148
[2023-05-25T06:51:48.486+0000] {local_task_job_runner.py:225} INFO - Task exited with return code 0
[2023-05-25T06:51:48.518+0000] {taskinstance.py:2651} INFO - 0 downstream tasks scheduled from follow-on schedule check
[2023-05-25T10:22:36.433+0000] {taskinstance.py:1103} INFO - Dependencies all met for dep_context=non-requeueable deps ti=<TaskInstance: dag_with_taskflow_api_v02.greet scheduled__2022-02-04T00:00:00+00:00 [queued]>
[2023-05-25T10:22:36.478+0000] {taskinstance.py:1103} INFO - Dependencies all met for dep_context=requeueable deps ti=<TaskInstance: dag_with_taskflow_api_v02.greet scheduled__2022-02-04T00:00:00+00:00 [queued]>
[2023-05-25T10:22:36.479+0000] {taskinstance.py:1308} INFO - Starting attempt 1 of 6
[2023-05-25T10:22:36.571+0000] {taskinstance.py:1327} INFO - Executing <Task(_PythonDecoratedOperator): greet> on 2022-02-04 00:00:00+00:00
[2023-05-25T10:22:36.586+0000] {standard_task_runner.py:57} INFO - Started process 1976 to run task
[2023-05-25T10:22:36.605+0000] {standard_task_runner.py:84} INFO - Running: ['***', 'tasks', 'run', 'dag_with_taskflow_api_v02', 'greet', 'scheduled__2022-02-04T00:00:00+00:00', '--job-id', '313', '--raw', '--subdir', 'DAGS_FOLDER/first_dag.py', '--cfg-path', '/tmp/tmpnjr0dh2u']
[2023-05-25T10:22:36.609+0000] {standard_task_runner.py:85} INFO - Job 313: Subtask greet
[2023-05-25T10:22:36.824+0000] {task_command.py:410} INFO - Running <TaskInstance: dag_with_taskflow_api_v02.greet scheduled__2022-02-04T00:00:00+00:00 [running]> on host b1ae37a9584e
[2023-05-25T10:22:37.669+0000] {taskinstance.py:1547} INFO - Exporting env vars: AIRFLOW_CTX_DAG_OWNER='Sai' AIRFLOW_CTX_DAG_ID='dag_with_taskflow_api_v02' AIRFLOW_CTX_TASK_ID='greet' AIRFLOW_CTX_EXECUTION_DATE='2022-02-04T00:00:00+00:00' AIRFLOW_CTX_TRY_NUMBER='1' AIRFLOW_CTX_DAG_RUN_ID='scheduled__2022-02-04T00:00:00+00:00'
[2023-05-25T10:22:37.671+0000] {logging_mixin.py:149} INFO - Hello World! My name is Sai Tr and I am 19 years old!
[2023-05-25T10:22:37.671+0000] {python.py:183} INFO - Done. Returned value was: None
[2023-05-25T10:22:37.725+0000] {taskinstance.py:1350} INFO - Marking task as SUCCESS. dag_id=dag_with_taskflow_api_v02, task_id=greet, execution_date=20220204T000000, start_date=20230525T102236, end_date=20230525T102237
[2023-05-25T10:22:37.799+0000] {local_task_job_runner.py:225} INFO - Task exited with return code 0
[2023-05-25T10:22:38.029+0000] {taskinstance.py:2651} INFO - 0 downstream tasks scheduled from follow-on schedule check
