[2023-05-24T15:30:51.426+0000] {taskinstance.py:1103} INFO - Dependencies all met for dep_context=non-requeueable deps ti=<TaskInstance: dag_with_taskflow_api_v02.get_age scheduled__2023-04-08T00:00:00+00:00 [queued]>
[2023-05-24T15:30:51.496+0000] {taskinstance.py:1103} INFO - Dependencies all met for dep_context=requeueable deps ti=<TaskInstance: dag_with_taskflow_api_v02.get_age scheduled__2023-04-08T00:00:00+00:00 [queued]>
[2023-05-24T15:30:51.496+0000] {taskinstance.py:1308} INFO - Starting attempt 1 of 6
[2023-05-24T15:30:51.585+0000] {taskinstance.py:1327} INFO - Executing <Task(_PythonDecoratedOperator): get_age> on 2023-04-08 00:00:00+00:00
[2023-05-24T15:30:51.599+0000] {standard_task_runner.py:57} INFO - Started process 3731 to run task
[2023-05-24T15:30:51.616+0000] {standard_task_runner.py:84} INFO - Running: ['***', 'tasks', 'run', 'dag_with_taskflow_api_v02', 'get_age', 'scheduled__2023-04-08T00:00:00+00:00', '--job-id', '1586', '--raw', '--subdir', 'DAGS_FOLDER/first_dag.py', '--cfg-path', '/tmp/tmphs4_7aya']
[2023-05-24T15:30:51.619+0000] {standard_task_runner.py:85} INFO - Job 1586: Subtask get_age
[2023-05-24T15:30:51.835+0000] {task_command.py:410} INFO - Running <TaskInstance: dag_with_taskflow_api_v02.get_age scheduled__2023-04-08T00:00:00+00:00 [running]> on host 942de29f183d
[2023-05-24T15:30:52.786+0000] {taskinstance.py:1547} INFO - Exporting env vars: AIRFLOW_CTX_DAG_OWNER='Sai' AIRFLOW_CTX_DAG_ID='dag_with_taskflow_api_v02' AIRFLOW_CTX_TASK_ID='get_age' AIRFLOW_CTX_EXECUTION_DATE='2023-04-08T00:00:00+00:00' AIRFLOW_CTX_TRY_NUMBER='1' AIRFLOW_CTX_DAG_RUN_ID='scheduled__2023-04-08T00:00:00+00:00'
[2023-05-24T15:30:52.787+0000] {python.py:183} INFO - Done. Returned value was: 19
[2023-05-24T15:30:52.902+0000] {taskinstance.py:1350} INFO - Marking task as SUCCESS. dag_id=dag_with_taskflow_api_v02, task_id=get_age, execution_date=20230408T000000, start_date=20230524T153051, end_date=20230524T153052
[2023-05-24T15:30:53.080+0000] {local_task_job_runner.py:225} INFO - Task exited with return code 0
[2023-05-24T15:30:53.304+0000] {taskinstance.py:2651} INFO - 0 downstream tasks scheduled from follow-on schedule check
[2023-05-25T07:03:22.580+0000] {taskinstance.py:1103} INFO - Dependencies all met for dep_context=non-requeueable deps ti=<TaskInstance: dag_with_taskflow_api_v02.get_age scheduled__2023-04-08T00:00:00+00:00 [queued]>
[2023-05-25T07:03:22.677+0000] {taskinstance.py:1103} INFO - Dependencies all met for dep_context=requeueable deps ti=<TaskInstance: dag_with_taskflow_api_v02.get_age scheduled__2023-04-08T00:00:00+00:00 [queued]>
[2023-05-25T07:03:22.678+0000] {taskinstance.py:1308} INFO - Starting attempt 1 of 6
[2023-05-25T07:03:22.776+0000] {taskinstance.py:1327} INFO - Executing <Task(_PythonDecoratedOperator): get_age> on 2023-04-08 00:00:00+00:00
[2023-05-25T07:03:22.797+0000] {standard_task_runner.py:57} INFO - Started process 5252 to run task
[2023-05-25T07:03:22.854+0000] {standard_task_runner.py:84} INFO - Running: ['***', 'tasks', 'run', 'dag_with_taskflow_api_v02', 'get_age', 'scheduled__2023-04-08T00:00:00+00:00', '--job-id', '1588', '--raw', '--subdir', 'DAGS_FOLDER/first_dag.py', '--cfg-path', '/tmp/tmp895n6v9y']
[2023-05-25T07:03:22.857+0000] {standard_task_runner.py:85} INFO - Job 1588: Subtask get_age
[2023-05-25T07:03:23.220+0000] {task_command.py:410} INFO - Running <TaskInstance: dag_with_taskflow_api_v02.get_age scheduled__2023-04-08T00:00:00+00:00 [running]> on host 6bd07c7477d9
[2023-05-25T07:03:24.043+0000] {taskinstance.py:1547} INFO - Exporting env vars: AIRFLOW_CTX_DAG_OWNER='Sai' AIRFLOW_CTX_DAG_ID='dag_with_taskflow_api_v02' AIRFLOW_CTX_TASK_ID='get_age' AIRFLOW_CTX_EXECUTION_DATE='2023-04-08T00:00:00+00:00' AIRFLOW_CTX_TRY_NUMBER='1' AIRFLOW_CTX_DAG_RUN_ID='scheduled__2023-04-08T00:00:00+00:00'
[2023-05-25T07:03:24.044+0000] {python.py:183} INFO - Done. Returned value was: 19
[2023-05-25T07:03:24.117+0000] {taskinstance.py:1350} INFO - Marking task as SUCCESS. dag_id=dag_with_taskflow_api_v02, task_id=get_age, execution_date=20230408T000000, start_date=20230525T070322, end_date=20230525T070324
[2023-05-25T07:03:24.200+0000] {local_task_job_runner.py:225} INFO - Task exited with return code 0
[2023-05-25T07:03:24.519+0000] {taskinstance.py:2651} INFO - 1 downstream tasks scheduled from follow-on schedule check
[2023-05-25T10:37:58.155+0000] {taskinstance.py:1103} INFO - Dependencies all met for dep_context=non-requeueable deps ti=<TaskInstance: dag_with_taskflow_api_v02.get_age scheduled__2023-04-08T00:00:00+00:00 [queued]>
[2023-05-25T10:37:58.421+0000] {taskinstance.py:1103} INFO - Dependencies all met for dep_context=requeueable deps ti=<TaskInstance: dag_with_taskflow_api_v02.get_age scheduled__2023-04-08T00:00:00+00:00 [queued]>
[2023-05-25T10:37:58.422+0000] {taskinstance.py:1308} INFO - Starting attempt 1 of 6
[2023-05-25T10:37:59.437+0000] {taskinstance.py:1327} INFO - Executing <Task(_PythonDecoratedOperator): get_age> on 2023-04-08 00:00:00+00:00
[2023-05-25T10:37:59.454+0000] {standard_task_runner.py:57} INFO - Started process 4916 to run task
[2023-05-25T10:37:59.477+0000] {standard_task_runner.py:84} INFO - Running: ['***', 'tasks', 'run', 'dag_with_taskflow_api_v02', 'get_age', 'scheduled__2023-04-08T00:00:00+00:00', '--job-id', '1604', '--raw', '--subdir', 'DAGS_FOLDER/first_dag.py', '--cfg-path', '/tmp/tmp_2wdmnz2']
[2023-05-25T10:37:59.487+0000] {standard_task_runner.py:85} INFO - Job 1604: Subtask get_age
[2023-05-25T10:37:59.896+0000] {task_command.py:410} INFO - Running <TaskInstance: dag_with_taskflow_api_v02.get_age scheduled__2023-04-08T00:00:00+00:00 [running]> on host b1ae37a9584e
[2023-05-25T10:38:01.015+0000] {taskinstance.py:1547} INFO - Exporting env vars: AIRFLOW_CTX_DAG_OWNER='Sai' AIRFLOW_CTX_DAG_ID='dag_with_taskflow_api_v02' AIRFLOW_CTX_TASK_ID='get_age' AIRFLOW_CTX_EXECUTION_DATE='2023-04-08T00:00:00+00:00' AIRFLOW_CTX_TRY_NUMBER='1' AIRFLOW_CTX_DAG_RUN_ID='scheduled__2023-04-08T00:00:00+00:00'
[2023-05-25T10:38:01.017+0000] {python.py:183} INFO - Done. Returned value was: 19
[2023-05-25T10:38:01.184+0000] {taskinstance.py:1350} INFO - Marking task as SUCCESS. dag_id=dag_with_taskflow_api_v02, task_id=get_age, execution_date=20230408T000000, start_date=20230525T103758, end_date=20230525T103801
[2023-05-25T10:38:01.314+0000] {local_task_job_runner.py:225} INFO - Task exited with return code 0
[2023-05-25T10:38:01.510+0000] {taskinstance.py:2651} INFO - 0 downstream tasks scheduled from follow-on schedule check
