[2023-05-24T15:28:07.891+0000] {taskinstance.py:1103} INFO - Dependencies all met for dep_context=non-requeueable deps ti=<TaskInstance: dag_with_taskflow_api_v02.greet scheduled__2022-12-27T00:00:00+00:00 [queued]>
[2023-05-24T15:28:07.921+0000] {taskinstance.py:1103} INFO - Dependencies all met for dep_context=requeueable deps ti=<TaskInstance: dag_with_taskflow_api_v02.greet scheduled__2022-12-27T00:00:00+00:00 [queued]>
[2023-05-24T15:28:07.922+0000] {taskinstance.py:1308} INFO - Starting attempt 1 of 6
[2023-05-24T15:28:07.985+0000] {taskinstance.py:1327} INFO - Executing <Task(_PythonDecoratedOperator): greet> on 2022-12-27 00:00:00+00:00
[2023-05-24T15:28:07.999+0000] {standard_task_runner.py:57} INFO - Started process 3069 to run task
[2023-05-24T15:28:08.007+0000] {standard_task_runner.py:84} INFO - Running: ['***', 'tasks', 'run', 'dag_with_taskflow_api_v02', 'greet', 'scheduled__2022-12-27T00:00:00+00:00', '--job-id', '1293', '--raw', '--subdir', 'DAGS_FOLDER/first_dag.py', '--cfg-path', '/tmp/tmp3u9v0p1k']
[2023-05-24T15:28:08.010+0000] {standard_task_runner.py:85} INFO - Job 1293: Subtask greet
[2023-05-24T15:28:08.111+0000] {task_command.py:410} INFO - Running <TaskInstance: dag_with_taskflow_api_v02.greet scheduled__2022-12-27T00:00:00+00:00 [running]> on host 942de29f183d
[2023-05-24T15:28:08.428+0000] {taskinstance.py:1547} INFO - Exporting env vars: AIRFLOW_CTX_DAG_OWNER='Sai' AIRFLOW_CTX_DAG_ID='dag_with_taskflow_api_v02' AIRFLOW_CTX_TASK_ID='greet' AIRFLOW_CTX_EXECUTION_DATE='2022-12-27T00:00:00+00:00' AIRFLOW_CTX_TRY_NUMBER='1' AIRFLOW_CTX_DAG_RUN_ID='scheduled__2022-12-27T00:00:00+00:00'
[2023-05-24T15:28:08.430+0000] {logging_mixin.py:149} INFO - Hello World! My name is Sai Tr and I am 19 years old!
[2023-05-24T15:28:08.430+0000] {python.py:183} INFO - Done. Returned value was: None
[2023-05-24T15:28:08.480+0000] {taskinstance.py:1350} INFO - Marking task as SUCCESS. dag_id=dag_with_taskflow_api_v02, task_id=greet, execution_date=20221227T000000, start_date=20230524T152807, end_date=20230524T152808
[2023-05-24T15:28:08.587+0000] {local_task_job_runner.py:225} INFO - Task exited with return code 0
[2023-05-24T15:28:08.634+0000] {taskinstance.py:2651} INFO - 0 downstream tasks scheduled from follow-on schedule check
[2023-05-25T07:00:50.753+0000] {taskinstance.py:1103} INFO - Dependencies all met for dep_context=non-requeueable deps ti=<TaskInstance: dag_with_taskflow_api_v02.greet scheduled__2022-12-27T00:00:00+00:00 [queued]>
[2023-05-25T07:00:50.962+0000] {taskinstance.py:1103} INFO - Dependencies all met for dep_context=requeueable deps ti=<TaskInstance: dag_with_taskflow_api_v02.greet scheduled__2022-12-27T00:00:00+00:00 [queued]>
[2023-05-25T07:00:50.962+0000] {taskinstance.py:1308} INFO - Starting attempt 1 of 6
[2023-05-25T07:00:52.312+0000] {taskinstance.py:1327} INFO - Executing <Task(_PythonDecoratedOperator): greet> on 2022-12-27 00:00:00+00:00
[2023-05-25T07:00:52.345+0000] {standard_task_runner.py:57} INFO - Started process 4629 to run task
[2023-05-25T07:00:52.380+0000] {standard_task_runner.py:84} INFO - Running: ['***', 'tasks', 'run', 'dag_with_taskflow_api_v02', 'greet', 'scheduled__2022-12-27T00:00:00+00:00', '--job-id', '1305', '--raw', '--subdir', 'DAGS_FOLDER/first_dag.py', '--cfg-path', '/tmp/tmp23gyvf3q']
[2023-05-25T07:00:52.404+0000] {standard_task_runner.py:85} INFO - Job 1305: Subtask greet
[2023-05-25T07:00:52.778+0000] {task_command.py:410} INFO - Running <TaskInstance: dag_with_taskflow_api_v02.greet scheduled__2022-12-27T00:00:00+00:00 [running]> on host 6bd07c7477d9
[2023-05-25T07:00:53.849+0000] {taskinstance.py:1547} INFO - Exporting env vars: AIRFLOW_CTX_DAG_OWNER='Sai' AIRFLOW_CTX_DAG_ID='dag_with_taskflow_api_v02' AIRFLOW_CTX_TASK_ID='greet' AIRFLOW_CTX_EXECUTION_DATE='2022-12-27T00:00:00+00:00' AIRFLOW_CTX_TRY_NUMBER='1' AIRFLOW_CTX_DAG_RUN_ID='scheduled__2022-12-27T00:00:00+00:00'
[2023-05-25T07:00:53.851+0000] {logging_mixin.py:149} INFO - Hello World! My name is Sai Tr and I am 19 years old!
[2023-05-25T07:00:53.854+0000] {python.py:183} INFO - Done. Returned value was: None
[2023-05-25T07:00:53.917+0000] {taskinstance.py:1350} INFO - Marking task as SUCCESS. dag_id=dag_with_taskflow_api_v02, task_id=greet, execution_date=20221227T000000, start_date=20230525T070050, end_date=20230525T070053
[2023-05-25T07:00:54.033+0000] {local_task_job_runner.py:225} INFO - Task exited with return code 0
[2023-05-25T07:00:54.222+0000] {taskinstance.py:2651} INFO - 0 downstream tasks scheduled from follow-on schedule check
[2023-05-25T10:34:51.822+0000] {taskinstance.py:1103} INFO - Dependencies all met for dep_context=non-requeueable deps ti=<TaskInstance: dag_with_taskflow_api_v02.greet scheduled__2022-12-27T00:00:00+00:00 [queued]>
[2023-05-25T10:34:51.863+0000] {taskinstance.py:1103} INFO - Dependencies all met for dep_context=requeueable deps ti=<TaskInstance: dag_with_taskflow_api_v02.greet scheduled__2022-12-27T00:00:00+00:00 [queued]>
[2023-05-25T10:34:51.864+0000] {taskinstance.py:1308} INFO - Starting attempt 1 of 6
[2023-05-25T10:34:52.342+0000] {taskinstance.py:1327} INFO - Executing <Task(_PythonDecoratedOperator): greet> on 2022-12-27 00:00:00+00:00
[2023-05-25T10:34:52.349+0000] {standard_task_runner.py:57} INFO - Started process 4253 to run task
[2023-05-25T10:34:52.387+0000] {standard_task_runner.py:84} INFO - Running: ['***', 'tasks', 'run', 'dag_with_taskflow_api_v02', 'greet', 'scheduled__2022-12-27T00:00:00+00:00', '--job-id', '1312', '--raw', '--subdir', 'DAGS_FOLDER/first_dag.py', '--cfg-path', '/tmp/tmp3h672y_t']
[2023-05-25T10:34:52.397+0000] {standard_task_runner.py:85} INFO - Job 1312: Subtask greet
[2023-05-25T10:34:52.824+0000] {task_command.py:410} INFO - Running <TaskInstance: dag_with_taskflow_api_v02.greet scheduled__2022-12-27T00:00:00+00:00 [running]> on host b1ae37a9584e
[2023-05-25T10:34:53.484+0000] {taskinstance.py:1547} INFO - Exporting env vars: AIRFLOW_CTX_DAG_OWNER='Sai' AIRFLOW_CTX_DAG_ID='dag_with_taskflow_api_v02' AIRFLOW_CTX_TASK_ID='greet' AIRFLOW_CTX_EXECUTION_DATE='2022-12-27T00:00:00+00:00' AIRFLOW_CTX_TRY_NUMBER='1' AIRFLOW_CTX_DAG_RUN_ID='scheduled__2022-12-27T00:00:00+00:00'
[2023-05-25T10:34:53.486+0000] {logging_mixin.py:149} INFO - Hello World! My name is Sai Tr and I am 19 years old!
[2023-05-25T10:34:53.486+0000] {python.py:183} INFO - Done. Returned value was: None
[2023-05-25T10:34:53.522+0000] {taskinstance.py:1350} INFO - Marking task as SUCCESS. dag_id=dag_with_taskflow_api_v02, task_id=greet, execution_date=20221227T000000, start_date=20230525T103451, end_date=20230525T103453
[2023-05-25T10:34:53.674+0000] {local_task_job_runner.py:225} INFO - Task exited with return code 0
[2023-05-25T10:34:53.782+0000] {taskinstance.py:2651} INFO - 0 downstream tasks scheduled from follow-on schedule check
