[2023-05-24T15:18:54.302+0000] {taskinstance.py:1103} INFO - Dependencies all met for dep_context=non-requeueable deps ti=<TaskInstance: dag_with_taskflow_api_v02.get_age scheduled__2022-02-20T00:00:00+00:00 [queued]>
[2023-05-24T15:18:54.364+0000] {taskinstance.py:1103} INFO - Dependencies all met for dep_context=requeueable deps ti=<TaskInstance: dag_with_taskflow_api_v02.get_age scheduled__2022-02-20T00:00:00+00:00 [queued]>
[2023-05-24T15:18:54.365+0000] {taskinstance.py:1308} INFO - Starting attempt 1 of 6
[2023-05-24T15:18:54.557+0000] {taskinstance.py:1327} INFO - Executing <Task(_PythonDecoratedOperator): get_age> on 2022-02-20 00:00:00+00:00
[2023-05-24T15:18:54.564+0000] {standard_task_runner.py:57} INFO - Started process 982 to run task
[2023-05-24T15:18:54.600+0000] {standard_task_runner.py:84} INFO - Running: ['***', 'tasks', 'run', 'dag_with_taskflow_api_v02', 'get_age', 'scheduled__2022-02-20T00:00:00+00:00', '--job-id', '352', '--raw', '--subdir', 'DAGS_FOLDER/first_dag.py', '--cfg-path', '/tmp/tmphx71lbxr']
[2023-05-24T15:18:54.638+0000] {standard_task_runner.py:85} INFO - Job 352: Subtask get_age
[2023-05-24T15:18:55.030+0000] {task_command.py:410} INFO - Running <TaskInstance: dag_with_taskflow_api_v02.get_age scheduled__2022-02-20T00:00:00+00:00 [running]> on host 942de29f183d
[2023-05-24T15:18:55.525+0000] {taskinstance.py:1547} INFO - Exporting env vars: AIRFLOW_CTX_DAG_OWNER='Sai' AIRFLOW_CTX_DAG_ID='dag_with_taskflow_api_v02' AIRFLOW_CTX_TASK_ID='get_age' AIRFLOW_CTX_EXECUTION_DATE='2022-02-20T00:00:00+00:00' AIRFLOW_CTX_TRY_NUMBER='1' AIRFLOW_CTX_DAG_RUN_ID='scheduled__2022-02-20T00:00:00+00:00'
[2023-05-24T15:18:55.526+0000] {python.py:183} INFO - Done. Returned value was: 19
[2023-05-24T15:18:55.700+0000] {taskinstance.py:1350} INFO - Marking task as SUCCESS. dag_id=dag_with_taskflow_api_v02, task_id=get_age, execution_date=20220220T000000, start_date=20230524T151854, end_date=20230524T151855
[2023-05-24T15:18:55.916+0000] {local_task_job_runner.py:225} INFO - Task exited with return code 0
[2023-05-24T15:18:56.059+0000] {taskinstance.py:2651} INFO - 0 downstream tasks scheduled from follow-on schedule check
[2023-05-25T06:52:10.477+0000] {taskinstance.py:1103} INFO - Dependencies all met for dep_context=non-requeueable deps ti=<TaskInstance: dag_with_taskflow_api_v02.get_age scheduled__2022-02-20T00:00:00+00:00 [queued]>
[2023-05-25T06:52:10.514+0000] {taskinstance.py:1103} INFO - Dependencies all met for dep_context=requeueable deps ti=<TaskInstance: dag_with_taskflow_api_v02.get_age scheduled__2022-02-20T00:00:00+00:00 [queued]>
[2023-05-25T06:52:10.518+0000] {taskinstance.py:1308} INFO - Starting attempt 1 of 6
[2023-05-25T06:52:10.568+0000] {taskinstance.py:1327} INFO - Executing <Task(_PythonDecoratedOperator): get_age> on 2022-02-20 00:00:00+00:00
[2023-05-25T06:52:10.581+0000] {standard_task_runner.py:57} INFO - Started process 2518 to run task
[2023-05-25T06:52:10.590+0000] {standard_task_runner.py:84} INFO - Running: ['***', 'tasks', 'run', 'dag_with_taskflow_api_v02', 'get_age', 'scheduled__2022-02-20T00:00:00+00:00', '--job-id', '350', '--raw', '--subdir', 'DAGS_FOLDER/first_dag.py', '--cfg-path', '/tmp/tmpspc80dqn']
[2023-05-25T06:52:10.594+0000] {standard_task_runner.py:85} INFO - Job 350: Subtask get_age
[2023-05-25T06:52:10.775+0000] {task_command.py:410} INFO - Running <TaskInstance: dag_with_taskflow_api_v02.get_age scheduled__2022-02-20T00:00:00+00:00 [running]> on host 6bd07c7477d9
[2023-05-25T06:52:11.396+0000] {taskinstance.py:1547} INFO - Exporting env vars: AIRFLOW_CTX_DAG_OWNER='Sai' AIRFLOW_CTX_DAG_ID='dag_with_taskflow_api_v02' AIRFLOW_CTX_TASK_ID='get_age' AIRFLOW_CTX_EXECUTION_DATE='2022-02-20T00:00:00+00:00' AIRFLOW_CTX_TRY_NUMBER='1' AIRFLOW_CTX_DAG_RUN_ID='scheduled__2022-02-20T00:00:00+00:00'
[2023-05-25T06:52:11.397+0000] {python.py:183} INFO - Done. Returned value was: 19
[2023-05-25T06:52:11.481+0000] {taskinstance.py:1350} INFO - Marking task as SUCCESS. dag_id=dag_with_taskflow_api_v02, task_id=get_age, execution_date=20220220T000000, start_date=20230525T065210, end_date=20230525T065211
[2023-05-25T06:52:11.866+0000] {local_task_job_runner.py:225} INFO - Task exited with return code 0
[2023-05-25T06:52:12.100+0000] {taskinstance.py:2651} INFO - 0 downstream tasks scheduled from follow-on schedule check
[2023-05-25T10:23:04.021+0000] {taskinstance.py:1103} INFO - Dependencies all met for dep_context=non-requeueable deps ti=<TaskInstance: dag_with_taskflow_api_v02.get_age scheduled__2022-02-20T00:00:00+00:00 [queued]>
[2023-05-25T10:23:04.089+0000] {taskinstance.py:1103} INFO - Dependencies all met for dep_context=requeueable deps ti=<TaskInstance: dag_with_taskflow_api_v02.get_age scheduled__2022-02-20T00:00:00+00:00 [queued]>
[2023-05-25T10:23:04.093+0000] {taskinstance.py:1308} INFO - Starting attempt 1 of 6
[2023-05-25T10:23:04.497+0000] {taskinstance.py:1327} INFO - Executing <Task(_PythonDecoratedOperator): get_age> on 2022-02-20 00:00:00+00:00
[2023-05-25T10:23:04.519+0000] {standard_task_runner.py:57} INFO - Started process 2061 to run task
[2023-05-25T10:23:04.541+0000] {standard_task_runner.py:84} INFO - Running: ['***', 'tasks', 'run', 'dag_with_taskflow_api_v02', 'get_age', 'scheduled__2022-02-20T00:00:00+00:00', '--job-id', '347', '--raw', '--subdir', 'DAGS_FOLDER/first_dag.py', '--cfg-path', '/tmp/tmp1xu1ri5c']
[2023-05-25T10:23:04.563+0000] {standard_task_runner.py:85} INFO - Job 347: Subtask get_age
[2023-05-25T10:23:04.837+0000] {task_command.py:410} INFO - Running <TaskInstance: dag_with_taskflow_api_v02.get_age scheduled__2022-02-20T00:00:00+00:00 [running]> on host b1ae37a9584e
[2023-05-25T10:23:06.310+0000] {taskinstance.py:1547} INFO - Exporting env vars: AIRFLOW_CTX_DAG_OWNER='Sai' AIRFLOW_CTX_DAG_ID='dag_with_taskflow_api_v02' AIRFLOW_CTX_TASK_ID='get_age' AIRFLOW_CTX_EXECUTION_DATE='2022-02-20T00:00:00+00:00' AIRFLOW_CTX_TRY_NUMBER='1' AIRFLOW_CTX_DAG_RUN_ID='scheduled__2022-02-20T00:00:00+00:00'
[2023-05-25T10:23:06.311+0000] {python.py:183} INFO - Done. Returned value was: 19
[2023-05-25T10:23:06.446+0000] {taskinstance.py:1350} INFO - Marking task as SUCCESS. dag_id=dag_with_taskflow_api_v02, task_id=get_age, execution_date=20220220T000000, start_date=20230525T102304, end_date=20230525T102306
[2023-05-25T10:23:06.584+0000] {local_task_job_runner.py:225} INFO - Task exited with return code 0
[2023-05-25T10:23:06.848+0000] {taskinstance.py:2651} INFO - 1 downstream tasks scheduled from follow-on schedule check
