[2023-05-24T15:20:02.195+0000] {taskinstance.py:1103} INFO - Dependencies all met for dep_context=non-requeueable deps ti=<TaskInstance: dag_with_taskflow_api_v02.greet scheduled__2022-03-28T00:00:00+00:00 [queued]>
[2023-05-24T15:20:02.287+0000] {taskinstance.py:1103} INFO - Dependencies all met for dep_context=requeueable deps ti=<TaskInstance: dag_with_taskflow_api_v02.greet scheduled__2022-03-28T00:00:00+00:00 [queued]>
[2023-05-24T15:20:02.288+0000] {taskinstance.py:1308} INFO - Starting attempt 1 of 6
[2023-05-24T15:20:02.393+0000] {taskinstance.py:1327} INFO - Executing <Task(_PythonDecoratedOperator): greet> on 2022-03-28 00:00:00+00:00
[2023-05-24T15:20:02.401+0000] {standard_task_runner.py:57} INFO - Started process 1257 to run task
[2023-05-24T15:20:02.417+0000] {standard_task_runner.py:84} INFO - Running: ['***', 'tasks', 'run', 'dag_with_taskflow_api_v02', 'greet', 'scheduled__2022-03-28T00:00:00+00:00', '--job-id', '477', '--raw', '--subdir', 'DAGS_FOLDER/first_dag.py', '--cfg-path', '/tmp/tmp_tynd6d0']
[2023-05-24T15:20:02.421+0000] {standard_task_runner.py:85} INFO - Job 477: Subtask greet
[2023-05-24T15:20:02.545+0000] {task_command.py:410} INFO - Running <TaskInstance: dag_with_taskflow_api_v02.greet scheduled__2022-03-28T00:00:00+00:00 [running]> on host 942de29f183d
[2023-05-24T15:20:03.031+0000] {taskinstance.py:1547} INFO - Exporting env vars: AIRFLOW_CTX_DAG_OWNER='Sai' AIRFLOW_CTX_DAG_ID='dag_with_taskflow_api_v02' AIRFLOW_CTX_TASK_ID='greet' AIRFLOW_CTX_EXECUTION_DATE='2022-03-28T00:00:00+00:00' AIRFLOW_CTX_TRY_NUMBER='1' AIRFLOW_CTX_DAG_RUN_ID='scheduled__2022-03-28T00:00:00+00:00'
[2023-05-24T15:20:03.033+0000] {logging_mixin.py:149} INFO - Hello World! My name is Sai Tr and I am 19 years old!
[2023-05-24T15:20:03.034+0000] {python.py:183} INFO - Done. Returned value was: None
[2023-05-24T15:20:03.072+0000] {taskinstance.py:1350} INFO - Marking task as SUCCESS. dag_id=dag_with_taskflow_api_v02, task_id=greet, execution_date=20220328T000000, start_date=20230524T152002, end_date=20230524T152003
[2023-05-24T15:20:03.128+0000] {local_task_job_runner.py:225} INFO - Task exited with return code 0
[2023-05-24T15:20:03.242+0000] {taskinstance.py:2651} INFO - 0 downstream tasks scheduled from follow-on schedule check
[2023-05-25T06:53:18.861+0000] {taskinstance.py:1103} INFO - Dependencies all met for dep_context=non-requeueable deps ti=<TaskInstance: dag_with_taskflow_api_v02.greet scheduled__2022-03-28T00:00:00+00:00 [queued]>
[2023-05-25T06:53:18.915+0000] {taskinstance.py:1103} INFO - Dependencies all met for dep_context=requeueable deps ti=<TaskInstance: dag_with_taskflow_api_v02.greet scheduled__2022-03-28T00:00:00+00:00 [queued]>
[2023-05-25T06:53:18.916+0000] {taskinstance.py:1308} INFO - Starting attempt 1 of 6
[2023-05-25T06:53:18.971+0000] {taskinstance.py:1327} INFO - Executing <Task(_PythonDecoratedOperator): greet> on 2022-03-28 00:00:00+00:00
[2023-05-25T06:53:18.984+0000] {standard_task_runner.py:57} INFO - Started process 2796 to run task
[2023-05-25T06:53:18.992+0000] {standard_task_runner.py:84} INFO - Running: ['***', 'tasks', 'run', 'dag_with_taskflow_api_v02', 'greet', 'scheduled__2022-03-28T00:00:00+00:00', '--job-id', '481', '--raw', '--subdir', 'DAGS_FOLDER/first_dag.py', '--cfg-path', '/tmp/tmpc766_su9']
[2023-05-25T06:53:18.999+0000] {standard_task_runner.py:85} INFO - Job 481: Subtask greet
[2023-05-25T06:53:19.130+0000] {task_command.py:410} INFO - Running <TaskInstance: dag_with_taskflow_api_v02.greet scheduled__2022-03-28T00:00:00+00:00 [running]> on host 6bd07c7477d9
[2023-05-25T06:53:19.579+0000] {taskinstance.py:1547} INFO - Exporting env vars: AIRFLOW_CTX_DAG_OWNER='Sai' AIRFLOW_CTX_DAG_ID='dag_with_taskflow_api_v02' AIRFLOW_CTX_TASK_ID='greet' AIRFLOW_CTX_EXECUTION_DATE='2022-03-28T00:00:00+00:00' AIRFLOW_CTX_TRY_NUMBER='1' AIRFLOW_CTX_DAG_RUN_ID='scheduled__2022-03-28T00:00:00+00:00'
[2023-05-25T06:53:19.580+0000] {logging_mixin.py:149} INFO - Hello World! My name is Sai Tr and I am 19 years old!
[2023-05-25T06:53:19.584+0000] {python.py:183} INFO - Done. Returned value was: None
[2023-05-25T06:53:19.612+0000] {taskinstance.py:1350} INFO - Marking task as SUCCESS. dag_id=dag_with_taskflow_api_v02, task_id=greet, execution_date=20220328T000000, start_date=20230525T065318, end_date=20230525T065319
[2023-05-25T06:53:19.704+0000] {local_task_job_runner.py:225} INFO - Task exited with return code 0
[2023-05-25T06:53:19.778+0000] {taskinstance.py:2651} INFO - 0 downstream tasks scheduled from follow-on schedule check
[2023-05-25T10:24:24.314+0000] {taskinstance.py:1103} INFO - Dependencies all met for dep_context=non-requeueable deps ti=<TaskInstance: dag_with_taskflow_api_v02.greet scheduled__2022-03-28T00:00:00+00:00 [queued]>
[2023-05-25T10:24:24.389+0000] {taskinstance.py:1103} INFO - Dependencies all met for dep_context=requeueable deps ti=<TaskInstance: dag_with_taskflow_api_v02.greet scheduled__2022-03-28T00:00:00+00:00 [queued]>
[2023-05-25T10:24:24.393+0000] {taskinstance.py:1308} INFO - Starting attempt 1 of 6
[2023-05-25T10:24:24.632+0000] {taskinstance.py:1327} INFO - Executing <Task(_PythonDecoratedOperator): greet> on 2022-03-28 00:00:00+00:00
[2023-05-25T10:24:24.671+0000] {standard_task_runner.py:57} INFO - Started process 2330 to run task
[2023-05-25T10:24:24.747+0000] {standard_task_runner.py:84} INFO - Running: ['***', 'tasks', 'run', 'dag_with_taskflow_api_v02', 'greet', 'scheduled__2022-03-28T00:00:00+00:00', '--job-id', '468', '--raw', '--subdir', 'DAGS_FOLDER/first_dag.py', '--cfg-path', '/tmp/tmpl2shxg25']
[2023-05-25T10:24:24.773+0000] {standard_task_runner.py:85} INFO - Job 468: Subtask greet
[2023-05-25T10:24:25.120+0000] {task_command.py:410} INFO - Running <TaskInstance: dag_with_taskflow_api_v02.greet scheduled__2022-03-28T00:00:00+00:00 [running]> on host b1ae37a9584e
[2023-05-25T10:24:26.143+0000] {taskinstance.py:1547} INFO - Exporting env vars: AIRFLOW_CTX_DAG_OWNER='Sai' AIRFLOW_CTX_DAG_ID='dag_with_taskflow_api_v02' AIRFLOW_CTX_TASK_ID='greet' AIRFLOW_CTX_EXECUTION_DATE='2022-03-28T00:00:00+00:00' AIRFLOW_CTX_TRY_NUMBER='1' AIRFLOW_CTX_DAG_RUN_ID='scheduled__2022-03-28T00:00:00+00:00'
[2023-05-25T10:24:26.145+0000] {logging_mixin.py:149} INFO - Hello World! My name is Sai Tr and I am 19 years old!
[2023-05-25T10:24:26.146+0000] {python.py:183} INFO - Done. Returned value was: None
[2023-05-25T10:24:26.189+0000] {taskinstance.py:1350} INFO - Marking task as SUCCESS. dag_id=dag_with_taskflow_api_v02, task_id=greet, execution_date=20220328T000000, start_date=20230525T102424, end_date=20230525T102426
[2023-05-25T10:24:26.308+0000] {local_task_job_runner.py:225} INFO - Task exited with return code 0
[2023-05-25T10:24:26.422+0000] {taskinstance.py:2651} INFO - 0 downstream tasks scheduled from follow-on schedule check
