[2023-05-24T15:20:49.684+0000] {taskinstance.py:1103} INFO - Dependencies all met for dep_context=non-requeueable deps ti=<TaskInstance: dag_with_taskflow_api_v02.get_age scheduled__2022-04-23T00:00:00+00:00 [queued]>
[2023-05-24T15:20:49.910+0000] {taskinstance.py:1103} INFO - Dependencies all met for dep_context=requeueable deps ti=<TaskInstance: dag_with_taskflow_api_v02.get_age scheduled__2022-04-23T00:00:00+00:00 [queued]>
[2023-05-24T15:20:49.911+0000] {taskinstance.py:1308} INFO - Starting attempt 1 of 6
[2023-05-24T15:20:50.214+0000] {taskinstance.py:1327} INFO - Executing <Task(_PythonDecoratedOperator): get_age> on 2022-04-23 00:00:00+00:00
[2023-05-24T15:20:50.279+0000] {standard_task_runner.py:57} INFO - Started process 1398 to run task
[2023-05-24T15:20:50.336+0000] {standard_task_runner.py:84} INFO - Running: ['***', 'tasks', 'run', 'dag_with_taskflow_api_v02', 'get_age', 'scheduled__2022-04-23T00:00:00+00:00', '--job-id', '537', '--raw', '--subdir', 'DAGS_FOLDER/first_dag.py', '--cfg-path', '/tmp/tmpmp9zcu3e']
[2023-05-24T15:20:50.360+0000] {standard_task_runner.py:85} INFO - Job 537: Subtask get_age
[2023-05-24T15:20:50.724+0000] {task_command.py:410} INFO - Running <TaskInstance: dag_with_taskflow_api_v02.get_age scheduled__2022-04-23T00:00:00+00:00 [running]> on host 942de29f183d
[2023-05-24T15:20:51.310+0000] {taskinstance.py:1547} INFO - Exporting env vars: AIRFLOW_CTX_DAG_OWNER='Sai' AIRFLOW_CTX_DAG_ID='dag_with_taskflow_api_v02' AIRFLOW_CTX_TASK_ID='get_age' AIRFLOW_CTX_EXECUTION_DATE='2022-04-23T00:00:00+00:00' AIRFLOW_CTX_TRY_NUMBER='1' AIRFLOW_CTX_DAG_RUN_ID='scheduled__2022-04-23T00:00:00+00:00'
[2023-05-24T15:20:51.311+0000] {python.py:183} INFO - Done. Returned value was: 19
[2023-05-24T15:20:51.410+0000] {taskinstance.py:1350} INFO - Marking task as SUCCESS. dag_id=dag_with_taskflow_api_v02, task_id=get_age, execution_date=20220423T000000, start_date=20230524T152049, end_date=20230524T152051
[2023-05-24T15:20:51.480+0000] {local_task_job_runner.py:225} INFO - Task exited with return code 0
[2023-05-24T15:20:52.489+0000] {taskinstance.py:2651} INFO - 1 downstream tasks scheduled from follow-on schedule check
[2023-05-25T06:53:51.993+0000] {taskinstance.py:1103} INFO - Dependencies all met for dep_context=non-requeueable deps ti=<TaskInstance: dag_with_taskflow_api_v02.get_age scheduled__2022-04-23T00:00:00+00:00 [queued]>
[2023-05-25T06:53:52.078+0000] {taskinstance.py:1103} INFO - Dependencies all met for dep_context=requeueable deps ti=<TaskInstance: dag_with_taskflow_api_v02.get_age scheduled__2022-04-23T00:00:00+00:00 [queued]>
[2023-05-25T06:53:52.079+0000] {taskinstance.py:1308} INFO - Starting attempt 1 of 6
[2023-05-25T06:53:52.446+0000] {taskinstance.py:1327} INFO - Executing <Task(_PythonDecoratedOperator): get_age> on 2022-04-23 00:00:00+00:00
[2023-05-25T06:53:52.460+0000] {standard_task_runner.py:57} INFO - Started process 2932 to run task
[2023-05-25T06:53:52.486+0000] {standard_task_runner.py:84} INFO - Running: ['***', 'tasks', 'run', 'dag_with_taskflow_api_v02', 'get_age', 'scheduled__2022-04-23T00:00:00+00:00', '--job-id', '539', '--raw', '--subdir', 'DAGS_FOLDER/first_dag.py', '--cfg-path', '/tmp/tmpbvorp6jy']
[2023-05-25T06:53:52.527+0000] {standard_task_runner.py:85} INFO - Job 539: Subtask get_age
[2023-05-25T06:53:52.847+0000] {task_command.py:410} INFO - Running <TaskInstance: dag_with_taskflow_api_v02.get_age scheduled__2022-04-23T00:00:00+00:00 [running]> on host 6bd07c7477d9
[2023-05-25T06:53:54.278+0000] {taskinstance.py:1547} INFO - Exporting env vars: AIRFLOW_CTX_DAG_OWNER='Sai' AIRFLOW_CTX_DAG_ID='dag_with_taskflow_api_v02' AIRFLOW_CTX_TASK_ID='get_age' AIRFLOW_CTX_EXECUTION_DATE='2022-04-23T00:00:00+00:00' AIRFLOW_CTX_TRY_NUMBER='1' AIRFLOW_CTX_DAG_RUN_ID='scheduled__2022-04-23T00:00:00+00:00'
[2023-05-25T06:53:54.279+0000] {python.py:183} INFO - Done. Returned value was: 19
[2023-05-25T06:53:54.415+0000] {taskinstance.py:1350} INFO - Marking task as SUCCESS. dag_id=dag_with_taskflow_api_v02, task_id=get_age, execution_date=20220423T000000, start_date=20230525T065351, end_date=20230525T065354
[2023-05-25T06:53:54.510+0000] {local_task_job_runner.py:225} INFO - Task exited with return code 0
[2023-05-25T06:53:54.954+0000] {taskinstance.py:2651} INFO - 1 downstream tasks scheduled from follow-on schedule check
[2023-05-25T10:25:13.806+0000] {taskinstance.py:1103} INFO - Dependencies all met for dep_context=non-requeueable deps ti=<TaskInstance: dag_with_taskflow_api_v02.get_age scheduled__2022-04-23T00:00:00+00:00 [queued]>
[2023-05-25T10:25:13.916+0000] {taskinstance.py:1103} INFO - Dependencies all met for dep_context=requeueable deps ti=<TaskInstance: dag_with_taskflow_api_v02.get_age scheduled__2022-04-23T00:00:00+00:00 [queued]>
[2023-05-25T10:25:13.921+0000] {taskinstance.py:1308} INFO - Starting attempt 1 of 6
[2023-05-25T10:25:14.107+0000] {taskinstance.py:1327} INFO - Executing <Task(_PythonDecoratedOperator): get_age> on 2022-04-23 00:00:00+00:00
[2023-05-25T10:25:14.149+0000] {standard_task_runner.py:57} INFO - Started process 2527 to run task
[2023-05-25T10:25:14.168+0000] {standard_task_runner.py:84} INFO - Running: ['***', 'tasks', 'run', 'dag_with_taskflow_api_v02', 'get_age', 'scheduled__2022-04-23T00:00:00+00:00', '--job-id', '555', '--raw', '--subdir', 'DAGS_FOLDER/first_dag.py', '--cfg-path', '/tmp/tmpdgozxhzz']
[2023-05-25T10:25:14.209+0000] {standard_task_runner.py:85} INFO - Job 555: Subtask get_age
[2023-05-25T10:25:14.509+0000] {task_command.py:410} INFO - Running <TaskInstance: dag_with_taskflow_api_v02.get_age scheduled__2022-04-23T00:00:00+00:00 [running]> on host b1ae37a9584e
[2023-05-25T10:25:15.446+0000] {taskinstance.py:1547} INFO - Exporting env vars: AIRFLOW_CTX_DAG_OWNER='Sai' AIRFLOW_CTX_DAG_ID='dag_with_taskflow_api_v02' AIRFLOW_CTX_TASK_ID='get_age' AIRFLOW_CTX_EXECUTION_DATE='2022-04-23T00:00:00+00:00' AIRFLOW_CTX_TRY_NUMBER='1' AIRFLOW_CTX_DAG_RUN_ID='scheduled__2022-04-23T00:00:00+00:00'
[2023-05-25T10:25:15.447+0000] {python.py:183} INFO - Done. Returned value was: 19
[2023-05-25T10:25:15.649+0000] {taskinstance.py:1350} INFO - Marking task as SUCCESS. dag_id=dag_with_taskflow_api_v02, task_id=get_age, execution_date=20220423T000000, start_date=20230525T102513, end_date=20230525T102515
[2023-05-25T10:25:16.216+0000] {local_task_job_runner.py:225} INFO - Task exited with return code 0
[2023-05-25T10:25:16.536+0000] {taskinstance.py:2651} INFO - 0 downstream tasks scheduled from follow-on schedule check
