[2023-05-24T15:19:55.045+0000] {taskinstance.py:1103} INFO - Dependencies all met for dep_context=non-requeueable deps ti=<TaskInstance: dag_with_taskflow_api_v02.get_name scheduled__2022-03-30T00:00:00+00:00 [queued]>
[2023-05-24T15:19:55.137+0000] {taskinstance.py:1103} INFO - Dependencies all met for dep_context=requeueable deps ti=<TaskInstance: dag_with_taskflow_api_v02.get_name scheduled__2022-03-30T00:00:00+00:00 [queued]>
[2023-05-24T15:19:55.138+0000] {taskinstance.py:1308} INFO - Starting attempt 1 of 6
[2023-05-24T15:19:55.225+0000] {taskinstance.py:1327} INFO - Executing <Task(_PythonDecoratedOperator): get_name> on 2022-03-30 00:00:00+00:00
[2023-05-24T15:19:55.251+0000] {standard_task_runner.py:57} INFO - Started process 1228 to run task
[2023-05-24T15:19:55.275+0000] {standard_task_runner.py:84} INFO - Running: ['***', 'tasks', 'run', 'dag_with_taskflow_api_v02', 'get_name', 'scheduled__2022-03-30T00:00:00+00:00', '--job-id', '463', '--raw', '--subdir', 'DAGS_FOLDER/first_dag.py', '--cfg-path', '/tmp/tmpwxixq0x9']
[2023-05-24T15:19:55.300+0000] {standard_task_runner.py:85} INFO - Job 463: Subtask get_name
[2023-05-24T15:19:55.775+0000] {task_command.py:410} INFO - Running <TaskInstance: dag_with_taskflow_api_v02.get_name scheduled__2022-03-30T00:00:00+00:00 [running]> on host 942de29f183d
[2023-05-24T15:19:56.542+0000] {taskinstance.py:1547} INFO - Exporting env vars: AIRFLOW_CTX_DAG_OWNER='Sai' AIRFLOW_CTX_DAG_ID='dag_with_taskflow_api_v02' AIRFLOW_CTX_TASK_ID='get_name' AIRFLOW_CTX_EXECUTION_DATE='2022-03-30T00:00:00+00:00' AIRFLOW_CTX_TRY_NUMBER='1' AIRFLOW_CTX_DAG_RUN_ID='scheduled__2022-03-30T00:00:00+00:00'
[2023-05-24T15:19:56.543+0000] {python.py:183} INFO - Done. Returned value was: {'first_name': 'Sai', 'last_name': 'Tr'}
[2023-05-24T15:19:56.880+0000] {taskinstance.py:1350} INFO - Marking task as SUCCESS. dag_id=dag_with_taskflow_api_v02, task_id=get_name, execution_date=20220330T000000, start_date=20230524T151955, end_date=20230524T151956
[2023-05-24T15:19:57.115+0000] {local_task_job_runner.py:225} INFO - Task exited with return code 0
[2023-05-24T15:19:57.417+0000] {taskinstance.py:2651} INFO - 0 downstream tasks scheduled from follow-on schedule check
[2023-05-25T06:53:11.767+0000] {taskinstance.py:1103} INFO - Dependencies all met for dep_context=non-requeueable deps ti=<TaskInstance: dag_with_taskflow_api_v02.get_name scheduled__2022-03-30T00:00:00+00:00 [queued]>
[2023-05-25T06:53:11.842+0000] {taskinstance.py:1103} INFO - Dependencies all met for dep_context=requeueable deps ti=<TaskInstance: dag_with_taskflow_api_v02.get_name scheduled__2022-03-30T00:00:00+00:00 [queued]>
[2023-05-25T06:53:11.842+0000] {taskinstance.py:1308} INFO - Starting attempt 1 of 6
[2023-05-25T06:53:12.058+0000] {taskinstance.py:1327} INFO - Executing <Task(_PythonDecoratedOperator): get_name> on 2022-03-30 00:00:00+00:00
[2023-05-25T06:53:12.081+0000] {standard_task_runner.py:57} INFO - Started process 2771 to run task
[2023-05-25T06:53:12.112+0000] {standard_task_runner.py:84} INFO - Running: ['***', 'tasks', 'run', 'dag_with_taskflow_api_v02', 'get_name', 'scheduled__2022-03-30T00:00:00+00:00', '--job-id', '464', '--raw', '--subdir', 'DAGS_FOLDER/first_dag.py', '--cfg-path', '/tmp/tmpfvdfk990']
[2023-05-25T06:53:12.171+0000] {standard_task_runner.py:85} INFO - Job 464: Subtask get_name
[2023-05-25T06:53:12.706+0000] {task_command.py:410} INFO - Running <TaskInstance: dag_with_taskflow_api_v02.get_name scheduled__2022-03-30T00:00:00+00:00 [running]> on host 6bd07c7477d9
[2023-05-25T06:53:13.802+0000] {taskinstance.py:1547} INFO - Exporting env vars: AIRFLOW_CTX_DAG_OWNER='Sai' AIRFLOW_CTX_DAG_ID='dag_with_taskflow_api_v02' AIRFLOW_CTX_TASK_ID='get_name' AIRFLOW_CTX_EXECUTION_DATE='2022-03-30T00:00:00+00:00' AIRFLOW_CTX_TRY_NUMBER='1' AIRFLOW_CTX_DAG_RUN_ID='scheduled__2022-03-30T00:00:00+00:00'
[2023-05-25T06:53:13.803+0000] {python.py:183} INFO - Done. Returned value was: {'first_name': 'Sai', 'last_name': 'Tr'}
[2023-05-25T06:53:14.017+0000] {taskinstance.py:1350} INFO - Marking task as SUCCESS. dag_id=dag_with_taskflow_api_v02, task_id=get_name, execution_date=20220330T000000, start_date=20230525T065311, end_date=20230525T065314
[2023-05-25T06:53:14.134+0000] {local_task_job_runner.py:225} INFO - Task exited with return code 0
[2023-05-25T06:53:14.260+0000] {taskinstance.py:2651} INFO - 0 downstream tasks scheduled from follow-on schedule check
[2023-05-25T10:24:22.004+0000] {taskinstance.py:1103} INFO - Dependencies all met for dep_context=non-requeueable deps ti=<TaskInstance: dag_with_taskflow_api_v02.get_name scheduled__2022-03-30T00:00:00+00:00 [queued]>
[2023-05-25T10:24:22.077+0000] {taskinstance.py:1103} INFO - Dependencies all met for dep_context=requeueable deps ti=<TaskInstance: dag_with_taskflow_api_v02.get_name scheduled__2022-03-30T00:00:00+00:00 [queued]>
[2023-05-25T10:24:22.083+0000] {taskinstance.py:1308} INFO - Starting attempt 1 of 6
[2023-05-25T10:24:22.215+0000] {taskinstance.py:1327} INFO - Executing <Task(_PythonDecoratedOperator): get_name> on 2022-03-30 00:00:00+00:00
[2023-05-25T10:24:22.255+0000] {standard_task_runner.py:57} INFO - Started process 2315 to run task
[2023-05-25T10:24:22.285+0000] {standard_task_runner.py:84} INFO - Running: ['***', 'tasks', 'run', 'dag_with_taskflow_api_v02', 'get_name', 'scheduled__2022-03-30T00:00:00+00:00', '--job-id', '463', '--raw', '--subdir', 'DAGS_FOLDER/first_dag.py', '--cfg-path', '/tmp/tmp6fn6p5iu']
[2023-05-25T10:24:22.289+0000] {standard_task_runner.py:85} INFO - Job 463: Subtask get_name
[2023-05-25T10:24:22.589+0000] {task_command.py:410} INFO - Running <TaskInstance: dag_with_taskflow_api_v02.get_name scheduled__2022-03-30T00:00:00+00:00 [running]> on host b1ae37a9584e
[2023-05-25T10:24:23.230+0000] {taskinstance.py:1547} INFO - Exporting env vars: AIRFLOW_CTX_DAG_OWNER='Sai' AIRFLOW_CTX_DAG_ID='dag_with_taskflow_api_v02' AIRFLOW_CTX_TASK_ID='get_name' AIRFLOW_CTX_EXECUTION_DATE='2022-03-30T00:00:00+00:00' AIRFLOW_CTX_TRY_NUMBER='1' AIRFLOW_CTX_DAG_RUN_ID='scheduled__2022-03-30T00:00:00+00:00'
[2023-05-25T10:24:23.233+0000] {python.py:183} INFO - Done. Returned value was: {'first_name': 'Sai', 'last_name': 'Tr'}
[2023-05-25T10:24:23.392+0000] {taskinstance.py:1350} INFO - Marking task as SUCCESS. dag_id=dag_with_taskflow_api_v02, task_id=get_name, execution_date=20220330T000000, start_date=20230525T102422, end_date=20230525T102423
[2023-05-25T10:24:23.468+0000] {local_task_job_runner.py:225} INFO - Task exited with return code 0
[2023-05-25T10:24:23.587+0000] {taskinstance.py:2651} INFO - 1 downstream tasks scheduled from follow-on schedule check
