[2023-05-24T15:27:21.791+0000] {taskinstance.py:1103} INFO - Dependencies all met for dep_context=non-requeueable deps ti=<TaskInstance: dag_with_taskflow_api_v02.get_age scheduled__2022-12-04T00:00:00+00:00 [queued]>
[2023-05-24T15:27:21.885+0000] {taskinstance.py:1103} INFO - Dependencies all met for dep_context=requeueable deps ti=<TaskInstance: dag_with_taskflow_api_v02.get_age scheduled__2022-12-04T00:00:00+00:00 [queued]>
[2023-05-24T15:27:21.885+0000] {taskinstance.py:1308} INFO - Starting attempt 1 of 6
[2023-05-24T15:27:22.113+0000] {taskinstance.py:1327} INFO - Executing <Task(_PythonDecoratedOperator): get_age> on 2022-12-04 00:00:00+00:00
[2023-05-24T15:27:22.128+0000] {standard_task_runner.py:57} INFO - Started process 2893 to run task
[2023-05-24T15:27:22.169+0000] {standard_task_runner.py:84} INFO - Running: ['***', 'tasks', 'run', 'dag_with_taskflow_api_v02', 'get_age', 'scheduled__2022-12-04T00:00:00+00:00', '--job-id', '1209', '--raw', '--subdir', 'DAGS_FOLDER/first_dag.py', '--cfg-path', '/tmp/tmpe_n9x9qv']
[2023-05-24T15:27:22.206+0000] {standard_task_runner.py:85} INFO - Job 1209: Subtask get_age
[2023-05-24T15:27:22.552+0000] {task_command.py:410} INFO - Running <TaskInstance: dag_with_taskflow_api_v02.get_age scheduled__2022-12-04T00:00:00+00:00 [running]> on host 942de29f183d
[2023-05-24T15:27:23.111+0000] {taskinstance.py:1547} INFO - Exporting env vars: AIRFLOW_CTX_DAG_OWNER='Sai' AIRFLOW_CTX_DAG_ID='dag_with_taskflow_api_v02' AIRFLOW_CTX_TASK_ID='get_age' AIRFLOW_CTX_EXECUTION_DATE='2022-12-04T00:00:00+00:00' AIRFLOW_CTX_TRY_NUMBER='1' AIRFLOW_CTX_DAG_RUN_ID='scheduled__2022-12-04T00:00:00+00:00'
[2023-05-24T15:27:23.112+0000] {python.py:183} INFO - Done. Returned value was: 19
[2023-05-24T15:27:23.190+0000] {taskinstance.py:1350} INFO - Marking task as SUCCESS. dag_id=dag_with_taskflow_api_v02, task_id=get_age, execution_date=20221204T000000, start_date=20230524T152721, end_date=20230524T152723
[2023-05-24T15:27:23.255+0000] {local_task_job_runner.py:225} INFO - Task exited with return code 0
[2023-05-24T15:27:23.596+0000] {taskinstance.py:2651} INFO - 0 downstream tasks scheduled from follow-on schedule check
[2023-05-25T07:00:03.124+0000] {taskinstance.py:1103} INFO - Dependencies all met for dep_context=non-requeueable deps ti=<TaskInstance: dag_with_taskflow_api_v02.get_age scheduled__2022-12-04T00:00:00+00:00 [queued]>
[2023-05-25T07:00:03.245+0000] {taskinstance.py:1103} INFO - Dependencies all met for dep_context=requeueable deps ti=<TaskInstance: dag_with_taskflow_api_v02.get_age scheduled__2022-12-04T00:00:00+00:00 [queued]>
[2023-05-25T07:00:03.246+0000] {taskinstance.py:1308} INFO - Starting attempt 1 of 6
[2023-05-25T07:00:03.413+0000] {taskinstance.py:1327} INFO - Executing <Task(_PythonDecoratedOperator): get_age> on 2022-12-04 00:00:00+00:00
[2023-05-25T07:00:03.458+0000] {standard_task_runner.py:57} INFO - Started process 4434 to run task
[2023-05-25T07:00:03.483+0000] {standard_task_runner.py:84} INFO - Running: ['***', 'tasks', 'run', 'dag_with_taskflow_api_v02', 'get_age', 'scheduled__2022-12-04T00:00:00+00:00', '--job-id', '1218', '--raw', '--subdir', 'DAGS_FOLDER/first_dag.py', '--cfg-path', '/tmp/tmpbqm57d0b']
[2023-05-25T07:00:03.534+0000] {standard_task_runner.py:85} INFO - Job 1218: Subtask get_age
[2023-05-25T07:00:03.835+0000] {task_command.py:410} INFO - Running <TaskInstance: dag_with_taskflow_api_v02.get_age scheduled__2022-12-04T00:00:00+00:00 [running]> on host 6bd07c7477d9
[2023-05-25T07:00:04.787+0000] {taskinstance.py:1547} INFO - Exporting env vars: AIRFLOW_CTX_DAG_OWNER='Sai' AIRFLOW_CTX_DAG_ID='dag_with_taskflow_api_v02' AIRFLOW_CTX_TASK_ID='get_age' AIRFLOW_CTX_EXECUTION_DATE='2022-12-04T00:00:00+00:00' AIRFLOW_CTX_TRY_NUMBER='1' AIRFLOW_CTX_DAG_RUN_ID='scheduled__2022-12-04T00:00:00+00:00'
[2023-05-25T07:00:04.788+0000] {python.py:183} INFO - Done. Returned value was: 19
[2023-05-25T07:00:04.922+0000] {taskinstance.py:1350} INFO - Marking task as SUCCESS. dag_id=dag_with_taskflow_api_v02, task_id=get_age, execution_date=20221204T000000, start_date=20230525T070003, end_date=20230525T070004
[2023-05-25T07:00:05.089+0000] {local_task_job_runner.py:225} INFO - Task exited with return code 0
[2023-05-25T07:00:05.207+0000] {taskinstance.py:2651} INFO - 1 downstream tasks scheduled from follow-on schedule check
[2023-05-25T10:33:58.073+0000] {taskinstance.py:1103} INFO - Dependencies all met for dep_context=non-requeueable deps ti=<TaskInstance: dag_with_taskflow_api_v02.get_age scheduled__2022-12-04T00:00:00+00:00 [queued]>
[2023-05-25T10:33:58.122+0000] {taskinstance.py:1103} INFO - Dependencies all met for dep_context=requeueable deps ti=<TaskInstance: dag_with_taskflow_api_v02.get_age scheduled__2022-12-04T00:00:00+00:00 [queued]>
[2023-05-25T10:33:58.122+0000] {taskinstance.py:1308} INFO - Starting attempt 1 of 6
[2023-05-25T10:33:58.256+0000] {taskinstance.py:1327} INFO - Executing <Task(_PythonDecoratedOperator): get_age> on 2022-12-04 00:00:00+00:00
[2023-05-25T10:33:58.293+0000] {standard_task_runner.py:57} INFO - Started process 4081 to run task
[2023-05-25T10:33:58.331+0000] {standard_task_runner.py:84} INFO - Running: ['***', 'tasks', 'run', 'dag_with_taskflow_api_v02', 'get_age', 'scheduled__2022-12-04T00:00:00+00:00', '--job-id', '1233', '--raw', '--subdir', 'DAGS_FOLDER/first_dag.py', '--cfg-path', '/tmp/tmp1hyzh2f7']
[2023-05-25T10:33:58.362+0000] {standard_task_runner.py:85} INFO - Job 1233: Subtask get_age
[2023-05-25T10:33:58.886+0000] {task_command.py:410} INFO - Running <TaskInstance: dag_with_taskflow_api_v02.get_age scheduled__2022-12-04T00:00:00+00:00 [running]> on host b1ae37a9584e
[2023-05-25T10:34:01.942+0000] {taskinstance.py:1547} INFO - Exporting env vars: AIRFLOW_CTX_DAG_OWNER='Sai' AIRFLOW_CTX_DAG_ID='dag_with_taskflow_api_v02' AIRFLOW_CTX_TASK_ID='get_age' AIRFLOW_CTX_EXECUTION_DATE='2022-12-04T00:00:00+00:00' AIRFLOW_CTX_TRY_NUMBER='1' AIRFLOW_CTX_DAG_RUN_ID='scheduled__2022-12-04T00:00:00+00:00'
[2023-05-25T10:34:01.949+0000] {python.py:183} INFO - Done. Returned value was: 19
[2023-05-25T10:34:02.178+0000] {taskinstance.py:1350} INFO - Marking task as SUCCESS. dag_id=dag_with_taskflow_api_v02, task_id=get_age, execution_date=20221204T000000, start_date=20230525T103358, end_date=20230525T103402
[2023-05-25T10:34:02.508+0000] {local_task_job_runner.py:225} INFO - Task exited with return code 0
[2023-05-25T10:34:03.141+0000] {taskinstance.py:2651} INFO - 1 downstream tasks scheduled from follow-on schedule check
