[2023-05-24T15:19:28.095+0000] {taskinstance.py:1103} INFO - Dependencies all met for dep_context=non-requeueable deps ti=<TaskInstance: dag_with_taskflow_api_v02.greet scheduled__2022-03-05T00:00:00+00:00 [queued]>
[2023-05-24T15:19:28.139+0000] {taskinstance.py:1103} INFO - Dependencies all met for dep_context=requeueable deps ti=<TaskInstance: dag_with_taskflow_api_v02.greet scheduled__2022-03-05T00:00:00+00:00 [queued]>
[2023-05-24T15:19:28.140+0000] {taskinstance.py:1308} INFO - Starting attempt 1 of 6
[2023-05-24T15:19:28.974+0000] {taskinstance.py:1327} INFO - Executing <Task(_PythonDecoratedOperator): greet> on 2022-03-05 00:00:00+00:00
[2023-05-24T15:19:29.058+0000] {standard_task_runner.py:57} INFO - Started process 1113 to run task
[2023-05-24T15:19:29.072+0000] {standard_task_runner.py:84} INFO - Running: ['***', 'tasks', 'run', 'dag_with_taskflow_api_v02', 'greet', 'scheduled__2022-03-05T00:00:00+00:00', '--job-id', '410', '--raw', '--subdir', 'DAGS_FOLDER/first_dag.py', '--cfg-path', '/tmp/tmpc5aewdc3']
[2023-05-24T15:19:29.075+0000] {standard_task_runner.py:85} INFO - Job 410: Subtask greet
[2023-05-24T15:19:29.642+0000] {task_command.py:410} INFO - Running <TaskInstance: dag_with_taskflow_api_v02.greet scheduled__2022-03-05T00:00:00+00:00 [running]> on host 942de29f183d
[2023-05-24T15:19:30.536+0000] {taskinstance.py:1547} INFO - Exporting env vars: AIRFLOW_CTX_DAG_OWNER='Sai' AIRFLOW_CTX_DAG_ID='dag_with_taskflow_api_v02' AIRFLOW_CTX_TASK_ID='greet' AIRFLOW_CTX_EXECUTION_DATE='2022-03-05T00:00:00+00:00' AIRFLOW_CTX_TRY_NUMBER='1' AIRFLOW_CTX_DAG_RUN_ID='scheduled__2022-03-05T00:00:00+00:00'
[2023-05-24T15:19:30.538+0000] {logging_mixin.py:149} INFO - Hello World! My name is Sai Tr and I am 19 years old!
[2023-05-24T15:19:30.542+0000] {python.py:183} INFO - Done. Returned value was: None
[2023-05-24T15:19:30.584+0000] {taskinstance.py:1350} INFO - Marking task as SUCCESS. dag_id=dag_with_taskflow_api_v02, task_id=greet, execution_date=20220305T000000, start_date=20230524T151928, end_date=20230524T151930
[2023-05-24T15:19:30.757+0000] {local_task_job_runner.py:225} INFO - Task exited with return code 0
[2023-05-24T15:19:31.010+0000] {taskinstance.py:2651} INFO - 0 downstream tasks scheduled from follow-on schedule check
[2023-05-25T06:52:39.345+0000] {taskinstance.py:1103} INFO - Dependencies all met for dep_context=non-requeueable deps ti=<TaskInstance: dag_with_taskflow_api_v02.greet scheduled__2022-03-05T00:00:00+00:00 [queued]>
[2023-05-25T06:52:39.414+0000] {taskinstance.py:1103} INFO - Dependencies all met for dep_context=requeueable deps ti=<TaskInstance: dag_with_taskflow_api_v02.greet scheduled__2022-03-05T00:00:00+00:00 [queued]>
[2023-05-25T06:52:39.415+0000] {taskinstance.py:1308} INFO - Starting attempt 1 of 6
[2023-05-25T06:52:39.630+0000] {taskinstance.py:1327} INFO - Executing <Task(_PythonDecoratedOperator): greet> on 2022-03-05 00:00:00+00:00
[2023-05-25T06:52:39.650+0000] {standard_task_runner.py:57} INFO - Started process 2636 to run task
[2023-05-25T06:52:39.686+0000] {standard_task_runner.py:84} INFO - Running: ['***', 'tasks', 'run', 'dag_with_taskflow_api_v02', 'greet', 'scheduled__2022-03-05T00:00:00+00:00', '--job-id', '406', '--raw', '--subdir', 'DAGS_FOLDER/first_dag.py', '--cfg-path', '/tmp/tmpa1470tme']
[2023-05-25T06:52:39.707+0000] {standard_task_runner.py:85} INFO - Job 406: Subtask greet
[2023-05-25T06:52:39.953+0000] {task_command.py:410} INFO - Running <TaskInstance: dag_with_taskflow_api_v02.greet scheduled__2022-03-05T00:00:00+00:00 [running]> on host 6bd07c7477d9
[2023-05-25T06:52:40.438+0000] {taskinstance.py:1547} INFO - Exporting env vars: AIRFLOW_CTX_DAG_OWNER='Sai' AIRFLOW_CTX_DAG_ID='dag_with_taskflow_api_v02' AIRFLOW_CTX_TASK_ID='greet' AIRFLOW_CTX_EXECUTION_DATE='2022-03-05T00:00:00+00:00' AIRFLOW_CTX_TRY_NUMBER='1' AIRFLOW_CTX_DAG_RUN_ID='scheduled__2022-03-05T00:00:00+00:00'
[2023-05-25T06:52:40.439+0000] {logging_mixin.py:149} INFO - Hello World! My name is Sai Tr and I am 19 years old!
[2023-05-25T06:52:40.440+0000] {python.py:183} INFO - Done. Returned value was: None
[2023-05-25T06:52:40.469+0000] {taskinstance.py:1350} INFO - Marking task as SUCCESS. dag_id=dag_with_taskflow_api_v02, task_id=greet, execution_date=20220305T000000, start_date=20230525T065239, end_date=20230525T065240
[2023-05-25T06:52:40.550+0000] {local_task_job_runner.py:225} INFO - Task exited with return code 0
[2023-05-25T06:52:40.606+0000] {taskinstance.py:2651} INFO - 0 downstream tasks scheduled from follow-on schedule check
[2023-05-25T10:23:33.737+0000] {taskinstance.py:1103} INFO - Dependencies all met for dep_context=non-requeueable deps ti=<TaskInstance: dag_with_taskflow_api_v02.greet scheduled__2022-03-05T00:00:00+00:00 [queued]>
[2023-05-25T10:23:33.749+0000] {taskinstance.py:1103} INFO - Dependencies all met for dep_context=requeueable deps ti=<TaskInstance: dag_with_taskflow_api_v02.greet scheduled__2022-03-05T00:00:00+00:00 [queued]>
[2023-05-25T10:23:33.749+0000] {taskinstance.py:1308} INFO - Starting attempt 1 of 6
[2023-05-25T10:23:33.769+0000] {taskinstance.py:1327} INFO - Executing <Task(_PythonDecoratedOperator): greet> on 2022-03-05 00:00:00+00:00
[2023-05-25T10:23:33.777+0000] {standard_task_runner.py:57} INFO - Started process 2152 to run task
[2023-05-25T10:23:33.783+0000] {standard_task_runner.py:84} INFO - Running: ['***', 'tasks', 'run', 'dag_with_taskflow_api_v02', 'greet', 'scheduled__2022-03-05T00:00:00+00:00', '--job-id', '390', '--raw', '--subdir', 'DAGS_FOLDER/first_dag.py', '--cfg-path', '/tmp/tmpog3rqxj7']
[2023-05-25T10:23:33.785+0000] {standard_task_runner.py:85} INFO - Job 390: Subtask greet
[2023-05-25T10:23:33.858+0000] {task_command.py:410} INFO - Running <TaskInstance: dag_with_taskflow_api_v02.greet scheduled__2022-03-05T00:00:00+00:00 [running]> on host b1ae37a9584e
[2023-05-25T10:23:34.051+0000] {taskinstance.py:1547} INFO - Exporting env vars: AIRFLOW_CTX_DAG_OWNER='Sai' AIRFLOW_CTX_DAG_ID='dag_with_taskflow_api_v02' AIRFLOW_CTX_TASK_ID='greet' AIRFLOW_CTX_EXECUTION_DATE='2022-03-05T00:00:00+00:00' AIRFLOW_CTX_TRY_NUMBER='1' AIRFLOW_CTX_DAG_RUN_ID='scheduled__2022-03-05T00:00:00+00:00'
[2023-05-25T10:23:34.052+0000] {logging_mixin.py:149} INFO - Hello World! My name is Sai Tr and I am 19 years old!
[2023-05-25T10:23:34.052+0000] {python.py:183} INFO - Done. Returned value was: None
[2023-05-25T10:23:34.067+0000] {taskinstance.py:1350} INFO - Marking task as SUCCESS. dag_id=dag_with_taskflow_api_v02, task_id=greet, execution_date=20220305T000000, start_date=20230525T102333, end_date=20230525T102334
[2023-05-25T10:23:34.113+0000] {local_task_job_runner.py:225} INFO - Task exited with return code 0
[2023-05-25T10:23:34.146+0000] {taskinstance.py:2651} INFO - 0 downstream tasks scheduled from follow-on schedule check
