[2023-05-24T15:22:18.454+0000] {taskinstance.py:1103} INFO - Dependencies all met for dep_context=non-requeueable deps ti=<TaskInstance: dag_with_taskflow_api_v02.greet scheduled__2022-05-31T00:00:00+00:00 [queued]>
[2023-05-24T15:22:18.520+0000] {taskinstance.py:1103} INFO - Dependencies all met for dep_context=requeueable deps ti=<TaskInstance: dag_with_taskflow_api_v02.greet scheduled__2022-05-31T00:00:00+00:00 [queued]>
[2023-05-24T15:22:18.521+0000] {taskinstance.py:1308} INFO - Starting attempt 1 of 6
[2023-05-24T15:22:18.589+0000] {taskinstance.py:1327} INFO - Executing <Task(_PythonDecoratedOperator): greet> on 2022-05-31 00:00:00+00:00
[2023-05-24T15:22:18.595+0000] {standard_task_runner.py:57} INFO - Started process 1709 to run task
[2023-05-24T15:22:18.656+0000] {standard_task_runner.py:84} INFO - Running: ['***', 'tasks', 'run', 'dag_with_taskflow_api_v02', 'greet', 'scheduled__2022-05-31T00:00:00+00:00', '--job-id', '674', '--raw', '--subdir', 'DAGS_FOLDER/first_dag.py', '--cfg-path', '/tmp/tmp105ctdsg']
[2023-05-24T15:22:18.710+0000] {standard_task_runner.py:85} INFO - Job 674: Subtask greet
[2023-05-24T15:22:18.918+0000] {task_command.py:410} INFO - Running <TaskInstance: dag_with_taskflow_api_v02.greet scheduled__2022-05-31T00:00:00+00:00 [running]> on host 942de29f183d
[2023-05-24T15:22:19.893+0000] {taskinstance.py:1547} INFO - Exporting env vars: AIRFLOW_CTX_DAG_OWNER='Sai' AIRFLOW_CTX_DAG_ID='dag_with_taskflow_api_v02' AIRFLOW_CTX_TASK_ID='greet' AIRFLOW_CTX_EXECUTION_DATE='2022-05-31T00:00:00+00:00' AIRFLOW_CTX_TRY_NUMBER='1' AIRFLOW_CTX_DAG_RUN_ID='scheduled__2022-05-31T00:00:00+00:00'
[2023-05-24T15:22:19.894+0000] {logging_mixin.py:149} INFO - Hello World! My name is Sai Tr and I am 19 years old!
[2023-05-24T15:22:19.897+0000] {python.py:183} INFO - Done. Returned value was: None
[2023-05-24T15:22:19.931+0000] {taskinstance.py:1350} INFO - Marking task as SUCCESS. dag_id=dag_with_taskflow_api_v02, task_id=greet, execution_date=20220531T000000, start_date=20230524T152218, end_date=20230524T152219
[2023-05-24T15:22:20.252+0000] {local_task_job_runner.py:225} INFO - Task exited with return code 0
[2023-05-24T15:22:20.392+0000] {taskinstance.py:2651} INFO - 0 downstream tasks scheduled from follow-on schedule check
[2023-05-25T06:55:05.877+0000] {taskinstance.py:1103} INFO - Dependencies all met for dep_context=non-requeueable deps ti=<TaskInstance: dag_with_taskflow_api_v02.greet scheduled__2022-05-31T00:00:00+00:00 [queued]>
[2023-05-25T06:55:05.966+0000] {taskinstance.py:1103} INFO - Dependencies all met for dep_context=requeueable deps ti=<TaskInstance: dag_with_taskflow_api_v02.greet scheduled__2022-05-31T00:00:00+00:00 [queued]>
[2023-05-25T06:55:05.970+0000] {taskinstance.py:1308} INFO - Starting attempt 1 of 6
[2023-05-25T06:55:06.124+0000] {taskinstance.py:1327} INFO - Executing <Task(_PythonDecoratedOperator): greet> on 2022-05-31 00:00:00+00:00
[2023-05-25T06:55:06.167+0000] {standard_task_runner.py:57} INFO - Started process 3233 to run task
[2023-05-25T06:55:06.238+0000] {standard_task_runner.py:84} INFO - Running: ['***', 'tasks', 'run', 'dag_with_taskflow_api_v02', 'greet', 'scheduled__2022-05-31T00:00:00+00:00', '--job-id', '677', '--raw', '--subdir', 'DAGS_FOLDER/first_dag.py', '--cfg-path', '/tmp/tmpc6rsnf56']
[2023-05-25T06:55:06.241+0000] {standard_task_runner.py:85} INFO - Job 677: Subtask greet
[2023-05-25T06:55:06.643+0000] {task_command.py:410} INFO - Running <TaskInstance: dag_with_taskflow_api_v02.greet scheduled__2022-05-31T00:00:00+00:00 [running]> on host 6bd07c7477d9
[2023-05-25T06:55:07.756+0000] {taskinstance.py:1547} INFO - Exporting env vars: AIRFLOW_CTX_DAG_OWNER='Sai' AIRFLOW_CTX_DAG_ID='dag_with_taskflow_api_v02' AIRFLOW_CTX_TASK_ID='greet' AIRFLOW_CTX_EXECUTION_DATE='2022-05-31T00:00:00+00:00' AIRFLOW_CTX_TRY_NUMBER='1' AIRFLOW_CTX_DAG_RUN_ID='scheduled__2022-05-31T00:00:00+00:00'
[2023-05-25T06:55:07.757+0000] {logging_mixin.py:149} INFO - Hello World! My name is Sai Tr and I am 19 years old!
[2023-05-25T06:55:07.758+0000] {python.py:183} INFO - Done. Returned value was: None
[2023-05-25T06:55:07.808+0000] {taskinstance.py:1350} INFO - Marking task as SUCCESS. dag_id=dag_with_taskflow_api_v02, task_id=greet, execution_date=20220531T000000, start_date=20230525T065505, end_date=20230525T065507
[2023-05-25T06:55:07.975+0000] {local_task_job_runner.py:225} INFO - Task exited with return code 0
[2023-05-25T06:55:08.134+0000] {taskinstance.py:2651} INFO - 0 downstream tasks scheduled from follow-on schedule check
[2023-05-25T10:26:18.772+0000] {taskinstance.py:1103} INFO - Dependencies all met for dep_context=non-requeueable deps ti=<TaskInstance: dag_with_taskflow_api_v02.greet scheduled__2022-05-31T00:00:00+00:00 [queued]>
[2023-05-25T10:26:18.801+0000] {taskinstance.py:1103} INFO - Dependencies all met for dep_context=requeueable deps ti=<TaskInstance: dag_with_taskflow_api_v02.greet scheduled__2022-05-31T00:00:00+00:00 [queued]>
[2023-05-25T10:26:18.802+0000] {taskinstance.py:1308} INFO - Starting attempt 1 of 6
[2023-05-25T10:26:18.846+0000] {taskinstance.py:1327} INFO - Executing <Task(_PythonDecoratedOperator): greet> on 2022-05-31 00:00:00+00:00
[2023-05-25T10:26:18.854+0000] {standard_task_runner.py:57} INFO - Started process 2775 to run task
[2023-05-25T10:26:18.864+0000] {standard_task_runner.py:84} INFO - Running: ['***', 'tasks', 'run', 'dag_with_taskflow_api_v02', 'greet', 'scheduled__2022-05-31T00:00:00+00:00', '--job-id', '671', '--raw', '--subdir', 'DAGS_FOLDER/first_dag.py', '--cfg-path', '/tmp/tmpxmray7bg']
[2023-05-25T10:26:18.867+0000] {standard_task_runner.py:85} INFO - Job 671: Subtask greet
[2023-05-25T10:26:18.984+0000] {task_command.py:410} INFO - Running <TaskInstance: dag_with_taskflow_api_v02.greet scheduled__2022-05-31T00:00:00+00:00 [running]> on host b1ae37a9584e
[2023-05-25T10:26:19.298+0000] {taskinstance.py:1547} INFO - Exporting env vars: AIRFLOW_CTX_DAG_OWNER='Sai' AIRFLOW_CTX_DAG_ID='dag_with_taskflow_api_v02' AIRFLOW_CTX_TASK_ID='greet' AIRFLOW_CTX_EXECUTION_DATE='2022-05-31T00:00:00+00:00' AIRFLOW_CTX_TRY_NUMBER='1' AIRFLOW_CTX_DAG_RUN_ID='scheduled__2022-05-31T00:00:00+00:00'
[2023-05-25T10:26:19.300+0000] {logging_mixin.py:149} INFO - Hello World! My name is Sai Tr and I am 19 years old!
[2023-05-25T10:26:19.300+0000] {python.py:183} INFO - Done. Returned value was: None
[2023-05-25T10:26:19.319+0000] {taskinstance.py:1350} INFO - Marking task as SUCCESS. dag_id=dag_with_taskflow_api_v02, task_id=greet, execution_date=20220531T000000, start_date=20230525T102618, end_date=20230525T102619
[2023-05-25T10:26:19.358+0000] {local_task_job_runner.py:225} INFO - Task exited with return code 0
[2023-05-25T10:26:19.402+0000] {taskinstance.py:2651} INFO - 0 downstream tasks scheduled from follow-on schedule check
