[2023-05-24T15:28:19.812+0000] {taskinstance.py:1103} INFO - Dependencies all met for dep_context=non-requeueable deps ti=<TaskInstance: dag_with_taskflow_api_v02.get_name scheduled__2023-01-05T00:00:00+00:00 [queued]>
[2023-05-24T15:28:19.898+0000] {taskinstance.py:1103} INFO - Dependencies all met for dep_context=requeueable deps ti=<TaskInstance: dag_with_taskflow_api_v02.get_name scheduled__2023-01-05T00:00:00+00:00 [queued]>
[2023-05-24T15:28:19.906+0000] {taskinstance.py:1308} INFO - Starting attempt 1 of 6
[2023-05-24T15:28:20.275+0000] {taskinstance.py:1327} INFO - Executing <Task(_PythonDecoratedOperator): get_name> on 2023-01-05 00:00:00+00:00
[2023-05-24T15:28:20.294+0000] {standard_task_runner.py:57} INFO - Started process 3113 to run task
[2023-05-24T15:28:20.347+0000] {standard_task_runner.py:84} INFO - Running: ['***', 'tasks', 'run', 'dag_with_taskflow_api_v02', 'get_name', 'scheduled__2023-01-05T00:00:00+00:00', '--job-id', '1309', '--raw', '--subdir', 'DAGS_FOLDER/first_dag.py', '--cfg-path', '/tmp/tmpcngmlt15']
[2023-05-24T15:28:20.382+0000] {standard_task_runner.py:85} INFO - Job 1309: Subtask get_name
[2023-05-24T15:28:20.856+0000] {task_command.py:410} INFO - Running <TaskInstance: dag_with_taskflow_api_v02.get_name scheduled__2023-01-05T00:00:00+00:00 [running]> on host 942de29f183d
[2023-05-24T15:28:21.953+0000] {taskinstance.py:1547} INFO - Exporting env vars: AIRFLOW_CTX_DAG_OWNER='Sai' AIRFLOW_CTX_DAG_ID='dag_with_taskflow_api_v02' AIRFLOW_CTX_TASK_ID='get_name' AIRFLOW_CTX_EXECUTION_DATE='2023-01-05T00:00:00+00:00' AIRFLOW_CTX_TRY_NUMBER='1' AIRFLOW_CTX_DAG_RUN_ID='scheduled__2023-01-05T00:00:00+00:00'
[2023-05-24T15:28:21.954+0000] {python.py:183} INFO - Done. Returned value was: {'first_name': 'Sai', 'last_name': 'Tr'}
[2023-05-24T15:28:22.223+0000] {taskinstance.py:1350} INFO - Marking task as SUCCESS. dag_id=dag_with_taskflow_api_v02, task_id=get_name, execution_date=20230105T000000, start_date=20230524T152819, end_date=20230524T152822
[2023-05-24T15:28:22.394+0000] {local_task_job_runner.py:225} INFO - Task exited with return code 0
[2023-05-24T15:28:22.538+0000] {taskinstance.py:2651} INFO - 1 downstream tasks scheduled from follow-on schedule check
[2023-05-25T07:00:52.232+0000] {taskinstance.py:1103} INFO - Dependencies all met for dep_context=non-requeueable deps ti=<TaskInstance: dag_with_taskflow_api_v02.get_name scheduled__2023-01-05T00:00:00+00:00 [queued]>
[2023-05-25T07:00:52.311+0000] {taskinstance.py:1103} INFO - Dependencies all met for dep_context=requeueable deps ti=<TaskInstance: dag_with_taskflow_api_v02.get_name scheduled__2023-01-05T00:00:00+00:00 [queued]>
[2023-05-25T07:00:52.325+0000] {taskinstance.py:1308} INFO - Starting attempt 1 of 6
[2023-05-25T07:00:52.505+0000] {taskinstance.py:1327} INFO - Executing <Task(_PythonDecoratedOperator): get_name> on 2023-01-05 00:00:00+00:00
[2023-05-25T07:00:52.530+0000] {standard_task_runner.py:57} INFO - Started process 4632 to run task
[2023-05-25T07:00:52.583+0000] {standard_task_runner.py:84} INFO - Running: ['***', 'tasks', 'run', 'dag_with_taskflow_api_v02', 'get_name', 'scheduled__2023-01-05T00:00:00+00:00', '--job-id', '1308', '--raw', '--subdir', 'DAGS_FOLDER/first_dag.py', '--cfg-path', '/tmp/tmpxavs8fhh']
[2023-05-25T07:00:52.637+0000] {standard_task_runner.py:85} INFO - Job 1308: Subtask get_name
[2023-05-25T07:00:53.115+0000] {task_command.py:410} INFO - Running <TaskInstance: dag_with_taskflow_api_v02.get_name scheduled__2023-01-05T00:00:00+00:00 [running]> on host 6bd07c7477d9
[2023-05-25T07:00:54.050+0000] {taskinstance.py:1547} INFO - Exporting env vars: AIRFLOW_CTX_DAG_OWNER='Sai' AIRFLOW_CTX_DAG_ID='dag_with_taskflow_api_v02' AIRFLOW_CTX_TASK_ID='get_name' AIRFLOW_CTX_EXECUTION_DATE='2023-01-05T00:00:00+00:00' AIRFLOW_CTX_TRY_NUMBER='1' AIRFLOW_CTX_DAG_RUN_ID='scheduled__2023-01-05T00:00:00+00:00'
[2023-05-25T07:00:54.052+0000] {python.py:183} INFO - Done. Returned value was: {'first_name': 'Sai', 'last_name': 'Tr'}
[2023-05-25T07:00:54.361+0000] {taskinstance.py:1350} INFO - Marking task as SUCCESS. dag_id=dag_with_taskflow_api_v02, task_id=get_name, execution_date=20230105T000000, start_date=20230525T070052, end_date=20230525T070054
[2023-05-25T07:00:54.500+0000] {local_task_job_runner.py:225} INFO - Task exited with return code 0
[2023-05-25T07:00:54.757+0000] {taskinstance.py:2651} INFO - 1 downstream tasks scheduled from follow-on schedule check
[2023-05-25T10:35:04.273+0000] {taskinstance.py:1103} INFO - Dependencies all met for dep_context=non-requeueable deps ti=<TaskInstance: dag_with_taskflow_api_v02.get_name scheduled__2023-01-05T00:00:00+00:00 [queued]>
[2023-05-25T10:35:04.338+0000] {taskinstance.py:1103} INFO - Dependencies all met for dep_context=requeueable deps ti=<TaskInstance: dag_with_taskflow_api_v02.get_name scheduled__2023-01-05T00:00:00+00:00 [queued]>
[2023-05-25T10:35:04.341+0000] {taskinstance.py:1308} INFO - Starting attempt 1 of 6
[2023-05-25T10:35:04.558+0000] {taskinstance.py:1327} INFO - Executing <Task(_PythonDecoratedOperator): get_name> on 2023-01-05 00:00:00+00:00
[2023-05-25T10:35:04.629+0000] {standard_task_runner.py:57} INFO - Started process 4292 to run task
[2023-05-25T10:35:04.708+0000] {standard_task_runner.py:84} INFO - Running: ['***', 'tasks', 'run', 'dag_with_taskflow_api_v02', 'get_name', 'scheduled__2023-01-05T00:00:00+00:00', '--job-id', '1327', '--raw', '--subdir', 'DAGS_FOLDER/first_dag.py', '--cfg-path', '/tmp/tmpqsnblkk7']
[2023-05-25T10:35:04.744+0000] {standard_task_runner.py:85} INFO - Job 1327: Subtask get_name
[2023-05-25T10:35:05.066+0000] {task_command.py:410} INFO - Running <TaskInstance: dag_with_taskflow_api_v02.get_name scheduled__2023-01-05T00:00:00+00:00 [running]> on host b1ae37a9584e
[2023-05-25T10:35:05.818+0000] {taskinstance.py:1547} INFO - Exporting env vars: AIRFLOW_CTX_DAG_OWNER='Sai' AIRFLOW_CTX_DAG_ID='dag_with_taskflow_api_v02' AIRFLOW_CTX_TASK_ID='get_name' AIRFLOW_CTX_EXECUTION_DATE='2023-01-05T00:00:00+00:00' AIRFLOW_CTX_TRY_NUMBER='1' AIRFLOW_CTX_DAG_RUN_ID='scheduled__2023-01-05T00:00:00+00:00'
[2023-05-25T10:35:05.819+0000] {python.py:183} INFO - Done. Returned value was: {'first_name': 'Sai', 'last_name': 'Tr'}
[2023-05-25T10:35:06.137+0000] {taskinstance.py:1350} INFO - Marking task as SUCCESS. dag_id=dag_with_taskflow_api_v02, task_id=get_name, execution_date=20230105T000000, start_date=20230525T103504, end_date=20230525T103506
[2023-05-25T10:35:06.277+0000] {local_task_job_runner.py:225} INFO - Task exited with return code 0
[2023-05-25T10:35:06.569+0000] {taskinstance.py:2651} INFO - 0 downstream tasks scheduled from follow-on schedule check
