[2023-05-24T15:22:44.888+0000] {taskinstance.py:1103} INFO - Dependencies all met for dep_context=non-requeueable deps ti=<TaskInstance: dag_with_taskflow_api_v02.get_name scheduled__2022-06-24T00:00:00+00:00 [queued]>
[2023-05-24T15:22:45.014+0000] {taskinstance.py:1103} INFO - Dependencies all met for dep_context=requeueable deps ti=<TaskInstance: dag_with_taskflow_api_v02.get_name scheduled__2022-06-24T00:00:00+00:00 [queued]>
[2023-05-24T15:22:45.015+0000] {taskinstance.py:1308} INFO - Starting attempt 1 of 6
[2023-05-24T15:22:45.211+0000] {taskinstance.py:1327} INFO - Executing <Task(_PythonDecoratedOperator): get_name> on 2022-06-24 00:00:00+00:00
[2023-05-24T15:22:45.236+0000] {standard_task_runner.py:57} INFO - Started process 1814 to run task
[2023-05-24T15:22:45.272+0000] {standard_task_runner.py:84} INFO - Running: ['***', 'tasks', 'run', 'dag_with_taskflow_api_v02', 'get_name', 'scheduled__2022-06-24T00:00:00+00:00', '--job-id', '719', '--raw', '--subdir', 'DAGS_FOLDER/first_dag.py', '--cfg-path', '/tmp/tmpuk9c37ln']
[2023-05-24T15:22:45.291+0000] {standard_task_runner.py:85} INFO - Job 719: Subtask get_name
[2023-05-24T15:22:45.631+0000] {task_command.py:410} INFO - Running <TaskInstance: dag_with_taskflow_api_v02.get_name scheduled__2022-06-24T00:00:00+00:00 [running]> on host 942de29f183d
[2023-05-24T15:22:46.436+0000] {taskinstance.py:1547} INFO - Exporting env vars: AIRFLOW_CTX_DAG_OWNER='Sai' AIRFLOW_CTX_DAG_ID='dag_with_taskflow_api_v02' AIRFLOW_CTX_TASK_ID='get_name' AIRFLOW_CTX_EXECUTION_DATE='2022-06-24T00:00:00+00:00' AIRFLOW_CTX_TRY_NUMBER='1' AIRFLOW_CTX_DAG_RUN_ID='scheduled__2022-06-24T00:00:00+00:00'
[2023-05-24T15:22:46.437+0000] {python.py:183} INFO - Done. Returned value was: {'first_name': 'Sai', 'last_name': 'Tr'}
[2023-05-24T15:22:46.647+0000] {taskinstance.py:1350} INFO - Marking task as SUCCESS. dag_id=dag_with_taskflow_api_v02, task_id=get_name, execution_date=20220624T000000, start_date=20230524T152244, end_date=20230524T152246
[2023-05-24T15:22:46.780+0000] {local_task_job_runner.py:225} INFO - Task exited with return code 0
[2023-05-24T15:22:46.902+0000] {taskinstance.py:2651} INFO - 0 downstream tasks scheduled from follow-on schedule check
[2023-05-25T06:55:29.367+0000] {taskinstance.py:1103} INFO - Dependencies all met for dep_context=non-requeueable deps ti=<TaskInstance: dag_with_taskflow_api_v02.get_name scheduled__2022-06-24T00:00:00+00:00 [queued]>
[2023-05-25T06:55:29.451+0000] {taskinstance.py:1103} INFO - Dependencies all met for dep_context=requeueable deps ti=<TaskInstance: dag_with_taskflow_api_v02.get_name scheduled__2022-06-24T00:00:00+00:00 [queued]>
[2023-05-25T06:55:29.451+0000] {taskinstance.py:1308} INFO - Starting attempt 1 of 6
[2023-05-25T06:55:29.520+0000] {taskinstance.py:1327} INFO - Executing <Task(_PythonDecoratedOperator): get_name> on 2022-06-24 00:00:00+00:00
[2023-05-25T06:55:29.554+0000] {standard_task_runner.py:57} INFO - Started process 3333 to run task
[2023-05-25T06:55:29.602+0000] {standard_task_runner.py:84} INFO - Running: ['***', 'tasks', 'run', 'dag_with_taskflow_api_v02', 'get_name', 'scheduled__2022-06-24T00:00:00+00:00', '--job-id', '722', '--raw', '--subdir', 'DAGS_FOLDER/first_dag.py', '--cfg-path', '/tmp/tmptv3pfvwh']
[2023-05-25T06:55:29.643+0000] {standard_task_runner.py:85} INFO - Job 722: Subtask get_name
[2023-05-25T06:55:30.108+0000] {task_command.py:410} INFO - Running <TaskInstance: dag_with_taskflow_api_v02.get_name scheduled__2022-06-24T00:00:00+00:00 [running]> on host 6bd07c7477d9
[2023-05-25T06:55:31.250+0000] {taskinstance.py:1547} INFO - Exporting env vars: AIRFLOW_CTX_DAG_OWNER='Sai' AIRFLOW_CTX_DAG_ID='dag_with_taskflow_api_v02' AIRFLOW_CTX_TASK_ID='get_name' AIRFLOW_CTX_EXECUTION_DATE='2022-06-24T00:00:00+00:00' AIRFLOW_CTX_TRY_NUMBER='1' AIRFLOW_CTX_DAG_RUN_ID='scheduled__2022-06-24T00:00:00+00:00'
[2023-05-25T06:55:31.251+0000] {python.py:183} INFO - Done. Returned value was: {'first_name': 'Sai', 'last_name': 'Tr'}
[2023-05-25T06:55:31.553+0000] {taskinstance.py:1350} INFO - Marking task as SUCCESS. dag_id=dag_with_taskflow_api_v02, task_id=get_name, execution_date=20220624T000000, start_date=20230525T065529, end_date=20230525T065531
[2023-05-25T06:55:31.890+0000] {local_task_job_runner.py:225} INFO - Task exited with return code 0
[2023-05-25T06:55:32.094+0000] {taskinstance.py:2651} INFO - 0 downstream tasks scheduled from follow-on schedule check
[2023-05-25T10:27:05.962+0000] {taskinstance.py:1103} INFO - Dependencies all met for dep_context=non-requeueable deps ti=<TaskInstance: dag_with_taskflow_api_v02.get_name scheduled__2022-06-24T00:00:00+00:00 [queued]>
[2023-05-25T10:27:06.104+0000] {taskinstance.py:1103} INFO - Dependencies all met for dep_context=requeueable deps ti=<TaskInstance: dag_with_taskflow_api_v02.get_name scheduled__2022-06-24T00:00:00+00:00 [queued]>
[2023-05-25T10:27:06.104+0000] {taskinstance.py:1308} INFO - Starting attempt 1 of 6
[2023-05-25T10:27:06.419+0000] {taskinstance.py:1327} INFO - Executing <Task(_PythonDecoratedOperator): get_name> on 2022-06-24 00:00:00+00:00
[2023-05-25T10:27:06.503+0000] {standard_task_runner.py:57} INFO - Started process 2931 to run task
[2023-05-25T10:27:06.510+0000] {standard_task_runner.py:84} INFO - Running: ['***', 'tasks', 'run', 'dag_with_taskflow_api_v02', 'get_name', 'scheduled__2022-06-24T00:00:00+00:00', '--job-id', '736', '--raw', '--subdir', 'DAGS_FOLDER/first_dag.py', '--cfg-path', '/tmp/tmp3b8k1uwl']
[2023-05-25T10:27:06.521+0000] {standard_task_runner.py:85} INFO - Job 736: Subtask get_name
[2023-05-25T10:27:07.099+0000] {task_command.py:410} INFO - Running <TaskInstance: dag_with_taskflow_api_v02.get_name scheduled__2022-06-24T00:00:00+00:00 [running]> on host b1ae37a9584e
[2023-05-25T10:27:08.067+0000] {taskinstance.py:1547} INFO - Exporting env vars: AIRFLOW_CTX_DAG_OWNER='Sai' AIRFLOW_CTX_DAG_ID='dag_with_taskflow_api_v02' AIRFLOW_CTX_TASK_ID='get_name' AIRFLOW_CTX_EXECUTION_DATE='2022-06-24T00:00:00+00:00' AIRFLOW_CTX_TRY_NUMBER='1' AIRFLOW_CTX_DAG_RUN_ID='scheduled__2022-06-24T00:00:00+00:00'
[2023-05-25T10:27:08.069+0000] {python.py:183} INFO - Done. Returned value was: {'first_name': 'Sai', 'last_name': 'Tr'}
[2023-05-25T10:27:08.697+0000] {taskinstance.py:1350} INFO - Marking task as SUCCESS. dag_id=dag_with_taskflow_api_v02, task_id=get_name, execution_date=20220624T000000, start_date=20230525T102705, end_date=20230525T102708
[2023-05-25T10:27:12.323+0000] {local_task_job_runner.py:225} INFO - Task exited with return code 0
[2023-05-25T10:27:12.674+0000] {taskinstance.py:2651} INFO - 0 downstream tasks scheduled from follow-on schedule check
