[2023-05-24T15:16:45.444+0000] {taskinstance.py:1103} INFO - Dependencies all met for dep_context=non-requeueable deps ti=<TaskInstance: dag_with_taskflow_api_v02.get_name scheduled__2021-12-20T00:00:00+00:00 [queued]>
[2023-05-24T15:16:45.486+0000] {taskinstance.py:1103} INFO - Dependencies all met for dep_context=requeueable deps ti=<TaskInstance: dag_with_taskflow_api_v02.get_name scheduled__2021-12-20T00:00:00+00:00 [queued]>
[2023-05-24T15:16:45.486+0000] {taskinstance.py:1308} INFO - Starting attempt 1 of 6
[2023-05-24T15:16:45.867+0000] {taskinstance.py:1327} INFO - Executing <Task(_PythonDecoratedOperator): get_name> on 2021-12-20 00:00:00+00:00
[2023-05-24T15:16:45.899+0000] {standard_task_runner.py:57} INFO - Started process 556 to run task
[2023-05-24T15:16:45.907+0000] {standard_task_runner.py:84} INFO - Running: ['***', 'tasks', 'run', 'dag_with_taskflow_api_v02', 'get_name', 'scheduled__2021-12-20T00:00:00+00:00', '--job-id', '165', '--raw', '--subdir', 'DAGS_FOLDER/first_dag.py', '--cfg-path', '/tmp/tmpa5gu4_dt']
[2023-05-24T15:16:45.943+0000] {standard_task_runner.py:85} INFO - Job 165: Subtask get_name
[2023-05-24T15:16:46.212+0000] {task_command.py:410} INFO - Running <TaskInstance: dag_with_taskflow_api_v02.get_name scheduled__2021-12-20T00:00:00+00:00 [running]> on host 942de29f183d
[2023-05-24T15:16:46.966+0000] {taskinstance.py:1547} INFO - Exporting env vars: AIRFLOW_CTX_DAG_OWNER='Sai' AIRFLOW_CTX_DAG_ID='dag_with_taskflow_api_v02' AIRFLOW_CTX_TASK_ID='get_name' AIRFLOW_CTX_EXECUTION_DATE='2021-12-20T00:00:00+00:00' AIRFLOW_CTX_TRY_NUMBER='1' AIRFLOW_CTX_DAG_RUN_ID='scheduled__2021-12-20T00:00:00+00:00'
[2023-05-24T15:16:46.971+0000] {python.py:183} INFO - Done. Returned value was: {'first_name': 'Sai', 'last_name': 'Tr'}
[2023-05-24T15:16:47.155+0000] {taskinstance.py:1350} INFO - Marking task as SUCCESS. dag_id=dag_with_taskflow_api_v02, task_id=get_name, execution_date=20211220T000000, start_date=20230524T151645, end_date=20230524T151647
[2023-05-24T15:16:47.260+0000] {local_task_job_runner.py:225} INFO - Task exited with return code 0
[2023-05-24T15:16:47.605+0000] {taskinstance.py:2651} INFO - 0 downstream tasks scheduled from follow-on schedule check
[2023-05-25T06:50:27.717+0000] {taskinstance.py:1103} INFO - Dependencies all met for dep_context=non-requeueable deps ti=<TaskInstance: dag_with_taskflow_api_v02.get_name scheduled__2021-12-20T00:00:00+00:00 [queued]>
[2023-05-25T06:50:27.805+0000] {taskinstance.py:1103} INFO - Dependencies all met for dep_context=requeueable deps ti=<TaskInstance: dag_with_taskflow_api_v02.get_name scheduled__2021-12-20T00:00:00+00:00 [queued]>
[2023-05-25T06:50:27.805+0000] {taskinstance.py:1308} INFO - Starting attempt 1 of 6
[2023-05-25T06:50:27.986+0000] {taskinstance.py:1327} INFO - Executing <Task(_PythonDecoratedOperator): get_name> on 2021-12-20 00:00:00+00:00
[2023-05-25T06:50:28.017+0000] {standard_task_runner.py:57} INFO - Started process 2096 to run task
[2023-05-25T06:50:28.069+0000] {standard_task_runner.py:84} INFO - Running: ['***', 'tasks', 'run', 'dag_with_taskflow_api_v02', 'get_name', 'scheduled__2021-12-20T00:00:00+00:00', '--job-id', '164', '--raw', '--subdir', 'DAGS_FOLDER/first_dag.py', '--cfg-path', '/tmp/tmpt8nfth08']
[2023-05-25T06:50:28.084+0000] {standard_task_runner.py:85} INFO - Job 164: Subtask get_name
[2023-05-25T06:50:28.485+0000] {task_command.py:410} INFO - Running <TaskInstance: dag_with_taskflow_api_v02.get_name scheduled__2021-12-20T00:00:00+00:00 [running]> on host 6bd07c7477d9
[2023-05-25T06:50:29.337+0000] {taskinstance.py:1547} INFO - Exporting env vars: AIRFLOW_CTX_DAG_OWNER='Sai' AIRFLOW_CTX_DAG_ID='dag_with_taskflow_api_v02' AIRFLOW_CTX_TASK_ID='get_name' AIRFLOW_CTX_EXECUTION_DATE='2021-12-20T00:00:00+00:00' AIRFLOW_CTX_TRY_NUMBER='1' AIRFLOW_CTX_DAG_RUN_ID='scheduled__2021-12-20T00:00:00+00:00'
[2023-05-25T06:50:29.338+0000] {python.py:183} INFO - Done. Returned value was: {'first_name': 'Sai', 'last_name': 'Tr'}
[2023-05-25T06:50:29.640+0000] {taskinstance.py:1350} INFO - Marking task as SUCCESS. dag_id=dag_with_taskflow_api_v02, task_id=get_name, execution_date=20211220T000000, start_date=20230525T065027, end_date=20230525T065029
[2023-05-25T06:50:29.821+0000] {local_task_job_runner.py:225} INFO - Task exited with return code 0
[2023-05-25T06:50:29.977+0000] {taskinstance.py:2651} INFO - 1 downstream tasks scheduled from follow-on schedule check
[2023-05-25T10:20:43.725+0000] {taskinstance.py:1103} INFO - Dependencies all met for dep_context=non-requeueable deps ti=<TaskInstance: dag_with_taskflow_api_v02.get_name scheduled__2021-12-20T00:00:00+00:00 [queued]>
[2023-05-25T10:20:43.780+0000] {taskinstance.py:1103} INFO - Dependencies all met for dep_context=requeueable deps ti=<TaskInstance: dag_with_taskflow_api_v02.get_name scheduled__2021-12-20T00:00:00+00:00 [queued]>
[2023-05-25T10:20:43.780+0000] {taskinstance.py:1308} INFO - Starting attempt 1 of 6
[2023-05-25T10:20:44.343+0000] {taskinstance.py:1327} INFO - Executing <Task(_PythonDecoratedOperator): get_name> on 2021-12-20 00:00:00+00:00
[2023-05-25T10:20:44.359+0000] {standard_task_runner.py:57} INFO - Started process 1622 to run task
[2023-05-25T10:20:44.387+0000] {standard_task_runner.py:84} INFO - Running: ['***', 'tasks', 'run', 'dag_with_taskflow_api_v02', 'get_name', 'scheduled__2021-12-20T00:00:00+00:00', '--job-id', '159', '--raw', '--subdir', 'DAGS_FOLDER/first_dag.py', '--cfg-path', '/tmp/tmp8f4efuvg']
[2023-05-25T10:20:44.400+0000] {standard_task_runner.py:85} INFO - Job 159: Subtask get_name
[2023-05-25T10:20:44.998+0000] {task_command.py:410} INFO - Running <TaskInstance: dag_with_taskflow_api_v02.get_name scheduled__2021-12-20T00:00:00+00:00 [running]> on host b1ae37a9584e
[2023-05-25T10:20:46.072+0000] {taskinstance.py:1547} INFO - Exporting env vars: AIRFLOW_CTX_DAG_OWNER='Sai' AIRFLOW_CTX_DAG_ID='dag_with_taskflow_api_v02' AIRFLOW_CTX_TASK_ID='get_name' AIRFLOW_CTX_EXECUTION_DATE='2021-12-20T00:00:00+00:00' AIRFLOW_CTX_TRY_NUMBER='1' AIRFLOW_CTX_DAG_RUN_ID='scheduled__2021-12-20T00:00:00+00:00'
[2023-05-25T10:20:46.073+0000] {python.py:183} INFO - Done. Returned value was: {'first_name': 'Sai', 'last_name': 'Tr'}
[2023-05-25T10:20:46.205+0000] {taskinstance.py:1350} INFO - Marking task as SUCCESS. dag_id=dag_with_taskflow_api_v02, task_id=get_name, execution_date=20211220T000000, start_date=20230525T102043, end_date=20230525T102046
[2023-05-25T10:20:46.396+0000] {local_task_job_runner.py:225} INFO - Task exited with return code 0
[2023-05-25T10:20:46.529+0000] {taskinstance.py:2651} INFO - 1 downstream tasks scheduled from follow-on schedule check
