[2023-05-24T15:32:06.313+0000] {taskinstance.py:1103} INFO - Dependencies all met for dep_context=non-requeueable deps ti=<TaskInstance: dag_with_taskflow_api_v02.greet scheduled__2023-05-22T00:00:00+00:00 [queued]>
[2023-05-24T15:32:06.341+0000] {taskinstance.py:1103} INFO - Dependencies all met for dep_context=requeueable deps ti=<TaskInstance: dag_with_taskflow_api_v02.greet scheduled__2023-05-22T00:00:00+00:00 [queued]>
[2023-05-24T15:32:06.342+0000] {taskinstance.py:1308} INFO - Starting attempt 1 of 6
[2023-05-24T15:32:06.393+0000] {taskinstance.py:1327} INFO - Executing <Task(_PythonDecoratedOperator): greet> on 2023-05-22 00:00:00+00:00
[2023-05-24T15:32:06.399+0000] {standard_task_runner.py:57} INFO - Started process 4034 to run task
[2023-05-24T15:32:06.414+0000] {standard_task_runner.py:84} INFO - Running: ['***', 'tasks', 'run', 'dag_with_taskflow_api_v02', 'greet', 'scheduled__2023-05-22T00:00:00+00:00', '--job-id', '1728', '--raw', '--subdir', 'DAGS_FOLDER/first_dag.py', '--cfg-path', '/tmp/tmpoacpw6hh']
[2023-05-24T15:32:06.430+0000] {standard_task_runner.py:85} INFO - Job 1728: Subtask greet
[2023-05-24T15:32:06.571+0000] {task_command.py:410} INFO - Running <TaskInstance: dag_with_taskflow_api_v02.greet scheduled__2023-05-22T00:00:00+00:00 [running]> on host 942de29f183d
[2023-05-24T15:32:06.913+0000] {taskinstance.py:1547} INFO - Exporting env vars: AIRFLOW_CTX_DAG_OWNER='Sai' AIRFLOW_CTX_DAG_ID='dag_with_taskflow_api_v02' AIRFLOW_CTX_TASK_ID='greet' AIRFLOW_CTX_EXECUTION_DATE='2023-05-22T00:00:00+00:00' AIRFLOW_CTX_TRY_NUMBER='1' AIRFLOW_CTX_DAG_RUN_ID='scheduled__2023-05-22T00:00:00+00:00'
[2023-05-24T15:32:06.914+0000] {logging_mixin.py:149} INFO - Hello World! My name is Sai Tr and I am 19 years old!
[2023-05-24T15:32:06.915+0000] {python.py:183} INFO - Done. Returned value was: None
[2023-05-24T15:32:06.939+0000] {taskinstance.py:1350} INFO - Marking task as SUCCESS. dag_id=dag_with_taskflow_api_v02, task_id=greet, execution_date=20230522T000000, start_date=20230524T153206, end_date=20230524T153206
[2023-05-24T15:32:06.997+0000] {local_task_job_runner.py:225} INFO - Task exited with return code 0
[2023-05-24T15:32:07.043+0000] {taskinstance.py:2651} INFO - 0 downstream tasks scheduled from follow-on schedule check
[2023-05-25T07:04:39.147+0000] {taskinstance.py:1103} INFO - Dependencies all met for dep_context=non-requeueable deps ti=<TaskInstance: dag_with_taskflow_api_v02.greet scheduled__2023-05-22T00:00:00+00:00 [queued]>
[2023-05-25T07:04:39.160+0000] {taskinstance.py:1103} INFO - Dependencies all met for dep_context=requeueable deps ti=<TaskInstance: dag_with_taskflow_api_v02.greet scheduled__2023-05-22T00:00:00+00:00 [queued]>
[2023-05-25T07:04:39.160+0000] {taskinstance.py:1308} INFO - Starting attempt 1 of 6
[2023-05-25T07:04:39.179+0000] {taskinstance.py:1327} INFO - Executing <Task(_PythonDecoratedOperator): greet> on 2023-05-22 00:00:00+00:00
[2023-05-25T07:04:39.185+0000] {standard_task_runner.py:57} INFO - Started process 5550 to run task
[2023-05-25T07:04:39.189+0000] {standard_task_runner.py:84} INFO - Running: ['***', 'tasks', 'run', 'dag_with_taskflow_api_v02', 'greet', 'scheduled__2023-05-22T00:00:00+00:00', '--job-id', '1727', '--raw', '--subdir', 'DAGS_FOLDER/first_dag.py', '--cfg-path', '/tmp/tmpwc640ukl']
[2023-05-25T07:04:39.191+0000] {standard_task_runner.py:85} INFO - Job 1727: Subtask greet
[2023-05-25T07:04:39.250+0000] {task_command.py:410} INFO - Running <TaskInstance: dag_with_taskflow_api_v02.greet scheduled__2023-05-22T00:00:00+00:00 [running]> on host 6bd07c7477d9
[2023-05-25T07:04:39.418+0000] {taskinstance.py:1547} INFO - Exporting env vars: AIRFLOW_CTX_DAG_OWNER='Sai' AIRFLOW_CTX_DAG_ID='dag_with_taskflow_api_v02' AIRFLOW_CTX_TASK_ID='greet' AIRFLOW_CTX_EXECUTION_DATE='2023-05-22T00:00:00+00:00' AIRFLOW_CTX_TRY_NUMBER='1' AIRFLOW_CTX_DAG_RUN_ID='scheduled__2023-05-22T00:00:00+00:00'
[2023-05-25T07:04:39.419+0000] {logging_mixin.py:149} INFO - Hello World! My name is Sai Tr and I am 19 years old!
[2023-05-25T07:04:39.419+0000] {python.py:183} INFO - Done. Returned value was: None
[2023-05-25T07:04:39.431+0000] {taskinstance.py:1350} INFO - Marking task as SUCCESS. dag_id=dag_with_taskflow_api_v02, task_id=greet, execution_date=20230522T000000, start_date=20230525T070439, end_date=20230525T070439
[2023-05-25T07:04:39.481+0000] {local_task_job_runner.py:225} INFO - Task exited with return code 0
[2023-05-25T07:04:39.506+0000] {taskinstance.py:2651} INFO - 0 downstream tasks scheduled from follow-on schedule check
[2023-05-25T10:39:28.680+0000] {taskinstance.py:1103} INFO - Dependencies all met for dep_context=non-requeueable deps ti=<TaskInstance: dag_with_taskflow_api_v02.greet scheduled__2023-05-22T00:00:00+00:00 [queued]>
[2023-05-25T10:39:28.728+0000] {taskinstance.py:1103} INFO - Dependencies all met for dep_context=requeueable deps ti=<TaskInstance: dag_with_taskflow_api_v02.greet scheduled__2023-05-22T00:00:00+00:00 [queued]>
[2023-05-25T10:39:28.728+0000] {taskinstance.py:1308} INFO - Starting attempt 1 of 6
[2023-05-25T10:39:28.838+0000] {taskinstance.py:1327} INFO - Executing <Task(_PythonDecoratedOperator): greet> on 2023-05-22 00:00:00+00:00
[2023-05-25T10:39:28.847+0000] {standard_task_runner.py:57} INFO - Started process 5217 to run task
[2023-05-25T10:39:28.852+0000] {standard_task_runner.py:84} INFO - Running: ['***', 'tasks', 'run', 'dag_with_taskflow_api_v02', 'greet', 'scheduled__2023-05-22T00:00:00+00:00', '--job-id', '1744', '--raw', '--subdir', 'DAGS_FOLDER/first_dag.py', '--cfg-path', '/tmp/tmp42h42o0w']
[2023-05-25T10:39:28.856+0000] {standard_task_runner.py:85} INFO - Job 1744: Subtask greet
[2023-05-25T10:39:28.956+0000] {task_command.py:410} INFO - Running <TaskInstance: dag_with_taskflow_api_v02.greet scheduled__2023-05-22T00:00:00+00:00 [running]> on host b1ae37a9584e
[2023-05-25T10:39:29.219+0000] {taskinstance.py:1547} INFO - Exporting env vars: AIRFLOW_CTX_DAG_OWNER='Sai' AIRFLOW_CTX_DAG_ID='dag_with_taskflow_api_v02' AIRFLOW_CTX_TASK_ID='greet' AIRFLOW_CTX_EXECUTION_DATE='2023-05-22T00:00:00+00:00' AIRFLOW_CTX_TRY_NUMBER='1' AIRFLOW_CTX_DAG_RUN_ID='scheduled__2023-05-22T00:00:00+00:00'
[2023-05-25T10:39:29.220+0000] {logging_mixin.py:149} INFO - Hello World! My name is Sai Tr and I am 19 years old!
[2023-05-25T10:39:29.220+0000] {python.py:183} INFO - Done. Returned value was: None
[2023-05-25T10:39:29.244+0000] {taskinstance.py:1350} INFO - Marking task as SUCCESS. dag_id=dag_with_taskflow_api_v02, task_id=greet, execution_date=20230522T000000, start_date=20230525T103928, end_date=20230525T103929
[2023-05-25T10:39:29.275+0000] {local_task_job_runner.py:225} INFO - Task exited with return code 0
[2023-05-25T10:39:29.324+0000] {taskinstance.py:2651} INFO - 0 downstream tasks scheduled from follow-on schedule check
