[2023-05-24T15:21:05.250+0000] {taskinstance.py:1103} INFO - Dependencies all met for dep_context=non-requeueable deps ti=<TaskInstance: dag_with_taskflow_api_v02.greet scheduled__2022-04-30T00:00:00+00:00 [queued]>
[2023-05-24T15:21:05.268+0000] {taskinstance.py:1103} INFO - Dependencies all met for dep_context=requeueable deps ti=<TaskInstance: dag_with_taskflow_api_v02.greet scheduled__2022-04-30T00:00:00+00:00 [queued]>
[2023-05-24T15:21:05.269+0000] {taskinstance.py:1308} INFO - Starting attempt 1 of 6
[2023-05-24T15:21:05.303+0000] {taskinstance.py:1327} INFO - Executing <Task(_PythonDecoratedOperator): greet> on 2022-04-30 00:00:00+00:00
[2023-05-24T15:21:05.310+0000] {standard_task_runner.py:57} INFO - Started process 1466 to run task
[2023-05-24T15:21:05.320+0000] {standard_task_runner.py:84} INFO - Running: ['***', 'tasks', 'run', 'dag_with_taskflow_api_v02', 'greet', 'scheduled__2022-04-30T00:00:00+00:00', '--job-id', '568', '--raw', '--subdir', 'DAGS_FOLDER/first_dag.py', '--cfg-path', '/tmp/tmpf0aqke58']
[2023-05-24T15:21:05.324+0000] {standard_task_runner.py:85} INFO - Job 568: Subtask greet
[2023-05-24T15:21:05.434+0000] {task_command.py:410} INFO - Running <TaskInstance: dag_with_taskflow_api_v02.greet scheduled__2022-04-30T00:00:00+00:00 [running]> on host 942de29f183d
[2023-05-24T15:21:05.697+0000] {taskinstance.py:1547} INFO - Exporting env vars: AIRFLOW_CTX_DAG_OWNER='Sai' AIRFLOW_CTX_DAG_ID='dag_with_taskflow_api_v02' AIRFLOW_CTX_TASK_ID='greet' AIRFLOW_CTX_EXECUTION_DATE='2022-04-30T00:00:00+00:00' AIRFLOW_CTX_TRY_NUMBER='1' AIRFLOW_CTX_DAG_RUN_ID='scheduled__2022-04-30T00:00:00+00:00'
[2023-05-24T15:21:05.698+0000] {logging_mixin.py:149} INFO - Hello World! My name is Sai Tr and I am 19 years old!
[2023-05-24T15:21:05.698+0000] {python.py:183} INFO - Done. Returned value was: None
[2023-05-24T15:21:05.722+0000] {taskinstance.py:1350} INFO - Marking task as SUCCESS. dag_id=dag_with_taskflow_api_v02, task_id=greet, execution_date=20220430T000000, start_date=20230524T152105, end_date=20230524T152105
[2023-05-24T15:21:05.770+0000] {local_task_job_runner.py:225} INFO - Task exited with return code 0
[2023-05-24T15:21:05.812+0000] {taskinstance.py:2651} INFO - 0 downstream tasks scheduled from follow-on schedule check
[2023-05-25T06:54:08.213+0000] {taskinstance.py:1103} INFO - Dependencies all met for dep_context=non-requeueable deps ti=<TaskInstance: dag_with_taskflow_api_v02.greet scheduled__2022-04-30T00:00:00+00:00 [queued]>
[2023-05-25T06:54:08.287+0000] {taskinstance.py:1103} INFO - Dependencies all met for dep_context=requeueable deps ti=<TaskInstance: dag_with_taskflow_api_v02.greet scheduled__2022-04-30T00:00:00+00:00 [queued]>
[2023-05-25T06:54:08.288+0000] {taskinstance.py:1308} INFO - Starting attempt 1 of 6
[2023-05-25T06:54:08.434+0000] {taskinstance.py:1327} INFO - Executing <Task(_PythonDecoratedOperator): greet> on 2022-04-30 00:00:00+00:00
[2023-05-25T06:54:08.467+0000] {standard_task_runner.py:57} INFO - Started process 3000 to run task
[2023-05-25T06:54:08.496+0000] {standard_task_runner.py:84} INFO - Running: ['***', 'tasks', 'run', 'dag_with_taskflow_api_v02', 'greet', 'scheduled__2022-04-30T00:00:00+00:00', '--job-id', '576', '--raw', '--subdir', 'DAGS_FOLDER/first_dag.py', '--cfg-path', '/tmp/tmpme8nva6k']
[2023-05-25T06:54:08.512+0000] {standard_task_runner.py:85} INFO - Job 576: Subtask greet
[2023-05-25T06:54:08.755+0000] {task_command.py:410} INFO - Running <TaskInstance: dag_with_taskflow_api_v02.greet scheduled__2022-04-30T00:00:00+00:00 [running]> on host 6bd07c7477d9
[2023-05-25T06:54:09.425+0000] {taskinstance.py:1547} INFO - Exporting env vars: AIRFLOW_CTX_DAG_OWNER='Sai' AIRFLOW_CTX_DAG_ID='dag_with_taskflow_api_v02' AIRFLOW_CTX_TASK_ID='greet' AIRFLOW_CTX_EXECUTION_DATE='2022-04-30T00:00:00+00:00' AIRFLOW_CTX_TRY_NUMBER='1' AIRFLOW_CTX_DAG_RUN_ID='scheduled__2022-04-30T00:00:00+00:00'
[2023-05-25T06:54:09.426+0000] {logging_mixin.py:149} INFO - Hello World! My name is Sai Tr and I am 19 years old!
[2023-05-25T06:54:09.426+0000] {python.py:183} INFO - Done. Returned value was: None
[2023-05-25T06:54:09.510+0000] {taskinstance.py:1350} INFO - Marking task as SUCCESS. dag_id=dag_with_taskflow_api_v02, task_id=greet, execution_date=20220430T000000, start_date=20230525T065408, end_date=20230525T065409
[2023-05-25T06:54:09.626+0000] {local_task_job_runner.py:225} INFO - Task exited with return code 0
[2023-05-25T06:54:09.818+0000] {taskinstance.py:2651} INFO - 0 downstream tasks scheduled from follow-on schedule check
[2023-05-25T10:25:31.356+0000] {taskinstance.py:1103} INFO - Dependencies all met for dep_context=non-requeueable deps ti=<TaskInstance: dag_with_taskflow_api_v02.greet scheduled__2022-04-30T00:00:00+00:00 [queued]>
[2023-05-25T10:25:31.416+0000] {taskinstance.py:1103} INFO - Dependencies all met for dep_context=requeueable deps ti=<TaskInstance: dag_with_taskflow_api_v02.greet scheduled__2022-04-30T00:00:00+00:00 [queued]>
[2023-05-25T10:25:31.417+0000] {taskinstance.py:1308} INFO - Starting attempt 1 of 6
[2023-05-25T10:25:31.753+0000] {taskinstance.py:1327} INFO - Executing <Task(_PythonDecoratedOperator): greet> on 2022-04-30 00:00:00+00:00
[2023-05-25T10:25:31.774+0000] {standard_task_runner.py:57} INFO - Started process 2596 to run task
[2023-05-25T10:25:31.809+0000] {standard_task_runner.py:84} INFO - Running: ['***', 'tasks', 'run', 'dag_with_taskflow_api_v02', 'greet', 'scheduled__2022-04-30T00:00:00+00:00', '--job-id', '589', '--raw', '--subdir', 'DAGS_FOLDER/first_dag.py', '--cfg-path', '/tmp/tmp1_q2st44']
[2023-05-25T10:25:31.822+0000] {standard_task_runner.py:85} INFO - Job 589: Subtask greet
[2023-05-25T10:25:32.085+0000] {task_command.py:410} INFO - Running <TaskInstance: dag_with_taskflow_api_v02.greet scheduled__2022-04-30T00:00:00+00:00 [running]> on host b1ae37a9584e
[2023-05-25T10:25:32.539+0000] {taskinstance.py:1547} INFO - Exporting env vars: AIRFLOW_CTX_DAG_OWNER='Sai' AIRFLOW_CTX_DAG_ID='dag_with_taskflow_api_v02' AIRFLOW_CTX_TASK_ID='greet' AIRFLOW_CTX_EXECUTION_DATE='2022-04-30T00:00:00+00:00' AIRFLOW_CTX_TRY_NUMBER='1' AIRFLOW_CTX_DAG_RUN_ID='scheduled__2022-04-30T00:00:00+00:00'
[2023-05-25T10:25:32.542+0000] {logging_mixin.py:149} INFO - Hello World! My name is Sai Tr and I am 19 years old!
[2023-05-25T10:25:32.550+0000] {python.py:183} INFO - Done. Returned value was: None
[2023-05-25T10:25:32.577+0000] {taskinstance.py:1350} INFO - Marking task as SUCCESS. dag_id=dag_with_taskflow_api_v02, task_id=greet, execution_date=20220430T000000, start_date=20230525T102531, end_date=20230525T102532
[2023-05-25T10:25:32.816+0000] {local_task_job_runner.py:225} INFO - Task exited with return code 0
[2023-05-25T10:25:32.871+0000] {taskinstance.py:2651} INFO - 0 downstream tasks scheduled from follow-on schedule check
