[2023-05-24T15:31:58.080+0000] {taskinstance.py:1103} INFO - Dependencies all met for dep_context=non-requeueable deps ti=<TaskInstance: dag_with_taskflow_api_v02.get_age scheduled__2023-05-16T00:00:00+00:00 [queued]>
[2023-05-24T15:31:58.154+0000] {taskinstance.py:1103} INFO - Dependencies all met for dep_context=requeueable deps ti=<TaskInstance: dag_with_taskflow_api_v02.get_age scheduled__2023-05-16T00:00:00+00:00 [queued]>
[2023-05-24T15:31:58.155+0000] {taskinstance.py:1308} INFO - Starting attempt 1 of 6
[2023-05-24T15:31:58.354+0000] {taskinstance.py:1327} INFO - Executing <Task(_PythonDecoratedOperator): get_age> on 2023-05-16 00:00:00+00:00
[2023-05-24T15:31:58.370+0000] {standard_task_runner.py:57} INFO - Started process 3998 to run task
[2023-05-24T15:31:58.400+0000] {standard_task_runner.py:84} INFO - Running: ['***', 'tasks', 'run', 'dag_with_taskflow_api_v02', 'get_age', 'scheduled__2023-05-16T00:00:00+00:00', '--job-id', '1707', '--raw', '--subdir', 'DAGS_FOLDER/first_dag.py', '--cfg-path', '/tmp/tmpni5hlbz2']
[2023-05-24T15:31:58.416+0000] {standard_task_runner.py:85} INFO - Job 1707: Subtask get_age
[2023-05-24T15:31:58.781+0000] {task_command.py:410} INFO - Running <TaskInstance: dag_with_taskflow_api_v02.get_age scheduled__2023-05-16T00:00:00+00:00 [running]> on host 942de29f183d
[2023-05-24T15:31:59.431+0000] {taskinstance.py:1547} INFO - Exporting env vars: AIRFLOW_CTX_DAG_OWNER='Sai' AIRFLOW_CTX_DAG_ID='dag_with_taskflow_api_v02' AIRFLOW_CTX_TASK_ID='get_age' AIRFLOW_CTX_EXECUTION_DATE='2023-05-16T00:00:00+00:00' AIRFLOW_CTX_TRY_NUMBER='1' AIRFLOW_CTX_DAG_RUN_ID='scheduled__2023-05-16T00:00:00+00:00'
[2023-05-24T15:31:59.434+0000] {python.py:183} INFO - Done. Returned value was: 19
[2023-05-24T15:31:59.707+0000] {taskinstance.py:1350} INFO - Marking task as SUCCESS. dag_id=dag_with_taskflow_api_v02, task_id=get_age, execution_date=20230516T000000, start_date=20230524T153158, end_date=20230524T153159
[2023-05-24T15:31:59.896+0000] {local_task_job_runner.py:225} INFO - Task exited with return code 0
[2023-05-24T15:32:00.447+0000] {taskinstance.py:2651} INFO - 1 downstream tasks scheduled from follow-on schedule check
[2023-05-25T07:04:26.562+0000] {taskinstance.py:1103} INFO - Dependencies all met for dep_context=non-requeueable deps ti=<TaskInstance: dag_with_taskflow_api_v02.get_age scheduled__2023-05-16T00:00:00+00:00 [queued]>
[2023-05-25T07:04:26.584+0000] {taskinstance.py:1103} INFO - Dependencies all met for dep_context=requeueable deps ti=<TaskInstance: dag_with_taskflow_api_v02.get_age scheduled__2023-05-16T00:00:00+00:00 [queued]>
[2023-05-25T07:04:26.584+0000] {taskinstance.py:1308} INFO - Starting attempt 1 of 6
[2023-05-25T07:04:26.647+0000] {taskinstance.py:1327} INFO - Executing <Task(_PythonDecoratedOperator): get_age> on 2023-05-16 00:00:00+00:00
[2023-05-25T07:04:26.654+0000] {standard_task_runner.py:57} INFO - Started process 5498 to run task
[2023-05-25T07:04:26.695+0000] {standard_task_runner.py:84} INFO - Running: ['***', 'tasks', 'run', 'dag_with_taskflow_api_v02', 'get_age', 'scheduled__2023-05-16T00:00:00+00:00', '--job-id', '1699', '--raw', '--subdir', 'DAGS_FOLDER/first_dag.py', '--cfg-path', '/tmp/tmpjlmkzk1y']
[2023-05-25T07:04:26.700+0000] {standard_task_runner.py:85} INFO - Job 1699: Subtask get_age
[2023-05-25T07:04:27.015+0000] {task_command.py:410} INFO - Running <TaskInstance: dag_with_taskflow_api_v02.get_age scheduled__2023-05-16T00:00:00+00:00 [running]> on host 6bd07c7477d9
[2023-05-25T07:04:27.916+0000] {taskinstance.py:1547} INFO - Exporting env vars: AIRFLOW_CTX_DAG_OWNER='Sai' AIRFLOW_CTX_DAG_ID='dag_with_taskflow_api_v02' AIRFLOW_CTX_TASK_ID='get_age' AIRFLOW_CTX_EXECUTION_DATE='2023-05-16T00:00:00+00:00' AIRFLOW_CTX_TRY_NUMBER='1' AIRFLOW_CTX_DAG_RUN_ID='scheduled__2023-05-16T00:00:00+00:00'
[2023-05-25T07:04:27.918+0000] {python.py:183} INFO - Done. Returned value was: 19
[2023-05-25T07:04:28.080+0000] {taskinstance.py:1350} INFO - Marking task as SUCCESS. dag_id=dag_with_taskflow_api_v02, task_id=get_age, execution_date=20230516T000000, start_date=20230525T070426, end_date=20230525T070428
[2023-05-25T07:04:28.235+0000] {local_task_job_runner.py:225} INFO - Task exited with return code 0
[2023-05-25T07:04:28.475+0000] {taskinstance.py:2651} INFO - 0 downstream tasks scheduled from follow-on schedule check
[2023-05-25T10:39:14.352+0000] {taskinstance.py:1103} INFO - Dependencies all met for dep_context=non-requeueable deps ti=<TaskInstance: dag_with_taskflow_api_v02.get_age scheduled__2023-05-16T00:00:00+00:00 [queued]>
[2023-05-25T10:39:14.456+0000] {taskinstance.py:1103} INFO - Dependencies all met for dep_context=requeueable deps ti=<TaskInstance: dag_with_taskflow_api_v02.get_age scheduled__2023-05-16T00:00:00+00:00 [queued]>
[2023-05-25T10:39:14.456+0000] {taskinstance.py:1308} INFO - Starting attempt 1 of 6
[2023-05-25T10:39:14.633+0000] {taskinstance.py:1327} INFO - Executing <Task(_PythonDecoratedOperator): get_age> on 2023-05-16 00:00:00+00:00
[2023-05-25T10:39:14.751+0000] {standard_task_runner.py:57} INFO - Started process 5171 to run task
[2023-05-25T10:39:14.767+0000] {standard_task_runner.py:84} INFO - Running: ['***', 'tasks', 'run', 'dag_with_taskflow_api_v02', 'get_age', 'scheduled__2023-05-16T00:00:00+00:00', '--job-id', '1719', '--raw', '--subdir', 'DAGS_FOLDER/first_dag.py', '--cfg-path', '/tmp/tmphdyhmhhe']
[2023-05-25T10:39:14.778+0000] {standard_task_runner.py:85} INFO - Job 1719: Subtask get_age
[2023-05-25T10:39:15.328+0000] {task_command.py:410} INFO - Running <TaskInstance: dag_with_taskflow_api_v02.get_age scheduled__2023-05-16T00:00:00+00:00 [running]> on host b1ae37a9584e
[2023-05-25T10:39:16.564+0000] {taskinstance.py:1547} INFO - Exporting env vars: AIRFLOW_CTX_DAG_OWNER='Sai' AIRFLOW_CTX_DAG_ID='dag_with_taskflow_api_v02' AIRFLOW_CTX_TASK_ID='get_age' AIRFLOW_CTX_EXECUTION_DATE='2023-05-16T00:00:00+00:00' AIRFLOW_CTX_TRY_NUMBER='1' AIRFLOW_CTX_DAG_RUN_ID='scheduled__2023-05-16T00:00:00+00:00'
[2023-05-25T10:39:16.565+0000] {python.py:183} INFO - Done. Returned value was: 19
[2023-05-25T10:39:16.905+0000] {taskinstance.py:1350} INFO - Marking task as SUCCESS. dag_id=dag_with_taskflow_api_v02, task_id=get_age, execution_date=20230516T000000, start_date=20230525T103914, end_date=20230525T103916
[2023-05-25T10:39:17.080+0000] {local_task_job_runner.py:225} INFO - Task exited with return code 0
[2023-05-25T10:39:18.150+0000] {taskinstance.py:2651} INFO - 0 downstream tasks scheduled from follow-on schedule check
