[2023-05-24T15:28:34.488+0000] {taskinstance.py:1103} INFO - Dependencies all met for dep_context=non-requeueable deps ti=<TaskInstance: dag_with_taskflow_api_v02.greet scheduled__2023-01-12T00:00:00+00:00 [queued]>
[2023-05-24T15:28:34.502+0000] {taskinstance.py:1103} INFO - Dependencies all met for dep_context=requeueable deps ti=<TaskInstance: dag_with_taskflow_api_v02.greet scheduled__2023-01-12T00:00:00+00:00 [queued]>
[2023-05-24T15:28:34.503+0000] {taskinstance.py:1308} INFO - Starting attempt 1 of 6
[2023-05-24T15:28:34.541+0000] {taskinstance.py:1327} INFO - Executing <Task(_PythonDecoratedOperator): greet> on 2023-01-12 00:00:00+00:00
[2023-05-24T15:28:34.548+0000] {standard_task_runner.py:57} INFO - Started process 3172 to run task
[2023-05-24T15:28:34.555+0000] {standard_task_runner.py:84} INFO - Running: ['***', 'tasks', 'run', 'dag_with_taskflow_api_v02', 'greet', 'scheduled__2023-01-12T00:00:00+00:00', '--job-id', '1339', '--raw', '--subdir', 'DAGS_FOLDER/first_dag.py', '--cfg-path', '/tmp/tmpfi45vf3e']
[2023-05-24T15:28:34.558+0000] {standard_task_runner.py:85} INFO - Job 1339: Subtask greet
[2023-05-24T15:28:34.632+0000] {task_command.py:410} INFO - Running <TaskInstance: dag_with_taskflow_api_v02.greet scheduled__2023-01-12T00:00:00+00:00 [running]> on host 942de29f183d
[2023-05-24T15:28:34.820+0000] {taskinstance.py:1547} INFO - Exporting env vars: AIRFLOW_CTX_DAG_OWNER='Sai' AIRFLOW_CTX_DAG_ID='dag_with_taskflow_api_v02' AIRFLOW_CTX_TASK_ID='greet' AIRFLOW_CTX_EXECUTION_DATE='2023-01-12T00:00:00+00:00' AIRFLOW_CTX_TRY_NUMBER='1' AIRFLOW_CTX_DAG_RUN_ID='scheduled__2023-01-12T00:00:00+00:00'
[2023-05-24T15:28:34.821+0000] {logging_mixin.py:149} INFO - Hello World! My name is Sai Tr and I am 19 years old!
[2023-05-24T15:28:34.822+0000] {python.py:183} INFO - Done. Returned value was: None
[2023-05-24T15:28:34.837+0000] {taskinstance.py:1350} INFO - Marking task as SUCCESS. dag_id=dag_with_taskflow_api_v02, task_id=greet, execution_date=20230112T000000, start_date=20230524T152834, end_date=20230524T152834
[2023-05-24T15:28:34.891+0000] {local_task_job_runner.py:225} INFO - Task exited with return code 0
[2023-05-24T15:28:34.917+0000] {taskinstance.py:2651} INFO - 0 downstream tasks scheduled from follow-on schedule check
[2023-05-25T07:01:06.083+0000] {taskinstance.py:1103} INFO - Dependencies all met for dep_context=non-requeueable deps ti=<TaskInstance: dag_with_taskflow_api_v02.greet scheduled__2023-01-12T00:00:00+00:00 [queued]>
[2023-05-25T07:01:06.101+0000] {taskinstance.py:1103} INFO - Dependencies all met for dep_context=requeueable deps ti=<TaskInstance: dag_with_taskflow_api_v02.greet scheduled__2023-01-12T00:00:00+00:00 [queued]>
[2023-05-25T07:01:06.102+0000] {taskinstance.py:1308} INFO - Starting attempt 1 of 6
[2023-05-25T07:01:06.132+0000] {taskinstance.py:1327} INFO - Executing <Task(_PythonDecoratedOperator): greet> on 2023-01-12 00:00:00+00:00
[2023-05-25T07:01:06.139+0000] {standard_task_runner.py:57} INFO - Started process 4691 to run task
[2023-05-25T07:01:06.150+0000] {standard_task_runner.py:84} INFO - Running: ['***', 'tasks', 'run', 'dag_with_taskflow_api_v02', 'greet', 'scheduled__2023-01-12T00:00:00+00:00', '--job-id', '1339', '--raw', '--subdir', 'DAGS_FOLDER/first_dag.py', '--cfg-path', '/tmp/tmp4yzjuq5b']
[2023-05-25T07:01:06.154+0000] {standard_task_runner.py:85} INFO - Job 1339: Subtask greet
[2023-05-25T07:01:06.347+0000] {task_command.py:410} INFO - Running <TaskInstance: dag_with_taskflow_api_v02.greet scheduled__2023-01-12T00:00:00+00:00 [running]> on host 6bd07c7477d9
[2023-05-25T07:01:06.576+0000] {taskinstance.py:1547} INFO - Exporting env vars: AIRFLOW_CTX_DAG_OWNER='Sai' AIRFLOW_CTX_DAG_ID='dag_with_taskflow_api_v02' AIRFLOW_CTX_TASK_ID='greet' AIRFLOW_CTX_EXECUTION_DATE='2023-01-12T00:00:00+00:00' AIRFLOW_CTX_TRY_NUMBER='1' AIRFLOW_CTX_DAG_RUN_ID='scheduled__2023-01-12T00:00:00+00:00'
[2023-05-25T07:01:06.576+0000] {logging_mixin.py:149} INFO - Hello World! My name is Sai Tr and I am 19 years old!
[2023-05-25T07:01:06.577+0000] {python.py:183} INFO - Done. Returned value was: None
[2023-05-25T07:01:06.592+0000] {taskinstance.py:1350} INFO - Marking task as SUCCESS. dag_id=dag_with_taskflow_api_v02, task_id=greet, execution_date=20230112T000000, start_date=20230525T070106, end_date=20230525T070106
[2023-05-25T07:01:06.622+0000] {local_task_job_runner.py:225} INFO - Task exited with return code 0
[2023-05-25T07:01:06.720+0000] {taskinstance.py:2651} INFO - 0 downstream tasks scheduled from follow-on schedule check
[2023-05-25T10:35:20.260+0000] {taskinstance.py:1103} INFO - Dependencies all met for dep_context=non-requeueable deps ti=<TaskInstance: dag_with_taskflow_api_v02.greet scheduled__2023-01-12T00:00:00+00:00 [queued]>
[2023-05-25T10:35:20.299+0000] {taskinstance.py:1103} INFO - Dependencies all met for dep_context=requeueable deps ti=<TaskInstance: dag_with_taskflow_api_v02.greet scheduled__2023-01-12T00:00:00+00:00 [queued]>
[2023-05-25T10:35:20.299+0000] {taskinstance.py:1308} INFO - Starting attempt 1 of 6
[2023-05-25T10:35:20.386+0000] {taskinstance.py:1327} INFO - Executing <Task(_PythonDecoratedOperator): greet> on 2023-01-12 00:00:00+00:00
[2023-05-25T10:35:20.395+0000] {standard_task_runner.py:57} INFO - Started process 4351 to run task
[2023-05-25T10:35:20.427+0000] {standard_task_runner.py:84} INFO - Running: ['***', 'tasks', 'run', 'dag_with_taskflow_api_v02', 'greet', 'scheduled__2023-01-12T00:00:00+00:00', '--job-id', '1358', '--raw', '--subdir', 'DAGS_FOLDER/first_dag.py', '--cfg-path', '/tmp/tmp13ugln1n']
[2023-05-25T10:35:20.431+0000] {standard_task_runner.py:85} INFO - Job 1358: Subtask greet
[2023-05-25T10:35:20.772+0000] {task_command.py:410} INFO - Running <TaskInstance: dag_with_taskflow_api_v02.greet scheduled__2023-01-12T00:00:00+00:00 [running]> on host b1ae37a9584e
[2023-05-25T10:35:21.419+0000] {taskinstance.py:1547} INFO - Exporting env vars: AIRFLOW_CTX_DAG_OWNER='Sai' AIRFLOW_CTX_DAG_ID='dag_with_taskflow_api_v02' AIRFLOW_CTX_TASK_ID='greet' AIRFLOW_CTX_EXECUTION_DATE='2023-01-12T00:00:00+00:00' AIRFLOW_CTX_TRY_NUMBER='1' AIRFLOW_CTX_DAG_RUN_ID='scheduled__2023-01-12T00:00:00+00:00'
[2023-05-25T10:35:21.421+0000] {logging_mixin.py:149} INFO - Hello World! My name is Sai Tr and I am 19 years old!
[2023-05-25T10:35:21.421+0000] {python.py:183} INFO - Done. Returned value was: None
[2023-05-25T10:35:21.453+0000] {taskinstance.py:1350} INFO - Marking task as SUCCESS. dag_id=dag_with_taskflow_api_v02, task_id=greet, execution_date=20230112T000000, start_date=20230525T103520, end_date=20230525T103521
[2023-05-25T10:35:21.529+0000] {local_task_job_runner.py:225} INFO - Task exited with return code 0
[2023-05-25T10:35:21.723+0000] {taskinstance.py:2651} INFO - 0 downstream tasks scheduled from follow-on schedule check
