[2023-05-24T15:31:58.964+0000] {taskinstance.py:1103} INFO - Dependencies all met for dep_context=non-requeueable deps ti=<TaskInstance: dag_with_taskflow_api_v02.get_name scheduled__2023-05-18T00:00:00+00:00 [queued]>
[2023-05-24T15:31:59.040+0000] {taskinstance.py:1103} INFO - Dependencies all met for dep_context=requeueable deps ti=<TaskInstance: dag_with_taskflow_api_v02.get_name scheduled__2023-05-18T00:00:00+00:00 [queued]>
[2023-05-24T15:31:59.045+0000] {taskinstance.py:1308} INFO - Starting attempt 1 of 6
[2023-05-24T15:31:59.410+0000] {taskinstance.py:1327} INFO - Executing <Task(_PythonDecoratedOperator): get_name> on 2023-05-18 00:00:00+00:00
[2023-05-24T15:31:59.433+0000] {standard_task_runner.py:57} INFO - Started process 4002 to run task
[2023-05-24T15:31:59.489+0000] {standard_task_runner.py:84} INFO - Running: ['***', 'tasks', 'run', 'dag_with_taskflow_api_v02', 'get_name', 'scheduled__2023-05-18T00:00:00+00:00', '--job-id', '1710', '--raw', '--subdir', 'DAGS_FOLDER/first_dag.py', '--cfg-path', '/tmp/tmpwn6e0qap']
[2023-05-24T15:31:59.540+0000] {standard_task_runner.py:85} INFO - Job 1710: Subtask get_name
[2023-05-24T15:31:59.964+0000] {task_command.py:410} INFO - Running <TaskInstance: dag_with_taskflow_api_v02.get_name scheduled__2023-05-18T00:00:00+00:00 [running]> on host 942de29f183d
[2023-05-24T15:32:00.454+0000] {taskinstance.py:1547} INFO - Exporting env vars: AIRFLOW_CTX_DAG_OWNER='Sai' AIRFLOW_CTX_DAG_ID='dag_with_taskflow_api_v02' AIRFLOW_CTX_TASK_ID='get_name' AIRFLOW_CTX_EXECUTION_DATE='2023-05-18T00:00:00+00:00' AIRFLOW_CTX_TRY_NUMBER='1' AIRFLOW_CTX_DAG_RUN_ID='scheduled__2023-05-18T00:00:00+00:00'
[2023-05-24T15:32:00.456+0000] {python.py:183} INFO - Done. Returned value was: {'first_name': 'Sai', 'last_name': 'Tr'}
[2023-05-24T15:32:00.634+0000] {taskinstance.py:1350} INFO - Marking task as SUCCESS. dag_id=dag_with_taskflow_api_v02, task_id=get_name, execution_date=20230518T000000, start_date=20230524T153158, end_date=20230524T153200
[2023-05-24T15:32:00.767+0000] {local_task_job_runner.py:225} INFO - Task exited with return code 0
[2023-05-24T15:32:01.364+0000] {taskinstance.py:2651} INFO - 0 downstream tasks scheduled from follow-on schedule check
[2023-05-25T07:04:29.038+0000] {taskinstance.py:1103} INFO - Dependencies all met for dep_context=non-requeueable deps ti=<TaskInstance: dag_with_taskflow_api_v02.get_name scheduled__2023-05-18T00:00:00+00:00 [queued]>
[2023-05-25T07:04:29.077+0000] {taskinstance.py:1103} INFO - Dependencies all met for dep_context=requeueable deps ti=<TaskInstance: dag_with_taskflow_api_v02.get_name scheduled__2023-05-18T00:00:00+00:00 [queued]>
[2023-05-25T07:04:29.078+0000] {taskinstance.py:1308} INFO - Starting attempt 1 of 6
[2023-05-25T07:04:29.492+0000] {taskinstance.py:1327} INFO - Executing <Task(_PythonDecoratedOperator): get_name> on 2023-05-18 00:00:00+00:00
[2023-05-25T07:04:29.560+0000] {standard_task_runner.py:57} INFO - Started process 5514 to run task
[2023-05-25T07:04:29.618+0000] {standard_task_runner.py:84} INFO - Running: ['***', 'tasks', 'run', 'dag_with_taskflow_api_v02', 'get_name', 'scheduled__2023-05-18T00:00:00+00:00', '--job-id', '1706', '--raw', '--subdir', 'DAGS_FOLDER/first_dag.py', '--cfg-path', '/tmp/tmppscsc5g1']
[2023-05-25T07:04:29.649+0000] {standard_task_runner.py:85} INFO - Job 1706: Subtask get_name
[2023-05-25T07:04:30.095+0000] {task_command.py:410} INFO - Running <TaskInstance: dag_with_taskflow_api_v02.get_name scheduled__2023-05-18T00:00:00+00:00 [running]> on host 6bd07c7477d9
[2023-05-25T07:04:31.119+0000] {taskinstance.py:1547} INFO - Exporting env vars: AIRFLOW_CTX_DAG_OWNER='Sai' AIRFLOW_CTX_DAG_ID='dag_with_taskflow_api_v02' AIRFLOW_CTX_TASK_ID='get_name' AIRFLOW_CTX_EXECUTION_DATE='2023-05-18T00:00:00+00:00' AIRFLOW_CTX_TRY_NUMBER='1' AIRFLOW_CTX_DAG_RUN_ID='scheduled__2023-05-18T00:00:00+00:00'
[2023-05-25T07:04:31.120+0000] {python.py:183} INFO - Done. Returned value was: {'first_name': 'Sai', 'last_name': 'Tr'}
[2023-05-25T07:04:31.431+0000] {taskinstance.py:1350} INFO - Marking task as SUCCESS. dag_id=dag_with_taskflow_api_v02, task_id=get_name, execution_date=20230518T000000, start_date=20230525T070429, end_date=20230525T070431
[2023-05-25T07:04:31.569+0000] {local_task_job_runner.py:225} INFO - Task exited with return code 0
[2023-05-25T07:04:32.193+0000] {taskinstance.py:2651} INFO - 0 downstream tasks scheduled from follow-on schedule check
[2023-05-25T10:39:15.831+0000] {taskinstance.py:1103} INFO - Dependencies all met for dep_context=non-requeueable deps ti=<TaskInstance: dag_with_taskflow_api_v02.get_name scheduled__2023-05-18T00:00:00+00:00 [queued]>
[2023-05-25T10:39:15.944+0000] {taskinstance.py:1103} INFO - Dependencies all met for dep_context=requeueable deps ti=<TaskInstance: dag_with_taskflow_api_v02.get_name scheduled__2023-05-18T00:00:00+00:00 [queued]>
[2023-05-25T10:39:15.948+0000] {taskinstance.py:1308} INFO - Starting attempt 1 of 6
[2023-05-25T10:39:16.156+0000] {taskinstance.py:1327} INFO - Executing <Task(_PythonDecoratedOperator): get_name> on 2023-05-18 00:00:00+00:00
[2023-05-25T10:39:16.208+0000] {standard_task_runner.py:57} INFO - Started process 5175 to run task
[2023-05-25T10:39:16.290+0000] {standard_task_runner.py:84} INFO - Running: ['***', 'tasks', 'run', 'dag_with_taskflow_api_v02', 'get_name', 'scheduled__2023-05-18T00:00:00+00:00', '--job-id', '1721', '--raw', '--subdir', 'DAGS_FOLDER/first_dag.py', '--cfg-path', '/tmp/tmpry_pbn43']
[2023-05-25T10:39:16.317+0000] {standard_task_runner.py:85} INFO - Job 1721: Subtask get_name
[2023-05-25T10:39:17.052+0000] {task_command.py:410} INFO - Running <TaskInstance: dag_with_taskflow_api_v02.get_name scheduled__2023-05-18T00:00:00+00:00 [running]> on host b1ae37a9584e
[2023-05-25T10:39:18.627+0000] {taskinstance.py:1547} INFO - Exporting env vars: AIRFLOW_CTX_DAG_OWNER='Sai' AIRFLOW_CTX_DAG_ID='dag_with_taskflow_api_v02' AIRFLOW_CTX_TASK_ID='get_name' AIRFLOW_CTX_EXECUTION_DATE='2023-05-18T00:00:00+00:00' AIRFLOW_CTX_TRY_NUMBER='1' AIRFLOW_CTX_DAG_RUN_ID='scheduled__2023-05-18T00:00:00+00:00'
[2023-05-25T10:39:18.628+0000] {python.py:183} INFO - Done. Returned value was: {'first_name': 'Sai', 'last_name': 'Tr'}
[2023-05-25T10:39:18.988+0000] {taskinstance.py:1350} INFO - Marking task as SUCCESS. dag_id=dag_with_taskflow_api_v02, task_id=get_name, execution_date=20230518T000000, start_date=20230525T103915, end_date=20230525T103918
[2023-05-25T10:39:19.182+0000] {local_task_job_runner.py:225} INFO - Task exited with return code 0
[2023-05-25T10:39:19.405+0000] {taskinstance.py:2651} INFO - 0 downstream tasks scheduled from follow-on schedule check
