[2023-05-24T15:24:28.069+0000] {taskinstance.py:1103} INFO - Dependencies all met for dep_context=non-requeueable deps ti=<TaskInstance: dag_with_taskflow_api_v02.get_age scheduled__2022-08-20T00:00:00+00:00 [queued]>
[2023-05-24T15:24:28.117+0000] {taskinstance.py:1103} INFO - Dependencies all met for dep_context=requeueable deps ti=<TaskInstance: dag_with_taskflow_api_v02.get_age scheduled__2022-08-20T00:00:00+00:00 [queued]>
[2023-05-24T15:24:28.117+0000] {taskinstance.py:1308} INFO - Starting attempt 1 of 6
[2023-05-24T15:24:28.207+0000] {taskinstance.py:1327} INFO - Executing <Task(_PythonDecoratedOperator): get_age> on 2022-08-20 00:00:00+00:00
[2023-05-24T15:24:28.225+0000] {standard_task_runner.py:57} INFO - Started process 2193 to run task
[2023-05-24T15:24:28.249+0000] {standard_task_runner.py:84} INFO - Running: ['***', 'tasks', 'run', 'dag_with_taskflow_api_v02', 'get_age', 'scheduled__2022-08-20T00:00:00+00:00', '--job-id', '895', '--raw', '--subdir', 'DAGS_FOLDER/first_dag.py', '--cfg-path', '/tmp/tmplgsp8qgd']
[2023-05-24T15:24:28.266+0000] {standard_task_runner.py:85} INFO - Job 895: Subtask get_age
[2023-05-24T15:24:28.645+0000] {task_command.py:410} INFO - Running <TaskInstance: dag_with_taskflow_api_v02.get_age scheduled__2022-08-20T00:00:00+00:00 [running]> on host 942de29f183d
[2023-05-24T15:24:29.440+0000] {taskinstance.py:1547} INFO - Exporting env vars: AIRFLOW_CTX_DAG_OWNER='Sai' AIRFLOW_CTX_DAG_ID='dag_with_taskflow_api_v02' AIRFLOW_CTX_TASK_ID='get_age' AIRFLOW_CTX_EXECUTION_DATE='2022-08-20T00:00:00+00:00' AIRFLOW_CTX_TRY_NUMBER='1' AIRFLOW_CTX_DAG_RUN_ID='scheduled__2022-08-20T00:00:00+00:00'
[2023-05-24T15:24:29.441+0000] {python.py:183} INFO - Done. Returned value was: 19
[2023-05-24T15:24:29.534+0000] {taskinstance.py:1350} INFO - Marking task as SUCCESS. dag_id=dag_with_taskflow_api_v02, task_id=get_age, execution_date=20220820T000000, start_date=20230524T152428, end_date=20230524T152429
[2023-05-24T15:24:29.593+0000] {local_task_job_runner.py:225} INFO - Task exited with return code 0
[2023-05-24T15:24:29.666+0000] {taskinstance.py:2651} INFO - 1 downstream tasks scheduled from follow-on schedule check
[2023-05-25T06:57:10.571+0000] {taskinstance.py:1103} INFO - Dependencies all met for dep_context=non-requeueable deps ti=<TaskInstance: dag_with_taskflow_api_v02.get_age scheduled__2022-08-20T00:00:00+00:00 [queued]>
[2023-05-25T06:57:10.633+0000] {taskinstance.py:1103} INFO - Dependencies all met for dep_context=requeueable deps ti=<TaskInstance: dag_with_taskflow_api_v02.get_age scheduled__2022-08-20T00:00:00+00:00 [queued]>
[2023-05-25T06:57:10.636+0000] {taskinstance.py:1308} INFO - Starting attempt 1 of 6
[2023-05-25T06:57:10.733+0000] {taskinstance.py:1327} INFO - Executing <Task(_PythonDecoratedOperator): get_age> on 2022-08-20 00:00:00+00:00
[2023-05-25T06:57:10.750+0000] {standard_task_runner.py:57} INFO - Started process 3724 to run task
[2023-05-25T06:57:10.762+0000] {standard_task_runner.py:84} INFO - Running: ['***', 'tasks', 'run', 'dag_with_taskflow_api_v02', 'get_age', 'scheduled__2022-08-20T00:00:00+00:00', '--job-id', '898', '--raw', '--subdir', 'DAGS_FOLDER/first_dag.py', '--cfg-path', '/tmp/tmpfddkjqs9']
[2023-05-25T06:57:10.779+0000] {standard_task_runner.py:85} INFO - Job 898: Subtask get_age
[2023-05-25T06:57:10.991+0000] {task_command.py:410} INFO - Running <TaskInstance: dag_with_taskflow_api_v02.get_age scheduled__2022-08-20T00:00:00+00:00 [running]> on host 6bd07c7477d9
[2023-05-25T06:57:11.761+0000] {taskinstance.py:1547} INFO - Exporting env vars: AIRFLOW_CTX_DAG_OWNER='Sai' AIRFLOW_CTX_DAG_ID='dag_with_taskflow_api_v02' AIRFLOW_CTX_TASK_ID='get_age' AIRFLOW_CTX_EXECUTION_DATE='2022-08-20T00:00:00+00:00' AIRFLOW_CTX_TRY_NUMBER='1' AIRFLOW_CTX_DAG_RUN_ID='scheduled__2022-08-20T00:00:00+00:00'
[2023-05-25T06:57:11.762+0000] {python.py:183} INFO - Done. Returned value was: 19
[2023-05-25T06:57:11.942+0000] {taskinstance.py:1350} INFO - Marking task as SUCCESS. dag_id=dag_with_taskflow_api_v02, task_id=get_age, execution_date=20220820T000000, start_date=20230525T065710, end_date=20230525T065711
[2023-05-25T06:57:12.064+0000] {local_task_job_runner.py:225} INFO - Task exited with return code 0
[2023-05-25T06:57:12.390+0000] {taskinstance.py:2651} INFO - 0 downstream tasks scheduled from follow-on schedule check
[2023-05-25T10:30:16.547+0000] {taskinstance.py:1103} INFO - Dependencies all met for dep_context=non-requeueable deps ti=<TaskInstance: dag_with_taskflow_api_v02.get_age scheduled__2022-08-20T00:00:00+00:00 [queued]>
[2023-05-25T10:30:16.663+0000] {taskinstance.py:1103} INFO - Dependencies all met for dep_context=requeueable deps ti=<TaskInstance: dag_with_taskflow_api_v02.get_age scheduled__2022-08-20T00:00:00+00:00 [queued]>
[2023-05-25T10:30:16.664+0000] {taskinstance.py:1308} INFO - Starting attempt 1 of 6
[2023-05-25T10:30:17.031+0000] {taskinstance.py:1327} INFO - Executing <Task(_PythonDecoratedOperator): get_age> on 2022-08-20 00:00:00+00:00
[2023-05-25T10:30:17.123+0000] {standard_task_runner.py:57} INFO - Started process 3346 to run task
[2023-05-25T10:30:17.182+0000] {standard_task_runner.py:84} INFO - Running: ['***', 'tasks', 'run', 'dag_with_taskflow_api_v02', 'get_age', 'scheduled__2022-08-20T00:00:00+00:00', '--job-id', '912', '--raw', '--subdir', 'DAGS_FOLDER/first_dag.py', '--cfg-path', '/tmp/tmp2zbzcksc']
[2023-05-25T10:30:17.188+0000] {standard_task_runner.py:85} INFO - Job 912: Subtask get_age
[2023-05-25T10:30:18.220+0000] {task_command.py:410} INFO - Running <TaskInstance: dag_with_taskflow_api_v02.get_age scheduled__2022-08-20T00:00:00+00:00 [running]> on host b1ae37a9584e
[2023-05-25T10:30:19.464+0000] {taskinstance.py:1547} INFO - Exporting env vars: AIRFLOW_CTX_DAG_OWNER='Sai' AIRFLOW_CTX_DAG_ID='dag_with_taskflow_api_v02' AIRFLOW_CTX_TASK_ID='get_age' AIRFLOW_CTX_EXECUTION_DATE='2022-08-20T00:00:00+00:00' AIRFLOW_CTX_TRY_NUMBER='1' AIRFLOW_CTX_DAG_RUN_ID='scheduled__2022-08-20T00:00:00+00:00'
[2023-05-25T10:30:19.470+0000] {python.py:183} INFO - Done. Returned value was: 19
[2023-05-25T10:30:19.859+0000] {taskinstance.py:1350} INFO - Marking task as SUCCESS. dag_id=dag_with_taskflow_api_v02, task_id=get_age, execution_date=20220820T000000, start_date=20230525T103016, end_date=20230525T103019
[2023-05-25T10:30:21.325+0000] {local_task_job_runner.py:225} INFO - Task exited with return code 0
[2023-05-25T10:30:22.092+0000] {taskinstance.py:2651} INFO - 1 downstream tasks scheduled from follow-on schedule check
