[2023-05-24T15:30:44.074+0000] {taskinstance.py:1103} INFO - Dependencies all met for dep_context=non-requeueable deps ti=<TaskInstance: dag_with_taskflow_api_v02.get_age scheduled__2023-04-03T00:00:00+00:00 [queued]>
[2023-05-24T15:30:44.212+0000] {taskinstance.py:1103} INFO - Dependencies all met for dep_context=requeueable deps ti=<TaskInstance: dag_with_taskflow_api_v02.get_age scheduled__2023-04-03T00:00:00+00:00 [queued]>
[2023-05-24T15:30:44.213+0000] {taskinstance.py:1308} INFO - Starting attempt 1 of 6
[2023-05-24T15:30:44.902+0000] {taskinstance.py:1327} INFO - Executing <Task(_PythonDecoratedOperator): get_age> on 2023-04-03 00:00:00+00:00
[2023-05-24T15:30:44.924+0000] {standard_task_runner.py:57} INFO - Started process 3703 to run task
[2023-05-24T15:30:44.980+0000] {standard_task_runner.py:84} INFO - Running: ['***', 'tasks', 'run', 'dag_with_taskflow_api_v02', 'get_age', 'scheduled__2023-04-03T00:00:00+00:00', '--job-id', '1573', '--raw', '--subdir', 'DAGS_FOLDER/first_dag.py', '--cfg-path', '/tmp/tmpt620rr4t']
[2023-05-24T15:30:44.998+0000] {standard_task_runner.py:85} INFO - Job 1573: Subtask get_age
[2023-05-24T15:30:45.399+0000] {task_command.py:410} INFO - Running <TaskInstance: dag_with_taskflow_api_v02.get_age scheduled__2023-04-03T00:00:00+00:00 [running]> on host 942de29f183d
[2023-05-24T15:30:45.984+0000] {taskinstance.py:1547} INFO - Exporting env vars: AIRFLOW_CTX_DAG_OWNER='Sai' AIRFLOW_CTX_DAG_ID='dag_with_taskflow_api_v02' AIRFLOW_CTX_TASK_ID='get_age' AIRFLOW_CTX_EXECUTION_DATE='2023-04-03T00:00:00+00:00' AIRFLOW_CTX_TRY_NUMBER='1' AIRFLOW_CTX_DAG_RUN_ID='scheduled__2023-04-03T00:00:00+00:00'
[2023-05-24T15:30:45.986+0000] {python.py:183} INFO - Done. Returned value was: 19
[2023-05-24T15:30:46.051+0000] {taskinstance.py:1350} INFO - Marking task as SUCCESS. dag_id=dag_with_taskflow_api_v02, task_id=get_age, execution_date=20230403T000000, start_date=20230524T153044, end_date=20230524T153046
[2023-05-24T15:30:46.162+0000] {local_task_job_runner.py:225} INFO - Task exited with return code 0
[2023-05-24T15:30:46.429+0000] {taskinstance.py:2651} INFO - 0 downstream tasks scheduled from follow-on schedule check
[2023-05-25T07:03:15.995+0000] {taskinstance.py:1103} INFO - Dependencies all met for dep_context=non-requeueable deps ti=<TaskInstance: dag_with_taskflow_api_v02.get_age scheduled__2023-04-03T00:00:00+00:00 [queued]>
[2023-05-25T07:03:16.099+0000] {taskinstance.py:1103} INFO - Dependencies all met for dep_context=requeueable deps ti=<TaskInstance: dag_with_taskflow_api_v02.get_age scheduled__2023-04-03T00:00:00+00:00 [queued]>
[2023-05-25T07:03:16.100+0000] {taskinstance.py:1308} INFO - Starting attempt 1 of 6
[2023-05-25T07:03:16.434+0000] {taskinstance.py:1327} INFO - Executing <Task(_PythonDecoratedOperator): get_age> on 2023-04-03 00:00:00+00:00
[2023-05-25T07:03:16.455+0000] {standard_task_runner.py:57} INFO - Started process 5222 to run task
[2023-05-25T07:03:16.483+0000] {standard_task_runner.py:84} INFO - Running: ['***', 'tasks', 'run', 'dag_with_taskflow_api_v02', 'get_age', 'scheduled__2023-04-03T00:00:00+00:00', '--job-id', '1572', '--raw', '--subdir', 'DAGS_FOLDER/first_dag.py', '--cfg-path', '/tmp/tmpu17n3y3s']
[2023-05-25T07:03:16.511+0000] {standard_task_runner.py:85} INFO - Job 1572: Subtask get_age
[2023-05-25T07:03:16.848+0000] {task_command.py:410} INFO - Running <TaskInstance: dag_with_taskflow_api_v02.get_age scheduled__2023-04-03T00:00:00+00:00 [running]> on host 6bd07c7477d9
[2023-05-25T07:03:17.714+0000] {taskinstance.py:1547} INFO - Exporting env vars: AIRFLOW_CTX_DAG_OWNER='Sai' AIRFLOW_CTX_DAG_ID='dag_with_taskflow_api_v02' AIRFLOW_CTX_TASK_ID='get_age' AIRFLOW_CTX_EXECUTION_DATE='2023-04-03T00:00:00+00:00' AIRFLOW_CTX_TRY_NUMBER='1' AIRFLOW_CTX_DAG_RUN_ID='scheduled__2023-04-03T00:00:00+00:00'
[2023-05-25T07:03:17.720+0000] {python.py:183} INFO - Done. Returned value was: 19
[2023-05-25T07:03:17.928+0000] {taskinstance.py:1350} INFO - Marking task as SUCCESS. dag_id=dag_with_taskflow_api_v02, task_id=get_age, execution_date=20230403T000000, start_date=20230525T070316, end_date=20230525T070317
[2023-05-25T07:03:18.065+0000] {local_task_job_runner.py:225} INFO - Task exited with return code 0
[2023-05-25T07:03:18.740+0000] {taskinstance.py:2651} INFO - 1 downstream tasks scheduled from follow-on schedule check
[2023-05-25T10:37:45.836+0000] {taskinstance.py:1103} INFO - Dependencies all met for dep_context=non-requeueable deps ti=<TaskInstance: dag_with_taskflow_api_v02.get_age scheduled__2023-04-03T00:00:00+00:00 [queued]>
[2023-05-25T10:37:45.897+0000] {taskinstance.py:1103} INFO - Dependencies all met for dep_context=requeueable deps ti=<TaskInstance: dag_with_taskflow_api_v02.get_age scheduled__2023-04-03T00:00:00+00:00 [queued]>
[2023-05-25T10:37:45.898+0000] {taskinstance.py:1308} INFO - Starting attempt 1 of 6
[2023-05-25T10:37:46.038+0000] {taskinstance.py:1327} INFO - Executing <Task(_PythonDecoratedOperator): get_age> on 2023-04-03 00:00:00+00:00
[2023-05-25T10:37:46.050+0000] {standard_task_runner.py:57} INFO - Started process 4862 to run task
[2023-05-25T10:37:46.073+0000] {standard_task_runner.py:84} INFO - Running: ['***', 'tasks', 'run', 'dag_with_taskflow_api_v02', 'get_age', 'scheduled__2023-04-03T00:00:00+00:00', '--job-id', '1584', '--raw', '--subdir', 'DAGS_FOLDER/first_dag.py', '--cfg-path', '/tmp/tmp7bx8odae']
[2023-05-25T10:37:46.078+0000] {standard_task_runner.py:85} INFO - Job 1584: Subtask get_age
[2023-05-25T10:37:46.360+0000] {task_command.py:410} INFO - Running <TaskInstance: dag_with_taskflow_api_v02.get_age scheduled__2023-04-03T00:00:00+00:00 [running]> on host b1ae37a9584e
[2023-05-25T10:37:46.890+0000] {taskinstance.py:1547} INFO - Exporting env vars: AIRFLOW_CTX_DAG_OWNER='Sai' AIRFLOW_CTX_DAG_ID='dag_with_taskflow_api_v02' AIRFLOW_CTX_TASK_ID='get_age' AIRFLOW_CTX_EXECUTION_DATE='2023-04-03T00:00:00+00:00' AIRFLOW_CTX_TRY_NUMBER='1' AIRFLOW_CTX_DAG_RUN_ID='scheduled__2023-04-03T00:00:00+00:00'
[2023-05-25T10:37:46.891+0000] {python.py:183} INFO - Done. Returned value was: 19
[2023-05-25T10:37:47.006+0000] {taskinstance.py:1350} INFO - Marking task as SUCCESS. dag_id=dag_with_taskflow_api_v02, task_id=get_age, execution_date=20230403T000000, start_date=20230525T103745, end_date=20230525T103747
[2023-05-25T10:37:47.146+0000] {local_task_job_runner.py:225} INFO - Task exited with return code 0
[2023-05-25T10:37:47.672+0000] {taskinstance.py:2651} INFO - 0 downstream tasks scheduled from follow-on schedule check
