[2023-05-24T15:31:26.609+0000] {taskinstance.py:1103} INFO - Dependencies all met for dep_context=non-requeueable deps ti=<TaskInstance: dag_with_taskflow_api_v02.greet scheduled__2023-04-28T00:00:00+00:00 [queued]>
[2023-05-24T15:31:26.630+0000] {taskinstance.py:1103} INFO - Dependencies all met for dep_context=requeueable deps ti=<TaskInstance: dag_with_taskflow_api_v02.greet scheduled__2023-04-28T00:00:00+00:00 [queued]>
[2023-05-24T15:31:26.630+0000] {taskinstance.py:1308} INFO - Starting attempt 1 of 6
[2023-05-24T15:31:26.665+0000] {taskinstance.py:1327} INFO - Executing <Task(_PythonDecoratedOperator): greet> on 2023-04-28 00:00:00+00:00
[2023-05-24T15:31:26.671+0000] {standard_task_runner.py:57} INFO - Started process 3876 to run task
[2023-05-24T15:31:26.681+0000] {standard_task_runner.py:84} INFO - Running: ['***', 'tasks', 'run', 'dag_with_taskflow_api_v02', 'greet', 'scheduled__2023-04-28T00:00:00+00:00', '--job-id', '1658', '--raw', '--subdir', 'DAGS_FOLDER/first_dag.py', '--cfg-path', '/tmp/tmp9dxjeg_h']
[2023-05-24T15:31:26.684+0000] {standard_task_runner.py:85} INFO - Job 1658: Subtask greet
[2023-05-24T15:31:26.780+0000] {task_command.py:410} INFO - Running <TaskInstance: dag_with_taskflow_api_v02.greet scheduled__2023-04-28T00:00:00+00:00 [running]> on host 942de29f183d
[2023-05-24T15:31:27.057+0000] {taskinstance.py:1547} INFO - Exporting env vars: AIRFLOW_CTX_DAG_OWNER='Sai' AIRFLOW_CTX_DAG_ID='dag_with_taskflow_api_v02' AIRFLOW_CTX_TASK_ID='greet' AIRFLOW_CTX_EXECUTION_DATE='2023-04-28T00:00:00+00:00' AIRFLOW_CTX_TRY_NUMBER='1' AIRFLOW_CTX_DAG_RUN_ID='scheduled__2023-04-28T00:00:00+00:00'
[2023-05-24T15:31:27.059+0000] {logging_mixin.py:149} INFO - Hello World! My name is Sai Tr and I am 19 years old!
[2023-05-24T15:31:27.059+0000] {python.py:183} INFO - Done. Returned value was: None
[2023-05-24T15:31:27.081+0000] {taskinstance.py:1350} INFO - Marking task as SUCCESS. dag_id=dag_with_taskflow_api_v02, task_id=greet, execution_date=20230428T000000, start_date=20230524T153126, end_date=20230524T153127
[2023-05-24T15:31:27.135+0000] {local_task_job_runner.py:225} INFO - Task exited with return code 0
[2023-05-24T15:31:27.221+0000] {taskinstance.py:2651} INFO - 0 downstream tasks scheduled from follow-on schedule check
[2023-05-25T07:04:04.320+0000] {taskinstance.py:1103} INFO - Dependencies all met for dep_context=non-requeueable deps ti=<TaskInstance: dag_with_taskflow_api_v02.greet scheduled__2023-04-28T00:00:00+00:00 [queued]>
[2023-05-25T07:04:04.434+0000] {taskinstance.py:1103} INFO - Dependencies all met for dep_context=requeueable deps ti=<TaskInstance: dag_with_taskflow_api_v02.greet scheduled__2023-04-28T00:00:00+00:00 [queued]>
[2023-05-25T07:04:04.434+0000] {taskinstance.py:1308} INFO - Starting attempt 1 of 6
[2023-05-25T07:04:04.601+0000] {taskinstance.py:1327} INFO - Executing <Task(_PythonDecoratedOperator): greet> on 2023-04-28 00:00:00+00:00
[2023-05-25T07:04:04.617+0000] {standard_task_runner.py:57} INFO - Started process 5425 to run task
[2023-05-25T07:04:04.641+0000] {standard_task_runner.py:84} INFO - Running: ['***', 'tasks', 'run', 'dag_with_taskflow_api_v02', 'greet', 'scheduled__2023-04-28T00:00:00+00:00', '--job-id', '1666', '--raw', '--subdir', 'DAGS_FOLDER/first_dag.py', '--cfg-path', '/tmp/tmpxjwty1ua']
[2023-05-25T07:04:04.646+0000] {standard_task_runner.py:85} INFO - Job 1666: Subtask greet
[2023-05-25T07:04:04.908+0000] {task_command.py:410} INFO - Running <TaskInstance: dag_with_taskflow_api_v02.greet scheduled__2023-04-28T00:00:00+00:00 [running]> on host 6bd07c7477d9
[2023-05-25T07:04:05.417+0000] {taskinstance.py:1547} INFO - Exporting env vars: AIRFLOW_CTX_DAG_OWNER='Sai' AIRFLOW_CTX_DAG_ID='dag_with_taskflow_api_v02' AIRFLOW_CTX_TASK_ID='greet' AIRFLOW_CTX_EXECUTION_DATE='2023-04-28T00:00:00+00:00' AIRFLOW_CTX_TRY_NUMBER='1' AIRFLOW_CTX_DAG_RUN_ID='scheduled__2023-04-28T00:00:00+00:00'
[2023-05-25T07:04:05.423+0000] {logging_mixin.py:149} INFO - Hello World! My name is Sai Tr and I am 19 years old!
[2023-05-25T07:04:05.424+0000] {python.py:183} INFO - Done. Returned value was: None
[2023-05-25T07:04:05.481+0000] {taskinstance.py:1350} INFO - Marking task as SUCCESS. dag_id=dag_with_taskflow_api_v02, task_id=greet, execution_date=20230428T000000, start_date=20230525T070404, end_date=20230525T070405
[2023-05-25T07:04:05.680+0000] {local_task_job_runner.py:225} INFO - Task exited with return code 0
[2023-05-25T07:04:05.880+0000] {taskinstance.py:2651} INFO - 0 downstream tasks scheduled from follow-on schedule check
[2023-05-25T10:38:40.838+0000] {taskinstance.py:1103} INFO - Dependencies all met for dep_context=non-requeueable deps ti=<TaskInstance: dag_with_taskflow_api_v02.greet scheduled__2023-04-28T00:00:00+00:00 [queued]>
[2023-05-25T10:38:40.872+0000] {taskinstance.py:1103} INFO - Dependencies all met for dep_context=requeueable deps ti=<TaskInstance: dag_with_taskflow_api_v02.greet scheduled__2023-04-28T00:00:00+00:00 [queued]>
[2023-05-25T10:38:40.872+0000] {taskinstance.py:1308} INFO - Starting attempt 1 of 6
[2023-05-25T10:38:40.940+0000] {taskinstance.py:1327} INFO - Executing <Task(_PythonDecoratedOperator): greet> on 2023-04-28 00:00:00+00:00
[2023-05-25T10:38:40.963+0000] {standard_task_runner.py:57} INFO - Started process 5052 to run task
[2023-05-25T10:38:40.985+0000] {standard_task_runner.py:84} INFO - Running: ['***', 'tasks', 'run', 'dag_with_taskflow_api_v02', 'greet', 'scheduled__2023-04-28T00:00:00+00:00', '--job-id', '1670', '--raw', '--subdir', 'DAGS_FOLDER/first_dag.py', '--cfg-path', '/tmp/tmphpa1mfvg']
[2023-05-25T10:38:40.991+0000] {standard_task_runner.py:85} INFO - Job 1670: Subtask greet
[2023-05-25T10:38:41.169+0000] {task_command.py:410} INFO - Running <TaskInstance: dag_with_taskflow_api_v02.greet scheduled__2023-04-28T00:00:00+00:00 [running]> on host b1ae37a9584e
[2023-05-25T10:38:41.681+0000] {taskinstance.py:1547} INFO - Exporting env vars: AIRFLOW_CTX_DAG_OWNER='Sai' AIRFLOW_CTX_DAG_ID='dag_with_taskflow_api_v02' AIRFLOW_CTX_TASK_ID='greet' AIRFLOW_CTX_EXECUTION_DATE='2023-04-28T00:00:00+00:00' AIRFLOW_CTX_TRY_NUMBER='1' AIRFLOW_CTX_DAG_RUN_ID='scheduled__2023-04-28T00:00:00+00:00'
[2023-05-25T10:38:41.683+0000] {logging_mixin.py:149} INFO - Hello World! My name is Sai Tr and I am 19 years old!
[2023-05-25T10:38:41.683+0000] {python.py:183} INFO - Done. Returned value was: None
[2023-05-25T10:38:41.713+0000] {taskinstance.py:1350} INFO - Marking task as SUCCESS. dag_id=dag_with_taskflow_api_v02, task_id=greet, execution_date=20230428T000000, start_date=20230525T103840, end_date=20230525T103841
[2023-05-25T10:38:41.759+0000] {local_task_job_runner.py:225} INFO - Task exited with return code 0
[2023-05-25T10:38:41.811+0000] {taskinstance.py:2651} INFO - 0 downstream tasks scheduled from follow-on schedule check
