[2023-05-24T15:15:19.861+0000] {taskinstance.py:1103} INFO - Dependencies all met for dep_context=non-requeueable deps ti=<TaskInstance: dag_with_taskflow_api_v02.get_name scheduled__2021-11-02T00:00:00+00:00 [queued]>
[2023-05-24T15:15:19.881+0000] {taskinstance.py:1103} INFO - Dependencies all met for dep_context=requeueable deps ti=<TaskInstance: dag_with_taskflow_api_v02.get_name scheduled__2021-11-02T00:00:00+00:00 [queued]>
[2023-05-24T15:15:19.881+0000] {taskinstance.py:1308} INFO - Starting attempt 1 of 6
[2023-05-24T15:15:20.006+0000] {taskinstance.py:1327} INFO - Executing <Task(_PythonDecoratedOperator): get_name> on 2021-11-02 00:00:00+00:00
[2023-05-24T15:15:20.048+0000] {standard_task_runner.py:57} INFO - Started process 241 to run task
[2023-05-24T15:15:20.095+0000] {standard_task_runner.py:84} INFO - Running: ['***', 'tasks', 'run', 'dag_with_taskflow_api_v02', 'get_name', 'scheduled__2021-11-02T00:00:00+00:00', '--job-id', '19', '--raw', '--subdir', 'DAGS_FOLDER/first_dag.py', '--cfg-path', '/tmp/tmpvwr1bai8']
[2023-05-24T15:15:20.119+0000] {standard_task_runner.py:85} INFO - Job 19: Subtask get_name
[2023-05-24T15:15:20.501+0000] {task_command.py:410} INFO - Running <TaskInstance: dag_with_taskflow_api_v02.get_name scheduled__2021-11-02T00:00:00+00:00 [running]> on host 942de29f183d
[2023-05-24T15:15:21.344+0000] {taskinstance.py:1547} INFO - Exporting env vars: AIRFLOW_CTX_DAG_OWNER='Sai' AIRFLOW_CTX_DAG_ID='dag_with_taskflow_api_v02' AIRFLOW_CTX_TASK_ID='get_name' AIRFLOW_CTX_EXECUTION_DATE='2021-11-02T00:00:00+00:00' AIRFLOW_CTX_TRY_NUMBER='1' AIRFLOW_CTX_DAG_RUN_ID='scheduled__2021-11-02T00:00:00+00:00'
[2023-05-24T15:15:21.345+0000] {python.py:183} INFO - Done. Returned value was: {'first_name': 'Sai', 'last_name': 'Tr'}
[2023-05-24T15:15:21.873+0000] {taskinstance.py:1350} INFO - Marking task as SUCCESS. dag_id=dag_with_taskflow_api_v02, task_id=get_name, execution_date=20211102T000000, start_date=20230524T151519, end_date=20230524T151521
[2023-05-24T15:15:22.112+0000] {local_task_job_runner.py:225} INFO - Task exited with return code 0
[2023-05-24T15:15:22.845+0000] {taskinstance.py:2651} INFO - 1 downstream tasks scheduled from follow-on schedule check
[2023-05-25T06:49:12.007+0000] {taskinstance.py:1103} INFO - Dependencies all met for dep_context=non-requeueable deps ti=<TaskInstance: dag_with_taskflow_api_v02.get_name scheduled__2021-11-02T00:00:00+00:00 [queued]>
[2023-05-25T06:49:12.134+0000] {taskinstance.py:1103} INFO - Dependencies all met for dep_context=requeueable deps ti=<TaskInstance: dag_with_taskflow_api_v02.get_name scheduled__2021-11-02T00:00:00+00:00 [queued]>
[2023-05-25T06:49:12.135+0000] {taskinstance.py:1308} INFO - Starting attempt 1 of 6
[2023-05-25T06:49:12.346+0000] {taskinstance.py:1327} INFO - Executing <Task(_PythonDecoratedOperator): get_name> on 2021-11-02 00:00:00+00:00
[2023-05-25T06:49:12.394+0000] {standard_task_runner.py:57} INFO - Started process 1794 to run task
[2023-05-25T06:49:12.421+0000] {standard_task_runner.py:84} INFO - Running: ['***', 'tasks', 'run', 'dag_with_taskflow_api_v02', 'get_name', 'scheduled__2021-11-02T00:00:00+00:00', '--job-id', '25', '--raw', '--subdir', 'DAGS_FOLDER/first_dag.py', '--cfg-path', '/tmp/tmppdbokry_']
[2023-05-25T06:49:12.453+0000] {standard_task_runner.py:85} INFO - Job 25: Subtask get_name
[2023-05-25T06:49:12.865+0000] {task_command.py:410} INFO - Running <TaskInstance: dag_with_taskflow_api_v02.get_name scheduled__2021-11-02T00:00:00+00:00 [running]> on host 6bd07c7477d9
[2023-05-25T06:49:13.948+0000] {taskinstance.py:1547} INFO - Exporting env vars: AIRFLOW_CTX_DAG_OWNER='Sai' AIRFLOW_CTX_DAG_ID='dag_with_taskflow_api_v02' AIRFLOW_CTX_TASK_ID='get_name' AIRFLOW_CTX_EXECUTION_DATE='2021-11-02T00:00:00+00:00' AIRFLOW_CTX_TRY_NUMBER='1' AIRFLOW_CTX_DAG_RUN_ID='scheduled__2021-11-02T00:00:00+00:00'
[2023-05-25T06:49:13.953+0000] {python.py:183} INFO - Done. Returned value was: {'first_name': 'Sai', 'last_name': 'Tr'}
[2023-05-25T06:49:14.238+0000] {taskinstance.py:1350} INFO - Marking task as SUCCESS. dag_id=dag_with_taskflow_api_v02, task_id=get_name, execution_date=20211102T000000, start_date=20230525T064912, end_date=20230525T064914
[2023-05-25T06:49:14.401+0000] {local_task_job_runner.py:225} INFO - Task exited with return code 0
[2023-05-25T06:49:14.737+0000] {taskinstance.py:2651} INFO - 0 downstream tasks scheduled from follow-on schedule check
[2023-05-25T10:18:32.483+0000] {taskinstance.py:1103} INFO - Dependencies all met for dep_context=non-requeueable deps ti=<TaskInstance: dag_with_taskflow_api_v02.get_name scheduled__2021-11-02T00:00:00+00:00 [queued]>
[2023-05-25T10:18:32.562+0000] {taskinstance.py:1103} INFO - Dependencies all met for dep_context=requeueable deps ti=<TaskInstance: dag_with_taskflow_api_v02.get_name scheduled__2021-11-02T00:00:00+00:00 [queued]>
[2023-05-25T10:18:32.563+0000] {taskinstance.py:1308} INFO - Starting attempt 1 of 6
[2023-05-25T10:18:32.683+0000] {taskinstance.py:1327} INFO - Executing <Task(_PythonDecoratedOperator): get_name> on 2021-11-02 00:00:00+00:00
[2023-05-25T10:18:32.699+0000] {standard_task_runner.py:57} INFO - Started process 1287 to run task
[2023-05-25T10:18:32.735+0000] {standard_task_runner.py:84} INFO - Running: ['***', 'tasks', 'run', 'dag_with_taskflow_api_v02', 'get_name', 'scheduled__2021-11-02T00:00:00+00:00', '--job-id', '21', '--raw', '--subdir', 'DAGS_FOLDER/first_dag.py', '--cfg-path', '/tmp/tmpne9l4xk5']
[2023-05-25T10:18:32.758+0000] {standard_task_runner.py:85} INFO - Job 21: Subtask get_name
[2023-05-25T10:18:32.965+0000] {task_command.py:410} INFO - Running <TaskInstance: dag_with_taskflow_api_v02.get_name scheduled__2021-11-02T00:00:00+00:00 [running]> on host b1ae37a9584e
[2023-05-25T10:18:33.189+0000] {taskinstance.py:1547} INFO - Exporting env vars: AIRFLOW_CTX_DAG_OWNER='Sai' AIRFLOW_CTX_DAG_ID='dag_with_taskflow_api_v02' AIRFLOW_CTX_TASK_ID='get_name' AIRFLOW_CTX_EXECUTION_DATE='2021-11-02T00:00:00+00:00' AIRFLOW_CTX_TRY_NUMBER='1' AIRFLOW_CTX_DAG_RUN_ID='scheduled__2021-11-02T00:00:00+00:00'
[2023-05-25T10:18:33.190+0000] {python.py:183} INFO - Done. Returned value was: {'first_name': 'Sai', 'last_name': 'Tr'}
[2023-05-25T10:18:33.390+0000] {taskinstance.py:1350} INFO - Marking task as SUCCESS. dag_id=dag_with_taskflow_api_v02, task_id=get_name, execution_date=20211102T000000, start_date=20230525T101832, end_date=20230525T101833
[2023-05-25T10:18:33.476+0000] {local_task_job_runner.py:225} INFO - Task exited with return code 0
[2023-05-25T10:18:33.688+0000] {taskinstance.py:2651} INFO - 1 downstream tasks scheduled from follow-on schedule check
