[2023-05-24T15:30:22.227+0000] {taskinstance.py:1103} INFO - Dependencies all met for dep_context=non-requeueable deps ti=<TaskInstance: dag_with_taskflow_api_v02.get_name scheduled__2023-03-22T00:00:00+00:00 [queued]>
[2023-05-24T15:30:22.311+0000] {taskinstance.py:1103} INFO - Dependencies all met for dep_context=requeueable deps ti=<TaskInstance: dag_with_taskflow_api_v02.get_name scheduled__2023-03-22T00:00:00+00:00 [queued]>
[2023-05-24T15:30:22.312+0000] {taskinstance.py:1308} INFO - Starting attempt 1 of 6
[2023-05-24T15:30:23.078+0000] {taskinstance.py:1327} INFO - Executing <Task(_PythonDecoratedOperator): get_name> on 2023-03-22 00:00:00+00:00
[2023-05-24T15:30:23.089+0000] {standard_task_runner.py:57} INFO - Started process 3615 to run task
[2023-05-24T15:30:23.120+0000] {standard_task_runner.py:84} INFO - Running: ['***', 'tasks', 'run', 'dag_with_taskflow_api_v02', 'get_name', 'scheduled__2023-03-22T00:00:00+00:00', '--job-id', '1534', '--raw', '--subdir', 'DAGS_FOLDER/first_dag.py', '--cfg-path', '/tmp/tmpgwa6kniv']
[2023-05-24T15:30:23.132+0000] {standard_task_runner.py:85} INFO - Job 1534: Subtask get_name
[2023-05-24T15:30:23.434+0000] {task_command.py:410} INFO - Running <TaskInstance: dag_with_taskflow_api_v02.get_name scheduled__2023-03-22T00:00:00+00:00 [running]> on host 942de29f183d
[2023-05-24T15:30:24.314+0000] {taskinstance.py:1547} INFO - Exporting env vars: AIRFLOW_CTX_DAG_OWNER='Sai' AIRFLOW_CTX_DAG_ID='dag_with_taskflow_api_v02' AIRFLOW_CTX_TASK_ID='get_name' AIRFLOW_CTX_EXECUTION_DATE='2023-03-22T00:00:00+00:00' AIRFLOW_CTX_TRY_NUMBER='1' AIRFLOW_CTX_DAG_RUN_ID='scheduled__2023-03-22T00:00:00+00:00'
[2023-05-24T15:30:24.323+0000] {python.py:183} INFO - Done. Returned value was: {'first_name': 'Sai', 'last_name': 'Tr'}
[2023-05-24T15:30:24.619+0000] {taskinstance.py:1350} INFO - Marking task as SUCCESS. dag_id=dag_with_taskflow_api_v02, task_id=get_name, execution_date=20230322T000000, start_date=20230524T153022, end_date=20230524T153024
[2023-05-24T15:30:24.791+0000] {local_task_job_runner.py:225} INFO - Task exited with return code 0
[2023-05-24T15:30:25.116+0000] {taskinstance.py:2651} INFO - 0 downstream tasks scheduled from follow-on schedule check
[2023-05-25T07:02:55.267+0000] {taskinstance.py:1103} INFO - Dependencies all met for dep_context=non-requeueable deps ti=<TaskInstance: dag_with_taskflow_api_v02.get_name scheduled__2023-03-22T00:00:00+00:00 [queued]>
[2023-05-25T07:02:55.374+0000] {taskinstance.py:1103} INFO - Dependencies all met for dep_context=requeueable deps ti=<TaskInstance: dag_with_taskflow_api_v02.get_name scheduled__2023-03-22T00:00:00+00:00 [queued]>
[2023-05-25T07:02:55.374+0000] {taskinstance.py:1308} INFO - Starting attempt 1 of 6
[2023-05-25T07:02:56.139+0000] {taskinstance.py:1327} INFO - Executing <Task(_PythonDecoratedOperator): get_name> on 2023-03-22 00:00:00+00:00
[2023-05-25T07:02:56.175+0000] {standard_task_runner.py:57} INFO - Started process 5138 to run task
[2023-05-25T07:02:56.193+0000] {standard_task_runner.py:84} INFO - Running: ['***', 'tasks', 'run', 'dag_with_taskflow_api_v02', 'get_name', 'scheduled__2023-03-22T00:00:00+00:00', '--job-id', '1535', '--raw', '--subdir', 'DAGS_FOLDER/first_dag.py', '--cfg-path', '/tmp/tmp8c6lyc0d']
[2023-05-25T07:02:56.205+0000] {standard_task_runner.py:85} INFO - Job 1535: Subtask get_name
[2023-05-25T07:02:56.415+0000] {task_command.py:410} INFO - Running <TaskInstance: dag_with_taskflow_api_v02.get_name scheduled__2023-03-22T00:00:00+00:00 [running]> on host 6bd07c7477d9
[2023-05-25T07:02:57.418+0000] {taskinstance.py:1547} INFO - Exporting env vars: AIRFLOW_CTX_DAG_OWNER='Sai' AIRFLOW_CTX_DAG_ID='dag_with_taskflow_api_v02' AIRFLOW_CTX_TASK_ID='get_name' AIRFLOW_CTX_EXECUTION_DATE='2023-03-22T00:00:00+00:00' AIRFLOW_CTX_TRY_NUMBER='1' AIRFLOW_CTX_DAG_RUN_ID='scheduled__2023-03-22T00:00:00+00:00'
[2023-05-25T07:02:57.420+0000] {python.py:183} INFO - Done. Returned value was: {'first_name': 'Sai', 'last_name': 'Tr'}
[2023-05-25T07:02:57.716+0000] {taskinstance.py:1350} INFO - Marking task as SUCCESS. dag_id=dag_with_taskflow_api_v02, task_id=get_name, execution_date=20230322T000000, start_date=20230525T070255, end_date=20230525T070257
[2023-05-25T07:02:57.857+0000] {local_task_job_runner.py:225} INFO - Task exited with return code 0
[2023-05-25T07:02:58.358+0000] {taskinstance.py:2651} INFO - 0 downstream tasks scheduled from follow-on schedule check
[2023-05-25T10:37:27.542+0000] {taskinstance.py:1103} INFO - Dependencies all met for dep_context=non-requeueable deps ti=<TaskInstance: dag_with_taskflow_api_v02.get_name scheduled__2023-03-22T00:00:00+00:00 [queued]>
[2023-05-25T10:37:27.868+0000] {taskinstance.py:1103} INFO - Dependencies all met for dep_context=requeueable deps ti=<TaskInstance: dag_with_taskflow_api_v02.get_name scheduled__2023-03-22T00:00:00+00:00 [queued]>
[2023-05-25T10:37:27.869+0000] {taskinstance.py:1308} INFO - Starting attempt 1 of 6
[2023-05-25T10:37:28.099+0000] {taskinstance.py:1327} INFO - Executing <Task(_PythonDecoratedOperator): get_name> on 2023-03-22 00:00:00+00:00
[2023-05-25T10:37:28.181+0000] {standard_task_runner.py:57} INFO - Started process 4800 to run task
[2023-05-25T10:37:28.218+0000] {standard_task_runner.py:84} INFO - Running: ['***', 'tasks', 'run', 'dag_with_taskflow_api_v02', 'get_name', 'scheduled__2023-03-22T00:00:00+00:00', '--job-id', '1552', '--raw', '--subdir', 'DAGS_FOLDER/first_dag.py', '--cfg-path', '/tmp/tmpt02_6pxn']
[2023-05-25T10:37:28.315+0000] {standard_task_runner.py:85} INFO - Job 1552: Subtask get_name
[2023-05-25T10:37:28.879+0000] {task_command.py:410} INFO - Running <TaskInstance: dag_with_taskflow_api_v02.get_name scheduled__2023-03-22T00:00:00+00:00 [running]> on host b1ae37a9584e
[2023-05-25T10:37:29.577+0000] {taskinstance.py:1547} INFO - Exporting env vars: AIRFLOW_CTX_DAG_OWNER='Sai' AIRFLOW_CTX_DAG_ID='dag_with_taskflow_api_v02' AIRFLOW_CTX_TASK_ID='get_name' AIRFLOW_CTX_EXECUTION_DATE='2023-03-22T00:00:00+00:00' AIRFLOW_CTX_TRY_NUMBER='1' AIRFLOW_CTX_DAG_RUN_ID='scheduled__2023-03-22T00:00:00+00:00'
[2023-05-25T10:37:29.587+0000] {python.py:183} INFO - Done. Returned value was: {'first_name': 'Sai', 'last_name': 'Tr'}
[2023-05-25T10:37:30.060+0000] {taskinstance.py:1350} INFO - Marking task as SUCCESS. dag_id=dag_with_taskflow_api_v02, task_id=get_name, execution_date=20230322T000000, start_date=20230525T103727, end_date=20230525T103730
[2023-05-25T10:37:31.056+0000] {local_task_job_runner.py:225} INFO - Task exited with return code 0
[2023-05-25T10:37:31.430+0000] {taskinstance.py:2651} INFO - 0 downstream tasks scheduled from follow-on schedule check
