[2023-05-24T15:24:22.761+0000] {taskinstance.py:1103} INFO - Dependencies all met for dep_context=non-requeueable deps ti=<TaskInstance: dag_with_taskflow_api_v02.greet scheduled__2022-08-09T00:00:00+00:00 [queued]>
[2023-05-24T15:24:22.865+0000] {taskinstance.py:1103} INFO - Dependencies all met for dep_context=requeueable deps ti=<TaskInstance: dag_with_taskflow_api_v02.greet scheduled__2022-08-09T00:00:00+00:00 [queued]>
[2023-05-24T15:24:22.866+0000] {taskinstance.py:1308} INFO - Starting attempt 1 of 6
[2023-05-24T15:24:23.693+0000] {taskinstance.py:1327} INFO - Executing <Task(_PythonDecoratedOperator): greet> on 2022-08-09 00:00:00+00:00
[2023-05-24T15:24:23.734+0000] {standard_task_runner.py:57} INFO - Started process 2177 to run task
[2023-05-24T15:24:23.756+0000] {standard_task_runner.py:84} INFO - Running: ['***', 'tasks', 'run', 'dag_with_taskflow_api_v02', 'greet', 'scheduled__2022-08-09T00:00:00+00:00', '--job-id', '882', '--raw', '--subdir', 'DAGS_FOLDER/first_dag.py', '--cfg-path', '/tmp/tmpu4s1llsw']
[2023-05-24T15:24:23.759+0000] {standard_task_runner.py:85} INFO - Job 882: Subtask greet
[2023-05-24T15:24:24.134+0000] {task_command.py:410} INFO - Running <TaskInstance: dag_with_taskflow_api_v02.greet scheduled__2022-08-09T00:00:00+00:00 [running]> on host 942de29f183d
[2023-05-24T15:24:24.993+0000] {taskinstance.py:1547} INFO - Exporting env vars: AIRFLOW_CTX_DAG_OWNER='Sai' AIRFLOW_CTX_DAG_ID='dag_with_taskflow_api_v02' AIRFLOW_CTX_TASK_ID='greet' AIRFLOW_CTX_EXECUTION_DATE='2022-08-09T00:00:00+00:00' AIRFLOW_CTX_TRY_NUMBER='1' AIRFLOW_CTX_DAG_RUN_ID='scheduled__2022-08-09T00:00:00+00:00'
[2023-05-24T15:24:24.995+0000] {logging_mixin.py:149} INFO - Hello World! My name is Sai Tr and I am 19 years old!
[2023-05-24T15:24:24.995+0000] {python.py:183} INFO - Done. Returned value was: None
[2023-05-24T15:24:25.018+0000] {taskinstance.py:1350} INFO - Marking task as SUCCESS. dag_id=dag_with_taskflow_api_v02, task_id=greet, execution_date=20220809T000000, start_date=20230524T152422, end_date=20230524T152425
[2023-05-24T15:24:25.178+0000] {local_task_job_runner.py:225} INFO - Task exited with return code 0
[2023-05-24T15:24:25.435+0000] {taskinstance.py:2651} INFO - 0 downstream tasks scheduled from follow-on schedule check
[2023-05-25T06:57:01.672+0000] {taskinstance.py:1103} INFO - Dependencies all met for dep_context=non-requeueable deps ti=<TaskInstance: dag_with_taskflow_api_v02.greet scheduled__2022-08-09T00:00:00+00:00 [queued]>
[2023-05-25T06:57:01.773+0000] {taskinstance.py:1103} INFO - Dependencies all met for dep_context=requeueable deps ti=<TaskInstance: dag_with_taskflow_api_v02.greet scheduled__2022-08-09T00:00:00+00:00 [queued]>
[2023-05-25T06:57:01.774+0000] {taskinstance.py:1308} INFO - Starting attempt 1 of 6
[2023-05-25T06:57:02.302+0000] {taskinstance.py:1327} INFO - Executing <Task(_PythonDecoratedOperator): greet> on 2022-08-09 00:00:00+00:00
[2023-05-25T06:57:02.330+0000] {standard_task_runner.py:57} INFO - Started process 3703 to run task
[2023-05-25T06:57:02.329+0000] {standard_task_runner.py:84} INFO - Running: ['***', 'tasks', 'run', 'dag_with_taskflow_api_v02', 'greet', 'scheduled__2022-08-09T00:00:00+00:00', '--job-id', '891', '--raw', '--subdir', 'DAGS_FOLDER/first_dag.py', '--cfg-path', '/tmp/tmpw5g2fnlf']
[2023-05-25T06:57:02.353+0000] {standard_task_runner.py:85} INFO - Job 891: Subtask greet
[2023-05-25T06:57:02.543+0000] {task_command.py:410} INFO - Running <TaskInstance: dag_with_taskflow_api_v02.greet scheduled__2022-08-09T00:00:00+00:00 [running]> on host 6bd07c7477d9
[2023-05-25T06:57:02.958+0000] {taskinstance.py:1547} INFO - Exporting env vars: AIRFLOW_CTX_DAG_OWNER='Sai' AIRFLOW_CTX_DAG_ID='dag_with_taskflow_api_v02' AIRFLOW_CTX_TASK_ID='greet' AIRFLOW_CTX_EXECUTION_DATE='2022-08-09T00:00:00+00:00' AIRFLOW_CTX_TRY_NUMBER='1' AIRFLOW_CTX_DAG_RUN_ID='scheduled__2022-08-09T00:00:00+00:00'
[2023-05-25T06:57:02.960+0000] {logging_mixin.py:149} INFO - Hello World! My name is Sai Tr and I am 19 years old!
[2023-05-25T06:57:02.961+0000] {python.py:183} INFO - Done. Returned value was: None
[2023-05-25T06:57:02.985+0000] {taskinstance.py:1350} INFO - Marking task as SUCCESS. dag_id=dag_with_taskflow_api_v02, task_id=greet, execution_date=20220809T000000, start_date=20230525T065701, end_date=20230525T065702
[2023-05-25T06:57:03.046+0000] {local_task_job_runner.py:225} INFO - Task exited with return code 0
[2023-05-25T06:57:03.100+0000] {taskinstance.py:2651} INFO - 0 downstream tasks scheduled from follow-on schedule check
[2023-05-25T10:29:58.186+0000] {taskinstance.py:1103} INFO - Dependencies all met for dep_context=non-requeueable deps ti=<TaskInstance: dag_with_taskflow_api_v02.greet scheduled__2022-08-09T00:00:00+00:00 [queued]>
[2023-05-25T10:29:58.326+0000] {taskinstance.py:1103} INFO - Dependencies all met for dep_context=requeueable deps ti=<TaskInstance: dag_with_taskflow_api_v02.greet scheduled__2022-08-09T00:00:00+00:00 [queued]>
[2023-05-25T10:29:58.329+0000] {taskinstance.py:1308} INFO - Starting attempt 1 of 6
[2023-05-25T10:29:58.409+0000] {taskinstance.py:1327} INFO - Executing <Task(_PythonDecoratedOperator): greet> on 2022-08-09 00:00:00+00:00
[2023-05-25T10:29:58.428+0000] {standard_task_runner.py:57} INFO - Started process 3310 to run task
[2023-05-25T10:29:58.454+0000] {standard_task_runner.py:84} INFO - Running: ['***', 'tasks', 'run', 'dag_with_taskflow_api_v02', 'greet', 'scheduled__2022-08-09T00:00:00+00:00', '--job-id', '896', '--raw', '--subdir', 'DAGS_FOLDER/first_dag.py', '--cfg-path', '/tmp/tmpp76zsb8s']
[2023-05-25T10:29:58.485+0000] {standard_task_runner.py:85} INFO - Job 896: Subtask greet
[2023-05-25T10:29:58.892+0000] {task_command.py:410} INFO - Running <TaskInstance: dag_with_taskflow_api_v02.greet scheduled__2022-08-09T00:00:00+00:00 [running]> on host b1ae37a9584e
[2023-05-25T10:29:59.812+0000] {taskinstance.py:1547} INFO - Exporting env vars: AIRFLOW_CTX_DAG_OWNER='Sai' AIRFLOW_CTX_DAG_ID='dag_with_taskflow_api_v02' AIRFLOW_CTX_TASK_ID='greet' AIRFLOW_CTX_EXECUTION_DATE='2022-08-09T00:00:00+00:00' AIRFLOW_CTX_TRY_NUMBER='1' AIRFLOW_CTX_DAG_RUN_ID='scheduled__2022-08-09T00:00:00+00:00'
[2023-05-25T10:29:59.813+0000] {logging_mixin.py:149} INFO - Hello World! My name is Sai Tr and I am 19 years old!
[2023-05-25T10:29:59.814+0000] {python.py:183} INFO - Done. Returned value was: None
[2023-05-25T10:29:59.885+0000] {taskinstance.py:1350} INFO - Marking task as SUCCESS. dag_id=dag_with_taskflow_api_v02, task_id=greet, execution_date=20220809T000000, start_date=20230525T102958, end_date=20230525T102959
[2023-05-25T10:30:00.225+0000] {local_task_job_runner.py:225} INFO - Task exited with return code 0
[2023-05-25T10:30:00.501+0000] {taskinstance.py:2651} INFO - 0 downstream tasks scheduled from follow-on schedule check
