[2023-05-24T15:17:06.727+0000] {taskinstance.py:1103} INFO - Dependencies all met for dep_context=non-requeueable deps ti=<TaskInstance: dag_with_taskflow_api_v02.greet scheduled__2021-12-23T00:00:00+00:00 [queued]>
[2023-05-24T15:17:06.775+0000] {taskinstance.py:1103} INFO - Dependencies all met for dep_context=requeueable deps ti=<TaskInstance: dag_with_taskflow_api_v02.greet scheduled__2021-12-23T00:00:00+00:00 [queued]>
[2023-05-24T15:17:06.776+0000] {taskinstance.py:1308} INFO - Starting attempt 1 of 6
[2023-05-24T15:17:07.584+0000] {taskinstance.py:1327} INFO - Executing <Task(_PythonDecoratedOperator): greet> on 2021-12-23 00:00:00+00:00
[2023-05-24T15:17:07.611+0000] {standard_task_runner.py:57} INFO - Started process 632 to run task
[2023-05-24T15:17:07.644+0000] {standard_task_runner.py:84} INFO - Running: ['***', 'tasks', 'run', 'dag_with_taskflow_api_v02', 'greet', 'scheduled__2021-12-23T00:00:00+00:00', '--job-id', '198', '--raw', '--subdir', 'DAGS_FOLDER/first_dag.py', '--cfg-path', '/tmp/tmp82fsrfm9']
[2023-05-24T15:17:07.648+0000] {standard_task_runner.py:85} INFO - Job 198: Subtask greet
[2023-05-24T15:17:08.072+0000] {task_command.py:410} INFO - Running <TaskInstance: dag_with_taskflow_api_v02.greet scheduled__2021-12-23T00:00:00+00:00 [running]> on host 942de29f183d
[2023-05-24T15:17:09.057+0000] {taskinstance.py:1547} INFO - Exporting env vars: AIRFLOW_CTX_DAG_OWNER='Sai' AIRFLOW_CTX_DAG_ID='dag_with_taskflow_api_v02' AIRFLOW_CTX_TASK_ID='greet' AIRFLOW_CTX_EXECUTION_DATE='2021-12-23T00:00:00+00:00' AIRFLOW_CTX_TRY_NUMBER='1' AIRFLOW_CTX_DAG_RUN_ID='scheduled__2021-12-23T00:00:00+00:00'
[2023-05-24T15:17:09.059+0000] {logging_mixin.py:149} INFO - Hello World! My name is Sai Tr and I am 19 years old!
[2023-05-24T15:17:09.060+0000] {python.py:183} INFO - Done. Returned value was: None
[2023-05-24T15:17:09.139+0000] {taskinstance.py:1350} INFO - Marking task as SUCCESS. dag_id=dag_with_taskflow_api_v02, task_id=greet, execution_date=20211223T000000, start_date=20230524T151706, end_date=20230524T151709
[2023-05-24T15:17:09.369+0000] {local_task_job_runner.py:225} INFO - Task exited with return code 0
[2023-05-24T15:17:09.534+0000] {taskinstance.py:2651} INFO - 0 downstream tasks scheduled from follow-on schedule check
[2023-05-25T06:50:37.409+0000] {taskinstance.py:1103} INFO - Dependencies all met for dep_context=non-requeueable deps ti=<TaskInstance: dag_with_taskflow_api_v02.greet scheduled__2021-12-23T00:00:00+00:00 [queued]>
[2023-05-25T06:50:37.506+0000] {taskinstance.py:1103} INFO - Dependencies all met for dep_context=requeueable deps ti=<TaskInstance: dag_with_taskflow_api_v02.greet scheduled__2021-12-23T00:00:00+00:00 [queued]>
[2023-05-25T06:50:37.506+0000] {taskinstance.py:1308} INFO - Starting attempt 1 of 6
[2023-05-25T06:50:37.663+0000] {taskinstance.py:1327} INFO - Executing <Task(_PythonDecoratedOperator): greet> on 2021-12-23 00:00:00+00:00
[2023-05-25T06:50:37.670+0000] {standard_task_runner.py:57} INFO - Started process 2142 to run task
[2023-05-25T06:50:37.680+0000] {standard_task_runner.py:84} INFO - Running: ['***', 'tasks', 'run', 'dag_with_taskflow_api_v02', 'greet', 'scheduled__2021-12-23T00:00:00+00:00', '--job-id', '184', '--raw', '--subdir', 'DAGS_FOLDER/first_dag.py', '--cfg-path', '/tmp/tmpx2axhij5']
[2023-05-25T06:50:37.684+0000] {standard_task_runner.py:85} INFO - Job 184: Subtask greet
[2023-05-25T06:50:37.792+0000] {task_command.py:410} INFO - Running <TaskInstance: dag_with_taskflow_api_v02.greet scheduled__2021-12-23T00:00:00+00:00 [running]> on host 6bd07c7477d9
[2023-05-25T06:50:38.101+0000] {taskinstance.py:1547} INFO - Exporting env vars: AIRFLOW_CTX_DAG_OWNER='Sai' AIRFLOW_CTX_DAG_ID='dag_with_taskflow_api_v02' AIRFLOW_CTX_TASK_ID='greet' AIRFLOW_CTX_EXECUTION_DATE='2021-12-23T00:00:00+00:00' AIRFLOW_CTX_TRY_NUMBER='1' AIRFLOW_CTX_DAG_RUN_ID='scheduled__2021-12-23T00:00:00+00:00'
[2023-05-25T06:50:38.102+0000] {logging_mixin.py:149} INFO - Hello World! My name is Sai Tr and I am 19 years old!
[2023-05-25T06:50:38.104+0000] {python.py:183} INFO - Done. Returned value was: None
[2023-05-25T06:50:38.151+0000] {taskinstance.py:1350} INFO - Marking task as SUCCESS. dag_id=dag_with_taskflow_api_v02, task_id=greet, execution_date=20211223T000000, start_date=20230525T065037, end_date=20230525T065038
[2023-05-25T06:50:38.209+0000] {local_task_job_runner.py:225} INFO - Task exited with return code 0
[2023-05-25T06:50:38.251+0000] {taskinstance.py:2651} INFO - 0 downstream tasks scheduled from follow-on schedule check
[2023-05-25T10:21:03.505+0000] {taskinstance.py:1103} INFO - Dependencies all met for dep_context=non-requeueable deps ti=<TaskInstance: dag_with_taskflow_api_v02.greet scheduled__2021-12-23T00:00:00+00:00 [queued]>
[2023-05-25T10:21:03.582+0000] {taskinstance.py:1103} INFO - Dependencies all met for dep_context=requeueable deps ti=<TaskInstance: dag_with_taskflow_api_v02.greet scheduled__2021-12-23T00:00:00+00:00 [queued]>
[2023-05-25T10:21:03.583+0000] {taskinstance.py:1308} INFO - Starting attempt 1 of 6
[2023-05-25T10:21:03.740+0000] {taskinstance.py:1327} INFO - Executing <Task(_PythonDecoratedOperator): greet> on 2021-12-23 00:00:00+00:00
[2023-05-25T10:21:03.781+0000] {standard_task_runner.py:57} INFO - Started process 1686 to run task
[2023-05-25T10:21:03.810+0000] {standard_task_runner.py:84} INFO - Running: ['***', 'tasks', 'run', 'dag_with_taskflow_api_v02', 'greet', 'scheduled__2021-12-23T00:00:00+00:00', '--job-id', '184', '--raw', '--subdir', 'DAGS_FOLDER/first_dag.py', '--cfg-path', '/tmp/tmpfthemk50']
[2023-05-25T10:21:03.812+0000] {standard_task_runner.py:85} INFO - Job 184: Subtask greet
[2023-05-25T10:21:04.143+0000] {task_command.py:410} INFO - Running <TaskInstance: dag_with_taskflow_api_v02.greet scheduled__2021-12-23T00:00:00+00:00 [running]> on host b1ae37a9584e
[2023-05-25T10:21:04.838+0000] {taskinstance.py:1547} INFO - Exporting env vars: AIRFLOW_CTX_DAG_OWNER='Sai' AIRFLOW_CTX_DAG_ID='dag_with_taskflow_api_v02' AIRFLOW_CTX_TASK_ID='greet' AIRFLOW_CTX_EXECUTION_DATE='2021-12-23T00:00:00+00:00' AIRFLOW_CTX_TRY_NUMBER='1' AIRFLOW_CTX_DAG_RUN_ID='scheduled__2021-12-23T00:00:00+00:00'
[2023-05-25T10:21:04.839+0000] {logging_mixin.py:149} INFO - Hello World! My name is Sai Tr and I am 19 years old!
[2023-05-25T10:21:04.839+0000] {python.py:183} INFO - Done. Returned value was: None
[2023-05-25T10:21:04.883+0000] {taskinstance.py:1350} INFO - Marking task as SUCCESS. dag_id=dag_with_taskflow_api_v02, task_id=greet, execution_date=20211223T000000, start_date=20230525T102103, end_date=20230525T102104
[2023-05-25T10:21:04.963+0000] {local_task_job_runner.py:225} INFO - Task exited with return code 0
[2023-05-25T10:21:05.048+0000] {taskinstance.py:2651} INFO - 0 downstream tasks scheduled from follow-on schedule check
