[2023-05-24T15:19:04.161+0000] {taskinstance.py:1103} INFO - Dependencies all met for dep_context=non-requeueable deps ti=<TaskInstance: dag_with_taskflow_api_v02.get_name scheduled__2022-02-27T00:00:00+00:00 [queued]>
[2023-05-24T15:19:04.251+0000] {taskinstance.py:1103} INFO - Dependencies all met for dep_context=requeueable deps ti=<TaskInstance: dag_with_taskflow_api_v02.get_name scheduled__2022-02-27T00:00:00+00:00 [queued]>
[2023-05-24T15:19:04.251+0000] {taskinstance.py:1308} INFO - Starting attempt 1 of 6
[2023-05-24T15:19:04.596+0000] {taskinstance.py:1327} INFO - Executing <Task(_PythonDecoratedOperator): get_name> on 2022-02-27 00:00:00+00:00
[2023-05-24T15:19:04.630+0000] {standard_task_runner.py:57} INFO - Started process 1030 to run task
[2023-05-24T15:19:04.698+0000] {standard_task_runner.py:84} INFO - Running: ['***', 'tasks', 'run', 'dag_with_taskflow_api_v02', 'get_name', 'scheduled__2022-02-27T00:00:00+00:00', '--job-id', '370', '--raw', '--subdir', 'DAGS_FOLDER/first_dag.py', '--cfg-path', '/tmp/tmpawd27zkx']
[2023-05-24T15:19:04.714+0000] {standard_task_runner.py:85} INFO - Job 370: Subtask get_name
[2023-05-24T15:19:05.116+0000] {task_command.py:410} INFO - Running <TaskInstance: dag_with_taskflow_api_v02.get_name scheduled__2022-02-27T00:00:00+00:00 [running]> on host 942de29f183d
[2023-05-24T15:19:05.846+0000] {taskinstance.py:1547} INFO - Exporting env vars: AIRFLOW_CTX_DAG_OWNER='Sai' AIRFLOW_CTX_DAG_ID='dag_with_taskflow_api_v02' AIRFLOW_CTX_TASK_ID='get_name' AIRFLOW_CTX_EXECUTION_DATE='2022-02-27T00:00:00+00:00' AIRFLOW_CTX_TRY_NUMBER='1' AIRFLOW_CTX_DAG_RUN_ID='scheduled__2022-02-27T00:00:00+00:00'
[2023-05-24T15:19:05.851+0000] {python.py:183} INFO - Done. Returned value was: {'first_name': 'Sai', 'last_name': 'Tr'}
[2023-05-24T15:19:06.147+0000] {taskinstance.py:1350} INFO - Marking task as SUCCESS. dag_id=dag_with_taskflow_api_v02, task_id=get_name, execution_date=20220227T000000, start_date=20230524T151904, end_date=20230524T151906
[2023-05-24T15:19:06.342+0000] {local_task_job_runner.py:225} INFO - Task exited with return code 0
[2023-05-24T15:19:07.057+0000] {taskinstance.py:2651} INFO - 0 downstream tasks scheduled from follow-on schedule check
[2023-05-25T06:52:23.481+0000] {taskinstance.py:1103} INFO - Dependencies all met for dep_context=non-requeueable deps ti=<TaskInstance: dag_with_taskflow_api_v02.get_name scheduled__2022-02-27T00:00:00+00:00 [queued]>
[2023-05-25T06:52:23.564+0000] {taskinstance.py:1103} INFO - Dependencies all met for dep_context=requeueable deps ti=<TaskInstance: dag_with_taskflow_api_v02.get_name scheduled__2022-02-27T00:00:00+00:00 [queued]>
[2023-05-25T06:52:23.564+0000] {taskinstance.py:1308} INFO - Starting attempt 1 of 6
[2023-05-25T06:52:24.034+0000] {taskinstance.py:1327} INFO - Executing <Task(_PythonDecoratedOperator): get_name> on 2022-02-27 00:00:00+00:00
[2023-05-25T06:52:24.073+0000] {standard_task_runner.py:84} INFO - Running: ['***', 'tasks', 'run', 'dag_with_taskflow_api_v02', 'get_name', 'scheduled__2022-02-27T00:00:00+00:00', '--job-id', '375', '--raw', '--subdir', 'DAGS_FOLDER/first_dag.py', '--cfg-path', '/tmp/tmpsfneyho5']
[2023-05-25T06:52:24.076+0000] {standard_task_runner.py:85} INFO - Job 375: Subtask get_name
[2023-05-25T06:52:24.060+0000] {standard_task_runner.py:57} INFO - Started process 2565 to run task
[2023-05-25T06:52:24.400+0000] {task_command.py:410} INFO - Running <TaskInstance: dag_with_taskflow_api_v02.get_name scheduled__2022-02-27T00:00:00+00:00 [running]> on host 6bd07c7477d9
[2023-05-25T06:52:24.933+0000] {taskinstance.py:1547} INFO - Exporting env vars: AIRFLOW_CTX_DAG_OWNER='Sai' AIRFLOW_CTX_DAG_ID='dag_with_taskflow_api_v02' AIRFLOW_CTX_TASK_ID='get_name' AIRFLOW_CTX_EXECUTION_DATE='2022-02-27T00:00:00+00:00' AIRFLOW_CTX_TRY_NUMBER='1' AIRFLOW_CTX_DAG_RUN_ID='scheduled__2022-02-27T00:00:00+00:00'
[2023-05-25T06:52:24.934+0000] {python.py:183} INFO - Done. Returned value was: {'first_name': 'Sai', 'last_name': 'Tr'}
[2023-05-25T06:52:25.118+0000] {taskinstance.py:1350} INFO - Marking task as SUCCESS. dag_id=dag_with_taskflow_api_v02, task_id=get_name, execution_date=20220227T000000, start_date=20230525T065223, end_date=20230525T065225
[2023-05-25T06:52:25.318+0000] {local_task_job_runner.py:225} INFO - Task exited with return code 0
[2023-05-25T06:52:25.525+0000] {taskinstance.py:2651} INFO - 1 downstream tasks scheduled from follow-on schedule check
[2023-05-25T10:23:19.235+0000] {taskinstance.py:1103} INFO - Dependencies all met for dep_context=non-requeueable deps ti=<TaskInstance: dag_with_taskflow_api_v02.get_name scheduled__2022-02-27T00:00:00+00:00 [queued]>
[2023-05-25T10:23:19.278+0000] {taskinstance.py:1103} INFO - Dependencies all met for dep_context=requeueable deps ti=<TaskInstance: dag_with_taskflow_api_v02.get_name scheduled__2022-02-27T00:00:00+00:00 [queued]>
[2023-05-25T10:23:19.279+0000] {taskinstance.py:1308} INFO - Starting attempt 1 of 6
[2023-05-25T10:23:19.348+0000] {taskinstance.py:1327} INFO - Executing <Task(_PythonDecoratedOperator): get_name> on 2022-02-27 00:00:00+00:00
[2023-05-25T10:23:19.360+0000] {standard_task_runner.py:57} INFO - Started process 2102 to run task
[2023-05-25T10:23:19.370+0000] {standard_task_runner.py:84} INFO - Running: ['***', 'tasks', 'run', 'dag_with_taskflow_api_v02', 'get_name', 'scheduled__2022-02-27T00:00:00+00:00', '--job-id', '369', '--raw', '--subdir', 'DAGS_FOLDER/first_dag.py', '--cfg-path', '/tmp/tmp_4hhmz6n']
[2023-05-25T10:23:19.385+0000] {standard_task_runner.py:85} INFO - Job 369: Subtask get_name
[2023-05-25T10:23:19.616+0000] {task_command.py:410} INFO - Running <TaskInstance: dag_with_taskflow_api_v02.get_name scheduled__2022-02-27T00:00:00+00:00 [running]> on host b1ae37a9584e
[2023-05-25T10:23:20.275+0000] {taskinstance.py:1547} INFO - Exporting env vars: AIRFLOW_CTX_DAG_OWNER='Sai' AIRFLOW_CTX_DAG_ID='dag_with_taskflow_api_v02' AIRFLOW_CTX_TASK_ID='get_name' AIRFLOW_CTX_EXECUTION_DATE='2022-02-27T00:00:00+00:00' AIRFLOW_CTX_TRY_NUMBER='1' AIRFLOW_CTX_DAG_RUN_ID='scheduled__2022-02-27T00:00:00+00:00'
[2023-05-25T10:23:20.279+0000] {python.py:183} INFO - Done. Returned value was: {'first_name': 'Sai', 'last_name': 'Tr'}
[2023-05-25T10:23:20.738+0000] {taskinstance.py:1350} INFO - Marking task as SUCCESS. dag_id=dag_with_taskflow_api_v02, task_id=get_name, execution_date=20220227T000000, start_date=20230525T102319, end_date=20230525T102320
[2023-05-25T10:23:20.939+0000] {local_task_job_runner.py:225} INFO - Task exited with return code 0
[2023-05-25T10:23:21.744+0000] {taskinstance.py:2651} INFO - 0 downstream tasks scheduled from follow-on schedule check
