[2023-05-24T15:17:39.922+0000] {taskinstance.py:1103} INFO - Dependencies all met for dep_context=non-requeueable deps ti=<TaskInstance: dag_with_taskflow_api_v02.get_age scheduled__2022-01-16T00:00:00+00:00 [queued]>
[2023-05-24T15:17:40.021+0000] {taskinstance.py:1103} INFO - Dependencies all met for dep_context=requeueable deps ti=<TaskInstance: dag_with_taskflow_api_v02.get_age scheduled__2022-01-16T00:00:00+00:00 [queued]>
[2023-05-24T15:17:40.022+0000] {taskinstance.py:1308} INFO - Starting attempt 1 of 6
[2023-05-24T15:17:40.191+0000] {taskinstance.py:1327} INFO - Executing <Task(_PythonDecoratedOperator): get_age> on 2022-01-16 00:00:00+00:00
[2023-05-24T15:17:40.243+0000] {standard_task_runner.py:57} INFO - Started process 742 to run task
[2023-05-24T15:17:40.266+0000] {standard_task_runner.py:84} INFO - Running: ['***', 'tasks', 'run', 'dag_with_taskflow_api_v02', 'get_age', 'scheduled__2022-01-16T00:00:00+00:00', '--job-id', '244', '--raw', '--subdir', 'DAGS_FOLDER/first_dag.py', '--cfg-path', '/tmp/tmp3msf54ph']
[2023-05-24T15:17:40.275+0000] {standard_task_runner.py:85} INFO - Job 244: Subtask get_age
[2023-05-24T15:17:40.871+0000] {task_command.py:410} INFO - Running <TaskInstance: dag_with_taskflow_api_v02.get_age scheduled__2022-01-16T00:00:00+00:00 [running]> on host 942de29f183d
[2023-05-24T15:17:42.349+0000] {taskinstance.py:1547} INFO - Exporting env vars: AIRFLOW_CTX_DAG_OWNER='Sai' AIRFLOW_CTX_DAG_ID='dag_with_taskflow_api_v02' AIRFLOW_CTX_TASK_ID='get_age' AIRFLOW_CTX_EXECUTION_DATE='2022-01-16T00:00:00+00:00' AIRFLOW_CTX_TRY_NUMBER='1' AIRFLOW_CTX_DAG_RUN_ID='scheduled__2022-01-16T00:00:00+00:00'
[2023-05-24T15:17:42.351+0000] {python.py:183} INFO - Done. Returned value was: 19
[2023-05-24T15:17:42.602+0000] {taskinstance.py:1350} INFO - Marking task as SUCCESS. dag_id=dag_with_taskflow_api_v02, task_id=get_age, execution_date=20220116T000000, start_date=20230524T151739, end_date=20230524T151742
[2023-05-24T15:17:42.777+0000] {local_task_job_runner.py:225} INFO - Task exited with return code 0
[2023-05-24T15:17:43.041+0000] {taskinstance.py:2651} INFO - 0 downstream tasks scheduled from follow-on schedule check
[2023-05-25T06:51:12.207+0000] {taskinstance.py:1103} INFO - Dependencies all met for dep_context=non-requeueable deps ti=<TaskInstance: dag_with_taskflow_api_v02.get_age scheduled__2022-01-16T00:00:00+00:00 [queued]>
[2023-05-25T06:51:12.272+0000] {taskinstance.py:1103} INFO - Dependencies all met for dep_context=requeueable deps ti=<TaskInstance: dag_with_taskflow_api_v02.get_age scheduled__2022-01-16T00:00:00+00:00 [queued]>
[2023-05-25T06:51:12.272+0000] {taskinstance.py:1308} INFO - Starting attempt 1 of 6
[2023-05-25T06:51:12.888+0000] {taskinstance.py:1327} INFO - Executing <Task(_PythonDecoratedOperator): get_age> on 2022-01-16 00:00:00+00:00
[2023-05-25T06:51:12.908+0000] {standard_task_runner.py:57} INFO - Started process 2284 to run task
[2023-05-25T06:51:12.943+0000] {standard_task_runner.py:84} INFO - Running: ['***', 'tasks', 'run', 'dag_with_taskflow_api_v02', 'get_age', 'scheduled__2022-01-16T00:00:00+00:00', '--job-id', '247', '--raw', '--subdir', 'DAGS_FOLDER/first_dag.py', '--cfg-path', '/tmp/tmpukb8foqu']
[2023-05-25T06:51:12.960+0000] {standard_task_runner.py:85} INFO - Job 247: Subtask get_age
[2023-05-25T06:51:13.237+0000] {task_command.py:410} INFO - Running <TaskInstance: dag_with_taskflow_api_v02.get_age scheduled__2022-01-16T00:00:00+00:00 [running]> on host 6bd07c7477d9
[2023-05-25T06:51:14.211+0000] {taskinstance.py:1547} INFO - Exporting env vars: AIRFLOW_CTX_DAG_OWNER='Sai' AIRFLOW_CTX_DAG_ID='dag_with_taskflow_api_v02' AIRFLOW_CTX_TASK_ID='get_age' AIRFLOW_CTX_EXECUTION_DATE='2022-01-16T00:00:00+00:00' AIRFLOW_CTX_TRY_NUMBER='1' AIRFLOW_CTX_DAG_RUN_ID='scheduled__2022-01-16T00:00:00+00:00'
[2023-05-25T06:51:14.212+0000] {python.py:183} INFO - Done. Returned value was: 19
[2023-05-25T06:51:14.332+0000] {taskinstance.py:1350} INFO - Marking task as SUCCESS. dag_id=dag_with_taskflow_api_v02, task_id=get_age, execution_date=20220116T000000, start_date=20230525T065112, end_date=20230525T065114
[2023-05-25T06:51:14.606+0000] {local_task_job_runner.py:225} INFO - Task exited with return code 0
[2023-05-25T06:51:14.701+0000] {taskinstance.py:2651} INFO - 1 downstream tasks scheduled from follow-on schedule check
[2023-05-25T10:21:49.068+0000] {taskinstance.py:1103} INFO - Dependencies all met for dep_context=non-requeueable deps ti=<TaskInstance: dag_with_taskflow_api_v02.get_age scheduled__2022-01-16T00:00:00+00:00 [queued]>
[2023-05-25T10:21:49.099+0000] {taskinstance.py:1103} INFO - Dependencies all met for dep_context=requeueable deps ti=<TaskInstance: dag_with_taskflow_api_v02.get_age scheduled__2022-01-16T00:00:00+00:00 [queued]>
[2023-05-25T10:21:49.100+0000] {taskinstance.py:1308} INFO - Starting attempt 1 of 6
[2023-05-25T10:21:49.438+0000] {taskinstance.py:1327} INFO - Executing <Task(_PythonDecoratedOperator): get_age> on 2022-01-16 00:00:00+00:00
[2023-05-25T10:21:49.452+0000] {standard_task_runner.py:57} INFO - Started process 1816 to run task
[2023-05-25T10:21:49.473+0000] {standard_task_runner.py:84} INFO - Running: ['***', 'tasks', 'run', 'dag_with_taskflow_api_v02', 'get_age', 'scheduled__2022-01-16T00:00:00+00:00', '--job-id', '244', '--raw', '--subdir', 'DAGS_FOLDER/first_dag.py', '--cfg-path', '/tmp/tmp0mebkd18']
[2023-05-25T10:21:49.493+0000] {standard_task_runner.py:85} INFO - Job 244: Subtask get_age
[2023-05-25T10:21:49.739+0000] {task_command.py:410} INFO - Running <TaskInstance: dag_with_taskflow_api_v02.get_age scheduled__2022-01-16T00:00:00+00:00 [running]> on host b1ae37a9584e
[2023-05-25T10:21:50.230+0000] {taskinstance.py:1547} INFO - Exporting env vars: AIRFLOW_CTX_DAG_OWNER='Sai' AIRFLOW_CTX_DAG_ID='dag_with_taskflow_api_v02' AIRFLOW_CTX_TASK_ID='get_age' AIRFLOW_CTX_EXECUTION_DATE='2022-01-16T00:00:00+00:00' AIRFLOW_CTX_TRY_NUMBER='1' AIRFLOW_CTX_DAG_RUN_ID='scheduled__2022-01-16T00:00:00+00:00'
[2023-05-25T10:21:50.232+0000] {python.py:183} INFO - Done. Returned value was: 19
[2023-05-25T10:21:50.564+0000] {taskinstance.py:1350} INFO - Marking task as SUCCESS. dag_id=dag_with_taskflow_api_v02, task_id=get_age, execution_date=20220116T000000, start_date=20230525T102149, end_date=20230525T102150
[2023-05-25T10:21:50.884+0000] {local_task_job_runner.py:225} INFO - Task exited with return code 0
[2023-05-25T10:21:51.067+0000] {taskinstance.py:2651} INFO - 1 downstream tasks scheduled from follow-on schedule check
