[2023-05-24T15:28:15.031+0000] {taskinstance.py:1103} INFO - Dependencies all met for dep_context=non-requeueable deps ti=<TaskInstance: dag_with_taskflow_api_v02.get_name scheduled__2022-12-31T00:00:00+00:00 [queued]>
[2023-05-24T15:28:15.098+0000] {taskinstance.py:1103} INFO - Dependencies all met for dep_context=requeueable deps ti=<TaskInstance: dag_with_taskflow_api_v02.get_name scheduled__2022-12-31T00:00:00+00:00 [queued]>
[2023-05-24T15:28:15.099+0000] {taskinstance.py:1308} INFO - Starting attempt 1 of 6
[2023-05-24T15:28:15.282+0000] {taskinstance.py:1327} INFO - Executing <Task(_PythonDecoratedOperator): get_name> on 2022-12-31 00:00:00+00:00
[2023-05-24T15:28:15.303+0000] {standard_task_runner.py:57} INFO - Started process 3095 to run task
[2023-05-24T15:28:15.322+0000] {standard_task_runner.py:84} INFO - Running: ['***', 'tasks', 'run', 'dag_with_taskflow_api_v02', 'get_name', 'scheduled__2022-12-31T00:00:00+00:00', '--job-id', '1298', '--raw', '--subdir', 'DAGS_FOLDER/first_dag.py', '--cfg-path', '/tmp/tmp3eydejij']
[2023-05-24T15:28:15.325+0000] {standard_task_runner.py:85} INFO - Job 1298: Subtask get_name
[2023-05-24T15:28:15.666+0000] {task_command.py:410} INFO - Running <TaskInstance: dag_with_taskflow_api_v02.get_name scheduled__2022-12-31T00:00:00+00:00 [running]> on host 942de29f183d
[2023-05-24T15:28:16.468+0000] {taskinstance.py:1547} INFO - Exporting env vars: AIRFLOW_CTX_DAG_OWNER='Sai' AIRFLOW_CTX_DAG_ID='dag_with_taskflow_api_v02' AIRFLOW_CTX_TASK_ID='get_name' AIRFLOW_CTX_EXECUTION_DATE='2022-12-31T00:00:00+00:00' AIRFLOW_CTX_TRY_NUMBER='1' AIRFLOW_CTX_DAG_RUN_ID='scheduled__2022-12-31T00:00:00+00:00'
[2023-05-24T15:28:16.469+0000] {python.py:183} INFO - Done. Returned value was: {'first_name': 'Sai', 'last_name': 'Tr'}
[2023-05-24T15:28:16.730+0000] {taskinstance.py:1350} INFO - Marking task as SUCCESS. dag_id=dag_with_taskflow_api_v02, task_id=get_name, execution_date=20221231T000000, start_date=20230524T152815, end_date=20230524T152816
[2023-05-24T15:28:17.326+0000] {local_task_job_runner.py:225} INFO - Task exited with return code 0
[2023-05-24T15:28:17.635+0000] {taskinstance.py:2651} INFO - 0 downstream tasks scheduled from follow-on schedule check
[2023-05-25T07:00:45.332+0000] {taskinstance.py:1103} INFO - Dependencies all met for dep_context=non-requeueable deps ti=<TaskInstance: dag_with_taskflow_api_v02.get_name scheduled__2022-12-31T00:00:00+00:00 [queued]>
[2023-05-25T07:00:45.446+0000] {taskinstance.py:1103} INFO - Dependencies all met for dep_context=requeueable deps ti=<TaskInstance: dag_with_taskflow_api_v02.get_name scheduled__2022-12-31T00:00:00+00:00 [queued]>
[2023-05-25T07:00:45.446+0000] {taskinstance.py:1308} INFO - Starting attempt 1 of 6
[2023-05-25T07:00:45.584+0000] {taskinstance.py:1327} INFO - Executing <Task(_PythonDecoratedOperator): get_name> on 2022-12-31 00:00:00+00:00
[2023-05-25T07:00:45.605+0000] {standard_task_runner.py:57} INFO - Started process 4608 to run task
[2023-05-25T07:00:45.628+0000] {standard_task_runner.py:84} INFO - Running: ['***', 'tasks', 'run', 'dag_with_taskflow_api_v02', 'get_name', 'scheduled__2022-12-31T00:00:00+00:00', '--job-id', '1296', '--raw', '--subdir', 'DAGS_FOLDER/first_dag.py', '--cfg-path', '/tmp/tmpq413_e8i']
[2023-05-25T07:00:45.631+0000] {standard_task_runner.py:85} INFO - Job 1296: Subtask get_name
[2023-05-25T07:00:45.844+0000] {task_command.py:410} INFO - Running <TaskInstance: dag_with_taskflow_api_v02.get_name scheduled__2022-12-31T00:00:00+00:00 [running]> on host 6bd07c7477d9
[2023-05-25T07:00:46.724+0000] {taskinstance.py:1547} INFO - Exporting env vars: AIRFLOW_CTX_DAG_OWNER='Sai' AIRFLOW_CTX_DAG_ID='dag_with_taskflow_api_v02' AIRFLOW_CTX_TASK_ID='get_name' AIRFLOW_CTX_EXECUTION_DATE='2022-12-31T00:00:00+00:00' AIRFLOW_CTX_TRY_NUMBER='1' AIRFLOW_CTX_DAG_RUN_ID='scheduled__2022-12-31T00:00:00+00:00'
[2023-05-25T07:00:46.725+0000] {python.py:183} INFO - Done. Returned value was: {'first_name': 'Sai', 'last_name': 'Tr'}
[2023-05-25T07:00:46.930+0000] {taskinstance.py:1350} INFO - Marking task as SUCCESS. dag_id=dag_with_taskflow_api_v02, task_id=get_name, execution_date=20221231T000000, start_date=20230525T070045, end_date=20230525T070046
[2023-05-25T07:00:47.019+0000] {local_task_job_runner.py:225} INFO - Task exited with return code 0
[2023-05-25T07:00:47.688+0000] {taskinstance.py:2651} INFO - 0 downstream tasks scheduled from follow-on schedule check
[2023-05-25T10:34:49.467+0000] {taskinstance.py:1103} INFO - Dependencies all met for dep_context=non-requeueable deps ti=<TaskInstance: dag_with_taskflow_api_v02.get_name scheduled__2022-12-31T00:00:00+00:00 [queued]>
[2023-05-25T10:34:49.554+0000] {taskinstance.py:1103} INFO - Dependencies all met for dep_context=requeueable deps ti=<TaskInstance: dag_with_taskflow_api_v02.get_name scheduled__2022-12-31T00:00:00+00:00 [queued]>
[2023-05-25T10:34:49.554+0000] {taskinstance.py:1308} INFO - Starting attempt 1 of 6
[2023-05-25T10:34:49.718+0000] {taskinstance.py:1327} INFO - Executing <Task(_PythonDecoratedOperator): get_name> on 2022-12-31 00:00:00+00:00
[2023-05-25T10:34:49.760+0000] {standard_task_runner.py:57} INFO - Started process 4246 to run task
[2023-05-25T10:34:49.797+0000] {standard_task_runner.py:84} INFO - Running: ['***', 'tasks', 'run', 'dag_with_taskflow_api_v02', 'get_name', 'scheduled__2022-12-31T00:00:00+00:00', '--job-id', '1309', '--raw', '--subdir', 'DAGS_FOLDER/first_dag.py', '--cfg-path', '/tmp/tmpyo1u2r00']
[2023-05-25T10:34:49.814+0000] {standard_task_runner.py:85} INFO - Job 1309: Subtask get_name
[2023-05-25T10:34:50.195+0000] {task_command.py:410} INFO - Running <TaskInstance: dag_with_taskflow_api_v02.get_name scheduled__2022-12-31T00:00:00+00:00 [running]> on host b1ae37a9584e
[2023-05-25T10:34:51.053+0000] {taskinstance.py:1547} INFO - Exporting env vars: AIRFLOW_CTX_DAG_OWNER='Sai' AIRFLOW_CTX_DAG_ID='dag_with_taskflow_api_v02' AIRFLOW_CTX_TASK_ID='get_name' AIRFLOW_CTX_EXECUTION_DATE='2022-12-31T00:00:00+00:00' AIRFLOW_CTX_TRY_NUMBER='1' AIRFLOW_CTX_DAG_RUN_ID='scheduled__2022-12-31T00:00:00+00:00'
[2023-05-25T10:34:51.054+0000] {python.py:183} INFO - Done. Returned value was: {'first_name': 'Sai', 'last_name': 'Tr'}
[2023-05-25T10:34:51.402+0000] {taskinstance.py:1350} INFO - Marking task as SUCCESS. dag_id=dag_with_taskflow_api_v02, task_id=get_name, execution_date=20221231T000000, start_date=20230525T103449, end_date=20230525T103451
[2023-05-25T10:34:51.611+0000] {local_task_job_runner.py:225} INFO - Task exited with return code 0
[2023-05-25T10:34:52.468+0000] {taskinstance.py:2651} INFO - 1 downstream tasks scheduled from follow-on schedule check
