[2023-05-24T15:16:41.152+0000] {taskinstance.py:1103} INFO - Dependencies all met for dep_context=non-requeueable deps ti=<TaskInstance: dag_with_taskflow_api_v02.get_name scheduled__2021-12-17T00:00:00+00:00 [queued]>
[2023-05-24T15:16:41.239+0000] {taskinstance.py:1103} INFO - Dependencies all met for dep_context=requeueable deps ti=<TaskInstance: dag_with_taskflow_api_v02.get_name scheduled__2021-12-17T00:00:00+00:00 [queued]>
[2023-05-24T15:16:41.239+0000] {taskinstance.py:1308} INFO - Starting attempt 1 of 6
[2023-05-24T15:16:41.950+0000] {taskinstance.py:1327} INFO - Executing <Task(_PythonDecoratedOperator): get_name> on 2021-12-17 00:00:00+00:00
[2023-05-24T15:16:42.005+0000] {standard_task_runner.py:57} INFO - Started process 538 to run task
[2023-05-24T15:16:42.035+0000] {standard_task_runner.py:84} INFO - Running: ['***', 'tasks', 'run', 'dag_with_taskflow_api_v02', 'get_name', 'scheduled__2021-12-17T00:00:00+00:00', '--job-id', '154', '--raw', '--subdir', 'DAGS_FOLDER/first_dag.py', '--cfg-path', '/tmp/tmpgkj04h85']
[2023-05-24T15:16:42.046+0000] {standard_task_runner.py:85} INFO - Job 154: Subtask get_name
[2023-05-24T15:16:42.549+0000] {task_command.py:410} INFO - Running <TaskInstance: dag_with_taskflow_api_v02.get_name scheduled__2021-12-17T00:00:00+00:00 [running]> on host 942de29f183d
[2023-05-24T15:16:43.310+0000] {taskinstance.py:1547} INFO - Exporting env vars: AIRFLOW_CTX_DAG_OWNER='Sai' AIRFLOW_CTX_DAG_ID='dag_with_taskflow_api_v02' AIRFLOW_CTX_TASK_ID='get_name' AIRFLOW_CTX_EXECUTION_DATE='2021-12-17T00:00:00+00:00' AIRFLOW_CTX_TRY_NUMBER='1' AIRFLOW_CTX_DAG_RUN_ID='scheduled__2021-12-17T00:00:00+00:00'
[2023-05-24T15:16:43.312+0000] {python.py:183} INFO - Done. Returned value was: {'first_name': 'Sai', 'last_name': 'Tr'}
[2023-05-24T15:16:43.596+0000] {taskinstance.py:1350} INFO - Marking task as SUCCESS. dag_id=dag_with_taskflow_api_v02, task_id=get_name, execution_date=20211217T000000, start_date=20230524T151641, end_date=20230524T151643
[2023-05-24T15:16:43.966+0000] {local_task_job_runner.py:225} INFO - Task exited with return code 0
[2023-05-24T15:16:44.197+0000] {taskinstance.py:2651} INFO - 1 downstream tasks scheduled from follow-on schedule check
[2023-05-25T06:50:23.504+0000] {taskinstance.py:1103} INFO - Dependencies all met for dep_context=non-requeueable deps ti=<TaskInstance: dag_with_taskflow_api_v02.get_name scheduled__2021-12-17T00:00:00+00:00 [queued]>
[2023-05-25T06:50:23.561+0000] {taskinstance.py:1103} INFO - Dependencies all met for dep_context=requeueable deps ti=<TaskInstance: dag_with_taskflow_api_v02.get_name scheduled__2021-12-17T00:00:00+00:00 [queued]>
[2023-05-25T06:50:23.561+0000] {taskinstance.py:1308} INFO - Starting attempt 1 of 6
[2023-05-25T06:50:23.677+0000] {taskinstance.py:1327} INFO - Executing <Task(_PythonDecoratedOperator): get_name> on 2021-12-17 00:00:00+00:00
[2023-05-25T06:50:23.731+0000] {standard_task_runner.py:57} INFO - Started process 2080 to run task
[2023-05-25T06:50:23.747+0000] {standard_task_runner.py:84} INFO - Running: ['***', 'tasks', 'run', 'dag_with_taskflow_api_v02', 'get_name', 'scheduled__2021-12-17T00:00:00+00:00', '--job-id', '155', '--raw', '--subdir', 'DAGS_FOLDER/first_dag.py', '--cfg-path', '/tmp/tmpparw_03v']
[2023-05-25T06:50:23.758+0000] {standard_task_runner.py:85} INFO - Job 155: Subtask get_name
[2023-05-25T06:50:24.164+0000] {task_command.py:410} INFO - Running <TaskInstance: dag_with_taskflow_api_v02.get_name scheduled__2021-12-17T00:00:00+00:00 [running]> on host 6bd07c7477d9
[2023-05-25T06:50:24.936+0000] {taskinstance.py:1547} INFO - Exporting env vars: AIRFLOW_CTX_DAG_OWNER='Sai' AIRFLOW_CTX_DAG_ID='dag_with_taskflow_api_v02' AIRFLOW_CTX_TASK_ID='get_name' AIRFLOW_CTX_EXECUTION_DATE='2021-12-17T00:00:00+00:00' AIRFLOW_CTX_TRY_NUMBER='1' AIRFLOW_CTX_DAG_RUN_ID='scheduled__2021-12-17T00:00:00+00:00'
[2023-05-25T06:50:24.937+0000] {python.py:183} INFO - Done. Returned value was: {'first_name': 'Sai', 'last_name': 'Tr'}
[2023-05-25T06:50:25.187+0000] {taskinstance.py:1350} INFO - Marking task as SUCCESS. dag_id=dag_with_taskflow_api_v02, task_id=get_name, execution_date=20211217T000000, start_date=20230525T065023, end_date=20230525T065025
[2023-05-25T06:50:25.310+0000] {local_task_job_runner.py:225} INFO - Task exited with return code 0
[2023-05-25T06:50:25.464+0000] {taskinstance.py:2651} INFO - 1 downstream tasks scheduled from follow-on schedule check
[2023-05-25T10:20:39.779+0000] {taskinstance.py:1103} INFO - Dependencies all met for dep_context=non-requeueable deps ti=<TaskInstance: dag_with_taskflow_api_v02.get_name scheduled__2021-12-17T00:00:00+00:00 [queued]>
[2023-05-25T10:20:39.861+0000] {taskinstance.py:1103} INFO - Dependencies all met for dep_context=requeueable deps ti=<TaskInstance: dag_with_taskflow_api_v02.get_name scheduled__2021-12-17T00:00:00+00:00 [queued]>
[2023-05-25T10:20:39.862+0000] {taskinstance.py:1308} INFO - Starting attempt 1 of 6
[2023-05-25T10:20:40.557+0000] {taskinstance.py:1327} INFO - Executing <Task(_PythonDecoratedOperator): get_name> on 2021-12-17 00:00:00+00:00
[2023-05-25T10:20:40.580+0000] {standard_task_runner.py:57} INFO - Started process 1608 to run task
[2023-05-25T10:20:40.595+0000] {standard_task_runner.py:84} INFO - Running: ['***', 'tasks', 'run', 'dag_with_taskflow_api_v02', 'get_name', 'scheduled__2021-12-17T00:00:00+00:00', '--job-id', '151', '--raw', '--subdir', 'DAGS_FOLDER/first_dag.py', '--cfg-path', '/tmp/tmpv0n2o64r']
[2023-05-25T10:20:40.619+0000] {standard_task_runner.py:85} INFO - Job 151: Subtask get_name
[2023-05-25T10:20:40.941+0000] {task_command.py:410} INFO - Running <TaskInstance: dag_with_taskflow_api_v02.get_name scheduled__2021-12-17T00:00:00+00:00 [running]> on host b1ae37a9584e
[2023-05-25T10:20:41.806+0000] {taskinstance.py:1547} INFO - Exporting env vars: AIRFLOW_CTX_DAG_OWNER='Sai' AIRFLOW_CTX_DAG_ID='dag_with_taskflow_api_v02' AIRFLOW_CTX_TASK_ID='get_name' AIRFLOW_CTX_EXECUTION_DATE='2021-12-17T00:00:00+00:00' AIRFLOW_CTX_TRY_NUMBER='1' AIRFLOW_CTX_DAG_RUN_ID='scheduled__2021-12-17T00:00:00+00:00'
[2023-05-25T10:20:41.831+0000] {python.py:183} INFO - Done. Returned value was: {'first_name': 'Sai', 'last_name': 'Tr'}
[2023-05-25T10:20:41.997+0000] {taskinstance.py:1350} INFO - Marking task as SUCCESS. dag_id=dag_with_taskflow_api_v02, task_id=get_name, execution_date=20211217T000000, start_date=20230525T102039, end_date=20230525T102041
[2023-05-25T10:20:42.113+0000] {local_task_job_runner.py:225} INFO - Task exited with return code 0
[2023-05-25T10:20:42.197+0000] {taskinstance.py:2651} INFO - 1 downstream tasks scheduled from follow-on schedule check
