[2023-05-24T15:23:32.220+0000] {taskinstance.py:1103} INFO - Dependencies all met for dep_context=non-requeueable deps ti=<TaskInstance: dag_with_taskflow_api_v02.get_name scheduled__2022-07-18T00:00:00+00:00 [queued]>
[2023-05-24T15:23:32.261+0000] {taskinstance.py:1103} INFO - Dependencies all met for dep_context=requeueable deps ti=<TaskInstance: dag_with_taskflow_api_v02.get_name scheduled__2022-07-18T00:00:00+00:00 [queued]>
[2023-05-24T15:23:32.283+0000] {taskinstance.py:1308} INFO - Starting attempt 1 of 6
[2023-05-24T15:23:32.420+0000] {taskinstance.py:1327} INFO - Executing <Task(_PythonDecoratedOperator): get_name> on 2022-07-18 00:00:00+00:00
[2023-05-24T15:23:32.441+0000] {standard_task_runner.py:57} INFO - Started process 1974 to run task
[2023-05-24T15:23:32.480+0000] {standard_task_runner.py:84} INFO - Running: ['***', 'tasks', 'run', 'dag_with_taskflow_api_v02', 'get_name', 'scheduled__2022-07-18T00:00:00+00:00', '--job-id', '795', '--raw', '--subdir', 'DAGS_FOLDER/first_dag.py', '--cfg-path', '/tmp/tmp5igimnau']
[2023-05-24T15:23:32.496+0000] {standard_task_runner.py:85} INFO - Job 795: Subtask get_name
[2023-05-24T15:23:32.987+0000] {task_command.py:410} INFO - Running <TaskInstance: dag_with_taskflow_api_v02.get_name scheduled__2022-07-18T00:00:00+00:00 [running]> on host 942de29f183d
[2023-05-24T15:23:34.149+0000] {taskinstance.py:1547} INFO - Exporting env vars: AIRFLOW_CTX_DAG_OWNER='Sai' AIRFLOW_CTX_DAG_ID='dag_with_taskflow_api_v02' AIRFLOW_CTX_TASK_ID='get_name' AIRFLOW_CTX_EXECUTION_DATE='2022-07-18T00:00:00+00:00' AIRFLOW_CTX_TRY_NUMBER='1' AIRFLOW_CTX_DAG_RUN_ID='scheduled__2022-07-18T00:00:00+00:00'
[2023-05-24T15:23:34.151+0000] {python.py:183} INFO - Done. Returned value was: {'first_name': 'Sai', 'last_name': 'Tr'}
[2023-05-24T15:23:34.432+0000] {taskinstance.py:1350} INFO - Marking task as SUCCESS. dag_id=dag_with_taskflow_api_v02, task_id=get_name, execution_date=20220718T000000, start_date=20230524T152332, end_date=20230524T152334
[2023-05-24T15:23:34.489+0000] {local_task_job_runner.py:225} INFO - Task exited with return code 0
[2023-05-24T15:23:34.668+0000] {taskinstance.py:2651} INFO - 1 downstream tasks scheduled from follow-on schedule check
[2023-05-25T06:56:15.269+0000] {taskinstance.py:1103} INFO - Dependencies all met for dep_context=non-requeueable deps ti=<TaskInstance: dag_with_taskflow_api_v02.get_name scheduled__2022-07-18T00:00:00+00:00 [queued]>
[2023-05-25T06:56:15.309+0000] {taskinstance.py:1103} INFO - Dependencies all met for dep_context=requeueable deps ti=<TaskInstance: dag_with_taskflow_api_v02.get_name scheduled__2022-07-18T00:00:00+00:00 [queued]>
[2023-05-25T06:56:15.310+0000] {taskinstance.py:1308} INFO - Starting attempt 1 of 6
[2023-05-25T06:56:15.393+0000] {taskinstance.py:1327} INFO - Executing <Task(_PythonDecoratedOperator): get_name> on 2022-07-18 00:00:00+00:00
[2023-05-25T06:56:15.410+0000] {standard_task_runner.py:57} INFO - Started process 3519 to run task
[2023-05-25T06:56:15.479+0000] {standard_task_runner.py:84} INFO - Running: ['***', 'tasks', 'run', 'dag_with_taskflow_api_v02', 'get_name', 'scheduled__2022-07-18T00:00:00+00:00', '--job-id', '803', '--raw', '--subdir', 'DAGS_FOLDER/first_dag.py', '--cfg-path', '/tmp/tmpeytqv11u']
[2023-05-25T06:56:15.491+0000] {standard_task_runner.py:85} INFO - Job 803: Subtask get_name
[2023-05-25T06:56:15.778+0000] {task_command.py:410} INFO - Running <TaskInstance: dag_with_taskflow_api_v02.get_name scheduled__2022-07-18T00:00:00+00:00 [running]> on host 6bd07c7477d9
[2023-05-25T06:56:16.665+0000] {taskinstance.py:1547} INFO - Exporting env vars: AIRFLOW_CTX_DAG_OWNER='Sai' AIRFLOW_CTX_DAG_ID='dag_with_taskflow_api_v02' AIRFLOW_CTX_TASK_ID='get_name' AIRFLOW_CTX_EXECUTION_DATE='2022-07-18T00:00:00+00:00' AIRFLOW_CTX_TRY_NUMBER='1' AIRFLOW_CTX_DAG_RUN_ID='scheduled__2022-07-18T00:00:00+00:00'
[2023-05-25T06:56:16.667+0000] {python.py:183} INFO - Done. Returned value was: {'first_name': 'Sai', 'last_name': 'Tr'}
[2023-05-25T06:56:17.006+0000] {taskinstance.py:1350} INFO - Marking task as SUCCESS. dag_id=dag_with_taskflow_api_v02, task_id=get_name, execution_date=20220718T000000, start_date=20230525T065615, end_date=20230525T065617
[2023-05-25T06:56:17.166+0000] {local_task_job_runner.py:225} INFO - Task exited with return code 0
[2023-05-25T06:56:17.277+0000] {taskinstance.py:2651} INFO - 1 downstream tasks scheduled from follow-on schedule check
[2023-05-25T10:28:01.243+0000] {taskinstance.py:1103} INFO - Dependencies all met for dep_context=non-requeueable deps ti=<TaskInstance: dag_with_taskflow_api_v02.get_name scheduled__2022-07-18T00:00:00+00:00 [queued]>
[2023-05-25T10:28:01.306+0000] {taskinstance.py:1103} INFO - Dependencies all met for dep_context=requeueable deps ti=<TaskInstance: dag_with_taskflow_api_v02.get_name scheduled__2022-07-18T00:00:00+00:00 [queued]>
[2023-05-25T10:28:01.312+0000] {taskinstance.py:1308} INFO - Starting attempt 1 of 6
[2023-05-25T10:28:01.548+0000] {taskinstance.py:1327} INFO - Executing <Task(_PythonDecoratedOperator): get_name> on 2022-07-18 00:00:00+00:00
[2023-05-25T10:28:01.571+0000] {standard_task_runner.py:57} INFO - Started process 3102 to run task
[2023-05-25T10:28:01.642+0000] {standard_task_runner.py:84} INFO - Running: ['***', 'tasks', 'run', 'dag_with_taskflow_api_v02', 'get_name', 'scheduled__2022-07-18T00:00:00+00:00', '--job-id', '813', '--raw', '--subdir', 'DAGS_FOLDER/first_dag.py', '--cfg-path', '/tmp/tmp48y_e9_u']
[2023-05-25T10:28:01.665+0000] {standard_task_runner.py:85} INFO - Job 813: Subtask get_name
[2023-05-25T10:28:02.113+0000] {task_command.py:410} INFO - Running <TaskInstance: dag_with_taskflow_api_v02.get_name scheduled__2022-07-18T00:00:00+00:00 [running]> on host b1ae37a9584e
[2023-05-25T10:28:03.641+0000] {taskinstance.py:1547} INFO - Exporting env vars: AIRFLOW_CTX_DAG_OWNER='Sai' AIRFLOW_CTX_DAG_ID='dag_with_taskflow_api_v02' AIRFLOW_CTX_TASK_ID='get_name' AIRFLOW_CTX_EXECUTION_DATE='2022-07-18T00:00:00+00:00' AIRFLOW_CTX_TRY_NUMBER='1' AIRFLOW_CTX_DAG_RUN_ID='scheduled__2022-07-18T00:00:00+00:00'
[2023-05-25T10:28:03.649+0000] {python.py:183} INFO - Done. Returned value was: {'first_name': 'Sai', 'last_name': 'Tr'}
[2023-05-25T10:28:03.875+0000] {taskinstance.py:1350} INFO - Marking task as SUCCESS. dag_id=dag_with_taskflow_api_v02, task_id=get_name, execution_date=20220718T000000, start_date=20230525T102801, end_date=20230525T102803
[2023-05-25T10:28:04.042+0000] {local_task_job_runner.py:225} INFO - Task exited with return code 0
[2023-05-25T10:28:04.289+0000] {taskinstance.py:2651} INFO - 0 downstream tasks scheduled from follow-on schedule check
