[2023-05-24T15:19:46.494+0000] {taskinstance.py:1103} INFO - Dependencies all met for dep_context=non-requeueable deps ti=<TaskInstance: dag_with_taskflow_api_v02.get_age scheduled__2022-03-23T00:00:00+00:00 [queued]>
[2023-05-24T15:19:46.554+0000] {taskinstance.py:1103} INFO - Dependencies all met for dep_context=requeueable deps ti=<TaskInstance: dag_with_taskflow_api_v02.get_age scheduled__2022-03-23T00:00:00+00:00 [queued]>
[2023-05-24T15:19:46.554+0000] {taskinstance.py:1308} INFO - Starting attempt 1 of 6
[2023-05-24T15:19:46.713+0000] {taskinstance.py:1327} INFO - Executing <Task(_PythonDecoratedOperator): get_age> on 2022-03-23 00:00:00+00:00
[2023-05-24T15:19:46.728+0000] {standard_task_runner.py:57} INFO - Started process 1192 to run task
[2023-05-24T15:19:46.795+0000] {standard_task_runner.py:84} INFO - Running: ['***', 'tasks', 'run', 'dag_with_taskflow_api_v02', 'get_age', 'scheduled__2022-03-23T00:00:00+00:00', '--job-id', '446', '--raw', '--subdir', 'DAGS_FOLDER/first_dag.py', '--cfg-path', '/tmp/tmpun27u4lx']
[2023-05-24T15:19:46.820+0000] {standard_task_runner.py:85} INFO - Job 446: Subtask get_age
[2023-05-24T15:19:47.107+0000] {task_command.py:410} INFO - Running <TaskInstance: dag_with_taskflow_api_v02.get_age scheduled__2022-03-23T00:00:00+00:00 [running]> on host 942de29f183d
[2023-05-24T15:19:47.904+0000] {taskinstance.py:1547} INFO - Exporting env vars: AIRFLOW_CTX_DAG_OWNER='Sai' AIRFLOW_CTX_DAG_ID='dag_with_taskflow_api_v02' AIRFLOW_CTX_TASK_ID='get_age' AIRFLOW_CTX_EXECUTION_DATE='2022-03-23T00:00:00+00:00' AIRFLOW_CTX_TRY_NUMBER='1' AIRFLOW_CTX_DAG_RUN_ID='scheduled__2022-03-23T00:00:00+00:00'
[2023-05-24T15:19:47.906+0000] {python.py:183} INFO - Done. Returned value was: 19
[2023-05-24T15:19:48.045+0000] {taskinstance.py:1350} INFO - Marking task as SUCCESS. dag_id=dag_with_taskflow_api_v02, task_id=get_age, execution_date=20220323T000000, start_date=20230524T151946, end_date=20230524T151948
[2023-05-24T15:19:48.264+0000] {local_task_job_runner.py:225} INFO - Task exited with return code 0
[2023-05-24T15:19:48.486+0000] {taskinstance.py:2651} INFO - 1 downstream tasks scheduled from follow-on schedule check
[2023-05-25T06:53:02.765+0000] {taskinstance.py:1103} INFO - Dependencies all met for dep_context=non-requeueable deps ti=<TaskInstance: dag_with_taskflow_api_v02.get_age scheduled__2022-03-23T00:00:00+00:00 [queued]>
[2023-05-25T06:53:02.815+0000] {taskinstance.py:1103} INFO - Dependencies all met for dep_context=requeueable deps ti=<TaskInstance: dag_with_taskflow_api_v02.get_age scheduled__2022-03-23T00:00:00+00:00 [queued]>
[2023-05-25T06:53:02.816+0000] {taskinstance.py:1308} INFO - Starting attempt 1 of 6
[2023-05-25T06:53:02.934+0000] {taskinstance.py:1327} INFO - Executing <Task(_PythonDecoratedOperator): get_age> on 2022-03-23 00:00:00+00:00
[2023-05-25T06:53:02.960+0000] {standard_task_runner.py:57} INFO - Started process 2725 to run task
[2023-05-25T06:53:02.984+0000] {standard_task_runner.py:84} INFO - Running: ['***', 'tasks', 'run', 'dag_with_taskflow_api_v02', 'get_age', 'scheduled__2022-03-23T00:00:00+00:00', '--job-id', '449', '--raw', '--subdir', 'DAGS_FOLDER/first_dag.py', '--cfg-path', '/tmp/tmpv20r8p65']
[2023-05-25T06:53:02.999+0000] {standard_task_runner.py:85} INFO - Job 449: Subtask get_age
[2023-05-25T06:53:03.376+0000] {task_command.py:410} INFO - Running <TaskInstance: dag_with_taskflow_api_v02.get_age scheduled__2022-03-23T00:00:00+00:00 [running]> on host 6bd07c7477d9
[2023-05-25T06:53:04.046+0000] {taskinstance.py:1547} INFO - Exporting env vars: AIRFLOW_CTX_DAG_OWNER='Sai' AIRFLOW_CTX_DAG_ID='dag_with_taskflow_api_v02' AIRFLOW_CTX_TASK_ID='get_age' AIRFLOW_CTX_EXECUTION_DATE='2022-03-23T00:00:00+00:00' AIRFLOW_CTX_TRY_NUMBER='1' AIRFLOW_CTX_DAG_RUN_ID='scheduled__2022-03-23T00:00:00+00:00'
[2023-05-25T06:53:04.047+0000] {python.py:183} INFO - Done. Returned value was: 19
[2023-05-25T06:53:04.229+0000] {taskinstance.py:1350} INFO - Marking task as SUCCESS. dag_id=dag_with_taskflow_api_v02, task_id=get_age, execution_date=20220323T000000, start_date=20230525T065302, end_date=20230525T065304
[2023-05-25T06:53:04.420+0000] {local_task_job_runner.py:225} INFO - Task exited with return code 0
[2023-05-25T06:53:04.601+0000] {taskinstance.py:2651} INFO - 1 downstream tasks scheduled from follow-on schedule check
[2023-05-25T10:24:13.462+0000] {taskinstance.py:1103} INFO - Dependencies all met for dep_context=non-requeueable deps ti=<TaskInstance: dag_with_taskflow_api_v02.get_age scheduled__2022-03-23T00:00:00+00:00 [queued]>
[2023-05-25T10:24:13.489+0000] {taskinstance.py:1103} INFO - Dependencies all met for dep_context=requeueable deps ti=<TaskInstance: dag_with_taskflow_api_v02.get_age scheduled__2022-03-23T00:00:00+00:00 [queued]>
[2023-05-25T10:24:13.490+0000] {taskinstance.py:1308} INFO - Starting attempt 1 of 6
[2023-05-25T10:24:14.112+0000] {taskinstance.py:1327} INFO - Executing <Task(_PythonDecoratedOperator): get_age> on 2022-03-23 00:00:00+00:00
[2023-05-25T10:24:14.133+0000] {standard_task_runner.py:57} INFO - Started process 2282 to run task
[2023-05-25T10:24:14.181+0000] {standard_task_runner.py:84} INFO - Running: ['***', 'tasks', 'run', 'dag_with_taskflow_api_v02', 'get_age', 'scheduled__2022-03-23T00:00:00+00:00', '--job-id', '446', '--raw', '--subdir', 'DAGS_FOLDER/first_dag.py', '--cfg-path', '/tmp/tmpbrpuko9m']
[2023-05-25T10:24:14.185+0000] {standard_task_runner.py:85} INFO - Job 446: Subtask get_age
[2023-05-25T10:24:14.454+0000] {task_command.py:410} INFO - Running <TaskInstance: dag_with_taskflow_api_v02.get_age scheduled__2022-03-23T00:00:00+00:00 [running]> on host b1ae37a9584e
[2023-05-25T10:24:15.133+0000] {taskinstance.py:1547} INFO - Exporting env vars: AIRFLOW_CTX_DAG_OWNER='Sai' AIRFLOW_CTX_DAG_ID='dag_with_taskflow_api_v02' AIRFLOW_CTX_TASK_ID='get_age' AIRFLOW_CTX_EXECUTION_DATE='2022-03-23T00:00:00+00:00' AIRFLOW_CTX_TRY_NUMBER='1' AIRFLOW_CTX_DAG_RUN_ID='scheduled__2022-03-23T00:00:00+00:00'
[2023-05-25T10:24:15.134+0000] {python.py:183} INFO - Done. Returned value was: 19
[2023-05-25T10:24:15.202+0000] {taskinstance.py:1350} INFO - Marking task as SUCCESS. dag_id=dag_with_taskflow_api_v02, task_id=get_age, execution_date=20220323T000000, start_date=20230525T102413, end_date=20230525T102415
[2023-05-25T10:24:15.260+0000] {local_task_job_runner.py:225} INFO - Task exited with return code 0
[2023-05-25T10:24:15.801+0000] {taskinstance.py:2651} INFO - 0 downstream tasks scheduled from follow-on schedule check
