[2023-05-24T15:24:15.212+0000] {taskinstance.py:1103} INFO - Dependencies all met for dep_context=non-requeueable deps ti=<TaskInstance: dag_with_taskflow_api_v02.get_age scheduled__2022-08-11T00:00:00+00:00 [queued]>
[2023-05-24T15:24:15.358+0000] {taskinstance.py:1103} INFO - Dependencies all met for dep_context=requeueable deps ti=<TaskInstance: dag_with_taskflow_api_v02.get_age scheduled__2022-08-11T00:00:00+00:00 [queued]>
[2023-05-24T15:24:15.359+0000] {taskinstance.py:1308} INFO - Starting attempt 1 of 6
[2023-05-24T15:24:15.890+0000] {taskinstance.py:1327} INFO - Executing <Task(_PythonDecoratedOperator): get_age> on 2022-08-11 00:00:00+00:00
[2023-05-24T15:24:15.896+0000] {standard_task_runner.py:57} INFO - Started process 2140 to run task
[2023-05-24T15:24:15.926+0000] {standard_task_runner.py:84} INFO - Running: ['***', 'tasks', 'run', 'dag_with_taskflow_api_v02', 'get_age', 'scheduled__2022-08-11T00:00:00+00:00', '--job-id', '866', '--raw', '--subdir', 'DAGS_FOLDER/first_dag.py', '--cfg-path', '/tmp/tmp9rpvllll']
[2023-05-24T15:24:15.941+0000] {standard_task_runner.py:85} INFO - Job 866: Subtask get_age
[2023-05-24T15:24:16.370+0000] {task_command.py:410} INFO - Running <TaskInstance: dag_with_taskflow_api_v02.get_age scheduled__2022-08-11T00:00:00+00:00 [running]> on host 942de29f183d
[2023-05-24T15:24:17.763+0000] {taskinstance.py:1547} INFO - Exporting env vars: AIRFLOW_CTX_DAG_OWNER='Sai' AIRFLOW_CTX_DAG_ID='dag_with_taskflow_api_v02' AIRFLOW_CTX_TASK_ID='get_age' AIRFLOW_CTX_EXECUTION_DATE='2022-08-11T00:00:00+00:00' AIRFLOW_CTX_TRY_NUMBER='1' AIRFLOW_CTX_DAG_RUN_ID='scheduled__2022-08-11T00:00:00+00:00'
[2023-05-24T15:24:17.767+0000] {python.py:183} INFO - Done. Returned value was: 19
[2023-05-24T15:24:17.901+0000] {taskinstance.py:1350} INFO - Marking task as SUCCESS. dag_id=dag_with_taskflow_api_v02, task_id=get_age, execution_date=20220811T000000, start_date=20230524T152415, end_date=20230524T152417
[2023-05-24T15:24:18.075+0000] {local_task_job_runner.py:225} INFO - Task exited with return code 0
[2023-05-24T15:24:18.932+0000] {taskinstance.py:2651} INFO - 0 downstream tasks scheduled from follow-on schedule check
[2023-05-25T06:56:50.839+0000] {taskinstance.py:1103} INFO - Dependencies all met for dep_context=non-requeueable deps ti=<TaskInstance: dag_with_taskflow_api_v02.get_age scheduled__2022-08-11T00:00:00+00:00 [queued]>
[2023-05-25T06:56:50.900+0000] {taskinstance.py:1103} INFO - Dependencies all met for dep_context=requeueable deps ti=<TaskInstance: dag_with_taskflow_api_v02.get_age scheduled__2022-08-11T00:00:00+00:00 [queued]>
[2023-05-25T06:56:50.900+0000] {taskinstance.py:1308} INFO - Starting attempt 1 of 6
[2023-05-25T06:56:51.025+0000] {taskinstance.py:1327} INFO - Executing <Task(_PythonDecoratedOperator): get_age> on 2022-08-11 00:00:00+00:00
[2023-05-25T06:56:51.052+0000] {standard_task_runner.py:57} INFO - Started process 3659 to run task
[2023-05-25T06:56:51.129+0000] {standard_task_runner.py:84} INFO - Running: ['***', 'tasks', 'run', 'dag_with_taskflow_api_v02', 'get_age', 'scheduled__2022-08-11T00:00:00+00:00', '--job-id', '865', '--raw', '--subdir', 'DAGS_FOLDER/first_dag.py', '--cfg-path', '/tmp/tmp1y5jeihn']
[2023-05-25T06:56:51.161+0000] {standard_task_runner.py:85} INFO - Job 865: Subtask get_age
[2023-05-25T06:56:51.536+0000] {task_command.py:410} INFO - Running <TaskInstance: dag_with_taskflow_api_v02.get_age scheduled__2022-08-11T00:00:00+00:00 [running]> on host 6bd07c7477d9
[2023-05-25T06:56:52.098+0000] {taskinstance.py:1547} INFO - Exporting env vars: AIRFLOW_CTX_DAG_OWNER='Sai' AIRFLOW_CTX_DAG_ID='dag_with_taskflow_api_v02' AIRFLOW_CTX_TASK_ID='get_age' AIRFLOW_CTX_EXECUTION_DATE='2022-08-11T00:00:00+00:00' AIRFLOW_CTX_TRY_NUMBER='1' AIRFLOW_CTX_DAG_RUN_ID='scheduled__2022-08-11T00:00:00+00:00'
[2023-05-25T06:56:52.099+0000] {python.py:183} INFO - Done. Returned value was: 19
[2023-05-25T06:56:52.214+0000] {taskinstance.py:1350} INFO - Marking task as SUCCESS. dag_id=dag_with_taskflow_api_v02, task_id=get_age, execution_date=20220811T000000, start_date=20230525T065650, end_date=20230525T065652
[2023-05-25T06:56:52.345+0000] {local_task_job_runner.py:225} INFO - Task exited with return code 0
[2023-05-25T06:56:52.604+0000] {taskinstance.py:2651} INFO - 0 downstream tasks scheduled from follow-on schedule check
[2023-05-25T10:29:38.463+0000] {taskinstance.py:1103} INFO - Dependencies all met for dep_context=non-requeueable deps ti=<TaskInstance: dag_with_taskflow_api_v02.get_age scheduled__2022-08-11T00:00:00+00:00 [queued]>
[2023-05-25T10:29:38.825+0000] {taskinstance.py:1103} INFO - Dependencies all met for dep_context=requeueable deps ti=<TaskInstance: dag_with_taskflow_api_v02.get_age scheduled__2022-08-11T00:00:00+00:00 [queued]>
[2023-05-25T10:29:38.825+0000] {taskinstance.py:1308} INFO - Starting attempt 1 of 6
[2023-05-25T10:29:39.014+0000] {taskinstance.py:1327} INFO - Executing <Task(_PythonDecoratedOperator): get_age> on 2022-08-11 00:00:00+00:00
[2023-05-25T10:29:39.158+0000] {standard_task_runner.py:57} INFO - Started process 3265 to run task
[2023-05-25T10:29:39.241+0000] {standard_task_runner.py:84} INFO - Running: ['***', 'tasks', 'run', 'dag_with_taskflow_api_v02', 'get_age', 'scheduled__2022-08-11T00:00:00+00:00', '--job-id', '876', '--raw', '--subdir', 'DAGS_FOLDER/first_dag.py', '--cfg-path', '/tmp/tmp6jqpoxib']
[2023-05-25T10:29:39.324+0000] {standard_task_runner.py:85} INFO - Job 876: Subtask get_age
[2023-05-25T10:29:40.284+0000] {task_command.py:410} INFO - Running <TaskInstance: dag_with_taskflow_api_v02.get_age scheduled__2022-08-11T00:00:00+00:00 [running]> on host b1ae37a9584e
[2023-05-25T10:29:43.741+0000] {taskinstance.py:1547} INFO - Exporting env vars: AIRFLOW_CTX_DAG_OWNER='Sai' AIRFLOW_CTX_DAG_ID='dag_with_taskflow_api_v02' AIRFLOW_CTX_TASK_ID='get_age' AIRFLOW_CTX_EXECUTION_DATE='2022-08-11T00:00:00+00:00' AIRFLOW_CTX_TRY_NUMBER='1' AIRFLOW_CTX_DAG_RUN_ID='scheduled__2022-08-11T00:00:00+00:00'
[2023-05-25T10:29:43.742+0000] {python.py:183} INFO - Done. Returned value was: 19
[2023-05-25T10:29:44.165+0000] {taskinstance.py:1350} INFO - Marking task as SUCCESS. dag_id=dag_with_taskflow_api_v02, task_id=get_age, execution_date=20220811T000000, start_date=20230525T102938, end_date=20230525T102944
[2023-05-25T10:29:44.545+0000] {local_task_job_runner.py:225} INFO - Task exited with return code 0
[2023-05-25T10:29:47.340+0000] {taskinstance.py:2651} INFO - 0 downstream tasks scheduled from follow-on schedule check
