[2023-05-24T15:18:09.780+0000] {taskinstance.py:1103} INFO - Dependencies all met for dep_context=non-requeueable deps ti=<TaskInstance: dag_with_taskflow_api_v02.get_name scheduled__2022-01-31T00:00:00+00:00 [queued]>
[2023-05-24T15:18:09.923+0000] {taskinstance.py:1103} INFO - Dependencies all met for dep_context=requeueable deps ti=<TaskInstance: dag_with_taskflow_api_v02.get_name scheduled__2022-01-31T00:00:00+00:00 [queued]>
[2023-05-24T15:18:09.927+0000] {taskinstance.py:1308} INFO - Starting attempt 1 of 6
[2023-05-24T15:18:10.716+0000] {taskinstance.py:1327} INFO - Executing <Task(_PythonDecoratedOperator): get_name> on 2022-01-31 00:00:00+00:00
[2023-05-24T15:18:10.804+0000] {standard_task_runner.py:57} INFO - Started process 843 to run task
[2023-05-24T15:18:10.889+0000] {standard_task_runner.py:84} INFO - Running: ['***', 'tasks', 'run', 'dag_with_taskflow_api_v02', 'get_name', 'scheduled__2022-01-31T00:00:00+00:00', '--job-id', '292', '--raw', '--subdir', 'DAGS_FOLDER/first_dag.py', '--cfg-path', '/tmp/tmpwronpxnq']
[2023-05-24T15:18:10.966+0000] {standard_task_runner.py:85} INFO - Job 292: Subtask get_name
[2023-05-24T15:18:11.854+0000] {task_command.py:410} INFO - Running <TaskInstance: dag_with_taskflow_api_v02.get_name scheduled__2022-01-31T00:00:00+00:00 [running]> on host 942de29f183d
[2023-05-24T15:18:12.782+0000] {taskinstance.py:1547} INFO - Exporting env vars: AIRFLOW_CTX_DAG_OWNER='Sai' AIRFLOW_CTX_DAG_ID='dag_with_taskflow_api_v02' AIRFLOW_CTX_TASK_ID='get_name' AIRFLOW_CTX_EXECUTION_DATE='2022-01-31T00:00:00+00:00' AIRFLOW_CTX_TRY_NUMBER='1' AIRFLOW_CTX_DAG_RUN_ID='scheduled__2022-01-31T00:00:00+00:00'
[2023-05-24T15:18:12.784+0000] {python.py:183} INFO - Done. Returned value was: {'first_name': 'Sai', 'last_name': 'Tr'}
[2023-05-24T15:18:13.255+0000] {taskinstance.py:1350} INFO - Marking task as SUCCESS. dag_id=dag_with_taskflow_api_v02, task_id=get_name, execution_date=20220131T000000, start_date=20230524T151809, end_date=20230524T151813
[2023-05-24T15:18:13.939+0000] {local_task_job_runner.py:225} INFO - Task exited with return code 0
[2023-05-24T15:18:14.225+0000] {taskinstance.py:2651} INFO - 1 downstream tasks scheduled from follow-on schedule check
[2023-05-25T06:51:36.948+0000] {taskinstance.py:1103} INFO - Dependencies all met for dep_context=non-requeueable deps ti=<TaskInstance: dag_with_taskflow_api_v02.get_name scheduled__2022-01-31T00:00:00+00:00 [queued]>
[2023-05-25T06:51:37.014+0000] {taskinstance.py:1103} INFO - Dependencies all met for dep_context=requeueable deps ti=<TaskInstance: dag_with_taskflow_api_v02.get_name scheduled__2022-01-31T00:00:00+00:00 [queued]>
[2023-05-25T06:51:37.014+0000] {taskinstance.py:1308} INFO - Starting attempt 1 of 6
[2023-05-25T06:51:37.835+0000] {taskinstance.py:1327} INFO - Executing <Task(_PythonDecoratedOperator): get_name> on 2022-01-31 00:00:00+00:00
[2023-05-25T06:51:37.851+0000] {standard_task_runner.py:57} INFO - Started process 2387 to run task
[2023-05-25T06:51:37.899+0000] {standard_task_runner.py:84} INFO - Running: ['***', 'tasks', 'run', 'dag_with_taskflow_api_v02', 'get_name', 'scheduled__2022-01-31T00:00:00+00:00', '--job-id', '291', '--raw', '--subdir', 'DAGS_FOLDER/first_dag.py', '--cfg-path', '/tmp/tmpf8lf1223']
[2023-05-25T06:51:37.909+0000] {standard_task_runner.py:85} INFO - Job 291: Subtask get_name
[2023-05-25T06:51:38.492+0000] {task_command.py:410} INFO - Running <TaskInstance: dag_with_taskflow_api_v02.get_name scheduled__2022-01-31T00:00:00+00:00 [running]> on host 6bd07c7477d9
[2023-05-25T06:51:39.876+0000] {taskinstance.py:1547} INFO - Exporting env vars: AIRFLOW_CTX_DAG_OWNER='Sai' AIRFLOW_CTX_DAG_ID='dag_with_taskflow_api_v02' AIRFLOW_CTX_TASK_ID='get_name' AIRFLOW_CTX_EXECUTION_DATE='2022-01-31T00:00:00+00:00' AIRFLOW_CTX_TRY_NUMBER='1' AIRFLOW_CTX_DAG_RUN_ID='scheduled__2022-01-31T00:00:00+00:00'
[2023-05-25T06:51:39.878+0000] {python.py:183} INFO - Done. Returned value was: {'first_name': 'Sai', 'last_name': 'Tr'}
[2023-05-25T06:51:40.204+0000] {taskinstance.py:1350} INFO - Marking task as SUCCESS. dag_id=dag_with_taskflow_api_v02, task_id=get_name, execution_date=20220131T000000, start_date=20230525T065136, end_date=20230525T065140
[2023-05-25T06:51:40.403+0000] {local_task_job_runner.py:225} INFO - Task exited with return code 0
[2023-05-25T06:51:41.321+0000] {taskinstance.py:2651} INFO - 0 downstream tasks scheduled from follow-on schedule check
[2023-05-25T10:22:15.792+0000] {taskinstance.py:1103} INFO - Dependencies all met for dep_context=non-requeueable deps ti=<TaskInstance: dag_with_taskflow_api_v02.get_name scheduled__2022-01-31T00:00:00+00:00 [queued]>
[2023-05-25T10:22:15.882+0000] {taskinstance.py:1103} INFO - Dependencies all met for dep_context=requeueable deps ti=<TaskInstance: dag_with_taskflow_api_v02.get_name scheduled__2022-01-31T00:00:00+00:00 [queued]>
[2023-05-25T10:22:15.882+0000] {taskinstance.py:1308} INFO - Starting attempt 1 of 6
[2023-05-25T10:22:16.243+0000] {taskinstance.py:1327} INFO - Executing <Task(_PythonDecoratedOperator): get_name> on 2022-01-31 00:00:00+00:00
[2023-05-25T10:22:16.251+0000] {standard_task_runner.py:57} INFO - Started process 1907 to run task
[2023-05-25T10:22:16.288+0000] {standard_task_runner.py:84} INFO - Running: ['***', 'tasks', 'run', 'dag_with_taskflow_api_v02', 'get_name', 'scheduled__2022-01-31T00:00:00+00:00', '--job-id', '282', '--raw', '--subdir', 'DAGS_FOLDER/first_dag.py', '--cfg-path', '/tmp/tmpip_go9w9']
[2023-05-25T10:22:16.319+0000] {standard_task_runner.py:85} INFO - Job 282: Subtask get_name
[2023-05-25T10:22:16.617+0000] {task_command.py:410} INFO - Running <TaskInstance: dag_with_taskflow_api_v02.get_name scheduled__2022-01-31T00:00:00+00:00 [running]> on host b1ae37a9584e
[2023-05-25T10:22:17.118+0000] {taskinstance.py:1547} INFO - Exporting env vars: AIRFLOW_CTX_DAG_OWNER='Sai' AIRFLOW_CTX_DAG_ID='dag_with_taskflow_api_v02' AIRFLOW_CTX_TASK_ID='get_name' AIRFLOW_CTX_EXECUTION_DATE='2022-01-31T00:00:00+00:00' AIRFLOW_CTX_TRY_NUMBER='1' AIRFLOW_CTX_DAG_RUN_ID='scheduled__2022-01-31T00:00:00+00:00'
[2023-05-25T10:22:17.119+0000] {python.py:183} INFO - Done. Returned value was: {'first_name': 'Sai', 'last_name': 'Tr'}
[2023-05-25T10:22:17.423+0000] {taskinstance.py:1350} INFO - Marking task as SUCCESS. dag_id=dag_with_taskflow_api_v02, task_id=get_name, execution_date=20220131T000000, start_date=20230525T102215, end_date=20230525T102217
[2023-05-25T10:22:17.549+0000] {local_task_job_runner.py:225} INFO - Task exited with return code 0
[2023-05-25T10:22:18.134+0000] {taskinstance.py:2651} INFO - 0 downstream tasks scheduled from follow-on schedule check
