[2023-05-24T15:26:46.161+0000] {taskinstance.py:1103} INFO - Dependencies all met for dep_context=non-requeueable deps ti=<TaskInstance: dag_with_taskflow_api_v02.get_name scheduled__2022-11-11T00:00:00+00:00 [queued]>
[2023-05-24T15:26:46.260+0000] {taskinstance.py:1103} INFO - Dependencies all met for dep_context=requeueable deps ti=<TaskInstance: dag_with_taskflow_api_v02.get_name scheduled__2022-11-11T00:00:00+00:00 [queued]>
[2023-05-24T15:26:46.261+0000] {taskinstance.py:1308} INFO - Starting attempt 1 of 6
[2023-05-24T15:26:46.442+0000] {taskinstance.py:1327} INFO - Executing <Task(_PythonDecoratedOperator): get_name> on 2022-11-11 00:00:00+00:00
[2023-05-24T15:26:46.473+0000] {standard_task_runner.py:57} INFO - Started process 2745 to run task
[2023-05-24T15:26:46.512+0000] {standard_task_runner.py:84} INFO - Running: ['***', 'tasks', 'run', 'dag_with_taskflow_api_v02', 'get_name', 'scheduled__2022-11-11T00:00:00+00:00', '--job-id', '1142', '--raw', '--subdir', 'DAGS_FOLDER/first_dag.py', '--cfg-path', '/tmp/tmpe4e64jtn']
[2023-05-24T15:26:46.525+0000] {standard_task_runner.py:85} INFO - Job 1142: Subtask get_name
[2023-05-24T15:26:46.871+0000] {task_command.py:410} INFO - Running <TaskInstance: dag_with_taskflow_api_v02.get_name scheduled__2022-11-11T00:00:00+00:00 [running]> on host 942de29f183d
[2023-05-24T15:26:47.625+0000] {taskinstance.py:1547} INFO - Exporting env vars: AIRFLOW_CTX_DAG_OWNER='Sai' AIRFLOW_CTX_DAG_ID='dag_with_taskflow_api_v02' AIRFLOW_CTX_TASK_ID='get_name' AIRFLOW_CTX_EXECUTION_DATE='2022-11-11T00:00:00+00:00' AIRFLOW_CTX_TRY_NUMBER='1' AIRFLOW_CTX_DAG_RUN_ID='scheduled__2022-11-11T00:00:00+00:00'
[2023-05-24T15:26:47.627+0000] {python.py:183} INFO - Done. Returned value was: {'first_name': 'Sai', 'last_name': 'Tr'}
[2023-05-24T15:26:47.868+0000] {taskinstance.py:1350} INFO - Marking task as SUCCESS. dag_id=dag_with_taskflow_api_v02, task_id=get_name, execution_date=20221111T000000, start_date=20230524T152646, end_date=20230524T152647
[2023-05-24T15:26:48.053+0000] {local_task_job_runner.py:225} INFO - Task exited with return code 0
[2023-05-24T15:26:48.143+0000] {taskinstance.py:2651} INFO - 1 downstream tasks scheduled from follow-on schedule check
[2023-05-25T06:59:23.620+0000] {taskinstance.py:1103} INFO - Dependencies all met for dep_context=non-requeueable deps ti=<TaskInstance: dag_with_taskflow_api_v02.get_name scheduled__2022-11-11T00:00:00+00:00 [queued]>
[2023-05-25T06:59:23.658+0000] {taskinstance.py:1103} INFO - Dependencies all met for dep_context=requeueable deps ti=<TaskInstance: dag_with_taskflow_api_v02.get_name scheduled__2022-11-11T00:00:00+00:00 [queued]>
[2023-05-25T06:59:23.659+0000] {taskinstance.py:1308} INFO - Starting attempt 1 of 6
[2023-05-25T06:59:23.760+0000] {taskinstance.py:1327} INFO - Executing <Task(_PythonDecoratedOperator): get_name> on 2022-11-11 00:00:00+00:00
[2023-05-25T06:59:23.773+0000] {standard_task_runner.py:57} INFO - Started process 4274 to run task
[2023-05-25T06:59:23.806+0000] {standard_task_runner.py:84} INFO - Running: ['***', 'tasks', 'run', 'dag_with_taskflow_api_v02', 'get_name', 'scheduled__2022-11-11T00:00:00+00:00', '--job-id', '1145', '--raw', '--subdir', 'DAGS_FOLDER/first_dag.py', '--cfg-path', '/tmp/tmp6ikghhky']
[2023-05-25T06:59:23.814+0000] {standard_task_runner.py:85} INFO - Job 1145: Subtask get_name
[2023-05-25T06:59:24.087+0000] {task_command.py:410} INFO - Running <TaskInstance: dag_with_taskflow_api_v02.get_name scheduled__2022-11-11T00:00:00+00:00 [running]> on host 6bd07c7477d9
[2023-05-25T06:59:24.907+0000] {taskinstance.py:1547} INFO - Exporting env vars: AIRFLOW_CTX_DAG_OWNER='Sai' AIRFLOW_CTX_DAG_ID='dag_with_taskflow_api_v02' AIRFLOW_CTX_TASK_ID='get_name' AIRFLOW_CTX_EXECUTION_DATE='2022-11-11T00:00:00+00:00' AIRFLOW_CTX_TRY_NUMBER='1' AIRFLOW_CTX_DAG_RUN_ID='scheduled__2022-11-11T00:00:00+00:00'
[2023-05-25T06:59:24.909+0000] {python.py:183} INFO - Done. Returned value was: {'first_name': 'Sai', 'last_name': 'Tr'}
[2023-05-25T06:59:25.175+0000] {taskinstance.py:1350} INFO - Marking task as SUCCESS. dag_id=dag_with_taskflow_api_v02, task_id=get_name, execution_date=20221111T000000, start_date=20230525T065923, end_date=20230525T065925
[2023-05-25T06:59:25.257+0000] {local_task_job_runner.py:225} INFO - Task exited with return code 0
[2023-05-25T06:59:25.743+0000] {taskinstance.py:2651} INFO - 1 downstream tasks scheduled from follow-on schedule check
[2023-05-25T10:33:03.302+0000] {taskinstance.py:1103} INFO - Dependencies all met for dep_context=non-requeueable deps ti=<TaskInstance: dag_with_taskflow_api_v02.get_name scheduled__2022-11-11T00:00:00+00:00 [queued]>
[2023-05-25T10:33:03.391+0000] {taskinstance.py:1103} INFO - Dependencies all met for dep_context=requeueable deps ti=<TaskInstance: dag_with_taskflow_api_v02.get_name scheduled__2022-11-11T00:00:00+00:00 [queued]>
[2023-05-25T10:33:03.391+0000] {taskinstance.py:1308} INFO - Starting attempt 1 of 6
[2023-05-25T10:33:03.559+0000] {taskinstance.py:1327} INFO - Executing <Task(_PythonDecoratedOperator): get_name> on 2022-11-11 00:00:00+00:00
[2023-05-25T10:33:03.586+0000] {standard_task_runner.py:57} INFO - Started process 3899 to run task
[2023-05-25T10:33:03.647+0000] {standard_task_runner.py:84} INFO - Running: ['***', 'tasks', 'run', 'dag_with_taskflow_api_v02', 'get_name', 'scheduled__2022-11-11T00:00:00+00:00', '--job-id', '1154', '--raw', '--subdir', 'DAGS_FOLDER/first_dag.py', '--cfg-path', '/tmp/tmp88sz0w4a']
[2023-05-25T10:33:03.650+0000] {standard_task_runner.py:85} INFO - Job 1154: Subtask get_name
[2023-05-25T10:33:04.092+0000] {task_command.py:410} INFO - Running <TaskInstance: dag_with_taskflow_api_v02.get_name scheduled__2022-11-11T00:00:00+00:00 [running]> on host b1ae37a9584e
[2023-05-25T10:33:04.935+0000] {taskinstance.py:1547} INFO - Exporting env vars: AIRFLOW_CTX_DAG_OWNER='Sai' AIRFLOW_CTX_DAG_ID='dag_with_taskflow_api_v02' AIRFLOW_CTX_TASK_ID='get_name' AIRFLOW_CTX_EXECUTION_DATE='2022-11-11T00:00:00+00:00' AIRFLOW_CTX_TRY_NUMBER='1' AIRFLOW_CTX_DAG_RUN_ID='scheduled__2022-11-11T00:00:00+00:00'
[2023-05-25T10:33:04.936+0000] {python.py:183} INFO - Done. Returned value was: {'first_name': 'Sai', 'last_name': 'Tr'}
[2023-05-25T10:33:05.148+0000] {taskinstance.py:1350} INFO - Marking task as SUCCESS. dag_id=dag_with_taskflow_api_v02, task_id=get_name, execution_date=20221111T000000, start_date=20230525T103303, end_date=20230525T103305
[2023-05-25T10:33:05.408+0000] {local_task_job_runner.py:225} INFO - Task exited with return code 0
[2023-05-25T10:33:05.526+0000] {taskinstance.py:2651} INFO - 1 downstream tasks scheduled from follow-on schedule check
