[2023-05-24T15:25:35.812+0000] {taskinstance.py:1103} INFO - Dependencies all met for dep_context=non-requeueable deps ti=<TaskInstance: dag_with_taskflow_api_v02.get_age scheduled__2022-09-28T00:00:00+00:00 [queued]>
[2023-05-24T15:25:35.894+0000] {taskinstance.py:1103} INFO - Dependencies all met for dep_context=requeueable deps ti=<TaskInstance: dag_with_taskflow_api_v02.get_age scheduled__2022-09-28T00:00:00+00:00 [queued]>
[2023-05-24T15:25:35.894+0000] {taskinstance.py:1308} INFO - Starting attempt 1 of 6
[2023-05-24T15:25:36.291+0000] {taskinstance.py:1327} INFO - Executing <Task(_PythonDecoratedOperator): get_age> on 2022-09-28 00:00:00+00:00
[2023-05-24T15:25:36.314+0000] {standard_task_runner.py:57} INFO - Started process 2454 to run task
[2023-05-24T15:25:36.392+0000] {standard_task_runner.py:84} INFO - Running: ['***', 'tasks', 'run', 'dag_with_taskflow_api_v02', 'get_age', 'scheduled__2022-09-28T00:00:00+00:00', '--job-id', '1012', '--raw', '--subdir', 'DAGS_FOLDER/first_dag.py', '--cfg-path', '/tmp/tmpshpum5zx']
[2023-05-24T15:25:36.466+0000] {standard_task_runner.py:85} INFO - Job 1012: Subtask get_age
[2023-05-24T15:25:36.901+0000] {task_command.py:410} INFO - Running <TaskInstance: dag_with_taskflow_api_v02.get_age scheduled__2022-09-28T00:00:00+00:00 [running]> on host 942de29f183d
[2023-05-24T15:25:37.689+0000] {taskinstance.py:1547} INFO - Exporting env vars: AIRFLOW_CTX_DAG_OWNER='Sai' AIRFLOW_CTX_DAG_ID='dag_with_taskflow_api_v02' AIRFLOW_CTX_TASK_ID='get_age' AIRFLOW_CTX_EXECUTION_DATE='2022-09-28T00:00:00+00:00' AIRFLOW_CTX_TRY_NUMBER='1' AIRFLOW_CTX_DAG_RUN_ID='scheduled__2022-09-28T00:00:00+00:00'
[2023-05-24T15:25:37.691+0000] {python.py:183} INFO - Done. Returned value was: 19
[2023-05-24T15:25:37.826+0000] {taskinstance.py:1350} INFO - Marking task as SUCCESS. dag_id=dag_with_taskflow_api_v02, task_id=get_age, execution_date=20220928T000000, start_date=20230524T152535, end_date=20230524T152537
[2023-05-24T15:25:37.879+0000] {local_task_job_runner.py:225} INFO - Task exited with return code 0
[2023-05-24T15:25:37.944+0000] {taskinstance.py:2651} INFO - 1 downstream tasks scheduled from follow-on schedule check
[2023-05-25T06:58:08.311+0000] {taskinstance.py:1103} INFO - Dependencies all met for dep_context=non-requeueable deps ti=<TaskInstance: dag_with_taskflow_api_v02.get_age scheduled__2022-09-28T00:00:00+00:00 [queued]>
[2023-05-25T06:58:08.469+0000] {taskinstance.py:1103} INFO - Dependencies all met for dep_context=requeueable deps ti=<TaskInstance: dag_with_taskflow_api_v02.get_age scheduled__2022-09-28T00:00:00+00:00 [queued]>
[2023-05-25T06:58:08.469+0000] {taskinstance.py:1308} INFO - Starting attempt 1 of 6
[2023-05-25T06:58:09.037+0000] {taskinstance.py:1327} INFO - Executing <Task(_PythonDecoratedOperator): get_age> on 2022-09-28 00:00:00+00:00
[2023-05-25T06:58:09.061+0000] {standard_task_runner.py:57} INFO - Started process 3974 to run task
[2023-05-25T06:58:09.071+0000] {standard_task_runner.py:84} INFO - Running: ['***', 'tasks', 'run', 'dag_with_taskflow_api_v02', 'get_age', 'scheduled__2022-09-28T00:00:00+00:00', '--job-id', '1012', '--raw', '--subdir', 'DAGS_FOLDER/first_dag.py', '--cfg-path', '/tmp/tmprsbiw0hm']
[2023-05-25T06:58:09.103+0000] {standard_task_runner.py:85} INFO - Job 1012: Subtask get_age
[2023-05-25T06:58:09.498+0000] {task_command.py:410} INFO - Running <TaskInstance: dag_with_taskflow_api_v02.get_age scheduled__2022-09-28T00:00:00+00:00 [running]> on host 6bd07c7477d9
[2023-05-25T06:58:10.578+0000] {taskinstance.py:1547} INFO - Exporting env vars: AIRFLOW_CTX_DAG_OWNER='Sai' AIRFLOW_CTX_DAG_ID='dag_with_taskflow_api_v02' AIRFLOW_CTX_TASK_ID='get_age' AIRFLOW_CTX_EXECUTION_DATE='2022-09-28T00:00:00+00:00' AIRFLOW_CTX_TRY_NUMBER='1' AIRFLOW_CTX_DAG_RUN_ID='scheduled__2022-09-28T00:00:00+00:00'
[2023-05-25T06:58:10.579+0000] {python.py:183} INFO - Done. Returned value was: 19
[2023-05-25T06:58:10.729+0000] {taskinstance.py:1350} INFO - Marking task as SUCCESS. dag_id=dag_with_taskflow_api_v02, task_id=get_age, execution_date=20220928T000000, start_date=20230525T065808, end_date=20230525T065810
[2023-05-25T06:58:10.856+0000] {local_task_job_runner.py:225} INFO - Task exited with return code 0
[2023-05-25T06:58:11.060+0000] {taskinstance.py:2651} INFO - 1 downstream tasks scheduled from follow-on schedule check
[2023-05-25T10:31:42.090+0000] {taskinstance.py:1103} INFO - Dependencies all met for dep_context=non-requeueable deps ti=<TaskInstance: dag_with_taskflow_api_v02.get_age scheduled__2022-09-28T00:00:00+00:00 [queued]>
[2023-05-25T10:31:42.205+0000] {taskinstance.py:1103} INFO - Dependencies all met for dep_context=requeueable deps ti=<TaskInstance: dag_with_taskflow_api_v02.get_age scheduled__2022-09-28T00:00:00+00:00 [queued]>
[2023-05-25T10:31:42.205+0000] {taskinstance.py:1308} INFO - Starting attempt 1 of 6
[2023-05-25T10:31:42.428+0000] {taskinstance.py:1327} INFO - Executing <Task(_PythonDecoratedOperator): get_age> on 2022-09-28 00:00:00+00:00
[2023-05-25T10:31:42.522+0000] {standard_task_runner.py:57} INFO - Started process 3611 to run task
[2023-05-25T10:31:42.596+0000] {standard_task_runner.py:84} INFO - Running: ['***', 'tasks', 'run', 'dag_with_taskflow_api_v02', 'get_age', 'scheduled__2022-09-28T00:00:00+00:00', '--job-id', '1028', '--raw', '--subdir', 'DAGS_FOLDER/first_dag.py', '--cfg-path', '/tmp/tmprluelm3p']
[2023-05-25T10:31:42.605+0000] {standard_task_runner.py:85} INFO - Job 1028: Subtask get_age
[2023-05-25T10:31:42.949+0000] {task_command.py:410} INFO - Running <TaskInstance: dag_with_taskflow_api_v02.get_age scheduled__2022-09-28T00:00:00+00:00 [running]> on host b1ae37a9584e
[2023-05-25T10:31:43.704+0000] {taskinstance.py:1547} INFO - Exporting env vars: AIRFLOW_CTX_DAG_OWNER='Sai' AIRFLOW_CTX_DAG_ID='dag_with_taskflow_api_v02' AIRFLOW_CTX_TASK_ID='get_age' AIRFLOW_CTX_EXECUTION_DATE='2022-09-28T00:00:00+00:00' AIRFLOW_CTX_TRY_NUMBER='1' AIRFLOW_CTX_DAG_RUN_ID='scheduled__2022-09-28T00:00:00+00:00'
[2023-05-25T10:31:43.705+0000] {python.py:183} INFO - Done. Returned value was: 19
[2023-05-25T10:31:43.893+0000] {taskinstance.py:1350} INFO - Marking task as SUCCESS. dag_id=dag_with_taskflow_api_v02, task_id=get_age, execution_date=20220928T000000, start_date=20230525T103142, end_date=20230525T103143
[2023-05-25T10:31:44.156+0000] {local_task_job_runner.py:225} INFO - Task exited with return code 0
[2023-05-25T10:31:44.397+0000] {taskinstance.py:2651} INFO - 1 downstream tasks scheduled from follow-on schedule check
