[2023-05-24T15:18:51.183+0000] {taskinstance.py:1103} INFO - Dependencies all met for dep_context=non-requeueable deps ti=<TaskInstance: dag_with_taskflow_api_v02.get_age scheduled__2022-02-16T00:00:00+00:00 [queued]>
[2023-05-24T15:18:51.262+0000] {taskinstance.py:1103} INFO - Dependencies all met for dep_context=requeueable deps ti=<TaskInstance: dag_with_taskflow_api_v02.get_age scheduled__2022-02-16T00:00:00+00:00 [queued]>
[2023-05-24T15:18:51.262+0000] {taskinstance.py:1308} INFO - Starting attempt 1 of 6
[2023-05-24T15:18:51.699+0000] {taskinstance.py:1327} INFO - Executing <Task(_PythonDecoratedOperator): get_age> on 2022-02-16 00:00:00+00:00
[2023-05-24T15:18:51.706+0000] {standard_task_runner.py:57} INFO - Started process 965 to run task
[2023-05-24T15:18:51.734+0000] {standard_task_runner.py:84} INFO - Running: ['***', 'tasks', 'run', 'dag_with_taskflow_api_v02', 'get_age', 'scheduled__2022-02-16T00:00:00+00:00', '--job-id', '343', '--raw', '--subdir', 'DAGS_FOLDER/first_dag.py', '--cfg-path', '/tmp/tmpn2_nxc8q']
[2023-05-24T15:18:51.749+0000] {standard_task_runner.py:85} INFO - Job 343: Subtask get_age
[2023-05-24T15:18:51.957+0000] {task_command.py:410} INFO - Running <TaskInstance: dag_with_taskflow_api_v02.get_age scheduled__2022-02-16T00:00:00+00:00 [running]> on host 942de29f183d
[2023-05-24T15:18:52.585+0000] {taskinstance.py:1547} INFO - Exporting env vars: AIRFLOW_CTX_DAG_OWNER='Sai' AIRFLOW_CTX_DAG_ID='dag_with_taskflow_api_v02' AIRFLOW_CTX_TASK_ID='get_age' AIRFLOW_CTX_EXECUTION_DATE='2022-02-16T00:00:00+00:00' AIRFLOW_CTX_TRY_NUMBER='1' AIRFLOW_CTX_DAG_RUN_ID='scheduled__2022-02-16T00:00:00+00:00'
[2023-05-24T15:18:52.586+0000] {python.py:183} INFO - Done. Returned value was: 19
[2023-05-24T15:18:52.715+0000] {taskinstance.py:1350} INFO - Marking task as SUCCESS. dag_id=dag_with_taskflow_api_v02, task_id=get_age, execution_date=20220216T000000, start_date=20230524T151851, end_date=20230524T151852
[2023-05-24T15:18:52.848+0000] {local_task_job_runner.py:225} INFO - Task exited with return code 0
[2023-05-24T15:18:53.165+0000] {taskinstance.py:2651} INFO - 0 downstream tasks scheduled from follow-on schedule check
[2023-05-25T06:52:03.499+0000] {taskinstance.py:1103} INFO - Dependencies all met for dep_context=non-requeueable deps ti=<TaskInstance: dag_with_taskflow_api_v02.get_age scheduled__2022-02-16T00:00:00+00:00 [queued]>
[2023-05-25T06:52:03.598+0000] {taskinstance.py:1103} INFO - Dependencies all met for dep_context=requeueable deps ti=<TaskInstance: dag_with_taskflow_api_v02.get_age scheduled__2022-02-16T00:00:00+00:00 [queued]>
[2023-05-25T06:52:03.598+0000] {taskinstance.py:1308} INFO - Starting attempt 1 of 6
[2023-05-25T06:52:03.716+0000] {taskinstance.py:1327} INFO - Executing <Task(_PythonDecoratedOperator): get_age> on 2022-02-16 00:00:00+00:00
[2023-05-25T06:52:03.729+0000] {standard_task_runner.py:57} INFO - Started process 2478 to run task
[2023-05-25T06:52:03.738+0000] {standard_task_runner.py:84} INFO - Running: ['***', 'tasks', 'run', 'dag_with_taskflow_api_v02', 'get_age', 'scheduled__2022-02-16T00:00:00+00:00', '--job-id', '338', '--raw', '--subdir', 'DAGS_FOLDER/first_dag.py', '--cfg-path', '/tmp/tmpskd06075']
[2023-05-25T06:52:03.743+0000] {standard_task_runner.py:85} INFO - Job 338: Subtask get_age
[2023-05-25T06:52:03.944+0000] {task_command.py:410} INFO - Running <TaskInstance: dag_with_taskflow_api_v02.get_age scheduled__2022-02-16T00:00:00+00:00 [running]> on host 6bd07c7477d9
[2023-05-25T06:52:04.773+0000] {taskinstance.py:1547} INFO - Exporting env vars: AIRFLOW_CTX_DAG_OWNER='Sai' AIRFLOW_CTX_DAG_ID='dag_with_taskflow_api_v02' AIRFLOW_CTX_TASK_ID='get_age' AIRFLOW_CTX_EXECUTION_DATE='2022-02-16T00:00:00+00:00' AIRFLOW_CTX_TRY_NUMBER='1' AIRFLOW_CTX_DAG_RUN_ID='scheduled__2022-02-16T00:00:00+00:00'
[2023-05-25T06:52:04.774+0000] {python.py:183} INFO - Done. Returned value was: 19
[2023-05-25T06:52:04.951+0000] {taskinstance.py:1350} INFO - Marking task as SUCCESS. dag_id=dag_with_taskflow_api_v02, task_id=get_age, execution_date=20220216T000000, start_date=20230525T065203, end_date=20230525T065204
[2023-05-25T06:52:05.115+0000] {local_task_job_runner.py:225} INFO - Task exited with return code 0
[2023-05-25T06:52:05.386+0000] {taskinstance.py:2651} INFO - 0 downstream tasks scheduled from follow-on schedule check
[2023-05-25T10:22:53.834+0000] {taskinstance.py:1103} INFO - Dependencies all met for dep_context=non-requeueable deps ti=<TaskInstance: dag_with_taskflow_api_v02.get_age scheduled__2022-02-16T00:00:00+00:00 [queued]>
[2023-05-25T10:22:53.930+0000] {taskinstance.py:1103} INFO - Dependencies all met for dep_context=requeueable deps ti=<TaskInstance: dag_with_taskflow_api_v02.get_age scheduled__2022-02-16T00:00:00+00:00 [queued]>
[2023-05-25T10:22:53.931+0000] {taskinstance.py:1308} INFO - Starting attempt 1 of 6
[2023-05-25T10:22:54.056+0000] {taskinstance.py:1327} INFO - Executing <Task(_PythonDecoratedOperator): get_age> on 2022-02-16 00:00:00+00:00
[2023-05-25T10:22:54.074+0000] {standard_task_runner.py:57} INFO - Started process 2020 to run task
[2023-05-25T10:22:54.115+0000] {standard_task_runner.py:84} INFO - Running: ['***', 'tasks', 'run', 'dag_with_taskflow_api_v02', 'get_age', 'scheduled__2022-02-16T00:00:00+00:00', '--job-id', '334', '--raw', '--subdir', 'DAGS_FOLDER/first_dag.py', '--cfg-path', '/tmp/tmplf2msfgb']
[2023-05-25T10:22:54.120+0000] {standard_task_runner.py:85} INFO - Job 334: Subtask get_age
[2023-05-25T10:22:54.364+0000] {task_command.py:410} INFO - Running <TaskInstance: dag_with_taskflow_api_v02.get_age scheduled__2022-02-16T00:00:00+00:00 [running]> on host b1ae37a9584e
[2023-05-25T10:22:55.013+0000] {taskinstance.py:1547} INFO - Exporting env vars: AIRFLOW_CTX_DAG_OWNER='Sai' AIRFLOW_CTX_DAG_ID='dag_with_taskflow_api_v02' AIRFLOW_CTX_TASK_ID='get_age' AIRFLOW_CTX_EXECUTION_DATE='2022-02-16T00:00:00+00:00' AIRFLOW_CTX_TRY_NUMBER='1' AIRFLOW_CTX_DAG_RUN_ID='scheduled__2022-02-16T00:00:00+00:00'
[2023-05-25T10:22:55.014+0000] {python.py:183} INFO - Done. Returned value was: 19
[2023-05-25T10:22:55.123+0000] {taskinstance.py:1350} INFO - Marking task as SUCCESS. dag_id=dag_with_taskflow_api_v02, task_id=get_age, execution_date=20220216T000000, start_date=20230525T102253, end_date=20230525T102255
[2023-05-25T10:22:55.853+0000] {local_task_job_runner.py:225} INFO - Task exited with return code 0
[2023-05-25T10:22:55.932+0000] {taskinstance.py:2651} INFO - 1 downstream tasks scheduled from follow-on schedule check
