[2023-05-24T15:22:31.973+0000] {taskinstance.py:1103} INFO - Dependencies all met for dep_context=non-requeueable deps ti=<TaskInstance: dag_with_taskflow_api_v02.get_age scheduled__2022-06-13T00:00:00+00:00 [queued]>
[2023-05-24T15:22:31.997+0000] {taskinstance.py:1103} INFO - Dependencies all met for dep_context=requeueable deps ti=<TaskInstance: dag_with_taskflow_api_v02.get_age scheduled__2022-06-13T00:00:00+00:00 [queued]>
[2023-05-24T15:22:31.997+0000] {taskinstance.py:1308} INFO - Starting attempt 1 of 6
[2023-05-24T15:22:32.038+0000] {taskinstance.py:1327} INFO - Executing <Task(_PythonDecoratedOperator): get_age> on 2022-06-13 00:00:00+00:00
[2023-05-24T15:22:32.047+0000] {standard_task_runner.py:57} INFO - Started process 1746 to run task
[2023-05-24T15:22:32.062+0000] {standard_task_runner.py:84} INFO - Running: ['***', 'tasks', 'run', 'dag_with_taskflow_api_v02', 'get_age', 'scheduled__2022-06-13T00:00:00+00:00', '--job-id', '695', '--raw', '--subdir', 'DAGS_FOLDER/first_dag.py', '--cfg-path', '/tmp/tmppgfjecp9']
[2023-05-24T15:22:32.079+0000] {standard_task_runner.py:85} INFO - Job 695: Subtask get_age
[2023-05-24T15:22:32.380+0000] {task_command.py:410} INFO - Running <TaskInstance: dag_with_taskflow_api_v02.get_age scheduled__2022-06-13T00:00:00+00:00 [running]> on host 942de29f183d
[2023-05-24T15:22:33.107+0000] {taskinstance.py:1547} INFO - Exporting env vars: AIRFLOW_CTX_DAG_OWNER='Sai' AIRFLOW_CTX_DAG_ID='dag_with_taskflow_api_v02' AIRFLOW_CTX_TASK_ID='get_age' AIRFLOW_CTX_EXECUTION_DATE='2022-06-13T00:00:00+00:00' AIRFLOW_CTX_TRY_NUMBER='1' AIRFLOW_CTX_DAG_RUN_ID='scheduled__2022-06-13T00:00:00+00:00'
[2023-05-24T15:22:33.108+0000] {python.py:183} INFO - Done. Returned value was: 19
[2023-05-24T15:22:33.284+0000] {taskinstance.py:1350} INFO - Marking task as SUCCESS. dag_id=dag_with_taskflow_api_v02, task_id=get_age, execution_date=20220613T000000, start_date=20230524T152231, end_date=20230524T152233
[2023-05-24T15:22:33.509+0000] {local_task_job_runner.py:225} INFO - Task exited with return code 0
[2023-05-24T15:22:33.890+0000] {taskinstance.py:2651} INFO - 0 downstream tasks scheduled from follow-on schedule check
[2023-05-25T06:55:11.395+0000] {taskinstance.py:1103} INFO - Dependencies all met for dep_context=non-requeueable deps ti=<TaskInstance: dag_with_taskflow_api_v02.get_age scheduled__2022-06-13T00:00:00+00:00 [queued]>
[2023-05-25T06:55:11.443+0000] {taskinstance.py:1103} INFO - Dependencies all met for dep_context=requeueable deps ti=<TaskInstance: dag_with_taskflow_api_v02.get_age scheduled__2022-06-13T00:00:00+00:00 [queued]>
[2023-05-25T06:55:11.443+0000] {taskinstance.py:1308} INFO - Starting attempt 1 of 6
[2023-05-25T06:55:12.015+0000] {taskinstance.py:1327} INFO - Executing <Task(_PythonDecoratedOperator): get_age> on 2022-06-13 00:00:00+00:00
[2023-05-25T06:55:12.030+0000] {standard_task_runner.py:57} INFO - Started process 3263 to run task
[2023-05-25T06:55:12.080+0000] {standard_task_runner.py:84} INFO - Running: ['***', 'tasks', 'run', 'dag_with_taskflow_api_v02', 'get_age', 'scheduled__2022-06-13T00:00:00+00:00', '--job-id', '688', '--raw', '--subdir', 'DAGS_FOLDER/first_dag.py', '--cfg-path', '/tmp/tmp7r78fojp']
[2023-05-25T06:55:12.091+0000] {standard_task_runner.py:85} INFO - Job 688: Subtask get_age
[2023-05-25T06:55:12.460+0000] {task_command.py:410} INFO - Running <TaskInstance: dag_with_taskflow_api_v02.get_age scheduled__2022-06-13T00:00:00+00:00 [running]> on host 6bd07c7477d9
[2023-05-25T06:55:13.172+0000] {taskinstance.py:1547} INFO - Exporting env vars: AIRFLOW_CTX_DAG_OWNER='Sai' AIRFLOW_CTX_DAG_ID='dag_with_taskflow_api_v02' AIRFLOW_CTX_TASK_ID='get_age' AIRFLOW_CTX_EXECUTION_DATE='2022-06-13T00:00:00+00:00' AIRFLOW_CTX_TRY_NUMBER='1' AIRFLOW_CTX_DAG_RUN_ID='scheduled__2022-06-13T00:00:00+00:00'
[2023-05-25T06:55:13.173+0000] {python.py:183} INFO - Done. Returned value was: 19
[2023-05-25T06:55:13.255+0000] {taskinstance.py:1350} INFO - Marking task as SUCCESS. dag_id=dag_with_taskflow_api_v02, task_id=get_age, execution_date=20220613T000000, start_date=20230525T065511, end_date=20230525T065513
[2023-05-25T06:55:13.380+0000] {local_task_job_runner.py:225} INFO - Task exited with return code 0
[2023-05-25T06:55:13.503+0000] {taskinstance.py:2651} INFO - 0 downstream tasks scheduled from follow-on schedule check
[2023-05-25T10:26:40.157+0000] {taskinstance.py:1103} INFO - Dependencies all met for dep_context=non-requeueable deps ti=<TaskInstance: dag_with_taskflow_api_v02.get_age scheduled__2022-06-13T00:00:00+00:00 [queued]>
[2023-05-25T10:26:40.210+0000] {taskinstance.py:1103} INFO - Dependencies all met for dep_context=requeueable deps ti=<TaskInstance: dag_with_taskflow_api_v02.get_age scheduled__2022-06-13T00:00:00+00:00 [queued]>
[2023-05-25T10:26:40.214+0000] {taskinstance.py:1308} INFO - Starting attempt 1 of 6
[2023-05-25T10:26:40.362+0000] {taskinstance.py:1327} INFO - Executing <Task(_PythonDecoratedOperator): get_age> on 2022-06-13 00:00:00+00:00
[2023-05-25T10:26:40.394+0000] {standard_task_runner.py:57} INFO - Started process 2851 to run task
[2023-05-25T10:26:40.429+0000] {standard_task_runner.py:84} INFO - Running: ['***', 'tasks', 'run', 'dag_with_taskflow_api_v02', 'get_age', 'scheduled__2022-06-13T00:00:00+00:00', '--job-id', '701', '--raw', '--subdir', 'DAGS_FOLDER/first_dag.py', '--cfg-path', '/tmp/tmp66e7tvrp']
[2023-05-25T10:26:40.443+0000] {standard_task_runner.py:85} INFO - Job 701: Subtask get_age
[2023-05-25T10:26:40.847+0000] {task_command.py:410} INFO - Running <TaskInstance: dag_with_taskflow_api_v02.get_age scheduled__2022-06-13T00:00:00+00:00 [running]> on host b1ae37a9584e
[2023-05-25T10:26:41.676+0000] {taskinstance.py:1547} INFO - Exporting env vars: AIRFLOW_CTX_DAG_OWNER='Sai' AIRFLOW_CTX_DAG_ID='dag_with_taskflow_api_v02' AIRFLOW_CTX_TASK_ID='get_age' AIRFLOW_CTX_EXECUTION_DATE='2022-06-13T00:00:00+00:00' AIRFLOW_CTX_TRY_NUMBER='1' AIRFLOW_CTX_DAG_RUN_ID='scheduled__2022-06-13T00:00:00+00:00'
[2023-05-25T10:26:41.677+0000] {python.py:183} INFO - Done. Returned value was: 19
[2023-05-25T10:26:41.797+0000] {taskinstance.py:1350} INFO - Marking task as SUCCESS. dag_id=dag_with_taskflow_api_v02, task_id=get_age, execution_date=20220613T000000, start_date=20230525T102640, end_date=20230525T102641
[2023-05-25T10:26:42.029+0000] {local_task_job_runner.py:225} INFO - Task exited with return code 0
[2023-05-25T10:26:42.220+0000] {taskinstance.py:2651} INFO - 1 downstream tasks scheduled from follow-on schedule check
