[2023-05-24T15:23:30.236+0000] {taskinstance.py:1103} INFO - Dependencies all met for dep_context=non-requeueable deps ti=<TaskInstance: dag_with_taskflow_api_v02.get_name scheduled__2022-07-17T00:00:00+00:00 [queued]>
[2023-05-24T15:23:30.322+0000] {taskinstance.py:1103} INFO - Dependencies all met for dep_context=requeueable deps ti=<TaskInstance: dag_with_taskflow_api_v02.get_name scheduled__2022-07-17T00:00:00+00:00 [queued]>
[2023-05-24T15:23:30.330+0000] {taskinstance.py:1308} INFO - Starting attempt 1 of 6
[2023-05-24T15:23:30.933+0000] {taskinstance.py:1327} INFO - Executing <Task(_PythonDecoratedOperator): get_name> on 2022-07-17 00:00:00+00:00
[2023-05-24T15:23:30.972+0000] {standard_task_runner.py:57} INFO - Started process 1967 to run task
[2023-05-24T15:23:30.980+0000] {standard_task_runner.py:84} INFO - Running: ['***', 'tasks', 'run', 'dag_with_taskflow_api_v02', 'get_name', 'scheduled__2022-07-17T00:00:00+00:00', '--job-id', '792', '--raw', '--subdir', 'DAGS_FOLDER/first_dag.py', '--cfg-path', '/tmp/tmp19crondm']
[2023-05-24T15:23:30.992+0000] {standard_task_runner.py:85} INFO - Job 792: Subtask get_name
[2023-05-24T15:23:31.311+0000] {task_command.py:410} INFO - Running <TaskInstance: dag_with_taskflow_api_v02.get_name scheduled__2022-07-17T00:00:00+00:00 [running]> on host 942de29f183d
[2023-05-24T15:23:32.210+0000] {taskinstance.py:1547} INFO - Exporting env vars: AIRFLOW_CTX_DAG_OWNER='Sai' AIRFLOW_CTX_DAG_ID='dag_with_taskflow_api_v02' AIRFLOW_CTX_TASK_ID='get_name' AIRFLOW_CTX_EXECUTION_DATE='2022-07-17T00:00:00+00:00' AIRFLOW_CTX_TRY_NUMBER='1' AIRFLOW_CTX_DAG_RUN_ID='scheduled__2022-07-17T00:00:00+00:00'
[2023-05-24T15:23:32.212+0000] {python.py:183} INFO - Done. Returned value was: {'first_name': 'Sai', 'last_name': 'Tr'}
[2023-05-24T15:23:32.451+0000] {taskinstance.py:1350} INFO - Marking task as SUCCESS. dag_id=dag_with_taskflow_api_v02, task_id=get_name, execution_date=20220717T000000, start_date=20230524T152330, end_date=20230524T152332
[2023-05-24T15:23:32.533+0000] {local_task_job_runner.py:225} INFO - Task exited with return code 0
[2023-05-24T15:23:32.834+0000] {taskinstance.py:2651} INFO - 0 downstream tasks scheduled from follow-on schedule check
[2023-05-25T06:56:05.209+0000] {taskinstance.py:1103} INFO - Dependencies all met for dep_context=non-requeueable deps ti=<TaskInstance: dag_with_taskflow_api_v02.get_name scheduled__2022-07-17T00:00:00+00:00 [queued]>
[2023-05-25T06:56:05.317+0000] {taskinstance.py:1103} INFO - Dependencies all met for dep_context=requeueable deps ti=<TaskInstance: dag_with_taskflow_api_v02.get_name scheduled__2022-07-17T00:00:00+00:00 [queued]>
[2023-05-25T06:56:05.318+0000] {taskinstance.py:1308} INFO - Starting attempt 1 of 6
[2023-05-25T06:56:05.453+0000] {taskinstance.py:1327} INFO - Executing <Task(_PythonDecoratedOperator): get_name> on 2022-07-17 00:00:00+00:00
[2023-05-25T06:56:05.466+0000] {standard_task_runner.py:57} INFO - Started process 3480 to run task
[2023-05-25T06:56:05.512+0000] {standard_task_runner.py:84} INFO - Running: ['***', 'tasks', 'run', 'dag_with_taskflow_api_v02', 'get_name', 'scheduled__2022-07-17T00:00:00+00:00', '--job-id', '791', '--raw', '--subdir', 'DAGS_FOLDER/first_dag.py', '--cfg-path', '/tmp/tmpn7a6fluk']
[2023-05-25T06:56:05.525+0000] {standard_task_runner.py:85} INFO - Job 791: Subtask get_name
[2023-05-25T06:56:05.893+0000] {task_command.py:410} INFO - Running <TaskInstance: dag_with_taskflow_api_v02.get_name scheduled__2022-07-17T00:00:00+00:00 [running]> on host 6bd07c7477d9
[2023-05-25T06:56:06.615+0000] {taskinstance.py:1547} INFO - Exporting env vars: AIRFLOW_CTX_DAG_OWNER='Sai' AIRFLOW_CTX_DAG_ID='dag_with_taskflow_api_v02' AIRFLOW_CTX_TASK_ID='get_name' AIRFLOW_CTX_EXECUTION_DATE='2022-07-17T00:00:00+00:00' AIRFLOW_CTX_TRY_NUMBER='1' AIRFLOW_CTX_DAG_RUN_ID='scheduled__2022-07-17T00:00:00+00:00'
[2023-05-25T06:56:06.616+0000] {python.py:183} INFO - Done. Returned value was: {'first_name': 'Sai', 'last_name': 'Tr'}
[2023-05-25T06:56:06.781+0000] {taskinstance.py:1350} INFO - Marking task as SUCCESS. dag_id=dag_with_taskflow_api_v02, task_id=get_name, execution_date=20220717T000000, start_date=20230525T065605, end_date=20230525T065606
[2023-05-25T06:56:06.927+0000] {local_task_job_runner.py:225} INFO - Task exited with return code 0
[2023-05-25T06:56:07.225+0000] {taskinstance.py:2651} INFO - 0 downstream tasks scheduled from follow-on schedule check
[2023-05-25T10:27:59.556+0000] {taskinstance.py:1103} INFO - Dependencies all met for dep_context=non-requeueable deps ti=<TaskInstance: dag_with_taskflow_api_v02.get_name scheduled__2022-07-17T00:00:00+00:00 [queued]>
[2023-05-25T10:27:59.591+0000] {taskinstance.py:1103} INFO - Dependencies all met for dep_context=requeueable deps ti=<TaskInstance: dag_with_taskflow_api_v02.get_name scheduled__2022-07-17T00:00:00+00:00 [queued]>
[2023-05-25T10:27:59.591+0000] {taskinstance.py:1308} INFO - Starting attempt 1 of 6
[2023-05-25T10:27:59.694+0000] {taskinstance.py:1327} INFO - Executing <Task(_PythonDecoratedOperator): get_name> on 2022-07-17 00:00:00+00:00
[2023-05-25T10:27:59.707+0000] {standard_task_runner.py:57} INFO - Started process 3096 to run task
[2023-05-25T10:27:59.743+0000] {standard_task_runner.py:84} INFO - Running: ['***', 'tasks', 'run', 'dag_with_taskflow_api_v02', 'get_name', 'scheduled__2022-07-17T00:00:00+00:00', '--job-id', '811', '--raw', '--subdir', 'DAGS_FOLDER/first_dag.py', '--cfg-path', '/tmp/tmpogyzt10n']
[2023-05-25T10:27:59.752+0000] {standard_task_runner.py:85} INFO - Job 811: Subtask get_name
[2023-05-25T10:27:59.956+0000] {task_command.py:410} INFO - Running <TaskInstance: dag_with_taskflow_api_v02.get_name scheduled__2022-07-17T00:00:00+00:00 [running]> on host b1ae37a9584e
[2023-05-25T10:28:00.242+0000] {taskinstance.py:1547} INFO - Exporting env vars: AIRFLOW_CTX_DAG_OWNER='Sai' AIRFLOW_CTX_DAG_ID='dag_with_taskflow_api_v02' AIRFLOW_CTX_TASK_ID='get_name' AIRFLOW_CTX_EXECUTION_DATE='2022-07-17T00:00:00+00:00' AIRFLOW_CTX_TRY_NUMBER='1' AIRFLOW_CTX_DAG_RUN_ID='scheduled__2022-07-17T00:00:00+00:00'
[2023-05-25T10:28:00.244+0000] {python.py:183} INFO - Done. Returned value was: {'first_name': 'Sai', 'last_name': 'Tr'}
[2023-05-25T10:28:00.601+0000] {taskinstance.py:1350} INFO - Marking task as SUCCESS. dag_id=dag_with_taskflow_api_v02, task_id=get_name, execution_date=20220717T000000, start_date=20230525T102759, end_date=20230525T102800
[2023-05-25T10:28:00.763+0000] {local_task_job_runner.py:225} INFO - Task exited with return code 0
[2023-05-25T10:28:00.977+0000] {taskinstance.py:2651} INFO - 0 downstream tasks scheduled from follow-on schedule check
