[2023-05-24T15:19:27.915+0000] {taskinstance.py:1103} INFO - Dependencies all met for dep_context=non-requeueable deps ti=<TaskInstance: dag_with_taskflow_api_v02.greet scheduled__2022-03-06T00:00:00+00:00 [queued]>
[2023-05-24T15:19:28.056+0000] {taskinstance.py:1103} INFO - Dependencies all met for dep_context=requeueable deps ti=<TaskInstance: dag_with_taskflow_api_v02.greet scheduled__2022-03-06T00:00:00+00:00 [queued]>
[2023-05-24T15:19:28.056+0000] {taskinstance.py:1308} INFO - Starting attempt 1 of 6
[2023-05-24T15:19:28.964+0000] {taskinstance.py:1327} INFO - Executing <Task(_PythonDecoratedOperator): greet> on 2022-03-06 00:00:00+00:00
[2023-05-24T15:19:29.026+0000] {standard_task_runner.py:57} INFO - Started process 1114 to run task
[2023-05-24T15:19:29.134+0000] {standard_task_runner.py:84} INFO - Running: ['***', 'tasks', 'run', 'dag_with_taskflow_api_v02', 'greet', 'scheduled__2022-03-06T00:00:00+00:00', '--job-id', '409', '--raw', '--subdir', 'DAGS_FOLDER/first_dag.py', '--cfg-path', '/tmp/tmph82tep9s']
[2023-05-24T15:19:29.148+0000] {standard_task_runner.py:85} INFO - Job 409: Subtask greet
[2023-05-24T15:19:29.598+0000] {task_command.py:410} INFO - Running <TaskInstance: dag_with_taskflow_api_v02.greet scheduled__2022-03-06T00:00:00+00:00 [running]> on host 942de29f183d
[2023-05-24T15:19:30.304+0000] {taskinstance.py:1547} INFO - Exporting env vars: AIRFLOW_CTX_DAG_OWNER='Sai' AIRFLOW_CTX_DAG_ID='dag_with_taskflow_api_v02' AIRFLOW_CTX_TASK_ID='greet' AIRFLOW_CTX_EXECUTION_DATE='2022-03-06T00:00:00+00:00' AIRFLOW_CTX_TRY_NUMBER='1' AIRFLOW_CTX_DAG_RUN_ID='scheduled__2022-03-06T00:00:00+00:00'
[2023-05-24T15:19:30.309+0000] {logging_mixin.py:149} INFO - Hello World! My name is Sai Tr and I am 19 years old!
[2023-05-24T15:19:30.310+0000] {python.py:183} INFO - Done. Returned value was: None
[2023-05-24T15:19:30.367+0000] {taskinstance.py:1350} INFO - Marking task as SUCCESS. dag_id=dag_with_taskflow_api_v02, task_id=greet, execution_date=20220306T000000, start_date=20230524T151927, end_date=20230524T151930
[2023-05-24T15:19:30.458+0000] {local_task_job_runner.py:225} INFO - Task exited with return code 0
[2023-05-24T15:19:30.844+0000] {taskinstance.py:2651} INFO - 0 downstream tasks scheduled from follow-on schedule check
[2023-05-25T06:52:40.402+0000] {taskinstance.py:1103} INFO - Dependencies all met for dep_context=non-requeueable deps ti=<TaskInstance: dag_with_taskflow_api_v02.greet scheduled__2022-03-06T00:00:00+00:00 [queued]>
[2023-05-25T06:52:40.447+0000] {taskinstance.py:1103} INFO - Dependencies all met for dep_context=requeueable deps ti=<TaskInstance: dag_with_taskflow_api_v02.greet scheduled__2022-03-06T00:00:00+00:00 [queued]>
[2023-05-25T06:52:40.448+0000] {taskinstance.py:1308} INFO - Starting attempt 1 of 6
[2023-05-25T06:52:40.509+0000] {taskinstance.py:1327} INFO - Executing <Task(_PythonDecoratedOperator): greet> on 2022-03-06 00:00:00+00:00
[2023-05-25T06:52:40.520+0000] {standard_task_runner.py:57} INFO - Started process 2638 to run task
[2023-05-25T06:52:40.542+0000] {standard_task_runner.py:84} INFO - Running: ['***', 'tasks', 'run', 'dag_with_taskflow_api_v02', 'greet', 'scheduled__2022-03-06T00:00:00+00:00', '--job-id', '408', '--raw', '--subdir', 'DAGS_FOLDER/first_dag.py', '--cfg-path', '/tmp/tmpbdm7j8wf']
[2023-05-25T06:52:40.545+0000] {standard_task_runner.py:85} INFO - Job 408: Subtask greet
[2023-05-25T06:52:40.758+0000] {task_command.py:410} INFO - Running <TaskInstance: dag_with_taskflow_api_v02.greet scheduled__2022-03-06T00:00:00+00:00 [running]> on host 6bd07c7477d9
[2023-05-25T06:52:41.103+0000] {taskinstance.py:1547} INFO - Exporting env vars: AIRFLOW_CTX_DAG_OWNER='Sai' AIRFLOW_CTX_DAG_ID='dag_with_taskflow_api_v02' AIRFLOW_CTX_TASK_ID='greet' AIRFLOW_CTX_EXECUTION_DATE='2022-03-06T00:00:00+00:00' AIRFLOW_CTX_TRY_NUMBER='1' AIRFLOW_CTX_DAG_RUN_ID='scheduled__2022-03-06T00:00:00+00:00'
[2023-05-25T06:52:41.106+0000] {logging_mixin.py:149} INFO - Hello World! My name is Sai Tr and I am 19 years old!
[2023-05-25T06:52:41.107+0000] {python.py:183} INFO - Done. Returned value was: None
[2023-05-25T06:52:41.146+0000] {taskinstance.py:1350} INFO - Marking task as SUCCESS. dag_id=dag_with_taskflow_api_v02, task_id=greet, execution_date=20220306T000000, start_date=20230525T065240, end_date=20230525T065241
[2023-05-25T06:52:41.198+0000] {local_task_job_runner.py:225} INFO - Task exited with return code 0
[2023-05-25T06:52:41.264+0000] {taskinstance.py:2651} INFO - 0 downstream tasks scheduled from follow-on schedule check
[2023-05-25T10:23:42.918+0000] {taskinstance.py:1103} INFO - Dependencies all met for dep_context=non-requeueable deps ti=<TaskInstance: dag_with_taskflow_api_v02.greet scheduled__2022-03-06T00:00:00+00:00 [queued]>
[2023-05-25T10:23:42.985+0000] {taskinstance.py:1103} INFO - Dependencies all met for dep_context=requeueable deps ti=<TaskInstance: dag_with_taskflow_api_v02.greet scheduled__2022-03-06T00:00:00+00:00 [queued]>
[2023-05-25T10:23:42.994+0000] {taskinstance.py:1308} INFO - Starting attempt 1 of 6
[2023-05-25T10:23:43.138+0000] {taskinstance.py:1327} INFO - Executing <Task(_PythonDecoratedOperator): greet> on 2022-03-06 00:00:00+00:00
[2023-05-25T10:23:43.165+0000] {standard_task_runner.py:57} INFO - Started process 2181 to run task
[2023-05-25T10:23:43.189+0000] {standard_task_runner.py:84} INFO - Running: ['***', 'tasks', 'run', 'dag_with_taskflow_api_v02', 'greet', 'scheduled__2022-03-06T00:00:00+00:00', '--job-id', '402', '--raw', '--subdir', 'DAGS_FOLDER/first_dag.py', '--cfg-path', '/tmp/tmpg2j681va']
[2023-05-25T10:23:43.205+0000] {standard_task_runner.py:85} INFO - Job 402: Subtask greet
[2023-05-25T10:23:43.458+0000] {task_command.py:410} INFO - Running <TaskInstance: dag_with_taskflow_api_v02.greet scheduled__2022-03-06T00:00:00+00:00 [running]> on host b1ae37a9584e
[2023-05-25T10:23:44.562+0000] {taskinstance.py:1547} INFO - Exporting env vars: AIRFLOW_CTX_DAG_OWNER='Sai' AIRFLOW_CTX_DAG_ID='dag_with_taskflow_api_v02' AIRFLOW_CTX_TASK_ID='greet' AIRFLOW_CTX_EXECUTION_DATE='2022-03-06T00:00:00+00:00' AIRFLOW_CTX_TRY_NUMBER='1' AIRFLOW_CTX_DAG_RUN_ID='scheduled__2022-03-06T00:00:00+00:00'
[2023-05-25T10:23:44.564+0000] {logging_mixin.py:149} INFO - Hello World! My name is Sai Tr and I am 19 years old!
[2023-05-25T10:23:44.565+0000] {python.py:183} INFO - Done. Returned value was: None
[2023-05-25T10:23:44.702+0000] {taskinstance.py:1350} INFO - Marking task as SUCCESS. dag_id=dag_with_taskflow_api_v02, task_id=greet, execution_date=20220306T000000, start_date=20230525T102342, end_date=20230525T102344
[2023-05-25T10:23:44.887+0000] {local_task_job_runner.py:225} INFO - Task exited with return code 0
[2023-05-25T10:23:45.003+0000] {taskinstance.py:2651} INFO - 0 downstream tasks scheduled from follow-on schedule check
