[2023-05-24T15:28:05.487+0000] {taskinstance.py:1103} INFO - Dependencies all met for dep_context=non-requeueable deps ti=<TaskInstance: dag_with_taskflow_api_v02.greet scheduled__2022-12-24T00:00:00+00:00 [queued]>
[2023-05-24T15:28:05.600+0000] {taskinstance.py:1103} INFO - Dependencies all met for dep_context=requeueable deps ti=<TaskInstance: dag_with_taskflow_api_v02.greet scheduled__2022-12-24T00:00:00+00:00 [queued]>
[2023-05-24T15:28:05.600+0000] {taskinstance.py:1308} INFO - Starting attempt 1 of 6
[2023-05-24T15:28:06.005+0000] {taskinstance.py:1327} INFO - Executing <Task(_PythonDecoratedOperator): greet> on 2022-12-24 00:00:00+00:00
[2023-05-24T15:28:06.026+0000] {standard_task_runner.py:57} INFO - Started process 3064 to run task
[2023-05-24T15:28:06.049+0000] {standard_task_runner.py:84} INFO - Running: ['***', 'tasks', 'run', 'dag_with_taskflow_api_v02', 'greet', 'scheduled__2022-12-24T00:00:00+00:00', '--job-id', '1289', '--raw', '--subdir', 'DAGS_FOLDER/first_dag.py', '--cfg-path', '/tmp/tmp6vzko8dy']
[2023-05-24T15:28:06.072+0000] {standard_task_runner.py:85} INFO - Job 1289: Subtask greet
[2023-05-24T15:28:06.345+0000] {task_command.py:410} INFO - Running <TaskInstance: dag_with_taskflow_api_v02.greet scheduled__2022-12-24T00:00:00+00:00 [running]> on host 942de29f183d
[2023-05-24T15:28:06.971+0000] {taskinstance.py:1547} INFO - Exporting env vars: AIRFLOW_CTX_DAG_OWNER='Sai' AIRFLOW_CTX_DAG_ID='dag_with_taskflow_api_v02' AIRFLOW_CTX_TASK_ID='greet' AIRFLOW_CTX_EXECUTION_DATE='2022-12-24T00:00:00+00:00' AIRFLOW_CTX_TRY_NUMBER='1' AIRFLOW_CTX_DAG_RUN_ID='scheduled__2022-12-24T00:00:00+00:00'
[2023-05-24T15:28:06.972+0000] {logging_mixin.py:149} INFO - Hello World! My name is Sai Tr and I am 19 years old!
[2023-05-24T15:28:06.973+0000] {python.py:183} INFO - Done. Returned value was: None
[2023-05-24T15:28:07.001+0000] {taskinstance.py:1350} INFO - Marking task as SUCCESS. dag_id=dag_with_taskflow_api_v02, task_id=greet, execution_date=20221224T000000, start_date=20230524T152805, end_date=20230524T152807
[2023-05-24T15:28:07.063+0000] {local_task_job_runner.py:225} INFO - Task exited with return code 0
[2023-05-24T15:28:07.116+0000] {taskinstance.py:2651} INFO - 0 downstream tasks scheduled from follow-on schedule check
[2023-05-25T07:00:37.197+0000] {taskinstance.py:1103} INFO - Dependencies all met for dep_context=non-requeueable deps ti=<TaskInstance: dag_with_taskflow_api_v02.greet scheduled__2022-12-24T00:00:00+00:00 [queued]>
[2023-05-25T07:00:37.214+0000] {taskinstance.py:1103} INFO - Dependencies all met for dep_context=requeueable deps ti=<TaskInstance: dag_with_taskflow_api_v02.greet scheduled__2022-12-24T00:00:00+00:00 [queued]>
[2023-05-25T07:00:37.215+0000] {taskinstance.py:1308} INFO - Starting attempt 1 of 6
[2023-05-25T07:00:37.253+0000] {taskinstance.py:1327} INFO - Executing <Task(_PythonDecoratedOperator): greet> on 2022-12-24 00:00:00+00:00
[2023-05-25T07:00:37.260+0000] {standard_task_runner.py:57} INFO - Started process 4570 to run task
[2023-05-25T07:00:37.266+0000] {standard_task_runner.py:84} INFO - Running: ['***', 'tasks', 'run', 'dag_with_taskflow_api_v02', 'greet', 'scheduled__2022-12-24T00:00:00+00:00', '--job-id', '1285', '--raw', '--subdir', 'DAGS_FOLDER/first_dag.py', '--cfg-path', '/tmp/tmpfa_2jx7q']
[2023-05-25T07:00:37.269+0000] {standard_task_runner.py:85} INFO - Job 1285: Subtask greet
[2023-05-25T07:00:37.352+0000] {task_command.py:410} INFO - Running <TaskInstance: dag_with_taskflow_api_v02.greet scheduled__2022-12-24T00:00:00+00:00 [running]> on host 6bd07c7477d9
[2023-05-25T07:00:37.625+0000] {taskinstance.py:1547} INFO - Exporting env vars: AIRFLOW_CTX_DAG_OWNER='Sai' AIRFLOW_CTX_DAG_ID='dag_with_taskflow_api_v02' AIRFLOW_CTX_TASK_ID='greet' AIRFLOW_CTX_EXECUTION_DATE='2022-12-24T00:00:00+00:00' AIRFLOW_CTX_TRY_NUMBER='1' AIRFLOW_CTX_DAG_RUN_ID='scheduled__2022-12-24T00:00:00+00:00'
[2023-05-25T07:00:37.627+0000] {logging_mixin.py:149} INFO - Hello World! My name is Sai Tr and I am 19 years old!
[2023-05-25T07:00:37.627+0000] {python.py:183} INFO - Done. Returned value was: None
[2023-05-25T07:00:37.640+0000] {taskinstance.py:1350} INFO - Marking task as SUCCESS. dag_id=dag_with_taskflow_api_v02, task_id=greet, execution_date=20221224T000000, start_date=20230525T070037, end_date=20230525T070037
[2023-05-25T07:00:37.679+0000] {local_task_job_runner.py:225} INFO - Task exited with return code 0
[2023-05-25T07:00:37.717+0000] {taskinstance.py:2651} INFO - 0 downstream tasks scheduled from follow-on schedule check
[2023-05-25T10:34:49.652+0000] {taskinstance.py:1103} INFO - Dependencies all met for dep_context=non-requeueable deps ti=<TaskInstance: dag_with_taskflow_api_v02.greet scheduled__2022-12-24T00:00:00+00:00 [queued]>
[2023-05-25T10:34:49.710+0000] {taskinstance.py:1103} INFO - Dependencies all met for dep_context=requeueable deps ti=<TaskInstance: dag_with_taskflow_api_v02.greet scheduled__2022-12-24T00:00:00+00:00 [queued]>
[2023-05-25T10:34:49.711+0000] {taskinstance.py:1308} INFO - Starting attempt 1 of 6
[2023-05-25T10:34:49.755+0000] {taskinstance.py:1327} INFO - Executing <Task(_PythonDecoratedOperator): greet> on 2022-12-24 00:00:00+00:00
[2023-05-25T10:34:49.803+0000] {standard_task_runner.py:57} INFO - Started process 4247 to run task
[2023-05-25T10:34:49.843+0000] {standard_task_runner.py:84} INFO - Running: ['***', 'tasks', 'run', 'dag_with_taskflow_api_v02', 'greet', 'scheduled__2022-12-24T00:00:00+00:00', '--job-id', '1306', '--raw', '--subdir', 'DAGS_FOLDER/first_dag.py', '--cfg-path', '/tmp/tmpj2rieopo']
[2023-05-25T10:34:49.853+0000] {standard_task_runner.py:85} INFO - Job 1306: Subtask greet
[2023-05-25T10:34:50.246+0000] {task_command.py:410} INFO - Running <TaskInstance: dag_with_taskflow_api_v02.greet scheduled__2022-12-24T00:00:00+00:00 [running]> on host b1ae37a9584e
[2023-05-25T10:34:51.370+0000] {taskinstance.py:1547} INFO - Exporting env vars: AIRFLOW_CTX_DAG_OWNER='Sai' AIRFLOW_CTX_DAG_ID='dag_with_taskflow_api_v02' AIRFLOW_CTX_TASK_ID='greet' AIRFLOW_CTX_EXECUTION_DATE='2022-12-24T00:00:00+00:00' AIRFLOW_CTX_TRY_NUMBER='1' AIRFLOW_CTX_DAG_RUN_ID='scheduled__2022-12-24T00:00:00+00:00'
[2023-05-25T10:34:51.371+0000] {logging_mixin.py:149} INFO - Hello World! My name is Sai Tr and I am 19 years old!
[2023-05-25T10:34:51.371+0000] {python.py:183} INFO - Done. Returned value was: None
[2023-05-25T10:34:51.418+0000] {taskinstance.py:1350} INFO - Marking task as SUCCESS. dag_id=dag_with_taskflow_api_v02, task_id=greet, execution_date=20221224T000000, start_date=20230525T103449, end_date=20230525T103451
[2023-05-25T10:34:51.717+0000] {local_task_job_runner.py:225} INFO - Task exited with return code 0
[2023-05-25T10:34:52.396+0000] {taskinstance.py:2651} INFO - 0 downstream tasks scheduled from follow-on schedule check
