[2023-05-24T15:26:55.619+0000] {taskinstance.py:1103} INFO - Dependencies all met for dep_context=non-requeueable deps ti=<TaskInstance: dag_with_taskflow_api_v02.get_name scheduled__2022-11-17T00:00:00+00:00 [queued]>
[2023-05-24T15:26:55.679+0000] {taskinstance.py:1103} INFO - Dependencies all met for dep_context=requeueable deps ti=<TaskInstance: dag_with_taskflow_api_v02.get_name scheduled__2022-11-17T00:00:00+00:00 [queued]>
[2023-05-24T15:26:55.680+0000] {taskinstance.py:1308} INFO - Starting attempt 1 of 6
[2023-05-24T15:26:55.836+0000] {taskinstance.py:1327} INFO - Executing <Task(_PythonDecoratedOperator): get_name> on 2022-11-17 00:00:00+00:00
[2023-05-24T15:26:55.861+0000] {standard_task_runner.py:57} INFO - Started process 2789 to run task
[2023-05-24T15:26:55.892+0000] {standard_task_runner.py:84} INFO - Running: ['***', 'tasks', 'run', 'dag_with_taskflow_api_v02', 'get_name', 'scheduled__2022-11-17T00:00:00+00:00', '--job-id', '1162', '--raw', '--subdir', 'DAGS_FOLDER/first_dag.py', '--cfg-path', '/tmp/tmpyy3e91n0']
[2023-05-24T15:26:55.927+0000] {standard_task_runner.py:85} INFO - Job 1162: Subtask get_name
[2023-05-24T15:26:56.203+0000] {task_command.py:410} INFO - Running <TaskInstance: dag_with_taskflow_api_v02.get_name scheduled__2022-11-17T00:00:00+00:00 [running]> on host 942de29f183d
[2023-05-24T15:26:56.787+0000] {taskinstance.py:1547} INFO - Exporting env vars: AIRFLOW_CTX_DAG_OWNER='Sai' AIRFLOW_CTX_DAG_ID='dag_with_taskflow_api_v02' AIRFLOW_CTX_TASK_ID='get_name' AIRFLOW_CTX_EXECUTION_DATE='2022-11-17T00:00:00+00:00' AIRFLOW_CTX_TRY_NUMBER='1' AIRFLOW_CTX_DAG_RUN_ID='scheduled__2022-11-17T00:00:00+00:00'
[2023-05-24T15:26:56.788+0000] {python.py:183} INFO - Done. Returned value was: {'first_name': 'Sai', 'last_name': 'Tr'}
[2023-05-24T15:26:56.961+0000] {taskinstance.py:1350} INFO - Marking task as SUCCESS. dag_id=dag_with_taskflow_api_v02, task_id=get_name, execution_date=20221117T000000, start_date=20230524T152655, end_date=20230524T152656
[2023-05-24T15:26:57.290+0000] {local_task_job_runner.py:225} INFO - Task exited with return code 0
[2023-05-24T15:26:57.413+0000] {taskinstance.py:2651} INFO - 0 downstream tasks scheduled from follow-on schedule check
[2023-05-25T06:59:36.015+0000] {taskinstance.py:1103} INFO - Dependencies all met for dep_context=non-requeueable deps ti=<TaskInstance: dag_with_taskflow_api_v02.get_name scheduled__2022-11-17T00:00:00+00:00 [queued]>
[2023-05-25T06:59:36.090+0000] {taskinstance.py:1103} INFO - Dependencies all met for dep_context=requeueable deps ti=<TaskInstance: dag_with_taskflow_api_v02.get_name scheduled__2022-11-17T00:00:00+00:00 [queued]>
[2023-05-25T06:59:36.097+0000] {taskinstance.py:1308} INFO - Starting attempt 1 of 6
[2023-05-25T06:59:36.417+0000] {taskinstance.py:1327} INFO - Executing <Task(_PythonDecoratedOperator): get_name> on 2022-11-17 00:00:00+00:00
[2023-05-25T06:59:36.440+0000] {standard_task_runner.py:57} INFO - Started process 4319 to run task
[2023-05-25T06:59:36.478+0000] {standard_task_runner.py:84} INFO - Running: ['***', 'tasks', 'run', 'dag_with_taskflow_api_v02', 'get_name', 'scheduled__2022-11-17T00:00:00+00:00', '--job-id', '1166', '--raw', '--subdir', 'DAGS_FOLDER/first_dag.py', '--cfg-path', '/tmp/tmp088dbp7b']
[2023-05-25T06:59:36.496+0000] {standard_task_runner.py:85} INFO - Job 1166: Subtask get_name
[2023-05-25T06:59:36.810+0000] {task_command.py:410} INFO - Running <TaskInstance: dag_with_taskflow_api_v02.get_name scheduled__2022-11-17T00:00:00+00:00 [running]> on host 6bd07c7477d9
[2023-05-25T06:59:37.456+0000] {taskinstance.py:1547} INFO - Exporting env vars: AIRFLOW_CTX_DAG_OWNER='Sai' AIRFLOW_CTX_DAG_ID='dag_with_taskflow_api_v02' AIRFLOW_CTX_TASK_ID='get_name' AIRFLOW_CTX_EXECUTION_DATE='2022-11-17T00:00:00+00:00' AIRFLOW_CTX_TRY_NUMBER='1' AIRFLOW_CTX_DAG_RUN_ID='scheduled__2022-11-17T00:00:00+00:00'
[2023-05-25T06:59:37.458+0000] {python.py:183} INFO - Done. Returned value was: {'first_name': 'Sai', 'last_name': 'Tr'}
[2023-05-25T06:59:37.664+0000] {taskinstance.py:1350} INFO - Marking task as SUCCESS. dag_id=dag_with_taskflow_api_v02, task_id=get_name, execution_date=20221117T000000, start_date=20230525T065936, end_date=20230525T065937
[2023-05-25T06:59:37.775+0000] {local_task_job_runner.py:225} INFO - Task exited with return code 0
[2023-05-25T06:59:38.095+0000] {taskinstance.py:2651} INFO - 0 downstream tasks scheduled from follow-on schedule check
[2023-05-25T10:33:16.894+0000] {taskinstance.py:1103} INFO - Dependencies all met for dep_context=non-requeueable deps ti=<TaskInstance: dag_with_taskflow_api_v02.get_name scheduled__2022-11-17T00:00:00+00:00 [queued]>
[2023-05-25T10:33:17.038+0000] {taskinstance.py:1103} INFO - Dependencies all met for dep_context=requeueable deps ti=<TaskInstance: dag_with_taskflow_api_v02.get_name scheduled__2022-11-17T00:00:00+00:00 [queued]>
[2023-05-25T10:33:17.038+0000] {taskinstance.py:1308} INFO - Starting attempt 1 of 6
[2023-05-25T10:33:17.388+0000] {taskinstance.py:1327} INFO - Executing <Task(_PythonDecoratedOperator): get_name> on 2022-11-17 00:00:00+00:00
[2023-05-25T10:33:17.449+0000] {standard_task_runner.py:84} INFO - Running: ['***', 'tasks', 'run', 'dag_with_taskflow_api_v02', 'get_name', 'scheduled__2022-11-17T00:00:00+00:00', '--job-id', '1176', '--raw', '--subdir', 'DAGS_FOLDER/first_dag.py', '--cfg-path', '/tmp/tmpkv5qhwpi']
[2023-05-25T10:33:17.454+0000] {standard_task_runner.py:85} INFO - Job 1176: Subtask get_name
[2023-05-25T10:33:17.417+0000] {standard_task_runner.py:57} INFO - Started process 3942 to run task
[2023-05-25T10:33:17.871+0000] {task_command.py:410} INFO - Running <TaskInstance: dag_with_taskflow_api_v02.get_name scheduled__2022-11-17T00:00:00+00:00 [running]> on host b1ae37a9584e
[2023-05-25T10:33:18.511+0000] {taskinstance.py:1547} INFO - Exporting env vars: AIRFLOW_CTX_DAG_OWNER='Sai' AIRFLOW_CTX_DAG_ID='dag_with_taskflow_api_v02' AIRFLOW_CTX_TASK_ID='get_name' AIRFLOW_CTX_EXECUTION_DATE='2022-11-17T00:00:00+00:00' AIRFLOW_CTX_TRY_NUMBER='1' AIRFLOW_CTX_DAG_RUN_ID='scheduled__2022-11-17T00:00:00+00:00'
[2023-05-25T10:33:18.512+0000] {python.py:183} INFO - Done. Returned value was: {'first_name': 'Sai', 'last_name': 'Tr'}
[2023-05-25T10:33:18.743+0000] {taskinstance.py:1350} INFO - Marking task as SUCCESS. dag_id=dag_with_taskflow_api_v02, task_id=get_name, execution_date=20221117T000000, start_date=20230525T103316, end_date=20230525T103318
[2023-05-25T10:33:18.845+0000] {local_task_job_runner.py:225} INFO - Task exited with return code 0
[2023-05-25T10:33:18.967+0000] {taskinstance.py:2651} INFO - 1 downstream tasks scheduled from follow-on schedule check
