[2023-05-24T15:21:16.544+0000] {taskinstance.py:1103} INFO - Dependencies all met for dep_context=non-requeueable deps ti=<TaskInstance: dag_with_taskflow_api_v02.get_age scheduled__2022-05-11T00:00:00+00:00 [queued]>
[2023-05-24T15:21:16.614+0000] {taskinstance.py:1103} INFO - Dependencies all met for dep_context=requeueable deps ti=<TaskInstance: dag_with_taskflow_api_v02.get_age scheduled__2022-05-11T00:00:00+00:00 [queued]>
[2023-05-24T15:21:16.614+0000] {taskinstance.py:1308} INFO - Starting attempt 1 of 6
[2023-05-24T15:21:16.724+0000] {taskinstance.py:1327} INFO - Executing <Task(_PythonDecoratedOperator): get_age> on 2022-05-11 00:00:00+00:00
[2023-05-24T15:21:16.747+0000] {standard_task_runner.py:57} INFO - Started process 1508 to run task
[2023-05-24T15:21:16.796+0000] {standard_task_runner.py:84} INFO - Running: ['***', 'tasks', 'run', 'dag_with_taskflow_api_v02', 'get_age', 'scheduled__2022-05-11T00:00:00+00:00', '--job-id', '587', '--raw', '--subdir', 'DAGS_FOLDER/first_dag.py', '--cfg-path', '/tmp/tmp4d19arxs']
[2023-05-24T15:21:16.818+0000] {standard_task_runner.py:85} INFO - Job 587: Subtask get_age
[2023-05-24T15:21:17.051+0000] {task_command.py:410} INFO - Running <TaskInstance: dag_with_taskflow_api_v02.get_age scheduled__2022-05-11T00:00:00+00:00 [running]> on host 942de29f183d
[2023-05-24T15:21:17.668+0000] {taskinstance.py:1547} INFO - Exporting env vars: AIRFLOW_CTX_DAG_OWNER='Sai' AIRFLOW_CTX_DAG_ID='dag_with_taskflow_api_v02' AIRFLOW_CTX_TASK_ID='get_age' AIRFLOW_CTX_EXECUTION_DATE='2022-05-11T00:00:00+00:00' AIRFLOW_CTX_TRY_NUMBER='1' AIRFLOW_CTX_DAG_RUN_ID='scheduled__2022-05-11T00:00:00+00:00'
[2023-05-24T15:21:17.669+0000] {python.py:183} INFO - Done. Returned value was: 19
[2023-05-24T15:21:17.786+0000] {taskinstance.py:1350} INFO - Marking task as SUCCESS. dag_id=dag_with_taskflow_api_v02, task_id=get_age, execution_date=20220511T000000, start_date=20230524T152116, end_date=20230524T152117
[2023-05-24T15:21:17.875+0000] {local_task_job_runner.py:225} INFO - Task exited with return code 0
[2023-05-24T15:21:18.064+0000] {taskinstance.py:2651} INFO - 0 downstream tasks scheduled from follow-on schedule check
[2023-05-25T06:54:18.731+0000] {taskinstance.py:1103} INFO - Dependencies all met for dep_context=non-requeueable deps ti=<TaskInstance: dag_with_taskflow_api_v02.get_age scheduled__2022-05-11T00:00:00+00:00 [queued]>
[2023-05-25T06:54:18.795+0000] {taskinstance.py:1103} INFO - Dependencies all met for dep_context=requeueable deps ti=<TaskInstance: dag_with_taskflow_api_v02.get_age scheduled__2022-05-11T00:00:00+00:00 [queued]>
[2023-05-25T06:54:18.806+0000] {taskinstance.py:1308} INFO - Starting attempt 1 of 6
[2023-05-25T06:54:18.933+0000] {taskinstance.py:1327} INFO - Executing <Task(_PythonDecoratedOperator): get_age> on 2022-05-11 00:00:00+00:00
[2023-05-25T06:54:18.965+0000] {standard_task_runner.py:57} INFO - Started process 3051 to run task
[2023-05-25T06:54:19.032+0000] {standard_task_runner.py:84} INFO - Running: ['***', 'tasks', 'run', 'dag_with_taskflow_api_v02', 'get_age', 'scheduled__2022-05-11T00:00:00+00:00', '--job-id', '594', '--raw', '--subdir', 'DAGS_FOLDER/first_dag.py', '--cfg-path', '/tmp/tmpir_hi3v9']
[2023-05-25T06:54:19.036+0000] {standard_task_runner.py:85} INFO - Job 594: Subtask get_age
[2023-05-25T06:54:19.387+0000] {task_command.py:410} INFO - Running <TaskInstance: dag_with_taskflow_api_v02.get_age scheduled__2022-05-11T00:00:00+00:00 [running]> on host 6bd07c7477d9
[2023-05-25T06:54:20.027+0000] {taskinstance.py:1547} INFO - Exporting env vars: AIRFLOW_CTX_DAG_OWNER='Sai' AIRFLOW_CTX_DAG_ID='dag_with_taskflow_api_v02' AIRFLOW_CTX_TASK_ID='get_age' AIRFLOW_CTX_EXECUTION_DATE='2022-05-11T00:00:00+00:00' AIRFLOW_CTX_TRY_NUMBER='1' AIRFLOW_CTX_DAG_RUN_ID='scheduled__2022-05-11T00:00:00+00:00'
[2023-05-25T06:54:20.029+0000] {python.py:183} INFO - Done. Returned value was: 19
[2023-05-25T06:54:20.193+0000] {taskinstance.py:1350} INFO - Marking task as SUCCESS. dag_id=dag_with_taskflow_api_v02, task_id=get_age, execution_date=20220511T000000, start_date=20230525T065418, end_date=20230525T065420
[2023-05-25T06:54:20.737+0000] {local_task_job_runner.py:225} INFO - Task exited with return code 0
[2023-05-25T06:54:20.894+0000] {taskinstance.py:2651} INFO - 1 downstream tasks scheduled from follow-on schedule check
[2023-05-25T10:25:43.088+0000] {taskinstance.py:1103} INFO - Dependencies all met for dep_context=non-requeueable deps ti=<TaskInstance: dag_with_taskflow_api_v02.get_age scheduled__2022-05-11T00:00:00+00:00 [queued]>
[2023-05-25T10:25:43.158+0000] {taskinstance.py:1103} INFO - Dependencies all met for dep_context=requeueable deps ti=<TaskInstance: dag_with_taskflow_api_v02.get_age scheduled__2022-05-11T00:00:00+00:00 [queued]>
[2023-05-25T10:25:43.159+0000] {taskinstance.py:1308} INFO - Starting attempt 1 of 6
[2023-05-25T10:25:43.340+0000] {taskinstance.py:1327} INFO - Executing <Task(_PythonDecoratedOperator): get_age> on 2022-05-11 00:00:00+00:00
[2023-05-25T10:25:43.349+0000] {standard_task_runner.py:57} INFO - Started process 2643 to run task
[2023-05-25T10:25:43.452+0000] {standard_task_runner.py:84} INFO - Running: ['***', 'tasks', 'run', 'dag_with_taskflow_api_v02', 'get_age', 'scheduled__2022-05-11T00:00:00+00:00', '--job-id', '607', '--raw', '--subdir', 'DAGS_FOLDER/first_dag.py', '--cfg-path', '/tmp/tmpwobowfjq']
[2023-05-25T10:25:43.460+0000] {standard_task_runner.py:85} INFO - Job 607: Subtask get_age
[2023-05-25T10:25:43.798+0000] {task_command.py:410} INFO - Running <TaskInstance: dag_with_taskflow_api_v02.get_age scheduled__2022-05-11T00:00:00+00:00 [running]> on host b1ae37a9584e
[2023-05-25T10:25:44.497+0000] {taskinstance.py:1547} INFO - Exporting env vars: AIRFLOW_CTX_DAG_OWNER='Sai' AIRFLOW_CTX_DAG_ID='dag_with_taskflow_api_v02' AIRFLOW_CTX_TASK_ID='get_age' AIRFLOW_CTX_EXECUTION_DATE='2022-05-11T00:00:00+00:00' AIRFLOW_CTX_TRY_NUMBER='1' AIRFLOW_CTX_DAG_RUN_ID='scheduled__2022-05-11T00:00:00+00:00'
[2023-05-25T10:25:44.498+0000] {python.py:183} INFO - Done. Returned value was: 19
[2023-05-25T10:25:44.666+0000] {taskinstance.py:1350} INFO - Marking task as SUCCESS. dag_id=dag_with_taskflow_api_v02, task_id=get_age, execution_date=20220511T000000, start_date=20230525T102543, end_date=20230525T102544
[2023-05-25T10:25:44.747+0000] {local_task_job_runner.py:225} INFO - Task exited with return code 0
[2023-05-25T10:25:44.988+0000] {taskinstance.py:2651} INFO - 0 downstream tasks scheduled from follow-on schedule check
