[2023-05-24T15:16:37.473+0000] {taskinstance.py:1103} INFO - Dependencies all met for dep_context=non-requeueable deps ti=<TaskInstance: dag_with_taskflow_api_v02.get_age scheduled__2021-12-14T00:00:00+00:00 [queued]>
[2023-05-24T15:16:37.511+0000] {taskinstance.py:1103} INFO - Dependencies all met for dep_context=requeueable deps ti=<TaskInstance: dag_with_taskflow_api_v02.get_age scheduled__2021-12-14T00:00:00+00:00 [queued]>
[2023-05-24T15:16:37.512+0000] {taskinstance.py:1308} INFO - Starting attempt 1 of 6
[2023-05-24T15:16:37.621+0000] {taskinstance.py:1327} INFO - Executing <Task(_PythonDecoratedOperator): get_age> on 2021-12-14 00:00:00+00:00
[2023-05-24T15:16:37.647+0000] {standard_task_runner.py:57} INFO - Started process 520 to run task
[2023-05-24T15:16:37.739+0000] {standard_task_runner.py:84} INFO - Running: ['***', 'tasks', 'run', 'dag_with_taskflow_api_v02', 'get_age', 'scheduled__2021-12-14T00:00:00+00:00', '--job-id', '147', '--raw', '--subdir', 'DAGS_FOLDER/first_dag.py', '--cfg-path', '/tmp/tmpan433q7d']
[2023-05-24T15:16:37.761+0000] {standard_task_runner.py:85} INFO - Job 147: Subtask get_age
[2023-05-24T15:16:38.188+0000] {task_command.py:410} INFO - Running <TaskInstance: dag_with_taskflow_api_v02.get_age scheduled__2021-12-14T00:00:00+00:00 [running]> on host 942de29f183d
[2023-05-24T15:16:38.893+0000] {taskinstance.py:1547} INFO - Exporting env vars: AIRFLOW_CTX_DAG_OWNER='Sai' AIRFLOW_CTX_DAG_ID='dag_with_taskflow_api_v02' AIRFLOW_CTX_TASK_ID='get_age' AIRFLOW_CTX_EXECUTION_DATE='2021-12-14T00:00:00+00:00' AIRFLOW_CTX_TRY_NUMBER='1' AIRFLOW_CTX_DAG_RUN_ID='scheduled__2021-12-14T00:00:00+00:00'
[2023-05-24T15:16:38.896+0000] {python.py:183} INFO - Done. Returned value was: 19
[2023-05-24T15:16:39.048+0000] {taskinstance.py:1350} INFO - Marking task as SUCCESS. dag_id=dag_with_taskflow_api_v02, task_id=get_age, execution_date=20211214T000000, start_date=20230524T151637, end_date=20230524T151639
[2023-05-24T15:16:39.261+0000] {local_task_job_runner.py:225} INFO - Task exited with return code 0
[2023-05-24T15:16:39.523+0000] {taskinstance.py:2651} INFO - 1 downstream tasks scheduled from follow-on schedule check
[2023-05-25T06:50:20.932+0000] {taskinstance.py:1103} INFO - Dependencies all met for dep_context=non-requeueable deps ti=<TaskInstance: dag_with_taskflow_api_v02.get_age scheduled__2021-12-14T00:00:00+00:00 [queued]>
[2023-05-25T06:50:21.019+0000] {taskinstance.py:1103} INFO - Dependencies all met for dep_context=requeueable deps ti=<TaskInstance: dag_with_taskflow_api_v02.get_age scheduled__2021-12-14T00:00:00+00:00 [queued]>
[2023-05-25T06:50:21.021+0000] {taskinstance.py:1308} INFO - Starting attempt 1 of 6
[2023-05-25T06:50:21.233+0000] {taskinstance.py:1327} INFO - Executing <Task(_PythonDecoratedOperator): get_age> on 2021-12-14 00:00:00+00:00
[2023-05-25T06:50:21.274+0000] {standard_task_runner.py:57} INFO - Started process 2068 to run task
[2023-05-25T06:50:21.339+0000] {standard_task_runner.py:84} INFO - Running: ['***', 'tasks', 'run', 'dag_with_taskflow_api_v02', 'get_age', 'scheduled__2021-12-14T00:00:00+00:00', '--job-id', '150', '--raw', '--subdir', 'DAGS_FOLDER/first_dag.py', '--cfg-path', '/tmp/tmppz8a3wf9']
[2023-05-25T06:50:21.359+0000] {standard_task_runner.py:85} INFO - Job 150: Subtask get_age
[2023-05-25T06:50:21.829+0000] {task_command.py:410} INFO - Running <TaskInstance: dag_with_taskflow_api_v02.get_age scheduled__2021-12-14T00:00:00+00:00 [running]> on host 6bd07c7477d9
[2023-05-25T06:50:22.449+0000] {taskinstance.py:1547} INFO - Exporting env vars: AIRFLOW_CTX_DAG_OWNER='Sai' AIRFLOW_CTX_DAG_ID='dag_with_taskflow_api_v02' AIRFLOW_CTX_TASK_ID='get_age' AIRFLOW_CTX_EXECUTION_DATE='2021-12-14T00:00:00+00:00' AIRFLOW_CTX_TRY_NUMBER='1' AIRFLOW_CTX_DAG_RUN_ID='scheduled__2021-12-14T00:00:00+00:00'
[2023-05-25T06:50:22.459+0000] {python.py:183} INFO - Done. Returned value was: 19
[2023-05-25T06:50:22.601+0000] {taskinstance.py:1350} INFO - Marking task as SUCCESS. dag_id=dag_with_taskflow_api_v02, task_id=get_age, execution_date=20211214T000000, start_date=20230525T065020, end_date=20230525T065022
[2023-05-25T06:50:22.800+0000] {local_task_job_runner.py:225} INFO - Task exited with return code 0
[2023-05-25T06:50:23.102+0000] {taskinstance.py:2651} INFO - 0 downstream tasks scheduled from follow-on schedule check
[2023-05-25T10:20:36.745+0000] {taskinstance.py:1103} INFO - Dependencies all met for dep_context=non-requeueable deps ti=<TaskInstance: dag_with_taskflow_api_v02.get_age scheduled__2021-12-14T00:00:00+00:00 [queued]>
[2023-05-25T10:20:36.787+0000] {taskinstance.py:1103} INFO - Dependencies all met for dep_context=requeueable deps ti=<TaskInstance: dag_with_taskflow_api_v02.get_age scheduled__2021-12-14T00:00:00+00:00 [queued]>
[2023-05-25T10:20:36.787+0000] {taskinstance.py:1308} INFO - Starting attempt 1 of 6
[2023-05-25T10:20:36.847+0000] {taskinstance.py:1327} INFO - Executing <Task(_PythonDecoratedOperator): get_age> on 2021-12-14 00:00:00+00:00
[2023-05-25T10:20:36.862+0000] {standard_task_runner.py:57} INFO - Started process 1594 to run task
[2023-05-25T10:20:36.878+0000] {standard_task_runner.py:84} INFO - Running: ['***', 'tasks', 'run', 'dag_with_taskflow_api_v02', 'get_age', 'scheduled__2021-12-14T00:00:00+00:00', '--job-id', '145', '--raw', '--subdir', 'DAGS_FOLDER/first_dag.py', '--cfg-path', '/tmp/tmpr9zl2i07']
[2023-05-25T10:20:36.902+0000] {standard_task_runner.py:85} INFO - Job 145: Subtask get_age
[2023-05-25T10:20:37.041+0000] {task_command.py:410} INFO - Running <TaskInstance: dag_with_taskflow_api_v02.get_age scheduled__2021-12-14T00:00:00+00:00 [running]> on host b1ae37a9584e
[2023-05-25T10:20:37.500+0000] {taskinstance.py:1547} INFO - Exporting env vars: AIRFLOW_CTX_DAG_OWNER='Sai' AIRFLOW_CTX_DAG_ID='dag_with_taskflow_api_v02' AIRFLOW_CTX_TASK_ID='get_age' AIRFLOW_CTX_EXECUTION_DATE='2021-12-14T00:00:00+00:00' AIRFLOW_CTX_TRY_NUMBER='1' AIRFLOW_CTX_DAG_RUN_ID='scheduled__2021-12-14T00:00:00+00:00'
[2023-05-25T10:20:37.501+0000] {python.py:183} INFO - Done. Returned value was: 19
[2023-05-25T10:20:37.584+0000] {taskinstance.py:1350} INFO - Marking task as SUCCESS. dag_id=dag_with_taskflow_api_v02, task_id=get_age, execution_date=20211214T000000, start_date=20230525T102036, end_date=20230525T102037
[2023-05-25T10:20:37.662+0000] {local_task_job_runner.py:225} INFO - Task exited with return code 0
[2023-05-25T10:20:37.944+0000] {taskinstance.py:2651} INFO - 1 downstream tasks scheduled from follow-on schedule check
