[2023-05-24T15:21:09.937+0000] {taskinstance.py:1103} INFO - Dependencies all met for dep_context=non-requeueable deps ti=<TaskInstance: dag_with_taskflow_api_v02.get_age scheduled__2022-05-03T00:00:00+00:00 [queued]>
[2023-05-24T15:21:10.005+0000] {taskinstance.py:1103} INFO - Dependencies all met for dep_context=requeueable deps ti=<TaskInstance: dag_with_taskflow_api_v02.get_age scheduled__2022-05-03T00:00:00+00:00 [queued]>
[2023-05-24T15:21:10.006+0000] {taskinstance.py:1308} INFO - Starting attempt 1 of 6
[2023-05-24T15:21:10.171+0000] {taskinstance.py:1327} INFO - Executing <Task(_PythonDecoratedOperator): get_age> on 2022-05-03 00:00:00+00:00
[2023-05-24T15:21:10.190+0000] {standard_task_runner.py:57} INFO - Started process 1487 to run task
[2023-05-24T15:21:10.242+0000] {standard_task_runner.py:84} INFO - Running: ['***', 'tasks', 'run', 'dag_with_taskflow_api_v02', 'get_age', 'scheduled__2022-05-03T00:00:00+00:00', '--job-id', '574', '--raw', '--subdir', 'DAGS_FOLDER/first_dag.py', '--cfg-path', '/tmp/tmpvscu4d5h']
[2023-05-24T15:21:10.318+0000] {standard_task_runner.py:85} INFO - Job 574: Subtask get_age
[2023-05-24T15:21:10.655+0000] {task_command.py:410} INFO - Running <TaskInstance: dag_with_taskflow_api_v02.get_age scheduled__2022-05-03T00:00:00+00:00 [running]> on host 942de29f183d
[2023-05-24T15:21:11.563+0000] {taskinstance.py:1547} INFO - Exporting env vars: AIRFLOW_CTX_DAG_OWNER='Sai' AIRFLOW_CTX_DAG_ID='dag_with_taskflow_api_v02' AIRFLOW_CTX_TASK_ID='get_age' AIRFLOW_CTX_EXECUTION_DATE='2022-05-03T00:00:00+00:00' AIRFLOW_CTX_TRY_NUMBER='1' AIRFLOW_CTX_DAG_RUN_ID='scheduled__2022-05-03T00:00:00+00:00'
[2023-05-24T15:21:11.564+0000] {python.py:183} INFO - Done. Returned value was: 19
[2023-05-24T15:21:11.743+0000] {taskinstance.py:1350} INFO - Marking task as SUCCESS. dag_id=dag_with_taskflow_api_v02, task_id=get_age, execution_date=20220503T000000, start_date=20230524T152109, end_date=20230524T152111
[2023-05-24T15:21:11.907+0000] {local_task_job_runner.py:225} INFO - Task exited with return code 0
[2023-05-24T15:21:12.072+0000] {taskinstance.py:2651} INFO - 1 downstream tasks scheduled from follow-on schedule check
[2023-05-25T06:54:04.294+0000] {taskinstance.py:1103} INFO - Dependencies all met for dep_context=non-requeueable deps ti=<TaskInstance: dag_with_taskflow_api_v02.get_age scheduled__2022-05-03T00:00:00+00:00 [queued]>
[2023-05-25T06:54:04.402+0000] {taskinstance.py:1103} INFO - Dependencies all met for dep_context=requeueable deps ti=<TaskInstance: dag_with_taskflow_api_v02.get_age scheduled__2022-05-03T00:00:00+00:00 [queued]>
[2023-05-25T06:54:04.421+0000] {taskinstance.py:1308} INFO - Starting attempt 1 of 6
[2023-05-25T06:54:05.272+0000] {taskinstance.py:1327} INFO - Executing <Task(_PythonDecoratedOperator): get_age> on 2022-05-03 00:00:00+00:00
[2023-05-25T06:54:05.311+0000] {standard_task_runner.py:57} INFO - Started process 2988 to run task
[2023-05-25T06:54:05.341+0000] {standard_task_runner.py:84} INFO - Running: ['***', 'tasks', 'run', 'dag_with_taskflow_api_v02', 'get_age', 'scheduled__2022-05-03T00:00:00+00:00', '--job-id', '567', '--raw', '--subdir', 'DAGS_FOLDER/first_dag.py', '--cfg-path', '/tmp/tmpj_ahpmzi']
[2023-05-25T06:54:05.366+0000] {standard_task_runner.py:85} INFO - Job 567: Subtask get_age
[2023-05-25T06:54:05.678+0000] {task_command.py:410} INFO - Running <TaskInstance: dag_with_taskflow_api_v02.get_age scheduled__2022-05-03T00:00:00+00:00 [running]> on host 6bd07c7477d9
[2023-05-25T06:54:06.281+0000] {taskinstance.py:1547} INFO - Exporting env vars: AIRFLOW_CTX_DAG_OWNER='Sai' AIRFLOW_CTX_DAG_ID='dag_with_taskflow_api_v02' AIRFLOW_CTX_TASK_ID='get_age' AIRFLOW_CTX_EXECUTION_DATE='2022-05-03T00:00:00+00:00' AIRFLOW_CTX_TRY_NUMBER='1' AIRFLOW_CTX_DAG_RUN_ID='scheduled__2022-05-03T00:00:00+00:00'
[2023-05-25T06:54:06.282+0000] {python.py:183} INFO - Done. Returned value was: 19
[2023-05-25T06:54:06.429+0000] {taskinstance.py:1350} INFO - Marking task as SUCCESS. dag_id=dag_with_taskflow_api_v02, task_id=get_age, execution_date=20220503T000000, start_date=20230525T065404, end_date=20230525T065406
[2023-05-25T06:54:06.601+0000] {local_task_job_runner.py:225} INFO - Task exited with return code 0
[2023-05-25T06:54:06.743+0000] {taskinstance.py:2651} INFO - 1 downstream tasks scheduled from follow-on schedule check
[2023-05-25T10:25:27.558+0000] {taskinstance.py:1103} INFO - Dependencies all met for dep_context=non-requeueable deps ti=<TaskInstance: dag_with_taskflow_api_v02.get_age scheduled__2022-05-03T00:00:00+00:00 [queued]>
[2023-05-25T10:25:27.611+0000] {taskinstance.py:1103} INFO - Dependencies all met for dep_context=requeueable deps ti=<TaskInstance: dag_with_taskflow_api_v02.get_age scheduled__2022-05-03T00:00:00+00:00 [queued]>
[2023-05-25T10:25:27.612+0000] {taskinstance.py:1308} INFO - Starting attempt 1 of 6
[2023-05-25T10:25:27.799+0000] {taskinstance.py:1327} INFO - Executing <Task(_PythonDecoratedOperator): get_age> on 2022-05-03 00:00:00+00:00
[2023-05-25T10:25:27.809+0000] {standard_task_runner.py:57} INFO - Started process 2576 to run task
[2023-05-25T10:25:27.840+0000] {standard_task_runner.py:84} INFO - Running: ['***', 'tasks', 'run', 'dag_with_taskflow_api_v02', 'get_age', 'scheduled__2022-05-03T00:00:00+00:00', '--job-id', '579', '--raw', '--subdir', 'DAGS_FOLDER/first_dag.py', '--cfg-path', '/tmp/tmpr7n2wm5x']
[2023-05-25T10:25:27.858+0000] {standard_task_runner.py:85} INFO - Job 579: Subtask get_age
[2023-05-25T10:25:28.380+0000] {task_command.py:410} INFO - Running <TaskInstance: dag_with_taskflow_api_v02.get_age scheduled__2022-05-03T00:00:00+00:00 [running]> on host b1ae37a9584e
[2023-05-25T10:25:29.194+0000] {taskinstance.py:1547} INFO - Exporting env vars: AIRFLOW_CTX_DAG_OWNER='Sai' AIRFLOW_CTX_DAG_ID='dag_with_taskflow_api_v02' AIRFLOW_CTX_TASK_ID='get_age' AIRFLOW_CTX_EXECUTION_DATE='2022-05-03T00:00:00+00:00' AIRFLOW_CTX_TRY_NUMBER='1' AIRFLOW_CTX_DAG_RUN_ID='scheduled__2022-05-03T00:00:00+00:00'
[2023-05-25T10:25:29.200+0000] {python.py:183} INFO - Done. Returned value was: 19
[2023-05-25T10:25:29.355+0000] {taskinstance.py:1350} INFO - Marking task as SUCCESS. dag_id=dag_with_taskflow_api_v02, task_id=get_age, execution_date=20220503T000000, start_date=20230525T102527, end_date=20230525T102529
[2023-05-25T10:25:29.520+0000] {local_task_job_runner.py:225} INFO - Task exited with return code 0
[2023-05-25T10:25:29.807+0000] {taskinstance.py:2651} INFO - 1 downstream tasks scheduled from follow-on schedule check
