[2023-05-24T15:18:56.366+0000] {taskinstance.py:1103} INFO - Dependencies all met for dep_context=non-requeueable deps ti=<TaskInstance: dag_with_taskflow_api_v02.get_age scheduled__2022-02-22T00:00:00+00:00 [queued]>
[2023-05-24T15:18:56.525+0000] {taskinstance.py:1103} INFO - Dependencies all met for dep_context=requeueable deps ti=<TaskInstance: dag_with_taskflow_api_v02.get_age scheduled__2022-02-22T00:00:00+00:00 [queued]>
[2023-05-24T15:18:56.526+0000] {taskinstance.py:1308} INFO - Starting attempt 1 of 6
[2023-05-24T15:18:57.255+0000] {taskinstance.py:1327} INFO - Executing <Task(_PythonDecoratedOperator): get_age> on 2022-02-22 00:00:00+00:00
[2023-05-24T15:18:57.271+0000] {standard_task_runner.py:57} INFO - Started process 996 to run task
[2023-05-24T15:18:57.316+0000] {standard_task_runner.py:84} INFO - Running: ['***', 'tasks', 'run', 'dag_with_taskflow_api_v02', 'get_age', 'scheduled__2022-02-22T00:00:00+00:00', '--job-id', '357', '--raw', '--subdir', 'DAGS_FOLDER/first_dag.py', '--cfg-path', '/tmp/tmpje1cm6sg']
[2023-05-24T15:18:57.340+0000] {standard_task_runner.py:85} INFO - Job 357: Subtask get_age
[2023-05-24T15:18:57.771+0000] {task_command.py:410} INFO - Running <TaskInstance: dag_with_taskflow_api_v02.get_age scheduled__2022-02-22T00:00:00+00:00 [running]> on host 942de29f183d
[2023-05-24T15:18:58.647+0000] {taskinstance.py:1547} INFO - Exporting env vars: AIRFLOW_CTX_DAG_OWNER='Sai' AIRFLOW_CTX_DAG_ID='dag_with_taskflow_api_v02' AIRFLOW_CTX_TASK_ID='get_age' AIRFLOW_CTX_EXECUTION_DATE='2022-02-22T00:00:00+00:00' AIRFLOW_CTX_TRY_NUMBER='1' AIRFLOW_CTX_DAG_RUN_ID='scheduled__2022-02-22T00:00:00+00:00'
[2023-05-24T15:18:58.648+0000] {python.py:183} INFO - Done. Returned value was: 19
[2023-05-24T15:18:58.756+0000] {taskinstance.py:1350} INFO - Marking task as SUCCESS. dag_id=dag_with_taskflow_api_v02, task_id=get_age, execution_date=20220222T000000, start_date=20230524T151856, end_date=20230524T151858
[2023-05-24T15:18:58.863+0000] {local_task_job_runner.py:225} INFO - Task exited with return code 0
[2023-05-24T15:18:59.310+0000] {taskinstance.py:2651} INFO - 0 downstream tasks scheduled from follow-on schedule check
[2023-05-25T06:52:12.719+0000] {taskinstance.py:1103} INFO - Dependencies all met for dep_context=non-requeueable deps ti=<TaskInstance: dag_with_taskflow_api_v02.get_age scheduled__2022-02-22T00:00:00+00:00 [queued]>
[2023-05-25T06:52:12.761+0000] {taskinstance.py:1103} INFO - Dependencies all met for dep_context=requeueable deps ti=<TaskInstance: dag_with_taskflow_api_v02.get_age scheduled__2022-02-22T00:00:00+00:00 [queued]>
[2023-05-25T06:52:12.761+0000] {taskinstance.py:1308} INFO - Starting attempt 1 of 6
[2023-05-25T06:52:12.875+0000] {taskinstance.py:1327} INFO - Executing <Task(_PythonDecoratedOperator): get_age> on 2022-02-22 00:00:00+00:00
[2023-05-25T06:52:12.883+0000] {standard_task_runner.py:57} INFO - Started process 2528 to run task
[2023-05-25T06:52:12.925+0000] {standard_task_runner.py:84} INFO - Running: ['***', 'tasks', 'run', 'dag_with_taskflow_api_v02', 'get_age', 'scheduled__2022-02-22T00:00:00+00:00', '--job-id', '360', '--raw', '--subdir', 'DAGS_FOLDER/first_dag.py', '--cfg-path', '/tmp/tmpo1u6eulr']
[2023-05-25T06:52:12.934+0000] {standard_task_runner.py:85} INFO - Job 360: Subtask get_age
[2023-05-25T06:52:13.175+0000] {task_command.py:410} INFO - Running <TaskInstance: dag_with_taskflow_api_v02.get_age scheduled__2022-02-22T00:00:00+00:00 [running]> on host 6bd07c7477d9
[2023-05-25T06:52:13.637+0000] {taskinstance.py:1547} INFO - Exporting env vars: AIRFLOW_CTX_DAG_OWNER='Sai' AIRFLOW_CTX_DAG_ID='dag_with_taskflow_api_v02' AIRFLOW_CTX_TASK_ID='get_age' AIRFLOW_CTX_EXECUTION_DATE='2022-02-22T00:00:00+00:00' AIRFLOW_CTX_TRY_NUMBER='1' AIRFLOW_CTX_DAG_RUN_ID='scheduled__2022-02-22T00:00:00+00:00'
[2023-05-25T06:52:13.641+0000] {python.py:183} INFO - Done. Returned value was: 19
[2023-05-25T06:52:13.693+0000] {taskinstance.py:1350} INFO - Marking task as SUCCESS. dag_id=dag_with_taskflow_api_v02, task_id=get_age, execution_date=20220222T000000, start_date=20230525T065212, end_date=20230525T065213
[2023-05-25T06:52:13.738+0000] {local_task_job_runner.py:225} INFO - Task exited with return code 0
[2023-05-25T06:52:13.791+0000] {taskinstance.py:2651} INFO - 1 downstream tasks scheduled from follow-on schedule check
[2023-05-25T10:23:07.413+0000] {taskinstance.py:1103} INFO - Dependencies all met for dep_context=non-requeueable deps ti=<TaskInstance: dag_with_taskflow_api_v02.get_age scheduled__2022-02-22T00:00:00+00:00 [queued]>
[2023-05-25T10:23:07.450+0000] {taskinstance.py:1103} INFO - Dependencies all met for dep_context=requeueable deps ti=<TaskInstance: dag_with_taskflow_api_v02.get_age scheduled__2022-02-22T00:00:00+00:00 [queued]>
[2023-05-25T10:23:07.450+0000] {taskinstance.py:1308} INFO - Starting attempt 1 of 6
[2023-05-25T10:23:08.018+0000] {taskinstance.py:1327} INFO - Executing <Task(_PythonDecoratedOperator): get_age> on 2022-02-22 00:00:00+00:00
[2023-05-25T10:23:08.024+0000] {standard_task_runner.py:57} INFO - Started process 2072 to run task
[2023-05-25T10:23:08.061+0000] {standard_task_runner.py:84} INFO - Running: ['***', 'tasks', 'run', 'dag_with_taskflow_api_v02', 'get_age', 'scheduled__2022-02-22T00:00:00+00:00', '--job-id', '353', '--raw', '--subdir', 'DAGS_FOLDER/first_dag.py', '--cfg-path', '/tmp/tmp1ksb_ike']
[2023-05-25T10:23:08.110+0000] {standard_task_runner.py:85} INFO - Job 353: Subtask get_age
[2023-05-25T10:23:08.621+0000] {task_command.py:410} INFO - Running <TaskInstance: dag_with_taskflow_api_v02.get_age scheduled__2022-02-22T00:00:00+00:00 [running]> on host b1ae37a9584e
[2023-05-25T10:23:09.243+0000] {taskinstance.py:1547} INFO - Exporting env vars: AIRFLOW_CTX_DAG_OWNER='Sai' AIRFLOW_CTX_DAG_ID='dag_with_taskflow_api_v02' AIRFLOW_CTX_TASK_ID='get_age' AIRFLOW_CTX_EXECUTION_DATE='2022-02-22T00:00:00+00:00' AIRFLOW_CTX_TRY_NUMBER='1' AIRFLOW_CTX_DAG_RUN_ID='scheduled__2022-02-22T00:00:00+00:00'
[2023-05-25T10:23:09.244+0000] {python.py:183} INFO - Done. Returned value was: 19
[2023-05-25T10:23:09.337+0000] {taskinstance.py:1350} INFO - Marking task as SUCCESS. dag_id=dag_with_taskflow_api_v02, task_id=get_age, execution_date=20220222T000000, start_date=20230525T102307, end_date=20230525T102309
[2023-05-25T10:23:09.428+0000] {local_task_job_runner.py:225} INFO - Task exited with return code 0
[2023-05-25T10:23:09.533+0000] {taskinstance.py:2651} INFO - 1 downstream tasks scheduled from follow-on schedule check
