[2023-05-24T15:21:16.717+0000] {taskinstance.py:1103} INFO - Dependencies all met for dep_context=non-requeueable deps ti=<TaskInstance: dag_with_taskflow_api_v02.get_age scheduled__2022-05-10T00:00:00+00:00 [queued]>
[2023-05-24T15:21:16.834+0000] {taskinstance.py:1103} INFO - Dependencies all met for dep_context=requeueable deps ti=<TaskInstance: dag_with_taskflow_api_v02.get_age scheduled__2022-05-10T00:00:00+00:00 [queued]>
[2023-05-24T15:21:16.835+0000] {taskinstance.py:1308} INFO - Starting attempt 1 of 6
[2023-05-24T15:21:17.150+0000] {taskinstance.py:1327} INFO - Executing <Task(_PythonDecoratedOperator): get_age> on 2022-05-10 00:00:00+00:00
[2023-05-24T15:21:17.157+0000] {standard_task_runner.py:57} INFO - Started process 1509 to run task
[2023-05-24T15:21:17.221+0000] {standard_task_runner.py:84} INFO - Running: ['***', 'tasks', 'run', 'dag_with_taskflow_api_v02', 'get_age', 'scheduled__2022-05-10T00:00:00+00:00', '--job-id', '588', '--raw', '--subdir', 'DAGS_FOLDER/first_dag.py', '--cfg-path', '/tmp/tmpj57dcr8p']
[2023-05-24T15:21:17.232+0000] {standard_task_runner.py:85} INFO - Job 588: Subtask get_age
[2023-05-24T15:21:17.583+0000] {task_command.py:410} INFO - Running <TaskInstance: dag_with_taskflow_api_v02.get_age scheduled__2022-05-10T00:00:00+00:00 [running]> on host 942de29f183d
[2023-05-24T15:21:18.272+0000] {taskinstance.py:1547} INFO - Exporting env vars: AIRFLOW_CTX_DAG_OWNER='Sai' AIRFLOW_CTX_DAG_ID='dag_with_taskflow_api_v02' AIRFLOW_CTX_TASK_ID='get_age' AIRFLOW_CTX_EXECUTION_DATE='2022-05-10T00:00:00+00:00' AIRFLOW_CTX_TRY_NUMBER='1' AIRFLOW_CTX_DAG_RUN_ID='scheduled__2022-05-10T00:00:00+00:00'
[2023-05-24T15:21:18.273+0000] {python.py:183} INFO - Done. Returned value was: 19
[2023-05-24T15:21:18.488+0000] {taskinstance.py:1350} INFO - Marking task as SUCCESS. dag_id=dag_with_taskflow_api_v02, task_id=get_age, execution_date=20220510T000000, start_date=20230524T152116, end_date=20230524T152118
[2023-05-24T15:21:18.660+0000] {local_task_job_runner.py:225} INFO - Task exited with return code 0
[2023-05-24T15:21:18.779+0000] {taskinstance.py:2651} INFO - 0 downstream tasks scheduled from follow-on schedule check
[2023-05-25T06:54:18.226+0000] {taskinstance.py:1103} INFO - Dependencies all met for dep_context=non-requeueable deps ti=<TaskInstance: dag_with_taskflow_api_v02.get_age scheduled__2022-05-10T00:00:00+00:00 [queued]>
[2023-05-25T06:54:18.423+0000] {taskinstance.py:1103} INFO - Dependencies all met for dep_context=requeueable deps ti=<TaskInstance: dag_with_taskflow_api_v02.get_age scheduled__2022-05-10T00:00:00+00:00 [queued]>
[2023-05-25T06:54:18.424+0000] {taskinstance.py:1308} INFO - Starting attempt 1 of 6
[2023-05-25T06:54:18.859+0000] {taskinstance.py:1327} INFO - Executing <Task(_PythonDecoratedOperator): get_age> on 2022-05-10 00:00:00+00:00
[2023-05-25T06:54:18.876+0000] {standard_task_runner.py:57} INFO - Started process 3050 to run task
[2023-05-25T06:54:18.945+0000] {standard_task_runner.py:84} INFO - Running: ['***', 'tasks', 'run', 'dag_with_taskflow_api_v02', 'get_age', 'scheduled__2022-05-10T00:00:00+00:00', '--job-id', '593', '--raw', '--subdir', 'DAGS_FOLDER/first_dag.py', '--cfg-path', '/tmp/tmpawuplr_s']
[2023-05-25T06:54:18.972+0000] {standard_task_runner.py:85} INFO - Job 593: Subtask get_age
[2023-05-25T06:54:19.283+0000] {task_command.py:410} INFO - Running <TaskInstance: dag_with_taskflow_api_v02.get_age scheduled__2022-05-10T00:00:00+00:00 [running]> on host 6bd07c7477d9
[2023-05-25T06:54:20.328+0000] {taskinstance.py:1547} INFO - Exporting env vars: AIRFLOW_CTX_DAG_OWNER='Sai' AIRFLOW_CTX_DAG_ID='dag_with_taskflow_api_v02' AIRFLOW_CTX_TASK_ID='get_age' AIRFLOW_CTX_EXECUTION_DATE='2022-05-10T00:00:00+00:00' AIRFLOW_CTX_TRY_NUMBER='1' AIRFLOW_CTX_DAG_RUN_ID='scheduled__2022-05-10T00:00:00+00:00'
[2023-05-25T06:54:20.330+0000] {python.py:183} INFO - Done. Returned value was: 19
[2023-05-25T06:54:20.420+0000] {taskinstance.py:1350} INFO - Marking task as SUCCESS. dag_id=dag_with_taskflow_api_v02, task_id=get_age, execution_date=20220510T000000, start_date=20230525T065418, end_date=20230525T065420
[2023-05-25T06:54:20.517+0000] {local_task_job_runner.py:225} INFO - Task exited with return code 0
[2023-05-25T06:54:20.714+0000] {taskinstance.py:2651} INFO - 1 downstream tasks scheduled from follow-on schedule check
[2023-05-25T10:25:42.353+0000] {taskinstance.py:1103} INFO - Dependencies all met for dep_context=non-requeueable deps ti=<TaskInstance: dag_with_taskflow_api_v02.get_age scheduled__2022-05-10T00:00:00+00:00 [queued]>
[2023-05-25T10:25:42.433+0000] {taskinstance.py:1103} INFO - Dependencies all met for dep_context=requeueable deps ti=<TaskInstance: dag_with_taskflow_api_v02.get_age scheduled__2022-05-10T00:00:00+00:00 [queued]>
[2023-05-25T10:25:42.436+0000] {taskinstance.py:1308} INFO - Starting attempt 1 of 6
[2023-05-25T10:25:42.995+0000] {taskinstance.py:1327} INFO - Executing <Task(_PythonDecoratedOperator): get_age> on 2022-05-10 00:00:00+00:00
[2023-05-25T10:25:43.047+0000] {standard_task_runner.py:57} INFO - Started process 2638 to run task
[2023-05-25T10:25:43.057+0000] {standard_task_runner.py:84} INFO - Running: ['***', 'tasks', 'run', 'dag_with_taskflow_api_v02', 'get_age', 'scheduled__2022-05-10T00:00:00+00:00', '--job-id', '604', '--raw', '--subdir', 'DAGS_FOLDER/first_dag.py', '--cfg-path', '/tmp/tmp8nghuf7m']
[2023-05-25T10:25:43.060+0000] {standard_task_runner.py:85} INFO - Job 604: Subtask get_age
[2023-05-25T10:25:43.478+0000] {task_command.py:410} INFO - Running <TaskInstance: dag_with_taskflow_api_v02.get_age scheduled__2022-05-10T00:00:00+00:00 [running]> on host b1ae37a9584e
[2023-05-25T10:25:44.033+0000] {taskinstance.py:1547} INFO - Exporting env vars: AIRFLOW_CTX_DAG_OWNER='Sai' AIRFLOW_CTX_DAG_ID='dag_with_taskflow_api_v02' AIRFLOW_CTX_TASK_ID='get_age' AIRFLOW_CTX_EXECUTION_DATE='2022-05-10T00:00:00+00:00' AIRFLOW_CTX_TRY_NUMBER='1' AIRFLOW_CTX_DAG_RUN_ID='scheduled__2022-05-10T00:00:00+00:00'
[2023-05-25T10:25:44.035+0000] {python.py:183} INFO - Done. Returned value was: 19
[2023-05-25T10:25:44.146+0000] {taskinstance.py:1350} INFO - Marking task as SUCCESS. dag_id=dag_with_taskflow_api_v02, task_id=get_age, execution_date=20220510T000000, start_date=20230525T102542, end_date=20230525T102544
[2023-05-25T10:25:44.303+0000] {local_task_job_runner.py:225} INFO - Task exited with return code 0
[2023-05-25T10:25:44.566+0000] {taskinstance.py:2651} INFO - 0 downstream tasks scheduled from follow-on schedule check
