[2023-05-24T15:27:16.106+0000] {taskinstance.py:1103} INFO - Dependencies all met for dep_context=non-requeueable deps ti=<TaskInstance: dag_with_taskflow_api_v02.greet scheduled__2022-11-20T00:00:00+00:00 [queued]>
[2023-05-24T15:27:16.202+0000] {taskinstance.py:1103} INFO - Dependencies all met for dep_context=requeueable deps ti=<TaskInstance: dag_with_taskflow_api_v02.greet scheduled__2022-11-20T00:00:00+00:00 [queued]>
[2023-05-24T15:27:16.202+0000] {taskinstance.py:1308} INFO - Starting attempt 1 of 6
[2023-05-24T15:27:16.513+0000] {taskinstance.py:1327} INFO - Executing <Task(_PythonDecoratedOperator): greet> on 2022-11-20 00:00:00+00:00
[2023-05-24T15:27:16.546+0000] {standard_task_runner.py:57} INFO - Started process 2869 to run task
[2023-05-24T15:27:16.569+0000] {standard_task_runner.py:84} INFO - Running: ['***', 'tasks', 'run', 'dag_with_taskflow_api_v02', 'greet', 'scheduled__2022-11-20T00:00:00+00:00', '--job-id', '1198', '--raw', '--subdir', 'DAGS_FOLDER/first_dag.py', '--cfg-path', '/tmp/tmpnruqnp6o']
[2023-05-24T15:27:16.576+0000] {standard_task_runner.py:85} INFO - Job 1198: Subtask greet
[2023-05-24T15:27:16.827+0000] {task_command.py:410} INFO - Running <TaskInstance: dag_with_taskflow_api_v02.greet scheduled__2022-11-20T00:00:00+00:00 [running]> on host 942de29f183d
[2023-05-24T15:27:17.580+0000] {taskinstance.py:1547} INFO - Exporting env vars: AIRFLOW_CTX_DAG_OWNER='Sai' AIRFLOW_CTX_DAG_ID='dag_with_taskflow_api_v02' AIRFLOW_CTX_TASK_ID='greet' AIRFLOW_CTX_EXECUTION_DATE='2022-11-20T00:00:00+00:00' AIRFLOW_CTX_TRY_NUMBER='1' AIRFLOW_CTX_DAG_RUN_ID='scheduled__2022-11-20T00:00:00+00:00'
[2023-05-24T15:27:17.581+0000] {logging_mixin.py:149} INFO - Hello World! My name is Sai Tr and I am 19 years old!
[2023-05-24T15:27:17.581+0000] {python.py:183} INFO - Done. Returned value was: None
[2023-05-24T15:27:17.661+0000] {taskinstance.py:1350} INFO - Marking task as SUCCESS. dag_id=dag_with_taskflow_api_v02, task_id=greet, execution_date=20221120T000000, start_date=20230524T152716, end_date=20230524T152717
[2023-05-24T15:27:17.855+0000] {local_task_job_runner.py:225} INFO - Task exited with return code 0
[2023-05-24T15:27:18.483+0000] {taskinstance.py:2651} INFO - 0 downstream tasks scheduled from follow-on schedule check
[2023-05-25T06:59:47.700+0000] {taskinstance.py:1103} INFO - Dependencies all met for dep_context=non-requeueable deps ti=<TaskInstance: dag_with_taskflow_api_v02.greet scheduled__2022-11-20T00:00:00+00:00 [queued]>
[2023-05-25T06:59:47.798+0000] {taskinstance.py:1103} INFO - Dependencies all met for dep_context=requeueable deps ti=<TaskInstance: dag_with_taskflow_api_v02.greet scheduled__2022-11-20T00:00:00+00:00 [queued]>
[2023-05-25T06:59:47.800+0000] {taskinstance.py:1308} INFO - Starting attempt 1 of 6
[2023-05-25T06:59:48.017+0000] {taskinstance.py:1327} INFO - Executing <Task(_PythonDecoratedOperator): greet> on 2022-11-20 00:00:00+00:00
[2023-05-25T06:59:48.025+0000] {standard_task_runner.py:57} INFO - Started process 4371 to run task
[2023-05-25T06:59:48.092+0000] {standard_task_runner.py:84} INFO - Running: ['***', 'tasks', 'run', 'dag_with_taskflow_api_v02', 'greet', 'scheduled__2022-11-20T00:00:00+00:00', '--job-id', '1189', '--raw', '--subdir', 'DAGS_FOLDER/first_dag.py', '--cfg-path', '/tmp/tmp0buid2ss']
[2023-05-25T06:59:48.133+0000] {standard_task_runner.py:85} INFO - Job 1189: Subtask greet
[2023-05-25T06:59:48.563+0000] {task_command.py:410} INFO - Running <TaskInstance: dag_with_taskflow_api_v02.greet scheduled__2022-11-20T00:00:00+00:00 [running]> on host 6bd07c7477d9
[2023-05-25T06:59:49.593+0000] {taskinstance.py:1547} INFO - Exporting env vars: AIRFLOW_CTX_DAG_OWNER='Sai' AIRFLOW_CTX_DAG_ID='dag_with_taskflow_api_v02' AIRFLOW_CTX_TASK_ID='greet' AIRFLOW_CTX_EXECUTION_DATE='2022-11-20T00:00:00+00:00' AIRFLOW_CTX_TRY_NUMBER='1' AIRFLOW_CTX_DAG_RUN_ID='scheduled__2022-11-20T00:00:00+00:00'
[2023-05-25T06:59:49.598+0000] {logging_mixin.py:149} INFO - Hello World! My name is Sai Tr and I am 19 years old!
[2023-05-25T06:59:49.599+0000] {python.py:183} INFO - Done. Returned value was: None
[2023-05-25T06:59:49.669+0000] {taskinstance.py:1350} INFO - Marking task as SUCCESS. dag_id=dag_with_taskflow_api_v02, task_id=greet, execution_date=20221120T000000, start_date=20230525T065947, end_date=20230525T065949
[2023-05-25T06:59:49.897+0000] {local_task_job_runner.py:225} INFO - Task exited with return code 0
[2023-05-25T06:59:50.016+0000] {taskinstance.py:2651} INFO - 0 downstream tasks scheduled from follow-on schedule check
[2023-05-25T10:33:36.190+0000] {taskinstance.py:1103} INFO - Dependencies all met for dep_context=non-requeueable deps ti=<TaskInstance: dag_with_taskflow_api_v02.greet scheduled__2022-11-20T00:00:00+00:00 [queued]>
[2023-05-25T10:33:36.356+0000] {taskinstance.py:1103} INFO - Dependencies all met for dep_context=requeueable deps ti=<TaskInstance: dag_with_taskflow_api_v02.greet scheduled__2022-11-20T00:00:00+00:00 [queued]>
[2023-05-25T10:33:36.356+0000] {taskinstance.py:1308} INFO - Starting attempt 1 of 6
[2023-05-25T10:33:36.582+0000] {taskinstance.py:1327} INFO - Executing <Task(_PythonDecoratedOperator): greet> on 2022-11-20 00:00:00+00:00
[2023-05-25T10:33:36.635+0000] {standard_task_runner.py:57} INFO - Started process 4015 to run task
[2023-05-25T10:33:36.659+0000] {standard_task_runner.py:84} INFO - Running: ['***', 'tasks', 'run', 'dag_with_taskflow_api_v02', 'greet', 'scheduled__2022-11-20T00:00:00+00:00', '--job-id', '1205', '--raw', '--subdir', 'DAGS_FOLDER/first_dag.py', '--cfg-path', '/tmp/tmph7cmeh1u']
[2023-05-25T10:33:36.662+0000] {standard_task_runner.py:85} INFO - Job 1205: Subtask greet
[2023-05-25T10:33:37.123+0000] {task_command.py:410} INFO - Running <TaskInstance: dag_with_taskflow_api_v02.greet scheduled__2022-11-20T00:00:00+00:00 [running]> on host b1ae37a9584e
[2023-05-25T10:33:38.376+0000] {taskinstance.py:1547} INFO - Exporting env vars: AIRFLOW_CTX_DAG_OWNER='Sai' AIRFLOW_CTX_DAG_ID='dag_with_taskflow_api_v02' AIRFLOW_CTX_TASK_ID='greet' AIRFLOW_CTX_EXECUTION_DATE='2022-11-20T00:00:00+00:00' AIRFLOW_CTX_TRY_NUMBER='1' AIRFLOW_CTX_DAG_RUN_ID='scheduled__2022-11-20T00:00:00+00:00'
[2023-05-25T10:33:38.378+0000] {logging_mixin.py:149} INFO - Hello World! My name is Sai Tr and I am 19 years old!
[2023-05-25T10:33:38.379+0000] {python.py:183} INFO - Done. Returned value was: None
[2023-05-25T10:33:38.429+0000] {taskinstance.py:1350} INFO - Marking task as SUCCESS. dag_id=dag_with_taskflow_api_v02, task_id=greet, execution_date=20221120T000000, start_date=20230525T103336, end_date=20230525T103338
[2023-05-25T10:33:39.116+0000] {local_task_job_runner.py:225} INFO - Task exited with return code 0
[2023-05-25T10:33:39.316+0000] {taskinstance.py:2651} INFO - 0 downstream tasks scheduled from follow-on schedule check
