[2023-05-24T15:25:42.440+0000] {taskinstance.py:1103} INFO - Dependencies all met for dep_context=non-requeueable deps ti=<TaskInstance: dag_with_taskflow_api_v02.greet scheduled__2022-09-30T00:00:00+00:00 [queued]>
[2023-05-24T15:25:42.459+0000] {taskinstance.py:1103} INFO - Dependencies all met for dep_context=requeueable deps ti=<TaskInstance: dag_with_taskflow_api_v02.greet scheduled__2022-09-30T00:00:00+00:00 [queued]>
[2023-05-24T15:25:42.460+0000] {taskinstance.py:1308} INFO - Starting attempt 1 of 6
[2023-05-24T15:25:42.488+0000] {taskinstance.py:1327} INFO - Executing <Task(_PythonDecoratedOperator): greet> on 2022-09-30 00:00:00+00:00
[2023-05-24T15:25:42.495+0000] {standard_task_runner.py:57} INFO - Started process 2483 to run task
[2023-05-24T15:25:42.500+0000] {standard_task_runner.py:84} INFO - Running: ['***', 'tasks', 'run', 'dag_with_taskflow_api_v02', 'greet', 'scheduled__2022-09-30T00:00:00+00:00', '--job-id', '1026', '--raw', '--subdir', 'DAGS_FOLDER/first_dag.py', '--cfg-path', '/tmp/tmplsznzxg8']
[2023-05-24T15:25:42.503+0000] {standard_task_runner.py:85} INFO - Job 1026: Subtask greet
[2023-05-24T15:25:42.591+0000] {task_command.py:410} INFO - Running <TaskInstance: dag_with_taskflow_api_v02.greet scheduled__2022-09-30T00:00:00+00:00 [running]> on host 942de29f183d
[2023-05-24T15:25:42.828+0000] {taskinstance.py:1547} INFO - Exporting env vars: AIRFLOW_CTX_DAG_OWNER='Sai' AIRFLOW_CTX_DAG_ID='dag_with_taskflow_api_v02' AIRFLOW_CTX_TASK_ID='greet' AIRFLOW_CTX_EXECUTION_DATE='2022-09-30T00:00:00+00:00' AIRFLOW_CTX_TRY_NUMBER='1' AIRFLOW_CTX_DAG_RUN_ID='scheduled__2022-09-30T00:00:00+00:00'
[2023-05-24T15:25:42.829+0000] {logging_mixin.py:149} INFO - Hello World! My name is Sai Tr and I am 19 years old!
[2023-05-24T15:25:42.830+0000] {python.py:183} INFO - Done. Returned value was: None
[2023-05-24T15:25:42.849+0000] {taskinstance.py:1350} INFO - Marking task as SUCCESS. dag_id=dag_with_taskflow_api_v02, task_id=greet, execution_date=20220930T000000, start_date=20230524T152542, end_date=20230524T152542
[2023-05-24T15:25:42.877+0000] {local_task_job_runner.py:225} INFO - Task exited with return code 0
[2023-05-24T15:25:42.911+0000] {taskinstance.py:2651} INFO - 0 downstream tasks scheduled from follow-on schedule check
[2023-05-25T06:58:16.020+0000] {taskinstance.py:1103} INFO - Dependencies all met for dep_context=non-requeueable deps ti=<TaskInstance: dag_with_taskflow_api_v02.greet scheduled__2022-09-30T00:00:00+00:00 [queued]>
[2023-05-25T06:58:16.034+0000] {taskinstance.py:1103} INFO - Dependencies all met for dep_context=requeueable deps ti=<TaskInstance: dag_with_taskflow_api_v02.greet scheduled__2022-09-30T00:00:00+00:00 [queued]>
[2023-05-25T06:58:16.034+0000] {taskinstance.py:1308} INFO - Starting attempt 1 of 6
[2023-05-25T06:58:16.055+0000] {taskinstance.py:1327} INFO - Executing <Task(_PythonDecoratedOperator): greet> on 2022-09-30 00:00:00+00:00
[2023-05-25T06:58:16.061+0000] {standard_task_runner.py:57} INFO - Started process 4003 to run task
[2023-05-25T06:58:16.066+0000] {standard_task_runner.py:84} INFO - Running: ['***', 'tasks', 'run', 'dag_with_taskflow_api_v02', 'greet', 'scheduled__2022-09-30T00:00:00+00:00', '--job-id', '1028', '--raw', '--subdir', 'DAGS_FOLDER/first_dag.py', '--cfg-path', '/tmp/tmp0c8441e5']
[2023-05-25T06:58:16.068+0000] {standard_task_runner.py:85} INFO - Job 1028: Subtask greet
[2023-05-25T06:58:16.146+0000] {task_command.py:410} INFO - Running <TaskInstance: dag_with_taskflow_api_v02.greet scheduled__2022-09-30T00:00:00+00:00 [running]> on host 6bd07c7477d9
[2023-05-25T06:58:16.339+0000] {taskinstance.py:1547} INFO - Exporting env vars: AIRFLOW_CTX_DAG_OWNER='Sai' AIRFLOW_CTX_DAG_ID='dag_with_taskflow_api_v02' AIRFLOW_CTX_TASK_ID='greet' AIRFLOW_CTX_EXECUTION_DATE='2022-09-30T00:00:00+00:00' AIRFLOW_CTX_TRY_NUMBER='1' AIRFLOW_CTX_DAG_RUN_ID='scheduled__2022-09-30T00:00:00+00:00'
[2023-05-25T06:58:16.340+0000] {logging_mixin.py:149} INFO - Hello World! My name is Sai Tr and I am 19 years old!
[2023-05-25T06:58:16.340+0000] {python.py:183} INFO - Done. Returned value was: None
[2023-05-25T06:58:16.355+0000] {taskinstance.py:1350} INFO - Marking task as SUCCESS. dag_id=dag_with_taskflow_api_v02, task_id=greet, execution_date=20220930T000000, start_date=20230525T065816, end_date=20230525T065816
[2023-05-25T06:58:16.397+0000] {local_task_job_runner.py:225} INFO - Task exited with return code 0
[2023-05-25T06:58:16.436+0000] {taskinstance.py:2651} INFO - 0 downstream tasks scheduled from follow-on schedule check
[2023-05-25T10:31:50.128+0000] {taskinstance.py:1103} INFO - Dependencies all met for dep_context=non-requeueable deps ti=<TaskInstance: dag_with_taskflow_api_v02.greet scheduled__2022-09-30T00:00:00+00:00 [queued]>
[2023-05-25T10:31:50.149+0000] {taskinstance.py:1103} INFO - Dependencies all met for dep_context=requeueable deps ti=<TaskInstance: dag_with_taskflow_api_v02.greet scheduled__2022-09-30T00:00:00+00:00 [queued]>
[2023-05-25T10:31:50.149+0000] {taskinstance.py:1308} INFO - Starting attempt 1 of 6
[2023-05-25T10:31:50.177+0000] {taskinstance.py:1327} INFO - Executing <Task(_PythonDecoratedOperator): greet> on 2022-09-30 00:00:00+00:00
[2023-05-25T10:31:50.184+0000] {standard_task_runner.py:57} INFO - Started process 3636 to run task
[2023-05-25T10:31:50.189+0000] {standard_task_runner.py:84} INFO - Running: ['***', 'tasks', 'run', 'dag_with_taskflow_api_v02', 'greet', 'scheduled__2022-09-30T00:00:00+00:00', '--job-id', '1042', '--raw', '--subdir', 'DAGS_FOLDER/first_dag.py', '--cfg-path', '/tmp/tmpejymug5u']
[2023-05-25T10:31:50.191+0000] {standard_task_runner.py:85} INFO - Job 1042: Subtask greet
[2023-05-25T10:31:50.273+0000] {task_command.py:410} INFO - Running <TaskInstance: dag_with_taskflow_api_v02.greet scheduled__2022-09-30T00:00:00+00:00 [running]> on host b1ae37a9584e
[2023-05-25T10:31:50.552+0000] {taskinstance.py:1547} INFO - Exporting env vars: AIRFLOW_CTX_DAG_OWNER='Sai' AIRFLOW_CTX_DAG_ID='dag_with_taskflow_api_v02' AIRFLOW_CTX_TASK_ID='greet' AIRFLOW_CTX_EXECUTION_DATE='2022-09-30T00:00:00+00:00' AIRFLOW_CTX_TRY_NUMBER='1' AIRFLOW_CTX_DAG_RUN_ID='scheduled__2022-09-30T00:00:00+00:00'
[2023-05-25T10:31:50.553+0000] {logging_mixin.py:149} INFO - Hello World! My name is Sai Tr and I am 19 years old!
[2023-05-25T10:31:50.553+0000] {python.py:183} INFO - Done. Returned value was: None
[2023-05-25T10:31:50.574+0000] {taskinstance.py:1350} INFO - Marking task as SUCCESS. dag_id=dag_with_taskflow_api_v02, task_id=greet, execution_date=20220930T000000, start_date=20230525T103150, end_date=20230525T103150
[2023-05-25T10:31:50.606+0000] {local_task_job_runner.py:225} INFO - Task exited with return code 0
[2023-05-25T10:31:50.653+0000] {taskinstance.py:2651} INFO - 0 downstream tasks scheduled from follow-on schedule check
