[2023-05-24T15:16:24.200+0000] {taskinstance.py:1103} INFO - Dependencies all met for dep_context=non-requeueable deps ti=<TaskInstance: dag_with_taskflow_api_v02.get_name scheduled__2021-12-06T00:00:00+00:00 [queued]>
[2023-05-24T15:16:24.316+0000] {taskinstance.py:1103} INFO - Dependencies all met for dep_context=requeueable deps ti=<TaskInstance: dag_with_taskflow_api_v02.get_name scheduled__2021-12-06T00:00:00+00:00 [queued]>
[2023-05-24T15:16:24.316+0000] {taskinstance.py:1308} INFO - Starting attempt 1 of 6
[2023-05-24T15:16:24.467+0000] {taskinstance.py:1327} INFO - Executing <Task(_PythonDecoratedOperator): get_name> on 2021-12-06 00:00:00+00:00
[2023-05-24T15:16:24.487+0000] {standard_task_runner.py:57} INFO - Started process 464 to run task
[2023-05-24T15:16:24.510+0000] {standard_task_runner.py:84} INFO - Running: ['***', 'tasks', 'run', 'dag_with_taskflow_api_v02', 'get_name', 'scheduled__2021-12-06T00:00:00+00:00', '--job-id', '123', '--raw', '--subdir', 'DAGS_FOLDER/first_dag.py', '--cfg-path', '/tmp/tmpsk40b9bs']
[2023-05-24T15:16:24.514+0000] {standard_task_runner.py:85} INFO - Job 123: Subtask get_name
[2023-05-24T15:16:24.732+0000] {task_command.py:410} INFO - Running <TaskInstance: dag_with_taskflow_api_v02.get_name scheduled__2021-12-06T00:00:00+00:00 [running]> on host 942de29f183d
[2023-05-24T15:16:25.224+0000] {taskinstance.py:1547} INFO - Exporting env vars: AIRFLOW_CTX_DAG_OWNER='Sai' AIRFLOW_CTX_DAG_ID='dag_with_taskflow_api_v02' AIRFLOW_CTX_TASK_ID='get_name' AIRFLOW_CTX_EXECUTION_DATE='2021-12-06T00:00:00+00:00' AIRFLOW_CTX_TRY_NUMBER='1' AIRFLOW_CTX_DAG_RUN_ID='scheduled__2021-12-06T00:00:00+00:00'
[2023-05-24T15:16:25.225+0000] {python.py:183} INFO - Done. Returned value was: {'first_name': 'Sai', 'last_name': 'Tr'}
[2023-05-24T15:16:25.482+0000] {taskinstance.py:1350} INFO - Marking task as SUCCESS. dag_id=dag_with_taskflow_api_v02, task_id=get_name, execution_date=20211206T000000, start_date=20230524T151624, end_date=20230524T151625
[2023-05-24T15:16:25.793+0000] {local_task_job_runner.py:225} INFO - Task exited with return code 0
[2023-05-24T15:16:25.905+0000] {taskinstance.py:2651} INFO - 0 downstream tasks scheduled from follow-on schedule check
[2023-05-25T06:50:04.376+0000] {taskinstance.py:1103} INFO - Dependencies all met for dep_context=non-requeueable deps ti=<TaskInstance: dag_with_taskflow_api_v02.get_name scheduled__2021-12-06T00:00:00+00:00 [queued]>
[2023-05-25T06:50:04.436+0000] {taskinstance.py:1103} INFO - Dependencies all met for dep_context=requeueable deps ti=<TaskInstance: dag_with_taskflow_api_v02.get_name scheduled__2021-12-06T00:00:00+00:00 [queued]>
[2023-05-25T06:50:04.441+0000] {taskinstance.py:1308} INFO - Starting attempt 1 of 6
[2023-05-25T06:50:04.557+0000] {taskinstance.py:1327} INFO - Executing <Task(_PythonDecoratedOperator): get_name> on 2021-12-06 00:00:00+00:00
[2023-05-25T06:50:04.568+0000] {standard_task_runner.py:57} INFO - Started process 2005 to run task
[2023-05-25T06:50:04.601+0000] {standard_task_runner.py:84} INFO - Running: ['***', 'tasks', 'run', 'dag_with_taskflow_api_v02', 'get_name', 'scheduled__2021-12-06T00:00:00+00:00', '--job-id', '121', '--raw', '--subdir', 'DAGS_FOLDER/first_dag.py', '--cfg-path', '/tmp/tmpc3p3dp_d']
[2023-05-25T06:50:04.641+0000] {standard_task_runner.py:85} INFO - Job 121: Subtask get_name
[2023-05-25T06:50:04.947+0000] {task_command.py:410} INFO - Running <TaskInstance: dag_with_taskflow_api_v02.get_name scheduled__2021-12-06T00:00:00+00:00 [running]> on host 6bd07c7477d9
[2023-05-25T06:50:05.476+0000] {taskinstance.py:1547} INFO - Exporting env vars: AIRFLOW_CTX_DAG_OWNER='Sai' AIRFLOW_CTX_DAG_ID='dag_with_taskflow_api_v02' AIRFLOW_CTX_TASK_ID='get_name' AIRFLOW_CTX_EXECUTION_DATE='2021-12-06T00:00:00+00:00' AIRFLOW_CTX_TRY_NUMBER='1' AIRFLOW_CTX_DAG_RUN_ID='scheduled__2021-12-06T00:00:00+00:00'
[2023-05-25T06:50:05.480+0000] {python.py:183} INFO - Done. Returned value was: {'first_name': 'Sai', 'last_name': 'Tr'}
[2023-05-25T06:50:05.788+0000] {taskinstance.py:1350} INFO - Marking task as SUCCESS. dag_id=dag_with_taskflow_api_v02, task_id=get_name, execution_date=20211206T000000, start_date=20230525T065004, end_date=20230525T065005
[2023-05-25T06:50:05.949+0000] {local_task_job_runner.py:225} INFO - Task exited with return code 0
[2023-05-25T06:50:06.768+0000] {taskinstance.py:2651} INFO - 0 downstream tasks scheduled from follow-on schedule check
[2023-05-25T10:20:16.834+0000] {taskinstance.py:1103} INFO - Dependencies all met for dep_context=non-requeueable deps ti=<TaskInstance: dag_with_taskflow_api_v02.get_name scheduled__2021-12-06T00:00:00+00:00 [queued]>
[2023-05-25T10:20:16.903+0000] {taskinstance.py:1103} INFO - Dependencies all met for dep_context=requeueable deps ti=<TaskInstance: dag_with_taskflow_api_v02.get_name scheduled__2021-12-06T00:00:00+00:00 [queued]>
[2023-05-25T10:20:16.904+0000] {taskinstance.py:1308} INFO - Starting attempt 1 of 6
[2023-05-25T10:20:17.044+0000] {taskinstance.py:1327} INFO - Executing <Task(_PythonDecoratedOperator): get_name> on 2021-12-06 00:00:00+00:00
[2023-05-25T10:20:17.086+0000] {standard_task_runner.py:57} INFO - Started process 1533 to run task
[2023-05-25T10:20:17.124+0000] {standard_task_runner.py:84} INFO - Running: ['***', 'tasks', 'run', 'dag_with_taskflow_api_v02', 'get_name', 'scheduled__2021-12-06T00:00:00+00:00', '--job-id', '119', '--raw', '--subdir', 'DAGS_FOLDER/first_dag.py', '--cfg-path', '/tmp/tmp_ikgd5gd']
[2023-05-25T10:20:17.148+0000] {standard_task_runner.py:85} INFO - Job 119: Subtask get_name
[2023-05-25T10:20:17.725+0000] {task_command.py:410} INFO - Running <TaskInstance: dag_with_taskflow_api_v02.get_name scheduled__2021-12-06T00:00:00+00:00 [running]> on host b1ae37a9584e
[2023-05-25T10:20:18.543+0000] {taskinstance.py:1547} INFO - Exporting env vars: AIRFLOW_CTX_DAG_OWNER='Sai' AIRFLOW_CTX_DAG_ID='dag_with_taskflow_api_v02' AIRFLOW_CTX_TASK_ID='get_name' AIRFLOW_CTX_EXECUTION_DATE='2021-12-06T00:00:00+00:00' AIRFLOW_CTX_TRY_NUMBER='1' AIRFLOW_CTX_DAG_RUN_ID='scheduled__2021-12-06T00:00:00+00:00'
[2023-05-25T10:20:18.547+0000] {python.py:183} INFO - Done. Returned value was: {'first_name': 'Sai', 'last_name': 'Tr'}
[2023-05-25T10:20:18.872+0000] {taskinstance.py:1350} INFO - Marking task as SUCCESS. dag_id=dag_with_taskflow_api_v02, task_id=get_name, execution_date=20211206T000000, start_date=20230525T102016, end_date=20230525T102018
[2023-05-25T10:20:19.097+0000] {local_task_job_runner.py:225} INFO - Task exited with return code 0
[2023-05-25T10:20:19.371+0000] {taskinstance.py:2651} INFO - 0 downstream tasks scheduled from follow-on schedule check
