[2023-05-24T15:30:34.212+0000] {taskinstance.py:1103} INFO - Dependencies all met for dep_context=non-requeueable deps ti=<TaskInstance: dag_with_taskflow_api_v02.get_name scheduled__2023-03-29T00:00:00+00:00 [queued]>
[2023-05-24T15:30:34.256+0000] {taskinstance.py:1103} INFO - Dependencies all met for dep_context=requeueable deps ti=<TaskInstance: dag_with_taskflow_api_v02.get_name scheduled__2023-03-29T00:00:00+00:00 [queued]>
[2023-05-24T15:30:34.257+0000] {taskinstance.py:1308} INFO - Starting attempt 1 of 6
[2023-05-24T15:30:34.296+0000] {taskinstance.py:1327} INFO - Executing <Task(_PythonDecoratedOperator): get_name> on 2023-03-29 00:00:00+00:00
[2023-05-24T15:30:34.306+0000] {standard_task_runner.py:57} INFO - Started process 3666 to run task
[2023-05-24T15:30:34.319+0000] {standard_task_runner.py:84} INFO - Running: ['***', 'tasks', 'run', 'dag_with_taskflow_api_v02', 'get_name', 'scheduled__2023-03-29T00:00:00+00:00', '--job-id', '1562', '--raw', '--subdir', 'DAGS_FOLDER/first_dag.py', '--cfg-path', '/tmp/tmp67pbltfo']
[2023-05-24T15:30:34.323+0000] {standard_task_runner.py:85} INFO - Job 1562: Subtask get_name
[2023-05-24T15:30:34.453+0000] {task_command.py:410} INFO - Running <TaskInstance: dag_with_taskflow_api_v02.get_name scheduled__2023-03-29T00:00:00+00:00 [running]> on host 942de29f183d
[2023-05-24T15:30:34.803+0000] {taskinstance.py:1547} INFO - Exporting env vars: AIRFLOW_CTX_DAG_OWNER='Sai' AIRFLOW_CTX_DAG_ID='dag_with_taskflow_api_v02' AIRFLOW_CTX_TASK_ID='get_name' AIRFLOW_CTX_EXECUTION_DATE='2023-03-29T00:00:00+00:00' AIRFLOW_CTX_TRY_NUMBER='1' AIRFLOW_CTX_DAG_RUN_ID='scheduled__2023-03-29T00:00:00+00:00'
[2023-05-24T15:30:34.804+0000] {python.py:183} INFO - Done. Returned value was: {'first_name': 'Sai', 'last_name': 'Tr'}
[2023-05-24T15:30:34.916+0000] {taskinstance.py:1350} INFO - Marking task as SUCCESS. dag_id=dag_with_taskflow_api_v02, task_id=get_name, execution_date=20230329T000000, start_date=20230524T153034, end_date=20230524T153034
[2023-05-24T15:30:34.946+0000] {local_task_job_runner.py:225} INFO - Task exited with return code 0
[2023-05-24T15:30:35.003+0000] {taskinstance.py:2651} INFO - 0 downstream tasks scheduled from follow-on schedule check
[2023-05-25T07:03:11.725+0000] {taskinstance.py:1103} INFO - Dependencies all met for dep_context=non-requeueable deps ti=<TaskInstance: dag_with_taskflow_api_v02.get_name scheduled__2023-03-29T00:00:00+00:00 [queued]>
[2023-05-25T07:03:11.826+0000] {taskinstance.py:1103} INFO - Dependencies all met for dep_context=requeueable deps ti=<TaskInstance: dag_with_taskflow_api_v02.get_name scheduled__2023-03-29T00:00:00+00:00 [queued]>
[2023-05-25T07:03:11.836+0000] {taskinstance.py:1308} INFO - Starting attempt 1 of 6
[2023-05-25T07:03:12.242+0000] {taskinstance.py:1327} INFO - Executing <Task(_PythonDecoratedOperator): get_name> on 2023-03-29 00:00:00+00:00
[2023-05-25T07:03:12.282+0000] {standard_task_runner.py:57} INFO - Started process 5198 to run task
[2023-05-25T07:03:12.327+0000] {standard_task_runner.py:84} INFO - Running: ['***', 'tasks', 'run', 'dag_with_taskflow_api_v02', 'get_name', 'scheduled__2023-03-29T00:00:00+00:00', '--job-id', '1564', '--raw', '--subdir', 'DAGS_FOLDER/first_dag.py', '--cfg-path', '/tmp/tmpfrfs5soj']
[2023-05-25T07:03:12.352+0000] {standard_task_runner.py:85} INFO - Job 1564: Subtask get_name
[2023-05-25T07:03:12.721+0000] {task_command.py:410} INFO - Running <TaskInstance: dag_with_taskflow_api_v02.get_name scheduled__2023-03-29T00:00:00+00:00 [running]> on host 6bd07c7477d9
[2023-05-25T07:03:13.568+0000] {taskinstance.py:1547} INFO - Exporting env vars: AIRFLOW_CTX_DAG_OWNER='Sai' AIRFLOW_CTX_DAG_ID='dag_with_taskflow_api_v02' AIRFLOW_CTX_TASK_ID='get_name' AIRFLOW_CTX_EXECUTION_DATE='2023-03-29T00:00:00+00:00' AIRFLOW_CTX_TRY_NUMBER='1' AIRFLOW_CTX_DAG_RUN_ID='scheduled__2023-03-29T00:00:00+00:00'
[2023-05-25T07:03:13.569+0000] {python.py:183} INFO - Done. Returned value was: {'first_name': 'Sai', 'last_name': 'Tr'}
[2023-05-25T07:03:13.953+0000] {taskinstance.py:1350} INFO - Marking task as SUCCESS. dag_id=dag_with_taskflow_api_v02, task_id=get_name, execution_date=20230329T000000, start_date=20230525T070311, end_date=20230525T070313
[2023-05-25T07:03:14.155+0000] {local_task_job_runner.py:225} INFO - Task exited with return code 0
[2023-05-25T07:03:14.501+0000] {taskinstance.py:2651} INFO - 1 downstream tasks scheduled from follow-on schedule check
[2023-05-25T10:37:38.498+0000] {taskinstance.py:1103} INFO - Dependencies all met for dep_context=non-requeueable deps ti=<TaskInstance: dag_with_taskflow_api_v02.get_name scheduled__2023-03-29T00:00:00+00:00 [queued]>
[2023-05-25T10:37:38.630+0000] {taskinstance.py:1103} INFO - Dependencies all met for dep_context=requeueable deps ti=<TaskInstance: dag_with_taskflow_api_v02.get_name scheduled__2023-03-29T00:00:00+00:00 [queued]>
[2023-05-25T10:37:38.630+0000] {taskinstance.py:1308} INFO - Starting attempt 1 of 6
[2023-05-25T10:37:38.749+0000] {taskinstance.py:1327} INFO - Executing <Task(_PythonDecoratedOperator): get_name> on 2023-03-29 00:00:00+00:00
[2023-05-25T10:37:38.819+0000] {standard_task_runner.py:57} INFO - Started process 4839 to run task
[2023-05-25T10:37:38.874+0000] {standard_task_runner.py:84} INFO - Running: ['***', 'tasks', 'run', 'dag_with_taskflow_api_v02', 'get_name', 'scheduled__2023-03-29T00:00:00+00:00', '--job-id', '1570', '--raw', '--subdir', 'DAGS_FOLDER/first_dag.py', '--cfg-path', '/tmp/tmpq4zx2m0n']
[2023-05-25T10:37:38.877+0000] {standard_task_runner.py:85} INFO - Job 1570: Subtask get_name
[2023-05-25T10:37:39.250+0000] {task_command.py:410} INFO - Running <TaskInstance: dag_with_taskflow_api_v02.get_name scheduled__2023-03-29T00:00:00+00:00 [running]> on host b1ae37a9584e
[2023-05-25T10:37:40.447+0000] {taskinstance.py:1547} INFO - Exporting env vars: AIRFLOW_CTX_DAG_OWNER='Sai' AIRFLOW_CTX_DAG_ID='dag_with_taskflow_api_v02' AIRFLOW_CTX_TASK_ID='get_name' AIRFLOW_CTX_EXECUTION_DATE='2023-03-29T00:00:00+00:00' AIRFLOW_CTX_TRY_NUMBER='1' AIRFLOW_CTX_DAG_RUN_ID='scheduled__2023-03-29T00:00:00+00:00'
[2023-05-25T10:37:40.457+0000] {python.py:183} INFO - Done. Returned value was: {'first_name': 'Sai', 'last_name': 'Tr'}
[2023-05-25T10:37:40.763+0000] {taskinstance.py:1350} INFO - Marking task as SUCCESS. dag_id=dag_with_taskflow_api_v02, task_id=get_name, execution_date=20230329T000000, start_date=20230525T103738, end_date=20230525T103740
[2023-05-25T10:37:40.886+0000] {local_task_job_runner.py:225} INFO - Task exited with return code 0
[2023-05-25T10:37:41.051+0000] {taskinstance.py:2651} INFO - 1 downstream tasks scheduled from follow-on schedule check
