[2023-05-24T15:21:26.924+0000] {taskinstance.py:1103} INFO - Dependencies all met for dep_context=non-requeueable deps ti=<TaskInstance: dag_with_taskflow_api_v02.get_name scheduled__2022-05-13T00:00:00+00:00 [queued]>
[2023-05-24T15:21:26.977+0000] {taskinstance.py:1103} INFO - Dependencies all met for dep_context=requeueable deps ti=<TaskInstance: dag_with_taskflow_api_v02.get_name scheduled__2022-05-13T00:00:00+00:00 [queued]>
[2023-05-24T15:21:26.977+0000] {taskinstance.py:1308} INFO - Starting attempt 1 of 6
[2023-05-24T15:21:27.112+0000] {taskinstance.py:1327} INFO - Executing <Task(_PythonDecoratedOperator): get_name> on 2022-05-13 00:00:00+00:00
[2023-05-24T15:21:27.164+0000] {standard_task_runner.py:57} INFO - Started process 1541 to run task
[2023-05-24T15:21:27.161+0000] {standard_task_runner.py:84} INFO - Running: ['***', 'tasks', 'run', 'dag_with_taskflow_api_v02', 'get_name', 'scheduled__2022-05-13T00:00:00+00:00', '--job-id', '603', '--raw', '--subdir', 'DAGS_FOLDER/first_dag.py', '--cfg-path', '/tmp/tmp88l2ygce']
[2023-05-24T15:21:27.184+0000] {standard_task_runner.py:85} INFO - Job 603: Subtask get_name
[2023-05-24T15:21:27.706+0000] {task_command.py:410} INFO - Running <TaskInstance: dag_with_taskflow_api_v02.get_name scheduled__2022-05-13T00:00:00+00:00 [running]> on host 942de29f183d
[2023-05-24T15:21:28.543+0000] {taskinstance.py:1547} INFO - Exporting env vars: AIRFLOW_CTX_DAG_OWNER='Sai' AIRFLOW_CTX_DAG_ID='dag_with_taskflow_api_v02' AIRFLOW_CTX_TASK_ID='get_name' AIRFLOW_CTX_EXECUTION_DATE='2022-05-13T00:00:00+00:00' AIRFLOW_CTX_TRY_NUMBER='1' AIRFLOW_CTX_DAG_RUN_ID='scheduled__2022-05-13T00:00:00+00:00'
[2023-05-24T15:21:28.548+0000] {python.py:183} INFO - Done. Returned value was: {'first_name': 'Sai', 'last_name': 'Tr'}
[2023-05-24T15:21:28.854+0000] {taskinstance.py:1350} INFO - Marking task as SUCCESS. dag_id=dag_with_taskflow_api_v02, task_id=get_name, execution_date=20220513T000000, start_date=20230524T152126, end_date=20230524T152128
[2023-05-24T15:21:29.441+0000] {local_task_job_runner.py:225} INFO - Task exited with return code 0
[2023-05-24T15:21:29.571+0000] {taskinstance.py:2651} INFO - 1 downstream tasks scheduled from follow-on schedule check
[2023-05-25T06:54:20.505+0000] {taskinstance.py:1103} INFO - Dependencies all met for dep_context=non-requeueable deps ti=<TaskInstance: dag_with_taskflow_api_v02.get_name scheduled__2022-05-13T00:00:00+00:00 [queued]>
[2023-05-25T06:54:20.569+0000] {taskinstance.py:1103} INFO - Dependencies all met for dep_context=requeueable deps ti=<TaskInstance: dag_with_taskflow_api_v02.get_name scheduled__2022-05-13T00:00:00+00:00 [queued]>
[2023-05-25T06:54:20.569+0000] {taskinstance.py:1308} INFO - Starting attempt 1 of 6
[2023-05-25T06:54:20.684+0000] {taskinstance.py:1327} INFO - Executing <Task(_PythonDecoratedOperator): get_name> on 2022-05-13 00:00:00+00:00
[2023-05-25T06:54:20.697+0000] {standard_task_runner.py:57} INFO - Started process 3054 to run task
[2023-05-25T06:54:20.710+0000] {standard_task_runner.py:84} INFO - Running: ['***', 'tasks', 'run', 'dag_with_taskflow_api_v02', 'get_name', 'scheduled__2022-05-13T00:00:00+00:00', '--job-id', '597', '--raw', '--subdir', 'DAGS_FOLDER/first_dag.py', '--cfg-path', '/tmp/tmpt_aenmpz']
[2023-05-25T06:54:20.726+0000] {standard_task_runner.py:85} INFO - Job 597: Subtask get_name
[2023-05-25T06:54:21.051+0000] {task_command.py:410} INFO - Running <TaskInstance: dag_with_taskflow_api_v02.get_name scheduled__2022-05-13T00:00:00+00:00 [running]> on host 6bd07c7477d9
[2023-05-25T06:54:21.818+0000] {taskinstance.py:1547} INFO - Exporting env vars: AIRFLOW_CTX_DAG_OWNER='Sai' AIRFLOW_CTX_DAG_ID='dag_with_taskflow_api_v02' AIRFLOW_CTX_TASK_ID='get_name' AIRFLOW_CTX_EXECUTION_DATE='2022-05-13T00:00:00+00:00' AIRFLOW_CTX_TRY_NUMBER='1' AIRFLOW_CTX_DAG_RUN_ID='scheduled__2022-05-13T00:00:00+00:00'
[2023-05-25T06:54:21.826+0000] {python.py:183} INFO - Done. Returned value was: {'first_name': 'Sai', 'last_name': 'Tr'}
[2023-05-25T06:54:22.059+0000] {taskinstance.py:1350} INFO - Marking task as SUCCESS. dag_id=dag_with_taskflow_api_v02, task_id=get_name, execution_date=20220513T000000, start_date=20230525T065420, end_date=20230525T065422
[2023-05-25T06:54:22.400+0000] {local_task_job_runner.py:225} INFO - Task exited with return code 0
[2023-05-25T06:54:22.682+0000] {taskinstance.py:2651} INFO - 0 downstream tasks scheduled from follow-on schedule check
[2023-05-25T10:25:44.852+0000] {taskinstance.py:1103} INFO - Dependencies all met for dep_context=non-requeueable deps ti=<TaskInstance: dag_with_taskflow_api_v02.get_name scheduled__2022-05-13T00:00:00+00:00 [queued]>
[2023-05-25T10:25:44.940+0000] {taskinstance.py:1103} INFO - Dependencies all met for dep_context=requeueable deps ti=<TaskInstance: dag_with_taskflow_api_v02.get_name scheduled__2022-05-13T00:00:00+00:00 [queued]>
[2023-05-25T10:25:44.940+0000] {taskinstance.py:1308} INFO - Starting attempt 1 of 6
[2023-05-25T10:25:45.093+0000] {taskinstance.py:1327} INFO - Executing <Task(_PythonDecoratedOperator): get_name> on 2022-05-13 00:00:00+00:00
[2023-05-25T10:25:45.121+0000] {standard_task_runner.py:57} INFO - Started process 2651 to run task
[2023-05-25T10:25:45.145+0000] {standard_task_runner.py:84} INFO - Running: ['***', 'tasks', 'run', 'dag_with_taskflow_api_v02', 'get_name', 'scheduled__2022-05-13T00:00:00+00:00', '--job-id', '611', '--raw', '--subdir', 'DAGS_FOLDER/first_dag.py', '--cfg-path', '/tmp/tmpoiidsaq7']
[2023-05-25T10:25:45.148+0000] {standard_task_runner.py:85} INFO - Job 611: Subtask get_name
[2023-05-25T10:25:45.438+0000] {task_command.py:410} INFO - Running <TaskInstance: dag_with_taskflow_api_v02.get_name scheduled__2022-05-13T00:00:00+00:00 [running]> on host b1ae37a9584e
[2023-05-25T10:25:46.470+0000] {taskinstance.py:1547} INFO - Exporting env vars: AIRFLOW_CTX_DAG_OWNER='Sai' AIRFLOW_CTX_DAG_ID='dag_with_taskflow_api_v02' AIRFLOW_CTX_TASK_ID='get_name' AIRFLOW_CTX_EXECUTION_DATE='2022-05-13T00:00:00+00:00' AIRFLOW_CTX_TRY_NUMBER='1' AIRFLOW_CTX_DAG_RUN_ID='scheduled__2022-05-13T00:00:00+00:00'
[2023-05-25T10:25:46.472+0000] {python.py:183} INFO - Done. Returned value was: {'first_name': 'Sai', 'last_name': 'Tr'}
[2023-05-25T10:25:46.696+0000] {taskinstance.py:1350} INFO - Marking task as SUCCESS. dag_id=dag_with_taskflow_api_v02, task_id=get_name, execution_date=20220513T000000, start_date=20230525T102544, end_date=20230525T102546
[2023-05-25T10:25:46.814+0000] {local_task_job_runner.py:225} INFO - Task exited with return code 0
[2023-05-25T10:25:46.895+0000] {taskinstance.py:2651} INFO - 1 downstream tasks scheduled from follow-on schedule check
