[2023-05-24T15:29:40.914+0000] {taskinstance.py:1103} INFO - Dependencies all met for dep_context=non-requeueable deps ti=<TaskInstance: dag_with_taskflow_api_v02.get_name scheduled__2023-02-25T00:00:00+00:00 [queued]>
[2023-05-24T15:29:40.968+0000] {taskinstance.py:1103} INFO - Dependencies all met for dep_context=requeueable deps ti=<TaskInstance: dag_with_taskflow_api_v02.get_name scheduled__2023-02-25T00:00:00+00:00 [queued]>
[2023-05-24T15:29:40.969+0000] {taskinstance.py:1308} INFO - Starting attempt 1 of 6
[2023-05-24T15:29:41.078+0000] {taskinstance.py:1327} INFO - Executing <Task(_PythonDecoratedOperator): get_name> on 2023-02-25 00:00:00+00:00
[2023-05-24T15:29:41.086+0000] {standard_task_runner.py:57} INFO - Started process 3451 to run task
[2023-05-24T15:29:41.098+0000] {standard_task_runner.py:84} INFO - Running: ['***', 'tasks', 'run', 'dag_with_taskflow_api_v02', 'get_name', 'scheduled__2023-02-25T00:00:00+00:00', '--job-id', '1463', '--raw', '--subdir', 'DAGS_FOLDER/first_dag.py', '--cfg-path', '/tmp/tmpse8jj_at']
[2023-05-24T15:29:41.104+0000] {standard_task_runner.py:85} INFO - Job 1463: Subtask get_name
[2023-05-24T15:29:41.353+0000] {task_command.py:410} INFO - Running <TaskInstance: dag_with_taskflow_api_v02.get_name scheduled__2023-02-25T00:00:00+00:00 [running]> on host 942de29f183d
[2023-05-24T15:29:41.856+0000] {taskinstance.py:1547} INFO - Exporting env vars: AIRFLOW_CTX_DAG_OWNER='Sai' AIRFLOW_CTX_DAG_ID='dag_with_taskflow_api_v02' AIRFLOW_CTX_TASK_ID='get_name' AIRFLOW_CTX_EXECUTION_DATE='2023-02-25T00:00:00+00:00' AIRFLOW_CTX_TRY_NUMBER='1' AIRFLOW_CTX_DAG_RUN_ID='scheduled__2023-02-25T00:00:00+00:00'
[2023-05-24T15:29:41.857+0000] {python.py:183} INFO - Done. Returned value was: {'first_name': 'Sai', 'last_name': 'Tr'}
[2023-05-24T15:29:42.040+0000] {taskinstance.py:1350} INFO - Marking task as SUCCESS. dag_id=dag_with_taskflow_api_v02, task_id=get_name, execution_date=20230225T000000, start_date=20230524T152940, end_date=20230524T152942
[2023-05-24T15:29:42.134+0000] {local_task_job_runner.py:225} INFO - Task exited with return code 0
[2023-05-24T15:29:42.252+0000] {taskinstance.py:2651} INFO - 1 downstream tasks scheduled from follow-on schedule check
[2023-05-25T07:02:18.724+0000] {taskinstance.py:1103} INFO - Dependencies all met for dep_context=non-requeueable deps ti=<TaskInstance: dag_with_taskflow_api_v02.get_name scheduled__2023-02-25T00:00:00+00:00 [queued]>
[2023-05-25T07:02:18.810+0000] {taskinstance.py:1103} INFO - Dependencies all met for dep_context=requeueable deps ti=<TaskInstance: dag_with_taskflow_api_v02.get_name scheduled__2023-02-25T00:00:00+00:00 [queued]>
[2023-05-25T07:02:18.810+0000] {taskinstance.py:1308} INFO - Starting attempt 1 of 6
[2023-05-25T07:02:19.457+0000] {taskinstance.py:1327} INFO - Executing <Task(_PythonDecoratedOperator): get_name> on 2023-02-25 00:00:00+00:00
[2023-05-25T07:02:19.467+0000] {standard_task_runner.py:57} INFO - Started process 4987 to run task
[2023-05-25T07:02:19.510+0000] {standard_task_runner.py:84} INFO - Running: ['***', 'tasks', 'run', 'dag_with_taskflow_api_v02', 'get_name', 'scheduled__2023-02-25T00:00:00+00:00', '--job-id', '1467', '--raw', '--subdir', 'DAGS_FOLDER/first_dag.py', '--cfg-path', '/tmp/tmpqecn7oax']
[2023-05-25T07:02:19.532+0000] {standard_task_runner.py:85} INFO - Job 1467: Subtask get_name
[2023-05-25T07:02:19.917+0000] {task_command.py:410} INFO - Running <TaskInstance: dag_with_taskflow_api_v02.get_name scheduled__2023-02-25T00:00:00+00:00 [running]> on host 6bd07c7477d9
[2023-05-25T07:02:20.458+0000] {taskinstance.py:1547} INFO - Exporting env vars: AIRFLOW_CTX_DAG_OWNER='Sai' AIRFLOW_CTX_DAG_ID='dag_with_taskflow_api_v02' AIRFLOW_CTX_TASK_ID='get_name' AIRFLOW_CTX_EXECUTION_DATE='2023-02-25T00:00:00+00:00' AIRFLOW_CTX_TRY_NUMBER='1' AIRFLOW_CTX_DAG_RUN_ID='scheduled__2023-02-25T00:00:00+00:00'
[2023-05-25T07:02:20.460+0000] {python.py:183} INFO - Done. Returned value was: {'first_name': 'Sai', 'last_name': 'Tr'}
[2023-05-25T07:02:20.763+0000] {taskinstance.py:1350} INFO - Marking task as SUCCESS. dag_id=dag_with_taskflow_api_v02, task_id=get_name, execution_date=20230225T000000, start_date=20230525T070218, end_date=20230525T070220
[2023-05-25T07:02:20.857+0000] {local_task_job_runner.py:225} INFO - Task exited with return code 0
[2023-05-25T07:02:21.104+0000] {taskinstance.py:2651} INFO - 1 downstream tasks scheduled from follow-on schedule check
[2023-05-25T10:36:37.746+0000] {taskinstance.py:1103} INFO - Dependencies all met for dep_context=non-requeueable deps ti=<TaskInstance: dag_with_taskflow_api_v02.get_name scheduled__2023-02-25T00:00:00+00:00 [queued]>
[2023-05-25T10:36:37.850+0000] {taskinstance.py:1103} INFO - Dependencies all met for dep_context=requeueable deps ti=<TaskInstance: dag_with_taskflow_api_v02.get_name scheduled__2023-02-25T00:00:00+00:00 [queued]>
[2023-05-25T10:36:37.851+0000] {taskinstance.py:1308} INFO - Starting attempt 1 of 6
[2023-05-25T10:36:37.955+0000] {taskinstance.py:1327} INFO - Executing <Task(_PythonDecoratedOperator): get_name> on 2023-02-25 00:00:00+00:00
[2023-05-25T10:36:37.968+0000] {standard_task_runner.py:57} INFO - Started process 4621 to run task
[2023-05-25T10:36:38.006+0000] {standard_task_runner.py:84} INFO - Running: ['***', 'tasks', 'run', 'dag_with_taskflow_api_v02', 'get_name', 'scheduled__2023-02-25T00:00:00+00:00', '--job-id', '1472', '--raw', '--subdir', 'DAGS_FOLDER/first_dag.py', '--cfg-path', '/tmp/tmp5zwl_btw']
[2023-05-25T10:36:38.009+0000] {standard_task_runner.py:85} INFO - Job 1472: Subtask get_name
[2023-05-25T10:36:38.285+0000] {task_command.py:410} INFO - Running <TaskInstance: dag_with_taskflow_api_v02.get_name scheduled__2023-02-25T00:00:00+00:00 [running]> on host b1ae37a9584e
[2023-05-25T10:36:39.017+0000] {taskinstance.py:1547} INFO - Exporting env vars: AIRFLOW_CTX_DAG_OWNER='Sai' AIRFLOW_CTX_DAG_ID='dag_with_taskflow_api_v02' AIRFLOW_CTX_TASK_ID='get_name' AIRFLOW_CTX_EXECUTION_DATE='2023-02-25T00:00:00+00:00' AIRFLOW_CTX_TRY_NUMBER='1' AIRFLOW_CTX_DAG_RUN_ID='scheduled__2023-02-25T00:00:00+00:00'
[2023-05-25T10:36:39.018+0000] {python.py:183} INFO - Done. Returned value was: {'first_name': 'Sai', 'last_name': 'Tr'}
[2023-05-25T10:36:39.200+0000] {taskinstance.py:1350} INFO - Marking task as SUCCESS. dag_id=dag_with_taskflow_api_v02, task_id=get_name, execution_date=20230225T000000, start_date=20230525T103637, end_date=20230525T103639
[2023-05-25T10:36:39.381+0000] {local_task_job_runner.py:225} INFO - Task exited with return code 0
[2023-05-25T10:36:39.487+0000] {taskinstance.py:2651} INFO - 0 downstream tasks scheduled from follow-on schedule check
