[2023-05-24T15:28:16.967+0000] {taskinstance.py:1103} INFO - Dependencies all met for dep_context=non-requeueable deps ti=<TaskInstance: dag_with_taskflow_api_v02.get_age scheduled__2023-01-03T00:00:00+00:00 [queued]>
[2023-05-24T15:28:17.015+0000] {taskinstance.py:1103} INFO - Dependencies all met for dep_context=requeueable deps ti=<TaskInstance: dag_with_taskflow_api_v02.get_age scheduled__2023-01-03T00:00:00+00:00 [queued]>
[2023-05-24T15:28:17.016+0000] {taskinstance.py:1308} INFO - Starting attempt 1 of 6
[2023-05-24T15:28:17.164+0000] {taskinstance.py:1327} INFO - Executing <Task(_PythonDecoratedOperator): get_age> on 2023-01-03 00:00:00+00:00
[2023-05-24T15:28:17.183+0000] {standard_task_runner.py:57} INFO - Started process 3102 to run task
[2023-05-24T15:28:17.217+0000] {standard_task_runner.py:84} INFO - Running: ['***', 'tasks', 'run', 'dag_with_taskflow_api_v02', 'get_age', 'scheduled__2023-01-03T00:00:00+00:00', '--job-id', '1304', '--raw', '--subdir', 'DAGS_FOLDER/first_dag.py', '--cfg-path', '/tmp/tmpgppu40uv']
[2023-05-24T15:28:17.259+0000] {standard_task_runner.py:85} INFO - Job 1304: Subtask get_age
[2023-05-24T15:28:17.797+0000] {task_command.py:410} INFO - Running <TaskInstance: dag_with_taskflow_api_v02.get_age scheduled__2023-01-03T00:00:00+00:00 [running]> on host 942de29f183d
[2023-05-24T15:28:18.574+0000] {taskinstance.py:1547} INFO - Exporting env vars: AIRFLOW_CTX_DAG_OWNER='Sai' AIRFLOW_CTX_DAG_ID='dag_with_taskflow_api_v02' AIRFLOW_CTX_TASK_ID='get_age' AIRFLOW_CTX_EXECUTION_DATE='2023-01-03T00:00:00+00:00' AIRFLOW_CTX_TRY_NUMBER='1' AIRFLOW_CTX_DAG_RUN_ID='scheduled__2023-01-03T00:00:00+00:00'
[2023-05-24T15:28:18.575+0000] {python.py:183} INFO - Done. Returned value was: 19
[2023-05-24T15:28:18.767+0000] {taskinstance.py:1350} INFO - Marking task as SUCCESS. dag_id=dag_with_taskflow_api_v02, task_id=get_age, execution_date=20230103T000000, start_date=20230524T152816, end_date=20230524T152818
[2023-05-24T15:28:18.978+0000] {local_task_job_runner.py:225} INFO - Task exited with return code 0
[2023-05-24T15:28:19.319+0000] {taskinstance.py:2651} INFO - 0 downstream tasks scheduled from follow-on schedule check
[2023-05-25T07:00:48.468+0000] {taskinstance.py:1103} INFO - Dependencies all met for dep_context=non-requeueable deps ti=<TaskInstance: dag_with_taskflow_api_v02.get_age scheduled__2023-01-03T00:00:00+00:00 [queued]>
[2023-05-25T07:00:48.531+0000] {taskinstance.py:1103} INFO - Dependencies all met for dep_context=requeueable deps ti=<TaskInstance: dag_with_taskflow_api_v02.get_age scheduled__2023-01-03T00:00:00+00:00 [queued]>
[2023-05-25T07:00:48.532+0000] {taskinstance.py:1308} INFO - Starting attempt 1 of 6
[2023-05-25T07:00:48.620+0000] {taskinstance.py:1327} INFO - Executing <Task(_PythonDecoratedOperator): get_age> on 2023-01-03 00:00:00+00:00
[2023-05-25T07:00:48.650+0000] {standard_task_runner.py:57} INFO - Started process 4620 to run task
[2023-05-25T07:00:48.687+0000] {standard_task_runner.py:84} INFO - Running: ['***', 'tasks', 'run', 'dag_with_taskflow_api_v02', 'get_age', 'scheduled__2023-01-03T00:00:00+00:00', '--job-id', '1301', '--raw', '--subdir', 'DAGS_FOLDER/first_dag.py', '--cfg-path', '/tmp/tmpv_5q25oj']
[2023-05-25T07:00:48.700+0000] {standard_task_runner.py:85} INFO - Job 1301: Subtask get_age
[2023-05-25T07:00:49.079+0000] {task_command.py:410} INFO - Running <TaskInstance: dag_with_taskflow_api_v02.get_age scheduled__2023-01-03T00:00:00+00:00 [running]> on host 6bd07c7477d9
[2023-05-25T07:00:50.103+0000] {taskinstance.py:1547} INFO - Exporting env vars: AIRFLOW_CTX_DAG_OWNER='Sai' AIRFLOW_CTX_DAG_ID='dag_with_taskflow_api_v02' AIRFLOW_CTX_TASK_ID='get_age' AIRFLOW_CTX_EXECUTION_DATE='2023-01-03T00:00:00+00:00' AIRFLOW_CTX_TRY_NUMBER='1' AIRFLOW_CTX_DAG_RUN_ID='scheduled__2023-01-03T00:00:00+00:00'
[2023-05-25T07:00:50.105+0000] {python.py:183} INFO - Done. Returned value was: 19
[2023-05-25T07:00:50.234+0000] {taskinstance.py:1350} INFO - Marking task as SUCCESS. dag_id=dag_with_taskflow_api_v02, task_id=get_age, execution_date=20230103T000000, start_date=20230525T070048, end_date=20230525T070050
[2023-05-25T07:00:50.453+0000] {local_task_job_runner.py:225} INFO - Task exited with return code 0
[2023-05-25T07:00:50.648+0000] {taskinstance.py:2651} INFO - 0 downstream tasks scheduled from follow-on schedule check
[2023-05-25T10:34:53.761+0000] {taskinstance.py:1103} INFO - Dependencies all met for dep_context=non-requeueable deps ti=<TaskInstance: dag_with_taskflow_api_v02.get_age scheduled__2023-01-03T00:00:00+00:00 [queued]>
[2023-05-25T10:34:53.795+0000] {taskinstance.py:1103} INFO - Dependencies all met for dep_context=requeueable deps ti=<TaskInstance: dag_with_taskflow_api_v02.get_age scheduled__2023-01-03T00:00:00+00:00 [queued]>
[2023-05-25T10:34:53.795+0000] {taskinstance.py:1308} INFO - Starting attempt 1 of 6
[2023-05-25T10:34:53.878+0000] {taskinstance.py:1327} INFO - Executing <Task(_PythonDecoratedOperator): get_age> on 2023-01-03 00:00:00+00:00
[2023-05-25T10:34:53.885+0000] {standard_task_runner.py:57} INFO - Started process 4257 to run task
[2023-05-25T10:34:53.910+0000] {standard_task_runner.py:84} INFO - Running: ['***', 'tasks', 'run', 'dag_with_taskflow_api_v02', 'get_age', 'scheduled__2023-01-03T00:00:00+00:00', '--job-id', '1315', '--raw', '--subdir', 'DAGS_FOLDER/first_dag.py', '--cfg-path', '/tmp/tmp0evpeufh']
[2023-05-25T10:34:53.918+0000] {standard_task_runner.py:85} INFO - Job 1315: Subtask get_age
[2023-05-25T10:34:54.083+0000] {task_command.py:410} INFO - Running <TaskInstance: dag_with_taskflow_api_v02.get_age scheduled__2023-01-03T00:00:00+00:00 [running]> on host b1ae37a9584e
[2023-05-25T10:34:54.696+0000] {taskinstance.py:1547} INFO - Exporting env vars: AIRFLOW_CTX_DAG_OWNER='Sai' AIRFLOW_CTX_DAG_ID='dag_with_taskflow_api_v02' AIRFLOW_CTX_TASK_ID='get_age' AIRFLOW_CTX_EXECUTION_DATE='2023-01-03T00:00:00+00:00' AIRFLOW_CTX_TRY_NUMBER='1' AIRFLOW_CTX_DAG_RUN_ID='scheduled__2023-01-03T00:00:00+00:00'
[2023-05-25T10:34:54.697+0000] {python.py:183} INFO - Done. Returned value was: 19
[2023-05-25T10:34:54.796+0000] {taskinstance.py:1350} INFO - Marking task as SUCCESS. dag_id=dag_with_taskflow_api_v02, task_id=get_age, execution_date=20230103T000000, start_date=20230525T103453, end_date=20230525T103454
[2023-05-25T10:34:54.849+0000] {local_task_job_runner.py:225} INFO - Task exited with return code 0
[2023-05-25T10:34:55.018+0000] {taskinstance.py:2651} INFO - 0 downstream tasks scheduled from follow-on schedule check
