[2023-05-24T15:22:07.804+0000] {taskinstance.py:1103} INFO - Dependencies all met for dep_context=non-requeueable deps ti=<TaskInstance: dag_with_taskflow_api_v02.greet scheduled__2022-05-26T00:00:00+00:00 [queued]>
[2023-05-24T15:22:07.975+0000] {taskinstance.py:1103} INFO - Dependencies all met for dep_context=requeueable deps ti=<TaskInstance: dag_with_taskflow_api_v02.greet scheduled__2022-05-26T00:00:00+00:00 [queued]>
[2023-05-24T15:22:07.979+0000] {taskinstance.py:1308} INFO - Starting attempt 1 of 6
[2023-05-24T15:22:08.151+0000] {taskinstance.py:1327} INFO - Executing <Task(_PythonDecoratedOperator): greet> on 2022-05-26 00:00:00+00:00
[2023-05-24T15:22:08.203+0000] {standard_task_runner.py:57} INFO - Started process 1683 to run task
[2023-05-24T15:22:08.248+0000] {standard_task_runner.py:84} INFO - Running: ['***', 'tasks', 'run', 'dag_with_taskflow_api_v02', 'greet', 'scheduled__2022-05-26T00:00:00+00:00', '--job-id', '660', '--raw', '--subdir', 'DAGS_FOLDER/first_dag.py', '--cfg-path', '/tmp/tmpvl72mugf']
[2023-05-24T15:22:08.269+0000] {standard_task_runner.py:85} INFO - Job 660: Subtask greet
[2023-05-24T15:22:08.740+0000] {task_command.py:410} INFO - Running <TaskInstance: dag_with_taskflow_api_v02.greet scheduled__2022-05-26T00:00:00+00:00 [running]> on host 942de29f183d
[2023-05-24T15:22:10.166+0000] {taskinstance.py:1547} INFO - Exporting env vars: AIRFLOW_CTX_DAG_OWNER='Sai' AIRFLOW_CTX_DAG_ID='dag_with_taskflow_api_v02' AIRFLOW_CTX_TASK_ID='greet' AIRFLOW_CTX_EXECUTION_DATE='2022-05-26T00:00:00+00:00' AIRFLOW_CTX_TRY_NUMBER='1' AIRFLOW_CTX_DAG_RUN_ID='scheduled__2022-05-26T00:00:00+00:00'
[2023-05-24T15:22:10.167+0000] {logging_mixin.py:149} INFO - Hello World! My name is Sai Tr and I am 19 years old!
[2023-05-24T15:22:10.168+0000] {python.py:183} INFO - Done. Returned value was: None
[2023-05-24T15:22:10.306+0000] {taskinstance.py:1350} INFO - Marking task as SUCCESS. dag_id=dag_with_taskflow_api_v02, task_id=greet, execution_date=20220526T000000, start_date=20230524T152207, end_date=20230524T152210
[2023-05-24T15:22:10.512+0000] {local_task_job_runner.py:225} INFO - Task exited with return code 0
[2023-05-24T15:22:10.671+0000] {taskinstance.py:2651} INFO - 0 downstream tasks scheduled from follow-on schedule check
[2023-05-25T06:54:48.277+0000] {taskinstance.py:1103} INFO - Dependencies all met for dep_context=non-requeueable deps ti=<TaskInstance: dag_with_taskflow_api_v02.greet scheduled__2022-05-26T00:00:00+00:00 [queued]>
[2023-05-25T06:54:48.308+0000] {taskinstance.py:1103} INFO - Dependencies all met for dep_context=requeueable deps ti=<TaskInstance: dag_with_taskflow_api_v02.greet scheduled__2022-05-26T00:00:00+00:00 [queued]>
[2023-05-25T06:54:48.309+0000] {taskinstance.py:1308} INFO - Starting attempt 1 of 6
[2023-05-25T06:54:48.365+0000] {taskinstance.py:1327} INFO - Executing <Task(_PythonDecoratedOperator): greet> on 2022-05-26 00:00:00+00:00
[2023-05-25T06:54:48.377+0000] {standard_task_runner.py:57} INFO - Started process 3173 to run task
[2023-05-25T06:54:48.395+0000] {standard_task_runner.py:84} INFO - Running: ['***', 'tasks', 'run', 'dag_with_taskflow_api_v02', 'greet', 'scheduled__2022-05-26T00:00:00+00:00', '--job-id', '651', '--raw', '--subdir', 'DAGS_FOLDER/first_dag.py', '--cfg-path', '/tmp/tmp8q27whcu']
[2023-05-25T06:54:48.398+0000] {standard_task_runner.py:85} INFO - Job 651: Subtask greet
[2023-05-25T06:54:48.523+0000] {task_command.py:410} INFO - Running <TaskInstance: dag_with_taskflow_api_v02.greet scheduled__2022-05-26T00:00:00+00:00 [running]> on host 6bd07c7477d9
[2023-05-25T06:54:48.783+0000] {taskinstance.py:1547} INFO - Exporting env vars: AIRFLOW_CTX_DAG_OWNER='Sai' AIRFLOW_CTX_DAG_ID='dag_with_taskflow_api_v02' AIRFLOW_CTX_TASK_ID='greet' AIRFLOW_CTX_EXECUTION_DATE='2022-05-26T00:00:00+00:00' AIRFLOW_CTX_TRY_NUMBER='1' AIRFLOW_CTX_DAG_RUN_ID='scheduled__2022-05-26T00:00:00+00:00'
[2023-05-25T06:54:48.784+0000] {logging_mixin.py:149} INFO - Hello World! My name is Sai Tr and I am 19 years old!
[2023-05-25T06:54:48.785+0000] {python.py:183} INFO - Done. Returned value was: None
[2023-05-25T06:54:48.803+0000] {taskinstance.py:1350} INFO - Marking task as SUCCESS. dag_id=dag_with_taskflow_api_v02, task_id=greet, execution_date=20220526T000000, start_date=20230525T065448, end_date=20230525T065448
[2023-05-25T06:54:48.841+0000] {local_task_job_runner.py:225} INFO - Task exited with return code 0
[2023-05-25T06:54:48.932+0000] {taskinstance.py:2651} INFO - 0 downstream tasks scheduled from follow-on schedule check
[2023-05-25T10:26:15.525+0000] {taskinstance.py:1103} INFO - Dependencies all met for dep_context=non-requeueable deps ti=<TaskInstance: dag_with_taskflow_api_v02.greet scheduled__2022-05-26T00:00:00+00:00 [queued]>
[2023-05-25T10:26:15.602+0000] {taskinstance.py:1103} INFO - Dependencies all met for dep_context=requeueable deps ti=<TaskInstance: dag_with_taskflow_api_v02.greet scheduled__2022-05-26T00:00:00+00:00 [queued]>
[2023-05-25T10:26:15.602+0000] {taskinstance.py:1308} INFO - Starting attempt 1 of 6
[2023-05-25T10:26:16.189+0000] {taskinstance.py:1327} INFO - Executing <Task(_PythonDecoratedOperator): greet> on 2022-05-26 00:00:00+00:00
[2023-05-25T10:26:16.197+0000] {standard_task_runner.py:57} INFO - Started process 2763 to run task
[2023-05-25T10:26:16.231+0000] {standard_task_runner.py:84} INFO - Running: ['***', 'tasks', 'run', 'dag_with_taskflow_api_v02', 'greet', 'scheduled__2022-05-26T00:00:00+00:00', '--job-id', '663', '--raw', '--subdir', 'DAGS_FOLDER/first_dag.py', '--cfg-path', '/tmp/tmpbsj2f6hd']
[2023-05-25T10:26:16.238+0000] {standard_task_runner.py:85} INFO - Job 663: Subtask greet
[2023-05-25T10:26:16.465+0000] {task_command.py:410} INFO - Running <TaskInstance: dag_with_taskflow_api_v02.greet scheduled__2022-05-26T00:00:00+00:00 [running]> on host b1ae37a9584e
[2023-05-25T10:26:16.980+0000] {taskinstance.py:1547} INFO - Exporting env vars: AIRFLOW_CTX_DAG_OWNER='Sai' AIRFLOW_CTX_DAG_ID='dag_with_taskflow_api_v02' AIRFLOW_CTX_TASK_ID='greet' AIRFLOW_CTX_EXECUTION_DATE='2022-05-26T00:00:00+00:00' AIRFLOW_CTX_TRY_NUMBER='1' AIRFLOW_CTX_DAG_RUN_ID='scheduled__2022-05-26T00:00:00+00:00'
[2023-05-25T10:26:16.985+0000] {logging_mixin.py:149} INFO - Hello World! My name is Sai Tr and I am 19 years old!
[2023-05-25T10:26:16.985+0000] {python.py:183} INFO - Done. Returned value was: None
[2023-05-25T10:26:17.014+0000] {taskinstance.py:1350} INFO - Marking task as SUCCESS. dag_id=dag_with_taskflow_api_v02, task_id=greet, execution_date=20220526T000000, start_date=20230525T102615, end_date=20230525T102617
[2023-05-25T10:26:17.079+0000] {local_task_job_runner.py:225} INFO - Task exited with return code 0
[2023-05-25T10:26:17.148+0000] {taskinstance.py:2651} INFO - 0 downstream tasks scheduled from follow-on schedule check
