[2023-05-24T15:23:03.697+0000] {taskinstance.py:1103} INFO - Dependencies all met for dep_context=non-requeueable deps ti=<TaskInstance: dag_with_taskflow_api_v02.get_name scheduled__2022-07-03T00:00:00+00:00 [queued]>
[2023-05-24T15:23:04.031+0000] {taskinstance.py:1103} INFO - Dependencies all met for dep_context=requeueable deps ti=<TaskInstance: dag_with_taskflow_api_v02.get_name scheduled__2022-07-03T00:00:00+00:00 [queued]>
[2023-05-24T15:23:04.031+0000] {taskinstance.py:1308} INFO - Starting attempt 1 of 6
[2023-05-24T15:23:05.161+0000] {taskinstance.py:1327} INFO - Executing <Task(_PythonDecoratedOperator): get_name> on 2022-07-03 00:00:00+00:00
[2023-05-24T15:23:05.188+0000] {standard_task_runner.py:57} INFO - Started process 1881 to run task
[2023-05-24T15:23:05.272+0000] {standard_task_runner.py:84} INFO - Running: ['***', 'tasks', 'run', 'dag_with_taskflow_api_v02', 'get_name', 'scheduled__2022-07-03T00:00:00+00:00', '--job-id', '751', '--raw', '--subdir', 'DAGS_FOLDER/first_dag.py', '--cfg-path', '/tmp/tmp7bxt9idv']
[2023-05-24T15:23:05.331+0000] {standard_task_runner.py:85} INFO - Job 751: Subtask get_name
[2023-05-24T15:23:06.206+0000] {task_command.py:410} INFO - Running <TaskInstance: dag_with_taskflow_api_v02.get_name scheduled__2022-07-03T00:00:00+00:00 [running]> on host 942de29f183d
[2023-05-24T15:23:07.779+0000] {taskinstance.py:1547} INFO - Exporting env vars: AIRFLOW_CTX_DAG_OWNER='Sai' AIRFLOW_CTX_DAG_ID='dag_with_taskflow_api_v02' AIRFLOW_CTX_TASK_ID='get_name' AIRFLOW_CTX_EXECUTION_DATE='2022-07-03T00:00:00+00:00' AIRFLOW_CTX_TRY_NUMBER='1' AIRFLOW_CTX_DAG_RUN_ID='scheduled__2022-07-03T00:00:00+00:00'
[2023-05-24T15:23:07.793+0000] {python.py:183} INFO - Done. Returned value was: {'first_name': 'Sai', 'last_name': 'Tr'}
[2023-05-24T15:23:08.321+0000] {taskinstance.py:1350} INFO - Marking task as SUCCESS. dag_id=dag_with_taskflow_api_v02, task_id=get_name, execution_date=20220703T000000, start_date=20230524T152303, end_date=20230524T152308
[2023-05-24T15:23:08.843+0000] {local_task_job_runner.py:225} INFO - Task exited with return code 0
[2023-05-24T15:23:09.360+0000] {taskinstance.py:2651} INFO - 1 downstream tasks scheduled from follow-on schedule check
[2023-05-25T06:55:48.167+0000] {taskinstance.py:1103} INFO - Dependencies all met for dep_context=non-requeueable deps ti=<TaskInstance: dag_with_taskflow_api_v02.get_name scheduled__2022-07-03T00:00:00+00:00 [queued]>
[2023-05-25T06:55:48.219+0000] {taskinstance.py:1103} INFO - Dependencies all met for dep_context=requeueable deps ti=<TaskInstance: dag_with_taskflow_api_v02.get_name scheduled__2022-07-03T00:00:00+00:00 [queued]>
[2023-05-25T06:55:48.220+0000] {taskinstance.py:1308} INFO - Starting attempt 1 of 6
[2023-05-25T06:55:48.340+0000] {taskinstance.py:1327} INFO - Executing <Task(_PythonDecoratedOperator): get_name> on 2022-07-03 00:00:00+00:00
[2023-05-25T06:55:48.368+0000] {standard_task_runner.py:57} INFO - Started process 3410 to run task
[2023-05-25T06:55:48.378+0000] {standard_task_runner.py:84} INFO - Running: ['***', 'tasks', 'run', 'dag_with_taskflow_api_v02', 'get_name', 'scheduled__2022-07-03T00:00:00+00:00', '--job-id', '753', '--raw', '--subdir', 'DAGS_FOLDER/first_dag.py', '--cfg-path', '/tmp/tmp_z57c4b7']
[2023-05-25T06:55:48.406+0000] {standard_task_runner.py:85} INFO - Job 753: Subtask get_name
[2023-05-25T06:55:48.612+0000] {task_command.py:410} INFO - Running <TaskInstance: dag_with_taskflow_api_v02.get_name scheduled__2022-07-03T00:00:00+00:00 [running]> on host 6bd07c7477d9
[2023-05-25T06:55:48.953+0000] {taskinstance.py:1547} INFO - Exporting env vars: AIRFLOW_CTX_DAG_OWNER='Sai' AIRFLOW_CTX_DAG_ID='dag_with_taskflow_api_v02' AIRFLOW_CTX_TASK_ID='get_name' AIRFLOW_CTX_EXECUTION_DATE='2022-07-03T00:00:00+00:00' AIRFLOW_CTX_TRY_NUMBER='1' AIRFLOW_CTX_DAG_RUN_ID='scheduled__2022-07-03T00:00:00+00:00'
[2023-05-25T06:55:48.954+0000] {python.py:183} INFO - Done. Returned value was: {'first_name': 'Sai', 'last_name': 'Tr'}
[2023-05-25T06:55:49.178+0000] {taskinstance.py:1350} INFO - Marking task as SUCCESS. dag_id=dag_with_taskflow_api_v02, task_id=get_name, execution_date=20220703T000000, start_date=20230525T065548, end_date=20230525T065549
[2023-05-25T06:55:49.311+0000] {local_task_job_runner.py:225} INFO - Task exited with return code 0
[2023-05-25T06:55:49.569+0000] {taskinstance.py:2651} INFO - 0 downstream tasks scheduled from follow-on schedule check
[2023-05-25T10:27:33.243+0000] {taskinstance.py:1103} INFO - Dependencies all met for dep_context=non-requeueable deps ti=<TaskInstance: dag_with_taskflow_api_v02.get_name scheduled__2022-07-03T00:00:00+00:00 [queued]>
[2023-05-25T10:27:33.362+0000] {taskinstance.py:1103} INFO - Dependencies all met for dep_context=requeueable deps ti=<TaskInstance: dag_with_taskflow_api_v02.get_name scheduled__2022-07-03T00:00:00+00:00 [queued]>
[2023-05-25T10:27:33.364+0000] {taskinstance.py:1308} INFO - Starting attempt 1 of 6
[2023-05-25T10:27:34.050+0000] {taskinstance.py:1327} INFO - Executing <Task(_PythonDecoratedOperator): get_name> on 2022-07-03 00:00:00+00:00
[2023-05-25T10:27:34.119+0000] {standard_task_runner.py:57} INFO - Started process 3012 to run task
[2023-05-25T10:27:34.169+0000] {standard_task_runner.py:84} INFO - Running: ['***', 'tasks', 'run', 'dag_with_taskflow_api_v02', 'get_name', 'scheduled__2022-07-03T00:00:00+00:00', '--job-id', '770', '--raw', '--subdir', 'DAGS_FOLDER/first_dag.py', '--cfg-path', '/tmp/tmpkqjlizmv']
[2023-05-25T10:27:34.176+0000] {standard_task_runner.py:85} INFO - Job 770: Subtask get_name
[2023-05-25T10:27:34.496+0000] {task_command.py:410} INFO - Running <TaskInstance: dag_with_taskflow_api_v02.get_name scheduled__2022-07-03T00:00:00+00:00 [running]> on host b1ae37a9584e
[2023-05-25T10:27:35.386+0000] {taskinstance.py:1547} INFO - Exporting env vars: AIRFLOW_CTX_DAG_OWNER='Sai' AIRFLOW_CTX_DAG_ID='dag_with_taskflow_api_v02' AIRFLOW_CTX_TASK_ID='get_name' AIRFLOW_CTX_EXECUTION_DATE='2022-07-03T00:00:00+00:00' AIRFLOW_CTX_TRY_NUMBER='1' AIRFLOW_CTX_DAG_RUN_ID='scheduled__2022-07-03T00:00:00+00:00'
[2023-05-25T10:27:35.388+0000] {python.py:183} INFO - Done. Returned value was: {'first_name': 'Sai', 'last_name': 'Tr'}
[2023-05-25T10:27:35.656+0000] {taskinstance.py:1350} INFO - Marking task as SUCCESS. dag_id=dag_with_taskflow_api_v02, task_id=get_name, execution_date=20220703T000000, start_date=20230525T102733, end_date=20230525T102735
[2023-05-25T10:27:35.806+0000] {local_task_job_runner.py:225} INFO - Task exited with return code 0
[2023-05-25T10:27:36.053+0000] {taskinstance.py:2651} INFO - 0 downstream tasks scheduled from follow-on schedule check
