[2023-05-24T15:29:09.879+0000] {taskinstance.py:1103} INFO - Dependencies all met for dep_context=non-requeueable deps ti=<TaskInstance: dag_with_taskflow_api_v02.get_age scheduled__2023-02-06T00:00:00+00:00 [queued]>
[2023-05-24T15:29:09.955+0000] {taskinstance.py:1103} INFO - Dependencies all met for dep_context=requeueable deps ti=<TaskInstance: dag_with_taskflow_api_v02.get_age scheduled__2023-02-06T00:00:00+00:00 [queued]>
[2023-05-24T15:29:09.956+0000] {taskinstance.py:1308} INFO - Starting attempt 1 of 6
[2023-05-24T15:29:10.118+0000] {taskinstance.py:1327} INFO - Executing <Task(_PythonDecoratedOperator): get_age> on 2023-02-06 00:00:00+00:00
[2023-05-24T15:29:10.154+0000] {standard_task_runner.py:57} INFO - Started process 3328 to run task
[2023-05-24T15:29:10.175+0000] {standard_task_runner.py:84} INFO - Running: ['***', 'tasks', 'run', 'dag_with_taskflow_api_v02', 'get_age', 'scheduled__2023-02-06T00:00:00+00:00', '--job-id', '1403', '--raw', '--subdir', 'DAGS_FOLDER/first_dag.py', '--cfg-path', '/tmp/tmpnuzlvwbr']
[2023-05-24T15:29:10.209+0000] {standard_task_runner.py:85} INFO - Job 1403: Subtask get_age
[2023-05-24T15:29:10.577+0000] {task_command.py:410} INFO - Running <TaskInstance: dag_with_taskflow_api_v02.get_age scheduled__2023-02-06T00:00:00+00:00 [running]> on host 942de29f183d
[2023-05-24T15:29:11.303+0000] {taskinstance.py:1547} INFO - Exporting env vars: AIRFLOW_CTX_DAG_OWNER='Sai' AIRFLOW_CTX_DAG_ID='dag_with_taskflow_api_v02' AIRFLOW_CTX_TASK_ID='get_age' AIRFLOW_CTX_EXECUTION_DATE='2023-02-06T00:00:00+00:00' AIRFLOW_CTX_TRY_NUMBER='1' AIRFLOW_CTX_DAG_RUN_ID='scheduled__2023-02-06T00:00:00+00:00'
[2023-05-24T15:29:11.305+0000] {python.py:183} INFO - Done. Returned value was: 19
[2023-05-24T15:29:11.405+0000] {taskinstance.py:1350} INFO - Marking task as SUCCESS. dag_id=dag_with_taskflow_api_v02, task_id=get_age, execution_date=20230206T000000, start_date=20230524T152909, end_date=20230524T152911
[2023-05-24T15:29:11.550+0000] {local_task_job_runner.py:225} INFO - Task exited with return code 0
[2023-05-24T15:29:11.702+0000] {taskinstance.py:2651} INFO - 0 downstream tasks scheduled from follow-on schedule check
[2023-05-25T07:01:44.371+0000] {taskinstance.py:1103} INFO - Dependencies all met for dep_context=non-requeueable deps ti=<TaskInstance: dag_with_taskflow_api_v02.get_age scheduled__2023-02-06T00:00:00+00:00 [queued]>
[2023-05-25T07:01:44.406+0000] {taskinstance.py:1103} INFO - Dependencies all met for dep_context=requeueable deps ti=<TaskInstance: dag_with_taskflow_api_v02.get_age scheduled__2023-02-06T00:00:00+00:00 [queued]>
[2023-05-25T07:01:44.407+0000] {taskinstance.py:1308} INFO - Starting attempt 1 of 6
[2023-05-25T07:01:45.301+0000] {taskinstance.py:1327} INFO - Executing <Task(_PythonDecoratedOperator): get_age> on 2023-02-06 00:00:00+00:00
[2023-05-25T07:01:45.320+0000] {standard_task_runner.py:57} INFO - Started process 4846 to run task
[2023-05-25T07:01:45.394+0000] {standard_task_runner.py:84} INFO - Running: ['***', 'tasks', 'run', 'dag_with_taskflow_api_v02', 'get_age', 'scheduled__2023-02-06T00:00:00+00:00', '--job-id', '1402', '--raw', '--subdir', 'DAGS_FOLDER/first_dag.py', '--cfg-path', '/tmp/tmpt7e54fua']
[2023-05-25T07:01:45.418+0000] {standard_task_runner.py:85} INFO - Job 1402: Subtask get_age
[2023-05-25T07:01:45.957+0000] {task_command.py:410} INFO - Running <TaskInstance: dag_with_taskflow_api_v02.get_age scheduled__2023-02-06T00:00:00+00:00 [running]> on host 6bd07c7477d9
[2023-05-25T07:01:46.668+0000] {taskinstance.py:1547} INFO - Exporting env vars: AIRFLOW_CTX_DAG_OWNER='Sai' AIRFLOW_CTX_DAG_ID='dag_with_taskflow_api_v02' AIRFLOW_CTX_TASK_ID='get_age' AIRFLOW_CTX_EXECUTION_DATE='2023-02-06T00:00:00+00:00' AIRFLOW_CTX_TRY_NUMBER='1' AIRFLOW_CTX_DAG_RUN_ID='scheduled__2023-02-06T00:00:00+00:00'
[2023-05-25T07:01:46.677+0000] {python.py:183} INFO - Done. Returned value was: 19
[2023-05-25T07:01:46.790+0000] {taskinstance.py:1350} INFO - Marking task as SUCCESS. dag_id=dag_with_taskflow_api_v02, task_id=get_age, execution_date=20230206T000000, start_date=20230525T070144, end_date=20230525T070146
[2023-05-25T07:01:46.921+0000] {local_task_job_runner.py:225} INFO - Task exited with return code 0
[2023-05-25T07:01:47.330+0000] {taskinstance.py:2651} INFO - 0 downstream tasks scheduled from follow-on schedule check
[2023-05-25T10:36:03.031+0000] {taskinstance.py:1103} INFO - Dependencies all met for dep_context=non-requeueable deps ti=<TaskInstance: dag_with_taskflow_api_v02.get_age scheduled__2023-02-06T00:00:00+00:00 [queued]>
[2023-05-25T10:36:03.080+0000] {taskinstance.py:1103} INFO - Dependencies all met for dep_context=requeueable deps ti=<TaskInstance: dag_with_taskflow_api_v02.get_age scheduled__2023-02-06T00:00:00+00:00 [queued]>
[2023-05-25T10:36:03.080+0000] {taskinstance.py:1308} INFO - Starting attempt 1 of 6
[2023-05-25T10:36:03.179+0000] {taskinstance.py:1327} INFO - Executing <Task(_PythonDecoratedOperator): get_age> on 2023-02-06 00:00:00+00:00
[2023-05-25T10:36:03.188+0000] {standard_task_runner.py:57} INFO - Started process 4495 to run task
[2023-05-25T10:36:03.237+0000] {standard_task_runner.py:84} INFO - Running: ['***', 'tasks', 'run', 'dag_with_taskflow_api_v02', 'get_age', 'scheduled__2023-02-06T00:00:00+00:00', '--job-id', '1417', '--raw', '--subdir', 'DAGS_FOLDER/first_dag.py', '--cfg-path', '/tmp/tmpsdcdu3dv']
[2023-05-25T10:36:03.240+0000] {standard_task_runner.py:85} INFO - Job 1417: Subtask get_age
[2023-05-25T10:36:03.610+0000] {task_command.py:410} INFO - Running <TaskInstance: dag_with_taskflow_api_v02.get_age scheduled__2023-02-06T00:00:00+00:00 [running]> on host b1ae37a9584e
[2023-05-25T10:36:04.744+0000] {taskinstance.py:1547} INFO - Exporting env vars: AIRFLOW_CTX_DAG_OWNER='Sai' AIRFLOW_CTX_DAG_ID='dag_with_taskflow_api_v02' AIRFLOW_CTX_TASK_ID='get_age' AIRFLOW_CTX_EXECUTION_DATE='2023-02-06T00:00:00+00:00' AIRFLOW_CTX_TRY_NUMBER='1' AIRFLOW_CTX_DAG_RUN_ID='scheduled__2023-02-06T00:00:00+00:00'
[2023-05-25T10:36:04.745+0000] {python.py:183} INFO - Done. Returned value was: 19
[2023-05-25T10:36:04.964+0000] {taskinstance.py:1350} INFO - Marking task as SUCCESS. dag_id=dag_with_taskflow_api_v02, task_id=get_age, execution_date=20230206T000000, start_date=20230525T103603, end_date=20230525T103604
[2023-05-25T10:36:05.567+0000] {local_task_job_runner.py:225} INFO - Task exited with return code 0
[2023-05-25T10:36:05.924+0000] {taskinstance.py:2651} INFO - 0 downstream tasks scheduled from follow-on schedule check
