[2023-05-24T15:25:03.396+0000] {taskinstance.py:1103} INFO - Dependencies all met for dep_context=non-requeueable deps ti=<TaskInstance: dag_with_taskflow_api_v02.get_name scheduled__2022-09-06T00:00:00+00:00 [queued]>
[2023-05-24T15:25:03.513+0000] {taskinstance.py:1103} INFO - Dependencies all met for dep_context=requeueable deps ti=<TaskInstance: dag_with_taskflow_api_v02.get_name scheduled__2022-09-06T00:00:00+00:00 [queued]>
[2023-05-24T15:25:03.513+0000] {taskinstance.py:1308} INFO - Starting attempt 1 of 6
[2023-05-24T15:25:04.083+0000] {taskinstance.py:1327} INFO - Executing <Task(_PythonDecoratedOperator): get_name> on 2022-09-06 00:00:00+00:00
[2023-05-24T15:25:04.114+0000] {standard_task_runner.py:57} INFO - Started process 2322 to run task
[2023-05-24T15:25:04.144+0000] {standard_task_runner.py:84} INFO - Running: ['***', 'tasks', 'run', 'dag_with_taskflow_api_v02', 'get_name', 'scheduled__2022-09-06T00:00:00+00:00', '--job-id', '950', '--raw', '--subdir', 'DAGS_FOLDER/first_dag.py', '--cfg-path', '/tmp/tmpn1in_4ku']
[2023-05-24T15:25:04.176+0000] {standard_task_runner.py:85} INFO - Job 950: Subtask get_name
[2023-05-24T15:25:04.507+0000] {task_command.py:410} INFO - Running <TaskInstance: dag_with_taskflow_api_v02.get_name scheduled__2022-09-06T00:00:00+00:00 [running]> on host 942de29f183d
[2023-05-24T15:25:05.399+0000] {taskinstance.py:1547} INFO - Exporting env vars: AIRFLOW_CTX_DAG_OWNER='Sai' AIRFLOW_CTX_DAG_ID='dag_with_taskflow_api_v02' AIRFLOW_CTX_TASK_ID='get_name' AIRFLOW_CTX_EXECUTION_DATE='2022-09-06T00:00:00+00:00' AIRFLOW_CTX_TRY_NUMBER='1' AIRFLOW_CTX_DAG_RUN_ID='scheduled__2022-09-06T00:00:00+00:00'
[2023-05-24T15:25:05.400+0000] {python.py:183} INFO - Done. Returned value was: {'first_name': 'Sai', 'last_name': 'Tr'}
[2023-05-24T15:25:05.674+0000] {taskinstance.py:1350} INFO - Marking task as SUCCESS. dag_id=dag_with_taskflow_api_v02, task_id=get_name, execution_date=20220906T000000, start_date=20230524T152503, end_date=20230524T152505
[2023-05-24T15:25:05.822+0000] {local_task_job_runner.py:225} INFO - Task exited with return code 0
[2023-05-24T15:25:06.046+0000] {taskinstance.py:2651} INFO - 1 downstream tasks scheduled from follow-on schedule check
[2023-05-25T06:57:37.167+0000] {taskinstance.py:1103} INFO - Dependencies all met for dep_context=non-requeueable deps ti=<TaskInstance: dag_with_taskflow_api_v02.get_name scheduled__2022-09-06T00:00:00+00:00 [queued]>
[2023-05-25T06:57:37.311+0000] {taskinstance.py:1103} INFO - Dependencies all met for dep_context=requeueable deps ti=<TaskInstance: dag_with_taskflow_api_v02.get_name scheduled__2022-09-06T00:00:00+00:00 [queued]>
[2023-05-25T06:57:37.312+0000] {taskinstance.py:1308} INFO - Starting attempt 1 of 6
[2023-05-25T06:57:37.490+0000] {taskinstance.py:1327} INFO - Executing <Task(_PythonDecoratedOperator): get_name> on 2022-09-06 00:00:00+00:00
[2023-05-25T06:57:37.496+0000] {standard_task_runner.py:57} INFO - Started process 3837 to run task
[2023-05-25T06:57:37.521+0000] {standard_task_runner.py:84} INFO - Running: ['***', 'tasks', 'run', 'dag_with_taskflow_api_v02', 'get_name', 'scheduled__2022-09-06T00:00:00+00:00', '--job-id', '950', '--raw', '--subdir', 'DAGS_FOLDER/first_dag.py', '--cfg-path', '/tmp/tmpumka2hl5']
[2023-05-25T06:57:37.526+0000] {standard_task_runner.py:85} INFO - Job 950: Subtask get_name
[2023-05-25T06:57:37.723+0000] {task_command.py:410} INFO - Running <TaskInstance: dag_with_taskflow_api_v02.get_name scheduled__2022-09-06T00:00:00+00:00 [running]> on host 6bd07c7477d9
[2023-05-25T06:57:38.539+0000] {taskinstance.py:1547} INFO - Exporting env vars: AIRFLOW_CTX_DAG_OWNER='Sai' AIRFLOW_CTX_DAG_ID='dag_with_taskflow_api_v02' AIRFLOW_CTX_TASK_ID='get_name' AIRFLOW_CTX_EXECUTION_DATE='2022-09-06T00:00:00+00:00' AIRFLOW_CTX_TRY_NUMBER='1' AIRFLOW_CTX_DAG_RUN_ID='scheduled__2022-09-06T00:00:00+00:00'
[2023-05-25T06:57:38.541+0000] {python.py:183} INFO - Done. Returned value was: {'first_name': 'Sai', 'last_name': 'Tr'}
[2023-05-25T06:57:38.778+0000] {taskinstance.py:1350} INFO - Marking task as SUCCESS. dag_id=dag_with_taskflow_api_v02, task_id=get_name, execution_date=20220906T000000, start_date=20230525T065737, end_date=20230525T065738
[2023-05-25T06:57:39.156+0000] {local_task_job_runner.py:225} INFO - Task exited with return code 0
[2023-05-25T06:57:39.349+0000] {taskinstance.py:2651} INFO - 1 downstream tasks scheduled from follow-on schedule check
[2023-05-25T10:30:59.819+0000] {taskinstance.py:1103} INFO - Dependencies all met for dep_context=non-requeueable deps ti=<TaskInstance: dag_with_taskflow_api_v02.get_name scheduled__2022-09-06T00:00:00+00:00 [queued]>
[2023-05-25T10:30:59.928+0000] {taskinstance.py:1103} INFO - Dependencies all met for dep_context=requeueable deps ti=<TaskInstance: dag_with_taskflow_api_v02.get_name scheduled__2022-09-06T00:00:00+00:00 [queued]>
[2023-05-25T10:30:59.928+0000] {taskinstance.py:1308} INFO - Starting attempt 1 of 6
[2023-05-25T10:31:00.248+0000] {taskinstance.py:1327} INFO - Executing <Task(_PythonDecoratedOperator): get_name> on 2022-09-06 00:00:00+00:00
[2023-05-25T10:31:00.272+0000] {standard_task_runner.py:57} INFO - Started process 3472 to run task
[2023-05-25T10:31:00.282+0000] {standard_task_runner.py:84} INFO - Running: ['***', 'tasks', 'run', 'dag_with_taskflow_api_v02', 'get_name', 'scheduled__2022-09-06T00:00:00+00:00', '--job-id', '963', '--raw', '--subdir', 'DAGS_FOLDER/first_dag.py', '--cfg-path', '/tmp/tmpnze68u2h']
[2023-05-25T10:31:00.303+0000] {standard_task_runner.py:85} INFO - Job 963: Subtask get_name
[2023-05-25T10:31:00.877+0000] {task_command.py:410} INFO - Running <TaskInstance: dag_with_taskflow_api_v02.get_name scheduled__2022-09-06T00:00:00+00:00 [running]> on host b1ae37a9584e
[2023-05-25T10:31:02.073+0000] {taskinstance.py:1547} INFO - Exporting env vars: AIRFLOW_CTX_DAG_OWNER='Sai' AIRFLOW_CTX_DAG_ID='dag_with_taskflow_api_v02' AIRFLOW_CTX_TASK_ID='get_name' AIRFLOW_CTX_EXECUTION_DATE='2022-09-06T00:00:00+00:00' AIRFLOW_CTX_TRY_NUMBER='1' AIRFLOW_CTX_DAG_RUN_ID='scheduled__2022-09-06T00:00:00+00:00'
[2023-05-25T10:31:02.074+0000] {python.py:183} INFO - Done. Returned value was: {'first_name': 'Sai', 'last_name': 'Tr'}
[2023-05-25T10:31:02.410+0000] {taskinstance.py:1350} INFO - Marking task as SUCCESS. dag_id=dag_with_taskflow_api_v02, task_id=get_name, execution_date=20220906T000000, start_date=20230525T103059, end_date=20230525T103102
[2023-05-25T10:31:02.670+0000] {local_task_job_runner.py:225} INFO - Task exited with return code 0
[2023-05-25T10:31:02.981+0000] {taskinstance.py:2651} INFO - 1 downstream tasks scheduled from follow-on schedule check
