[2023-05-24T15:18:52.244+0000] {taskinstance.py:1103} INFO - Dependencies all met for dep_context=non-requeueable deps ti=<TaskInstance: dag_with_taskflow_api_v02.get_age scheduled__2022-02-18T00:00:00+00:00 [queued]>
[2023-05-24T15:18:52.354+0000] {taskinstance.py:1103} INFO - Dependencies all met for dep_context=requeueable deps ti=<TaskInstance: dag_with_taskflow_api_v02.get_age scheduled__2022-02-18T00:00:00+00:00 [queued]>
[2023-05-24T15:18:52.354+0000] {taskinstance.py:1308} INFO - Starting attempt 1 of 6
[2023-05-24T15:18:52.959+0000] {taskinstance.py:1327} INFO - Executing <Task(_PythonDecoratedOperator): get_age> on 2022-02-18 00:00:00+00:00
[2023-05-24T15:18:52.997+0000] {standard_task_runner.py:57} INFO - Started process 972 to run task
[2023-05-24T15:18:53.023+0000] {standard_task_runner.py:84} INFO - Running: ['***', 'tasks', 'run', 'dag_with_taskflow_api_v02', 'get_age', 'scheduled__2022-02-18T00:00:00+00:00', '--job-id', '348', '--raw', '--subdir', 'DAGS_FOLDER/first_dag.py', '--cfg-path', '/tmp/tmpglporgxg']
[2023-05-24T15:18:53.053+0000] {standard_task_runner.py:85} INFO - Job 348: Subtask get_age
[2023-05-24T15:18:53.458+0000] {task_command.py:410} INFO - Running <TaskInstance: dag_with_taskflow_api_v02.get_age scheduled__2022-02-18T00:00:00+00:00 [running]> on host 942de29f183d
[2023-05-24T15:18:54.268+0000] {taskinstance.py:1547} INFO - Exporting env vars: AIRFLOW_CTX_DAG_OWNER='Sai' AIRFLOW_CTX_DAG_ID='dag_with_taskflow_api_v02' AIRFLOW_CTX_TASK_ID='get_age' AIRFLOW_CTX_EXECUTION_DATE='2022-02-18T00:00:00+00:00' AIRFLOW_CTX_TRY_NUMBER='1' AIRFLOW_CTX_DAG_RUN_ID='scheduled__2022-02-18T00:00:00+00:00'
[2023-05-24T15:18:54.269+0000] {python.py:183} INFO - Done. Returned value was: 19
[2023-05-24T15:18:54.387+0000] {taskinstance.py:1350} INFO - Marking task as SUCCESS. dag_id=dag_with_taskflow_api_v02, task_id=get_age, execution_date=20220218T000000, start_date=20230524T151852, end_date=20230524T151854
[2023-05-24T15:18:54.475+0000] {local_task_job_runner.py:225} INFO - Task exited with return code 0
[2023-05-24T15:18:54.777+0000] {taskinstance.py:2651} INFO - 0 downstream tasks scheduled from follow-on schedule check
[2023-05-25T06:52:06.099+0000] {taskinstance.py:1103} INFO - Dependencies all met for dep_context=non-requeueable deps ti=<TaskInstance: dag_with_taskflow_api_v02.get_age scheduled__2022-02-18T00:00:00+00:00 [queued]>
[2023-05-25T06:52:06.179+0000] {taskinstance.py:1103} INFO - Dependencies all met for dep_context=requeueable deps ti=<TaskInstance: dag_with_taskflow_api_v02.get_age scheduled__2022-02-18T00:00:00+00:00 [queued]>
[2023-05-25T06:52:06.179+0000] {taskinstance.py:1308} INFO - Starting attempt 1 of 6
[2023-05-25T06:52:06.275+0000] {taskinstance.py:1327} INFO - Executing <Task(_PythonDecoratedOperator): get_age> on 2022-02-18 00:00:00+00:00
[2023-05-25T06:52:06.300+0000] {standard_task_runner.py:57} INFO - Started process 2493 to run task
[2023-05-25T06:52:06.319+0000] {standard_task_runner.py:84} INFO - Running: ['***', 'tasks', 'run', 'dag_with_taskflow_api_v02', 'get_age', 'scheduled__2022-02-18T00:00:00+00:00', '--job-id', '346', '--raw', '--subdir', 'DAGS_FOLDER/first_dag.py', '--cfg-path', '/tmp/tmp8b75vne9']
[2023-05-25T06:52:06.345+0000] {standard_task_runner.py:85} INFO - Job 346: Subtask get_age
[2023-05-25T06:52:06.671+0000] {task_command.py:410} INFO - Running <TaskInstance: dag_with_taskflow_api_v02.get_age scheduled__2022-02-18T00:00:00+00:00 [running]> on host 6bd07c7477d9
[2023-05-25T06:52:07.907+0000] {taskinstance.py:1547} INFO - Exporting env vars: AIRFLOW_CTX_DAG_OWNER='Sai' AIRFLOW_CTX_DAG_ID='dag_with_taskflow_api_v02' AIRFLOW_CTX_TASK_ID='get_age' AIRFLOW_CTX_EXECUTION_DATE='2022-02-18T00:00:00+00:00' AIRFLOW_CTX_TRY_NUMBER='1' AIRFLOW_CTX_DAG_RUN_ID='scheduled__2022-02-18T00:00:00+00:00'
[2023-05-25T06:52:07.909+0000] {python.py:183} INFO - Done. Returned value was: 19
[2023-05-25T06:52:08.078+0000] {taskinstance.py:1350} INFO - Marking task as SUCCESS. dag_id=dag_with_taskflow_api_v02, task_id=get_age, execution_date=20220218T000000, start_date=20230525T065206, end_date=20230525T065208
[2023-05-25T06:52:08.171+0000] {local_task_job_runner.py:225} INFO - Task exited with return code 0
[2023-05-25T06:52:08.365+0000] {taskinstance.py:2651} INFO - 1 downstream tasks scheduled from follow-on schedule check
[2023-05-25T10:23:01.485+0000] {taskinstance.py:1103} INFO - Dependencies all met for dep_context=non-requeueable deps ti=<TaskInstance: dag_with_taskflow_api_v02.get_age scheduled__2022-02-18T00:00:00+00:00 [queued]>
[2023-05-25T10:23:01.529+0000] {taskinstance.py:1103} INFO - Dependencies all met for dep_context=requeueable deps ti=<TaskInstance: dag_with_taskflow_api_v02.get_age scheduled__2022-02-18T00:00:00+00:00 [queued]>
[2023-05-25T10:23:01.530+0000] {taskinstance.py:1308} INFO - Starting attempt 1 of 6
[2023-05-25T10:23:01.564+0000] {taskinstance.py:1327} INFO - Executing <Task(_PythonDecoratedOperator): get_age> on 2022-02-18 00:00:00+00:00
[2023-05-25T10:23:01.577+0000] {standard_task_runner.py:57} INFO - Started process 2048 to run task
[2023-05-25T10:23:01.589+0000] {standard_task_runner.py:84} INFO - Running: ['***', 'tasks', 'run', 'dag_with_taskflow_api_v02', 'get_age', 'scheduled__2022-02-18T00:00:00+00:00', '--job-id', '344', '--raw', '--subdir', 'DAGS_FOLDER/first_dag.py', '--cfg-path', '/tmp/tmpbgph3qtm']
[2023-05-25T10:23:01.593+0000] {standard_task_runner.py:85} INFO - Job 344: Subtask get_age
[2023-05-25T10:23:01.726+0000] {task_command.py:410} INFO - Running <TaskInstance: dag_with_taskflow_api_v02.get_age scheduled__2022-02-18T00:00:00+00:00 [running]> on host b1ae37a9584e
[2023-05-25T10:23:02.124+0000] {taskinstance.py:1547} INFO - Exporting env vars: AIRFLOW_CTX_DAG_OWNER='Sai' AIRFLOW_CTX_DAG_ID='dag_with_taskflow_api_v02' AIRFLOW_CTX_TASK_ID='get_age' AIRFLOW_CTX_EXECUTION_DATE='2022-02-18T00:00:00+00:00' AIRFLOW_CTX_TRY_NUMBER='1' AIRFLOW_CTX_DAG_RUN_ID='scheduled__2022-02-18T00:00:00+00:00'
[2023-05-25T10:23:02.126+0000] {python.py:183} INFO - Done. Returned value was: 19
[2023-05-25T10:23:02.229+0000] {taskinstance.py:1350} INFO - Marking task as SUCCESS. dag_id=dag_with_taskflow_api_v02, task_id=get_age, execution_date=20220218T000000, start_date=20230525T102301, end_date=20230525T102302
[2023-05-25T10:23:02.416+0000] {local_task_job_runner.py:225} INFO - Task exited with return code 0
[2023-05-25T10:23:02.848+0000] {taskinstance.py:2651} INFO - 0 downstream tasks scheduled from follow-on schedule check
