[2023-05-24T15:22:38.265+0000] {taskinstance.py:1103} INFO - Dependencies all met for dep_context=non-requeueable deps ti=<TaskInstance: dag_with_taskflow_api_v02.greet scheduled__2022-06-10T00:00:00+00:00 [queued]>
[2023-05-24T15:22:38.441+0000] {taskinstance.py:1103} INFO - Dependencies all met for dep_context=requeueable deps ti=<TaskInstance: dag_with_taskflow_api_v02.greet scheduled__2022-06-10T00:00:00+00:00 [queued]>
[2023-05-24T15:22:38.442+0000] {taskinstance.py:1308} INFO - Starting attempt 1 of 6
[2023-05-24T15:22:39.085+0000] {taskinstance.py:1327} INFO - Executing <Task(_PythonDecoratedOperator): greet> on 2022-06-10 00:00:00+00:00
[2023-05-24T15:22:39.114+0000] {standard_task_runner.py:57} INFO - Started process 1785 to run task
[2023-05-24T15:22:39.145+0000] {standard_task_runner.py:84} INFO - Running: ['***', 'tasks', 'run', 'dag_with_taskflow_api_v02', 'greet', 'scheduled__2022-06-10T00:00:00+00:00', '--job-id', '706', '--raw', '--subdir', 'DAGS_FOLDER/first_dag.py', '--cfg-path', '/tmp/tmp03ciid5g']
[2023-05-24T15:22:39.148+0000] {standard_task_runner.py:85} INFO - Job 706: Subtask greet
[2023-05-24T15:22:39.485+0000] {task_command.py:410} INFO - Running <TaskInstance: dag_with_taskflow_api_v02.greet scheduled__2022-06-10T00:00:00+00:00 [running]> on host 942de29f183d
[2023-05-24T15:22:40.527+0000] {taskinstance.py:1547} INFO - Exporting env vars: AIRFLOW_CTX_DAG_OWNER='Sai' AIRFLOW_CTX_DAG_ID='dag_with_taskflow_api_v02' AIRFLOW_CTX_TASK_ID='greet' AIRFLOW_CTX_EXECUTION_DATE='2022-06-10T00:00:00+00:00' AIRFLOW_CTX_TRY_NUMBER='1' AIRFLOW_CTX_DAG_RUN_ID='scheduled__2022-06-10T00:00:00+00:00'
[2023-05-24T15:22:40.528+0000] {logging_mixin.py:149} INFO - Hello World! My name is Sai Tr and I am 19 years old!
[2023-05-24T15:22:40.528+0000] {python.py:183} INFO - Done. Returned value was: None
[2023-05-24T15:22:40.606+0000] {taskinstance.py:1350} INFO - Marking task as SUCCESS. dag_id=dag_with_taskflow_api_v02, task_id=greet, execution_date=20220610T000000, start_date=20230524T152238, end_date=20230524T152240
[2023-05-24T15:22:40.767+0000] {local_task_job_runner.py:225} INFO - Task exited with return code 0
[2023-05-24T15:22:41.024+0000] {taskinstance.py:2651} INFO - 0 downstream tasks scheduled from follow-on schedule check
[2023-05-25T06:55:14.176+0000] {taskinstance.py:1103} INFO - Dependencies all met for dep_context=non-requeueable deps ti=<TaskInstance: dag_with_taskflow_api_v02.greet scheduled__2022-06-10T00:00:00+00:00 [queued]>
[2023-05-25T06:55:14.236+0000] {taskinstance.py:1103} INFO - Dependencies all met for dep_context=requeueable deps ti=<TaskInstance: dag_with_taskflow_api_v02.greet scheduled__2022-06-10T00:00:00+00:00 [queued]>
[2023-05-25T06:55:14.237+0000] {taskinstance.py:1308} INFO - Starting attempt 1 of 6
[2023-05-25T06:55:14.395+0000] {taskinstance.py:1327} INFO - Executing <Task(_PythonDecoratedOperator): greet> on 2022-06-10 00:00:00+00:00
[2023-05-25T06:55:14.402+0000] {standard_task_runner.py:57} INFO - Started process 3281 to run task
[2023-05-25T06:55:14.436+0000] {standard_task_runner.py:84} INFO - Running: ['***', 'tasks', 'run', 'dag_with_taskflow_api_v02', 'greet', 'scheduled__2022-06-10T00:00:00+00:00', '--job-id', '698', '--raw', '--subdir', 'DAGS_FOLDER/first_dag.py', '--cfg-path', '/tmp/tmpvqhghhvk']
[2023-05-25T06:55:14.448+0000] {standard_task_runner.py:85} INFO - Job 698: Subtask greet
[2023-05-25T06:55:14.644+0000] {task_command.py:410} INFO - Running <TaskInstance: dag_with_taskflow_api_v02.greet scheduled__2022-06-10T00:00:00+00:00 [running]> on host 6bd07c7477d9
[2023-05-25T06:55:15.460+0000] {taskinstance.py:1547} INFO - Exporting env vars: AIRFLOW_CTX_DAG_OWNER='Sai' AIRFLOW_CTX_DAG_ID='dag_with_taskflow_api_v02' AIRFLOW_CTX_TASK_ID='greet' AIRFLOW_CTX_EXECUTION_DATE='2022-06-10T00:00:00+00:00' AIRFLOW_CTX_TRY_NUMBER='1' AIRFLOW_CTX_DAG_RUN_ID='scheduled__2022-06-10T00:00:00+00:00'
[2023-05-25T06:55:15.461+0000] {logging_mixin.py:149} INFO - Hello World! My name is Sai Tr and I am 19 years old!
[2023-05-25T06:55:15.462+0000] {python.py:183} INFO - Done. Returned value was: None
[2023-05-25T06:55:15.527+0000] {taskinstance.py:1350} INFO - Marking task as SUCCESS. dag_id=dag_with_taskflow_api_v02, task_id=greet, execution_date=20220610T000000, start_date=20230525T065514, end_date=20230525T065515
[2023-05-25T06:55:15.828+0000] {local_task_job_runner.py:225} INFO - Task exited with return code 0
[2023-05-25T06:55:15.892+0000] {taskinstance.py:2651} INFO - 0 downstream tasks scheduled from follow-on schedule check
[2023-05-25T10:26:47.537+0000] {taskinstance.py:1103} INFO - Dependencies all met for dep_context=non-requeueable deps ti=<TaskInstance: dag_with_taskflow_api_v02.greet scheduled__2022-06-10T00:00:00+00:00 [queued]>
[2023-05-25T10:26:47.631+0000] {taskinstance.py:1103} INFO - Dependencies all met for dep_context=requeueable deps ti=<TaskInstance: dag_with_taskflow_api_v02.greet scheduled__2022-06-10T00:00:00+00:00 [queued]>
[2023-05-25T10:26:47.635+0000] {taskinstance.py:1308} INFO - Starting attempt 1 of 6
[2023-05-25T10:26:48.058+0000] {taskinstance.py:1327} INFO - Executing <Task(_PythonDecoratedOperator): greet> on 2022-06-10 00:00:00+00:00
[2023-05-25T10:26:48.139+0000] {standard_task_runner.py:57} INFO - Started process 2880 to run task
[2023-05-25T10:26:48.214+0000] {standard_task_runner.py:84} INFO - Running: ['***', 'tasks', 'run', 'dag_with_taskflow_api_v02', 'greet', 'scheduled__2022-06-10T00:00:00+00:00', '--job-id', '717', '--raw', '--subdir', 'DAGS_FOLDER/first_dag.py', '--cfg-path', '/tmp/tmp60wab0s7']
[2023-05-25T10:26:48.276+0000] {standard_task_runner.py:85} INFO - Job 717: Subtask greet
[2023-05-25T10:26:48.624+0000] {task_command.py:410} INFO - Running <TaskInstance: dag_with_taskflow_api_v02.greet scheduled__2022-06-10T00:00:00+00:00 [running]> on host b1ae37a9584e
[2023-05-25T10:26:49.566+0000] {taskinstance.py:1547} INFO - Exporting env vars: AIRFLOW_CTX_DAG_OWNER='Sai' AIRFLOW_CTX_DAG_ID='dag_with_taskflow_api_v02' AIRFLOW_CTX_TASK_ID='greet' AIRFLOW_CTX_EXECUTION_DATE='2022-06-10T00:00:00+00:00' AIRFLOW_CTX_TRY_NUMBER='1' AIRFLOW_CTX_DAG_RUN_ID='scheduled__2022-06-10T00:00:00+00:00'
[2023-05-25T10:26:49.567+0000] {logging_mixin.py:149} INFO - Hello World! My name is Sai Tr and I am 19 years old!
[2023-05-25T10:26:49.568+0000] {python.py:183} INFO - Done. Returned value was: None
[2023-05-25T10:26:49.606+0000] {taskinstance.py:1350} INFO - Marking task as SUCCESS. dag_id=dag_with_taskflow_api_v02, task_id=greet, execution_date=20220610T000000, start_date=20230525T102647, end_date=20230525T102649
[2023-05-25T10:26:49.692+0000] {local_task_job_runner.py:225} INFO - Task exited with return code 0
[2023-05-25T10:26:49.860+0000] {taskinstance.py:2651} INFO - 0 downstream tasks scheduled from follow-on schedule check
