[2023-05-24T15:16:33.096+0000] {taskinstance.py:1103} INFO - Dependencies all met for dep_context=non-requeueable deps ti=<TaskInstance: dag_with_taskflow_api_v02.get_age scheduled__2021-12-09T00:00:00+00:00 [queued]>
[2023-05-24T15:16:33.194+0000] {taskinstance.py:1103} INFO - Dependencies all met for dep_context=requeueable deps ti=<TaskInstance: dag_with_taskflow_api_v02.get_age scheduled__2021-12-09T00:00:00+00:00 [queued]>
[2023-05-24T15:16:33.195+0000] {taskinstance.py:1308} INFO - Starting attempt 1 of 6
[2023-05-24T15:16:33.339+0000] {taskinstance.py:1327} INFO - Executing <Task(_PythonDecoratedOperator): get_age> on 2021-12-09 00:00:00+00:00
[2023-05-24T15:16:33.356+0000] {standard_task_runner.py:57} INFO - Started process 502 to run task
[2023-05-24T15:16:33.413+0000] {standard_task_runner.py:84} INFO - Running: ['***', 'tasks', 'run', 'dag_with_taskflow_api_v02', 'get_age', 'scheduled__2021-12-09T00:00:00+00:00', '--job-id', '138', '--raw', '--subdir', 'DAGS_FOLDER/first_dag.py', '--cfg-path', '/tmp/tmpo67_ynkx']
[2023-05-24T15:16:33.442+0000] {standard_task_runner.py:85} INFO - Job 138: Subtask get_age
[2023-05-24T15:16:33.734+0000] {task_command.py:410} INFO - Running <TaskInstance: dag_with_taskflow_api_v02.get_age scheduled__2021-12-09T00:00:00+00:00 [running]> on host 942de29f183d
[2023-05-24T15:16:34.600+0000] {taskinstance.py:1547} INFO - Exporting env vars: AIRFLOW_CTX_DAG_OWNER='Sai' AIRFLOW_CTX_DAG_ID='dag_with_taskflow_api_v02' AIRFLOW_CTX_TASK_ID='get_age' AIRFLOW_CTX_EXECUTION_DATE='2021-12-09T00:00:00+00:00' AIRFLOW_CTX_TRY_NUMBER='1' AIRFLOW_CTX_DAG_RUN_ID='scheduled__2021-12-09T00:00:00+00:00'
[2023-05-24T15:16:34.602+0000] {python.py:183} INFO - Done. Returned value was: 19
[2023-05-24T15:16:34.760+0000] {taskinstance.py:1350} INFO - Marking task as SUCCESS. dag_id=dag_with_taskflow_api_v02, task_id=get_age, execution_date=20211209T000000, start_date=20230524T151633, end_date=20230524T151634
[2023-05-24T15:16:35.153+0000] {local_task_job_runner.py:225} INFO - Task exited with return code 0
[2023-05-24T15:16:35.337+0000] {taskinstance.py:2651} INFO - 1 downstream tasks scheduled from follow-on schedule check
[2023-05-25T06:50:16.183+0000] {taskinstance.py:1103} INFO - Dependencies all met for dep_context=non-requeueable deps ti=<TaskInstance: dag_with_taskflow_api_v02.get_age scheduled__2021-12-09T00:00:00+00:00 [queued]>
[2023-05-25T06:50:16.231+0000] {taskinstance.py:1103} INFO - Dependencies all met for dep_context=requeueable deps ti=<TaskInstance: dag_with_taskflow_api_v02.get_age scheduled__2021-12-09T00:00:00+00:00 [queued]>
[2023-05-25T06:50:16.231+0000] {taskinstance.py:1308} INFO - Starting attempt 1 of 6
[2023-05-25T06:50:16.354+0000] {taskinstance.py:1327} INFO - Executing <Task(_PythonDecoratedOperator): get_age> on 2021-12-09 00:00:00+00:00
[2023-05-25T06:50:16.362+0000] {standard_task_runner.py:57} INFO - Started process 2046 to run task
[2023-05-25T06:50:16.396+0000] {standard_task_runner.py:84} INFO - Running: ['***', 'tasks', 'run', 'dag_with_taskflow_api_v02', 'get_age', 'scheduled__2021-12-09T00:00:00+00:00', '--job-id', '138', '--raw', '--subdir', 'DAGS_FOLDER/first_dag.py', '--cfg-path', '/tmp/tmp1ikfntrd']
[2023-05-25T06:50:16.413+0000] {standard_task_runner.py:85} INFO - Job 138: Subtask get_age
[2023-05-25T06:50:16.686+0000] {task_command.py:410} INFO - Running <TaskInstance: dag_with_taskflow_api_v02.get_age scheduled__2021-12-09T00:00:00+00:00 [running]> on host 6bd07c7477d9
[2023-05-25T06:50:17.351+0000] {taskinstance.py:1547} INFO - Exporting env vars: AIRFLOW_CTX_DAG_OWNER='Sai' AIRFLOW_CTX_DAG_ID='dag_with_taskflow_api_v02' AIRFLOW_CTX_TASK_ID='get_age' AIRFLOW_CTX_EXECUTION_DATE='2021-12-09T00:00:00+00:00' AIRFLOW_CTX_TRY_NUMBER='1' AIRFLOW_CTX_DAG_RUN_ID='scheduled__2021-12-09T00:00:00+00:00'
[2023-05-25T06:50:17.352+0000] {python.py:183} INFO - Done. Returned value was: 19
[2023-05-25T06:50:17.458+0000] {taskinstance.py:1350} INFO - Marking task as SUCCESS. dag_id=dag_with_taskflow_api_v02, task_id=get_age, execution_date=20211209T000000, start_date=20230525T065016, end_date=20230525T065017
[2023-05-25T06:50:17.636+0000] {local_task_job_runner.py:225} INFO - Task exited with return code 0
[2023-05-25T06:50:17.839+0000] {taskinstance.py:2651} INFO - 0 downstream tasks scheduled from follow-on schedule check
[2023-05-25T10:20:22.336+0000] {taskinstance.py:1103} INFO - Dependencies all met for dep_context=non-requeueable deps ti=<TaskInstance: dag_with_taskflow_api_v02.get_age scheduled__2021-12-09T00:00:00+00:00 [queued]>
[2023-05-25T10:20:22.460+0000] {taskinstance.py:1103} INFO - Dependencies all met for dep_context=requeueable deps ti=<TaskInstance: dag_with_taskflow_api_v02.get_age scheduled__2021-12-09T00:00:00+00:00 [queued]>
[2023-05-25T10:20:22.465+0000] {taskinstance.py:1308} INFO - Starting attempt 1 of 6
[2023-05-25T10:20:22.778+0000] {taskinstance.py:1327} INFO - Executing <Task(_PythonDecoratedOperator): get_age> on 2021-12-09 00:00:00+00:00
[2023-05-25T10:20:22.807+0000] {standard_task_runner.py:57} INFO - Started process 1546 to run task
[2023-05-25T10:20:22.860+0000] {standard_task_runner.py:84} INFO - Running: ['***', 'tasks', 'run', 'dag_with_taskflow_api_v02', 'get_age', 'scheduled__2021-12-09T00:00:00+00:00', '--job-id', '126', '--raw', '--subdir', 'DAGS_FOLDER/first_dag.py', '--cfg-path', '/tmp/tmpiiz3ej56']
[2023-05-25T10:20:22.868+0000] {standard_task_runner.py:85} INFO - Job 126: Subtask get_age
[2023-05-25T10:20:23.157+0000] {task_command.py:410} INFO - Running <TaskInstance: dag_with_taskflow_api_v02.get_age scheduled__2021-12-09T00:00:00+00:00 [running]> on host b1ae37a9584e
[2023-05-25T10:20:24.167+0000] {taskinstance.py:1547} INFO - Exporting env vars: AIRFLOW_CTX_DAG_OWNER='Sai' AIRFLOW_CTX_DAG_ID='dag_with_taskflow_api_v02' AIRFLOW_CTX_TASK_ID='get_age' AIRFLOW_CTX_EXECUTION_DATE='2021-12-09T00:00:00+00:00' AIRFLOW_CTX_TRY_NUMBER='1' AIRFLOW_CTX_DAG_RUN_ID='scheduled__2021-12-09T00:00:00+00:00'
[2023-05-25T10:20:24.176+0000] {python.py:183} INFO - Done. Returned value was: 19
[2023-05-25T10:20:24.312+0000] {taskinstance.py:1350} INFO - Marking task as SUCCESS. dag_id=dag_with_taskflow_api_v02, task_id=get_age, execution_date=20211209T000000, start_date=20230525T102022, end_date=20230525T102024
[2023-05-25T10:20:24.407+0000] {local_task_job_runner.py:225} INFO - Task exited with return code 0
[2023-05-25T10:20:24.535+0000] {taskinstance.py:2651} INFO - 0 downstream tasks scheduled from follow-on schedule check
