[2023-05-24T15:20:43.224+0000] {taskinstance.py:1103} INFO - Dependencies all met for dep_context=non-requeueable deps ti=<TaskInstance: dag_with_taskflow_api_v02.get_age scheduled__2022-04-17T00:00:00+00:00 [queued]>
[2023-05-24T15:20:43.268+0000] {taskinstance.py:1103} INFO - Dependencies all met for dep_context=requeueable deps ti=<TaskInstance: dag_with_taskflow_api_v02.get_age scheduled__2022-04-17T00:00:00+00:00 [queued]>
[2023-05-24T15:20:43.268+0000] {taskinstance.py:1308} INFO - Starting attempt 1 of 6
[2023-05-24T15:20:43.526+0000] {taskinstance.py:1327} INFO - Executing <Task(_PythonDecoratedOperator): get_age> on 2022-04-17 00:00:00+00:00
[2023-05-24T15:20:43.541+0000] {standard_task_runner.py:57} INFO - Started process 1377 to run task
[2023-05-24T15:20:43.615+0000] {standard_task_runner.py:84} INFO - Running: ['***', 'tasks', 'run', 'dag_with_taskflow_api_v02', 'get_age', 'scheduled__2022-04-17T00:00:00+00:00', '--job-id', '526', '--raw', '--subdir', 'DAGS_FOLDER/first_dag.py', '--cfg-path', '/tmp/tmpou_t1mjo']
[2023-05-24T15:20:43.628+0000] {standard_task_runner.py:85} INFO - Job 526: Subtask get_age
[2023-05-24T15:20:44.027+0000] {task_command.py:410} INFO - Running <TaskInstance: dag_with_taskflow_api_v02.get_age scheduled__2022-04-17T00:00:00+00:00 [running]> on host 942de29f183d
[2023-05-24T15:20:45.095+0000] {taskinstance.py:1547} INFO - Exporting env vars: AIRFLOW_CTX_DAG_OWNER='Sai' AIRFLOW_CTX_DAG_ID='dag_with_taskflow_api_v02' AIRFLOW_CTX_TASK_ID='get_age' AIRFLOW_CTX_EXECUTION_DATE='2022-04-17T00:00:00+00:00' AIRFLOW_CTX_TRY_NUMBER='1' AIRFLOW_CTX_DAG_RUN_ID='scheduled__2022-04-17T00:00:00+00:00'
[2023-05-24T15:20:45.096+0000] {python.py:183} INFO - Done. Returned value was: 19
[2023-05-24T15:20:45.324+0000] {taskinstance.py:1350} INFO - Marking task as SUCCESS. dag_id=dag_with_taskflow_api_v02, task_id=get_age, execution_date=20220417T000000, start_date=20230524T152043, end_date=20230524T152045
[2023-05-24T15:20:45.436+0000] {local_task_job_runner.py:225} INFO - Task exited with return code 0
[2023-05-24T15:20:45.644+0000] {taskinstance.py:2651} INFO - 1 downstream tasks scheduled from follow-on schedule check
[2023-05-25T06:53:39.120+0000] {taskinstance.py:1103} INFO - Dependencies all met for dep_context=non-requeueable deps ti=<TaskInstance: dag_with_taskflow_api_v02.get_age scheduled__2022-04-17T00:00:00+00:00 [queued]>
[2023-05-25T06:53:39.262+0000] {taskinstance.py:1103} INFO - Dependencies all met for dep_context=requeueable deps ti=<TaskInstance: dag_with_taskflow_api_v02.get_age scheduled__2022-04-17T00:00:00+00:00 [queued]>
[2023-05-25T06:53:39.262+0000] {taskinstance.py:1308} INFO - Starting attempt 1 of 6
[2023-05-25T06:53:39.448+0000] {taskinstance.py:1327} INFO - Executing <Task(_PythonDecoratedOperator): get_age> on 2022-04-17 00:00:00+00:00
[2023-05-25T06:53:39.465+0000] {standard_task_runner.py:57} INFO - Started process 2884 to run task
[2023-05-25T06:53:39.496+0000] {standard_task_runner.py:84} INFO - Running: ['***', 'tasks', 'run', 'dag_with_taskflow_api_v02', 'get_age', 'scheduled__2022-04-17T00:00:00+00:00', '--job-id', '519', '--raw', '--subdir', 'DAGS_FOLDER/first_dag.py', '--cfg-path', '/tmp/tmpvh6ayyce']
[2023-05-25T06:53:39.499+0000] {standard_task_runner.py:85} INFO - Job 519: Subtask get_age
[2023-05-25T06:53:39.758+0000] {task_command.py:410} INFO - Running <TaskInstance: dag_with_taskflow_api_v02.get_age scheduled__2022-04-17T00:00:00+00:00 [running]> on host 6bd07c7477d9
[2023-05-25T06:53:40.426+0000] {taskinstance.py:1547} INFO - Exporting env vars: AIRFLOW_CTX_DAG_OWNER='Sai' AIRFLOW_CTX_DAG_ID='dag_with_taskflow_api_v02' AIRFLOW_CTX_TASK_ID='get_age' AIRFLOW_CTX_EXECUTION_DATE='2022-04-17T00:00:00+00:00' AIRFLOW_CTX_TRY_NUMBER='1' AIRFLOW_CTX_DAG_RUN_ID='scheduled__2022-04-17T00:00:00+00:00'
[2023-05-25T06:53:40.428+0000] {python.py:183} INFO - Done. Returned value was: 19
[2023-05-25T06:53:40.568+0000] {taskinstance.py:1350} INFO - Marking task as SUCCESS. dag_id=dag_with_taskflow_api_v02, task_id=get_age, execution_date=20220417T000000, start_date=20230525T065339, end_date=20230525T065340
[2023-05-25T06:53:40.662+0000] {local_task_job_runner.py:225} INFO - Task exited with return code 0
[2023-05-25T06:53:41.162+0000] {taskinstance.py:2651} INFO - 0 downstream tasks scheduled from follow-on schedule check
[2023-05-25T10:25:00.849+0000] {taskinstance.py:1103} INFO - Dependencies all met for dep_context=non-requeueable deps ti=<TaskInstance: dag_with_taskflow_api_v02.get_age scheduled__2022-04-17T00:00:00+00:00 [queued]>
[2023-05-25T10:25:00.869+0000] {taskinstance.py:1103} INFO - Dependencies all met for dep_context=requeueable deps ti=<TaskInstance: dag_with_taskflow_api_v02.get_age scheduled__2022-04-17T00:00:00+00:00 [queued]>
[2023-05-25T10:25:00.870+0000] {taskinstance.py:1308} INFO - Starting attempt 1 of 6
[2023-05-25T10:25:01.806+0000] {taskinstance.py:1327} INFO - Executing <Task(_PythonDecoratedOperator): get_age> on 2022-04-17 00:00:00+00:00
[2023-05-25T10:25:01.855+0000] {standard_task_runner.py:57} INFO - Started process 2473 to run task
[2023-05-25T10:25:01.888+0000] {standard_task_runner.py:84} INFO - Running: ['***', 'tasks', 'run', 'dag_with_taskflow_api_v02', 'get_age', 'scheduled__2022-04-17T00:00:00+00:00', '--job-id', '531', '--raw', '--subdir', 'DAGS_FOLDER/first_dag.py', '--cfg-path', '/tmp/tmpqbc8wwye']
[2023-05-25T10:25:01.899+0000] {standard_task_runner.py:85} INFO - Job 531: Subtask get_age
[2023-05-25T10:25:02.193+0000] {task_command.py:410} INFO - Running <TaskInstance: dag_with_taskflow_api_v02.get_age scheduled__2022-04-17T00:00:00+00:00 [running]> on host b1ae37a9584e
[2023-05-25T10:25:03.052+0000] {taskinstance.py:1547} INFO - Exporting env vars: AIRFLOW_CTX_DAG_OWNER='Sai' AIRFLOW_CTX_DAG_ID='dag_with_taskflow_api_v02' AIRFLOW_CTX_TASK_ID='get_age' AIRFLOW_CTX_EXECUTION_DATE='2022-04-17T00:00:00+00:00' AIRFLOW_CTX_TRY_NUMBER='1' AIRFLOW_CTX_DAG_RUN_ID='scheduled__2022-04-17T00:00:00+00:00'
[2023-05-25T10:25:03.054+0000] {python.py:183} INFO - Done. Returned value was: 19
[2023-05-25T10:25:03.192+0000] {taskinstance.py:1350} INFO - Marking task as SUCCESS. dag_id=dag_with_taskflow_api_v02, task_id=get_age, execution_date=20220417T000000, start_date=20230525T102500, end_date=20230525T102503
[2023-05-25T10:25:03.308+0000] {local_task_job_runner.py:225} INFO - Task exited with return code 0
[2023-05-25T10:25:03.724+0000] {taskinstance.py:2651} INFO - 1 downstream tasks scheduled from follow-on schedule check
