[2023-05-24T15:26:57.884+0000] {taskinstance.py:1103} INFO - Dependencies all met for dep_context=non-requeueable deps ti=<TaskInstance: dag_with_taskflow_api_v02.greet scheduled__2022-11-15T00:00:00+00:00 [queued]>
[2023-05-24T15:26:57.931+0000] {taskinstance.py:1103} INFO - Dependencies all met for dep_context=requeueable deps ti=<TaskInstance: dag_with_taskflow_api_v02.greet scheduled__2022-11-15T00:00:00+00:00 [queued]>
[2023-05-24T15:26:57.931+0000] {taskinstance.py:1308} INFO - Starting attempt 1 of 6
[2023-05-24T15:26:57.993+0000] {taskinstance.py:1327} INFO - Executing <Task(_PythonDecoratedOperator): greet> on 2022-11-15 00:00:00+00:00
[2023-05-24T15:26:58.000+0000] {standard_task_runner.py:57} INFO - Started process 2796 to run task
[2023-05-24T15:26:58.011+0000] {standard_task_runner.py:84} INFO - Running: ['***', 'tasks', 'run', 'dag_with_taskflow_api_v02', 'greet', 'scheduled__2022-11-15T00:00:00+00:00', '--job-id', '1169', '--raw', '--subdir', 'DAGS_FOLDER/first_dag.py', '--cfg-path', '/tmp/tmpez0uahkx']
[2023-05-24T15:26:58.025+0000] {standard_task_runner.py:85} INFO - Job 1169: Subtask greet
[2023-05-24T15:26:58.198+0000] {task_command.py:410} INFO - Running <TaskInstance: dag_with_taskflow_api_v02.greet scheduled__2022-11-15T00:00:00+00:00 [running]> on host 942de29f183d
[2023-05-24T15:26:58.517+0000] {taskinstance.py:1547} INFO - Exporting env vars: AIRFLOW_CTX_DAG_OWNER='Sai' AIRFLOW_CTX_DAG_ID='dag_with_taskflow_api_v02' AIRFLOW_CTX_TASK_ID='greet' AIRFLOW_CTX_EXECUTION_DATE='2022-11-15T00:00:00+00:00' AIRFLOW_CTX_TRY_NUMBER='1' AIRFLOW_CTX_DAG_RUN_ID='scheduled__2022-11-15T00:00:00+00:00'
[2023-05-24T15:26:58.518+0000] {logging_mixin.py:149} INFO - Hello World! My name is Sai Tr and I am 19 years old!
[2023-05-24T15:26:58.519+0000] {python.py:183} INFO - Done. Returned value was: None
[2023-05-24T15:26:58.539+0000] {taskinstance.py:1350} INFO - Marking task as SUCCESS. dag_id=dag_with_taskflow_api_v02, task_id=greet, execution_date=20221115T000000, start_date=20230524T152657, end_date=20230524T152658
[2023-05-24T15:26:58.584+0000] {local_task_job_runner.py:225} INFO - Task exited with return code 0
[2023-05-24T15:26:58.654+0000] {taskinstance.py:2651} INFO - 0 downstream tasks scheduled from follow-on schedule check
[2023-05-25T06:59:31.043+0000] {taskinstance.py:1103} INFO - Dependencies all met for dep_context=non-requeueable deps ti=<TaskInstance: dag_with_taskflow_api_v02.greet scheduled__2022-11-15T00:00:00+00:00 [queued]>
[2023-05-25T06:59:31.056+0000] {taskinstance.py:1103} INFO - Dependencies all met for dep_context=requeueable deps ti=<TaskInstance: dag_with_taskflow_api_v02.greet scheduled__2022-11-15T00:00:00+00:00 [queued]>
[2023-05-25T06:59:31.056+0000] {taskinstance.py:1308} INFO - Starting attempt 1 of 6
[2023-05-25T06:59:31.076+0000] {taskinstance.py:1327} INFO - Executing <Task(_PythonDecoratedOperator): greet> on 2022-11-15 00:00:00+00:00
[2023-05-25T06:59:31.081+0000] {standard_task_runner.py:57} INFO - Started process 4302 to run task
[2023-05-25T06:59:31.085+0000] {standard_task_runner.py:84} INFO - Running: ['***', 'tasks', 'run', 'dag_with_taskflow_api_v02', 'greet', 'scheduled__2022-11-15T00:00:00+00:00', '--job-id', '1163', '--raw', '--subdir', 'DAGS_FOLDER/first_dag.py', '--cfg-path', '/tmp/tmpq0og7e0t']
[2023-05-25T06:59:31.087+0000] {standard_task_runner.py:85} INFO - Job 1163: Subtask greet
[2023-05-25T06:59:31.146+0000] {task_command.py:410} INFO - Running <TaskInstance: dag_with_taskflow_api_v02.greet scheduled__2022-11-15T00:00:00+00:00 [running]> on host 6bd07c7477d9
[2023-05-25T06:59:31.301+0000] {taskinstance.py:1547} INFO - Exporting env vars: AIRFLOW_CTX_DAG_OWNER='Sai' AIRFLOW_CTX_DAG_ID='dag_with_taskflow_api_v02' AIRFLOW_CTX_TASK_ID='greet' AIRFLOW_CTX_EXECUTION_DATE='2022-11-15T00:00:00+00:00' AIRFLOW_CTX_TRY_NUMBER='1' AIRFLOW_CTX_DAG_RUN_ID='scheduled__2022-11-15T00:00:00+00:00'
[2023-05-25T06:59:31.301+0000] {logging_mixin.py:149} INFO - Hello World! My name is Sai Tr and I am 19 years old!
[2023-05-25T06:59:31.302+0000] {python.py:183} INFO - Done. Returned value was: None
[2023-05-25T06:59:31.314+0000] {taskinstance.py:1350} INFO - Marking task as SUCCESS. dag_id=dag_with_taskflow_api_v02, task_id=greet, execution_date=20221115T000000, start_date=20230525T065931, end_date=20230525T065931
[2023-05-25T06:59:31.337+0000] {local_task_job_runner.py:225} INFO - Task exited with return code 0
[2023-05-25T06:59:31.360+0000] {taskinstance.py:2651} INFO - 0 downstream tasks scheduled from follow-on schedule check
[2023-05-25T10:33:18.920+0000] {taskinstance.py:1103} INFO - Dependencies all met for dep_context=non-requeueable deps ti=<TaskInstance: dag_with_taskflow_api_v02.greet scheduled__2022-11-15T00:00:00+00:00 [queued]>
[2023-05-25T10:33:18.958+0000] {taskinstance.py:1103} INFO - Dependencies all met for dep_context=requeueable deps ti=<TaskInstance: dag_with_taskflow_api_v02.greet scheduled__2022-11-15T00:00:00+00:00 [queued]>
[2023-05-25T10:33:18.959+0000] {taskinstance.py:1308} INFO - Starting attempt 1 of 6
[2023-05-25T10:33:19.009+0000] {taskinstance.py:1327} INFO - Executing <Task(_PythonDecoratedOperator): greet> on 2022-11-15 00:00:00+00:00
[2023-05-25T10:33:19.017+0000] {standard_task_runner.py:57} INFO - Started process 3947 to run task
[2023-05-25T10:33:19.025+0000] {standard_task_runner.py:84} INFO - Running: ['***', 'tasks', 'run', 'dag_with_taskflow_api_v02', 'greet', 'scheduled__2022-11-15T00:00:00+00:00', '--job-id', '1180', '--raw', '--subdir', 'DAGS_FOLDER/first_dag.py', '--cfg-path', '/tmp/tmpet72vc8w']
[2023-05-25T10:33:19.028+0000] {standard_task_runner.py:85} INFO - Job 1180: Subtask greet
[2023-05-25T10:33:19.120+0000] {task_command.py:410} INFO - Running <TaskInstance: dag_with_taskflow_api_v02.greet scheduled__2022-11-15T00:00:00+00:00 [running]> on host b1ae37a9584e
[2023-05-25T10:33:19.429+0000] {taskinstance.py:1547} INFO - Exporting env vars: AIRFLOW_CTX_DAG_OWNER='Sai' AIRFLOW_CTX_DAG_ID='dag_with_taskflow_api_v02' AIRFLOW_CTX_TASK_ID='greet' AIRFLOW_CTX_EXECUTION_DATE='2022-11-15T00:00:00+00:00' AIRFLOW_CTX_TRY_NUMBER='1' AIRFLOW_CTX_DAG_RUN_ID='scheduled__2022-11-15T00:00:00+00:00'
[2023-05-25T10:33:19.430+0000] {logging_mixin.py:149} INFO - Hello World! My name is Sai Tr and I am 19 years old!
[2023-05-25T10:33:19.431+0000] {python.py:183} INFO - Done. Returned value was: None
[2023-05-25T10:33:19.449+0000] {taskinstance.py:1350} INFO - Marking task as SUCCESS. dag_id=dag_with_taskflow_api_v02, task_id=greet, execution_date=20221115T000000, start_date=20230525T103318, end_date=20230525T103319
[2023-05-25T10:33:19.518+0000] {local_task_job_runner.py:225} INFO - Task exited with return code 0
[2023-05-25T10:33:19.550+0000] {taskinstance.py:2651} INFO - 0 downstream tasks scheduled from follow-on schedule check
