[2023-05-24T15:30:01.776+0000] {taskinstance.py:1103} INFO - Dependencies all met for dep_context=non-requeueable deps ti=<TaskInstance: dag_with_taskflow_api_v02.greet scheduled__2023-03-02T00:00:00+00:00 [queued]>
[2023-05-24T15:30:01.874+0000] {taskinstance.py:1103} INFO - Dependencies all met for dep_context=requeueable deps ti=<TaskInstance: dag_with_taskflow_api_v02.greet scheduled__2023-03-02T00:00:00+00:00 [queued]>
[2023-05-24T15:30:01.883+0000] {taskinstance.py:1308} INFO - Starting attempt 1 of 6
[2023-05-24T15:30:02.064+0000] {taskinstance.py:1327} INFO - Executing <Task(_PythonDecoratedOperator): greet> on 2023-03-02 00:00:00+00:00
[2023-05-24T15:30:02.075+0000] {standard_task_runner.py:57} INFO - Started process 3540 to run task
[2023-05-24T15:30:02.149+0000] {standard_task_runner.py:84} INFO - Running: ['***', 'tasks', 'run', 'dag_with_taskflow_api_v02', 'greet', 'scheduled__2023-03-02T00:00:00+00:00', '--job-id', '1501', '--raw', '--subdir', 'DAGS_FOLDER/first_dag.py', '--cfg-path', '/tmp/tmpdhtpjr9k']
[2023-05-24T15:30:02.179+0000] {standard_task_runner.py:85} INFO - Job 1501: Subtask greet
[2023-05-24T15:30:02.504+0000] {task_command.py:410} INFO - Running <TaskInstance: dag_with_taskflow_api_v02.greet scheduled__2023-03-02T00:00:00+00:00 [running]> on host 942de29f183d
[2023-05-24T15:30:03.646+0000] {taskinstance.py:1547} INFO - Exporting env vars: AIRFLOW_CTX_DAG_OWNER='Sai' AIRFLOW_CTX_DAG_ID='dag_with_taskflow_api_v02' AIRFLOW_CTX_TASK_ID='greet' AIRFLOW_CTX_EXECUTION_DATE='2023-03-02T00:00:00+00:00' AIRFLOW_CTX_TRY_NUMBER='1' AIRFLOW_CTX_DAG_RUN_ID='scheduled__2023-03-02T00:00:00+00:00'
[2023-05-24T15:30:03.648+0000] {logging_mixin.py:149} INFO - Hello World! My name is Sai Tr and I am 19 years old!
[2023-05-24T15:30:03.649+0000] {python.py:183} INFO - Done. Returned value was: None
[2023-05-24T15:30:03.728+0000] {taskinstance.py:1350} INFO - Marking task as SUCCESS. dag_id=dag_with_taskflow_api_v02, task_id=greet, execution_date=20230302T000000, start_date=20230524T153001, end_date=20230524T153003
[2023-05-24T15:30:04.365+0000] {local_task_job_runner.py:225} INFO - Task exited with return code 0
[2023-05-24T15:30:04.547+0000] {taskinstance.py:2651} INFO - 0 downstream tasks scheduled from follow-on schedule check
[2023-05-25T07:02:31.992+0000] {taskinstance.py:1103} INFO - Dependencies all met for dep_context=non-requeueable deps ti=<TaskInstance: dag_with_taskflow_api_v02.greet scheduled__2023-03-02T00:00:00+00:00 [queued]>
[2023-05-25T07:02:32.104+0000] {taskinstance.py:1103} INFO - Dependencies all met for dep_context=requeueable deps ti=<TaskInstance: dag_with_taskflow_api_v02.greet scheduled__2023-03-02T00:00:00+00:00 [queued]>
[2023-05-25T07:02:32.104+0000] {taskinstance.py:1308} INFO - Starting attempt 1 of 6
[2023-05-25T07:02:32.259+0000] {taskinstance.py:1327} INFO - Executing <Task(_PythonDecoratedOperator): greet> on 2023-03-02 00:00:00+00:00
[2023-05-25T07:02:32.279+0000] {standard_task_runner.py:57} INFO - Started process 5047 to run task
[2023-05-25T07:02:32.302+0000] {standard_task_runner.py:84} INFO - Running: ['***', 'tasks', 'run', 'dag_with_taskflow_api_v02', 'greet', 'scheduled__2023-03-02T00:00:00+00:00', '--job-id', '1496', '--raw', '--subdir', 'DAGS_FOLDER/first_dag.py', '--cfg-path', '/tmp/tmp09rint4y']
[2023-05-25T07:02:32.312+0000] {standard_task_runner.py:85} INFO - Job 1496: Subtask greet
[2023-05-25T07:02:32.619+0000] {task_command.py:410} INFO - Running <TaskInstance: dag_with_taskflow_api_v02.greet scheduled__2023-03-02T00:00:00+00:00 [running]> on host 6bd07c7477d9
[2023-05-25T07:02:33.654+0000] {taskinstance.py:1547} INFO - Exporting env vars: AIRFLOW_CTX_DAG_OWNER='Sai' AIRFLOW_CTX_DAG_ID='dag_with_taskflow_api_v02' AIRFLOW_CTX_TASK_ID='greet' AIRFLOW_CTX_EXECUTION_DATE='2023-03-02T00:00:00+00:00' AIRFLOW_CTX_TRY_NUMBER='1' AIRFLOW_CTX_DAG_RUN_ID='scheduled__2023-03-02T00:00:00+00:00'
[2023-05-25T07:02:33.655+0000] {logging_mixin.py:149} INFO - Hello World! My name is Sai Tr and I am 19 years old!
[2023-05-25T07:02:33.656+0000] {python.py:183} INFO - Done. Returned value was: None
[2023-05-25T07:02:33.706+0000] {taskinstance.py:1350} INFO - Marking task as SUCCESS. dag_id=dag_with_taskflow_api_v02, task_id=greet, execution_date=20230302T000000, start_date=20230525T070232, end_date=20230525T070233
[2023-05-25T07:02:33.877+0000] {local_task_job_runner.py:225} INFO - Task exited with return code 0
[2023-05-25T07:02:34.516+0000] {taskinstance.py:2651} INFO - 0 downstream tasks scheduled from follow-on schedule check
[2023-05-25T10:36:54.061+0000] {taskinstance.py:1103} INFO - Dependencies all met for dep_context=non-requeueable deps ti=<TaskInstance: dag_with_taskflow_api_v02.greet scheduled__2023-03-02T00:00:00+00:00 [queued]>
[2023-05-25T10:36:54.100+0000] {taskinstance.py:1103} INFO - Dependencies all met for dep_context=requeueable deps ti=<TaskInstance: dag_with_taskflow_api_v02.greet scheduled__2023-03-02T00:00:00+00:00 [queued]>
[2023-05-25T10:36:54.100+0000] {taskinstance.py:1308} INFO - Starting attempt 1 of 6
[2023-05-25T10:36:54.146+0000] {taskinstance.py:1327} INFO - Executing <Task(_PythonDecoratedOperator): greet> on 2023-03-02 00:00:00+00:00
[2023-05-25T10:36:54.166+0000] {standard_task_runner.py:57} INFO - Started process 4672 to run task
[2023-05-25T10:36:54.177+0000] {standard_task_runner.py:84} INFO - Running: ['***', 'tasks', 'run', 'dag_with_taskflow_api_v02', 'greet', 'scheduled__2023-03-02T00:00:00+00:00', '--job-id', '1501', '--raw', '--subdir', 'DAGS_FOLDER/first_dag.py', '--cfg-path', '/tmp/tmp6hzcjw0_']
[2023-05-25T10:36:54.181+0000] {standard_task_runner.py:85} INFO - Job 1501: Subtask greet
[2023-05-25T10:36:54.286+0000] {task_command.py:410} INFO - Running <TaskInstance: dag_with_taskflow_api_v02.greet scheduled__2023-03-02T00:00:00+00:00 [running]> on host b1ae37a9584e
[2023-05-25T10:36:54.551+0000] {taskinstance.py:1547} INFO - Exporting env vars: AIRFLOW_CTX_DAG_OWNER='Sai' AIRFLOW_CTX_DAG_ID='dag_with_taskflow_api_v02' AIRFLOW_CTX_TASK_ID='greet' AIRFLOW_CTX_EXECUTION_DATE='2023-03-02T00:00:00+00:00' AIRFLOW_CTX_TRY_NUMBER='1' AIRFLOW_CTX_DAG_RUN_ID='scheduled__2023-03-02T00:00:00+00:00'
[2023-05-25T10:36:54.554+0000] {logging_mixin.py:149} INFO - Hello World! My name is Sai Tr and I am 19 years old!
[2023-05-25T10:36:54.555+0000] {python.py:183} INFO - Done. Returned value was: None
[2023-05-25T10:36:54.570+0000] {taskinstance.py:1350} INFO - Marking task as SUCCESS. dag_id=dag_with_taskflow_api_v02, task_id=greet, execution_date=20230302T000000, start_date=20230525T103654, end_date=20230525T103654
[2023-05-25T10:36:54.628+0000] {local_task_job_runner.py:225} INFO - Task exited with return code 0
[2023-05-25T10:36:54.662+0000] {taskinstance.py:2651} INFO - 0 downstream tasks scheduled from follow-on schedule check
