[2023-05-24T15:19:47.544+0000] {taskinstance.py:1103} INFO - Dependencies all met for dep_context=non-requeueable deps ti=<TaskInstance: dag_with_taskflow_api_v02.get_name scheduled__2022-03-24T00:00:00+00:00 [queued]>
[2023-05-24T15:19:47.670+0000] {taskinstance.py:1103} INFO - Dependencies all met for dep_context=requeueable deps ti=<TaskInstance: dag_with_taskflow_api_v02.get_name scheduled__2022-03-24T00:00:00+00:00 [queued]>
[2023-05-24T15:19:47.676+0000] {taskinstance.py:1308} INFO - Starting attempt 1 of 6
[2023-05-24T15:19:48.349+0000] {taskinstance.py:1327} INFO - Executing <Task(_PythonDecoratedOperator): get_name> on 2022-03-24 00:00:00+00:00
[2023-05-24T15:19:48.356+0000] {standard_task_runner.py:57} INFO - Started process 1196 to run task
[2023-05-24T15:19:48.425+0000] {standard_task_runner.py:84} INFO - Running: ['***', 'tasks', 'run', 'dag_with_taskflow_api_v02', 'get_name', 'scheduled__2022-03-24T00:00:00+00:00', '--job-id', '447', '--raw', '--subdir', 'DAGS_FOLDER/first_dag.py', '--cfg-path', '/tmp/tmptuvcezgj']
[2023-05-24T15:19:48.452+0000] {standard_task_runner.py:85} INFO - Job 447: Subtask get_name
[2023-05-24T15:19:48.748+0000] {task_command.py:410} INFO - Running <TaskInstance: dag_with_taskflow_api_v02.get_name scheduled__2022-03-24T00:00:00+00:00 [running]> on host 942de29f183d
[2023-05-24T15:19:49.538+0000] {taskinstance.py:1547} INFO - Exporting env vars: AIRFLOW_CTX_DAG_OWNER='Sai' AIRFLOW_CTX_DAG_ID='dag_with_taskflow_api_v02' AIRFLOW_CTX_TASK_ID='get_name' AIRFLOW_CTX_EXECUTION_DATE='2022-03-24T00:00:00+00:00' AIRFLOW_CTX_TRY_NUMBER='1' AIRFLOW_CTX_DAG_RUN_ID='scheduled__2022-03-24T00:00:00+00:00'
[2023-05-24T15:19:49.540+0000] {python.py:183} INFO - Done. Returned value was: {'first_name': 'Sai', 'last_name': 'Tr'}
[2023-05-24T15:19:49.835+0000] {taskinstance.py:1350} INFO - Marking task as SUCCESS. dag_id=dag_with_taskflow_api_v02, task_id=get_name, execution_date=20220324T000000, start_date=20230524T151947, end_date=20230524T151949
[2023-05-24T15:19:49.933+0000] {local_task_job_runner.py:225} INFO - Task exited with return code 0
[2023-05-24T15:19:50.275+0000] {taskinstance.py:2651} INFO - 1 downstream tasks scheduled from follow-on schedule check
[2023-05-25T06:53:03.943+0000] {taskinstance.py:1103} INFO - Dependencies all met for dep_context=non-requeueable deps ti=<TaskInstance: dag_with_taskflow_api_v02.get_name scheduled__2022-03-24T00:00:00+00:00 [queued]>
[2023-05-25T06:53:04.028+0000] {taskinstance.py:1103} INFO - Dependencies all met for dep_context=requeueable deps ti=<TaskInstance: dag_with_taskflow_api_v02.get_name scheduled__2022-03-24T00:00:00+00:00 [queued]>
[2023-05-25T06:53:04.028+0000] {taskinstance.py:1308} INFO - Starting attempt 1 of 6
[2023-05-25T06:53:04.188+0000] {taskinstance.py:1327} INFO - Executing <Task(_PythonDecoratedOperator): get_name> on 2022-03-24 00:00:00+00:00
[2023-05-25T06:53:04.207+0000] {standard_task_runner.py:57} INFO - Started process 2729 to run task
[2023-05-25T06:53:04.235+0000] {standard_task_runner.py:84} INFO - Running: ['***', 'tasks', 'run', 'dag_with_taskflow_api_v02', 'get_name', 'scheduled__2022-03-24T00:00:00+00:00', '--job-id', '450', '--raw', '--subdir', 'DAGS_FOLDER/first_dag.py', '--cfg-path', '/tmp/tmpew0dl6wv']
[2023-05-25T06:53:04.270+0000] {standard_task_runner.py:85} INFO - Job 450: Subtask get_name
[2023-05-25T06:53:04.507+0000] {task_command.py:410} INFO - Running <TaskInstance: dag_with_taskflow_api_v02.get_name scheduled__2022-03-24T00:00:00+00:00 [running]> on host 6bd07c7477d9
[2023-05-25T06:53:05.252+0000] {taskinstance.py:1547} INFO - Exporting env vars: AIRFLOW_CTX_DAG_OWNER='Sai' AIRFLOW_CTX_DAG_ID='dag_with_taskflow_api_v02' AIRFLOW_CTX_TASK_ID='get_name' AIRFLOW_CTX_EXECUTION_DATE='2022-03-24T00:00:00+00:00' AIRFLOW_CTX_TRY_NUMBER='1' AIRFLOW_CTX_DAG_RUN_ID='scheduled__2022-03-24T00:00:00+00:00'
[2023-05-25T06:53:05.253+0000] {python.py:183} INFO - Done. Returned value was: {'first_name': 'Sai', 'last_name': 'Tr'}
[2023-05-25T06:53:05.465+0000] {taskinstance.py:1350} INFO - Marking task as SUCCESS. dag_id=dag_with_taskflow_api_v02, task_id=get_name, execution_date=20220324T000000, start_date=20230525T065303, end_date=20230525T065305
[2023-05-25T06:53:05.677+0000] {local_task_job_runner.py:225} INFO - Task exited with return code 0
[2023-05-25T06:53:05.950+0000] {taskinstance.py:2651} INFO - 0 downstream tasks scheduled from follow-on schedule check
[2023-05-25T10:24:13.753+0000] {taskinstance.py:1103} INFO - Dependencies all met for dep_context=non-requeueable deps ti=<TaskInstance: dag_with_taskflow_api_v02.get_name scheduled__2022-03-24T00:00:00+00:00 [queued]>
[2023-05-25T10:24:13.808+0000] {taskinstance.py:1103} INFO - Dependencies all met for dep_context=requeueable deps ti=<TaskInstance: dag_with_taskflow_api_v02.get_name scheduled__2022-03-24T00:00:00+00:00 [queued]>
[2023-05-25T10:24:13.809+0000] {taskinstance.py:1308} INFO - Starting attempt 1 of 6
[2023-05-25T10:24:13.883+0000] {taskinstance.py:1327} INFO - Executing <Task(_PythonDecoratedOperator): get_name> on 2022-03-24 00:00:00+00:00
[2023-05-25T10:24:13.914+0000] {standard_task_runner.py:57} INFO - Started process 2281 to run task
[2023-05-25T10:24:13.943+0000] {standard_task_runner.py:84} INFO - Running: ['***', 'tasks', 'run', 'dag_with_taskflow_api_v02', 'get_name', 'scheduled__2022-03-24T00:00:00+00:00', '--job-id', '447', '--raw', '--subdir', 'DAGS_FOLDER/first_dag.py', '--cfg-path', '/tmp/tmpubnns7hw']
[2023-05-25T10:24:13.946+0000] {standard_task_runner.py:85} INFO - Job 447: Subtask get_name
[2023-05-25T10:24:14.176+0000] {task_command.py:410} INFO - Running <TaskInstance: dag_with_taskflow_api_v02.get_name scheduled__2022-03-24T00:00:00+00:00 [running]> on host b1ae37a9584e
[2023-05-25T10:24:14.644+0000] {taskinstance.py:1547} INFO - Exporting env vars: AIRFLOW_CTX_DAG_OWNER='Sai' AIRFLOW_CTX_DAG_ID='dag_with_taskflow_api_v02' AIRFLOW_CTX_TASK_ID='get_name' AIRFLOW_CTX_EXECUTION_DATE='2022-03-24T00:00:00+00:00' AIRFLOW_CTX_TRY_NUMBER='1' AIRFLOW_CTX_DAG_RUN_ID='scheduled__2022-03-24T00:00:00+00:00'
[2023-05-25T10:24:14.645+0000] {python.py:183} INFO - Done. Returned value was: {'first_name': 'Sai', 'last_name': 'Tr'}
[2023-05-25T10:24:14.805+0000] {taskinstance.py:1350} INFO - Marking task as SUCCESS. dag_id=dag_with_taskflow_api_v02, task_id=get_name, execution_date=20220324T000000, start_date=20230525T102413, end_date=20230525T102414
[2023-05-25T10:24:14.918+0000] {local_task_job_runner.py:225} INFO - Task exited with return code 0
[2023-05-25T10:24:15.608+0000] {taskinstance.py:2651} INFO - 1 downstream tasks scheduled from follow-on schedule check
