[2023-05-24T15:21:30.541+0000] {taskinstance.py:1103} INFO - Dependencies all met for dep_context=non-requeueable deps ti=<TaskInstance: dag_with_taskflow_api_v02.get_name scheduled__2022-05-17T00:00:00+00:00 [queued]>
[2023-05-24T15:21:30.604+0000] {taskinstance.py:1103} INFO - Dependencies all met for dep_context=requeueable deps ti=<TaskInstance: dag_with_taskflow_api_v02.get_name scheduled__2022-05-17T00:00:00+00:00 [queued]>
[2023-05-24T15:21:30.605+0000] {taskinstance.py:1308} INFO - Starting attempt 1 of 6
[2023-05-24T15:21:30.759+0000] {taskinstance.py:1327} INFO - Executing <Task(_PythonDecoratedOperator): get_name> on 2022-05-17 00:00:00+00:00
[2023-05-24T15:21:30.805+0000] {standard_task_runner.py:57} INFO - Started process 1554 to run task
[2023-05-24T15:21:30.812+0000] {standard_task_runner.py:84} INFO - Running: ['***', 'tasks', 'run', 'dag_with_taskflow_api_v02', 'get_name', 'scheduled__2022-05-17T00:00:00+00:00', '--job-id', '609', '--raw', '--subdir', 'DAGS_FOLDER/first_dag.py', '--cfg-path', '/tmp/tmpjjtinw0a']
[2023-05-24T15:21:30.835+0000] {standard_task_runner.py:85} INFO - Job 609: Subtask get_name
[2023-05-24T15:21:31.415+0000] {task_command.py:410} INFO - Running <TaskInstance: dag_with_taskflow_api_v02.get_name scheduled__2022-05-17T00:00:00+00:00 [running]> on host 942de29f183d
[2023-05-24T15:21:31.885+0000] {taskinstance.py:1547} INFO - Exporting env vars: AIRFLOW_CTX_DAG_OWNER='Sai' AIRFLOW_CTX_DAG_ID='dag_with_taskflow_api_v02' AIRFLOW_CTX_TASK_ID='get_name' AIRFLOW_CTX_EXECUTION_DATE='2022-05-17T00:00:00+00:00' AIRFLOW_CTX_TRY_NUMBER='1' AIRFLOW_CTX_DAG_RUN_ID='scheduled__2022-05-17T00:00:00+00:00'
[2023-05-24T15:21:31.886+0000] {python.py:183} INFO - Done. Returned value was: {'first_name': 'Sai', 'last_name': 'Tr'}
[2023-05-24T15:21:32.114+0000] {taskinstance.py:1350} INFO - Marking task as SUCCESS. dag_id=dag_with_taskflow_api_v02, task_id=get_name, execution_date=20220517T000000, start_date=20230524T152130, end_date=20230524T152132
[2023-05-24T15:21:32.338+0000] {local_task_job_runner.py:225} INFO - Task exited with return code 0
[2023-05-24T15:21:32.619+0000] {taskinstance.py:2651} INFO - 0 downstream tasks scheduled from follow-on schedule check
[2023-05-25T06:54:30.667+0000] {taskinstance.py:1103} INFO - Dependencies all met for dep_context=non-requeueable deps ti=<TaskInstance: dag_with_taskflow_api_v02.get_name scheduled__2022-05-17T00:00:00+00:00 [queued]>
[2023-05-25T06:54:30.736+0000] {taskinstance.py:1103} INFO - Dependencies all met for dep_context=requeueable deps ti=<TaskInstance: dag_with_taskflow_api_v02.get_name scheduled__2022-05-17T00:00:00+00:00 [queued]>
[2023-05-25T06:54:30.736+0000] {taskinstance.py:1308} INFO - Starting attempt 1 of 6
[2023-05-25T06:54:30.944+0000] {taskinstance.py:1327} INFO - Executing <Task(_PythonDecoratedOperator): get_name> on 2022-05-17 00:00:00+00:00
[2023-05-25T06:54:30.953+0000] {standard_task_runner.py:57} INFO - Started process 3090 to run task
[2023-05-25T06:54:30.990+0000] {standard_task_runner.py:84} INFO - Running: ['***', 'tasks', 'run', 'dag_with_taskflow_api_v02', 'get_name', 'scheduled__2022-05-17T00:00:00+00:00', '--job-id', '612', '--raw', '--subdir', 'DAGS_FOLDER/first_dag.py', '--cfg-path', '/tmp/tmpg2ga3_ir']
[2023-05-25T06:54:30.998+0000] {standard_task_runner.py:85} INFO - Job 612: Subtask get_name
[2023-05-25T06:54:31.133+0000] {task_command.py:410} INFO - Running <TaskInstance: dag_with_taskflow_api_v02.get_name scheduled__2022-05-17T00:00:00+00:00 [running]> on host 6bd07c7477d9
[2023-05-25T06:54:31.906+0000] {taskinstance.py:1547} INFO - Exporting env vars: AIRFLOW_CTX_DAG_OWNER='Sai' AIRFLOW_CTX_DAG_ID='dag_with_taskflow_api_v02' AIRFLOW_CTX_TASK_ID='get_name' AIRFLOW_CTX_EXECUTION_DATE='2022-05-17T00:00:00+00:00' AIRFLOW_CTX_TRY_NUMBER='1' AIRFLOW_CTX_DAG_RUN_ID='scheduled__2022-05-17T00:00:00+00:00'
[2023-05-25T06:54:31.907+0000] {python.py:183} INFO - Done. Returned value was: {'first_name': 'Sai', 'last_name': 'Tr'}
[2023-05-25T06:54:32.256+0000] {taskinstance.py:1350} INFO - Marking task as SUCCESS. dag_id=dag_with_taskflow_api_v02, task_id=get_name, execution_date=20220517T000000, start_date=20230525T065430, end_date=20230525T065432
[2023-05-25T06:54:32.343+0000] {local_task_job_runner.py:225} INFO - Task exited with return code 0
[2023-05-25T06:54:32.802+0000] {taskinstance.py:2651} INFO - 0 downstream tasks scheduled from follow-on schedule check
[2023-05-25T10:25:50.454+0000] {taskinstance.py:1103} INFO - Dependencies all met for dep_context=non-requeueable deps ti=<TaskInstance: dag_with_taskflow_api_v02.get_name scheduled__2022-05-17T00:00:00+00:00 [queued]>
[2023-05-25T10:25:50.542+0000] {taskinstance.py:1103} INFO - Dependencies all met for dep_context=requeueable deps ti=<TaskInstance: dag_with_taskflow_api_v02.get_name scheduled__2022-05-17T00:00:00+00:00 [queued]>
[2023-05-25T10:25:50.543+0000] {taskinstance.py:1308} INFO - Starting attempt 1 of 6
[2023-05-25T10:25:50.628+0000] {taskinstance.py:1327} INFO - Executing <Task(_PythonDecoratedOperator): get_name> on 2022-05-17 00:00:00+00:00
[2023-05-25T10:25:50.655+0000] {standard_task_runner.py:57} INFO - Started process 2671 to run task
[2023-05-25T10:25:50.681+0000] {standard_task_runner.py:84} INFO - Running: ['***', 'tasks', 'run', 'dag_with_taskflow_api_v02', 'get_name', 'scheduled__2022-05-17T00:00:00+00:00', '--job-id', '623', '--raw', '--subdir', 'DAGS_FOLDER/first_dag.py', '--cfg-path', '/tmp/tmp17d3jnfe']
[2023-05-25T10:25:50.685+0000] {standard_task_runner.py:85} INFO - Job 623: Subtask get_name
[2023-05-25T10:25:50.984+0000] {task_command.py:410} INFO - Running <TaskInstance: dag_with_taskflow_api_v02.get_name scheduled__2022-05-17T00:00:00+00:00 [running]> on host b1ae37a9584e
[2023-05-25T10:25:52.052+0000] {taskinstance.py:1547} INFO - Exporting env vars: AIRFLOW_CTX_DAG_OWNER='Sai' AIRFLOW_CTX_DAG_ID='dag_with_taskflow_api_v02' AIRFLOW_CTX_TASK_ID='get_name' AIRFLOW_CTX_EXECUTION_DATE='2022-05-17T00:00:00+00:00' AIRFLOW_CTX_TRY_NUMBER='1' AIRFLOW_CTX_DAG_RUN_ID='scheduled__2022-05-17T00:00:00+00:00'
[2023-05-25T10:25:52.053+0000] {python.py:183} INFO - Done. Returned value was: {'first_name': 'Sai', 'last_name': 'Tr'}
[2023-05-25T10:25:52.446+0000] {taskinstance.py:1350} INFO - Marking task as SUCCESS. dag_id=dag_with_taskflow_api_v02, task_id=get_name, execution_date=20220517T000000, start_date=20230525T102550, end_date=20230525T102552
[2023-05-25T10:25:52.569+0000] {local_task_job_runner.py:225} INFO - Task exited with return code 0
[2023-05-25T10:25:52.994+0000] {taskinstance.py:2651} INFO - 0 downstream tasks scheduled from follow-on schedule check
