[2023-05-24T15:30:45.395+0000] {taskinstance.py:1103} INFO - Dependencies all met for dep_context=non-requeueable deps ti=<TaskInstance: dag_with_taskflow_api_v02.get_name scheduled__2023-04-03T00:00:00+00:00 [queued]>
[2023-05-24T15:30:45.482+0000] {taskinstance.py:1103} INFO - Dependencies all met for dep_context=requeueable deps ti=<TaskInstance: dag_with_taskflow_api_v02.get_name scheduled__2023-04-03T00:00:00+00:00 [queued]>
[2023-05-24T15:30:45.486+0000] {taskinstance.py:1308} INFO - Starting attempt 1 of 6
[2023-05-24T15:30:46.000+0000] {taskinstance.py:1327} INFO - Executing <Task(_PythonDecoratedOperator): get_name> on 2023-04-03 00:00:00+00:00
[2023-05-24T15:30:46.019+0000] {standard_task_runner.py:57} INFO - Started process 3708 to run task
[2023-05-24T15:30:46.060+0000] {standard_task_runner.py:84} INFO - Running: ['***', 'tasks', 'run', 'dag_with_taskflow_api_v02', 'get_name', 'scheduled__2023-04-03T00:00:00+00:00', '--job-id', '1575', '--raw', '--subdir', 'DAGS_FOLDER/first_dag.py', '--cfg-path', '/tmp/tmpvcnp9frh']
[2023-05-24T15:30:46.082+0000] {standard_task_runner.py:85} INFO - Job 1575: Subtask get_name
[2023-05-24T15:30:46.406+0000] {task_command.py:410} INFO - Running <TaskInstance: dag_with_taskflow_api_v02.get_name scheduled__2023-04-03T00:00:00+00:00 [running]> on host 942de29f183d
[2023-05-24T15:30:47.263+0000] {taskinstance.py:1547} INFO - Exporting env vars: AIRFLOW_CTX_DAG_OWNER='Sai' AIRFLOW_CTX_DAG_ID='dag_with_taskflow_api_v02' AIRFLOW_CTX_TASK_ID='get_name' AIRFLOW_CTX_EXECUTION_DATE='2023-04-03T00:00:00+00:00' AIRFLOW_CTX_TRY_NUMBER='1' AIRFLOW_CTX_DAG_RUN_ID='scheduled__2023-04-03T00:00:00+00:00'
[2023-05-24T15:30:47.264+0000] {python.py:183} INFO - Done. Returned value was: {'first_name': 'Sai', 'last_name': 'Tr'}
[2023-05-24T15:30:47.554+0000] {taskinstance.py:1350} INFO - Marking task as SUCCESS. dag_id=dag_with_taskflow_api_v02, task_id=get_name, execution_date=20230403T000000, start_date=20230524T153045, end_date=20230524T153047
[2023-05-24T15:30:48.047+0000] {local_task_job_runner.py:225} INFO - Task exited with return code 0
[2023-05-24T15:30:48.175+0000] {taskinstance.py:2651} INFO - 1 downstream tasks scheduled from follow-on schedule check
[2023-05-25T07:03:16.223+0000] {taskinstance.py:1103} INFO - Dependencies all met for dep_context=non-requeueable deps ti=<TaskInstance: dag_with_taskflow_api_v02.get_name scheduled__2023-04-03T00:00:00+00:00 [queued]>
[2023-05-25T07:03:16.276+0000] {taskinstance.py:1103} INFO - Dependencies all met for dep_context=requeueable deps ti=<TaskInstance: dag_with_taskflow_api_v02.get_name scheduled__2023-04-03T00:00:00+00:00 [queued]>
[2023-05-25T07:03:16.276+0000] {taskinstance.py:1308} INFO - Starting attempt 1 of 6
[2023-05-25T07:03:16.449+0000] {taskinstance.py:1327} INFO - Executing <Task(_PythonDecoratedOperator): get_name> on 2023-04-03 00:00:00+00:00
[2023-05-25T07:03:16.472+0000] {standard_task_runner.py:57} INFO - Started process 5223 to run task
[2023-05-25T07:03:16.490+0000] {standard_task_runner.py:84} INFO - Running: ['***', 'tasks', 'run', 'dag_with_taskflow_api_v02', 'get_name', 'scheduled__2023-04-03T00:00:00+00:00', '--job-id', '1574', '--raw', '--subdir', 'DAGS_FOLDER/first_dag.py', '--cfg-path', '/tmp/tmpwjrhtc51']
[2023-05-25T07:03:16.511+0000] {standard_task_runner.py:85} INFO - Job 1574: Subtask get_name
[2023-05-25T07:03:16.839+0000] {task_command.py:410} INFO - Running <TaskInstance: dag_with_taskflow_api_v02.get_name scheduled__2023-04-03T00:00:00+00:00 [running]> on host 6bd07c7477d9
[2023-05-25T07:03:17.699+0000] {taskinstance.py:1547} INFO - Exporting env vars: AIRFLOW_CTX_DAG_OWNER='Sai' AIRFLOW_CTX_DAG_ID='dag_with_taskflow_api_v02' AIRFLOW_CTX_TASK_ID='get_name' AIRFLOW_CTX_EXECUTION_DATE='2023-04-03T00:00:00+00:00' AIRFLOW_CTX_TRY_NUMBER='1' AIRFLOW_CTX_DAG_RUN_ID='scheduled__2023-04-03T00:00:00+00:00'
[2023-05-25T07:03:17.701+0000] {python.py:183} INFO - Done. Returned value was: {'first_name': 'Sai', 'last_name': 'Tr'}
[2023-05-25T07:03:18.111+0000] {taskinstance.py:1350} INFO - Marking task as SUCCESS. dag_id=dag_with_taskflow_api_v02, task_id=get_name, execution_date=20230403T000000, start_date=20230525T070316, end_date=20230525T070318
[2023-05-25T07:03:18.310+0000] {local_task_job_runner.py:225} INFO - Task exited with return code 0
[2023-05-25T07:03:18.818+0000] {taskinstance.py:2651} INFO - 0 downstream tasks scheduled from follow-on schedule check
[2023-05-25T10:37:46.094+0000] {taskinstance.py:1103} INFO - Dependencies all met for dep_context=non-requeueable deps ti=<TaskInstance: dag_with_taskflow_api_v02.get_name scheduled__2023-04-03T00:00:00+00:00 [queued]>
[2023-05-25T10:37:46.166+0000] {taskinstance.py:1103} INFO - Dependencies all met for dep_context=requeueable deps ti=<TaskInstance: dag_with_taskflow_api_v02.get_name scheduled__2023-04-03T00:00:00+00:00 [queued]>
[2023-05-25T10:37:46.167+0000] {taskinstance.py:1308} INFO - Starting attempt 1 of 6
[2023-05-25T10:37:46.258+0000] {taskinstance.py:1327} INFO - Executing <Task(_PythonDecoratedOperator): get_name> on 2023-04-03 00:00:00+00:00
[2023-05-25T10:37:46.273+0000] {standard_task_runner.py:57} INFO - Started process 4864 to run task
[2023-05-25T10:37:46.293+0000] {standard_task_runner.py:84} INFO - Running: ['***', 'tasks', 'run', 'dag_with_taskflow_api_v02', 'get_name', 'scheduled__2023-04-03T00:00:00+00:00', '--job-id', '1586', '--raw', '--subdir', 'DAGS_FOLDER/first_dag.py', '--cfg-path', '/tmp/tmp0of9a0xi']
[2023-05-25T10:37:46.319+0000] {standard_task_runner.py:85} INFO - Job 1586: Subtask get_name
[2023-05-25T10:37:46.676+0000] {task_command.py:410} INFO - Running <TaskInstance: dag_with_taskflow_api_v02.get_name scheduled__2023-04-03T00:00:00+00:00 [running]> on host b1ae37a9584e
[2023-05-25T10:37:47.274+0000] {taskinstance.py:1547} INFO - Exporting env vars: AIRFLOW_CTX_DAG_OWNER='Sai' AIRFLOW_CTX_DAG_ID='dag_with_taskflow_api_v02' AIRFLOW_CTX_TASK_ID='get_name' AIRFLOW_CTX_EXECUTION_DATE='2023-04-03T00:00:00+00:00' AIRFLOW_CTX_TRY_NUMBER='1' AIRFLOW_CTX_DAG_RUN_ID='scheduled__2023-04-03T00:00:00+00:00'
[2023-05-25T10:37:47.275+0000] {python.py:183} INFO - Done. Returned value was: {'first_name': 'Sai', 'last_name': 'Tr'}
[2023-05-25T10:37:47.611+0000] {taskinstance.py:1350} INFO - Marking task as SUCCESS. dag_id=dag_with_taskflow_api_v02, task_id=get_name, execution_date=20230403T000000, start_date=20230525T103746, end_date=20230525T103747
[2023-05-25T10:37:47.756+0000] {local_task_job_runner.py:225} INFO - Task exited with return code 0
[2023-05-25T10:37:47.954+0000] {taskinstance.py:2651} INFO - 1 downstream tasks scheduled from follow-on schedule check
