[2023-05-23T10:19:41.786+0000] {taskinstance.py:1103} INFO - Dependencies all met for dep_context=non-requeueable deps ti=<TaskInstance: dag_with_taskflow_api_v02.get_age scheduled__2021-11-14T00:00:00+00:00 [queued]>
[2023-05-23T10:19:41.829+0000] {taskinstance.py:1103} INFO - Dependencies all met for dep_context=requeueable deps ti=<TaskInstance: dag_with_taskflow_api_v02.get_age scheduled__2021-11-14T00:00:00+00:00 [queued]>
[2023-05-23T10:19:41.829+0000] {taskinstance.py:1308} INFO - Starting attempt 1 of 6
[2023-05-23T10:19:42.825+0000] {taskinstance.py:1327} INFO - Executing <Task(_PythonDecoratedOperator): get_age> on 2021-11-14 00:00:00+00:00
[2023-05-23T10:19:42.883+0000] {standard_task_runner.py:57} INFO - Started process 854 to run task
[2023-05-23T10:19:42.930+0000] {standard_task_runner.py:84} INFO - Running: ['***', 'tasks', 'run', 'dag_with_taskflow_api_v02', 'get_age', 'scheduled__2021-11-14T00:00:00+00:00', '--job-id', '97', '--raw', '--subdir', 'DAGS_FOLDER/first_dag.py', '--cfg-path', '/tmp/tmpc2gp7v41']
[2023-05-23T10:19:42.957+0000] {standard_task_runner.py:85} INFO - Job 97: Subtask get_age
[2023-05-23T10:19:43.455+0000] {task_command.py:410} INFO - Running <TaskInstance: dag_with_taskflow_api_v02.get_age scheduled__2021-11-14T00:00:00+00:00 [running]> on host fb58d5a02d2c
[2023-05-23T10:19:45.743+0000] {taskinstance.py:1547} INFO - Exporting env vars: AIRFLOW_CTX_DAG_OWNER='coder2j' AIRFLOW_CTX_DAG_ID='dag_with_taskflow_api_v02' AIRFLOW_CTX_TASK_ID='get_age' AIRFLOW_CTX_EXECUTION_DATE='2021-11-14T00:00:00+00:00' AIRFLOW_CTX_TRY_NUMBER='1' AIRFLOW_CTX_DAG_RUN_ID='scheduled__2021-11-14T00:00:00+00:00'
[2023-05-23T10:19:45.757+0000] {python.py:183} INFO - Done. Returned value was: 19
[2023-05-23T10:19:45.988+0000] {taskinstance.py:1350} INFO - Marking task as SUCCESS. dag_id=dag_with_taskflow_api_v02, task_id=get_age, execution_date=20211114T000000, start_date=20230523T101941, end_date=20230523T101945
[2023-05-23T10:19:46.144+0000] {local_task_job_runner.py:225} INFO - Task exited with return code 0
[2023-05-23T10:19:46.594+0000] {taskinstance.py:2651} INFO - 1 downstream tasks scheduled from follow-on schedule check
[2023-05-23T10:26:58.209+0000] {taskinstance.py:1103} INFO - Dependencies all met for dep_context=non-requeueable deps ti=<TaskInstance: dag_with_taskflow_api_v02.get_age scheduled__2021-11-14T00:00:00+00:00 [queued]>
[2023-05-23T10:26:58.303+0000] {taskinstance.py:1103} INFO - Dependencies all met for dep_context=requeueable deps ti=<TaskInstance: dag_with_taskflow_api_v02.get_age scheduled__2021-11-14T00:00:00+00:00 [queued]>
[2023-05-23T10:26:58.304+0000] {taskinstance.py:1308} INFO - Starting attempt 1 of 6
[2023-05-23T10:26:59.232+0000] {taskinstance.py:1327} INFO - Executing <Task(_PythonDecoratedOperator): get_age> on 2021-11-14 00:00:00+00:00
[2023-05-23T10:26:59.273+0000] {standard_task_runner.py:57} INFO - Started process 322 to run task
[2023-05-23T10:26:59.315+0000] {standard_task_runner.py:84} INFO - Running: ['***', 'tasks', 'run', 'dag_with_taskflow_api_v02', 'get_age', 'scheduled__2021-11-14T00:00:00+00:00', '--job-id', '60', '--raw', '--subdir', 'DAGS_FOLDER/first_dag.py', '--cfg-path', '/tmp/tmpylx0p9ck']
[2023-05-23T10:26:59.379+0000] {standard_task_runner.py:85} INFO - Job 60: Subtask get_age
[2023-05-23T10:27:00.534+0000] {task_command.py:410} INFO - Running <TaskInstance: dag_with_taskflow_api_v02.get_age scheduled__2021-11-14T00:00:00+00:00 [running]> on host 8a6612510f4c
[2023-05-23T10:27:02.132+0000] {taskinstance.py:1547} INFO - Exporting env vars: AIRFLOW_CTX_DAG_OWNER='coder2j' AIRFLOW_CTX_DAG_ID='dag_with_taskflow_api_v02' AIRFLOW_CTX_TASK_ID='get_age' AIRFLOW_CTX_EXECUTION_DATE='2021-11-14T00:00:00+00:00' AIRFLOW_CTX_TRY_NUMBER='1' AIRFLOW_CTX_DAG_RUN_ID='scheduled__2021-11-14T00:00:00+00:00'
[2023-05-23T10:27:02.134+0000] {python.py:183} INFO - Done. Returned value was: 19
[2023-05-23T10:27:02.349+0000] {taskinstance.py:1350} INFO - Marking task as SUCCESS. dag_id=dag_with_taskflow_api_v02, task_id=get_age, execution_date=20211114T000000, start_date=20230523T102658, end_date=20230523T102702
[2023-05-23T10:27:02.644+0000] {local_task_job_runner.py:225} INFO - Task exited with return code 0
[2023-05-23T10:27:04.002+0000] {taskinstance.py:2651} INFO - 0 downstream tasks scheduled from follow-on schedule check
