[2023-05-24T15:27:53.740+0000] {taskinstance.py:1103} INFO - Dependencies all met for dep_context=non-requeueable deps ti=<TaskInstance: dag_with_taskflow_api_v02.get_name scheduled__2022-12-19T00:00:00+00:00 [queued]>
[2023-05-24T15:27:53.820+0000] {taskinstance.py:1103} INFO - Dependencies all met for dep_context=requeueable deps ti=<TaskInstance: dag_with_taskflow_api_v02.get_name scheduled__2022-12-19T00:00:00+00:00 [queued]>
[2023-05-24T15:27:53.821+0000] {taskinstance.py:1308} INFO - Starting attempt 1 of 6
[2023-05-24T15:27:53.988+0000] {taskinstance.py:1327} INFO - Executing <Task(_PythonDecoratedOperator): get_name> on 2022-12-19 00:00:00+00:00
[2023-05-24T15:27:54.023+0000] {standard_task_runner.py:57} INFO - Started process 3016 to run task
[2023-05-24T15:27:54.061+0000] {standard_task_runner.py:84} INFO - Running: ['***', 'tasks', 'run', 'dag_with_taskflow_api_v02', 'get_name', 'scheduled__2022-12-19T00:00:00+00:00', '--job-id', '1262', '--raw', '--subdir', 'DAGS_FOLDER/first_dag.py', '--cfg-path', '/tmp/tmp7ok7cnk9']
[2023-05-24T15:27:54.091+0000] {standard_task_runner.py:85} INFO - Job 1262: Subtask get_name
[2023-05-24T15:27:54.494+0000] {task_command.py:410} INFO - Running <TaskInstance: dag_with_taskflow_api_v02.get_name scheduled__2022-12-19T00:00:00+00:00 [running]> on host 942de29f183d
[2023-05-24T15:27:55.366+0000] {taskinstance.py:1547} INFO - Exporting env vars: AIRFLOW_CTX_DAG_OWNER='Sai' AIRFLOW_CTX_DAG_ID='dag_with_taskflow_api_v02' AIRFLOW_CTX_TASK_ID='get_name' AIRFLOW_CTX_EXECUTION_DATE='2022-12-19T00:00:00+00:00' AIRFLOW_CTX_TRY_NUMBER='1' AIRFLOW_CTX_DAG_RUN_ID='scheduled__2022-12-19T00:00:00+00:00'
[2023-05-24T15:27:55.367+0000] {python.py:183} INFO - Done. Returned value was: {'first_name': 'Sai', 'last_name': 'Tr'}
[2023-05-24T15:27:55.620+0000] {taskinstance.py:1350} INFO - Marking task as SUCCESS. dag_id=dag_with_taskflow_api_v02, task_id=get_name, execution_date=20221219T000000, start_date=20230524T152753, end_date=20230524T152755
[2023-05-24T15:27:56.431+0000] {local_task_job_runner.py:225} INFO - Task exited with return code 0
[2023-05-24T15:27:56.651+0000] {taskinstance.py:2651} INFO - 0 downstream tasks scheduled from follow-on schedule check
[2023-05-25T07:00:24.803+0000] {taskinstance.py:1103} INFO - Dependencies all met for dep_context=non-requeueable deps ti=<TaskInstance: dag_with_taskflow_api_v02.get_name scheduled__2022-12-19T00:00:00+00:00 [queued]>
[2023-05-25T07:00:24.908+0000] {taskinstance.py:1103} INFO - Dependencies all met for dep_context=requeueable deps ti=<TaskInstance: dag_with_taskflow_api_v02.get_name scheduled__2022-12-19T00:00:00+00:00 [queued]>
[2023-05-25T07:00:24.909+0000] {taskinstance.py:1308} INFO - Starting attempt 1 of 6
[2023-05-25T07:00:25.169+0000] {taskinstance.py:1327} INFO - Executing <Task(_PythonDecoratedOperator): get_name> on 2022-12-19 00:00:00+00:00
[2023-05-25T07:00:25.205+0000] {standard_task_runner.py:57} INFO - Started process 4525 to run task
[2023-05-25T07:00:25.225+0000] {standard_task_runner.py:84} INFO - Running: ['***', 'tasks', 'run', 'dag_with_taskflow_api_v02', 'get_name', 'scheduled__2022-12-19T00:00:00+00:00', '--job-id', '1257', '--raw', '--subdir', 'DAGS_FOLDER/first_dag.py', '--cfg-path', '/tmp/tmp4xz2w7pl']
[2023-05-25T07:00:25.293+0000] {standard_task_runner.py:85} INFO - Job 1257: Subtask get_name
[2023-05-25T07:00:25.688+0000] {task_command.py:410} INFO - Running <TaskInstance: dag_with_taskflow_api_v02.get_name scheduled__2022-12-19T00:00:00+00:00 [running]> on host 6bd07c7477d9
[2023-05-25T07:00:26.288+0000] {taskinstance.py:1547} INFO - Exporting env vars: AIRFLOW_CTX_DAG_OWNER='Sai' AIRFLOW_CTX_DAG_ID='dag_with_taskflow_api_v02' AIRFLOW_CTX_TASK_ID='get_name' AIRFLOW_CTX_EXECUTION_DATE='2022-12-19T00:00:00+00:00' AIRFLOW_CTX_TRY_NUMBER='1' AIRFLOW_CTX_DAG_RUN_ID='scheduled__2022-12-19T00:00:00+00:00'
[2023-05-25T07:00:26.290+0000] {python.py:183} INFO - Done. Returned value was: {'first_name': 'Sai', 'last_name': 'Tr'}
[2023-05-25T07:00:26.558+0000] {taskinstance.py:1350} INFO - Marking task as SUCCESS. dag_id=dag_with_taskflow_api_v02, task_id=get_name, execution_date=20221219T000000, start_date=20230525T070024, end_date=20230525T070026
[2023-05-25T07:00:26.691+0000] {local_task_job_runner.py:225} INFO - Task exited with return code 0
[2023-05-25T07:00:26.895+0000] {taskinstance.py:2651} INFO - 0 downstream tasks scheduled from follow-on schedule check
[2023-05-25T10:34:29.056+0000] {taskinstance.py:1103} INFO - Dependencies all met for dep_context=non-requeueable deps ti=<TaskInstance: dag_with_taskflow_api_v02.get_name scheduled__2022-12-19T00:00:00+00:00 [queued]>
[2023-05-25T10:34:29.146+0000] {taskinstance.py:1103} INFO - Dependencies all met for dep_context=requeueable deps ti=<TaskInstance: dag_with_taskflow_api_v02.get_name scheduled__2022-12-19T00:00:00+00:00 [queued]>
[2023-05-25T10:34:29.154+0000] {taskinstance.py:1308} INFO - Starting attempt 1 of 6
[2023-05-25T10:34:29.255+0000] {taskinstance.py:1327} INFO - Executing <Task(_PythonDecoratedOperator): get_name> on 2022-12-19 00:00:00+00:00
[2023-05-25T10:34:29.267+0000] {standard_task_runner.py:57} INFO - Started process 4167 to run task
[2023-05-25T10:34:29.290+0000] {standard_task_runner.py:84} INFO - Running: ['***', 'tasks', 'run', 'dag_with_taskflow_api_v02', 'get_name', 'scheduled__2022-12-19T00:00:00+00:00', '--job-id', '1273', '--raw', '--subdir', 'DAGS_FOLDER/first_dag.py', '--cfg-path', '/tmp/tmp6_igdsp3']
[2023-05-25T10:34:29.293+0000] {standard_task_runner.py:85} INFO - Job 1273: Subtask get_name
[2023-05-25T10:34:29.464+0000] {task_command.py:410} INFO - Running <TaskInstance: dag_with_taskflow_api_v02.get_name scheduled__2022-12-19T00:00:00+00:00 [running]> on host b1ae37a9584e
[2023-05-25T10:34:29.919+0000] {taskinstance.py:1547} INFO - Exporting env vars: AIRFLOW_CTX_DAG_OWNER='Sai' AIRFLOW_CTX_DAG_ID='dag_with_taskflow_api_v02' AIRFLOW_CTX_TASK_ID='get_name' AIRFLOW_CTX_EXECUTION_DATE='2022-12-19T00:00:00+00:00' AIRFLOW_CTX_TRY_NUMBER='1' AIRFLOW_CTX_DAG_RUN_ID='scheduled__2022-12-19T00:00:00+00:00'
[2023-05-25T10:34:29.920+0000] {python.py:183} INFO - Done. Returned value was: {'first_name': 'Sai', 'last_name': 'Tr'}
[2023-05-25T10:34:30.061+0000] {taskinstance.py:1350} INFO - Marking task as SUCCESS. dag_id=dag_with_taskflow_api_v02, task_id=get_name, execution_date=20221219T000000, start_date=20230525T103429, end_date=20230525T103430
[2023-05-25T10:34:30.152+0000] {local_task_job_runner.py:225} INFO - Task exited with return code 0
[2023-05-25T10:34:30.270+0000] {taskinstance.py:2651} INFO - 1 downstream tasks scheduled from follow-on schedule check
