[2023-05-24T15:21:16.034+0000] {taskinstance.py:1103} INFO - Dependencies all met for dep_context=non-requeueable deps ti=<TaskInstance: dag_with_taskflow_api_v02.get_age scheduled__2022-05-09T00:00:00+00:00 [queued]>
[2023-05-24T15:21:16.150+0000] {taskinstance.py:1103} INFO - Dependencies all met for dep_context=requeueable deps ti=<TaskInstance: dag_with_taskflow_api_v02.get_age scheduled__2022-05-09T00:00:00+00:00 [queued]>
[2023-05-24T15:21:16.150+0000] {taskinstance.py:1308} INFO - Starting attempt 1 of 6
[2023-05-24T15:21:16.437+0000] {taskinstance.py:1327} INFO - Executing <Task(_PythonDecoratedOperator): get_age> on 2022-05-09 00:00:00+00:00
[2023-05-24T15:21:16.478+0000] {standard_task_runner.py:57} INFO - Started process 1507 to run task
[2023-05-24T15:21:16.528+0000] {standard_task_runner.py:84} INFO - Running: ['***', 'tasks', 'run', 'dag_with_taskflow_api_v02', 'get_age', 'scheduled__2022-05-09T00:00:00+00:00', '--job-id', '586', '--raw', '--subdir', 'DAGS_FOLDER/first_dag.py', '--cfg-path', '/tmp/tmp7qbna0rv']
[2023-05-24T15:21:16.547+0000] {standard_task_runner.py:85} INFO - Job 586: Subtask get_age
[2023-05-24T15:21:16.911+0000] {task_command.py:410} INFO - Running <TaskInstance: dag_with_taskflow_api_v02.get_age scheduled__2022-05-09T00:00:00+00:00 [running]> on host 942de29f183d
[2023-05-24T15:21:17.465+0000] {taskinstance.py:1547} INFO - Exporting env vars: AIRFLOW_CTX_DAG_OWNER='Sai' AIRFLOW_CTX_DAG_ID='dag_with_taskflow_api_v02' AIRFLOW_CTX_TASK_ID='get_age' AIRFLOW_CTX_EXECUTION_DATE='2022-05-09T00:00:00+00:00' AIRFLOW_CTX_TRY_NUMBER='1' AIRFLOW_CTX_DAG_RUN_ID='scheduled__2022-05-09T00:00:00+00:00'
[2023-05-24T15:21:17.467+0000] {python.py:183} INFO - Done. Returned value was: 19
[2023-05-24T15:21:17.599+0000] {taskinstance.py:1350} INFO - Marking task as SUCCESS. dag_id=dag_with_taskflow_api_v02, task_id=get_age, execution_date=20220509T000000, start_date=20230524T152116, end_date=20230524T152117
[2023-05-24T15:21:17.706+0000] {local_task_job_runner.py:225} INFO - Task exited with return code 0
[2023-05-24T15:21:17.790+0000] {taskinstance.py:2651} INFO - 1 downstream tasks scheduled from follow-on schedule check
[2023-05-25T06:54:16.741+0000] {taskinstance.py:1103} INFO - Dependencies all met for dep_context=non-requeueable deps ti=<TaskInstance: dag_with_taskflow_api_v02.get_age scheduled__2022-05-09T00:00:00+00:00 [queued]>
[2023-05-25T06:54:16.808+0000] {taskinstance.py:1103} INFO - Dependencies all met for dep_context=requeueable deps ti=<TaskInstance: dag_with_taskflow_api_v02.get_age scheduled__2022-05-09T00:00:00+00:00 [queued]>
[2023-05-25T06:54:16.810+0000] {taskinstance.py:1308} INFO - Starting attempt 1 of 6
[2023-05-25T06:54:16.931+0000] {taskinstance.py:1327} INFO - Executing <Task(_PythonDecoratedOperator): get_age> on 2022-05-09 00:00:00+00:00
[2023-05-25T06:54:16.940+0000] {standard_task_runner.py:57} INFO - Started process 3044 to run task
[2023-05-25T06:54:16.972+0000] {standard_task_runner.py:84} INFO - Running: ['***', 'tasks', 'run', 'dag_with_taskflow_api_v02', 'get_age', 'scheduled__2022-05-09T00:00:00+00:00', '--job-id', '590', '--raw', '--subdir', 'DAGS_FOLDER/first_dag.py', '--cfg-path', '/tmp/tmp6cykna7n']
[2023-05-25T06:54:16.976+0000] {standard_task_runner.py:85} INFO - Job 590: Subtask get_age
[2023-05-25T06:54:17.448+0000] {task_command.py:410} INFO - Running <TaskInstance: dag_with_taskflow_api_v02.get_age scheduled__2022-05-09T00:00:00+00:00 [running]> on host 6bd07c7477d9
[2023-05-25T06:54:18.479+0000] {taskinstance.py:1547} INFO - Exporting env vars: AIRFLOW_CTX_DAG_OWNER='Sai' AIRFLOW_CTX_DAG_ID='dag_with_taskflow_api_v02' AIRFLOW_CTX_TASK_ID='get_age' AIRFLOW_CTX_EXECUTION_DATE='2022-05-09T00:00:00+00:00' AIRFLOW_CTX_TRY_NUMBER='1' AIRFLOW_CTX_DAG_RUN_ID='scheduled__2022-05-09T00:00:00+00:00'
[2023-05-25T06:54:18.488+0000] {python.py:183} INFO - Done. Returned value was: 19
[2023-05-25T06:54:18.772+0000] {taskinstance.py:1350} INFO - Marking task as SUCCESS. dag_id=dag_with_taskflow_api_v02, task_id=get_age, execution_date=20220509T000000, start_date=20230525T065416, end_date=20230525T065418
[2023-05-25T06:54:18.996+0000] {local_task_job_runner.py:225} INFO - Task exited with return code 0
[2023-05-25T06:54:19.333+0000] {taskinstance.py:2651} INFO - 0 downstream tasks scheduled from follow-on schedule check
[2023-05-25T10:25:40.622+0000] {taskinstance.py:1103} INFO - Dependencies all met for dep_context=non-requeueable deps ti=<TaskInstance: dag_with_taskflow_api_v02.get_age scheduled__2022-05-09T00:00:00+00:00 [queued]>
[2023-05-25T10:25:40.692+0000] {taskinstance.py:1103} INFO - Dependencies all met for dep_context=requeueable deps ti=<TaskInstance: dag_with_taskflow_api_v02.get_age scheduled__2022-05-09T00:00:00+00:00 [queued]>
[2023-05-25T10:25:40.693+0000] {taskinstance.py:1308} INFO - Starting attempt 1 of 6
[2023-05-25T10:25:41.502+0000] {taskinstance.py:1327} INFO - Executing <Task(_PythonDecoratedOperator): get_age> on 2022-05-09 00:00:00+00:00
[2023-05-25T10:25:41.551+0000] {standard_task_runner.py:57} INFO - Started process 2632 to run task
[2023-05-25T10:25:41.596+0000] {standard_task_runner.py:84} INFO - Running: ['***', 'tasks', 'run', 'dag_with_taskflow_api_v02', 'get_age', 'scheduled__2022-05-09T00:00:00+00:00', '--job-id', '601', '--raw', '--subdir', 'DAGS_FOLDER/first_dag.py', '--cfg-path', '/tmp/tmpd_p7mzff']
[2023-05-25T10:25:41.650+0000] {standard_task_runner.py:85} INFO - Job 601: Subtask get_age
[2023-05-25T10:25:42.204+0000] {task_command.py:410} INFO - Running <TaskInstance: dag_with_taskflow_api_v02.get_age scheduled__2022-05-09T00:00:00+00:00 [running]> on host b1ae37a9584e
[2023-05-25T10:25:42.896+0000] {taskinstance.py:1547} INFO - Exporting env vars: AIRFLOW_CTX_DAG_OWNER='Sai' AIRFLOW_CTX_DAG_ID='dag_with_taskflow_api_v02' AIRFLOW_CTX_TASK_ID='get_age' AIRFLOW_CTX_EXECUTION_DATE='2022-05-09T00:00:00+00:00' AIRFLOW_CTX_TRY_NUMBER='1' AIRFLOW_CTX_DAG_RUN_ID='scheduled__2022-05-09T00:00:00+00:00'
[2023-05-25T10:25:42.897+0000] {python.py:183} INFO - Done. Returned value was: 19
[2023-05-25T10:25:43.068+0000] {taskinstance.py:1350} INFO - Marking task as SUCCESS. dag_id=dag_with_taskflow_api_v02, task_id=get_age, execution_date=20220509T000000, start_date=20230525T102540, end_date=20230525T102543
[2023-05-25T10:25:43.270+0000] {local_task_job_runner.py:225} INFO - Task exited with return code 0
[2023-05-25T10:25:43.644+0000] {taskinstance.py:2651} INFO - 0 downstream tasks scheduled from follow-on schedule check
