[2023-05-24T15:16:38.288+0000] {taskinstance.py:1103} INFO - Dependencies all met for dep_context=non-requeueable deps ti=<TaskInstance: dag_with_taskflow_api_v02.get_age scheduled__2021-12-15T00:00:00+00:00 [queued]>
[2023-05-24T15:16:38.414+0000] {taskinstance.py:1103} INFO - Dependencies all met for dep_context=requeueable deps ti=<TaskInstance: dag_with_taskflow_api_v02.get_age scheduled__2021-12-15T00:00:00+00:00 [queued]>
[2023-05-24T15:16:38.414+0000] {taskinstance.py:1308} INFO - Starting attempt 1 of 6
[2023-05-24T15:16:38.864+0000] {taskinstance.py:1327} INFO - Executing <Task(_PythonDecoratedOperator): get_age> on 2021-12-15 00:00:00+00:00
[2023-05-24T15:16:38.881+0000] {standard_task_runner.py:57} INFO - Started process 526 to run task
[2023-05-24T15:16:38.947+0000] {standard_task_runner.py:84} INFO - Running: ['***', 'tasks', 'run', 'dag_with_taskflow_api_v02', 'get_age', 'scheduled__2021-12-15T00:00:00+00:00', '--job-id', '149', '--raw', '--subdir', 'DAGS_FOLDER/first_dag.py', '--cfg-path', '/tmp/tmp3l9bkqr1']
[2023-05-24T15:16:38.969+0000] {standard_task_runner.py:85} INFO - Job 149: Subtask get_age
[2023-05-24T15:16:39.286+0000] {task_command.py:410} INFO - Running <TaskInstance: dag_with_taskflow_api_v02.get_age scheduled__2021-12-15T00:00:00+00:00 [running]> on host 942de29f183d
[2023-05-24T15:16:39.925+0000] {taskinstance.py:1547} INFO - Exporting env vars: AIRFLOW_CTX_DAG_OWNER='Sai' AIRFLOW_CTX_DAG_ID='dag_with_taskflow_api_v02' AIRFLOW_CTX_TASK_ID='get_age' AIRFLOW_CTX_EXECUTION_DATE='2021-12-15T00:00:00+00:00' AIRFLOW_CTX_TRY_NUMBER='1' AIRFLOW_CTX_DAG_RUN_ID='scheduled__2021-12-15T00:00:00+00:00'
[2023-05-24T15:16:39.926+0000] {python.py:183} INFO - Done. Returned value was: 19
[2023-05-24T15:16:40.126+0000] {taskinstance.py:1350} INFO - Marking task as SUCCESS. dag_id=dag_with_taskflow_api_v02, task_id=get_age, execution_date=20211215T000000, start_date=20230524T151638, end_date=20230524T151640
[2023-05-24T15:16:40.239+0000] {local_task_job_runner.py:225} INFO - Task exited with return code 0
[2023-05-24T15:16:40.463+0000] {taskinstance.py:2651} INFO - 0 downstream tasks scheduled from follow-on schedule check
[2023-05-25T06:50:21.445+0000] {taskinstance.py:1103} INFO - Dependencies all met for dep_context=non-requeueable deps ti=<TaskInstance: dag_with_taskflow_api_v02.get_age scheduled__2021-12-15T00:00:00+00:00 [queued]>
[2023-05-25T06:50:21.591+0000] {taskinstance.py:1103} INFO - Dependencies all met for dep_context=requeueable deps ti=<TaskInstance: dag_with_taskflow_api_v02.get_age scheduled__2021-12-15T00:00:00+00:00 [queued]>
[2023-05-25T06:50:21.591+0000] {taskinstance.py:1308} INFO - Starting attempt 1 of 6
[2023-05-25T06:50:22.397+0000] {taskinstance.py:1327} INFO - Executing <Task(_PythonDecoratedOperator): get_age> on 2021-12-15 00:00:00+00:00
[2023-05-25T06:50:22.415+0000] {standard_task_runner.py:57} INFO - Started process 2071 to run task
[2023-05-25T06:50:22.468+0000] {standard_task_runner.py:84} INFO - Running: ['***', 'tasks', 'run', 'dag_with_taskflow_api_v02', 'get_age', 'scheduled__2021-12-15T00:00:00+00:00', '--job-id', '151', '--raw', '--subdir', 'DAGS_FOLDER/first_dag.py', '--cfg-path', '/tmp/tmpgg7cr2it']
[2023-05-25T06:50:22.480+0000] {standard_task_runner.py:85} INFO - Job 151: Subtask get_age
[2023-05-25T06:50:22.764+0000] {task_command.py:410} INFO - Running <TaskInstance: dag_with_taskflow_api_v02.get_age scheduled__2021-12-15T00:00:00+00:00 [running]> on host 6bd07c7477d9
[2023-05-25T06:50:23.491+0000] {taskinstance.py:1547} INFO - Exporting env vars: AIRFLOW_CTX_DAG_OWNER='Sai' AIRFLOW_CTX_DAG_ID='dag_with_taskflow_api_v02' AIRFLOW_CTX_TASK_ID='get_age' AIRFLOW_CTX_EXECUTION_DATE='2021-12-15T00:00:00+00:00' AIRFLOW_CTX_TRY_NUMBER='1' AIRFLOW_CTX_DAG_RUN_ID='scheduled__2021-12-15T00:00:00+00:00'
[2023-05-25T06:50:23.492+0000] {python.py:183} INFO - Done. Returned value was: 19
[2023-05-25T06:50:23.577+0000] {taskinstance.py:1350} INFO - Marking task as SUCCESS. dag_id=dag_with_taskflow_api_v02, task_id=get_age, execution_date=20211215T000000, start_date=20230525T065021, end_date=20230525T065023
[2023-05-25T06:50:23.665+0000] {local_task_job_runner.py:225} INFO - Task exited with return code 0
[2023-05-25T06:50:23.728+0000] {taskinstance.py:2651} INFO - 1 downstream tasks scheduled from follow-on schedule check
[2023-05-25T10:20:37.794+0000] {taskinstance.py:1103} INFO - Dependencies all met for dep_context=non-requeueable deps ti=<TaskInstance: dag_with_taskflow_api_v02.get_age scheduled__2021-12-15T00:00:00+00:00 [queued]>
[2023-05-25T10:20:37.845+0000] {taskinstance.py:1103} INFO - Dependencies all met for dep_context=requeueable deps ti=<TaskInstance: dag_with_taskflow_api_v02.get_age scheduled__2021-12-15T00:00:00+00:00 [queued]>
[2023-05-25T10:20:37.846+0000] {taskinstance.py:1308} INFO - Starting attempt 1 of 6
[2023-05-25T10:20:37.915+0000] {taskinstance.py:1327} INFO - Executing <Task(_PythonDecoratedOperator): get_age> on 2021-12-15 00:00:00+00:00
[2023-05-25T10:20:37.926+0000] {standard_task_runner.py:57} INFO - Started process 1599 to run task
[2023-05-25T10:20:37.958+0000] {standard_task_runner.py:84} INFO - Running: ['***', 'tasks', 'run', 'dag_with_taskflow_api_v02', 'get_age', 'scheduled__2021-12-15T00:00:00+00:00', '--job-id', '148', '--raw', '--subdir', 'DAGS_FOLDER/first_dag.py', '--cfg-path', '/tmp/tmpr3zyl8vm']
[2023-05-25T10:20:37.987+0000] {standard_task_runner.py:85} INFO - Job 148: Subtask get_age
[2023-05-25T10:20:38.272+0000] {task_command.py:410} INFO - Running <TaskInstance: dag_with_taskflow_api_v02.get_age scheduled__2021-12-15T00:00:00+00:00 [running]> on host b1ae37a9584e
[2023-05-25T10:20:39.013+0000] {taskinstance.py:1547} INFO - Exporting env vars: AIRFLOW_CTX_DAG_OWNER='Sai' AIRFLOW_CTX_DAG_ID='dag_with_taskflow_api_v02' AIRFLOW_CTX_TASK_ID='get_age' AIRFLOW_CTX_EXECUTION_DATE='2021-12-15T00:00:00+00:00' AIRFLOW_CTX_TRY_NUMBER='1' AIRFLOW_CTX_DAG_RUN_ID='scheduled__2021-12-15T00:00:00+00:00'
[2023-05-25T10:20:39.014+0000] {python.py:183} INFO - Done. Returned value was: 19
[2023-05-25T10:20:39.141+0000] {taskinstance.py:1350} INFO - Marking task as SUCCESS. dag_id=dag_with_taskflow_api_v02, task_id=get_age, execution_date=20211215T000000, start_date=20230525T102037, end_date=20230525T102039
[2023-05-25T10:20:39.205+0000] {local_task_job_runner.py:225} INFO - Task exited with return code 0
[2023-05-25T10:20:39.453+0000] {taskinstance.py:2651} INFO - 1 downstream tasks scheduled from follow-on schedule check
