[2023-05-24T15:25:56.511+0000] {taskinstance.py:1103} INFO - Dependencies all met for dep_context=non-requeueable deps ti=<TaskInstance: dag_with_taskflow_api_v02.get_age scheduled__2022-10-11T00:00:00+00:00 [queued]>
[2023-05-24T15:25:56.601+0000] {taskinstance.py:1103} INFO - Dependencies all met for dep_context=requeueable deps ti=<TaskInstance: dag_with_taskflow_api_v02.get_age scheduled__2022-10-11T00:00:00+00:00 [queued]>
[2023-05-24T15:25:56.602+0000] {taskinstance.py:1308} INFO - Starting attempt 1 of 6
[2023-05-24T15:25:57.380+0000] {taskinstance.py:1327} INFO - Executing <Task(_PythonDecoratedOperator): get_age> on 2022-10-11 00:00:00+00:00
[2023-05-24T15:25:57.404+0000] {standard_task_runner.py:57} INFO - Started process 2544 to run task
[2023-05-24T15:25:57.444+0000] {standard_task_runner.py:84} INFO - Running: ['***', 'tasks', 'run', 'dag_with_taskflow_api_v02', 'get_age', 'scheduled__2022-10-11T00:00:00+00:00', '--job-id', '1048', '--raw', '--subdir', 'DAGS_FOLDER/first_dag.py', '--cfg-path', '/tmp/tmph_lifrq1']
[2023-05-24T15:25:57.451+0000] {standard_task_runner.py:85} INFO - Job 1048: Subtask get_age
[2023-05-24T15:25:57.927+0000] {task_command.py:410} INFO - Running <TaskInstance: dag_with_taskflow_api_v02.get_age scheduled__2022-10-11T00:00:00+00:00 [running]> on host 942de29f183d
[2023-05-24T15:25:58.984+0000] {taskinstance.py:1547} INFO - Exporting env vars: AIRFLOW_CTX_DAG_OWNER='Sai' AIRFLOW_CTX_DAG_ID='dag_with_taskflow_api_v02' AIRFLOW_CTX_TASK_ID='get_age' AIRFLOW_CTX_EXECUTION_DATE='2022-10-11T00:00:00+00:00' AIRFLOW_CTX_TRY_NUMBER='1' AIRFLOW_CTX_DAG_RUN_ID='scheduled__2022-10-11T00:00:00+00:00'
[2023-05-24T15:25:58.986+0000] {python.py:183} INFO - Done. Returned value was: 19
[2023-05-24T15:25:59.203+0000] {taskinstance.py:1350} INFO - Marking task as SUCCESS. dag_id=dag_with_taskflow_api_v02, task_id=get_age, execution_date=20221011T000000, start_date=20230524T152556, end_date=20230524T152559
[2023-05-24T15:25:59.409+0000] {local_task_job_runner.py:225} INFO - Task exited with return code 0
[2023-05-24T15:25:59.814+0000] {taskinstance.py:2651} INFO - 1 downstream tasks scheduled from follow-on schedule check
[2023-05-25T06:58:29.537+0000] {taskinstance.py:1103} INFO - Dependencies all met for dep_context=non-requeueable deps ti=<TaskInstance: dag_with_taskflow_api_v02.get_age scheduled__2022-10-11T00:00:00+00:00 [queued]>
[2023-05-25T06:58:29.578+0000] {taskinstance.py:1103} INFO - Dependencies all met for dep_context=requeueable deps ti=<TaskInstance: dag_with_taskflow_api_v02.get_age scheduled__2022-10-11T00:00:00+00:00 [queued]>
[2023-05-25T06:58:29.579+0000] {taskinstance.py:1308} INFO - Starting attempt 1 of 6
[2023-05-25T06:58:30.129+0000] {taskinstance.py:1327} INFO - Executing <Task(_PythonDecoratedOperator): get_age> on 2022-10-11 00:00:00+00:00
[2023-05-25T06:58:30.193+0000] {standard_task_runner.py:57} INFO - Started process 4060 to run task
[2023-05-25T06:58:30.226+0000] {standard_task_runner.py:84} INFO - Running: ['***', 'tasks', 'run', 'dag_with_taskflow_api_v02', 'get_age', 'scheduled__2022-10-11T00:00:00+00:00', '--job-id', '1050', '--raw', '--subdir', 'DAGS_FOLDER/first_dag.py', '--cfg-path', '/tmp/tmpbxi2b1y8']
[2023-05-25T06:58:30.290+0000] {standard_task_runner.py:85} INFO - Job 1050: Subtask get_age
[2023-05-25T06:58:30.675+0000] {task_command.py:410} INFO - Running <TaskInstance: dag_with_taskflow_api_v02.get_age scheduled__2022-10-11T00:00:00+00:00 [running]> on host 6bd07c7477d9
[2023-05-25T06:58:31.603+0000] {taskinstance.py:1547} INFO - Exporting env vars: AIRFLOW_CTX_DAG_OWNER='Sai' AIRFLOW_CTX_DAG_ID='dag_with_taskflow_api_v02' AIRFLOW_CTX_TASK_ID='get_age' AIRFLOW_CTX_EXECUTION_DATE='2022-10-11T00:00:00+00:00' AIRFLOW_CTX_TRY_NUMBER='1' AIRFLOW_CTX_DAG_RUN_ID='scheduled__2022-10-11T00:00:00+00:00'
[2023-05-25T06:58:31.604+0000] {python.py:183} INFO - Done. Returned value was: 19
[2023-05-25T06:58:31.715+0000] {taskinstance.py:1350} INFO - Marking task as SUCCESS. dag_id=dag_with_taskflow_api_v02, task_id=get_age, execution_date=20221011T000000, start_date=20230525T065829, end_date=20230525T065831
[2023-05-25T06:58:31.795+0000] {local_task_job_runner.py:225} INFO - Task exited with return code 0
[2023-05-25T06:58:32.104+0000] {taskinstance.py:2651} INFO - 1 downstream tasks scheduled from follow-on schedule check
[2023-05-25T10:32:05.539+0000] {taskinstance.py:1103} INFO - Dependencies all met for dep_context=non-requeueable deps ti=<TaskInstance: dag_with_taskflow_api_v02.get_age scheduled__2022-10-11T00:00:00+00:00 [queued]>
[2023-05-25T10:32:05.607+0000] {taskinstance.py:1103} INFO - Dependencies all met for dep_context=requeueable deps ti=<TaskInstance: dag_with_taskflow_api_v02.get_age scheduled__2022-10-11T00:00:00+00:00 [queued]>
[2023-05-25T10:32:05.607+0000] {taskinstance.py:1308} INFO - Starting attempt 1 of 6
[2023-05-25T10:32:05.712+0000] {taskinstance.py:1327} INFO - Executing <Task(_PythonDecoratedOperator): get_age> on 2022-10-11 00:00:00+00:00
[2023-05-25T10:32:05.723+0000] {standard_task_runner.py:57} INFO - Started process 3699 to run task
[2023-05-25T10:32:05.748+0000] {standard_task_runner.py:84} INFO - Running: ['***', 'tasks', 'run', 'dag_with_taskflow_api_v02', 'get_age', 'scheduled__2022-10-11T00:00:00+00:00', '--job-id', '1063', '--raw', '--subdir', 'DAGS_FOLDER/first_dag.py', '--cfg-path', '/tmp/tmpq8q1s5nf']
[2023-05-25T10:32:05.766+0000] {standard_task_runner.py:85} INFO - Job 1063: Subtask get_age
[2023-05-25T10:32:06.083+0000] {task_command.py:410} INFO - Running <TaskInstance: dag_with_taskflow_api_v02.get_age scheduled__2022-10-11T00:00:00+00:00 [running]> on host b1ae37a9584e
[2023-05-25T10:32:06.953+0000] {taskinstance.py:1547} INFO - Exporting env vars: AIRFLOW_CTX_DAG_OWNER='Sai' AIRFLOW_CTX_DAG_ID='dag_with_taskflow_api_v02' AIRFLOW_CTX_TASK_ID='get_age' AIRFLOW_CTX_EXECUTION_DATE='2022-10-11T00:00:00+00:00' AIRFLOW_CTX_TRY_NUMBER='1' AIRFLOW_CTX_DAG_RUN_ID='scheduled__2022-10-11T00:00:00+00:00'
[2023-05-25T10:32:06.955+0000] {python.py:183} INFO - Done. Returned value was: 19
[2023-05-25T10:32:07.187+0000] {taskinstance.py:1350} INFO - Marking task as SUCCESS. dag_id=dag_with_taskflow_api_v02, task_id=get_age, execution_date=20221011T000000, start_date=20230525T103205, end_date=20230525T103207
[2023-05-25T10:32:07.379+0000] {local_task_job_runner.py:225} INFO - Task exited with return code 0
[2023-05-25T10:32:07.578+0000] {taskinstance.py:2651} INFO - 0 downstream tasks scheduled from follow-on schedule check
