[2023-05-24T15:29:41.812+0000] {taskinstance.py:1103} INFO - Dependencies all met for dep_context=non-requeueable deps ti=<TaskInstance: dag_with_taskflow_api_v02.greet scheduled__2023-02-21T00:00:00+00:00 [queued]>
[2023-05-24T15:29:41.896+0000] {taskinstance.py:1103} INFO - Dependencies all met for dep_context=requeueable deps ti=<TaskInstance: dag_with_taskflow_api_v02.greet scheduled__2023-02-21T00:00:00+00:00 [queued]>
[2023-05-24T15:29:41.900+0000] {taskinstance.py:1308} INFO - Starting attempt 1 of 6
[2023-05-24T15:29:42.132+0000] {taskinstance.py:1327} INFO - Executing <Task(_PythonDecoratedOperator): greet> on 2023-02-21 00:00:00+00:00
[2023-05-24T15:29:42.139+0000] {standard_task_runner.py:57} INFO - Started process 3455 to run task
[2023-05-24T15:29:42.163+0000] {standard_task_runner.py:84} INFO - Running: ['***', 'tasks', 'run', 'dag_with_taskflow_api_v02', 'greet', 'scheduled__2023-02-21T00:00:00+00:00', '--job-id', '1465', '--raw', '--subdir', 'DAGS_FOLDER/first_dag.py', '--cfg-path', '/tmp/tmpeeee6ljd']
[2023-05-24T15:29:42.171+0000] {standard_task_runner.py:85} INFO - Job 1465: Subtask greet
[2023-05-24T15:29:42.344+0000] {task_command.py:410} INFO - Running <TaskInstance: dag_with_taskflow_api_v02.greet scheduled__2023-02-21T00:00:00+00:00 [running]> on host 942de29f183d
[2023-05-24T15:29:42.753+0000] {taskinstance.py:1547} INFO - Exporting env vars: AIRFLOW_CTX_DAG_OWNER='Sai' AIRFLOW_CTX_DAG_ID='dag_with_taskflow_api_v02' AIRFLOW_CTX_TASK_ID='greet' AIRFLOW_CTX_EXECUTION_DATE='2023-02-21T00:00:00+00:00' AIRFLOW_CTX_TRY_NUMBER='1' AIRFLOW_CTX_DAG_RUN_ID='scheduled__2023-02-21T00:00:00+00:00'
[2023-05-24T15:29:42.757+0000] {logging_mixin.py:149} INFO - Hello World! My name is Sai Tr and I am 19 years old!
[2023-05-24T15:29:42.758+0000] {python.py:183} INFO - Done. Returned value was: None
[2023-05-24T15:29:42.791+0000] {taskinstance.py:1350} INFO - Marking task as SUCCESS. dag_id=dag_with_taskflow_api_v02, task_id=greet, execution_date=20230221T000000, start_date=20230524T152941, end_date=20230524T152942
[2023-05-24T15:29:42.962+0000] {local_task_job_runner.py:225} INFO - Task exited with return code 0
[2023-05-24T15:29:43.024+0000] {taskinstance.py:2651} INFO - 0 downstream tasks scheduled from follow-on schedule check
[2023-05-25T07:02:12.535+0000] {taskinstance.py:1103} INFO - Dependencies all met for dep_context=non-requeueable deps ti=<TaskInstance: dag_with_taskflow_api_v02.greet scheduled__2023-02-21T00:00:00+00:00 [queued]>
[2023-05-25T07:02:12.586+0000] {taskinstance.py:1103} INFO - Dependencies all met for dep_context=requeueable deps ti=<TaskInstance: dag_with_taskflow_api_v02.greet scheduled__2023-02-21T00:00:00+00:00 [queued]>
[2023-05-25T07:02:12.587+0000] {taskinstance.py:1308} INFO - Starting attempt 1 of 6
[2023-05-25T07:02:12.647+0000] {taskinstance.py:1327} INFO - Executing <Task(_PythonDecoratedOperator): greet> on 2023-02-21 00:00:00+00:00
[2023-05-25T07:02:12.653+0000] {standard_task_runner.py:57} INFO - Started process 4958 to run task
[2023-05-25T07:02:12.662+0000] {standard_task_runner.py:84} INFO - Running: ['***', 'tasks', 'run', 'dag_with_taskflow_api_v02', 'greet', 'scheduled__2023-02-21T00:00:00+00:00', '--job-id', '1461', '--raw', '--subdir', 'DAGS_FOLDER/first_dag.py', '--cfg-path', '/tmp/tmpr5umulh0']
[2023-05-25T07:02:12.668+0000] {standard_task_runner.py:85} INFO - Job 1461: Subtask greet
[2023-05-25T07:02:12.789+0000] {task_command.py:410} INFO - Running <TaskInstance: dag_with_taskflow_api_v02.greet scheduled__2023-02-21T00:00:00+00:00 [running]> on host 6bd07c7477d9
[2023-05-25T07:02:13.115+0000] {taskinstance.py:1547} INFO - Exporting env vars: AIRFLOW_CTX_DAG_OWNER='Sai' AIRFLOW_CTX_DAG_ID='dag_with_taskflow_api_v02' AIRFLOW_CTX_TASK_ID='greet' AIRFLOW_CTX_EXECUTION_DATE='2023-02-21T00:00:00+00:00' AIRFLOW_CTX_TRY_NUMBER='1' AIRFLOW_CTX_DAG_RUN_ID='scheduled__2023-02-21T00:00:00+00:00'
[2023-05-25T07:02:13.121+0000] {logging_mixin.py:149} INFO - Hello World! My name is Sai Tr and I am 19 years old!
[2023-05-25T07:02:13.122+0000] {python.py:183} INFO - Done. Returned value was: None
[2023-05-25T07:02:13.154+0000] {taskinstance.py:1350} INFO - Marking task as SUCCESS. dag_id=dag_with_taskflow_api_v02, task_id=greet, execution_date=20230221T000000, start_date=20230525T070212, end_date=20230525T070213
[2023-05-25T07:02:13.198+0000] {local_task_job_runner.py:225} INFO - Task exited with return code 0
[2023-05-25T07:02:13.237+0000] {taskinstance.py:2651} INFO - 0 downstream tasks scheduled from follow-on schedule check
[2023-05-25T10:36:43.536+0000] {taskinstance.py:1103} INFO - Dependencies all met for dep_context=non-requeueable deps ti=<TaskInstance: dag_with_taskflow_api_v02.greet scheduled__2023-02-21T00:00:00+00:00 [queued]>
[2023-05-25T10:36:43.722+0000] {taskinstance.py:1103} INFO - Dependencies all met for dep_context=requeueable deps ti=<TaskInstance: dag_with_taskflow_api_v02.greet scheduled__2023-02-21T00:00:00+00:00 [queued]>
[2023-05-25T10:36:43.722+0000] {taskinstance.py:1308} INFO - Starting attempt 1 of 6
[2023-05-25T10:36:43.853+0000] {taskinstance.py:1327} INFO - Executing <Task(_PythonDecoratedOperator): greet> on 2023-02-21 00:00:00+00:00
[2023-05-25T10:36:43.865+0000] {standard_task_runner.py:57} INFO - Started process 4641 to run task
[2023-05-25T10:36:43.887+0000] {standard_task_runner.py:84} INFO - Running: ['***', 'tasks', 'run', 'dag_with_taskflow_api_v02', 'greet', 'scheduled__2023-02-21T00:00:00+00:00', '--job-id', '1484', '--raw', '--subdir', 'DAGS_FOLDER/first_dag.py', '--cfg-path', '/tmp/tmpqk8ol4n0']
[2023-05-25T10:36:43.890+0000] {standard_task_runner.py:85} INFO - Job 1484: Subtask greet
[2023-05-25T10:36:44.333+0000] {task_command.py:410} INFO - Running <TaskInstance: dag_with_taskflow_api_v02.greet scheduled__2023-02-21T00:00:00+00:00 [running]> on host b1ae37a9584e
[2023-05-25T10:36:46.381+0000] {taskinstance.py:1547} INFO - Exporting env vars: AIRFLOW_CTX_DAG_OWNER='Sai' AIRFLOW_CTX_DAG_ID='dag_with_taskflow_api_v02' AIRFLOW_CTX_TASK_ID='greet' AIRFLOW_CTX_EXECUTION_DATE='2023-02-21T00:00:00+00:00' AIRFLOW_CTX_TRY_NUMBER='1' AIRFLOW_CTX_DAG_RUN_ID='scheduled__2023-02-21T00:00:00+00:00'
[2023-05-25T10:36:46.383+0000] {logging_mixin.py:149} INFO - Hello World! My name is Sai Tr and I am 19 years old!
[2023-05-25T10:36:46.383+0000] {python.py:183} INFO - Done. Returned value was: None
[2023-05-25T10:36:46.496+0000] {taskinstance.py:1350} INFO - Marking task as SUCCESS. dag_id=dag_with_taskflow_api_v02, task_id=greet, execution_date=20230221T000000, start_date=20230525T103643, end_date=20230525T103646
[2023-05-25T10:36:46.629+0000] {local_task_job_runner.py:225} INFO - Task exited with return code 0
[2023-05-25T10:36:47.378+0000] {taskinstance.py:2651} INFO - 0 downstream tasks scheduled from follow-on schedule check
