[2023-05-24T15:24:21.290+0000] {taskinstance.py:1103} INFO - Dependencies all met for dep_context=non-requeueable deps ti=<TaskInstance: dag_with_taskflow_api_v02.get_age scheduled__2022-08-15T00:00:00+00:00 [queued]>
[2023-05-24T15:24:21.358+0000] {taskinstance.py:1103} INFO - Dependencies all met for dep_context=requeueable deps ti=<TaskInstance: dag_with_taskflow_api_v02.get_age scheduled__2022-08-15T00:00:00+00:00 [queued]>
[2023-05-24T15:24:21.359+0000] {taskinstance.py:1308} INFO - Starting attempt 1 of 6
[2023-05-24T15:24:22.053+0000] {taskinstance.py:1327} INFO - Executing <Task(_PythonDecoratedOperator): get_age> on 2022-08-15 00:00:00+00:00
[2023-05-24T15:24:22.060+0000] {standard_task_runner.py:57} INFO - Started process 2167 to run task
[2023-05-24T15:24:22.108+0000] {standard_task_runner.py:84} INFO - Running: ['***', 'tasks', 'run', 'dag_with_taskflow_api_v02', 'get_age', 'scheduled__2022-08-15T00:00:00+00:00', '--job-id', '879', '--raw', '--subdir', 'DAGS_FOLDER/first_dag.py', '--cfg-path', '/tmp/tmpg3h_sabl']
[2023-05-24T15:24:22.144+0000] {standard_task_runner.py:85} INFO - Job 879: Subtask get_age
[2023-05-24T15:24:22.524+0000] {task_command.py:410} INFO - Running <TaskInstance: dag_with_taskflow_api_v02.get_age scheduled__2022-08-15T00:00:00+00:00 [running]> on host 942de29f183d
[2023-05-24T15:24:23.207+0000] {taskinstance.py:1547} INFO - Exporting env vars: AIRFLOW_CTX_DAG_OWNER='Sai' AIRFLOW_CTX_DAG_ID='dag_with_taskflow_api_v02' AIRFLOW_CTX_TASK_ID='get_age' AIRFLOW_CTX_EXECUTION_DATE='2022-08-15T00:00:00+00:00' AIRFLOW_CTX_TRY_NUMBER='1' AIRFLOW_CTX_DAG_RUN_ID='scheduled__2022-08-15T00:00:00+00:00'
[2023-05-24T15:24:23.208+0000] {python.py:183} INFO - Done. Returned value was: 19
[2023-05-24T15:24:23.351+0000] {taskinstance.py:1350} INFO - Marking task as SUCCESS. dag_id=dag_with_taskflow_api_v02, task_id=get_age, execution_date=20220815T000000, start_date=20230524T152421, end_date=20230524T152423
[2023-05-24T15:24:23.442+0000] {local_task_job_runner.py:225} INFO - Task exited with return code 0
[2023-05-24T15:24:23.866+0000] {taskinstance.py:2651} INFO - 1 downstream tasks scheduled from follow-on schedule check
[2023-05-25T06:56:55.490+0000] {taskinstance.py:1103} INFO - Dependencies all met for dep_context=non-requeueable deps ti=<TaskInstance: dag_with_taskflow_api_v02.get_age scheduled__2022-08-15T00:00:00+00:00 [queued]>
[2023-05-25T06:56:55.593+0000] {taskinstance.py:1103} INFO - Dependencies all met for dep_context=requeueable deps ti=<TaskInstance: dag_with_taskflow_api_v02.get_age scheduled__2022-08-15T00:00:00+00:00 [queued]>
[2023-05-25T06:56:55.593+0000] {taskinstance.py:1308} INFO - Starting attempt 1 of 6
[2023-05-25T06:56:56.480+0000] {taskinstance.py:1327} INFO - Executing <Task(_PythonDecoratedOperator): get_age> on 2022-08-15 00:00:00+00:00
[2023-05-25T06:56:56.489+0000] {standard_task_runner.py:57} INFO - Started process 3678 to run task
[2023-05-25T06:56:56.521+0000] {standard_task_runner.py:84} INFO - Running: ['***', 'tasks', 'run', 'dag_with_taskflow_api_v02', 'get_age', 'scheduled__2022-08-15T00:00:00+00:00', '--job-id', '876', '--raw', '--subdir', 'DAGS_FOLDER/first_dag.py', '--cfg-path', '/tmp/tmpins4e8kj']
[2023-05-25T06:56:56.554+0000] {standard_task_runner.py:85} INFO - Job 876: Subtask get_age
[2023-05-25T06:56:56.956+0000] {task_command.py:410} INFO - Running <TaskInstance: dag_with_taskflow_api_v02.get_age scheduled__2022-08-15T00:00:00+00:00 [running]> on host 6bd07c7477d9
[2023-05-25T06:56:57.692+0000] {taskinstance.py:1547} INFO - Exporting env vars: AIRFLOW_CTX_DAG_OWNER='Sai' AIRFLOW_CTX_DAG_ID='dag_with_taskflow_api_v02' AIRFLOW_CTX_TASK_ID='get_age' AIRFLOW_CTX_EXECUTION_DATE='2022-08-15T00:00:00+00:00' AIRFLOW_CTX_TRY_NUMBER='1' AIRFLOW_CTX_DAG_RUN_ID='scheduled__2022-08-15T00:00:00+00:00'
[2023-05-25T06:56:57.693+0000] {python.py:183} INFO - Done. Returned value was: 19
[2023-05-25T06:56:57.782+0000] {taskinstance.py:1350} INFO - Marking task as SUCCESS. dag_id=dag_with_taskflow_api_v02, task_id=get_age, execution_date=20220815T000000, start_date=20230525T065655, end_date=20230525T065657
[2023-05-25T06:56:57.849+0000] {local_task_job_runner.py:225} INFO - Task exited with return code 0
[2023-05-25T06:56:58.196+0000] {taskinstance.py:2651} INFO - 0 downstream tasks scheduled from follow-on schedule check
[2023-05-25T10:29:55.065+0000] {taskinstance.py:1103} INFO - Dependencies all met for dep_context=non-requeueable deps ti=<TaskInstance: dag_with_taskflow_api_v02.get_age scheduled__2022-08-15T00:00:00+00:00 [queued]>
[2023-05-25T10:29:55.257+0000] {taskinstance.py:1103} INFO - Dependencies all met for dep_context=requeueable deps ti=<TaskInstance: dag_with_taskflow_api_v02.get_age scheduled__2022-08-15T00:00:00+00:00 [queued]>
[2023-05-25T10:29:55.258+0000] {taskinstance.py:1308} INFO - Starting attempt 1 of 6
[2023-05-25T10:29:55.942+0000] {taskinstance.py:1327} INFO - Executing <Task(_PythonDecoratedOperator): get_age> on 2022-08-15 00:00:00+00:00
[2023-05-25T10:29:56.006+0000] {standard_task_runner.py:57} INFO - Started process 3303 to run task
[2023-05-25T10:29:56.089+0000] {standard_task_runner.py:84} INFO - Running: ['***', 'tasks', 'run', 'dag_with_taskflow_api_v02', 'get_age', 'scheduled__2022-08-15T00:00:00+00:00', '--job-id', '892', '--raw', '--subdir', 'DAGS_FOLDER/first_dag.py', '--cfg-path', '/tmp/tmpv7gshruz']
[2023-05-25T10:29:56.131+0000] {standard_task_runner.py:85} INFO - Job 892: Subtask get_age
[2023-05-25T10:29:56.666+0000] {task_command.py:410} INFO - Running <TaskInstance: dag_with_taskflow_api_v02.get_age scheduled__2022-08-15T00:00:00+00:00 [running]> on host b1ae37a9584e
[2023-05-25T10:29:57.697+0000] {taskinstance.py:1547} INFO - Exporting env vars: AIRFLOW_CTX_DAG_OWNER='Sai' AIRFLOW_CTX_DAG_ID='dag_with_taskflow_api_v02' AIRFLOW_CTX_TASK_ID='get_age' AIRFLOW_CTX_EXECUTION_DATE='2022-08-15T00:00:00+00:00' AIRFLOW_CTX_TRY_NUMBER='1' AIRFLOW_CTX_DAG_RUN_ID='scheduled__2022-08-15T00:00:00+00:00'
[2023-05-25T10:29:57.699+0000] {python.py:183} INFO - Done. Returned value was: 19
[2023-05-25T10:29:57.809+0000] {taskinstance.py:1350} INFO - Marking task as SUCCESS. dag_id=dag_with_taskflow_api_v02, task_id=get_age, execution_date=20220815T000000, start_date=20230525T102955, end_date=20230525T102957
[2023-05-25T10:29:57.902+0000] {local_task_job_runner.py:225} INFO - Task exited with return code 0
[2023-05-25T10:29:58.237+0000] {taskinstance.py:2651} INFO - 0 downstream tasks scheduled from follow-on schedule check
