[2023-05-24T15:21:30.950+0000] {taskinstance.py:1103} INFO - Dependencies all met for dep_context=non-requeueable deps ti=<TaskInstance: dag_with_taskflow_api_v02.get_name scheduled__2022-05-16T00:00:00+00:00 [queued]>
[2023-05-24T15:21:31.206+0000] {taskinstance.py:1103} INFO - Dependencies all met for dep_context=requeueable deps ti=<TaskInstance: dag_with_taskflow_api_v02.get_name scheduled__2022-05-16T00:00:00+00:00 [queued]>
[2023-05-24T15:21:31.215+0000] {taskinstance.py:1308} INFO - Starting attempt 1 of 6
[2023-05-24T15:21:31.431+0000] {taskinstance.py:1327} INFO - Executing <Task(_PythonDecoratedOperator): get_name> on 2022-05-16 00:00:00+00:00
[2023-05-24T15:21:31.437+0000] {standard_task_runner.py:57} INFO - Started process 1559 to run task
[2023-05-24T15:21:31.468+0000] {standard_task_runner.py:84} INFO - Running: ['***', 'tasks', 'run', 'dag_with_taskflow_api_v02', 'get_name', 'scheduled__2022-05-16T00:00:00+00:00', '--job-id', '611', '--raw', '--subdir', 'DAGS_FOLDER/first_dag.py', '--cfg-path', '/tmp/tmpay8nxfmx']
[2023-05-24T15:21:31.484+0000] {standard_task_runner.py:85} INFO - Job 611: Subtask get_name
[2023-05-24T15:21:31.840+0000] {task_command.py:410} INFO - Running <TaskInstance: dag_with_taskflow_api_v02.get_name scheduled__2022-05-16T00:00:00+00:00 [running]> on host 942de29f183d
[2023-05-24T15:21:33.048+0000] {taskinstance.py:1547} INFO - Exporting env vars: AIRFLOW_CTX_DAG_OWNER='Sai' AIRFLOW_CTX_DAG_ID='dag_with_taskflow_api_v02' AIRFLOW_CTX_TASK_ID='get_name' AIRFLOW_CTX_EXECUTION_DATE='2022-05-16T00:00:00+00:00' AIRFLOW_CTX_TRY_NUMBER='1' AIRFLOW_CTX_DAG_RUN_ID='scheduled__2022-05-16T00:00:00+00:00'
[2023-05-24T15:21:33.050+0000] {python.py:183} INFO - Done. Returned value was: {'first_name': 'Sai', 'last_name': 'Tr'}
[2023-05-24T15:21:33.494+0000] {taskinstance.py:1350} INFO - Marking task as SUCCESS. dag_id=dag_with_taskflow_api_v02, task_id=get_name, execution_date=20220516T000000, start_date=20230524T152130, end_date=20230524T152133
[2023-05-24T15:21:34.639+0000] {local_task_job_runner.py:225} INFO - Task exited with return code 0
[2023-05-24T15:21:35.076+0000] {taskinstance.py:2651} INFO - 1 downstream tasks scheduled from follow-on schedule check
[2023-05-25T06:54:30.500+0000] {taskinstance.py:1103} INFO - Dependencies all met for dep_context=non-requeueable deps ti=<TaskInstance: dag_with_taskflow_api_v02.get_name scheduled__2022-05-16T00:00:00+00:00 [queued]>
[2023-05-25T06:54:30.572+0000] {taskinstance.py:1103} INFO - Dependencies all met for dep_context=requeueable deps ti=<TaskInstance: dag_with_taskflow_api_v02.get_name scheduled__2022-05-16T00:00:00+00:00 [queued]>
[2023-05-25T06:54:30.572+0000] {taskinstance.py:1308} INFO - Starting attempt 1 of 6
[2023-05-25T06:54:30.651+0000] {taskinstance.py:1327} INFO - Executing <Task(_PythonDecoratedOperator): get_name> on 2022-05-16 00:00:00+00:00
[2023-05-25T06:54:30.676+0000] {standard_task_runner.py:57} INFO - Started process 3087 to run task
[2023-05-25T06:54:30.684+0000] {standard_task_runner.py:84} INFO - Running: ['***', 'tasks', 'run', 'dag_with_taskflow_api_v02', 'get_name', 'scheduled__2022-05-16T00:00:00+00:00', '--job-id', '611', '--raw', '--subdir', 'DAGS_FOLDER/first_dag.py', '--cfg-path', '/tmp/tmp3n5cxz4j']
[2023-05-25T06:54:30.687+0000] {standard_task_runner.py:85} INFO - Job 611: Subtask get_name
[2023-05-25T06:54:31.106+0000] {task_command.py:410} INFO - Running <TaskInstance: dag_with_taskflow_api_v02.get_name scheduled__2022-05-16T00:00:00+00:00 [running]> on host 6bd07c7477d9
[2023-05-25T06:54:31.893+0000] {taskinstance.py:1547} INFO - Exporting env vars: AIRFLOW_CTX_DAG_OWNER='Sai' AIRFLOW_CTX_DAG_ID='dag_with_taskflow_api_v02' AIRFLOW_CTX_TASK_ID='get_name' AIRFLOW_CTX_EXECUTION_DATE='2022-05-16T00:00:00+00:00' AIRFLOW_CTX_TRY_NUMBER='1' AIRFLOW_CTX_DAG_RUN_ID='scheduled__2022-05-16T00:00:00+00:00'
[2023-05-25T06:54:31.905+0000] {python.py:183} INFO - Done. Returned value was: {'first_name': 'Sai', 'last_name': 'Tr'}
[2023-05-25T06:54:32.125+0000] {taskinstance.py:1350} INFO - Marking task as SUCCESS. dag_id=dag_with_taskflow_api_v02, task_id=get_name, execution_date=20220516T000000, start_date=20230525T065430, end_date=20230525T065432
[2023-05-25T06:54:32.658+0000] {local_task_job_runner.py:225} INFO - Task exited with return code 0
[2023-05-25T06:54:32.872+0000] {taskinstance.py:2651} INFO - 0 downstream tasks scheduled from follow-on schedule check
[2023-05-25T10:25:48.513+0000] {taskinstance.py:1103} INFO - Dependencies all met for dep_context=non-requeueable deps ti=<TaskInstance: dag_with_taskflow_api_v02.get_name scheduled__2022-05-16T00:00:00+00:00 [queued]>
[2023-05-25T10:25:48.616+0000] {taskinstance.py:1103} INFO - Dependencies all met for dep_context=requeueable deps ti=<TaskInstance: dag_with_taskflow_api_v02.get_name scheduled__2022-05-16T00:00:00+00:00 [queued]>
[2023-05-25T10:25:48.616+0000] {taskinstance.py:1308} INFO - Starting attempt 1 of 6
[2023-05-25T10:25:48.799+0000] {taskinstance.py:1327} INFO - Executing <Task(_PythonDecoratedOperator): get_name> on 2022-05-16 00:00:00+00:00
[2023-05-25T10:25:48.818+0000] {standard_task_runner.py:57} INFO - Started process 2663 to run task
[2023-05-25T10:25:48.880+0000] {standard_task_runner.py:84} INFO - Running: ['***', 'tasks', 'run', 'dag_with_taskflow_api_v02', 'get_name', 'scheduled__2022-05-16T00:00:00+00:00', '--job-id', '617', '--raw', '--subdir', 'DAGS_FOLDER/first_dag.py', '--cfg-path', '/tmp/tmpng2igrtq']
[2023-05-25T10:25:48.907+0000] {standard_task_runner.py:85} INFO - Job 617: Subtask get_name
[2023-05-25T10:25:49.061+0000] {task_command.py:410} INFO - Running <TaskInstance: dag_with_taskflow_api_v02.get_name scheduled__2022-05-16T00:00:00+00:00 [running]> on host b1ae37a9584e
[2023-05-25T10:25:49.711+0000] {taskinstance.py:1547} INFO - Exporting env vars: AIRFLOW_CTX_DAG_OWNER='Sai' AIRFLOW_CTX_DAG_ID='dag_with_taskflow_api_v02' AIRFLOW_CTX_TASK_ID='get_name' AIRFLOW_CTX_EXECUTION_DATE='2022-05-16T00:00:00+00:00' AIRFLOW_CTX_TRY_NUMBER='1' AIRFLOW_CTX_DAG_RUN_ID='scheduled__2022-05-16T00:00:00+00:00'
[2023-05-25T10:25:49.712+0000] {python.py:183} INFO - Done. Returned value was: {'first_name': 'Sai', 'last_name': 'Tr'}
[2023-05-25T10:25:49.939+0000] {taskinstance.py:1350} INFO - Marking task as SUCCESS. dag_id=dag_with_taskflow_api_v02, task_id=get_name, execution_date=20220516T000000, start_date=20230525T102548, end_date=20230525T102549
[2023-05-25T10:25:50.287+0000] {local_task_job_runner.py:225} INFO - Task exited with return code 0
[2023-05-25T10:25:50.714+0000] {taskinstance.py:2651} INFO - 0 downstream tasks scheduled from follow-on schedule check
