[2023-05-24T15:29:49.488+0000] {taskinstance.py:1103} INFO - Dependencies all met for dep_context=non-requeueable deps ti=<TaskInstance: dag_with_taskflow_api_v02.get_name scheduled__2023-03-01T00:00:00+00:00 [queued]>
[2023-05-24T15:29:49.554+0000] {taskinstance.py:1103} INFO - Dependencies all met for dep_context=requeueable deps ti=<TaskInstance: dag_with_taskflow_api_v02.get_name scheduled__2023-03-01T00:00:00+00:00 [queued]>
[2023-05-24T15:29:49.555+0000] {taskinstance.py:1308} INFO - Starting attempt 1 of 6
[2023-05-24T15:29:50.371+0000] {taskinstance.py:1327} INFO - Executing <Task(_PythonDecoratedOperator): get_name> on 2023-03-01 00:00:00+00:00
[2023-05-24T15:29:50.412+0000] {standard_task_runner.py:57} INFO - Started process 3485 to run task
[2023-05-24T15:29:50.443+0000] {standard_task_runner.py:84} INFO - Running: ['***', 'tasks', 'run', 'dag_with_taskflow_api_v02', 'get_name', 'scheduled__2023-03-01T00:00:00+00:00', '--job-id', '1477', '--raw', '--subdir', 'DAGS_FOLDER/first_dag.py', '--cfg-path', '/tmp/tmp2p0i4fod']
[2023-05-24T15:29:50.493+0000] {standard_task_runner.py:85} INFO - Job 1477: Subtask get_name
[2023-05-24T15:29:50.909+0000] {task_command.py:410} INFO - Running <TaskInstance: dag_with_taskflow_api_v02.get_name scheduled__2023-03-01T00:00:00+00:00 [running]> on host 942de29f183d
[2023-05-24T15:29:51.635+0000] {taskinstance.py:1547} INFO - Exporting env vars: AIRFLOW_CTX_DAG_OWNER='Sai' AIRFLOW_CTX_DAG_ID='dag_with_taskflow_api_v02' AIRFLOW_CTX_TASK_ID='get_name' AIRFLOW_CTX_EXECUTION_DATE='2023-03-01T00:00:00+00:00' AIRFLOW_CTX_TRY_NUMBER='1' AIRFLOW_CTX_DAG_RUN_ID='scheduled__2023-03-01T00:00:00+00:00'
[2023-05-24T15:29:51.636+0000] {python.py:183} INFO - Done. Returned value was: {'first_name': 'Sai', 'last_name': 'Tr'}
[2023-05-24T15:29:51.875+0000] {taskinstance.py:1350} INFO - Marking task as SUCCESS. dag_id=dag_with_taskflow_api_v02, task_id=get_name, execution_date=20230301T000000, start_date=20230524T152949, end_date=20230524T152951
[2023-05-24T15:29:52.589+0000] {local_task_job_runner.py:225} INFO - Task exited with return code 0
[2023-05-24T15:29:52.791+0000] {taskinstance.py:2651} INFO - 1 downstream tasks scheduled from follow-on schedule check
[2023-05-25T07:02:22.307+0000] {taskinstance.py:1103} INFO - Dependencies all met for dep_context=non-requeueable deps ti=<TaskInstance: dag_with_taskflow_api_v02.get_name scheduled__2023-03-01T00:00:00+00:00 [queued]>
[2023-05-25T07:02:22.406+0000] {taskinstance.py:1103} INFO - Dependencies all met for dep_context=requeueable deps ti=<TaskInstance: dag_with_taskflow_api_v02.get_name scheduled__2023-03-01T00:00:00+00:00 [queued]>
[2023-05-25T07:02:22.421+0000] {taskinstance.py:1308} INFO - Starting attempt 1 of 6
[2023-05-25T07:02:22.910+0000] {taskinstance.py:1327} INFO - Executing <Task(_PythonDecoratedOperator): get_name> on 2023-03-01 00:00:00+00:00
[2023-05-25T07:02:22.930+0000] {standard_task_runner.py:57} INFO - Started process 5003 to run task
[2023-05-25T07:02:23.013+0000] {standard_task_runner.py:84} INFO - Running: ['***', 'tasks', 'run', 'dag_with_taskflow_api_v02', 'get_name', 'scheduled__2023-03-01T00:00:00+00:00', '--job-id', '1475', '--raw', '--subdir', 'DAGS_FOLDER/first_dag.py', '--cfg-path', '/tmp/tmp3po8noeb']
[2023-05-25T07:02:23.034+0000] {standard_task_runner.py:85} INFO - Job 1475: Subtask get_name
[2023-05-25T07:02:23.392+0000] {task_command.py:410} INFO - Running <TaskInstance: dag_with_taskflow_api_v02.get_name scheduled__2023-03-01T00:00:00+00:00 [running]> on host 6bd07c7477d9
[2023-05-25T07:02:24.281+0000] {taskinstance.py:1547} INFO - Exporting env vars: AIRFLOW_CTX_DAG_OWNER='Sai' AIRFLOW_CTX_DAG_ID='dag_with_taskflow_api_v02' AIRFLOW_CTX_TASK_ID='get_name' AIRFLOW_CTX_EXECUTION_DATE='2023-03-01T00:00:00+00:00' AIRFLOW_CTX_TRY_NUMBER='1' AIRFLOW_CTX_DAG_RUN_ID='scheduled__2023-03-01T00:00:00+00:00'
[2023-05-25T07:02:24.282+0000] {python.py:183} INFO - Done. Returned value was: {'first_name': 'Sai', 'last_name': 'Tr'}
[2023-05-25T07:02:24.609+0000] {taskinstance.py:1350} INFO - Marking task as SUCCESS. dag_id=dag_with_taskflow_api_v02, task_id=get_name, execution_date=20230301T000000, start_date=20230525T070222, end_date=20230525T070224
[2023-05-25T07:02:24.730+0000] {local_task_job_runner.py:225} INFO - Task exited with return code 0
[2023-05-25T07:02:24.963+0000] {taskinstance.py:2651} INFO - 0 downstream tasks scheduled from follow-on schedule check
[2023-05-25T10:36:45.720+0000] {taskinstance.py:1103} INFO - Dependencies all met for dep_context=non-requeueable deps ti=<TaskInstance: dag_with_taskflow_api_v02.get_name scheduled__2023-03-01T00:00:00+00:00 [queued]>
[2023-05-25T10:36:45.877+0000] {taskinstance.py:1103} INFO - Dependencies all met for dep_context=requeueable deps ti=<TaskInstance: dag_with_taskflow_api_v02.get_name scheduled__2023-03-01T00:00:00+00:00 [queued]>
[2023-05-25T10:36:45.877+0000] {taskinstance.py:1308} INFO - Starting attempt 1 of 6
[2023-05-25T10:36:46.105+0000] {taskinstance.py:1327} INFO - Executing <Task(_PythonDecoratedOperator): get_name> on 2023-03-01 00:00:00+00:00
[2023-05-25T10:36:46.135+0000] {standard_task_runner.py:57} INFO - Started process 4649 to run task
[2023-05-25T10:36:46.192+0000] {standard_task_runner.py:84} INFO - Running: ['***', 'tasks', 'run', 'dag_with_taskflow_api_v02', 'get_name', 'scheduled__2023-03-01T00:00:00+00:00', '--job-id', '1488', '--raw', '--subdir', 'DAGS_FOLDER/first_dag.py', '--cfg-path', '/tmp/tmpwqhjr68g']
[2023-05-25T10:36:46.215+0000] {standard_task_runner.py:85} INFO - Job 1488: Subtask get_name
[2023-05-25T10:36:46.675+0000] {task_command.py:410} INFO - Running <TaskInstance: dag_with_taskflow_api_v02.get_name scheduled__2023-03-01T00:00:00+00:00 [running]> on host b1ae37a9584e
[2023-05-25T10:36:47.479+0000] {taskinstance.py:1547} INFO - Exporting env vars: AIRFLOW_CTX_DAG_OWNER='Sai' AIRFLOW_CTX_DAG_ID='dag_with_taskflow_api_v02' AIRFLOW_CTX_TASK_ID='get_name' AIRFLOW_CTX_EXECUTION_DATE='2023-03-01T00:00:00+00:00' AIRFLOW_CTX_TRY_NUMBER='1' AIRFLOW_CTX_DAG_RUN_ID='scheduled__2023-03-01T00:00:00+00:00'
[2023-05-25T10:36:47.484+0000] {python.py:183} INFO - Done. Returned value was: {'first_name': 'Sai', 'last_name': 'Tr'}
[2023-05-25T10:36:47.769+0000] {taskinstance.py:1350} INFO - Marking task as SUCCESS. dag_id=dag_with_taskflow_api_v02, task_id=get_name, execution_date=20230301T000000, start_date=20230525T103645, end_date=20230525T103647
[2023-05-25T10:36:47.916+0000] {local_task_job_runner.py:225} INFO - Task exited with return code 0
[2023-05-25T10:36:48.301+0000] {taskinstance.py:2651} INFO - 0 downstream tasks scheduled from follow-on schedule check
