[2023-05-24T15:27:53.931+0000] {taskinstance.py:1103} INFO - Dependencies all met for dep_context=non-requeueable deps ti=<TaskInstance: dag_with_taskflow_api_v02.get_age scheduled__2022-12-20T00:00:00+00:00 [queued]>
[2023-05-24T15:27:53.998+0000] {taskinstance.py:1103} INFO - Dependencies all met for dep_context=requeueable deps ti=<TaskInstance: dag_with_taskflow_api_v02.get_age scheduled__2022-12-20T00:00:00+00:00 [queued]>
[2023-05-24T15:27:54.006+0000] {taskinstance.py:1308} INFO - Starting attempt 1 of 6
[2023-05-24T15:27:54.163+0000] {taskinstance.py:1327} INFO - Executing <Task(_PythonDecoratedOperator): get_age> on 2022-12-20 00:00:00+00:00
[2023-05-24T15:27:54.185+0000] {standard_task_runner.py:57} INFO - Started process 3017 to run task
[2023-05-24T15:27:54.193+0000] {standard_task_runner.py:84} INFO - Running: ['***', 'tasks', 'run', 'dag_with_taskflow_api_v02', 'get_age', 'scheduled__2022-12-20T00:00:00+00:00', '--job-id', '1263', '--raw', '--subdir', 'DAGS_FOLDER/first_dag.py', '--cfg-path', '/tmp/tmpvl_h2a11']
[2023-05-24T15:27:54.223+0000] {standard_task_runner.py:85} INFO - Job 1263: Subtask get_age
[2023-05-24T15:27:54.562+0000] {task_command.py:410} INFO - Running <TaskInstance: dag_with_taskflow_api_v02.get_age scheduled__2022-12-20T00:00:00+00:00 [running]> on host 942de29f183d
[2023-05-24T15:27:55.499+0000] {taskinstance.py:1547} INFO - Exporting env vars: AIRFLOW_CTX_DAG_OWNER='Sai' AIRFLOW_CTX_DAG_ID='dag_with_taskflow_api_v02' AIRFLOW_CTX_TASK_ID='get_age' AIRFLOW_CTX_EXECUTION_DATE='2022-12-20T00:00:00+00:00' AIRFLOW_CTX_TRY_NUMBER='1' AIRFLOW_CTX_DAG_RUN_ID='scheduled__2022-12-20T00:00:00+00:00'
[2023-05-24T15:27:55.500+0000] {python.py:183} INFO - Done. Returned value was: 19
[2023-05-24T15:27:55.664+0000] {taskinstance.py:1350} INFO - Marking task as SUCCESS. dag_id=dag_with_taskflow_api_v02, task_id=get_age, execution_date=20221220T000000, start_date=20230524T152753, end_date=20230524T152755
[2023-05-24T15:27:55.753+0000] {local_task_job_runner.py:225} INFO - Task exited with return code 0
[2023-05-24T15:27:56.494+0000] {taskinstance.py:2651} INFO - 1 downstream tasks scheduled from follow-on schedule check
[2023-05-25T07:00:25.687+0000] {taskinstance.py:1103} INFO - Dependencies all met for dep_context=non-requeueable deps ti=<TaskInstance: dag_with_taskflow_api_v02.get_age scheduled__2022-12-20T00:00:00+00:00 [queued]>
[2023-05-25T07:00:25.778+0000] {taskinstance.py:1103} INFO - Dependencies all met for dep_context=requeueable deps ti=<TaskInstance: dag_with_taskflow_api_v02.get_age scheduled__2022-12-20T00:00:00+00:00 [queued]>
[2023-05-25T07:00:25.778+0000] {taskinstance.py:1308} INFO - Starting attempt 1 of 6
[2023-05-25T07:00:26.151+0000] {taskinstance.py:1327} INFO - Executing <Task(_PythonDecoratedOperator): get_age> on 2022-12-20 00:00:00+00:00
[2023-05-25T07:00:26.177+0000] {standard_task_runner.py:57} INFO - Started process 4528 to run task
[2023-05-25T07:00:26.263+0000] {standard_task_runner.py:84} INFO - Running: ['***', 'tasks', 'run', 'dag_with_taskflow_api_v02', 'get_age', 'scheduled__2022-12-20T00:00:00+00:00', '--job-id', '1259', '--raw', '--subdir', 'DAGS_FOLDER/first_dag.py', '--cfg-path', '/tmp/tmpklt15slk']
[2023-05-25T07:00:26.277+0000] {standard_task_runner.py:85} INFO - Job 1259: Subtask get_age
[2023-05-25T07:00:26.655+0000] {task_command.py:410} INFO - Running <TaskInstance: dag_with_taskflow_api_v02.get_age scheduled__2022-12-20T00:00:00+00:00 [running]> on host 6bd07c7477d9
[2023-05-25T07:00:27.457+0000] {taskinstance.py:1547} INFO - Exporting env vars: AIRFLOW_CTX_DAG_OWNER='Sai' AIRFLOW_CTX_DAG_ID='dag_with_taskflow_api_v02' AIRFLOW_CTX_TASK_ID='get_age' AIRFLOW_CTX_EXECUTION_DATE='2022-12-20T00:00:00+00:00' AIRFLOW_CTX_TRY_NUMBER='1' AIRFLOW_CTX_DAG_RUN_ID='scheduled__2022-12-20T00:00:00+00:00'
[2023-05-25T07:00:27.458+0000] {python.py:183} INFO - Done. Returned value was: 19
[2023-05-25T07:00:27.604+0000] {taskinstance.py:1350} INFO - Marking task as SUCCESS. dag_id=dag_with_taskflow_api_v02, task_id=get_age, execution_date=20221220T000000, start_date=20230525T070025, end_date=20230525T070027
[2023-05-25T07:00:27.734+0000] {local_task_job_runner.py:225} INFO - Task exited with return code 0
[2023-05-25T07:00:27.953+0000] {taskinstance.py:2651} INFO - 1 downstream tasks scheduled from follow-on schedule check
[2023-05-25T10:34:33.859+0000] {taskinstance.py:1103} INFO - Dependencies all met for dep_context=non-requeueable deps ti=<TaskInstance: dag_with_taskflow_api_v02.get_age scheduled__2022-12-20T00:00:00+00:00 [queued]>
[2023-05-25T10:34:33.879+0000] {taskinstance.py:1103} INFO - Dependencies all met for dep_context=requeueable deps ti=<TaskInstance: dag_with_taskflow_api_v02.get_age scheduled__2022-12-20T00:00:00+00:00 [queued]>
[2023-05-25T10:34:33.880+0000] {taskinstance.py:1308} INFO - Starting attempt 1 of 6
[2023-05-25T10:34:33.909+0000] {taskinstance.py:1327} INFO - Executing <Task(_PythonDecoratedOperator): get_age> on 2022-12-20 00:00:00+00:00
[2023-05-25T10:34:33.920+0000] {standard_task_runner.py:57} INFO - Started process 4179 to run task
[2023-05-25T10:34:33.929+0000] {standard_task_runner.py:84} INFO - Running: ['***', 'tasks', 'run', 'dag_with_taskflow_api_v02', 'get_age', 'scheduled__2022-12-20T00:00:00+00:00', '--job-id', '1280', '--raw', '--subdir', 'DAGS_FOLDER/first_dag.py', '--cfg-path', '/tmp/tmp7chqtv7m']
[2023-05-25T10:34:33.933+0000] {standard_task_runner.py:85} INFO - Job 1280: Subtask get_age
[2023-05-25T10:34:34.040+0000] {task_command.py:410} INFO - Running <TaskInstance: dag_with_taskflow_api_v02.get_age scheduled__2022-12-20T00:00:00+00:00 [running]> on host b1ae37a9584e
[2023-05-25T10:34:34.358+0000] {taskinstance.py:1547} INFO - Exporting env vars: AIRFLOW_CTX_DAG_OWNER='Sai' AIRFLOW_CTX_DAG_ID='dag_with_taskflow_api_v02' AIRFLOW_CTX_TASK_ID='get_age' AIRFLOW_CTX_EXECUTION_DATE='2022-12-20T00:00:00+00:00' AIRFLOW_CTX_TRY_NUMBER='1' AIRFLOW_CTX_DAG_RUN_ID='scheduled__2022-12-20T00:00:00+00:00'
[2023-05-25T10:34:34.359+0000] {python.py:183} INFO - Done. Returned value was: 19
[2023-05-25T10:34:34.427+0000] {taskinstance.py:1350} INFO - Marking task as SUCCESS. dag_id=dag_with_taskflow_api_v02, task_id=get_age, execution_date=20221220T000000, start_date=20230525T103433, end_date=20230525T103434
[2023-05-25T10:34:34.500+0000] {local_task_job_runner.py:225} INFO - Task exited with return code 0
[2023-05-25T10:34:34.554+0000] {taskinstance.py:2651} INFO - 1 downstream tasks scheduled from follow-on schedule check
