[2023-05-24T15:22:48.657+0000] {taskinstance.py:1103} INFO - Dependencies all met for dep_context=non-requeueable deps ti=<TaskInstance: dag_with_taskflow_api_v02.greet scheduled__2022-06-21T00:00:00+00:00 [queued]>
[2023-05-24T15:22:48.762+0000] {taskinstance.py:1103} INFO - Dependencies all met for dep_context=requeueable deps ti=<TaskInstance: dag_with_taskflow_api_v02.greet scheduled__2022-06-21T00:00:00+00:00 [queued]>
[2023-05-24T15:22:48.764+0000] {taskinstance.py:1308} INFO - Starting attempt 1 of 6
[2023-05-24T15:22:48.823+0000] {taskinstance.py:1327} INFO - Executing <Task(_PythonDecoratedOperator): greet> on 2022-06-21 00:00:00+00:00
[2023-05-24T15:22:48.832+0000] {standard_task_runner.py:57} INFO - Started process 1825 to run task
[2023-05-24T15:22:48.863+0000] {standard_task_runner.py:84} INFO - Running: ['***', 'tasks', 'run', 'dag_with_taskflow_api_v02', 'greet', 'scheduled__2022-06-21T00:00:00+00:00', '--job-id', '730', '--raw', '--subdir', 'DAGS_FOLDER/first_dag.py', '--cfg-path', '/tmp/tmpjx0bj0wp']
[2023-05-24T15:22:48.866+0000] {standard_task_runner.py:85} INFO - Job 730: Subtask greet
[2023-05-24T15:22:49.061+0000] {task_command.py:410} INFO - Running <TaskInstance: dag_with_taskflow_api_v02.greet scheduled__2022-06-21T00:00:00+00:00 [running]> on host 942de29f183d
[2023-05-24T15:22:49.447+0000] {taskinstance.py:1547} INFO - Exporting env vars: AIRFLOW_CTX_DAG_OWNER='Sai' AIRFLOW_CTX_DAG_ID='dag_with_taskflow_api_v02' AIRFLOW_CTX_TASK_ID='greet' AIRFLOW_CTX_EXECUTION_DATE='2022-06-21T00:00:00+00:00' AIRFLOW_CTX_TRY_NUMBER='1' AIRFLOW_CTX_DAG_RUN_ID='scheduled__2022-06-21T00:00:00+00:00'
[2023-05-24T15:22:49.449+0000] {logging_mixin.py:149} INFO - Hello World! My name is Sai Tr and I am 19 years old!
[2023-05-24T15:22:49.449+0000] {python.py:183} INFO - Done. Returned value was: None
[2023-05-24T15:22:49.488+0000] {taskinstance.py:1350} INFO - Marking task as SUCCESS. dag_id=dag_with_taskflow_api_v02, task_id=greet, execution_date=20220621T000000, start_date=20230524T152248, end_date=20230524T152249
[2023-05-24T15:22:49.608+0000] {local_task_job_runner.py:225} INFO - Task exited with return code 0
[2023-05-24T15:22:49.904+0000] {taskinstance.py:2651} INFO - 0 downstream tasks scheduled from follow-on schedule check
[2023-05-25T06:55:37.243+0000] {taskinstance.py:1103} INFO - Dependencies all met for dep_context=non-requeueable deps ti=<TaskInstance: dag_with_taskflow_api_v02.greet scheduled__2022-06-21T00:00:00+00:00 [queued]>
[2023-05-25T06:55:37.329+0000] {taskinstance.py:1103} INFO - Dependencies all met for dep_context=requeueable deps ti=<TaskInstance: dag_with_taskflow_api_v02.greet scheduled__2022-06-21T00:00:00+00:00 [queued]>
[2023-05-25T06:55:37.329+0000] {taskinstance.py:1308} INFO - Starting attempt 1 of 6
[2023-05-25T06:55:37.680+0000] {taskinstance.py:1327} INFO - Executing <Task(_PythonDecoratedOperator): greet> on 2022-06-21 00:00:00+00:00
[2023-05-25T06:55:37.714+0000] {standard_task_runner.py:57} INFO - Started process 3364 to run task
[2023-05-25T06:55:37.750+0000] {standard_task_runner.py:84} INFO - Running: ['***', 'tasks', 'run', 'dag_with_taskflow_api_v02', 'greet', 'scheduled__2022-06-21T00:00:00+00:00', '--job-id', '737', '--raw', '--subdir', 'DAGS_FOLDER/first_dag.py', '--cfg-path', '/tmp/tmpew4fk8mo']
[2023-05-25T06:55:37.764+0000] {standard_task_runner.py:85} INFO - Job 737: Subtask greet
[2023-05-25T06:55:38.119+0000] {task_command.py:410} INFO - Running <TaskInstance: dag_with_taskflow_api_v02.greet scheduled__2022-06-21T00:00:00+00:00 [running]> on host 6bd07c7477d9
[2023-05-25T06:55:39.127+0000] {taskinstance.py:1547} INFO - Exporting env vars: AIRFLOW_CTX_DAG_OWNER='Sai' AIRFLOW_CTX_DAG_ID='dag_with_taskflow_api_v02' AIRFLOW_CTX_TASK_ID='greet' AIRFLOW_CTX_EXECUTION_DATE='2022-06-21T00:00:00+00:00' AIRFLOW_CTX_TRY_NUMBER='1' AIRFLOW_CTX_DAG_RUN_ID='scheduled__2022-06-21T00:00:00+00:00'
[2023-05-25T06:55:39.129+0000] {logging_mixin.py:149} INFO - Hello World! My name is Sai Tr and I am 19 years old!
[2023-05-25T06:55:39.129+0000] {python.py:183} INFO - Done. Returned value was: None
[2023-05-25T06:55:39.194+0000] {taskinstance.py:1350} INFO - Marking task as SUCCESS. dag_id=dag_with_taskflow_api_v02, task_id=greet, execution_date=20220621T000000, start_date=20230525T065537, end_date=20230525T065539
[2023-05-25T06:55:39.331+0000] {local_task_job_runner.py:225} INFO - Task exited with return code 0
[2023-05-25T06:55:39.460+0000] {taskinstance.py:2651} INFO - 0 downstream tasks scheduled from follow-on schedule check
[2023-05-25T10:27:17.660+0000] {taskinstance.py:1103} INFO - Dependencies all met for dep_context=non-requeueable deps ti=<TaskInstance: dag_with_taskflow_api_v02.greet scheduled__2022-06-21T00:00:00+00:00 [queued]>
[2023-05-25T10:27:17.783+0000] {taskinstance.py:1103} INFO - Dependencies all met for dep_context=requeueable deps ti=<TaskInstance: dag_with_taskflow_api_v02.greet scheduled__2022-06-21T00:00:00+00:00 [queued]>
[2023-05-25T10:27:17.783+0000] {taskinstance.py:1308} INFO - Starting attempt 1 of 6
[2023-05-25T10:27:18.231+0000] {taskinstance.py:1327} INFO - Executing <Task(_PythonDecoratedOperator): greet> on 2022-06-21 00:00:00+00:00
[2023-05-25T10:27:18.275+0000] {standard_task_runner.py:57} INFO - Started process 2962 to run task
[2023-05-25T10:27:18.338+0000] {standard_task_runner.py:84} INFO - Running: ['***', 'tasks', 'run', 'dag_with_taskflow_api_v02', 'greet', 'scheduled__2022-06-21T00:00:00+00:00', '--job-id', '748', '--raw', '--subdir', 'DAGS_FOLDER/first_dag.py', '--cfg-path', '/tmp/tmp1bgglgd1']
[2023-05-25T10:27:18.388+0000] {standard_task_runner.py:85} INFO - Job 748: Subtask greet
[2023-05-25T10:27:18.848+0000] {task_command.py:410} INFO - Running <TaskInstance: dag_with_taskflow_api_v02.greet scheduled__2022-06-21T00:00:00+00:00 [running]> on host b1ae37a9584e
[2023-05-25T10:27:20.233+0000] {taskinstance.py:1547} INFO - Exporting env vars: AIRFLOW_CTX_DAG_OWNER='Sai' AIRFLOW_CTX_DAG_ID='dag_with_taskflow_api_v02' AIRFLOW_CTX_TASK_ID='greet' AIRFLOW_CTX_EXECUTION_DATE='2022-06-21T00:00:00+00:00' AIRFLOW_CTX_TRY_NUMBER='1' AIRFLOW_CTX_DAG_RUN_ID='scheduled__2022-06-21T00:00:00+00:00'
[2023-05-25T10:27:20.235+0000] {logging_mixin.py:149} INFO - Hello World! My name is Sai Tr and I am 19 years old!
[2023-05-25T10:27:20.239+0000] {python.py:183} INFO - Done. Returned value was: None
[2023-05-25T10:27:20.321+0000] {taskinstance.py:1350} INFO - Marking task as SUCCESS. dag_id=dag_with_taskflow_api_v02, task_id=greet, execution_date=20220621T000000, start_date=20230525T102717, end_date=20230525T102720
[2023-05-25T10:27:20.668+0000] {local_task_job_runner.py:225} INFO - Task exited with return code 0
[2023-05-25T10:27:21.039+0000] {taskinstance.py:2651} INFO - 0 downstream tasks scheduled from follow-on schedule check
