[2023-05-24T15:29:08.639+0000] {taskinstance.py:1103} INFO - Dependencies all met for dep_context=non-requeueable deps ti=<TaskInstance: dag_with_taskflow_api_v02.greet scheduled__2023-01-29T00:00:00+00:00 [queued]>
[2023-05-24T15:29:08.762+0000] {taskinstance.py:1103} INFO - Dependencies all met for dep_context=requeueable deps ti=<TaskInstance: dag_with_taskflow_api_v02.greet scheduled__2023-01-29T00:00:00+00:00 [queued]>
[2023-05-24T15:29:08.763+0000] {taskinstance.py:1308} INFO - Starting attempt 1 of 6
[2023-05-24T15:29:08.998+0000] {taskinstance.py:1327} INFO - Executing <Task(_PythonDecoratedOperator): greet> on 2023-01-29 00:00:00+00:00
[2023-05-24T15:29:09.029+0000] {standard_task_runner.py:57} INFO - Started process 3318 to run task
[2023-05-24T15:29:09.126+0000] {standard_task_runner.py:84} INFO - Running: ['***', 'tasks', 'run', 'dag_with_taskflow_api_v02', 'greet', 'scheduled__2023-01-29T00:00:00+00:00', '--job-id', '1401', '--raw', '--subdir', 'DAGS_FOLDER/first_dag.py', '--cfg-path', '/tmp/tmpactkxkk6']
[2023-05-24T15:29:09.129+0000] {standard_task_runner.py:85} INFO - Job 1401: Subtask greet
[2023-05-24T15:29:09.591+0000] {task_command.py:410} INFO - Running <TaskInstance: dag_with_taskflow_api_v02.greet scheduled__2023-01-29T00:00:00+00:00 [running]> on host 942de29f183d
[2023-05-24T15:29:10.645+0000] {taskinstance.py:1547} INFO - Exporting env vars: AIRFLOW_CTX_DAG_OWNER='Sai' AIRFLOW_CTX_DAG_ID='dag_with_taskflow_api_v02' AIRFLOW_CTX_TASK_ID='greet' AIRFLOW_CTX_EXECUTION_DATE='2023-01-29T00:00:00+00:00' AIRFLOW_CTX_TRY_NUMBER='1' AIRFLOW_CTX_DAG_RUN_ID='scheduled__2023-01-29T00:00:00+00:00'
[2023-05-24T15:29:10.647+0000] {logging_mixin.py:149} INFO - Hello World! My name is Sai Tr and I am 19 years old!
[2023-05-24T15:29:10.647+0000] {python.py:183} INFO - Done. Returned value was: None
[2023-05-24T15:29:10.735+0000] {taskinstance.py:1350} INFO - Marking task as SUCCESS. dag_id=dag_with_taskflow_api_v02, task_id=greet, execution_date=20230129T000000, start_date=20230524T152908, end_date=20230524T152910
[2023-05-24T15:29:11.707+0000] {local_task_job_runner.py:225} INFO - Task exited with return code 0
[2023-05-24T15:29:11.919+0000] {taskinstance.py:2651} INFO - 0 downstream tasks scheduled from follow-on schedule check
[2023-05-25T07:01:34.057+0000] {taskinstance.py:1103} INFO - Dependencies all met for dep_context=non-requeueable deps ti=<TaskInstance: dag_with_taskflow_api_v02.greet scheduled__2023-01-29T00:00:00+00:00 [queued]>
[2023-05-25T07:01:34.093+0000] {taskinstance.py:1103} INFO - Dependencies all met for dep_context=requeueable deps ti=<TaskInstance: dag_with_taskflow_api_v02.greet scheduled__2023-01-29T00:00:00+00:00 [queued]>
[2023-05-25T07:01:34.094+0000] {taskinstance.py:1308} INFO - Starting attempt 1 of 6
[2023-05-25T07:01:34.142+0000] {taskinstance.py:1327} INFO - Executing <Task(_PythonDecoratedOperator): greet> on 2023-01-29 00:00:00+00:00
[2023-05-25T07:01:34.153+0000] {standard_task_runner.py:57} INFO - Started process 4805 to run task
[2023-05-25T07:01:34.163+0000] {standard_task_runner.py:84} INFO - Running: ['***', 'tasks', 'run', 'dag_with_taskflow_api_v02', 'greet', 'scheduled__2023-01-29T00:00:00+00:00', '--job-id', '1390', '--raw', '--subdir', 'DAGS_FOLDER/first_dag.py', '--cfg-path', '/tmp/tmplwng72va']
[2023-05-25T07:01:34.166+0000] {standard_task_runner.py:85} INFO - Job 1390: Subtask greet
[2023-05-25T07:01:34.252+0000] {task_command.py:410} INFO - Running <TaskInstance: dag_with_taskflow_api_v02.greet scheduled__2023-01-29T00:00:00+00:00 [running]> on host 6bd07c7477d9
[2023-05-25T07:01:34.484+0000] {taskinstance.py:1547} INFO - Exporting env vars: AIRFLOW_CTX_DAG_OWNER='Sai' AIRFLOW_CTX_DAG_ID='dag_with_taskflow_api_v02' AIRFLOW_CTX_TASK_ID='greet' AIRFLOW_CTX_EXECUTION_DATE='2023-01-29T00:00:00+00:00' AIRFLOW_CTX_TRY_NUMBER='1' AIRFLOW_CTX_DAG_RUN_ID='scheduled__2023-01-29T00:00:00+00:00'
[2023-05-25T07:01:34.486+0000] {logging_mixin.py:149} INFO - Hello World! My name is Sai Tr and I am 19 years old!
[2023-05-25T07:01:34.486+0000] {python.py:183} INFO - Done. Returned value was: None
[2023-05-25T07:01:34.505+0000] {taskinstance.py:1350} INFO - Marking task as SUCCESS. dag_id=dag_with_taskflow_api_v02, task_id=greet, execution_date=20230129T000000, start_date=20230525T070134, end_date=20230525T070134
[2023-05-25T07:01:34.535+0000] {local_task_job_runner.py:225} INFO - Task exited with return code 0
[2023-05-25T07:01:34.581+0000] {taskinstance.py:2651} INFO - 0 downstream tasks scheduled from follow-on schedule check
[2023-05-25T10:35:52.941+0000] {taskinstance.py:1103} INFO - Dependencies all met for dep_context=non-requeueable deps ti=<TaskInstance: dag_with_taskflow_api_v02.greet scheduled__2023-01-29T00:00:00+00:00 [queued]>
[2023-05-25T10:35:53.018+0000] {taskinstance.py:1103} INFO - Dependencies all met for dep_context=requeueable deps ti=<TaskInstance: dag_with_taskflow_api_v02.greet scheduled__2023-01-29T00:00:00+00:00 [queued]>
[2023-05-25T10:35:53.018+0000] {taskinstance.py:1308} INFO - Starting attempt 1 of 6
[2023-05-25T10:35:53.156+0000] {taskinstance.py:1327} INFO - Executing <Task(_PythonDecoratedOperator): greet> on 2023-01-29 00:00:00+00:00
[2023-05-25T10:35:53.179+0000] {standard_task_runner.py:57} INFO - Started process 4461 to run task
[2023-05-25T10:35:53.203+0000] {standard_task_runner.py:84} INFO - Running: ['***', 'tasks', 'run', 'dag_with_taskflow_api_v02', 'greet', 'scheduled__2023-01-29T00:00:00+00:00', '--job-id', '1407', '--raw', '--subdir', 'DAGS_FOLDER/first_dag.py', '--cfg-path', '/tmp/tmp1rz0kawv']
[2023-05-25T10:35:53.207+0000] {standard_task_runner.py:85} INFO - Job 1407: Subtask greet
[2023-05-25T10:35:53.492+0000] {task_command.py:410} INFO - Running <TaskInstance: dag_with_taskflow_api_v02.greet scheduled__2023-01-29T00:00:00+00:00 [running]> on host b1ae37a9584e
[2023-05-25T10:35:53.899+0000] {taskinstance.py:1547} INFO - Exporting env vars: AIRFLOW_CTX_DAG_OWNER='Sai' AIRFLOW_CTX_DAG_ID='dag_with_taskflow_api_v02' AIRFLOW_CTX_TASK_ID='greet' AIRFLOW_CTX_EXECUTION_DATE='2023-01-29T00:00:00+00:00' AIRFLOW_CTX_TRY_NUMBER='1' AIRFLOW_CTX_DAG_RUN_ID='scheduled__2023-01-29T00:00:00+00:00'
[2023-05-25T10:35:53.911+0000] {logging_mixin.py:149} INFO - Hello World! My name is Sai Tr and I am 19 years old!
[2023-05-25T10:35:53.911+0000] {python.py:183} INFO - Done. Returned value was: None
[2023-05-25T10:35:53.956+0000] {taskinstance.py:1350} INFO - Marking task as SUCCESS. dag_id=dag_with_taskflow_api_v02, task_id=greet, execution_date=20230129T000000, start_date=20230525T103552, end_date=20230525T103553
[2023-05-25T10:35:54.039+0000] {local_task_job_runner.py:225} INFO - Task exited with return code 0
[2023-05-25T10:35:54.086+0000] {taskinstance.py:2651} INFO - 0 downstream tasks scheduled from follow-on schedule check
