[2023-05-24T15:24:03.694+0000] {taskinstance.py:1103} INFO - Dependencies all met for dep_context=non-requeueable deps ti=<TaskInstance: dag_with_taskflow_api_v02.greet scheduled__2022-07-30T00:00:00+00:00 [queued]>
[2023-05-24T15:24:03.766+0000] {taskinstance.py:1103} INFO - Dependencies all met for dep_context=requeueable deps ti=<TaskInstance: dag_with_taskflow_api_v02.greet scheduled__2022-07-30T00:00:00+00:00 [queued]>
[2023-05-24T15:24:03.767+0000] {taskinstance.py:1308} INFO - Starting attempt 1 of 6
[2023-05-24T15:24:03.982+0000] {taskinstance.py:1327} INFO - Executing <Task(_PythonDecoratedOperator): greet> on 2022-07-30 00:00:00+00:00
[2023-05-24T15:24:04.055+0000] {standard_task_runner.py:57} INFO - Started process 2093 to run task
[2023-05-24T15:24:04.084+0000] {standard_task_runner.py:84} INFO - Running: ['***', 'tasks', 'run', 'dag_with_taskflow_api_v02', 'greet', 'scheduled__2022-07-30T00:00:00+00:00', '--job-id', '851', '--raw', '--subdir', 'DAGS_FOLDER/first_dag.py', '--cfg-path', '/tmp/tmpqfia7zg_']
[2023-05-24T15:24:04.095+0000] {standard_task_runner.py:85} INFO - Job 851: Subtask greet
[2023-05-24T15:24:04.347+0000] {task_command.py:410} INFO - Running <TaskInstance: dag_with_taskflow_api_v02.greet scheduled__2022-07-30T00:00:00+00:00 [running]> on host 942de29f183d
[2023-05-24T15:24:04.811+0000] {taskinstance.py:1547} INFO - Exporting env vars: AIRFLOW_CTX_DAG_OWNER='Sai' AIRFLOW_CTX_DAG_ID='dag_with_taskflow_api_v02' AIRFLOW_CTX_TASK_ID='greet' AIRFLOW_CTX_EXECUTION_DATE='2022-07-30T00:00:00+00:00' AIRFLOW_CTX_TRY_NUMBER='1' AIRFLOW_CTX_DAG_RUN_ID='scheduled__2022-07-30T00:00:00+00:00'
[2023-05-24T15:24:04.813+0000] {logging_mixin.py:149} INFO - Hello World! My name is Sai Tr and I am 19 years old!
[2023-05-24T15:24:04.813+0000] {python.py:183} INFO - Done. Returned value was: None
[2023-05-24T15:24:04.852+0000] {taskinstance.py:1350} INFO - Marking task as SUCCESS. dag_id=dag_with_taskflow_api_v02, task_id=greet, execution_date=20220730T000000, start_date=20230524T152403, end_date=20230524T152404
[2023-05-24T15:24:04.938+0000] {local_task_job_runner.py:225} INFO - Task exited with return code 0
[2023-05-24T15:24:05.010+0000] {taskinstance.py:2651} INFO - 0 downstream tasks scheduled from follow-on schedule check
[2023-05-25T06:56:33.899+0000] {taskinstance.py:1103} INFO - Dependencies all met for dep_context=non-requeueable deps ti=<TaskInstance: dag_with_taskflow_api_v02.greet scheduled__2022-07-30T00:00:00+00:00 [queued]>
[2023-05-25T06:56:33.933+0000] {taskinstance.py:1103} INFO - Dependencies all met for dep_context=requeueable deps ti=<TaskInstance: dag_with_taskflow_api_v02.greet scheduled__2022-07-30T00:00:00+00:00 [queued]>
[2023-05-25T06:56:33.933+0000] {taskinstance.py:1308} INFO - Starting attempt 1 of 6
[2023-05-25T06:56:33.996+0000] {taskinstance.py:1327} INFO - Executing <Task(_PythonDecoratedOperator): greet> on 2022-07-30 00:00:00+00:00
[2023-05-25T06:56:34.008+0000] {standard_task_runner.py:57} INFO - Started process 3596 to run task
[2023-05-25T06:56:34.035+0000] {standard_task_runner.py:84} INFO - Running: ['***', 'tasks', 'run', 'dag_with_taskflow_api_v02', 'greet', 'scheduled__2022-07-30T00:00:00+00:00', '--job-id', '844', '--raw', '--subdir', 'DAGS_FOLDER/first_dag.py', '--cfg-path', '/tmp/tmphtxvpew7']
[2023-05-25T06:56:34.039+0000] {standard_task_runner.py:85} INFO - Job 844: Subtask greet
[2023-05-25T06:56:34.198+0000] {task_command.py:410} INFO - Running <TaskInstance: dag_with_taskflow_api_v02.greet scheduled__2022-07-30T00:00:00+00:00 [running]> on host 6bd07c7477d9
[2023-05-25T06:56:34.555+0000] {taskinstance.py:1547} INFO - Exporting env vars: AIRFLOW_CTX_DAG_OWNER='Sai' AIRFLOW_CTX_DAG_ID='dag_with_taskflow_api_v02' AIRFLOW_CTX_TASK_ID='greet' AIRFLOW_CTX_EXECUTION_DATE='2022-07-30T00:00:00+00:00' AIRFLOW_CTX_TRY_NUMBER='1' AIRFLOW_CTX_DAG_RUN_ID='scheduled__2022-07-30T00:00:00+00:00'
[2023-05-25T06:56:34.557+0000] {logging_mixin.py:149} INFO - Hello World! My name is Sai Tr and I am 19 years old!
[2023-05-25T06:56:34.557+0000] {python.py:183} INFO - Done. Returned value was: None
[2023-05-25T06:56:34.580+0000] {taskinstance.py:1350} INFO - Marking task as SUCCESS. dag_id=dag_with_taskflow_api_v02, task_id=greet, execution_date=20220730T000000, start_date=20230525T065633, end_date=20230525T065634
[2023-05-25T06:56:34.691+0000] {local_task_job_runner.py:225} INFO - Task exited with return code 0
[2023-05-25T06:56:34.750+0000] {taskinstance.py:2651} INFO - 0 downstream tasks scheduled from follow-on schedule check
[2023-05-25T10:28:41.321+0000] {taskinstance.py:1103} INFO - Dependencies all met for dep_context=non-requeueable deps ti=<TaskInstance: dag_with_taskflow_api_v02.greet scheduled__2022-07-30T00:00:00+00:00 [queued]>
[2023-05-25T10:28:41.372+0000] {taskinstance.py:1103} INFO - Dependencies all met for dep_context=requeueable deps ti=<TaskInstance: dag_with_taskflow_api_v02.greet scheduled__2022-07-30T00:00:00+00:00 [queued]>
[2023-05-25T10:28:41.373+0000] {taskinstance.py:1308} INFO - Starting attempt 1 of 6
[2023-05-25T10:28:41.447+0000] {taskinstance.py:1327} INFO - Executing <Task(_PythonDecoratedOperator): greet> on 2022-07-30 00:00:00+00:00
[2023-05-25T10:28:41.472+0000] {standard_task_runner.py:57} INFO - Started process 3193 to run task
[2023-05-25T10:28:41.491+0000] {standard_task_runner.py:84} INFO - Running: ['***', 'tasks', 'run', 'dag_with_taskflow_api_v02', 'greet', 'scheduled__2022-07-30T00:00:00+00:00', '--job-id', '853', '--raw', '--subdir', 'DAGS_FOLDER/first_dag.py', '--cfg-path', '/tmp/tmp71bjxxaa']
[2023-05-25T10:28:41.497+0000] {standard_task_runner.py:85} INFO - Job 853: Subtask greet
[2023-05-25T10:28:41.857+0000] {task_command.py:410} INFO - Running <TaskInstance: dag_with_taskflow_api_v02.greet scheduled__2022-07-30T00:00:00+00:00 [running]> on host b1ae37a9584e
[2023-05-25T10:28:42.695+0000] {taskinstance.py:1547} INFO - Exporting env vars: AIRFLOW_CTX_DAG_OWNER='Sai' AIRFLOW_CTX_DAG_ID='dag_with_taskflow_api_v02' AIRFLOW_CTX_TASK_ID='greet' AIRFLOW_CTX_EXECUTION_DATE='2022-07-30T00:00:00+00:00' AIRFLOW_CTX_TRY_NUMBER='1' AIRFLOW_CTX_DAG_RUN_ID='scheduled__2022-07-30T00:00:00+00:00'
[2023-05-25T10:28:42.696+0000] {logging_mixin.py:149} INFO - Hello World! My name is Sai Tr and I am 19 years old!
[2023-05-25T10:28:42.697+0000] {python.py:183} INFO - Done. Returned value was: None
[2023-05-25T10:28:42.774+0000] {taskinstance.py:1350} INFO - Marking task as SUCCESS. dag_id=dag_with_taskflow_api_v02, task_id=greet, execution_date=20220730T000000, start_date=20230525T102841, end_date=20230525T102842
[2023-05-25T10:28:42.959+0000] {local_task_job_runner.py:225} INFO - Task exited with return code 0
[2023-05-25T10:28:43.083+0000] {taskinstance.py:2651} INFO - 0 downstream tasks scheduled from follow-on schedule check
