[2023-05-24T15:26:38.130+0000] {taskinstance.py:1103} INFO - Dependencies all met for dep_context=non-requeueable deps ti=<TaskInstance: dag_with_taskflow_api_v02.get_name scheduled__2022-11-03T00:00:00+00:00 [queued]>
[2023-05-24T15:26:38.206+0000] {taskinstance.py:1103} INFO - Dependencies all met for dep_context=requeueable deps ti=<TaskInstance: dag_with_taskflow_api_v02.get_name scheduled__2022-11-03T00:00:00+00:00 [queued]>
[2023-05-24T15:26:38.207+0000] {taskinstance.py:1308} INFO - Starting attempt 1 of 6
[2023-05-24T15:26:38.410+0000] {taskinstance.py:1327} INFO - Executing <Task(_PythonDecoratedOperator): get_name> on 2022-11-03 00:00:00+00:00
[2023-05-24T15:26:38.425+0000] {standard_task_runner.py:57} INFO - Started process 2712 to run task
[2023-05-24T15:26:38.468+0000] {standard_task_runner.py:84} INFO - Running: ['***', 'tasks', 'run', 'dag_with_taskflow_api_v02', 'get_name', 'scheduled__2022-11-03T00:00:00+00:00', '--job-id', '1125', '--raw', '--subdir', 'DAGS_FOLDER/first_dag.py', '--cfg-path', '/tmp/tmpayp6m13u']
[2023-05-24T15:26:38.484+0000] {standard_task_runner.py:85} INFO - Job 1125: Subtask get_name
[2023-05-24T15:26:38.851+0000] {task_command.py:410} INFO - Running <TaskInstance: dag_with_taskflow_api_v02.get_name scheduled__2022-11-03T00:00:00+00:00 [running]> on host 942de29f183d
[2023-05-24T15:26:39.616+0000] {taskinstance.py:1547} INFO - Exporting env vars: AIRFLOW_CTX_DAG_OWNER='Sai' AIRFLOW_CTX_DAG_ID='dag_with_taskflow_api_v02' AIRFLOW_CTX_TASK_ID='get_name' AIRFLOW_CTX_EXECUTION_DATE='2022-11-03T00:00:00+00:00' AIRFLOW_CTX_TRY_NUMBER='1' AIRFLOW_CTX_DAG_RUN_ID='scheduled__2022-11-03T00:00:00+00:00'
[2023-05-24T15:26:39.617+0000] {python.py:183} INFO - Done. Returned value was: {'first_name': 'Sai', 'last_name': 'Tr'}
[2023-05-24T15:26:39.883+0000] {taskinstance.py:1350} INFO - Marking task as SUCCESS. dag_id=dag_with_taskflow_api_v02, task_id=get_name, execution_date=20221103T000000, start_date=20230524T152638, end_date=20230524T152639
[2023-05-24T15:26:40.220+0000] {local_task_job_runner.py:225} INFO - Task exited with return code 0
[2023-05-24T15:26:40.399+0000] {taskinstance.py:2651} INFO - 1 downstream tasks scheduled from follow-on schedule check
[2023-05-25T06:59:13.315+0000] {taskinstance.py:1103} INFO - Dependencies all met for dep_context=non-requeueable deps ti=<TaskInstance: dag_with_taskflow_api_v02.get_name scheduled__2022-11-03T00:00:00+00:00 [queued]>
[2023-05-25T06:59:13.411+0000] {taskinstance.py:1103} INFO - Dependencies all met for dep_context=requeueable deps ti=<TaskInstance: dag_with_taskflow_api_v02.get_name scheduled__2022-11-03T00:00:00+00:00 [queued]>
[2023-05-25T06:59:13.411+0000] {taskinstance.py:1308} INFO - Starting attempt 1 of 6
[2023-05-25T06:59:13.643+0000] {taskinstance.py:1327} INFO - Executing <Task(_PythonDecoratedOperator): get_name> on 2022-11-03 00:00:00+00:00
[2023-05-25T06:59:13.649+0000] {standard_task_runner.py:57} INFO - Started process 4227 to run task
[2023-05-25T06:59:13.668+0000] {standard_task_runner.py:84} INFO - Running: ['***', 'tasks', 'run', 'dag_with_taskflow_api_v02', 'get_name', 'scheduled__2022-11-03T00:00:00+00:00', '--job-id', '1124', '--raw', '--subdir', 'DAGS_FOLDER/first_dag.py', '--cfg-path', '/tmp/tmpy842hu_w']
[2023-05-25T06:59:13.676+0000] {standard_task_runner.py:85} INFO - Job 1124: Subtask get_name
[2023-05-25T06:59:13.853+0000] {task_command.py:410} INFO - Running <TaskInstance: dag_with_taskflow_api_v02.get_name scheduled__2022-11-03T00:00:00+00:00 [running]> on host 6bd07c7477d9
[2023-05-25T06:59:14.626+0000] {taskinstance.py:1547} INFO - Exporting env vars: AIRFLOW_CTX_DAG_OWNER='Sai' AIRFLOW_CTX_DAG_ID='dag_with_taskflow_api_v02' AIRFLOW_CTX_TASK_ID='get_name' AIRFLOW_CTX_EXECUTION_DATE='2022-11-03T00:00:00+00:00' AIRFLOW_CTX_TRY_NUMBER='1' AIRFLOW_CTX_DAG_RUN_ID='scheduled__2022-11-03T00:00:00+00:00'
[2023-05-25T06:59:14.627+0000] {python.py:183} INFO - Done. Returned value was: {'first_name': 'Sai', 'last_name': 'Tr'}
[2023-05-25T06:59:14.901+0000] {taskinstance.py:1350} INFO - Marking task as SUCCESS. dag_id=dag_with_taskflow_api_v02, task_id=get_name, execution_date=20221103T000000, start_date=20230525T065913, end_date=20230525T065914
[2023-05-25T06:59:15.107+0000] {local_task_job_runner.py:225} INFO - Task exited with return code 0
[2023-05-25T06:59:15.392+0000] {taskinstance.py:2651} INFO - 0 downstream tasks scheduled from follow-on schedule check
[2023-05-25T10:32:53.227+0000] {taskinstance.py:1103} INFO - Dependencies all met for dep_context=non-requeueable deps ti=<TaskInstance: dag_with_taskflow_api_v02.get_name scheduled__2022-11-03T00:00:00+00:00 [queued]>
[2023-05-25T10:32:53.338+0000] {taskinstance.py:1103} INFO - Dependencies all met for dep_context=requeueable deps ti=<TaskInstance: dag_with_taskflow_api_v02.get_name scheduled__2022-11-03T00:00:00+00:00 [queued]>
[2023-05-25T10:32:53.338+0000] {taskinstance.py:1308} INFO - Starting attempt 1 of 6
[2023-05-25T10:32:53.784+0000] {taskinstance.py:1327} INFO - Executing <Task(_PythonDecoratedOperator): get_name> on 2022-11-03 00:00:00+00:00
[2023-05-25T10:32:53.812+0000] {standard_task_runner.py:57} INFO - Started process 3857 to run task
[2023-05-25T10:32:53.838+0000] {standard_task_runner.py:84} INFO - Running: ['***', 'tasks', 'run', 'dag_with_taskflow_api_v02', 'get_name', 'scheduled__2022-11-03T00:00:00+00:00', '--job-id', '1137', '--raw', '--subdir', 'DAGS_FOLDER/first_dag.py', '--cfg-path', '/tmp/tmp97xgz6na']
[2023-05-25T10:32:53.841+0000] {standard_task_runner.py:85} INFO - Job 1137: Subtask get_name
[2023-05-25T10:32:54.280+0000] {task_command.py:410} INFO - Running <TaskInstance: dag_with_taskflow_api_v02.get_name scheduled__2022-11-03T00:00:00+00:00 [running]> on host b1ae37a9584e
[2023-05-25T10:32:54.983+0000] {taskinstance.py:1547} INFO - Exporting env vars: AIRFLOW_CTX_DAG_OWNER='Sai' AIRFLOW_CTX_DAG_ID='dag_with_taskflow_api_v02' AIRFLOW_CTX_TASK_ID='get_name' AIRFLOW_CTX_EXECUTION_DATE='2022-11-03T00:00:00+00:00' AIRFLOW_CTX_TRY_NUMBER='1' AIRFLOW_CTX_DAG_RUN_ID='scheduled__2022-11-03T00:00:00+00:00'
[2023-05-25T10:32:54.984+0000] {python.py:183} INFO - Done. Returned value was: {'first_name': 'Sai', 'last_name': 'Tr'}
[2023-05-25T10:32:55.243+0000] {taskinstance.py:1350} INFO - Marking task as SUCCESS. dag_id=dag_with_taskflow_api_v02, task_id=get_name, execution_date=20221103T000000, start_date=20230525T103253, end_date=20230525T103255
[2023-05-25T10:32:55.437+0000] {local_task_job_runner.py:225} INFO - Task exited with return code 0
[2023-05-25T10:32:56.165+0000] {taskinstance.py:2651} INFO - 0 downstream tasks scheduled from follow-on schedule check
