[2023-05-24T15:27:40.115+0000] {taskinstance.py:1103} INFO - Dependencies all met for dep_context=non-requeueable deps ti=<TaskInstance: dag_with_taskflow_api_v02.get_age scheduled__2022-12-15T00:00:00+00:00 [queued]>
[2023-05-24T15:27:40.183+0000] {taskinstance.py:1103} INFO - Dependencies all met for dep_context=requeueable deps ti=<TaskInstance: dag_with_taskflow_api_v02.get_age scheduled__2022-12-15T00:00:00+00:00 [queued]>
[2023-05-24T15:27:40.183+0000] {taskinstance.py:1308} INFO - Starting attempt 1 of 6
[2023-05-24T15:27:40.352+0000] {taskinstance.py:1327} INFO - Executing <Task(_PythonDecoratedOperator): get_age> on 2022-12-15 00:00:00+00:00
[2023-05-24T15:27:40.393+0000] {standard_task_runner.py:57} INFO - Started process 2971 to run task
[2023-05-24T15:27:40.428+0000] {standard_task_runner.py:84} INFO - Running: ['***', 'tasks', 'run', 'dag_with_taskflow_api_v02', 'get_age', 'scheduled__2022-12-15T00:00:00+00:00', '--job-id', '1244', '--raw', '--subdir', 'DAGS_FOLDER/first_dag.py', '--cfg-path', '/tmp/tmpjveawnz9']
[2023-05-24T15:27:40.446+0000] {standard_task_runner.py:85} INFO - Job 1244: Subtask get_age
[2023-05-24T15:27:40.653+0000] {task_command.py:410} INFO - Running <TaskInstance: dag_with_taskflow_api_v02.get_age scheduled__2022-12-15T00:00:00+00:00 [running]> on host 942de29f183d
[2023-05-24T15:27:41.319+0000] {taskinstance.py:1547} INFO - Exporting env vars: AIRFLOW_CTX_DAG_OWNER='Sai' AIRFLOW_CTX_DAG_ID='dag_with_taskflow_api_v02' AIRFLOW_CTX_TASK_ID='get_age' AIRFLOW_CTX_EXECUTION_DATE='2022-12-15T00:00:00+00:00' AIRFLOW_CTX_TRY_NUMBER='1' AIRFLOW_CTX_DAG_RUN_ID='scheduled__2022-12-15T00:00:00+00:00'
[2023-05-24T15:27:41.321+0000] {python.py:183} INFO - Done. Returned value was: 19
[2023-05-24T15:27:41.445+0000] {taskinstance.py:1350} INFO - Marking task as SUCCESS. dag_id=dag_with_taskflow_api_v02, task_id=get_age, execution_date=20221215T000000, start_date=20230524T152740, end_date=20230524T152741
[2023-05-24T15:27:41.618+0000] {local_task_job_runner.py:225} INFO - Task exited with return code 0
[2023-05-24T15:27:41.920+0000] {taskinstance.py:2651} INFO - 0 downstream tasks scheduled from follow-on schedule check
[2023-05-25T07:00:20.963+0000] {taskinstance.py:1103} INFO - Dependencies all met for dep_context=non-requeueable deps ti=<TaskInstance: dag_with_taskflow_api_v02.get_age scheduled__2022-12-15T00:00:00+00:00 [queued]>
[2023-05-25T07:00:21.029+0000] {taskinstance.py:1103} INFO - Dependencies all met for dep_context=requeueable deps ti=<TaskInstance: dag_with_taskflow_api_v02.get_age scheduled__2022-12-15T00:00:00+00:00 [queued]>
[2023-05-25T07:00:21.030+0000] {taskinstance.py:1308} INFO - Starting attempt 1 of 6
[2023-05-25T07:00:21.173+0000] {taskinstance.py:1327} INFO - Executing <Task(_PythonDecoratedOperator): get_age> on 2022-12-15 00:00:00+00:00
[2023-05-25T07:00:21.195+0000] {standard_task_runner.py:57} INFO - Started process 4500 to run task
[2023-05-25T07:00:21.251+0000] {standard_task_runner.py:84} INFO - Running: ['***', 'tasks', 'run', 'dag_with_taskflow_api_v02', 'get_age', 'scheduled__2022-12-15T00:00:00+00:00', '--job-id', '1249', '--raw', '--subdir', 'DAGS_FOLDER/first_dag.py', '--cfg-path', '/tmp/tmpdbfngwv1']
[2023-05-25T07:00:21.261+0000] {standard_task_runner.py:85} INFO - Job 1249: Subtask get_age
[2023-05-25T07:00:21.556+0000] {task_command.py:410} INFO - Running <TaskInstance: dag_with_taskflow_api_v02.get_age scheduled__2022-12-15T00:00:00+00:00 [running]> on host 6bd07c7477d9
[2023-05-25T07:00:22.423+0000] {taskinstance.py:1547} INFO - Exporting env vars: AIRFLOW_CTX_DAG_OWNER='Sai' AIRFLOW_CTX_DAG_ID='dag_with_taskflow_api_v02' AIRFLOW_CTX_TASK_ID='get_age' AIRFLOW_CTX_EXECUTION_DATE='2022-12-15T00:00:00+00:00' AIRFLOW_CTX_TRY_NUMBER='1' AIRFLOW_CTX_DAG_RUN_ID='scheduled__2022-12-15T00:00:00+00:00'
[2023-05-25T07:00:22.424+0000] {python.py:183} INFO - Done. Returned value was: 19
[2023-05-25T07:00:22.575+0000] {taskinstance.py:1350} INFO - Marking task as SUCCESS. dag_id=dag_with_taskflow_api_v02, task_id=get_age, execution_date=20221215T000000, start_date=20230525T070020, end_date=20230525T070022
[2023-05-25T07:00:22.720+0000] {local_task_job_runner.py:225} INFO - Task exited with return code 0
[2023-05-25T07:00:23.533+0000] {taskinstance.py:2651} INFO - 0 downstream tasks scheduled from follow-on schedule check
[2023-05-25T10:34:18.967+0000] {taskinstance.py:1103} INFO - Dependencies all met for dep_context=non-requeueable deps ti=<TaskInstance: dag_with_taskflow_api_v02.get_age scheduled__2022-12-15T00:00:00+00:00 [queued]>
[2023-05-25T10:34:19.028+0000] {taskinstance.py:1103} INFO - Dependencies all met for dep_context=requeueable deps ti=<TaskInstance: dag_with_taskflow_api_v02.get_age scheduled__2022-12-15T00:00:00+00:00 [queued]>
[2023-05-25T10:34:19.029+0000] {taskinstance.py:1308} INFO - Starting attempt 1 of 6
[2023-05-25T10:34:19.899+0000] {taskinstance.py:1327} INFO - Executing <Task(_PythonDecoratedOperator): get_age> on 2022-12-15 00:00:00+00:00
[2023-05-25T10:34:19.941+0000] {standard_task_runner.py:57} INFO - Started process 4136 to run task
[2023-05-25T10:34:20.029+0000] {standard_task_runner.py:84} INFO - Running: ['***', 'tasks', 'run', 'dag_with_taskflow_api_v02', 'get_age', 'scheduled__2022-12-15T00:00:00+00:00', '--job-id', '1257', '--raw', '--subdir', 'DAGS_FOLDER/first_dag.py', '--cfg-path', '/tmp/tmpn9k77d96']
[2023-05-25T10:34:20.033+0000] {standard_task_runner.py:85} INFO - Job 1257: Subtask get_age
[2023-05-25T10:34:20.367+0000] {task_command.py:410} INFO - Running <TaskInstance: dag_with_taskflow_api_v02.get_age scheduled__2022-12-15T00:00:00+00:00 [running]> on host b1ae37a9584e
[2023-05-25T10:34:21.744+0000] {taskinstance.py:1547} INFO - Exporting env vars: AIRFLOW_CTX_DAG_OWNER='Sai' AIRFLOW_CTX_DAG_ID='dag_with_taskflow_api_v02' AIRFLOW_CTX_TASK_ID='get_age' AIRFLOW_CTX_EXECUTION_DATE='2022-12-15T00:00:00+00:00' AIRFLOW_CTX_TRY_NUMBER='1' AIRFLOW_CTX_DAG_RUN_ID='scheduled__2022-12-15T00:00:00+00:00'
[2023-05-25T10:34:21.745+0000] {python.py:183} INFO - Done. Returned value was: 19
[2023-05-25T10:34:21.923+0000] {taskinstance.py:1350} INFO - Marking task as SUCCESS. dag_id=dag_with_taskflow_api_v02, task_id=get_age, execution_date=20221215T000000, start_date=20230525T103418, end_date=20230525T103421
[2023-05-25T10:34:22.311+0000] {local_task_job_runner.py:225} INFO - Task exited with return code 0
[2023-05-25T10:34:22.625+0000] {taskinstance.py:2651} INFO - 0 downstream tasks scheduled from follow-on schedule check
