[2023-05-24T15:27:53.441+0000] {taskinstance.py:1103} INFO - Dependencies all met for dep_context=non-requeueable deps ti=<TaskInstance: dag_with_taskflow_api_v02.get_age scheduled__2022-12-19T00:00:00+00:00 [queued]>
[2023-05-24T15:27:53.490+0000] {taskinstance.py:1103} INFO - Dependencies all met for dep_context=requeueable deps ti=<TaskInstance: dag_with_taskflow_api_v02.get_age scheduled__2022-12-19T00:00:00+00:00 [queued]>
[2023-05-24T15:27:53.490+0000] {taskinstance.py:1308} INFO - Starting attempt 1 of 6
[2023-05-24T15:27:53.566+0000] {taskinstance.py:1327} INFO - Executing <Task(_PythonDecoratedOperator): get_age> on 2022-12-19 00:00:00+00:00
[2023-05-24T15:27:53.584+0000] {standard_task_runner.py:57} INFO - Started process 3008 to run task
[2023-05-24T15:27:53.623+0000] {standard_task_runner.py:84} INFO - Running: ['***', 'tasks', 'run', 'dag_with_taskflow_api_v02', 'get_age', 'scheduled__2022-12-19T00:00:00+00:00', '--job-id', '1261', '--raw', '--subdir', 'DAGS_FOLDER/first_dag.py', '--cfg-path', '/tmp/tmp2l1xv0n0']
[2023-05-24T15:27:53.637+0000] {standard_task_runner.py:85} INFO - Job 1261: Subtask get_age
[2023-05-24T15:27:54.042+0000] {task_command.py:410} INFO - Running <TaskInstance: dag_with_taskflow_api_v02.get_age scheduled__2022-12-19T00:00:00+00:00 [running]> on host 942de29f183d
[2023-05-24T15:27:55.505+0000] {taskinstance.py:1547} INFO - Exporting env vars: AIRFLOW_CTX_DAG_OWNER='Sai' AIRFLOW_CTX_DAG_ID='dag_with_taskflow_api_v02' AIRFLOW_CTX_TASK_ID='get_age' AIRFLOW_CTX_EXECUTION_DATE='2022-12-19T00:00:00+00:00' AIRFLOW_CTX_TRY_NUMBER='1' AIRFLOW_CTX_DAG_RUN_ID='scheduled__2022-12-19T00:00:00+00:00'
[2023-05-24T15:27:55.506+0000] {python.py:183} INFO - Done. Returned value was: 19
[2023-05-24T15:27:55.661+0000] {taskinstance.py:1350} INFO - Marking task as SUCCESS. dag_id=dag_with_taskflow_api_v02, task_id=get_age, execution_date=20221219T000000, start_date=20230524T152753, end_date=20230524T152755
[2023-05-24T15:27:55.836+0000] {local_task_job_runner.py:225} INFO - Task exited with return code 0
[2023-05-24T15:27:56.545+0000] {taskinstance.py:2651} INFO - 1 downstream tasks scheduled from follow-on schedule check
[2023-05-25T07:00:23.965+0000] {taskinstance.py:1103} INFO - Dependencies all met for dep_context=non-requeueable deps ti=<TaskInstance: dag_with_taskflow_api_v02.get_age scheduled__2022-12-19T00:00:00+00:00 [queued]>
[2023-05-25T07:00:24.075+0000] {taskinstance.py:1103} INFO - Dependencies all met for dep_context=requeueable deps ti=<TaskInstance: dag_with_taskflow_api_v02.get_age scheduled__2022-12-19T00:00:00+00:00 [queued]>
[2023-05-25T07:00:24.076+0000] {taskinstance.py:1308} INFO - Starting attempt 1 of 6
[2023-05-25T07:00:24.717+0000] {taskinstance.py:1327} INFO - Executing <Task(_PythonDecoratedOperator): get_age> on 2022-12-19 00:00:00+00:00
[2023-05-25T07:00:24.723+0000] {standard_task_runner.py:57} INFO - Started process 4520 to run task
[2023-05-25T07:00:24.782+0000] {standard_task_runner.py:84} INFO - Running: ['***', 'tasks', 'run', 'dag_with_taskflow_api_v02', 'get_age', 'scheduled__2022-12-19T00:00:00+00:00', '--job-id', '1254', '--raw', '--subdir', 'DAGS_FOLDER/first_dag.py', '--cfg-path', '/tmp/tmp9ingfakr']
[2023-05-25T07:00:24.785+0000] {standard_task_runner.py:85} INFO - Job 1254: Subtask get_age
[2023-05-25T07:00:25.292+0000] {task_command.py:410} INFO - Running <TaskInstance: dag_with_taskflow_api_v02.get_age scheduled__2022-12-19T00:00:00+00:00 [running]> on host 6bd07c7477d9
[2023-05-25T07:00:26.660+0000] {taskinstance.py:1547} INFO - Exporting env vars: AIRFLOW_CTX_DAG_OWNER='Sai' AIRFLOW_CTX_DAG_ID='dag_with_taskflow_api_v02' AIRFLOW_CTX_TASK_ID='get_age' AIRFLOW_CTX_EXECUTION_DATE='2022-12-19T00:00:00+00:00' AIRFLOW_CTX_TRY_NUMBER='1' AIRFLOW_CTX_DAG_RUN_ID='scheduled__2022-12-19T00:00:00+00:00'
[2023-05-25T07:00:26.661+0000] {python.py:183} INFO - Done. Returned value was: 19
[2023-05-25T07:00:26.786+0000] {taskinstance.py:1350} INFO - Marking task as SUCCESS. dag_id=dag_with_taskflow_api_v02, task_id=get_age, execution_date=20221219T000000, start_date=20230525T070023, end_date=20230525T070026
[2023-05-25T07:00:26.976+0000] {local_task_job_runner.py:225} INFO - Task exited with return code 0
[2023-05-25T07:00:27.127+0000] {taskinstance.py:2651} INFO - 1 downstream tasks scheduled from follow-on schedule check
[2023-05-25T10:34:28.513+0000] {taskinstance.py:1103} INFO - Dependencies all met for dep_context=non-requeueable deps ti=<TaskInstance: dag_with_taskflow_api_v02.get_age scheduled__2022-12-19T00:00:00+00:00 [queued]>
[2023-05-25T10:34:28.607+0000] {taskinstance.py:1103} INFO - Dependencies all met for dep_context=requeueable deps ti=<TaskInstance: dag_with_taskflow_api_v02.get_age scheduled__2022-12-19T00:00:00+00:00 [queued]>
[2023-05-25T10:34:28.608+0000] {taskinstance.py:1308} INFO - Starting attempt 1 of 6
[2023-05-25T10:34:28.687+0000] {taskinstance.py:1327} INFO - Executing <Task(_PythonDecoratedOperator): get_age> on 2022-12-19 00:00:00+00:00
[2023-05-25T10:34:28.695+0000] {standard_task_runner.py:57} INFO - Started process 4166 to run task
[2023-05-25T10:34:28.723+0000] {standard_task_runner.py:84} INFO - Running: ['***', 'tasks', 'run', 'dag_with_taskflow_api_v02', 'get_age', 'scheduled__2022-12-19T00:00:00+00:00', '--job-id', '1272', '--raw', '--subdir', 'DAGS_FOLDER/first_dag.py', '--cfg-path', '/tmp/tmpsrfjc2_4']
[2023-05-25T10:34:28.727+0000] {standard_task_runner.py:85} INFO - Job 1272: Subtask get_age
[2023-05-25T10:34:28.944+0000] {task_command.py:410} INFO - Running <TaskInstance: dag_with_taskflow_api_v02.get_age scheduled__2022-12-19T00:00:00+00:00 [running]> on host b1ae37a9584e
[2023-05-25T10:34:29.317+0000] {taskinstance.py:1547} INFO - Exporting env vars: AIRFLOW_CTX_DAG_OWNER='Sai' AIRFLOW_CTX_DAG_ID='dag_with_taskflow_api_v02' AIRFLOW_CTX_TASK_ID='get_age' AIRFLOW_CTX_EXECUTION_DATE='2022-12-19T00:00:00+00:00' AIRFLOW_CTX_TRY_NUMBER='1' AIRFLOW_CTX_DAG_RUN_ID='scheduled__2022-12-19T00:00:00+00:00'
[2023-05-25T10:34:29.318+0000] {python.py:183} INFO - Done. Returned value was: 19
[2023-05-25T10:34:29.403+0000] {taskinstance.py:1350} INFO - Marking task as SUCCESS. dag_id=dag_with_taskflow_api_v02, task_id=get_age, execution_date=20221219T000000, start_date=20230525T103428, end_date=20230525T103429
[2023-05-25T10:34:29.515+0000] {local_task_job_runner.py:225} INFO - Task exited with return code 0
[2023-05-25T10:34:29.623+0000] {taskinstance.py:2651} INFO - 0 downstream tasks scheduled from follow-on schedule check
