[2023-05-24T15:29:41.009+0000] {taskinstance.py:1103} INFO - Dependencies all met for dep_context=non-requeueable deps ti=<TaskInstance: dag_with_taskflow_api_v02.greet scheduled__2023-02-19T00:00:00+00:00 [queued]>
[2023-05-24T15:29:41.066+0000] {taskinstance.py:1103} INFO - Dependencies all met for dep_context=requeueable deps ti=<TaskInstance: dag_with_taskflow_api_v02.greet scheduled__2023-02-19T00:00:00+00:00 [queued]>
[2023-05-24T15:29:41.066+0000] {taskinstance.py:1308} INFO - Starting attempt 1 of 6
[2023-05-24T15:29:41.337+0000] {taskinstance.py:1327} INFO - Executing <Task(_PythonDecoratedOperator): greet> on 2023-02-19 00:00:00+00:00
[2023-05-24T15:29:41.348+0000] {standard_task_runner.py:57} INFO - Started process 3453 to run task
[2023-05-24T15:29:41.370+0000] {standard_task_runner.py:84} INFO - Running: ['***', 'tasks', 'run', 'dag_with_taskflow_api_v02', 'greet', 'scheduled__2023-02-19T00:00:00+00:00', '--job-id', '1461', '--raw', '--subdir', 'DAGS_FOLDER/first_dag.py', '--cfg-path', '/tmp/tmpcl67f8b3']
[2023-05-24T15:29:41.389+0000] {standard_task_runner.py:85} INFO - Job 1461: Subtask greet
[2023-05-24T15:29:41.597+0000] {task_command.py:410} INFO - Running <TaskInstance: dag_with_taskflow_api_v02.greet scheduled__2023-02-19T00:00:00+00:00 [running]> on host 942de29f183d
[2023-05-24T15:29:42.175+0000] {taskinstance.py:1547} INFO - Exporting env vars: AIRFLOW_CTX_DAG_OWNER='Sai' AIRFLOW_CTX_DAG_ID='dag_with_taskflow_api_v02' AIRFLOW_CTX_TASK_ID='greet' AIRFLOW_CTX_EXECUTION_DATE='2023-02-19T00:00:00+00:00' AIRFLOW_CTX_TRY_NUMBER='1' AIRFLOW_CTX_DAG_RUN_ID='scheduled__2023-02-19T00:00:00+00:00'
[2023-05-24T15:29:42.177+0000] {logging_mixin.py:149} INFO - Hello World! My name is Sai Tr and I am 19 years old!
[2023-05-24T15:29:42.177+0000] {python.py:183} INFO - Done. Returned value was: None
[2023-05-24T15:29:42.217+0000] {taskinstance.py:1350} INFO - Marking task as SUCCESS. dag_id=dag_with_taskflow_api_v02, task_id=greet, execution_date=20230219T000000, start_date=20230524T152941, end_date=20230524T152942
[2023-05-24T15:29:42.314+0000] {local_task_job_runner.py:225} INFO - Task exited with return code 0
[2023-05-24T15:29:42.387+0000] {taskinstance.py:2651} INFO - 0 downstream tasks scheduled from follow-on schedule check
[2023-05-25T07:02:11.947+0000] {taskinstance.py:1103} INFO - Dependencies all met for dep_context=non-requeueable deps ti=<TaskInstance: dag_with_taskflow_api_v02.greet scheduled__2023-02-19T00:00:00+00:00 [queued]>
[2023-05-25T07:02:11.987+0000] {taskinstance.py:1103} INFO - Dependencies all met for dep_context=requeueable deps ti=<TaskInstance: dag_with_taskflow_api_v02.greet scheduled__2023-02-19T00:00:00+00:00 [queued]>
[2023-05-25T07:02:11.988+0000] {taskinstance.py:1308} INFO - Starting attempt 1 of 6
[2023-05-25T07:02:12.037+0000] {taskinstance.py:1327} INFO - Executing <Task(_PythonDecoratedOperator): greet> on 2023-02-19 00:00:00+00:00
[2023-05-25T07:02:12.047+0000] {standard_task_runner.py:57} INFO - Started process 4956 to run task
[2023-05-25T07:02:12.064+0000] {standard_task_runner.py:84} INFO - Running: ['***', 'tasks', 'run', 'dag_with_taskflow_api_v02', 'greet', 'scheduled__2023-02-19T00:00:00+00:00', '--job-id', '1459', '--raw', '--subdir', 'DAGS_FOLDER/first_dag.py', '--cfg-path', '/tmp/tmpr7257od8']
[2023-05-25T07:02:12.068+0000] {standard_task_runner.py:85} INFO - Job 1459: Subtask greet
[2023-05-25T07:02:12.206+0000] {task_command.py:410} INFO - Running <TaskInstance: dag_with_taskflow_api_v02.greet scheduled__2023-02-19T00:00:00+00:00 [running]> on host 6bd07c7477d9
[2023-05-25T07:02:12.616+0000] {taskinstance.py:1547} INFO - Exporting env vars: AIRFLOW_CTX_DAG_OWNER='Sai' AIRFLOW_CTX_DAG_ID='dag_with_taskflow_api_v02' AIRFLOW_CTX_TASK_ID='greet' AIRFLOW_CTX_EXECUTION_DATE='2023-02-19T00:00:00+00:00' AIRFLOW_CTX_TRY_NUMBER='1' AIRFLOW_CTX_DAG_RUN_ID='scheduled__2023-02-19T00:00:00+00:00'
[2023-05-25T07:02:12.618+0000] {logging_mixin.py:149} INFO - Hello World! My name is Sai Tr and I am 19 years old!
[2023-05-25T07:02:12.619+0000] {python.py:183} INFO - Done. Returned value was: None
[2023-05-25T07:02:12.658+0000] {taskinstance.py:1350} INFO - Marking task as SUCCESS. dag_id=dag_with_taskflow_api_v02, task_id=greet, execution_date=20230219T000000, start_date=20230525T070211, end_date=20230525T070212
[2023-05-25T07:02:12.734+0000] {local_task_job_runner.py:225} INFO - Task exited with return code 0
[2023-05-25T07:02:12.806+0000] {taskinstance.py:2651} INFO - 0 downstream tasks scheduled from follow-on schedule check
[2023-05-25T10:36:42.766+0000] {taskinstance.py:1103} INFO - Dependencies all met for dep_context=non-requeueable deps ti=<TaskInstance: dag_with_taskflow_api_v02.greet scheduled__2023-02-19T00:00:00+00:00 [queued]>
[2023-05-25T10:36:42.831+0000] {taskinstance.py:1103} INFO - Dependencies all met for dep_context=requeueable deps ti=<TaskInstance: dag_with_taskflow_api_v02.greet scheduled__2023-02-19T00:00:00+00:00 [queued]>
[2023-05-25T10:36:42.832+0000] {taskinstance.py:1308} INFO - Starting attempt 1 of 6
[2023-05-25T10:36:43.010+0000] {taskinstance.py:1327} INFO - Executing <Task(_PythonDecoratedOperator): greet> on 2023-02-19 00:00:00+00:00
[2023-05-25T10:36:43.077+0000] {standard_task_runner.py:57} INFO - Started process 4639 to run task
[2023-05-25T10:36:43.153+0000] {standard_task_runner.py:84} INFO - Running: ['***', 'tasks', 'run', 'dag_with_taskflow_api_v02', 'greet', 'scheduled__2023-02-19T00:00:00+00:00', '--job-id', '1483', '--raw', '--subdir', 'DAGS_FOLDER/first_dag.py', '--cfg-path', '/tmp/tmp7qb69sad']
[2023-05-25T10:36:43.188+0000] {standard_task_runner.py:85} INFO - Job 1483: Subtask greet
[2023-05-25T10:36:43.388+0000] {task_command.py:410} INFO - Running <TaskInstance: dag_with_taskflow_api_v02.greet scheduled__2023-02-19T00:00:00+00:00 [running]> on host b1ae37a9584e
[2023-05-25T10:36:44.715+0000] {taskinstance.py:1547} INFO - Exporting env vars: AIRFLOW_CTX_DAG_OWNER='Sai' AIRFLOW_CTX_DAG_ID='dag_with_taskflow_api_v02' AIRFLOW_CTX_TASK_ID='greet' AIRFLOW_CTX_EXECUTION_DATE='2023-02-19T00:00:00+00:00' AIRFLOW_CTX_TRY_NUMBER='1' AIRFLOW_CTX_DAG_RUN_ID='scheduled__2023-02-19T00:00:00+00:00'
[2023-05-25T10:36:44.716+0000] {logging_mixin.py:149} INFO - Hello World! My name is Sai Tr and I am 19 years old!
[2023-05-25T10:36:44.717+0000] {python.py:183} INFO - Done. Returned value was: None
[2023-05-25T10:36:44.766+0000] {taskinstance.py:1350} INFO - Marking task as SUCCESS. dag_id=dag_with_taskflow_api_v02, task_id=greet, execution_date=20230219T000000, start_date=20230525T103642, end_date=20230525T103644
[2023-05-25T10:36:45.546+0000] {local_task_job_runner.py:225} INFO - Task exited with return code 0
[2023-05-25T10:36:45.719+0000] {taskinstance.py:2651} INFO - 0 downstream tasks scheduled from follow-on schedule check
