[2023-05-24T15:19:10.535+0000] {taskinstance.py:1103} INFO - Dependencies all met for dep_context=non-requeueable deps ti=<TaskInstance: dag_with_taskflow_api_v02.greet scheduled__2022-03-01T00:00:00+00:00 [queued]>
[2023-05-24T15:19:10.554+0000] {taskinstance.py:1103} INFO - Dependencies all met for dep_context=requeueable deps ti=<TaskInstance: dag_with_taskflow_api_v02.greet scheduled__2022-03-01T00:00:00+00:00 [queued]>
[2023-05-24T15:19:10.554+0000] {taskinstance.py:1308} INFO - Starting attempt 1 of 6
[2023-05-24T15:19:10.585+0000] {taskinstance.py:1327} INFO - Executing <Task(_PythonDecoratedOperator): greet> on 2022-03-01 00:00:00+00:00
[2023-05-24T15:19:10.591+0000] {standard_task_runner.py:57} INFO - Started process 1051 to run task
[2023-05-24T15:19:10.599+0000] {standard_task_runner.py:84} INFO - Running: ['***', 'tasks', 'run', 'dag_with_taskflow_api_v02', 'greet', 'scheduled__2022-03-01T00:00:00+00:00', '--job-id', '386', '--raw', '--subdir', 'DAGS_FOLDER/first_dag.py', '--cfg-path', '/tmp/tmpt1lxxbu4']
[2023-05-24T15:19:10.602+0000] {standard_task_runner.py:85} INFO - Job 386: Subtask greet
[2023-05-24T15:19:10.695+0000] {task_command.py:410} INFO - Running <TaskInstance: dag_with_taskflow_api_v02.greet scheduled__2022-03-01T00:00:00+00:00 [running]> on host 942de29f183d
[2023-05-24T15:19:10.929+0000] {taskinstance.py:1547} INFO - Exporting env vars: AIRFLOW_CTX_DAG_OWNER='Sai' AIRFLOW_CTX_DAG_ID='dag_with_taskflow_api_v02' AIRFLOW_CTX_TASK_ID='greet' AIRFLOW_CTX_EXECUTION_DATE='2022-03-01T00:00:00+00:00' AIRFLOW_CTX_TRY_NUMBER='1' AIRFLOW_CTX_DAG_RUN_ID='scheduled__2022-03-01T00:00:00+00:00'
[2023-05-24T15:19:10.930+0000] {logging_mixin.py:149} INFO - Hello World! My name is Sai Tr and I am 19 years old!
[2023-05-24T15:19:10.931+0000] {python.py:183} INFO - Done. Returned value was: None
[2023-05-24T15:19:10.955+0000] {taskinstance.py:1350} INFO - Marking task as SUCCESS. dag_id=dag_with_taskflow_api_v02, task_id=greet, execution_date=20220301T000000, start_date=20230524T151910, end_date=20230524T151910
[2023-05-24T15:19:10.981+0000] {local_task_job_runner.py:225} INFO - Task exited with return code 0
[2023-05-24T15:19:11.016+0000] {taskinstance.py:2651} INFO - 0 downstream tasks scheduled from follow-on schedule check
[2023-05-25T06:52:37.070+0000] {taskinstance.py:1103} INFO - Dependencies all met for dep_context=non-requeueable deps ti=<TaskInstance: dag_with_taskflow_api_v02.greet scheduled__2022-03-01T00:00:00+00:00 [queued]>
[2023-05-25T06:52:37.234+0000] {taskinstance.py:1103} INFO - Dependencies all met for dep_context=requeueable deps ti=<TaskInstance: dag_with_taskflow_api_v02.greet scheduled__2022-03-01T00:00:00+00:00 [queued]>
[2023-05-25T06:52:37.234+0000] {taskinstance.py:1308} INFO - Starting attempt 1 of 6
[2023-05-25T06:52:37.707+0000] {taskinstance.py:1327} INFO - Executing <Task(_PythonDecoratedOperator): greet> on 2022-03-01 00:00:00+00:00
[2023-05-25T06:52:37.724+0000] {standard_task_runner.py:57} INFO - Started process 2619 to run task
[2023-05-25T06:52:37.742+0000] {standard_task_runner.py:84} INFO - Running: ['***', 'tasks', 'run', 'dag_with_taskflow_api_v02', 'greet', 'scheduled__2022-03-01T00:00:00+00:00', '--job-id', '400', '--raw', '--subdir', 'DAGS_FOLDER/first_dag.py', '--cfg-path', '/tmp/tmpph7wl28r']
[2023-05-25T06:52:37.746+0000] {standard_task_runner.py:85} INFO - Job 400: Subtask greet
[2023-05-25T06:52:38.151+0000] {task_command.py:410} INFO - Running <TaskInstance: dag_with_taskflow_api_v02.greet scheduled__2022-03-01T00:00:00+00:00 [running]> on host 6bd07c7477d9
[2023-05-25T06:52:38.674+0000] {taskinstance.py:1547} INFO - Exporting env vars: AIRFLOW_CTX_DAG_OWNER='Sai' AIRFLOW_CTX_DAG_ID='dag_with_taskflow_api_v02' AIRFLOW_CTX_TASK_ID='greet' AIRFLOW_CTX_EXECUTION_DATE='2022-03-01T00:00:00+00:00' AIRFLOW_CTX_TRY_NUMBER='1' AIRFLOW_CTX_DAG_RUN_ID='scheduled__2022-03-01T00:00:00+00:00'
[2023-05-25T06:52:38.675+0000] {logging_mixin.py:149} INFO - Hello World! My name is Sai Tr and I am 19 years old!
[2023-05-25T06:52:38.675+0000] {python.py:183} INFO - Done. Returned value was: None
[2023-05-25T06:52:38.711+0000] {taskinstance.py:1350} INFO - Marking task as SUCCESS. dag_id=dag_with_taskflow_api_v02, task_id=greet, execution_date=20220301T000000, start_date=20230525T065237, end_date=20230525T065238
[2023-05-25T06:52:38.817+0000] {local_task_job_runner.py:225} INFO - Task exited with return code 0
[2023-05-25T06:52:38.899+0000] {taskinstance.py:2651} INFO - 0 downstream tasks scheduled from follow-on schedule check
[2023-05-25T10:23:31.248+0000] {taskinstance.py:1103} INFO - Dependencies all met for dep_context=non-requeueable deps ti=<TaskInstance: dag_with_taskflow_api_v02.greet scheduled__2022-03-01T00:00:00+00:00 [queued]>
[2023-05-25T10:23:31.307+0000] {taskinstance.py:1103} INFO - Dependencies all met for dep_context=requeueable deps ti=<TaskInstance: dag_with_taskflow_api_v02.greet scheduled__2022-03-01T00:00:00+00:00 [queued]>
[2023-05-25T10:23:31.309+0000] {taskinstance.py:1308} INFO - Starting attempt 1 of 6
[2023-05-25T10:23:31.403+0000] {taskinstance.py:1327} INFO - Executing <Task(_PythonDecoratedOperator): greet> on 2022-03-01 00:00:00+00:00
[2023-05-25T10:23:31.420+0000] {standard_task_runner.py:57} INFO - Started process 2145 to run task
[2023-05-25T10:23:31.445+0000] {standard_task_runner.py:84} INFO - Running: ['***', 'tasks', 'run', 'dag_with_taskflow_api_v02', 'greet', 'scheduled__2022-03-01T00:00:00+00:00', '--job-id', '387', '--raw', '--subdir', 'DAGS_FOLDER/first_dag.py', '--cfg-path', '/tmp/tmpr4ddypi7']
[2023-05-25T10:23:31.450+0000] {standard_task_runner.py:85} INFO - Job 387: Subtask greet
[2023-05-25T10:23:31.790+0000] {task_command.py:410} INFO - Running <TaskInstance: dag_with_taskflow_api_v02.greet scheduled__2022-03-01T00:00:00+00:00 [running]> on host b1ae37a9584e
[2023-05-25T10:23:32.277+0000] {taskinstance.py:1547} INFO - Exporting env vars: AIRFLOW_CTX_DAG_OWNER='Sai' AIRFLOW_CTX_DAG_ID='dag_with_taskflow_api_v02' AIRFLOW_CTX_TASK_ID='greet' AIRFLOW_CTX_EXECUTION_DATE='2022-03-01T00:00:00+00:00' AIRFLOW_CTX_TRY_NUMBER='1' AIRFLOW_CTX_DAG_RUN_ID='scheduled__2022-03-01T00:00:00+00:00'
[2023-05-25T10:23:32.279+0000] {logging_mixin.py:149} INFO - Hello World! My name is Sai Tr and I am 19 years old!
[2023-05-25T10:23:32.279+0000] {python.py:183} INFO - Done. Returned value was: None
[2023-05-25T10:23:32.329+0000] {taskinstance.py:1350} INFO - Marking task as SUCCESS. dag_id=dag_with_taskflow_api_v02, task_id=greet, execution_date=20220301T000000, start_date=20230525T102331, end_date=20230525T102332
[2023-05-25T10:23:32.393+0000] {local_task_job_runner.py:225} INFO - Task exited with return code 0
[2023-05-25T10:23:32.767+0000] {taskinstance.py:2651} INFO - 0 downstream tasks scheduled from follow-on schedule check
