[2023-05-24T15:25:24.238+0000] {taskinstance.py:1103} INFO - Dependencies all met for dep_context=non-requeueable deps ti=<TaskInstance: dag_with_taskflow_api_v02.get_name scheduled__2022-09-21T00:00:00+00:00 [queued]>
[2023-05-24T15:25:24.290+0000] {taskinstance.py:1103} INFO - Dependencies all met for dep_context=requeueable deps ti=<TaskInstance: dag_with_taskflow_api_v02.get_name scheduled__2022-09-21T00:00:00+00:00 [queued]>
[2023-05-24T15:25:24.303+0000] {taskinstance.py:1308} INFO - Starting attempt 1 of 6
[2023-05-24T15:25:24.395+0000] {taskinstance.py:1327} INFO - Executing <Task(_PythonDecoratedOperator): get_name> on 2022-09-21 00:00:00+00:00
[2023-05-24T15:25:24.402+0000] {standard_task_runner.py:57} INFO - Started process 2413 to run task
[2023-05-24T15:25:24.432+0000] {standard_task_runner.py:84} INFO - Running: ['***', 'tasks', 'run', 'dag_with_taskflow_api_v02', 'get_name', 'scheduled__2022-09-21T00:00:00+00:00', '--job-id', '994', '--raw', '--subdir', 'DAGS_FOLDER/first_dag.py', '--cfg-path', '/tmp/tmps30rf_9m']
[2023-05-24T15:25:24.435+0000] {standard_task_runner.py:85} INFO - Job 994: Subtask get_name
[2023-05-24T15:25:24.693+0000] {task_command.py:410} INFO - Running <TaskInstance: dag_with_taskflow_api_v02.get_name scheduled__2022-09-21T00:00:00+00:00 [running]> on host 942de29f183d
[2023-05-24T15:25:25.086+0000] {taskinstance.py:1547} INFO - Exporting env vars: AIRFLOW_CTX_DAG_OWNER='Sai' AIRFLOW_CTX_DAG_ID='dag_with_taskflow_api_v02' AIRFLOW_CTX_TASK_ID='get_name' AIRFLOW_CTX_EXECUTION_DATE='2022-09-21T00:00:00+00:00' AIRFLOW_CTX_TRY_NUMBER='1' AIRFLOW_CTX_DAG_RUN_ID='scheduled__2022-09-21T00:00:00+00:00'
[2023-05-24T15:25:25.087+0000] {python.py:183} INFO - Done. Returned value was: {'first_name': 'Sai', 'last_name': 'Tr'}
[2023-05-24T15:25:25.283+0000] {taskinstance.py:1350} INFO - Marking task as SUCCESS. dag_id=dag_with_taskflow_api_v02, task_id=get_name, execution_date=20220921T000000, start_date=20230524T152524, end_date=20230524T152525
[2023-05-24T15:25:25.344+0000] {local_task_job_runner.py:225} INFO - Task exited with return code 0
[2023-05-24T15:25:25.411+0000] {taskinstance.py:2651} INFO - 0 downstream tasks scheduled from follow-on schedule check
[2023-05-25T06:58:00.003+0000] {taskinstance.py:1103} INFO - Dependencies all met for dep_context=non-requeueable deps ti=<TaskInstance: dag_with_taskflow_api_v02.get_name scheduled__2022-09-21T00:00:00+00:00 [queued]>
[2023-05-25T06:58:00.124+0000] {taskinstance.py:1103} INFO - Dependencies all met for dep_context=requeueable deps ti=<TaskInstance: dag_with_taskflow_api_v02.get_name scheduled__2022-09-21T00:00:00+00:00 [queued]>
[2023-05-25T06:58:00.137+0000] {taskinstance.py:1308} INFO - Starting attempt 1 of 6
[2023-05-25T06:58:00.325+0000] {taskinstance.py:1327} INFO - Executing <Task(_PythonDecoratedOperator): get_name> on 2022-09-21 00:00:00+00:00
[2023-05-25T06:58:00.340+0000] {standard_task_runner.py:57} INFO - Started process 3937 to run task
[2023-05-25T06:58:00.390+0000] {standard_task_runner.py:84} INFO - Running: ['***', 'tasks', 'run', 'dag_with_taskflow_api_v02', 'get_name', 'scheduled__2022-09-21T00:00:00+00:00', '--job-id', '992', '--raw', '--subdir', 'DAGS_FOLDER/first_dag.py', '--cfg-path', '/tmp/tmpyrz4o4jh']
[2023-05-25T06:58:00.427+0000] {standard_task_runner.py:85} INFO - Job 992: Subtask get_name
[2023-05-25T06:58:00.759+0000] {task_command.py:410} INFO - Running <TaskInstance: dag_with_taskflow_api_v02.get_name scheduled__2022-09-21T00:00:00+00:00 [running]> on host 6bd07c7477d9
[2023-05-25T06:58:01.732+0000] {taskinstance.py:1547} INFO - Exporting env vars: AIRFLOW_CTX_DAG_OWNER='Sai' AIRFLOW_CTX_DAG_ID='dag_with_taskflow_api_v02' AIRFLOW_CTX_TASK_ID='get_name' AIRFLOW_CTX_EXECUTION_DATE='2022-09-21T00:00:00+00:00' AIRFLOW_CTX_TRY_NUMBER='1' AIRFLOW_CTX_DAG_RUN_ID='scheduled__2022-09-21T00:00:00+00:00'
[2023-05-25T06:58:01.734+0000] {python.py:183} INFO - Done. Returned value was: {'first_name': 'Sai', 'last_name': 'Tr'}
[2023-05-25T06:58:01.983+0000] {taskinstance.py:1350} INFO - Marking task as SUCCESS. dag_id=dag_with_taskflow_api_v02, task_id=get_name, execution_date=20220921T000000, start_date=20230525T065800, end_date=20230525T065801
[2023-05-25T06:58:02.113+0000] {local_task_job_runner.py:225} INFO - Task exited with return code 0
[2023-05-25T06:58:02.283+0000] {taskinstance.py:2651} INFO - 0 downstream tasks scheduled from follow-on schedule check
[2023-05-25T10:31:31.457+0000] {taskinstance.py:1103} INFO - Dependencies all met for dep_context=non-requeueable deps ti=<TaskInstance: dag_with_taskflow_api_v02.get_name scheduled__2022-09-21T00:00:00+00:00 [queued]>
[2023-05-25T10:31:31.571+0000] {taskinstance.py:1103} INFO - Dependencies all met for dep_context=requeueable deps ti=<TaskInstance: dag_with_taskflow_api_v02.get_name scheduled__2022-09-21T00:00:00+00:00 [queued]>
[2023-05-25T10:31:31.572+0000] {taskinstance.py:1308} INFO - Starting attempt 1 of 6
[2023-05-25T10:31:32.067+0000] {taskinstance.py:1327} INFO - Executing <Task(_PythonDecoratedOperator): get_name> on 2022-09-21 00:00:00+00:00
[2023-05-25T10:31:32.113+0000] {standard_task_runner.py:57} INFO - Started process 3575 to run task
[2023-05-25T10:31:32.168+0000] {standard_task_runner.py:84} INFO - Running: ['***', 'tasks', 'run', 'dag_with_taskflow_api_v02', 'get_name', 'scheduled__2022-09-21T00:00:00+00:00', '--job-id', '1007', '--raw', '--subdir', 'DAGS_FOLDER/first_dag.py', '--cfg-path', '/tmp/tmp3b7isozo']
[2023-05-25T10:31:32.184+0000] {standard_task_runner.py:85} INFO - Job 1007: Subtask get_name
[2023-05-25T10:31:32.706+0000] {task_command.py:410} INFO - Running <TaskInstance: dag_with_taskflow_api_v02.get_name scheduled__2022-09-21T00:00:00+00:00 [running]> on host b1ae37a9584e
[2023-05-25T10:31:33.379+0000] {taskinstance.py:1547} INFO - Exporting env vars: AIRFLOW_CTX_DAG_OWNER='Sai' AIRFLOW_CTX_DAG_ID='dag_with_taskflow_api_v02' AIRFLOW_CTX_TASK_ID='get_name' AIRFLOW_CTX_EXECUTION_DATE='2022-09-21T00:00:00+00:00' AIRFLOW_CTX_TRY_NUMBER='1' AIRFLOW_CTX_DAG_RUN_ID='scheduled__2022-09-21T00:00:00+00:00'
[2023-05-25T10:31:33.389+0000] {python.py:183} INFO - Done. Returned value was: {'first_name': 'Sai', 'last_name': 'Tr'}
[2023-05-25T10:31:33.745+0000] {taskinstance.py:1350} INFO - Marking task as SUCCESS. dag_id=dag_with_taskflow_api_v02, task_id=get_name, execution_date=20220921T000000, start_date=20230525T103131, end_date=20230525T103133
[2023-05-25T10:31:33.850+0000] {local_task_job_runner.py:225} INFO - Task exited with return code 0
[2023-05-25T10:31:34.185+0000] {taskinstance.py:2651} INFO - 1 downstream tasks scheduled from follow-on schedule check
