[2023-05-24T15:25:17.491+0000] {taskinstance.py:1103} INFO - Dependencies all met for dep_context=non-requeueable deps ti=<TaskInstance: dag_with_taskflow_api_v02.get_name scheduled__2022-09-18T00:00:00+00:00 [queued]>
[2023-05-24T15:25:17.579+0000] {taskinstance.py:1103} INFO - Dependencies all met for dep_context=requeueable deps ti=<TaskInstance: dag_with_taskflow_api_v02.get_name scheduled__2022-09-18T00:00:00+00:00 [queued]>
[2023-05-24T15:25:17.580+0000] {taskinstance.py:1308} INFO - Starting attempt 1 of 6
[2023-05-24T15:25:17.729+0000] {taskinstance.py:1327} INFO - Executing <Task(_PythonDecoratedOperator): get_name> on 2022-09-18 00:00:00+00:00
[2023-05-24T15:25:17.753+0000] {standard_task_runner.py:57} INFO - Started process 2391 to run task
[2023-05-24T15:25:17.772+0000] {standard_task_runner.py:84} INFO - Running: ['***', 'tasks', 'run', 'dag_with_taskflow_api_v02', 'get_name', 'scheduled__2022-09-18T00:00:00+00:00', '--job-id', '979', '--raw', '--subdir', 'DAGS_FOLDER/first_dag.py', '--cfg-path', '/tmp/tmpj21cfc8x']
[2023-05-24T15:25:17.776+0000] {standard_task_runner.py:85} INFO - Job 979: Subtask get_name
[2023-05-24T15:25:18.033+0000] {task_command.py:410} INFO - Running <TaskInstance: dag_with_taskflow_api_v02.get_name scheduled__2022-09-18T00:00:00+00:00 [running]> on host 942de29f183d
[2023-05-24T15:25:18.864+0000] {taskinstance.py:1547} INFO - Exporting env vars: AIRFLOW_CTX_DAG_OWNER='Sai' AIRFLOW_CTX_DAG_ID='dag_with_taskflow_api_v02' AIRFLOW_CTX_TASK_ID='get_name' AIRFLOW_CTX_EXECUTION_DATE='2022-09-18T00:00:00+00:00' AIRFLOW_CTX_TRY_NUMBER='1' AIRFLOW_CTX_DAG_RUN_ID='scheduled__2022-09-18T00:00:00+00:00'
[2023-05-24T15:25:18.865+0000] {python.py:183} INFO - Done. Returned value was: {'first_name': 'Sai', 'last_name': 'Tr'}
[2023-05-24T15:25:19.095+0000] {taskinstance.py:1350} INFO - Marking task as SUCCESS. dag_id=dag_with_taskflow_api_v02, task_id=get_name, execution_date=20220918T000000, start_date=20230524T152517, end_date=20230524T152519
[2023-05-24T15:25:19.197+0000] {local_task_job_runner.py:225} INFO - Task exited with return code 0
[2023-05-24T15:25:19.984+0000] {taskinstance.py:2651} INFO - 0 downstream tasks scheduled from follow-on schedule check
[2023-05-25T06:57:57.836+0000] {taskinstance.py:1103} INFO - Dependencies all met for dep_context=non-requeueable deps ti=<TaskInstance: dag_with_taskflow_api_v02.get_name scheduled__2022-09-18T00:00:00+00:00 [queued]>
[2023-05-25T06:57:57.929+0000] {taskinstance.py:1103} INFO - Dependencies all met for dep_context=requeueable deps ti=<TaskInstance: dag_with_taskflow_api_v02.get_name scheduled__2022-09-18T00:00:00+00:00 [queued]>
[2023-05-25T06:57:57.929+0000] {taskinstance.py:1308} INFO - Starting attempt 1 of 6
[2023-05-25T06:57:58.225+0000] {taskinstance.py:1327} INFO - Executing <Task(_PythonDecoratedOperator): get_name> on 2022-09-18 00:00:00+00:00
[2023-05-25T06:57:58.237+0000] {standard_task_runner.py:57} INFO - Started process 3925 to run task
[2023-05-25T06:57:58.274+0000] {standard_task_runner.py:84} INFO - Running: ['***', 'tasks', 'run', 'dag_with_taskflow_api_v02', 'get_name', 'scheduled__2022-09-18T00:00:00+00:00', '--job-id', '987', '--raw', '--subdir', 'DAGS_FOLDER/first_dag.py', '--cfg-path', '/tmp/tmpolbzv5_u']
[2023-05-25T06:57:58.294+0000] {standard_task_runner.py:85} INFO - Job 987: Subtask get_name
[2023-05-25T06:57:58.659+0000] {task_command.py:410} INFO - Running <TaskInstance: dag_with_taskflow_api_v02.get_name scheduled__2022-09-18T00:00:00+00:00 [running]> on host 6bd07c7477d9
[2023-05-25T06:57:59.343+0000] {taskinstance.py:1547} INFO - Exporting env vars: AIRFLOW_CTX_DAG_OWNER='Sai' AIRFLOW_CTX_DAG_ID='dag_with_taskflow_api_v02' AIRFLOW_CTX_TASK_ID='get_name' AIRFLOW_CTX_EXECUTION_DATE='2022-09-18T00:00:00+00:00' AIRFLOW_CTX_TRY_NUMBER='1' AIRFLOW_CTX_DAG_RUN_ID='scheduled__2022-09-18T00:00:00+00:00'
[2023-05-25T06:57:59.345+0000] {python.py:183} INFO - Done. Returned value was: {'first_name': 'Sai', 'last_name': 'Tr'}
[2023-05-25T06:57:59.558+0000] {taskinstance.py:1350} INFO - Marking task as SUCCESS. dag_id=dag_with_taskflow_api_v02, task_id=get_name, execution_date=20220918T000000, start_date=20230525T065757, end_date=20230525T065759
[2023-05-25T06:58:00.027+0000] {local_task_job_runner.py:225} INFO - Task exited with return code 0
[2023-05-25T06:58:00.356+0000] {taskinstance.py:2651} INFO - 0 downstream tasks scheduled from follow-on schedule check
[2023-05-25T10:31:17.599+0000] {taskinstance.py:1103} INFO - Dependencies all met for dep_context=non-requeueable deps ti=<TaskInstance: dag_with_taskflow_api_v02.get_name scheduled__2022-09-18T00:00:00+00:00 [queued]>
[2023-05-25T10:31:17.639+0000] {taskinstance.py:1103} INFO - Dependencies all met for dep_context=requeueable deps ti=<TaskInstance: dag_with_taskflow_api_v02.get_name scheduled__2022-09-18T00:00:00+00:00 [queued]>
[2023-05-25T10:31:17.639+0000] {taskinstance.py:1308} INFO - Starting attempt 1 of 6
[2023-05-25T10:31:17.743+0000] {taskinstance.py:1327} INFO - Executing <Task(_PythonDecoratedOperator): get_name> on 2022-09-18 00:00:00+00:00
[2023-05-25T10:31:17.772+0000] {standard_task_runner.py:57} INFO - Started process 3531 to run task
[2023-05-25T10:31:17.833+0000] {standard_task_runner.py:84} INFO - Running: ['***', 'tasks', 'run', 'dag_with_taskflow_api_v02', 'get_name', 'scheduled__2022-09-18T00:00:00+00:00', '--job-id', '995', '--raw', '--subdir', 'DAGS_FOLDER/first_dag.py', '--cfg-path', '/tmp/tmpooomznqe']
[2023-05-25T10:31:17.896+0000] {standard_task_runner.py:85} INFO - Job 995: Subtask get_name
[2023-05-25T10:31:18.375+0000] {task_command.py:410} INFO - Running <TaskInstance: dag_with_taskflow_api_v02.get_name scheduled__2022-09-18T00:00:00+00:00 [running]> on host b1ae37a9584e
[2023-05-25T10:31:19.697+0000] {taskinstance.py:1547} INFO - Exporting env vars: AIRFLOW_CTX_DAG_OWNER='Sai' AIRFLOW_CTX_DAG_ID='dag_with_taskflow_api_v02' AIRFLOW_CTX_TASK_ID='get_name' AIRFLOW_CTX_EXECUTION_DATE='2022-09-18T00:00:00+00:00' AIRFLOW_CTX_TRY_NUMBER='1' AIRFLOW_CTX_DAG_RUN_ID='scheduled__2022-09-18T00:00:00+00:00'
[2023-05-25T10:31:19.698+0000] {python.py:183} INFO - Done. Returned value was: {'first_name': 'Sai', 'last_name': 'Tr'}
[2023-05-25T10:31:20.124+0000] {taskinstance.py:1350} INFO - Marking task as SUCCESS. dag_id=dag_with_taskflow_api_v02, task_id=get_name, execution_date=20220918T000000, start_date=20230525T103117, end_date=20230525T103120
[2023-05-25T10:31:20.337+0000] {local_task_job_runner.py:225} INFO - Task exited with return code 0
[2023-05-25T10:31:20.545+0000] {taskinstance.py:2651} INFO - 1 downstream tasks scheduled from follow-on schedule check
