[2023-05-24T15:25:05.841+0000] {taskinstance.py:1103} INFO - Dependencies all met for dep_context=non-requeueable deps ti=<TaskInstance: dag_with_taskflow_api_v02.get_age scheduled__2022-09-10T00:00:00+00:00 [queued]>
[2023-05-24T15:25:06.032+0000] {taskinstance.py:1103} INFO - Dependencies all met for dep_context=requeueable deps ti=<TaskInstance: dag_with_taskflow_api_v02.get_age scheduled__2022-09-10T00:00:00+00:00 [queued]>
[2023-05-24T15:25:06.033+0000] {taskinstance.py:1308} INFO - Starting attempt 1 of 6
[2023-05-24T15:25:06.307+0000] {taskinstance.py:1327} INFO - Executing <Task(_PythonDecoratedOperator): get_age> on 2022-09-10 00:00:00+00:00
[2023-05-24T15:25:06.332+0000] {standard_task_runner.py:57} INFO - Started process 2340 to run task
[2023-05-24T15:25:06.380+0000] {standard_task_runner.py:84} INFO - Running: ['***', 'tasks', 'run', 'dag_with_taskflow_api_v02', 'get_age', 'scheduled__2022-09-10T00:00:00+00:00', '--job-id', '955', '--raw', '--subdir', 'DAGS_FOLDER/first_dag.py', '--cfg-path', '/tmp/tmpu9aqet8r']
[2023-05-24T15:25:06.398+0000] {standard_task_runner.py:85} INFO - Job 955: Subtask get_age
[2023-05-24T15:25:06.862+0000] {task_command.py:410} INFO - Running <TaskInstance: dag_with_taskflow_api_v02.get_age scheduled__2022-09-10T00:00:00+00:00 [running]> on host 942de29f183d
[2023-05-24T15:25:07.671+0000] {taskinstance.py:1547} INFO - Exporting env vars: AIRFLOW_CTX_DAG_OWNER='Sai' AIRFLOW_CTX_DAG_ID='dag_with_taskflow_api_v02' AIRFLOW_CTX_TASK_ID='get_age' AIRFLOW_CTX_EXECUTION_DATE='2022-09-10T00:00:00+00:00' AIRFLOW_CTX_TRY_NUMBER='1' AIRFLOW_CTX_DAG_RUN_ID='scheduled__2022-09-10T00:00:00+00:00'
[2023-05-24T15:25:07.675+0000] {python.py:183} INFO - Done. Returned value was: 19
[2023-05-24T15:25:07.923+0000] {taskinstance.py:1350} INFO - Marking task as SUCCESS. dag_id=dag_with_taskflow_api_v02, task_id=get_age, execution_date=20220910T000000, start_date=20230524T152505, end_date=20230524T152507
[2023-05-24T15:25:08.027+0000] {local_task_job_runner.py:225} INFO - Task exited with return code 0
[2023-05-24T15:25:08.221+0000] {taskinstance.py:2651} INFO - 0 downstream tasks scheduled from follow-on schedule check
[2023-05-25T06:57:40.180+0000] {taskinstance.py:1103} INFO - Dependencies all met for dep_context=non-requeueable deps ti=<TaskInstance: dag_with_taskflow_api_v02.get_age scheduled__2022-09-10T00:00:00+00:00 [queued]>
[2023-05-25T06:57:40.243+0000] {taskinstance.py:1103} INFO - Dependencies all met for dep_context=requeueable deps ti=<TaskInstance: dag_with_taskflow_api_v02.get_age scheduled__2022-09-10T00:00:00+00:00 [queued]>
[2023-05-25T06:57:40.244+0000] {taskinstance.py:1308} INFO - Starting attempt 1 of 6
[2023-05-25T06:57:40.494+0000] {taskinstance.py:1327} INFO - Executing <Task(_PythonDecoratedOperator): get_age> on 2022-09-10 00:00:00+00:00
[2023-05-25T06:57:40.520+0000] {standard_task_runner.py:57} INFO - Started process 3852 to run task
[2023-05-25T06:57:40.578+0000] {standard_task_runner.py:84} INFO - Running: ['***', 'tasks', 'run', 'dag_with_taskflow_api_v02', 'get_age', 'scheduled__2022-09-10T00:00:00+00:00', '--job-id', '956', '--raw', '--subdir', 'DAGS_FOLDER/first_dag.py', '--cfg-path', '/tmp/tmpggs87qq0']
[2023-05-25T06:57:40.596+0000] {standard_task_runner.py:85} INFO - Job 956: Subtask get_age
[2023-05-25T06:57:40.917+0000] {task_command.py:410} INFO - Running <TaskInstance: dag_with_taskflow_api_v02.get_age scheduled__2022-09-10T00:00:00+00:00 [running]> on host 6bd07c7477d9
[2023-05-25T06:57:41.691+0000] {taskinstance.py:1547} INFO - Exporting env vars: AIRFLOW_CTX_DAG_OWNER='Sai' AIRFLOW_CTX_DAG_ID='dag_with_taskflow_api_v02' AIRFLOW_CTX_TASK_ID='get_age' AIRFLOW_CTX_EXECUTION_DATE='2022-09-10T00:00:00+00:00' AIRFLOW_CTX_TRY_NUMBER='1' AIRFLOW_CTX_DAG_RUN_ID='scheduled__2022-09-10T00:00:00+00:00'
[2023-05-25T06:57:41.692+0000] {python.py:183} INFO - Done. Returned value was: 19
[2023-05-25T06:57:41.792+0000] {taskinstance.py:1350} INFO - Marking task as SUCCESS. dag_id=dag_with_taskflow_api_v02, task_id=get_age, execution_date=20220910T000000, start_date=20230525T065740, end_date=20230525T065741
[2023-05-25T06:57:41.879+0000] {local_task_job_runner.py:225} INFO - Task exited with return code 0
[2023-05-25T06:57:42.211+0000] {taskinstance.py:2651} INFO - 0 downstream tasks scheduled from follow-on schedule check
[2023-05-25T10:31:04.616+0000] {taskinstance.py:1103} INFO - Dependencies all met for dep_context=non-requeueable deps ti=<TaskInstance: dag_with_taskflow_api_v02.get_age scheduled__2022-09-10T00:00:00+00:00 [queued]>
[2023-05-25T10:31:04.753+0000] {taskinstance.py:1103} INFO - Dependencies all met for dep_context=requeueable deps ti=<TaskInstance: dag_with_taskflow_api_v02.get_age scheduled__2022-09-10T00:00:00+00:00 [queued]>
[2023-05-25T10:31:04.753+0000] {taskinstance.py:1308} INFO - Starting attempt 1 of 6
[2023-05-25T10:31:04.940+0000] {taskinstance.py:1327} INFO - Executing <Task(_PythonDecoratedOperator): get_age> on 2022-09-10 00:00:00+00:00
[2023-05-25T10:31:04.955+0000] {standard_task_runner.py:57} INFO - Started process 3492 to run task
[2023-05-25T10:31:05.173+0000] {standard_task_runner.py:84} INFO - Running: ['***', 'tasks', 'run', 'dag_with_taskflow_api_v02', 'get_age', 'scheduled__2022-09-10T00:00:00+00:00', '--job-id', '971', '--raw', '--subdir', 'DAGS_FOLDER/first_dag.py', '--cfg-path', '/tmp/tmp6sk6uwq7']
[2023-05-25T10:31:05.198+0000] {standard_task_runner.py:85} INFO - Job 971: Subtask get_age
[2023-05-25T10:31:05.398+0000] {task_command.py:410} INFO - Running <TaskInstance: dag_with_taskflow_api_v02.get_age scheduled__2022-09-10T00:00:00+00:00 [running]> on host b1ae37a9584e
[2023-05-25T10:31:06.494+0000] {taskinstance.py:1547} INFO - Exporting env vars: AIRFLOW_CTX_DAG_OWNER='Sai' AIRFLOW_CTX_DAG_ID='dag_with_taskflow_api_v02' AIRFLOW_CTX_TASK_ID='get_age' AIRFLOW_CTX_EXECUTION_DATE='2022-09-10T00:00:00+00:00' AIRFLOW_CTX_TRY_NUMBER='1' AIRFLOW_CTX_DAG_RUN_ID='scheduled__2022-09-10T00:00:00+00:00'
[2023-05-25T10:31:06.511+0000] {python.py:183} INFO - Done. Returned value was: 19
[2023-05-25T10:31:06.726+0000] {taskinstance.py:1350} INFO - Marking task as SUCCESS. dag_id=dag_with_taskflow_api_v02, task_id=get_age, execution_date=20220910T000000, start_date=20230525T103104, end_date=20230525T103106
[2023-05-25T10:31:06.835+0000] {local_task_job_runner.py:225} INFO - Task exited with return code 0
[2023-05-25T10:31:07.170+0000] {taskinstance.py:2651} INFO - 1 downstream tasks scheduled from follow-on schedule check
