[2023-05-24T15:27:18.975+0000] {taskinstance.py:1103} INFO - Dependencies all met for dep_context=non-requeueable deps ti=<TaskInstance: dag_with_taskflow_api_v02.get_age scheduled__2022-12-03T00:00:00+00:00 [queued]>
[2023-05-24T15:27:19.014+0000] {taskinstance.py:1103} INFO - Dependencies all met for dep_context=requeueable deps ti=<TaskInstance: dag_with_taskflow_api_v02.get_age scheduled__2022-12-03T00:00:00+00:00 [queued]>
[2023-05-24T15:27:19.015+0000] {taskinstance.py:1308} INFO - Starting attempt 1 of 6
[2023-05-24T15:27:19.116+0000] {taskinstance.py:1327} INFO - Executing <Task(_PythonDecoratedOperator): get_age> on 2022-12-03 00:00:00+00:00
[2023-05-24T15:27:19.175+0000] {standard_task_runner.py:57} INFO - Started process 2883 to run task
[2023-05-24T15:27:19.168+0000] {standard_task_runner.py:84} INFO - Running: ['***', 'tasks', 'run', 'dag_with_taskflow_api_v02', 'get_age', 'scheduled__2022-12-03T00:00:00+00:00', '--job-id', '1205', '--raw', '--subdir', 'DAGS_FOLDER/first_dag.py', '--cfg-path', '/tmp/tmpbxw5vsfz']
[2023-05-24T15:27:19.180+0000] {standard_task_runner.py:85} INFO - Job 1205: Subtask get_age
[2023-05-24T15:27:19.522+0000] {task_command.py:410} INFO - Running <TaskInstance: dag_with_taskflow_api_v02.get_age scheduled__2022-12-03T00:00:00+00:00 [running]> on host 942de29f183d
[2023-05-24T15:27:20.151+0000] {taskinstance.py:1547} INFO - Exporting env vars: AIRFLOW_CTX_DAG_OWNER='Sai' AIRFLOW_CTX_DAG_ID='dag_with_taskflow_api_v02' AIRFLOW_CTX_TASK_ID='get_age' AIRFLOW_CTX_EXECUTION_DATE='2022-12-03T00:00:00+00:00' AIRFLOW_CTX_TRY_NUMBER='1' AIRFLOW_CTX_DAG_RUN_ID='scheduled__2022-12-03T00:00:00+00:00'
[2023-05-24T15:27:20.159+0000] {python.py:183} INFO - Done. Returned value was: 19
[2023-05-24T15:27:20.337+0000] {taskinstance.py:1350} INFO - Marking task as SUCCESS. dag_id=dag_with_taskflow_api_v02, task_id=get_age, execution_date=20221203T000000, start_date=20230524T152718, end_date=20230524T152720
[2023-05-24T15:27:20.522+0000] {local_task_job_runner.py:225} INFO - Task exited with return code 0
[2023-05-24T15:27:21.171+0000] {taskinstance.py:2651} INFO - 0 downstream tasks scheduled from follow-on schedule check
[2023-05-25T07:00:02.400+0000] {taskinstance.py:1103} INFO - Dependencies all met for dep_context=non-requeueable deps ti=<TaskInstance: dag_with_taskflow_api_v02.get_age scheduled__2022-12-03T00:00:00+00:00 [queued]>
[2023-05-25T07:00:02.474+0000] {taskinstance.py:1103} INFO - Dependencies all met for dep_context=requeueable deps ti=<TaskInstance: dag_with_taskflow_api_v02.get_age scheduled__2022-12-03T00:00:00+00:00 [queued]>
[2023-05-25T07:00:02.474+0000] {taskinstance.py:1308} INFO - Starting attempt 1 of 6
[2023-05-25T07:00:03.125+0000] {taskinstance.py:1327} INFO - Executing <Task(_PythonDecoratedOperator): get_age> on 2022-12-03 00:00:00+00:00
[2023-05-25T07:00:03.151+0000] {standard_task_runner.py:57} INFO - Started process 4431 to run task
[2023-05-25T07:00:03.167+0000] {standard_task_runner.py:84} INFO - Running: ['***', 'tasks', 'run', 'dag_with_taskflow_api_v02', 'get_age', 'scheduled__2022-12-03T00:00:00+00:00', '--job-id', '1216', '--raw', '--subdir', 'DAGS_FOLDER/first_dag.py', '--cfg-path', '/tmp/tmppxklyw5x']
[2023-05-25T07:00:03.199+0000] {standard_task_runner.py:85} INFO - Job 1216: Subtask get_age
[2023-05-25T07:00:03.542+0000] {task_command.py:410} INFO - Running <TaskInstance: dag_with_taskflow_api_v02.get_age scheduled__2022-12-03T00:00:00+00:00 [running]> on host 6bd07c7477d9
[2023-05-25T07:00:04.617+0000] {taskinstance.py:1547} INFO - Exporting env vars: AIRFLOW_CTX_DAG_OWNER='Sai' AIRFLOW_CTX_DAG_ID='dag_with_taskflow_api_v02' AIRFLOW_CTX_TASK_ID='get_age' AIRFLOW_CTX_EXECUTION_DATE='2022-12-03T00:00:00+00:00' AIRFLOW_CTX_TRY_NUMBER='1' AIRFLOW_CTX_DAG_RUN_ID='scheduled__2022-12-03T00:00:00+00:00'
[2023-05-25T07:00:04.618+0000] {python.py:183} INFO - Done. Returned value was: 19
[2023-05-25T07:00:04.763+0000] {taskinstance.py:1350} INFO - Marking task as SUCCESS. dag_id=dag_with_taskflow_api_v02, task_id=get_age, execution_date=20221203T000000, start_date=20230525T070002, end_date=20230525T070004
[2023-05-25T07:00:05.394+0000] {local_task_job_runner.py:225} INFO - Task exited with return code 0
[2023-05-25T07:00:05.538+0000] {taskinstance.py:2651} INFO - 1 downstream tasks scheduled from follow-on schedule check
[2023-05-25T10:33:45.872+0000] {taskinstance.py:1103} INFO - Dependencies all met for dep_context=non-requeueable deps ti=<TaskInstance: dag_with_taskflow_api_v02.get_age scheduled__2022-12-03T00:00:00+00:00 [queued]>
[2023-05-25T10:33:46.031+0000] {taskinstance.py:1103} INFO - Dependencies all met for dep_context=requeueable deps ti=<TaskInstance: dag_with_taskflow_api_v02.get_age scheduled__2022-12-03T00:00:00+00:00 [queued]>
[2023-05-25T10:33:46.050+0000] {taskinstance.py:1308} INFO - Starting attempt 1 of 6
[2023-05-25T10:33:46.230+0000] {taskinstance.py:1327} INFO - Executing <Task(_PythonDecoratedOperator): get_age> on 2022-12-03 00:00:00+00:00
[2023-05-25T10:33:46.237+0000] {standard_task_runner.py:57} INFO - Started process 4048 to run task
[2023-05-25T10:33:46.276+0000] {standard_task_runner.py:84} INFO - Running: ['***', 'tasks', 'run', 'dag_with_taskflow_api_v02', 'get_age', 'scheduled__2022-12-03T00:00:00+00:00', '--job-id', '1223', '--raw', '--subdir', 'DAGS_FOLDER/first_dag.py', '--cfg-path', '/tmp/tmpzdrtoi1r']
[2023-05-25T10:33:46.290+0000] {standard_task_runner.py:85} INFO - Job 1223: Subtask get_age
[2023-05-25T10:33:46.836+0000] {task_command.py:410} INFO - Running <TaskInstance: dag_with_taskflow_api_v02.get_age scheduled__2022-12-03T00:00:00+00:00 [running]> on host b1ae37a9584e
[2023-05-25T10:33:47.549+0000] {taskinstance.py:1547} INFO - Exporting env vars: AIRFLOW_CTX_DAG_OWNER='Sai' AIRFLOW_CTX_DAG_ID='dag_with_taskflow_api_v02' AIRFLOW_CTX_TASK_ID='get_age' AIRFLOW_CTX_EXECUTION_DATE='2022-12-03T00:00:00+00:00' AIRFLOW_CTX_TRY_NUMBER='1' AIRFLOW_CTX_DAG_RUN_ID='scheduled__2022-12-03T00:00:00+00:00'
[2023-05-25T10:33:47.554+0000] {python.py:183} INFO - Done. Returned value was: 19
[2023-05-25T10:33:47.727+0000] {taskinstance.py:1350} INFO - Marking task as SUCCESS. dag_id=dag_with_taskflow_api_v02, task_id=get_age, execution_date=20221203T000000, start_date=20230525T103345, end_date=20230525T103347
[2023-05-25T10:33:47.853+0000] {local_task_job_runner.py:225} INFO - Task exited with return code 0
[2023-05-25T10:33:48.065+0000] {taskinstance.py:2651} INFO - 0 downstream tasks scheduled from follow-on schedule check
