[2023-05-24T15:32:06.360+0000] {taskinstance.py:1103} INFO - Dependencies all met for dep_context=non-requeueable deps ti=<TaskInstance: dag_with_taskflow_api_v02.greet scheduled__2023-05-21T00:00:00+00:00 [queued]>
[2023-05-24T15:32:06.380+0000] {taskinstance.py:1103} INFO - Dependencies all met for dep_context=requeueable deps ti=<TaskInstance: dag_with_taskflow_api_v02.greet scheduled__2023-05-21T00:00:00+00:00 [queued]>
[2023-05-24T15:32:06.380+0000] {taskinstance.py:1308} INFO - Starting attempt 1 of 6
[2023-05-24T15:32:06.419+0000] {taskinstance.py:1327} INFO - Executing <Task(_PythonDecoratedOperator): greet> on 2023-05-21 00:00:00+00:00
[2023-05-24T15:32:06.425+0000] {standard_task_runner.py:57} INFO - Started process 4035 to run task
[2023-05-24T15:32:06.434+0000] {standard_task_runner.py:84} INFO - Running: ['***', 'tasks', 'run', 'dag_with_taskflow_api_v02', 'greet', 'scheduled__2023-05-21T00:00:00+00:00', '--job-id', '1729', '--raw', '--subdir', 'DAGS_FOLDER/first_dag.py', '--cfg-path', '/tmp/tmptw6cpuwo']
[2023-05-24T15:32:06.437+0000] {standard_task_runner.py:85} INFO - Job 1729: Subtask greet
[2023-05-24T15:32:06.596+0000] {task_command.py:410} INFO - Running <TaskInstance: dag_with_taskflow_api_v02.greet scheduled__2023-05-21T00:00:00+00:00 [running]> on host 942de29f183d
[2023-05-24T15:32:06.991+0000] {taskinstance.py:1547} INFO - Exporting env vars: AIRFLOW_CTX_DAG_OWNER='Sai' AIRFLOW_CTX_DAG_ID='dag_with_taskflow_api_v02' AIRFLOW_CTX_TASK_ID='greet' AIRFLOW_CTX_EXECUTION_DATE='2023-05-21T00:00:00+00:00' AIRFLOW_CTX_TRY_NUMBER='1' AIRFLOW_CTX_DAG_RUN_ID='scheduled__2023-05-21T00:00:00+00:00'
[2023-05-24T15:32:06.996+0000] {logging_mixin.py:149} INFO - Hello World! My name is Sai Tr and I am 19 years old!
[2023-05-24T15:32:06.996+0000] {python.py:183} INFO - Done. Returned value was: None
[2023-05-24T15:32:07.020+0000] {taskinstance.py:1350} INFO - Marking task as SUCCESS. dag_id=dag_with_taskflow_api_v02, task_id=greet, execution_date=20230521T000000, start_date=20230524T153206, end_date=20230524T153207
[2023-05-24T15:32:07.077+0000] {local_task_job_runner.py:225} INFO - Task exited with return code 0
[2023-05-24T15:32:07.103+0000] {taskinstance.py:2651} INFO - 0 downstream tasks scheduled from follow-on schedule check
[2023-05-25T07:04:38.213+0000] {taskinstance.py:1103} INFO - Dependencies all met for dep_context=non-requeueable deps ti=<TaskInstance: dag_with_taskflow_api_v02.greet scheduled__2023-05-21T00:00:00+00:00 [queued]>
[2023-05-25T07:04:38.236+0000] {taskinstance.py:1103} INFO - Dependencies all met for dep_context=requeueable deps ti=<TaskInstance: dag_with_taskflow_api_v02.greet scheduled__2023-05-21T00:00:00+00:00 [queued]>
[2023-05-25T07:04:38.236+0000] {taskinstance.py:1308} INFO - Starting attempt 1 of 6
[2023-05-25T07:04:38.264+0000] {taskinstance.py:1327} INFO - Executing <Task(_PythonDecoratedOperator): greet> on 2023-05-21 00:00:00+00:00
[2023-05-25T07:04:38.271+0000] {standard_task_runner.py:57} INFO - Started process 5548 to run task
[2023-05-25T07:04:38.277+0000] {standard_task_runner.py:84} INFO - Running: ['***', 'tasks', 'run', 'dag_with_taskflow_api_v02', 'greet', 'scheduled__2023-05-21T00:00:00+00:00', '--job-id', '1726', '--raw', '--subdir', 'DAGS_FOLDER/first_dag.py', '--cfg-path', '/tmp/tmp_s2sygwz']
[2023-05-25T07:04:38.280+0000] {standard_task_runner.py:85} INFO - Job 1726: Subtask greet
[2023-05-25T07:04:38.375+0000] {task_command.py:410} INFO - Running <TaskInstance: dag_with_taskflow_api_v02.greet scheduled__2023-05-21T00:00:00+00:00 [running]> on host 6bd07c7477d9
[2023-05-25T07:04:38.569+0000] {taskinstance.py:1547} INFO - Exporting env vars: AIRFLOW_CTX_DAG_OWNER='Sai' AIRFLOW_CTX_DAG_ID='dag_with_taskflow_api_v02' AIRFLOW_CTX_TASK_ID='greet' AIRFLOW_CTX_EXECUTION_DATE='2023-05-21T00:00:00+00:00' AIRFLOW_CTX_TRY_NUMBER='1' AIRFLOW_CTX_DAG_RUN_ID='scheduled__2023-05-21T00:00:00+00:00'
[2023-05-25T07:04:38.570+0000] {logging_mixin.py:149} INFO - Hello World! My name is Sai Tr and I am 19 years old!
[2023-05-25T07:04:38.570+0000] {python.py:183} INFO - Done. Returned value was: None
[2023-05-25T07:04:38.587+0000] {taskinstance.py:1350} INFO - Marking task as SUCCESS. dag_id=dag_with_taskflow_api_v02, task_id=greet, execution_date=20230521T000000, start_date=20230525T070438, end_date=20230525T070438
[2023-05-25T07:04:38.649+0000] {local_task_job_runner.py:225} INFO - Task exited with return code 0
[2023-05-25T07:04:38.686+0000] {taskinstance.py:2651} INFO - 0 downstream tasks scheduled from follow-on schedule check
[2023-05-25T10:39:27.352+0000] {taskinstance.py:1103} INFO - Dependencies all met for dep_context=non-requeueable deps ti=<TaskInstance: dag_with_taskflow_api_v02.greet scheduled__2023-05-21T00:00:00+00:00 [queued]>
[2023-05-25T10:39:27.403+0000] {taskinstance.py:1103} INFO - Dependencies all met for dep_context=requeueable deps ti=<TaskInstance: dag_with_taskflow_api_v02.greet scheduled__2023-05-21T00:00:00+00:00 [queued]>
[2023-05-25T10:39:27.404+0000] {taskinstance.py:1308} INFO - Starting attempt 1 of 6
[2023-05-25T10:39:27.499+0000] {taskinstance.py:1327} INFO - Executing <Task(_PythonDecoratedOperator): greet> on 2023-05-21 00:00:00+00:00
[2023-05-25T10:39:27.508+0000] {standard_task_runner.py:57} INFO - Started process 5214 to run task
[2023-05-25T10:39:27.525+0000] {standard_task_runner.py:84} INFO - Running: ['***', 'tasks', 'run', 'dag_with_taskflow_api_v02', 'greet', 'scheduled__2023-05-21T00:00:00+00:00', '--job-id', '1741', '--raw', '--subdir', 'DAGS_FOLDER/first_dag.py', '--cfg-path', '/tmp/tmpuy5secv0']
[2023-05-25T10:39:27.529+0000] {standard_task_runner.py:85} INFO - Job 1741: Subtask greet
[2023-05-25T10:39:27.945+0000] {task_command.py:410} INFO - Running <TaskInstance: dag_with_taskflow_api_v02.greet scheduled__2023-05-21T00:00:00+00:00 [running]> on host b1ae37a9584e
[2023-05-25T10:39:28.426+0000] {taskinstance.py:1547} INFO - Exporting env vars: AIRFLOW_CTX_DAG_OWNER='Sai' AIRFLOW_CTX_DAG_ID='dag_with_taskflow_api_v02' AIRFLOW_CTX_TASK_ID='greet' AIRFLOW_CTX_EXECUTION_DATE='2023-05-21T00:00:00+00:00' AIRFLOW_CTX_TRY_NUMBER='1' AIRFLOW_CTX_DAG_RUN_ID='scheduled__2023-05-21T00:00:00+00:00'
[2023-05-25T10:39:28.434+0000] {logging_mixin.py:149} INFO - Hello World! My name is Sai Tr and I am 19 years old!
[2023-05-25T10:39:28.434+0000] {python.py:183} INFO - Done. Returned value was: None
[2023-05-25T10:39:28.466+0000] {taskinstance.py:1350} INFO - Marking task as SUCCESS. dag_id=dag_with_taskflow_api_v02, task_id=greet, execution_date=20230521T000000, start_date=20230525T103927, end_date=20230525T103928
[2023-05-25T10:39:28.525+0000] {local_task_job_runner.py:225} INFO - Task exited with return code 0
[2023-05-25T10:39:28.585+0000] {taskinstance.py:2651} INFO - 0 downstream tasks scheduled from follow-on schedule check
