[2023-05-24T15:27:10.959+0000] {taskinstance.py:1103} INFO - Dependencies all met for dep_context=non-requeueable deps ti=<TaskInstance: dag_with_taskflow_api_v02.get_name scheduled__2022-11-26T00:00:00+00:00 [queued]>
[2023-05-24T15:27:11.187+0000] {taskinstance.py:1103} INFO - Dependencies all met for dep_context=requeueable deps ti=<TaskInstance: dag_with_taskflow_api_v02.get_name scheduled__2022-11-26T00:00:00+00:00 [queued]>
[2023-05-24T15:27:11.188+0000] {taskinstance.py:1308} INFO - Starting attempt 1 of 6
[2023-05-24T15:27:12.041+0000] {taskinstance.py:1327} INFO - Executing <Task(_PythonDecoratedOperator): get_name> on 2022-11-26 00:00:00+00:00
[2023-05-24T15:27:12.070+0000] {standard_task_runner.py:57} INFO - Started process 2850 to run task
[2023-05-24T15:27:12.131+0000] {standard_task_runner.py:84} INFO - Running: ['***', 'tasks', 'run', 'dag_with_taskflow_api_v02', 'get_name', 'scheduled__2022-11-26T00:00:00+00:00', '--job-id', '1187', '--raw', '--subdir', 'DAGS_FOLDER/first_dag.py', '--cfg-path', '/tmp/tmprwf10ltb']
[2023-05-24T15:27:12.140+0000] {standard_task_runner.py:85} INFO - Job 1187: Subtask get_name
[2023-05-24T15:27:12.511+0000] {task_command.py:410} INFO - Running <TaskInstance: dag_with_taskflow_api_v02.get_name scheduled__2022-11-26T00:00:00+00:00 [running]> on host 942de29f183d
[2023-05-24T15:27:13.238+0000] {taskinstance.py:1547} INFO - Exporting env vars: AIRFLOW_CTX_DAG_OWNER='Sai' AIRFLOW_CTX_DAG_ID='dag_with_taskflow_api_v02' AIRFLOW_CTX_TASK_ID='get_name' AIRFLOW_CTX_EXECUTION_DATE='2022-11-26T00:00:00+00:00' AIRFLOW_CTX_TRY_NUMBER='1' AIRFLOW_CTX_DAG_RUN_ID='scheduled__2022-11-26T00:00:00+00:00'
[2023-05-24T15:27:13.243+0000] {python.py:183} INFO - Done. Returned value was: {'first_name': 'Sai', 'last_name': 'Tr'}
[2023-05-24T15:27:13.431+0000] {taskinstance.py:1350} INFO - Marking task as SUCCESS. dag_id=dag_with_taskflow_api_v02, task_id=get_name, execution_date=20221126T000000, start_date=20230524T152710, end_date=20230524T152713
[2023-05-24T15:27:13.546+0000] {local_task_job_runner.py:225} INFO - Task exited with return code 0
[2023-05-24T15:27:13.986+0000] {taskinstance.py:2651} INFO - 0 downstream tasks scheduled from follow-on schedule check
[2023-05-25T06:59:45.967+0000] {taskinstance.py:1103} INFO - Dependencies all met for dep_context=non-requeueable deps ti=<TaskInstance: dag_with_taskflow_api_v02.get_name scheduled__2022-11-26T00:00:00+00:00 [queued]>
[2023-05-25T06:59:46.121+0000] {taskinstance.py:1103} INFO - Dependencies all met for dep_context=requeueable deps ti=<TaskInstance: dag_with_taskflow_api_v02.get_name scheduled__2022-11-26T00:00:00+00:00 [queued]>
[2023-05-25T06:59:46.128+0000] {taskinstance.py:1308} INFO - Starting attempt 1 of 6
[2023-05-25T06:59:46.338+0000] {taskinstance.py:1327} INFO - Executing <Task(_PythonDecoratedOperator): get_name> on 2022-11-26 00:00:00+00:00
[2023-05-25T06:59:46.390+0000] {standard_task_runner.py:57} INFO - Started process 4365 to run task
[2023-05-25T06:59:46.419+0000] {standard_task_runner.py:84} INFO - Running: ['***', 'tasks', 'run', 'dag_with_taskflow_api_v02', 'get_name', 'scheduled__2022-11-26T00:00:00+00:00', '--job-id', '1184', '--raw', '--subdir', 'DAGS_FOLDER/first_dag.py', '--cfg-path', '/tmp/tmp2c886_dq']
[2023-05-25T06:59:46.444+0000] {standard_task_runner.py:85} INFO - Job 1184: Subtask get_name
[2023-05-25T06:59:46.758+0000] {task_command.py:410} INFO - Running <TaskInstance: dag_with_taskflow_api_v02.get_name scheduled__2022-11-26T00:00:00+00:00 [running]> on host 6bd07c7477d9
[2023-05-25T06:59:47.732+0000] {taskinstance.py:1547} INFO - Exporting env vars: AIRFLOW_CTX_DAG_OWNER='Sai' AIRFLOW_CTX_DAG_ID='dag_with_taskflow_api_v02' AIRFLOW_CTX_TASK_ID='get_name' AIRFLOW_CTX_EXECUTION_DATE='2022-11-26T00:00:00+00:00' AIRFLOW_CTX_TRY_NUMBER='1' AIRFLOW_CTX_DAG_RUN_ID='scheduled__2022-11-26T00:00:00+00:00'
[2023-05-25T06:59:47.734+0000] {python.py:183} INFO - Done. Returned value was: {'first_name': 'Sai', 'last_name': 'Tr'}
[2023-05-25T06:59:48.098+0000] {taskinstance.py:1350} INFO - Marking task as SUCCESS. dag_id=dag_with_taskflow_api_v02, task_id=get_name, execution_date=20221126T000000, start_date=20230525T065945, end_date=20230525T065948
[2023-05-25T06:59:48.256+0000] {local_task_job_runner.py:225} INFO - Task exited with return code 0
[2023-05-25T06:59:48.452+0000] {taskinstance.py:2651} INFO - 1 downstream tasks scheduled from follow-on schedule check
[2023-05-25T10:33:34.321+0000] {taskinstance.py:1103} INFO - Dependencies all met for dep_context=non-requeueable deps ti=<TaskInstance: dag_with_taskflow_api_v02.get_name scheduled__2022-11-26T00:00:00+00:00 [queued]>
[2023-05-25T10:33:34.440+0000] {taskinstance.py:1103} INFO - Dependencies all met for dep_context=requeueable deps ti=<TaskInstance: dag_with_taskflow_api_v02.get_name scheduled__2022-11-26T00:00:00+00:00 [queued]>
[2023-05-25T10:33:34.441+0000] {taskinstance.py:1308} INFO - Starting attempt 1 of 6
[2023-05-25T10:33:34.866+0000] {taskinstance.py:1327} INFO - Executing <Task(_PythonDecoratedOperator): get_name> on 2022-11-26 00:00:00+00:00
[2023-05-25T10:33:34.874+0000] {standard_task_runner.py:57} INFO - Started process 4005 to run task
[2023-05-25T10:33:34.923+0000] {standard_task_runner.py:84} INFO - Running: ['***', 'tasks', 'run', 'dag_with_taskflow_api_v02', 'get_name', 'scheduled__2022-11-26T00:00:00+00:00', '--job-id', '1200', '--raw', '--subdir', 'DAGS_FOLDER/first_dag.py', '--cfg-path', '/tmp/tmpx2kp192l']
[2023-05-25T10:33:34.948+0000] {standard_task_runner.py:85} INFO - Job 1200: Subtask get_name
[2023-05-25T10:33:35.360+0000] {task_command.py:410} INFO - Running <TaskInstance: dag_with_taskflow_api_v02.get_name scheduled__2022-11-26T00:00:00+00:00 [running]> on host b1ae37a9584e
[2023-05-25T10:33:35.999+0000] {taskinstance.py:1547} INFO - Exporting env vars: AIRFLOW_CTX_DAG_OWNER='Sai' AIRFLOW_CTX_DAG_ID='dag_with_taskflow_api_v02' AIRFLOW_CTX_TASK_ID='get_name' AIRFLOW_CTX_EXECUTION_DATE='2022-11-26T00:00:00+00:00' AIRFLOW_CTX_TRY_NUMBER='1' AIRFLOW_CTX_DAG_RUN_ID='scheduled__2022-11-26T00:00:00+00:00'
[2023-05-25T10:33:36.006+0000] {python.py:183} INFO - Done. Returned value was: {'first_name': 'Sai', 'last_name': 'Tr'}
[2023-05-25T10:33:36.227+0000] {taskinstance.py:1350} INFO - Marking task as SUCCESS. dag_id=dag_with_taskflow_api_v02, task_id=get_name, execution_date=20221126T000000, start_date=20230525T103334, end_date=20230525T103336
[2023-05-25T10:33:36.389+0000] {local_task_job_runner.py:225} INFO - Task exited with return code 0
[2023-05-25T10:33:36.623+0000] {taskinstance.py:2651} INFO - 1 downstream tasks scheduled from follow-on schedule check
