[2023-05-23T10:16:22.831+0000] {taskinstance.py:1103} INFO - Dependencies all met for dep_context=non-requeueable deps ti=<TaskInstance: dag_with_taskflow_api_v02.get_name scheduled__2021-11-03T00:00:00+00:00 [queued]>
[2023-05-23T10:16:22.962+0000] {taskinstance.py:1103} INFO - Dependencies all met for dep_context=requeueable deps ti=<TaskInstance: dag_with_taskflow_api_v02.get_name scheduled__2021-11-03T00:00:00+00:00 [queued]>
[2023-05-23T10:16:22.962+0000] {taskinstance.py:1308} INFO - Starting attempt 1 of 6
[2023-05-23T10:16:24.270+0000] {taskinstance.py:1327} INFO - Executing <Task(_PythonDecoratedOperator): get_name> on 2021-11-03 00:00:00+00:00
[2023-05-23T10:16:24.374+0000] {standard_task_runner.py:57} INFO - Started process 933 to run task
[2023-05-23T10:16:24.522+0000] {standard_task_runner.py:84} INFO - Running: ['***', 'tasks', 'run', 'dag_with_taskflow_api_v02', 'get_name', 'scheduled__2021-11-03T00:00:00+00:00', '--job-id', '19', '--raw', '--subdir', 'DAGS_FOLDER/first_dag.py', '--cfg-path', '/tmp/tmp55c8cam1']
[2023-05-23T10:16:24.551+0000] {standard_task_runner.py:85} INFO - Job 19: Subtask get_name
[2023-05-23T10:26:36.817+0000] {taskinstance.py:1103} INFO - Dependencies all met for dep_context=non-requeueable deps ti=<TaskInstance: dag_with_taskflow_api_v02.get_name scheduled__2021-11-03T00:00:00+00:00 [queued]>
[2023-05-23T10:26:36.945+0000] {taskinstance.py:1103} INFO - Dependencies all met for dep_context=requeueable deps ti=<TaskInstance: dag_with_taskflow_api_v02.get_name scheduled__2021-11-03T00:00:00+00:00 [queued]>
[2023-05-23T10:26:36.945+0000] {taskinstance.py:1308} INFO - Starting attempt 1 of 6
[2023-05-23T10:26:37.164+0000] {taskinstance.py:1327} INFO - Executing <Task(_PythonDecoratedOperator): get_name> on 2021-11-03 00:00:00+00:00
[2023-05-23T10:26:37.174+0000] {standard_task_runner.py:57} INFO - Started process 253 to run task
[2023-05-23T10:26:37.211+0000] {standard_task_runner.py:84} INFO - Running: ['***', 'tasks', 'run', 'dag_with_taskflow_api_v02', 'get_name', 'scheduled__2021-11-03T00:00:00+00:00', '--job-id', '31', '--raw', '--subdir', 'DAGS_FOLDER/first_dag.py', '--cfg-path', '/tmp/tmp0q838p84']
[2023-05-23T10:26:37.242+0000] {standard_task_runner.py:85} INFO - Job 31: Subtask get_name
[2023-05-23T10:26:37.704+0000] {task_command.py:410} INFO - Running <TaskInstance: dag_with_taskflow_api_v02.get_name scheduled__2021-11-03T00:00:00+00:00 [running]> on host 8a6612510f4c
[2023-05-23T10:26:38.503+0000] {taskinstance.py:1547} INFO - Exporting env vars: AIRFLOW_CTX_DAG_OWNER='coder2j' AIRFLOW_CTX_DAG_ID='dag_with_taskflow_api_v02' AIRFLOW_CTX_TASK_ID='get_name' AIRFLOW_CTX_EXECUTION_DATE='2021-11-03T00:00:00+00:00' AIRFLOW_CTX_TRY_NUMBER='1' AIRFLOW_CTX_DAG_RUN_ID='scheduled__2021-11-03T00:00:00+00:00'
[2023-05-23T10:26:38.507+0000] {python.py:183} INFO - Done. Returned value was: {'first_name': 'Jerry', 'last_name': 'Fridman'}
[2023-05-23T10:26:38.769+0000] {taskinstance.py:1350} INFO - Marking task as SUCCESS. dag_id=dag_with_taskflow_api_v02, task_id=get_name, execution_date=20211103T000000, start_date=20230523T102636, end_date=20230523T102638
[2023-05-23T10:26:38.812+0000] {local_task_job_runner.py:225} INFO - Task exited with return code 0
[2023-05-23T10:26:39.038+0000] {taskinstance.py:2651} INFO - 1 downstream tasks scheduled from follow-on schedule check
