[2023-05-24T15:28:08.701+0000] {taskinstance.py:1103} INFO - Dependencies all met for dep_context=non-requeueable deps ti=<TaskInstance: dag_with_taskflow_api_v02.greet scheduled__2022-12-29T00:00:00+00:00 [queued]>
[2023-05-24T15:28:08.728+0000] {taskinstance.py:1103} INFO - Dependencies all met for dep_context=requeueable deps ti=<TaskInstance: dag_with_taskflow_api_v02.greet scheduled__2022-12-29T00:00:00+00:00 [queued]>
[2023-05-24T15:28:08.728+0000] {taskinstance.py:1308} INFO - Starting attempt 1 of 6
[2023-05-24T15:28:08.765+0000] {taskinstance.py:1327} INFO - Executing <Task(_PythonDecoratedOperator): greet> on 2022-12-29 00:00:00+00:00
[2023-05-24T15:28:08.771+0000] {standard_task_runner.py:57} INFO - Started process 3076 to run task
[2023-05-24T15:28:08.779+0000] {standard_task_runner.py:84} INFO - Running: ['***', 'tasks', 'run', 'dag_with_taskflow_api_v02', 'greet', 'scheduled__2022-12-29T00:00:00+00:00', '--job-id', '1294', '--raw', '--subdir', 'DAGS_FOLDER/first_dag.py', '--cfg-path', '/tmp/tmpex80v86d']
[2023-05-24T15:28:08.782+0000] {standard_task_runner.py:85} INFO - Job 1294: Subtask greet
[2023-05-24T15:28:08.882+0000] {task_command.py:410} INFO - Running <TaskInstance: dag_with_taskflow_api_v02.greet scheduled__2022-12-29T00:00:00+00:00 [running]> on host 942de29f183d
[2023-05-24T15:28:09.074+0000] {taskinstance.py:1547} INFO - Exporting env vars: AIRFLOW_CTX_DAG_OWNER='Sai' AIRFLOW_CTX_DAG_ID='dag_with_taskflow_api_v02' AIRFLOW_CTX_TASK_ID='greet' AIRFLOW_CTX_EXECUTION_DATE='2022-12-29T00:00:00+00:00' AIRFLOW_CTX_TRY_NUMBER='1' AIRFLOW_CTX_DAG_RUN_ID='scheduled__2022-12-29T00:00:00+00:00'
[2023-05-24T15:28:09.076+0000] {logging_mixin.py:149} INFO - Hello World! My name is Sai Tr and I am 19 years old!
[2023-05-24T15:28:09.076+0000] {python.py:183} INFO - Done. Returned value was: None
[2023-05-24T15:28:09.093+0000] {taskinstance.py:1350} INFO - Marking task as SUCCESS. dag_id=dag_with_taskflow_api_v02, task_id=greet, execution_date=20221229T000000, start_date=20230524T152808, end_date=20230524T152809
[2023-05-24T15:28:09.158+0000] {local_task_job_runner.py:225} INFO - Task exited with return code 0
[2023-05-24T15:28:09.188+0000] {taskinstance.py:2651} INFO - 0 downstream tasks scheduled from follow-on schedule check
[2023-05-25T07:00:52.233+0000] {taskinstance.py:1103} INFO - Dependencies all met for dep_context=non-requeueable deps ti=<TaskInstance: dag_with_taskflow_api_v02.greet scheduled__2022-12-29T00:00:00+00:00 [queued]>
[2023-05-25T07:00:52.294+0000] {taskinstance.py:1103} INFO - Dependencies all met for dep_context=requeueable deps ti=<TaskInstance: dag_with_taskflow_api_v02.greet scheduled__2022-12-29T00:00:00+00:00 [queued]>
[2023-05-25T07:00:52.297+0000] {taskinstance.py:1308} INFO - Starting attempt 1 of 6
[2023-05-25T07:00:52.468+0000] {taskinstance.py:1327} INFO - Executing <Task(_PythonDecoratedOperator): greet> on 2022-12-29 00:00:00+00:00
[2023-05-25T07:00:52.496+0000] {standard_task_runner.py:57} INFO - Started process 4631 to run task
[2023-05-25T07:00:52.509+0000] {standard_task_runner.py:84} INFO - Running: ['***', 'tasks', 'run', 'dag_with_taskflow_api_v02', 'greet', 'scheduled__2022-12-29T00:00:00+00:00', '--job-id', '1307', '--raw', '--subdir', 'DAGS_FOLDER/first_dag.py', '--cfg-path', '/tmp/tmp464h9aae']
[2023-05-25T07:00:52.564+0000] {standard_task_runner.py:85} INFO - Job 1307: Subtask greet
[2023-05-25T07:00:52.857+0000] {task_command.py:410} INFO - Running <TaskInstance: dag_with_taskflow_api_v02.greet scheduled__2022-12-29T00:00:00+00:00 [running]> on host 6bd07c7477d9
[2023-05-25T07:00:54.165+0000] {taskinstance.py:1547} INFO - Exporting env vars: AIRFLOW_CTX_DAG_OWNER='Sai' AIRFLOW_CTX_DAG_ID='dag_with_taskflow_api_v02' AIRFLOW_CTX_TASK_ID='greet' AIRFLOW_CTX_EXECUTION_DATE='2022-12-29T00:00:00+00:00' AIRFLOW_CTX_TRY_NUMBER='1' AIRFLOW_CTX_DAG_RUN_ID='scheduled__2022-12-29T00:00:00+00:00'
[2023-05-25T07:00:54.167+0000] {logging_mixin.py:149} INFO - Hello World! My name is Sai Tr and I am 19 years old!
[2023-05-25T07:00:54.185+0000] {python.py:183} INFO - Done. Returned value was: None
[2023-05-25T07:00:54.265+0000] {taskinstance.py:1350} INFO - Marking task as SUCCESS. dag_id=dag_with_taskflow_api_v02, task_id=greet, execution_date=20221229T000000, start_date=20230525T070052, end_date=20230525T070054
[2023-05-25T07:00:54.532+0000] {local_task_job_runner.py:225} INFO - Task exited with return code 0
[2023-05-25T07:00:54.717+0000] {taskinstance.py:2651} INFO - 0 downstream tasks scheduled from follow-on schedule check
[2023-05-25T10:34:54.182+0000] {taskinstance.py:1103} INFO - Dependencies all met for dep_context=non-requeueable deps ti=<TaskInstance: dag_with_taskflow_api_v02.greet scheduled__2022-12-29T00:00:00+00:00 [queued]>
[2023-05-25T10:34:54.239+0000] {taskinstance.py:1103} INFO - Dependencies all met for dep_context=requeueable deps ti=<TaskInstance: dag_with_taskflow_api_v02.greet scheduled__2022-12-29T00:00:00+00:00 [queued]>
[2023-05-25T10:34:54.240+0000] {taskinstance.py:1308} INFO - Starting attempt 1 of 6
[2023-05-25T10:34:54.333+0000] {taskinstance.py:1327} INFO - Executing <Task(_PythonDecoratedOperator): greet> on 2022-12-29 00:00:00+00:00
[2023-05-25T10:34:54.340+0000] {standard_task_runner.py:57} INFO - Started process 4259 to run task
[2023-05-25T10:34:54.376+0000] {standard_task_runner.py:84} INFO - Running: ['***', 'tasks', 'run', 'dag_with_taskflow_api_v02', 'greet', 'scheduled__2022-12-29T00:00:00+00:00', '--job-id', '1317', '--raw', '--subdir', 'DAGS_FOLDER/first_dag.py', '--cfg-path', '/tmp/tmpjjyg7vpx']
[2023-05-25T10:34:54.409+0000] {standard_task_runner.py:85} INFO - Job 1317: Subtask greet
[2023-05-25T10:34:54.712+0000] {task_command.py:410} INFO - Running <TaskInstance: dag_with_taskflow_api_v02.greet scheduled__2022-12-29T00:00:00+00:00 [running]> on host b1ae37a9584e
[2023-05-25T10:34:55.408+0000] {taskinstance.py:1547} INFO - Exporting env vars: AIRFLOW_CTX_DAG_OWNER='Sai' AIRFLOW_CTX_DAG_ID='dag_with_taskflow_api_v02' AIRFLOW_CTX_TASK_ID='greet' AIRFLOW_CTX_EXECUTION_DATE='2022-12-29T00:00:00+00:00' AIRFLOW_CTX_TRY_NUMBER='1' AIRFLOW_CTX_DAG_RUN_ID='scheduled__2022-12-29T00:00:00+00:00'
[2023-05-25T10:34:55.410+0000] {logging_mixin.py:149} INFO - Hello World! My name is Sai Tr and I am 19 years old!
[2023-05-25T10:34:55.410+0000] {python.py:183} INFO - Done. Returned value was: None
[2023-05-25T10:34:55.436+0000] {taskinstance.py:1350} INFO - Marking task as SUCCESS. dag_id=dag_with_taskflow_api_v02, task_id=greet, execution_date=20221229T000000, start_date=20230525T103454, end_date=20230525T103455
[2023-05-25T10:34:55.572+0000] {local_task_job_runner.py:225} INFO - Task exited with return code 0
[2023-05-25T10:34:55.693+0000] {taskinstance.py:2651} INFO - 0 downstream tasks scheduled from follow-on schedule check
