[2023-05-24T15:21:13.175+0000] {taskinstance.py:1103} INFO - Dependencies all met for dep_context=non-requeueable deps ti=<TaskInstance: dag_with_taskflow_api_v02.get_age scheduled__2022-05-06T00:00:00+00:00 [queued]>
[2023-05-24T15:21:13.317+0000] {taskinstance.py:1103} INFO - Dependencies all met for dep_context=requeueable deps ti=<TaskInstance: dag_with_taskflow_api_v02.get_age scheduled__2022-05-06T00:00:00+00:00 [queued]>
[2023-05-24T15:21:13.326+0000] {taskinstance.py:1308} INFO - Starting attempt 1 of 6
[2023-05-24T15:21:13.867+0000] {taskinstance.py:1327} INFO - Executing <Task(_PythonDecoratedOperator): get_age> on 2022-05-06 00:00:00+00:00
[2023-05-24T15:21:13.880+0000] {standard_task_runner.py:57} INFO - Started process 1497 to run task
[2023-05-24T15:21:13.929+0000] {standard_task_runner.py:84} INFO - Running: ['***', 'tasks', 'run', 'dag_with_taskflow_api_v02', 'get_age', 'scheduled__2022-05-06T00:00:00+00:00', '--job-id', '580', '--raw', '--subdir', 'DAGS_FOLDER/first_dag.py', '--cfg-path', '/tmp/tmpo3alot4r']
[2023-05-24T15:21:13.946+0000] {standard_task_runner.py:85} INFO - Job 580: Subtask get_age
[2023-05-24T15:21:14.249+0000] {task_command.py:410} INFO - Running <TaskInstance: dag_with_taskflow_api_v02.get_age scheduled__2022-05-06T00:00:00+00:00 [running]> on host 942de29f183d
[2023-05-24T15:21:14.763+0000] {taskinstance.py:1547} INFO - Exporting env vars: AIRFLOW_CTX_DAG_OWNER='Sai' AIRFLOW_CTX_DAG_ID='dag_with_taskflow_api_v02' AIRFLOW_CTX_TASK_ID='get_age' AIRFLOW_CTX_EXECUTION_DATE='2022-05-06T00:00:00+00:00' AIRFLOW_CTX_TRY_NUMBER='1' AIRFLOW_CTX_DAG_RUN_ID='scheduled__2022-05-06T00:00:00+00:00'
[2023-05-24T15:21:14.764+0000] {python.py:183} INFO - Done. Returned value was: 19
[2023-05-24T15:21:14.905+0000] {taskinstance.py:1350} INFO - Marking task as SUCCESS. dag_id=dag_with_taskflow_api_v02, task_id=get_age, execution_date=20220506T000000, start_date=20230524T152113, end_date=20230524T152114
[2023-05-24T15:21:15.094+0000] {local_task_job_runner.py:225} INFO - Task exited with return code 0
[2023-05-24T15:21:15.683+0000] {taskinstance.py:2651} INFO - 0 downstream tasks scheduled from follow-on schedule check
[2023-05-25T06:54:11.863+0000] {taskinstance.py:1103} INFO - Dependencies all met for dep_context=non-requeueable deps ti=<TaskInstance: dag_with_taskflow_api_v02.get_age scheduled__2022-05-06T00:00:00+00:00 [queued]>
[2023-05-25T06:54:11.880+0000] {taskinstance.py:1103} INFO - Dependencies all met for dep_context=requeueable deps ti=<TaskInstance: dag_with_taskflow_api_v02.get_age scheduled__2022-05-06T00:00:00+00:00 [queued]>
[2023-05-25T06:54:11.880+0000] {taskinstance.py:1308} INFO - Starting attempt 1 of 6
[2023-05-25T06:54:11.904+0000] {taskinstance.py:1327} INFO - Executing <Task(_PythonDecoratedOperator): get_age> on 2022-05-06 00:00:00+00:00
[2023-05-25T06:54:11.912+0000] {standard_task_runner.py:57} INFO - Started process 3021 to run task
[2023-05-25T06:54:11.918+0000] {standard_task_runner.py:84} INFO - Running: ['***', 'tasks', 'run', 'dag_with_taskflow_api_v02', 'get_age', 'scheduled__2022-05-06T00:00:00+00:00', '--job-id', '582', '--raw', '--subdir', 'DAGS_FOLDER/first_dag.py', '--cfg-path', '/tmp/tmp8rsd74nw']
[2023-05-25T06:54:11.921+0000] {standard_task_runner.py:85} INFO - Job 582: Subtask get_age
[2023-05-25T06:54:11.995+0000] {task_command.py:410} INFO - Running <TaskInstance: dag_with_taskflow_api_v02.get_age scheduled__2022-05-06T00:00:00+00:00 [running]> on host 6bd07c7477d9
[2023-05-25T06:54:12.161+0000] {taskinstance.py:1547} INFO - Exporting env vars: AIRFLOW_CTX_DAG_OWNER='Sai' AIRFLOW_CTX_DAG_ID='dag_with_taskflow_api_v02' AIRFLOW_CTX_TASK_ID='get_age' AIRFLOW_CTX_EXECUTION_DATE='2022-05-06T00:00:00+00:00' AIRFLOW_CTX_TRY_NUMBER='1' AIRFLOW_CTX_DAG_RUN_ID='scheduled__2022-05-06T00:00:00+00:00'
[2023-05-25T06:54:12.162+0000] {python.py:183} INFO - Done. Returned value was: 19
[2023-05-25T06:54:12.196+0000] {taskinstance.py:1350} INFO - Marking task as SUCCESS. dag_id=dag_with_taskflow_api_v02, task_id=get_age, execution_date=20220506T000000, start_date=20230525T065411, end_date=20230525T065412
[2023-05-25T06:54:12.250+0000] {local_task_job_runner.py:225} INFO - Task exited with return code 0
[2023-05-25T06:54:12.283+0000] {taskinstance.py:2651} INFO - 1 downstream tasks scheduled from follow-on schedule check
[2023-05-25T10:25:37.183+0000] {taskinstance.py:1103} INFO - Dependencies all met for dep_context=non-requeueable deps ti=<TaskInstance: dag_with_taskflow_api_v02.get_age scheduled__2022-05-06T00:00:00+00:00 [queued]>
[2023-05-25T10:25:37.215+0000] {taskinstance.py:1103} INFO - Dependencies all met for dep_context=requeueable deps ti=<TaskInstance: dag_with_taskflow_api_v02.get_age scheduled__2022-05-06T00:00:00+00:00 [queued]>
[2023-05-25T10:25:37.216+0000] {taskinstance.py:1308} INFO - Starting attempt 1 of 6
[2023-05-25T10:25:37.263+0000] {taskinstance.py:1327} INFO - Executing <Task(_PythonDecoratedOperator): get_age> on 2022-05-06 00:00:00+00:00
[2023-05-25T10:25:37.271+0000] {standard_task_runner.py:57} INFO - Started process 2614 to run task
[2023-05-25T10:25:37.293+0000] {standard_task_runner.py:84} INFO - Running: ['***', 'tasks', 'run', 'dag_with_taskflow_api_v02', 'get_age', 'scheduled__2022-05-06T00:00:00+00:00', '--job-id', '596', '--raw', '--subdir', 'DAGS_FOLDER/first_dag.py', '--cfg-path', '/tmp/tmpi1f6wdbs']
[2023-05-25T10:25:37.296+0000] {standard_task_runner.py:85} INFO - Job 596: Subtask get_age
[2023-05-25T10:25:37.473+0000] {task_command.py:410} INFO - Running <TaskInstance: dag_with_taskflow_api_v02.get_age scheduled__2022-05-06T00:00:00+00:00 [running]> on host b1ae37a9584e
[2023-05-25T10:25:37.935+0000] {taskinstance.py:1547} INFO - Exporting env vars: AIRFLOW_CTX_DAG_OWNER='Sai' AIRFLOW_CTX_DAG_ID='dag_with_taskflow_api_v02' AIRFLOW_CTX_TASK_ID='get_age' AIRFLOW_CTX_EXECUTION_DATE='2022-05-06T00:00:00+00:00' AIRFLOW_CTX_TRY_NUMBER='1' AIRFLOW_CTX_DAG_RUN_ID='scheduled__2022-05-06T00:00:00+00:00'
[2023-05-25T10:25:37.937+0000] {python.py:183} INFO - Done. Returned value was: 19
[2023-05-25T10:25:38.025+0000] {taskinstance.py:1350} INFO - Marking task as SUCCESS. dag_id=dag_with_taskflow_api_v02, task_id=get_age, execution_date=20220506T000000, start_date=20230525T102537, end_date=20230525T102538
[2023-05-25T10:25:38.342+0000] {local_task_job_runner.py:225} INFO - Task exited with return code 0
[2023-05-25T10:25:38.475+0000] {taskinstance.py:2651} INFO - 1 downstream tasks scheduled from follow-on schedule check
