[2023-05-24T15:21:33.715+0000] {taskinstance.py:1103} INFO - Dependencies all met for dep_context=non-requeueable deps ti=<TaskInstance: dag_with_taskflow_api_v02.greet scheduled__2022-05-12T00:00:00+00:00 [queued]>
[2023-05-24T15:21:33.804+0000] {taskinstance.py:1103} INFO - Dependencies all met for dep_context=requeueable deps ti=<TaskInstance: dag_with_taskflow_api_v02.greet scheduled__2022-05-12T00:00:00+00:00 [queued]>
[2023-05-24T15:21:33.805+0000] {taskinstance.py:1308} INFO - Starting attempt 1 of 6
[2023-05-24T15:21:34.018+0000] {taskinstance.py:1327} INFO - Executing <Task(_PythonDecoratedOperator): greet> on 2022-05-12 00:00:00+00:00
[2023-05-24T15:21:34.076+0000] {standard_task_runner.py:57} INFO - Started process 1573 to run task
[2023-05-24T15:21:34.140+0000] {standard_task_runner.py:84} INFO - Running: ['***', 'tasks', 'run', 'dag_with_taskflow_api_v02', 'greet', 'scheduled__2022-05-12T00:00:00+00:00', '--job-id', '616', '--raw', '--subdir', 'DAGS_FOLDER/first_dag.py', '--cfg-path', '/tmp/tmpsmip6r0x']
[2023-05-24T15:21:34.147+0000] {standard_task_runner.py:85} INFO - Job 616: Subtask greet
[2023-05-24T15:21:34.470+0000] {task_command.py:410} INFO - Running <TaskInstance: dag_with_taskflow_api_v02.greet scheduled__2022-05-12T00:00:00+00:00 [running]> on host 942de29f183d
[2023-05-24T15:21:35.938+0000] {taskinstance.py:1547} INFO - Exporting env vars: AIRFLOW_CTX_DAG_OWNER='Sai' AIRFLOW_CTX_DAG_ID='dag_with_taskflow_api_v02' AIRFLOW_CTX_TASK_ID='greet' AIRFLOW_CTX_EXECUTION_DATE='2022-05-12T00:00:00+00:00' AIRFLOW_CTX_TRY_NUMBER='1' AIRFLOW_CTX_DAG_RUN_ID='scheduled__2022-05-12T00:00:00+00:00'
[2023-05-24T15:21:35.940+0000] {logging_mixin.py:149} INFO - Hello World! My name is Sai Tr and I am 19 years old!
[2023-05-24T15:21:35.940+0000] {python.py:183} INFO - Done. Returned value was: None
[2023-05-24T15:21:36.008+0000] {taskinstance.py:1350} INFO - Marking task as SUCCESS. dag_id=dag_with_taskflow_api_v02, task_id=greet, execution_date=20220512T000000, start_date=20230524T152133, end_date=20230524T152136
[2023-05-24T15:21:36.100+0000] {local_task_job_runner.py:225} INFO - Task exited with return code 0
[2023-05-24T15:21:36.479+0000] {taskinstance.py:2651} INFO - 0 downstream tasks scheduled from follow-on schedule check
[2023-05-25T06:54:25.112+0000] {taskinstance.py:1103} INFO - Dependencies all met for dep_context=non-requeueable deps ti=<TaskInstance: dag_with_taskflow_api_v02.greet scheduled__2022-05-12T00:00:00+00:00 [queued]>
[2023-05-25T06:54:25.131+0000] {taskinstance.py:1103} INFO - Dependencies all met for dep_context=requeueable deps ti=<TaskInstance: dag_with_taskflow_api_v02.greet scheduled__2022-05-12T00:00:00+00:00 [queued]>
[2023-05-25T06:54:25.132+0000] {taskinstance.py:1308} INFO - Starting attempt 1 of 6
[2023-05-25T06:54:25.183+0000] {taskinstance.py:1327} INFO - Executing <Task(_PythonDecoratedOperator): greet> on 2022-05-12 00:00:00+00:00
[2023-05-25T06:54:25.205+0000] {standard_task_runner.py:57} INFO - Started process 3070 to run task
[2023-05-25T06:54:25.199+0000] {standard_task_runner.py:84} INFO - Running: ['***', 'tasks', 'run', 'dag_with_taskflow_api_v02', 'greet', 'scheduled__2022-05-12T00:00:00+00:00', '--job-id', '607', '--raw', '--subdir', 'DAGS_FOLDER/first_dag.py', '--cfg-path', '/tmp/tmpar39oeki']
[2023-05-25T06:54:25.208+0000] {standard_task_runner.py:85} INFO - Job 607: Subtask greet
[2023-05-25T06:54:25.329+0000] {task_command.py:410} INFO - Running <TaskInstance: dag_with_taskflow_api_v02.greet scheduled__2022-05-12T00:00:00+00:00 [running]> on host 6bd07c7477d9
[2023-05-25T06:54:25.596+0000] {taskinstance.py:1547} INFO - Exporting env vars: AIRFLOW_CTX_DAG_OWNER='Sai' AIRFLOW_CTX_DAG_ID='dag_with_taskflow_api_v02' AIRFLOW_CTX_TASK_ID='greet' AIRFLOW_CTX_EXECUTION_DATE='2022-05-12T00:00:00+00:00' AIRFLOW_CTX_TRY_NUMBER='1' AIRFLOW_CTX_DAG_RUN_ID='scheduled__2022-05-12T00:00:00+00:00'
[2023-05-25T06:54:25.598+0000] {logging_mixin.py:149} INFO - Hello World! My name is Sai Tr and I am 19 years old!
[2023-05-25T06:54:25.598+0000] {python.py:183} INFO - Done. Returned value was: None
[2023-05-25T06:54:25.614+0000] {taskinstance.py:1350} INFO - Marking task as SUCCESS. dag_id=dag_with_taskflow_api_v02, task_id=greet, execution_date=20220512T000000, start_date=20230525T065425, end_date=20230525T065425
[2023-05-25T06:54:25.664+0000] {local_task_job_runner.py:225} INFO - Task exited with return code 0
[2023-05-25T06:54:25.703+0000] {taskinstance.py:2651} INFO - 0 downstream tasks scheduled from follow-on schedule check
[2023-05-25T10:25:52.347+0000] {taskinstance.py:1103} INFO - Dependencies all met for dep_context=non-requeueable deps ti=<TaskInstance: dag_with_taskflow_api_v02.greet scheduled__2022-05-12T00:00:00+00:00 [queued]>
[2023-05-25T10:25:52.440+0000] {taskinstance.py:1103} INFO - Dependencies all met for dep_context=requeueable deps ti=<TaskInstance: dag_with_taskflow_api_v02.greet scheduled__2022-05-12T00:00:00+00:00 [queued]>
[2023-05-25T10:25:52.441+0000] {taskinstance.py:1308} INFO - Starting attempt 1 of 6
[2023-05-25T10:25:52.541+0000] {taskinstance.py:1327} INFO - Executing <Task(_PythonDecoratedOperator): greet> on 2022-05-12 00:00:00+00:00
[2023-05-25T10:25:52.549+0000] {standard_task_runner.py:57} INFO - Started process 2674 to run task
[2023-05-25T10:25:52.624+0000] {standard_task_runner.py:84} INFO - Running: ['***', 'tasks', 'run', 'dag_with_taskflow_api_v02', 'greet', 'scheduled__2022-05-12T00:00:00+00:00', '--job-id', '626', '--raw', '--subdir', 'DAGS_FOLDER/first_dag.py', '--cfg-path', '/tmp/tmpv3br11dl']
[2023-05-25T10:25:52.649+0000] {standard_task_runner.py:85} INFO - Job 626: Subtask greet
[2023-05-25T10:25:52.782+0000] {task_command.py:410} INFO - Running <TaskInstance: dag_with_taskflow_api_v02.greet scheduled__2022-05-12T00:00:00+00:00 [running]> on host b1ae37a9584e
[2023-05-25T10:25:53.260+0000] {taskinstance.py:1547} INFO - Exporting env vars: AIRFLOW_CTX_DAG_OWNER='Sai' AIRFLOW_CTX_DAG_ID='dag_with_taskflow_api_v02' AIRFLOW_CTX_TASK_ID='greet' AIRFLOW_CTX_EXECUTION_DATE='2022-05-12T00:00:00+00:00' AIRFLOW_CTX_TRY_NUMBER='1' AIRFLOW_CTX_DAG_RUN_ID='scheduled__2022-05-12T00:00:00+00:00'
[2023-05-25T10:25:53.261+0000] {logging_mixin.py:149} INFO - Hello World! My name is Sai Tr and I am 19 years old!
[2023-05-25T10:25:53.262+0000] {python.py:183} INFO - Done. Returned value was: None
[2023-05-25T10:25:53.317+0000] {taskinstance.py:1350} INFO - Marking task as SUCCESS. dag_id=dag_with_taskflow_api_v02, task_id=greet, execution_date=20220512T000000, start_date=20230525T102552, end_date=20230525T102553
[2023-05-25T10:25:53.586+0000] {local_task_job_runner.py:225} INFO - Task exited with return code 0
[2023-05-25T10:25:53.658+0000] {taskinstance.py:2651} INFO - 0 downstream tasks scheduled from follow-on schedule check
