[2023-05-24T15:26:23.667+0000] {taskinstance.py:1103} INFO - Dependencies all met for dep_context=non-requeueable deps ti=<TaskInstance: dag_with_taskflow_api_v02.get_age scheduled__2022-10-28T00:00:00+00:00 [queued]>
[2023-05-24T15:26:23.774+0000] {taskinstance.py:1103} INFO - Dependencies all met for dep_context=requeueable deps ti=<TaskInstance: dag_with_taskflow_api_v02.get_age scheduled__2022-10-28T00:00:00+00:00 [queued]>
[2023-05-24T15:26:23.775+0000] {taskinstance.py:1308} INFO - Starting attempt 1 of 6
[2023-05-24T15:26:24.808+0000] {taskinstance.py:1327} INFO - Executing <Task(_PythonDecoratedOperator): get_age> on 2022-10-28 00:00:00+00:00
[2023-05-24T15:26:24.824+0000] {standard_task_runner.py:57} INFO - Started process 2659 to run task
[2023-05-24T15:26:24.845+0000] {standard_task_runner.py:84} INFO - Running: ['***', 'tasks', 'run', 'dag_with_taskflow_api_v02', 'get_age', 'scheduled__2022-10-28T00:00:00+00:00', '--job-id', '1101', '--raw', '--subdir', 'DAGS_FOLDER/first_dag.py', '--cfg-path', '/tmp/tmpin84ho0k']
[2023-05-24T15:26:24.848+0000] {standard_task_runner.py:85} INFO - Job 1101: Subtask get_age
[2023-05-24T15:26:25.140+0000] {task_command.py:410} INFO - Running <TaskInstance: dag_with_taskflow_api_v02.get_age scheduled__2022-10-28T00:00:00+00:00 [running]> on host 942de29f183d
[2023-05-24T15:26:26.012+0000] {taskinstance.py:1547} INFO - Exporting env vars: AIRFLOW_CTX_DAG_OWNER='Sai' AIRFLOW_CTX_DAG_ID='dag_with_taskflow_api_v02' AIRFLOW_CTX_TASK_ID='get_age' AIRFLOW_CTX_EXECUTION_DATE='2022-10-28T00:00:00+00:00' AIRFLOW_CTX_TRY_NUMBER='1' AIRFLOW_CTX_DAG_RUN_ID='scheduled__2022-10-28T00:00:00+00:00'
[2023-05-24T15:26:26.013+0000] {python.py:183} INFO - Done. Returned value was: 19
[2023-05-24T15:26:26.222+0000] {taskinstance.py:1350} INFO - Marking task as SUCCESS. dag_id=dag_with_taskflow_api_v02, task_id=get_age, execution_date=20221028T000000, start_date=20230524T152623, end_date=20230524T152626
[2023-05-24T15:26:26.414+0000] {local_task_job_runner.py:225} INFO - Task exited with return code 0
[2023-05-24T15:26:26.711+0000] {taskinstance.py:2651} INFO - 1 downstream tasks scheduled from follow-on schedule check
[2023-05-25T06:58:58.619+0000] {taskinstance.py:1103} INFO - Dependencies all met for dep_context=non-requeueable deps ti=<TaskInstance: dag_with_taskflow_api_v02.get_age scheduled__2022-10-28T00:00:00+00:00 [queued]>
[2023-05-25T06:58:58.697+0000] {taskinstance.py:1103} INFO - Dependencies all met for dep_context=requeueable deps ti=<TaskInstance: dag_with_taskflow_api_v02.get_age scheduled__2022-10-28T00:00:00+00:00 [queued]>
[2023-05-25T06:58:58.698+0000] {taskinstance.py:1308} INFO - Starting attempt 1 of 6
[2023-05-25T06:58:59.606+0000] {taskinstance.py:1327} INFO - Executing <Task(_PythonDecoratedOperator): get_age> on 2022-10-28 00:00:00+00:00
[2023-05-25T06:58:59.631+0000] {standard_task_runner.py:57} INFO - Started process 4178 to run task
[2023-05-25T06:58:59.647+0000] {standard_task_runner.py:84} INFO - Running: ['***', 'tasks', 'run', 'dag_with_taskflow_api_v02', 'get_age', 'scheduled__2022-10-28T00:00:00+00:00', '--job-id', '1102', '--raw', '--subdir', 'DAGS_FOLDER/first_dag.py', '--cfg-path', '/tmp/tmpj1m2uwub']
[2023-05-25T06:58:59.668+0000] {standard_task_runner.py:85} INFO - Job 1102: Subtask get_age
[2023-05-25T06:59:00.126+0000] {task_command.py:410} INFO - Running <TaskInstance: dag_with_taskflow_api_v02.get_age scheduled__2022-10-28T00:00:00+00:00 [running]> on host 6bd07c7477d9
[2023-05-25T06:59:00.778+0000] {taskinstance.py:1547} INFO - Exporting env vars: AIRFLOW_CTX_DAG_OWNER='Sai' AIRFLOW_CTX_DAG_ID='dag_with_taskflow_api_v02' AIRFLOW_CTX_TASK_ID='get_age' AIRFLOW_CTX_EXECUTION_DATE='2022-10-28T00:00:00+00:00' AIRFLOW_CTX_TRY_NUMBER='1' AIRFLOW_CTX_DAG_RUN_ID='scheduled__2022-10-28T00:00:00+00:00'
[2023-05-25T06:59:00.779+0000] {python.py:183} INFO - Done. Returned value was: 19
[2023-05-25T06:59:00.929+0000] {taskinstance.py:1350} INFO - Marking task as SUCCESS. dag_id=dag_with_taskflow_api_v02, task_id=get_age, execution_date=20221028T000000, start_date=20230525T065858, end_date=20230525T065900
[2023-05-25T06:59:01.063+0000] {local_task_job_runner.py:225} INFO - Task exited with return code 0
[2023-05-25T06:59:01.262+0000] {taskinstance.py:2651} INFO - 1 downstream tasks scheduled from follow-on schedule check
[2023-05-25T10:32:34.663+0000] {taskinstance.py:1103} INFO - Dependencies all met for dep_context=non-requeueable deps ti=<TaskInstance: dag_with_taskflow_api_v02.get_age scheduled__2022-10-28T00:00:00+00:00 [queued]>
[2023-05-25T10:32:34.742+0000] {taskinstance.py:1103} INFO - Dependencies all met for dep_context=requeueable deps ti=<TaskInstance: dag_with_taskflow_api_v02.get_age scheduled__2022-10-28T00:00:00+00:00 [queued]>
[2023-05-25T10:32:34.742+0000] {taskinstance.py:1308} INFO - Starting attempt 1 of 6
[2023-05-25T10:32:35.473+0000] {taskinstance.py:1327} INFO - Executing <Task(_PythonDecoratedOperator): get_age> on 2022-10-28 00:00:00+00:00
[2023-05-25T10:32:35.513+0000] {standard_task_runner.py:57} INFO - Started process 3811 to run task
[2023-05-25T10:32:35.538+0000] {standard_task_runner.py:84} INFO - Running: ['***', 'tasks', 'run', 'dag_with_taskflow_api_v02', 'get_age', 'scheduled__2022-10-28T00:00:00+00:00', '--job-id', '1113', '--raw', '--subdir', 'DAGS_FOLDER/first_dag.py', '--cfg-path', '/tmp/tmph156kl_d']
[2023-05-25T10:32:35.564+0000] {standard_task_runner.py:85} INFO - Job 1113: Subtask get_age
[2023-05-25T10:32:36.412+0000] {task_command.py:410} INFO - Running <TaskInstance: dag_with_taskflow_api_v02.get_age scheduled__2022-10-28T00:00:00+00:00 [running]> on host b1ae37a9584e
[2023-05-25T10:32:39.363+0000] {taskinstance.py:1547} INFO - Exporting env vars: AIRFLOW_CTX_DAG_OWNER='Sai' AIRFLOW_CTX_DAG_ID='dag_with_taskflow_api_v02' AIRFLOW_CTX_TASK_ID='get_age' AIRFLOW_CTX_EXECUTION_DATE='2022-10-28T00:00:00+00:00' AIRFLOW_CTX_TRY_NUMBER='1' AIRFLOW_CTX_DAG_RUN_ID='scheduled__2022-10-28T00:00:00+00:00'
[2023-05-25T10:32:39.364+0000] {python.py:183} INFO - Done. Returned value was: 19
[2023-05-25T10:32:39.518+0000] {taskinstance.py:1350} INFO - Marking task as SUCCESS. dag_id=dag_with_taskflow_api_v02, task_id=get_age, execution_date=20221028T000000, start_date=20230525T103234, end_date=20230525T103239
[2023-05-25T10:32:39.761+0000] {local_task_job_runner.py:225} INFO - Task exited with return code 0
[2023-05-25T10:32:40.300+0000] {taskinstance.py:2651} INFO - 1 downstream tasks scheduled from follow-on schedule check
