[2023-05-24T15:24:18.566+0000] {taskinstance.py:1103} INFO - Dependencies all met for dep_context=non-requeueable deps ti=<TaskInstance: dag_with_taskflow_api_v02.get_age scheduled__2022-08-13T00:00:00+00:00 [queued]>
[2023-05-24T15:24:18.657+0000] {taskinstance.py:1103} INFO - Dependencies all met for dep_context=requeueable deps ti=<TaskInstance: dag_with_taskflow_api_v02.get_age scheduled__2022-08-13T00:00:00+00:00 [queued]>
[2023-05-24T15:24:18.657+0000] {taskinstance.py:1308} INFO - Starting attempt 1 of 6
[2023-05-24T15:24:18.774+0000] {taskinstance.py:1327} INFO - Executing <Task(_PythonDecoratedOperator): get_age> on 2022-08-13 00:00:00+00:00
[2023-05-24T15:24:18.782+0000] {standard_task_runner.py:57} INFO - Started process 2154 to run task
[2023-05-24T15:24:18.808+0000] {standard_task_runner.py:84} INFO - Running: ['***', 'tasks', 'run', 'dag_with_taskflow_api_v02', 'get_age', 'scheduled__2022-08-13T00:00:00+00:00', '--job-id', '873', '--raw', '--subdir', 'DAGS_FOLDER/first_dag.py', '--cfg-path', '/tmp/tmp4zeb6hed']
[2023-05-24T15:24:18.831+0000] {standard_task_runner.py:85} INFO - Job 873: Subtask get_age
[2023-05-24T15:24:19.206+0000] {task_command.py:410} INFO - Running <TaskInstance: dag_with_taskflow_api_v02.get_age scheduled__2022-08-13T00:00:00+00:00 [running]> on host 942de29f183d
[2023-05-24T15:24:19.995+0000] {taskinstance.py:1547} INFO - Exporting env vars: AIRFLOW_CTX_DAG_OWNER='Sai' AIRFLOW_CTX_DAG_ID='dag_with_taskflow_api_v02' AIRFLOW_CTX_TASK_ID='get_age' AIRFLOW_CTX_EXECUTION_DATE='2022-08-13T00:00:00+00:00' AIRFLOW_CTX_TRY_NUMBER='1' AIRFLOW_CTX_DAG_RUN_ID='scheduled__2022-08-13T00:00:00+00:00'
[2023-05-24T15:24:19.996+0000] {python.py:183} INFO - Done. Returned value was: 19
[2023-05-24T15:24:20.112+0000] {taskinstance.py:1350} INFO - Marking task as SUCCESS. dag_id=dag_with_taskflow_api_v02, task_id=get_age, execution_date=20220813T000000, start_date=20230524T152418, end_date=20230524T152420
[2023-05-24T15:24:20.280+0000] {local_task_job_runner.py:225} INFO - Task exited with return code 0
[2023-05-24T15:24:20.617+0000] {taskinstance.py:2651} INFO - 0 downstream tasks scheduled from follow-on schedule check
[2023-05-25T06:56:52.835+0000] {taskinstance.py:1103} INFO - Dependencies all met for dep_context=non-requeueable deps ti=<TaskInstance: dag_with_taskflow_api_v02.get_age scheduled__2022-08-13T00:00:00+00:00 [queued]>
[2023-05-25T06:56:52.937+0000] {taskinstance.py:1103} INFO - Dependencies all met for dep_context=requeueable deps ti=<TaskInstance: dag_with_taskflow_api_v02.get_age scheduled__2022-08-13T00:00:00+00:00 [queued]>
[2023-05-25T06:56:52.938+0000] {taskinstance.py:1308} INFO - Starting attempt 1 of 6
[2023-05-25T06:56:53.718+0000] {taskinstance.py:1327} INFO - Executing <Task(_PythonDecoratedOperator): get_age> on 2022-08-13 00:00:00+00:00
[2023-05-25T06:56:53.725+0000] {standard_task_runner.py:57} INFO - Started process 3668 to run task
[2023-05-25T06:56:53.793+0000] {standard_task_runner.py:84} INFO - Running: ['***', 'tasks', 'run', 'dag_with_taskflow_api_v02', 'get_age', 'scheduled__2022-08-13T00:00:00+00:00', '--job-id', '871', '--raw', '--subdir', 'DAGS_FOLDER/first_dag.py', '--cfg-path', '/tmp/tmps9eg_bc_']
[2023-05-25T06:56:53.796+0000] {standard_task_runner.py:85} INFO - Job 871: Subtask get_age
[2023-05-25T06:56:54.088+0000] {task_command.py:410} INFO - Running <TaskInstance: dag_with_taskflow_api_v02.get_age scheduled__2022-08-13T00:00:00+00:00 [running]> on host 6bd07c7477d9
[2023-05-25T06:56:55.774+0000] {taskinstance.py:1547} INFO - Exporting env vars: AIRFLOW_CTX_DAG_OWNER='Sai' AIRFLOW_CTX_DAG_ID='dag_with_taskflow_api_v02' AIRFLOW_CTX_TASK_ID='get_age' AIRFLOW_CTX_EXECUTION_DATE='2022-08-13T00:00:00+00:00' AIRFLOW_CTX_TRY_NUMBER='1' AIRFLOW_CTX_DAG_RUN_ID='scheduled__2022-08-13T00:00:00+00:00'
[2023-05-25T06:56:55.776+0000] {python.py:183} INFO - Done. Returned value was: 19
[2023-05-25T06:56:55.944+0000] {taskinstance.py:1350} INFO - Marking task as SUCCESS. dag_id=dag_with_taskflow_api_v02, task_id=get_age, execution_date=20220813T000000, start_date=20230525T065652, end_date=20230525T065655
[2023-05-25T06:56:56.052+0000] {local_task_job_runner.py:225} INFO - Task exited with return code 0
[2023-05-25T06:56:56.621+0000] {taskinstance.py:2651} INFO - 1 downstream tasks scheduled from follow-on schedule check
[2023-05-25T10:29:47.820+0000] {taskinstance.py:1103} INFO - Dependencies all met for dep_context=non-requeueable deps ti=<TaskInstance: dag_with_taskflow_api_v02.get_age scheduled__2022-08-13T00:00:00+00:00 [queued]>
[2023-05-25T10:29:47.999+0000] {taskinstance.py:1103} INFO - Dependencies all met for dep_context=requeueable deps ti=<TaskInstance: dag_with_taskflow_api_v02.get_age scheduled__2022-08-13T00:00:00+00:00 [queued]>
[2023-05-25T10:29:48.000+0000] {taskinstance.py:1308} INFO - Starting attempt 1 of 6
[2023-05-25T10:29:48.432+0000] {taskinstance.py:1327} INFO - Executing <Task(_PythonDecoratedOperator): get_age> on 2022-08-13 00:00:00+00:00
[2023-05-25T10:29:48.521+0000] {standard_task_runner.py:57} INFO - Started process 3283 to run task
[2023-05-25T10:29:48.610+0000] {standard_task_runner.py:84} INFO - Running: ['***', 'tasks', 'run', 'dag_with_taskflow_api_v02', 'get_age', 'scheduled__2022-08-13T00:00:00+00:00', '--job-id', '886', '--raw', '--subdir', 'DAGS_FOLDER/first_dag.py', '--cfg-path', '/tmp/tmpnssivfhz']
[2023-05-25T10:29:48.698+0000] {standard_task_runner.py:85} INFO - Job 886: Subtask get_age
[2023-05-25T10:29:49.377+0000] {task_command.py:410} INFO - Running <TaskInstance: dag_with_taskflow_api_v02.get_age scheduled__2022-08-13T00:00:00+00:00 [running]> on host b1ae37a9584e
[2023-05-25T10:29:50.963+0000] {taskinstance.py:1547} INFO - Exporting env vars: AIRFLOW_CTX_DAG_OWNER='Sai' AIRFLOW_CTX_DAG_ID='dag_with_taskflow_api_v02' AIRFLOW_CTX_TASK_ID='get_age' AIRFLOW_CTX_EXECUTION_DATE='2022-08-13T00:00:00+00:00' AIRFLOW_CTX_TRY_NUMBER='1' AIRFLOW_CTX_DAG_RUN_ID='scheduled__2022-08-13T00:00:00+00:00'
[2023-05-25T10:29:50.965+0000] {python.py:183} INFO - Done. Returned value was: 19
[2023-05-25T10:29:51.131+0000] {taskinstance.py:1350} INFO - Marking task as SUCCESS. dag_id=dag_with_taskflow_api_v02, task_id=get_age, execution_date=20220813T000000, start_date=20230525T102947, end_date=20230525T102951
[2023-05-25T10:29:51.244+0000] {local_task_job_runner.py:225} INFO - Task exited with return code 0
[2023-05-25T10:29:52.570+0000] {taskinstance.py:2651} INFO - 1 downstream tasks scheduled from follow-on schedule check
