[2023-05-24T15:19:28.303+0000] {taskinstance.py:1103} INFO - Dependencies all met for dep_context=non-requeueable deps ti=<TaskInstance: dag_with_taskflow_api_v02.get_name scheduled__2022-03-13T00:00:00+00:00 [queued]>
[2023-05-24T15:19:28.414+0000] {taskinstance.py:1103} INFO - Dependencies all met for dep_context=requeueable deps ti=<TaskInstance: dag_with_taskflow_api_v02.get_name scheduled__2022-03-13T00:00:00+00:00 [queued]>
[2023-05-24T15:19:28.415+0000] {taskinstance.py:1308} INFO - Starting attempt 1 of 6
[2023-05-24T15:19:28.981+0000] {taskinstance.py:1327} INFO - Executing <Task(_PythonDecoratedOperator): get_name> on 2022-03-13 00:00:00+00:00
[2023-05-24T15:19:29.051+0000] {standard_task_runner.py:57} INFO - Started process 1115 to run task
[2023-05-24T15:19:29.118+0000] {standard_task_runner.py:84} INFO - Running: ['***', 'tasks', 'run', 'dag_with_taskflow_api_v02', 'get_name', 'scheduled__2022-03-13T00:00:00+00:00', '--job-id', '411', '--raw', '--subdir', 'DAGS_FOLDER/first_dag.py', '--cfg-path', '/tmp/tmpkqvrm1kc']
[2023-05-24T15:19:29.121+0000] {standard_task_runner.py:85} INFO - Job 411: Subtask get_name
[2023-05-24T15:19:29.716+0000] {task_command.py:410} INFO - Running <TaskInstance: dag_with_taskflow_api_v02.get_name scheduled__2022-03-13T00:00:00+00:00 [running]> on host 942de29f183d
[2023-05-24T15:19:30.141+0000] {taskinstance.py:1547} INFO - Exporting env vars: AIRFLOW_CTX_DAG_OWNER='Sai' AIRFLOW_CTX_DAG_ID='dag_with_taskflow_api_v02' AIRFLOW_CTX_TASK_ID='get_name' AIRFLOW_CTX_EXECUTION_DATE='2022-03-13T00:00:00+00:00' AIRFLOW_CTX_TRY_NUMBER='1' AIRFLOW_CTX_DAG_RUN_ID='scheduled__2022-03-13T00:00:00+00:00'
[2023-05-24T15:19:30.142+0000] {python.py:183} INFO - Done. Returned value was: {'first_name': 'Sai', 'last_name': 'Tr'}
[2023-05-24T15:19:30.365+0000] {taskinstance.py:1350} INFO - Marking task as SUCCESS. dag_id=dag_with_taskflow_api_v02, task_id=get_name, execution_date=20220313T000000, start_date=20230524T151928, end_date=20230524T151930
[2023-05-24T15:19:30.471+0000] {local_task_job_runner.py:225} INFO - Task exited with return code 0
[2023-05-24T15:19:31.002+0000] {taskinstance.py:2651} INFO - 0 downstream tasks scheduled from follow-on schedule check
[2023-05-25T06:52:47.162+0000] {taskinstance.py:1103} INFO - Dependencies all met for dep_context=non-requeueable deps ti=<TaskInstance: dag_with_taskflow_api_v02.get_name scheduled__2022-03-13T00:00:00+00:00 [queued]>
[2023-05-25T06:52:47.240+0000] {taskinstance.py:1103} INFO - Dependencies all met for dep_context=requeueable deps ti=<TaskInstance: dag_with_taskflow_api_v02.get_name scheduled__2022-03-13T00:00:00+00:00 [queued]>
[2023-05-25T06:52:47.240+0000] {taskinstance.py:1308} INFO - Starting attempt 1 of 6
[2023-05-25T06:52:47.342+0000] {taskinstance.py:1327} INFO - Executing <Task(_PythonDecoratedOperator): get_name> on 2022-03-13 00:00:00+00:00
[2023-05-25T06:52:47.350+0000] {standard_task_runner.py:57} INFO - Started process 2663 to run task
[2023-05-25T06:52:47.367+0000] {standard_task_runner.py:84} INFO - Running: ['***', 'tasks', 'run', 'dag_with_taskflow_api_v02', 'get_name', 'scheduled__2022-03-13T00:00:00+00:00', '--job-id', '419', '--raw', '--subdir', 'DAGS_FOLDER/first_dag.py', '--cfg-path', '/tmp/tmpr2a6ujij']
[2023-05-25T06:52:47.370+0000] {standard_task_runner.py:85} INFO - Job 419: Subtask get_name
[2023-05-25T06:52:47.685+0000] {task_command.py:410} INFO - Running <TaskInstance: dag_with_taskflow_api_v02.get_name scheduled__2022-03-13T00:00:00+00:00 [running]> on host 6bd07c7477d9
[2023-05-25T06:52:48.270+0000] {taskinstance.py:1547} INFO - Exporting env vars: AIRFLOW_CTX_DAG_OWNER='Sai' AIRFLOW_CTX_DAG_ID='dag_with_taskflow_api_v02' AIRFLOW_CTX_TASK_ID='get_name' AIRFLOW_CTX_EXECUTION_DATE='2022-03-13T00:00:00+00:00' AIRFLOW_CTX_TRY_NUMBER='1' AIRFLOW_CTX_DAG_RUN_ID='scheduled__2022-03-13T00:00:00+00:00'
[2023-05-25T06:52:48.271+0000] {python.py:183} INFO - Done. Returned value was: {'first_name': 'Sai', 'last_name': 'Tr'}
[2023-05-25T06:52:48.433+0000] {taskinstance.py:1350} INFO - Marking task as SUCCESS. dag_id=dag_with_taskflow_api_v02, task_id=get_name, execution_date=20220313T000000, start_date=20230525T065247, end_date=20230525T065248
[2023-05-25T06:52:48.489+0000] {local_task_job_runner.py:225} INFO - Task exited with return code 0
[2023-05-25T06:52:48.598+0000] {taskinstance.py:2651} INFO - 1 downstream tasks scheduled from follow-on schedule check
[2023-05-25T10:23:47.673+0000] {taskinstance.py:1103} INFO - Dependencies all met for dep_context=non-requeueable deps ti=<TaskInstance: dag_with_taskflow_api_v02.get_name scheduled__2022-03-13T00:00:00+00:00 [queued]>
[2023-05-25T10:23:47.708+0000] {taskinstance.py:1103} INFO - Dependencies all met for dep_context=requeueable deps ti=<TaskInstance: dag_with_taskflow_api_v02.get_name scheduled__2022-03-13T00:00:00+00:00 [queued]>
[2023-05-25T10:23:47.709+0000] {taskinstance.py:1308} INFO - Starting attempt 1 of 6
[2023-05-25T10:23:47.791+0000] {taskinstance.py:1327} INFO - Executing <Task(_PythonDecoratedOperator): get_name> on 2022-03-13 00:00:00+00:00
[2023-05-25T10:23:47.812+0000] {standard_task_runner.py:57} INFO - Started process 2194 to run task
[2023-05-25T10:23:47.830+0000] {standard_task_runner.py:84} INFO - Running: ['***', 'tasks', 'run', 'dag_with_taskflow_api_v02', 'get_name', 'scheduled__2022-03-13T00:00:00+00:00', '--job-id', '409', '--raw', '--subdir', 'DAGS_FOLDER/first_dag.py', '--cfg-path', '/tmp/tmprfi_1v_3']
[2023-05-25T10:23:47.844+0000] {standard_task_runner.py:85} INFO - Job 409: Subtask get_name
[2023-05-25T10:23:48.099+0000] {task_command.py:410} INFO - Running <TaskInstance: dag_with_taskflow_api_v02.get_name scheduled__2022-03-13T00:00:00+00:00 [running]> on host b1ae37a9584e
[2023-05-25T10:23:48.664+0000] {taskinstance.py:1547} INFO - Exporting env vars: AIRFLOW_CTX_DAG_OWNER='Sai' AIRFLOW_CTX_DAG_ID='dag_with_taskflow_api_v02' AIRFLOW_CTX_TASK_ID='get_name' AIRFLOW_CTX_EXECUTION_DATE='2022-03-13T00:00:00+00:00' AIRFLOW_CTX_TRY_NUMBER='1' AIRFLOW_CTX_DAG_RUN_ID='scheduled__2022-03-13T00:00:00+00:00'
[2023-05-25T10:23:48.666+0000] {python.py:183} INFO - Done. Returned value was: {'first_name': 'Sai', 'last_name': 'Tr'}
[2023-05-25T10:23:48.854+0000] {taskinstance.py:1350} INFO - Marking task as SUCCESS. dag_id=dag_with_taskflow_api_v02, task_id=get_name, execution_date=20220313T000000, start_date=20230525T102347, end_date=20230525T102348
[2023-05-25T10:23:48.931+0000] {local_task_job_runner.py:225} INFO - Task exited with return code 0
[2023-05-25T10:23:49.092+0000] {taskinstance.py:2651} INFO - 0 downstream tasks scheduled from follow-on schedule check
