[2023-05-24T15:17:40.345+0000] {taskinstance.py:1103} INFO - Dependencies all met for dep_context=non-requeueable deps ti=<TaskInstance: dag_with_taskflow_api_v02.greet scheduled__2022-01-08T00:00:00+00:00 [queued]>
[2023-05-24T15:17:40.506+0000] {taskinstance.py:1103} INFO - Dependencies all met for dep_context=requeueable deps ti=<TaskInstance: dag_with_taskflow_api_v02.greet scheduled__2022-01-08T00:00:00+00:00 [queued]>
[2023-05-24T15:17:40.507+0000] {taskinstance.py:1308} INFO - Starting attempt 1 of 6
[2023-05-24T15:17:40.852+0000] {taskinstance.py:1327} INFO - Executing <Task(_PythonDecoratedOperator): greet> on 2022-01-08 00:00:00+00:00
[2023-05-24T15:17:40.905+0000] {standard_task_runner.py:57} INFO - Started process 743 to run task
[2023-05-24T15:17:40.986+0000] {standard_task_runner.py:84} INFO - Running: ['***', 'tasks', 'run', 'dag_with_taskflow_api_v02', 'greet', 'scheduled__2022-01-08T00:00:00+00:00', '--job-id', '246', '--raw', '--subdir', 'DAGS_FOLDER/first_dag.py', '--cfg-path', '/tmp/tmp4819m9_0']
[2023-05-24T15:17:41.025+0000] {standard_task_runner.py:85} INFO - Job 246: Subtask greet
[2023-05-24T15:17:41.841+0000] {task_command.py:410} INFO - Running <TaskInstance: dag_with_taskflow_api_v02.greet scheduled__2022-01-08T00:00:00+00:00 [running]> on host 942de29f183d
[2023-05-24T15:17:43.690+0000] {taskinstance.py:1547} INFO - Exporting env vars: AIRFLOW_CTX_DAG_OWNER='Sai' AIRFLOW_CTX_DAG_ID='dag_with_taskflow_api_v02' AIRFLOW_CTX_TASK_ID='greet' AIRFLOW_CTX_EXECUTION_DATE='2022-01-08T00:00:00+00:00' AIRFLOW_CTX_TRY_NUMBER='1' AIRFLOW_CTX_DAG_RUN_ID='scheduled__2022-01-08T00:00:00+00:00'
[2023-05-24T15:17:43.691+0000] {logging_mixin.py:149} INFO - Hello World! My name is Sai Tr and I am 19 years old!
[2023-05-24T15:17:43.692+0000] {python.py:183} INFO - Done. Returned value was: None
[2023-05-24T15:17:43.827+0000] {taskinstance.py:1350} INFO - Marking task as SUCCESS. dag_id=dag_with_taskflow_api_v02, task_id=greet, execution_date=20220108T000000, start_date=20230524T151740, end_date=20230524T151743
[2023-05-24T15:17:43.952+0000] {local_task_job_runner.py:225} INFO - Task exited with return code 0
[2023-05-24T15:17:44.309+0000] {taskinstance.py:2651} INFO - 0 downstream tasks scheduled from follow-on schedule check
[2023-05-25T06:51:03.077+0000] {taskinstance.py:1103} INFO - Dependencies all met for dep_context=non-requeueable deps ti=<TaskInstance: dag_with_taskflow_api_v02.greet scheduled__2022-01-08T00:00:00+00:00 [queued]>
[2023-05-25T06:51:03.115+0000] {taskinstance.py:1103} INFO - Dependencies all met for dep_context=requeueable deps ti=<TaskInstance: dag_with_taskflow_api_v02.greet scheduled__2022-01-08T00:00:00+00:00 [queued]>
[2023-05-25T06:51:03.116+0000] {taskinstance.py:1308} INFO - Starting attempt 1 of 6
[2023-05-25T06:51:03.154+0000] {taskinstance.py:1327} INFO - Executing <Task(_PythonDecoratedOperator): greet> on 2022-01-08 00:00:00+00:00
[2023-05-25T06:51:03.162+0000] {standard_task_runner.py:57} INFO - Started process 2236 to run task
[2023-05-25T06:51:03.175+0000] {standard_task_runner.py:84} INFO - Running: ['***', 'tasks', 'run', 'dag_with_taskflow_api_v02', 'greet', 'scheduled__2022-01-08T00:00:00+00:00', '--job-id', '232', '--raw', '--subdir', 'DAGS_FOLDER/first_dag.py', '--cfg-path', '/tmp/tmpe0y9xix_']
[2023-05-25T06:51:03.180+0000] {standard_task_runner.py:85} INFO - Job 232: Subtask greet
[2023-05-25T06:51:03.285+0000] {task_command.py:410} INFO - Running <TaskInstance: dag_with_taskflow_api_v02.greet scheduled__2022-01-08T00:00:00+00:00 [running]> on host 6bd07c7477d9
[2023-05-25T06:51:03.601+0000] {taskinstance.py:1547} INFO - Exporting env vars: AIRFLOW_CTX_DAG_OWNER='Sai' AIRFLOW_CTX_DAG_ID='dag_with_taskflow_api_v02' AIRFLOW_CTX_TASK_ID='greet' AIRFLOW_CTX_EXECUTION_DATE='2022-01-08T00:00:00+00:00' AIRFLOW_CTX_TRY_NUMBER='1' AIRFLOW_CTX_DAG_RUN_ID='scheduled__2022-01-08T00:00:00+00:00'
[2023-05-25T06:51:03.603+0000] {logging_mixin.py:149} INFO - Hello World! My name is Sai Tr and I am 19 years old!
[2023-05-25T06:51:03.603+0000] {python.py:183} INFO - Done. Returned value was: None
[2023-05-25T06:51:03.625+0000] {taskinstance.py:1350} INFO - Marking task as SUCCESS. dag_id=dag_with_taskflow_api_v02, task_id=greet, execution_date=20220108T000000, start_date=20230525T065103, end_date=20230525T065103
[2023-05-25T06:51:03.667+0000] {local_task_job_runner.py:225} INFO - Task exited with return code 0
[2023-05-25T06:51:03.701+0000] {taskinstance.py:2651} INFO - 0 downstream tasks scheduled from follow-on schedule check
[2023-05-25T10:21:35.749+0000] {taskinstance.py:1103} INFO - Dependencies all met for dep_context=non-requeueable deps ti=<TaskInstance: dag_with_taskflow_api_v02.greet scheduled__2022-01-08T00:00:00+00:00 [queued]>
[2023-05-25T10:21:35.928+0000] {taskinstance.py:1103} INFO - Dependencies all met for dep_context=requeueable deps ti=<TaskInstance: dag_with_taskflow_api_v02.greet scheduled__2022-01-08T00:00:00+00:00 [queued]>
[2023-05-25T10:21:35.939+0000] {taskinstance.py:1308} INFO - Starting attempt 1 of 6
[2023-05-25T10:21:36.147+0000] {taskinstance.py:1327} INFO - Executing <Task(_PythonDecoratedOperator): greet> on 2022-01-08 00:00:00+00:00
[2023-05-25T10:21:36.199+0000] {standard_task_runner.py:57} INFO - Started process 1790 to run task
[2023-05-25T10:21:36.295+0000] {standard_task_runner.py:84} INFO - Running: ['***', 'tasks', 'run', 'dag_with_taskflow_api_v02', 'greet', 'scheduled__2022-01-08T00:00:00+00:00', '--job-id', '229', '--raw', '--subdir', 'DAGS_FOLDER/first_dag.py', '--cfg-path', '/tmp/tmpqapo72eu']
[2023-05-25T10:21:36.323+0000] {standard_task_runner.py:85} INFO - Job 229: Subtask greet
[2023-05-25T10:21:36.638+0000] {task_command.py:410} INFO - Running <TaskInstance: dag_with_taskflow_api_v02.greet scheduled__2022-01-08T00:00:00+00:00 [running]> on host b1ae37a9584e
[2023-05-25T10:21:37.763+0000] {taskinstance.py:1547} INFO - Exporting env vars: AIRFLOW_CTX_DAG_OWNER='Sai' AIRFLOW_CTX_DAG_ID='dag_with_taskflow_api_v02' AIRFLOW_CTX_TASK_ID='greet' AIRFLOW_CTX_EXECUTION_DATE='2022-01-08T00:00:00+00:00' AIRFLOW_CTX_TRY_NUMBER='1' AIRFLOW_CTX_DAG_RUN_ID='scheduled__2022-01-08T00:00:00+00:00'
[2023-05-25T10:21:37.764+0000] {logging_mixin.py:149} INFO - Hello World! My name is Sai Tr and I am 19 years old!
[2023-05-25T10:21:37.765+0000] {python.py:183} INFO - Done. Returned value was: None
[2023-05-25T10:21:37.796+0000] {taskinstance.py:1350} INFO - Marking task as SUCCESS. dag_id=dag_with_taskflow_api_v02, task_id=greet, execution_date=20220108T000000, start_date=20230525T102135, end_date=20230525T102137
[2023-05-25T10:21:37.923+0000] {local_task_job_runner.py:225} INFO - Task exited with return code 0
[2023-05-25T10:21:38.042+0000] {taskinstance.py:2651} INFO - 0 downstream tasks scheduled from follow-on schedule check
