[2023-05-24T15:30:43.147+0000] {taskinstance.py:1103} INFO - Dependencies all met for dep_context=non-requeueable deps ti=<TaskInstance: dag_with_taskflow_api_v02.get_age scheduled__2023-04-01T00:00:00+00:00 [queued]>
[2023-05-24T15:30:43.228+0000] {taskinstance.py:1103} INFO - Dependencies all met for dep_context=requeueable deps ti=<TaskInstance: dag_with_taskflow_api_v02.get_age scheduled__2023-04-01T00:00:00+00:00 [queued]>
[2023-05-24T15:30:43.228+0000] {taskinstance.py:1308} INFO - Starting attempt 1 of 6
[2023-05-24T15:30:43.413+0000] {taskinstance.py:1327} INFO - Executing <Task(_PythonDecoratedOperator): get_age> on 2023-04-01 00:00:00+00:00
[2023-05-24T15:30:43.471+0000] {standard_task_runner.py:57} INFO - Started process 3701 to run task
[2023-05-24T15:30:43.522+0000] {standard_task_runner.py:84} INFO - Running: ['***', 'tasks', 'run', 'dag_with_taskflow_api_v02', 'get_age', 'scheduled__2023-04-01T00:00:00+00:00', '--job-id', '1571', '--raw', '--subdir', 'DAGS_FOLDER/first_dag.py', '--cfg-path', '/tmp/tmpj3cjfc0f']
[2023-05-24T15:30:43.525+0000] {standard_task_runner.py:85} INFO - Job 1571: Subtask get_age
[2023-05-24T15:30:44.050+0000] {task_command.py:410} INFO - Running <TaskInstance: dag_with_taskflow_api_v02.get_age scheduled__2023-04-01T00:00:00+00:00 [running]> on host 942de29f183d
[2023-05-24T15:30:44.861+0000] {taskinstance.py:1547} INFO - Exporting env vars: AIRFLOW_CTX_DAG_OWNER='Sai' AIRFLOW_CTX_DAG_ID='dag_with_taskflow_api_v02' AIRFLOW_CTX_TASK_ID='get_age' AIRFLOW_CTX_EXECUTION_DATE='2023-04-01T00:00:00+00:00' AIRFLOW_CTX_TRY_NUMBER='1' AIRFLOW_CTX_DAG_RUN_ID='scheduled__2023-04-01T00:00:00+00:00'
[2023-05-24T15:30:44.864+0000] {python.py:183} INFO - Done. Returned value was: 19
[2023-05-24T15:30:45.005+0000] {taskinstance.py:1350} INFO - Marking task as SUCCESS. dag_id=dag_with_taskflow_api_v02, task_id=get_age, execution_date=20230401T000000, start_date=20230524T153043, end_date=20230524T153045
[2023-05-24T15:30:45.211+0000] {local_task_job_runner.py:225} INFO - Task exited with return code 0
[2023-05-24T15:30:45.440+0000] {taskinstance.py:2651} INFO - 1 downstream tasks scheduled from follow-on schedule check
[2023-05-25T07:03:11.174+0000] {taskinstance.py:1103} INFO - Dependencies all met for dep_context=non-requeueable deps ti=<TaskInstance: dag_with_taskflow_api_v02.get_age scheduled__2023-04-01T00:00:00+00:00 [queued]>
[2023-05-25T07:03:11.258+0000] {taskinstance.py:1103} INFO - Dependencies all met for dep_context=requeueable deps ti=<TaskInstance: dag_with_taskflow_api_v02.get_age scheduled__2023-04-01T00:00:00+00:00 [queued]>
[2023-05-25T07:03:11.259+0000] {taskinstance.py:1308} INFO - Starting attempt 1 of 6
[2023-05-25T07:03:11.474+0000] {taskinstance.py:1327} INFO - Executing <Task(_PythonDecoratedOperator): get_age> on 2023-04-01 00:00:00+00:00
[2023-05-25T07:03:11.520+0000] {standard_task_runner.py:84} INFO - Running: ['***', 'tasks', 'run', 'dag_with_taskflow_api_v02', 'get_age', 'scheduled__2023-04-01T00:00:00+00:00', '--job-id', '1563', '--raw', '--subdir', 'DAGS_FOLDER/first_dag.py', '--cfg-path', '/tmp/tmpq8on55kb']
[2023-05-25T07:03:11.542+0000] {standard_task_runner.py:85} INFO - Job 1563: Subtask get_age
[2023-05-25T07:03:11.488+0000] {standard_task_runner.py:57} INFO - Started process 5197 to run task
[2023-05-25T07:03:11.809+0000] {task_command.py:410} INFO - Running <TaskInstance: dag_with_taskflow_api_v02.get_age scheduled__2023-04-01T00:00:00+00:00 [running]> on host 6bd07c7477d9
[2023-05-25T07:03:13.088+0000] {taskinstance.py:1547} INFO - Exporting env vars: AIRFLOW_CTX_DAG_OWNER='Sai' AIRFLOW_CTX_DAG_ID='dag_with_taskflow_api_v02' AIRFLOW_CTX_TASK_ID='get_age' AIRFLOW_CTX_EXECUTION_DATE='2023-04-01T00:00:00+00:00' AIRFLOW_CTX_TRY_NUMBER='1' AIRFLOW_CTX_DAG_RUN_ID='scheduled__2023-04-01T00:00:00+00:00'
[2023-05-25T07:03:13.089+0000] {python.py:183} INFO - Done. Returned value was: 19
[2023-05-25T07:03:13.292+0000] {taskinstance.py:1350} INFO - Marking task as SUCCESS. dag_id=dag_with_taskflow_api_v02, task_id=get_age, execution_date=20230401T000000, start_date=20230525T070311, end_date=20230525T070313
[2023-05-25T07:03:13.794+0000] {local_task_job_runner.py:225} INFO - Task exited with return code 0
[2023-05-25T07:03:14.231+0000] {taskinstance.py:2651} INFO - 0 downstream tasks scheduled from follow-on schedule check
[2023-05-25T10:37:42.884+0000] {taskinstance.py:1103} INFO - Dependencies all met for dep_context=non-requeueable deps ti=<TaskInstance: dag_with_taskflow_api_v02.get_age scheduled__2023-04-01T00:00:00+00:00 [queued]>
[2023-05-25T10:37:42.953+0000] {taskinstance.py:1103} INFO - Dependencies all met for dep_context=requeueable deps ti=<TaskInstance: dag_with_taskflow_api_v02.get_age scheduled__2023-04-01T00:00:00+00:00 [queued]>
[2023-05-25T10:37:42.953+0000] {taskinstance.py:1308} INFO - Starting attempt 1 of 6
[2023-05-25T10:37:43.257+0000] {taskinstance.py:1327} INFO - Executing <Task(_PythonDecoratedOperator): get_age> on 2023-04-01 00:00:00+00:00
[2023-05-25T10:37:43.296+0000] {standard_task_runner.py:57} INFO - Started process 4854 to run task
[2023-05-25T10:37:43.299+0000] {standard_task_runner.py:84} INFO - Running: ['***', 'tasks', 'run', 'dag_with_taskflow_api_v02', 'get_age', 'scheduled__2023-04-01T00:00:00+00:00', '--job-id', '1579', '--raw', '--subdir', 'DAGS_FOLDER/first_dag.py', '--cfg-path', '/tmp/tmp4ipgszom']
[2023-05-25T10:37:43.302+0000] {standard_task_runner.py:85} INFO - Job 1579: Subtask get_age
[2023-05-25T10:37:43.764+0000] {task_command.py:410} INFO - Running <TaskInstance: dag_with_taskflow_api_v02.get_age scheduled__2023-04-01T00:00:00+00:00 [running]> on host b1ae37a9584e
[2023-05-25T10:37:44.683+0000] {taskinstance.py:1547} INFO - Exporting env vars: AIRFLOW_CTX_DAG_OWNER='Sai' AIRFLOW_CTX_DAG_ID='dag_with_taskflow_api_v02' AIRFLOW_CTX_TASK_ID='get_age' AIRFLOW_CTX_EXECUTION_DATE='2023-04-01T00:00:00+00:00' AIRFLOW_CTX_TRY_NUMBER='1' AIRFLOW_CTX_DAG_RUN_ID='scheduled__2023-04-01T00:00:00+00:00'
[2023-05-25T10:37:44.684+0000] {python.py:183} INFO - Done. Returned value was: 19
[2023-05-25T10:37:44.845+0000] {taskinstance.py:1350} INFO - Marking task as SUCCESS. dag_id=dag_with_taskflow_api_v02, task_id=get_age, execution_date=20230401T000000, start_date=20230525T103742, end_date=20230525T103744
[2023-05-25T10:37:45.034+0000] {local_task_job_runner.py:225} INFO - Task exited with return code 0
[2023-05-25T10:37:45.288+0000] {taskinstance.py:2651} INFO - 0 downstream tasks scheduled from follow-on schedule check
