[2023-05-24T15:28:32.547+0000] {taskinstance.py:1103} INFO - Dependencies all met for dep_context=non-requeueable deps ti=<TaskInstance: dag_with_taskflow_api_v02.greet scheduled__2023-01-09T00:00:00+00:00 [queued]>
[2023-05-24T15:28:32.593+0000] {taskinstance.py:1103} INFO - Dependencies all met for dep_context=requeueable deps ti=<TaskInstance: dag_with_taskflow_api_v02.greet scheduled__2023-01-09T00:00:00+00:00 [queued]>
[2023-05-24T15:28:32.594+0000] {taskinstance.py:1308} INFO - Starting attempt 1 of 6
[2023-05-24T15:28:32.667+0000] {taskinstance.py:1327} INFO - Executing <Task(_PythonDecoratedOperator): greet> on 2023-01-09 00:00:00+00:00
[2023-05-24T15:28:32.684+0000] {standard_task_runner.py:57} INFO - Started process 3166 to run task
[2023-05-24T15:28:32.698+0000] {standard_task_runner.py:84} INFO - Running: ['***', 'tasks', 'run', 'dag_with_taskflow_api_v02', 'greet', 'scheduled__2023-01-09T00:00:00+00:00', '--job-id', '1335', '--raw', '--subdir', 'DAGS_FOLDER/first_dag.py', '--cfg-path', '/tmp/tmpn11nl4q7']
[2023-05-24T15:28:32.714+0000] {standard_task_runner.py:85} INFO - Job 1335: Subtask greet
[2023-05-24T15:28:32.913+0000] {task_command.py:410} INFO - Running <TaskInstance: dag_with_taskflow_api_v02.greet scheduled__2023-01-09T00:00:00+00:00 [running]> on host 942de29f183d
[2023-05-24T15:28:33.359+0000] {taskinstance.py:1547} INFO - Exporting env vars: AIRFLOW_CTX_DAG_OWNER='Sai' AIRFLOW_CTX_DAG_ID='dag_with_taskflow_api_v02' AIRFLOW_CTX_TASK_ID='greet' AIRFLOW_CTX_EXECUTION_DATE='2023-01-09T00:00:00+00:00' AIRFLOW_CTX_TRY_NUMBER='1' AIRFLOW_CTX_DAG_RUN_ID='scheduled__2023-01-09T00:00:00+00:00'
[2023-05-24T15:28:33.361+0000] {logging_mixin.py:149} INFO - Hello World! My name is Sai Tr and I am 19 years old!
[2023-05-24T15:28:33.362+0000] {python.py:183} INFO - Done. Returned value was: None
[2023-05-24T15:28:33.388+0000] {taskinstance.py:1350} INFO - Marking task as SUCCESS. dag_id=dag_with_taskflow_api_v02, task_id=greet, execution_date=20230109T000000, start_date=20230524T152832, end_date=20230524T152833
[2023-05-24T15:28:33.474+0000] {local_task_job_runner.py:225} INFO - Task exited with return code 0
[2023-05-24T15:28:33.531+0000] {taskinstance.py:2651} INFO - 0 downstream tasks scheduled from follow-on schedule check
[2023-05-25T07:01:03.987+0000] {taskinstance.py:1103} INFO - Dependencies all met for dep_context=non-requeueable deps ti=<TaskInstance: dag_with_taskflow_api_v02.greet scheduled__2023-01-09T00:00:00+00:00 [queued]>
[2023-05-25T07:01:04.052+0000] {taskinstance.py:1103} INFO - Dependencies all met for dep_context=requeueable deps ti=<TaskInstance: dag_with_taskflow_api_v02.greet scheduled__2023-01-09T00:00:00+00:00 [queued]>
[2023-05-25T07:01:04.053+0000] {taskinstance.py:1308} INFO - Starting attempt 1 of 6
[2023-05-25T07:01:04.152+0000] {taskinstance.py:1327} INFO - Executing <Task(_PythonDecoratedOperator): greet> on 2023-01-09 00:00:00+00:00
[2023-05-25T07:01:04.165+0000] {standard_task_runner.py:57} INFO - Started process 4684 to run task
[2023-05-25T07:01:04.207+0000] {standard_task_runner.py:84} INFO - Running: ['***', 'tasks', 'run', 'dag_with_taskflow_api_v02', 'greet', 'scheduled__2023-01-09T00:00:00+00:00', '--job-id', '1335', '--raw', '--subdir', 'DAGS_FOLDER/first_dag.py', '--cfg-path', '/tmp/tmpl6fs5dfs']
[2023-05-25T07:01:04.214+0000] {standard_task_runner.py:85} INFO - Job 1335: Subtask greet
[2023-05-25T07:01:04.419+0000] {task_command.py:410} INFO - Running <TaskInstance: dag_with_taskflow_api_v02.greet scheduled__2023-01-09T00:00:00+00:00 [running]> on host 6bd07c7477d9
[2023-05-25T07:01:04.931+0000] {taskinstance.py:1547} INFO - Exporting env vars: AIRFLOW_CTX_DAG_OWNER='Sai' AIRFLOW_CTX_DAG_ID='dag_with_taskflow_api_v02' AIRFLOW_CTX_TASK_ID='greet' AIRFLOW_CTX_EXECUTION_DATE='2023-01-09T00:00:00+00:00' AIRFLOW_CTX_TRY_NUMBER='1' AIRFLOW_CTX_DAG_RUN_ID='scheduled__2023-01-09T00:00:00+00:00'
[2023-05-25T07:01:04.932+0000] {logging_mixin.py:149} INFO - Hello World! My name is Sai Tr and I am 19 years old!
[2023-05-25T07:01:04.933+0000] {python.py:183} INFO - Done. Returned value was: None
[2023-05-25T07:01:04.961+0000] {taskinstance.py:1350} INFO - Marking task as SUCCESS. dag_id=dag_with_taskflow_api_v02, task_id=greet, execution_date=20230109T000000, start_date=20230525T070103, end_date=20230525T070104
[2023-05-25T07:01:05.059+0000] {local_task_job_runner.py:225} INFO - Task exited with return code 0
[2023-05-25T07:01:05.155+0000] {taskinstance.py:2651} INFO - 0 downstream tasks scheduled from follow-on schedule check
[2023-05-25T10:35:18.129+0000] {taskinstance.py:1103} INFO - Dependencies all met for dep_context=non-requeueable deps ti=<TaskInstance: dag_with_taskflow_api_v02.greet scheduled__2023-01-09T00:00:00+00:00 [queued]>
[2023-05-25T10:35:18.223+0000] {taskinstance.py:1103} INFO - Dependencies all met for dep_context=requeueable deps ti=<TaskInstance: dag_with_taskflow_api_v02.greet scheduled__2023-01-09T00:00:00+00:00 [queued]>
[2023-05-25T10:35:18.223+0000] {taskinstance.py:1308} INFO - Starting attempt 1 of 6
[2023-05-25T10:35:18.367+0000] {taskinstance.py:1327} INFO - Executing <Task(_PythonDecoratedOperator): greet> on 2023-01-09 00:00:00+00:00
[2023-05-25T10:35:18.409+0000] {standard_task_runner.py:57} INFO - Started process 4345 to run task
[2023-05-25T10:35:18.435+0000] {standard_task_runner.py:84} INFO - Running: ['***', 'tasks', 'run', 'dag_with_taskflow_api_v02', 'greet', 'scheduled__2023-01-09T00:00:00+00:00', '--job-id', '1353', '--raw', '--subdir', 'DAGS_FOLDER/first_dag.py', '--cfg-path', '/tmp/tmpn3xy7e68']
[2023-05-25T10:35:18.442+0000] {standard_task_runner.py:85} INFO - Job 1353: Subtask greet
[2023-05-25T10:35:18.853+0000] {task_command.py:410} INFO - Running <TaskInstance: dag_with_taskflow_api_v02.greet scheduled__2023-01-09T00:00:00+00:00 [running]> on host b1ae37a9584e
[2023-05-25T10:35:19.507+0000] {taskinstance.py:1547} INFO - Exporting env vars: AIRFLOW_CTX_DAG_OWNER='Sai' AIRFLOW_CTX_DAG_ID='dag_with_taskflow_api_v02' AIRFLOW_CTX_TASK_ID='greet' AIRFLOW_CTX_EXECUTION_DATE='2023-01-09T00:00:00+00:00' AIRFLOW_CTX_TRY_NUMBER='1' AIRFLOW_CTX_DAG_RUN_ID='scheduled__2023-01-09T00:00:00+00:00'
[2023-05-25T10:35:19.509+0000] {logging_mixin.py:149} INFO - Hello World! My name is Sai Tr and I am 19 years old!
[2023-05-25T10:35:19.509+0000] {python.py:183} INFO - Done. Returned value was: None
[2023-05-25T10:35:19.624+0000] {taskinstance.py:1350} INFO - Marking task as SUCCESS. dag_id=dag_with_taskflow_api_v02, task_id=greet, execution_date=20230109T000000, start_date=20230525T103518, end_date=20230525T103519
[2023-05-25T10:35:19.868+0000] {local_task_job_runner.py:225} INFO - Task exited with return code 0
[2023-05-25T10:35:20.002+0000] {taskinstance.py:2651} INFO - 0 downstream tasks scheduled from follow-on schedule check
