[2023-05-24T15:21:49.890+0000] {taskinstance.py:1103} INFO - Dependencies all met for dep_context=non-requeueable deps ti=<TaskInstance: dag_with_taskflow_api_v02.greet scheduled__2022-05-23T00:00:00+00:00 [queued]>
[2023-05-24T15:21:49.922+0000] {taskinstance.py:1103} INFO - Dependencies all met for dep_context=requeueable deps ti=<TaskInstance: dag_with_taskflow_api_v02.greet scheduled__2022-05-23T00:00:00+00:00 [queued]>
[2023-05-24T15:21:49.923+0000] {taskinstance.py:1308} INFO - Starting attempt 1 of 6
[2023-05-24T15:21:50.000+0000] {taskinstance.py:1327} INFO - Executing <Task(_PythonDecoratedOperator): greet> on 2022-05-23 00:00:00+00:00
[2023-05-24T15:21:50.031+0000] {standard_task_runner.py:57} INFO - Started process 1620 to run task
[2023-05-24T15:21:50.057+0000] {standard_task_runner.py:84} INFO - Running: ['***', 'tasks', 'run', 'dag_with_taskflow_api_v02', 'greet', 'scheduled__2022-05-23T00:00:00+00:00', '--job-id', '640', '--raw', '--subdir', 'DAGS_FOLDER/first_dag.py', '--cfg-path', '/tmp/tmphg35w_4j']
[2023-05-24T15:21:50.063+0000] {standard_task_runner.py:85} INFO - Job 640: Subtask greet
[2023-05-24T15:21:50.222+0000] {task_command.py:410} INFO - Running <TaskInstance: dag_with_taskflow_api_v02.greet scheduled__2022-05-23T00:00:00+00:00 [running]> on host 942de29f183d
[2023-05-24T15:21:50.658+0000] {taskinstance.py:1547} INFO - Exporting env vars: AIRFLOW_CTX_DAG_OWNER='Sai' AIRFLOW_CTX_DAG_ID='dag_with_taskflow_api_v02' AIRFLOW_CTX_TASK_ID='greet' AIRFLOW_CTX_EXECUTION_DATE='2022-05-23T00:00:00+00:00' AIRFLOW_CTX_TRY_NUMBER='1' AIRFLOW_CTX_DAG_RUN_ID='scheduled__2022-05-23T00:00:00+00:00'
[2023-05-24T15:21:50.660+0000] {logging_mixin.py:149} INFO - Hello World! My name is Sai Tr and I am 19 years old!
[2023-05-24T15:21:50.662+0000] {python.py:183} INFO - Done. Returned value was: None
[2023-05-24T15:21:50.695+0000] {taskinstance.py:1350} INFO - Marking task as SUCCESS. dag_id=dag_with_taskflow_api_v02, task_id=greet, execution_date=20220523T000000, start_date=20230524T152149, end_date=20230524T152150
[2023-05-24T15:21:50.732+0000] {local_task_job_runner.py:225} INFO - Task exited with return code 0
[2023-05-24T15:21:50.803+0000] {taskinstance.py:2651} INFO - 0 downstream tasks scheduled from follow-on schedule check
[2023-05-25T06:54:45.551+0000] {taskinstance.py:1103} INFO - Dependencies all met for dep_context=non-requeueable deps ti=<TaskInstance: dag_with_taskflow_api_v02.greet scheduled__2022-05-23T00:00:00+00:00 [queued]>
[2023-05-25T06:54:45.602+0000] {taskinstance.py:1103} INFO - Dependencies all met for dep_context=requeueable deps ti=<TaskInstance: dag_with_taskflow_api_v02.greet scheduled__2022-05-23T00:00:00+00:00 [queued]>
[2023-05-25T06:54:45.604+0000] {taskinstance.py:1308} INFO - Starting attempt 1 of 6
[2023-05-25T06:54:46.106+0000] {taskinstance.py:1327} INFO - Executing <Task(_PythonDecoratedOperator): greet> on 2022-05-23 00:00:00+00:00
[2023-05-25T06:54:46.170+0000] {standard_task_runner.py:57} INFO - Started process 3166 to run task
[2023-05-25T06:54:46.186+0000] {standard_task_runner.py:84} INFO - Running: ['***', 'tasks', 'run', 'dag_with_taskflow_api_v02', 'greet', 'scheduled__2022-05-23T00:00:00+00:00', '--job-id', '646', '--raw', '--subdir', 'DAGS_FOLDER/first_dag.py', '--cfg-path', '/tmp/tmpwzhvzb3i']
[2023-05-25T06:54:46.190+0000] {standard_task_runner.py:85} INFO - Job 646: Subtask greet
[2023-05-25T06:54:46.456+0000] {task_command.py:410} INFO - Running <TaskInstance: dag_with_taskflow_api_v02.greet scheduled__2022-05-23T00:00:00+00:00 [running]> on host 6bd07c7477d9
[2023-05-25T06:54:47.130+0000] {taskinstance.py:1547} INFO - Exporting env vars: AIRFLOW_CTX_DAG_OWNER='Sai' AIRFLOW_CTX_DAG_ID='dag_with_taskflow_api_v02' AIRFLOW_CTX_TASK_ID='greet' AIRFLOW_CTX_EXECUTION_DATE='2022-05-23T00:00:00+00:00' AIRFLOW_CTX_TRY_NUMBER='1' AIRFLOW_CTX_DAG_RUN_ID='scheduled__2022-05-23T00:00:00+00:00'
[2023-05-25T06:54:47.131+0000] {logging_mixin.py:149} INFO - Hello World! My name is Sai Tr and I am 19 years old!
[2023-05-25T06:54:47.131+0000] {python.py:183} INFO - Done. Returned value was: None
[2023-05-25T06:54:47.178+0000] {taskinstance.py:1350} INFO - Marking task as SUCCESS. dag_id=dag_with_taskflow_api_v02, task_id=greet, execution_date=20220523T000000, start_date=20230525T065445, end_date=20230525T065447
[2023-05-25T06:54:47.235+0000] {local_task_job_runner.py:225} INFO - Task exited with return code 0
[2023-05-25T06:54:47.308+0000] {taskinstance.py:2651} INFO - 0 downstream tasks scheduled from follow-on schedule check
[2023-05-25T10:26:12.338+0000] {taskinstance.py:1103} INFO - Dependencies all met for dep_context=non-requeueable deps ti=<TaskInstance: dag_with_taskflow_api_v02.greet scheduled__2022-05-23T00:00:00+00:00 [queued]>
[2023-05-25T10:26:12.421+0000] {taskinstance.py:1103} INFO - Dependencies all met for dep_context=requeueable deps ti=<TaskInstance: dag_with_taskflow_api_v02.greet scheduled__2022-05-23T00:00:00+00:00 [queued]>
[2023-05-25T10:26:12.422+0000] {taskinstance.py:1308} INFO - Starting attempt 1 of 6
[2023-05-25T10:26:13.229+0000] {taskinstance.py:1327} INFO - Executing <Task(_PythonDecoratedOperator): greet> on 2022-05-23 00:00:00+00:00
[2023-05-25T10:26:13.248+0000] {standard_task_runner.py:57} INFO - Started process 2752 to run task
[2023-05-25T10:26:13.291+0000] {standard_task_runner.py:84} INFO - Running: ['***', 'tasks', 'run', 'dag_with_taskflow_api_v02', 'greet', 'scheduled__2022-05-23T00:00:00+00:00', '--job-id', '656', '--raw', '--subdir', 'DAGS_FOLDER/first_dag.py', '--cfg-path', '/tmp/tmpav6299n4']
[2023-05-25T10:26:13.294+0000] {standard_task_runner.py:85} INFO - Job 656: Subtask greet
[2023-05-25T10:26:13.732+0000] {task_command.py:410} INFO - Running <TaskInstance: dag_with_taskflow_api_v02.greet scheduled__2022-05-23T00:00:00+00:00 [running]> on host b1ae37a9584e
[2023-05-25T10:26:14.815+0000] {taskinstance.py:1547} INFO - Exporting env vars: AIRFLOW_CTX_DAG_OWNER='Sai' AIRFLOW_CTX_DAG_ID='dag_with_taskflow_api_v02' AIRFLOW_CTX_TASK_ID='greet' AIRFLOW_CTX_EXECUTION_DATE='2022-05-23T00:00:00+00:00' AIRFLOW_CTX_TRY_NUMBER='1' AIRFLOW_CTX_DAG_RUN_ID='scheduled__2022-05-23T00:00:00+00:00'
[2023-05-25T10:26:14.816+0000] {logging_mixin.py:149} INFO - Hello World! My name is Sai Tr and I am 19 years old!
[2023-05-25T10:26:14.817+0000] {python.py:183} INFO - Done. Returned value was: None
[2023-05-25T10:26:14.907+0000] {taskinstance.py:1350} INFO - Marking task as SUCCESS. dag_id=dag_with_taskflow_api_v02, task_id=greet, execution_date=20220523T000000, start_date=20230525T102612, end_date=20230525T102614
[2023-05-25T10:26:15.139+0000] {local_task_job_runner.py:225} INFO - Task exited with return code 0
[2023-05-25T10:26:15.240+0000] {taskinstance.py:2651} INFO - 0 downstream tasks scheduled from follow-on schedule check
