[2023-05-24T15:29:26.094+0000] {taskinstance.py:1103} INFO - Dependencies all met for dep_context=non-requeueable deps ti=<TaskInstance: dag_with_taskflow_api_v02.get_name scheduled__2023-02-14T00:00:00+00:00 [queued]>
[2023-05-24T15:29:26.186+0000] {taskinstance.py:1103} INFO - Dependencies all met for dep_context=requeueable deps ti=<TaskInstance: dag_with_taskflow_api_v02.get_name scheduled__2023-02-14T00:00:00+00:00 [queued]>
[2023-05-24T15:29:26.187+0000] {taskinstance.py:1308} INFO - Starting attempt 1 of 6
[2023-05-24T15:29:26.617+0000] {taskinstance.py:1327} INFO - Executing <Task(_PythonDecoratedOperator): get_name> on 2023-02-14 00:00:00+00:00
[2023-05-24T15:29:26.665+0000] {standard_task_runner.py:57} INFO - Started process 3391 to run task
[2023-05-24T15:29:26.720+0000] {standard_task_runner.py:84} INFO - Running: ['***', 'tasks', 'run', 'dag_with_taskflow_api_v02', 'get_name', 'scheduled__2023-02-14T00:00:00+00:00', '--job-id', '1433', '--raw', '--subdir', 'DAGS_FOLDER/first_dag.py', '--cfg-path', '/tmp/tmpczzjwuac']
[2023-05-24T15:29:26.753+0000] {standard_task_runner.py:85} INFO - Job 1433: Subtask get_name
[2023-05-24T15:29:27.137+0000] {task_command.py:410} INFO - Running <TaskInstance: dag_with_taskflow_api_v02.get_name scheduled__2023-02-14T00:00:00+00:00 [running]> on host 942de29f183d
[2023-05-24T15:29:28.393+0000] {taskinstance.py:1547} INFO - Exporting env vars: AIRFLOW_CTX_DAG_OWNER='Sai' AIRFLOW_CTX_DAG_ID='dag_with_taskflow_api_v02' AIRFLOW_CTX_TASK_ID='get_name' AIRFLOW_CTX_EXECUTION_DATE='2023-02-14T00:00:00+00:00' AIRFLOW_CTX_TRY_NUMBER='1' AIRFLOW_CTX_DAG_RUN_ID='scheduled__2023-02-14T00:00:00+00:00'
[2023-05-24T15:29:28.394+0000] {python.py:183} INFO - Done. Returned value was: {'first_name': 'Sai', 'last_name': 'Tr'}
[2023-05-24T15:29:28.715+0000] {taskinstance.py:1350} INFO - Marking task as SUCCESS. dag_id=dag_with_taskflow_api_v02, task_id=get_name, execution_date=20230214T000000, start_date=20230524T152926, end_date=20230524T152928
[2023-05-24T15:29:28.990+0000] {local_task_job_runner.py:225} INFO - Task exited with return code 0
[2023-05-24T15:29:29.197+0000] {taskinstance.py:2651} INFO - 1 downstream tasks scheduled from follow-on schedule check
[2023-05-25T07:01:55.818+0000] {taskinstance.py:1103} INFO - Dependencies all met for dep_context=non-requeueable deps ti=<TaskInstance: dag_with_taskflow_api_v02.get_name scheduled__2023-02-14T00:00:00+00:00 [queued]>
[2023-05-25T07:01:55.859+0000] {taskinstance.py:1103} INFO - Dependencies all met for dep_context=requeueable deps ti=<TaskInstance: dag_with_taskflow_api_v02.get_name scheduled__2023-02-14T00:00:00+00:00 [queued]>
[2023-05-25T07:01:55.860+0000] {taskinstance.py:1308} INFO - Starting attempt 1 of 6
[2023-05-25T07:01:55.922+0000] {taskinstance.py:1327} INFO - Executing <Task(_PythonDecoratedOperator): get_name> on 2023-02-14 00:00:00+00:00
[2023-05-25T07:01:55.930+0000] {standard_task_runner.py:57} INFO - Started process 4890 to run task
[2023-05-25T07:01:55.954+0000] {standard_task_runner.py:84} INFO - Running: ['***', 'tasks', 'run', 'dag_with_taskflow_api_v02', 'get_name', 'scheduled__2023-02-14T00:00:00+00:00', '--job-id', '1428', '--raw', '--subdir', 'DAGS_FOLDER/first_dag.py', '--cfg-path', '/tmp/tmpmdarkkmf']
[2023-05-25T07:01:55.963+0000] {standard_task_runner.py:85} INFO - Job 1428: Subtask get_name
[2023-05-25T07:01:56.185+0000] {task_command.py:410} INFO - Running <TaskInstance: dag_with_taskflow_api_v02.get_name scheduled__2023-02-14T00:00:00+00:00 [running]> on host 6bd07c7477d9
[2023-05-25T07:01:56.724+0000] {taskinstance.py:1547} INFO - Exporting env vars: AIRFLOW_CTX_DAG_OWNER='Sai' AIRFLOW_CTX_DAG_ID='dag_with_taskflow_api_v02' AIRFLOW_CTX_TASK_ID='get_name' AIRFLOW_CTX_EXECUTION_DATE='2023-02-14T00:00:00+00:00' AIRFLOW_CTX_TRY_NUMBER='1' AIRFLOW_CTX_DAG_RUN_ID='scheduled__2023-02-14T00:00:00+00:00'
[2023-05-25T07:01:56.729+0000] {python.py:183} INFO - Done. Returned value was: {'first_name': 'Sai', 'last_name': 'Tr'}
[2023-05-25T07:01:56.920+0000] {taskinstance.py:1350} INFO - Marking task as SUCCESS. dag_id=dag_with_taskflow_api_v02, task_id=get_name, execution_date=20230214T000000, start_date=20230525T070155, end_date=20230525T070156
[2023-05-25T07:01:56.999+0000] {local_task_job_runner.py:225} INFO - Task exited with return code 0
[2023-05-25T07:01:57.237+0000] {taskinstance.py:2651} INFO - 0 downstream tasks scheduled from follow-on schedule check
[2023-05-25T10:36:17.726+0000] {taskinstance.py:1103} INFO - Dependencies all met for dep_context=non-requeueable deps ti=<TaskInstance: dag_with_taskflow_api_v02.get_name scheduled__2023-02-14T00:00:00+00:00 [queued]>
[2023-05-25T10:36:17.826+0000] {taskinstance.py:1103} INFO - Dependencies all met for dep_context=requeueable deps ti=<TaskInstance: dag_with_taskflow_api_v02.get_name scheduled__2023-02-14T00:00:00+00:00 [queued]>
[2023-05-25T10:36:17.826+0000] {taskinstance.py:1308} INFO - Starting attempt 1 of 6
[2023-05-25T10:36:18.076+0000] {taskinstance.py:1327} INFO - Executing <Task(_PythonDecoratedOperator): get_name> on 2023-02-14 00:00:00+00:00
[2023-05-25T10:36:18.098+0000] {standard_task_runner.py:57} INFO - Started process 4550 to run task
[2023-05-25T10:36:18.147+0000] {standard_task_runner.py:84} INFO - Running: ['***', 'tasks', 'run', 'dag_with_taskflow_api_v02', 'get_name', 'scheduled__2023-02-14T00:00:00+00:00', '--job-id', '1442', '--raw', '--subdir', 'DAGS_FOLDER/first_dag.py', '--cfg-path', '/tmp/tmp_6h3qdws']
[2023-05-25T10:36:18.190+0000] {standard_task_runner.py:85} INFO - Job 1442: Subtask get_name
[2023-05-25T10:36:18.553+0000] {task_command.py:410} INFO - Running <TaskInstance: dag_with_taskflow_api_v02.get_name scheduled__2023-02-14T00:00:00+00:00 [running]> on host b1ae37a9584e
[2023-05-25T10:36:19.541+0000] {taskinstance.py:1547} INFO - Exporting env vars: AIRFLOW_CTX_DAG_OWNER='Sai' AIRFLOW_CTX_DAG_ID='dag_with_taskflow_api_v02' AIRFLOW_CTX_TASK_ID='get_name' AIRFLOW_CTX_EXECUTION_DATE='2023-02-14T00:00:00+00:00' AIRFLOW_CTX_TRY_NUMBER='1' AIRFLOW_CTX_DAG_RUN_ID='scheduled__2023-02-14T00:00:00+00:00'
[2023-05-25T10:36:19.546+0000] {python.py:183} INFO - Done. Returned value was: {'first_name': 'Sai', 'last_name': 'Tr'}
[2023-05-25T10:36:19.892+0000] {taskinstance.py:1350} INFO - Marking task as SUCCESS. dag_id=dag_with_taskflow_api_v02, task_id=get_name, execution_date=20230214T000000, start_date=20230525T103617, end_date=20230525T103619
[2023-05-25T10:36:20.075+0000] {local_task_job_runner.py:225} INFO - Task exited with return code 0
[2023-05-25T10:36:20.260+0000] {taskinstance.py:2651} INFO - 1 downstream tasks scheduled from follow-on schedule check
