[2023-05-23T10:19:00.485+0000] {taskinstance.py:1103} INFO - Dependencies all met for dep_context=non-requeueable deps ti=<TaskInstance: dag_with_taskflow_api_v02.get_age scheduled__2021-11-05T00:00:00+00:00 [queued]>
[2023-05-23T10:19:00.644+0000] {taskinstance.py:1103} INFO - Dependencies all met for dep_context=requeueable deps ti=<TaskInstance: dag_with_taskflow_api_v02.get_age scheduled__2021-11-05T00:00:00+00:00 [queued]>
[2023-05-23T10:19:00.644+0000] {taskinstance.py:1308} INFO - Starting attempt 1 of 6
[2023-05-23T10:19:00.844+0000] {taskinstance.py:1327} INFO - Executing <Task(_PythonDecoratedOperator): get_age> on 2021-11-05 00:00:00+00:00
[2023-05-23T10:19:00.871+0000] {standard_task_runner.py:57} INFO - Started process 346 to run task
[2023-05-23T10:19:00.919+0000] {standard_task_runner.py:84} INFO - Running: ['***', 'tasks', 'run', 'dag_with_taskflow_api_v02', 'get_age', 'scheduled__2021-11-05T00:00:00+00:00', '--job-id', '59', '--raw', '--subdir', 'DAGS_FOLDER/first_dag.py', '--cfg-path', '/tmp/tmpisf8bk_c']
[2023-05-23T10:19:00.954+0000] {standard_task_runner.py:85} INFO - Job 59: Subtask get_age
[2023-05-23T10:19:01.408+0000] {task_command.py:410} INFO - Running <TaskInstance: dag_with_taskflow_api_v02.get_age scheduled__2021-11-05T00:00:00+00:00 [running]> on host fb58d5a02d2c
[2023-05-23T10:19:02.160+0000] {taskinstance.py:1547} INFO - Exporting env vars: AIRFLOW_CTX_DAG_OWNER='coder2j' AIRFLOW_CTX_DAG_ID='dag_with_taskflow_api_v02' AIRFLOW_CTX_TASK_ID='get_age' AIRFLOW_CTX_EXECUTION_DATE='2021-11-05T00:00:00+00:00' AIRFLOW_CTX_TRY_NUMBER='1' AIRFLOW_CTX_DAG_RUN_ID='scheduled__2021-11-05T00:00:00+00:00'
[2023-05-23T10:19:02.163+0000] {python.py:183} INFO - Done. Returned value was: 19
[2023-05-23T10:19:02.289+0000] {taskinstance.py:1350} INFO - Marking task as SUCCESS. dag_id=dag_with_taskflow_api_v02, task_id=get_age, execution_date=20211105T000000, start_date=20230523T101900, end_date=20230523T101902
[2023-05-23T10:19:02.451+0000] {local_task_job_runner.py:225} INFO - Task exited with return code 0
[2023-05-23T10:19:02.736+0000] {taskinstance.py:2651} INFO - 0 downstream tasks scheduled from follow-on schedule check
[2023-05-23T10:26:35.208+0000] {taskinstance.py:1103} INFO - Dependencies all met for dep_context=non-requeueable deps ti=<TaskInstance: dag_with_taskflow_api_v02.get_age scheduled__2021-11-05T00:00:00+00:00 [queued]>
[2023-05-23T10:26:35.372+0000] {taskinstance.py:1103} INFO - Dependencies all met for dep_context=requeueable deps ti=<TaskInstance: dag_with_taskflow_api_v02.get_age scheduled__2021-11-05T00:00:00+00:00 [queued]>
[2023-05-23T10:26:35.372+0000] {taskinstance.py:1308} INFO - Starting attempt 1 of 6
[2023-05-23T10:26:35.660+0000] {taskinstance.py:1327} INFO - Executing <Task(_PythonDecoratedOperator): get_age> on 2021-11-05 00:00:00+00:00
[2023-05-23T10:26:35.716+0000] {standard_task_runner.py:57} INFO - Started process 243 to run task
[2023-05-23T10:26:35.750+0000] {standard_task_runner.py:84} INFO - Running: ['***', 'tasks', 'run', 'dag_with_taskflow_api_v02', 'get_age', 'scheduled__2021-11-05T00:00:00+00:00', '--job-id', '23', '--raw', '--subdir', 'DAGS_FOLDER/first_dag.py', '--cfg-path', '/tmp/tmpfsov4hs_']
[2023-05-23T10:26:35.761+0000] {standard_task_runner.py:85} INFO - Job 23: Subtask get_age
[2023-05-23T10:26:36.056+0000] {task_command.py:410} INFO - Running <TaskInstance: dag_with_taskflow_api_v02.get_age scheduled__2021-11-05T00:00:00+00:00 [running]> on host 8a6612510f4c
[2023-05-23T10:26:36.898+0000] {taskinstance.py:1547} INFO - Exporting env vars: AIRFLOW_CTX_DAG_OWNER='coder2j' AIRFLOW_CTX_DAG_ID='dag_with_taskflow_api_v02' AIRFLOW_CTX_TASK_ID='get_age' AIRFLOW_CTX_EXECUTION_DATE='2021-11-05T00:00:00+00:00' AIRFLOW_CTX_TRY_NUMBER='1' AIRFLOW_CTX_DAG_RUN_ID='scheduled__2021-11-05T00:00:00+00:00'
[2023-05-23T10:26:36.899+0000] {python.py:183} INFO - Done. Returned value was: 19
[2023-05-23T10:26:37.063+0000] {taskinstance.py:1350} INFO - Marking task as SUCCESS. dag_id=dag_with_taskflow_api_v02, task_id=get_age, execution_date=20211105T000000, start_date=20230523T102635, end_date=20230523T102637
[2023-05-23T10:26:37.225+0000] {local_task_job_runner.py:225} INFO - Task exited with return code 0
[2023-05-23T10:26:37.505+0000] {taskinstance.py:2651} INFO - 0 downstream tasks scheduled from follow-on schedule check
