[2023-05-24T15:18:41.816+0000] {taskinstance.py:1103} INFO - Dependencies all met for dep_context=non-requeueable deps ti=<TaskInstance: dag_with_taskflow_api_v02.get_name scheduled__2022-02-14T00:00:00+00:00 [queued]>
[2023-05-24T15:18:42.015+0000] {taskinstance.py:1103} INFO - Dependencies all met for dep_context=requeueable deps ti=<TaskInstance: dag_with_taskflow_api_v02.get_name scheduled__2022-02-14T00:00:00+00:00 [queued]>
[2023-05-24T15:18:42.026+0000] {taskinstance.py:1308} INFO - Starting attempt 1 of 6
[2023-05-24T15:18:42.169+0000] {taskinstance.py:1327} INFO - Executing <Task(_PythonDecoratedOperator): get_name> on 2022-02-14 00:00:00+00:00
[2023-05-24T15:18:42.189+0000] {standard_task_runner.py:57} INFO - Started process 939 to run task
[2023-05-24T15:18:42.207+0000] {standard_task_runner.py:84} INFO - Running: ['***', 'tasks', 'run', 'dag_with_taskflow_api_v02', 'get_name', 'scheduled__2022-02-14T00:00:00+00:00', '--job-id', '333', '--raw', '--subdir', 'DAGS_FOLDER/first_dag.py', '--cfg-path', '/tmp/tmph0s6t57w']
[2023-05-24T15:18:42.217+0000] {standard_task_runner.py:85} INFO - Job 333: Subtask get_name
[2023-05-24T15:18:42.469+0000] {task_command.py:410} INFO - Running <TaskInstance: dag_with_taskflow_api_v02.get_name scheduled__2022-02-14T00:00:00+00:00 [running]> on host 942de29f183d
[2023-05-24T15:18:43.256+0000] {taskinstance.py:1547} INFO - Exporting env vars: AIRFLOW_CTX_DAG_OWNER='Sai' AIRFLOW_CTX_DAG_ID='dag_with_taskflow_api_v02' AIRFLOW_CTX_TASK_ID='get_name' AIRFLOW_CTX_EXECUTION_DATE='2022-02-14T00:00:00+00:00' AIRFLOW_CTX_TRY_NUMBER='1' AIRFLOW_CTX_DAG_RUN_ID='scheduled__2022-02-14T00:00:00+00:00'
[2023-05-24T15:18:43.258+0000] {python.py:183} INFO - Done. Returned value was: {'first_name': 'Sai', 'last_name': 'Tr'}
[2023-05-24T15:18:43.558+0000] {taskinstance.py:1350} INFO - Marking task as SUCCESS. dag_id=dag_with_taskflow_api_v02, task_id=get_name, execution_date=20220214T000000, start_date=20230524T151841, end_date=20230524T151843
[2023-05-24T15:18:43.644+0000] {local_task_job_runner.py:225} INFO - Task exited with return code 0
[2023-05-24T15:18:43.717+0000] {taskinstance.py:2651} INFO - 1 downstream tasks scheduled from follow-on schedule check
[2023-05-25T06:52:00.831+0000] {taskinstance.py:1103} INFO - Dependencies all met for dep_context=non-requeueable deps ti=<TaskInstance: dag_with_taskflow_api_v02.get_name scheduled__2022-02-14T00:00:00+00:00 [queued]>
[2023-05-25T06:52:00.938+0000] {taskinstance.py:1103} INFO - Dependencies all met for dep_context=requeueable deps ti=<TaskInstance: dag_with_taskflow_api_v02.get_name scheduled__2022-02-14T00:00:00+00:00 [queued]>
[2023-05-25T06:52:00.939+0000] {taskinstance.py:1308} INFO - Starting attempt 1 of 6
[2023-05-25T06:52:01.049+0000] {taskinstance.py:1327} INFO - Executing <Task(_PythonDecoratedOperator): get_name> on 2022-02-14 00:00:00+00:00
[2023-05-25T06:52:01.082+0000] {standard_task_runner.py:57} INFO - Started process 2471 to run task
[2023-05-25T06:52:01.131+0000] {standard_task_runner.py:84} INFO - Running: ['***', 'tasks', 'run', 'dag_with_taskflow_api_v02', 'get_name', 'scheduled__2022-02-14T00:00:00+00:00', '--job-id', '333', '--raw', '--subdir', 'DAGS_FOLDER/first_dag.py', '--cfg-path', '/tmp/tmpdtd2mcd5']
[2023-05-25T06:52:01.154+0000] {standard_task_runner.py:85} INFO - Job 333: Subtask get_name
[2023-05-25T06:52:01.413+0000] {task_command.py:410} INFO - Running <TaskInstance: dag_with_taskflow_api_v02.get_name scheduled__2022-02-14T00:00:00+00:00 [running]> on host 6bd07c7477d9
[2023-05-25T06:52:02.085+0000] {taskinstance.py:1547} INFO - Exporting env vars: AIRFLOW_CTX_DAG_OWNER='Sai' AIRFLOW_CTX_DAG_ID='dag_with_taskflow_api_v02' AIRFLOW_CTX_TASK_ID='get_name' AIRFLOW_CTX_EXECUTION_DATE='2022-02-14T00:00:00+00:00' AIRFLOW_CTX_TRY_NUMBER='1' AIRFLOW_CTX_DAG_RUN_ID='scheduled__2022-02-14T00:00:00+00:00'
[2023-05-25T06:52:02.087+0000] {python.py:183} INFO - Done. Returned value was: {'first_name': 'Sai', 'last_name': 'Tr'}
[2023-05-25T06:52:02.339+0000] {taskinstance.py:1350} INFO - Marking task as SUCCESS. dag_id=dag_with_taskflow_api_v02, task_id=get_name, execution_date=20220214T000000, start_date=20230525T065200, end_date=20230525T065202
[2023-05-25T06:52:02.542+0000] {local_task_job_runner.py:225} INFO - Task exited with return code 0
[2023-05-25T06:52:02.945+0000] {taskinstance.py:2651} INFO - 0 downstream tasks scheduled from follow-on schedule check
[2023-05-25T10:22:50.971+0000] {taskinstance.py:1103} INFO - Dependencies all met for dep_context=non-requeueable deps ti=<TaskInstance: dag_with_taskflow_api_v02.get_name scheduled__2022-02-14T00:00:00+00:00 [queued]>
[2023-05-25T10:22:51.091+0000] {taskinstance.py:1103} INFO - Dependencies all met for dep_context=requeueable deps ti=<TaskInstance: dag_with_taskflow_api_v02.get_name scheduled__2022-02-14T00:00:00+00:00 [queued]>
[2023-05-25T10:22:51.091+0000] {taskinstance.py:1308} INFO - Starting attempt 1 of 6
[2023-05-25T10:22:51.315+0000] {taskinstance.py:1327} INFO - Executing <Task(_PythonDecoratedOperator): get_name> on 2022-02-14 00:00:00+00:00
[2023-05-25T10:22:51.381+0000] {standard_task_runner.py:57} INFO - Started process 2011 to run task
[2023-05-25T10:22:51.394+0000] {standard_task_runner.py:84} INFO - Running: ['***', 'tasks', 'run', 'dag_with_taskflow_api_v02', 'get_name', 'scheduled__2022-02-14T00:00:00+00:00', '--job-id', '328', '--raw', '--subdir', 'DAGS_FOLDER/first_dag.py', '--cfg-path', '/tmp/tmptoi5hqu3']
[2023-05-25T10:22:51.407+0000] {standard_task_runner.py:85} INFO - Job 328: Subtask get_name
[2023-05-25T10:22:51.695+0000] {task_command.py:410} INFO - Running <TaskInstance: dag_with_taskflow_api_v02.get_name scheduled__2022-02-14T00:00:00+00:00 [running]> on host b1ae37a9584e
[2023-05-25T10:22:52.146+0000] {taskinstance.py:1547} INFO - Exporting env vars: AIRFLOW_CTX_DAG_OWNER='Sai' AIRFLOW_CTX_DAG_ID='dag_with_taskflow_api_v02' AIRFLOW_CTX_TASK_ID='get_name' AIRFLOW_CTX_EXECUTION_DATE='2022-02-14T00:00:00+00:00' AIRFLOW_CTX_TRY_NUMBER='1' AIRFLOW_CTX_DAG_RUN_ID='scheduled__2022-02-14T00:00:00+00:00'
[2023-05-25T10:22:52.147+0000] {python.py:183} INFO - Done. Returned value was: {'first_name': 'Sai', 'last_name': 'Tr'}
[2023-05-25T10:22:52.339+0000] {taskinstance.py:1350} INFO - Marking task as SUCCESS. dag_id=dag_with_taskflow_api_v02, task_id=get_name, execution_date=20220214T000000, start_date=20230525T102250, end_date=20230525T102252
[2023-05-25T10:22:52.447+0000] {local_task_job_runner.py:225} INFO - Task exited with return code 0
[2023-05-25T10:22:53.756+0000] {taskinstance.py:2651} INFO - 0 downstream tasks scheduled from follow-on schedule check
