[2023-05-24T15:22:35.456+0000] {taskinstance.py:1103} INFO - Dependencies all met for dep_context=non-requeueable deps ti=<TaskInstance: dag_with_taskflow_api_v02.get_name scheduled__2022-06-16T00:00:00+00:00 [queued]>
[2023-05-24T15:22:35.536+0000] {taskinstance.py:1103} INFO - Dependencies all met for dep_context=requeueable deps ti=<TaskInstance: dag_with_taskflow_api_v02.get_name scheduled__2022-06-16T00:00:00+00:00 [queued]>
[2023-05-24T15:22:35.537+0000] {taskinstance.py:1308} INFO - Starting attempt 1 of 6
[2023-05-24T15:22:35.648+0000] {taskinstance.py:1327} INFO - Executing <Task(_PythonDecoratedOperator): get_name> on 2022-06-16 00:00:00+00:00
[2023-05-24T15:22:35.653+0000] {standard_task_runner.py:57} INFO - Started process 1769 to run task
[2023-05-24T15:22:35.714+0000] {standard_task_runner.py:84} INFO - Running: ['***', 'tasks', 'run', 'dag_with_taskflow_api_v02', 'get_name', 'scheduled__2022-06-16T00:00:00+00:00', '--job-id', '701', '--raw', '--subdir', 'DAGS_FOLDER/first_dag.py', '--cfg-path', '/tmp/tmpeiyox2pn']
[2023-05-24T15:22:35.717+0000] {standard_task_runner.py:85} INFO - Job 701: Subtask get_name
[2023-05-24T15:22:35.916+0000] {task_command.py:410} INFO - Running <TaskInstance: dag_with_taskflow_api_v02.get_name scheduled__2022-06-16T00:00:00+00:00 [running]> on host 942de29f183d
[2023-05-24T15:22:36.664+0000] {taskinstance.py:1547} INFO - Exporting env vars: AIRFLOW_CTX_DAG_OWNER='Sai' AIRFLOW_CTX_DAG_ID='dag_with_taskflow_api_v02' AIRFLOW_CTX_TASK_ID='get_name' AIRFLOW_CTX_EXECUTION_DATE='2022-06-16T00:00:00+00:00' AIRFLOW_CTX_TRY_NUMBER='1' AIRFLOW_CTX_DAG_RUN_ID='scheduled__2022-06-16T00:00:00+00:00'
[2023-05-24T15:22:36.668+0000] {python.py:183} INFO - Done. Returned value was: {'first_name': 'Sai', 'last_name': 'Tr'}
[2023-05-24T15:22:36.908+0000] {taskinstance.py:1350} INFO - Marking task as SUCCESS. dag_id=dag_with_taskflow_api_v02, task_id=get_name, execution_date=20220616T000000, start_date=20230524T152235, end_date=20230524T152236
[2023-05-24T15:22:37.012+0000] {local_task_job_runner.py:225} INFO - Task exited with return code 0
[2023-05-24T15:22:37.553+0000] {taskinstance.py:2651} INFO - 0 downstream tasks scheduled from follow-on schedule check
[2023-05-25T06:55:17.245+0000] {taskinstance.py:1103} INFO - Dependencies all met for dep_context=non-requeueable deps ti=<TaskInstance: dag_with_taskflow_api_v02.get_name scheduled__2022-06-16T00:00:00+00:00 [queued]>
[2023-05-25T06:55:17.284+0000] {taskinstance.py:1103} INFO - Dependencies all met for dep_context=requeueable deps ti=<TaskInstance: dag_with_taskflow_api_v02.get_name scheduled__2022-06-16T00:00:00+00:00 [queued]>
[2023-05-25T06:55:17.285+0000] {taskinstance.py:1308} INFO - Starting attempt 1 of 6
[2023-05-25T06:55:17.372+0000] {taskinstance.py:1327} INFO - Executing <Task(_PythonDecoratedOperator): get_name> on 2022-06-16 00:00:00+00:00
[2023-05-25T06:55:17.394+0000] {standard_task_runner.py:57} INFO - Started process 3289 to run task
[2023-05-25T06:55:17.419+0000] {standard_task_runner.py:84} INFO - Running: ['***', 'tasks', 'run', 'dag_with_taskflow_api_v02', 'get_name', 'scheduled__2022-06-16T00:00:00+00:00', '--job-id', '703', '--raw', '--subdir', 'DAGS_FOLDER/first_dag.py', '--cfg-path', '/tmp/tmpzvm4t5ws']
[2023-05-25T06:55:17.424+0000] {standard_task_runner.py:85} INFO - Job 703: Subtask get_name
[2023-05-25T06:55:17.631+0000] {task_command.py:410} INFO - Running <TaskInstance: dag_with_taskflow_api_v02.get_name scheduled__2022-06-16T00:00:00+00:00 [running]> on host 6bd07c7477d9
[2023-05-25T06:55:17.895+0000] {taskinstance.py:1547} INFO - Exporting env vars: AIRFLOW_CTX_DAG_OWNER='Sai' AIRFLOW_CTX_DAG_ID='dag_with_taskflow_api_v02' AIRFLOW_CTX_TASK_ID='get_name' AIRFLOW_CTX_EXECUTION_DATE='2022-06-16T00:00:00+00:00' AIRFLOW_CTX_TRY_NUMBER='1' AIRFLOW_CTX_DAG_RUN_ID='scheduled__2022-06-16T00:00:00+00:00'
[2023-05-25T06:55:17.896+0000] {python.py:183} INFO - Done. Returned value was: {'first_name': 'Sai', 'last_name': 'Tr'}
[2023-05-25T06:55:17.995+0000] {taskinstance.py:1350} INFO - Marking task as SUCCESS. dag_id=dag_with_taskflow_api_v02, task_id=get_name, execution_date=20220616T000000, start_date=20230525T065517, end_date=20230525T065517
[2023-05-25T06:55:18.038+0000] {local_task_job_runner.py:225} INFO - Task exited with return code 0
[2023-05-25T06:55:18.080+0000] {taskinstance.py:2651} INFO - 1 downstream tasks scheduled from follow-on schedule check
[2023-05-25T10:26:45.246+0000] {taskinstance.py:1103} INFO - Dependencies all met for dep_context=non-requeueable deps ti=<TaskInstance: dag_with_taskflow_api_v02.get_name scheduled__2022-06-16T00:00:00+00:00 [queued]>
[2023-05-25T10:26:45.336+0000] {taskinstance.py:1103} INFO - Dependencies all met for dep_context=requeueable deps ti=<TaskInstance: dag_with_taskflow_api_v02.get_name scheduled__2022-06-16T00:00:00+00:00 [queued]>
[2023-05-25T10:26:45.339+0000] {taskinstance.py:1308} INFO - Starting attempt 1 of 6
[2023-05-25T10:26:45.476+0000] {taskinstance.py:1327} INFO - Executing <Task(_PythonDecoratedOperator): get_name> on 2022-06-16 00:00:00+00:00
[2023-05-25T10:26:45.484+0000] {standard_task_runner.py:57} INFO - Started process 2870 to run task
[2023-05-25T10:26:45.513+0000] {standard_task_runner.py:84} INFO - Running: ['***', 'tasks', 'run', 'dag_with_taskflow_api_v02', 'get_name', 'scheduled__2022-06-16T00:00:00+00:00', '--job-id', '708', '--raw', '--subdir', 'DAGS_FOLDER/first_dag.py', '--cfg-path', '/tmp/tmp2i69drsj']
[2023-05-25T10:26:45.529+0000] {standard_task_runner.py:85} INFO - Job 708: Subtask get_name
[2023-05-25T10:26:45.889+0000] {task_command.py:410} INFO - Running <TaskInstance: dag_with_taskflow_api_v02.get_name scheduled__2022-06-16T00:00:00+00:00 [running]> on host b1ae37a9584e
[2023-05-25T10:26:46.796+0000] {taskinstance.py:1547} INFO - Exporting env vars: AIRFLOW_CTX_DAG_OWNER='Sai' AIRFLOW_CTX_DAG_ID='dag_with_taskflow_api_v02' AIRFLOW_CTX_TASK_ID='get_name' AIRFLOW_CTX_EXECUTION_DATE='2022-06-16T00:00:00+00:00' AIRFLOW_CTX_TRY_NUMBER='1' AIRFLOW_CTX_DAG_RUN_ID='scheduled__2022-06-16T00:00:00+00:00'
[2023-05-25T10:26:46.799+0000] {python.py:183} INFO - Done. Returned value was: {'first_name': 'Sai', 'last_name': 'Tr'}
[2023-05-25T10:26:47.095+0000] {taskinstance.py:1350} INFO - Marking task as SUCCESS. dag_id=dag_with_taskflow_api_v02, task_id=get_name, execution_date=20220616T000000, start_date=20230525T102645, end_date=20230525T102647
[2023-05-25T10:26:47.365+0000] {local_task_job_runner.py:225} INFO - Task exited with return code 0
[2023-05-25T10:26:48.300+0000] {taskinstance.py:2651} INFO - 0 downstream tasks scheduled from follow-on schedule check
