[2023-05-24T15:25:40.264+0000] {taskinstance.py:1103} INFO - Dependencies all met for dep_context=non-requeueable deps ti=<TaskInstance: dag_with_taskflow_api_v02.greet scheduled__2022-09-24T00:00:00+00:00 [queued]>
[2023-05-24T15:25:40.307+0000] {taskinstance.py:1103} INFO - Dependencies all met for dep_context=requeueable deps ti=<TaskInstance: dag_with_taskflow_api_v02.greet scheduled__2022-09-24T00:00:00+00:00 [queued]>
[2023-05-24T15:25:40.307+0000] {taskinstance.py:1308} INFO - Starting attempt 1 of 6
[2023-05-24T15:25:40.363+0000] {taskinstance.py:1327} INFO - Executing <Task(_PythonDecoratedOperator): greet> on 2022-09-24 00:00:00+00:00
[2023-05-24T15:25:40.373+0000] {standard_task_runner.py:57} INFO - Started process 2474 to run task
[2023-05-24T15:25:40.384+0000] {standard_task_runner.py:84} INFO - Running: ['***', 'tasks', 'run', 'dag_with_taskflow_api_v02', 'greet', 'scheduled__2022-09-24T00:00:00+00:00', '--job-id', '1020', '--raw', '--subdir', 'DAGS_FOLDER/first_dag.py', '--cfg-path', '/tmp/tmp21jcffzb']
[2023-05-24T15:25:40.387+0000] {standard_task_runner.py:85} INFO - Job 1020: Subtask greet
[2023-05-24T15:25:40.582+0000] {task_command.py:410} INFO - Running <TaskInstance: dag_with_taskflow_api_v02.greet scheduled__2022-09-24T00:00:00+00:00 [running]> on host 942de29f183d
[2023-05-24T15:25:41.211+0000] {taskinstance.py:1547} INFO - Exporting env vars: AIRFLOW_CTX_DAG_OWNER='Sai' AIRFLOW_CTX_DAG_ID='dag_with_taskflow_api_v02' AIRFLOW_CTX_TASK_ID='greet' AIRFLOW_CTX_EXECUTION_DATE='2022-09-24T00:00:00+00:00' AIRFLOW_CTX_TRY_NUMBER='1' AIRFLOW_CTX_DAG_RUN_ID='scheduled__2022-09-24T00:00:00+00:00'
[2023-05-24T15:25:41.213+0000] {logging_mixin.py:149} INFO - Hello World! My name is Sai Tr and I am 19 years old!
[2023-05-24T15:25:41.214+0000] {python.py:183} INFO - Done. Returned value was: None
[2023-05-24T15:25:41.259+0000] {taskinstance.py:1350} INFO - Marking task as SUCCESS. dag_id=dag_with_taskflow_api_v02, task_id=greet, execution_date=20220924T000000, start_date=20230524T152540, end_date=20230524T152541
[2023-05-24T15:25:41.367+0000] {local_task_job_runner.py:225} INFO - Task exited with return code 0
[2023-05-24T15:25:41.451+0000] {taskinstance.py:2651} INFO - 0 downstream tasks scheduled from follow-on schedule check
[2023-05-25T06:58:13.102+0000] {taskinstance.py:1103} INFO - Dependencies all met for dep_context=non-requeueable deps ti=<TaskInstance: dag_with_taskflow_api_v02.greet scheduled__2022-09-24T00:00:00+00:00 [queued]>
[2023-05-25T06:58:13.186+0000] {taskinstance.py:1103} INFO - Dependencies all met for dep_context=requeueable deps ti=<TaskInstance: dag_with_taskflow_api_v02.greet scheduled__2022-09-24T00:00:00+00:00 [queued]>
[2023-05-25T06:58:13.187+0000] {taskinstance.py:1308} INFO - Starting attempt 1 of 6
[2023-05-25T06:58:13.268+0000] {taskinstance.py:1327} INFO - Executing <Task(_PythonDecoratedOperator): greet> on 2022-09-24 00:00:00+00:00
[2023-05-25T06:58:13.279+0000] {standard_task_runner.py:57} INFO - Started process 3994 to run task
[2023-05-25T06:58:13.319+0000] {standard_task_runner.py:84} INFO - Running: ['***', 'tasks', 'run', 'dag_with_taskflow_api_v02', 'greet', 'scheduled__2022-09-24T00:00:00+00:00', '--job-id', '1021', '--raw', '--subdir', 'DAGS_FOLDER/first_dag.py', '--cfg-path', '/tmp/tmpwgz71axp']
[2023-05-25T06:58:13.342+0000] {standard_task_runner.py:85} INFO - Job 1021: Subtask greet
[2023-05-25T06:58:13.587+0000] {task_command.py:410} INFO - Running <TaskInstance: dag_with_taskflow_api_v02.greet scheduled__2022-09-24T00:00:00+00:00 [running]> on host 6bd07c7477d9
[2023-05-25T06:58:14.131+0000] {taskinstance.py:1547} INFO - Exporting env vars: AIRFLOW_CTX_DAG_OWNER='Sai' AIRFLOW_CTX_DAG_ID='dag_with_taskflow_api_v02' AIRFLOW_CTX_TASK_ID='greet' AIRFLOW_CTX_EXECUTION_DATE='2022-09-24T00:00:00+00:00' AIRFLOW_CTX_TRY_NUMBER='1' AIRFLOW_CTX_DAG_RUN_ID='scheduled__2022-09-24T00:00:00+00:00'
[2023-05-25T06:58:14.133+0000] {logging_mixin.py:149} INFO - Hello World! My name is Sai Tr and I am 19 years old!
[2023-05-25T06:58:14.133+0000] {python.py:183} INFO - Done. Returned value was: None
[2023-05-25T06:58:14.199+0000] {taskinstance.py:1350} INFO - Marking task as SUCCESS. dag_id=dag_with_taskflow_api_v02, task_id=greet, execution_date=20220924T000000, start_date=20230525T065813, end_date=20230525T065814
[2023-05-25T06:58:14.262+0000] {local_task_job_runner.py:225} INFO - Task exited with return code 0
[2023-05-25T06:58:14.323+0000] {taskinstance.py:2651} INFO - 0 downstream tasks scheduled from follow-on schedule check
[2023-05-25T10:31:43.298+0000] {taskinstance.py:1103} INFO - Dependencies all met for dep_context=non-requeueable deps ti=<TaskInstance: dag_with_taskflow_api_v02.greet scheduled__2022-09-24T00:00:00+00:00 [queued]>
[2023-05-25T10:31:43.356+0000] {taskinstance.py:1103} INFO - Dependencies all met for dep_context=requeueable deps ti=<TaskInstance: dag_with_taskflow_api_v02.greet scheduled__2022-09-24T00:00:00+00:00 [queued]>
[2023-05-25T10:31:43.356+0000] {taskinstance.py:1308} INFO - Starting attempt 1 of 6
[2023-05-25T10:31:43.588+0000] {taskinstance.py:1327} INFO - Executing <Task(_PythonDecoratedOperator): greet> on 2022-09-24 00:00:00+00:00
[2023-05-25T10:31:43.624+0000] {standard_task_runner.py:57} INFO - Started process 3614 to run task
[2023-05-25T10:31:43.669+0000] {standard_task_runner.py:84} INFO - Running: ['***', 'tasks', 'run', 'dag_with_taskflow_api_v02', 'greet', 'scheduled__2022-09-24T00:00:00+00:00', '--job-id', '1030', '--raw', '--subdir', 'DAGS_FOLDER/first_dag.py', '--cfg-path', '/tmp/tmptsuip_jn']
[2023-05-25T10:31:43.672+0000] {standard_task_runner.py:85} INFO - Job 1030: Subtask greet
[2023-05-25T10:31:44.085+0000] {task_command.py:410} INFO - Running <TaskInstance: dag_with_taskflow_api_v02.greet scheduled__2022-09-24T00:00:00+00:00 [running]> on host b1ae37a9584e
[2023-05-25T10:31:44.760+0000] {taskinstance.py:1547} INFO - Exporting env vars: AIRFLOW_CTX_DAG_OWNER='Sai' AIRFLOW_CTX_DAG_ID='dag_with_taskflow_api_v02' AIRFLOW_CTX_TASK_ID='greet' AIRFLOW_CTX_EXECUTION_DATE='2022-09-24T00:00:00+00:00' AIRFLOW_CTX_TRY_NUMBER='1' AIRFLOW_CTX_DAG_RUN_ID='scheduled__2022-09-24T00:00:00+00:00'
[2023-05-25T10:31:44.761+0000] {logging_mixin.py:149} INFO - Hello World! My name is Sai Tr and I am 19 years old!
[2023-05-25T10:31:44.762+0000] {python.py:183} INFO - Done. Returned value was: None
[2023-05-25T10:31:44.794+0000] {taskinstance.py:1350} INFO - Marking task as SUCCESS. dag_id=dag_with_taskflow_api_v02, task_id=greet, execution_date=20220924T000000, start_date=20230525T103143, end_date=20230525T103144
[2023-05-25T10:31:44.884+0000] {local_task_job_runner.py:225} INFO - Task exited with return code 0
[2023-05-25T10:31:45.448+0000] {taskinstance.py:2651} INFO - 0 downstream tasks scheduled from follow-on schedule check
