[2023-05-24T15:21:45.826+0000] {taskinstance.py:1103} INFO - Dependencies all met for dep_context=non-requeueable deps ti=<TaskInstance: dag_with_taskflow_api_v02.get_name scheduled__2022-05-25T00:00:00+00:00 [queued]>
[2023-05-24T15:21:45.915+0000] {taskinstance.py:1103} INFO - Dependencies all met for dep_context=requeueable deps ti=<TaskInstance: dag_with_taskflow_api_v02.get_name scheduled__2022-05-25T00:00:00+00:00 [queued]>
[2023-05-24T15:21:45.915+0000] {taskinstance.py:1308} INFO - Starting attempt 1 of 6
[2023-05-24T15:21:46.135+0000] {taskinstance.py:1327} INFO - Executing <Task(_PythonDecoratedOperator): get_name> on 2022-05-25 00:00:00+00:00
[2023-05-24T15:21:46.166+0000] {standard_task_runner.py:57} INFO - Started process 1612 to run task
[2023-05-24T15:21:46.178+0000] {standard_task_runner.py:84} INFO - Running: ['***', 'tasks', 'run', 'dag_with_taskflow_api_v02', 'get_name', 'scheduled__2022-05-25T00:00:00+00:00', '--job-id', '636', '--raw', '--subdir', 'DAGS_FOLDER/first_dag.py', '--cfg-path', '/tmp/tmpktu8lbee']
[2023-05-24T15:21:46.186+0000] {standard_task_runner.py:85} INFO - Job 636: Subtask get_name
[2023-05-24T15:21:46.454+0000] {task_command.py:410} INFO - Running <TaskInstance: dag_with_taskflow_api_v02.get_name scheduled__2022-05-25T00:00:00+00:00 [running]> on host 942de29f183d
[2023-05-24T15:21:47.431+0000] {taskinstance.py:1547} INFO - Exporting env vars: AIRFLOW_CTX_DAG_OWNER='Sai' AIRFLOW_CTX_DAG_ID='dag_with_taskflow_api_v02' AIRFLOW_CTX_TASK_ID='get_name' AIRFLOW_CTX_EXECUTION_DATE='2022-05-25T00:00:00+00:00' AIRFLOW_CTX_TRY_NUMBER='1' AIRFLOW_CTX_DAG_RUN_ID='scheduled__2022-05-25T00:00:00+00:00'
[2023-05-24T15:21:47.433+0000] {python.py:183} INFO - Done. Returned value was: {'first_name': 'Sai', 'last_name': 'Tr'}
[2023-05-24T15:21:47.887+0000] {taskinstance.py:1350} INFO - Marking task as SUCCESS. dag_id=dag_with_taskflow_api_v02, task_id=get_name, execution_date=20220525T000000, start_date=20230524T152145, end_date=20230524T152147
[2023-05-24T15:21:48.277+0000] {local_task_job_runner.py:225} INFO - Task exited with return code 0
[2023-05-24T15:21:48.454+0000] {taskinstance.py:2651} INFO - 1 downstream tasks scheduled from follow-on schedule check
[2023-05-25T06:54:40.795+0000] {taskinstance.py:1103} INFO - Dependencies all met for dep_context=non-requeueable deps ti=<TaskInstance: dag_with_taskflow_api_v02.get_name scheduled__2022-05-25T00:00:00+00:00 [queued]>
[2023-05-25T06:54:40.826+0000] {taskinstance.py:1103} INFO - Dependencies all met for dep_context=requeueable deps ti=<TaskInstance: dag_with_taskflow_api_v02.get_name scheduled__2022-05-25T00:00:00+00:00 [queued]>
[2023-05-25T06:54:40.836+0000] {taskinstance.py:1308} INFO - Starting attempt 1 of 6
[2023-05-25T06:54:41.049+0000] {taskinstance.py:1327} INFO - Executing <Task(_PythonDecoratedOperator): get_name> on 2022-05-25 00:00:00+00:00
[2023-05-25T06:54:41.056+0000] {standard_task_runner.py:57} INFO - Started process 3143 to run task
[2023-05-25T06:54:41.115+0000] {standard_task_runner.py:84} INFO - Running: ['***', 'tasks', 'run', 'dag_with_taskflow_api_v02', 'get_name', 'scheduled__2022-05-25T00:00:00+00:00', '--job-id', '634', '--raw', '--subdir', 'DAGS_FOLDER/first_dag.py', '--cfg-path', '/tmp/tmpovh4c347']
[2023-05-25T06:54:41.169+0000] {standard_task_runner.py:85} INFO - Job 634: Subtask get_name
[2023-05-25T06:54:41.541+0000] {task_command.py:410} INFO - Running <TaskInstance: dag_with_taskflow_api_v02.get_name scheduled__2022-05-25T00:00:00+00:00 [running]> on host 6bd07c7477d9
[2023-05-25T06:54:43.024+0000] {taskinstance.py:1547} INFO - Exporting env vars: AIRFLOW_CTX_DAG_OWNER='Sai' AIRFLOW_CTX_DAG_ID='dag_with_taskflow_api_v02' AIRFLOW_CTX_TASK_ID='get_name' AIRFLOW_CTX_EXECUTION_DATE='2022-05-25T00:00:00+00:00' AIRFLOW_CTX_TRY_NUMBER='1' AIRFLOW_CTX_DAG_RUN_ID='scheduled__2022-05-25T00:00:00+00:00'
[2023-05-25T06:54:43.029+0000] {python.py:183} INFO - Done. Returned value was: {'first_name': 'Sai', 'last_name': 'Tr'}
[2023-05-25T06:54:43.399+0000] {taskinstance.py:1350} INFO - Marking task as SUCCESS. dag_id=dag_with_taskflow_api_v02, task_id=get_name, execution_date=20220525T000000, start_date=20230525T065440, end_date=20230525T065443
[2023-05-25T06:54:43.549+0000] {local_task_job_runner.py:225} INFO - Task exited with return code 0
[2023-05-25T06:54:43.751+0000] {taskinstance.py:2651} INFO - 1 downstream tasks scheduled from follow-on schedule check
[2023-05-25T10:26:07.782+0000] {taskinstance.py:1103} INFO - Dependencies all met for dep_context=non-requeueable deps ti=<TaskInstance: dag_with_taskflow_api_v02.get_name scheduled__2022-05-25T00:00:00+00:00 [queued]>
[2023-05-25T10:26:07.875+0000] {taskinstance.py:1103} INFO - Dependencies all met for dep_context=requeueable deps ti=<TaskInstance: dag_with_taskflow_api_v02.get_name scheduled__2022-05-25T00:00:00+00:00 [queued]>
[2023-05-25T10:26:07.884+0000] {taskinstance.py:1308} INFO - Starting attempt 1 of 6
[2023-05-25T10:26:08.018+0000] {taskinstance.py:1327} INFO - Executing <Task(_PythonDecoratedOperator): get_name> on 2022-05-25 00:00:00+00:00
[2023-05-25T10:26:08.047+0000] {standard_task_runner.py:57} INFO - Started process 2731 to run task
[2023-05-25T10:26:08.111+0000] {standard_task_runner.py:84} INFO - Running: ['***', 'tasks', 'run', 'dag_with_taskflow_api_v02', 'get_name', 'scheduled__2022-05-25T00:00:00+00:00', '--job-id', '646', '--raw', '--subdir', 'DAGS_FOLDER/first_dag.py', '--cfg-path', '/tmp/tmpwcjbh50w']
[2023-05-25T10:26:08.144+0000] {standard_task_runner.py:85} INFO - Job 646: Subtask get_name
[2023-05-25T10:26:08.816+0000] {task_command.py:410} INFO - Running <TaskInstance: dag_with_taskflow_api_v02.get_name scheduled__2022-05-25T00:00:00+00:00 [running]> on host b1ae37a9584e
[2023-05-25T10:26:10.071+0000] {taskinstance.py:1547} INFO - Exporting env vars: AIRFLOW_CTX_DAG_OWNER='Sai' AIRFLOW_CTX_DAG_ID='dag_with_taskflow_api_v02' AIRFLOW_CTX_TASK_ID='get_name' AIRFLOW_CTX_EXECUTION_DATE='2022-05-25T00:00:00+00:00' AIRFLOW_CTX_TRY_NUMBER='1' AIRFLOW_CTX_DAG_RUN_ID='scheduled__2022-05-25T00:00:00+00:00'
[2023-05-25T10:26:10.072+0000] {python.py:183} INFO - Done. Returned value was: {'first_name': 'Sai', 'last_name': 'Tr'}
[2023-05-25T10:26:10.332+0000] {taskinstance.py:1350} INFO - Marking task as SUCCESS. dag_id=dag_with_taskflow_api_v02, task_id=get_name, execution_date=20220525T000000, start_date=20230525T102607, end_date=20230525T102610
[2023-05-25T10:26:10.440+0000] {local_task_job_runner.py:225} INFO - Task exited with return code 0
[2023-05-25T10:26:10.647+0000] {taskinstance.py:2651} INFO - 1 downstream tasks scheduled from follow-on schedule check
