[2023-05-24T15:24:03.707+0000] {taskinstance.py:1103} INFO - Dependencies all met for dep_context=non-requeueable deps ti=<TaskInstance: dag_with_taskflow_api_v02.greet scheduled__2022-07-29T00:00:00+00:00 [queued]>
[2023-05-24T15:24:03.796+0000] {taskinstance.py:1103} INFO - Dependencies all met for dep_context=requeueable deps ti=<TaskInstance: dag_with_taskflow_api_v02.greet scheduled__2022-07-29T00:00:00+00:00 [queued]>
[2023-05-24T15:24:03.796+0000] {taskinstance.py:1308} INFO - Starting attempt 1 of 6
[2023-05-24T15:24:03.973+0000] {taskinstance.py:1327} INFO - Executing <Task(_PythonDecoratedOperator): greet> on 2022-07-29 00:00:00+00:00
[2023-05-24T15:24:03.984+0000] {standard_task_runner.py:57} INFO - Started process 2091 to run task
[2023-05-24T15:24:04.007+0000] {standard_task_runner.py:84} INFO - Running: ['***', 'tasks', 'run', 'dag_with_taskflow_api_v02', 'greet', 'scheduled__2022-07-29T00:00:00+00:00', '--job-id', '850', '--raw', '--subdir', 'DAGS_FOLDER/first_dag.py', '--cfg-path', '/tmp/tmp6yo5_abo']
[2023-05-24T15:24:04.017+0000] {standard_task_runner.py:85} INFO - Job 850: Subtask greet
[2023-05-24T15:24:04.300+0000] {task_command.py:410} INFO - Running <TaskInstance: dag_with_taskflow_api_v02.greet scheduled__2022-07-29T00:00:00+00:00 [running]> on host 942de29f183d
[2023-05-24T15:24:04.892+0000] {taskinstance.py:1547} INFO - Exporting env vars: AIRFLOW_CTX_DAG_OWNER='Sai' AIRFLOW_CTX_DAG_ID='dag_with_taskflow_api_v02' AIRFLOW_CTX_TASK_ID='greet' AIRFLOW_CTX_EXECUTION_DATE='2022-07-29T00:00:00+00:00' AIRFLOW_CTX_TRY_NUMBER='1' AIRFLOW_CTX_DAG_RUN_ID='scheduled__2022-07-29T00:00:00+00:00'
[2023-05-24T15:24:04.893+0000] {logging_mixin.py:149} INFO - Hello World! My name is Sai Tr and I am 19 years old!
[2023-05-24T15:24:04.894+0000] {python.py:183} INFO - Done. Returned value was: None
[2023-05-24T15:24:04.919+0000] {taskinstance.py:1350} INFO - Marking task as SUCCESS. dag_id=dag_with_taskflow_api_v02, task_id=greet, execution_date=20220729T000000, start_date=20230524T152403, end_date=20230524T152404
[2023-05-24T15:24:04.982+0000] {local_task_job_runner.py:225} INFO - Task exited with return code 0
[2023-05-24T15:24:05.048+0000] {taskinstance.py:2651} INFO - 0 downstream tasks scheduled from follow-on schedule check
[2023-05-25T06:56:33.982+0000] {taskinstance.py:1103} INFO - Dependencies all met for dep_context=non-requeueable deps ti=<TaskInstance: dag_with_taskflow_api_v02.greet scheduled__2022-07-29T00:00:00+00:00 [queued]>
[2023-05-25T06:56:34.028+0000] {taskinstance.py:1103} INFO - Dependencies all met for dep_context=requeueable deps ti=<TaskInstance: dag_with_taskflow_api_v02.greet scheduled__2022-07-29T00:00:00+00:00 [queued]>
[2023-05-25T06:56:34.037+0000] {taskinstance.py:1308} INFO - Starting attempt 1 of 6
[2023-05-25T06:56:34.116+0000] {taskinstance.py:1327} INFO - Executing <Task(_PythonDecoratedOperator): greet> on 2022-07-29 00:00:00+00:00
[2023-05-25T06:56:34.134+0000] {standard_task_runner.py:57} INFO - Started process 3597 to run task
[2023-05-25T06:56:34.157+0000] {standard_task_runner.py:84} INFO - Running: ['***', 'tasks', 'run', 'dag_with_taskflow_api_v02', 'greet', 'scheduled__2022-07-29T00:00:00+00:00', '--job-id', '845', '--raw', '--subdir', 'DAGS_FOLDER/first_dag.py', '--cfg-path', '/tmp/tmp98d6j40h']
[2023-05-25T06:56:34.161+0000] {standard_task_runner.py:85} INFO - Job 845: Subtask greet
[2023-05-25T06:56:34.340+0000] {task_command.py:410} INFO - Running <TaskInstance: dag_with_taskflow_api_v02.greet scheduled__2022-07-29T00:00:00+00:00 [running]> on host 6bd07c7477d9
[2023-05-25T06:56:34.778+0000] {taskinstance.py:1547} INFO - Exporting env vars: AIRFLOW_CTX_DAG_OWNER='Sai' AIRFLOW_CTX_DAG_ID='dag_with_taskflow_api_v02' AIRFLOW_CTX_TASK_ID='greet' AIRFLOW_CTX_EXECUTION_DATE='2022-07-29T00:00:00+00:00' AIRFLOW_CTX_TRY_NUMBER='1' AIRFLOW_CTX_DAG_RUN_ID='scheduled__2022-07-29T00:00:00+00:00'
[2023-05-25T06:56:34.779+0000] {logging_mixin.py:149} INFO - Hello World! My name is Sai Tr and I am 19 years old!
[2023-05-25T06:56:34.779+0000] {python.py:183} INFO - Done. Returned value was: None
[2023-05-25T06:56:34.812+0000] {taskinstance.py:1350} INFO - Marking task as SUCCESS. dag_id=dag_with_taskflow_api_v02, task_id=greet, execution_date=20220729T000000, start_date=20230525T065633, end_date=20230525T065634
[2023-05-25T06:56:34.895+0000] {local_task_job_runner.py:225} INFO - Task exited with return code 0
[2023-05-25T06:56:34.935+0000] {taskinstance.py:2651} INFO - 0 downstream tasks scheduled from follow-on schedule check
[2023-05-25T10:28:41.481+0000] {taskinstance.py:1103} INFO - Dependencies all met for dep_context=non-requeueable deps ti=<TaskInstance: dag_with_taskflow_api_v02.greet scheduled__2022-07-29T00:00:00+00:00 [queued]>
[2023-05-25T10:28:41.568+0000] {taskinstance.py:1103} INFO - Dependencies all met for dep_context=requeueable deps ti=<TaskInstance: dag_with_taskflow_api_v02.greet scheduled__2022-07-29T00:00:00+00:00 [queued]>
[2023-05-25T10:28:41.569+0000] {taskinstance.py:1308} INFO - Starting attempt 1 of 6
[2023-05-25T10:28:41.671+0000] {taskinstance.py:1327} INFO - Executing <Task(_PythonDecoratedOperator): greet> on 2022-07-29 00:00:00+00:00
[2023-05-25T10:28:41.692+0000] {standard_task_runner.py:57} INFO - Started process 3194 to run task
[2023-05-25T10:28:41.716+0000] {standard_task_runner.py:84} INFO - Running: ['***', 'tasks', 'run', 'dag_with_taskflow_api_v02', 'greet', 'scheduled__2022-07-29T00:00:00+00:00', '--job-id', '854', '--raw', '--subdir', 'DAGS_FOLDER/first_dag.py', '--cfg-path', '/tmp/tmpt3gea_4x']
[2023-05-25T10:28:41.724+0000] {standard_task_runner.py:85} INFO - Job 854: Subtask greet
[2023-05-25T10:28:42.022+0000] {task_command.py:410} INFO - Running <TaskInstance: dag_with_taskflow_api_v02.greet scheduled__2022-07-29T00:00:00+00:00 [running]> on host b1ae37a9584e
[2023-05-25T10:28:42.689+0000] {taskinstance.py:1547} INFO - Exporting env vars: AIRFLOW_CTX_DAG_OWNER='Sai' AIRFLOW_CTX_DAG_ID='dag_with_taskflow_api_v02' AIRFLOW_CTX_TASK_ID='greet' AIRFLOW_CTX_EXECUTION_DATE='2022-07-29T00:00:00+00:00' AIRFLOW_CTX_TRY_NUMBER='1' AIRFLOW_CTX_DAG_RUN_ID='scheduled__2022-07-29T00:00:00+00:00'
[2023-05-25T10:28:42.691+0000] {logging_mixin.py:149} INFO - Hello World! My name is Sai Tr and I am 19 years old!
[2023-05-25T10:28:42.691+0000] {python.py:183} INFO - Done. Returned value was: None
[2023-05-25T10:28:42.809+0000] {taskinstance.py:1350} INFO - Marking task as SUCCESS. dag_id=dag_with_taskflow_api_v02, task_id=greet, execution_date=20220729T000000, start_date=20230525T102841, end_date=20230525T102842
[2023-05-25T10:28:42.958+0000] {local_task_job_runner.py:225} INFO - Task exited with return code 0
[2023-05-25T10:28:43.057+0000] {taskinstance.py:2651} INFO - 0 downstream tasks scheduled from follow-on schedule check
