[2023-05-24T15:26:22.429+0000] {taskinstance.py:1103} INFO - Dependencies all met for dep_context=non-requeueable deps ti=<TaskInstance: dag_with_taskflow_api_v02.greet scheduled__2022-10-18T00:00:00+00:00 [queued]>
[2023-05-24T15:26:22.558+0000] {taskinstance.py:1103} INFO - Dependencies all met for dep_context=requeueable deps ti=<TaskInstance: dag_with_taskflow_api_v02.greet scheduled__2022-10-18T00:00:00+00:00 [queued]>
[2023-05-24T15:26:22.559+0000] {taskinstance.py:1308} INFO - Starting attempt 1 of 6
[2023-05-24T15:26:23.067+0000] {taskinstance.py:1327} INFO - Executing <Task(_PythonDecoratedOperator): greet> on 2022-10-18 00:00:00+00:00
[2023-05-24T15:26:23.075+0000] {standard_task_runner.py:57} INFO - Started process 2650 to run task
[2023-05-24T15:26:23.138+0000] {standard_task_runner.py:84} INFO - Running: ['***', 'tasks', 'run', 'dag_with_taskflow_api_v02', 'greet', 'scheduled__2022-10-18T00:00:00+00:00', '--job-id', '1096', '--raw', '--subdir', 'DAGS_FOLDER/first_dag.py', '--cfg-path', '/tmp/tmpryfxvy_u']
[2023-05-24T15:26:23.154+0000] {standard_task_runner.py:85} INFO - Job 1096: Subtask greet
[2023-05-24T15:26:23.490+0000] {task_command.py:410} INFO - Running <TaskInstance: dag_with_taskflow_api_v02.greet scheduled__2022-10-18T00:00:00+00:00 [running]> on host 942de29f183d
[2023-05-24T15:26:24.311+0000] {taskinstance.py:1547} INFO - Exporting env vars: AIRFLOW_CTX_DAG_OWNER='Sai' AIRFLOW_CTX_DAG_ID='dag_with_taskflow_api_v02' AIRFLOW_CTX_TASK_ID='greet' AIRFLOW_CTX_EXECUTION_DATE='2022-10-18T00:00:00+00:00' AIRFLOW_CTX_TRY_NUMBER='1' AIRFLOW_CTX_DAG_RUN_ID='scheduled__2022-10-18T00:00:00+00:00'
[2023-05-24T15:26:24.312+0000] {logging_mixin.py:149} INFO - Hello World! My name is Sai Tr and I am 19 years old!
[2023-05-24T15:26:24.312+0000] {python.py:183} INFO - Done. Returned value was: None
[2023-05-24T15:26:24.347+0000] {taskinstance.py:1350} INFO - Marking task as SUCCESS. dag_id=dag_with_taskflow_api_v02, task_id=greet, execution_date=20221018T000000, start_date=20230524T152622, end_date=20230524T152624
[2023-05-24T15:26:24.417+0000] {local_task_job_runner.py:225} INFO - Task exited with return code 0
[2023-05-24T15:26:24.931+0000] {taskinstance.py:2651} INFO - 0 downstream tasks scheduled from follow-on schedule check
[2023-05-25T06:58:55.412+0000] {taskinstance.py:1103} INFO - Dependencies all met for dep_context=non-requeueable deps ti=<TaskInstance: dag_with_taskflow_api_v02.greet scheduled__2022-10-18T00:00:00+00:00 [queued]>
[2023-05-25T06:58:55.456+0000] {taskinstance.py:1103} INFO - Dependencies all met for dep_context=requeueable deps ti=<TaskInstance: dag_with_taskflow_api_v02.greet scheduled__2022-10-18T00:00:00+00:00 [queued]>
[2023-05-25T06:58:55.457+0000] {taskinstance.py:1308} INFO - Starting attempt 1 of 6
[2023-05-25T06:58:56.111+0000] {taskinstance.py:1327} INFO - Executing <Task(_PythonDecoratedOperator): greet> on 2022-10-18 00:00:00+00:00
[2023-05-25T06:58:56.122+0000] {standard_task_runner.py:57} INFO - Started process 4160 to run task
[2023-05-25T06:58:56.205+0000] {standard_task_runner.py:84} INFO - Running: ['***', 'tasks', 'run', 'dag_with_taskflow_api_v02', 'greet', 'scheduled__2022-10-18T00:00:00+00:00', '--job-id', '1095', '--raw', '--subdir', 'DAGS_FOLDER/first_dag.py', '--cfg-path', '/tmp/tmp3a4qcoem']
[2023-05-25T06:58:56.259+0000] {standard_task_runner.py:85} INFO - Job 1095: Subtask greet
[2023-05-25T06:58:56.634+0000] {task_command.py:410} INFO - Running <TaskInstance: dag_with_taskflow_api_v02.greet scheduled__2022-10-18T00:00:00+00:00 [running]> on host 6bd07c7477d9
[2023-05-25T06:58:57.596+0000] {taskinstance.py:1547} INFO - Exporting env vars: AIRFLOW_CTX_DAG_OWNER='Sai' AIRFLOW_CTX_DAG_ID='dag_with_taskflow_api_v02' AIRFLOW_CTX_TASK_ID='greet' AIRFLOW_CTX_EXECUTION_DATE='2022-10-18T00:00:00+00:00' AIRFLOW_CTX_TRY_NUMBER='1' AIRFLOW_CTX_DAG_RUN_ID='scheduled__2022-10-18T00:00:00+00:00'
[2023-05-25T06:58:57.598+0000] {logging_mixin.py:149} INFO - Hello World! My name is Sai Tr and I am 19 years old!
[2023-05-25T06:58:57.598+0000] {python.py:183} INFO - Done. Returned value was: None
[2023-05-25T06:58:57.665+0000] {taskinstance.py:1350} INFO - Marking task as SUCCESS. dag_id=dag_with_taskflow_api_v02, task_id=greet, execution_date=20221018T000000, start_date=20230525T065855, end_date=20230525T065857
[2023-05-25T06:58:57.945+0000] {local_task_job_runner.py:225} INFO - Task exited with return code 0
[2023-05-25T06:58:58.128+0000] {taskinstance.py:2651} INFO - 0 downstream tasks scheduled from follow-on schedule check
[2023-05-25T10:32:19.003+0000] {taskinstance.py:1103} INFO - Dependencies all met for dep_context=non-requeueable deps ti=<TaskInstance: dag_with_taskflow_api_v02.greet scheduled__2022-10-18T00:00:00+00:00 [queued]>
[2023-05-25T10:32:19.019+0000] {taskinstance.py:1103} INFO - Dependencies all met for dep_context=requeueable deps ti=<TaskInstance: dag_with_taskflow_api_v02.greet scheduled__2022-10-18T00:00:00+00:00 [queued]>
[2023-05-25T10:32:19.019+0000] {taskinstance.py:1308} INFO - Starting attempt 1 of 6
[2023-05-25T10:32:19.046+0000] {taskinstance.py:1327} INFO - Executing <Task(_PythonDecoratedOperator): greet> on 2022-10-18 00:00:00+00:00
[2023-05-25T10:32:19.053+0000] {standard_task_runner.py:57} INFO - Started process 3746 to run task
[2023-05-25T10:32:19.058+0000] {standard_task_runner.py:84} INFO - Running: ['***', 'tasks', 'run', 'dag_with_taskflow_api_v02', 'greet', 'scheduled__2022-10-18T00:00:00+00:00', '--job-id', '1092', '--raw', '--subdir', 'DAGS_FOLDER/first_dag.py', '--cfg-path', '/tmp/tmpldjxlx3f']
[2023-05-25T10:32:19.060+0000] {standard_task_runner.py:85} INFO - Job 1092: Subtask greet
[2023-05-25T10:32:19.126+0000] {task_command.py:410} INFO - Running <TaskInstance: dag_with_taskflow_api_v02.greet scheduled__2022-10-18T00:00:00+00:00 [running]> on host b1ae37a9584e
[2023-05-25T10:32:19.313+0000] {taskinstance.py:1547} INFO - Exporting env vars: AIRFLOW_CTX_DAG_OWNER='Sai' AIRFLOW_CTX_DAG_ID='dag_with_taskflow_api_v02' AIRFLOW_CTX_TASK_ID='greet' AIRFLOW_CTX_EXECUTION_DATE='2022-10-18T00:00:00+00:00' AIRFLOW_CTX_TRY_NUMBER='1' AIRFLOW_CTX_DAG_RUN_ID='scheduled__2022-10-18T00:00:00+00:00'
[2023-05-25T10:32:19.314+0000] {logging_mixin.py:149} INFO - Hello World! My name is Sai Tr and I am 19 years old!
[2023-05-25T10:32:19.315+0000] {python.py:183} INFO - Done. Returned value was: None
[2023-05-25T10:32:19.331+0000] {taskinstance.py:1350} INFO - Marking task as SUCCESS. dag_id=dag_with_taskflow_api_v02, task_id=greet, execution_date=20221018T000000, start_date=20230525T103219, end_date=20230525T103219
[2023-05-25T10:32:19.389+0000] {local_task_job_runner.py:225} INFO - Task exited with return code 0
[2023-05-25T10:32:19.431+0000] {taskinstance.py:2651} INFO - 0 downstream tasks scheduled from follow-on schedule check
