[2023-05-24T15:19:06.562+0000] {taskinstance.py:1103} INFO - Dependencies all met for dep_context=non-requeueable deps ti=<TaskInstance: dag_with_taskflow_api_v02.get_name scheduled__2022-03-01T00:00:00+00:00 [queued]>
[2023-05-24T15:19:06.596+0000] {taskinstance.py:1103} INFO - Dependencies all met for dep_context=requeueable deps ti=<TaskInstance: dag_with_taskflow_api_v02.get_name scheduled__2022-03-01T00:00:00+00:00 [queued]>
[2023-05-24T15:19:06.597+0000] {taskinstance.py:1308} INFO - Starting attempt 1 of 6
[2023-05-24T15:19:06.878+0000] {taskinstance.py:1327} INFO - Executing <Task(_PythonDecoratedOperator): get_name> on 2022-03-01 00:00:00+00:00
[2023-05-24T15:19:06.944+0000] {standard_task_runner.py:57} INFO - Started process 1039 to run task
[2023-05-24T15:19:06.968+0000] {standard_task_runner.py:84} INFO - Running: ['***', 'tasks', 'run', 'dag_with_taskflow_api_v02', 'get_name', 'scheduled__2022-03-01T00:00:00+00:00', '--job-id', '377', '--raw', '--subdir', 'DAGS_FOLDER/first_dag.py', '--cfg-path', '/tmp/tmpkf5l3g_f']
[2023-05-24T15:19:06.979+0000] {standard_task_runner.py:85} INFO - Job 377: Subtask get_name
[2023-05-24T15:19:07.312+0000] {task_command.py:410} INFO - Running <TaskInstance: dag_with_taskflow_api_v02.get_name scheduled__2022-03-01T00:00:00+00:00 [running]> on host 942de29f183d
[2023-05-24T15:19:08.014+0000] {taskinstance.py:1547} INFO - Exporting env vars: AIRFLOW_CTX_DAG_OWNER='Sai' AIRFLOW_CTX_DAG_ID='dag_with_taskflow_api_v02' AIRFLOW_CTX_TASK_ID='get_name' AIRFLOW_CTX_EXECUTION_DATE='2022-03-01T00:00:00+00:00' AIRFLOW_CTX_TRY_NUMBER='1' AIRFLOW_CTX_DAG_RUN_ID='scheduled__2022-03-01T00:00:00+00:00'
[2023-05-24T15:19:08.015+0000] {python.py:183} INFO - Done. Returned value was: {'first_name': 'Sai', 'last_name': 'Tr'}
[2023-05-24T15:19:08.217+0000] {taskinstance.py:1350} INFO - Marking task as SUCCESS. dag_id=dag_with_taskflow_api_v02, task_id=get_name, execution_date=20220301T000000, start_date=20230524T151906, end_date=20230524T151908
[2023-05-24T15:19:08.355+0000] {local_task_job_runner.py:225} INFO - Task exited with return code 0
[2023-05-24T15:19:08.460+0000] {taskinstance.py:2651} INFO - 1 downstream tasks scheduled from follow-on schedule check
[2023-05-25T06:52:24.907+0000] {taskinstance.py:1103} INFO - Dependencies all met for dep_context=non-requeueable deps ti=<TaskInstance: dag_with_taskflow_api_v02.get_name scheduled__2022-03-01T00:00:00+00:00 [queued]>
[2023-05-25T06:52:24.982+0000] {taskinstance.py:1103} INFO - Dependencies all met for dep_context=requeueable deps ti=<TaskInstance: dag_with_taskflow_api_v02.get_name scheduled__2022-03-01T00:00:00+00:00 [queued]>
[2023-05-25T06:52:24.983+0000] {taskinstance.py:1308} INFO - Starting attempt 1 of 6
[2023-05-25T06:52:25.138+0000] {taskinstance.py:1327} INFO - Executing <Task(_PythonDecoratedOperator): get_name> on 2022-03-01 00:00:00+00:00
[2023-05-25T06:52:25.167+0000] {standard_task_runner.py:57} INFO - Started process 2572 to run task
[2023-05-25T06:52:25.196+0000] {standard_task_runner.py:84} INFO - Running: ['***', 'tasks', 'run', 'dag_with_taskflow_api_v02', 'get_name', 'scheduled__2022-03-01T00:00:00+00:00', '--job-id', '378', '--raw', '--subdir', 'DAGS_FOLDER/first_dag.py', '--cfg-path', '/tmp/tmpej7g9zs6']
[2023-05-25T06:52:25.200+0000] {standard_task_runner.py:85} INFO - Job 378: Subtask get_name
[2023-05-25T06:52:25.540+0000] {task_command.py:410} INFO - Running <TaskInstance: dag_with_taskflow_api_v02.get_name scheduled__2022-03-01T00:00:00+00:00 [running]> on host 6bd07c7477d9
[2023-05-25T06:52:26.470+0000] {taskinstance.py:1547} INFO - Exporting env vars: AIRFLOW_CTX_DAG_OWNER='Sai' AIRFLOW_CTX_DAG_ID='dag_with_taskflow_api_v02' AIRFLOW_CTX_TASK_ID='get_name' AIRFLOW_CTX_EXECUTION_DATE='2022-03-01T00:00:00+00:00' AIRFLOW_CTX_TRY_NUMBER='1' AIRFLOW_CTX_DAG_RUN_ID='scheduled__2022-03-01T00:00:00+00:00'
[2023-05-25T06:52:26.472+0000] {python.py:183} INFO - Done. Returned value was: {'first_name': 'Sai', 'last_name': 'Tr'}
[2023-05-25T06:52:26.759+0000] {taskinstance.py:1350} INFO - Marking task as SUCCESS. dag_id=dag_with_taskflow_api_v02, task_id=get_name, execution_date=20220301T000000, start_date=20230525T065224, end_date=20230525T065226
[2023-05-25T06:52:27.029+0000] {local_task_job_runner.py:225} INFO - Task exited with return code 0
[2023-05-25T06:52:27.287+0000] {taskinstance.py:2651} INFO - 0 downstream tasks scheduled from follow-on schedule check
[2023-05-25T10:23:21.814+0000] {taskinstance.py:1103} INFO - Dependencies all met for dep_context=non-requeueable deps ti=<TaskInstance: dag_with_taskflow_api_v02.get_name scheduled__2022-03-01T00:00:00+00:00 [queued]>
[2023-05-25T10:23:21.929+0000] {taskinstance.py:1103} INFO - Dependencies all met for dep_context=requeueable deps ti=<TaskInstance: dag_with_taskflow_api_v02.get_name scheduled__2022-03-01T00:00:00+00:00 [queued]>
[2023-05-25T10:23:21.930+0000] {taskinstance.py:1308} INFO - Starting attempt 1 of 6
[2023-05-25T10:23:22.075+0000] {taskinstance.py:1327} INFO - Executing <Task(_PythonDecoratedOperator): get_name> on 2022-03-01 00:00:00+00:00
[2023-05-25T10:23:22.106+0000] {standard_task_runner.py:57} INFO - Started process 2114 to run task
[2023-05-25T10:23:22.125+0000] {standard_task_runner.py:84} INFO - Running: ['***', 'tasks', 'run', 'dag_with_taskflow_api_v02', 'get_name', 'scheduled__2022-03-01T00:00:00+00:00', '--job-id', '373', '--raw', '--subdir', 'DAGS_FOLDER/first_dag.py', '--cfg-path', '/tmp/tmpanaj7jt6']
[2023-05-25T10:23:22.193+0000] {standard_task_runner.py:85} INFO - Job 373: Subtask get_name
[2023-05-25T10:23:22.659+0000] {task_command.py:410} INFO - Running <TaskInstance: dag_with_taskflow_api_v02.get_name scheduled__2022-03-01T00:00:00+00:00 [running]> on host b1ae37a9584e
[2023-05-25T10:23:24.387+0000] {taskinstance.py:1547} INFO - Exporting env vars: AIRFLOW_CTX_DAG_OWNER='Sai' AIRFLOW_CTX_DAG_ID='dag_with_taskflow_api_v02' AIRFLOW_CTX_TASK_ID='get_name' AIRFLOW_CTX_EXECUTION_DATE='2022-03-01T00:00:00+00:00' AIRFLOW_CTX_TRY_NUMBER='1' AIRFLOW_CTX_DAG_RUN_ID='scheduled__2022-03-01T00:00:00+00:00'
[2023-05-25T10:23:24.395+0000] {python.py:183} INFO - Done. Returned value was: {'first_name': 'Sai', 'last_name': 'Tr'}
[2023-05-25T10:23:24.816+0000] {taskinstance.py:1350} INFO - Marking task as SUCCESS. dag_id=dag_with_taskflow_api_v02, task_id=get_name, execution_date=20220301T000000, start_date=20230525T102321, end_date=20230525T102324
[2023-05-25T10:23:24.888+0000] {local_task_job_runner.py:225} INFO - Task exited with return code 0
[2023-05-25T10:23:25.348+0000] {taskinstance.py:2651} INFO - 0 downstream tasks scheduled from follow-on schedule check
