[2023-05-24T15:23:55.592+0000] {taskinstance.py:1103} INFO - Dependencies all met for dep_context=non-requeueable deps ti=<TaskInstance: dag_with_taskflow_api_v02.get_age scheduled__2022-07-29T00:00:00+00:00 [queued]>
[2023-05-24T15:23:55.685+0000] {taskinstance.py:1103} INFO - Dependencies all met for dep_context=requeueable deps ti=<TaskInstance: dag_with_taskflow_api_v02.get_age scheduled__2022-07-29T00:00:00+00:00 [queued]>
[2023-05-24T15:23:55.685+0000] {taskinstance.py:1308} INFO - Starting attempt 1 of 6
[2023-05-24T15:23:55.938+0000] {taskinstance.py:1327} INFO - Executing <Task(_PythonDecoratedOperator): get_age> on 2022-07-29 00:00:00+00:00
[2023-05-24T15:23:55.963+0000] {standard_task_runner.py:57} INFO - Started process 2064 to run task
[2023-05-24T15:23:56.015+0000] {standard_task_runner.py:84} INFO - Running: ['***', 'tasks', 'run', 'dag_with_taskflow_api_v02', 'get_age', 'scheduled__2022-07-29T00:00:00+00:00', '--job-id', '834', '--raw', '--subdir', 'DAGS_FOLDER/first_dag.py', '--cfg-path', '/tmp/tmpkcty4mao']
[2023-05-24T15:23:56.028+0000] {standard_task_runner.py:85} INFO - Job 834: Subtask get_age
[2023-05-24T15:23:56.366+0000] {task_command.py:410} INFO - Running <TaskInstance: dag_with_taskflow_api_v02.get_age scheduled__2022-07-29T00:00:00+00:00 [running]> on host 942de29f183d
[2023-05-24T15:23:57.240+0000] {taskinstance.py:1547} INFO - Exporting env vars: AIRFLOW_CTX_DAG_OWNER='Sai' AIRFLOW_CTX_DAG_ID='dag_with_taskflow_api_v02' AIRFLOW_CTX_TASK_ID='get_age' AIRFLOW_CTX_EXECUTION_DATE='2022-07-29T00:00:00+00:00' AIRFLOW_CTX_TRY_NUMBER='1' AIRFLOW_CTX_DAG_RUN_ID='scheduled__2022-07-29T00:00:00+00:00'
[2023-05-24T15:23:57.241+0000] {python.py:183} INFO - Done. Returned value was: 19
[2023-05-24T15:23:57.432+0000] {taskinstance.py:1350} INFO - Marking task as SUCCESS. dag_id=dag_with_taskflow_api_v02, task_id=get_age, execution_date=20220729T000000, start_date=20230524T152355, end_date=20230524T152357
[2023-05-24T15:23:57.632+0000] {local_task_job_runner.py:225} INFO - Task exited with return code 0
[2023-05-24T15:23:58.733+0000] {taskinstance.py:2651} INFO - 1 downstream tasks scheduled from follow-on schedule check
[2023-05-25T06:56:28.513+0000] {taskinstance.py:1103} INFO - Dependencies all met for dep_context=non-requeueable deps ti=<TaskInstance: dag_with_taskflow_api_v02.get_age scheduled__2022-07-29T00:00:00+00:00 [queued]>
[2023-05-25T06:56:28.624+0000] {taskinstance.py:1103} INFO - Dependencies all met for dep_context=requeueable deps ti=<TaskInstance: dag_with_taskflow_api_v02.get_age scheduled__2022-07-29T00:00:00+00:00 [queued]>
[2023-05-25T06:56:28.624+0000] {taskinstance.py:1308} INFO - Starting attempt 1 of 6
[2023-05-25T06:56:28.862+0000] {taskinstance.py:1327} INFO - Executing <Task(_PythonDecoratedOperator): get_age> on 2022-07-29 00:00:00+00:00
[2023-05-25T06:56:28.895+0000] {standard_task_runner.py:57} INFO - Started process 3579 to run task
[2023-05-25T06:56:28.931+0000] {standard_task_runner.py:84} INFO - Running: ['***', 'tasks', 'run', 'dag_with_taskflow_api_v02', 'get_age', 'scheduled__2022-07-29T00:00:00+00:00', '--job-id', '832', '--raw', '--subdir', 'DAGS_FOLDER/first_dag.py', '--cfg-path', '/tmp/tmppmovjq9j']
[2023-05-25T06:56:28.957+0000] {standard_task_runner.py:85} INFO - Job 832: Subtask get_age
[2023-05-25T06:56:29.370+0000] {task_command.py:410} INFO - Running <TaskInstance: dag_with_taskflow_api_v02.get_age scheduled__2022-07-29T00:00:00+00:00 [running]> on host 6bd07c7477d9
[2023-05-25T06:56:30.383+0000] {taskinstance.py:1547} INFO - Exporting env vars: AIRFLOW_CTX_DAG_OWNER='Sai' AIRFLOW_CTX_DAG_ID='dag_with_taskflow_api_v02' AIRFLOW_CTX_TASK_ID='get_age' AIRFLOW_CTX_EXECUTION_DATE='2022-07-29T00:00:00+00:00' AIRFLOW_CTX_TRY_NUMBER='1' AIRFLOW_CTX_DAG_RUN_ID='scheduled__2022-07-29T00:00:00+00:00'
[2023-05-25T06:56:30.386+0000] {python.py:183} INFO - Done. Returned value was: 19
[2023-05-25T06:56:30.556+0000] {taskinstance.py:1350} INFO - Marking task as SUCCESS. dag_id=dag_with_taskflow_api_v02, task_id=get_age, execution_date=20220729T000000, start_date=20230525T065628, end_date=20230525T065630
[2023-05-25T06:56:30.725+0000] {local_task_job_runner.py:225} INFO - Task exited with return code 0
[2023-05-25T06:56:31.520+0000] {taskinstance.py:2651} INFO - 0 downstream tasks scheduled from follow-on schedule check
[2023-05-25T10:28:22.444+0000] {taskinstance.py:1103} INFO - Dependencies all met for dep_context=non-requeueable deps ti=<TaskInstance: dag_with_taskflow_api_v02.get_age scheduled__2022-07-29T00:00:00+00:00 [queued]>
[2023-05-25T10:28:22.587+0000] {taskinstance.py:1103} INFO - Dependencies all met for dep_context=requeueable deps ti=<TaskInstance: dag_with_taskflow_api_v02.get_age scheduled__2022-07-29T00:00:00+00:00 [queued]>
[2023-05-25T10:28:22.587+0000] {taskinstance.py:1308} INFO - Starting attempt 1 of 6
[2023-05-25T10:28:22.934+0000] {taskinstance.py:1327} INFO - Executing <Task(_PythonDecoratedOperator): get_age> on 2022-07-29 00:00:00+00:00
[2023-05-25T10:28:22.988+0000] {standard_task_runner.py:57} INFO - Started process 3167 to run task
[2023-05-25T10:28:23.050+0000] {standard_task_runner.py:84} INFO - Running: ['***', 'tasks', 'run', 'dag_with_taskflow_api_v02', 'get_age', 'scheduled__2022-07-29T00:00:00+00:00', '--job-id', '839', '--raw', '--subdir', 'DAGS_FOLDER/first_dag.py', '--cfg-path', '/tmp/tmpmsx2eej4']
[2023-05-25T10:28:23.087+0000] {standard_task_runner.py:85} INFO - Job 839: Subtask get_age
[2023-05-25T10:28:23.614+0000] {task_command.py:410} INFO - Running <TaskInstance: dag_with_taskflow_api_v02.get_age scheduled__2022-07-29T00:00:00+00:00 [running]> on host b1ae37a9584e
[2023-05-25T10:28:25.345+0000] {taskinstance.py:1547} INFO - Exporting env vars: AIRFLOW_CTX_DAG_OWNER='Sai' AIRFLOW_CTX_DAG_ID='dag_with_taskflow_api_v02' AIRFLOW_CTX_TASK_ID='get_age' AIRFLOW_CTX_EXECUTION_DATE='2022-07-29T00:00:00+00:00' AIRFLOW_CTX_TRY_NUMBER='1' AIRFLOW_CTX_DAG_RUN_ID='scheduled__2022-07-29T00:00:00+00:00'
[2023-05-25T10:28:25.356+0000] {python.py:183} INFO - Done. Returned value was: 19
[2023-05-25T10:28:25.990+0000] {taskinstance.py:1350} INFO - Marking task as SUCCESS. dag_id=dag_with_taskflow_api_v02, task_id=get_age, execution_date=20220729T000000, start_date=20230525T102822, end_date=20230525T102825
[2023-05-25T10:28:26.180+0000] {local_task_job_runner.py:225} INFO - Task exited with return code 0
[2023-05-25T10:28:26.966+0000] {taskinstance.py:2651} INFO - 0 downstream tasks scheduled from follow-on schedule check
