[2023-05-24T15:26:29.866+0000] {taskinstance.py:1103} INFO - Dependencies all met for dep_context=non-requeueable deps ti=<TaskInstance: dag_with_taskflow_api_v02.greet scheduled__2022-10-25T00:00:00+00:00 [queued]>
[2023-05-24T15:26:29.926+0000] {taskinstance.py:1103} INFO - Dependencies all met for dep_context=requeueable deps ti=<TaskInstance: dag_with_taskflow_api_v02.greet scheduled__2022-10-25T00:00:00+00:00 [queued]>
[2023-05-24T15:26:29.927+0000] {taskinstance.py:1308} INFO - Starting attempt 1 of 6
[2023-05-24T15:26:30.036+0000] {taskinstance.py:1327} INFO - Executing <Task(_PythonDecoratedOperator): greet> on 2022-10-25 00:00:00+00:00
[2023-05-24T15:26:30.128+0000] {standard_task_runner.py:57} INFO - Started process 2679 to run task
[2023-05-24T15:26:30.153+0000] {standard_task_runner.py:84} INFO - Running: ['***', 'tasks', 'run', 'dag_with_taskflow_api_v02', 'greet', 'scheduled__2022-10-25T00:00:00+00:00', '--job-id', '1114', '--raw', '--subdir', 'DAGS_FOLDER/first_dag.py', '--cfg-path', '/tmp/tmp_7r7s80v']
[2023-05-24T15:26:30.156+0000] {standard_task_runner.py:85} INFO - Job 1114: Subtask greet
[2023-05-24T15:26:30.415+0000] {task_command.py:410} INFO - Running <TaskInstance: dag_with_taskflow_api_v02.greet scheduled__2022-10-25T00:00:00+00:00 [running]> on host 942de29f183d
[2023-05-24T15:26:31.013+0000] {taskinstance.py:1547} INFO - Exporting env vars: AIRFLOW_CTX_DAG_OWNER='Sai' AIRFLOW_CTX_DAG_ID='dag_with_taskflow_api_v02' AIRFLOW_CTX_TASK_ID='greet' AIRFLOW_CTX_EXECUTION_DATE='2022-10-25T00:00:00+00:00' AIRFLOW_CTX_TRY_NUMBER='1' AIRFLOW_CTX_DAG_RUN_ID='scheduled__2022-10-25T00:00:00+00:00'
[2023-05-24T15:26:31.015+0000] {logging_mixin.py:149} INFO - Hello World! My name is Sai Tr and I am 19 years old!
[2023-05-24T15:26:31.015+0000] {python.py:183} INFO - Done. Returned value was: None
[2023-05-24T15:26:31.036+0000] {taskinstance.py:1350} INFO - Marking task as SUCCESS. dag_id=dag_with_taskflow_api_v02, task_id=greet, execution_date=20221025T000000, start_date=20230524T152629, end_date=20230524T152631
[2023-05-24T15:26:31.261+0000] {local_task_job_runner.py:225} INFO - Task exited with return code 0
[2023-05-24T15:26:31.346+0000] {taskinstance.py:2651} INFO - 0 downstream tasks scheduled from follow-on schedule check
[2023-05-25T06:59:05.016+0000] {taskinstance.py:1103} INFO - Dependencies all met for dep_context=non-requeueable deps ti=<TaskInstance: dag_with_taskflow_api_v02.greet scheduled__2022-10-25T00:00:00+00:00 [queued]>
[2023-05-25T06:59:05.069+0000] {taskinstance.py:1103} INFO - Dependencies all met for dep_context=requeueable deps ti=<TaskInstance: dag_with_taskflow_api_v02.greet scheduled__2022-10-25T00:00:00+00:00 [queued]>
[2023-05-25T06:59:05.069+0000] {taskinstance.py:1308} INFO - Starting attempt 1 of 6
[2023-05-25T06:59:05.221+0000] {taskinstance.py:1327} INFO - Executing <Task(_PythonDecoratedOperator): greet> on 2022-10-25 00:00:00+00:00
[2023-05-25T06:59:05.243+0000] {standard_task_runner.py:57} INFO - Started process 4197 to run task
[2023-05-25T06:59:05.274+0000] {standard_task_runner.py:84} INFO - Running: ['***', 'tasks', 'run', 'dag_with_taskflow_api_v02', 'greet', 'scheduled__2022-10-25T00:00:00+00:00', '--job-id', '1114', '--raw', '--subdir', 'DAGS_FOLDER/first_dag.py', '--cfg-path', '/tmp/tmpvm5av5qd']
[2023-05-25T06:59:05.292+0000] {standard_task_runner.py:85} INFO - Job 1114: Subtask greet
[2023-05-25T06:59:05.688+0000] {task_command.py:410} INFO - Running <TaskInstance: dag_with_taskflow_api_v02.greet scheduled__2022-10-25T00:00:00+00:00 [running]> on host 6bd07c7477d9
[2023-05-25T06:59:06.564+0000] {taskinstance.py:1547} INFO - Exporting env vars: AIRFLOW_CTX_DAG_OWNER='Sai' AIRFLOW_CTX_DAG_ID='dag_with_taskflow_api_v02' AIRFLOW_CTX_TASK_ID='greet' AIRFLOW_CTX_EXECUTION_DATE='2022-10-25T00:00:00+00:00' AIRFLOW_CTX_TRY_NUMBER='1' AIRFLOW_CTX_DAG_RUN_ID='scheduled__2022-10-25T00:00:00+00:00'
[2023-05-25T06:59:06.565+0000] {logging_mixin.py:149} INFO - Hello World! My name is Sai Tr and I am 19 years old!
[2023-05-25T06:59:06.566+0000] {python.py:183} INFO - Done. Returned value was: None
[2023-05-25T06:59:06.596+0000] {taskinstance.py:1350} INFO - Marking task as SUCCESS. dag_id=dag_with_taskflow_api_v02, task_id=greet, execution_date=20221025T000000, start_date=20230525T065905, end_date=20230525T065906
[2023-05-25T06:59:06.702+0000] {local_task_job_runner.py:225} INFO - Task exited with return code 0
[2023-05-25T06:59:06.773+0000] {taskinstance.py:2651} INFO - 0 downstream tasks scheduled from follow-on schedule check
[2023-05-25T10:32:42.019+0000] {taskinstance.py:1103} INFO - Dependencies all met for dep_context=non-requeueable deps ti=<TaskInstance: dag_with_taskflow_api_v02.greet scheduled__2022-10-25T00:00:00+00:00 [queued]>
[2023-05-25T10:32:42.159+0000] {taskinstance.py:1103} INFO - Dependencies all met for dep_context=requeueable deps ti=<TaskInstance: dag_with_taskflow_api_v02.greet scheduled__2022-10-25T00:00:00+00:00 [queued]>
[2023-05-25T10:32:42.160+0000] {taskinstance.py:1308} INFO - Starting attempt 1 of 6
[2023-05-25T10:32:42.336+0000] {taskinstance.py:1327} INFO - Executing <Task(_PythonDecoratedOperator): greet> on 2022-10-25 00:00:00+00:00
[2023-05-25T10:32:42.352+0000] {standard_task_runner.py:57} INFO - Started process 3829 to run task
[2023-05-25T10:32:42.386+0000] {standard_task_runner.py:84} INFO - Running: ['***', 'tasks', 'run', 'dag_with_taskflow_api_v02', 'greet', 'scheduled__2022-10-25T00:00:00+00:00', '--job-id', '1124', '--raw', '--subdir', 'DAGS_FOLDER/first_dag.py', '--cfg-path', '/tmp/tmpobhvor7w']
[2023-05-25T10:32:42.401+0000] {standard_task_runner.py:85} INFO - Job 1124: Subtask greet
[2023-05-25T10:32:42.837+0000] {task_command.py:410} INFO - Running <TaskInstance: dag_with_taskflow_api_v02.greet scheduled__2022-10-25T00:00:00+00:00 [running]> on host b1ae37a9584e
[2023-05-25T10:32:43.804+0000] {taskinstance.py:1547} INFO - Exporting env vars: AIRFLOW_CTX_DAG_OWNER='Sai' AIRFLOW_CTX_DAG_ID='dag_with_taskflow_api_v02' AIRFLOW_CTX_TASK_ID='greet' AIRFLOW_CTX_EXECUTION_DATE='2022-10-25T00:00:00+00:00' AIRFLOW_CTX_TRY_NUMBER='1' AIRFLOW_CTX_DAG_RUN_ID='scheduled__2022-10-25T00:00:00+00:00'
[2023-05-25T10:32:43.805+0000] {logging_mixin.py:149} INFO - Hello World! My name is Sai Tr and I am 19 years old!
[2023-05-25T10:32:43.806+0000] {python.py:183} INFO - Done. Returned value was: None
[2023-05-25T10:32:43.864+0000] {taskinstance.py:1350} INFO - Marking task as SUCCESS. dag_id=dag_with_taskflow_api_v02, task_id=greet, execution_date=20221025T000000, start_date=20230525T103242, end_date=20230525T103243
[2023-05-25T10:32:43.946+0000] {local_task_job_runner.py:225} INFO - Task exited with return code 0
[2023-05-25T10:32:44.396+0000] {taskinstance.py:2651} INFO - 0 downstream tasks scheduled from follow-on schedule check
