[2023-05-24T15:31:35.808+0000] {taskinstance.py:1103} INFO - Dependencies all met for dep_context=non-requeueable deps ti=<TaskInstance: dag_with_taskflow_api_v02.get_age scheduled__2023-05-04T00:00:00+00:00 [queued]>
[2023-05-24T15:31:35.858+0000] {taskinstance.py:1103} INFO - Dependencies all met for dep_context=requeueable deps ti=<TaskInstance: dag_with_taskflow_api_v02.get_age scheduled__2023-05-04T00:00:00+00:00 [queued]>
[2023-05-24T15:31:35.859+0000] {taskinstance.py:1308} INFO - Starting attempt 1 of 6
[2023-05-24T15:31:36.321+0000] {taskinstance.py:1327} INFO - Executing <Task(_PythonDecoratedOperator): get_age> on 2023-05-04 00:00:00+00:00
[2023-05-24T15:31:36.344+0000] {standard_task_runner.py:57} INFO - Started process 3909 to run task
[2023-05-24T15:31:36.381+0000] {standard_task_runner.py:84} INFO - Running: ['***', 'tasks', 'run', 'dag_with_taskflow_api_v02', 'get_age', 'scheduled__2023-05-04T00:00:00+00:00', '--job-id', '1667', '--raw', '--subdir', 'DAGS_FOLDER/first_dag.py', '--cfg-path', '/tmp/tmpewxxn652']
[2023-05-24T15:31:36.400+0000] {standard_task_runner.py:85} INFO - Job 1667: Subtask get_age
[2023-05-24T15:31:36.741+0000] {task_command.py:410} INFO - Running <TaskInstance: dag_with_taskflow_api_v02.get_age scheduled__2023-05-04T00:00:00+00:00 [running]> on host 942de29f183d
[2023-05-24T15:31:37.455+0000] {taskinstance.py:1547} INFO - Exporting env vars: AIRFLOW_CTX_DAG_OWNER='Sai' AIRFLOW_CTX_DAG_ID='dag_with_taskflow_api_v02' AIRFLOW_CTX_TASK_ID='get_age' AIRFLOW_CTX_EXECUTION_DATE='2023-05-04T00:00:00+00:00' AIRFLOW_CTX_TRY_NUMBER='1' AIRFLOW_CTX_DAG_RUN_ID='scheduled__2023-05-04T00:00:00+00:00'
[2023-05-24T15:31:37.456+0000] {python.py:183} INFO - Done. Returned value was: 19
[2023-05-24T15:31:37.592+0000] {taskinstance.py:1350} INFO - Marking task as SUCCESS. dag_id=dag_with_taskflow_api_v02, task_id=get_age, execution_date=20230504T000000, start_date=20230524T153135, end_date=20230524T153137
[2023-05-24T15:31:37.690+0000] {local_task_job_runner.py:225} INFO - Task exited with return code 0
[2023-05-24T15:31:37.880+0000] {taskinstance.py:2651} INFO - 0 downstream tasks scheduled from follow-on schedule check
[2023-05-25T07:04:04.676+0000] {taskinstance.py:1103} INFO - Dependencies all met for dep_context=non-requeueable deps ti=<TaskInstance: dag_with_taskflow_api_v02.get_age scheduled__2023-05-04T00:00:00+00:00 [queued]>
[2023-05-25T07:04:04.816+0000] {taskinstance.py:1103} INFO - Dependencies all met for dep_context=requeueable deps ti=<TaskInstance: dag_with_taskflow_api_v02.get_age scheduled__2023-05-04T00:00:00+00:00 [queued]>
[2023-05-25T07:04:04.816+0000] {taskinstance.py:1308} INFO - Starting attempt 1 of 6
[2023-05-25T07:04:05.820+0000] {taskinstance.py:1327} INFO - Executing <Task(_PythonDecoratedOperator): get_age> on 2023-05-04 00:00:00+00:00
[2023-05-25T07:04:05.855+0000] {standard_task_runner.py:57} INFO - Started process 5427 to run task
[2023-05-25T07:04:05.899+0000] {standard_task_runner.py:84} INFO - Running: ['***', 'tasks', 'run', 'dag_with_taskflow_api_v02', 'get_age', 'scheduled__2023-05-04T00:00:00+00:00', '--job-id', '1667', '--raw', '--subdir', 'DAGS_FOLDER/first_dag.py', '--cfg-path', '/tmp/tmpvx29msm6']
[2023-05-25T07:04:05.942+0000] {standard_task_runner.py:85} INFO - Job 1667: Subtask get_age
[2023-05-25T07:04:06.214+0000] {task_command.py:410} INFO - Running <TaskInstance: dag_with_taskflow_api_v02.get_age scheduled__2023-05-04T00:00:00+00:00 [running]> on host 6bd07c7477d9
[2023-05-25T07:04:06.727+0000] {taskinstance.py:1547} INFO - Exporting env vars: AIRFLOW_CTX_DAG_OWNER='Sai' AIRFLOW_CTX_DAG_ID='dag_with_taskflow_api_v02' AIRFLOW_CTX_TASK_ID='get_age' AIRFLOW_CTX_EXECUTION_DATE='2023-05-04T00:00:00+00:00' AIRFLOW_CTX_TRY_NUMBER='1' AIRFLOW_CTX_DAG_RUN_ID='scheduled__2023-05-04T00:00:00+00:00'
[2023-05-25T07:04:06.728+0000] {python.py:183} INFO - Done. Returned value was: 19
[2023-05-25T07:04:06.834+0000] {taskinstance.py:1350} INFO - Marking task as SUCCESS. dag_id=dag_with_taskflow_api_v02, task_id=get_age, execution_date=20230504T000000, start_date=20230525T070404, end_date=20230525T070406
[2023-05-25T07:04:07.092+0000] {local_task_job_runner.py:225} INFO - Task exited with return code 0
[2023-05-25T07:04:07.181+0000] {taskinstance.py:2651} INFO - 1 downstream tasks scheduled from follow-on schedule check
[2023-05-25T10:38:49.956+0000] {taskinstance.py:1103} INFO - Dependencies all met for dep_context=non-requeueable deps ti=<TaskInstance: dag_with_taskflow_api_v02.get_age scheduled__2023-05-04T00:00:00+00:00 [queued]>
[2023-05-25T10:38:50.055+0000] {taskinstance.py:1103} INFO - Dependencies all met for dep_context=requeueable deps ti=<TaskInstance: dag_with_taskflow_api_v02.get_age scheduled__2023-05-04T00:00:00+00:00 [queued]>
[2023-05-25T10:38:50.056+0000] {taskinstance.py:1308} INFO - Starting attempt 1 of 6
[2023-05-25T10:38:50.727+0000] {taskinstance.py:1327} INFO - Executing <Task(_PythonDecoratedOperator): get_age> on 2023-05-04 00:00:00+00:00
[2023-05-25T10:38:50.795+0000] {standard_task_runner.py:57} INFO - Started process 5083 to run task
[2023-05-25T10:38:50.854+0000] {standard_task_runner.py:84} INFO - Running: ['***', 'tasks', 'run', 'dag_with_taskflow_api_v02', 'get_age', 'scheduled__2023-05-04T00:00:00+00:00', '--job-id', '1680', '--raw', '--subdir', 'DAGS_FOLDER/first_dag.py', '--cfg-path', '/tmp/tmps3npo8ey']
[2023-05-25T10:38:50.858+0000] {standard_task_runner.py:85} INFO - Job 1680: Subtask get_age
[2023-05-25T10:38:51.308+0000] {task_command.py:410} INFO - Running <TaskInstance: dag_with_taskflow_api_v02.get_age scheduled__2023-05-04T00:00:00+00:00 [running]> on host b1ae37a9584e
[2023-05-25T10:38:52.563+0000] {taskinstance.py:1547} INFO - Exporting env vars: AIRFLOW_CTX_DAG_OWNER='Sai' AIRFLOW_CTX_DAG_ID='dag_with_taskflow_api_v02' AIRFLOW_CTX_TASK_ID='get_age' AIRFLOW_CTX_EXECUTION_DATE='2023-05-04T00:00:00+00:00' AIRFLOW_CTX_TRY_NUMBER='1' AIRFLOW_CTX_DAG_RUN_ID='scheduled__2023-05-04T00:00:00+00:00'
[2023-05-25T10:38:52.564+0000] {python.py:183} INFO - Done. Returned value was: 19
[2023-05-25T10:38:52.907+0000] {taskinstance.py:1350} INFO - Marking task as SUCCESS. dag_id=dag_with_taskflow_api_v02, task_id=get_age, execution_date=20230504T000000, start_date=20230525T103849, end_date=20230525T103852
[2023-05-25T10:38:53.111+0000] {local_task_job_runner.py:225} INFO - Task exited with return code 0
[2023-05-25T10:38:54.232+0000] {taskinstance.py:2651} INFO - 0 downstream tasks scheduled from follow-on schedule check
