[2023-05-24T15:24:47.179+0000] {taskinstance.py:1103} INFO - Dependencies all met for dep_context=non-requeueable deps ti=<TaskInstance: dag_with_taskflow_api_v02.get_name scheduled__2022-08-31T00:00:00+00:00 [queued]>
[2023-05-24T15:24:47.290+0000] {taskinstance.py:1103} INFO - Dependencies all met for dep_context=requeueable deps ti=<TaskInstance: dag_with_taskflow_api_v02.get_name scheduled__2022-08-31T00:00:00+00:00 [queued]>
[2023-05-24T15:24:47.306+0000] {taskinstance.py:1308} INFO - Starting attempt 1 of 6
[2023-05-24T15:24:47.610+0000] {taskinstance.py:1327} INFO - Executing <Task(_PythonDecoratedOperator): get_name> on 2022-08-31 00:00:00+00:00
[2023-05-24T15:24:47.681+0000] {standard_task_runner.py:57} INFO - Started process 2274 to run task
[2023-05-24T15:24:47.738+0000] {standard_task_runner.py:84} INFO - Running: ['***', 'tasks', 'run', 'dag_with_taskflow_api_v02', 'get_name', 'scheduled__2022-08-31T00:00:00+00:00', '--job-id', '925', '--raw', '--subdir', 'DAGS_FOLDER/first_dag.py', '--cfg-path', '/tmp/tmpm507pgg9']
[2023-05-24T15:24:47.741+0000] {standard_task_runner.py:85} INFO - Job 925: Subtask get_name
[2023-05-24T15:24:48.139+0000] {task_command.py:410} INFO - Running <TaskInstance: dag_with_taskflow_api_v02.get_name scheduled__2022-08-31T00:00:00+00:00 [running]> on host 942de29f183d
[2023-05-24T15:24:48.932+0000] {taskinstance.py:1547} INFO - Exporting env vars: AIRFLOW_CTX_DAG_OWNER='Sai' AIRFLOW_CTX_DAG_ID='dag_with_taskflow_api_v02' AIRFLOW_CTX_TASK_ID='get_name' AIRFLOW_CTX_EXECUTION_DATE='2022-08-31T00:00:00+00:00' AIRFLOW_CTX_TRY_NUMBER='1' AIRFLOW_CTX_DAG_RUN_ID='scheduled__2022-08-31T00:00:00+00:00'
[2023-05-24T15:24:48.933+0000] {python.py:183} INFO - Done. Returned value was: {'first_name': 'Sai', 'last_name': 'Tr'}
[2023-05-24T15:24:49.225+0000] {taskinstance.py:1350} INFO - Marking task as SUCCESS. dag_id=dag_with_taskflow_api_v02, task_id=get_name, execution_date=20220831T000000, start_date=20230524T152447, end_date=20230524T152449
[2023-05-24T15:24:49.665+0000] {local_task_job_runner.py:225} INFO - Task exited with return code 0
[2023-05-24T15:24:50.038+0000] {taskinstance.py:2651} INFO - 1 downstream tasks scheduled from follow-on schedule check
[2023-05-25T06:57:25.623+0000] {taskinstance.py:1103} INFO - Dependencies all met for dep_context=non-requeueable deps ti=<TaskInstance: dag_with_taskflow_api_v02.get_name scheduled__2022-08-31T00:00:00+00:00 [queued]>
[2023-05-25T06:57:25.709+0000] {taskinstance.py:1103} INFO - Dependencies all met for dep_context=requeueable deps ti=<TaskInstance: dag_with_taskflow_api_v02.get_name scheduled__2022-08-31T00:00:00+00:00 [queued]>
[2023-05-25T06:57:25.710+0000] {taskinstance.py:1308} INFO - Starting attempt 1 of 6
[2023-05-25T06:57:26.221+0000] {taskinstance.py:1327} INFO - Executing <Task(_PythonDecoratedOperator): get_name> on 2022-08-31 00:00:00+00:00
[2023-05-25T06:57:26.237+0000] {standard_task_runner.py:57} INFO - Started process 3798 to run task
[2023-05-25T06:57:26.252+0000] {standard_task_runner.py:84} INFO - Running: ['***', 'tasks', 'run', 'dag_with_taskflow_api_v02', 'get_name', 'scheduled__2022-08-31T00:00:00+00:00', '--job-id', '928', '--raw', '--subdir', 'DAGS_FOLDER/first_dag.py', '--cfg-path', '/tmp/tmp_cpiawo9']
[2023-05-25T06:57:26.302+0000] {standard_task_runner.py:85} INFO - Job 928: Subtask get_name
[2023-05-25T06:57:26.668+0000] {task_command.py:410} INFO - Running <TaskInstance: dag_with_taskflow_api_v02.get_name scheduled__2022-08-31T00:00:00+00:00 [running]> on host 6bd07c7477d9
[2023-05-25T06:57:27.482+0000] {taskinstance.py:1547} INFO - Exporting env vars: AIRFLOW_CTX_DAG_OWNER='Sai' AIRFLOW_CTX_DAG_ID='dag_with_taskflow_api_v02' AIRFLOW_CTX_TASK_ID='get_name' AIRFLOW_CTX_EXECUTION_DATE='2022-08-31T00:00:00+00:00' AIRFLOW_CTX_TRY_NUMBER='1' AIRFLOW_CTX_DAG_RUN_ID='scheduled__2022-08-31T00:00:00+00:00'
[2023-05-25T06:57:27.484+0000] {python.py:183} INFO - Done. Returned value was: {'first_name': 'Sai', 'last_name': 'Tr'}
[2023-05-25T06:57:27.696+0000] {taskinstance.py:1350} INFO - Marking task as SUCCESS. dag_id=dag_with_taskflow_api_v02, task_id=get_name, execution_date=20220831T000000, start_date=20230525T065725, end_date=20230525T065727
[2023-05-25T06:57:27.834+0000] {local_task_job_runner.py:225} INFO - Task exited with return code 0
[2023-05-25T06:57:28.122+0000] {taskinstance.py:2651} INFO - 1 downstream tasks scheduled from follow-on schedule check
[2023-05-25T10:30:41.569+0000] {taskinstance.py:1103} INFO - Dependencies all met for dep_context=non-requeueable deps ti=<TaskInstance: dag_with_taskflow_api_v02.get_name scheduled__2022-08-31T00:00:00+00:00 [queued]>
[2023-05-25T10:30:41.687+0000] {taskinstance.py:1103} INFO - Dependencies all met for dep_context=requeueable deps ti=<TaskInstance: dag_with_taskflow_api_v02.get_name scheduled__2022-08-31T00:00:00+00:00 [queued]>
[2023-05-25T10:30:41.688+0000] {taskinstance.py:1308} INFO - Starting attempt 1 of 6
[2023-05-25T10:30:41.780+0000] {taskinstance.py:1327} INFO - Executing <Task(_PythonDecoratedOperator): get_name> on 2022-08-31 00:00:00+00:00
[2023-05-25T10:30:41.831+0000] {standard_task_runner.py:57} INFO - Started process 3413 to run task
[2023-05-25T10:30:41.862+0000] {standard_task_runner.py:84} INFO - Running: ['***', 'tasks', 'run', 'dag_with_taskflow_api_v02', 'get_name', 'scheduled__2022-08-31T00:00:00+00:00', '--job-id', '939', '--raw', '--subdir', 'DAGS_FOLDER/first_dag.py', '--cfg-path', '/tmp/tmp2ny2m2ea']
[2023-05-25T10:30:41.869+0000] {standard_task_runner.py:85} INFO - Job 939: Subtask get_name
[2023-05-25T10:30:42.801+0000] {task_command.py:410} INFO - Running <TaskInstance: dag_with_taskflow_api_v02.get_name scheduled__2022-08-31T00:00:00+00:00 [running]> on host b1ae37a9584e
[2023-05-25T10:30:44.640+0000] {taskinstance.py:1547} INFO - Exporting env vars: AIRFLOW_CTX_DAG_OWNER='Sai' AIRFLOW_CTX_DAG_ID='dag_with_taskflow_api_v02' AIRFLOW_CTX_TASK_ID='get_name' AIRFLOW_CTX_EXECUTION_DATE='2022-08-31T00:00:00+00:00' AIRFLOW_CTX_TRY_NUMBER='1' AIRFLOW_CTX_DAG_RUN_ID='scheduled__2022-08-31T00:00:00+00:00'
[2023-05-25T10:30:44.641+0000] {python.py:183} INFO - Done. Returned value was: {'first_name': 'Sai', 'last_name': 'Tr'}
[2023-05-25T10:30:45.438+0000] {taskinstance.py:1350} INFO - Marking task as SUCCESS. dag_id=dag_with_taskflow_api_v02, task_id=get_name, execution_date=20220831T000000, start_date=20230525T103041, end_date=20230525T103045
[2023-05-25T10:30:46.119+0000] {local_task_job_runner.py:225} INFO - Task exited with return code 0
[2023-05-25T10:30:46.319+0000] {taskinstance.py:2651} INFO - 1 downstream tasks scheduled from follow-on schedule check
