[2023-05-24T15:29:55.267+0000] {taskinstance.py:1103} INFO - Dependencies all met for dep_context=non-requeueable deps ti=<TaskInstance: dag_with_taskflow_api_v02.get_name scheduled__2023-03-07T00:00:00+00:00 [queued]>
[2023-05-24T15:29:55.394+0000] {taskinstance.py:1103} INFO - Dependencies all met for dep_context=requeueable deps ti=<TaskInstance: dag_with_taskflow_api_v02.get_name scheduled__2023-03-07T00:00:00+00:00 [queued]>
[2023-05-24T15:29:55.395+0000] {taskinstance.py:1308} INFO - Starting attempt 1 of 6
[2023-05-24T15:29:55.583+0000] {taskinstance.py:1327} INFO - Executing <Task(_PythonDecoratedOperator): get_name> on 2023-03-07 00:00:00+00:00
[2023-05-24T15:29:55.612+0000] {standard_task_runner.py:57} INFO - Started process 3508 to run task
[2023-05-24T15:29:55.661+0000] {standard_task_runner.py:84} INFO - Running: ['***', 'tasks', 'run', 'dag_with_taskflow_api_v02', 'get_name', 'scheduled__2023-03-07T00:00:00+00:00', '--job-id', '1488', '--raw', '--subdir', 'DAGS_FOLDER/first_dag.py', '--cfg-path', '/tmp/tmpcwmyvtyx']
[2023-05-24T15:29:55.682+0000] {standard_task_runner.py:85} INFO - Job 1488: Subtask get_name
[2023-05-24T15:29:56.182+0000] {task_command.py:410} INFO - Running <TaskInstance: dag_with_taskflow_api_v02.get_name scheduled__2023-03-07T00:00:00+00:00 [running]> on host 942de29f183d
[2023-05-24T15:29:56.969+0000] {taskinstance.py:1547} INFO - Exporting env vars: AIRFLOW_CTX_DAG_OWNER='Sai' AIRFLOW_CTX_DAG_ID='dag_with_taskflow_api_v02' AIRFLOW_CTX_TASK_ID='get_name' AIRFLOW_CTX_EXECUTION_DATE='2023-03-07T00:00:00+00:00' AIRFLOW_CTX_TRY_NUMBER='1' AIRFLOW_CTX_DAG_RUN_ID='scheduled__2023-03-07T00:00:00+00:00'
[2023-05-24T15:29:56.971+0000] {python.py:183} INFO - Done. Returned value was: {'first_name': 'Sai', 'last_name': 'Tr'}
[2023-05-24T15:29:57.240+0000] {taskinstance.py:1350} INFO - Marking task as SUCCESS. dag_id=dag_with_taskflow_api_v02, task_id=get_name, execution_date=20230307T000000, start_date=20230524T152955, end_date=20230524T152957
[2023-05-24T15:29:57.994+0000] {local_task_job_runner.py:225} INFO - Task exited with return code 0
[2023-05-24T15:29:58.176+0000] {taskinstance.py:2651} INFO - 0 downstream tasks scheduled from follow-on schedule check
[2023-05-25T07:02:29.883+0000] {taskinstance.py:1103} INFO - Dependencies all met for dep_context=non-requeueable deps ti=<TaskInstance: dag_with_taskflow_api_v02.get_name scheduled__2023-03-07T00:00:00+00:00 [queued]>
[2023-05-25T07:02:30.002+0000] {taskinstance.py:1103} INFO - Dependencies all met for dep_context=requeueable deps ti=<TaskInstance: dag_with_taskflow_api_v02.get_name scheduled__2023-03-07T00:00:00+00:00 [queued]>
[2023-05-25T07:02:30.002+0000] {taskinstance.py:1308} INFO - Starting attempt 1 of 6
[2023-05-25T07:02:30.125+0000] {taskinstance.py:1327} INFO - Executing <Task(_PythonDecoratedOperator): get_name> on 2023-03-07 00:00:00+00:00
[2023-05-25T07:02:30.132+0000] {standard_task_runner.py:57} INFO - Started process 5038 to run task
[2023-05-25T07:02:30.193+0000] {standard_task_runner.py:84} INFO - Running: ['***', 'tasks', 'run', 'dag_with_taskflow_api_v02', 'get_name', 'scheduled__2023-03-07T00:00:00+00:00', '--job-id', '1489', '--raw', '--subdir', 'DAGS_FOLDER/first_dag.py', '--cfg-path', '/tmp/tmpl8a0sq4g']
[2023-05-25T07:02:30.196+0000] {standard_task_runner.py:85} INFO - Job 1489: Subtask get_name
[2023-05-25T07:02:30.411+0000] {task_command.py:410} INFO - Running <TaskInstance: dag_with_taskflow_api_v02.get_name scheduled__2023-03-07T00:00:00+00:00 [running]> on host 6bd07c7477d9
[2023-05-25T07:02:31.037+0000] {taskinstance.py:1547} INFO - Exporting env vars: AIRFLOW_CTX_DAG_OWNER='Sai' AIRFLOW_CTX_DAG_ID='dag_with_taskflow_api_v02' AIRFLOW_CTX_TASK_ID='get_name' AIRFLOW_CTX_EXECUTION_DATE='2023-03-07T00:00:00+00:00' AIRFLOW_CTX_TRY_NUMBER='1' AIRFLOW_CTX_DAG_RUN_ID='scheduled__2023-03-07T00:00:00+00:00'
[2023-05-25T07:02:31.057+0000] {python.py:183} INFO - Done. Returned value was: {'first_name': 'Sai', 'last_name': 'Tr'}
[2023-05-25T07:02:31.411+0000] {taskinstance.py:1350} INFO - Marking task as SUCCESS. dag_id=dag_with_taskflow_api_v02, task_id=get_name, execution_date=20230307T000000, start_date=20230525T070229, end_date=20230525T070231
[2023-05-25T07:02:31.586+0000] {local_task_job_runner.py:225} INFO - Task exited with return code 0
[2023-05-25T07:02:32.534+0000] {taskinstance.py:2651} INFO - 0 downstream tasks scheduled from follow-on schedule check
[2023-05-25T10:37:01.387+0000] {taskinstance.py:1103} INFO - Dependencies all met for dep_context=non-requeueable deps ti=<TaskInstance: dag_with_taskflow_api_v02.get_name scheduled__2023-03-07T00:00:00+00:00 [queued]>
[2023-05-25T10:37:01.530+0000] {taskinstance.py:1103} INFO - Dependencies all met for dep_context=requeueable deps ti=<TaskInstance: dag_with_taskflow_api_v02.get_name scheduled__2023-03-07T00:00:00+00:00 [queued]>
[2023-05-25T10:37:01.531+0000] {taskinstance.py:1308} INFO - Starting attempt 1 of 6
[2023-05-25T10:37:01.874+0000] {taskinstance.py:1327} INFO - Executing <Task(_PythonDecoratedOperator): get_name> on 2023-03-07 00:00:00+00:00
[2023-05-25T10:37:01.881+0000] {standard_task_runner.py:57} INFO - Started process 4701 to run task
[2023-05-25T10:37:01.927+0000] {standard_task_runner.py:84} INFO - Running: ['***', 'tasks', 'run', 'dag_with_taskflow_api_v02', 'get_name', 'scheduled__2023-03-07T00:00:00+00:00', '--job-id', '1508', '--raw', '--subdir', 'DAGS_FOLDER/first_dag.py', '--cfg-path', '/tmp/tmpm7b_yjw1']
[2023-05-25T10:37:01.953+0000] {standard_task_runner.py:85} INFO - Job 1508: Subtask get_name
[2023-05-25T10:37:02.367+0000] {task_command.py:410} INFO - Running <TaskInstance: dag_with_taskflow_api_v02.get_name scheduled__2023-03-07T00:00:00+00:00 [running]> on host b1ae37a9584e
[2023-05-25T10:37:03.343+0000] {taskinstance.py:1547} INFO - Exporting env vars: AIRFLOW_CTX_DAG_OWNER='Sai' AIRFLOW_CTX_DAG_ID='dag_with_taskflow_api_v02' AIRFLOW_CTX_TASK_ID='get_name' AIRFLOW_CTX_EXECUTION_DATE='2023-03-07T00:00:00+00:00' AIRFLOW_CTX_TRY_NUMBER='1' AIRFLOW_CTX_DAG_RUN_ID='scheduled__2023-03-07T00:00:00+00:00'
[2023-05-25T10:37:03.344+0000] {python.py:183} INFO - Done. Returned value was: {'first_name': 'Sai', 'last_name': 'Tr'}
[2023-05-25T10:37:03.751+0000] {taskinstance.py:1350} INFO - Marking task as SUCCESS. dag_id=dag_with_taskflow_api_v02, task_id=get_name, execution_date=20230307T000000, start_date=20230525T103701, end_date=20230525T103703
[2023-05-25T10:37:04.678+0000] {local_task_job_runner.py:225} INFO - Task exited with return code 0
[2023-05-25T10:37:05.100+0000] {taskinstance.py:2651} INFO - 0 downstream tasks scheduled from follow-on schedule check
