[2023-05-24T15:29:07.928+0000] {taskinstance.py:1103} INFO - Dependencies all met for dep_context=non-requeueable deps ti=<TaskInstance: dag_with_taskflow_api_v02.get_age scheduled__2023-02-05T00:00:00+00:00 [queued]>
[2023-05-24T15:29:08.043+0000] {taskinstance.py:1103} INFO - Dependencies all met for dep_context=requeueable deps ti=<TaskInstance: dag_with_taskflow_api_v02.get_age scheduled__2023-02-05T00:00:00+00:00 [queued]>
[2023-05-24T15:29:08.044+0000] {taskinstance.py:1308} INFO - Starting attempt 1 of 6
[2023-05-24T15:29:08.299+0000] {taskinstance.py:1327} INFO - Executing <Task(_PythonDecoratedOperator): get_age> on 2023-02-05 00:00:00+00:00
[2023-05-24T15:29:08.313+0000] {standard_task_runner.py:57} INFO - Started process 3313 to run task
[2023-05-24T15:29:08.363+0000] {standard_task_runner.py:84} INFO - Running: ['***', 'tasks', 'run', 'dag_with_taskflow_api_v02', 'get_age', 'scheduled__2023-02-05T00:00:00+00:00', '--job-id', '1399', '--raw', '--subdir', 'DAGS_FOLDER/first_dag.py', '--cfg-path', '/tmp/tmp2qwwmf2x']
[2023-05-24T15:29:08.367+0000] {standard_task_runner.py:85} INFO - Job 1399: Subtask get_age
[2023-05-24T15:29:08.746+0000] {task_command.py:410} INFO - Running <TaskInstance: dag_with_taskflow_api_v02.get_age scheduled__2023-02-05T00:00:00+00:00 [running]> on host 942de29f183d
[2023-05-24T15:29:09.815+0000] {taskinstance.py:1547} INFO - Exporting env vars: AIRFLOW_CTX_DAG_OWNER='Sai' AIRFLOW_CTX_DAG_ID='dag_with_taskflow_api_v02' AIRFLOW_CTX_TASK_ID='get_age' AIRFLOW_CTX_EXECUTION_DATE='2023-02-05T00:00:00+00:00' AIRFLOW_CTX_TRY_NUMBER='1' AIRFLOW_CTX_DAG_RUN_ID='scheduled__2023-02-05T00:00:00+00:00'
[2023-05-24T15:29:09.816+0000] {python.py:183} INFO - Done. Returned value was: 19
[2023-05-24T15:29:10.019+0000] {taskinstance.py:1350} INFO - Marking task as SUCCESS. dag_id=dag_with_taskflow_api_v02, task_id=get_age, execution_date=20230205T000000, start_date=20230524T152907, end_date=20230524T152910
[2023-05-24T15:29:10.180+0000] {local_task_job_runner.py:225} INFO - Task exited with return code 0
[2023-05-24T15:29:10.517+0000] {taskinstance.py:2651} INFO - 0 downstream tasks scheduled from follow-on schedule check
[2023-05-25T07:01:44.510+0000] {taskinstance.py:1103} INFO - Dependencies all met for dep_context=non-requeueable deps ti=<TaskInstance: dag_with_taskflow_api_v02.get_age scheduled__2023-02-05T00:00:00+00:00 [queued]>
[2023-05-25T07:01:44.607+0000] {taskinstance.py:1103} INFO - Dependencies all met for dep_context=requeueable deps ti=<TaskInstance: dag_with_taskflow_api_v02.get_age scheduled__2023-02-05T00:00:00+00:00 [queued]>
[2023-05-25T07:01:44.607+0000] {taskinstance.py:1308} INFO - Starting attempt 1 of 6
[2023-05-25T07:01:45.302+0000] {taskinstance.py:1327} INFO - Executing <Task(_PythonDecoratedOperator): get_age> on 2023-02-05 00:00:00+00:00
[2023-05-25T07:01:45.325+0000] {standard_task_runner.py:57} INFO - Started process 4847 to run task
[2023-05-25T07:01:45.352+0000] {standard_task_runner.py:84} INFO - Running: ['***', 'tasks', 'run', 'dag_with_taskflow_api_v02', 'get_age', 'scheduled__2023-02-05T00:00:00+00:00', '--job-id', '1403', '--raw', '--subdir', 'DAGS_FOLDER/first_dag.py', '--cfg-path', '/tmp/tmphaieobdi']
[2023-05-25T07:01:45.364+0000] {standard_task_runner.py:85} INFO - Job 1403: Subtask get_age
[2023-05-25T07:01:45.757+0000] {task_command.py:410} INFO - Running <TaskInstance: dag_with_taskflow_api_v02.get_age scheduled__2023-02-05T00:00:00+00:00 [running]> on host 6bd07c7477d9
[2023-05-25T07:01:46.658+0000] {taskinstance.py:1547} INFO - Exporting env vars: AIRFLOW_CTX_DAG_OWNER='Sai' AIRFLOW_CTX_DAG_ID='dag_with_taskflow_api_v02' AIRFLOW_CTX_TASK_ID='get_age' AIRFLOW_CTX_EXECUTION_DATE='2023-02-05T00:00:00+00:00' AIRFLOW_CTX_TRY_NUMBER='1' AIRFLOW_CTX_DAG_RUN_ID='scheduled__2023-02-05T00:00:00+00:00'
[2023-05-25T07:01:46.659+0000] {python.py:183} INFO - Done. Returned value was: 19
[2023-05-25T07:01:46.747+0000] {taskinstance.py:1350} INFO - Marking task as SUCCESS. dag_id=dag_with_taskflow_api_v02, task_id=get_age, execution_date=20230205T000000, start_date=20230525T070144, end_date=20230525T070146
[2023-05-25T07:01:46.853+0000] {local_task_job_runner.py:225} INFO - Task exited with return code 0
[2023-05-25T07:01:47.277+0000] {taskinstance.py:2651} INFO - 0 downstream tasks scheduled from follow-on schedule check
[2023-05-25T10:36:03.073+0000] {taskinstance.py:1103} INFO - Dependencies all met for dep_context=non-requeueable deps ti=<TaskInstance: dag_with_taskflow_api_v02.get_age scheduled__2023-02-05T00:00:00+00:00 [queued]>
[2023-05-25T10:36:03.163+0000] {taskinstance.py:1103} INFO - Dependencies all met for dep_context=requeueable deps ti=<TaskInstance: dag_with_taskflow_api_v02.get_age scheduled__2023-02-05T00:00:00+00:00 [queued]>
[2023-05-25T10:36:03.163+0000] {taskinstance.py:1308} INFO - Starting attempt 1 of 6
[2023-05-25T10:36:03.827+0000] {taskinstance.py:1327} INFO - Executing <Task(_PythonDecoratedOperator): get_age> on 2023-02-05 00:00:00+00:00
[2023-05-25T10:36:03.891+0000] {standard_task_runner.py:57} INFO - Started process 4498 to run task
[2023-05-25T10:36:03.936+0000] {standard_task_runner.py:84} INFO - Running: ['***', 'tasks', 'run', 'dag_with_taskflow_api_v02', 'get_age', 'scheduled__2023-02-05T00:00:00+00:00', '--job-id', '1419', '--raw', '--subdir', 'DAGS_FOLDER/first_dag.py', '--cfg-path', '/tmp/tmp6ixv8fcu']
[2023-05-25T10:36:03.989+0000] {standard_task_runner.py:85} INFO - Job 1419: Subtask get_age
[2023-05-25T10:36:04.230+0000] {task_command.py:410} INFO - Running <TaskInstance: dag_with_taskflow_api_v02.get_age scheduled__2023-02-05T00:00:00+00:00 [running]> on host b1ae37a9584e
[2023-05-25T10:36:05.296+0000] {taskinstance.py:1547} INFO - Exporting env vars: AIRFLOW_CTX_DAG_OWNER='Sai' AIRFLOW_CTX_DAG_ID='dag_with_taskflow_api_v02' AIRFLOW_CTX_TASK_ID='get_age' AIRFLOW_CTX_EXECUTION_DATE='2023-02-05T00:00:00+00:00' AIRFLOW_CTX_TRY_NUMBER='1' AIRFLOW_CTX_DAG_RUN_ID='scheduled__2023-02-05T00:00:00+00:00'
[2023-05-25T10:36:05.297+0000] {python.py:183} INFO - Done. Returned value was: 19
[2023-05-25T10:36:05.553+0000] {taskinstance.py:1350} INFO - Marking task as SUCCESS. dag_id=dag_with_taskflow_api_v02, task_id=get_age, execution_date=20230205T000000, start_date=20230525T103603, end_date=20230525T103605
[2023-05-25T10:36:05.788+0000] {local_task_job_runner.py:225} INFO - Task exited with return code 0
[2023-05-25T10:36:06.098+0000] {taskinstance.py:2651} INFO - 1 downstream tasks scheduled from follow-on schedule check
