[2023-05-24T15:23:29.021+0000] {taskinstance.py:1103} INFO - Dependencies all met for dep_context=non-requeueable deps ti=<TaskInstance: dag_with_taskflow_api_v02.get_age scheduled__2022-07-15T00:00:00+00:00 [queued]>
[2023-05-24T15:23:29.171+0000] {taskinstance.py:1103} INFO - Dependencies all met for dep_context=requeueable deps ti=<TaskInstance: dag_with_taskflow_api_v02.get_age scheduled__2022-07-15T00:00:00+00:00 [queued]>
[2023-05-24T15:23:29.172+0000] {taskinstance.py:1308} INFO - Starting attempt 1 of 6
[2023-05-24T15:23:29.629+0000] {taskinstance.py:1327} INFO - Executing <Task(_PythonDecoratedOperator): get_age> on 2022-07-15 00:00:00+00:00
[2023-05-24T15:23:29.660+0000] {standard_task_runner.py:57} INFO - Started process 1961 to run task
[2023-05-24T15:23:29.673+0000] {standard_task_runner.py:84} INFO - Running: ['***', 'tasks', 'run', 'dag_with_taskflow_api_v02', 'get_age', 'scheduled__2022-07-15T00:00:00+00:00', '--job-id', '788', '--raw', '--subdir', 'DAGS_FOLDER/first_dag.py', '--cfg-path', '/tmp/tmpjqdaqtqe']
[2023-05-24T15:23:29.677+0000] {standard_task_runner.py:85} INFO - Job 788: Subtask get_age
[2023-05-24T15:23:29.946+0000] {task_command.py:410} INFO - Running <TaskInstance: dag_with_taskflow_api_v02.get_age scheduled__2022-07-15T00:00:00+00:00 [running]> on host 942de29f183d
[2023-05-24T15:23:30.729+0000] {taskinstance.py:1547} INFO - Exporting env vars: AIRFLOW_CTX_DAG_OWNER='Sai' AIRFLOW_CTX_DAG_ID='dag_with_taskflow_api_v02' AIRFLOW_CTX_TASK_ID='get_age' AIRFLOW_CTX_EXECUTION_DATE='2022-07-15T00:00:00+00:00' AIRFLOW_CTX_TRY_NUMBER='1' AIRFLOW_CTX_DAG_RUN_ID='scheduled__2022-07-15T00:00:00+00:00'
[2023-05-24T15:23:30.730+0000] {python.py:183} INFO - Done. Returned value was: 19
[2023-05-24T15:23:30.804+0000] {taskinstance.py:1350} INFO - Marking task as SUCCESS. dag_id=dag_with_taskflow_api_v02, task_id=get_age, execution_date=20220715T000000, start_date=20230524T152329, end_date=20230524T152330
[2023-05-24T15:23:30.878+0000] {local_task_job_runner.py:225} INFO - Task exited with return code 0
[2023-05-24T15:23:31.120+0000] {taskinstance.py:2651} INFO - 0 downstream tasks scheduled from follow-on schedule check
[2023-05-25T06:56:01.748+0000] {taskinstance.py:1103} INFO - Dependencies all met for dep_context=non-requeueable deps ti=<TaskInstance: dag_with_taskflow_api_v02.get_age scheduled__2022-07-15T00:00:00+00:00 [queued]>
[2023-05-25T06:56:01.882+0000] {taskinstance.py:1103} INFO - Dependencies all met for dep_context=requeueable deps ti=<TaskInstance: dag_with_taskflow_api_v02.get_age scheduled__2022-07-15T00:00:00+00:00 [queued]>
[2023-05-25T06:56:01.882+0000] {taskinstance.py:1308} INFO - Starting attempt 1 of 6
[2023-05-25T06:56:02.729+0000] {taskinstance.py:1327} INFO - Executing <Task(_PythonDecoratedOperator): get_age> on 2022-07-15 00:00:00+00:00
[2023-05-25T06:56:02.784+0000] {standard_task_runner.py:57} INFO - Started process 3471 to run task
[2023-05-25T06:56:02.811+0000] {standard_task_runner.py:84} INFO - Running: ['***', 'tasks', 'run', 'dag_with_taskflow_api_v02', 'get_age', 'scheduled__2022-07-15T00:00:00+00:00', '--job-id', '783', '--raw', '--subdir', 'DAGS_FOLDER/first_dag.py', '--cfg-path', '/tmp/tmp0ysztq6v']
[2023-05-25T06:56:02.831+0000] {standard_task_runner.py:85} INFO - Job 783: Subtask get_age
[2023-05-25T06:56:03.370+0000] {task_command.py:410} INFO - Running <TaskInstance: dag_with_taskflow_api_v02.get_age scheduled__2022-07-15T00:00:00+00:00 [running]> on host 6bd07c7477d9
[2023-05-25T06:56:04.116+0000] {taskinstance.py:1547} INFO - Exporting env vars: AIRFLOW_CTX_DAG_OWNER='Sai' AIRFLOW_CTX_DAG_ID='dag_with_taskflow_api_v02' AIRFLOW_CTX_TASK_ID='get_age' AIRFLOW_CTX_EXECUTION_DATE='2022-07-15T00:00:00+00:00' AIRFLOW_CTX_TRY_NUMBER='1' AIRFLOW_CTX_DAG_RUN_ID='scheduled__2022-07-15T00:00:00+00:00'
[2023-05-25T06:56:04.118+0000] {python.py:183} INFO - Done. Returned value was: 19
[2023-05-25T06:56:04.244+0000] {taskinstance.py:1350} INFO - Marking task as SUCCESS. dag_id=dag_with_taskflow_api_v02, task_id=get_age, execution_date=20220715T000000, start_date=20230525T065601, end_date=20230525T065604
[2023-05-25T06:56:04.363+0000] {local_task_job_runner.py:225} INFO - Task exited with return code 0
[2023-05-25T06:56:04.738+0000] {taskinstance.py:2651} INFO - 1 downstream tasks scheduled from follow-on schedule check
[2023-05-25T10:27:51.456+0000] {taskinstance.py:1103} INFO - Dependencies all met for dep_context=non-requeueable deps ti=<TaskInstance: dag_with_taskflow_api_v02.get_age scheduled__2022-07-15T00:00:00+00:00 [queued]>
[2023-05-25T10:27:51.545+0000] {taskinstance.py:1103} INFO - Dependencies all met for dep_context=requeueable deps ti=<TaskInstance: dag_with_taskflow_api_v02.get_age scheduled__2022-07-15T00:00:00+00:00 [queued]>
[2023-05-25T10:27:51.546+0000] {taskinstance.py:1308} INFO - Starting attempt 1 of 6
[2023-05-25T10:27:51.634+0000] {taskinstance.py:1327} INFO - Executing <Task(_PythonDecoratedOperator): get_age> on 2022-07-15 00:00:00+00:00
[2023-05-25T10:27:51.641+0000] {standard_task_runner.py:57} INFO - Started process 3074 to run task
[2023-05-25T10:27:51.696+0000] {standard_task_runner.py:84} INFO - Running: ['***', 'tasks', 'run', 'dag_with_taskflow_api_v02', 'get_age', 'scheduled__2022-07-15T00:00:00+00:00', '--job-id', '799', '--raw', '--subdir', 'DAGS_FOLDER/first_dag.py', '--cfg-path', '/tmp/tmpozq3cje9']
[2023-05-25T10:27:51.711+0000] {standard_task_runner.py:85} INFO - Job 799: Subtask get_age
[2023-05-25T10:27:52.126+0000] {task_command.py:410} INFO - Running <TaskInstance: dag_with_taskflow_api_v02.get_age scheduled__2022-07-15T00:00:00+00:00 [running]> on host b1ae37a9584e
[2023-05-25T10:27:53.136+0000] {taskinstance.py:1547} INFO - Exporting env vars: AIRFLOW_CTX_DAG_OWNER='Sai' AIRFLOW_CTX_DAG_ID='dag_with_taskflow_api_v02' AIRFLOW_CTX_TASK_ID='get_age' AIRFLOW_CTX_EXECUTION_DATE='2022-07-15T00:00:00+00:00' AIRFLOW_CTX_TRY_NUMBER='1' AIRFLOW_CTX_DAG_RUN_ID='scheduled__2022-07-15T00:00:00+00:00'
[2023-05-25T10:27:53.138+0000] {python.py:183} INFO - Done. Returned value was: 19
[2023-05-25T10:27:53.235+0000] {taskinstance.py:1350} INFO - Marking task as SUCCESS. dag_id=dag_with_taskflow_api_v02, task_id=get_age, execution_date=20220715T000000, start_date=20230525T102751, end_date=20230525T102753
[2023-05-25T10:27:53.363+0000] {local_task_job_runner.py:225} INFO - Task exited with return code 0
[2023-05-25T10:27:53.501+0000] {taskinstance.py:2651} INFO - 0 downstream tasks scheduled from follow-on schedule check
