[2023-05-24T15:19:18.260+0000] {taskinstance.py:1103} INFO - Dependencies all met for dep_context=non-requeueable deps ti=<TaskInstance: dag_with_taskflow_api_v02.get_name scheduled__2022-03-04T00:00:00+00:00 [queued]>
[2023-05-24T15:19:18.345+0000] {taskinstance.py:1103} INFO - Dependencies all met for dep_context=requeueable deps ti=<TaskInstance: dag_with_taskflow_api_v02.get_name scheduled__2022-03-04T00:00:00+00:00 [queued]>
[2023-05-24T15:19:18.346+0000] {taskinstance.py:1308} INFO - Starting attempt 1 of 6
[2023-05-24T15:19:18.559+0000] {taskinstance.py:1327} INFO - Executing <Task(_PythonDecoratedOperator): get_name> on 2022-03-04 00:00:00+00:00
[2023-05-24T15:19:18.565+0000] {standard_task_runner.py:57} INFO - Started process 1073 to run task
[2023-05-24T15:19:18.633+0000] {standard_task_runner.py:84} INFO - Running: ['***', 'tasks', 'run', 'dag_with_taskflow_api_v02', 'get_name', 'scheduled__2022-03-04T00:00:00+00:00', '--job-id', '393', '--raw', '--subdir', 'DAGS_FOLDER/first_dag.py', '--cfg-path', '/tmp/tmprbrg4vlr']
[2023-05-24T15:19:18.648+0000] {standard_task_runner.py:85} INFO - Job 393: Subtask get_name
[2023-05-24T15:19:19.053+0000] {task_command.py:410} INFO - Running <TaskInstance: dag_with_taskflow_api_v02.get_name scheduled__2022-03-04T00:00:00+00:00 [running]> on host 942de29f183d
[2023-05-24T15:19:19.917+0000] {taskinstance.py:1547} INFO - Exporting env vars: AIRFLOW_CTX_DAG_OWNER='Sai' AIRFLOW_CTX_DAG_ID='dag_with_taskflow_api_v02' AIRFLOW_CTX_TASK_ID='get_name' AIRFLOW_CTX_EXECUTION_DATE='2022-03-04T00:00:00+00:00' AIRFLOW_CTX_TRY_NUMBER='1' AIRFLOW_CTX_DAG_RUN_ID='scheduled__2022-03-04T00:00:00+00:00'
[2023-05-24T15:19:19.918+0000] {python.py:183} INFO - Done. Returned value was: {'first_name': 'Sai', 'last_name': 'Tr'}
[2023-05-24T15:19:20.219+0000] {taskinstance.py:1350} INFO - Marking task as SUCCESS. dag_id=dag_with_taskflow_api_v02, task_id=get_name, execution_date=20220304T000000, start_date=20230524T151918, end_date=20230524T151920
[2023-05-24T15:19:20.349+0000] {local_task_job_runner.py:225} INFO - Task exited with return code 0
[2023-05-24T15:19:20.557+0000] {taskinstance.py:2651} INFO - 1 downstream tasks scheduled from follow-on schedule check
[2023-05-25T06:52:27.932+0000] {taskinstance.py:1103} INFO - Dependencies all met for dep_context=non-requeueable deps ti=<TaskInstance: dag_with_taskflow_api_v02.get_name scheduled__2022-03-04T00:00:00+00:00 [queued]>
[2023-05-25T06:52:27.980+0000] {taskinstance.py:1103} INFO - Dependencies all met for dep_context=requeueable deps ti=<TaskInstance: dag_with_taskflow_api_v02.get_name scheduled__2022-03-04T00:00:00+00:00 [queued]>
[2023-05-25T06:52:27.989+0000] {taskinstance.py:1308} INFO - Starting attempt 1 of 6
[2023-05-25T06:52:28.103+0000] {taskinstance.py:1327} INFO - Executing <Task(_PythonDecoratedOperator): get_name> on 2022-03-04 00:00:00+00:00
[2023-05-25T06:52:28.145+0000] {standard_task_runner.py:57} INFO - Started process 2583 to run task
[2023-05-25T06:52:28.158+0000] {standard_task_runner.py:84} INFO - Running: ['***', 'tasks', 'run', 'dag_with_taskflow_api_v02', 'get_name', 'scheduled__2022-03-04T00:00:00+00:00', '--job-id', '383', '--raw', '--subdir', 'DAGS_FOLDER/first_dag.py', '--cfg-path', '/tmp/tmpqg0wkm8r']
[2023-05-25T06:52:28.180+0000] {standard_task_runner.py:85} INFO - Job 383: Subtask get_name
[2023-05-25T06:52:28.575+0000] {task_command.py:410} INFO - Running <TaskInstance: dag_with_taskflow_api_v02.get_name scheduled__2022-03-04T00:00:00+00:00 [running]> on host 6bd07c7477d9
[2023-05-25T06:52:29.314+0000] {taskinstance.py:1547} INFO - Exporting env vars: AIRFLOW_CTX_DAG_OWNER='Sai' AIRFLOW_CTX_DAG_ID='dag_with_taskflow_api_v02' AIRFLOW_CTX_TASK_ID='get_name' AIRFLOW_CTX_EXECUTION_DATE='2022-03-04T00:00:00+00:00' AIRFLOW_CTX_TRY_NUMBER='1' AIRFLOW_CTX_DAG_RUN_ID='scheduled__2022-03-04T00:00:00+00:00'
[2023-05-25T06:52:29.315+0000] {python.py:183} INFO - Done. Returned value was: {'first_name': 'Sai', 'last_name': 'Tr'}
[2023-05-25T06:52:29.547+0000] {taskinstance.py:1350} INFO - Marking task as SUCCESS. dag_id=dag_with_taskflow_api_v02, task_id=get_name, execution_date=20220304T000000, start_date=20230525T065227, end_date=20230525T065229
[2023-05-25T06:52:29.686+0000] {local_task_job_runner.py:225} INFO - Task exited with return code 0
[2023-05-25T06:52:29.957+0000] {taskinstance.py:2651} INFO - 0 downstream tasks scheduled from follow-on schedule check
[2023-05-25T10:23:30.056+0000] {taskinstance.py:1103} INFO - Dependencies all met for dep_context=non-requeueable deps ti=<TaskInstance: dag_with_taskflow_api_v02.get_name scheduled__2022-03-04T00:00:00+00:00 [queued]>
[2023-05-25T10:23:30.124+0000] {taskinstance.py:1103} INFO - Dependencies all met for dep_context=requeueable deps ti=<TaskInstance: dag_with_taskflow_api_v02.get_name scheduled__2022-03-04T00:00:00+00:00 [queued]>
[2023-05-25T10:23:30.131+0000] {taskinstance.py:1308} INFO - Starting attempt 1 of 6
[2023-05-25T10:23:30.847+0000] {taskinstance.py:1327} INFO - Executing <Task(_PythonDecoratedOperator): get_name> on 2022-03-04 00:00:00+00:00
[2023-05-25T10:23:30.884+0000] {standard_task_runner.py:57} INFO - Started process 2139 to run task
[2023-05-25T10:23:30.966+0000] {standard_task_runner.py:84} INFO - Running: ['***', 'tasks', 'run', 'dag_with_taskflow_api_v02', 'get_name', 'scheduled__2022-03-04T00:00:00+00:00', '--job-id', '382', '--raw', '--subdir', 'DAGS_FOLDER/first_dag.py', '--cfg-path', '/tmp/tmp02lb2rco']
[2023-05-25T10:23:30.989+0000] {standard_task_runner.py:85} INFO - Job 382: Subtask get_name
[2023-05-25T10:23:31.309+0000] {task_command.py:410} INFO - Running <TaskInstance: dag_with_taskflow_api_v02.get_name scheduled__2022-03-04T00:00:00+00:00 [running]> on host b1ae37a9584e
[2023-05-25T10:23:31.773+0000] {taskinstance.py:1547} INFO - Exporting env vars: AIRFLOW_CTX_DAG_OWNER='Sai' AIRFLOW_CTX_DAG_ID='dag_with_taskflow_api_v02' AIRFLOW_CTX_TASK_ID='get_name' AIRFLOW_CTX_EXECUTION_DATE='2022-03-04T00:00:00+00:00' AIRFLOW_CTX_TRY_NUMBER='1' AIRFLOW_CTX_DAG_RUN_ID='scheduled__2022-03-04T00:00:00+00:00'
[2023-05-25T10:23:31.774+0000] {python.py:183} INFO - Done. Returned value was: {'first_name': 'Sai', 'last_name': 'Tr'}
[2023-05-25T10:23:31.943+0000] {taskinstance.py:1350} INFO - Marking task as SUCCESS. dag_id=dag_with_taskflow_api_v02, task_id=get_name, execution_date=20220304T000000, start_date=20230525T102330, end_date=20230525T102331
[2023-05-25T10:23:32.042+0000] {local_task_job_runner.py:225} INFO - Task exited with return code 0
[2023-05-25T10:23:32.109+0000] {taskinstance.py:2651} INFO - 1 downstream tasks scheduled from follow-on schedule check
