[2023-05-24T15:31:51.472+0000] {taskinstance.py:1103} INFO - Dependencies all met for dep_context=non-requeueable deps ti=<TaskInstance: dag_with_taskflow_api_v02.greet scheduled__2023-05-10T00:00:00+00:00 [queued]>
[2023-05-24T15:31:51.518+0000] {taskinstance.py:1103} INFO - Dependencies all met for dep_context=requeueable deps ti=<TaskInstance: dag_with_taskflow_api_v02.greet scheduled__2023-05-10T00:00:00+00:00 [queued]>
[2023-05-24T15:31:51.519+0000] {taskinstance.py:1308} INFO - Starting attempt 1 of 6
[2023-05-24T15:31:51.620+0000] {taskinstance.py:1327} INFO - Executing <Task(_PythonDecoratedOperator): greet> on 2023-05-10 00:00:00+00:00
[2023-05-24T15:31:51.629+0000] {standard_task_runner.py:57} INFO - Started process 3979 to run task
[2023-05-24T15:31:51.668+0000] {standard_task_runner.py:84} INFO - Running: ['***', 'tasks', 'run', 'dag_with_taskflow_api_v02', 'greet', 'scheduled__2023-05-10T00:00:00+00:00', '--job-id', '1702', '--raw', '--subdir', 'DAGS_FOLDER/first_dag.py', '--cfg-path', '/tmp/tmpc_o9htr4']
[2023-05-24T15:31:51.673+0000] {standard_task_runner.py:85} INFO - Job 1702: Subtask greet
[2023-05-24T15:31:51.950+0000] {task_command.py:410} INFO - Running <TaskInstance: dag_with_taskflow_api_v02.greet scheduled__2023-05-10T00:00:00+00:00 [running]> on host 942de29f183d
[2023-05-24T15:31:52.479+0000] {taskinstance.py:1547} INFO - Exporting env vars: AIRFLOW_CTX_DAG_OWNER='Sai' AIRFLOW_CTX_DAG_ID='dag_with_taskflow_api_v02' AIRFLOW_CTX_TASK_ID='greet' AIRFLOW_CTX_EXECUTION_DATE='2023-05-10T00:00:00+00:00' AIRFLOW_CTX_TRY_NUMBER='1' AIRFLOW_CTX_DAG_RUN_ID='scheduled__2023-05-10T00:00:00+00:00'
[2023-05-24T15:31:52.480+0000] {logging_mixin.py:149} INFO - Hello World! My name is Sai Tr and I am 19 years old!
[2023-05-24T15:31:52.481+0000] {python.py:183} INFO - Done. Returned value was: None
[2023-05-24T15:31:52.502+0000] {taskinstance.py:1350} INFO - Marking task as SUCCESS. dag_id=dag_with_taskflow_api_v02, task_id=greet, execution_date=20230510T000000, start_date=20230524T153151, end_date=20230524T153152
[2023-05-24T15:31:52.553+0000] {local_task_job_runner.py:225} INFO - Task exited with return code 0
[2023-05-24T15:31:52.602+0000] {taskinstance.py:2651} INFO - 0 downstream tasks scheduled from follow-on schedule check
[2023-05-25T07:04:28.540+0000] {taskinstance.py:1103} INFO - Dependencies all met for dep_context=non-requeueable deps ti=<TaskInstance: dag_with_taskflow_api_v02.greet scheduled__2023-05-10T00:00:00+00:00 [queued]>
[2023-05-25T07:04:28.616+0000] {taskinstance.py:1103} INFO - Dependencies all met for dep_context=requeueable deps ti=<TaskInstance: dag_with_taskflow_api_v02.greet scheduled__2023-05-10T00:00:00+00:00 [queued]>
[2023-05-25T07:04:28.617+0000] {taskinstance.py:1308} INFO - Starting attempt 1 of 6
[2023-05-25T07:04:28.734+0000] {taskinstance.py:1327} INFO - Executing <Task(_PythonDecoratedOperator): greet> on 2023-05-10 00:00:00+00:00
[2023-05-25T07:04:28.748+0000] {standard_task_runner.py:57} INFO - Started process 5511 to run task
[2023-05-25T07:04:28.778+0000] {standard_task_runner.py:84} INFO - Running: ['***', 'tasks', 'run', 'dag_with_taskflow_api_v02', 'greet', 'scheduled__2023-05-10T00:00:00+00:00', '--job-id', '1705', '--raw', '--subdir', 'DAGS_FOLDER/first_dag.py', '--cfg-path', '/tmp/tmpe78jb5_6']
[2023-05-25T07:04:28.792+0000] {standard_task_runner.py:85} INFO - Job 1705: Subtask greet
[2023-05-25T07:04:29.062+0000] {task_command.py:410} INFO - Running <TaskInstance: dag_with_taskflow_api_v02.greet scheduled__2023-05-10T00:00:00+00:00 [running]> on host 6bd07c7477d9
[2023-05-25T07:04:30.323+0000] {taskinstance.py:1547} INFO - Exporting env vars: AIRFLOW_CTX_DAG_OWNER='Sai' AIRFLOW_CTX_DAG_ID='dag_with_taskflow_api_v02' AIRFLOW_CTX_TASK_ID='greet' AIRFLOW_CTX_EXECUTION_DATE='2023-05-10T00:00:00+00:00' AIRFLOW_CTX_TRY_NUMBER='1' AIRFLOW_CTX_DAG_RUN_ID='scheduled__2023-05-10T00:00:00+00:00'
[2023-05-25T07:04:30.324+0000] {logging_mixin.py:149} INFO - Hello World! My name is Sai Tr and I am 19 years old!
[2023-05-25T07:04:30.325+0000] {python.py:183} INFO - Done. Returned value was: None
[2023-05-25T07:04:30.421+0000] {taskinstance.py:1350} INFO - Marking task as SUCCESS. dag_id=dag_with_taskflow_api_v02, task_id=greet, execution_date=20230510T000000, start_date=20230525T070428, end_date=20230525T070430
[2023-05-25T07:04:30.974+0000] {local_task_job_runner.py:225} INFO - Task exited with return code 0
[2023-05-25T07:04:31.080+0000] {taskinstance.py:2651} INFO - 0 downstream tasks scheduled from follow-on schedule check
[2023-05-25T10:39:06.187+0000] {taskinstance.py:1103} INFO - Dependencies all met for dep_context=non-requeueable deps ti=<TaskInstance: dag_with_taskflow_api_v02.greet scheduled__2023-05-10T00:00:00+00:00 [queued]>
[2023-05-25T10:39:06.312+0000] {taskinstance.py:1103} INFO - Dependencies all met for dep_context=requeueable deps ti=<TaskInstance: dag_with_taskflow_api_v02.greet scheduled__2023-05-10T00:00:00+00:00 [queued]>
[2023-05-25T10:39:06.313+0000] {taskinstance.py:1308} INFO - Starting attempt 1 of 6
[2023-05-25T10:39:06.423+0000] {taskinstance.py:1327} INFO - Executing <Task(_PythonDecoratedOperator): greet> on 2023-05-10 00:00:00+00:00
[2023-05-25T10:39:06.455+0000] {standard_task_runner.py:57} INFO - Started process 5147 to run task
[2023-05-25T10:39:06.499+0000] {standard_task_runner.py:84} INFO - Running: ['***', 'tasks', 'run', 'dag_with_taskflow_api_v02', 'greet', 'scheduled__2023-05-10T00:00:00+00:00', '--job-id', '1711', '--raw', '--subdir', 'DAGS_FOLDER/first_dag.py', '--cfg-path', '/tmp/tmpsdcw0jv5']
[2023-05-25T10:39:06.529+0000] {standard_task_runner.py:85} INFO - Job 1711: Subtask greet
[2023-05-25T10:39:06.831+0000] {task_command.py:410} INFO - Running <TaskInstance: dag_with_taskflow_api_v02.greet scheduled__2023-05-10T00:00:00+00:00 [running]> on host b1ae37a9584e
[2023-05-25T10:39:07.494+0000] {taskinstance.py:1547} INFO - Exporting env vars: AIRFLOW_CTX_DAG_OWNER='Sai' AIRFLOW_CTX_DAG_ID='dag_with_taskflow_api_v02' AIRFLOW_CTX_TASK_ID='greet' AIRFLOW_CTX_EXECUTION_DATE='2023-05-10T00:00:00+00:00' AIRFLOW_CTX_TRY_NUMBER='1' AIRFLOW_CTX_DAG_RUN_ID='scheduled__2023-05-10T00:00:00+00:00'
[2023-05-25T10:39:07.496+0000] {logging_mixin.py:149} INFO - Hello World! My name is Sai Tr and I am 19 years old!
[2023-05-25T10:39:07.496+0000] {python.py:183} INFO - Done. Returned value was: None
[2023-05-25T10:39:07.536+0000] {taskinstance.py:1350} INFO - Marking task as SUCCESS. dag_id=dag_with_taskflow_api_v02, task_id=greet, execution_date=20230510T000000, start_date=20230525T103906, end_date=20230525T103907
[2023-05-25T10:39:07.628+0000] {local_task_job_runner.py:225} INFO - Task exited with return code 0
[2023-05-25T10:39:07.717+0000] {taskinstance.py:2651} INFO - 0 downstream tasks scheduled from follow-on schedule check
