[2023-05-24T15:30:01.196+0000] {taskinstance.py:1103} INFO - Dependencies all met for dep_context=non-requeueable deps ti=<TaskInstance: dag_with_taskflow_api_v02.get_name scheduled__2023-03-11T00:00:00+00:00 [queued]>
[2023-05-24T15:30:01.267+0000] {taskinstance.py:1103} INFO - Dependencies all met for dep_context=requeueable deps ti=<TaskInstance: dag_with_taskflow_api_v02.get_name scheduled__2023-03-11T00:00:00+00:00 [queued]>
[2023-05-24T15:30:01.267+0000] {taskinstance.py:1308} INFO - Starting attempt 1 of 6
[2023-05-24T15:30:01.817+0000] {taskinstance.py:1327} INFO - Executing <Task(_PythonDecoratedOperator): get_name> on 2023-03-11 00:00:00+00:00
[2023-05-24T15:30:01.839+0000] {standard_task_runner.py:57} INFO - Started process 3537 to run task
[2023-05-24T15:30:01.856+0000] {standard_task_runner.py:84} INFO - Running: ['***', 'tasks', 'run', 'dag_with_taskflow_api_v02', 'get_name', 'scheduled__2023-03-11T00:00:00+00:00', '--job-id', '1499', '--raw', '--subdir', 'DAGS_FOLDER/first_dag.py', '--cfg-path', '/tmp/tmp97adpcbl']
[2023-05-24T15:30:01.890+0000] {standard_task_runner.py:85} INFO - Job 1499: Subtask get_name
[2023-05-24T15:30:02.298+0000] {task_command.py:410} INFO - Running <TaskInstance: dag_with_taskflow_api_v02.get_name scheduled__2023-03-11T00:00:00+00:00 [running]> on host 942de29f183d
[2023-05-24T15:30:03.106+0000] {taskinstance.py:1547} INFO - Exporting env vars: AIRFLOW_CTX_DAG_OWNER='Sai' AIRFLOW_CTX_DAG_ID='dag_with_taskflow_api_v02' AIRFLOW_CTX_TASK_ID='get_name' AIRFLOW_CTX_EXECUTION_DATE='2023-03-11T00:00:00+00:00' AIRFLOW_CTX_TRY_NUMBER='1' AIRFLOW_CTX_DAG_RUN_ID='scheduled__2023-03-11T00:00:00+00:00'
[2023-05-24T15:30:03.107+0000] {python.py:183} INFO - Done. Returned value was: {'first_name': 'Sai', 'last_name': 'Tr'}
[2023-05-24T15:30:03.503+0000] {taskinstance.py:1350} INFO - Marking task as SUCCESS. dag_id=dag_with_taskflow_api_v02, task_id=get_name, execution_date=20230311T000000, start_date=20230524T153001, end_date=20230524T153003
[2023-05-24T15:30:03.658+0000] {local_task_job_runner.py:225} INFO - Task exited with return code 0
[2023-05-24T15:30:03.887+0000] {taskinstance.py:2651} INFO - 1 downstream tasks scheduled from follow-on schedule check
[2023-05-25T07:02:37.283+0000] {taskinstance.py:1103} INFO - Dependencies all met for dep_context=non-requeueable deps ti=<TaskInstance: dag_with_taskflow_api_v02.get_name scheduled__2023-03-11T00:00:00+00:00 [queued]>
[2023-05-25T07:02:37.385+0000] {taskinstance.py:1103} INFO - Dependencies all met for dep_context=requeueable deps ti=<TaskInstance: dag_with_taskflow_api_v02.get_name scheduled__2023-03-11T00:00:00+00:00 [queued]>
[2023-05-25T07:02:37.385+0000] {taskinstance.py:1308} INFO - Starting attempt 1 of 6
[2023-05-25T07:02:37.533+0000] {taskinstance.py:1327} INFO - Executing <Task(_PythonDecoratedOperator): get_name> on 2023-03-11 00:00:00+00:00
[2023-05-25T07:02:37.562+0000] {standard_task_runner.py:57} INFO - Started process 5064 to run task
[2023-05-25T07:02:37.587+0000] {standard_task_runner.py:84} INFO - Running: ['***', 'tasks', 'run', 'dag_with_taskflow_api_v02', 'get_name', 'scheduled__2023-03-11T00:00:00+00:00', '--job-id', '1505', '--raw', '--subdir', 'DAGS_FOLDER/first_dag.py', '--cfg-path', '/tmp/tmpjp1w_bq1']
[2023-05-25T07:02:37.610+0000] {standard_task_runner.py:85} INFO - Job 1505: Subtask get_name
[2023-05-25T07:02:37.827+0000] {task_command.py:410} INFO - Running <TaskInstance: dag_with_taskflow_api_v02.get_name scheduled__2023-03-11T00:00:00+00:00 [running]> on host 6bd07c7477d9
[2023-05-25T07:02:38.379+0000] {taskinstance.py:1547} INFO - Exporting env vars: AIRFLOW_CTX_DAG_OWNER='Sai' AIRFLOW_CTX_DAG_ID='dag_with_taskflow_api_v02' AIRFLOW_CTX_TASK_ID='get_name' AIRFLOW_CTX_EXECUTION_DATE='2023-03-11T00:00:00+00:00' AIRFLOW_CTX_TRY_NUMBER='1' AIRFLOW_CTX_DAG_RUN_ID='scheduled__2023-03-11T00:00:00+00:00'
[2023-05-25T07:02:38.380+0000] {python.py:183} INFO - Done. Returned value was: {'first_name': 'Sai', 'last_name': 'Tr'}
[2023-05-25T07:02:38.738+0000] {taskinstance.py:1350} INFO - Marking task as SUCCESS. dag_id=dag_with_taskflow_api_v02, task_id=get_name, execution_date=20230311T000000, start_date=20230525T070237, end_date=20230525T070238
[2023-05-25T07:02:39.041+0000] {local_task_job_runner.py:225} INFO - Task exited with return code 0
[2023-05-25T07:02:39.279+0000] {taskinstance.py:2651} INFO - 0 downstream tasks scheduled from follow-on schedule check
[2023-05-25T10:37:05.745+0000] {taskinstance.py:1103} INFO - Dependencies all met for dep_context=non-requeueable deps ti=<TaskInstance: dag_with_taskflow_api_v02.get_name scheduled__2023-03-11T00:00:00+00:00 [queued]>
[2023-05-25T10:37:05.809+0000] {taskinstance.py:1103} INFO - Dependencies all met for dep_context=requeueable deps ti=<TaskInstance: dag_with_taskflow_api_v02.get_name scheduled__2023-03-11T00:00:00+00:00 [queued]>
[2023-05-25T10:37:05.809+0000] {taskinstance.py:1308} INFO - Starting attempt 1 of 6
[2023-05-25T10:37:05.973+0000] {taskinstance.py:1327} INFO - Executing <Task(_PythonDecoratedOperator): get_name> on 2023-03-11 00:00:00+00:00
[2023-05-25T10:37:05.988+0000] {standard_task_runner.py:57} INFO - Started process 4718 to run task
[2023-05-25T10:37:06.051+0000] {standard_task_runner.py:84} INFO - Running: ['***', 'tasks', 'run', 'dag_with_taskflow_api_v02', 'get_name', 'scheduled__2023-03-11T00:00:00+00:00', '--job-id', '1517', '--raw', '--subdir', 'DAGS_FOLDER/first_dag.py', '--cfg-path', '/tmp/tmpya6srwgt']
[2023-05-25T10:37:06.054+0000] {standard_task_runner.py:85} INFO - Job 1517: Subtask get_name
[2023-05-25T10:37:06.496+0000] {task_command.py:410} INFO - Running <TaskInstance: dag_with_taskflow_api_v02.get_name scheduled__2023-03-11T00:00:00+00:00 [running]> on host b1ae37a9584e
[2023-05-25T10:37:07.389+0000] {taskinstance.py:1547} INFO - Exporting env vars: AIRFLOW_CTX_DAG_OWNER='Sai' AIRFLOW_CTX_DAG_ID='dag_with_taskflow_api_v02' AIRFLOW_CTX_TASK_ID='get_name' AIRFLOW_CTX_EXECUTION_DATE='2023-03-11T00:00:00+00:00' AIRFLOW_CTX_TRY_NUMBER='1' AIRFLOW_CTX_DAG_RUN_ID='scheduled__2023-03-11T00:00:00+00:00'
[2023-05-25T10:37:07.391+0000] {python.py:183} INFO - Done. Returned value was: {'first_name': 'Sai', 'last_name': 'Tr'}
[2023-05-25T10:37:07.595+0000] {taskinstance.py:1350} INFO - Marking task as SUCCESS. dag_id=dag_with_taskflow_api_v02, task_id=get_name, execution_date=20230311T000000, start_date=20230525T103705, end_date=20230525T103707
[2023-05-25T10:37:07.676+0000] {local_task_job_runner.py:225} INFO - Task exited with return code 0
[2023-05-25T10:37:08.018+0000] {taskinstance.py:2651} INFO - 1 downstream tasks scheduled from follow-on schedule check
