[2023-05-23T10:20:02.159+0000] {taskinstance.py:1103} INFO - Dependencies all met for dep_context=non-requeueable deps ti=<TaskInstance: dag_with_taskflow_api_v02.get_name scheduled__2021-11-21T00:00:00+00:00 [queued]>
[2023-05-23T10:20:02.299+0000] {taskinstance.py:1103} INFO - Dependencies all met for dep_context=requeueable deps ti=<TaskInstance: dag_with_taskflow_api_v02.get_name scheduled__2021-11-21T00:00:00+00:00 [queued]>
[2023-05-23T10:20:02.300+0000] {taskinstance.py:1308} INFO - Starting attempt 1 of 6
[2023-05-23T10:20:03.066+0000] {taskinstance.py:1327} INFO - Executing <Task(_PythonDecoratedOperator): get_name> on 2021-11-21 00:00:00+00:00
[2023-05-23T10:20:03.102+0000] {standard_task_runner.py:57} INFO - Started process 1125 to run task
[2023-05-23T10:20:03.212+0000] {standard_task_runner.py:84} INFO - Running: ['***', 'tasks', 'run', 'dag_with_taskflow_api_v02', 'get_name', 'scheduled__2021-11-21T00:00:00+00:00', '--job-id', '118', '--raw', '--subdir', 'DAGS_FOLDER/first_dag.py', '--cfg-path', '/tmp/tmprhs4aaz0']
[2023-05-23T10:20:03.242+0000] {standard_task_runner.py:85} INFO - Job 118: Subtask get_name
[2023-05-23T10:20:03.660+0000] {task_command.py:410} INFO - Running <TaskInstance: dag_with_taskflow_api_v02.get_name scheduled__2021-11-21T00:00:00+00:00 [running]> on host fb58d5a02d2c
[2023-05-23T10:20:04.811+0000] {taskinstance.py:1547} INFO - Exporting env vars: AIRFLOW_CTX_DAG_OWNER='coder2j' AIRFLOW_CTX_DAG_ID='dag_with_taskflow_api_v02' AIRFLOW_CTX_TASK_ID='get_name' AIRFLOW_CTX_EXECUTION_DATE='2021-11-21T00:00:00+00:00' AIRFLOW_CTX_TRY_NUMBER='1' AIRFLOW_CTX_DAG_RUN_ID='scheduled__2021-11-21T00:00:00+00:00'
[2023-05-23T10:20:04.813+0000] {python.py:183} INFO - Done. Returned value was: {'first_name': 'Jerry', 'last_name': 'Fridman'}
[2023-05-23T10:20:05.065+0000] {taskinstance.py:1350} INFO - Marking task as SUCCESS. dag_id=dag_with_taskflow_api_v02, task_id=get_name, execution_date=20211121T000000, start_date=20230523T102002, end_date=20230523T102005
[2023-05-23T10:20:05.181+0000] {local_task_job_runner.py:225} INFO - Task exited with return code 0
[2023-05-23T10:20:05.902+0000] {taskinstance.py:2651} INFO - 0 downstream tasks scheduled from follow-on schedule check
[2023-05-23T10:27:19.522+0000] {taskinstance.py:1103} INFO - Dependencies all met for dep_context=non-requeueable deps ti=<TaskInstance: dag_with_taskflow_api_v02.get_name scheduled__2021-11-21T00:00:00+00:00 [queued]>
[2023-05-23T10:27:19.736+0000] {taskinstance.py:1103} INFO - Dependencies all met for dep_context=requeueable deps ti=<TaskInstance: dag_with_taskflow_api_v02.get_name scheduled__2021-11-21T00:00:00+00:00 [queued]>
[2023-05-23T10:27:19.737+0000] {taskinstance.py:1308} INFO - Starting attempt 1 of 6
[2023-05-23T10:27:21.059+0000] {taskinstance.py:1327} INFO - Executing <Task(_PythonDecoratedOperator): get_name> on 2021-11-21 00:00:00+00:00
[2023-05-23T10:27:21.084+0000] {standard_task_runner.py:57} INFO - Started process 369 to run task
[2023-05-23T10:27:21.141+0000] {standard_task_runner.py:84} INFO - Running: ['***', 'tasks', 'run', 'dag_with_taskflow_api_v02', 'get_name', 'scheduled__2021-11-21T00:00:00+00:00', '--job-id', '78', '--raw', '--subdir', 'DAGS_FOLDER/first_dag.py', '--cfg-path', '/tmp/tmp8ii3yq1h']
[2023-05-23T10:27:21.174+0000] {standard_task_runner.py:85} INFO - Job 78: Subtask get_name
[2023-05-23T10:27:21.657+0000] {task_command.py:410} INFO - Running <TaskInstance: dag_with_taskflow_api_v02.get_name scheduled__2021-11-21T00:00:00+00:00 [running]> on host 8a6612510f4c
[2023-05-23T10:27:22.872+0000] {taskinstance.py:1547} INFO - Exporting env vars: AIRFLOW_CTX_DAG_OWNER='coder2j' AIRFLOW_CTX_DAG_ID='dag_with_taskflow_api_v02' AIRFLOW_CTX_TASK_ID='get_name' AIRFLOW_CTX_EXECUTION_DATE='2021-11-21T00:00:00+00:00' AIRFLOW_CTX_TRY_NUMBER='1' AIRFLOW_CTX_DAG_RUN_ID='scheduled__2021-11-21T00:00:00+00:00'
[2023-05-23T10:27:22.879+0000] {python.py:183} INFO - Done. Returned value was: {'first_name': 'Jerry', 'last_name': 'Fridman'}
[2023-05-23T10:27:23.271+0000] {taskinstance.py:1350} INFO - Marking task as SUCCESS. dag_id=dag_with_taskflow_api_v02, task_id=get_name, execution_date=20211121T000000, start_date=20230523T102719, end_date=20230523T102723
[2023-05-23T10:27:23.379+0000] {local_task_job_runner.py:225} INFO - Task exited with return code 0
[2023-05-23T10:27:23.812+0000] {taskinstance.py:2651} INFO - 1 downstream tasks scheduled from follow-on schedule check
