[2023-05-24T15:29:10.955+0000] {taskinstance.py:1103} INFO - Dependencies all met for dep_context=non-requeueable deps ti=<TaskInstance: dag_with_taskflow_api_v02.get_name scheduled__2023-02-07T00:00:00+00:00 [queued]>
[2023-05-24T15:29:11.042+0000] {taskinstance.py:1103} INFO - Dependencies all met for dep_context=requeueable deps ti=<TaskInstance: dag_with_taskflow_api_v02.get_name scheduled__2023-02-07T00:00:00+00:00 [queued]>
[2023-05-24T15:29:11.042+0000] {taskinstance.py:1308} INFO - Starting attempt 1 of 6
[2023-05-24T15:29:11.606+0000] {taskinstance.py:1327} INFO - Executing <Task(_PythonDecoratedOperator): get_name> on 2023-02-07 00:00:00+00:00
[2023-05-24T15:29:11.644+0000] {standard_task_runner.py:84} INFO - Running: ['***', 'tasks', 'run', 'dag_with_taskflow_api_v02', 'get_name', 'scheduled__2023-02-07T00:00:00+00:00', '--job-id', '1406', '--raw', '--subdir', 'DAGS_FOLDER/first_dag.py', '--cfg-path', '/tmp/tmpp493k3yo']
[2023-05-24T15:29:11.648+0000] {standard_task_runner.py:85} INFO - Job 1406: Subtask get_name
[2023-05-24T15:29:11.632+0000] {standard_task_runner.py:57} INFO - Started process 3333 to run task
[2023-05-24T15:29:12.157+0000] {task_command.py:410} INFO - Running <TaskInstance: dag_with_taskflow_api_v02.get_name scheduled__2023-02-07T00:00:00+00:00 [running]> on host 942de29f183d
[2023-05-24T15:29:12.929+0000] {taskinstance.py:1547} INFO - Exporting env vars: AIRFLOW_CTX_DAG_OWNER='Sai' AIRFLOW_CTX_DAG_ID='dag_with_taskflow_api_v02' AIRFLOW_CTX_TASK_ID='get_name' AIRFLOW_CTX_EXECUTION_DATE='2023-02-07T00:00:00+00:00' AIRFLOW_CTX_TRY_NUMBER='1' AIRFLOW_CTX_DAG_RUN_ID='scheduled__2023-02-07T00:00:00+00:00'
[2023-05-24T15:29:12.931+0000] {python.py:183} INFO - Done. Returned value was: {'first_name': 'Sai', 'last_name': 'Tr'}
[2023-05-24T15:29:13.169+0000] {taskinstance.py:1350} INFO - Marking task as SUCCESS. dag_id=dag_with_taskflow_api_v02, task_id=get_name, execution_date=20230207T000000, start_date=20230524T152910, end_date=20230524T152913
[2023-05-24T15:29:13.319+0000] {local_task_job_runner.py:225} INFO - Task exited with return code 0
[2023-05-24T15:29:13.643+0000] {taskinstance.py:2651} INFO - 0 downstream tasks scheduled from follow-on schedule check
[2023-05-25T07:01:45.431+0000] {taskinstance.py:1103} INFO - Dependencies all met for dep_context=non-requeueable deps ti=<TaskInstance: dag_with_taskflow_api_v02.get_name scheduled__2023-02-07T00:00:00+00:00 [queued]>
[2023-05-25T07:01:45.567+0000] {taskinstance.py:1103} INFO - Dependencies all met for dep_context=requeueable deps ti=<TaskInstance: dag_with_taskflow_api_v02.get_name scheduled__2023-02-07T00:00:00+00:00 [queued]>
[2023-05-25T07:01:45.567+0000] {taskinstance.py:1308} INFO - Starting attempt 1 of 6
[2023-05-25T07:01:45.781+0000] {taskinstance.py:1327} INFO - Executing <Task(_PythonDecoratedOperator): get_name> on 2023-02-07 00:00:00+00:00
[2023-05-25T07:01:45.815+0000] {standard_task_runner.py:57} INFO - Started process 4853 to run task
[2023-05-25T07:01:45.866+0000] {standard_task_runner.py:84} INFO - Running: ['***', 'tasks', 'run', 'dag_with_taskflow_api_v02', 'get_name', 'scheduled__2023-02-07T00:00:00+00:00', '--job-id', '1406', '--raw', '--subdir', 'DAGS_FOLDER/first_dag.py', '--cfg-path', '/tmp/tmpkmqu6582']
[2023-05-25T07:01:45.891+0000] {standard_task_runner.py:85} INFO - Job 1406: Subtask get_name
[2023-05-25T07:01:46.254+0000] {task_command.py:410} INFO - Running <TaskInstance: dag_with_taskflow_api_v02.get_name scheduled__2023-02-07T00:00:00+00:00 [running]> on host 6bd07c7477d9
[2023-05-25T07:01:46.842+0000] {taskinstance.py:1547} INFO - Exporting env vars: AIRFLOW_CTX_DAG_OWNER='Sai' AIRFLOW_CTX_DAG_ID='dag_with_taskflow_api_v02' AIRFLOW_CTX_TASK_ID='get_name' AIRFLOW_CTX_EXECUTION_DATE='2023-02-07T00:00:00+00:00' AIRFLOW_CTX_TRY_NUMBER='1' AIRFLOW_CTX_DAG_RUN_ID='scheduled__2023-02-07T00:00:00+00:00'
[2023-05-25T07:01:46.843+0000] {python.py:183} INFO - Done. Returned value was: {'first_name': 'Sai', 'last_name': 'Tr'}
[2023-05-25T07:01:47.079+0000] {taskinstance.py:1350} INFO - Marking task as SUCCESS. dag_id=dag_with_taskflow_api_v02, task_id=get_name, execution_date=20230207T000000, start_date=20230525T070145, end_date=20230525T070147
[2023-05-25T07:01:47.235+0000] {local_task_job_runner.py:225} INFO - Task exited with return code 0
[2023-05-25T07:01:47.520+0000] {taskinstance.py:2651} INFO - 0 downstream tasks scheduled from follow-on schedule check
[2023-05-25T10:36:05.625+0000] {taskinstance.py:1103} INFO - Dependencies all met for dep_context=non-requeueable deps ti=<TaskInstance: dag_with_taskflow_api_v02.get_name scheduled__2023-02-07T00:00:00+00:00 [queued]>
[2023-05-25T10:36:05.710+0000] {taskinstance.py:1103} INFO - Dependencies all met for dep_context=requeueable deps ti=<TaskInstance: dag_with_taskflow_api_v02.get_name scheduled__2023-02-07T00:00:00+00:00 [queued]>
[2023-05-25T10:36:05.711+0000] {taskinstance.py:1308} INFO - Starting attempt 1 of 6
[2023-05-25T10:36:06.023+0000] {taskinstance.py:1327} INFO - Executing <Task(_PythonDecoratedOperator): get_name> on 2023-02-07 00:00:00+00:00
[2023-05-25T10:36:06.082+0000] {standard_task_runner.py:57} INFO - Started process 4506 to run task
[2023-05-25T10:36:06.108+0000] {standard_task_runner.py:84} INFO - Running: ['***', 'tasks', 'run', 'dag_with_taskflow_api_v02', 'get_name', 'scheduled__2023-02-07T00:00:00+00:00', '--job-id', '1422', '--raw', '--subdir', 'DAGS_FOLDER/first_dag.py', '--cfg-path', '/tmp/tmp9e96gtx4']
[2023-05-25T10:36:06.137+0000] {standard_task_runner.py:85} INFO - Job 1422: Subtask get_name
[2023-05-25T10:36:06.469+0000] {task_command.py:410} INFO - Running <TaskInstance: dag_with_taskflow_api_v02.get_name scheduled__2023-02-07T00:00:00+00:00 [running]> on host b1ae37a9584e
[2023-05-25T10:36:06.980+0000] {taskinstance.py:1547} INFO - Exporting env vars: AIRFLOW_CTX_DAG_OWNER='Sai' AIRFLOW_CTX_DAG_ID='dag_with_taskflow_api_v02' AIRFLOW_CTX_TASK_ID='get_name' AIRFLOW_CTX_EXECUTION_DATE='2023-02-07T00:00:00+00:00' AIRFLOW_CTX_TRY_NUMBER='1' AIRFLOW_CTX_DAG_RUN_ID='scheduled__2023-02-07T00:00:00+00:00'
[2023-05-25T10:36:06.981+0000] {python.py:183} INFO - Done. Returned value was: {'first_name': 'Sai', 'last_name': 'Tr'}
[2023-05-25T10:36:07.272+0000] {taskinstance.py:1350} INFO - Marking task as SUCCESS. dag_id=dag_with_taskflow_api_v02, task_id=get_name, execution_date=20230207T000000, start_date=20230525T103605, end_date=20230525T103607
[2023-05-25T10:36:07.653+0000] {local_task_job_runner.py:225} INFO - Task exited with return code 0
[2023-05-25T10:36:08.770+0000] {taskinstance.py:2651} INFO - 0 downstream tasks scheduled from follow-on schedule check
