[2023-05-24T15:29:18.003+0000] {taskinstance.py:1103} INFO - Dependencies all met for dep_context=non-requeueable deps ti=<TaskInstance: dag_with_taskflow_api_v02.greet scheduled__2023-02-08T00:00:00+00:00 [queued]>
[2023-05-24T15:29:18.028+0000] {taskinstance.py:1103} INFO - Dependencies all met for dep_context=requeueable deps ti=<TaskInstance: dag_with_taskflow_api_v02.greet scheduled__2023-02-08T00:00:00+00:00 [queued]>
[2023-05-24T15:29:18.028+0000] {taskinstance.py:1308} INFO - Starting attempt 1 of 6
[2023-05-24T15:29:18.073+0000] {taskinstance.py:1327} INFO - Executing <Task(_PythonDecoratedOperator): greet> on 2023-02-08 00:00:00+00:00
[2023-05-24T15:29:18.081+0000] {standard_task_runner.py:57} INFO - Started process 3357 to run task
[2023-05-24T15:29:18.091+0000] {standard_task_runner.py:84} INFO - Running: ['***', 'tasks', 'run', 'dag_with_taskflow_api_v02', 'greet', 'scheduled__2023-02-08T00:00:00+00:00', '--job-id', '1421', '--raw', '--subdir', 'DAGS_FOLDER/first_dag.py', '--cfg-path', '/tmp/tmp02u95l3d']
[2023-05-24T15:29:18.095+0000] {standard_task_runner.py:85} INFO - Job 1421: Subtask greet
[2023-05-24T15:29:18.202+0000] {task_command.py:410} INFO - Running <TaskInstance: dag_with_taskflow_api_v02.greet scheduled__2023-02-08T00:00:00+00:00 [running]> on host 942de29f183d
[2023-05-24T15:29:18.488+0000] {taskinstance.py:1547} INFO - Exporting env vars: AIRFLOW_CTX_DAG_OWNER='Sai' AIRFLOW_CTX_DAG_ID='dag_with_taskflow_api_v02' AIRFLOW_CTX_TASK_ID='greet' AIRFLOW_CTX_EXECUTION_DATE='2023-02-08T00:00:00+00:00' AIRFLOW_CTX_TRY_NUMBER='1' AIRFLOW_CTX_DAG_RUN_ID='scheduled__2023-02-08T00:00:00+00:00'
[2023-05-24T15:29:18.490+0000] {logging_mixin.py:149} INFO - Hello World! My name is Sai Tr and I am 19 years old!
[2023-05-24T15:29:18.490+0000] {python.py:183} INFO - Done. Returned value was: None
[2023-05-24T15:29:18.512+0000] {taskinstance.py:1350} INFO - Marking task as SUCCESS. dag_id=dag_with_taskflow_api_v02, task_id=greet, execution_date=20230208T000000, start_date=20230524T152918, end_date=20230524T152918
[2023-05-24T15:29:18.583+0000] {local_task_job_runner.py:225} INFO - Task exited with return code 0
[2023-05-24T15:29:18.627+0000] {taskinstance.py:2651} INFO - 0 downstream tasks scheduled from follow-on schedule check
[2023-05-25T07:01:56.699+0000] {taskinstance.py:1103} INFO - Dependencies all met for dep_context=non-requeueable deps ti=<TaskInstance: dag_with_taskflow_api_v02.greet scheduled__2023-02-08T00:00:00+00:00 [queued]>
[2023-05-25T07:01:56.814+0000] {taskinstance.py:1103} INFO - Dependencies all met for dep_context=requeueable deps ti=<TaskInstance: dag_with_taskflow_api_v02.greet scheduled__2023-02-08T00:00:00+00:00 [queued]>
[2023-05-25T07:01:56.814+0000] {taskinstance.py:1308} INFO - Starting attempt 1 of 6
[2023-05-25T07:01:57.026+0000] {taskinstance.py:1327} INFO - Executing <Task(_PythonDecoratedOperator): greet> on 2023-02-08 00:00:00+00:00
[2023-05-25T07:01:57.033+0000] {standard_task_runner.py:57} INFO - Started process 4895 to run task
[2023-05-25T07:01:57.055+0000] {standard_task_runner.py:84} INFO - Running: ['***', 'tasks', 'run', 'dag_with_taskflow_api_v02', 'greet', 'scheduled__2023-02-08T00:00:00+00:00', '--job-id', '1430', '--raw', '--subdir', 'DAGS_FOLDER/first_dag.py', '--cfg-path', '/tmp/tmpcnb6e_7g']
[2023-05-25T07:01:57.060+0000] {standard_task_runner.py:85} INFO - Job 1430: Subtask greet
[2023-05-25T07:01:57.246+0000] {task_command.py:410} INFO - Running <TaskInstance: dag_with_taskflow_api_v02.greet scheduled__2023-02-08T00:00:00+00:00 [running]> on host 6bd07c7477d9
[2023-05-25T07:01:57.984+0000] {taskinstance.py:1547} INFO - Exporting env vars: AIRFLOW_CTX_DAG_OWNER='Sai' AIRFLOW_CTX_DAG_ID='dag_with_taskflow_api_v02' AIRFLOW_CTX_TASK_ID='greet' AIRFLOW_CTX_EXECUTION_DATE='2023-02-08T00:00:00+00:00' AIRFLOW_CTX_TRY_NUMBER='1' AIRFLOW_CTX_DAG_RUN_ID='scheduled__2023-02-08T00:00:00+00:00'
[2023-05-25T07:01:57.986+0000] {logging_mixin.py:149} INFO - Hello World! My name is Sai Tr and I am 19 years old!
[2023-05-25T07:01:57.987+0000] {python.py:183} INFO - Done. Returned value was: None
[2023-05-25T07:01:58.045+0000] {taskinstance.py:1350} INFO - Marking task as SUCCESS. dag_id=dag_with_taskflow_api_v02, task_id=greet, execution_date=20230208T000000, start_date=20230525T070156, end_date=20230525T070158
[2023-05-25T07:01:58.177+0000] {local_task_job_runner.py:225} INFO - Task exited with return code 0
[2023-05-25T07:01:58.501+0000] {taskinstance.py:2651} INFO - 0 downstream tasks scheduled from follow-on schedule check
[2023-05-25T10:36:20.964+0000] {taskinstance.py:1103} INFO - Dependencies all met for dep_context=non-requeueable deps ti=<TaskInstance: dag_with_taskflow_api_v02.greet scheduled__2023-02-08T00:00:00+00:00 [queued]>
[2023-05-25T10:36:21.061+0000] {taskinstance.py:1103} INFO - Dependencies all met for dep_context=requeueable deps ti=<TaskInstance: dag_with_taskflow_api_v02.greet scheduled__2023-02-08T00:00:00+00:00 [queued]>
[2023-05-25T10:36:21.062+0000] {taskinstance.py:1308} INFO - Starting attempt 1 of 6
[2023-05-25T10:36:21.188+0000] {taskinstance.py:1327} INFO - Executing <Task(_PythonDecoratedOperator): greet> on 2023-02-08 00:00:00+00:00
[2023-05-25T10:36:21.208+0000] {standard_task_runner.py:57} INFO - Started process 4555 to run task
[2023-05-25T10:36:21.242+0000] {standard_task_runner.py:84} INFO - Running: ['***', 'tasks', 'run', 'dag_with_taskflow_api_v02', 'greet', 'scheduled__2023-02-08T00:00:00+00:00', '--job-id', '1446', '--raw', '--subdir', 'DAGS_FOLDER/first_dag.py', '--cfg-path', '/tmp/tmpkfgqrovf']
[2023-05-25T10:36:21.245+0000] {standard_task_runner.py:85} INFO - Job 1446: Subtask greet
[2023-05-25T10:36:21.592+0000] {task_command.py:410} INFO - Running <TaskInstance: dag_with_taskflow_api_v02.greet scheduled__2023-02-08T00:00:00+00:00 [running]> on host b1ae37a9584e
[2023-05-25T10:36:22.235+0000] {taskinstance.py:1547} INFO - Exporting env vars: AIRFLOW_CTX_DAG_OWNER='Sai' AIRFLOW_CTX_DAG_ID='dag_with_taskflow_api_v02' AIRFLOW_CTX_TASK_ID='greet' AIRFLOW_CTX_EXECUTION_DATE='2023-02-08T00:00:00+00:00' AIRFLOW_CTX_TRY_NUMBER='1' AIRFLOW_CTX_DAG_RUN_ID='scheduled__2023-02-08T00:00:00+00:00'
[2023-05-25T10:36:22.237+0000] {logging_mixin.py:149} INFO - Hello World! My name is Sai Tr and I am 19 years old!
[2023-05-25T10:36:22.237+0000] {python.py:183} INFO - Done. Returned value was: None
[2023-05-25T10:36:22.274+0000] {taskinstance.py:1350} INFO - Marking task as SUCCESS. dag_id=dag_with_taskflow_api_v02, task_id=greet, execution_date=20230208T000000, start_date=20230525T103620, end_date=20230525T103622
[2023-05-25T10:36:22.395+0000] {local_task_job_runner.py:225} INFO - Task exited with return code 0
[2023-05-25T10:36:22.521+0000] {taskinstance.py:2651} INFO - 0 downstream tasks scheduled from follow-on schedule check
