[2023-05-24T15:16:43.155+0000] {taskinstance.py:1103} INFO - Dependencies all met for dep_context=non-requeueable deps ti=<TaskInstance: dag_with_taskflow_api_v02.get_name scheduled__2021-12-19T00:00:00+00:00 [queued]>
[2023-05-24T15:16:43.266+0000] {taskinstance.py:1103} INFO - Dependencies all met for dep_context=requeueable deps ti=<TaskInstance: dag_with_taskflow_api_v02.get_name scheduled__2021-12-19T00:00:00+00:00 [queued]>
[2023-05-24T15:16:43.267+0000] {taskinstance.py:1308} INFO - Starting attempt 1 of 6
[2023-05-24T15:16:43.486+0000] {taskinstance.py:1327} INFO - Executing <Task(_PythonDecoratedOperator): get_name> on 2021-12-19 00:00:00+00:00
[2023-05-24T15:16:43.522+0000] {standard_task_runner.py:57} INFO - Started process 547 to run task
[2023-05-24T15:16:43.543+0000] {standard_task_runner.py:84} INFO - Running: ['***', 'tasks', 'run', 'dag_with_taskflow_api_v02', 'get_name', 'scheduled__2021-12-19T00:00:00+00:00', '--job-id', '160', '--raw', '--subdir', 'DAGS_FOLDER/first_dag.py', '--cfg-path', '/tmp/tmp2mgnt5s5']
[2023-05-24T15:16:43.561+0000] {standard_task_runner.py:85} INFO - Job 160: Subtask get_name
[2023-05-24T15:16:43.910+0000] {task_command.py:410} INFO - Running <TaskInstance: dag_with_taskflow_api_v02.get_name scheduled__2021-12-19T00:00:00+00:00 [running]> on host 942de29f183d
[2023-05-24T15:16:44.813+0000] {taskinstance.py:1547} INFO - Exporting env vars: AIRFLOW_CTX_DAG_OWNER='Sai' AIRFLOW_CTX_DAG_ID='dag_with_taskflow_api_v02' AIRFLOW_CTX_TASK_ID='get_name' AIRFLOW_CTX_EXECUTION_DATE='2021-12-19T00:00:00+00:00' AIRFLOW_CTX_TRY_NUMBER='1' AIRFLOW_CTX_DAG_RUN_ID='scheduled__2021-12-19T00:00:00+00:00'
[2023-05-24T15:16:44.815+0000] {python.py:183} INFO - Done. Returned value was: {'first_name': 'Sai', 'last_name': 'Tr'}
[2023-05-24T15:16:45.077+0000] {taskinstance.py:1350} INFO - Marking task as SUCCESS. dag_id=dag_with_taskflow_api_v02, task_id=get_name, execution_date=20211219T000000, start_date=20230524T151643, end_date=20230524T151645
[2023-05-24T15:16:45.236+0000] {local_task_job_runner.py:225} INFO - Task exited with return code 0
[2023-05-24T15:16:46.031+0000] {taskinstance.py:2651} INFO - 0 downstream tasks scheduled from follow-on schedule check
[2023-05-25T06:50:26.775+0000] {taskinstance.py:1103} INFO - Dependencies all met for dep_context=non-requeueable deps ti=<TaskInstance: dag_with_taskflow_api_v02.get_name scheduled__2021-12-19T00:00:00+00:00 [queued]>
[2023-05-25T06:50:26.874+0000] {taskinstance.py:1103} INFO - Dependencies all met for dep_context=requeueable deps ti=<TaskInstance: dag_with_taskflow_api_v02.get_name scheduled__2021-12-19T00:00:00+00:00 [queued]>
[2023-05-25T06:50:26.875+0000] {taskinstance.py:1308} INFO - Starting attempt 1 of 6
[2023-05-25T06:50:27.094+0000] {taskinstance.py:1327} INFO - Executing <Task(_PythonDecoratedOperator): get_name> on 2021-12-19 00:00:00+00:00
[2023-05-25T06:50:27.105+0000] {standard_task_runner.py:57} INFO - Started process 2092 to run task
[2023-05-25T06:50:27.160+0000] {standard_task_runner.py:84} INFO - Running: ['***', 'tasks', 'run', 'dag_with_taskflow_api_v02', 'get_name', 'scheduled__2021-12-19T00:00:00+00:00', '--job-id', '160', '--raw', '--subdir', 'DAGS_FOLDER/first_dag.py', '--cfg-path', '/tmp/tmp72d07e0f']
[2023-05-25T06:50:27.190+0000] {standard_task_runner.py:85} INFO - Job 160: Subtask get_name
[2023-05-25T06:50:27.555+0000] {task_command.py:410} INFO - Running <TaskInstance: dag_with_taskflow_api_v02.get_name scheduled__2021-12-19T00:00:00+00:00 [running]> on host 6bd07c7477d9
[2023-05-25T06:50:28.499+0000] {taskinstance.py:1547} INFO - Exporting env vars: AIRFLOW_CTX_DAG_OWNER='Sai' AIRFLOW_CTX_DAG_ID='dag_with_taskflow_api_v02' AIRFLOW_CTX_TASK_ID='get_name' AIRFLOW_CTX_EXECUTION_DATE='2021-12-19T00:00:00+00:00' AIRFLOW_CTX_TRY_NUMBER='1' AIRFLOW_CTX_DAG_RUN_ID='scheduled__2021-12-19T00:00:00+00:00'
[2023-05-25T06:50:28.503+0000] {python.py:183} INFO - Done. Returned value was: {'first_name': 'Sai', 'last_name': 'Tr'}
[2023-05-25T06:50:28.764+0000] {taskinstance.py:1350} INFO - Marking task as SUCCESS. dag_id=dag_with_taskflow_api_v02, task_id=get_name, execution_date=20211219T000000, start_date=20230525T065026, end_date=20230525T065028
[2023-05-25T06:50:29.497+0000] {local_task_job_runner.py:225} INFO - Task exited with return code 0
[2023-05-25T06:50:29.635+0000] {taskinstance.py:2651} INFO - 1 downstream tasks scheduled from follow-on schedule check
[2023-05-25T10:20:43.168+0000] {taskinstance.py:1103} INFO - Dependencies all met for dep_context=non-requeueable deps ti=<TaskInstance: dag_with_taskflow_api_v02.get_name scheduled__2021-12-19T00:00:00+00:00 [queued]>
[2023-05-25T10:20:43.261+0000] {taskinstance.py:1103} INFO - Dependencies all met for dep_context=requeueable deps ti=<TaskInstance: dag_with_taskflow_api_v02.get_name scheduled__2021-12-19T00:00:00+00:00 [queued]>
[2023-05-25T10:20:43.261+0000] {taskinstance.py:1308} INFO - Starting attempt 1 of 6
[2023-05-25T10:20:43.393+0000] {taskinstance.py:1327} INFO - Executing <Task(_PythonDecoratedOperator): get_name> on 2021-12-19 00:00:00+00:00
[2023-05-25T10:20:43.413+0000] {standard_task_runner.py:57} INFO - Started process 1619 to run task
[2023-05-25T10:20:43.458+0000] {standard_task_runner.py:84} INFO - Running: ['***', 'tasks', 'run', 'dag_with_taskflow_api_v02', 'get_name', 'scheduled__2021-12-19T00:00:00+00:00', '--job-id', '156', '--raw', '--subdir', 'DAGS_FOLDER/first_dag.py', '--cfg-path', '/tmp/tmp3f94p3l2']
[2023-05-25T10:20:43.469+0000] {standard_task_runner.py:85} INFO - Job 156: Subtask get_name
[2023-05-25T10:20:43.702+0000] {task_command.py:410} INFO - Running <TaskInstance: dag_with_taskflow_api_v02.get_name scheduled__2021-12-19T00:00:00+00:00 [running]> on host b1ae37a9584e
[2023-05-25T10:20:44.093+0000] {taskinstance.py:1547} INFO - Exporting env vars: AIRFLOW_CTX_DAG_OWNER='Sai' AIRFLOW_CTX_DAG_ID='dag_with_taskflow_api_v02' AIRFLOW_CTX_TASK_ID='get_name' AIRFLOW_CTX_EXECUTION_DATE='2021-12-19T00:00:00+00:00' AIRFLOW_CTX_TRY_NUMBER='1' AIRFLOW_CTX_DAG_RUN_ID='scheduled__2021-12-19T00:00:00+00:00'
[2023-05-25T10:20:44.095+0000] {python.py:183} INFO - Done. Returned value was: {'first_name': 'Sai', 'last_name': 'Tr'}
[2023-05-25T10:20:44.421+0000] {taskinstance.py:1350} INFO - Marking task as SUCCESS. dag_id=dag_with_taskflow_api_v02, task_id=get_name, execution_date=20211219T000000, start_date=20230525T102043, end_date=20230525T102044
[2023-05-25T10:20:44.551+0000] {local_task_job_runner.py:225} INFO - Task exited with return code 0
[2023-05-25T10:20:44.763+0000] {taskinstance.py:2651} INFO - 1 downstream tasks scheduled from follow-on schedule check
