[2023-05-24T15:29:36.899+0000] {taskinstance.py:1103} INFO - Dependencies all met for dep_context=non-requeueable deps ti=<TaskInstance: dag_with_taskflow_api_v02.get_name scheduled__2023-02-22T00:00:00+00:00 [queued]>
[2023-05-24T15:29:37.013+0000] {taskinstance.py:1103} INFO - Dependencies all met for dep_context=requeueable deps ti=<TaskInstance: dag_with_taskflow_api_v02.get_name scheduled__2023-02-22T00:00:00+00:00 [queued]>
[2023-05-24T15:29:37.014+0000] {taskinstance.py:1308} INFO - Starting attempt 1 of 6
[2023-05-24T15:29:37.204+0000] {taskinstance.py:1327} INFO - Executing <Task(_PythonDecoratedOperator): get_name> on 2023-02-22 00:00:00+00:00
[2023-05-24T15:29:37.236+0000] {standard_task_runner.py:57} INFO - Started process 3433 to run task
[2023-05-24T15:29:37.276+0000] {standard_task_runner.py:84} INFO - Running: ['***', 'tasks', 'run', 'dag_with_taskflow_api_v02', 'get_name', 'scheduled__2023-02-22T00:00:00+00:00', '--job-id', '1453', '--raw', '--subdir', 'DAGS_FOLDER/first_dag.py', '--cfg-path', '/tmp/tmpwclop611']
[2023-05-24T15:29:37.279+0000] {standard_task_runner.py:85} INFO - Job 1453: Subtask get_name
[2023-05-24T15:29:37.604+0000] {task_command.py:410} INFO - Running <TaskInstance: dag_with_taskflow_api_v02.get_name scheduled__2023-02-22T00:00:00+00:00 [running]> on host 942de29f183d
[2023-05-24T15:29:38.344+0000] {taskinstance.py:1547} INFO - Exporting env vars: AIRFLOW_CTX_DAG_OWNER='Sai' AIRFLOW_CTX_DAG_ID='dag_with_taskflow_api_v02' AIRFLOW_CTX_TASK_ID='get_name' AIRFLOW_CTX_EXECUTION_DATE='2023-02-22T00:00:00+00:00' AIRFLOW_CTX_TRY_NUMBER='1' AIRFLOW_CTX_DAG_RUN_ID='scheduled__2023-02-22T00:00:00+00:00'
[2023-05-24T15:29:38.346+0000] {python.py:183} INFO - Done. Returned value was: {'first_name': 'Sai', 'last_name': 'Tr'}
[2023-05-24T15:29:38.475+0000] {taskinstance.py:1350} INFO - Marking task as SUCCESS. dag_id=dag_with_taskflow_api_v02, task_id=get_name, execution_date=20230222T000000, start_date=20230524T152936, end_date=20230524T152938
[2023-05-24T15:29:38.617+0000] {local_task_job_runner.py:225} INFO - Task exited with return code 0
[2023-05-24T15:29:38.804+0000] {taskinstance.py:2651} INFO - 1 downstream tasks scheduled from follow-on schedule check
[2023-05-25T07:02:08.915+0000] {taskinstance.py:1103} INFO - Dependencies all met for dep_context=non-requeueable deps ti=<TaskInstance: dag_with_taskflow_api_v02.get_name scheduled__2023-02-22T00:00:00+00:00 [queued]>
[2023-05-25T07:02:08.985+0000] {taskinstance.py:1103} INFO - Dependencies all met for dep_context=requeueable deps ti=<TaskInstance: dag_with_taskflow_api_v02.get_name scheduled__2023-02-22T00:00:00+00:00 [queued]>
[2023-05-25T07:02:08.985+0000] {taskinstance.py:1308} INFO - Starting attempt 1 of 6
[2023-05-25T07:02:09.302+0000] {taskinstance.py:1327} INFO - Executing <Task(_PythonDecoratedOperator): get_name> on 2023-02-22 00:00:00+00:00
[2023-05-25T07:02:09.318+0000] {standard_task_runner.py:57} INFO - Started process 4946 to run task
[2023-05-25T07:02:09.361+0000] {standard_task_runner.py:84} INFO - Running: ['***', 'tasks', 'run', 'dag_with_taskflow_api_v02', 'get_name', 'scheduled__2023-02-22T00:00:00+00:00', '--job-id', '1452', '--raw', '--subdir', 'DAGS_FOLDER/first_dag.py', '--cfg-path', '/tmp/tmpm_ikx6cq']
[2023-05-25T07:02:09.364+0000] {standard_task_runner.py:85} INFO - Job 1452: Subtask get_name
[2023-05-25T07:02:09.635+0000] {task_command.py:410} INFO - Running <TaskInstance: dag_with_taskflow_api_v02.get_name scheduled__2023-02-22T00:00:00+00:00 [running]> on host 6bd07c7477d9
[2023-05-25T07:02:10.071+0000] {taskinstance.py:1547} INFO - Exporting env vars: AIRFLOW_CTX_DAG_OWNER='Sai' AIRFLOW_CTX_DAG_ID='dag_with_taskflow_api_v02' AIRFLOW_CTX_TASK_ID='get_name' AIRFLOW_CTX_EXECUTION_DATE='2023-02-22T00:00:00+00:00' AIRFLOW_CTX_TRY_NUMBER='1' AIRFLOW_CTX_DAG_RUN_ID='scheduled__2023-02-22T00:00:00+00:00'
[2023-05-25T07:02:10.072+0000] {python.py:183} INFO - Done. Returned value was: {'first_name': 'Sai', 'last_name': 'Tr'}
[2023-05-25T07:02:10.275+0000] {taskinstance.py:1350} INFO - Marking task as SUCCESS. dag_id=dag_with_taskflow_api_v02, task_id=get_name, execution_date=20230222T000000, start_date=20230525T070208, end_date=20230525T070210
[2023-05-25T07:02:10.377+0000] {local_task_job_runner.py:225} INFO - Task exited with return code 0
[2023-05-25T07:02:10.454+0000] {taskinstance.py:2651} INFO - 0 downstream tasks scheduled from follow-on schedule check
[2023-05-25T10:36:33.306+0000] {taskinstance.py:1103} INFO - Dependencies all met for dep_context=non-requeueable deps ti=<TaskInstance: dag_with_taskflow_api_v02.get_name scheduled__2023-02-22T00:00:00+00:00 [queued]>
[2023-05-25T10:36:33.356+0000] {taskinstance.py:1103} INFO - Dependencies all met for dep_context=requeueable deps ti=<TaskInstance: dag_with_taskflow_api_v02.get_name scheduled__2023-02-22T00:00:00+00:00 [queued]>
[2023-05-25T10:36:33.356+0000] {taskinstance.py:1308} INFO - Starting attempt 1 of 6
[2023-05-25T10:36:33.445+0000] {taskinstance.py:1327} INFO - Executing <Task(_PythonDecoratedOperator): get_name> on 2023-02-22 00:00:00+00:00
[2023-05-25T10:36:33.494+0000] {standard_task_runner.py:57} INFO - Started process 4603 to run task
[2023-05-25T10:36:33.539+0000] {standard_task_runner.py:84} INFO - Running: ['***', 'tasks', 'run', 'dag_with_taskflow_api_v02', 'get_name', 'scheduled__2023-02-22T00:00:00+00:00', '--job-id', '1464', '--raw', '--subdir', 'DAGS_FOLDER/first_dag.py', '--cfg-path', '/tmp/tmpc25ui76j']
[2023-05-25T10:36:33.573+0000] {standard_task_runner.py:85} INFO - Job 1464: Subtask get_name
[2023-05-25T10:36:33.853+0000] {task_command.py:410} INFO - Running <TaskInstance: dag_with_taskflow_api_v02.get_name scheduled__2023-02-22T00:00:00+00:00 [running]> on host b1ae37a9584e
[2023-05-25T10:36:34.827+0000] {taskinstance.py:1547} INFO - Exporting env vars: AIRFLOW_CTX_DAG_OWNER='Sai' AIRFLOW_CTX_DAG_ID='dag_with_taskflow_api_v02' AIRFLOW_CTX_TASK_ID='get_name' AIRFLOW_CTX_EXECUTION_DATE='2023-02-22T00:00:00+00:00' AIRFLOW_CTX_TRY_NUMBER='1' AIRFLOW_CTX_DAG_RUN_ID='scheduled__2023-02-22T00:00:00+00:00'
[2023-05-25T10:36:34.837+0000] {python.py:183} INFO - Done. Returned value was: {'first_name': 'Sai', 'last_name': 'Tr'}
[2023-05-25T10:36:35.111+0000] {taskinstance.py:1350} INFO - Marking task as SUCCESS. dag_id=dag_with_taskflow_api_v02, task_id=get_name, execution_date=20230222T000000, start_date=20230525T103633, end_date=20230525T103635
[2023-05-25T10:36:35.171+0000] {local_task_job_runner.py:225} INFO - Task exited with return code 0
[2023-05-25T10:36:35.882+0000] {taskinstance.py:2651} INFO - 0 downstream tasks scheduled from follow-on schedule check
