[2023-05-24T15:21:29.136+0000] {taskinstance.py:1103} INFO - Dependencies all met for dep_context=non-requeueable deps ti=<TaskInstance: dag_with_taskflow_api_v02.get_name scheduled__2022-05-15T00:00:00+00:00 [queued]>
[2023-05-24T15:21:29.231+0000] {taskinstance.py:1103} INFO - Dependencies all met for dep_context=requeueable deps ti=<TaskInstance: dag_with_taskflow_api_v02.get_name scheduled__2022-05-15T00:00:00+00:00 [queued]>
[2023-05-24T15:21:29.239+0000] {taskinstance.py:1308} INFO - Starting attempt 1 of 6
[2023-05-24T15:21:29.457+0000] {taskinstance.py:1327} INFO - Executing <Task(_PythonDecoratedOperator): get_name> on 2022-05-15 00:00:00+00:00
[2023-05-24T15:21:29.501+0000] {standard_task_runner.py:57} INFO - Started process 1549 to run task
[2023-05-24T15:21:29.539+0000] {standard_task_runner.py:84} INFO - Running: ['***', 'tasks', 'run', 'dag_with_taskflow_api_v02', 'get_name', 'scheduled__2022-05-15T00:00:00+00:00', '--job-id', '607', '--raw', '--subdir', 'DAGS_FOLDER/first_dag.py', '--cfg-path', '/tmp/tmp8fc_si2m']
[2023-05-24T15:21:29.555+0000] {standard_task_runner.py:85} INFO - Job 607: Subtask get_name
[2023-05-24T15:21:30.032+0000] {task_command.py:410} INFO - Running <TaskInstance: dag_with_taskflow_api_v02.get_name scheduled__2022-05-15T00:00:00+00:00 [running]> on host 942de29f183d
[2023-05-24T15:21:30.947+0000] {taskinstance.py:1547} INFO - Exporting env vars: AIRFLOW_CTX_DAG_OWNER='Sai' AIRFLOW_CTX_DAG_ID='dag_with_taskflow_api_v02' AIRFLOW_CTX_TASK_ID='get_name' AIRFLOW_CTX_EXECUTION_DATE='2022-05-15T00:00:00+00:00' AIRFLOW_CTX_TRY_NUMBER='1' AIRFLOW_CTX_DAG_RUN_ID='scheduled__2022-05-15T00:00:00+00:00'
[2023-05-24T15:21:30.948+0000] {python.py:183} INFO - Done. Returned value was: {'first_name': 'Sai', 'last_name': 'Tr'}
[2023-05-24T15:21:31.193+0000] {taskinstance.py:1350} INFO - Marking task as SUCCESS. dag_id=dag_with_taskflow_api_v02, task_id=get_name, execution_date=20220515T000000, start_date=20230524T152129, end_date=20230524T152131
[2023-05-24T15:21:31.355+0000] {local_task_job_runner.py:225} INFO - Task exited with return code 0
[2023-05-24T15:21:31.477+0000] {taskinstance.py:2651} INFO - 1 downstream tasks scheduled from follow-on schedule check
[2023-05-25T06:54:29.587+0000] {taskinstance.py:1103} INFO - Dependencies all met for dep_context=non-requeueable deps ti=<TaskInstance: dag_with_taskflow_api_v02.get_name scheduled__2022-05-15T00:00:00+00:00 [queued]>
[2023-05-25T06:54:29.647+0000] {taskinstance.py:1103} INFO - Dependencies all met for dep_context=requeueable deps ti=<TaskInstance: dag_with_taskflow_api_v02.get_name scheduled__2022-05-15T00:00:00+00:00 [queued]>
[2023-05-25T06:54:29.648+0000] {taskinstance.py:1308} INFO - Starting attempt 1 of 6
[2023-05-25T06:54:29.806+0000] {taskinstance.py:1327} INFO - Executing <Task(_PythonDecoratedOperator): get_name> on 2022-05-15 00:00:00+00:00
[2023-05-25T06:54:29.814+0000] {standard_task_runner.py:57} INFO - Started process 3086 to run task
[2023-05-25T06:54:29.857+0000] {standard_task_runner.py:84} INFO - Running: ['***', 'tasks', 'run', 'dag_with_taskflow_api_v02', 'get_name', 'scheduled__2022-05-15T00:00:00+00:00', '--job-id', '610', '--raw', '--subdir', 'DAGS_FOLDER/first_dag.py', '--cfg-path', '/tmp/tmpc8l7uyiq']
[2023-05-25T06:54:29.864+0000] {standard_task_runner.py:85} INFO - Job 610: Subtask get_name
[2023-05-25T06:54:30.126+0000] {task_command.py:410} INFO - Running <TaskInstance: dag_with_taskflow_api_v02.get_name scheduled__2022-05-15T00:00:00+00:00 [running]> on host 6bd07c7477d9
[2023-05-25T06:54:30.847+0000] {taskinstance.py:1547} INFO - Exporting env vars: AIRFLOW_CTX_DAG_OWNER='Sai' AIRFLOW_CTX_DAG_ID='dag_with_taskflow_api_v02' AIRFLOW_CTX_TASK_ID='get_name' AIRFLOW_CTX_EXECUTION_DATE='2022-05-15T00:00:00+00:00' AIRFLOW_CTX_TRY_NUMBER='1' AIRFLOW_CTX_DAG_RUN_ID='scheduled__2022-05-15T00:00:00+00:00'
[2023-05-25T06:54:30.848+0000] {python.py:183} INFO - Done. Returned value was: {'first_name': 'Sai', 'last_name': 'Tr'}
[2023-05-25T06:54:31.056+0000] {taskinstance.py:1350} INFO - Marking task as SUCCESS. dag_id=dag_with_taskflow_api_v02, task_id=get_name, execution_date=20220515T000000, start_date=20230525T065429, end_date=20230525T065431
[2023-05-25T06:54:31.561+0000] {local_task_job_runner.py:225} INFO - Task exited with return code 0
[2023-05-25T06:54:31.830+0000] {taskinstance.py:2651} INFO - 0 downstream tasks scheduled from follow-on schedule check
[2023-05-25T10:25:46.866+0000] {taskinstance.py:1103} INFO - Dependencies all met for dep_context=non-requeueable deps ti=<TaskInstance: dag_with_taskflow_api_v02.get_name scheduled__2022-05-15T00:00:00+00:00 [queued]>
[2023-05-25T10:25:46.920+0000] {taskinstance.py:1103} INFO - Dependencies all met for dep_context=requeueable deps ti=<TaskInstance: dag_with_taskflow_api_v02.get_name scheduled__2022-05-15T00:00:00+00:00 [queued]>
[2023-05-25T10:25:46.920+0000] {taskinstance.py:1308} INFO - Starting attempt 1 of 6
[2023-05-25T10:25:47.046+0000] {taskinstance.py:1327} INFO - Executing <Task(_PythonDecoratedOperator): get_name> on 2022-05-15 00:00:00+00:00
[2023-05-25T10:25:47.068+0000] {standard_task_runner.py:57} INFO - Started process 2656 to run task
[2023-05-25T10:25:47.099+0000] {standard_task_runner.py:84} INFO - Running: ['***', 'tasks', 'run', 'dag_with_taskflow_api_v02', 'get_name', 'scheduled__2022-05-15T00:00:00+00:00', '--job-id', '614', '--raw', '--subdir', 'DAGS_FOLDER/first_dag.py', '--cfg-path', '/tmp/tmpzgejkkht']
[2023-05-25T10:25:47.120+0000] {standard_task_runner.py:85} INFO - Job 614: Subtask get_name
[2023-05-25T10:25:47.381+0000] {task_command.py:410} INFO - Running <TaskInstance: dag_with_taskflow_api_v02.get_name scheduled__2022-05-15T00:00:00+00:00 [running]> on host b1ae37a9584e
[2023-05-25T10:25:48.174+0000] {taskinstance.py:1547} INFO - Exporting env vars: AIRFLOW_CTX_DAG_OWNER='Sai' AIRFLOW_CTX_DAG_ID='dag_with_taskflow_api_v02' AIRFLOW_CTX_TASK_ID='get_name' AIRFLOW_CTX_EXECUTION_DATE='2022-05-15T00:00:00+00:00' AIRFLOW_CTX_TRY_NUMBER='1' AIRFLOW_CTX_DAG_RUN_ID='scheduled__2022-05-15T00:00:00+00:00'
[2023-05-25T10:25:48.176+0000] {python.py:183} INFO - Done. Returned value was: {'first_name': 'Sai', 'last_name': 'Tr'}
[2023-05-25T10:25:48.383+0000] {taskinstance.py:1350} INFO - Marking task as SUCCESS. dag_id=dag_with_taskflow_api_v02, task_id=get_name, execution_date=20220515T000000, start_date=20230525T102546, end_date=20230525T102548
[2023-05-25T10:25:48.499+0000] {local_task_job_runner.py:225} INFO - Task exited with return code 0
[2023-05-25T10:25:48.694+0000] {taskinstance.py:2651} INFO - 0 downstream tasks scheduled from follow-on schedule check
