[2023-05-24T15:26:41.484+0000] {taskinstance.py:1103} INFO - Dependencies all met for dep_context=non-requeueable deps ti=<TaskInstance: dag_with_taskflow_api_v02.get_age scheduled__2022-11-07T00:00:00+00:00 [queued]>
[2023-05-24T15:26:41.555+0000] {taskinstance.py:1103} INFO - Dependencies all met for dep_context=requeueable deps ti=<TaskInstance: dag_with_taskflow_api_v02.get_age scheduled__2022-11-07T00:00:00+00:00 [queued]>
[2023-05-24T15:26:41.555+0000] {taskinstance.py:1308} INFO - Starting attempt 1 of 6
[2023-05-24T15:26:42.488+0000] {taskinstance.py:1327} INFO - Executing <Task(_PythonDecoratedOperator): get_age> on 2022-11-07 00:00:00+00:00
[2023-05-24T15:26:42.534+0000] {standard_task_runner.py:57} INFO - Started process 2727 to run task
[2023-05-24T15:26:42.536+0000] {standard_task_runner.py:84} INFO - Running: ['***', 'tasks', 'run', 'dag_with_taskflow_api_v02', 'get_age', 'scheduled__2022-11-07T00:00:00+00:00', '--job-id', '1132', '--raw', '--subdir', 'DAGS_FOLDER/first_dag.py', '--cfg-path', '/tmp/tmpmjcbbf06']
[2023-05-24T15:26:42.559+0000] {standard_task_runner.py:85} INFO - Job 1132: Subtask get_age
[2023-05-24T15:26:42.915+0000] {task_command.py:410} INFO - Running <TaskInstance: dag_with_taskflow_api_v02.get_age scheduled__2022-11-07T00:00:00+00:00 [running]> on host 942de29f183d
[2023-05-24T15:26:43.667+0000] {taskinstance.py:1547} INFO - Exporting env vars: AIRFLOW_CTX_DAG_OWNER='Sai' AIRFLOW_CTX_DAG_ID='dag_with_taskflow_api_v02' AIRFLOW_CTX_TASK_ID='get_age' AIRFLOW_CTX_EXECUTION_DATE='2022-11-07T00:00:00+00:00' AIRFLOW_CTX_TRY_NUMBER='1' AIRFLOW_CTX_DAG_RUN_ID='scheduled__2022-11-07T00:00:00+00:00'
[2023-05-24T15:26:43.668+0000] {python.py:183} INFO - Done. Returned value was: 19
[2023-05-24T15:26:43.865+0000] {taskinstance.py:1350} INFO - Marking task as SUCCESS. dag_id=dag_with_taskflow_api_v02, task_id=get_age, execution_date=20221107T000000, start_date=20230524T152641, end_date=20230524T152643
[2023-05-24T15:26:44.002+0000] {local_task_job_runner.py:225} INFO - Task exited with return code 0
[2023-05-24T15:26:44.216+0000] {taskinstance.py:2651} INFO - 1 downstream tasks scheduled from follow-on schedule check
[2023-05-25T06:59:16.734+0000] {taskinstance.py:1103} INFO - Dependencies all met for dep_context=non-requeueable deps ti=<TaskInstance: dag_with_taskflow_api_v02.get_age scheduled__2022-11-07T00:00:00+00:00 [queued]>
[2023-05-25T06:59:16.826+0000] {taskinstance.py:1103} INFO - Dependencies all met for dep_context=requeueable deps ti=<TaskInstance: dag_with_taskflow_api_v02.get_age scheduled__2022-11-07T00:00:00+00:00 [queued]>
[2023-05-25T06:59:16.827+0000] {taskinstance.py:1308} INFO - Starting attempt 1 of 6
[2023-05-25T06:59:16.963+0000] {taskinstance.py:1327} INFO - Executing <Task(_PythonDecoratedOperator): get_age> on 2022-11-07 00:00:00+00:00
[2023-05-25T06:59:16.970+0000] {standard_task_runner.py:57} INFO - Started process 4244 to run task
[2023-05-25T06:59:16.991+0000] {standard_task_runner.py:84} INFO - Running: ['***', 'tasks', 'run', 'dag_with_taskflow_api_v02', 'get_age', 'scheduled__2022-11-07T00:00:00+00:00', '--job-id', '1132', '--raw', '--subdir', 'DAGS_FOLDER/first_dag.py', '--cfg-path', '/tmp/tmpol0dq7el']
[2023-05-25T06:59:17.022+0000] {standard_task_runner.py:85} INFO - Job 1132: Subtask get_age
[2023-05-25T06:59:17.297+0000] {task_command.py:410} INFO - Running <TaskInstance: dag_with_taskflow_api_v02.get_age scheduled__2022-11-07T00:00:00+00:00 [running]> on host 6bd07c7477d9
[2023-05-25T06:59:17.903+0000] {taskinstance.py:1547} INFO - Exporting env vars: AIRFLOW_CTX_DAG_OWNER='Sai' AIRFLOW_CTX_DAG_ID='dag_with_taskflow_api_v02' AIRFLOW_CTX_TASK_ID='get_age' AIRFLOW_CTX_EXECUTION_DATE='2022-11-07T00:00:00+00:00' AIRFLOW_CTX_TRY_NUMBER='1' AIRFLOW_CTX_DAG_RUN_ID='scheduled__2022-11-07T00:00:00+00:00'
[2023-05-25T06:59:17.905+0000] {python.py:183} INFO - Done. Returned value was: 19
[2023-05-25T06:59:18.050+0000] {taskinstance.py:1350} INFO - Marking task as SUCCESS. dag_id=dag_with_taskflow_api_v02, task_id=get_age, execution_date=20221107T000000, start_date=20230525T065916, end_date=20230525T065918
[2023-05-25T06:59:18.219+0000] {local_task_job_runner.py:225} INFO - Task exited with return code 0
[2023-05-25T06:59:18.627+0000] {taskinstance.py:2651} INFO - 0 downstream tasks scheduled from follow-on schedule check
[2023-05-25T10:32:57.201+0000] {taskinstance.py:1103} INFO - Dependencies all met for dep_context=non-requeueable deps ti=<TaskInstance: dag_with_taskflow_api_v02.get_age scheduled__2022-11-07T00:00:00+00:00 [queued]>
[2023-05-25T10:32:57.372+0000] {taskinstance.py:1103} INFO - Dependencies all met for dep_context=requeueable deps ti=<TaskInstance: dag_with_taskflow_api_v02.get_age scheduled__2022-11-07T00:00:00+00:00 [queued]>
[2023-05-25T10:32:57.380+0000] {taskinstance.py:1308} INFO - Starting attempt 1 of 6
[2023-05-25T10:32:57.650+0000] {taskinstance.py:1327} INFO - Executing <Task(_PythonDecoratedOperator): get_age> on 2022-11-07 00:00:00+00:00
[2023-05-25T10:32:57.670+0000] {standard_task_runner.py:57} INFO - Started process 3881 to run task
[2023-05-25T10:32:57.695+0000] {standard_task_runner.py:84} INFO - Running: ['***', 'tasks', 'run', 'dag_with_taskflow_api_v02', 'get_age', 'scheduled__2022-11-07T00:00:00+00:00', '--job-id', '1145', '--raw', '--subdir', 'DAGS_FOLDER/first_dag.py', '--cfg-path', '/tmp/tmpzuxnxkks']
[2023-05-25T10:32:57.716+0000] {standard_task_runner.py:85} INFO - Job 1145: Subtask get_age
[2023-05-25T10:32:58.005+0000] {task_command.py:410} INFO - Running <TaskInstance: dag_with_taskflow_api_v02.get_age scheduled__2022-11-07T00:00:00+00:00 [running]> on host b1ae37a9584e
[2023-05-25T10:32:58.871+0000] {taskinstance.py:1547} INFO - Exporting env vars: AIRFLOW_CTX_DAG_OWNER='Sai' AIRFLOW_CTX_DAG_ID='dag_with_taskflow_api_v02' AIRFLOW_CTX_TASK_ID='get_age' AIRFLOW_CTX_EXECUTION_DATE='2022-11-07T00:00:00+00:00' AIRFLOW_CTX_TRY_NUMBER='1' AIRFLOW_CTX_DAG_RUN_ID='scheduled__2022-11-07T00:00:00+00:00'
[2023-05-25T10:32:58.873+0000] {python.py:183} INFO - Done. Returned value was: 19
[2023-05-25T10:32:59.036+0000] {taskinstance.py:1350} INFO - Marking task as SUCCESS. dag_id=dag_with_taskflow_api_v02, task_id=get_age, execution_date=20221107T000000, start_date=20230525T103257, end_date=20230525T103259
[2023-05-25T10:33:00.114+0000] {local_task_job_runner.py:225} INFO - Task exited with return code 0
[2023-05-25T10:33:00.294+0000] {taskinstance.py:2651} INFO - 0 downstream tasks scheduled from follow-on schedule check
