[2023-05-23T10:20:47.782+0000] {taskinstance.py:1103} INFO - Dependencies all met for dep_context=non-requeueable deps ti=<TaskInstance: dag_with_taskflow_api_v02.get_name scheduled__2021-11-25T00:00:00+00:00 [queued]>
[2023-05-23T10:20:48.129+0000] {taskinstance.py:1103} INFO - Dependencies all met for dep_context=requeueable deps ti=<TaskInstance: dag_with_taskflow_api_v02.get_name scheduled__2021-11-25T00:00:00+00:00 [queued]>
[2023-05-23T10:20:48.130+0000] {taskinstance.py:1308} INFO - Starting attempt 1 of 6
[2023-05-23T10:20:49.026+0000] {taskinstance.py:1327} INFO - Executing <Task(_PythonDecoratedOperator): get_name> on 2021-11-25 00:00:00+00:00
[2023-05-23T10:20:49.166+0000] {standard_task_runner.py:57} INFO - Started process 1534 to run task
[2023-05-23T10:20:49.320+0000] {standard_task_runner.py:84} INFO - Running: ['***', 'tasks', 'run', 'dag_with_taskflow_api_v02', 'get_name', 'scheduled__2021-11-25T00:00:00+00:00', '--job-id', '140', '--raw', '--subdir', 'DAGS_FOLDER/first_dag.py', '--cfg-path', '/tmp/tmp4uve4zty']
[2023-05-23T10:20:49.366+0000] {standard_task_runner.py:85} INFO - Job 140: Subtask get_name
[2023-05-23T10:20:50.614+0000] {task_command.py:410} INFO - Running <TaskInstance: dag_with_taskflow_api_v02.get_name scheduled__2021-11-25T00:00:00+00:00 [running]> on host fb58d5a02d2c
[2023-05-23T10:20:53.973+0000] {taskinstance.py:1547} INFO - Exporting env vars: AIRFLOW_CTX_DAG_OWNER='coder2j' AIRFLOW_CTX_DAG_ID='dag_with_taskflow_api_v02' AIRFLOW_CTX_TASK_ID='get_name' AIRFLOW_CTX_EXECUTION_DATE='2021-11-25T00:00:00+00:00' AIRFLOW_CTX_TRY_NUMBER='1' AIRFLOW_CTX_DAG_RUN_ID='scheduled__2021-11-25T00:00:00+00:00'
[2023-05-23T10:20:53.981+0000] {python.py:183} INFO - Done. Returned value was: {'first_name': 'Jerry', 'last_name': 'Fridman'}
[2023-05-23T10:20:54.678+0000] {taskinstance.py:1350} INFO - Marking task as SUCCESS. dag_id=dag_with_taskflow_api_v02, task_id=get_name, execution_date=20211125T000000, start_date=20230523T102047, end_date=20230523T102054
[2023-05-23T10:20:55.138+0000] {local_task_job_runner.py:225} INFO - Task exited with return code 0
[2023-05-23T10:20:56.235+0000] {taskinstance.py:2651} INFO - 0 downstream tasks scheduled from follow-on schedule check
[2023-05-23T10:27:37.041+0000] {taskinstance.py:1103} INFO - Dependencies all met for dep_context=non-requeueable deps ti=<TaskInstance: dag_with_taskflow_api_v02.get_name scheduled__2021-11-25T00:00:00+00:00 [queued]>
[2023-05-23T10:27:37.284+0000] {taskinstance.py:1103} INFO - Dependencies all met for dep_context=requeueable deps ti=<TaskInstance: dag_with_taskflow_api_v02.get_name scheduled__2021-11-25T00:00:00+00:00 [queued]>
[2023-05-23T10:27:37.302+0000] {taskinstance.py:1308} INFO - Starting attempt 1 of 6
[2023-05-23T10:27:37.760+0000] {taskinstance.py:1327} INFO - Executing <Task(_PythonDecoratedOperator): get_name> on 2021-11-25 00:00:00+00:00
[2023-05-23T10:27:37.862+0000] {standard_task_runner.py:57} INFO - Started process 408 to run task
[2023-05-23T10:27:37.962+0000] {standard_task_runner.py:84} INFO - Running: ['***', 'tasks', 'run', 'dag_with_taskflow_api_v02', 'get_name', 'scheduled__2021-11-25T00:00:00+00:00', '--job-id', '92', '--raw', '--subdir', 'DAGS_FOLDER/first_dag.py', '--cfg-path', '/tmp/tmp9pbfb6gu']
[2023-05-23T10:27:37.999+0000] {standard_task_runner.py:85} INFO - Job 92: Subtask get_name
[2023-05-23T10:27:38.661+0000] {task_command.py:410} INFO - Running <TaskInstance: dag_with_taskflow_api_v02.get_name scheduled__2021-11-25T00:00:00+00:00 [running]> on host 8a6612510f4c
[2023-05-23T10:27:39.621+0000] {taskinstance.py:1547} INFO - Exporting env vars: AIRFLOW_CTX_DAG_OWNER='coder2j' AIRFLOW_CTX_DAG_ID='dag_with_taskflow_api_v02' AIRFLOW_CTX_TASK_ID='get_name' AIRFLOW_CTX_EXECUTION_DATE='2021-11-25T00:00:00+00:00' AIRFLOW_CTX_TRY_NUMBER='1' AIRFLOW_CTX_DAG_RUN_ID='scheduled__2021-11-25T00:00:00+00:00'
[2023-05-23T10:27:39.636+0000] {python.py:183} INFO - Done. Returned value was: {'first_name': 'Sai', 'last_name': 'Tr'}
[2023-05-23T10:27:40.321+0000] {taskinstance.py:1350} INFO - Marking task as SUCCESS. dag_id=dag_with_taskflow_api_v02, task_id=get_name, execution_date=20211125T000000, start_date=20230523T102737, end_date=20230523T102740
[2023-05-23T10:27:40.676+0000] {local_task_job_runner.py:225} INFO - Task exited with return code 0
[2023-05-23T10:27:41.022+0000] {taskinstance.py:2651} INFO - 0 downstream tasks scheduled from follow-on schedule check
