[2023-05-24T15:24:36.952+0000] {taskinstance.py:1103} INFO - Dependencies all met for dep_context=non-requeueable deps ti=<TaskInstance: dag_with_taskflow_api_v02.get_name scheduled__2022-08-22T00:00:00+00:00 [queued]>
[2023-05-24T15:24:37.049+0000] {taskinstance.py:1103} INFO - Dependencies all met for dep_context=requeueable deps ti=<TaskInstance: dag_with_taskflow_api_v02.get_name scheduled__2022-08-22T00:00:00+00:00 [queued]>
[2023-05-24T15:24:37.049+0000] {taskinstance.py:1308} INFO - Starting attempt 1 of 6
[2023-05-24T15:24:37.279+0000] {taskinstance.py:1327} INFO - Executing <Task(_PythonDecoratedOperator): get_name> on 2022-08-22 00:00:00+00:00
[2023-05-24T15:24:37.310+0000] {standard_task_runner.py:57} INFO - Started process 2227 to run task
[2023-05-24T15:24:37.337+0000] {standard_task_runner.py:84} INFO - Running: ['***', 'tasks', 'run', 'dag_with_taskflow_api_v02', 'get_name', 'scheduled__2022-08-22T00:00:00+00:00', '--job-id', '905', '--raw', '--subdir', 'DAGS_FOLDER/first_dag.py', '--cfg-path', '/tmp/tmppsc5eta2']
[2023-05-24T15:24:37.350+0000] {standard_task_runner.py:85} INFO - Job 905: Subtask get_name
[2023-05-24T15:24:37.664+0000] {task_command.py:410} INFO - Running <TaskInstance: dag_with_taskflow_api_v02.get_name scheduled__2022-08-22T00:00:00+00:00 [running]> on host 942de29f183d
[2023-05-24T15:24:38.539+0000] {taskinstance.py:1547} INFO - Exporting env vars: AIRFLOW_CTX_DAG_OWNER='Sai' AIRFLOW_CTX_DAG_ID='dag_with_taskflow_api_v02' AIRFLOW_CTX_TASK_ID='get_name' AIRFLOW_CTX_EXECUTION_DATE='2022-08-22T00:00:00+00:00' AIRFLOW_CTX_TRY_NUMBER='1' AIRFLOW_CTX_DAG_RUN_ID='scheduled__2022-08-22T00:00:00+00:00'
[2023-05-24T15:24:38.541+0000] {python.py:183} INFO - Done. Returned value was: {'first_name': 'Sai', 'last_name': 'Tr'}
[2023-05-24T15:24:38.864+0000] {taskinstance.py:1350} INFO - Marking task as SUCCESS. dag_id=dag_with_taskflow_api_v02, task_id=get_name, execution_date=20220822T000000, start_date=20230524T152436, end_date=20230524T152438
[2023-05-24T15:24:39.112+0000] {local_task_job_runner.py:225} INFO - Task exited with return code 0
[2023-05-24T15:24:39.721+0000] {taskinstance.py:2651} INFO - 0 downstream tasks scheduled from follow-on schedule check
[2023-05-25T06:57:12.970+0000] {taskinstance.py:1103} INFO - Dependencies all met for dep_context=non-requeueable deps ti=<TaskInstance: dag_with_taskflow_api_v02.get_name scheduled__2022-08-22T00:00:00+00:00 [queued]>
[2023-05-25T06:57:13.037+0000] {taskinstance.py:1103} INFO - Dependencies all met for dep_context=requeueable deps ti=<TaskInstance: dag_with_taskflow_api_v02.get_name scheduled__2022-08-22T00:00:00+00:00 [queued]>
[2023-05-25T06:57:13.038+0000] {taskinstance.py:1308} INFO - Starting attempt 1 of 6
[2023-05-25T06:57:13.608+0000] {taskinstance.py:1327} INFO - Executing <Task(_PythonDecoratedOperator): get_name> on 2022-08-22 00:00:00+00:00
[2023-05-25T06:57:13.640+0000] {standard_task_runner.py:57} INFO - Started process 3743 to run task
[2023-05-25T06:57:13.677+0000] {standard_task_runner.py:84} INFO - Running: ['***', 'tasks', 'run', 'dag_with_taskflow_api_v02', 'get_name', 'scheduled__2022-08-22T00:00:00+00:00', '--job-id', '904', '--raw', '--subdir', 'DAGS_FOLDER/first_dag.py', '--cfg-path', '/tmp/tmpp8177frw']
[2023-05-25T06:57:13.725+0000] {standard_task_runner.py:85} INFO - Job 904: Subtask get_name
[2023-05-25T06:57:13.973+0000] {task_command.py:410} INFO - Running <TaskInstance: dag_with_taskflow_api_v02.get_name scheduled__2022-08-22T00:00:00+00:00 [running]> on host 6bd07c7477d9
[2023-05-25T06:57:14.687+0000] {taskinstance.py:1547} INFO - Exporting env vars: AIRFLOW_CTX_DAG_OWNER='Sai' AIRFLOW_CTX_DAG_ID='dag_with_taskflow_api_v02' AIRFLOW_CTX_TASK_ID='get_name' AIRFLOW_CTX_EXECUTION_DATE='2022-08-22T00:00:00+00:00' AIRFLOW_CTX_TRY_NUMBER='1' AIRFLOW_CTX_DAG_RUN_ID='scheduled__2022-08-22T00:00:00+00:00'
[2023-05-25T06:57:14.688+0000] {python.py:183} INFO - Done. Returned value was: {'first_name': 'Sai', 'last_name': 'Tr'}
[2023-05-25T06:57:15.062+0000] {taskinstance.py:1350} INFO - Marking task as SUCCESS. dag_id=dag_with_taskflow_api_v02, task_id=get_name, execution_date=20220822T000000, start_date=20230525T065712, end_date=20230525T065715
[2023-05-25T06:57:15.354+0000] {local_task_job_runner.py:225} INFO - Task exited with return code 0
[2023-05-25T06:57:15.552+0000] {taskinstance.py:2651} INFO - 1 downstream tasks scheduled from follow-on schedule check
[2023-05-25T10:30:18.948+0000] {taskinstance.py:1103} INFO - Dependencies all met for dep_context=non-requeueable deps ti=<TaskInstance: dag_with_taskflow_api_v02.get_name scheduled__2022-08-22T00:00:00+00:00 [queued]>
[2023-05-25T10:30:19.220+0000] {taskinstance.py:1103} INFO - Dependencies all met for dep_context=requeueable deps ti=<TaskInstance: dag_with_taskflow_api_v02.get_name scheduled__2022-08-22T00:00:00+00:00 [queued]>
[2023-05-25T10:30:19.221+0000] {taskinstance.py:1308} INFO - Starting attempt 1 of 6
[2023-05-25T10:30:19.373+0000] {taskinstance.py:1327} INFO - Executing <Task(_PythonDecoratedOperator): get_name> on 2022-08-22 00:00:00+00:00
[2023-05-25T10:30:19.408+0000] {standard_task_runner.py:57} INFO - Started process 3353 to run task
[2023-05-25T10:30:19.480+0000] {standard_task_runner.py:84} INFO - Running: ['***', 'tasks', 'run', 'dag_with_taskflow_api_v02', 'get_name', 'scheduled__2022-08-22T00:00:00+00:00', '--job-id', '914', '--raw', '--subdir', 'DAGS_FOLDER/first_dag.py', '--cfg-path', '/tmp/tmps9acmajc']
[2023-05-25T10:30:19.568+0000] {standard_task_runner.py:85} INFO - Job 914: Subtask get_name
[2023-05-25T10:30:20.240+0000] {task_command.py:410} INFO - Running <TaskInstance: dag_with_taskflow_api_v02.get_name scheduled__2022-08-22T00:00:00+00:00 [running]> on host b1ae37a9584e
[2023-05-25T10:30:21.158+0000] {taskinstance.py:1547} INFO - Exporting env vars: AIRFLOW_CTX_DAG_OWNER='Sai' AIRFLOW_CTX_DAG_ID='dag_with_taskflow_api_v02' AIRFLOW_CTX_TASK_ID='get_name' AIRFLOW_CTX_EXECUTION_DATE='2022-08-22T00:00:00+00:00' AIRFLOW_CTX_TRY_NUMBER='1' AIRFLOW_CTX_DAG_RUN_ID='scheduled__2022-08-22T00:00:00+00:00'
[2023-05-25T10:30:21.160+0000] {python.py:183} INFO - Done. Returned value was: {'first_name': 'Sai', 'last_name': 'Tr'}
[2023-05-25T10:30:21.687+0000] {taskinstance.py:1350} INFO - Marking task as SUCCESS. dag_id=dag_with_taskflow_api_v02, task_id=get_name, execution_date=20220822T000000, start_date=20230525T103018, end_date=20230525T103021
[2023-05-25T10:30:21.956+0000] {local_task_job_runner.py:225} INFO - Task exited with return code 0
[2023-05-25T10:30:22.553+0000] {taskinstance.py:2651} INFO - 0 downstream tasks scheduled from follow-on schedule check
