[2023-05-24T15:28:14.064+0000] {taskinstance.py:1103} INFO - Dependencies all met for dep_context=non-requeueable deps ti=<TaskInstance: dag_with_taskflow_api_v02.get_age scheduled__2022-12-30T00:00:00+00:00 [queued]>
[2023-05-24T15:28:14.114+0000] {taskinstance.py:1103} INFO - Dependencies all met for dep_context=requeueable deps ti=<TaskInstance: dag_with_taskflow_api_v02.get_age scheduled__2022-12-30T00:00:00+00:00 [queued]>
[2023-05-24T15:28:14.115+0000] {taskinstance.py:1308} INFO - Starting attempt 1 of 6
[2023-05-24T15:28:14.842+0000] {taskinstance.py:1327} INFO - Executing <Task(_PythonDecoratedOperator): get_age> on 2022-12-30 00:00:00+00:00
[2023-05-24T15:28:14.875+0000] {standard_task_runner.py:57} INFO - Started process 3092 to run task
[2023-05-24T15:28:14.887+0000] {standard_task_runner.py:84} INFO - Running: ['***', 'tasks', 'run', 'dag_with_taskflow_api_v02', 'get_age', 'scheduled__2022-12-30T00:00:00+00:00', '--job-id', '1297', '--raw', '--subdir', 'DAGS_FOLDER/first_dag.py', '--cfg-path', '/tmp/tmp8ygirvpi']
[2023-05-24T15:28:14.898+0000] {standard_task_runner.py:85} INFO - Job 1297: Subtask get_age
[2023-05-24T15:28:15.201+0000] {task_command.py:410} INFO - Running <TaskInstance: dag_with_taskflow_api_v02.get_age scheduled__2022-12-30T00:00:00+00:00 [running]> on host 942de29f183d
[2023-05-24T15:28:15.998+0000] {taskinstance.py:1547} INFO - Exporting env vars: AIRFLOW_CTX_DAG_OWNER='Sai' AIRFLOW_CTX_DAG_ID='dag_with_taskflow_api_v02' AIRFLOW_CTX_TASK_ID='get_age' AIRFLOW_CTX_EXECUTION_DATE='2022-12-30T00:00:00+00:00' AIRFLOW_CTX_TRY_NUMBER='1' AIRFLOW_CTX_DAG_RUN_ID='scheduled__2022-12-30T00:00:00+00:00'
[2023-05-24T15:28:15.999+0000] {python.py:183} INFO - Done. Returned value was: 19
[2023-05-24T15:28:16.155+0000] {taskinstance.py:1350} INFO - Marking task as SUCCESS. dag_id=dag_with_taskflow_api_v02, task_id=get_age, execution_date=20221230T000000, start_date=20230524T152814, end_date=20230524T152816
[2023-05-24T15:28:16.310+0000] {local_task_job_runner.py:225} INFO - Task exited with return code 0
[2023-05-24T15:28:16.579+0000] {taskinstance.py:2651} INFO - 1 downstream tasks scheduled from follow-on schedule check
[2023-05-25T07:00:43.532+0000] {taskinstance.py:1103} INFO - Dependencies all met for dep_context=non-requeueable deps ti=<TaskInstance: dag_with_taskflow_api_v02.get_age scheduled__2022-12-30T00:00:00+00:00 [queued]>
[2023-05-25T07:00:43.638+0000] {taskinstance.py:1103} INFO - Dependencies all met for dep_context=requeueable deps ti=<TaskInstance: dag_with_taskflow_api_v02.get_age scheduled__2022-12-30T00:00:00+00:00 [queued]>
[2023-05-25T07:00:43.639+0000] {taskinstance.py:1308} INFO - Starting attempt 1 of 6
[2023-05-25T07:00:43.700+0000] {taskinstance.py:1327} INFO - Executing <Task(_PythonDecoratedOperator): get_age> on 2022-12-30 00:00:00+00:00
[2023-05-25T07:00:43.720+0000] {standard_task_runner.py:57} INFO - Started process 4595 to run task
[2023-05-25T07:00:43.805+0000] {standard_task_runner.py:84} INFO - Running: ['***', 'tasks', 'run', 'dag_with_taskflow_api_v02', 'get_age', 'scheduled__2022-12-30T00:00:00+00:00', '--job-id', '1293', '--raw', '--subdir', 'DAGS_FOLDER/first_dag.py', '--cfg-path', '/tmp/tmpqrwjkm4k']
[2023-05-25T07:00:43.809+0000] {standard_task_runner.py:85} INFO - Job 1293: Subtask get_age
[2023-05-25T07:00:44.198+0000] {task_command.py:410} INFO - Running <TaskInstance: dag_with_taskflow_api_v02.get_age scheduled__2022-12-30T00:00:00+00:00 [running]> on host 6bd07c7477d9
[2023-05-25T07:00:44.836+0000] {taskinstance.py:1547} INFO - Exporting env vars: AIRFLOW_CTX_DAG_OWNER='Sai' AIRFLOW_CTX_DAG_ID='dag_with_taskflow_api_v02' AIRFLOW_CTX_TASK_ID='get_age' AIRFLOW_CTX_EXECUTION_DATE='2022-12-30T00:00:00+00:00' AIRFLOW_CTX_TRY_NUMBER='1' AIRFLOW_CTX_DAG_RUN_ID='scheduled__2022-12-30T00:00:00+00:00'
[2023-05-25T07:00:44.841+0000] {python.py:183} INFO - Done. Returned value was: 19
[2023-05-25T07:00:44.958+0000] {taskinstance.py:1350} INFO - Marking task as SUCCESS. dag_id=dag_with_taskflow_api_v02, task_id=get_age, execution_date=20221230T000000, start_date=20230525T070043, end_date=20230525T070044
[2023-05-25T07:00:45.129+0000] {local_task_job_runner.py:225} INFO - Task exited with return code 0
[2023-05-25T07:00:45.234+0000] {taskinstance.py:2651} INFO - 0 downstream tasks scheduled from follow-on schedule check
[2023-05-25T10:34:48.279+0000] {taskinstance.py:1103} INFO - Dependencies all met for dep_context=non-requeueable deps ti=<TaskInstance: dag_with_taskflow_api_v02.get_age scheduled__2022-12-30T00:00:00+00:00 [queued]>
[2023-05-25T10:34:48.448+0000] {taskinstance.py:1103} INFO - Dependencies all met for dep_context=requeueable deps ti=<TaskInstance: dag_with_taskflow_api_v02.get_age scheduled__2022-12-30T00:00:00+00:00 [queued]>
[2023-05-25T10:34:48.448+0000] {taskinstance.py:1308} INFO - Starting attempt 1 of 6
[2023-05-25T10:34:48.712+0000] {taskinstance.py:1327} INFO - Executing <Task(_PythonDecoratedOperator): get_age> on 2022-12-30 00:00:00+00:00
[2023-05-25T10:34:48.730+0000] {standard_task_runner.py:57} INFO - Started process 4241 to run task
[2023-05-25T10:34:48.746+0000] {standard_task_runner.py:84} INFO - Running: ['***', 'tasks', 'run', 'dag_with_taskflow_api_v02', 'get_age', 'scheduled__2022-12-30T00:00:00+00:00', '--job-id', '1304', '--raw', '--subdir', 'DAGS_FOLDER/first_dag.py', '--cfg-path', '/tmp/tmpemxggo8a']
[2023-05-25T10:34:48.757+0000] {standard_task_runner.py:85} INFO - Job 1304: Subtask get_age
[2023-05-25T10:34:48.883+0000] {task_command.py:410} INFO - Running <TaskInstance: dag_with_taskflow_api_v02.get_age scheduled__2022-12-30T00:00:00+00:00 [running]> on host b1ae37a9584e
[2023-05-25T10:34:49.880+0000] {taskinstance.py:1547} INFO - Exporting env vars: AIRFLOW_CTX_DAG_OWNER='Sai' AIRFLOW_CTX_DAG_ID='dag_with_taskflow_api_v02' AIRFLOW_CTX_TASK_ID='get_age' AIRFLOW_CTX_EXECUTION_DATE='2022-12-30T00:00:00+00:00' AIRFLOW_CTX_TRY_NUMBER='1' AIRFLOW_CTX_DAG_RUN_ID='scheduled__2022-12-30T00:00:00+00:00'
[2023-05-25T10:34:49.881+0000] {python.py:183} INFO - Done. Returned value was: 19
[2023-05-25T10:34:50.021+0000] {taskinstance.py:1350} INFO - Marking task as SUCCESS. dag_id=dag_with_taskflow_api_v02, task_id=get_age, execution_date=20221230T000000, start_date=20230525T103448, end_date=20230525T103450
[2023-05-25T10:34:50.277+0000] {local_task_job_runner.py:225} INFO - Task exited with return code 0
[2023-05-25T10:34:50.404+0000] {taskinstance.py:2651} INFO - 1 downstream tasks scheduled from follow-on schedule check
