[2023-05-24T15:29:42.851+0000] {taskinstance.py:1103} INFO - Dependencies all met for dep_context=non-requeueable deps ti=<TaskInstance: dag_with_taskflow_api_v02.greet scheduled__2023-02-22T00:00:00+00:00 [queued]>
[2023-05-24T15:29:42.881+0000] {taskinstance.py:1103} INFO - Dependencies all met for dep_context=requeueable deps ti=<TaskInstance: dag_with_taskflow_api_v02.greet scheduled__2023-02-22T00:00:00+00:00 [queued]>
[2023-05-24T15:29:42.881+0000] {taskinstance.py:1308} INFO - Starting attempt 1 of 6
[2023-05-24T15:29:42.945+0000] {taskinstance.py:1327} INFO - Executing <Task(_PythonDecoratedOperator): greet> on 2023-02-22 00:00:00+00:00
[2023-05-24T15:29:42.957+0000] {standard_task_runner.py:57} INFO - Started process 3458 to run task
[2023-05-24T15:29:42.976+0000] {standard_task_runner.py:84} INFO - Running: ['***', 'tasks', 'run', 'dag_with_taskflow_api_v02', 'greet', 'scheduled__2023-02-22T00:00:00+00:00', '--job-id', '1466', '--raw', '--subdir', 'DAGS_FOLDER/first_dag.py', '--cfg-path', '/tmp/tmpfsmbc30t']
[2023-05-24T15:29:42.979+0000] {standard_task_runner.py:85} INFO - Job 1466: Subtask greet
[2023-05-24T15:29:43.112+0000] {task_command.py:410} INFO - Running <TaskInstance: dag_with_taskflow_api_v02.greet scheduled__2023-02-22T00:00:00+00:00 [running]> on host 942de29f183d
[2023-05-24T15:29:43.371+0000] {taskinstance.py:1547} INFO - Exporting env vars: AIRFLOW_CTX_DAG_OWNER='Sai' AIRFLOW_CTX_DAG_ID='dag_with_taskflow_api_v02' AIRFLOW_CTX_TASK_ID='greet' AIRFLOW_CTX_EXECUTION_DATE='2023-02-22T00:00:00+00:00' AIRFLOW_CTX_TRY_NUMBER='1' AIRFLOW_CTX_DAG_RUN_ID='scheduled__2023-02-22T00:00:00+00:00'
[2023-05-24T15:29:43.373+0000] {logging_mixin.py:149} INFO - Hello World! My name is Sai Tr and I am 19 years old!
[2023-05-24T15:29:43.373+0000] {python.py:183} INFO - Done. Returned value was: None
[2023-05-24T15:29:43.400+0000] {taskinstance.py:1350} INFO - Marking task as SUCCESS. dag_id=dag_with_taskflow_api_v02, task_id=greet, execution_date=20230222T000000, start_date=20230524T152942, end_date=20230524T152943
[2023-05-24T15:29:43.440+0000] {local_task_job_runner.py:225} INFO - Task exited with return code 0
[2023-05-24T15:29:43.485+0000] {taskinstance.py:2651} INFO - 0 downstream tasks scheduled from follow-on schedule check
[2023-05-25T07:02:13.580+0000] {taskinstance.py:1103} INFO - Dependencies all met for dep_context=non-requeueable deps ti=<TaskInstance: dag_with_taskflow_api_v02.greet scheduled__2023-02-22T00:00:00+00:00 [queued]>
[2023-05-25T07:02:13.595+0000] {taskinstance.py:1103} INFO - Dependencies all met for dep_context=requeueable deps ti=<TaskInstance: dag_with_taskflow_api_v02.greet scheduled__2023-02-22T00:00:00+00:00 [queued]>
[2023-05-25T07:02:13.595+0000] {taskinstance.py:1308} INFO - Starting attempt 1 of 6
[2023-05-25T07:02:13.615+0000] {taskinstance.py:1327} INFO - Executing <Task(_PythonDecoratedOperator): greet> on 2023-02-22 00:00:00+00:00
[2023-05-25T07:02:13.622+0000] {standard_task_runner.py:57} INFO - Started process 4961 to run task
[2023-05-25T07:02:13.627+0000] {standard_task_runner.py:84} INFO - Running: ['***', 'tasks', 'run', 'dag_with_taskflow_api_v02', 'greet', 'scheduled__2023-02-22T00:00:00+00:00', '--job-id', '1462', '--raw', '--subdir', 'DAGS_FOLDER/first_dag.py', '--cfg-path', '/tmp/tmpv68hle1g']
[2023-05-25T07:02:13.629+0000] {standard_task_runner.py:85} INFO - Job 1462: Subtask greet
[2023-05-25T07:02:13.733+0000] {task_command.py:410} INFO - Running <TaskInstance: dag_with_taskflow_api_v02.greet scheduled__2023-02-22T00:00:00+00:00 [running]> on host 6bd07c7477d9
[2023-05-25T07:02:13.939+0000] {taskinstance.py:1547} INFO - Exporting env vars: AIRFLOW_CTX_DAG_OWNER='Sai' AIRFLOW_CTX_DAG_ID='dag_with_taskflow_api_v02' AIRFLOW_CTX_TASK_ID='greet' AIRFLOW_CTX_EXECUTION_DATE='2023-02-22T00:00:00+00:00' AIRFLOW_CTX_TRY_NUMBER='1' AIRFLOW_CTX_DAG_RUN_ID='scheduled__2023-02-22T00:00:00+00:00'
[2023-05-25T07:02:13.941+0000] {logging_mixin.py:149} INFO - Hello World! My name is Sai Tr and I am 19 years old!
[2023-05-25T07:02:13.942+0000] {python.py:183} INFO - Done. Returned value was: None
[2023-05-25T07:02:13.955+0000] {taskinstance.py:1350} INFO - Marking task as SUCCESS. dag_id=dag_with_taskflow_api_v02, task_id=greet, execution_date=20230222T000000, start_date=20230525T070213, end_date=20230525T070213
[2023-05-25T07:02:14.002+0000] {local_task_job_runner.py:225} INFO - Task exited with return code 0
[2023-05-25T07:02:14.029+0000] {taskinstance.py:2651} INFO - 0 downstream tasks scheduled from follow-on schedule check
[2023-05-25T10:36:43.931+0000] {taskinstance.py:1103} INFO - Dependencies all met for dep_context=non-requeueable deps ti=<TaskInstance: dag_with_taskflow_api_v02.greet scheduled__2023-02-22T00:00:00+00:00 [queued]>
[2023-05-25T10:36:43.973+0000] {taskinstance.py:1103} INFO - Dependencies all met for dep_context=requeueable deps ti=<TaskInstance: dag_with_taskflow_api_v02.greet scheduled__2023-02-22T00:00:00+00:00 [queued]>
[2023-05-25T10:36:43.973+0000] {taskinstance.py:1308} INFO - Starting attempt 1 of 6
[2023-05-25T10:36:44.275+0000] {taskinstance.py:1327} INFO - Executing <Task(_PythonDecoratedOperator): greet> on 2023-02-22 00:00:00+00:00
[2023-05-25T10:36:44.299+0000] {standard_task_runner.py:57} INFO - Started process 4643 to run task
[2023-05-25T10:36:44.335+0000] {standard_task_runner.py:84} INFO - Running: ['***', 'tasks', 'run', 'dag_with_taskflow_api_v02', 'greet', 'scheduled__2023-02-22T00:00:00+00:00', '--job-id', '1485', '--raw', '--subdir', 'DAGS_FOLDER/first_dag.py', '--cfg-path', '/tmp/tmpeeet9kya']
[2023-05-25T10:36:44.339+0000] {standard_task_runner.py:85} INFO - Job 1485: Subtask greet
[2023-05-25T10:36:44.867+0000] {task_command.py:410} INFO - Running <TaskInstance: dag_with_taskflow_api_v02.greet scheduled__2023-02-22T00:00:00+00:00 [running]> on host b1ae37a9584e
[2023-05-25T10:36:45.888+0000] {taskinstance.py:1547} INFO - Exporting env vars: AIRFLOW_CTX_DAG_OWNER='Sai' AIRFLOW_CTX_DAG_ID='dag_with_taskflow_api_v02' AIRFLOW_CTX_TASK_ID='greet' AIRFLOW_CTX_EXECUTION_DATE='2023-02-22T00:00:00+00:00' AIRFLOW_CTX_TRY_NUMBER='1' AIRFLOW_CTX_DAG_RUN_ID='scheduled__2023-02-22T00:00:00+00:00'
[2023-05-25T10:36:45.889+0000] {logging_mixin.py:149} INFO - Hello World! My name is Sai Tr and I am 19 years old!
[2023-05-25T10:36:45.890+0000] {python.py:183} INFO - Done. Returned value was: None
[2023-05-25T10:36:45.967+0000] {taskinstance.py:1350} INFO - Marking task as SUCCESS. dag_id=dag_with_taskflow_api_v02, task_id=greet, execution_date=20230222T000000, start_date=20230525T103643, end_date=20230525T103645
[2023-05-25T10:36:46.141+0000] {local_task_job_runner.py:225} INFO - Task exited with return code 0
[2023-05-25T10:36:47.408+0000] {taskinstance.py:2651} INFO - 0 downstream tasks scheduled from follow-on schedule check
