[2023-05-24T15:25:42.452+0000] {taskinstance.py:1103} INFO - Dependencies all met for dep_context=non-requeueable deps ti=<TaskInstance: dag_with_taskflow_api_v02.greet scheduled__2022-09-29T00:00:00+00:00 [queued]>
[2023-05-24T15:25:42.479+0000] {taskinstance.py:1103} INFO - Dependencies all met for dep_context=requeueable deps ti=<TaskInstance: dag_with_taskflow_api_v02.greet scheduled__2022-09-29T00:00:00+00:00 [queued]>
[2023-05-24T15:25:42.480+0000] {taskinstance.py:1308} INFO - Starting attempt 1 of 6
[2023-05-24T15:25:42.514+0000] {taskinstance.py:1327} INFO - Executing <Task(_PythonDecoratedOperator): greet> on 2022-09-29 00:00:00+00:00
[2023-05-24T15:25:42.522+0000] {standard_task_runner.py:57} INFO - Started process 2484 to run task
[2023-05-24T15:25:42.528+0000] {standard_task_runner.py:84} INFO - Running: ['***', 'tasks', 'run', 'dag_with_taskflow_api_v02', 'greet', 'scheduled__2022-09-29T00:00:00+00:00', '--job-id', '1027', '--raw', '--subdir', 'DAGS_FOLDER/first_dag.py', '--cfg-path', '/tmp/tmptksvnmqk']
[2023-05-24T15:25:42.531+0000] {standard_task_runner.py:85} INFO - Job 1027: Subtask greet
[2023-05-24T15:25:42.615+0000] {task_command.py:410} INFO - Running <TaskInstance: dag_with_taskflow_api_v02.greet scheduled__2022-09-29T00:00:00+00:00 [running]> on host 942de29f183d
[2023-05-24T15:25:42.844+0000] {taskinstance.py:1547} INFO - Exporting env vars: AIRFLOW_CTX_DAG_OWNER='Sai' AIRFLOW_CTX_DAG_ID='dag_with_taskflow_api_v02' AIRFLOW_CTX_TASK_ID='greet' AIRFLOW_CTX_EXECUTION_DATE='2022-09-29T00:00:00+00:00' AIRFLOW_CTX_TRY_NUMBER='1' AIRFLOW_CTX_DAG_RUN_ID='scheduled__2022-09-29T00:00:00+00:00'
[2023-05-24T15:25:42.845+0000] {logging_mixin.py:149} INFO - Hello World! My name is Sai Tr and I am 19 years old!
[2023-05-24T15:25:42.846+0000] {python.py:183} INFO - Done. Returned value was: None
[2023-05-24T15:25:42.864+0000] {taskinstance.py:1350} INFO - Marking task as SUCCESS. dag_id=dag_with_taskflow_api_v02, task_id=greet, execution_date=20220929T000000, start_date=20230524T152542, end_date=20230524T152542
[2023-05-24T15:25:42.906+0000] {local_task_job_runner.py:225} INFO - Task exited with return code 0
[2023-05-24T15:25:42.939+0000] {taskinstance.py:2651} INFO - 0 downstream tasks scheduled from follow-on schedule check
[2023-05-25T06:58:15.308+0000] {taskinstance.py:1103} INFO - Dependencies all met for dep_context=non-requeueable deps ti=<TaskInstance: dag_with_taskflow_api_v02.greet scheduled__2022-09-29T00:00:00+00:00 [queued]>
[2023-05-25T06:58:15.359+0000] {taskinstance.py:1103} INFO - Dependencies all met for dep_context=requeueable deps ti=<TaskInstance: dag_with_taskflow_api_v02.greet scheduled__2022-09-29T00:00:00+00:00 [queued]>
[2023-05-25T06:58:15.360+0000] {taskinstance.py:1308} INFO - Starting attempt 1 of 6
[2023-05-25T06:58:15.436+0000] {taskinstance.py:1327} INFO - Executing <Task(_PythonDecoratedOperator): greet> on 2022-09-29 00:00:00+00:00
[2023-05-25T06:58:15.445+0000] {standard_task_runner.py:57} INFO - Started process 4001 to run task
[2023-05-25T06:58:15.460+0000] {standard_task_runner.py:84} INFO - Running: ['***', 'tasks', 'run', 'dag_with_taskflow_api_v02', 'greet', 'scheduled__2022-09-29T00:00:00+00:00', '--job-id', '1026', '--raw', '--subdir', 'DAGS_FOLDER/first_dag.py', '--cfg-path', '/tmp/tmpjwyprc3x']
[2023-05-25T06:58:15.463+0000] {standard_task_runner.py:85} INFO - Job 1026: Subtask greet
[2023-05-25T06:58:15.567+0000] {task_command.py:410} INFO - Running <TaskInstance: dag_with_taskflow_api_v02.greet scheduled__2022-09-29T00:00:00+00:00 [running]> on host 6bd07c7477d9
[2023-05-25T06:58:15.790+0000] {taskinstance.py:1547} INFO - Exporting env vars: AIRFLOW_CTX_DAG_OWNER='Sai' AIRFLOW_CTX_DAG_ID='dag_with_taskflow_api_v02' AIRFLOW_CTX_TASK_ID='greet' AIRFLOW_CTX_EXECUTION_DATE='2022-09-29T00:00:00+00:00' AIRFLOW_CTX_TRY_NUMBER='1' AIRFLOW_CTX_DAG_RUN_ID='scheduled__2022-09-29T00:00:00+00:00'
[2023-05-25T06:58:15.791+0000] {logging_mixin.py:149} INFO - Hello World! My name is Sai Tr and I am 19 years old!
[2023-05-25T06:58:15.792+0000] {python.py:183} INFO - Done. Returned value was: None
[2023-05-25T06:58:15.805+0000] {taskinstance.py:1350} INFO - Marking task as SUCCESS. dag_id=dag_with_taskflow_api_v02, task_id=greet, execution_date=20220929T000000, start_date=20230525T065815, end_date=20230525T065815
[2023-05-25T06:58:15.838+0000] {local_task_job_runner.py:225} INFO - Task exited with return code 0
[2023-05-25T06:58:15.867+0000] {taskinstance.py:2651} INFO - 0 downstream tasks scheduled from follow-on schedule check
[2023-05-25T10:31:48.997+0000] {taskinstance.py:1103} INFO - Dependencies all met for dep_context=non-requeueable deps ti=<TaskInstance: dag_with_taskflow_api_v02.greet scheduled__2022-09-29T00:00:00+00:00 [queued]>
[2023-05-25T10:31:49.059+0000] {taskinstance.py:1103} INFO - Dependencies all met for dep_context=requeueable deps ti=<TaskInstance: dag_with_taskflow_api_v02.greet scheduled__2022-09-29T00:00:00+00:00 [queued]>
[2023-05-25T10:31:49.059+0000] {taskinstance.py:1308} INFO - Starting attempt 1 of 6
[2023-05-25T10:31:49.156+0000] {taskinstance.py:1327} INFO - Executing <Task(_PythonDecoratedOperator): greet> on 2022-09-29 00:00:00+00:00
[2023-05-25T10:31:49.164+0000] {standard_task_runner.py:57} INFO - Started process 3634 to run task
[2023-05-25T10:31:49.173+0000] {standard_task_runner.py:84} INFO - Running: ['***', 'tasks', 'run', 'dag_with_taskflow_api_v02', 'greet', 'scheduled__2022-09-29T00:00:00+00:00', '--job-id', '1041', '--raw', '--subdir', 'DAGS_FOLDER/first_dag.py', '--cfg-path', '/tmp/tmppgiabnd1']
[2023-05-25T10:31:49.177+0000] {standard_task_runner.py:85} INFO - Job 1041: Subtask greet
[2023-05-25T10:31:49.312+0000] {task_command.py:410} INFO - Running <TaskInstance: dag_with_taskflow_api_v02.greet scheduled__2022-09-29T00:00:00+00:00 [running]> on host b1ae37a9584e
[2023-05-25T10:31:49.729+0000] {taskinstance.py:1547} INFO - Exporting env vars: AIRFLOW_CTX_DAG_OWNER='Sai' AIRFLOW_CTX_DAG_ID='dag_with_taskflow_api_v02' AIRFLOW_CTX_TASK_ID='greet' AIRFLOW_CTX_EXECUTION_DATE='2022-09-29T00:00:00+00:00' AIRFLOW_CTX_TRY_NUMBER='1' AIRFLOW_CTX_DAG_RUN_ID='scheduled__2022-09-29T00:00:00+00:00'
[2023-05-25T10:31:49.730+0000] {logging_mixin.py:149} INFO - Hello World! My name is Sai Tr and I am 19 years old!
[2023-05-25T10:31:49.731+0000] {python.py:183} INFO - Done. Returned value was: None
[2023-05-25T10:31:49.753+0000] {taskinstance.py:1350} INFO - Marking task as SUCCESS. dag_id=dag_with_taskflow_api_v02, task_id=greet, execution_date=20220929T000000, start_date=20230525T103149, end_date=20230525T103149
[2023-05-25T10:31:49.819+0000] {local_task_job_runner.py:225} INFO - Task exited with return code 0
[2023-05-25T10:31:49.861+0000] {taskinstance.py:2651} INFO - 0 downstream tasks scheduled from follow-on schedule check
