[2023-05-24T15:19:01.432+0000] {taskinstance.py:1103} INFO - Dependencies all met for dep_context=non-requeueable deps ti=<TaskInstance: dag_with_taskflow_api_v02.get_name scheduled__2022-02-25T00:00:00+00:00 [queued]>
[2023-05-24T15:19:01.463+0000] {taskinstance.py:1103} INFO - Dependencies all met for dep_context=requeueable deps ti=<TaskInstance: dag_with_taskflow_api_v02.get_name scheduled__2022-02-25T00:00:00+00:00 [queued]>
[2023-05-24T15:19:01.463+0000] {taskinstance.py:1308} INFO - Starting attempt 1 of 6
[2023-05-24T15:19:02.154+0000] {taskinstance.py:1327} INFO - Executing <Task(_PythonDecoratedOperator): get_name> on 2022-02-25 00:00:00+00:00
[2023-05-24T15:19:02.211+0000] {standard_task_runner.py:57} INFO - Started process 1022 to run task
[2023-05-24T15:19:02.241+0000] {standard_task_runner.py:84} INFO - Running: ['***', 'tasks', 'run', 'dag_with_taskflow_api_v02', 'get_name', 'scheduled__2022-02-25T00:00:00+00:00', '--job-id', '368', '--raw', '--subdir', 'DAGS_FOLDER/first_dag.py', '--cfg-path', '/tmp/tmpotqkf6hl']
[2023-05-24T15:19:02.267+0000] {standard_task_runner.py:85} INFO - Job 368: Subtask get_name
[2023-05-24T15:19:02.601+0000] {task_command.py:410} INFO - Running <TaskInstance: dag_with_taskflow_api_v02.get_name scheduled__2022-02-25T00:00:00+00:00 [running]> on host 942de29f183d
[2023-05-24T15:19:03.352+0000] {taskinstance.py:1547} INFO - Exporting env vars: AIRFLOW_CTX_DAG_OWNER='Sai' AIRFLOW_CTX_DAG_ID='dag_with_taskflow_api_v02' AIRFLOW_CTX_TASK_ID='get_name' AIRFLOW_CTX_EXECUTION_DATE='2022-02-25T00:00:00+00:00' AIRFLOW_CTX_TRY_NUMBER='1' AIRFLOW_CTX_DAG_RUN_ID='scheduled__2022-02-25T00:00:00+00:00'
[2023-05-24T15:19:03.353+0000] {python.py:183} INFO - Done. Returned value was: {'first_name': 'Sai', 'last_name': 'Tr'}
[2023-05-24T15:19:03.699+0000] {taskinstance.py:1350} INFO - Marking task as SUCCESS. dag_id=dag_with_taskflow_api_v02, task_id=get_name, execution_date=20220225T000000, start_date=20230524T151901, end_date=20230524T151903
[2023-05-24T15:19:03.926+0000] {local_task_job_runner.py:225} INFO - Task exited with return code 0
[2023-05-24T15:19:04.187+0000] {taskinstance.py:2651} INFO - 1 downstream tasks scheduled from follow-on schedule check
[2023-05-25T06:52:22.101+0000] {taskinstance.py:1103} INFO - Dependencies all met for dep_context=non-requeueable deps ti=<TaskInstance: dag_with_taskflow_api_v02.get_name scheduled__2022-02-25T00:00:00+00:00 [queued]>
[2023-05-25T06:52:22.239+0000] {taskinstance.py:1103} INFO - Dependencies all met for dep_context=requeueable deps ti=<TaskInstance: dag_with_taskflow_api_v02.get_name scheduled__2022-02-25T00:00:00+00:00 [queued]>
[2023-05-25T06:52:22.239+0000] {taskinstance.py:1308} INFO - Starting attempt 1 of 6
[2023-05-25T06:52:22.668+0000] {taskinstance.py:1327} INFO - Executing <Task(_PythonDecoratedOperator): get_name> on 2022-02-25 00:00:00+00:00
[2023-05-25T06:52:22.724+0000] {standard_task_runner.py:84} INFO - Running: ['***', 'tasks', 'run', 'dag_with_taskflow_api_v02', 'get_name', 'scheduled__2022-02-25T00:00:00+00:00', '--job-id', '371', '--raw', '--subdir', 'DAGS_FOLDER/first_dag.py', '--cfg-path', '/tmp/tmp370ye1bf']
[2023-05-25T06:52:22.728+0000] {standard_task_runner.py:85} INFO - Job 371: Subtask get_name
[2023-05-25T06:52:22.739+0000] {standard_task_runner.py:57} INFO - Started process 2559 to run task
[2023-05-25T06:52:23.080+0000] {task_command.py:410} INFO - Running <TaskInstance: dag_with_taskflow_api_v02.get_name scheduled__2022-02-25T00:00:00+00:00 [running]> on host 6bd07c7477d9
[2023-05-25T06:52:23.808+0000] {taskinstance.py:1547} INFO - Exporting env vars: AIRFLOW_CTX_DAG_OWNER='Sai' AIRFLOW_CTX_DAG_ID='dag_with_taskflow_api_v02' AIRFLOW_CTX_TASK_ID='get_name' AIRFLOW_CTX_EXECUTION_DATE='2022-02-25T00:00:00+00:00' AIRFLOW_CTX_TRY_NUMBER='1' AIRFLOW_CTX_DAG_RUN_ID='scheduled__2022-02-25T00:00:00+00:00'
[2023-05-25T06:52:23.809+0000] {python.py:183} INFO - Done. Returned value was: {'first_name': 'Sai', 'last_name': 'Tr'}
[2023-05-25T06:52:23.971+0000] {taskinstance.py:1350} INFO - Marking task as SUCCESS. dag_id=dag_with_taskflow_api_v02, task_id=get_name, execution_date=20220225T000000, start_date=20230525T065222, end_date=20230525T065223
[2023-05-25T06:52:24.041+0000] {local_task_job_runner.py:225} INFO - Task exited with return code 0
[2023-05-25T06:52:24.196+0000] {taskinstance.py:2651} INFO - 1 downstream tasks scheduled from follow-on schedule check
[2023-05-25T10:23:10.263+0000] {taskinstance.py:1103} INFO - Dependencies all met for dep_context=non-requeueable deps ti=<TaskInstance: dag_with_taskflow_api_v02.get_name scheduled__2022-02-25T00:00:00+00:00 [queued]>
[2023-05-25T10:23:10.302+0000] {taskinstance.py:1103} INFO - Dependencies all met for dep_context=requeueable deps ti=<TaskInstance: dag_with_taskflow_api_v02.get_name scheduled__2022-02-25T00:00:00+00:00 [queued]>
[2023-05-25T10:23:10.302+0000] {taskinstance.py:1308} INFO - Starting attempt 1 of 6
[2023-05-25T10:23:10.352+0000] {taskinstance.py:1327} INFO - Executing <Task(_PythonDecoratedOperator): get_name> on 2022-02-25 00:00:00+00:00
[2023-05-25T10:23:10.360+0000] {standard_task_runner.py:57} INFO - Started process 2080 to run task
[2023-05-25T10:23:10.383+0000] {standard_task_runner.py:84} INFO - Running: ['***', 'tasks', 'run', 'dag_with_taskflow_api_v02', 'get_name', 'scheduled__2022-02-25T00:00:00+00:00', '--job-id', '360', '--raw', '--subdir', 'DAGS_FOLDER/first_dag.py', '--cfg-path', '/tmp/tmpo2rv8a8t']
[2023-05-25T10:23:10.407+0000] {standard_task_runner.py:85} INFO - Job 360: Subtask get_name
[2023-05-25T10:23:10.566+0000] {task_command.py:410} INFO - Running <TaskInstance: dag_with_taskflow_api_v02.get_name scheduled__2022-02-25T00:00:00+00:00 [running]> on host b1ae37a9584e
[2023-05-25T10:23:10.998+0000] {taskinstance.py:1547} INFO - Exporting env vars: AIRFLOW_CTX_DAG_OWNER='Sai' AIRFLOW_CTX_DAG_ID='dag_with_taskflow_api_v02' AIRFLOW_CTX_TASK_ID='get_name' AIRFLOW_CTX_EXECUTION_DATE='2022-02-25T00:00:00+00:00' AIRFLOW_CTX_TRY_NUMBER='1' AIRFLOW_CTX_DAG_RUN_ID='scheduled__2022-02-25T00:00:00+00:00'
[2023-05-25T10:23:10.999+0000] {python.py:183} INFO - Done. Returned value was: {'first_name': 'Sai', 'last_name': 'Tr'}
[2023-05-25T10:23:11.175+0000] {taskinstance.py:1350} INFO - Marking task as SUCCESS. dag_id=dag_with_taskflow_api_v02, task_id=get_name, execution_date=20220225T000000, start_date=20230525T102310, end_date=20230525T102311
[2023-05-25T10:23:11.358+0000] {local_task_job_runner.py:225} INFO - Task exited with return code 0
[2023-05-25T10:23:11.636+0000] {taskinstance.py:2651} INFO - 1 downstream tasks scheduled from follow-on schedule check
