[2023-05-24T15:18:52.834+0000] {taskinstance.py:1103} INFO - Dependencies all met for dep_context=non-requeueable deps ti=<TaskInstance: dag_with_taskflow_api_v02.get_name scheduled__2022-02-18T00:00:00+00:00 [queued]>
[2023-05-24T15:18:52.922+0000] {taskinstance.py:1103} INFO - Dependencies all met for dep_context=requeueable deps ti=<TaskInstance: dag_with_taskflow_api_v02.get_name scheduled__2022-02-18T00:00:00+00:00 [queued]>
[2023-05-24T15:18:52.923+0000] {taskinstance.py:1308} INFO - Starting attempt 1 of 6
[2023-05-24T15:18:53.027+0000] {taskinstance.py:1327} INFO - Executing <Task(_PythonDecoratedOperator): get_name> on 2022-02-18 00:00:00+00:00
[2023-05-24T15:18:53.045+0000] {standard_task_runner.py:57} INFO - Started process 973 to run task
[2023-05-24T15:18:53.095+0000] {standard_task_runner.py:84} INFO - Running: ['***', 'tasks', 'run', 'dag_with_taskflow_api_v02', 'get_name', 'scheduled__2022-02-18T00:00:00+00:00', '--job-id', '349', '--raw', '--subdir', 'DAGS_FOLDER/first_dag.py', '--cfg-path', '/tmp/tmp4nma7mt4']
[2023-05-24T15:18:53.115+0000] {standard_task_runner.py:85} INFO - Job 349: Subtask get_name
[2023-05-24T15:18:53.544+0000] {task_command.py:410} INFO - Running <TaskInstance: dag_with_taskflow_api_v02.get_name scheduled__2022-02-18T00:00:00+00:00 [running]> on host 942de29f183d
[2023-05-24T15:18:54.396+0000] {taskinstance.py:1547} INFO - Exporting env vars: AIRFLOW_CTX_DAG_OWNER='Sai' AIRFLOW_CTX_DAG_ID='dag_with_taskflow_api_v02' AIRFLOW_CTX_TASK_ID='get_name' AIRFLOW_CTX_EXECUTION_DATE='2022-02-18T00:00:00+00:00' AIRFLOW_CTX_TRY_NUMBER='1' AIRFLOW_CTX_DAG_RUN_ID='scheduled__2022-02-18T00:00:00+00:00'
[2023-05-24T15:18:54.397+0000] {python.py:183} INFO - Done. Returned value was: {'first_name': 'Sai', 'last_name': 'Tr'}
[2023-05-24T15:18:54.568+0000] {taskinstance.py:1350} INFO - Marking task as SUCCESS. dag_id=dag_with_taskflow_api_v02, task_id=get_name, execution_date=20220218T000000, start_date=20230524T151852, end_date=20230524T151854
[2023-05-24T15:18:54.718+0000] {local_task_job_runner.py:225} INFO - Task exited with return code 0
[2023-05-24T15:18:54.887+0000] {taskinstance.py:2651} INFO - 1 downstream tasks scheduled from follow-on schedule check
[2023-05-25T06:52:05.749+0000] {taskinstance.py:1103} INFO - Dependencies all met for dep_context=non-requeueable deps ti=<TaskInstance: dag_with_taskflow_api_v02.get_name scheduled__2022-02-18T00:00:00+00:00 [queued]>
[2023-05-25T06:52:05.823+0000] {taskinstance.py:1103} INFO - Dependencies all met for dep_context=requeueable deps ti=<TaskInstance: dag_with_taskflow_api_v02.get_name scheduled__2022-02-18T00:00:00+00:00 [queued]>
[2023-05-25T06:52:05.823+0000] {taskinstance.py:1308} INFO - Starting attempt 1 of 6
[2023-05-25T06:52:05.996+0000] {taskinstance.py:1327} INFO - Executing <Task(_PythonDecoratedOperator): get_name> on 2022-02-18 00:00:00+00:00
[2023-05-25T06:52:06.020+0000] {standard_task_runner.py:57} INFO - Started process 2488 to run task
[2023-05-25T06:52:06.036+0000] {standard_task_runner.py:84} INFO - Running: ['***', 'tasks', 'run', 'dag_with_taskflow_api_v02', 'get_name', 'scheduled__2022-02-18T00:00:00+00:00', '--job-id', '344', '--raw', '--subdir', 'DAGS_FOLDER/first_dag.py', '--cfg-path', '/tmp/tmp4y50aix5']
[2023-05-25T06:52:06.044+0000] {standard_task_runner.py:85} INFO - Job 344: Subtask get_name
[2023-05-25T06:52:06.223+0000] {task_command.py:410} INFO - Running <TaskInstance: dag_with_taskflow_api_v02.get_name scheduled__2022-02-18T00:00:00+00:00 [running]> on host 6bd07c7477d9
[2023-05-25T06:52:07.194+0000] {taskinstance.py:1547} INFO - Exporting env vars: AIRFLOW_CTX_DAG_OWNER='Sai' AIRFLOW_CTX_DAG_ID='dag_with_taskflow_api_v02' AIRFLOW_CTX_TASK_ID='get_name' AIRFLOW_CTX_EXECUTION_DATE='2022-02-18T00:00:00+00:00' AIRFLOW_CTX_TRY_NUMBER='1' AIRFLOW_CTX_DAG_RUN_ID='scheduled__2022-02-18T00:00:00+00:00'
[2023-05-25T06:52:07.195+0000] {python.py:183} INFO - Done. Returned value was: {'first_name': 'Sai', 'last_name': 'Tr'}
[2023-05-25T06:52:07.371+0000] {taskinstance.py:1350} INFO - Marking task as SUCCESS. dag_id=dag_with_taskflow_api_v02, task_id=get_name, execution_date=20220218T000000, start_date=20230525T065205, end_date=20230525T065207
[2023-05-25T06:52:07.621+0000] {local_task_job_runner.py:225} INFO - Task exited with return code 0
[2023-05-25T06:52:07.799+0000] {taskinstance.py:2651} INFO - 0 downstream tasks scheduled from follow-on schedule check
[2023-05-25T10:23:01.538+0000] {taskinstance.py:1103} INFO - Dependencies all met for dep_context=non-requeueable deps ti=<TaskInstance: dag_with_taskflow_api_v02.get_name scheduled__2022-02-18T00:00:00+00:00 [queued]>
[2023-05-25T10:23:01.570+0000] {taskinstance.py:1103} INFO - Dependencies all met for dep_context=requeueable deps ti=<TaskInstance: dag_with_taskflow_api_v02.get_name scheduled__2022-02-18T00:00:00+00:00 [queued]>
[2023-05-25T10:23:01.570+0000] {taskinstance.py:1308} INFO - Starting attempt 1 of 6
[2023-05-25T10:23:01.638+0000] {taskinstance.py:1327} INFO - Executing <Task(_PythonDecoratedOperator): get_name> on 2022-02-18 00:00:00+00:00
[2023-05-25T10:23:01.647+0000] {standard_task_runner.py:57} INFO - Started process 2049 to run task
[2023-05-25T10:23:01.662+0000] {standard_task_runner.py:84} INFO - Running: ['***', 'tasks', 'run', 'dag_with_taskflow_api_v02', 'get_name', 'scheduled__2022-02-18T00:00:00+00:00', '--job-id', '343', '--raw', '--subdir', 'DAGS_FOLDER/first_dag.py', '--cfg-path', '/tmp/tmpmb412hsy']
[2023-05-25T10:23:01.667+0000] {standard_task_runner.py:85} INFO - Job 343: Subtask get_name
[2023-05-25T10:23:01.830+0000] {task_command.py:410} INFO - Running <TaskInstance: dag_with_taskflow_api_v02.get_name scheduled__2022-02-18T00:00:00+00:00 [running]> on host b1ae37a9584e
[2023-05-25T10:23:02.240+0000] {taskinstance.py:1547} INFO - Exporting env vars: AIRFLOW_CTX_DAG_OWNER='Sai' AIRFLOW_CTX_DAG_ID='dag_with_taskflow_api_v02' AIRFLOW_CTX_TASK_ID='get_name' AIRFLOW_CTX_EXECUTION_DATE='2022-02-18T00:00:00+00:00' AIRFLOW_CTX_TRY_NUMBER='1' AIRFLOW_CTX_DAG_RUN_ID='scheduled__2022-02-18T00:00:00+00:00'
[2023-05-25T10:23:02.245+0000] {python.py:183} INFO - Done. Returned value was: {'first_name': 'Sai', 'last_name': 'Tr'}
[2023-05-25T10:23:02.748+0000] {taskinstance.py:1350} INFO - Marking task as SUCCESS. dag_id=dag_with_taskflow_api_v02, task_id=get_name, execution_date=20220218T000000, start_date=20230525T102301, end_date=20230525T102302
[2023-05-25T10:23:03.002+0000] {local_task_job_runner.py:225} INFO - Task exited with return code 0
[2023-05-25T10:23:03.531+0000] {taskinstance.py:2651} INFO - 0 downstream tasks scheduled from follow-on schedule check
