[2023-05-24T15:31:59.296+0000] {taskinstance.py:1103} INFO - Dependencies all met for dep_context=non-requeueable deps ti=<TaskInstance: dag_with_taskflow_api_v02.get_age scheduled__2023-05-17T00:00:00+00:00 [queued]>
[2023-05-24T15:31:59.372+0000] {taskinstance.py:1103} INFO - Dependencies all met for dep_context=requeueable deps ti=<TaskInstance: dag_with_taskflow_api_v02.get_age scheduled__2023-05-17T00:00:00+00:00 [queued]>
[2023-05-24T15:31:59.373+0000] {taskinstance.py:1308} INFO - Starting attempt 1 of 6
[2023-05-24T15:31:59.596+0000] {taskinstance.py:1327} INFO - Executing <Task(_PythonDecoratedOperator): get_age> on 2023-05-17 00:00:00+00:00
[2023-05-24T15:31:59.653+0000] {standard_task_runner.py:57} INFO - Started process 4003 to run task
[2023-05-24T15:31:59.685+0000] {standard_task_runner.py:84} INFO - Running: ['***', 'tasks', 'run', 'dag_with_taskflow_api_v02', 'get_age', 'scheduled__2023-05-17T00:00:00+00:00', '--job-id', '1711', '--raw', '--subdir', 'DAGS_FOLDER/first_dag.py', '--cfg-path', '/tmp/tmpagh1m80e']
[2023-05-24T15:31:59.718+0000] {standard_task_runner.py:85} INFO - Job 1711: Subtask get_age
[2023-05-24T15:32:00.180+0000] {task_command.py:410} INFO - Running <TaskInstance: dag_with_taskflow_api_v02.get_age scheduled__2023-05-17T00:00:00+00:00 [running]> on host 942de29f183d
[2023-05-24T15:32:01.008+0000] {taskinstance.py:1547} INFO - Exporting env vars: AIRFLOW_CTX_DAG_OWNER='Sai' AIRFLOW_CTX_DAG_ID='dag_with_taskflow_api_v02' AIRFLOW_CTX_TASK_ID='get_age' AIRFLOW_CTX_EXECUTION_DATE='2023-05-17T00:00:00+00:00' AIRFLOW_CTX_TRY_NUMBER='1' AIRFLOW_CTX_DAG_RUN_ID='scheduled__2023-05-17T00:00:00+00:00'
[2023-05-24T15:32:01.010+0000] {python.py:183} INFO - Done. Returned value was: 19
[2023-05-24T15:32:01.109+0000] {taskinstance.py:1350} INFO - Marking task as SUCCESS. dag_id=dag_with_taskflow_api_v02, task_id=get_age, execution_date=20230517T000000, start_date=20230524T153159, end_date=20230524T153201
[2023-05-24T15:32:01.221+0000] {local_task_job_runner.py:225} INFO - Task exited with return code 0
[2023-05-24T15:32:01.418+0000] {taskinstance.py:2651} INFO - 1 downstream tasks scheduled from follow-on schedule check
[2023-05-25T07:04:28.061+0000] {taskinstance.py:1103} INFO - Dependencies all met for dep_context=non-requeueable deps ti=<TaskInstance: dag_with_taskflow_api_v02.get_age scheduled__2023-05-17T00:00:00+00:00 [queued]>
[2023-05-25T07:04:28.152+0000] {taskinstance.py:1103} INFO - Dependencies all met for dep_context=requeueable deps ti=<TaskInstance: dag_with_taskflow_api_v02.get_age scheduled__2023-05-17T00:00:00+00:00 [queued]>
[2023-05-25T07:04:28.152+0000] {taskinstance.py:1308} INFO - Starting attempt 1 of 6
[2023-05-25T07:04:28.322+0000] {taskinstance.py:1327} INFO - Executing <Task(_PythonDecoratedOperator): get_age> on 2023-05-17 00:00:00+00:00
[2023-05-25T07:04:28.331+0000] {standard_task_runner.py:57} INFO - Started process 5502 to run task
[2023-05-25T07:04:28.353+0000] {standard_task_runner.py:84} INFO - Running: ['***', 'tasks', 'run', 'dag_with_taskflow_api_v02', 'get_age', 'scheduled__2023-05-17T00:00:00+00:00', '--job-id', '1702', '--raw', '--subdir', 'DAGS_FOLDER/first_dag.py', '--cfg-path', '/tmp/tmpb9uc7xbe']
[2023-05-25T07:04:28.366+0000] {standard_task_runner.py:85} INFO - Job 1702: Subtask get_age
[2023-05-25T07:04:28.749+0000] {task_command.py:410} INFO - Running <TaskInstance: dag_with_taskflow_api_v02.get_age scheduled__2023-05-17T00:00:00+00:00 [running]> on host 6bd07c7477d9
[2023-05-25T07:04:29.636+0000] {taskinstance.py:1547} INFO - Exporting env vars: AIRFLOW_CTX_DAG_OWNER='Sai' AIRFLOW_CTX_DAG_ID='dag_with_taskflow_api_v02' AIRFLOW_CTX_TASK_ID='get_age' AIRFLOW_CTX_EXECUTION_DATE='2023-05-17T00:00:00+00:00' AIRFLOW_CTX_TRY_NUMBER='1' AIRFLOW_CTX_DAG_RUN_ID='scheduled__2023-05-17T00:00:00+00:00'
[2023-05-25T07:04:29.637+0000] {python.py:183} INFO - Done. Returned value was: 19
[2023-05-25T07:04:29.788+0000] {taskinstance.py:1350} INFO - Marking task as SUCCESS. dag_id=dag_with_taskflow_api_v02, task_id=get_age, execution_date=20230517T000000, start_date=20230525T070428, end_date=20230525T070429
[2023-05-25T07:04:29.876+0000] {local_task_job_runner.py:225} INFO - Task exited with return code 0
[2023-05-25T07:04:30.088+0000] {taskinstance.py:2651} INFO - 0 downstream tasks scheduled from follow-on schedule check
[2023-05-25T10:39:16.159+0000] {taskinstance.py:1103} INFO - Dependencies all met for dep_context=non-requeueable deps ti=<TaskInstance: dag_with_taskflow_api_v02.get_age scheduled__2023-05-17T00:00:00+00:00 [queued]>
[2023-05-25T10:39:16.346+0000] {taskinstance.py:1103} INFO - Dependencies all met for dep_context=requeueable deps ti=<TaskInstance: dag_with_taskflow_api_v02.get_age scheduled__2023-05-17T00:00:00+00:00 [queued]>
[2023-05-25T10:39:16.347+0000] {taskinstance.py:1308} INFO - Starting attempt 1 of 6
[2023-05-25T10:39:16.523+0000] {taskinstance.py:1327} INFO - Executing <Task(_PythonDecoratedOperator): get_age> on 2023-05-17 00:00:00+00:00
[2023-05-25T10:39:16.538+0000] {standard_task_runner.py:57} INFO - Started process 5176 to run task
[2023-05-25T10:39:16.625+0000] {standard_task_runner.py:84} INFO - Running: ['***', 'tasks', 'run', 'dag_with_taskflow_api_v02', 'get_age', 'scheduled__2023-05-17T00:00:00+00:00', '--job-id', '1722', '--raw', '--subdir', 'DAGS_FOLDER/first_dag.py', '--cfg-path', '/tmp/tmp7hxzj4ui']
[2023-05-25T10:39:16.647+0000] {standard_task_runner.py:85} INFO - Job 1722: Subtask get_age
[2023-05-25T10:39:17.225+0000] {task_command.py:410} INFO - Running <TaskInstance: dag_with_taskflow_api_v02.get_age scheduled__2023-05-17T00:00:00+00:00 [running]> on host b1ae37a9584e
[2023-05-25T10:39:18.523+0000] {taskinstance.py:1547} INFO - Exporting env vars: AIRFLOW_CTX_DAG_OWNER='Sai' AIRFLOW_CTX_DAG_ID='dag_with_taskflow_api_v02' AIRFLOW_CTX_TASK_ID='get_age' AIRFLOW_CTX_EXECUTION_DATE='2023-05-17T00:00:00+00:00' AIRFLOW_CTX_TRY_NUMBER='1' AIRFLOW_CTX_DAG_RUN_ID='scheduled__2023-05-17T00:00:00+00:00'
[2023-05-25T10:39:18.524+0000] {python.py:183} INFO - Done. Returned value was: 19
[2023-05-25T10:39:18.911+0000] {taskinstance.py:1350} INFO - Marking task as SUCCESS. dag_id=dag_with_taskflow_api_v02, task_id=get_age, execution_date=20230517T000000, start_date=20230525T103916, end_date=20230525T103918
[2023-05-25T10:39:19.080+0000] {local_task_job_runner.py:225} INFO - Task exited with return code 0
[2023-05-25T10:39:19.923+0000] {taskinstance.py:2651} INFO - 0 downstream tasks scheduled from follow-on schedule check
