[2023-05-24T15:22:32.108+0000] {taskinstance.py:1103} INFO - Dependencies all met for dep_context=non-requeueable deps ti=<TaskInstance: dag_with_taskflow_api_v02.get_name scheduled__2022-06-13T00:00:00+00:00 [queued]>
[2023-05-24T15:22:32.281+0000] {taskinstance.py:1103} INFO - Dependencies all met for dep_context=requeueable deps ti=<TaskInstance: dag_with_taskflow_api_v02.get_name scheduled__2022-06-13T00:00:00+00:00 [queued]>
[2023-05-24T15:22:32.286+0000] {taskinstance.py:1308} INFO - Starting attempt 1 of 6
[2023-05-24T15:22:33.227+0000] {taskinstance.py:1327} INFO - Executing <Task(_PythonDecoratedOperator): get_name> on 2022-06-13 00:00:00+00:00
[2023-05-24T15:22:33.279+0000] {standard_task_runner.py:57} INFO - Started process 1750 to run task
[2023-05-24T15:22:33.321+0000] {standard_task_runner.py:84} INFO - Running: ['***', 'tasks', 'run', 'dag_with_taskflow_api_v02', 'get_name', 'scheduled__2022-06-13T00:00:00+00:00', '--job-id', '693', '--raw', '--subdir', 'DAGS_FOLDER/first_dag.py', '--cfg-path', '/tmp/tmpattzau9b']
[2023-05-24T15:22:33.342+0000] {standard_task_runner.py:85} INFO - Job 693: Subtask get_name
[2023-05-24T15:22:33.737+0000] {task_command.py:410} INFO - Running <TaskInstance: dag_with_taskflow_api_v02.get_name scheduled__2022-06-13T00:00:00+00:00 [running]> on host 942de29f183d
[2023-05-24T15:22:34.614+0000] {taskinstance.py:1547} INFO - Exporting env vars: AIRFLOW_CTX_DAG_OWNER='Sai' AIRFLOW_CTX_DAG_ID='dag_with_taskflow_api_v02' AIRFLOW_CTX_TASK_ID='get_name' AIRFLOW_CTX_EXECUTION_DATE='2022-06-13T00:00:00+00:00' AIRFLOW_CTX_TRY_NUMBER='1' AIRFLOW_CTX_DAG_RUN_ID='scheduled__2022-06-13T00:00:00+00:00'
[2023-05-24T15:22:34.619+0000] {python.py:183} INFO - Done. Returned value was: {'first_name': 'Sai', 'last_name': 'Tr'}
[2023-05-24T15:22:34.846+0000] {taskinstance.py:1350} INFO - Marking task as SUCCESS. dag_id=dag_with_taskflow_api_v02, task_id=get_name, execution_date=20220613T000000, start_date=20230524T152232, end_date=20230524T152234
[2023-05-24T15:22:35.014+0000] {local_task_job_runner.py:225} INFO - Task exited with return code 0
[2023-05-24T15:22:35.258+0000] {taskinstance.py:2651} INFO - 1 downstream tasks scheduled from follow-on schedule check
[2023-05-25T06:55:11.439+0000] {taskinstance.py:1103} INFO - Dependencies all met for dep_context=non-requeueable deps ti=<TaskInstance: dag_with_taskflow_api_v02.get_name scheduled__2022-06-13T00:00:00+00:00 [queued]>
[2023-05-25T06:55:11.483+0000] {taskinstance.py:1103} INFO - Dependencies all met for dep_context=requeueable deps ti=<TaskInstance: dag_with_taskflow_api_v02.get_name scheduled__2022-06-13T00:00:00+00:00 [queued]>
[2023-05-25T06:55:11.483+0000] {taskinstance.py:1308} INFO - Starting attempt 1 of 6
[2023-05-25T06:55:12.025+0000] {taskinstance.py:1327} INFO - Executing <Task(_PythonDecoratedOperator): get_name> on 2022-06-13 00:00:00+00:00
[2023-05-25T06:55:12.035+0000] {standard_task_runner.py:57} INFO - Started process 3264 to run task
[2023-05-25T06:55:12.057+0000] {standard_task_runner.py:84} INFO - Running: ['***', 'tasks', 'run', 'dag_with_taskflow_api_v02', 'get_name', 'scheduled__2022-06-13T00:00:00+00:00', '--job-id', '689', '--raw', '--subdir', 'DAGS_FOLDER/first_dag.py', '--cfg-path', '/tmp/tmpye6fnxvs']
[2023-05-25T06:55:12.092+0000] {standard_task_runner.py:85} INFO - Job 689: Subtask get_name
[2023-05-25T06:55:12.466+0000] {task_command.py:410} INFO - Running <TaskInstance: dag_with_taskflow_api_v02.get_name scheduled__2022-06-13T00:00:00+00:00 [running]> on host 6bd07c7477d9
[2023-05-25T06:55:13.010+0000] {taskinstance.py:1547} INFO - Exporting env vars: AIRFLOW_CTX_DAG_OWNER='Sai' AIRFLOW_CTX_DAG_ID='dag_with_taskflow_api_v02' AIRFLOW_CTX_TASK_ID='get_name' AIRFLOW_CTX_EXECUTION_DATE='2022-06-13T00:00:00+00:00' AIRFLOW_CTX_TRY_NUMBER='1' AIRFLOW_CTX_DAG_RUN_ID='scheduled__2022-06-13T00:00:00+00:00'
[2023-05-25T06:55:13.012+0000] {python.py:183} INFO - Done. Returned value was: {'first_name': 'Sai', 'last_name': 'Tr'}
[2023-05-25T06:55:13.190+0000] {taskinstance.py:1350} INFO - Marking task as SUCCESS. dag_id=dag_with_taskflow_api_v02, task_id=get_name, execution_date=20220613T000000, start_date=20230525T065511, end_date=20230525T065513
[2023-05-25T06:55:13.263+0000] {local_task_job_runner.py:225} INFO - Task exited with return code 0
[2023-05-25T06:55:13.431+0000] {taskinstance.py:2651} INFO - 1 downstream tasks scheduled from follow-on schedule check
[2023-05-25T10:26:39.643+0000] {taskinstance.py:1103} INFO - Dependencies all met for dep_context=non-requeueable deps ti=<TaskInstance: dag_with_taskflow_api_v02.get_name scheduled__2022-06-13T00:00:00+00:00 [queued]>
[2023-05-25T10:26:39.683+0000] {taskinstance.py:1103} INFO - Dependencies all met for dep_context=requeueable deps ti=<TaskInstance: dag_with_taskflow_api_v02.get_name scheduled__2022-06-13T00:00:00+00:00 [queued]>
[2023-05-25T10:26:39.683+0000] {taskinstance.py:1308} INFO - Starting attempt 1 of 6
[2023-05-25T10:26:39.842+0000] {taskinstance.py:1327} INFO - Executing <Task(_PythonDecoratedOperator): get_name> on 2022-06-13 00:00:00+00:00
[2023-05-25T10:26:39.856+0000] {standard_task_runner.py:57} INFO - Started process 2850 to run task
[2023-05-25T10:26:39.889+0000] {standard_task_runner.py:84} INFO - Running: ['***', 'tasks', 'run', 'dag_with_taskflow_api_v02', 'get_name', 'scheduled__2022-06-13T00:00:00+00:00', '--job-id', '700', '--raw', '--subdir', 'DAGS_FOLDER/first_dag.py', '--cfg-path', '/tmp/tmpgwss8f_9']
[2023-05-25T10:26:39.928+0000] {standard_task_runner.py:85} INFO - Job 700: Subtask get_name
[2023-05-25T10:26:40.249+0000] {task_command.py:410} INFO - Running <TaskInstance: dag_with_taskflow_api_v02.get_name scheduled__2022-06-13T00:00:00+00:00 [running]> on host b1ae37a9584e
[2023-05-25T10:26:40.973+0000] {taskinstance.py:1547} INFO - Exporting env vars: AIRFLOW_CTX_DAG_OWNER='Sai' AIRFLOW_CTX_DAG_ID='dag_with_taskflow_api_v02' AIRFLOW_CTX_TASK_ID='get_name' AIRFLOW_CTX_EXECUTION_DATE='2022-06-13T00:00:00+00:00' AIRFLOW_CTX_TRY_NUMBER='1' AIRFLOW_CTX_DAG_RUN_ID='scheduled__2022-06-13T00:00:00+00:00'
[2023-05-25T10:26:40.978+0000] {python.py:183} INFO - Done. Returned value was: {'first_name': 'Sai', 'last_name': 'Tr'}
[2023-05-25T10:26:41.178+0000] {taskinstance.py:1350} INFO - Marking task as SUCCESS. dag_id=dag_with_taskflow_api_v02, task_id=get_name, execution_date=20220613T000000, start_date=20230525T102639, end_date=20230525T102641
[2023-05-25T10:26:41.281+0000] {local_task_job_runner.py:225} INFO - Task exited with return code 0
[2023-05-25T10:26:41.937+0000] {taskinstance.py:2651} INFO - 0 downstream tasks scheduled from follow-on schedule check
