[2023-05-24T15:28:46.961+0000] {taskinstance.py:1103} INFO - Dependencies all met for dep_context=non-requeueable deps ti=<TaskInstance: dag_with_taskflow_api_v02.get_name scheduled__2023-01-22T00:00:00+00:00 [queued]>
[2023-05-24T15:28:47.050+0000] {taskinstance.py:1103} INFO - Dependencies all met for dep_context=requeueable deps ti=<TaskInstance: dag_with_taskflow_api_v02.get_name scheduled__2023-01-22T00:00:00+00:00 [queued]>
[2023-05-24T15:28:47.051+0000] {taskinstance.py:1308} INFO - Starting attempt 1 of 6
[2023-05-24T15:28:47.206+0000] {taskinstance.py:1327} INFO - Executing <Task(_PythonDecoratedOperator): get_name> on 2023-01-22 00:00:00+00:00
[2023-05-24T15:28:47.223+0000] {standard_task_runner.py:57} INFO - Started process 3231 to run task
[2023-05-24T15:28:47.280+0000] {standard_task_runner.py:84} INFO - Running: ['***', 'tasks', 'run', 'dag_with_taskflow_api_v02', 'get_name', 'scheduled__2023-01-22T00:00:00+00:00', '--job-id', '1360', '--raw', '--subdir', 'DAGS_FOLDER/first_dag.py', '--cfg-path', '/tmp/tmpmgs2miob']
[2023-05-24T15:28:47.315+0000] {standard_task_runner.py:85} INFO - Job 1360: Subtask get_name
[2023-05-24T15:28:47.734+0000] {task_command.py:410} INFO - Running <TaskInstance: dag_with_taskflow_api_v02.get_name scheduled__2023-01-22T00:00:00+00:00 [running]> on host 942de29f183d
[2023-05-24T15:28:48.245+0000] {taskinstance.py:1547} INFO - Exporting env vars: AIRFLOW_CTX_DAG_OWNER='Sai' AIRFLOW_CTX_DAG_ID='dag_with_taskflow_api_v02' AIRFLOW_CTX_TASK_ID='get_name' AIRFLOW_CTX_EXECUTION_DATE='2023-01-22T00:00:00+00:00' AIRFLOW_CTX_TRY_NUMBER='1' AIRFLOW_CTX_DAG_RUN_ID='scheduled__2023-01-22T00:00:00+00:00'
[2023-05-24T15:28:48.246+0000] {python.py:183} INFO - Done. Returned value was: {'first_name': 'Sai', 'last_name': 'Tr'}
[2023-05-24T15:28:48.565+0000] {taskinstance.py:1350} INFO - Marking task as SUCCESS. dag_id=dag_with_taskflow_api_v02, task_id=get_name, execution_date=20230122T000000, start_date=20230524T152846, end_date=20230524T152848
[2023-05-24T15:28:48.693+0000] {local_task_job_runner.py:225} INFO - Task exited with return code 0
[2023-05-24T15:28:48.899+0000] {taskinstance.py:2651} INFO - 0 downstream tasks scheduled from follow-on schedule check
[2023-05-25T07:01:18.795+0000] {taskinstance.py:1103} INFO - Dependencies all met for dep_context=non-requeueable deps ti=<TaskInstance: dag_with_taskflow_api_v02.get_name scheduled__2023-01-22T00:00:00+00:00 [queued]>
[2023-05-25T07:01:18.879+0000] {taskinstance.py:1103} INFO - Dependencies all met for dep_context=requeueable deps ti=<TaskInstance: dag_with_taskflow_api_v02.get_name scheduled__2023-01-22T00:00:00+00:00 [queued]>
[2023-05-25T07:01:18.880+0000] {taskinstance.py:1308} INFO - Starting attempt 1 of 6
[2023-05-25T07:01:18.970+0000] {taskinstance.py:1327} INFO - Executing <Task(_PythonDecoratedOperator): get_name> on 2023-01-22 00:00:00+00:00
[2023-05-25T07:01:19.002+0000] {standard_task_runner.py:57} INFO - Started process 4744 to run task
[2023-05-25T07:01:19.020+0000] {standard_task_runner.py:84} INFO - Running: ['***', 'tasks', 'run', 'dag_with_taskflow_api_v02', 'get_name', 'scheduled__2023-01-22T00:00:00+00:00', '--job-id', '1357', '--raw', '--subdir', 'DAGS_FOLDER/first_dag.py', '--cfg-path', '/tmp/tmpejk7g1fl']
[2023-05-25T07:01:19.036+0000] {standard_task_runner.py:85} INFO - Job 1357: Subtask get_name
[2023-05-25T07:01:19.318+0000] {task_command.py:410} INFO - Running <TaskInstance: dag_with_taskflow_api_v02.get_name scheduled__2023-01-22T00:00:00+00:00 [running]> on host 6bd07c7477d9
[2023-05-25T07:01:20.084+0000] {taskinstance.py:1547} INFO - Exporting env vars: AIRFLOW_CTX_DAG_OWNER='Sai' AIRFLOW_CTX_DAG_ID='dag_with_taskflow_api_v02' AIRFLOW_CTX_TASK_ID='get_name' AIRFLOW_CTX_EXECUTION_DATE='2023-01-22T00:00:00+00:00' AIRFLOW_CTX_TRY_NUMBER='1' AIRFLOW_CTX_DAG_RUN_ID='scheduled__2023-01-22T00:00:00+00:00'
[2023-05-25T07:01:20.085+0000] {python.py:183} INFO - Done. Returned value was: {'first_name': 'Sai', 'last_name': 'Tr'}
[2023-05-25T07:01:20.294+0000] {taskinstance.py:1350} INFO - Marking task as SUCCESS. dag_id=dag_with_taskflow_api_v02, task_id=get_name, execution_date=20230122T000000, start_date=20230525T070118, end_date=20230525T070120
[2023-05-25T07:01:20.451+0000] {local_task_job_runner.py:225} INFO - Task exited with return code 0
[2023-05-25T07:01:20.995+0000] {taskinstance.py:2651} INFO - 0 downstream tasks scheduled from follow-on schedule check
[2023-05-25T10:35:35.944+0000] {taskinstance.py:1103} INFO - Dependencies all met for dep_context=non-requeueable deps ti=<TaskInstance: dag_with_taskflow_api_v02.get_name scheduled__2023-01-22T00:00:00+00:00 [queued]>
[2023-05-25T10:35:36.074+0000] {taskinstance.py:1103} INFO - Dependencies all met for dep_context=requeueable deps ti=<TaskInstance: dag_with_taskflow_api_v02.get_name scheduled__2023-01-22T00:00:00+00:00 [queued]>
[2023-05-25T10:35:36.074+0000] {taskinstance.py:1308} INFO - Starting attempt 1 of 6
[2023-05-25T10:35:36.185+0000] {taskinstance.py:1327} INFO - Executing <Task(_PythonDecoratedOperator): get_name> on 2023-01-22 00:00:00+00:00
[2023-05-25T10:35:36.204+0000] {standard_task_runner.py:57} INFO - Started process 4401 to run task
[2023-05-25T10:35:36.249+0000] {standard_task_runner.py:84} INFO - Running: ['***', 'tasks', 'run', 'dag_with_taskflow_api_v02', 'get_name', 'scheduled__2023-01-22T00:00:00+00:00', '--job-id', '1376', '--raw', '--subdir', 'DAGS_FOLDER/first_dag.py', '--cfg-path', '/tmp/tmpppz7rowo']
[2023-05-25T10:35:36.258+0000] {standard_task_runner.py:85} INFO - Job 1376: Subtask get_name
[2023-05-25T10:35:37.207+0000] {task_command.py:410} INFO - Running <TaskInstance: dag_with_taskflow_api_v02.get_name scheduled__2023-01-22T00:00:00+00:00 [running]> on host b1ae37a9584e
[2023-05-25T10:35:38.918+0000] {taskinstance.py:1547} INFO - Exporting env vars: AIRFLOW_CTX_DAG_OWNER='Sai' AIRFLOW_CTX_DAG_ID='dag_with_taskflow_api_v02' AIRFLOW_CTX_TASK_ID='get_name' AIRFLOW_CTX_EXECUTION_DATE='2023-01-22T00:00:00+00:00' AIRFLOW_CTX_TRY_NUMBER='1' AIRFLOW_CTX_DAG_RUN_ID='scheduled__2023-01-22T00:00:00+00:00'
[2023-05-25T10:35:38.922+0000] {python.py:183} INFO - Done. Returned value was: {'first_name': 'Sai', 'last_name': 'Tr'}
[2023-05-25T10:35:39.318+0000] {taskinstance.py:1350} INFO - Marking task as SUCCESS. dag_id=dag_with_taskflow_api_v02, task_id=get_name, execution_date=20230122T000000, start_date=20230525T103535, end_date=20230525T103539
[2023-05-25T10:35:39.391+0000] {local_task_job_runner.py:225} INFO - Task exited with return code 0
[2023-05-25T10:35:39.856+0000] {taskinstance.py:2651} INFO - 1 downstream tasks scheduled from follow-on schedule check
