[2023-05-24T15:28:25.041+0000] {taskinstance.py:1103} INFO - Dependencies all met for dep_context=non-requeueable deps ti=<TaskInstance: dag_with_taskflow_api_v02.get_name scheduled__2023-01-08T00:00:00+00:00 [queued]>
[2023-05-24T15:28:25.151+0000] {taskinstance.py:1103} INFO - Dependencies all met for dep_context=requeueable deps ti=<TaskInstance: dag_with_taskflow_api_v02.get_name scheduled__2023-01-08T00:00:00+00:00 [queued]>
[2023-05-24T15:28:25.151+0000] {taskinstance.py:1308} INFO - Starting attempt 1 of 6
[2023-05-24T15:28:25.340+0000] {taskinstance.py:1327} INFO - Executing <Task(_PythonDecoratedOperator): get_name> on 2023-01-08 00:00:00+00:00
[2023-05-24T15:28:25.371+0000] {standard_task_runner.py:57} INFO - Started process 3136 to run task
[2023-05-24T15:28:25.400+0000] {standard_task_runner.py:84} INFO - Running: ['***', 'tasks', 'run', 'dag_with_taskflow_api_v02', 'get_name', 'scheduled__2023-01-08T00:00:00+00:00', '--job-id', '1316', '--raw', '--subdir', 'DAGS_FOLDER/first_dag.py', '--cfg-path', '/tmp/tmp2xf2rk2m']
[2023-05-24T15:28:25.445+0000] {standard_task_runner.py:85} INFO - Job 1316: Subtask get_name
[2023-05-24T15:28:25.841+0000] {task_command.py:410} INFO - Running <TaskInstance: dag_with_taskflow_api_v02.get_name scheduled__2023-01-08T00:00:00+00:00 [running]> on host 942de29f183d
[2023-05-24T15:28:26.616+0000] {taskinstance.py:1547} INFO - Exporting env vars: AIRFLOW_CTX_DAG_OWNER='Sai' AIRFLOW_CTX_DAG_ID='dag_with_taskflow_api_v02' AIRFLOW_CTX_TASK_ID='get_name' AIRFLOW_CTX_EXECUTION_DATE='2023-01-08T00:00:00+00:00' AIRFLOW_CTX_TRY_NUMBER='1' AIRFLOW_CTX_DAG_RUN_ID='scheduled__2023-01-08T00:00:00+00:00'
[2023-05-24T15:28:26.617+0000] {python.py:183} INFO - Done. Returned value was: {'first_name': 'Sai', 'last_name': 'Tr'}
[2023-05-24T15:28:26.885+0000] {taskinstance.py:1350} INFO - Marking task as SUCCESS. dag_id=dag_with_taskflow_api_v02, task_id=get_name, execution_date=20230108T000000, start_date=20230524T152825, end_date=20230524T152826
[2023-05-24T15:28:27.061+0000] {local_task_job_runner.py:225} INFO - Task exited with return code 0
[2023-05-24T15:28:27.326+0000] {taskinstance.py:2651} INFO - 1 downstream tasks scheduled from follow-on schedule check
[2023-05-25T07:00:55.492+0000] {taskinstance.py:1103} INFO - Dependencies all met for dep_context=non-requeueable deps ti=<TaskInstance: dag_with_taskflow_api_v02.get_name scheduled__2023-01-08T00:00:00+00:00 [queued]>
[2023-05-25T07:00:55.592+0000] {taskinstance.py:1103} INFO - Dependencies all met for dep_context=requeueable deps ti=<TaskInstance: dag_with_taskflow_api_v02.get_name scheduled__2023-01-08T00:00:00+00:00 [queued]>
[2023-05-25T07:00:55.592+0000] {taskinstance.py:1308} INFO - Starting attempt 1 of 6
[2023-05-25T07:00:55.691+0000] {taskinstance.py:1327} INFO - Executing <Task(_PythonDecoratedOperator): get_name> on 2023-01-08 00:00:00+00:00
[2023-05-25T07:00:55.705+0000] {standard_task_runner.py:57} INFO - Started process 4647 to run task
[2023-05-25T07:00:55.727+0000] {standard_task_runner.py:84} INFO - Running: ['***', 'tasks', 'run', 'dag_with_taskflow_api_v02', 'get_name', 'scheduled__2023-01-08T00:00:00+00:00', '--job-id', '1315', '--raw', '--subdir', 'DAGS_FOLDER/first_dag.py', '--cfg-path', '/tmp/tmpp_v4dwbu']
[2023-05-25T07:00:55.742+0000] {standard_task_runner.py:85} INFO - Job 1315: Subtask get_name
[2023-05-25T07:00:55.960+0000] {task_command.py:410} INFO - Running <TaskInstance: dag_with_taskflow_api_v02.get_name scheduled__2023-01-08T00:00:00+00:00 [running]> on host 6bd07c7477d9
[2023-05-25T07:00:56.604+0000] {taskinstance.py:1547} INFO - Exporting env vars: AIRFLOW_CTX_DAG_OWNER='Sai' AIRFLOW_CTX_DAG_ID='dag_with_taskflow_api_v02' AIRFLOW_CTX_TASK_ID='get_name' AIRFLOW_CTX_EXECUTION_DATE='2023-01-08T00:00:00+00:00' AIRFLOW_CTX_TRY_NUMBER='1' AIRFLOW_CTX_DAG_RUN_ID='scheduled__2023-01-08T00:00:00+00:00'
[2023-05-25T07:00:56.605+0000] {python.py:183} INFO - Done. Returned value was: {'first_name': 'Sai', 'last_name': 'Tr'}
[2023-05-25T07:00:56.759+0000] {taskinstance.py:1350} INFO - Marking task as SUCCESS. dag_id=dag_with_taskflow_api_v02, task_id=get_name, execution_date=20230108T000000, start_date=20230525T070055, end_date=20230525T070056
[2023-05-25T07:00:56.943+0000] {local_task_job_runner.py:225} INFO - Task exited with return code 0
[2023-05-25T07:00:57.859+0000] {taskinstance.py:2651} INFO - 0 downstream tasks scheduled from follow-on schedule check
[2023-05-25T10:35:07.217+0000] {taskinstance.py:1103} INFO - Dependencies all met for dep_context=non-requeueable deps ti=<TaskInstance: dag_with_taskflow_api_v02.get_name scheduled__2023-01-08T00:00:00+00:00 [queued]>
[2023-05-25T10:35:07.349+0000] {taskinstance.py:1103} INFO - Dependencies all met for dep_context=requeueable deps ti=<TaskInstance: dag_with_taskflow_api_v02.get_name scheduled__2023-01-08T00:00:00+00:00 [queued]>
[2023-05-25T10:35:07.350+0000] {taskinstance.py:1308} INFO - Starting attempt 1 of 6
[2023-05-25T10:35:07.786+0000] {taskinstance.py:1327} INFO - Executing <Task(_PythonDecoratedOperator): get_name> on 2023-01-08 00:00:00+00:00
[2023-05-25T10:35:07.829+0000] {standard_task_runner.py:57} INFO - Started process 4303 to run task
[2023-05-25T10:35:07.896+0000] {standard_task_runner.py:84} INFO - Running: ['***', 'tasks', 'run', 'dag_with_taskflow_api_v02', 'get_name', 'scheduled__2023-01-08T00:00:00+00:00', '--job-id', '1332', '--raw', '--subdir', 'DAGS_FOLDER/first_dag.py', '--cfg-path', '/tmp/tmpdsm0wiqo']
[2023-05-25T10:35:07.926+0000] {standard_task_runner.py:85} INFO - Job 1332: Subtask get_name
[2023-05-25T10:35:08.316+0000] {task_command.py:410} INFO - Running <TaskInstance: dag_with_taskflow_api_v02.get_name scheduled__2023-01-08T00:00:00+00:00 [running]> on host b1ae37a9584e
[2023-05-25T10:35:09.367+0000] {taskinstance.py:1547} INFO - Exporting env vars: AIRFLOW_CTX_DAG_OWNER='Sai' AIRFLOW_CTX_DAG_ID='dag_with_taskflow_api_v02' AIRFLOW_CTX_TASK_ID='get_name' AIRFLOW_CTX_EXECUTION_DATE='2023-01-08T00:00:00+00:00' AIRFLOW_CTX_TRY_NUMBER='1' AIRFLOW_CTX_DAG_RUN_ID='scheduled__2023-01-08T00:00:00+00:00'
[2023-05-25T10:35:09.368+0000] {python.py:183} INFO - Done. Returned value was: {'first_name': 'Sai', 'last_name': 'Tr'}
[2023-05-25T10:35:09.610+0000] {taskinstance.py:1350} INFO - Marking task as SUCCESS. dag_id=dag_with_taskflow_api_v02, task_id=get_name, execution_date=20230108T000000, start_date=20230525T103507, end_date=20230525T103509
[2023-05-25T10:35:09.739+0000] {local_task_job_runner.py:225} INFO - Task exited with return code 0
[2023-05-25T10:35:10.074+0000] {taskinstance.py:2651} INFO - 0 downstream tasks scheduled from follow-on schedule check
