[2023-05-24T15:18:30.372+0000] {taskinstance.py:1103} INFO - Dependencies all met for dep_context=non-requeueable deps ti=<TaskInstance: dag_with_taskflow_api_v02.get_name scheduled__2022-02-08T00:00:00+00:00 [queued]>
[2023-05-24T15:18:30.463+0000] {taskinstance.py:1103} INFO - Dependencies all met for dep_context=requeueable deps ti=<TaskInstance: dag_with_taskflow_api_v02.get_name scheduled__2022-02-08T00:00:00+00:00 [queued]>
[2023-05-24T15:18:30.463+0000] {taskinstance.py:1308} INFO - Starting attempt 1 of 6
[2023-05-24T15:18:30.735+0000] {taskinstance.py:1327} INFO - Executing <Task(_PythonDecoratedOperator): get_name> on 2022-02-08 00:00:00+00:00
[2023-05-24T15:18:30.758+0000] {standard_task_runner.py:57} INFO - Started process 905 to run task
[2023-05-24T15:18:30.782+0000] {standard_task_runner.py:84} INFO - Running: ['***', 'tasks', 'run', 'dag_with_taskflow_api_v02', 'get_name', 'scheduled__2022-02-08T00:00:00+00:00', '--job-id', '315', '--raw', '--subdir', 'DAGS_FOLDER/first_dag.py', '--cfg-path', '/tmp/tmpaf_o0kad']
[2023-05-24T15:18:30.807+0000] {standard_task_runner.py:85} INFO - Job 315: Subtask get_name
[2023-05-24T15:18:31.600+0000] {task_command.py:410} INFO - Running <TaskInstance: dag_with_taskflow_api_v02.get_name scheduled__2022-02-08T00:00:00+00:00 [running]> on host 942de29f183d
[2023-05-24T15:18:33.890+0000] {taskinstance.py:1547} INFO - Exporting env vars: AIRFLOW_CTX_DAG_OWNER='Sai' AIRFLOW_CTX_DAG_ID='dag_with_taskflow_api_v02' AIRFLOW_CTX_TASK_ID='get_name' AIRFLOW_CTX_EXECUTION_DATE='2022-02-08T00:00:00+00:00' AIRFLOW_CTX_TRY_NUMBER='1' AIRFLOW_CTX_DAG_RUN_ID='scheduled__2022-02-08T00:00:00+00:00'
[2023-05-24T15:18:33.892+0000] {python.py:183} INFO - Done. Returned value was: {'first_name': 'Sai', 'last_name': 'Tr'}
[2023-05-24T15:18:34.314+0000] {taskinstance.py:1350} INFO - Marking task as SUCCESS. dag_id=dag_with_taskflow_api_v02, task_id=get_name, execution_date=20220208T000000, start_date=20230524T151830, end_date=20230524T151834
[2023-05-24T15:18:34.480+0000] {local_task_job_runner.py:225} INFO - Task exited with return code 0
[2023-05-24T15:18:35.768+0000] {taskinstance.py:2651} INFO - 1 downstream tasks scheduled from follow-on schedule check
[2023-05-25T06:51:53.715+0000] {taskinstance.py:1103} INFO - Dependencies all met for dep_context=non-requeueable deps ti=<TaskInstance: dag_with_taskflow_api_v02.get_name scheduled__2022-02-08T00:00:00+00:00 [queued]>
[2023-05-25T06:51:53.762+0000] {taskinstance.py:1103} INFO - Dependencies all met for dep_context=requeueable deps ti=<TaskInstance: dag_with_taskflow_api_v02.get_name scheduled__2022-02-08T00:00:00+00:00 [queued]>
[2023-05-25T06:51:53.763+0000] {taskinstance.py:1308} INFO - Starting attempt 1 of 6
[2023-05-25T06:51:54.167+0000] {taskinstance.py:1327} INFO - Executing <Task(_PythonDecoratedOperator): get_name> on 2022-02-08 00:00:00+00:00
[2023-05-25T06:51:54.215+0000] {standard_task_runner.py:57} INFO - Started process 2447 to run task
[2023-05-25T06:51:54.237+0000] {standard_task_runner.py:84} INFO - Running: ['***', 'tasks', 'run', 'dag_with_taskflow_api_v02', 'get_name', 'scheduled__2022-02-08T00:00:00+00:00', '--job-id', '319', '--raw', '--subdir', 'DAGS_FOLDER/first_dag.py', '--cfg-path', '/tmp/tmp5akrf3dt']
[2023-05-25T06:51:54.240+0000] {standard_task_runner.py:85} INFO - Job 319: Subtask get_name
[2023-05-25T06:51:54.697+0000] {task_command.py:410} INFO - Running <TaskInstance: dag_with_taskflow_api_v02.get_name scheduled__2022-02-08T00:00:00+00:00 [running]> on host 6bd07c7477d9
[2023-05-25T06:51:56.024+0000] {taskinstance.py:1547} INFO - Exporting env vars: AIRFLOW_CTX_DAG_OWNER='Sai' AIRFLOW_CTX_DAG_ID='dag_with_taskflow_api_v02' AIRFLOW_CTX_TASK_ID='get_name' AIRFLOW_CTX_EXECUTION_DATE='2022-02-08T00:00:00+00:00' AIRFLOW_CTX_TRY_NUMBER='1' AIRFLOW_CTX_DAG_RUN_ID='scheduled__2022-02-08T00:00:00+00:00'
[2023-05-25T06:51:56.037+0000] {python.py:183} INFO - Done. Returned value was: {'first_name': 'Sai', 'last_name': 'Tr'}
[2023-05-25T06:51:56.370+0000] {taskinstance.py:1350} INFO - Marking task as SUCCESS. dag_id=dag_with_taskflow_api_v02, task_id=get_name, execution_date=20220208T000000, start_date=20230525T065153, end_date=20230525T065156
[2023-05-25T06:51:56.475+0000] {local_task_job_runner.py:225} INFO - Task exited with return code 0
[2023-05-25T06:51:56.765+0000] {taskinstance.py:2651} INFO - 0 downstream tasks scheduled from follow-on schedule check
[2023-05-25T10:22:34.712+0000] {taskinstance.py:1103} INFO - Dependencies all met for dep_context=non-requeueable deps ti=<TaskInstance: dag_with_taskflow_api_v02.get_name scheduled__2022-02-08T00:00:00+00:00 [queued]>
[2023-05-25T10:22:34.780+0000] {taskinstance.py:1103} INFO - Dependencies all met for dep_context=requeueable deps ti=<TaskInstance: dag_with_taskflow_api_v02.get_name scheduled__2022-02-08T00:00:00+00:00 [queued]>
[2023-05-25T10:22:34.780+0000] {taskinstance.py:1308} INFO - Starting attempt 1 of 6
[2023-05-25T10:22:34.966+0000] {taskinstance.py:1327} INFO - Executing <Task(_PythonDecoratedOperator): get_name> on 2022-02-08 00:00:00+00:00
[2023-05-25T10:22:34.977+0000] {standard_task_runner.py:57} INFO - Started process 1970 to run task
[2023-05-25T10:22:34.997+0000] {standard_task_runner.py:84} INFO - Running: ['***', 'tasks', 'run', 'dag_with_taskflow_api_v02', 'get_name', 'scheduled__2022-02-08T00:00:00+00:00', '--job-id', '308', '--raw', '--subdir', 'DAGS_FOLDER/first_dag.py', '--cfg-path', '/tmp/tmpk4fb4o2k']
[2023-05-25T10:22:35.014+0000] {standard_task_runner.py:85} INFO - Job 308: Subtask get_name
[2023-05-25T10:22:35.340+0000] {task_command.py:410} INFO - Running <TaskInstance: dag_with_taskflow_api_v02.get_name scheduled__2022-02-08T00:00:00+00:00 [running]> on host b1ae37a9584e
[2023-05-25T10:22:35.987+0000] {taskinstance.py:1547} INFO - Exporting env vars: AIRFLOW_CTX_DAG_OWNER='Sai' AIRFLOW_CTX_DAG_ID='dag_with_taskflow_api_v02' AIRFLOW_CTX_TASK_ID='get_name' AIRFLOW_CTX_EXECUTION_DATE='2022-02-08T00:00:00+00:00' AIRFLOW_CTX_TRY_NUMBER='1' AIRFLOW_CTX_DAG_RUN_ID='scheduled__2022-02-08T00:00:00+00:00'
[2023-05-25T10:22:35.992+0000] {python.py:183} INFO - Done. Returned value was: {'first_name': 'Sai', 'last_name': 'Tr'}
[2023-05-25T10:22:36.122+0000] {taskinstance.py:1350} INFO - Marking task as SUCCESS. dag_id=dag_with_taskflow_api_v02, task_id=get_name, execution_date=20220208T000000, start_date=20230525T102234, end_date=20230525T102236
[2023-05-25T10:22:36.225+0000] {local_task_job_runner.py:225} INFO - Task exited with return code 0
[2023-05-25T10:22:36.410+0000] {taskinstance.py:2651} INFO - 1 downstream tasks scheduled from follow-on schedule check
