[2023-05-24T15:22:55.482+0000] {taskinstance.py:1103} INFO - Dependencies all met for dep_context=non-requeueable deps ti=<TaskInstance: dag_with_taskflow_api_v02.get_age scheduled__2022-06-27T00:00:00+00:00 [queued]>
[2023-05-24T15:22:55.549+0000] {taskinstance.py:1103} INFO - Dependencies all met for dep_context=requeueable deps ti=<TaskInstance: dag_with_taskflow_api_v02.get_age scheduled__2022-06-27T00:00:00+00:00 [queued]>
[2023-05-24T15:22:55.549+0000] {taskinstance.py:1308} INFO - Starting attempt 1 of 6
[2023-05-24T15:22:55.666+0000] {taskinstance.py:1327} INFO - Executing <Task(_PythonDecoratedOperator): get_age> on 2022-06-27 00:00:00+00:00
[2023-05-24T15:22:55.711+0000] {standard_task_runner.py:57} INFO - Started process 1851 to run task
[2023-05-24T15:22:55.772+0000] {standard_task_runner.py:84} INFO - Running: ['***', 'tasks', 'run', 'dag_with_taskflow_api_v02', 'get_age', 'scheduled__2022-06-27T00:00:00+00:00', '--job-id', '739', '--raw', '--subdir', 'DAGS_FOLDER/first_dag.py', '--cfg-path', '/tmp/tmpiw2w7qqx']
[2023-05-24T15:22:55.795+0000] {standard_task_runner.py:85} INFO - Job 739: Subtask get_age
[2023-05-24T15:22:56.225+0000] {task_command.py:410} INFO - Running <TaskInstance: dag_with_taskflow_api_v02.get_age scheduled__2022-06-27T00:00:00+00:00 [running]> on host 942de29f183d
[2023-05-24T15:22:57.323+0000] {taskinstance.py:1547} INFO - Exporting env vars: AIRFLOW_CTX_DAG_OWNER='Sai' AIRFLOW_CTX_DAG_ID='dag_with_taskflow_api_v02' AIRFLOW_CTX_TASK_ID='get_age' AIRFLOW_CTX_EXECUTION_DATE='2022-06-27T00:00:00+00:00' AIRFLOW_CTX_TRY_NUMBER='1' AIRFLOW_CTX_DAG_RUN_ID='scheduled__2022-06-27T00:00:00+00:00'
[2023-05-24T15:22:57.324+0000] {python.py:183} INFO - Done. Returned value was: 19
[2023-05-24T15:22:57.475+0000] {taskinstance.py:1350} INFO - Marking task as SUCCESS. dag_id=dag_with_taskflow_api_v02, task_id=get_age, execution_date=20220627T000000, start_date=20230524T152255, end_date=20230524T152257
[2023-05-24T15:22:57.538+0000] {local_task_job_runner.py:225} INFO - Task exited with return code 0
[2023-05-24T15:22:57.878+0000] {taskinstance.py:2651} INFO - 0 downstream tasks scheduled from follow-on schedule check
[2023-05-25T06:55:33.911+0000] {taskinstance.py:1103} INFO - Dependencies all met for dep_context=non-requeueable deps ti=<TaskInstance: dag_with_taskflow_api_v02.get_age scheduled__2022-06-27T00:00:00+00:00 [queued]>
[2023-05-25T06:55:34.104+0000] {taskinstance.py:1103} INFO - Dependencies all met for dep_context=requeueable deps ti=<TaskInstance: dag_with_taskflow_api_v02.get_age scheduled__2022-06-27T00:00:00+00:00 [queued]>
[2023-05-25T06:55:34.105+0000] {taskinstance.py:1308} INFO - Starting attempt 1 of 6
[2023-05-25T06:55:34.373+0000] {taskinstance.py:1327} INFO - Executing <Task(_PythonDecoratedOperator): get_age> on 2022-06-27 00:00:00+00:00
[2023-05-25T06:55:34.427+0000] {standard_task_runner.py:57} INFO - Started process 3352 to run task
[2023-05-25T06:55:34.510+0000] {standard_task_runner.py:84} INFO - Running: ['***', 'tasks', 'run', 'dag_with_taskflow_api_v02', 'get_age', 'scheduled__2022-06-27T00:00:00+00:00', '--job-id', '730', '--raw', '--subdir', 'DAGS_FOLDER/first_dag.py', '--cfg-path', '/tmp/tmpsm750cn8']
[2023-05-25T06:55:34.524+0000] {standard_task_runner.py:85} INFO - Job 730: Subtask get_age
[2023-05-25T06:55:35.004+0000] {task_command.py:410} INFO - Running <TaskInstance: dag_with_taskflow_api_v02.get_age scheduled__2022-06-27T00:00:00+00:00 [running]> on host 6bd07c7477d9
[2023-05-25T06:55:35.962+0000] {taskinstance.py:1547} INFO - Exporting env vars: AIRFLOW_CTX_DAG_OWNER='Sai' AIRFLOW_CTX_DAG_ID='dag_with_taskflow_api_v02' AIRFLOW_CTX_TASK_ID='get_age' AIRFLOW_CTX_EXECUTION_DATE='2022-06-27T00:00:00+00:00' AIRFLOW_CTX_TRY_NUMBER='1' AIRFLOW_CTX_DAG_RUN_ID='scheduled__2022-06-27T00:00:00+00:00'
[2023-05-25T06:55:35.963+0000] {python.py:183} INFO - Done. Returned value was: 19
[2023-05-25T06:55:36.097+0000] {taskinstance.py:1350} INFO - Marking task as SUCCESS. dag_id=dag_with_taskflow_api_v02, task_id=get_age, execution_date=20220627T000000, start_date=20230525T065533, end_date=20230525T065536
[2023-05-25T06:55:36.198+0000] {local_task_job_runner.py:225} INFO - Task exited with return code 0
[2023-05-25T06:55:36.821+0000] {taskinstance.py:2651} INFO - 0 downstream tasks scheduled from follow-on schedule check
[2023-05-25T10:27:14.678+0000] {taskinstance.py:1103} INFO - Dependencies all met for dep_context=non-requeueable deps ti=<TaskInstance: dag_with_taskflow_api_v02.get_age scheduled__2022-06-27T00:00:00+00:00 [queued]>
[2023-05-25T10:27:14.740+0000] {taskinstance.py:1103} INFO - Dependencies all met for dep_context=requeueable deps ti=<TaskInstance: dag_with_taskflow_api_v02.get_age scheduled__2022-06-27T00:00:00+00:00 [queued]>
[2023-05-25T10:27:14.740+0000] {taskinstance.py:1308} INFO - Starting attempt 1 of 6
[2023-05-25T10:27:14.922+0000] {taskinstance.py:1327} INFO - Executing <Task(_PythonDecoratedOperator): get_age> on 2022-06-27 00:00:00+00:00
[2023-05-25T10:27:14.968+0000] {standard_task_runner.py:57} INFO - Started process 2954 to run task
[2023-05-25T10:27:15.036+0000] {standard_task_runner.py:84} INFO - Running: ['***', 'tasks', 'run', 'dag_with_taskflow_api_v02', 'get_age', 'scheduled__2022-06-27T00:00:00+00:00', '--job-id', '744', '--raw', '--subdir', 'DAGS_FOLDER/first_dag.py', '--cfg-path', '/tmp/tmp1r9fta4m']
[2023-05-25T10:27:15.076+0000] {standard_task_runner.py:85} INFO - Job 744: Subtask get_age
[2023-05-25T10:27:15.540+0000] {task_command.py:410} INFO - Running <TaskInstance: dag_with_taskflow_api_v02.get_age scheduled__2022-06-27T00:00:00+00:00 [running]> on host b1ae37a9584e
[2023-05-25T10:27:16.268+0000] {taskinstance.py:1547} INFO - Exporting env vars: AIRFLOW_CTX_DAG_OWNER='Sai' AIRFLOW_CTX_DAG_ID='dag_with_taskflow_api_v02' AIRFLOW_CTX_TASK_ID='get_age' AIRFLOW_CTX_EXECUTION_DATE='2022-06-27T00:00:00+00:00' AIRFLOW_CTX_TRY_NUMBER='1' AIRFLOW_CTX_DAG_RUN_ID='scheduled__2022-06-27T00:00:00+00:00'
[2023-05-25T10:27:16.276+0000] {python.py:183} INFO - Done. Returned value was: 19
[2023-05-25T10:27:16.562+0000] {taskinstance.py:1350} INFO - Marking task as SUCCESS. dag_id=dag_with_taskflow_api_v02, task_id=get_age, execution_date=20220627T000000, start_date=20230525T102714, end_date=20230525T102716
[2023-05-25T10:27:16.791+0000] {local_task_job_runner.py:225} INFO - Task exited with return code 0
[2023-05-25T10:27:17.157+0000] {taskinstance.py:2651} INFO - 0 downstream tasks scheduled from follow-on schedule check
