[2023-05-24T15:21:58.615+0000] {taskinstance.py:1103} INFO - Dependencies all met for dep_context=non-requeueable deps ti=<TaskInstance: dag_with_taskflow_api_v02.get_age scheduled__2022-05-29T00:00:00+00:00 [queued]>
[2023-05-24T15:21:58.823+0000] {taskinstance.py:1103} INFO - Dependencies all met for dep_context=requeueable deps ti=<TaskInstance: dag_with_taskflow_api_v02.get_age scheduled__2022-05-29T00:00:00+00:00 [queued]>
[2023-05-24T15:21:58.824+0000] {taskinstance.py:1308} INFO - Starting attempt 1 of 6
[2023-05-24T15:21:59.800+0000] {taskinstance.py:1327} INFO - Executing <Task(_PythonDecoratedOperator): get_age> on 2022-05-29 00:00:00+00:00
[2023-05-24T15:21:59.861+0000] {standard_task_runner.py:57} INFO - Started process 1644 to run task
[2023-05-24T15:21:59.927+0000] {standard_task_runner.py:84} INFO - Running: ['***', 'tasks', 'run', 'dag_with_taskflow_api_v02', 'get_age', 'scheduled__2022-05-29T00:00:00+00:00', '--job-id', '648', '--raw', '--subdir', 'DAGS_FOLDER/first_dag.py', '--cfg-path', '/tmp/tmpanrmik2l']
[2023-05-24T15:21:59.930+0000] {standard_task_runner.py:85} INFO - Job 648: Subtask get_age
[2023-05-24T15:22:00.458+0000] {task_command.py:410} INFO - Running <TaskInstance: dag_with_taskflow_api_v02.get_age scheduled__2022-05-29T00:00:00+00:00 [running]> on host 942de29f183d
[2023-05-24T15:22:02.308+0000] {taskinstance.py:1547} INFO - Exporting env vars: AIRFLOW_CTX_DAG_OWNER='Sai' AIRFLOW_CTX_DAG_ID='dag_with_taskflow_api_v02' AIRFLOW_CTX_TASK_ID='get_age' AIRFLOW_CTX_EXECUTION_DATE='2022-05-29T00:00:00+00:00' AIRFLOW_CTX_TRY_NUMBER='1' AIRFLOW_CTX_DAG_RUN_ID='scheduled__2022-05-29T00:00:00+00:00'
[2023-05-24T15:22:02.309+0000] {python.py:183} INFO - Done. Returned value was: 19
[2023-05-24T15:22:02.435+0000] {taskinstance.py:1350} INFO - Marking task as SUCCESS. dag_id=dag_with_taskflow_api_v02, task_id=get_age, execution_date=20220529T000000, start_date=20230524T152158, end_date=20230524T152202
[2023-05-24T15:22:02.975+0000] {local_task_job_runner.py:225} INFO - Task exited with return code 0
[2023-05-24T15:22:03.434+0000] {taskinstance.py:2651} INFO - 0 downstream tasks scheduled from follow-on schedule check
[2023-05-25T06:54:46.131+0000] {taskinstance.py:1103} INFO - Dependencies all met for dep_context=non-requeueable deps ti=<TaskInstance: dag_with_taskflow_api_v02.get_age scheduled__2022-05-29T00:00:00+00:00 [queued]>
[2023-05-25T06:54:46.201+0000] {taskinstance.py:1103} INFO - Dependencies all met for dep_context=requeueable deps ti=<TaskInstance: dag_with_taskflow_api_v02.get_age scheduled__2022-05-29T00:00:00+00:00 [queued]>
[2023-05-25T06:54:46.202+0000] {taskinstance.py:1308} INFO - Starting attempt 1 of 6
[2023-05-25T06:54:46.354+0000] {taskinstance.py:1327} INFO - Executing <Task(_PythonDecoratedOperator): get_age> on 2022-05-29 00:00:00+00:00
[2023-05-25T06:54:46.371+0000] {standard_task_runner.py:57} INFO - Started process 3167 to run task
[2023-05-25T06:54:46.396+0000] {standard_task_runner.py:84} INFO - Running: ['***', 'tasks', 'run', 'dag_with_taskflow_api_v02', 'get_age', 'scheduled__2022-05-29T00:00:00+00:00', '--job-id', '647', '--raw', '--subdir', 'DAGS_FOLDER/first_dag.py', '--cfg-path', '/tmp/tmpa13g5u88']
[2023-05-25T06:54:46.415+0000] {standard_task_runner.py:85} INFO - Job 647: Subtask get_age
[2023-05-25T06:54:46.668+0000] {task_command.py:410} INFO - Running <TaskInstance: dag_with_taskflow_api_v02.get_age scheduled__2022-05-29T00:00:00+00:00 [running]> on host 6bd07c7477d9
[2023-05-25T06:54:47.157+0000] {taskinstance.py:1547} INFO - Exporting env vars: AIRFLOW_CTX_DAG_OWNER='Sai' AIRFLOW_CTX_DAG_ID='dag_with_taskflow_api_v02' AIRFLOW_CTX_TASK_ID='get_age' AIRFLOW_CTX_EXECUTION_DATE='2022-05-29T00:00:00+00:00' AIRFLOW_CTX_TRY_NUMBER='1' AIRFLOW_CTX_DAG_RUN_ID='scheduled__2022-05-29T00:00:00+00:00'
[2023-05-25T06:54:47.158+0000] {python.py:183} INFO - Done. Returned value was: 19
[2023-05-25T06:54:47.280+0000] {taskinstance.py:1350} INFO - Marking task as SUCCESS. dag_id=dag_with_taskflow_api_v02, task_id=get_age, execution_date=20220529T000000, start_date=20230525T065446, end_date=20230525T065447
[2023-05-25T06:54:47.373+0000] {local_task_job_runner.py:225} INFO - Task exited with return code 0
[2023-05-25T06:54:47.511+0000] {taskinstance.py:2651} INFO - 1 downstream tasks scheduled from follow-on schedule check
[2023-05-25T10:26:15.367+0000] {taskinstance.py:1103} INFO - Dependencies all met for dep_context=non-requeueable deps ti=<TaskInstance: dag_with_taskflow_api_v02.get_age scheduled__2022-05-29T00:00:00+00:00 [queued]>
[2023-05-25T10:26:15.428+0000] {taskinstance.py:1103} INFO - Dependencies all met for dep_context=requeueable deps ti=<TaskInstance: dag_with_taskflow_api_v02.get_age scheduled__2022-05-29T00:00:00+00:00 [queued]>
[2023-05-25T10:26:15.428+0000] {taskinstance.py:1308} INFO - Starting attempt 1 of 6
[2023-05-25T10:26:15.540+0000] {taskinstance.py:1327} INFO - Executing <Task(_PythonDecoratedOperator): get_age> on 2022-05-29 00:00:00+00:00
[2023-05-25T10:26:15.546+0000] {standard_task_runner.py:57} INFO - Started process 2761 to run task
[2023-05-25T10:26:15.601+0000] {standard_task_runner.py:84} INFO - Running: ['***', 'tasks', 'run', 'dag_with_taskflow_api_v02', 'get_age', 'scheduled__2022-05-29T00:00:00+00:00', '--job-id', '661', '--raw', '--subdir', 'DAGS_FOLDER/first_dag.py', '--cfg-path', '/tmp/tmpe1q0eg3z']
[2023-05-25T10:26:15.610+0000] {standard_task_runner.py:85} INFO - Job 661: Subtask get_age
[2023-05-25T10:26:15.846+0000] {task_command.py:410} INFO - Running <TaskInstance: dag_with_taskflow_api_v02.get_age scheduled__2022-05-29T00:00:00+00:00 [running]> on host b1ae37a9584e
[2023-05-25T10:26:16.207+0000] {taskinstance.py:1547} INFO - Exporting env vars: AIRFLOW_CTX_DAG_OWNER='Sai' AIRFLOW_CTX_DAG_ID='dag_with_taskflow_api_v02' AIRFLOW_CTX_TASK_ID='get_age' AIRFLOW_CTX_EXECUTION_DATE='2022-05-29T00:00:00+00:00' AIRFLOW_CTX_TRY_NUMBER='1' AIRFLOW_CTX_DAG_RUN_ID='scheduled__2022-05-29T00:00:00+00:00'
[2023-05-25T10:26:16.208+0000] {python.py:183} INFO - Done. Returned value was: 19
[2023-05-25T10:26:16.313+0000] {taskinstance.py:1350} INFO - Marking task as SUCCESS. dag_id=dag_with_taskflow_api_v02, task_id=get_age, execution_date=20220529T000000, start_date=20230525T102615, end_date=20230525T102616
[2023-05-25T10:26:16.525+0000] {local_task_job_runner.py:225} INFO - Task exited with return code 0
[2023-05-25T10:26:16.611+0000] {taskinstance.py:2651} INFO - 1 downstream tasks scheduled from follow-on schedule check
