[2023-05-24T15:30:51.939+0000] {taskinstance.py:1103} INFO - Dependencies all met for dep_context=non-requeueable deps ti=<TaskInstance: dag_with_taskflow_api_v02.get_name scheduled__2023-04-08T00:00:00+00:00 [queued]>
[2023-05-24T15:30:52.070+0000] {taskinstance.py:1103} INFO - Dependencies all met for dep_context=requeueable deps ti=<TaskInstance: dag_with_taskflow_api_v02.get_name scheduled__2023-04-08T00:00:00+00:00 [queued]>
[2023-05-24T15:30:52.071+0000] {taskinstance.py:1308} INFO - Starting attempt 1 of 6
[2023-05-24T15:30:52.235+0000] {taskinstance.py:1327} INFO - Executing <Task(_PythonDecoratedOperator): get_name> on 2023-04-08 00:00:00+00:00
[2023-05-24T15:30:52.280+0000] {standard_task_runner.py:57} INFO - Started process 3737 to run task
[2023-05-24T15:30:52.297+0000] {standard_task_runner.py:84} INFO - Running: ['***', 'tasks', 'run', 'dag_with_taskflow_api_v02', 'get_name', 'scheduled__2023-04-08T00:00:00+00:00', '--job-id', '1589', '--raw', '--subdir', 'DAGS_FOLDER/first_dag.py', '--cfg-path', '/tmp/tmp9qiwkw6m']
[2023-05-24T15:30:52.300+0000] {standard_task_runner.py:85} INFO - Job 1589: Subtask get_name
[2023-05-24T15:30:52.731+0000] {task_command.py:410} INFO - Running <TaskInstance: dag_with_taskflow_api_v02.get_name scheduled__2023-04-08T00:00:00+00:00 [running]> on host 942de29f183d
[2023-05-24T15:30:53.741+0000] {taskinstance.py:1547} INFO - Exporting env vars: AIRFLOW_CTX_DAG_OWNER='Sai' AIRFLOW_CTX_DAG_ID='dag_with_taskflow_api_v02' AIRFLOW_CTX_TASK_ID='get_name' AIRFLOW_CTX_EXECUTION_DATE='2023-04-08T00:00:00+00:00' AIRFLOW_CTX_TRY_NUMBER='1' AIRFLOW_CTX_DAG_RUN_ID='scheduled__2023-04-08T00:00:00+00:00'
[2023-05-24T15:30:53.744+0000] {python.py:183} INFO - Done. Returned value was: {'first_name': 'Sai', 'last_name': 'Tr'}
[2023-05-24T15:30:53.975+0000] {taskinstance.py:1350} INFO - Marking task as SUCCESS. dag_id=dag_with_taskflow_api_v02, task_id=get_name, execution_date=20230408T000000, start_date=20230524T153051, end_date=20230524T153053
[2023-05-24T15:30:54.161+0000] {local_task_job_runner.py:225} INFO - Task exited with return code 0
[2023-05-24T15:30:54.372+0000] {taskinstance.py:2651} INFO - 1 downstream tasks scheduled from follow-on schedule check
[2023-05-25T07:03:21.730+0000] {taskinstance.py:1103} INFO - Dependencies all met for dep_context=non-requeueable deps ti=<TaskInstance: dag_with_taskflow_api_v02.get_name scheduled__2023-04-08T00:00:00+00:00 [queued]>
[2023-05-25T07:03:21.803+0000] {taskinstance.py:1103} INFO - Dependencies all met for dep_context=requeueable deps ti=<TaskInstance: dag_with_taskflow_api_v02.get_name scheduled__2023-04-08T00:00:00+00:00 [queued]>
[2023-05-25T07:03:21.820+0000] {taskinstance.py:1308} INFO - Starting attempt 1 of 6
[2023-05-25T07:03:21.986+0000] {taskinstance.py:1327} INFO - Executing <Task(_PythonDecoratedOperator): get_name> on 2023-04-08 00:00:00+00:00
[2023-05-25T07:03:22.004+0000] {standard_task_runner.py:57} INFO - Started process 5249 to run task
[2023-05-25T07:03:22.036+0000] {standard_task_runner.py:84} INFO - Running: ['***', 'tasks', 'run', 'dag_with_taskflow_api_v02', 'get_name', 'scheduled__2023-04-08T00:00:00+00:00', '--job-id', '1585', '--raw', '--subdir', 'DAGS_FOLDER/first_dag.py', '--cfg-path', '/tmp/tmp85rl1epf']
[2023-05-25T07:03:22.117+0000] {standard_task_runner.py:85} INFO - Job 1585: Subtask get_name
[2023-05-25T07:03:22.408+0000] {task_command.py:410} INFO - Running <TaskInstance: dag_with_taskflow_api_v02.get_name scheduled__2023-04-08T00:00:00+00:00 [running]> on host 6bd07c7477d9
[2023-05-25T07:03:23.066+0000] {taskinstance.py:1547} INFO - Exporting env vars: AIRFLOW_CTX_DAG_OWNER='Sai' AIRFLOW_CTX_DAG_ID='dag_with_taskflow_api_v02' AIRFLOW_CTX_TASK_ID='get_name' AIRFLOW_CTX_EXECUTION_DATE='2023-04-08T00:00:00+00:00' AIRFLOW_CTX_TRY_NUMBER='1' AIRFLOW_CTX_DAG_RUN_ID='scheduled__2023-04-08T00:00:00+00:00'
[2023-05-25T07:03:23.068+0000] {python.py:183} INFO - Done. Returned value was: {'first_name': 'Sai', 'last_name': 'Tr'}
[2023-05-25T07:03:23.251+0000] {taskinstance.py:1350} INFO - Marking task as SUCCESS. dag_id=dag_with_taskflow_api_v02, task_id=get_name, execution_date=20230408T000000, start_date=20230525T070321, end_date=20230525T070323
[2023-05-25T07:03:23.356+0000] {local_task_job_runner.py:225} INFO - Task exited with return code 0
[2023-05-25T07:03:23.583+0000] {taskinstance.py:2651} INFO - 0 downstream tasks scheduled from follow-on schedule check
[2023-05-25T10:37:58.154+0000] {taskinstance.py:1103} INFO - Dependencies all met for dep_context=non-requeueable deps ti=<TaskInstance: dag_with_taskflow_api_v02.get_name scheduled__2023-04-08T00:00:00+00:00 [queued]>
[2023-05-25T10:37:58.450+0000] {taskinstance.py:1103} INFO - Dependencies all met for dep_context=requeueable deps ti=<TaskInstance: dag_with_taskflow_api_v02.get_name scheduled__2023-04-08T00:00:00+00:00 [queued]>
[2023-05-25T10:37:58.450+0000] {taskinstance.py:1308} INFO - Starting attempt 1 of 6
[2023-05-25T10:37:59.413+0000] {taskinstance.py:1327} INFO - Executing <Task(_PythonDecoratedOperator): get_name> on 2023-04-08 00:00:00+00:00
[2023-05-25T10:37:59.440+0000] {standard_task_runner.py:57} INFO - Started process 4915 to run task
[2023-05-25T10:37:59.480+0000] {standard_task_runner.py:84} INFO - Running: ['***', 'tasks', 'run', 'dag_with_taskflow_api_v02', 'get_name', 'scheduled__2023-04-08T00:00:00+00:00', '--job-id', '1603', '--raw', '--subdir', 'DAGS_FOLDER/first_dag.py', '--cfg-path', '/tmp/tmpmsyc7lju']
[2023-05-25T10:37:59.499+0000] {standard_task_runner.py:85} INFO - Job 1603: Subtask get_name
[2023-05-25T10:38:00.016+0000] {task_command.py:410} INFO - Running <TaskInstance: dag_with_taskflow_api_v02.get_name scheduled__2023-04-08T00:00:00+00:00 [running]> on host b1ae37a9584e
[2023-05-25T10:38:01.305+0000] {taskinstance.py:1547} INFO - Exporting env vars: AIRFLOW_CTX_DAG_OWNER='Sai' AIRFLOW_CTX_DAG_ID='dag_with_taskflow_api_v02' AIRFLOW_CTX_TASK_ID='get_name' AIRFLOW_CTX_EXECUTION_DATE='2023-04-08T00:00:00+00:00' AIRFLOW_CTX_TRY_NUMBER='1' AIRFLOW_CTX_DAG_RUN_ID='scheduled__2023-04-08T00:00:00+00:00'
[2023-05-25T10:38:01.306+0000] {python.py:183} INFO - Done. Returned value was: {'first_name': 'Sai', 'last_name': 'Tr'}
[2023-05-25T10:38:01.544+0000] {taskinstance.py:1350} INFO - Marking task as SUCCESS. dag_id=dag_with_taskflow_api_v02, task_id=get_name, execution_date=20230408T000000, start_date=20230525T103758, end_date=20230525T103801
[2023-05-25T10:38:01.790+0000] {local_task_job_runner.py:225} INFO - Task exited with return code 0
[2023-05-25T10:38:02.069+0000] {taskinstance.py:2651} INFO - 1 downstream tasks scheduled from follow-on schedule check
