[2023-05-24T15:22:30.600+0000] {taskinstance.py:1103} INFO - Dependencies all met for dep_context=non-requeueable deps ti=<TaskInstance: dag_with_taskflow_api_v02.get_name scheduled__2022-06-11T00:00:00+00:00 [queued]>
[2023-05-24T15:22:30.720+0000] {taskinstance.py:1103} INFO - Dependencies all met for dep_context=requeueable deps ti=<TaskInstance: dag_with_taskflow_api_v02.get_name scheduled__2022-06-11T00:00:00+00:00 [queued]>
[2023-05-24T15:22:30.720+0000] {taskinstance.py:1308} INFO - Starting attempt 1 of 6
[2023-05-24T15:22:30.989+0000] {taskinstance.py:1327} INFO - Executing <Task(_PythonDecoratedOperator): get_name> on 2022-06-11 00:00:00+00:00
[2023-05-24T15:22:31.047+0000] {standard_task_runner.py:57} INFO - Started process 1742 to run task
[2023-05-24T15:22:31.099+0000] {standard_task_runner.py:84} INFO - Running: ['***', 'tasks', 'run', 'dag_with_taskflow_api_v02', 'get_name', 'scheduled__2022-06-11T00:00:00+00:00', '--job-id', '690', '--raw', '--subdir', 'DAGS_FOLDER/first_dag.py', '--cfg-path', '/tmp/tmp6_xw6qn2']
[2023-05-24T15:22:31.107+0000] {standard_task_runner.py:85} INFO - Job 690: Subtask get_name
[2023-05-24T15:22:31.531+0000] {task_command.py:410} INFO - Running <TaskInstance: dag_with_taskflow_api_v02.get_name scheduled__2022-06-11T00:00:00+00:00 [running]> on host 942de29f183d
[2023-05-24T15:22:32.718+0000] {taskinstance.py:1547} INFO - Exporting env vars: AIRFLOW_CTX_DAG_OWNER='Sai' AIRFLOW_CTX_DAG_ID='dag_with_taskflow_api_v02' AIRFLOW_CTX_TASK_ID='get_name' AIRFLOW_CTX_EXECUTION_DATE='2022-06-11T00:00:00+00:00' AIRFLOW_CTX_TRY_NUMBER='1' AIRFLOW_CTX_DAG_RUN_ID='scheduled__2022-06-11T00:00:00+00:00'
[2023-05-24T15:22:32.720+0000] {python.py:183} INFO - Done. Returned value was: {'first_name': 'Sai', 'last_name': 'Tr'}
[2023-05-24T15:22:32.961+0000] {taskinstance.py:1350} INFO - Marking task as SUCCESS. dag_id=dag_with_taskflow_api_v02, task_id=get_name, execution_date=20220611T000000, start_date=20230524T152230, end_date=20230524T152232
[2023-05-24T15:22:33.111+0000] {local_task_job_runner.py:225} INFO - Task exited with return code 0
[2023-05-24T15:22:33.369+0000] {taskinstance.py:2651} INFO - 0 downstream tasks scheduled from follow-on schedule check
[2023-05-25T06:55:07.226+0000] {taskinstance.py:1103} INFO - Dependencies all met for dep_context=non-requeueable deps ti=<TaskInstance: dag_with_taskflow_api_v02.get_name scheduled__2022-06-11T00:00:00+00:00 [queued]>
[2023-05-25T06:55:07.293+0000] {taskinstance.py:1103} INFO - Dependencies all met for dep_context=requeueable deps ti=<TaskInstance: dag_with_taskflow_api_v02.get_name scheduled__2022-06-11T00:00:00+00:00 [queued]>
[2023-05-25T06:55:07.294+0000] {taskinstance.py:1308} INFO - Starting attempt 1 of 6
[2023-05-25T06:55:07.435+0000] {taskinstance.py:1327} INFO - Executing <Task(_PythonDecoratedOperator): get_name> on 2022-06-11 00:00:00+00:00
[2023-05-25T06:55:07.446+0000] {standard_task_runner.py:57} INFO - Started process 3237 to run task
[2023-05-25T06:55:07.490+0000] {standard_task_runner.py:84} INFO - Running: ['***', 'tasks', 'run', 'dag_with_taskflow_api_v02', 'get_name', 'scheduled__2022-06-11T00:00:00+00:00', '--job-id', '681', '--raw', '--subdir', 'DAGS_FOLDER/first_dag.py', '--cfg-path', '/tmp/tmp0dx0f4v3']
[2023-05-25T06:55:07.502+0000] {standard_task_runner.py:85} INFO - Job 681: Subtask get_name
[2023-05-25T06:55:07.866+0000] {task_command.py:410} INFO - Running <TaskInstance: dag_with_taskflow_api_v02.get_name scheduled__2022-06-11T00:00:00+00:00 [running]> on host 6bd07c7477d9
[2023-05-25T06:55:08.835+0000] {taskinstance.py:1547} INFO - Exporting env vars: AIRFLOW_CTX_DAG_OWNER='Sai' AIRFLOW_CTX_DAG_ID='dag_with_taskflow_api_v02' AIRFLOW_CTX_TASK_ID='get_name' AIRFLOW_CTX_EXECUTION_DATE='2022-06-11T00:00:00+00:00' AIRFLOW_CTX_TRY_NUMBER='1' AIRFLOW_CTX_DAG_RUN_ID='scheduled__2022-06-11T00:00:00+00:00'
[2023-05-25T06:55:08.836+0000] {python.py:183} INFO - Done. Returned value was: {'first_name': 'Sai', 'last_name': 'Tr'}
[2023-05-25T06:55:09.110+0000] {taskinstance.py:1350} INFO - Marking task as SUCCESS. dag_id=dag_with_taskflow_api_v02, task_id=get_name, execution_date=20220611T000000, start_date=20230525T065507, end_date=20230525T065509
[2023-05-25T06:55:09.592+0000] {local_task_job_runner.py:225} INFO - Task exited with return code 0
[2023-05-25T06:55:09.825+0000] {taskinstance.py:2651} INFO - 0 downstream tasks scheduled from follow-on schedule check
[2023-05-25T10:26:37.599+0000] {taskinstance.py:1103} INFO - Dependencies all met for dep_context=non-requeueable deps ti=<TaskInstance: dag_with_taskflow_api_v02.get_name scheduled__2022-06-11T00:00:00+00:00 [queued]>
[2023-05-25T10:26:37.666+0000] {taskinstance.py:1103} INFO - Dependencies all met for dep_context=requeueable deps ti=<TaskInstance: dag_with_taskflow_api_v02.get_name scheduled__2022-06-11T00:00:00+00:00 [queued]>
[2023-05-25T10:26:37.666+0000] {taskinstance.py:1308} INFO - Starting attempt 1 of 6
[2023-05-25T10:26:37.899+0000] {taskinstance.py:1327} INFO - Executing <Task(_PythonDecoratedOperator): get_name> on 2022-06-11 00:00:00+00:00
[2023-05-25T10:26:37.944+0000] {standard_task_runner.py:57} INFO - Started process 2841 to run task
[2023-05-25T10:26:38.002+0000] {standard_task_runner.py:84} INFO - Running: ['***', 'tasks', 'run', 'dag_with_taskflow_api_v02', 'get_name', 'scheduled__2022-06-11T00:00:00+00:00', '--job-id', '693', '--raw', '--subdir', 'DAGS_FOLDER/first_dag.py', '--cfg-path', '/tmp/tmppxm217la']
[2023-05-25T10:26:38.047+0000] {standard_task_runner.py:85} INFO - Job 693: Subtask get_name
[2023-05-25T10:26:38.336+0000] {task_command.py:410} INFO - Running <TaskInstance: dag_with_taskflow_api_v02.get_name scheduled__2022-06-11T00:00:00+00:00 [running]> on host b1ae37a9584e
[2023-05-25T10:26:38.982+0000] {taskinstance.py:1547} INFO - Exporting env vars: AIRFLOW_CTX_DAG_OWNER='Sai' AIRFLOW_CTX_DAG_ID='dag_with_taskflow_api_v02' AIRFLOW_CTX_TASK_ID='get_name' AIRFLOW_CTX_EXECUTION_DATE='2022-06-11T00:00:00+00:00' AIRFLOW_CTX_TRY_NUMBER='1' AIRFLOW_CTX_DAG_RUN_ID='scheduled__2022-06-11T00:00:00+00:00'
[2023-05-25T10:26:38.984+0000] {python.py:183} INFO - Done. Returned value was: {'first_name': 'Sai', 'last_name': 'Tr'}
[2023-05-25T10:26:39.208+0000] {taskinstance.py:1350} INFO - Marking task as SUCCESS. dag_id=dag_with_taskflow_api_v02, task_id=get_name, execution_date=20220611T000000, start_date=20230525T102637, end_date=20230525T102639
[2023-05-25T10:26:39.376+0000] {local_task_job_runner.py:225} INFO - Task exited with return code 0
[2023-05-25T10:26:39.630+0000] {taskinstance.py:2651} INFO - 0 downstream tasks scheduled from follow-on schedule check
