[2023-05-24T15:23:18.737+0000] {taskinstance.py:1103} INFO - Dependencies all met for dep_context=non-requeueable deps ti=<TaskInstance: dag_with_taskflow_api_v02.greet scheduled__2022-07-05T00:00:00+00:00 [queued]>
[2023-05-24T15:23:18.793+0000] {taskinstance.py:1103} INFO - Dependencies all met for dep_context=requeueable deps ti=<TaskInstance: dag_with_taskflow_api_v02.greet scheduled__2022-07-05T00:00:00+00:00 [queued]>
[2023-05-24T15:23:18.794+0000] {taskinstance.py:1308} INFO - Starting attempt 1 of 6
[2023-05-24T15:23:18.913+0000] {taskinstance.py:1327} INFO - Executing <Task(_PythonDecoratedOperator): greet> on 2022-07-05 00:00:00+00:00
[2023-05-24T15:23:18.932+0000] {standard_task_runner.py:57} INFO - Started process 1926 to run task
[2023-05-24T15:23:18.946+0000] {standard_task_runner.py:84} INFO - Running: ['***', 'tasks', 'run', 'dag_with_taskflow_api_v02', 'greet', 'scheduled__2022-07-05T00:00:00+00:00', '--job-id', '774', '--raw', '--subdir', 'DAGS_FOLDER/first_dag.py', '--cfg-path', '/tmp/tmp9lkppj6i']
[2023-05-24T15:23:18.951+0000] {standard_task_runner.py:85} INFO - Job 774: Subtask greet
[2023-05-24T15:23:19.112+0000] {task_command.py:410} INFO - Running <TaskInstance: dag_with_taskflow_api_v02.greet scheduled__2022-07-05T00:00:00+00:00 [running]> on host 942de29f183d
[2023-05-24T15:23:19.640+0000] {taskinstance.py:1547} INFO - Exporting env vars: AIRFLOW_CTX_DAG_OWNER='Sai' AIRFLOW_CTX_DAG_ID='dag_with_taskflow_api_v02' AIRFLOW_CTX_TASK_ID='greet' AIRFLOW_CTX_EXECUTION_DATE='2022-07-05T00:00:00+00:00' AIRFLOW_CTX_TRY_NUMBER='1' AIRFLOW_CTX_DAG_RUN_ID='scheduled__2022-07-05T00:00:00+00:00'
[2023-05-24T15:23:19.641+0000] {logging_mixin.py:149} INFO - Hello World! My name is Sai Tr and I am 19 years old!
[2023-05-24T15:23:19.642+0000] {python.py:183} INFO - Done. Returned value was: None
[2023-05-24T15:23:19.679+0000] {taskinstance.py:1350} INFO - Marking task as SUCCESS. dag_id=dag_with_taskflow_api_v02, task_id=greet, execution_date=20220705T000000, start_date=20230524T152318, end_date=20230524T152319
[2023-05-24T15:23:19.755+0000] {local_task_job_runner.py:225} INFO - Task exited with return code 0
[2023-05-24T15:23:19.817+0000] {taskinstance.py:2651} INFO - 0 downstream tasks scheduled from follow-on schedule check
[2023-05-25T06:55:59.013+0000] {taskinstance.py:1103} INFO - Dependencies all met for dep_context=non-requeueable deps ti=<TaskInstance: dag_with_taskflow_api_v02.greet scheduled__2022-07-05T00:00:00+00:00 [queued]>
[2023-05-25T06:55:59.111+0000] {taskinstance.py:1103} INFO - Dependencies all met for dep_context=requeueable deps ti=<TaskInstance: dag_with_taskflow_api_v02.greet scheduled__2022-07-05T00:00:00+00:00 [queued]>
[2023-05-25T06:55:59.111+0000] {taskinstance.py:1308} INFO - Starting attempt 1 of 6
[2023-05-25T06:55:59.358+0000] {taskinstance.py:1327} INFO - Executing <Task(_PythonDecoratedOperator): greet> on 2022-07-05 00:00:00+00:00
[2023-05-25T06:55:59.364+0000] {standard_task_runner.py:57} INFO - Started process 3455 to run task
[2023-05-25T06:55:59.403+0000] {standard_task_runner.py:84} INFO - Running: ['***', 'tasks', 'run', 'dag_with_taskflow_api_v02', 'greet', 'scheduled__2022-07-05T00:00:00+00:00', '--job-id', '777', '--raw', '--subdir', 'DAGS_FOLDER/first_dag.py', '--cfg-path', '/tmp/tmpm14i29bj']
[2023-05-25T06:55:59.416+0000] {standard_task_runner.py:85} INFO - Job 777: Subtask greet
[2023-05-25T06:55:59.783+0000] {task_command.py:410} INFO - Running <TaskInstance: dag_with_taskflow_api_v02.greet scheduled__2022-07-05T00:00:00+00:00 [running]> on host 6bd07c7477d9
[2023-05-25T06:56:00.676+0000] {taskinstance.py:1547} INFO - Exporting env vars: AIRFLOW_CTX_DAG_OWNER='Sai' AIRFLOW_CTX_DAG_ID='dag_with_taskflow_api_v02' AIRFLOW_CTX_TASK_ID='greet' AIRFLOW_CTX_EXECUTION_DATE='2022-07-05T00:00:00+00:00' AIRFLOW_CTX_TRY_NUMBER='1' AIRFLOW_CTX_DAG_RUN_ID='scheduled__2022-07-05T00:00:00+00:00'
[2023-05-25T06:56:00.677+0000] {logging_mixin.py:149} INFO - Hello World! My name is Sai Tr and I am 19 years old!
[2023-05-25T06:56:00.678+0000] {python.py:183} INFO - Done. Returned value was: None
[2023-05-25T06:56:00.756+0000] {taskinstance.py:1350} INFO - Marking task as SUCCESS. dag_id=dag_with_taskflow_api_v02, task_id=greet, execution_date=20220705T000000, start_date=20230525T065559, end_date=20230525T065600
[2023-05-25T06:56:00.893+0000] {local_task_job_runner.py:225} INFO - Task exited with return code 0
[2023-05-25T06:56:01.307+0000] {taskinstance.py:2651} INFO - 0 downstream tasks scheduled from follow-on schedule check
[2023-05-25T10:27:46.075+0000] {taskinstance.py:1103} INFO - Dependencies all met for dep_context=non-requeueable deps ti=<TaskInstance: dag_with_taskflow_api_v02.greet scheduled__2022-07-05T00:00:00+00:00 [queued]>
[2023-05-25T10:27:46.179+0000] {taskinstance.py:1103} INFO - Dependencies all met for dep_context=requeueable deps ti=<TaskInstance: dag_with_taskflow_api_v02.greet scheduled__2022-07-05T00:00:00+00:00 [queued]>
[2023-05-25T10:27:46.180+0000] {taskinstance.py:1308} INFO - Starting attempt 1 of 6
[2023-05-25T10:27:46.245+0000] {taskinstance.py:1327} INFO - Executing <Task(_PythonDecoratedOperator): greet> on 2022-07-05 00:00:00+00:00
[2023-05-25T10:27:46.260+0000] {standard_task_runner.py:57} INFO - Started process 3058 to run task
[2023-05-25T10:27:46.276+0000] {standard_task_runner.py:84} INFO - Running: ['***', 'tasks', 'run', 'dag_with_taskflow_api_v02', 'greet', 'scheduled__2022-07-05T00:00:00+00:00', '--job-id', '793', '--raw', '--subdir', 'DAGS_FOLDER/first_dag.py', '--cfg-path', '/tmp/tmp_y5pd1qx']
[2023-05-25T10:27:46.288+0000] {standard_task_runner.py:85} INFO - Job 793: Subtask greet
[2023-05-25T10:27:46.426+0000] {task_command.py:410} INFO - Running <TaskInstance: dag_with_taskflow_api_v02.greet scheduled__2022-07-05T00:00:00+00:00 [running]> on host b1ae37a9584e
[2023-05-25T10:27:47.588+0000] {taskinstance.py:1547} INFO - Exporting env vars: AIRFLOW_CTX_DAG_OWNER='Sai' AIRFLOW_CTX_DAG_ID='dag_with_taskflow_api_v02' AIRFLOW_CTX_TASK_ID='greet' AIRFLOW_CTX_EXECUTION_DATE='2022-07-05T00:00:00+00:00' AIRFLOW_CTX_TRY_NUMBER='1' AIRFLOW_CTX_DAG_RUN_ID='scheduled__2022-07-05T00:00:00+00:00'
[2023-05-25T10:27:47.590+0000] {logging_mixin.py:149} INFO - Hello World! My name is Sai Tr and I am 19 years old!
[2023-05-25T10:27:47.598+0000] {python.py:183} INFO - Done. Returned value was: None
[2023-05-25T10:27:47.716+0000] {taskinstance.py:1350} INFO - Marking task as SUCCESS. dag_id=dag_with_taskflow_api_v02, task_id=greet, execution_date=20220705T000000, start_date=20230525T102746, end_date=20230525T102747
[2023-05-25T10:27:47.996+0000] {local_task_job_runner.py:225} INFO - Task exited with return code 0
[2023-05-25T10:27:48.590+0000] {taskinstance.py:2651} INFO - 0 downstream tasks scheduled from follow-on schedule check
