[2023-05-24T15:28:44.609+0000] {taskinstance.py:1103} INFO - Dependencies all met for dep_context=non-requeueable deps ti=<TaskInstance: dag_with_taskflow_api_v02.greet scheduled__2023-01-14T00:00:00+00:00 [queued]>
[2023-05-24T15:28:44.724+0000] {taskinstance.py:1103} INFO - Dependencies all met for dep_context=requeueable deps ti=<TaskInstance: dag_with_taskflow_api_v02.greet scheduled__2023-01-14T00:00:00+00:00 [queued]>
[2023-05-24T15:28:44.730+0000] {taskinstance.py:1308} INFO - Starting attempt 1 of 6
[2023-05-24T15:28:44.909+0000] {taskinstance.py:1327} INFO - Executing <Task(_PythonDecoratedOperator): greet> on 2023-01-14 00:00:00+00:00
[2023-05-24T15:28:44.928+0000] {standard_task_runner.py:57} INFO - Started process 3223 to run task
[2023-05-24T15:28:44.970+0000] {standard_task_runner.py:84} INFO - Running: ['***', 'tasks', 'run', 'dag_with_taskflow_api_v02', 'greet', 'scheduled__2023-01-14T00:00:00+00:00', '--job-id', '1355', '--raw', '--subdir', 'DAGS_FOLDER/first_dag.py', '--cfg-path', '/tmp/tmp_5fs_013']
[2023-05-24T15:28:44.998+0000] {standard_task_runner.py:85} INFO - Job 1355: Subtask greet
[2023-05-24T15:28:45.304+0000] {task_command.py:410} INFO - Running <TaskInstance: dag_with_taskflow_api_v02.greet scheduled__2023-01-14T00:00:00+00:00 [running]> on host 942de29f183d
[2023-05-24T15:28:45.818+0000] {taskinstance.py:1547} INFO - Exporting env vars: AIRFLOW_CTX_DAG_OWNER='Sai' AIRFLOW_CTX_DAG_ID='dag_with_taskflow_api_v02' AIRFLOW_CTX_TASK_ID='greet' AIRFLOW_CTX_EXECUTION_DATE='2023-01-14T00:00:00+00:00' AIRFLOW_CTX_TRY_NUMBER='1' AIRFLOW_CTX_DAG_RUN_ID='scheduled__2023-01-14T00:00:00+00:00'
[2023-05-24T15:28:45.820+0000] {logging_mixin.py:149} INFO - Hello World! My name is Sai Tr and I am 19 years old!
[2023-05-24T15:28:45.821+0000] {python.py:183} INFO - Done. Returned value was: None
[2023-05-24T15:28:45.855+0000] {taskinstance.py:1350} INFO - Marking task as SUCCESS. dag_id=dag_with_taskflow_api_v02, task_id=greet, execution_date=20230114T000000, start_date=20230524T152844, end_date=20230524T152845
[2023-05-24T15:28:45.957+0000] {local_task_job_runner.py:225} INFO - Task exited with return code 0
[2023-05-24T15:28:46.102+0000] {taskinstance.py:2651} INFO - 0 downstream tasks scheduled from follow-on schedule check
[2023-05-25T07:01:19.810+0000] {taskinstance.py:1103} INFO - Dependencies all met for dep_context=non-requeueable deps ti=<TaskInstance: dag_with_taskflow_api_v02.greet scheduled__2023-01-14T00:00:00+00:00 [queued]>
[2023-05-25T07:01:19.954+0000] {taskinstance.py:1103} INFO - Dependencies all met for dep_context=requeueable deps ti=<TaskInstance: dag_with_taskflow_api_v02.greet scheduled__2023-01-14T00:00:00+00:00 [queued]>
[2023-05-25T07:01:19.955+0000] {taskinstance.py:1308} INFO - Starting attempt 1 of 6
[2023-05-25T07:01:20.861+0000] {taskinstance.py:1327} INFO - Executing <Task(_PythonDecoratedOperator): greet> on 2023-01-14 00:00:00+00:00
[2023-05-25T07:01:20.901+0000] {standard_task_runner.py:57} INFO - Started process 4751 to run task
[2023-05-25T07:01:20.929+0000] {standard_task_runner.py:84} INFO - Running: ['***', 'tasks', 'run', 'dag_with_taskflow_api_v02', 'greet', 'scheduled__2023-01-14T00:00:00+00:00', '--job-id', '1361', '--raw', '--subdir', 'DAGS_FOLDER/first_dag.py', '--cfg-path', '/tmp/tmp5qrff28l']
[2023-05-25T07:01:20.984+0000] {standard_task_runner.py:85} INFO - Job 1361: Subtask greet
[2023-05-25T07:01:21.326+0000] {task_command.py:410} INFO - Running <TaskInstance: dag_with_taskflow_api_v02.greet scheduled__2023-01-14T00:00:00+00:00 [running]> on host 6bd07c7477d9
[2023-05-25T07:01:22.268+0000] {taskinstance.py:1547} INFO - Exporting env vars: AIRFLOW_CTX_DAG_OWNER='Sai' AIRFLOW_CTX_DAG_ID='dag_with_taskflow_api_v02' AIRFLOW_CTX_TASK_ID='greet' AIRFLOW_CTX_EXECUTION_DATE='2023-01-14T00:00:00+00:00' AIRFLOW_CTX_TRY_NUMBER='1' AIRFLOW_CTX_DAG_RUN_ID='scheduled__2023-01-14T00:00:00+00:00'
[2023-05-25T07:01:22.269+0000] {logging_mixin.py:149} INFO - Hello World! My name is Sai Tr and I am 19 years old!
[2023-05-25T07:01:22.269+0000] {python.py:183} INFO - Done. Returned value was: None
[2023-05-25T07:01:22.388+0000] {taskinstance.py:1350} INFO - Marking task as SUCCESS. dag_id=dag_with_taskflow_api_v02, task_id=greet, execution_date=20230114T000000, start_date=20230525T070119, end_date=20230525T070122
[2023-05-25T07:01:22.519+0000] {local_task_job_runner.py:225} INFO - Task exited with return code 0
[2023-05-25T07:01:22.903+0000] {taskinstance.py:2651} INFO - 0 downstream tasks scheduled from follow-on schedule check
[2023-05-25T10:35:21.379+0000] {taskinstance.py:1103} INFO - Dependencies all met for dep_context=non-requeueable deps ti=<TaskInstance: dag_with_taskflow_api_v02.greet scheduled__2023-01-14T00:00:00+00:00 [queued]>
[2023-05-25T10:35:21.448+0000] {taskinstance.py:1103} INFO - Dependencies all met for dep_context=requeueable deps ti=<TaskInstance: dag_with_taskflow_api_v02.greet scheduled__2023-01-14T00:00:00+00:00 [queued]>
[2023-05-25T10:35:21.448+0000] {taskinstance.py:1308} INFO - Starting attempt 1 of 6
[2023-05-25T10:35:21.507+0000] {taskinstance.py:1327} INFO - Executing <Task(_PythonDecoratedOperator): greet> on 2023-01-14 00:00:00+00:00
[2023-05-25T10:35:21.513+0000] {standard_task_runner.py:57} INFO - Started process 4354 to run task
[2023-05-25T10:35:21.518+0000] {standard_task_runner.py:84} INFO - Running: ['***', 'tasks', 'run', 'dag_with_taskflow_api_v02', 'greet', 'scheduled__2023-01-14T00:00:00+00:00', '--job-id', '1360', '--raw', '--subdir', 'DAGS_FOLDER/first_dag.py', '--cfg-path', '/tmp/tmpt7urz13b']
[2023-05-25T10:35:21.521+0000] {standard_task_runner.py:85} INFO - Job 1360: Subtask greet
[2023-05-25T10:35:21.755+0000] {task_command.py:410} INFO - Running <TaskInstance: dag_with_taskflow_api_v02.greet scheduled__2023-01-14T00:00:00+00:00 [running]> on host b1ae37a9584e
[2023-05-25T10:35:22.143+0000] {taskinstance.py:1547} INFO - Exporting env vars: AIRFLOW_CTX_DAG_OWNER='Sai' AIRFLOW_CTX_DAG_ID='dag_with_taskflow_api_v02' AIRFLOW_CTX_TASK_ID='greet' AIRFLOW_CTX_EXECUTION_DATE='2023-01-14T00:00:00+00:00' AIRFLOW_CTX_TRY_NUMBER='1' AIRFLOW_CTX_DAG_RUN_ID='scheduled__2023-01-14T00:00:00+00:00'
[2023-05-25T10:35:22.144+0000] {logging_mixin.py:149} INFO - Hello World! My name is Sai Tr and I am 19 years old!
[2023-05-25T10:35:22.145+0000] {python.py:183} INFO - Done. Returned value was: None
[2023-05-25T10:35:22.167+0000] {taskinstance.py:1350} INFO - Marking task as SUCCESS. dag_id=dag_with_taskflow_api_v02, task_id=greet, execution_date=20230114T000000, start_date=20230525T103521, end_date=20230525T103522
[2023-05-25T10:35:22.202+0000] {local_task_job_runner.py:225} INFO - Task exited with return code 0
[2023-05-25T10:35:22.243+0000] {taskinstance.py:2651} INFO - 0 downstream tasks scheduled from follow-on schedule check
