[2023-05-24T15:19:57.205+0000] {taskinstance.py:1103} INFO - Dependencies all met for dep_context=non-requeueable deps ti=<TaskInstance: dag_with_taskflow_api_v02.greet scheduled__2022-03-23T00:00:00+00:00 [queued]>
[2023-05-24T15:19:57.354+0000] {taskinstance.py:1103} INFO - Dependencies all met for dep_context=requeueable deps ti=<TaskInstance: dag_with_taskflow_api_v02.greet scheduled__2022-03-23T00:00:00+00:00 [queued]>
[2023-05-24T15:19:57.358+0000] {taskinstance.py:1308} INFO - Starting attempt 1 of 6
[2023-05-24T15:19:57.551+0000] {taskinstance.py:1327} INFO - Executing <Task(_PythonDecoratedOperator): greet> on 2022-03-23 00:00:00+00:00
[2023-05-24T15:19:57.566+0000] {standard_task_runner.py:57} INFO - Started process 1232 to run task
[2023-05-24T15:19:57.607+0000] {standard_task_runner.py:84} INFO - Running: ['***', 'tasks', 'run', 'dag_with_taskflow_api_v02', 'greet', 'scheduled__2022-03-23T00:00:00+00:00', '--job-id', '465', '--raw', '--subdir', 'DAGS_FOLDER/first_dag.py', '--cfg-path', '/tmp/tmpt045vs0q']
[2023-05-24T15:19:57.622+0000] {standard_task_runner.py:85} INFO - Job 465: Subtask greet
[2023-05-24T15:19:57.858+0000] {task_command.py:410} INFO - Running <TaskInstance: dag_with_taskflow_api_v02.greet scheduled__2022-03-23T00:00:00+00:00 [running]> on host 942de29f183d
[2023-05-24T15:19:59.168+0000] {taskinstance.py:1547} INFO - Exporting env vars: AIRFLOW_CTX_DAG_OWNER='Sai' AIRFLOW_CTX_DAG_ID='dag_with_taskflow_api_v02' AIRFLOW_CTX_TASK_ID='greet' AIRFLOW_CTX_EXECUTION_DATE='2022-03-23T00:00:00+00:00' AIRFLOW_CTX_TRY_NUMBER='1' AIRFLOW_CTX_DAG_RUN_ID='scheduled__2022-03-23T00:00:00+00:00'
[2023-05-24T15:19:59.169+0000] {logging_mixin.py:149} INFO - Hello World! My name is Sai Tr and I am 19 years old!
[2023-05-24T15:19:59.170+0000] {python.py:183} INFO - Done. Returned value was: None
[2023-05-24T15:19:59.227+0000] {taskinstance.py:1350} INFO - Marking task as SUCCESS. dag_id=dag_with_taskflow_api_v02, task_id=greet, execution_date=20220323T000000, start_date=20230524T151957, end_date=20230524T151959
[2023-05-24T15:19:59.317+0000] {local_task_job_runner.py:225} INFO - Task exited with return code 0
[2023-05-24T15:20:00.070+0000] {taskinstance.py:2651} INFO - 0 downstream tasks scheduled from follow-on schedule check
[2023-05-25T06:53:13.843+0000] {taskinstance.py:1103} INFO - Dependencies all met for dep_context=non-requeueable deps ti=<TaskInstance: dag_with_taskflow_api_v02.greet scheduled__2022-03-23T00:00:00+00:00 [queued]>
[2023-05-25T06:53:13.899+0000] {taskinstance.py:1103} INFO - Dependencies all met for dep_context=requeueable deps ti=<TaskInstance: dag_with_taskflow_api_v02.greet scheduled__2022-03-23T00:00:00+00:00 [queued]>
[2023-05-25T06:53:13.899+0000] {taskinstance.py:1308} INFO - Starting attempt 1 of 6
[2023-05-25T06:53:14.046+0000] {taskinstance.py:1327} INFO - Executing <Task(_PythonDecoratedOperator): greet> on 2022-03-23 00:00:00+00:00
[2023-05-25T06:53:14.066+0000] {standard_task_runner.py:57} INFO - Started process 2776 to run task
[2023-05-25T06:53:14.115+0000] {standard_task_runner.py:84} INFO - Running: ['***', 'tasks', 'run', 'dag_with_taskflow_api_v02', 'greet', 'scheduled__2022-03-23T00:00:00+00:00', '--job-id', '467', '--raw', '--subdir', 'DAGS_FOLDER/first_dag.py', '--cfg-path', '/tmp/tmpumr7vhu9']
[2023-05-25T06:53:14.130+0000] {standard_task_runner.py:85} INFO - Job 467: Subtask greet
[2023-05-25T06:53:14.520+0000] {task_command.py:410} INFO - Running <TaskInstance: dag_with_taskflow_api_v02.greet scheduled__2022-03-23T00:00:00+00:00 [running]> on host 6bd07c7477d9
[2023-05-25T06:53:15.435+0000] {taskinstance.py:1547} INFO - Exporting env vars: AIRFLOW_CTX_DAG_OWNER='Sai' AIRFLOW_CTX_DAG_ID='dag_with_taskflow_api_v02' AIRFLOW_CTX_TASK_ID='greet' AIRFLOW_CTX_EXECUTION_DATE='2022-03-23T00:00:00+00:00' AIRFLOW_CTX_TRY_NUMBER='1' AIRFLOW_CTX_DAG_RUN_ID='scheduled__2022-03-23T00:00:00+00:00'
[2023-05-25T06:53:15.441+0000] {logging_mixin.py:149} INFO - Hello World! My name is Sai Tr and I am 19 years old!
[2023-05-25T06:53:15.442+0000] {python.py:183} INFO - Done. Returned value was: None
[2023-05-25T06:53:15.521+0000] {taskinstance.py:1350} INFO - Marking task as SUCCESS. dag_id=dag_with_taskflow_api_v02, task_id=greet, execution_date=20220323T000000, start_date=20230525T065313, end_date=20230525T065315
[2023-05-25T06:53:15.682+0000] {local_task_job_runner.py:225} INFO - Task exited with return code 0
[2023-05-25T06:53:15.833+0000] {taskinstance.py:2651} INFO - 0 downstream tasks scheduled from follow-on schedule check
[2023-05-25T10:24:19.176+0000] {taskinstance.py:1103} INFO - Dependencies all met for dep_context=non-requeueable deps ti=<TaskInstance: dag_with_taskflow_api_v02.greet scheduled__2022-03-23T00:00:00+00:00 [queued]>
[2023-05-25T10:24:19.263+0000] {taskinstance.py:1103} INFO - Dependencies all met for dep_context=requeueable deps ti=<TaskInstance: dag_with_taskflow_api_v02.greet scheduled__2022-03-23T00:00:00+00:00 [queued]>
[2023-05-25T10:24:19.264+0000] {taskinstance.py:1308} INFO - Starting attempt 1 of 6
[2023-05-25T10:24:19.411+0000] {taskinstance.py:1327} INFO - Executing <Task(_PythonDecoratedOperator): greet> on 2022-03-23 00:00:00+00:00
[2023-05-25T10:24:19.436+0000] {standard_task_runner.py:57} INFO - Started process 2304 to run task
[2023-05-25T10:24:19.461+0000] {standard_task_runner.py:84} INFO - Running: ['***', 'tasks', 'run', 'dag_with_taskflow_api_v02', 'greet', 'scheduled__2022-03-23T00:00:00+00:00', '--job-id', '458', '--raw', '--subdir', 'DAGS_FOLDER/first_dag.py', '--cfg-path', '/tmp/tmpktgxswpy']
[2023-05-25T10:24:19.476+0000] {standard_task_runner.py:85} INFO - Job 458: Subtask greet
[2023-05-25T10:24:19.892+0000] {task_command.py:410} INFO - Running <TaskInstance: dag_with_taskflow_api_v02.greet scheduled__2022-03-23T00:00:00+00:00 [running]> on host b1ae37a9584e
[2023-05-25T10:24:20.663+0000] {taskinstance.py:1547} INFO - Exporting env vars: AIRFLOW_CTX_DAG_OWNER='Sai' AIRFLOW_CTX_DAG_ID='dag_with_taskflow_api_v02' AIRFLOW_CTX_TASK_ID='greet' AIRFLOW_CTX_EXECUTION_DATE='2022-03-23T00:00:00+00:00' AIRFLOW_CTX_TRY_NUMBER='1' AIRFLOW_CTX_DAG_RUN_ID='scheduled__2022-03-23T00:00:00+00:00'
[2023-05-25T10:24:20.665+0000] {logging_mixin.py:149} INFO - Hello World! My name is Sai Tr and I am 19 years old!
[2023-05-25T10:24:20.671+0000] {python.py:183} INFO - Done. Returned value was: None
[2023-05-25T10:24:20.734+0000] {taskinstance.py:1350} INFO - Marking task as SUCCESS. dag_id=dag_with_taskflow_api_v02, task_id=greet, execution_date=20220323T000000, start_date=20230525T102419, end_date=20230525T102420
[2023-05-25T10:24:20.824+0000] {local_task_job_runner.py:225} INFO - Task exited with return code 0
[2023-05-25T10:24:21.194+0000] {taskinstance.py:2651} INFO - 0 downstream tasks scheduled from follow-on schedule check
