[2023-05-24T15:19:20.209+0000] {taskinstance.py:1103} INFO - Dependencies all met for dep_context=non-requeueable deps ti=<TaskInstance: dag_with_taskflow_api_v02.get_name scheduled__2022-03-06T00:00:00+00:00 [queued]>
[2023-05-24T15:19:20.295+0000] {taskinstance.py:1103} INFO - Dependencies all met for dep_context=requeueable deps ti=<TaskInstance: dag_with_taskflow_api_v02.get_name scheduled__2022-03-06T00:00:00+00:00 [queued]>
[2023-05-24T15:19:20.295+0000] {taskinstance.py:1308} INFO - Starting attempt 1 of 6
[2023-05-24T15:19:20.505+0000] {taskinstance.py:1327} INFO - Executing <Task(_PythonDecoratedOperator): get_name> on 2022-03-06 00:00:00+00:00
[2023-05-24T15:19:20.513+0000] {standard_task_runner.py:57} INFO - Started process 1079 to run task
[2023-05-24T15:19:20.571+0000] {standard_task_runner.py:84} INFO - Running: ['***', 'tasks', 'run', 'dag_with_taskflow_api_v02', 'get_name', 'scheduled__2022-03-06T00:00:00+00:00', '--job-id', '395', '--raw', '--subdir', 'DAGS_FOLDER/first_dag.py', '--cfg-path', '/tmp/tmp4bgc9ots']
[2023-05-24T15:19:20.574+0000] {standard_task_runner.py:85} INFO - Job 395: Subtask get_name
[2023-05-24T15:19:21.047+0000] {task_command.py:410} INFO - Running <TaskInstance: dag_with_taskflow_api_v02.get_name scheduled__2022-03-06T00:00:00+00:00 [running]> on host 942de29f183d
[2023-05-24T15:19:21.834+0000] {taskinstance.py:1547} INFO - Exporting env vars: AIRFLOW_CTX_DAG_OWNER='Sai' AIRFLOW_CTX_DAG_ID='dag_with_taskflow_api_v02' AIRFLOW_CTX_TASK_ID='get_name' AIRFLOW_CTX_EXECUTION_DATE='2022-03-06T00:00:00+00:00' AIRFLOW_CTX_TRY_NUMBER='1' AIRFLOW_CTX_DAG_RUN_ID='scheduled__2022-03-06T00:00:00+00:00'
[2023-05-24T15:19:21.836+0000] {python.py:183} INFO - Done. Returned value was: {'first_name': 'Sai', 'last_name': 'Tr'}
[2023-05-24T15:19:22.056+0000] {taskinstance.py:1350} INFO - Marking task as SUCCESS. dag_id=dag_with_taskflow_api_v02, task_id=get_name, execution_date=20220306T000000, start_date=20230524T151920, end_date=20230524T151922
[2023-05-24T15:19:22.216+0000] {local_task_job_runner.py:225} INFO - Task exited with return code 0
[2023-05-24T15:19:22.624+0000] {taskinstance.py:2651} INFO - 0 downstream tasks scheduled from follow-on schedule check
[2023-05-25T06:52:32.406+0000] {taskinstance.py:1103} INFO - Dependencies all met for dep_context=non-requeueable deps ti=<TaskInstance: dag_with_taskflow_api_v02.get_name scheduled__2022-03-06T00:00:00+00:00 [queued]>
[2023-05-25T06:52:32.519+0000] {taskinstance.py:1103} INFO - Dependencies all met for dep_context=requeueable deps ti=<TaskInstance: dag_with_taskflow_api_v02.get_name scheduled__2022-03-06T00:00:00+00:00 [queued]>
[2023-05-25T06:52:32.520+0000] {taskinstance.py:1308} INFO - Starting attempt 1 of 6
[2023-05-25T06:52:33.933+0000] {taskinstance.py:1327} INFO - Executing <Task(_PythonDecoratedOperator): get_name> on 2022-03-06 00:00:00+00:00
[2023-05-25T06:52:33.968+0000] {standard_task_runner.py:57} INFO - Started process 2605 to run task
[2023-05-25T06:52:33.999+0000] {standard_task_runner.py:84} INFO - Running: ['***', 'tasks', 'run', 'dag_with_taskflow_api_v02', 'get_name', 'scheduled__2022-03-06T00:00:00+00:00', '--job-id', '393', '--raw', '--subdir', 'DAGS_FOLDER/first_dag.py', '--cfg-path', '/tmp/tmpy_ctmi3z']
[2023-05-25T06:52:34.021+0000] {standard_task_runner.py:85} INFO - Job 393: Subtask get_name
[2023-05-25T06:52:34.565+0000] {task_command.py:410} INFO - Running <TaskInstance: dag_with_taskflow_api_v02.get_name scheduled__2022-03-06T00:00:00+00:00 [running]> on host 6bd07c7477d9
[2023-05-25T06:52:35.660+0000] {taskinstance.py:1547} INFO - Exporting env vars: AIRFLOW_CTX_DAG_OWNER='Sai' AIRFLOW_CTX_DAG_ID='dag_with_taskflow_api_v02' AIRFLOW_CTX_TASK_ID='get_name' AIRFLOW_CTX_EXECUTION_DATE='2022-03-06T00:00:00+00:00' AIRFLOW_CTX_TRY_NUMBER='1' AIRFLOW_CTX_DAG_RUN_ID='scheduled__2022-03-06T00:00:00+00:00'
[2023-05-25T06:52:35.661+0000] {python.py:183} INFO - Done. Returned value was: {'first_name': 'Sai', 'last_name': 'Tr'}
[2023-05-25T06:52:35.885+0000] {taskinstance.py:1350} INFO - Marking task as SUCCESS. dag_id=dag_with_taskflow_api_v02, task_id=get_name, execution_date=20220306T000000, start_date=20230525T065232, end_date=20230525T065235
[2023-05-25T06:52:36.026+0000] {local_task_job_runner.py:225} INFO - Task exited with return code 0
[2023-05-25T06:52:36.247+0000] {taskinstance.py:2651} INFO - 1 downstream tasks scheduled from follow-on schedule check
[2023-05-25T10:23:37.294+0000] {taskinstance.py:1103} INFO - Dependencies all met for dep_context=non-requeueable deps ti=<TaskInstance: dag_with_taskflow_api_v02.get_name scheduled__2022-03-06T00:00:00+00:00 [queued]>
[2023-05-25T10:23:37.334+0000] {taskinstance.py:1103} INFO - Dependencies all met for dep_context=requeueable deps ti=<TaskInstance: dag_with_taskflow_api_v02.get_name scheduled__2022-03-06T00:00:00+00:00 [queued]>
[2023-05-25T10:23:37.334+0000] {taskinstance.py:1308} INFO - Starting attempt 1 of 6
[2023-05-25T10:23:37.381+0000] {taskinstance.py:1327} INFO - Executing <Task(_PythonDecoratedOperator): get_name> on 2022-03-06 00:00:00+00:00
[2023-05-25T10:23:37.388+0000] {standard_task_runner.py:57} INFO - Started process 2159 to run task
[2023-05-25T10:23:37.406+0000] {standard_task_runner.py:84} INFO - Running: ['***', 'tasks', 'run', 'dag_with_taskflow_api_v02', 'get_name', 'scheduled__2022-03-06T00:00:00+00:00', '--job-id', '392', '--raw', '--subdir', 'DAGS_FOLDER/first_dag.py', '--cfg-path', '/tmp/tmphcj8fhbg']
[2023-05-25T10:23:37.413+0000] {standard_task_runner.py:85} INFO - Job 392: Subtask get_name
[2023-05-25T10:23:37.682+0000] {task_command.py:410} INFO - Running <TaskInstance: dag_with_taskflow_api_v02.get_name scheduled__2022-03-06T00:00:00+00:00 [running]> on host b1ae37a9584e
[2023-05-25T10:23:38.398+0000] {taskinstance.py:1547} INFO - Exporting env vars: AIRFLOW_CTX_DAG_OWNER='Sai' AIRFLOW_CTX_DAG_ID='dag_with_taskflow_api_v02' AIRFLOW_CTX_TASK_ID='get_name' AIRFLOW_CTX_EXECUTION_DATE='2022-03-06T00:00:00+00:00' AIRFLOW_CTX_TRY_NUMBER='1' AIRFLOW_CTX_DAG_RUN_ID='scheduled__2022-03-06T00:00:00+00:00'
[2023-05-25T10:23:38.401+0000] {python.py:183} INFO - Done. Returned value was: {'first_name': 'Sai', 'last_name': 'Tr'}
[2023-05-25T10:23:38.805+0000] {taskinstance.py:1350} INFO - Marking task as SUCCESS. dag_id=dag_with_taskflow_api_v02, task_id=get_name, execution_date=20220306T000000, start_date=20230525T102337, end_date=20230525T102338
[2023-05-25T10:23:38.971+0000] {local_task_job_runner.py:225} INFO - Task exited with return code 0
[2023-05-25T10:23:39.119+0000] {taskinstance.py:2651} INFO - 1 downstream tasks scheduled from follow-on schedule check
