[2023-05-24T15:27:58.288+0000] {taskinstance.py:1103} INFO - Dependencies all met for dep_context=non-requeueable deps ti=<TaskInstance: dag_with_taskflow_api_v02.get_name scheduled__2022-12-24T00:00:00+00:00 [queued]>
[2023-05-24T15:27:58.365+0000] {taskinstance.py:1103} INFO - Dependencies all met for dep_context=requeueable deps ti=<TaskInstance: dag_with_taskflow_api_v02.get_name scheduled__2022-12-24T00:00:00+00:00 [queued]>
[2023-05-24T15:27:58.366+0000] {taskinstance.py:1308} INFO - Starting attempt 1 of 6
[2023-05-24T15:27:59.295+0000] {taskinstance.py:1327} INFO - Executing <Task(_PythonDecoratedOperator): get_name> on 2022-12-24 00:00:00+00:00
[2023-05-24T15:27:59.305+0000] {standard_task_runner.py:57} INFO - Started process 3036 to run task
[2023-05-24T15:27:59.349+0000] {standard_task_runner.py:84} INFO - Running: ['***', 'tasks', 'run', 'dag_with_taskflow_api_v02', 'get_name', 'scheduled__2022-12-24T00:00:00+00:00', '--job-id', '1273', '--raw', '--subdir', 'DAGS_FOLDER/first_dag.py', '--cfg-path', '/tmp/tmprj079cmh']
[2023-05-24T15:27:59.375+0000] {standard_task_runner.py:85} INFO - Job 1273: Subtask get_name
[2023-05-24T15:27:59.811+0000] {task_command.py:410} INFO - Running <TaskInstance: dag_with_taskflow_api_v02.get_name scheduled__2022-12-24T00:00:00+00:00 [running]> on host 942de29f183d
[2023-05-24T15:28:00.507+0000] {taskinstance.py:1547} INFO - Exporting env vars: AIRFLOW_CTX_DAG_OWNER='Sai' AIRFLOW_CTX_DAG_ID='dag_with_taskflow_api_v02' AIRFLOW_CTX_TASK_ID='get_name' AIRFLOW_CTX_EXECUTION_DATE='2022-12-24T00:00:00+00:00' AIRFLOW_CTX_TRY_NUMBER='1' AIRFLOW_CTX_DAG_RUN_ID='scheduled__2022-12-24T00:00:00+00:00'
[2023-05-24T15:28:00.508+0000] {python.py:183} INFO - Done. Returned value was: {'first_name': 'Sai', 'last_name': 'Tr'}
[2023-05-24T15:28:00.786+0000] {taskinstance.py:1350} INFO - Marking task as SUCCESS. dag_id=dag_with_taskflow_api_v02, task_id=get_name, execution_date=20221224T000000, start_date=20230524T152758, end_date=20230524T152800
[2023-05-24T15:28:00.954+0000] {local_task_job_runner.py:225} INFO - Task exited with return code 0
[2023-05-24T15:28:01.114+0000] {taskinstance.py:2651} INFO - 1 downstream tasks scheduled from follow-on schedule check
[2023-05-25T07:00:29.970+0000] {taskinstance.py:1103} INFO - Dependencies all met for dep_context=non-requeueable deps ti=<TaskInstance: dag_with_taskflow_api_v02.get_name scheduled__2022-12-24T00:00:00+00:00 [queued]>
[2023-05-25T07:00:30.095+0000] {taskinstance.py:1103} INFO - Dependencies all met for dep_context=requeueable deps ti=<TaskInstance: dag_with_taskflow_api_v02.get_name scheduled__2022-12-24T00:00:00+00:00 [queued]>
[2023-05-25T07:00:30.114+0000] {taskinstance.py:1308} INFO - Starting attempt 1 of 6
[2023-05-25T07:00:30.742+0000] {taskinstance.py:1327} INFO - Executing <Task(_PythonDecoratedOperator): get_name> on 2022-12-24 00:00:00+00:00
[2023-05-25T07:00:30.772+0000] {standard_task_runner.py:57} INFO - Started process 4546 to run task
[2023-05-25T07:00:30.864+0000] {standard_task_runner.py:84} INFO - Running: ['***', 'tasks', 'run', 'dag_with_taskflow_api_v02', 'get_name', 'scheduled__2022-12-24T00:00:00+00:00', '--job-id', '1268', '--raw', '--subdir', 'DAGS_FOLDER/first_dag.py', '--cfg-path', '/tmp/tmplsc7uvat']
[2023-05-25T07:00:30.895+0000] {standard_task_runner.py:85} INFO - Job 1268: Subtask get_name
[2023-05-25T07:00:31.287+0000] {task_command.py:410} INFO - Running <TaskInstance: dag_with_taskflow_api_v02.get_name scheduled__2022-12-24T00:00:00+00:00 [running]> on host 6bd07c7477d9
[2023-05-25T07:00:32.071+0000] {taskinstance.py:1547} INFO - Exporting env vars: AIRFLOW_CTX_DAG_OWNER='Sai' AIRFLOW_CTX_DAG_ID='dag_with_taskflow_api_v02' AIRFLOW_CTX_TASK_ID='get_name' AIRFLOW_CTX_EXECUTION_DATE='2022-12-24T00:00:00+00:00' AIRFLOW_CTX_TRY_NUMBER='1' AIRFLOW_CTX_DAG_RUN_ID='scheduled__2022-12-24T00:00:00+00:00'
[2023-05-25T07:00:32.073+0000] {python.py:183} INFO - Done. Returned value was: {'first_name': 'Sai', 'last_name': 'Tr'}
[2023-05-25T07:00:32.339+0000] {taskinstance.py:1350} INFO - Marking task as SUCCESS. dag_id=dag_with_taskflow_api_v02, task_id=get_name, execution_date=20221224T000000, start_date=20230525T070029, end_date=20230525T070032
[2023-05-25T07:00:32.544+0000] {local_task_job_runner.py:225} INFO - Task exited with return code 0
[2023-05-25T07:00:32.803+0000] {taskinstance.py:2651} INFO - 0 downstream tasks scheduled from follow-on schedule check
[2023-05-25T10:34:39.732+0000] {taskinstance.py:1103} INFO - Dependencies all met for dep_context=non-requeueable deps ti=<TaskInstance: dag_with_taskflow_api_v02.get_name scheduled__2022-12-24T00:00:00+00:00 [queued]>
[2023-05-25T10:34:39.783+0000] {taskinstance.py:1103} INFO - Dependencies all met for dep_context=requeueable deps ti=<TaskInstance: dag_with_taskflow_api_v02.get_name scheduled__2022-12-24T00:00:00+00:00 [queued]>
[2023-05-25T10:34:39.783+0000] {taskinstance.py:1308} INFO - Starting attempt 1 of 6
[2023-05-25T10:34:40.337+0000] {taskinstance.py:1327} INFO - Executing <Task(_PythonDecoratedOperator): get_name> on 2022-12-24 00:00:00+00:00
[2023-05-25T10:34:40.358+0000] {standard_task_runner.py:57} INFO - Started process 4204 to run task
[2023-05-25T10:34:40.421+0000] {standard_task_runner.py:84} INFO - Running: ['***', 'tasks', 'run', 'dag_with_taskflow_api_v02', 'get_name', 'scheduled__2022-12-24T00:00:00+00:00', '--job-id', '1289', '--raw', '--subdir', 'DAGS_FOLDER/first_dag.py', '--cfg-path', '/tmp/tmp2uubjoup']
[2023-05-25T10:34:40.451+0000] {standard_task_runner.py:85} INFO - Job 1289: Subtask get_name
[2023-05-25T10:34:40.931+0000] {task_command.py:410} INFO - Running <TaskInstance: dag_with_taskflow_api_v02.get_name scheduled__2022-12-24T00:00:00+00:00 [running]> on host b1ae37a9584e
[2023-05-25T10:34:42.317+0000] {taskinstance.py:1547} INFO - Exporting env vars: AIRFLOW_CTX_DAG_OWNER='Sai' AIRFLOW_CTX_DAG_ID='dag_with_taskflow_api_v02' AIRFLOW_CTX_TASK_ID='get_name' AIRFLOW_CTX_EXECUTION_DATE='2022-12-24T00:00:00+00:00' AIRFLOW_CTX_TRY_NUMBER='1' AIRFLOW_CTX_DAG_RUN_ID='scheduled__2022-12-24T00:00:00+00:00'
[2023-05-25T10:34:42.318+0000] {python.py:183} INFO - Done. Returned value was: {'first_name': 'Sai', 'last_name': 'Tr'}
[2023-05-25T10:34:42.547+0000] {taskinstance.py:1350} INFO - Marking task as SUCCESS. dag_id=dag_with_taskflow_api_v02, task_id=get_name, execution_date=20221224T000000, start_date=20230525T103439, end_date=20230525T103442
[2023-05-25T10:34:42.783+0000] {local_task_job_runner.py:225} INFO - Task exited with return code 0
[2023-05-25T10:34:43.287+0000] {taskinstance.py:2651} INFO - 1 downstream tasks scheduled from follow-on schedule check
