[2023-05-24T15:28:28.408+0000] {taskinstance.py:1103} INFO - Dependencies all met for dep_context=non-requeueable deps ti=<TaskInstance: dag_with_taskflow_api_v02.get_name scheduled__2023-01-11T00:00:00+00:00 [queued]>
[2023-05-24T15:28:28.469+0000] {taskinstance.py:1103} INFO - Dependencies all met for dep_context=requeueable deps ti=<TaskInstance: dag_with_taskflow_api_v02.get_name scheduled__2023-01-11T00:00:00+00:00 [queued]>
[2023-05-24T15:28:28.470+0000] {taskinstance.py:1308} INFO - Starting attempt 1 of 6
[2023-05-24T15:28:29.095+0000] {taskinstance.py:1327} INFO - Executing <Task(_PythonDecoratedOperator): get_name> on 2023-01-11 00:00:00+00:00
[2023-05-24T15:28:29.121+0000] {standard_task_runner.py:57} INFO - Started process 3153 to run task
[2023-05-24T15:28:29.129+0000] {standard_task_runner.py:84} INFO - Running: ['***', 'tasks', 'run', 'dag_with_taskflow_api_v02', 'get_name', 'scheduled__2023-01-11T00:00:00+00:00', '--job-id', '1327', '--raw', '--subdir', 'DAGS_FOLDER/first_dag.py', '--cfg-path', '/tmp/tmp8qnf00nv']
[2023-05-24T15:28:29.148+0000] {standard_task_runner.py:85} INFO - Job 1327: Subtask get_name
[2023-05-24T15:28:29.524+0000] {task_command.py:410} INFO - Running <TaskInstance: dag_with_taskflow_api_v02.get_name scheduled__2023-01-11T00:00:00+00:00 [running]> on host 942de29f183d
[2023-05-24T15:28:30.143+0000] {taskinstance.py:1547} INFO - Exporting env vars: AIRFLOW_CTX_DAG_OWNER='Sai' AIRFLOW_CTX_DAG_ID='dag_with_taskflow_api_v02' AIRFLOW_CTX_TASK_ID='get_name' AIRFLOW_CTX_EXECUTION_DATE='2023-01-11T00:00:00+00:00' AIRFLOW_CTX_TRY_NUMBER='1' AIRFLOW_CTX_DAG_RUN_ID='scheduled__2023-01-11T00:00:00+00:00'
[2023-05-24T15:28:30.145+0000] {python.py:183} INFO - Done. Returned value was: {'first_name': 'Sai', 'last_name': 'Tr'}
[2023-05-24T15:28:30.317+0000] {taskinstance.py:1350} INFO - Marking task as SUCCESS. dag_id=dag_with_taskflow_api_v02, task_id=get_name, execution_date=20230111T000000, start_date=20230524T152828, end_date=20230524T152830
[2023-05-24T15:28:30.416+0000] {local_task_job_runner.py:225} INFO - Task exited with return code 0
[2023-05-24T15:28:30.528+0000] {taskinstance.py:2651} INFO - 1 downstream tasks scheduled from follow-on schedule check
[2023-05-25T07:01:01.124+0000] {taskinstance.py:1103} INFO - Dependencies all met for dep_context=non-requeueable deps ti=<TaskInstance: dag_with_taskflow_api_v02.get_name scheduled__2023-01-11T00:00:00+00:00 [queued]>
[2023-05-25T07:01:01.204+0000] {taskinstance.py:1103} INFO - Dependencies all met for dep_context=requeueable deps ti=<TaskInstance: dag_with_taskflow_api_v02.get_name scheduled__2023-01-11T00:00:00+00:00 [queued]>
[2023-05-25T07:01:01.204+0000] {taskinstance.py:1308} INFO - Starting attempt 1 of 6
[2023-05-25T07:01:01.480+0000] {taskinstance.py:1327} INFO - Executing <Task(_PythonDecoratedOperator): get_name> on 2023-01-11 00:00:00+00:00
[2023-05-25T07:01:01.541+0000] {standard_task_runner.py:57} INFO - Started process 4675 to run task
[2023-05-25T07:01:01.602+0000] {standard_task_runner.py:84} INFO - Running: ['***', 'tasks', 'run', 'dag_with_taskflow_api_v02', 'get_name', 'scheduled__2023-01-11T00:00:00+00:00', '--job-id', '1326', '--raw', '--subdir', 'DAGS_FOLDER/first_dag.py', '--cfg-path', '/tmp/tmpag01m54e']
[2023-05-25T07:01:01.646+0000] {standard_task_runner.py:85} INFO - Job 1326: Subtask get_name
[2023-05-25T07:01:01.949+0000] {task_command.py:410} INFO - Running <TaskInstance: dag_with_taskflow_api_v02.get_name scheduled__2023-01-11T00:00:00+00:00 [running]> on host 6bd07c7477d9
[2023-05-25T07:01:02.518+0000] {taskinstance.py:1547} INFO - Exporting env vars: AIRFLOW_CTX_DAG_OWNER='Sai' AIRFLOW_CTX_DAG_ID='dag_with_taskflow_api_v02' AIRFLOW_CTX_TASK_ID='get_name' AIRFLOW_CTX_EXECUTION_DATE='2023-01-11T00:00:00+00:00' AIRFLOW_CTX_TRY_NUMBER='1' AIRFLOW_CTX_DAG_RUN_ID='scheduled__2023-01-11T00:00:00+00:00'
[2023-05-25T07:01:02.520+0000] {python.py:183} INFO - Done. Returned value was: {'first_name': 'Sai', 'last_name': 'Tr'}
[2023-05-25T07:01:02.706+0000] {taskinstance.py:1350} INFO - Marking task as SUCCESS. dag_id=dag_with_taskflow_api_v02, task_id=get_name, execution_date=20230111T000000, start_date=20230525T070101, end_date=20230525T070102
[2023-05-25T07:01:02.823+0000] {local_task_job_runner.py:225} INFO - Task exited with return code 0
[2023-05-25T07:01:03.073+0000] {taskinstance.py:2651} INFO - 1 downstream tasks scheduled from follow-on schedule check
[2023-05-25T10:35:11.768+0000] {taskinstance.py:1103} INFO - Dependencies all met for dep_context=non-requeueable deps ti=<TaskInstance: dag_with_taskflow_api_v02.get_name scheduled__2023-01-11T00:00:00+00:00 [queued]>
[2023-05-25T10:35:11.880+0000] {taskinstance.py:1103} INFO - Dependencies all met for dep_context=requeueable deps ti=<TaskInstance: dag_with_taskflow_api_v02.get_name scheduled__2023-01-11T00:00:00+00:00 [queued]>
[2023-05-25T10:35:11.881+0000] {taskinstance.py:1308} INFO - Starting attempt 1 of 6
[2023-05-25T10:35:11.987+0000] {taskinstance.py:1327} INFO - Executing <Task(_PythonDecoratedOperator): get_name> on 2023-01-11 00:00:00+00:00
[2023-05-25T10:35:12.030+0000] {standard_task_runner.py:57} INFO - Started process 4316 to run task
[2023-05-25T10:35:12.082+0000] {standard_task_runner.py:84} INFO - Running: ['***', 'tasks', 'run', 'dag_with_taskflow_api_v02', 'get_name', 'scheduled__2023-01-11T00:00:00+00:00', '--job-id', '1341', '--raw', '--subdir', 'DAGS_FOLDER/first_dag.py', '--cfg-path', '/tmp/tmpow7udy3f']
[2023-05-25T10:35:12.111+0000] {standard_task_runner.py:85} INFO - Job 1341: Subtask get_name
[2023-05-25T10:35:12.596+0000] {task_command.py:410} INFO - Running <TaskInstance: dag_with_taskflow_api_v02.get_name scheduled__2023-01-11T00:00:00+00:00 [running]> on host b1ae37a9584e
[2023-05-25T10:35:13.470+0000] {taskinstance.py:1547} INFO - Exporting env vars: AIRFLOW_CTX_DAG_OWNER='Sai' AIRFLOW_CTX_DAG_ID='dag_with_taskflow_api_v02' AIRFLOW_CTX_TASK_ID='get_name' AIRFLOW_CTX_EXECUTION_DATE='2023-01-11T00:00:00+00:00' AIRFLOW_CTX_TRY_NUMBER='1' AIRFLOW_CTX_DAG_RUN_ID='scheduled__2023-01-11T00:00:00+00:00'
[2023-05-25T10:35:13.471+0000] {python.py:183} INFO - Done. Returned value was: {'first_name': 'Sai', 'last_name': 'Tr'}
[2023-05-25T10:35:13.897+0000] {taskinstance.py:1350} INFO - Marking task as SUCCESS. dag_id=dag_with_taskflow_api_v02, task_id=get_name, execution_date=20230111T000000, start_date=20230525T103511, end_date=20230525T103513
[2023-05-25T10:35:14.067+0000] {local_task_job_runner.py:225} INFO - Task exited with return code 0
[2023-05-25T10:35:14.325+0000] {taskinstance.py:2651} INFO - 0 downstream tasks scheduled from follow-on schedule check
