[2023-05-24T15:18:08.622+0000] {taskinstance.py:1103} INFO - Dependencies all met for dep_context=non-requeueable deps ti=<TaskInstance: dag_with_taskflow_api_v02.greet scheduled__2022-01-24T00:00:00+00:00 [queued]>
[2023-05-24T15:18:08.751+0000] {taskinstance.py:1103} INFO - Dependencies all met for dep_context=requeueable deps ti=<TaskInstance: dag_with_taskflow_api_v02.greet scheduled__2022-01-24T00:00:00+00:00 [queued]>
[2023-05-24T15:18:08.751+0000] {taskinstance.py:1308} INFO - Starting attempt 1 of 6
[2023-05-24T15:18:09.274+0000] {taskinstance.py:1327} INFO - Executing <Task(_PythonDecoratedOperator): greet> on 2022-01-24 00:00:00+00:00
[2023-05-24T15:18:09.358+0000] {standard_task_runner.py:57} INFO - Started process 839 to run task
[2023-05-24T15:18:09.366+0000] {standard_task_runner.py:84} INFO - Running: ['***', 'tasks', 'run', 'dag_with_taskflow_api_v02', 'greet', 'scheduled__2022-01-24T00:00:00+00:00', '--job-id', '289', '--raw', '--subdir', 'DAGS_FOLDER/first_dag.py', '--cfg-path', '/tmp/tmpe283evcz']
[2023-05-24T15:18:09.377+0000] {standard_task_runner.py:85} INFO - Job 289: Subtask greet
[2023-05-24T15:18:09.787+0000] {task_command.py:410} INFO - Running <TaskInstance: dag_with_taskflow_api_v02.greet scheduled__2022-01-24T00:00:00+00:00 [running]> on host 942de29f183d
[2023-05-24T15:18:11.330+0000] {taskinstance.py:1547} INFO - Exporting env vars: AIRFLOW_CTX_DAG_OWNER='Sai' AIRFLOW_CTX_DAG_ID='dag_with_taskflow_api_v02' AIRFLOW_CTX_TASK_ID='greet' AIRFLOW_CTX_EXECUTION_DATE='2022-01-24T00:00:00+00:00' AIRFLOW_CTX_TRY_NUMBER='1' AIRFLOW_CTX_DAG_RUN_ID='scheduled__2022-01-24T00:00:00+00:00'
[2023-05-24T15:18:11.339+0000] {logging_mixin.py:149} INFO - Hello World! My name is Sai Tr and I am 19 years old!
[2023-05-24T15:18:11.346+0000] {python.py:183} INFO - Done. Returned value was: None
[2023-05-24T15:18:11.585+0000] {taskinstance.py:1350} INFO - Marking task as SUCCESS. dag_id=dag_with_taskflow_api_v02, task_id=greet, execution_date=20220124T000000, start_date=20230524T151808, end_date=20230524T151811
[2023-05-24T15:18:12.607+0000] {local_task_job_runner.py:225} INFO - Task exited with return code 0
[2023-05-24T15:18:12.881+0000] {taskinstance.py:2651} INFO - 0 downstream tasks scheduled from follow-on schedule check
[2023-05-25T06:51:37.016+0000] {taskinstance.py:1103} INFO - Dependencies all met for dep_context=non-requeueable deps ti=<TaskInstance: dag_with_taskflow_api_v02.greet scheduled__2022-01-24T00:00:00+00:00 [queued]>
[2023-05-25T06:51:37.110+0000] {taskinstance.py:1103} INFO - Dependencies all met for dep_context=requeueable deps ti=<TaskInstance: dag_with_taskflow_api_v02.greet scheduled__2022-01-24T00:00:00+00:00 [queued]>
[2023-05-25T06:51:37.111+0000] {taskinstance.py:1308} INFO - Starting attempt 1 of 6
[2023-05-25T06:51:37.831+0000] {taskinstance.py:1327} INFO - Executing <Task(_PythonDecoratedOperator): greet> on 2022-01-24 00:00:00+00:00
[2023-05-25T06:51:37.850+0000] {standard_task_runner.py:57} INFO - Started process 2386 to run task
[2023-05-25T06:51:37.905+0000] {standard_task_runner.py:84} INFO - Running: ['***', 'tasks', 'run', 'dag_with_taskflow_api_v02', 'greet', 'scheduled__2022-01-24T00:00:00+00:00', '--job-id', '290', '--raw', '--subdir', 'DAGS_FOLDER/first_dag.py', '--cfg-path', '/tmp/tmpmpjqo5wj']
[2023-05-25T06:51:37.913+0000] {standard_task_runner.py:85} INFO - Job 290: Subtask greet
[2023-05-25T06:51:38.415+0000] {task_command.py:410} INFO - Running <TaskInstance: dag_with_taskflow_api_v02.greet scheduled__2022-01-24T00:00:00+00:00 [running]> on host 6bd07c7477d9
[2023-05-25T06:51:39.430+0000] {taskinstance.py:1547} INFO - Exporting env vars: AIRFLOW_CTX_DAG_OWNER='Sai' AIRFLOW_CTX_DAG_ID='dag_with_taskflow_api_v02' AIRFLOW_CTX_TASK_ID='greet' AIRFLOW_CTX_EXECUTION_DATE='2022-01-24T00:00:00+00:00' AIRFLOW_CTX_TRY_NUMBER='1' AIRFLOW_CTX_DAG_RUN_ID='scheduled__2022-01-24T00:00:00+00:00'
[2023-05-25T06:51:39.431+0000] {logging_mixin.py:149} INFO - Hello World! My name is Sai Tr and I am 19 years old!
[2023-05-25T06:51:39.432+0000] {python.py:183} INFO - Done. Returned value was: None
[2023-05-25T06:51:39.486+0000] {taskinstance.py:1350} INFO - Marking task as SUCCESS. dag_id=dag_with_taskflow_api_v02, task_id=greet, execution_date=20220124T000000, start_date=20230525T065137, end_date=20230525T065139
[2023-05-25T06:51:39.680+0000] {local_task_job_runner.py:225} INFO - Task exited with return code 0
[2023-05-25T06:51:39.881+0000] {taskinstance.py:2651} INFO - 0 downstream tasks scheduled from follow-on schedule check
[2023-05-25T10:22:04.495+0000] {taskinstance.py:1103} INFO - Dependencies all met for dep_context=non-requeueable deps ti=<TaskInstance: dag_with_taskflow_api_v02.greet scheduled__2022-01-24T00:00:00+00:00 [queued]>
[2023-05-25T10:22:04.507+0000] {taskinstance.py:1103} INFO - Dependencies all met for dep_context=requeueable deps ti=<TaskInstance: dag_with_taskflow_api_v02.greet scheduled__2022-01-24T00:00:00+00:00 [queued]>
[2023-05-25T10:22:04.507+0000] {taskinstance.py:1308} INFO - Starting attempt 1 of 6
[2023-05-25T10:22:04.527+0000] {taskinstance.py:1327} INFO - Executing <Task(_PythonDecoratedOperator): greet> on 2022-01-24 00:00:00+00:00
[2023-05-25T10:22:04.537+0000] {standard_task_runner.py:57} INFO - Started process 1875 to run task
[2023-05-25T10:22:04.542+0000] {standard_task_runner.py:84} INFO - Running: ['***', 'tasks', 'run', 'dag_with_taskflow_api_v02', 'greet', 'scheduled__2022-01-24T00:00:00+00:00', '--job-id', '270', '--raw', '--subdir', 'DAGS_FOLDER/first_dag.py', '--cfg-path', '/tmp/tmpk1d64i0q']
[2023-05-25T10:22:04.545+0000] {standard_task_runner.py:85} INFO - Job 270: Subtask greet
[2023-05-25T10:22:04.613+0000] {task_command.py:410} INFO - Running <TaskInstance: dag_with_taskflow_api_v02.greet scheduled__2022-01-24T00:00:00+00:00 [running]> on host b1ae37a9584e
[2023-05-25T10:22:04.773+0000] {taskinstance.py:1547} INFO - Exporting env vars: AIRFLOW_CTX_DAG_OWNER='Sai' AIRFLOW_CTX_DAG_ID='dag_with_taskflow_api_v02' AIRFLOW_CTX_TASK_ID='greet' AIRFLOW_CTX_EXECUTION_DATE='2022-01-24T00:00:00+00:00' AIRFLOW_CTX_TRY_NUMBER='1' AIRFLOW_CTX_DAG_RUN_ID='scheduled__2022-01-24T00:00:00+00:00'
[2023-05-25T10:22:04.774+0000] {logging_mixin.py:149} INFO - Hello World! My name is Sai Tr and I am 19 years old!
[2023-05-25T10:22:04.774+0000] {python.py:183} INFO - Done. Returned value was: None
[2023-05-25T10:22:04.787+0000] {taskinstance.py:1350} INFO - Marking task as SUCCESS. dag_id=dag_with_taskflow_api_v02, task_id=greet, execution_date=20220124T000000, start_date=20230525T102204, end_date=20230525T102204
[2023-05-25T10:22:04.833+0000] {local_task_job_runner.py:225} INFO - Task exited with return code 0
[2023-05-25T10:22:04.862+0000] {taskinstance.py:2651} INFO - 0 downstream tasks scheduled from follow-on schedule check
