[2023-05-24T15:25:06.085+0000] {taskinstance.py:1103} INFO - Dependencies all met for dep_context=non-requeueable deps ti=<TaskInstance: dag_with_taskflow_api_v02.get_age scheduled__2022-09-08T00:00:00+00:00 [queued]>
[2023-05-24T15:25:06.178+0000] {taskinstance.py:1103} INFO - Dependencies all met for dep_context=requeueable deps ti=<TaskInstance: dag_with_taskflow_api_v02.get_age scheduled__2022-09-08T00:00:00+00:00 [queued]>
[2023-05-24T15:25:06.178+0000] {taskinstance.py:1308} INFO - Starting attempt 1 of 6
[2023-05-24T15:25:06.285+0000] {taskinstance.py:1327} INFO - Executing <Task(_PythonDecoratedOperator): get_age> on 2022-09-08 00:00:00+00:00
[2023-05-24T15:25:06.300+0000] {standard_task_runner.py:57} INFO - Started process 2339 to run task
[2023-05-24T15:25:06.369+0000] {standard_task_runner.py:84} INFO - Running: ['***', 'tasks', 'run', 'dag_with_taskflow_api_v02', 'get_age', 'scheduled__2022-09-08T00:00:00+00:00', '--job-id', '957', '--raw', '--subdir', 'DAGS_FOLDER/first_dag.py', '--cfg-path', '/tmp/tmpt1d433v0']
[2023-05-24T15:25:06.394+0000] {standard_task_runner.py:85} INFO - Job 957: Subtask get_age
[2023-05-24T15:25:06.781+0000] {task_command.py:410} INFO - Running <TaskInstance: dag_with_taskflow_api_v02.get_age scheduled__2022-09-08T00:00:00+00:00 [running]> on host 942de29f183d
[2023-05-24T15:25:07.605+0000] {taskinstance.py:1547} INFO - Exporting env vars: AIRFLOW_CTX_DAG_OWNER='Sai' AIRFLOW_CTX_DAG_ID='dag_with_taskflow_api_v02' AIRFLOW_CTX_TASK_ID='get_age' AIRFLOW_CTX_EXECUTION_DATE='2022-09-08T00:00:00+00:00' AIRFLOW_CTX_TRY_NUMBER='1' AIRFLOW_CTX_DAG_RUN_ID='scheduled__2022-09-08T00:00:00+00:00'
[2023-05-24T15:25:07.608+0000] {python.py:183} INFO - Done. Returned value was: 19
[2023-05-24T15:25:07.823+0000] {taskinstance.py:1350} INFO - Marking task as SUCCESS. dag_id=dag_with_taskflow_api_v02, task_id=get_age, execution_date=20220908T000000, start_date=20230524T152506, end_date=20230524T152507
[2023-05-24T15:25:08.018+0000] {local_task_job_runner.py:225} INFO - Task exited with return code 0
[2023-05-24T15:25:08.171+0000] {taskinstance.py:2651} INFO - 1 downstream tasks scheduled from follow-on schedule check
[2023-05-25T06:57:38.647+0000] {taskinstance.py:1103} INFO - Dependencies all met for dep_context=non-requeueable deps ti=<TaskInstance: dag_with_taskflow_api_v02.get_age scheduled__2022-09-08T00:00:00+00:00 [queued]>
[2023-05-25T06:57:38.736+0000] {taskinstance.py:1103} INFO - Dependencies all met for dep_context=requeueable deps ti=<TaskInstance: dag_with_taskflow_api_v02.get_age scheduled__2022-09-08T00:00:00+00:00 [queued]>
[2023-05-25T06:57:38.736+0000] {taskinstance.py:1308} INFO - Starting attempt 1 of 6
[2023-05-25T06:57:38.963+0000] {taskinstance.py:1327} INFO - Executing <Task(_PythonDecoratedOperator): get_age> on 2022-09-08 00:00:00+00:00
[2023-05-25T06:57:39.011+0000] {standard_task_runner.py:57} INFO - Started process 3844 to run task
[2023-05-25T06:57:39.051+0000] {standard_task_runner.py:84} INFO - Running: ['***', 'tasks', 'run', 'dag_with_taskflow_api_v02', 'get_age', 'scheduled__2022-09-08T00:00:00+00:00', '--job-id', '954', '--raw', '--subdir', 'DAGS_FOLDER/first_dag.py', '--cfg-path', '/tmp/tmpymkoz082']
[2023-05-25T06:57:39.055+0000] {standard_task_runner.py:85} INFO - Job 954: Subtask get_age
[2023-05-25T06:57:39.394+0000] {task_command.py:410} INFO - Running <TaskInstance: dag_with_taskflow_api_v02.get_age scheduled__2022-09-08T00:00:00+00:00 [running]> on host 6bd07c7477d9
[2023-05-25T06:57:40.085+0000] {taskinstance.py:1547} INFO - Exporting env vars: AIRFLOW_CTX_DAG_OWNER='Sai' AIRFLOW_CTX_DAG_ID='dag_with_taskflow_api_v02' AIRFLOW_CTX_TASK_ID='get_age' AIRFLOW_CTX_EXECUTION_DATE='2022-09-08T00:00:00+00:00' AIRFLOW_CTX_TRY_NUMBER='1' AIRFLOW_CTX_DAG_RUN_ID='scheduled__2022-09-08T00:00:00+00:00'
[2023-05-25T06:57:40.087+0000] {python.py:183} INFO - Done. Returned value was: 19
[2023-05-25T06:57:40.283+0000] {taskinstance.py:1350} INFO - Marking task as SUCCESS. dag_id=dag_with_taskflow_api_v02, task_id=get_age, execution_date=20220908T000000, start_date=20230525T065738, end_date=20230525T065740
[2023-05-25T06:57:40.462+0000] {local_task_job_runner.py:225} INFO - Task exited with return code 0
[2023-05-25T06:57:40.776+0000] {taskinstance.py:2651} INFO - 0 downstream tasks scheduled from follow-on schedule check
[2023-05-25T10:31:01.776+0000] {taskinstance.py:1103} INFO - Dependencies all met for dep_context=non-requeueable deps ti=<TaskInstance: dag_with_taskflow_api_v02.get_age scheduled__2022-09-08T00:00:00+00:00 [queued]>
[2023-05-25T10:31:01.869+0000] {taskinstance.py:1103} INFO - Dependencies all met for dep_context=requeueable deps ti=<TaskInstance: dag_with_taskflow_api_v02.get_age scheduled__2022-09-08T00:00:00+00:00 [queued]>
[2023-05-25T10:31:01.869+0000] {taskinstance.py:1308} INFO - Starting attempt 1 of 6
[2023-05-25T10:31:02.030+0000] {taskinstance.py:1327} INFO - Executing <Task(_PythonDecoratedOperator): get_age> on 2022-09-08 00:00:00+00:00
[2023-05-25T10:31:02.054+0000] {standard_task_runner.py:57} INFO - Started process 3478 to run task
[2023-05-25T10:31:02.104+0000] {standard_task_runner.py:84} INFO - Running: ['***', 'tasks', 'run', 'dag_with_taskflow_api_v02', 'get_age', 'scheduled__2022-09-08T00:00:00+00:00', '--job-id', '967', '--raw', '--subdir', 'DAGS_FOLDER/first_dag.py', '--cfg-path', '/tmp/tmpu7l1knps']
[2023-05-25T10:31:02.112+0000] {standard_task_runner.py:85} INFO - Job 967: Subtask get_age
[2023-05-25T10:31:02.701+0000] {task_command.py:410} INFO - Running <TaskInstance: dag_with_taskflow_api_v02.get_age scheduled__2022-09-08T00:00:00+00:00 [running]> on host b1ae37a9584e
[2023-05-25T10:31:03.590+0000] {taskinstance.py:1547} INFO - Exporting env vars: AIRFLOW_CTX_DAG_OWNER='Sai' AIRFLOW_CTX_DAG_ID='dag_with_taskflow_api_v02' AIRFLOW_CTX_TASK_ID='get_age' AIRFLOW_CTX_EXECUTION_DATE='2022-09-08T00:00:00+00:00' AIRFLOW_CTX_TRY_NUMBER='1' AIRFLOW_CTX_DAG_RUN_ID='scheduled__2022-09-08T00:00:00+00:00'
[2023-05-25T10:31:03.591+0000] {python.py:183} INFO - Done. Returned value was: 19
[2023-05-25T10:31:03.721+0000] {taskinstance.py:1350} INFO - Marking task as SUCCESS. dag_id=dag_with_taskflow_api_v02, task_id=get_age, execution_date=20220908T000000, start_date=20230525T103101, end_date=20230525T103103
[2023-05-25T10:31:03.794+0000] {local_task_job_runner.py:225} INFO - Task exited with return code 0
[2023-05-25T10:31:04.024+0000] {taskinstance.py:2651} INFO - 0 downstream tasks scheduled from follow-on schedule check
