[2023-05-24T15:23:20.751+0000] {taskinstance.py:1103} INFO - Dependencies all met for dep_context=non-requeueable deps ti=<TaskInstance: dag_with_taskflow_api_v02.greet scheduled__2022-07-09T00:00:00+00:00 [queued]>
[2023-05-24T15:23:20.767+0000] {taskinstance.py:1103} INFO - Dependencies all met for dep_context=requeueable deps ti=<TaskInstance: dag_with_taskflow_api_v02.greet scheduled__2022-07-09T00:00:00+00:00 [queued]>
[2023-05-24T15:23:20.767+0000] {taskinstance.py:1308} INFO - Starting attempt 1 of 6
[2023-05-24T15:23:20.793+0000] {taskinstance.py:1327} INFO - Executing <Task(_PythonDecoratedOperator): greet> on 2022-07-09 00:00:00+00:00
[2023-05-24T15:23:20.800+0000] {standard_task_runner.py:57} INFO - Started process 1932 to run task
[2023-05-24T15:23:20.805+0000] {standard_task_runner.py:84} INFO - Running: ['***', 'tasks', 'run', 'dag_with_taskflow_api_v02', 'greet', 'scheduled__2022-07-09T00:00:00+00:00', '--job-id', '778', '--raw', '--subdir', 'DAGS_FOLDER/first_dag.py', '--cfg-path', '/tmp/tmp6w9i6m00']
[2023-05-24T15:23:20.807+0000] {standard_task_runner.py:85} INFO - Job 778: Subtask greet
[2023-05-24T15:23:20.891+0000] {task_command.py:410} INFO - Running <TaskInstance: dag_with_taskflow_api_v02.greet scheduled__2022-07-09T00:00:00+00:00 [running]> on host 942de29f183d
[2023-05-24T15:23:21.101+0000] {taskinstance.py:1547} INFO - Exporting env vars: AIRFLOW_CTX_DAG_OWNER='Sai' AIRFLOW_CTX_DAG_ID='dag_with_taskflow_api_v02' AIRFLOW_CTX_TASK_ID='greet' AIRFLOW_CTX_EXECUTION_DATE='2022-07-09T00:00:00+00:00' AIRFLOW_CTX_TRY_NUMBER='1' AIRFLOW_CTX_DAG_RUN_ID='scheduled__2022-07-09T00:00:00+00:00'
[2023-05-24T15:23:21.102+0000] {logging_mixin.py:149} INFO - Hello World! My name is Sai Tr and I am 19 years old!
[2023-05-24T15:23:21.102+0000] {python.py:183} INFO - Done. Returned value was: None
[2023-05-24T15:23:21.122+0000] {taskinstance.py:1350} INFO - Marking task as SUCCESS. dag_id=dag_with_taskflow_api_v02, task_id=greet, execution_date=20220709T000000, start_date=20230524T152320, end_date=20230524T152321
[2023-05-24T15:23:21.181+0000] {local_task_job_runner.py:225} INFO - Task exited with return code 0
[2023-05-24T15:23:21.218+0000] {taskinstance.py:2651} INFO - 0 downstream tasks scheduled from follow-on schedule check
[2023-05-25T06:56:04.117+0000] {taskinstance.py:1103} INFO - Dependencies all met for dep_context=non-requeueable deps ti=<TaskInstance: dag_with_taskflow_api_v02.greet scheduled__2022-07-09T00:00:00+00:00 [queued]>
[2023-05-25T06:56:04.215+0000] {taskinstance.py:1103} INFO - Dependencies all met for dep_context=requeueable deps ti=<TaskInstance: dag_with_taskflow_api_v02.greet scheduled__2022-07-09T00:00:00+00:00 [queued]>
[2023-05-25T06:56:04.226+0000] {taskinstance.py:1308} INFO - Starting attempt 1 of 6
[2023-05-25T06:56:04.386+0000] {taskinstance.py:1327} INFO - Executing <Task(_PythonDecoratedOperator): greet> on 2022-07-09 00:00:00+00:00
[2023-05-25T06:56:04.442+0000] {standard_task_runner.py:57} INFO - Started process 3477 to run task
[2023-05-25T06:56:04.550+0000] {standard_task_runner.py:84} INFO - Running: ['***', 'tasks', 'run', 'dag_with_taskflow_api_v02', 'greet', 'scheduled__2022-07-09T00:00:00+00:00', '--job-id', '788', '--raw', '--subdir', 'DAGS_FOLDER/first_dag.py', '--cfg-path', '/tmp/tmpsheyp5vx']
[2023-05-25T06:56:04.605+0000] {standard_task_runner.py:85} INFO - Job 788: Subtask greet
[2023-05-25T06:56:05.059+0000] {task_command.py:410} INFO - Running <TaskInstance: dag_with_taskflow_api_v02.greet scheduled__2022-07-09T00:00:00+00:00 [running]> on host 6bd07c7477d9
[2023-05-25T06:56:06.287+0000] {taskinstance.py:1547} INFO - Exporting env vars: AIRFLOW_CTX_DAG_OWNER='Sai' AIRFLOW_CTX_DAG_ID='dag_with_taskflow_api_v02' AIRFLOW_CTX_TASK_ID='greet' AIRFLOW_CTX_EXECUTION_DATE='2022-07-09T00:00:00+00:00' AIRFLOW_CTX_TRY_NUMBER='1' AIRFLOW_CTX_DAG_RUN_ID='scheduled__2022-07-09T00:00:00+00:00'
[2023-05-25T06:56:06.288+0000] {logging_mixin.py:149} INFO - Hello World! My name is Sai Tr and I am 19 years old!
[2023-05-25T06:56:06.288+0000] {python.py:183} INFO - Done. Returned value was: None
[2023-05-25T06:56:06.339+0000] {taskinstance.py:1350} INFO - Marking task as SUCCESS. dag_id=dag_with_taskflow_api_v02, task_id=greet, execution_date=20220709T000000, start_date=20230525T065604, end_date=20230525T065606
[2023-05-25T06:56:06.778+0000] {local_task_job_runner.py:225} INFO - Task exited with return code 0
[2023-05-25T06:56:06.935+0000] {taskinstance.py:2651} INFO - 0 downstream tasks scheduled from follow-on schedule check
[2023-05-25T10:27:49.337+0000] {taskinstance.py:1103} INFO - Dependencies all met for dep_context=non-requeueable deps ti=<TaskInstance: dag_with_taskflow_api_v02.greet scheduled__2022-07-09T00:00:00+00:00 [queued]>
[2023-05-25T10:27:49.473+0000] {taskinstance.py:1103} INFO - Dependencies all met for dep_context=requeueable deps ti=<TaskInstance: dag_with_taskflow_api_v02.greet scheduled__2022-07-09T00:00:00+00:00 [queued]>
[2023-05-25T10:27:49.487+0000] {taskinstance.py:1308} INFO - Starting attempt 1 of 6
[2023-05-25T10:27:50.106+0000] {taskinstance.py:1327} INFO - Executing <Task(_PythonDecoratedOperator): greet> on 2022-07-09 00:00:00+00:00
[2023-05-25T10:27:50.134+0000] {standard_task_runner.py:57} INFO - Started process 3068 to run task
[2023-05-25T10:27:50.203+0000] {standard_task_runner.py:84} INFO - Running: ['***', 'tasks', 'run', 'dag_with_taskflow_api_v02', 'greet', 'scheduled__2022-07-09T00:00:00+00:00', '--job-id', '796', '--raw', '--subdir', 'DAGS_FOLDER/first_dag.py', '--cfg-path', '/tmp/tmp3pejcsz8']
[2023-05-25T10:27:50.236+0000] {standard_task_runner.py:85} INFO - Job 796: Subtask greet
[2023-05-25T10:27:50.659+0000] {task_command.py:410} INFO - Running <TaskInstance: dag_with_taskflow_api_v02.greet scheduled__2022-07-09T00:00:00+00:00 [running]> on host b1ae37a9584e
[2023-05-25T10:27:51.471+0000] {taskinstance.py:1547} INFO - Exporting env vars: AIRFLOW_CTX_DAG_OWNER='Sai' AIRFLOW_CTX_DAG_ID='dag_with_taskflow_api_v02' AIRFLOW_CTX_TASK_ID='greet' AIRFLOW_CTX_EXECUTION_DATE='2022-07-09T00:00:00+00:00' AIRFLOW_CTX_TRY_NUMBER='1' AIRFLOW_CTX_DAG_RUN_ID='scheduled__2022-07-09T00:00:00+00:00'
[2023-05-25T10:27:51.472+0000] {logging_mixin.py:149} INFO - Hello World! My name is Sai Tr and I am 19 years old!
[2023-05-25T10:27:51.473+0000] {python.py:183} INFO - Done. Returned value was: None
[2023-05-25T10:27:51.520+0000] {taskinstance.py:1350} INFO - Marking task as SUCCESS. dag_id=dag_with_taskflow_api_v02, task_id=greet, execution_date=20220709T000000, start_date=20230525T102749, end_date=20230525T102751
[2023-05-25T10:27:51.632+0000] {local_task_job_runner.py:225} INFO - Task exited with return code 0
[2023-05-25T10:27:51.727+0000] {taskinstance.py:2651} INFO - 0 downstream tasks scheduled from follow-on schedule check
