[2023-05-24T15:22:45.916+0000] {taskinstance.py:1103} INFO - Dependencies all met for dep_context=non-requeueable deps ti=<TaskInstance: dag_with_taskflow_api_v02.get_age scheduled__2022-06-23T00:00:00+00:00 [queued]>
[2023-05-24T15:22:45.970+0000] {taskinstance.py:1103} INFO - Dependencies all met for dep_context=requeueable deps ti=<TaskInstance: dag_with_taskflow_api_v02.get_age scheduled__2022-06-23T00:00:00+00:00 [queued]>
[2023-05-24T15:22:45.978+0000] {taskinstance.py:1308} INFO - Starting attempt 1 of 6
[2023-05-24T15:22:46.071+0000] {taskinstance.py:1327} INFO - Executing <Task(_PythonDecoratedOperator): get_age> on 2022-06-23 00:00:00+00:00
[2023-05-24T15:22:46.090+0000] {standard_task_runner.py:57} INFO - Started process 1816 to run task
[2023-05-24T15:22:46.140+0000] {standard_task_runner.py:84} INFO - Running: ['***', 'tasks', 'run', 'dag_with_taskflow_api_v02', 'get_age', 'scheduled__2022-06-23T00:00:00+00:00', '--job-id', '721', '--raw', '--subdir', 'DAGS_FOLDER/first_dag.py', '--cfg-path', '/tmp/tmphahq08go']
[2023-05-24T15:22:46.143+0000] {standard_task_runner.py:85} INFO - Job 721: Subtask get_age
[2023-05-24T15:22:46.451+0000] {task_command.py:410} INFO - Running <TaskInstance: dag_with_taskflow_api_v02.get_age scheduled__2022-06-23T00:00:00+00:00 [running]> on host 942de29f183d
[2023-05-24T15:22:47.044+0000] {taskinstance.py:1547} INFO - Exporting env vars: AIRFLOW_CTX_DAG_OWNER='Sai' AIRFLOW_CTX_DAG_ID='dag_with_taskflow_api_v02' AIRFLOW_CTX_TASK_ID='get_age' AIRFLOW_CTX_EXECUTION_DATE='2022-06-23T00:00:00+00:00' AIRFLOW_CTX_TRY_NUMBER='1' AIRFLOW_CTX_DAG_RUN_ID='scheduled__2022-06-23T00:00:00+00:00'
[2023-05-24T15:22:47.045+0000] {python.py:183} INFO - Done. Returned value was: 19
[2023-05-24T15:22:47.126+0000] {taskinstance.py:1350} INFO - Marking task as SUCCESS. dag_id=dag_with_taskflow_api_v02, task_id=get_age, execution_date=20220623T000000, start_date=20230524T152245, end_date=20230524T152247
[2023-05-24T15:22:47.258+0000] {local_task_job_runner.py:225} INFO - Task exited with return code 0
[2023-05-24T15:22:47.861+0000] {taskinstance.py:2651} INFO - 1 downstream tasks scheduled from follow-on schedule check
[2023-05-25T06:55:27.915+0000] {taskinstance.py:1103} INFO - Dependencies all met for dep_context=non-requeueable deps ti=<TaskInstance: dag_with_taskflow_api_v02.get_age scheduled__2022-06-23T00:00:00+00:00 [queued]>
[2023-05-25T06:55:28.009+0000] {taskinstance.py:1103} INFO - Dependencies all met for dep_context=requeueable deps ti=<TaskInstance: dag_with_taskflow_api_v02.get_age scheduled__2022-06-23T00:00:00+00:00 [queued]>
[2023-05-25T06:55:28.010+0000] {taskinstance.py:1308} INFO - Starting attempt 1 of 6
[2023-05-25T06:55:28.232+0000] {taskinstance.py:1327} INFO - Executing <Task(_PythonDecoratedOperator): get_age> on 2022-06-23 00:00:00+00:00
[2023-05-25T06:55:28.242+0000] {standard_task_runner.py:57} INFO - Started process 3332 to run task
[2023-05-25T06:55:28.262+0000] {standard_task_runner.py:84} INFO - Running: ['***', 'tasks', 'run', 'dag_with_taskflow_api_v02', 'get_age', 'scheduled__2022-06-23T00:00:00+00:00', '--job-id', '721', '--raw', '--subdir', 'DAGS_FOLDER/first_dag.py', '--cfg-path', '/tmp/tmptbeq06on']
[2023-05-25T06:55:28.297+0000] {standard_task_runner.py:85} INFO - Job 721: Subtask get_age
[2023-05-25T06:55:28.701+0000] {task_command.py:410} INFO - Running <TaskInstance: dag_with_taskflow_api_v02.get_age scheduled__2022-06-23T00:00:00+00:00 [running]> on host 6bd07c7477d9
[2023-05-25T06:55:29.628+0000] {taskinstance.py:1547} INFO - Exporting env vars: AIRFLOW_CTX_DAG_OWNER='Sai' AIRFLOW_CTX_DAG_ID='dag_with_taskflow_api_v02' AIRFLOW_CTX_TASK_ID='get_age' AIRFLOW_CTX_EXECUTION_DATE='2022-06-23T00:00:00+00:00' AIRFLOW_CTX_TRY_NUMBER='1' AIRFLOW_CTX_DAG_RUN_ID='scheduled__2022-06-23T00:00:00+00:00'
[2023-05-25T06:55:29.629+0000] {python.py:183} INFO - Done. Returned value was: 19
[2023-05-25T06:55:29.826+0000] {taskinstance.py:1350} INFO - Marking task as SUCCESS. dag_id=dag_with_taskflow_api_v02, task_id=get_age, execution_date=20220623T000000, start_date=20230525T065527, end_date=20230525T065529
[2023-05-25T06:55:29.993+0000] {local_task_job_runner.py:225} INFO - Task exited with return code 0
[2023-05-25T06:55:30.246+0000] {taskinstance.py:2651} INFO - 0 downstream tasks scheduled from follow-on schedule check
[2023-05-25T10:27:05.605+0000] {taskinstance.py:1103} INFO - Dependencies all met for dep_context=non-requeueable deps ti=<TaskInstance: dag_with_taskflow_api_v02.get_age scheduled__2022-06-23T00:00:00+00:00 [queued]>
[2023-05-25T10:27:05.723+0000] {taskinstance.py:1103} INFO - Dependencies all met for dep_context=requeueable deps ti=<TaskInstance: dag_with_taskflow_api_v02.get_age scheduled__2022-06-23T00:00:00+00:00 [queued]>
[2023-05-25T10:27:05.732+0000] {taskinstance.py:1308} INFO - Starting attempt 1 of 6
[2023-05-25T10:27:05.953+0000] {taskinstance.py:1327} INFO - Executing <Task(_PythonDecoratedOperator): get_age> on 2022-06-23 00:00:00+00:00
[2023-05-25T10:27:05.991+0000] {standard_task_runner.py:57} INFO - Started process 2926 to run task
[2023-05-25T10:27:06.087+0000] {standard_task_runner.py:84} INFO - Running: ['***', 'tasks', 'run', 'dag_with_taskflow_api_v02', 'get_age', 'scheduled__2022-06-23T00:00:00+00:00', '--job-id', '734', '--raw', '--subdir', 'DAGS_FOLDER/first_dag.py', '--cfg-path', '/tmp/tmp_l_88puv']
[2023-05-25T10:27:06.106+0000] {standard_task_runner.py:85} INFO - Job 734: Subtask get_age
[2023-05-25T10:27:06.446+0000] {task_command.py:410} INFO - Running <TaskInstance: dag_with_taskflow_api_v02.get_age scheduled__2022-06-23T00:00:00+00:00 [running]> on host b1ae37a9584e
[2023-05-25T10:27:07.918+0000] {taskinstance.py:1547} INFO - Exporting env vars: AIRFLOW_CTX_DAG_OWNER='Sai' AIRFLOW_CTX_DAG_ID='dag_with_taskflow_api_v02' AIRFLOW_CTX_TASK_ID='get_age' AIRFLOW_CTX_EXECUTION_DATE='2022-06-23T00:00:00+00:00' AIRFLOW_CTX_TRY_NUMBER='1' AIRFLOW_CTX_DAG_RUN_ID='scheduled__2022-06-23T00:00:00+00:00'
[2023-05-25T10:27:07.919+0000] {python.py:183} INFO - Done. Returned value was: 19
[2023-05-25T10:27:08.049+0000] {taskinstance.py:1350} INFO - Marking task as SUCCESS. dag_id=dag_with_taskflow_api_v02, task_id=get_age, execution_date=20220623T000000, start_date=20230525T102705, end_date=20230525T102708
[2023-05-25T10:27:08.242+0000] {local_task_job_runner.py:225} INFO - Task exited with return code 0
[2023-05-25T10:27:08.737+0000] {taskinstance.py:2651} INFO - 0 downstream tasks scheduled from follow-on schedule check
