[2023-05-24T15:28:43.882+0000] {taskinstance.py:1103} INFO - Dependencies all met for dep_context=non-requeueable deps ti=<TaskInstance: dag_with_taskflow_api_v02.get_name scheduled__2023-01-19T00:00:00+00:00 [queued]>
[2023-05-24T15:28:43.962+0000] {taskinstance.py:1103} INFO - Dependencies all met for dep_context=requeueable deps ti=<TaskInstance: dag_with_taskflow_api_v02.get_name scheduled__2023-01-19T00:00:00+00:00 [queued]>
[2023-05-24T15:28:43.972+0000] {taskinstance.py:1308} INFO - Starting attempt 1 of 6
[2023-05-24T15:28:44.337+0000] {taskinstance.py:1327} INFO - Executing <Task(_PythonDecoratedOperator): get_name> on 2023-01-19 00:00:00+00:00
[2023-05-24T15:28:44.351+0000] {standard_task_runner.py:57} INFO - Started process 3215 to run task
[2023-05-24T15:28:44.394+0000] {standard_task_runner.py:84} INFO - Running: ['***', 'tasks', 'run', 'dag_with_taskflow_api_v02', 'get_name', 'scheduled__2023-01-19T00:00:00+00:00', '--job-id', '1352', '--raw', '--subdir', 'DAGS_FOLDER/first_dag.py', '--cfg-path', '/tmp/tmpxkcfoqqc']
[2023-05-24T15:28:44.431+0000] {standard_task_runner.py:85} INFO - Job 1352: Subtask get_name
[2023-05-24T15:28:44.631+0000] {task_command.py:410} INFO - Running <TaskInstance: dag_with_taskflow_api_v02.get_name scheduled__2023-01-19T00:00:00+00:00 [running]> on host 942de29f183d
[2023-05-24T15:28:45.285+0000] {taskinstance.py:1547} INFO - Exporting env vars: AIRFLOW_CTX_DAG_OWNER='Sai' AIRFLOW_CTX_DAG_ID='dag_with_taskflow_api_v02' AIRFLOW_CTX_TASK_ID='get_name' AIRFLOW_CTX_EXECUTION_DATE='2023-01-19T00:00:00+00:00' AIRFLOW_CTX_TRY_NUMBER='1' AIRFLOW_CTX_DAG_RUN_ID='scheduled__2023-01-19T00:00:00+00:00'
[2023-05-24T15:28:45.287+0000] {python.py:183} INFO - Done. Returned value was: {'first_name': 'Sai', 'last_name': 'Tr'}
[2023-05-24T15:28:45.507+0000] {taskinstance.py:1350} INFO - Marking task as SUCCESS. dag_id=dag_with_taskflow_api_v02, task_id=get_name, execution_date=20230119T000000, start_date=20230524T152843, end_date=20230524T152845
[2023-05-24T15:28:45.595+0000] {local_task_job_runner.py:225} INFO - Task exited with return code 0
[2023-05-24T15:28:46.027+0000] {taskinstance.py:2651} INFO - 1 downstream tasks scheduled from follow-on schedule check
[2023-05-25T07:01:15.466+0000] {taskinstance.py:1103} INFO - Dependencies all met for dep_context=non-requeueable deps ti=<TaskInstance: dag_with_taskflow_api_v02.get_name scheduled__2023-01-19T00:00:00+00:00 [queued]>
[2023-05-25T07:01:15.579+0000] {taskinstance.py:1103} INFO - Dependencies all met for dep_context=requeueable deps ti=<TaskInstance: dag_with_taskflow_api_v02.get_name scheduled__2023-01-19T00:00:00+00:00 [queued]>
[2023-05-25T07:01:15.579+0000] {taskinstance.py:1308} INFO - Starting attempt 1 of 6
[2023-05-25T07:01:15.739+0000] {taskinstance.py:1327} INFO - Executing <Task(_PythonDecoratedOperator): get_name> on 2023-01-19 00:00:00+00:00
[2023-05-25T07:01:15.761+0000] {standard_task_runner.py:57} INFO - Started process 4733 to run task
[2023-05-25T07:01:15.792+0000] {standard_task_runner.py:84} INFO - Running: ['***', 'tasks', 'run', 'dag_with_taskflow_api_v02', 'get_name', 'scheduled__2023-01-19T00:00:00+00:00', '--job-id', '1352', '--raw', '--subdir', 'DAGS_FOLDER/first_dag.py', '--cfg-path', '/tmp/tmp297149xl']
[2023-05-25T07:01:15.828+0000] {standard_task_runner.py:85} INFO - Job 1352: Subtask get_name
[2023-05-25T07:01:16.191+0000] {task_command.py:410} INFO - Running <TaskInstance: dag_with_taskflow_api_v02.get_name scheduled__2023-01-19T00:00:00+00:00 [running]> on host 6bd07c7477d9
[2023-05-25T07:01:17.060+0000] {taskinstance.py:1547} INFO - Exporting env vars: AIRFLOW_CTX_DAG_OWNER='Sai' AIRFLOW_CTX_DAG_ID='dag_with_taskflow_api_v02' AIRFLOW_CTX_TASK_ID='get_name' AIRFLOW_CTX_EXECUTION_DATE='2023-01-19T00:00:00+00:00' AIRFLOW_CTX_TRY_NUMBER='1' AIRFLOW_CTX_DAG_RUN_ID='scheduled__2023-01-19T00:00:00+00:00'
[2023-05-25T07:01:17.061+0000] {python.py:183} INFO - Done. Returned value was: {'first_name': 'Sai', 'last_name': 'Tr'}
[2023-05-25T07:01:17.273+0000] {taskinstance.py:1350} INFO - Marking task as SUCCESS. dag_id=dag_with_taskflow_api_v02, task_id=get_name, execution_date=20230119T000000, start_date=20230525T070115, end_date=20230525T070117
[2023-05-25T07:01:17.397+0000] {local_task_job_runner.py:225} INFO - Task exited with return code 0
[2023-05-25T07:01:17.566+0000] {taskinstance.py:2651} INFO - 1 downstream tasks scheduled from follow-on schedule check
[2023-05-25T10:35:29.904+0000] {taskinstance.py:1103} INFO - Dependencies all met for dep_context=non-requeueable deps ti=<TaskInstance: dag_with_taskflow_api_v02.get_name scheduled__2023-01-19T00:00:00+00:00 [queued]>
[2023-05-25T10:35:29.993+0000] {taskinstance.py:1103} INFO - Dependencies all met for dep_context=requeueable deps ti=<TaskInstance: dag_with_taskflow_api_v02.get_name scheduled__2023-01-19T00:00:00+00:00 [queued]>
[2023-05-25T10:35:29.994+0000] {taskinstance.py:1308} INFO - Starting attempt 1 of 6
[2023-05-25T10:35:30.260+0000] {taskinstance.py:1327} INFO - Executing <Task(_PythonDecoratedOperator): get_name> on 2023-01-19 00:00:00+00:00
[2023-05-25T10:35:30.275+0000] {standard_task_runner.py:57} INFO - Started process 4382 to run task
[2023-05-25T10:35:30.352+0000] {standard_task_runner.py:84} INFO - Running: ['***', 'tasks', 'run', 'dag_with_taskflow_api_v02', 'get_name', 'scheduled__2023-01-19T00:00:00+00:00', '--job-id', '1368', '--raw', '--subdir', 'DAGS_FOLDER/first_dag.py', '--cfg-path', '/tmp/tmp0ktdvx4_']
[2023-05-25T10:35:30.381+0000] {standard_task_runner.py:85} INFO - Job 1368: Subtask get_name
[2023-05-25T10:35:30.750+0000] {task_command.py:410} INFO - Running <TaskInstance: dag_with_taskflow_api_v02.get_name scheduled__2023-01-19T00:00:00+00:00 [running]> on host b1ae37a9584e
[2023-05-25T10:35:31.932+0000] {taskinstance.py:1547} INFO - Exporting env vars: AIRFLOW_CTX_DAG_OWNER='Sai' AIRFLOW_CTX_DAG_ID='dag_with_taskflow_api_v02' AIRFLOW_CTX_TASK_ID='get_name' AIRFLOW_CTX_EXECUTION_DATE='2023-01-19T00:00:00+00:00' AIRFLOW_CTX_TRY_NUMBER='1' AIRFLOW_CTX_DAG_RUN_ID='scheduled__2023-01-19T00:00:00+00:00'
[2023-05-25T10:35:31.933+0000] {python.py:183} INFO - Done. Returned value was: {'first_name': 'Sai', 'last_name': 'Tr'}
[2023-05-25T10:35:32.291+0000] {taskinstance.py:1350} INFO - Marking task as SUCCESS. dag_id=dag_with_taskflow_api_v02, task_id=get_name, execution_date=20230119T000000, start_date=20230525T103529, end_date=20230525T103532
[2023-05-25T10:35:32.487+0000] {local_task_job_runner.py:225} INFO - Task exited with return code 0
[2023-05-25T10:35:32.827+0000] {taskinstance.py:2651} INFO - 0 downstream tasks scheduled from follow-on schedule check
