[2023-05-24T15:28:23.457+0000] {taskinstance.py:1103} INFO - Dependencies all met for dep_context=non-requeueable deps ti=<TaskInstance: dag_with_taskflow_api_v02.greet scheduled__2022-12-30T00:00:00+00:00 [queued]>
[2023-05-24T15:28:23.573+0000] {taskinstance.py:1103} INFO - Dependencies all met for dep_context=requeueable deps ti=<TaskInstance: dag_with_taskflow_api_v02.greet scheduled__2022-12-30T00:00:00+00:00 [queued]>
[2023-05-24T15:28:23.581+0000] {taskinstance.py:1308} INFO - Starting attempt 1 of 6
[2023-05-24T15:28:23.659+0000] {taskinstance.py:1327} INFO - Executing <Task(_PythonDecoratedOperator): greet> on 2022-12-30 00:00:00+00:00
[2023-05-24T15:28:23.677+0000] {standard_task_runner.py:57} INFO - Started process 3125 to run task
[2023-05-24T15:28:23.703+0000] {standard_task_runner.py:84} INFO - Running: ['***', 'tasks', 'run', 'dag_with_taskflow_api_v02', 'greet', 'scheduled__2022-12-30T00:00:00+00:00', '--job-id', '1313', '--raw', '--subdir', 'DAGS_FOLDER/first_dag.py', '--cfg-path', '/tmp/tmpffedw3ps']
[2023-05-24T15:28:23.726+0000] {standard_task_runner.py:85} INFO - Job 1313: Subtask greet
[2023-05-24T15:28:23.980+0000] {task_command.py:410} INFO - Running <TaskInstance: dag_with_taskflow_api_v02.greet scheduled__2022-12-30T00:00:00+00:00 [running]> on host 942de29f183d
[2023-05-24T15:28:25.245+0000] {taskinstance.py:1547} INFO - Exporting env vars: AIRFLOW_CTX_DAG_OWNER='Sai' AIRFLOW_CTX_DAG_ID='dag_with_taskflow_api_v02' AIRFLOW_CTX_TASK_ID='greet' AIRFLOW_CTX_EXECUTION_DATE='2022-12-30T00:00:00+00:00' AIRFLOW_CTX_TRY_NUMBER='1' AIRFLOW_CTX_DAG_RUN_ID='scheduled__2022-12-30T00:00:00+00:00'
[2023-05-24T15:28:25.246+0000] {logging_mixin.py:149} INFO - Hello World! My name is Sai Tr and I am 19 years old!
[2023-05-24T15:28:25.246+0000] {python.py:183} INFO - Done. Returned value was: None
[2023-05-24T15:28:25.312+0000] {taskinstance.py:1350} INFO - Marking task as SUCCESS. dag_id=dag_with_taskflow_api_v02, task_id=greet, execution_date=20221230T000000, start_date=20230524T152823, end_date=20230524T152825
[2023-05-24T15:28:25.511+0000] {local_task_job_runner.py:225} INFO - Task exited with return code 0
[2023-05-24T15:28:25.601+0000] {taskinstance.py:2651} INFO - 0 downstream tasks scheduled from follow-on schedule check
[2023-05-25T07:00:53.627+0000] {taskinstance.py:1103} INFO - Dependencies all met for dep_context=non-requeueable deps ti=<TaskInstance: dag_with_taskflow_api_v02.greet scheduled__2022-12-30T00:00:00+00:00 [queued]>
[2023-05-25T07:00:53.737+0000] {taskinstance.py:1103} INFO - Dependencies all met for dep_context=requeueable deps ti=<TaskInstance: dag_with_taskflow_api_v02.greet scheduled__2022-12-30T00:00:00+00:00 [queued]>
[2023-05-25T07:00:53.737+0000] {taskinstance.py:1308} INFO - Starting attempt 1 of 6
[2023-05-25T07:00:53.837+0000] {taskinstance.py:1327} INFO - Executing <Task(_PythonDecoratedOperator): greet> on 2022-12-30 00:00:00+00:00
[2023-05-25T07:00:53.857+0000] {standard_task_runner.py:57} INFO - Started process 4637 to run task
[2023-05-25T07:00:53.894+0000] {standard_task_runner.py:84} INFO - Running: ['***', 'tasks', 'run', 'dag_with_taskflow_api_v02', 'greet', 'scheduled__2022-12-30T00:00:00+00:00', '--job-id', '1310', '--raw', '--subdir', 'DAGS_FOLDER/first_dag.py', '--cfg-path', '/tmp/tmpp7a46ff2']
[2023-05-25T07:00:53.914+0000] {standard_task_runner.py:85} INFO - Job 1310: Subtask greet
[2023-05-25T07:00:54.222+0000] {task_command.py:410} INFO - Running <TaskInstance: dag_with_taskflow_api_v02.greet scheduled__2022-12-30T00:00:00+00:00 [running]> on host 6bd07c7477d9
[2023-05-25T07:00:55.331+0000] {taskinstance.py:1547} INFO - Exporting env vars: AIRFLOW_CTX_DAG_OWNER='Sai' AIRFLOW_CTX_DAG_ID='dag_with_taskflow_api_v02' AIRFLOW_CTX_TASK_ID='greet' AIRFLOW_CTX_EXECUTION_DATE='2022-12-30T00:00:00+00:00' AIRFLOW_CTX_TRY_NUMBER='1' AIRFLOW_CTX_DAG_RUN_ID='scheduled__2022-12-30T00:00:00+00:00'
[2023-05-25T07:00:55.341+0000] {logging_mixin.py:149} INFO - Hello World! My name is Sai Tr and I am 19 years old!
[2023-05-25T07:00:55.342+0000] {python.py:183} INFO - Done. Returned value was: None
[2023-05-25T07:00:55.391+0000] {taskinstance.py:1350} INFO - Marking task as SUCCESS. dag_id=dag_with_taskflow_api_v02, task_id=greet, execution_date=20221230T000000, start_date=20230525T070053, end_date=20230525T070055
[2023-05-25T07:00:55.494+0000] {local_task_job_runner.py:225} INFO - Task exited with return code 0
[2023-05-25T07:00:55.943+0000] {taskinstance.py:2651} INFO - 0 downstream tasks scheduled from follow-on schedule check
[2023-05-25T10:34:54.511+0000] {taskinstance.py:1103} INFO - Dependencies all met for dep_context=non-requeueable deps ti=<TaskInstance: dag_with_taskflow_api_v02.greet scheduled__2022-12-30T00:00:00+00:00 [queued]>
[2023-05-25T10:34:54.593+0000] {taskinstance.py:1103} INFO - Dependencies all met for dep_context=requeueable deps ti=<TaskInstance: dag_with_taskflow_api_v02.greet scheduled__2022-12-30T00:00:00+00:00 [queued]>
[2023-05-25T10:34:54.595+0000] {taskinstance.py:1308} INFO - Starting attempt 1 of 6
[2023-05-25T10:34:54.746+0000] {taskinstance.py:1327} INFO - Executing <Task(_PythonDecoratedOperator): greet> on 2022-12-30 00:00:00+00:00
[2023-05-25T10:34:54.772+0000] {standard_task_runner.py:57} INFO - Started process 4260 to run task
[2023-05-25T10:34:54.805+0000] {standard_task_runner.py:84} INFO - Running: ['***', 'tasks', 'run', 'dag_with_taskflow_api_v02', 'greet', 'scheduled__2022-12-30T00:00:00+00:00', '--job-id', '1318', '--raw', '--subdir', 'DAGS_FOLDER/first_dag.py', '--cfg-path', '/tmp/tmpgymjr3zi']
[2023-05-25T10:34:54.821+0000] {standard_task_runner.py:85} INFO - Job 1318: Subtask greet
[2023-05-25T10:34:55.036+0000] {task_command.py:410} INFO - Running <TaskInstance: dag_with_taskflow_api_v02.greet scheduled__2022-12-30T00:00:00+00:00 [running]> on host b1ae37a9584e
[2023-05-25T10:34:55.551+0000] {taskinstance.py:1547} INFO - Exporting env vars: AIRFLOW_CTX_DAG_OWNER='Sai' AIRFLOW_CTX_DAG_ID='dag_with_taskflow_api_v02' AIRFLOW_CTX_TASK_ID='greet' AIRFLOW_CTX_EXECUTION_DATE='2022-12-30T00:00:00+00:00' AIRFLOW_CTX_TRY_NUMBER='1' AIRFLOW_CTX_DAG_RUN_ID='scheduled__2022-12-30T00:00:00+00:00'
[2023-05-25T10:34:55.552+0000] {logging_mixin.py:149} INFO - Hello World! My name is Sai Tr and I am 19 years old!
[2023-05-25T10:34:55.553+0000] {python.py:183} INFO - Done. Returned value was: None
[2023-05-25T10:34:55.588+0000] {taskinstance.py:1350} INFO - Marking task as SUCCESS. dag_id=dag_with_taskflow_api_v02, task_id=greet, execution_date=20221230T000000, start_date=20230525T103454, end_date=20230525T103455
[2023-05-25T10:34:55.764+0000] {local_task_job_runner.py:225} INFO - Task exited with return code 0
[2023-05-25T10:34:55.847+0000] {taskinstance.py:2651} INFO - 0 downstream tasks scheduled from follow-on schedule check
