[2023-05-24T15:30:47.814+0000] {taskinstance.py:1103} INFO - Dependencies all met for dep_context=non-requeueable deps ti=<TaskInstance: dag_with_taskflow_api_v02.get_name scheduled__2023-04-06T00:00:00+00:00 [queued]>
[2023-05-24T15:30:47.870+0000] {taskinstance.py:1103} INFO - Dependencies all met for dep_context=requeueable deps ti=<TaskInstance: dag_with_taskflow_api_v02.get_name scheduled__2023-04-06T00:00:00+00:00 [queued]>
[2023-05-24T15:30:47.871+0000] {taskinstance.py:1308} INFO - Starting attempt 1 of 6
[2023-05-24T15:30:47.999+0000] {taskinstance.py:1327} INFO - Executing <Task(_PythonDecoratedOperator): get_name> on 2023-04-06 00:00:00+00:00
[2023-05-24T15:30:48.027+0000] {standard_task_runner.py:57} INFO - Started process 3718 to run task
[2023-05-24T15:30:48.098+0000] {standard_task_runner.py:84} INFO - Running: ['***', 'tasks', 'run', 'dag_with_taskflow_api_v02', 'get_name', 'scheduled__2023-04-06T00:00:00+00:00', '--job-id', '1580', '--raw', '--subdir', 'DAGS_FOLDER/first_dag.py', '--cfg-path', '/tmp/tmpsfttbs30']
[2023-05-24T15:30:48.115+0000] {standard_task_runner.py:85} INFO - Job 1580: Subtask get_name
[2023-05-24T15:30:48.539+0000] {task_command.py:410} INFO - Running <TaskInstance: dag_with_taskflow_api_v02.get_name scheduled__2023-04-06T00:00:00+00:00 [running]> on host 942de29f183d
[2023-05-24T15:30:49.444+0000] {taskinstance.py:1547} INFO - Exporting env vars: AIRFLOW_CTX_DAG_OWNER='Sai' AIRFLOW_CTX_DAG_ID='dag_with_taskflow_api_v02' AIRFLOW_CTX_TASK_ID='get_name' AIRFLOW_CTX_EXECUTION_DATE='2023-04-06T00:00:00+00:00' AIRFLOW_CTX_TRY_NUMBER='1' AIRFLOW_CTX_DAG_RUN_ID='scheduled__2023-04-06T00:00:00+00:00'
[2023-05-24T15:30:49.448+0000] {python.py:183} INFO - Done. Returned value was: {'first_name': 'Sai', 'last_name': 'Tr'}
[2023-05-24T15:30:49.763+0000] {taskinstance.py:1350} INFO - Marking task as SUCCESS. dag_id=dag_with_taskflow_api_v02, task_id=get_name, execution_date=20230406T000000, start_date=20230524T153047, end_date=20230524T153049
[2023-05-24T15:30:49.882+0000] {local_task_job_runner.py:225} INFO - Task exited with return code 0
[2023-05-24T15:30:50.160+0000] {taskinstance.py:2651} INFO - 0 downstream tasks scheduled from follow-on schedule check
[2023-05-25T07:03:20.217+0000] {taskinstance.py:1103} INFO - Dependencies all met for dep_context=non-requeueable deps ti=<TaskInstance: dag_with_taskflow_api_v02.get_name scheduled__2023-04-06T00:00:00+00:00 [queued]>
[2023-05-25T07:03:20.376+0000] {taskinstance.py:1103} INFO - Dependencies all met for dep_context=requeueable deps ti=<TaskInstance: dag_with_taskflow_api_v02.get_name scheduled__2023-04-06T00:00:00+00:00 [queued]>
[2023-05-25T07:03:20.377+0000] {taskinstance.py:1308} INFO - Starting attempt 1 of 6
[2023-05-25T07:03:20.566+0000] {taskinstance.py:1327} INFO - Executing <Task(_PythonDecoratedOperator): get_name> on 2023-04-06 00:00:00+00:00
[2023-05-25T07:03:20.595+0000] {standard_task_runner.py:57} INFO - Started process 5241 to run task
[2023-05-25T07:03:20.654+0000] {standard_task_runner.py:84} INFO - Running: ['***', 'tasks', 'run', 'dag_with_taskflow_api_v02', 'get_name', 'scheduled__2023-04-06T00:00:00+00:00', '--job-id', '1581', '--raw', '--subdir', 'DAGS_FOLDER/first_dag.py', '--cfg-path', '/tmp/tmpngra_3yb']
[2023-05-25T07:03:20.674+0000] {standard_task_runner.py:85} INFO - Job 1581: Subtask get_name
[2023-05-25T07:03:21.084+0000] {task_command.py:410} INFO - Running <TaskInstance: dag_with_taskflow_api_v02.get_name scheduled__2023-04-06T00:00:00+00:00 [running]> on host 6bd07c7477d9
[2023-05-25T07:03:21.877+0000] {taskinstance.py:1547} INFO - Exporting env vars: AIRFLOW_CTX_DAG_OWNER='Sai' AIRFLOW_CTX_DAG_ID='dag_with_taskflow_api_v02' AIRFLOW_CTX_TASK_ID='get_name' AIRFLOW_CTX_EXECUTION_DATE='2023-04-06T00:00:00+00:00' AIRFLOW_CTX_TRY_NUMBER='1' AIRFLOW_CTX_DAG_RUN_ID='scheduled__2023-04-06T00:00:00+00:00'
[2023-05-25T07:03:21.878+0000] {python.py:183} INFO - Done. Returned value was: {'first_name': 'Sai', 'last_name': 'Tr'}
[2023-05-25T07:03:22.236+0000] {taskinstance.py:1350} INFO - Marking task as SUCCESS. dag_id=dag_with_taskflow_api_v02, task_id=get_name, execution_date=20230406T000000, start_date=20230525T070320, end_date=20230525T070322
[2023-05-25T07:03:22.420+0000] {local_task_job_runner.py:225} INFO - Task exited with return code 0
[2023-05-25T07:03:23.182+0000] {taskinstance.py:2651} INFO - 0 downstream tasks scheduled from follow-on schedule check
[2023-05-25T10:37:57.139+0000] {taskinstance.py:1103} INFO - Dependencies all met for dep_context=non-requeueable deps ti=<TaskInstance: dag_with_taskflow_api_v02.get_name scheduled__2023-04-06T00:00:00+00:00 [queued]>
[2023-05-25T10:37:57.284+0000] {taskinstance.py:1103} INFO - Dependencies all met for dep_context=requeueable deps ti=<TaskInstance: dag_with_taskflow_api_v02.get_name scheduled__2023-04-06T00:00:00+00:00 [queued]>
[2023-05-25T10:37:57.284+0000] {taskinstance.py:1308} INFO - Starting attempt 1 of 6
[2023-05-25T10:37:57.546+0000] {taskinstance.py:1327} INFO - Executing <Task(_PythonDecoratedOperator): get_name> on 2023-04-06 00:00:00+00:00
[2023-05-25T10:37:57.612+0000] {standard_task_runner.py:57} INFO - Started process 4904 to run task
[2023-05-25T10:37:57.708+0000] {standard_task_runner.py:84} INFO - Running: ['***', 'tasks', 'run', 'dag_with_taskflow_api_v02', 'get_name', 'scheduled__2023-04-06T00:00:00+00:00', '--job-id', '1601', '--raw', '--subdir', 'DAGS_FOLDER/first_dag.py', '--cfg-path', '/tmp/tmp4onoff2w']
[2023-05-25T10:37:57.725+0000] {standard_task_runner.py:85} INFO - Job 1601: Subtask get_name
[2023-05-25T10:37:58.373+0000] {task_command.py:410} INFO - Running <TaskInstance: dag_with_taskflow_api_v02.get_name scheduled__2023-04-06T00:00:00+00:00 [running]> on host b1ae37a9584e
[2023-05-25T10:37:59.329+0000] {taskinstance.py:1547} INFO - Exporting env vars: AIRFLOW_CTX_DAG_OWNER='Sai' AIRFLOW_CTX_DAG_ID='dag_with_taskflow_api_v02' AIRFLOW_CTX_TASK_ID='get_name' AIRFLOW_CTX_EXECUTION_DATE='2023-04-06T00:00:00+00:00' AIRFLOW_CTX_TRY_NUMBER='1' AIRFLOW_CTX_DAG_RUN_ID='scheduled__2023-04-06T00:00:00+00:00'
[2023-05-25T10:37:59.330+0000] {python.py:183} INFO - Done. Returned value was: {'first_name': 'Sai', 'last_name': 'Tr'}
[2023-05-25T10:37:59.633+0000] {taskinstance.py:1350} INFO - Marking task as SUCCESS. dag_id=dag_with_taskflow_api_v02, task_id=get_name, execution_date=20230406T000000, start_date=20230525T103757, end_date=20230525T103759
[2023-05-25T10:37:59.942+0000] {local_task_job_runner.py:225} INFO - Task exited with return code 0
[2023-05-25T10:38:00.323+0000] {taskinstance.py:2651} INFO - 0 downstream tasks scheduled from follow-on schedule check
