[2023-05-24T15:19:25.401+0000] {taskinstance.py:1103} INFO - Dependencies all met for dep_context=non-requeueable deps ti=<TaskInstance: dag_with_taskflow_api_v02.get_name scheduled__2022-03-10T00:00:00+00:00 [queued]>
[2023-05-24T15:19:25.502+0000] {taskinstance.py:1103} INFO - Dependencies all met for dep_context=requeueable deps ti=<TaskInstance: dag_with_taskflow_api_v02.get_name scheduled__2022-03-10T00:00:00+00:00 [queued]>
[2023-05-24T15:19:25.502+0000] {taskinstance.py:1308} INFO - Starting attempt 1 of 6
[2023-05-24T15:19:25.650+0000] {taskinstance.py:1327} INFO - Executing <Task(_PythonDecoratedOperator): get_name> on 2022-03-10 00:00:00+00:00
[2023-05-24T15:19:25.660+0000] {standard_task_runner.py:57} INFO - Started process 1099 to run task
[2023-05-24T15:19:25.699+0000] {standard_task_runner.py:84} INFO - Running: ['***', 'tasks', 'run', 'dag_with_taskflow_api_v02', 'get_name', 'scheduled__2022-03-10T00:00:00+00:00', '--job-id', '404', '--raw', '--subdir', 'DAGS_FOLDER/first_dag.py', '--cfg-path', '/tmp/tmpowjvimlx']
[2023-05-24T15:19:25.726+0000] {standard_task_runner.py:85} INFO - Job 404: Subtask get_name
[2023-05-24T15:19:26.100+0000] {task_command.py:410} INFO - Running <TaskInstance: dag_with_taskflow_api_v02.get_name scheduled__2022-03-10T00:00:00+00:00 [running]> on host 942de29f183d
[2023-05-24T15:19:26.688+0000] {taskinstance.py:1547} INFO - Exporting env vars: AIRFLOW_CTX_DAG_OWNER='Sai' AIRFLOW_CTX_DAG_ID='dag_with_taskflow_api_v02' AIRFLOW_CTX_TASK_ID='get_name' AIRFLOW_CTX_EXECUTION_DATE='2022-03-10T00:00:00+00:00' AIRFLOW_CTX_TRY_NUMBER='1' AIRFLOW_CTX_DAG_RUN_ID='scheduled__2022-03-10T00:00:00+00:00'
[2023-05-24T15:19:26.689+0000] {python.py:183} INFO - Done. Returned value was: {'first_name': 'Sai', 'last_name': 'Tr'}
[2023-05-24T15:19:26.843+0000] {taskinstance.py:1350} INFO - Marking task as SUCCESS. dag_id=dag_with_taskflow_api_v02, task_id=get_name, execution_date=20220310T000000, start_date=20230524T151925, end_date=20230524T151926
[2023-05-24T15:19:26.930+0000] {local_task_job_runner.py:225} INFO - Task exited with return code 0
[2023-05-24T15:19:27.262+0000] {taskinstance.py:2651} INFO - 0 downstream tasks scheduled from follow-on schedule check
[2023-05-25T06:52:41.020+0000] {taskinstance.py:1103} INFO - Dependencies all met for dep_context=non-requeueable deps ti=<TaskInstance: dag_with_taskflow_api_v02.get_name scheduled__2022-03-10T00:00:00+00:00 [queued]>
[2023-05-25T06:52:41.047+0000] {taskinstance.py:1103} INFO - Dependencies all met for dep_context=requeueable deps ti=<TaskInstance: dag_with_taskflow_api_v02.get_name scheduled__2022-03-10T00:00:00+00:00 [queued]>
[2023-05-25T06:52:41.047+0000] {taskinstance.py:1308} INFO - Starting attempt 1 of 6
[2023-05-25T06:52:41.083+0000] {taskinstance.py:1327} INFO - Executing <Task(_PythonDecoratedOperator): get_name> on 2022-03-10 00:00:00+00:00
[2023-05-25T06:52:41.089+0000] {standard_task_runner.py:57} INFO - Started process 2640 to run task
[2023-05-25T06:52:41.099+0000] {standard_task_runner.py:84} INFO - Running: ['***', 'tasks', 'run', 'dag_with_taskflow_api_v02', 'get_name', 'scheduled__2022-03-10T00:00:00+00:00', '--job-id', '410', '--raw', '--subdir', 'DAGS_FOLDER/first_dag.py', '--cfg-path', '/tmp/tmp3dtt4ja6']
[2023-05-25T06:52:41.103+0000] {standard_task_runner.py:85} INFO - Job 410: Subtask get_name
[2023-05-25T06:52:41.242+0000] {task_command.py:410} INFO - Running <TaskInstance: dag_with_taskflow_api_v02.get_name scheduled__2022-03-10T00:00:00+00:00 [running]> on host 6bd07c7477d9
[2023-05-25T06:52:41.475+0000] {taskinstance.py:1547} INFO - Exporting env vars: AIRFLOW_CTX_DAG_OWNER='Sai' AIRFLOW_CTX_DAG_ID='dag_with_taskflow_api_v02' AIRFLOW_CTX_TASK_ID='get_name' AIRFLOW_CTX_EXECUTION_DATE='2022-03-10T00:00:00+00:00' AIRFLOW_CTX_TRY_NUMBER='1' AIRFLOW_CTX_DAG_RUN_ID='scheduled__2022-03-10T00:00:00+00:00'
[2023-05-25T06:52:41.476+0000] {python.py:183} INFO - Done. Returned value was: {'first_name': 'Sai', 'last_name': 'Tr'}
[2023-05-25T06:52:41.579+0000] {taskinstance.py:1350} INFO - Marking task as SUCCESS. dag_id=dag_with_taskflow_api_v02, task_id=get_name, execution_date=20220310T000000, start_date=20230525T065241, end_date=20230525T065241
[2023-05-25T06:52:41.636+0000] {local_task_job_runner.py:225} INFO - Task exited with return code 0
[2023-05-25T06:52:41.678+0000] {taskinstance.py:2651} INFO - 1 downstream tasks scheduled from follow-on schedule check
[2023-05-25T10:23:42.569+0000] {taskinstance.py:1103} INFO - Dependencies all met for dep_context=non-requeueable deps ti=<TaskInstance: dag_with_taskflow_api_v02.get_name scheduled__2022-03-10T00:00:00+00:00 [queued]>
[2023-05-25T10:23:42.664+0000] {taskinstance.py:1103} INFO - Dependencies all met for dep_context=requeueable deps ti=<TaskInstance: dag_with_taskflow_api_v02.get_name scheduled__2022-03-10T00:00:00+00:00 [queued]>
[2023-05-25T10:23:42.664+0000] {taskinstance.py:1308} INFO - Starting attempt 1 of 6
[2023-05-25T10:23:42.787+0000] {taskinstance.py:1327} INFO - Executing <Task(_PythonDecoratedOperator): get_name> on 2022-03-10 00:00:00+00:00
[2023-05-25T10:23:42.801+0000] {standard_task_runner.py:57} INFO - Started process 2178 to run task
[2023-05-25T10:23:42.828+0000] {standard_task_runner.py:84} INFO - Running: ['***', 'tasks', 'run', 'dag_with_taskflow_api_v02', 'get_name', 'scheduled__2022-03-10T00:00:00+00:00', '--job-id', '401', '--raw', '--subdir', 'DAGS_FOLDER/first_dag.py', '--cfg-path', '/tmp/tmp4io2m5mm']
[2023-05-25T10:23:42.831+0000] {standard_task_runner.py:85} INFO - Job 401: Subtask get_name
[2023-05-25T10:23:43.093+0000] {task_command.py:410} INFO - Running <TaskInstance: dag_with_taskflow_api_v02.get_name scheduled__2022-03-10T00:00:00+00:00 [running]> on host b1ae37a9584e
[2023-05-25T10:23:43.850+0000] {taskinstance.py:1547} INFO - Exporting env vars: AIRFLOW_CTX_DAG_OWNER='Sai' AIRFLOW_CTX_DAG_ID='dag_with_taskflow_api_v02' AIRFLOW_CTX_TASK_ID='get_name' AIRFLOW_CTX_EXECUTION_DATE='2022-03-10T00:00:00+00:00' AIRFLOW_CTX_TRY_NUMBER='1' AIRFLOW_CTX_DAG_RUN_ID='scheduled__2022-03-10T00:00:00+00:00'
[2023-05-25T10:23:43.855+0000] {python.py:183} INFO - Done. Returned value was: {'first_name': 'Sai', 'last_name': 'Tr'}
[2023-05-25T10:23:44.080+0000] {taskinstance.py:1350} INFO - Marking task as SUCCESS. dag_id=dag_with_taskflow_api_v02, task_id=get_name, execution_date=20220310T000000, start_date=20230525T102342, end_date=20230525T102344
[2023-05-25T10:23:44.584+0000] {local_task_job_runner.py:225} INFO - Task exited with return code 0
[2023-05-25T10:23:44.895+0000] {taskinstance.py:2651} INFO - 1 downstream tasks scheduled from follow-on schedule check
