[2023-05-24T15:16:37.556+0000] {taskinstance.py:1103} INFO - Dependencies all met for dep_context=non-requeueable deps ti=<TaskInstance: dag_with_taskflow_api_v02.get_name scheduled__2021-12-14T00:00:00+00:00 [queued]>
[2023-05-24T15:16:37.619+0000] {taskinstance.py:1103} INFO - Dependencies all met for dep_context=requeueable deps ti=<TaskInstance: dag_with_taskflow_api_v02.get_name scheduled__2021-12-14T00:00:00+00:00 [queued]>
[2023-05-24T15:16:37.619+0000] {taskinstance.py:1308} INFO - Starting attempt 1 of 6
[2023-05-24T15:16:37.722+0000] {taskinstance.py:1327} INFO - Executing <Task(_PythonDecoratedOperator): get_name> on 2021-12-14 00:00:00+00:00
[2023-05-24T15:16:37.754+0000] {standard_task_runner.py:57} INFO - Started process 525 to run task
[2023-05-24T15:16:37.771+0000] {standard_task_runner.py:84} INFO - Running: ['***', 'tasks', 'run', 'dag_with_taskflow_api_v02', 'get_name', 'scheduled__2021-12-14T00:00:00+00:00', '--job-id', '148', '--raw', '--subdir', 'DAGS_FOLDER/first_dag.py', '--cfg-path', '/tmp/tmpxdicdema']
[2023-05-24T15:16:37.779+0000] {standard_task_runner.py:85} INFO - Job 148: Subtask get_name
[2023-05-24T15:16:38.225+0000] {task_command.py:410} INFO - Running <TaskInstance: dag_with_taskflow_api_v02.get_name scheduled__2021-12-14T00:00:00+00:00 [running]> on host 942de29f183d
[2023-05-24T15:16:39.109+0000] {taskinstance.py:1547} INFO - Exporting env vars: AIRFLOW_CTX_DAG_OWNER='Sai' AIRFLOW_CTX_DAG_ID='dag_with_taskflow_api_v02' AIRFLOW_CTX_TASK_ID='get_name' AIRFLOW_CTX_EXECUTION_DATE='2021-12-14T00:00:00+00:00' AIRFLOW_CTX_TRY_NUMBER='1' AIRFLOW_CTX_DAG_RUN_ID='scheduled__2021-12-14T00:00:00+00:00'
[2023-05-24T15:16:39.111+0000] {python.py:183} INFO - Done. Returned value was: {'first_name': 'Sai', 'last_name': 'Tr'}
[2023-05-24T15:16:39.325+0000] {taskinstance.py:1350} INFO - Marking task as SUCCESS. dag_id=dag_with_taskflow_api_v02, task_id=get_name, execution_date=20211214T000000, start_date=20230524T151637, end_date=20230524T151639
[2023-05-24T15:16:39.421+0000] {local_task_job_runner.py:225} INFO - Task exited with return code 0
[2023-05-24T15:16:39.620+0000] {taskinstance.py:2651} INFO - 0 downstream tasks scheduled from follow-on schedule check
[2023-05-25T06:50:20.728+0000] {taskinstance.py:1103} INFO - Dependencies all met for dep_context=non-requeueable deps ti=<TaskInstance: dag_with_taskflow_api_v02.get_name scheduled__2021-12-14T00:00:00+00:00 [queued]>
[2023-05-25T06:50:20.815+0000] {taskinstance.py:1103} INFO - Dependencies all met for dep_context=requeueable deps ti=<TaskInstance: dag_with_taskflow_api_v02.get_name scheduled__2021-12-14T00:00:00+00:00 [queued]>
[2023-05-25T06:50:20.821+0000] {taskinstance.py:1308} INFO - Starting attempt 1 of 6
[2023-05-25T06:50:21.060+0000] {taskinstance.py:1327} INFO - Executing <Task(_PythonDecoratedOperator): get_name> on 2021-12-14 00:00:00+00:00
[2023-05-25T06:50:21.067+0000] {standard_task_runner.py:57} INFO - Started process 2066 to run task
[2023-05-25T06:50:21.131+0000] {standard_task_runner.py:84} INFO - Running: ['***', 'tasks', 'run', 'dag_with_taskflow_api_v02', 'get_name', 'scheduled__2021-12-14T00:00:00+00:00', '--job-id', '148', '--raw', '--subdir', 'DAGS_FOLDER/first_dag.py', '--cfg-path', '/tmp/tmpsbhikeut']
[2023-05-25T06:50:21.151+0000] {standard_task_runner.py:85} INFO - Job 148: Subtask get_name
[2023-05-25T06:50:21.673+0000] {task_command.py:410} INFO - Running <TaskInstance: dag_with_taskflow_api_v02.get_name scheduled__2021-12-14T00:00:00+00:00 [running]> on host 6bd07c7477d9
[2023-05-25T06:50:22.574+0000] {taskinstance.py:1547} INFO - Exporting env vars: AIRFLOW_CTX_DAG_OWNER='Sai' AIRFLOW_CTX_DAG_ID='dag_with_taskflow_api_v02' AIRFLOW_CTX_TASK_ID='get_name' AIRFLOW_CTX_EXECUTION_DATE='2021-12-14T00:00:00+00:00' AIRFLOW_CTX_TRY_NUMBER='1' AIRFLOW_CTX_DAG_RUN_ID='scheduled__2021-12-14T00:00:00+00:00'
[2023-05-25T06:50:22.577+0000] {python.py:183} INFO - Done. Returned value was: {'first_name': 'Sai', 'last_name': 'Tr'}
[2023-05-25T06:50:22.922+0000] {taskinstance.py:1350} INFO - Marking task as SUCCESS. dag_id=dag_with_taskflow_api_v02, task_id=get_name, execution_date=20211214T000000, start_date=20230525T065020, end_date=20230525T065022
[2023-05-25T06:50:23.056+0000] {local_task_job_runner.py:225} INFO - Task exited with return code 0
[2023-05-25T06:50:23.223+0000] {taskinstance.py:2651} INFO - 1 downstream tasks scheduled from follow-on schedule check
[2023-05-25T10:20:36.853+0000] {taskinstance.py:1103} INFO - Dependencies all met for dep_context=non-requeueable deps ti=<TaskInstance: dag_with_taskflow_api_v02.get_name scheduled__2021-12-14T00:00:00+00:00 [queued]>
[2023-05-25T10:20:36.899+0000] {taskinstance.py:1103} INFO - Dependencies all met for dep_context=requeueable deps ti=<TaskInstance: dag_with_taskflow_api_v02.get_name scheduled__2021-12-14T00:00:00+00:00 [queued]>
[2023-05-25T10:20:36.900+0000] {taskinstance.py:1308} INFO - Starting attempt 1 of 6
[2023-05-25T10:20:36.946+0000] {taskinstance.py:1327} INFO - Executing <Task(_PythonDecoratedOperator): get_name> on 2021-12-14 00:00:00+00:00
[2023-05-25T10:20:36.954+0000] {standard_task_runner.py:57} INFO - Started process 1595 to run task
[2023-05-25T10:20:36.965+0000] {standard_task_runner.py:84} INFO - Running: ['***', 'tasks', 'run', 'dag_with_taskflow_api_v02', 'get_name', 'scheduled__2021-12-14T00:00:00+00:00', '--job-id', '146', '--raw', '--subdir', 'DAGS_FOLDER/first_dag.py', '--cfg-path', '/tmp/tmp0id4zjcs']
[2023-05-25T10:20:36.976+0000] {standard_task_runner.py:85} INFO - Job 146: Subtask get_name
[2023-05-25T10:20:37.172+0000] {task_command.py:410} INFO - Running <TaskInstance: dag_with_taskflow_api_v02.get_name scheduled__2021-12-14T00:00:00+00:00 [running]> on host b1ae37a9584e
[2023-05-25T10:20:37.616+0000] {taskinstance.py:1547} INFO - Exporting env vars: AIRFLOW_CTX_DAG_OWNER='Sai' AIRFLOW_CTX_DAG_ID='dag_with_taskflow_api_v02' AIRFLOW_CTX_TASK_ID='get_name' AIRFLOW_CTX_EXECUTION_DATE='2021-12-14T00:00:00+00:00' AIRFLOW_CTX_TRY_NUMBER='1' AIRFLOW_CTX_DAG_RUN_ID='scheduled__2021-12-14T00:00:00+00:00'
[2023-05-25T10:20:37.617+0000] {python.py:183} INFO - Done. Returned value was: {'first_name': 'Sai', 'last_name': 'Tr'}
[2023-05-25T10:20:37.772+0000] {taskinstance.py:1350} INFO - Marking task as SUCCESS. dag_id=dag_with_taskflow_api_v02, task_id=get_name, execution_date=20211214T000000, start_date=20230525T102036, end_date=20230525T102037
[2023-05-25T10:20:37.863+0000] {local_task_job_runner.py:225} INFO - Task exited with return code 0
[2023-05-25T10:20:37.998+0000] {taskinstance.py:2651} INFO - 0 downstream tasks scheduled from follow-on schedule check
