[2023-05-24T15:29:06.103+0000] {taskinstance.py:1103} INFO - Dependencies all met for dep_context=non-requeueable deps ti=<TaskInstance: dag_with_taskflow_api_v02.get_name scheduled__2023-02-04T00:00:00+00:00 [queued]>
[2023-05-24T15:29:06.205+0000] {taskinstance.py:1103} INFO - Dependencies all met for dep_context=requeueable deps ti=<TaskInstance: dag_with_taskflow_api_v02.get_name scheduled__2023-02-04T00:00:00+00:00 [queued]>
[2023-05-24T15:29:06.205+0000] {taskinstance.py:1308} INFO - Starting attempt 1 of 6
[2023-05-24T15:29:06.903+0000] {taskinstance.py:1327} INFO - Executing <Task(_PythonDecoratedOperator): get_name> on 2023-02-04 00:00:00+00:00
[2023-05-24T15:29:06.923+0000] {standard_task_runner.py:57} INFO - Started process 3308 to run task
[2023-05-24T15:29:06.947+0000] {standard_task_runner.py:84} INFO - Running: ['***', 'tasks', 'run', 'dag_with_taskflow_api_v02', 'get_name', 'scheduled__2023-02-04T00:00:00+00:00', '--job-id', '1395', '--raw', '--subdir', 'DAGS_FOLDER/first_dag.py', '--cfg-path', '/tmp/tmp_em0xgdk']
[2023-05-24T15:29:06.970+0000] {standard_task_runner.py:85} INFO - Job 1395: Subtask get_name
[2023-05-24T15:29:07.310+0000] {task_command.py:410} INFO - Running <TaskInstance: dag_with_taskflow_api_v02.get_name scheduled__2023-02-04T00:00:00+00:00 [running]> on host 942de29f183d
[2023-05-24T15:29:08.058+0000] {taskinstance.py:1547} INFO - Exporting env vars: AIRFLOW_CTX_DAG_OWNER='Sai' AIRFLOW_CTX_DAG_ID='dag_with_taskflow_api_v02' AIRFLOW_CTX_TASK_ID='get_name' AIRFLOW_CTX_EXECUTION_DATE='2023-02-04T00:00:00+00:00' AIRFLOW_CTX_TRY_NUMBER='1' AIRFLOW_CTX_DAG_RUN_ID='scheduled__2023-02-04T00:00:00+00:00'
[2023-05-24T15:29:08.060+0000] {python.py:183} INFO - Done. Returned value was: {'first_name': 'Sai', 'last_name': 'Tr'}
[2023-05-24T15:29:08.351+0000] {taskinstance.py:1350} INFO - Marking task as SUCCESS. dag_id=dag_with_taskflow_api_v02, task_id=get_name, execution_date=20230204T000000, start_date=20230524T152906, end_date=20230524T152908
[2023-05-24T15:29:08.519+0000] {local_task_job_runner.py:225} INFO - Task exited with return code 0
[2023-05-24T15:29:08.817+0000] {taskinstance.py:2651} INFO - 1 downstream tasks scheduled from follow-on schedule check
[2023-05-25T07:01:43.243+0000] {taskinstance.py:1103} INFO - Dependencies all met for dep_context=non-requeueable deps ti=<TaskInstance: dag_with_taskflow_api_v02.get_name scheduled__2023-02-04T00:00:00+00:00 [queued]>
[2023-05-25T07:01:43.313+0000] {taskinstance.py:1103} INFO - Dependencies all met for dep_context=requeueable deps ti=<TaskInstance: dag_with_taskflow_api_v02.get_name scheduled__2023-02-04T00:00:00+00:00 [queued]>
[2023-05-25T07:01:43.313+0000] {taskinstance.py:1308} INFO - Starting attempt 1 of 6
[2023-05-25T07:01:43.635+0000] {taskinstance.py:1327} INFO - Executing <Task(_PythonDecoratedOperator): get_name> on 2023-02-04 00:00:00+00:00
[2023-05-25T07:01:43.643+0000] {standard_task_runner.py:57} INFO - Started process 4833 to run task
[2023-05-25T07:01:43.688+0000] {standard_task_runner.py:84} INFO - Running: ['***', 'tasks', 'run', 'dag_with_taskflow_api_v02', 'get_name', 'scheduled__2023-02-04T00:00:00+00:00', '--job-id', '1400', '--raw', '--subdir', 'DAGS_FOLDER/first_dag.py', '--cfg-path', '/tmp/tmplki1e2jo']
[2023-05-25T07:01:43.702+0000] {standard_task_runner.py:85} INFO - Job 1400: Subtask get_name
[2023-05-25T07:01:44.150+0000] {task_command.py:410} INFO - Running <TaskInstance: dag_with_taskflow_api_v02.get_name scheduled__2023-02-04T00:00:00+00:00 [running]> on host 6bd07c7477d9
[2023-05-25T07:01:44.604+0000] {taskinstance.py:1547} INFO - Exporting env vars: AIRFLOW_CTX_DAG_OWNER='Sai' AIRFLOW_CTX_DAG_ID='dag_with_taskflow_api_v02' AIRFLOW_CTX_TASK_ID='get_name' AIRFLOW_CTX_EXECUTION_DATE='2023-02-04T00:00:00+00:00' AIRFLOW_CTX_TRY_NUMBER='1' AIRFLOW_CTX_DAG_RUN_ID='scheduled__2023-02-04T00:00:00+00:00'
[2023-05-25T07:01:44.605+0000] {python.py:183} INFO - Done. Returned value was: {'first_name': 'Sai', 'last_name': 'Tr'}
[2023-05-25T07:01:44.708+0000] {taskinstance.py:1350} INFO - Marking task as SUCCESS. dag_id=dag_with_taskflow_api_v02, task_id=get_name, execution_date=20230204T000000, start_date=20230525T070143, end_date=20230525T070144
[2023-05-25T07:01:44.797+0000] {local_task_job_runner.py:225} INFO - Task exited with return code 0
[2023-05-25T07:01:45.443+0000] {taskinstance.py:2651} INFO - 1 downstream tasks scheduled from follow-on schedule check
[2023-05-25T10:36:03.052+0000] {taskinstance.py:1103} INFO - Dependencies all met for dep_context=non-requeueable deps ti=<TaskInstance: dag_with_taskflow_api_v02.get_name scheduled__2023-02-04T00:00:00+00:00 [queued]>
[2023-05-25T10:36:03.121+0000] {taskinstance.py:1103} INFO - Dependencies all met for dep_context=requeueable deps ti=<TaskInstance: dag_with_taskflow_api_v02.get_name scheduled__2023-02-04T00:00:00+00:00 [queued]>
[2023-05-25T10:36:03.121+0000] {taskinstance.py:1308} INFO - Starting attempt 1 of 6
[2023-05-25T10:36:03.813+0000] {taskinstance.py:1327} INFO - Executing <Task(_PythonDecoratedOperator): get_name> on 2023-02-04 00:00:00+00:00
[2023-05-25T10:36:03.865+0000] {standard_task_runner.py:57} INFO - Started process 4497 to run task
[2023-05-25T10:36:03.934+0000] {standard_task_runner.py:84} INFO - Running: ['***', 'tasks', 'run', 'dag_with_taskflow_api_v02', 'get_name', 'scheduled__2023-02-04T00:00:00+00:00', '--job-id', '1416', '--raw', '--subdir', 'DAGS_FOLDER/first_dag.py', '--cfg-path', '/tmp/tmp8j68qpfa']
[2023-05-25T10:36:03.969+0000] {standard_task_runner.py:85} INFO - Job 1416: Subtask get_name
[2023-05-25T10:36:04.369+0000] {task_command.py:410} INFO - Running <TaskInstance: dag_with_taskflow_api_v02.get_name scheduled__2023-02-04T00:00:00+00:00 [running]> on host b1ae37a9584e
[2023-05-25T10:36:06.423+0000] {taskinstance.py:1547} INFO - Exporting env vars: AIRFLOW_CTX_DAG_OWNER='Sai' AIRFLOW_CTX_DAG_ID='dag_with_taskflow_api_v02' AIRFLOW_CTX_TASK_ID='get_name' AIRFLOW_CTX_EXECUTION_DATE='2023-02-04T00:00:00+00:00' AIRFLOW_CTX_TRY_NUMBER='1' AIRFLOW_CTX_DAG_RUN_ID='scheduled__2023-02-04T00:00:00+00:00'
[2023-05-25T10:36:06.425+0000] {python.py:183} INFO - Done. Returned value was: {'first_name': 'Sai', 'last_name': 'Tr'}
[2023-05-25T10:36:06.757+0000] {taskinstance.py:1350} INFO - Marking task as SUCCESS. dag_id=dag_with_taskflow_api_v02, task_id=get_name, execution_date=20230204T000000, start_date=20230525T103603, end_date=20230525T103606
[2023-05-25T10:36:06.924+0000] {local_task_job_runner.py:225} INFO - Task exited with return code 0
[2023-05-25T10:36:07.095+0000] {taskinstance.py:2651} INFO - 1 downstream tasks scheduled from follow-on schedule check
