[2023-05-24T15:18:50.371+0000] {taskinstance.py:1103} INFO - Dependencies all met for dep_context=non-requeueable deps ti=<TaskInstance: dag_with_taskflow_api_v02.get_name scheduled__2022-02-15T00:00:00+00:00 [queued]>
[2023-05-24T15:18:50.388+0000] {taskinstance.py:1103} INFO - Dependencies all met for dep_context=requeueable deps ti=<TaskInstance: dag_with_taskflow_api_v02.get_name scheduled__2022-02-15T00:00:00+00:00 [queued]>
[2023-05-24T15:18:50.389+0000] {taskinstance.py:1308} INFO - Starting attempt 1 of 6
[2023-05-24T15:18:50.691+0000] {taskinstance.py:1327} INFO - Executing <Task(_PythonDecoratedOperator): get_name> on 2022-02-15 00:00:00+00:00
[2023-05-24T15:18:50.698+0000] {standard_task_runner.py:57} INFO - Started process 962 to run task
[2023-05-24T15:18:50.722+0000] {standard_task_runner.py:84} INFO - Running: ['***', 'tasks', 'run', 'dag_with_taskflow_api_v02', 'get_name', 'scheduled__2022-02-15T00:00:00+00:00', '--job-id', '342', '--raw', '--subdir', 'DAGS_FOLDER/first_dag.py', '--cfg-path', '/tmp/tmpxrpoa33l']
[2023-05-24T15:18:50.727+0000] {standard_task_runner.py:85} INFO - Job 342: Subtask get_name
[2023-05-24T15:18:50.966+0000] {task_command.py:410} INFO - Running <TaskInstance: dag_with_taskflow_api_v02.get_name scheduled__2022-02-15T00:00:00+00:00 [running]> on host 942de29f183d
[2023-05-24T15:18:51.455+0000] {taskinstance.py:1547} INFO - Exporting env vars: AIRFLOW_CTX_DAG_OWNER='Sai' AIRFLOW_CTX_DAG_ID='dag_with_taskflow_api_v02' AIRFLOW_CTX_TASK_ID='get_name' AIRFLOW_CTX_EXECUTION_DATE='2022-02-15T00:00:00+00:00' AIRFLOW_CTX_TRY_NUMBER='1' AIRFLOW_CTX_DAG_RUN_ID='scheduled__2022-02-15T00:00:00+00:00'
[2023-05-24T15:18:51.456+0000] {python.py:183} INFO - Done. Returned value was: {'first_name': 'Sai', 'last_name': 'Tr'}
[2023-05-24T15:18:51.632+0000] {taskinstance.py:1350} INFO - Marking task as SUCCESS. dag_id=dag_with_taskflow_api_v02, task_id=get_name, execution_date=20220215T000000, start_date=20230524T151850, end_date=20230524T151851
[2023-05-24T15:18:51.776+0000] {local_task_job_runner.py:225} INFO - Task exited with return code 0
[2023-05-24T15:18:51.867+0000] {taskinstance.py:2651} INFO - 0 downstream tasks scheduled from follow-on schedule check
[2023-05-25T06:52:03.186+0000] {taskinstance.py:1103} INFO - Dependencies all met for dep_context=non-requeueable deps ti=<TaskInstance: dag_with_taskflow_api_v02.get_name scheduled__2022-02-15T00:00:00+00:00 [queued]>
[2023-05-25T06:52:03.298+0000] {taskinstance.py:1103} INFO - Dependencies all met for dep_context=requeueable deps ti=<TaskInstance: dag_with_taskflow_api_v02.get_name scheduled__2022-02-15T00:00:00+00:00 [queued]>
[2023-05-25T06:52:03.299+0000] {taskinstance.py:1308} INFO - Starting attempt 1 of 6
[2023-05-25T06:52:03.948+0000] {taskinstance.py:1327} INFO - Executing <Task(_PythonDecoratedOperator): get_name> on 2022-02-15 00:00:00+00:00
[2023-05-25T06:52:03.955+0000] {standard_task_runner.py:57} INFO - Started process 2479 to run task
[2023-05-25T06:52:03.970+0000] {standard_task_runner.py:84} INFO - Running: ['***', 'tasks', 'run', 'dag_with_taskflow_api_v02', 'get_name', 'scheduled__2022-02-15T00:00:00+00:00', '--job-id', '335', '--raw', '--subdir', 'DAGS_FOLDER/first_dag.py', '--cfg-path', '/tmp/tmp_ehufllt']
[2023-05-25T06:52:03.974+0000] {standard_task_runner.py:85} INFO - Job 335: Subtask get_name
[2023-05-25T06:52:04.180+0000] {task_command.py:410} INFO - Running <TaskInstance: dag_with_taskflow_api_v02.get_name scheduled__2022-02-15T00:00:00+00:00 [running]> on host 6bd07c7477d9
[2023-05-25T06:52:04.860+0000] {taskinstance.py:1547} INFO - Exporting env vars: AIRFLOW_CTX_DAG_OWNER='Sai' AIRFLOW_CTX_DAG_ID='dag_with_taskflow_api_v02' AIRFLOW_CTX_TASK_ID='get_name' AIRFLOW_CTX_EXECUTION_DATE='2022-02-15T00:00:00+00:00' AIRFLOW_CTX_TRY_NUMBER='1' AIRFLOW_CTX_DAG_RUN_ID='scheduled__2022-02-15T00:00:00+00:00'
[2023-05-25T06:52:04.861+0000] {python.py:183} INFO - Done. Returned value was: {'first_name': 'Sai', 'last_name': 'Tr'}
[2023-05-25T06:52:05.138+0000] {taskinstance.py:1350} INFO - Marking task as SUCCESS. dag_id=dag_with_taskflow_api_v02, task_id=get_name, execution_date=20220215T000000, start_date=20230525T065203, end_date=20230525T065205
[2023-05-25T06:52:05.320+0000] {local_task_job_runner.py:225} INFO - Task exited with return code 0
[2023-05-25T06:52:05.582+0000] {taskinstance.py:2651} INFO - 0 downstream tasks scheduled from follow-on schedule check
[2023-05-25T10:22:51.740+0000] {taskinstance.py:1103} INFO - Dependencies all met for dep_context=non-requeueable deps ti=<TaskInstance: dag_with_taskflow_api_v02.get_name scheduled__2022-02-15T00:00:00+00:00 [queued]>
[2023-05-25T10:22:51.815+0000] {taskinstance.py:1103} INFO - Dependencies all met for dep_context=requeueable deps ti=<TaskInstance: dag_with_taskflow_api_v02.get_name scheduled__2022-02-15T00:00:00+00:00 [queued]>
[2023-05-25T10:22:51.821+0000] {taskinstance.py:1308} INFO - Starting attempt 1 of 6
[2023-05-25T10:22:52.109+0000] {taskinstance.py:1327} INFO - Executing <Task(_PythonDecoratedOperator): get_name> on 2022-02-15 00:00:00+00:00
[2023-05-25T10:22:52.131+0000] {standard_task_runner.py:57} INFO - Started process 2013 to run task
[2023-05-25T10:22:52.185+0000] {standard_task_runner.py:84} INFO - Running: ['***', 'tasks', 'run', 'dag_with_taskflow_api_v02', 'get_name', 'scheduled__2022-02-15T00:00:00+00:00', '--job-id', '330', '--raw', '--subdir', 'DAGS_FOLDER/first_dag.py', '--cfg-path', '/tmp/tmp4kbm10r0']
[2023-05-25T10:22:52.192+0000] {standard_task_runner.py:85} INFO - Job 330: Subtask get_name
[2023-05-25T10:22:52.525+0000] {task_command.py:410} INFO - Running <TaskInstance: dag_with_taskflow_api_v02.get_name scheduled__2022-02-15T00:00:00+00:00 [running]> on host b1ae37a9584e
[2023-05-25T10:22:52.970+0000] {taskinstance.py:1547} INFO - Exporting env vars: AIRFLOW_CTX_DAG_OWNER='Sai' AIRFLOW_CTX_DAG_ID='dag_with_taskflow_api_v02' AIRFLOW_CTX_TASK_ID='get_name' AIRFLOW_CTX_EXECUTION_DATE='2022-02-15T00:00:00+00:00' AIRFLOW_CTX_TRY_NUMBER='1' AIRFLOW_CTX_DAG_RUN_ID='scheduled__2022-02-15T00:00:00+00:00'
[2023-05-25T10:22:52.972+0000] {python.py:183} INFO - Done. Returned value was: {'first_name': 'Sai', 'last_name': 'Tr'}
[2023-05-25T10:22:53.189+0000] {taskinstance.py:1350} INFO - Marking task as SUCCESS. dag_id=dag_with_taskflow_api_v02, task_id=get_name, execution_date=20220215T000000, start_date=20230525T102251, end_date=20230525T102253
[2023-05-25T10:22:53.427+0000] {local_task_job_runner.py:225} INFO - Task exited with return code 0
[2023-05-25T10:22:53.742+0000] {taskinstance.py:2651} INFO - 1 downstream tasks scheduled from follow-on schedule check
