[2023-05-24T15:25:58.700+0000] {taskinstance.py:1103} INFO - Dependencies all met for dep_context=non-requeueable deps ti=<TaskInstance: dag_with_taskflow_api_v02.get_age scheduled__2022-10-12T00:00:00+00:00 [queued]>
[2023-05-24T15:25:58.793+0000] {taskinstance.py:1103} INFO - Dependencies all met for dep_context=requeueable deps ti=<TaskInstance: dag_with_taskflow_api_v02.get_age scheduled__2022-10-12T00:00:00+00:00 [queued]>
[2023-05-24T15:25:58.794+0000] {taskinstance.py:1308} INFO - Starting attempt 1 of 6
[2023-05-24T15:25:59.446+0000] {taskinstance.py:1327} INFO - Executing <Task(_PythonDecoratedOperator): get_age> on 2022-10-12 00:00:00+00:00
[2023-05-24T15:25:59.503+0000] {standard_task_runner.py:57} INFO - Started process 2550 to run task
[2023-05-24T15:25:59.582+0000] {standard_task_runner.py:84} INFO - Running: ['***', 'tasks', 'run', 'dag_with_taskflow_api_v02', 'get_age', 'scheduled__2022-10-12T00:00:00+00:00', '--job-id', '1053', '--raw', '--subdir', 'DAGS_FOLDER/first_dag.py', '--cfg-path', '/tmp/tmpsysa6cq0']
[2023-05-24T15:25:59.586+0000] {standard_task_runner.py:85} INFO - Job 1053: Subtask get_age
[2023-05-24T15:26:00.186+0000] {task_command.py:410} INFO - Running <TaskInstance: dag_with_taskflow_api_v02.get_age scheduled__2022-10-12T00:00:00+00:00 [running]> on host 942de29f183d
[2023-05-24T15:26:00.951+0000] {taskinstance.py:1547} INFO - Exporting env vars: AIRFLOW_CTX_DAG_OWNER='Sai' AIRFLOW_CTX_DAG_ID='dag_with_taskflow_api_v02' AIRFLOW_CTX_TASK_ID='get_age' AIRFLOW_CTX_EXECUTION_DATE='2022-10-12T00:00:00+00:00' AIRFLOW_CTX_TRY_NUMBER='1' AIRFLOW_CTX_DAG_RUN_ID='scheduled__2022-10-12T00:00:00+00:00'
[2023-05-24T15:26:00.958+0000] {python.py:183} INFO - Done. Returned value was: 19
[2023-05-24T15:26:01.179+0000] {taskinstance.py:1350} INFO - Marking task as SUCCESS. dag_id=dag_with_taskflow_api_v02, task_id=get_age, execution_date=20221012T000000, start_date=20230524T152558, end_date=20230524T152601
[2023-05-24T15:26:01.333+0000] {local_task_job_runner.py:225} INFO - Task exited with return code 0
[2023-05-24T15:26:01.651+0000] {taskinstance.py:2651} INFO - 1 downstream tasks scheduled from follow-on schedule check
[2023-05-25T06:58:30.477+0000] {taskinstance.py:1103} INFO - Dependencies all met for dep_context=non-requeueable deps ti=<TaskInstance: dag_with_taskflow_api_v02.get_age scheduled__2022-10-12T00:00:00+00:00 [queued]>
[2023-05-25T06:58:30.552+0000] {taskinstance.py:1103} INFO - Dependencies all met for dep_context=requeueable deps ti=<TaskInstance: dag_with_taskflow_api_v02.get_age scheduled__2022-10-12T00:00:00+00:00 [queued]>
[2023-05-25T06:58:30.553+0000] {taskinstance.py:1308} INFO - Starting attempt 1 of 6
[2023-05-25T06:58:30.774+0000] {taskinstance.py:1327} INFO - Executing <Task(_PythonDecoratedOperator): get_age> on 2022-10-12 00:00:00+00:00
[2023-05-25T06:58:30.814+0000] {standard_task_runner.py:57} INFO - Started process 4065 to run task
[2023-05-25T06:58:30.844+0000] {standard_task_runner.py:84} INFO - Running: ['***', 'tasks', 'run', 'dag_with_taskflow_api_v02', 'get_age', 'scheduled__2022-10-12T00:00:00+00:00', '--job-id', '1051', '--raw', '--subdir', 'DAGS_FOLDER/first_dag.py', '--cfg-path', '/tmp/tmp2mfgbju6']
[2023-05-25T06:58:30.876+0000] {standard_task_runner.py:85} INFO - Job 1051: Subtask get_age
[2023-05-25T06:58:31.336+0000] {task_command.py:410} INFO - Running <TaskInstance: dag_with_taskflow_api_v02.get_age scheduled__2022-10-12T00:00:00+00:00 [running]> on host 6bd07c7477d9
[2023-05-25T06:58:32.062+0000] {taskinstance.py:1547} INFO - Exporting env vars: AIRFLOW_CTX_DAG_OWNER='Sai' AIRFLOW_CTX_DAG_ID='dag_with_taskflow_api_v02' AIRFLOW_CTX_TASK_ID='get_age' AIRFLOW_CTX_EXECUTION_DATE='2022-10-12T00:00:00+00:00' AIRFLOW_CTX_TRY_NUMBER='1' AIRFLOW_CTX_DAG_RUN_ID='scheduled__2022-10-12T00:00:00+00:00'
[2023-05-25T06:58:32.064+0000] {python.py:183} INFO - Done. Returned value was: 19
[2023-05-25T06:58:32.206+0000] {taskinstance.py:1350} INFO - Marking task as SUCCESS. dag_id=dag_with_taskflow_api_v02, task_id=get_age, execution_date=20221012T000000, start_date=20230525T065830, end_date=20230525T065832
[2023-05-25T06:58:32.443+0000] {local_task_job_runner.py:225} INFO - Task exited with return code 0
[2023-05-25T06:58:32.748+0000] {taskinstance.py:2651} INFO - 0 downstream tasks scheduled from follow-on schedule check
[2023-05-25T10:32:06.399+0000] {taskinstance.py:1103} INFO - Dependencies all met for dep_context=non-requeueable deps ti=<TaskInstance: dag_with_taskflow_api_v02.get_age scheduled__2022-10-12T00:00:00+00:00 [queued]>
[2023-05-25T10:32:06.487+0000] {taskinstance.py:1103} INFO - Dependencies all met for dep_context=requeueable deps ti=<TaskInstance: dag_with_taskflow_api_v02.get_age scheduled__2022-10-12T00:00:00+00:00 [queued]>
[2023-05-25T10:32:06.487+0000] {taskinstance.py:1308} INFO - Starting attempt 1 of 6
[2023-05-25T10:32:06.567+0000] {taskinstance.py:1327} INFO - Executing <Task(_PythonDecoratedOperator): get_age> on 2022-10-12 00:00:00+00:00
[2023-05-25T10:32:06.588+0000] {standard_task_runner.py:57} INFO - Started process 3700 to run task
[2023-05-25T10:32:06.639+0000] {standard_task_runner.py:84} INFO - Running: ['***', 'tasks', 'run', 'dag_with_taskflow_api_v02', 'get_age', 'scheduled__2022-10-12T00:00:00+00:00', '--job-id', '1065', '--raw', '--subdir', 'DAGS_FOLDER/first_dag.py', '--cfg-path', '/tmp/tmp3p52us9e']
[2023-05-25T10:32:06.652+0000] {standard_task_runner.py:85} INFO - Job 1065: Subtask get_age
[2023-05-25T10:32:07.131+0000] {task_command.py:410} INFO - Running <TaskInstance: dag_with_taskflow_api_v02.get_age scheduled__2022-10-12T00:00:00+00:00 [running]> on host b1ae37a9584e
[2023-05-25T10:32:08.055+0000] {taskinstance.py:1547} INFO - Exporting env vars: AIRFLOW_CTX_DAG_OWNER='Sai' AIRFLOW_CTX_DAG_ID='dag_with_taskflow_api_v02' AIRFLOW_CTX_TASK_ID='get_age' AIRFLOW_CTX_EXECUTION_DATE='2022-10-12T00:00:00+00:00' AIRFLOW_CTX_TRY_NUMBER='1' AIRFLOW_CTX_DAG_RUN_ID='scheduled__2022-10-12T00:00:00+00:00'
[2023-05-25T10:32:08.057+0000] {python.py:183} INFO - Done. Returned value was: 19
[2023-05-25T10:32:08.238+0000] {taskinstance.py:1350} INFO - Marking task as SUCCESS. dag_id=dag_with_taskflow_api_v02, task_id=get_age, execution_date=20221012T000000, start_date=20230525T103206, end_date=20230525T103208
[2023-05-25T10:32:08.420+0000] {local_task_job_runner.py:225} INFO - Task exited with return code 0
[2023-05-25T10:32:08.698+0000] {taskinstance.py:2651} INFO - 1 downstream tasks scheduled from follow-on schedule check
