[2023-05-24T15:17:31.237+0000] {taskinstance.py:1103} INFO - Dependencies all met for dep_context=non-requeueable deps ti=<TaskInstance: dag_with_taskflow_api_v02.get_age scheduled__2022-01-12T00:00:00+00:00 [queued]>
[2023-05-24T15:17:31.451+0000] {taskinstance.py:1103} INFO - Dependencies all met for dep_context=requeueable deps ti=<TaskInstance: dag_with_taskflow_api_v02.get_age scheduled__2022-01-12T00:00:00+00:00 [queued]>
[2023-05-24T15:17:31.452+0000] {taskinstance.py:1308} INFO - Starting attempt 1 of 6
[2023-05-24T15:17:31.886+0000] {taskinstance.py:1327} INFO - Executing <Task(_PythonDecoratedOperator): get_age> on 2022-01-12 00:00:00+00:00
[2023-05-24T15:17:31.932+0000] {standard_task_runner.py:57} INFO - Started process 722 to run task
[2023-05-24T15:17:31.972+0000] {standard_task_runner.py:84} INFO - Running: ['***', 'tasks', 'run', 'dag_with_taskflow_api_v02', 'get_age', 'scheduled__2022-01-12T00:00:00+00:00', '--job-id', '234', '--raw', '--subdir', 'DAGS_FOLDER/first_dag.py', '--cfg-path', '/tmp/tmp5efuhd3i']
[2023-05-24T15:17:31.978+0000] {standard_task_runner.py:85} INFO - Job 234: Subtask get_age
[2023-05-24T15:17:32.761+0000] {task_command.py:410} INFO - Running <TaskInstance: dag_with_taskflow_api_v02.get_age scheduled__2022-01-12T00:00:00+00:00 [running]> on host 942de29f183d
[2023-05-24T15:17:34.569+0000] {taskinstance.py:1547} INFO - Exporting env vars: AIRFLOW_CTX_DAG_OWNER='Sai' AIRFLOW_CTX_DAG_ID='dag_with_taskflow_api_v02' AIRFLOW_CTX_TASK_ID='get_age' AIRFLOW_CTX_EXECUTION_DATE='2022-01-12T00:00:00+00:00' AIRFLOW_CTX_TRY_NUMBER='1' AIRFLOW_CTX_DAG_RUN_ID='scheduled__2022-01-12T00:00:00+00:00'
[2023-05-24T15:17:34.571+0000] {python.py:183} INFO - Done. Returned value was: 19
[2023-05-24T15:17:34.846+0000] {taskinstance.py:1350} INFO - Marking task as SUCCESS. dag_id=dag_with_taskflow_api_v02, task_id=get_age, execution_date=20220112T000000, start_date=20230524T151731, end_date=20230524T151734
[2023-05-24T15:17:35.029+0000] {local_task_job_runner.py:225} INFO - Task exited with return code 0
[2023-05-24T15:17:35.285+0000] {taskinstance.py:2651} INFO - 0 downstream tasks scheduled from follow-on schedule check
[2023-05-25T06:51:08.411+0000] {taskinstance.py:1103} INFO - Dependencies all met for dep_context=non-requeueable deps ti=<TaskInstance: dag_with_taskflow_api_v02.get_age scheduled__2022-01-12T00:00:00+00:00 [queued]>
[2023-05-25T06:51:08.506+0000] {taskinstance.py:1103} INFO - Dependencies all met for dep_context=requeueable deps ti=<TaskInstance: dag_with_taskflow_api_v02.get_age scheduled__2022-01-12T00:00:00+00:00 [queued]>
[2023-05-25T06:51:08.507+0000] {taskinstance.py:1308} INFO - Starting attempt 1 of 6
[2023-05-25T06:51:09.174+0000] {taskinstance.py:1327} INFO - Executing <Task(_PythonDecoratedOperator): get_age> on 2022-01-12 00:00:00+00:00
[2023-05-25T06:51:09.184+0000] {standard_task_runner.py:57} INFO - Started process 2269 to run task
[2023-05-25T06:51:09.223+0000] {standard_task_runner.py:84} INFO - Running: ['***', 'tasks', 'run', 'dag_with_taskflow_api_v02', 'get_age', 'scheduled__2022-01-12T00:00:00+00:00', '--job-id', '238', '--raw', '--subdir', 'DAGS_FOLDER/first_dag.py', '--cfg-path', '/tmp/tmp7ogbhhd8']
[2023-05-25T06:51:09.248+0000] {standard_task_runner.py:85} INFO - Job 238: Subtask get_age
[2023-05-25T06:51:09.591+0000] {task_command.py:410} INFO - Running <TaskInstance: dag_with_taskflow_api_v02.get_age scheduled__2022-01-12T00:00:00+00:00 [running]> on host 6bd07c7477d9
[2023-05-25T06:51:10.506+0000] {taskinstance.py:1547} INFO - Exporting env vars: AIRFLOW_CTX_DAG_OWNER='Sai' AIRFLOW_CTX_DAG_ID='dag_with_taskflow_api_v02' AIRFLOW_CTX_TASK_ID='get_age' AIRFLOW_CTX_EXECUTION_DATE='2022-01-12T00:00:00+00:00' AIRFLOW_CTX_TRY_NUMBER='1' AIRFLOW_CTX_DAG_RUN_ID='scheduled__2022-01-12T00:00:00+00:00'
[2023-05-25T06:51:10.507+0000] {python.py:183} INFO - Done. Returned value was: 19
[2023-05-25T06:51:10.643+0000] {taskinstance.py:1350} INFO - Marking task as SUCCESS. dag_id=dag_with_taskflow_api_v02, task_id=get_age, execution_date=20220112T000000, start_date=20230525T065108, end_date=20230525T065110
[2023-05-25T06:51:10.818+0000] {local_task_job_runner.py:225} INFO - Task exited with return code 0
[2023-05-25T06:51:11.039+0000] {taskinstance.py:2651} INFO - 0 downstream tasks scheduled from follow-on schedule check
[2023-05-25T10:21:35.812+0000] {taskinstance.py:1103} INFO - Dependencies all met for dep_context=non-requeueable deps ti=<TaskInstance: dag_with_taskflow_api_v02.get_age scheduled__2022-01-12T00:00:00+00:00 [queued]>
[2023-05-25T10:21:35.975+0000] {taskinstance.py:1103} INFO - Dependencies all met for dep_context=requeueable deps ti=<TaskInstance: dag_with_taskflow_api_v02.get_age scheduled__2022-01-12T00:00:00+00:00 [queued]>
[2023-05-25T10:21:35.977+0000] {taskinstance.py:1308} INFO - Starting attempt 1 of 6
[2023-05-25T10:21:36.218+0000] {taskinstance.py:1327} INFO - Executing <Task(_PythonDecoratedOperator): get_age> on 2022-01-12 00:00:00+00:00
[2023-05-25T10:21:36.272+0000] {standard_task_runner.py:57} INFO - Started process 1791 to run task
[2023-05-25T10:21:36.292+0000] {standard_task_runner.py:84} INFO - Running: ['***', 'tasks', 'run', 'dag_with_taskflow_api_v02', 'get_age', 'scheduled__2022-01-12T00:00:00+00:00', '--job-id', '230', '--raw', '--subdir', 'DAGS_FOLDER/first_dag.py', '--cfg-path', '/tmp/tmpzherzjmh']
[2023-05-25T10:21:36.305+0000] {standard_task_runner.py:85} INFO - Job 230: Subtask get_age
[2023-05-25T10:21:36.540+0000] {task_command.py:410} INFO - Running <TaskInstance: dag_with_taskflow_api_v02.get_age scheduled__2022-01-12T00:00:00+00:00 [running]> on host b1ae37a9584e
[2023-05-25T10:21:37.198+0000] {taskinstance.py:1547} INFO - Exporting env vars: AIRFLOW_CTX_DAG_OWNER='Sai' AIRFLOW_CTX_DAG_ID='dag_with_taskflow_api_v02' AIRFLOW_CTX_TASK_ID='get_age' AIRFLOW_CTX_EXECUTION_DATE='2022-01-12T00:00:00+00:00' AIRFLOW_CTX_TRY_NUMBER='1' AIRFLOW_CTX_DAG_RUN_ID='scheduled__2022-01-12T00:00:00+00:00'
[2023-05-25T10:21:37.199+0000] {python.py:183} INFO - Done. Returned value was: 19
[2023-05-25T10:21:37.323+0000] {taskinstance.py:1350} INFO - Marking task as SUCCESS. dag_id=dag_with_taskflow_api_v02, task_id=get_age, execution_date=20220112T000000, start_date=20230525T102135, end_date=20230525T102137
[2023-05-25T10:21:37.426+0000] {local_task_job_runner.py:225} INFO - Task exited with return code 0
[2023-05-25T10:21:37.832+0000] {taskinstance.py:2651} INFO - 0 downstream tasks scheduled from follow-on schedule check
