[2023-05-24T15:16:09.737+0000] {taskinstance.py:1103} INFO - Dependencies all met for dep_context=non-requeueable deps ti=<TaskInstance: dag_with_taskflow_api_v02.get_age scheduled__2021-11-25T00:00:00+00:00 [queued]>
[2023-05-24T15:16:09.845+0000] {taskinstance.py:1103} INFO - Dependencies all met for dep_context=requeueable deps ti=<TaskInstance: dag_with_taskflow_api_v02.get_age scheduled__2021-11-25T00:00:00+00:00 [queued]>
[2023-05-24T15:16:09.845+0000] {taskinstance.py:1308} INFO - Starting attempt 1 of 6
[2023-05-24T15:16:09.923+0000] {taskinstance.py:1327} INFO - Executing <Task(_PythonDecoratedOperator): get_age> on 2021-11-25 00:00:00+00:00
[2023-05-24T15:16:09.936+0000] {standard_task_runner.py:57} INFO - Started process 405 to run task
[2023-05-24T15:16:09.952+0000] {standard_task_runner.py:84} INFO - Running: ['***', 'tasks', 'run', 'dag_with_taskflow_api_v02', 'get_age', 'scheduled__2021-11-25T00:00:00+00:00', '--job-id', '95', '--raw', '--subdir', 'DAGS_FOLDER/first_dag.py', '--cfg-path', '/tmp/tmpazhpce88']
[2023-05-24T15:16:09.974+0000] {standard_task_runner.py:85} INFO - Job 95: Subtask get_age
[2023-05-24T15:16:10.255+0000] {task_command.py:410} INFO - Running <TaskInstance: dag_with_taskflow_api_v02.get_age scheduled__2021-11-25T00:00:00+00:00 [running]> on host 942de29f183d
[2023-05-24T15:16:11.539+0000] {taskinstance.py:1547} INFO - Exporting env vars: AIRFLOW_CTX_DAG_OWNER='Sai' AIRFLOW_CTX_DAG_ID='dag_with_taskflow_api_v02' AIRFLOW_CTX_TASK_ID='get_age' AIRFLOW_CTX_EXECUTION_DATE='2021-11-25T00:00:00+00:00' AIRFLOW_CTX_TRY_NUMBER='1' AIRFLOW_CTX_DAG_RUN_ID='scheduled__2021-11-25T00:00:00+00:00'
[2023-05-24T15:16:11.540+0000] {python.py:183} INFO - Done. Returned value was: 19
[2023-05-24T15:16:11.771+0000] {taskinstance.py:1350} INFO - Marking task as SUCCESS. dag_id=dag_with_taskflow_api_v02, task_id=get_age, execution_date=20211125T000000, start_date=20230524T151609, end_date=20230524T151611
[2023-05-24T15:16:11.993+0000] {local_task_job_runner.py:225} INFO - Task exited with return code 0
[2023-05-24T15:16:12.406+0000] {taskinstance.py:2651} INFO - 1 downstream tasks scheduled from follow-on schedule check
[2023-05-25T06:49:52.463+0000] {taskinstance.py:1103} INFO - Dependencies all met for dep_context=non-requeueable deps ti=<TaskInstance: dag_with_taskflow_api_v02.get_age scheduled__2021-11-25T00:00:00+00:00 [queued]>
[2023-05-25T06:49:52.522+0000] {taskinstance.py:1103} INFO - Dependencies all met for dep_context=requeueable deps ti=<TaskInstance: dag_with_taskflow_api_v02.get_age scheduled__2021-11-25T00:00:00+00:00 [queued]>
[2023-05-25T06:49:52.522+0000] {taskinstance.py:1308} INFO - Starting attempt 1 of 6
[2023-05-25T06:49:52.630+0000] {taskinstance.py:1327} INFO - Executing <Task(_PythonDecoratedOperator): get_age> on 2021-11-25 00:00:00+00:00
[2023-05-25T06:49:52.649+0000] {standard_task_runner.py:57} INFO - Started process 1949 to run task
[2023-05-25T06:49:52.662+0000] {standard_task_runner.py:84} INFO - Running: ['***', 'tasks', 'run', 'dag_with_taskflow_api_v02', 'get_age', 'scheduled__2021-11-25T00:00:00+00:00', '--job-id', '97', '--raw', '--subdir', 'DAGS_FOLDER/first_dag.py', '--cfg-path', '/tmp/tmp8qb99zet']
[2023-05-25T06:49:52.686+0000] {standard_task_runner.py:85} INFO - Job 97: Subtask get_age
[2023-05-25T06:49:52.965+0000] {task_command.py:410} INFO - Running <TaskInstance: dag_with_taskflow_api_v02.get_age scheduled__2021-11-25T00:00:00+00:00 [running]> on host 6bd07c7477d9
[2023-05-25T06:49:53.638+0000] {taskinstance.py:1547} INFO - Exporting env vars: AIRFLOW_CTX_DAG_OWNER='Sai' AIRFLOW_CTX_DAG_ID='dag_with_taskflow_api_v02' AIRFLOW_CTX_TASK_ID='get_age' AIRFLOW_CTX_EXECUTION_DATE='2021-11-25T00:00:00+00:00' AIRFLOW_CTX_TRY_NUMBER='1' AIRFLOW_CTX_DAG_RUN_ID='scheduled__2021-11-25T00:00:00+00:00'
[2023-05-25T06:49:53.639+0000] {python.py:183} INFO - Done. Returned value was: 19
[2023-05-25T06:49:53.831+0000] {taskinstance.py:1350} INFO - Marking task as SUCCESS. dag_id=dag_with_taskflow_api_v02, task_id=get_age, execution_date=20211125T000000, start_date=20230525T064952, end_date=20230525T064953
[2023-05-25T06:49:53.949+0000] {local_task_job_runner.py:225} INFO - Task exited with return code 0
[2023-05-25T06:49:54.169+0000] {taskinstance.py:2651} INFO - 0 downstream tasks scheduled from follow-on schedule check
[2023-05-25T10:19:49.541+0000] {taskinstance.py:1103} INFO - Dependencies all met for dep_context=non-requeueable deps ti=<TaskInstance: dag_with_taskflow_api_v02.get_age scheduled__2021-11-25T00:00:00+00:00 [queued]>
[2023-05-25T10:19:49.589+0000] {taskinstance.py:1103} INFO - Dependencies all met for dep_context=requeueable deps ti=<TaskInstance: dag_with_taskflow_api_v02.get_age scheduled__2021-11-25T00:00:00+00:00 [queued]>
[2023-05-25T10:19:49.590+0000] {taskinstance.py:1308} INFO - Starting attempt 1 of 6
[2023-05-25T10:19:49.683+0000] {taskinstance.py:1327} INFO - Executing <Task(_PythonDecoratedOperator): get_age> on 2021-11-25 00:00:00+00:00
[2023-05-25T10:19:49.693+0000] {standard_task_runner.py:57} INFO - Started process 1446 to run task
[2023-05-25T10:19:49.722+0000] {standard_task_runner.py:84} INFO - Running: ['***', 'tasks', 'run', 'dag_with_taskflow_api_v02', 'get_age', 'scheduled__2021-11-25T00:00:00+00:00', '--job-id', '84', '--raw', '--subdir', 'DAGS_FOLDER/first_dag.py', '--cfg-path', '/tmp/tmpwka0m1di']
[2023-05-25T10:19:49.733+0000] {standard_task_runner.py:85} INFO - Job 84: Subtask get_age
[2023-05-25T10:19:49.952+0000] {task_command.py:410} INFO - Running <TaskInstance: dag_with_taskflow_api_v02.get_age scheduled__2021-11-25T00:00:00+00:00 [running]> on host b1ae37a9584e
[2023-05-25T10:19:50.562+0000] {taskinstance.py:1547} INFO - Exporting env vars: AIRFLOW_CTX_DAG_OWNER='Sai' AIRFLOW_CTX_DAG_ID='dag_with_taskflow_api_v02' AIRFLOW_CTX_TASK_ID='get_age' AIRFLOW_CTX_EXECUTION_DATE='2021-11-25T00:00:00+00:00' AIRFLOW_CTX_TRY_NUMBER='1' AIRFLOW_CTX_DAG_RUN_ID='scheduled__2021-11-25T00:00:00+00:00'
[2023-05-25T10:19:50.575+0000] {python.py:183} INFO - Done. Returned value was: 19
[2023-05-25T10:19:50.724+0000] {taskinstance.py:1350} INFO - Marking task as SUCCESS. dag_id=dag_with_taskflow_api_v02, task_id=get_age, execution_date=20211125T000000, start_date=20230525T101949, end_date=20230525T101950
[2023-05-25T10:19:50.862+0000] {local_task_job_runner.py:225} INFO - Task exited with return code 0
[2023-05-25T10:19:51.210+0000] {taskinstance.py:2651} INFO - 1 downstream tasks scheduled from follow-on schedule check
