[2023-05-24T15:22:31.508+0000] {taskinstance.py:1103} INFO - Dependencies all met for dep_context=non-requeueable deps ti=<TaskInstance: dag_with_taskflow_api_v02.get_age scheduled__2022-06-12T00:00:00+00:00 [queued]>
[2023-05-24T15:22:31.623+0000] {taskinstance.py:1103} INFO - Dependencies all met for dep_context=requeueable deps ti=<TaskInstance: dag_with_taskflow_api_v02.get_age scheduled__2022-06-12T00:00:00+00:00 [queued]>
[2023-05-24T15:22:31.627+0000] {taskinstance.py:1308} INFO - Starting attempt 1 of 6
[2023-05-24T15:22:32.067+0000] {taskinstance.py:1327} INFO - Executing <Task(_PythonDecoratedOperator): get_age> on 2022-06-12 00:00:00+00:00
[2023-05-24T15:22:32.119+0000] {standard_task_runner.py:57} INFO - Started process 1747 to run task
[2023-05-24T15:22:32.131+0000] {standard_task_runner.py:84} INFO - Running: ['***', 'tasks', 'run', 'dag_with_taskflow_api_v02', 'get_age', 'scheduled__2022-06-12T00:00:00+00:00', '--job-id', '692', '--raw', '--subdir', 'DAGS_FOLDER/first_dag.py', '--cfg-path', '/tmp/tmpctgf0e8k']
[2023-05-24T15:22:32.145+0000] {standard_task_runner.py:85} INFO - Job 692: Subtask get_age
[2023-05-24T15:22:32.450+0000] {task_command.py:410} INFO - Running <TaskInstance: dag_with_taskflow_api_v02.get_age scheduled__2022-06-12T00:00:00+00:00 [running]> on host 942de29f183d
[2023-05-24T15:22:33.855+0000] {taskinstance.py:1547} INFO - Exporting env vars: AIRFLOW_CTX_DAG_OWNER='Sai' AIRFLOW_CTX_DAG_ID='dag_with_taskflow_api_v02' AIRFLOW_CTX_TASK_ID='get_age' AIRFLOW_CTX_EXECUTION_DATE='2022-06-12T00:00:00+00:00' AIRFLOW_CTX_TRY_NUMBER='1' AIRFLOW_CTX_DAG_RUN_ID='scheduled__2022-06-12T00:00:00+00:00'
[2023-05-24T15:22:33.856+0000] {python.py:183} INFO - Done. Returned value was: 19
[2023-05-24T15:22:34.015+0000] {taskinstance.py:1350} INFO - Marking task as SUCCESS. dag_id=dag_with_taskflow_api_v02, task_id=get_age, execution_date=20220612T000000, start_date=20230524T152231, end_date=20230524T152234
[2023-05-24T15:22:34.160+0000] {local_task_job_runner.py:225} INFO - Task exited with return code 0
[2023-05-24T15:22:34.798+0000] {taskinstance.py:2651} INFO - 1 downstream tasks scheduled from follow-on schedule check
[2023-05-25T06:55:09.358+0000] {taskinstance.py:1103} INFO - Dependencies all met for dep_context=non-requeueable deps ti=<TaskInstance: dag_with_taskflow_api_v02.get_age scheduled__2022-06-12T00:00:00+00:00 [queued]>
[2023-05-25T06:55:09.411+0000] {taskinstance.py:1103} INFO - Dependencies all met for dep_context=requeueable deps ti=<TaskInstance: dag_with_taskflow_api_v02.get_age scheduled__2022-06-12T00:00:00+00:00 [queued]>
[2023-05-25T06:55:09.411+0000] {taskinstance.py:1308} INFO - Starting attempt 1 of 6
[2023-05-25T06:55:09.519+0000] {taskinstance.py:1327} INFO - Executing <Task(_PythonDecoratedOperator): get_age> on 2022-06-12 00:00:00+00:00
[2023-05-25T06:55:09.537+0000] {standard_task_runner.py:57} INFO - Started process 3248 to run task
[2023-05-25T06:55:09.588+0000] {standard_task_runner.py:84} INFO - Running: ['***', 'tasks', 'run', 'dag_with_taskflow_api_v02', 'get_age', 'scheduled__2022-06-12T00:00:00+00:00', '--job-id', '687', '--raw', '--subdir', 'DAGS_FOLDER/first_dag.py', '--cfg-path', '/tmp/tmpc7dmp9rc']
[2023-05-25T06:55:09.614+0000] {standard_task_runner.py:85} INFO - Job 687: Subtask get_age
[2023-05-25T06:55:10.009+0000] {task_command.py:410} INFO - Running <TaskInstance: dag_with_taskflow_api_v02.get_age scheduled__2022-06-12T00:00:00+00:00 [running]> on host 6bd07c7477d9
[2023-05-25T06:55:10.625+0000] {taskinstance.py:1547} INFO - Exporting env vars: AIRFLOW_CTX_DAG_OWNER='Sai' AIRFLOW_CTX_DAG_ID='dag_with_taskflow_api_v02' AIRFLOW_CTX_TASK_ID='get_age' AIRFLOW_CTX_EXECUTION_DATE='2022-06-12T00:00:00+00:00' AIRFLOW_CTX_TRY_NUMBER='1' AIRFLOW_CTX_DAG_RUN_ID='scheduled__2022-06-12T00:00:00+00:00'
[2023-05-25T06:55:10.627+0000] {python.py:183} INFO - Done. Returned value was: 19
[2023-05-25T06:55:10.728+0000] {taskinstance.py:1350} INFO - Marking task as SUCCESS. dag_id=dag_with_taskflow_api_v02, task_id=get_age, execution_date=20220612T000000, start_date=20230525T065509, end_date=20230525T065510
[2023-05-25T06:55:10.842+0000] {local_task_job_runner.py:225} INFO - Task exited with return code 0
[2023-05-25T06:55:11.131+0000] {taskinstance.py:2651} INFO - 0 downstream tasks scheduled from follow-on schedule check
[2023-05-25T10:26:39.107+0000] {taskinstance.py:1103} INFO - Dependencies all met for dep_context=non-requeueable deps ti=<TaskInstance: dag_with_taskflow_api_v02.get_age scheduled__2022-06-12T00:00:00+00:00 [queued]>
[2023-05-25T10:26:39.177+0000] {taskinstance.py:1103} INFO - Dependencies all met for dep_context=requeueable deps ti=<TaskInstance: dag_with_taskflow_api_v02.get_age scheduled__2022-06-12T00:00:00+00:00 [queued]>
[2023-05-25T10:26:39.178+0000] {taskinstance.py:1308} INFO - Starting attempt 1 of 6
[2023-05-25T10:26:39.288+0000] {taskinstance.py:1327} INFO - Executing <Task(_PythonDecoratedOperator): get_age> on 2022-06-12 00:00:00+00:00
[2023-05-25T10:26:39.294+0000] {standard_task_runner.py:57} INFO - Started process 2847 to run task
[2023-05-25T10:26:39.337+0000] {standard_task_runner.py:84} INFO - Running: ['***', 'tasks', 'run', 'dag_with_taskflow_api_v02', 'get_age', 'scheduled__2022-06-12T00:00:00+00:00', '--job-id', '698', '--raw', '--subdir', 'DAGS_FOLDER/first_dag.py', '--cfg-path', '/tmp/tmp8c03jis5']
[2023-05-25T10:26:39.358+0000] {standard_task_runner.py:85} INFO - Job 698: Subtask get_age
[2023-05-25T10:26:39.766+0000] {task_command.py:410} INFO - Running <TaskInstance: dag_with_taskflow_api_v02.get_age scheduled__2022-06-12T00:00:00+00:00 [running]> on host b1ae37a9584e
[2023-05-25T10:26:40.385+0000] {taskinstance.py:1547} INFO - Exporting env vars: AIRFLOW_CTX_DAG_OWNER='Sai' AIRFLOW_CTX_DAG_ID='dag_with_taskflow_api_v02' AIRFLOW_CTX_TASK_ID='get_age' AIRFLOW_CTX_EXECUTION_DATE='2022-06-12T00:00:00+00:00' AIRFLOW_CTX_TRY_NUMBER='1' AIRFLOW_CTX_DAG_RUN_ID='scheduled__2022-06-12T00:00:00+00:00'
[2023-05-25T10:26:40.386+0000] {python.py:183} INFO - Done. Returned value was: 19
[2023-05-25T10:26:40.498+0000] {taskinstance.py:1350} INFO - Marking task as SUCCESS. dag_id=dag_with_taskflow_api_v02, task_id=get_age, execution_date=20220612T000000, start_date=20230525T102639, end_date=20230525T102640
[2023-05-25T10:26:40.641+0000] {local_task_job_runner.py:225} INFO - Task exited with return code 0
[2023-05-25T10:26:40.823+0000] {taskinstance.py:2651} INFO - 0 downstream tasks scheduled from follow-on schedule check
