[2023-05-24T15:25:35.970+0000] {taskinstance.py:1103} INFO - Dependencies all met for dep_context=non-requeueable deps ti=<TaskInstance: dag_with_taskflow_api_v02.get_name scheduled__2022-09-28T00:00:00+00:00 [queued]>
[2023-05-24T15:25:36.021+0000] {taskinstance.py:1103} INFO - Dependencies all met for dep_context=requeueable deps ti=<TaskInstance: dag_with_taskflow_api_v02.get_name scheduled__2022-09-28T00:00:00+00:00 [queued]>
[2023-05-24T15:25:36.022+0000] {taskinstance.py:1308} INFO - Starting attempt 1 of 6
[2023-05-24T15:25:36.325+0000] {taskinstance.py:1327} INFO - Executing <Task(_PythonDecoratedOperator): get_name> on 2022-09-28 00:00:00+00:00
[2023-05-24T15:25:36.332+0000] {standard_task_runner.py:57} INFO - Started process 2455 to run task
[2023-05-24T15:25:36.376+0000] {standard_task_runner.py:84} INFO - Running: ['***', 'tasks', 'run', 'dag_with_taskflow_api_v02', 'get_name', 'scheduled__2022-09-28T00:00:00+00:00', '--job-id', '1013', '--raw', '--subdir', 'DAGS_FOLDER/first_dag.py', '--cfg-path', '/tmp/tmp8b3fwjeb']
[2023-05-24T15:25:36.397+0000] {standard_task_runner.py:85} INFO - Job 1013: Subtask get_name
[2023-05-24T15:25:36.855+0000] {task_command.py:410} INFO - Running <TaskInstance: dag_with_taskflow_api_v02.get_name scheduled__2022-09-28T00:00:00+00:00 [running]> on host 942de29f183d
[2023-05-24T15:25:37.399+0000] {taskinstance.py:1547} INFO - Exporting env vars: AIRFLOW_CTX_DAG_OWNER='Sai' AIRFLOW_CTX_DAG_ID='dag_with_taskflow_api_v02' AIRFLOW_CTX_TASK_ID='get_name' AIRFLOW_CTX_EXECUTION_DATE='2022-09-28T00:00:00+00:00' AIRFLOW_CTX_TRY_NUMBER='1' AIRFLOW_CTX_DAG_RUN_ID='scheduled__2022-09-28T00:00:00+00:00'
[2023-05-24T15:25:37.400+0000] {python.py:183} INFO - Done. Returned value was: {'first_name': 'Sai', 'last_name': 'Tr'}
[2023-05-24T15:25:37.584+0000] {taskinstance.py:1350} INFO - Marking task as SUCCESS. dag_id=dag_with_taskflow_api_v02, task_id=get_name, execution_date=20220928T000000, start_date=20230524T152535, end_date=20230524T152537
[2023-05-24T15:25:37.702+0000] {local_task_job_runner.py:225} INFO - Task exited with return code 0
[2023-05-24T15:25:37.876+0000] {taskinstance.py:2651} INFO - 0 downstream tasks scheduled from follow-on schedule check
[2023-05-25T06:58:08.223+0000] {taskinstance.py:1103} INFO - Dependencies all met for dep_context=non-requeueable deps ti=<TaskInstance: dag_with_taskflow_api_v02.get_name scheduled__2022-09-28T00:00:00+00:00 [queued]>
[2023-05-25T06:58:08.314+0000] {taskinstance.py:1103} INFO - Dependencies all met for dep_context=requeueable deps ti=<TaskInstance: dag_with_taskflow_api_v02.get_name scheduled__2022-09-28T00:00:00+00:00 [queued]>
[2023-05-25T06:58:08.325+0000] {taskinstance.py:1308} INFO - Starting attempt 1 of 6
[2023-05-25T06:58:09.023+0000] {taskinstance.py:1327} INFO - Executing <Task(_PythonDecoratedOperator): get_name> on 2022-09-28 00:00:00+00:00
[2023-05-25T06:58:09.055+0000] {standard_task_runner.py:84} INFO - Running: ['***', 'tasks', 'run', 'dag_with_taskflow_api_v02', 'get_name', 'scheduled__2022-09-28T00:00:00+00:00', '--job-id', '1011', '--raw', '--subdir', 'DAGS_FOLDER/first_dag.py', '--cfg-path', '/tmp/tmpvbxt_t7f']
[2023-05-25T06:58:09.066+0000] {standard_task_runner.py:85} INFO - Job 1011: Subtask get_name
[2023-05-25T06:58:09.067+0000] {standard_task_runner.py:57} INFO - Started process 3973 to run task
[2023-05-25T06:58:09.381+0000] {task_command.py:410} INFO - Running <TaskInstance: dag_with_taskflow_api_v02.get_name scheduled__2022-09-28T00:00:00+00:00 [running]> on host 6bd07c7477d9
[2023-05-25T06:58:10.318+0000] {taskinstance.py:1547} INFO - Exporting env vars: AIRFLOW_CTX_DAG_OWNER='Sai' AIRFLOW_CTX_DAG_ID='dag_with_taskflow_api_v02' AIRFLOW_CTX_TASK_ID='get_name' AIRFLOW_CTX_EXECUTION_DATE='2022-09-28T00:00:00+00:00' AIRFLOW_CTX_TRY_NUMBER='1' AIRFLOW_CTX_DAG_RUN_ID='scheduled__2022-09-28T00:00:00+00:00'
[2023-05-25T06:58:10.323+0000] {python.py:183} INFO - Done. Returned value was: {'first_name': 'Sai', 'last_name': 'Tr'}
[2023-05-25T06:58:10.458+0000] {taskinstance.py:1350} INFO - Marking task as SUCCESS. dag_id=dag_with_taskflow_api_v02, task_id=get_name, execution_date=20220928T000000, start_date=20230525T065808, end_date=20230525T065810
[2023-05-25T06:58:10.599+0000] {local_task_job_runner.py:225} INFO - Task exited with return code 0
[2023-05-25T06:58:10.848+0000] {taskinstance.py:2651} INFO - 0 downstream tasks scheduled from follow-on schedule check
[2023-05-25T10:31:40.619+0000] {taskinstance.py:1103} INFO - Dependencies all met for dep_context=non-requeueable deps ti=<TaskInstance: dag_with_taskflow_api_v02.get_name scheduled__2022-09-28T00:00:00+00:00 [queued]>
[2023-05-25T10:31:40.672+0000] {taskinstance.py:1103} INFO - Dependencies all met for dep_context=requeueable deps ti=<TaskInstance: dag_with_taskflow_api_v02.get_name scheduled__2022-09-28T00:00:00+00:00 [queued]>
[2023-05-25T10:31:40.672+0000] {taskinstance.py:1308} INFO - Starting attempt 1 of 6
[2023-05-25T10:31:40.738+0000] {taskinstance.py:1327} INFO - Executing <Task(_PythonDecoratedOperator): get_name> on 2022-09-28 00:00:00+00:00
[2023-05-25T10:31:40.763+0000] {standard_task_runner.py:57} INFO - Started process 3606 to run task
[2023-05-25T10:31:40.794+0000] {standard_task_runner.py:84} INFO - Running: ['***', 'tasks', 'run', 'dag_with_taskflow_api_v02', 'get_name', 'scheduled__2022-09-28T00:00:00+00:00', '--job-id', '1025', '--raw', '--subdir', 'DAGS_FOLDER/first_dag.py', '--cfg-path', '/tmp/tmp5eonyceb']
[2023-05-25T10:31:40.804+0000] {standard_task_runner.py:85} INFO - Job 1025: Subtask get_name
[2023-05-25T10:31:41.124+0000] {task_command.py:410} INFO - Running <TaskInstance: dag_with_taskflow_api_v02.get_name scheduled__2022-09-28T00:00:00+00:00 [running]> on host b1ae37a9584e
[2023-05-25T10:31:42.222+0000] {taskinstance.py:1547} INFO - Exporting env vars: AIRFLOW_CTX_DAG_OWNER='Sai' AIRFLOW_CTX_DAG_ID='dag_with_taskflow_api_v02' AIRFLOW_CTX_TASK_ID='get_name' AIRFLOW_CTX_EXECUTION_DATE='2022-09-28T00:00:00+00:00' AIRFLOW_CTX_TRY_NUMBER='1' AIRFLOW_CTX_DAG_RUN_ID='scheduled__2022-09-28T00:00:00+00:00'
[2023-05-25T10:31:42.223+0000] {python.py:183} INFO - Done. Returned value was: {'first_name': 'Sai', 'last_name': 'Tr'}
[2023-05-25T10:31:42.602+0000] {taskinstance.py:1350} INFO - Marking task as SUCCESS. dag_id=dag_with_taskflow_api_v02, task_id=get_name, execution_date=20220928T000000, start_date=20230525T103140, end_date=20230525T103142
[2023-05-25T10:31:42.707+0000] {local_task_job_runner.py:225} INFO - Task exited with return code 0
[2023-05-25T10:31:43.620+0000] {taskinstance.py:2651} INFO - 0 downstream tasks scheduled from follow-on schedule check
