[2023-05-24T15:31:03.099+0000] {taskinstance.py:1103} INFO - Dependencies all met for dep_context=non-requeueable deps ti=<TaskInstance: dag_with_taskflow_api_v02.greet scheduled__2023-04-14T00:00:00+00:00 [queued]>
[2023-05-24T15:31:03.111+0000] {taskinstance.py:1103} INFO - Dependencies all met for dep_context=requeueable deps ti=<TaskInstance: dag_with_taskflow_api_v02.greet scheduled__2023-04-14T00:00:00+00:00 [queued]>
[2023-05-24T15:31:03.111+0000] {taskinstance.py:1308} INFO - Starting attempt 1 of 6
[2023-05-24T15:31:03.132+0000] {taskinstance.py:1327} INFO - Executing <Task(_PythonDecoratedOperator): greet> on 2023-04-14 00:00:00+00:00
[2023-05-24T15:31:03.137+0000] {standard_task_runner.py:57} INFO - Started process 3779 to run task
[2023-05-24T15:31:03.141+0000] {standard_task_runner.py:84} INFO - Running: ['***', 'tasks', 'run', 'dag_with_taskflow_api_v02', 'greet', 'scheduled__2023-04-14T00:00:00+00:00', '--job-id', '1613', '--raw', '--subdir', 'DAGS_FOLDER/first_dag.py', '--cfg-path', '/tmp/tmp5fnsb7wp']
[2023-05-24T15:31:03.143+0000] {standard_task_runner.py:85} INFO - Job 1613: Subtask greet
[2023-05-24T15:31:03.202+0000] {task_command.py:410} INFO - Running <TaskInstance: dag_with_taskflow_api_v02.greet scheduled__2023-04-14T00:00:00+00:00 [running]> on host 942de29f183d
[2023-05-24T15:31:03.351+0000] {taskinstance.py:1547} INFO - Exporting env vars: AIRFLOW_CTX_DAG_OWNER='Sai' AIRFLOW_CTX_DAG_ID='dag_with_taskflow_api_v02' AIRFLOW_CTX_TASK_ID='greet' AIRFLOW_CTX_EXECUTION_DATE='2023-04-14T00:00:00+00:00' AIRFLOW_CTX_TRY_NUMBER='1' AIRFLOW_CTX_DAG_RUN_ID='scheduled__2023-04-14T00:00:00+00:00'
[2023-05-24T15:31:03.352+0000] {logging_mixin.py:149} INFO - Hello World! My name is Sai Tr and I am 19 years old!
[2023-05-24T15:31:03.352+0000] {python.py:183} INFO - Done. Returned value was: None
[2023-05-24T15:31:03.364+0000] {taskinstance.py:1350} INFO - Marking task as SUCCESS. dag_id=dag_with_taskflow_api_v02, task_id=greet, execution_date=20230414T000000, start_date=20230524T153103, end_date=20230524T153103
[2023-05-24T15:31:03.393+0000] {local_task_job_runner.py:225} INFO - Task exited with return code 0
[2023-05-24T15:31:03.418+0000] {taskinstance.py:2651} INFO - 0 downstream tasks scheduled from follow-on schedule check
[2023-05-25T07:03:43.792+0000] {taskinstance.py:1103} INFO - Dependencies all met for dep_context=non-requeueable deps ti=<TaskInstance: dag_with_taskflow_api_v02.greet scheduled__2023-04-14T00:00:00+00:00 [queued]>
[2023-05-25T07:03:43.902+0000] {taskinstance.py:1103} INFO - Dependencies all met for dep_context=requeueable deps ti=<TaskInstance: dag_with_taskflow_api_v02.greet scheduled__2023-04-14T00:00:00+00:00 [queued]>
[2023-05-25T07:03:43.902+0000] {taskinstance.py:1308} INFO - Starting attempt 1 of 6
[2023-05-25T07:03:44.008+0000] {taskinstance.py:1327} INFO - Executing <Task(_PythonDecoratedOperator): greet> on 2023-04-14 00:00:00+00:00
[2023-05-25T07:03:44.016+0000] {standard_task_runner.py:57} INFO - Started process 5338 to run task
[2023-05-25T07:03:44.048+0000] {standard_task_runner.py:84} INFO - Running: ['***', 'tasks', 'run', 'dag_with_taskflow_api_v02', 'greet', 'scheduled__2023-04-14T00:00:00+00:00', '--job-id', '1630', '--raw', '--subdir', 'DAGS_FOLDER/first_dag.py', '--cfg-path', '/tmp/tmplnu560z6']
[2023-05-25T07:03:44.057+0000] {standard_task_runner.py:85} INFO - Job 1630: Subtask greet
[2023-05-25T07:03:44.337+0000] {task_command.py:410} INFO - Running <TaskInstance: dag_with_taskflow_api_v02.greet scheduled__2023-04-14T00:00:00+00:00 [running]> on host 6bd07c7477d9
[2023-05-25T07:03:45.230+0000] {taskinstance.py:1547} INFO - Exporting env vars: AIRFLOW_CTX_DAG_OWNER='Sai' AIRFLOW_CTX_DAG_ID='dag_with_taskflow_api_v02' AIRFLOW_CTX_TASK_ID='greet' AIRFLOW_CTX_EXECUTION_DATE='2023-04-14T00:00:00+00:00' AIRFLOW_CTX_TRY_NUMBER='1' AIRFLOW_CTX_DAG_RUN_ID='scheduled__2023-04-14T00:00:00+00:00'
[2023-05-25T07:03:45.231+0000] {logging_mixin.py:149} INFO - Hello World! My name is Sai Tr and I am 19 years old!
[2023-05-25T07:03:45.231+0000] {python.py:183} INFO - Done. Returned value was: None
[2023-05-25T07:03:45.332+0000] {taskinstance.py:1350} INFO - Marking task as SUCCESS. dag_id=dag_with_taskflow_api_v02, task_id=greet, execution_date=20230414T000000, start_date=20230525T070343, end_date=20230525T070345
[2023-05-25T07:03:45.494+0000] {local_task_job_runner.py:225} INFO - Task exited with return code 0
[2023-05-25T07:03:45.654+0000] {taskinstance.py:2651} INFO - 0 downstream tasks scheduled from follow-on schedule check
[2023-05-25T10:38:11.292+0000] {taskinstance.py:1103} INFO - Dependencies all met for dep_context=non-requeueable deps ti=<TaskInstance: dag_with_taskflow_api_v02.greet scheduled__2023-04-14T00:00:00+00:00 [queued]>
[2023-05-25T10:38:11.327+0000] {taskinstance.py:1103} INFO - Dependencies all met for dep_context=requeueable deps ti=<TaskInstance: dag_with_taskflow_api_v02.greet scheduled__2023-04-14T00:00:00+00:00 [queued]>
[2023-05-25T10:38:11.328+0000] {taskinstance.py:1308} INFO - Starting attempt 1 of 6
[2023-05-25T10:38:11.368+0000] {taskinstance.py:1327} INFO - Executing <Task(_PythonDecoratedOperator): greet> on 2023-04-14 00:00:00+00:00
[2023-05-25T10:38:11.378+0000] {standard_task_runner.py:57} INFO - Started process 4951 to run task
[2023-05-25T10:38:11.386+0000] {standard_task_runner.py:84} INFO - Running: ['***', 'tasks', 'run', 'dag_with_taskflow_api_v02', 'greet', 'scheduled__2023-04-14T00:00:00+00:00', '--job-id', '1626', '--raw', '--subdir', 'DAGS_FOLDER/first_dag.py', '--cfg-path', '/tmp/tmpmege_gpw']
[2023-05-25T10:38:11.389+0000] {standard_task_runner.py:85} INFO - Job 1626: Subtask greet
[2023-05-25T10:38:11.498+0000] {task_command.py:410} INFO - Running <TaskInstance: dag_with_taskflow_api_v02.greet scheduled__2023-04-14T00:00:00+00:00 [running]> on host b1ae37a9584e
[2023-05-25T10:38:11.734+0000] {taskinstance.py:1547} INFO - Exporting env vars: AIRFLOW_CTX_DAG_OWNER='Sai' AIRFLOW_CTX_DAG_ID='dag_with_taskflow_api_v02' AIRFLOW_CTX_TASK_ID='greet' AIRFLOW_CTX_EXECUTION_DATE='2023-04-14T00:00:00+00:00' AIRFLOW_CTX_TRY_NUMBER='1' AIRFLOW_CTX_DAG_RUN_ID='scheduled__2023-04-14T00:00:00+00:00'
[2023-05-25T10:38:11.735+0000] {logging_mixin.py:149} INFO - Hello World! My name is Sai Tr and I am 19 years old!
[2023-05-25T10:38:11.735+0000] {python.py:183} INFO - Done. Returned value was: None
[2023-05-25T10:38:11.752+0000] {taskinstance.py:1350} INFO - Marking task as SUCCESS. dag_id=dag_with_taskflow_api_v02, task_id=greet, execution_date=20230414T000000, start_date=20230525T103811, end_date=20230525T103811
[2023-05-25T10:38:11.807+0000] {local_task_job_runner.py:225} INFO - Task exited with return code 0
[2023-05-25T10:38:11.837+0000] {taskinstance.py:2651} INFO - 0 downstream tasks scheduled from follow-on schedule check
