[2023-05-24T15:29:02.217+0000] {taskinstance.py:1103} INFO - Dependencies all met for dep_context=non-requeueable deps ti=<TaskInstance: dag_with_taskflow_api_v02.get_age scheduled__2023-01-30T00:00:00+00:00 [queued]>
[2023-05-24T15:29:02.330+0000] {taskinstance.py:1103} INFO - Dependencies all met for dep_context=requeueable deps ti=<TaskInstance: dag_with_taskflow_api_v02.get_age scheduled__2023-01-30T00:00:00+00:00 [queued]>
[2023-05-24T15:29:02.331+0000] {taskinstance.py:1308} INFO - Starting attempt 1 of 6
[2023-05-24T15:29:02.495+0000] {taskinstance.py:1327} INFO - Executing <Task(_PythonDecoratedOperator): get_age> on 2023-01-30 00:00:00+00:00
[2023-05-24T15:29:02.528+0000] {standard_task_runner.py:57} INFO - Started process 3290 to run task
[2023-05-24T15:29:02.549+0000] {standard_task_runner.py:84} INFO - Running: ['***', 'tasks', 'run', 'dag_with_taskflow_api_v02', 'get_age', 'scheduled__2023-01-30T00:00:00+00:00', '--job-id', '1387', '--raw', '--subdir', 'DAGS_FOLDER/first_dag.py', '--cfg-path', '/tmp/tmp2g8o6fh_']
[2023-05-24T15:29:02.578+0000] {standard_task_runner.py:85} INFO - Job 1387: Subtask get_age
[2023-05-24T15:29:02.952+0000] {task_command.py:410} INFO - Running <TaskInstance: dag_with_taskflow_api_v02.get_age scheduled__2023-01-30T00:00:00+00:00 [running]> on host 942de29f183d
[2023-05-24T15:29:03.947+0000] {taskinstance.py:1547} INFO - Exporting env vars: AIRFLOW_CTX_DAG_OWNER='Sai' AIRFLOW_CTX_DAG_ID='dag_with_taskflow_api_v02' AIRFLOW_CTX_TASK_ID='get_age' AIRFLOW_CTX_EXECUTION_DATE='2023-01-30T00:00:00+00:00' AIRFLOW_CTX_TRY_NUMBER='1' AIRFLOW_CTX_DAG_RUN_ID='scheduled__2023-01-30T00:00:00+00:00'
[2023-05-24T15:29:03.948+0000] {python.py:183} INFO - Done. Returned value was: 19
[2023-05-24T15:29:04.067+0000] {taskinstance.py:1350} INFO - Marking task as SUCCESS. dag_id=dag_with_taskflow_api_v02, task_id=get_age, execution_date=20230130T000000, start_date=20230524T152902, end_date=20230524T152904
[2023-05-24T15:29:04.626+0000] {local_task_job_runner.py:225} INFO - Task exited with return code 0
[2023-05-24T15:29:04.824+0000] {taskinstance.py:2651} INFO - 0 downstream tasks scheduled from follow-on schedule check
[2023-05-25T07:01:32.151+0000] {taskinstance.py:1103} INFO - Dependencies all met for dep_context=non-requeueable deps ti=<TaskInstance: dag_with_taskflow_api_v02.get_age scheduled__2023-01-30T00:00:00+00:00 [queued]>
[2023-05-25T07:01:32.192+0000] {taskinstance.py:1103} INFO - Dependencies all met for dep_context=requeueable deps ti=<TaskInstance: dag_with_taskflow_api_v02.get_age scheduled__2023-01-30T00:00:00+00:00 [queued]>
[2023-05-25T07:01:32.193+0000] {taskinstance.py:1308} INFO - Starting attempt 1 of 6
[2023-05-25T07:01:32.284+0000] {taskinstance.py:1327} INFO - Executing <Task(_PythonDecoratedOperator): get_age> on 2023-01-30 00:00:00+00:00
[2023-05-25T07:01:32.294+0000] {standard_task_runner.py:57} INFO - Started process 4797 to run task
[2023-05-25T07:01:32.314+0000] {standard_task_runner.py:84} INFO - Running: ['***', 'tasks', 'run', 'dag_with_taskflow_api_v02', 'get_age', 'scheduled__2023-01-30T00:00:00+00:00', '--job-id', '1385', '--raw', '--subdir', 'DAGS_FOLDER/first_dag.py', '--cfg-path', '/tmp/tmp5xzfb7w7']
[2023-05-25T07:01:32.316+0000] {standard_task_runner.py:85} INFO - Job 1385: Subtask get_age
[2023-05-25T07:01:32.517+0000] {task_command.py:410} INFO - Running <TaskInstance: dag_with_taskflow_api_v02.get_age scheduled__2023-01-30T00:00:00+00:00 [running]> on host 6bd07c7477d9
[2023-05-25T07:01:32.814+0000] {taskinstance.py:1547} INFO - Exporting env vars: AIRFLOW_CTX_DAG_OWNER='Sai' AIRFLOW_CTX_DAG_ID='dag_with_taskflow_api_v02' AIRFLOW_CTX_TASK_ID='get_age' AIRFLOW_CTX_EXECUTION_DATE='2023-01-30T00:00:00+00:00' AIRFLOW_CTX_TRY_NUMBER='1' AIRFLOW_CTX_DAG_RUN_ID='scheduled__2023-01-30T00:00:00+00:00'
[2023-05-25T07:01:32.815+0000] {python.py:183} INFO - Done. Returned value was: 19
[2023-05-25T07:01:32.887+0000] {taskinstance.py:1350} INFO - Marking task as SUCCESS. dag_id=dag_with_taskflow_api_v02, task_id=get_age, execution_date=20230130T000000, start_date=20230525T070132, end_date=20230525T070132
[2023-05-25T07:01:32.927+0000] {local_task_job_runner.py:225} INFO - Task exited with return code 0
[2023-05-25T07:01:33.025+0000] {taskinstance.py:2651} INFO - 0 downstream tasks scheduled from follow-on schedule check
[2023-05-25T10:35:45.224+0000] {taskinstance.py:1103} INFO - Dependencies all met for dep_context=non-requeueable deps ti=<TaskInstance: dag_with_taskflow_api_v02.get_age scheduled__2023-01-30T00:00:00+00:00 [queued]>
[2023-05-25T10:35:45.383+0000] {taskinstance.py:1103} INFO - Dependencies all met for dep_context=requeueable deps ti=<TaskInstance: dag_with_taskflow_api_v02.get_age scheduled__2023-01-30T00:00:00+00:00 [queued]>
[2023-05-25T10:35:45.383+0000] {taskinstance.py:1308} INFO - Starting attempt 1 of 6
[2023-05-25T10:35:46.145+0000] {taskinstance.py:1327} INFO - Executing <Task(_PythonDecoratedOperator): get_age> on 2023-01-30 00:00:00+00:00
[2023-05-25T10:35:46.185+0000] {standard_task_runner.py:57} INFO - Started process 4438 to run task
[2023-05-25T10:35:46.219+0000] {standard_task_runner.py:84} INFO - Running: ['***', 'tasks', 'run', 'dag_with_taskflow_api_v02', 'get_age', 'scheduled__2023-01-30T00:00:00+00:00', '--job-id', '1392', '--raw', '--subdir', 'DAGS_FOLDER/first_dag.py', '--cfg-path', '/tmp/tmp_lhgvrlm']
[2023-05-25T10:35:46.222+0000] {standard_task_runner.py:85} INFO - Job 1392: Subtask get_age
[2023-05-25T10:35:46.628+0000] {task_command.py:410} INFO - Running <TaskInstance: dag_with_taskflow_api_v02.get_age scheduled__2023-01-30T00:00:00+00:00 [running]> on host b1ae37a9584e
[2023-05-25T10:35:47.381+0000] {taskinstance.py:1547} INFO - Exporting env vars: AIRFLOW_CTX_DAG_OWNER='Sai' AIRFLOW_CTX_DAG_ID='dag_with_taskflow_api_v02' AIRFLOW_CTX_TASK_ID='get_age' AIRFLOW_CTX_EXECUTION_DATE='2023-01-30T00:00:00+00:00' AIRFLOW_CTX_TRY_NUMBER='1' AIRFLOW_CTX_DAG_RUN_ID='scheduled__2023-01-30T00:00:00+00:00'
[2023-05-25T10:35:47.382+0000] {python.py:183} INFO - Done. Returned value was: 19
[2023-05-25T10:35:47.629+0000] {taskinstance.py:1350} INFO - Marking task as SUCCESS. dag_id=dag_with_taskflow_api_v02, task_id=get_age, execution_date=20230130T000000, start_date=20230525T103545, end_date=20230525T103547
[2023-05-25T10:35:47.800+0000] {local_task_job_runner.py:225} INFO - Task exited with return code 0
[2023-05-25T10:35:47.992+0000] {taskinstance.py:2651} INFO - 0 downstream tasks scheduled from follow-on schedule check
