[2023-05-24T15:19:16.311+0000] {taskinstance.py:1103} INFO - Dependencies all met for dep_context=non-requeueable deps ti=<TaskInstance: dag_with_taskflow_api_v02.get_age scheduled__2022-03-02T00:00:00+00:00 [queued]>
[2023-05-24T15:19:16.394+0000] {taskinstance.py:1103} INFO - Dependencies all met for dep_context=requeueable deps ti=<TaskInstance: dag_with_taskflow_api_v02.get_age scheduled__2022-03-02T00:00:00+00:00 [queued]>
[2023-05-24T15:19:16.394+0000] {taskinstance.py:1308} INFO - Starting attempt 1 of 6
[2023-05-24T15:19:16.575+0000] {taskinstance.py:1327} INFO - Executing <Task(_PythonDecoratedOperator): get_age> on 2022-03-02 00:00:00+00:00
[2023-05-24T15:19:16.627+0000] {standard_task_runner.py:57} INFO - Started process 1065 to run task
[2023-05-24T15:19:16.654+0000] {standard_task_runner.py:84} INFO - Running: ['***', 'tasks', 'run', 'dag_with_taskflow_api_v02', 'get_age', 'scheduled__2022-03-02T00:00:00+00:00', '--job-id', '388', '--raw', '--subdir', 'DAGS_FOLDER/first_dag.py', '--cfg-path', '/tmp/tmpjga5urj1']
[2023-05-24T15:19:16.657+0000] {standard_task_runner.py:85} INFO - Job 388: Subtask get_age
[2023-05-24T15:19:16.944+0000] {task_command.py:410} INFO - Running <TaskInstance: dag_with_taskflow_api_v02.get_age scheduled__2022-03-02T00:00:00+00:00 [running]> on host 942de29f183d
[2023-05-24T15:19:17.640+0000] {taskinstance.py:1547} INFO - Exporting env vars: AIRFLOW_CTX_DAG_OWNER='Sai' AIRFLOW_CTX_DAG_ID='dag_with_taskflow_api_v02' AIRFLOW_CTX_TASK_ID='get_age' AIRFLOW_CTX_EXECUTION_DATE='2022-03-02T00:00:00+00:00' AIRFLOW_CTX_TRY_NUMBER='1' AIRFLOW_CTX_DAG_RUN_ID='scheduled__2022-03-02T00:00:00+00:00'
[2023-05-24T15:19:17.642+0000] {python.py:183} INFO - Done. Returned value was: 19
[2023-05-24T15:19:17.775+0000] {taskinstance.py:1350} INFO - Marking task as SUCCESS. dag_id=dag_with_taskflow_api_v02, task_id=get_age, execution_date=20220302T000000, start_date=20230524T151916, end_date=20230524T151917
[2023-05-24T15:19:17.902+0000] {local_task_job_runner.py:225} INFO - Task exited with return code 0
[2023-05-24T15:19:18.372+0000] {taskinstance.py:2651} INFO - 0 downstream tasks scheduled from follow-on schedule check
[2023-05-25T06:52:27.048+0000] {taskinstance.py:1103} INFO - Dependencies all met for dep_context=non-requeueable deps ti=<TaskInstance: dag_with_taskflow_api_v02.get_age scheduled__2022-03-02T00:00:00+00:00 [queued]>
[2023-05-25T06:52:27.167+0000] {taskinstance.py:1103} INFO - Dependencies all met for dep_context=requeueable deps ti=<TaskInstance: dag_with_taskflow_api_v02.get_age scheduled__2022-03-02T00:00:00+00:00 [queued]>
[2023-05-25T06:52:27.172+0000] {taskinstance.py:1308} INFO - Starting attempt 1 of 6
[2023-05-25T06:52:27.288+0000] {taskinstance.py:1327} INFO - Executing <Task(_PythonDecoratedOperator): get_age> on 2022-03-02 00:00:00+00:00
[2023-05-25T06:52:27.298+0000] {standard_task_runner.py:57} INFO - Started process 2580 to run task
[2023-05-25T06:52:27.309+0000] {standard_task_runner.py:84} INFO - Running: ['***', 'tasks', 'run', 'dag_with_taskflow_api_v02', 'get_age', 'scheduled__2022-03-02T00:00:00+00:00', '--job-id', '380', '--raw', '--subdir', 'DAGS_FOLDER/first_dag.py', '--cfg-path', '/tmp/tmp4_9vyzcf']
[2023-05-25T06:52:27.312+0000] {standard_task_runner.py:85} INFO - Job 380: Subtask get_age
[2023-05-25T06:52:27.535+0000] {task_command.py:410} INFO - Running <TaskInstance: dag_with_taskflow_api_v02.get_age scheduled__2022-03-02T00:00:00+00:00 [running]> on host 6bd07c7477d9
[2023-05-25T06:52:28.387+0000] {taskinstance.py:1547} INFO - Exporting env vars: AIRFLOW_CTX_DAG_OWNER='Sai' AIRFLOW_CTX_DAG_ID='dag_with_taskflow_api_v02' AIRFLOW_CTX_TASK_ID='get_age' AIRFLOW_CTX_EXECUTION_DATE='2022-03-02T00:00:00+00:00' AIRFLOW_CTX_TRY_NUMBER='1' AIRFLOW_CTX_DAG_RUN_ID='scheduled__2022-03-02T00:00:00+00:00'
[2023-05-25T06:52:28.388+0000] {python.py:183} INFO - Done. Returned value was: 19
[2023-05-25T06:52:28.554+0000] {taskinstance.py:1350} INFO - Marking task as SUCCESS. dag_id=dag_with_taskflow_api_v02, task_id=get_age, execution_date=20220302T000000, start_date=20230525T065227, end_date=20230525T065228
[2023-05-25T06:52:28.733+0000] {local_task_job_runner.py:225} INFO - Task exited with return code 0
[2023-05-25T06:52:29.023+0000] {taskinstance.py:2651} INFO - 0 downstream tasks scheduled from follow-on schedule check
[2023-05-25T10:23:24.273+0000] {taskinstance.py:1103} INFO - Dependencies all met for dep_context=non-requeueable deps ti=<TaskInstance: dag_with_taskflow_api_v02.get_age scheduled__2022-03-02T00:00:00+00:00 [queued]>
[2023-05-25T10:23:24.372+0000] {taskinstance.py:1103} INFO - Dependencies all met for dep_context=requeueable deps ti=<TaskInstance: dag_with_taskflow_api_v02.get_age scheduled__2022-03-02T00:00:00+00:00 [queued]>
[2023-05-25T10:23:24.373+0000] {taskinstance.py:1308} INFO - Starting attempt 1 of 6
[2023-05-25T10:23:24.664+0000] {taskinstance.py:1327} INFO - Executing <Task(_PythonDecoratedOperator): get_age> on 2022-03-02 00:00:00+00:00
[2023-05-25T10:23:24.698+0000] {standard_task_runner.py:57} INFO - Started process 2116 to run task
[2023-05-25T10:23:24.776+0000] {standard_task_runner.py:84} INFO - Running: ['***', 'tasks', 'run', 'dag_with_taskflow_api_v02', 'get_age', 'scheduled__2022-03-02T00:00:00+00:00', '--job-id', '376', '--raw', '--subdir', 'DAGS_FOLDER/first_dag.py', '--cfg-path', '/tmp/tmphoy20dlf']
[2023-05-25T10:23:24.799+0000] {standard_task_runner.py:85} INFO - Job 376: Subtask get_age
[2023-05-25T10:23:25.267+0000] {task_command.py:410} INFO - Running <TaskInstance: dag_with_taskflow_api_v02.get_age scheduled__2022-03-02T00:00:00+00:00 [running]> on host b1ae37a9584e
[2023-05-25T10:23:26.986+0000] {taskinstance.py:1547} INFO - Exporting env vars: AIRFLOW_CTX_DAG_OWNER='Sai' AIRFLOW_CTX_DAG_ID='dag_with_taskflow_api_v02' AIRFLOW_CTX_TASK_ID='get_age' AIRFLOW_CTX_EXECUTION_DATE='2022-03-02T00:00:00+00:00' AIRFLOW_CTX_TRY_NUMBER='1' AIRFLOW_CTX_DAG_RUN_ID='scheduled__2022-03-02T00:00:00+00:00'
[2023-05-25T10:23:26.991+0000] {python.py:183} INFO - Done. Returned value was: 19
[2023-05-25T10:23:27.094+0000] {taskinstance.py:1350} INFO - Marking task as SUCCESS. dag_id=dag_with_taskflow_api_v02, task_id=get_age, execution_date=20220302T000000, start_date=20230525T102324, end_date=20230525T102327
[2023-05-25T10:23:27.277+0000] {local_task_job_runner.py:225} INFO - Task exited with return code 0
[2023-05-25T10:23:27.541+0000] {taskinstance.py:2651} INFO - 0 downstream tasks scheduled from follow-on schedule check
