[2023-05-24T15:21:15.595+0000] {taskinstance.py:1103} INFO - Dependencies all met for dep_context=non-requeueable deps ti=<TaskInstance: dag_with_taskflow_api_v02.get_name scheduled__2022-05-09T00:00:00+00:00 [queued]>
[2023-05-24T15:21:15.634+0000] {taskinstance.py:1103} INFO - Dependencies all met for dep_context=requeueable deps ti=<TaskInstance: dag_with_taskflow_api_v02.get_name scheduled__2022-05-09T00:00:00+00:00 [queued]>
[2023-05-24T15:21:15.635+0000] {taskinstance.py:1308} INFO - Starting attempt 1 of 6
[2023-05-24T15:21:15.782+0000] {taskinstance.py:1327} INFO - Executing <Task(_PythonDecoratedOperator): get_name> on 2022-05-09 00:00:00+00:00
[2023-05-24T15:21:15.828+0000] {standard_task_runner.py:57} INFO - Started process 1506 to run task
[2023-05-24T15:21:15.851+0000] {standard_task_runner.py:84} INFO - Running: ['***', 'tasks', 'run', 'dag_with_taskflow_api_v02', 'get_name', 'scheduled__2022-05-09T00:00:00+00:00', '--job-id', '585', '--raw', '--subdir', 'DAGS_FOLDER/first_dag.py', '--cfg-path', '/tmp/tmpan9s_ifg']
[2023-05-24T15:21:15.871+0000] {standard_task_runner.py:85} INFO - Job 585: Subtask get_name
[2023-05-24T15:21:16.245+0000] {task_command.py:410} INFO - Running <TaskInstance: dag_with_taskflow_api_v02.get_name scheduled__2022-05-09T00:00:00+00:00 [running]> on host 942de29f183d
[2023-05-24T15:21:16.960+0000] {taskinstance.py:1547} INFO - Exporting env vars: AIRFLOW_CTX_DAG_OWNER='Sai' AIRFLOW_CTX_DAG_ID='dag_with_taskflow_api_v02' AIRFLOW_CTX_TASK_ID='get_name' AIRFLOW_CTX_EXECUTION_DATE='2022-05-09T00:00:00+00:00' AIRFLOW_CTX_TRY_NUMBER='1' AIRFLOW_CTX_DAG_RUN_ID='scheduled__2022-05-09T00:00:00+00:00'
[2023-05-24T15:21:16.961+0000] {python.py:183} INFO - Done. Returned value was: {'first_name': 'Sai', 'last_name': 'Tr'}
[2023-05-24T15:21:17.126+0000] {taskinstance.py:1350} INFO - Marking task as SUCCESS. dag_id=dag_with_taskflow_api_v02, task_id=get_name, execution_date=20220509T000000, start_date=20230524T152115, end_date=20230524T152117
[2023-05-24T15:21:17.243+0000] {local_task_job_runner.py:225} INFO - Task exited with return code 0
[2023-05-24T15:21:17.481+0000] {taskinstance.py:2651} INFO - 0 downstream tasks scheduled from follow-on schedule check
[2023-05-25T06:54:16.279+0000] {taskinstance.py:1103} INFO - Dependencies all met for dep_context=non-requeueable deps ti=<TaskInstance: dag_with_taskflow_api_v02.get_name scheduled__2022-05-09T00:00:00+00:00 [queued]>
[2023-05-25T06:54:16.418+0000] {taskinstance.py:1103} INFO - Dependencies all met for dep_context=requeueable deps ti=<TaskInstance: dag_with_taskflow_api_v02.get_name scheduled__2022-05-09T00:00:00+00:00 [queued]>
[2023-05-25T06:54:16.419+0000] {taskinstance.py:1308} INFO - Starting attempt 1 of 6
[2023-05-25T06:54:16.869+0000] {taskinstance.py:1327} INFO - Executing <Task(_PythonDecoratedOperator): get_name> on 2022-05-09 00:00:00+00:00
[2023-05-25T06:54:16.885+0000] {standard_task_runner.py:57} INFO - Started process 3042 to run task
[2023-05-25T06:54:16.988+0000] {standard_task_runner.py:84} INFO - Running: ['***', 'tasks', 'run', 'dag_with_taskflow_api_v02', 'get_name', 'scheduled__2022-05-09T00:00:00+00:00', '--job-id', '588', '--raw', '--subdir', 'DAGS_FOLDER/first_dag.py', '--cfg-path', '/tmp/tmplsnx4m0c']
[2023-05-25T06:54:16.998+0000] {standard_task_runner.py:85} INFO - Job 588: Subtask get_name
[2023-05-25T06:54:17.435+0000] {task_command.py:410} INFO - Running <TaskInstance: dag_with_taskflow_api_v02.get_name scheduled__2022-05-09T00:00:00+00:00 [running]> on host 6bd07c7477d9
[2023-05-25T06:54:18.311+0000] {taskinstance.py:1547} INFO - Exporting env vars: AIRFLOW_CTX_DAG_OWNER='Sai' AIRFLOW_CTX_DAG_ID='dag_with_taskflow_api_v02' AIRFLOW_CTX_TASK_ID='get_name' AIRFLOW_CTX_EXECUTION_DATE='2022-05-09T00:00:00+00:00' AIRFLOW_CTX_TRY_NUMBER='1' AIRFLOW_CTX_DAG_RUN_ID='scheduled__2022-05-09T00:00:00+00:00'
[2023-05-25T06:54:18.313+0000] {python.py:183} INFO - Done. Returned value was: {'first_name': 'Sai', 'last_name': 'Tr'}
[2023-05-25T06:54:18.763+0000] {taskinstance.py:1350} INFO - Marking task as SUCCESS. dag_id=dag_with_taskflow_api_v02, task_id=get_name, execution_date=20220509T000000, start_date=20230525T065416, end_date=20230525T065418
[2023-05-25T06:54:18.979+0000] {local_task_job_runner.py:225} INFO - Task exited with return code 0
[2023-05-25T06:54:19.221+0000] {taskinstance.py:2651} INFO - 1 downstream tasks scheduled from follow-on schedule check
[2023-05-25T10:25:40.896+0000] {taskinstance.py:1103} INFO - Dependencies all met for dep_context=non-requeueable deps ti=<TaskInstance: dag_with_taskflow_api_v02.get_name scheduled__2022-05-09T00:00:00+00:00 [queued]>
[2023-05-25T10:25:40.992+0000] {taskinstance.py:1103} INFO - Dependencies all met for dep_context=requeueable deps ti=<TaskInstance: dag_with_taskflow_api_v02.get_name scheduled__2022-05-09T00:00:00+00:00 [queued]>
[2023-05-25T10:25:41.003+0000] {taskinstance.py:1308} INFO - Starting attempt 1 of 6
[2023-05-25T10:25:41.538+0000] {taskinstance.py:1327} INFO - Executing <Task(_PythonDecoratedOperator): get_name> on 2022-05-09 00:00:00+00:00
[2023-05-25T10:25:41.618+0000] {standard_task_runner.py:57} INFO - Started process 2633 to run task
[2023-05-25T10:25:41.633+0000] {standard_task_runner.py:84} INFO - Running: ['***', 'tasks', 'run', 'dag_with_taskflow_api_v02', 'get_name', 'scheduled__2022-05-09T00:00:00+00:00', '--job-id', '602', '--raw', '--subdir', 'DAGS_FOLDER/first_dag.py', '--cfg-path', '/tmp/tmpc4i9q70j']
[2023-05-25T10:25:41.647+0000] {standard_task_runner.py:85} INFO - Job 602: Subtask get_name
[2023-05-25T10:25:42.201+0000] {task_command.py:410} INFO - Running <TaskInstance: dag_with_taskflow_api_v02.get_name scheduled__2022-05-09T00:00:00+00:00 [running]> on host b1ae37a9584e
[2023-05-25T10:25:42.876+0000] {taskinstance.py:1547} INFO - Exporting env vars: AIRFLOW_CTX_DAG_OWNER='Sai' AIRFLOW_CTX_DAG_ID='dag_with_taskflow_api_v02' AIRFLOW_CTX_TASK_ID='get_name' AIRFLOW_CTX_EXECUTION_DATE='2022-05-09T00:00:00+00:00' AIRFLOW_CTX_TRY_NUMBER='1' AIRFLOW_CTX_DAG_RUN_ID='scheduled__2022-05-09T00:00:00+00:00'
[2023-05-25T10:25:42.878+0000] {python.py:183} INFO - Done. Returned value was: {'first_name': 'Sai', 'last_name': 'Tr'}
[2023-05-25T10:25:43.145+0000] {taskinstance.py:1350} INFO - Marking task as SUCCESS. dag_id=dag_with_taskflow_api_v02, task_id=get_name, execution_date=20220509T000000, start_date=20230525T102540, end_date=20230525T102543
[2023-05-25T10:25:43.251+0000] {local_task_job_runner.py:225} INFO - Task exited with return code 0
[2023-05-25T10:25:43.552+0000] {taskinstance.py:2651} INFO - 1 downstream tasks scheduled from follow-on schedule check
