[2023-05-24T15:17:12.676+0000] {taskinstance.py:1103} INFO - Dependencies all met for dep_context=non-requeueable deps ti=<TaskInstance: dag_with_taskflow_api_v02.greet scheduled__2021-12-26T00:00:00+00:00 [queued]>
[2023-05-24T15:17:12.826+0000] {taskinstance.py:1103} INFO - Dependencies all met for dep_context=requeueable deps ti=<TaskInstance: dag_with_taskflow_api_v02.greet scheduled__2021-12-26T00:00:00+00:00 [queued]>
[2023-05-24T15:17:12.826+0000] {taskinstance.py:1308} INFO - Starting attempt 1 of 6
[2023-05-24T15:17:13.547+0000] {taskinstance.py:1327} INFO - Executing <Task(_PythonDecoratedOperator): greet> on 2021-12-26 00:00:00+00:00
[2023-05-24T15:17:13.576+0000] {standard_task_runner.py:57} INFO - Started process 653 to run task
[2023-05-24T15:17:13.621+0000] {standard_task_runner.py:84} INFO - Running: ['***', 'tasks', 'run', 'dag_with_taskflow_api_v02', 'greet', 'scheduled__2021-12-26T00:00:00+00:00', '--job-id', '205', '--raw', '--subdir', 'DAGS_FOLDER/first_dag.py', '--cfg-path', '/tmp/tmpko20br6a']
[2023-05-24T15:17:13.644+0000] {standard_task_runner.py:85} INFO - Job 205: Subtask greet
[2023-05-24T15:17:14.084+0000] {task_command.py:410} INFO - Running <TaskInstance: dag_with_taskflow_api_v02.greet scheduled__2021-12-26T00:00:00+00:00 [running]> on host 942de29f183d
[2023-05-24T15:17:15.177+0000] {taskinstance.py:1547} INFO - Exporting env vars: AIRFLOW_CTX_DAG_OWNER='Sai' AIRFLOW_CTX_DAG_ID='dag_with_taskflow_api_v02' AIRFLOW_CTX_TASK_ID='greet' AIRFLOW_CTX_EXECUTION_DATE='2021-12-26T00:00:00+00:00' AIRFLOW_CTX_TRY_NUMBER='1' AIRFLOW_CTX_DAG_RUN_ID='scheduled__2021-12-26T00:00:00+00:00'
[2023-05-24T15:17:15.180+0000] {logging_mixin.py:149} INFO - Hello World! My name is Sai Tr and I am 19 years old!
[2023-05-24T15:17:15.182+0000] {python.py:183} INFO - Done. Returned value was: None
[2023-05-24T15:17:15.270+0000] {taskinstance.py:1350} INFO - Marking task as SUCCESS. dag_id=dag_with_taskflow_api_v02, task_id=greet, execution_date=20211226T000000, start_date=20230524T151712, end_date=20230524T151715
[2023-05-24T15:17:15.466+0000] {local_task_job_runner.py:225} INFO - Task exited with return code 0
[2023-05-24T15:17:15.784+0000] {taskinstance.py:2651} INFO - 0 downstream tasks scheduled from follow-on schedule check
[2023-05-25T06:50:51.838+0000] {taskinstance.py:1103} INFO - Dependencies all met for dep_context=non-requeueable deps ti=<TaskInstance: dag_with_taskflow_api_v02.greet scheduled__2021-12-26T00:00:00+00:00 [queued]>
[2023-05-25T06:50:51.950+0000] {taskinstance.py:1103} INFO - Dependencies all met for dep_context=requeueable deps ti=<TaskInstance: dag_with_taskflow_api_v02.greet scheduled__2021-12-26T00:00:00+00:00 [queued]>
[2023-05-25T06:50:51.950+0000] {taskinstance.py:1308} INFO - Starting attempt 1 of 6
[2023-05-25T06:50:52.264+0000] {taskinstance.py:1327} INFO - Executing <Task(_PythonDecoratedOperator): greet> on 2021-12-26 00:00:00+00:00
[2023-05-25T06:50:52.317+0000] {standard_task_runner.py:57} INFO - Started process 2192 to run task
[2023-05-25T06:50:52.384+0000] {standard_task_runner.py:84} INFO - Running: ['***', 'tasks', 'run', 'dag_with_taskflow_api_v02', 'greet', 'scheduled__2021-12-26T00:00:00+00:00', '--job-id', '206', '--raw', '--subdir', 'DAGS_FOLDER/first_dag.py', '--cfg-path', '/tmp/tmp16mwpzdv']
[2023-05-25T06:50:52.388+0000] {standard_task_runner.py:85} INFO - Job 206: Subtask greet
[2023-05-25T06:50:52.658+0000] {task_command.py:410} INFO - Running <TaskInstance: dag_with_taskflow_api_v02.greet scheduled__2021-12-26T00:00:00+00:00 [running]> on host 6bd07c7477d9
[2023-05-25T06:50:53.629+0000] {taskinstance.py:1547} INFO - Exporting env vars: AIRFLOW_CTX_DAG_OWNER='Sai' AIRFLOW_CTX_DAG_ID='dag_with_taskflow_api_v02' AIRFLOW_CTX_TASK_ID='greet' AIRFLOW_CTX_EXECUTION_DATE='2021-12-26T00:00:00+00:00' AIRFLOW_CTX_TRY_NUMBER='1' AIRFLOW_CTX_DAG_RUN_ID='scheduled__2021-12-26T00:00:00+00:00'
[2023-05-25T06:50:53.631+0000] {logging_mixin.py:149} INFO - Hello World! My name is Sai Tr and I am 19 years old!
[2023-05-25T06:50:53.631+0000] {python.py:183} INFO - Done. Returned value was: None
[2023-05-25T06:50:53.674+0000] {taskinstance.py:1350} INFO - Marking task as SUCCESS. dag_id=dag_with_taskflow_api_v02, task_id=greet, execution_date=20211226T000000, start_date=20230525T065051, end_date=20230525T065053
[2023-05-25T06:50:53.793+0000] {local_task_job_runner.py:225} INFO - Task exited with return code 0
[2023-05-25T06:50:53.911+0000] {taskinstance.py:2651} INFO - 0 downstream tasks scheduled from follow-on schedule check
[2023-05-25T10:21:05.949+0000] {taskinstance.py:1103} INFO - Dependencies all met for dep_context=non-requeueable deps ti=<TaskInstance: dag_with_taskflow_api_v02.greet scheduled__2021-12-26T00:00:00+00:00 [queued]>
[2023-05-25T10:21:06.011+0000] {taskinstance.py:1103} INFO - Dependencies all met for dep_context=requeueable deps ti=<TaskInstance: dag_with_taskflow_api_v02.greet scheduled__2021-12-26T00:00:00+00:00 [queued]>
[2023-05-25T10:21:06.021+0000] {taskinstance.py:1308} INFO - Starting attempt 1 of 6
[2023-05-25T10:21:06.088+0000] {taskinstance.py:1327} INFO - Executing <Task(_PythonDecoratedOperator): greet> on 2021-12-26 00:00:00+00:00
[2023-05-25T10:21:06.107+0000] {standard_task_runner.py:57} INFO - Started process 1693 to run task
[2023-05-25T10:21:06.124+0000] {standard_task_runner.py:84} INFO - Running: ['***', 'tasks', 'run', 'dag_with_taskflow_api_v02', 'greet', 'scheduled__2021-12-26T00:00:00+00:00', '--job-id', '189', '--raw', '--subdir', 'DAGS_FOLDER/first_dag.py', '--cfg-path', '/tmp/tmp313twh3j']
[2023-05-25T10:21:06.130+0000] {standard_task_runner.py:85} INFO - Job 189: Subtask greet
[2023-05-25T10:21:06.328+0000] {task_command.py:410} INFO - Running <TaskInstance: dag_with_taskflow_api_v02.greet scheduled__2021-12-26T00:00:00+00:00 [running]> on host b1ae37a9584e
[2023-05-25T10:21:06.740+0000] {taskinstance.py:1547} INFO - Exporting env vars: AIRFLOW_CTX_DAG_OWNER='Sai' AIRFLOW_CTX_DAG_ID='dag_with_taskflow_api_v02' AIRFLOW_CTX_TASK_ID='greet' AIRFLOW_CTX_EXECUTION_DATE='2021-12-26T00:00:00+00:00' AIRFLOW_CTX_TRY_NUMBER='1' AIRFLOW_CTX_DAG_RUN_ID='scheduled__2021-12-26T00:00:00+00:00'
[2023-05-25T10:21:06.742+0000] {logging_mixin.py:149} INFO - Hello World! My name is Sai Tr and I am 19 years old!
[2023-05-25T10:21:06.742+0000] {python.py:183} INFO - Done. Returned value was: None
[2023-05-25T10:21:06.774+0000] {taskinstance.py:1350} INFO - Marking task as SUCCESS. dag_id=dag_with_taskflow_api_v02, task_id=greet, execution_date=20211226T000000, start_date=20230525T102105, end_date=20230525T102106
[2023-05-25T10:21:06.835+0000] {local_task_job_runner.py:225} INFO - Task exited with return code 0
[2023-05-25T10:21:06.907+0000] {taskinstance.py:2651} INFO - 0 downstream tasks scheduled from follow-on schedule check
