[2023-05-24T15:30:34.089+0000] {taskinstance.py:1103} INFO - Dependencies all met for dep_context=non-requeueable deps ti=<TaskInstance: dag_with_taskflow_api_v02.greet scheduled__2023-03-27T00:00:00+00:00 [queued]>
[2023-05-24T15:30:34.135+0000] {taskinstance.py:1103} INFO - Dependencies all met for dep_context=requeueable deps ti=<TaskInstance: dag_with_taskflow_api_v02.greet scheduled__2023-03-27T00:00:00+00:00 [queued]>
[2023-05-24T15:30:34.136+0000] {taskinstance.py:1308} INFO - Starting attempt 1 of 6
[2023-05-24T15:30:34.195+0000] {taskinstance.py:1327} INFO - Executing <Task(_PythonDecoratedOperator): greet> on 2023-03-27 00:00:00+00:00
[2023-05-24T15:30:34.216+0000] {standard_task_runner.py:57} INFO - Started process 3665 to run task
[2023-05-24T15:30:34.226+0000] {standard_task_runner.py:84} INFO - Running: ['***', 'tasks', 'run', 'dag_with_taskflow_api_v02', 'greet', 'scheduled__2023-03-27T00:00:00+00:00', '--job-id', '1561', '--raw', '--subdir', 'DAGS_FOLDER/first_dag.py', '--cfg-path', '/tmp/tmpd_fkr30c']
[2023-05-24T15:30:34.231+0000] {standard_task_runner.py:85} INFO - Job 1561: Subtask greet
[2023-05-24T15:30:34.357+0000] {task_command.py:410} INFO - Running <TaskInstance: dag_with_taskflow_api_v02.greet scheduled__2023-03-27T00:00:00+00:00 [running]> on host 942de29f183d
[2023-05-24T15:30:34.751+0000] {taskinstance.py:1547} INFO - Exporting env vars: AIRFLOW_CTX_DAG_OWNER='Sai' AIRFLOW_CTX_DAG_ID='dag_with_taskflow_api_v02' AIRFLOW_CTX_TASK_ID='greet' AIRFLOW_CTX_EXECUTION_DATE='2023-03-27T00:00:00+00:00' AIRFLOW_CTX_TRY_NUMBER='1' AIRFLOW_CTX_DAG_RUN_ID='scheduled__2023-03-27T00:00:00+00:00'
[2023-05-24T15:30:34.752+0000] {logging_mixin.py:149} INFO - Hello World! My name is Sai Tr and I am 19 years old!
[2023-05-24T15:30:34.752+0000] {python.py:183} INFO - Done. Returned value was: None
[2023-05-24T15:30:34.800+0000] {taskinstance.py:1350} INFO - Marking task as SUCCESS. dag_id=dag_with_taskflow_api_v02, task_id=greet, execution_date=20230327T000000, start_date=20230524T153034, end_date=20230524T153034
[2023-05-24T15:30:34.866+0000] {local_task_job_runner.py:225} INFO - Task exited with return code 0
[2023-05-24T15:30:34.918+0000] {taskinstance.py:2651} INFO - 0 downstream tasks scheduled from follow-on schedule check
[2023-05-25T07:03:06.646+0000] {taskinstance.py:1103} INFO - Dependencies all met for dep_context=non-requeueable deps ti=<TaskInstance: dag_with_taskflow_api_v02.greet scheduled__2023-03-27T00:00:00+00:00 [queued]>
[2023-05-25T07:03:06.661+0000] {taskinstance.py:1103} INFO - Dependencies all met for dep_context=requeueable deps ti=<TaskInstance: dag_with_taskflow_api_v02.greet scheduled__2023-03-27T00:00:00+00:00 [queued]>
[2023-05-25T07:03:06.662+0000] {taskinstance.py:1308} INFO - Starting attempt 1 of 6
[2023-05-25T07:03:06.687+0000] {taskinstance.py:1327} INFO - Executing <Task(_PythonDecoratedOperator): greet> on 2023-03-27 00:00:00+00:00
[2023-05-25T07:03:06.694+0000] {standard_task_runner.py:57} INFO - Started process 5183 to run task
[2023-05-25T07:03:06.698+0000] {standard_task_runner.py:84} INFO - Running: ['***', 'tasks', 'run', 'dag_with_taskflow_api_v02', 'greet', 'scheduled__2023-03-27T00:00:00+00:00', '--job-id', '1561', '--raw', '--subdir', 'DAGS_FOLDER/first_dag.py', '--cfg-path', '/tmp/tmpdf6fessm']
[2023-05-25T07:03:06.702+0000] {standard_task_runner.py:85} INFO - Job 1561: Subtask greet
[2023-05-25T07:03:06.770+0000] {task_command.py:410} INFO - Running <TaskInstance: dag_with_taskflow_api_v02.greet scheduled__2023-03-27T00:00:00+00:00 [running]> on host 6bd07c7477d9
[2023-05-25T07:03:06.949+0000] {taskinstance.py:1547} INFO - Exporting env vars: AIRFLOW_CTX_DAG_OWNER='Sai' AIRFLOW_CTX_DAG_ID='dag_with_taskflow_api_v02' AIRFLOW_CTX_TASK_ID='greet' AIRFLOW_CTX_EXECUTION_DATE='2023-03-27T00:00:00+00:00' AIRFLOW_CTX_TRY_NUMBER='1' AIRFLOW_CTX_DAG_RUN_ID='scheduled__2023-03-27T00:00:00+00:00'
[2023-05-25T07:03:06.951+0000] {logging_mixin.py:149} INFO - Hello World! My name is Sai Tr and I am 19 years old!
[2023-05-25T07:03:06.951+0000] {python.py:183} INFO - Done. Returned value was: None
[2023-05-25T07:03:06.964+0000] {taskinstance.py:1350} INFO - Marking task as SUCCESS. dag_id=dag_with_taskflow_api_v02, task_id=greet, execution_date=20230327T000000, start_date=20230525T070306, end_date=20230525T070306
[2023-05-25T07:03:06.990+0000] {local_task_job_runner.py:225} INFO - Task exited with return code 0
[2023-05-25T07:03:07.033+0000] {taskinstance.py:2651} INFO - 0 downstream tasks scheduled from follow-on schedule check
[2023-05-25T10:37:46.247+0000] {taskinstance.py:1103} INFO - Dependencies all met for dep_context=non-requeueable deps ti=<TaskInstance: dag_with_taskflow_api_v02.greet scheduled__2023-03-27T00:00:00+00:00 [queued]>
[2023-05-25T10:37:46.312+0000] {taskinstance.py:1103} INFO - Dependencies all met for dep_context=requeueable deps ti=<TaskInstance: dag_with_taskflow_api_v02.greet scheduled__2023-03-27T00:00:00+00:00 [queued]>
[2023-05-25T10:37:46.312+0000] {taskinstance.py:1308} INFO - Starting attempt 1 of 6
[2023-05-25T10:37:46.395+0000] {taskinstance.py:1327} INFO - Executing <Task(_PythonDecoratedOperator): greet> on 2023-03-27 00:00:00+00:00
[2023-05-25T10:37:46.402+0000] {standard_task_runner.py:57} INFO - Started process 4865 to run task
[2023-05-25T10:37:46.446+0000] {standard_task_runner.py:84} INFO - Running: ['***', 'tasks', 'run', 'dag_with_taskflow_api_v02', 'greet', 'scheduled__2023-03-27T00:00:00+00:00', '--job-id', '1587', '--raw', '--subdir', 'DAGS_FOLDER/first_dag.py', '--cfg-path', '/tmp/tmpujmza6te']
[2023-05-25T10:37:46.463+0000] {standard_task_runner.py:85} INFO - Job 1587: Subtask greet
[2023-05-25T10:37:46.777+0000] {task_command.py:410} INFO - Running <TaskInstance: dag_with_taskflow_api_v02.greet scheduled__2023-03-27T00:00:00+00:00 [running]> on host b1ae37a9584e
[2023-05-25T10:37:47.662+0000] {taskinstance.py:1547} INFO - Exporting env vars: AIRFLOW_CTX_DAG_OWNER='Sai' AIRFLOW_CTX_DAG_ID='dag_with_taskflow_api_v02' AIRFLOW_CTX_TASK_ID='greet' AIRFLOW_CTX_EXECUTION_DATE='2023-03-27T00:00:00+00:00' AIRFLOW_CTX_TRY_NUMBER='1' AIRFLOW_CTX_DAG_RUN_ID='scheduled__2023-03-27T00:00:00+00:00'
[2023-05-25T10:37:47.664+0000] {logging_mixin.py:149} INFO - Hello World! My name is Sai Tr and I am 19 years old!
[2023-05-25T10:37:47.665+0000] {python.py:183} INFO - Done. Returned value was: None
[2023-05-25T10:37:47.736+0000] {taskinstance.py:1350} INFO - Marking task as SUCCESS. dag_id=dag_with_taskflow_api_v02, task_id=greet, execution_date=20230327T000000, start_date=20230525T103746, end_date=20230525T103747
[2023-05-25T10:37:47.868+0000] {local_task_job_runner.py:225} INFO - Task exited with return code 0
[2023-05-25T10:37:48.153+0000] {taskinstance.py:2651} INFO - 0 downstream tasks scheduled from follow-on schedule check
