[2023-05-24T15:28:48.724+0000] {taskinstance.py:1103} INFO - Dependencies all met for dep_context=non-requeueable deps ti=<TaskInstance: dag_with_taskflow_api_v02.get_age scheduled__2023-01-23T00:00:00+00:00 [queued]>
[2023-05-24T15:28:48.856+0000] {taskinstance.py:1103} INFO - Dependencies all met for dep_context=requeueable deps ti=<TaskInstance: dag_with_taskflow_api_v02.get_age scheduled__2023-01-23T00:00:00+00:00 [queued]>
[2023-05-24T15:28:48.870+0000] {taskinstance.py:1308} INFO - Starting attempt 1 of 6
[2023-05-24T15:28:49.231+0000] {taskinstance.py:1327} INFO - Executing <Task(_PythonDecoratedOperator): get_age> on 2023-01-23 00:00:00+00:00
[2023-05-24T15:28:49.237+0000] {standard_task_runner.py:57} INFO - Started process 3236 to run task
[2023-05-24T15:28:49.290+0000] {standard_task_runner.py:84} INFO - Running: ['***', 'tasks', 'run', 'dag_with_taskflow_api_v02', 'get_age', 'scheduled__2023-01-23T00:00:00+00:00', '--job-id', '1363', '--raw', '--subdir', 'DAGS_FOLDER/first_dag.py', '--cfg-path', '/tmp/tmptw8rwy4a']
[2023-05-24T15:28:49.305+0000] {standard_task_runner.py:85} INFO - Job 1363: Subtask get_age
[2023-05-24T15:28:49.581+0000] {task_command.py:410} INFO - Running <TaskInstance: dag_with_taskflow_api_v02.get_age scheduled__2023-01-23T00:00:00+00:00 [running]> on host 942de29f183d
[2023-05-24T15:28:50.228+0000] {taskinstance.py:1547} INFO - Exporting env vars: AIRFLOW_CTX_DAG_OWNER='Sai' AIRFLOW_CTX_DAG_ID='dag_with_taskflow_api_v02' AIRFLOW_CTX_TASK_ID='get_age' AIRFLOW_CTX_EXECUTION_DATE='2023-01-23T00:00:00+00:00' AIRFLOW_CTX_TRY_NUMBER='1' AIRFLOW_CTX_DAG_RUN_ID='scheduled__2023-01-23T00:00:00+00:00'
[2023-05-24T15:28:50.229+0000] {python.py:183} INFO - Done. Returned value was: 19
[2023-05-24T15:28:50.332+0000] {taskinstance.py:1350} INFO - Marking task as SUCCESS. dag_id=dag_with_taskflow_api_v02, task_id=get_age, execution_date=20230123T000000, start_date=20230524T152848, end_date=20230524T152850
[2023-05-24T15:28:50.503+0000] {local_task_job_runner.py:225} INFO - Task exited with return code 0
[2023-05-24T15:28:50.698+0000] {taskinstance.py:2651} INFO - 1 downstream tasks scheduled from follow-on schedule check
[2023-05-25T07:01:19.785+0000] {taskinstance.py:1103} INFO - Dependencies all met for dep_context=non-requeueable deps ti=<TaskInstance: dag_with_taskflow_api_v02.get_age scheduled__2023-01-23T00:00:00+00:00 [queued]>
[2023-05-25T07:01:19.834+0000] {taskinstance.py:1103} INFO - Dependencies all met for dep_context=requeueable deps ti=<TaskInstance: dag_with_taskflow_api_v02.get_age scheduled__2023-01-23T00:00:00+00:00 [queued]>
[2023-05-25T07:01:19.835+0000] {taskinstance.py:1308} INFO - Starting attempt 1 of 6
[2023-05-25T07:01:19.958+0000] {taskinstance.py:1327} INFO - Executing <Task(_PythonDecoratedOperator): get_age> on 2023-01-23 00:00:00+00:00
[2023-05-25T07:01:19.975+0000] {standard_task_runner.py:57} INFO - Started process 4749 to run task
[2023-05-25T07:01:20.022+0000] {standard_task_runner.py:84} INFO - Running: ['***', 'tasks', 'run', 'dag_with_taskflow_api_v02', 'get_age', 'scheduled__2023-01-23T00:00:00+00:00', '--job-id', '1360', '--raw', '--subdir', 'DAGS_FOLDER/first_dag.py', '--cfg-path', '/tmp/tmpydup7pjf']
[2023-05-25T07:01:20.044+0000] {standard_task_runner.py:85} INFO - Job 1360: Subtask get_age
[2023-05-25T07:01:20.366+0000] {task_command.py:410} INFO - Running <TaskInstance: dag_with_taskflow_api_v02.get_age scheduled__2023-01-23T00:00:00+00:00 [running]> on host 6bd07c7477d9
[2023-05-25T07:01:20.931+0000] {taskinstance.py:1547} INFO - Exporting env vars: AIRFLOW_CTX_DAG_OWNER='Sai' AIRFLOW_CTX_DAG_ID='dag_with_taskflow_api_v02' AIRFLOW_CTX_TASK_ID='get_age' AIRFLOW_CTX_EXECUTION_DATE='2023-01-23T00:00:00+00:00' AIRFLOW_CTX_TRY_NUMBER='1' AIRFLOW_CTX_DAG_RUN_ID='scheduled__2023-01-23T00:00:00+00:00'
[2023-05-25T07:01:20.954+0000] {python.py:183} INFO - Done. Returned value was: 19
[2023-05-25T07:01:21.102+0000] {taskinstance.py:1350} INFO - Marking task as SUCCESS. dag_id=dag_with_taskflow_api_v02, task_id=get_age, execution_date=20230123T000000, start_date=20230525T070119, end_date=20230525T070121
[2023-05-25T07:01:21.243+0000] {local_task_job_runner.py:225} INFO - Task exited with return code 0
[2023-05-25T07:01:21.399+0000] {taskinstance.py:2651} INFO - 0 downstream tasks scheduled from follow-on schedule check
[2023-05-25T10:35:34.357+0000] {taskinstance.py:1103} INFO - Dependencies all met for dep_context=non-requeueable deps ti=<TaskInstance: dag_with_taskflow_api_v02.get_age scheduled__2023-01-23T00:00:00+00:00 [queued]>
[2023-05-25T10:35:34.560+0000] {taskinstance.py:1103} INFO - Dependencies all met for dep_context=requeueable deps ti=<TaskInstance: dag_with_taskflow_api_v02.get_age scheduled__2023-01-23T00:00:00+00:00 [queued]>
[2023-05-25T10:35:34.562+0000] {taskinstance.py:1308} INFO - Starting attempt 1 of 6
[2023-05-25T10:35:34.850+0000] {taskinstance.py:1327} INFO - Executing <Task(_PythonDecoratedOperator): get_age> on 2023-01-23 00:00:00+00:00
[2023-05-25T10:35:34.891+0000] {standard_task_runner.py:57} INFO - Started process 4399 to run task
[2023-05-25T10:35:34.969+0000] {standard_task_runner.py:84} INFO - Running: ['***', 'tasks', 'run', 'dag_with_taskflow_api_v02', 'get_age', 'scheduled__2023-01-23T00:00:00+00:00', '--job-id', '1374', '--raw', '--subdir', 'DAGS_FOLDER/first_dag.py', '--cfg-path', '/tmp/tmpbk8l66y4']
[2023-05-25T10:35:34.972+0000] {standard_task_runner.py:85} INFO - Job 1374: Subtask get_age
[2023-05-25T10:35:35.439+0000] {task_command.py:410} INFO - Running <TaskInstance: dag_with_taskflow_api_v02.get_age scheduled__2023-01-23T00:00:00+00:00 [running]> on host b1ae37a9584e
[2023-05-25T10:35:36.201+0000] {taskinstance.py:1547} INFO - Exporting env vars: AIRFLOW_CTX_DAG_OWNER='Sai' AIRFLOW_CTX_DAG_ID='dag_with_taskflow_api_v02' AIRFLOW_CTX_TASK_ID='get_age' AIRFLOW_CTX_EXECUTION_DATE='2023-01-23T00:00:00+00:00' AIRFLOW_CTX_TRY_NUMBER='1' AIRFLOW_CTX_DAG_RUN_ID='scheduled__2023-01-23T00:00:00+00:00'
[2023-05-25T10:35:36.203+0000] {python.py:183} INFO - Done. Returned value was: 19
[2023-05-25T10:35:36.516+0000] {taskinstance.py:1350} INFO - Marking task as SUCCESS. dag_id=dag_with_taskflow_api_v02, task_id=get_age, execution_date=20230123T000000, start_date=20230525T103534, end_date=20230525T103536
[2023-05-25T10:35:36.685+0000] {local_task_job_runner.py:225} INFO - Task exited with return code 0
[2023-05-25T10:35:37.226+0000] {taskinstance.py:2651} INFO - 0 downstream tasks scheduled from follow-on schedule check
