[2023-05-24T15:26:07.581+0000] {taskinstance.py:1103} INFO - Dependencies all met for dep_context=non-requeueable deps ti=<TaskInstance: dag_with_taskflow_api_v02.greet scheduled__2022-10-11T00:00:00+00:00 [queued]>
[2023-05-24T15:26:07.611+0000] {taskinstance.py:1103} INFO - Dependencies all met for dep_context=requeueable deps ti=<TaskInstance: dag_with_taskflow_api_v02.greet scheduled__2022-10-11T00:00:00+00:00 [queued]>
[2023-05-24T15:26:07.612+0000] {taskinstance.py:1308} INFO - Starting attempt 1 of 6
[2023-05-24T15:26:07.707+0000] {taskinstance.py:1327} INFO - Executing <Task(_PythonDecoratedOperator): greet> on 2022-10-11 00:00:00+00:00
[2023-05-24T15:26:07.714+0000] {standard_task_runner.py:57} INFO - Started process 2586 to run task
[2023-05-24T15:26:07.750+0000] {standard_task_runner.py:84} INFO - Running: ['***', 'tasks', 'run', 'dag_with_taskflow_api_v02', 'greet', 'scheduled__2022-10-11T00:00:00+00:00', '--job-id', '1070', '--raw', '--subdir', 'DAGS_FOLDER/first_dag.py', '--cfg-path', '/tmp/tmpfbszrblf']
[2023-05-24T15:26:07.753+0000] {standard_task_runner.py:85} INFO - Job 1070: Subtask greet
[2023-05-24T15:26:07.971+0000] {task_command.py:410} INFO - Running <TaskInstance: dag_with_taskflow_api_v02.greet scheduled__2022-10-11T00:00:00+00:00 [running]> on host 942de29f183d
[2023-05-24T15:26:08.545+0000] {taskinstance.py:1547} INFO - Exporting env vars: AIRFLOW_CTX_DAG_OWNER='Sai' AIRFLOW_CTX_DAG_ID='dag_with_taskflow_api_v02' AIRFLOW_CTX_TASK_ID='greet' AIRFLOW_CTX_EXECUTION_DATE='2022-10-11T00:00:00+00:00' AIRFLOW_CTX_TRY_NUMBER='1' AIRFLOW_CTX_DAG_RUN_ID='scheduled__2022-10-11T00:00:00+00:00'
[2023-05-24T15:26:08.546+0000] {logging_mixin.py:149} INFO - Hello World! My name is Sai Tr and I am 19 years old!
[2023-05-24T15:26:08.547+0000] {python.py:183} INFO - Done. Returned value was: None
[2023-05-24T15:26:08.576+0000] {taskinstance.py:1350} INFO - Marking task as SUCCESS. dag_id=dag_with_taskflow_api_v02, task_id=greet, execution_date=20221011T000000, start_date=20230524T152607, end_date=20230524T152608
[2023-05-24T15:26:08.686+0000] {local_task_job_runner.py:225} INFO - Task exited with return code 0
[2023-05-24T15:26:08.765+0000] {taskinstance.py:2651} INFO - 0 downstream tasks scheduled from follow-on schedule check
[2023-05-25T06:58:37.338+0000] {taskinstance.py:1103} INFO - Dependencies all met for dep_context=non-requeueable deps ti=<TaskInstance: dag_with_taskflow_api_v02.greet scheduled__2022-10-11T00:00:00+00:00 [queued]>
[2023-05-25T06:58:37.374+0000] {taskinstance.py:1103} INFO - Dependencies all met for dep_context=requeueable deps ti=<TaskInstance: dag_with_taskflow_api_v02.greet scheduled__2022-10-11T00:00:00+00:00 [queued]>
[2023-05-25T06:58:37.374+0000] {taskinstance.py:1308} INFO - Starting attempt 1 of 6
[2023-05-25T06:58:37.419+0000] {taskinstance.py:1327} INFO - Executing <Task(_PythonDecoratedOperator): greet> on 2022-10-11 00:00:00+00:00
[2023-05-25T06:58:37.437+0000] {standard_task_runner.py:57} INFO - Started process 4088 to run task
[2023-05-25T06:58:37.470+0000] {standard_task_runner.py:84} INFO - Running: ['***', 'tasks', 'run', 'dag_with_taskflow_api_v02', 'greet', 'scheduled__2022-10-11T00:00:00+00:00', '--job-id', '1067', '--raw', '--subdir', 'DAGS_FOLDER/first_dag.py', '--cfg-path', '/tmp/tmp_p1uhnch']
[2023-05-25T06:58:37.473+0000] {standard_task_runner.py:85} INFO - Job 1067: Subtask greet
[2023-05-25T06:58:37.637+0000] {task_command.py:410} INFO - Running <TaskInstance: dag_with_taskflow_api_v02.greet scheduled__2022-10-11T00:00:00+00:00 [running]> on host 6bd07c7477d9
[2023-05-25T06:58:38.377+0000] {taskinstance.py:1547} INFO - Exporting env vars: AIRFLOW_CTX_DAG_OWNER='Sai' AIRFLOW_CTX_DAG_ID='dag_with_taskflow_api_v02' AIRFLOW_CTX_TASK_ID='greet' AIRFLOW_CTX_EXECUTION_DATE='2022-10-11T00:00:00+00:00' AIRFLOW_CTX_TRY_NUMBER='1' AIRFLOW_CTX_DAG_RUN_ID='scheduled__2022-10-11T00:00:00+00:00'
[2023-05-25T06:58:38.379+0000] {logging_mixin.py:149} INFO - Hello World! My name is Sai Tr and I am 19 years old!
[2023-05-25T06:58:38.379+0000] {python.py:183} INFO - Done. Returned value was: None
[2023-05-25T06:58:38.432+0000] {taskinstance.py:1350} INFO - Marking task as SUCCESS. dag_id=dag_with_taskflow_api_v02, task_id=greet, execution_date=20221011T000000, start_date=20230525T065837, end_date=20230525T065838
[2023-05-25T06:58:38.581+0000] {local_task_job_runner.py:225} INFO - Task exited with return code 0
[2023-05-25T06:58:38.646+0000] {taskinstance.py:2651} INFO - 0 downstream tasks scheduled from follow-on schedule check
[2023-05-25T10:32:14.643+0000] {taskinstance.py:1103} INFO - Dependencies all met for dep_context=non-requeueable deps ti=<TaskInstance: dag_with_taskflow_api_v02.greet scheduled__2022-10-11T00:00:00+00:00 [queued]>
[2023-05-25T10:32:14.711+0000] {taskinstance.py:1103} INFO - Dependencies all met for dep_context=requeueable deps ti=<TaskInstance: dag_with_taskflow_api_v02.greet scheduled__2022-10-11T00:00:00+00:00 [queued]>
[2023-05-25T10:32:14.712+0000] {taskinstance.py:1308} INFO - Starting attempt 1 of 6
[2023-05-25T10:32:15.100+0000] {taskinstance.py:1327} INFO - Executing <Task(_PythonDecoratedOperator): greet> on 2022-10-11 00:00:00+00:00
[2023-05-25T10:32:15.122+0000] {standard_task_runner.py:57} INFO - Started process 3734 to run task
[2023-05-25T10:32:15.137+0000] {standard_task_runner.py:84} INFO - Running: ['***', 'tasks', 'run', 'dag_with_taskflow_api_v02', 'greet', 'scheduled__2022-10-11T00:00:00+00:00', '--job-id', '1083', '--raw', '--subdir', 'DAGS_FOLDER/first_dag.py', '--cfg-path', '/tmp/tmpgbx7sm_6']
[2023-05-25T10:32:15.153+0000] {standard_task_runner.py:85} INFO - Job 1083: Subtask greet
[2023-05-25T10:32:15.460+0000] {task_command.py:410} INFO - Running <TaskInstance: dag_with_taskflow_api_v02.greet scheduled__2022-10-11T00:00:00+00:00 [running]> on host b1ae37a9584e
[2023-05-25T10:32:16.054+0000] {taskinstance.py:1547} INFO - Exporting env vars: AIRFLOW_CTX_DAG_OWNER='Sai' AIRFLOW_CTX_DAG_ID='dag_with_taskflow_api_v02' AIRFLOW_CTX_TASK_ID='greet' AIRFLOW_CTX_EXECUTION_DATE='2022-10-11T00:00:00+00:00' AIRFLOW_CTX_TRY_NUMBER='1' AIRFLOW_CTX_DAG_RUN_ID='scheduled__2022-10-11T00:00:00+00:00'
[2023-05-25T10:32:16.068+0000] {logging_mixin.py:149} INFO - Hello World! My name is Sai Tr and I am 19 years old!
[2023-05-25T10:32:16.068+0000] {python.py:183} INFO - Done. Returned value was: None
[2023-05-25T10:32:16.162+0000] {taskinstance.py:1350} INFO - Marking task as SUCCESS. dag_id=dag_with_taskflow_api_v02, task_id=greet, execution_date=20221011T000000, start_date=20230525T103214, end_date=20230525T103216
[2023-05-25T10:32:16.246+0000] {local_task_job_runner.py:225} INFO - Task exited with return code 0
[2023-05-25T10:32:16.444+0000] {taskinstance.py:2651} INFO - 0 downstream tasks scheduled from follow-on schedule check
