[2023-05-24T15:16:27.481+0000] {taskinstance.py:1103} INFO - Dependencies all met for dep_context=non-requeueable deps ti=<TaskInstance: dag_with_taskflow_api_v02.greet scheduled__2021-12-04T00:00:00+00:00 [queued]>
[2023-05-24T15:16:27.528+0000] {taskinstance.py:1103} INFO - Dependencies all met for dep_context=requeueable deps ti=<TaskInstance: dag_with_taskflow_api_v02.greet scheduled__2021-12-04T00:00:00+00:00 [queued]>
[2023-05-24T15:16:27.528+0000] {taskinstance.py:1308} INFO - Starting attempt 1 of 6
[2023-05-24T15:16:27.597+0000] {taskinstance.py:1327} INFO - Executing <Task(_PythonDecoratedOperator): greet> on 2021-12-04 00:00:00+00:00
[2023-05-24T15:16:27.611+0000] {standard_task_runner.py:57} INFO - Started process 474 to run task
[2023-05-24T15:16:27.628+0000] {standard_task_runner.py:84} INFO - Running: ['***', 'tasks', 'run', 'dag_with_taskflow_api_v02', 'greet', 'scheduled__2021-12-04T00:00:00+00:00', '--job-id', '130', '--raw', '--subdir', 'DAGS_FOLDER/first_dag.py', '--cfg-path', '/tmp/tmpdsa4shua']
[2023-05-24T15:16:27.631+0000] {standard_task_runner.py:85} INFO - Job 130: Subtask greet
[2023-05-24T15:16:27.846+0000] {task_command.py:410} INFO - Running <TaskInstance: dag_with_taskflow_api_v02.greet scheduled__2021-12-04T00:00:00+00:00 [running]> on host 942de29f183d
[2023-05-24T15:16:28.343+0000] {taskinstance.py:1547} INFO - Exporting env vars: AIRFLOW_CTX_DAG_OWNER='Sai' AIRFLOW_CTX_DAG_ID='dag_with_taskflow_api_v02' AIRFLOW_CTX_TASK_ID='greet' AIRFLOW_CTX_EXECUTION_DATE='2021-12-04T00:00:00+00:00' AIRFLOW_CTX_TRY_NUMBER='1' AIRFLOW_CTX_DAG_RUN_ID='scheduled__2021-12-04T00:00:00+00:00'
[2023-05-24T15:16:28.344+0000] {logging_mixin.py:149} INFO - Hello World! My name is Sai Tr and I am 19 years old!
[2023-05-24T15:16:28.345+0000] {python.py:183} INFO - Done. Returned value was: None
[2023-05-24T15:16:28.371+0000] {taskinstance.py:1350} INFO - Marking task as SUCCESS. dag_id=dag_with_taskflow_api_v02, task_id=greet, execution_date=20211204T000000, start_date=20230524T151627, end_date=20230524T151628
[2023-05-24T15:16:28.430+0000] {local_task_job_runner.py:225} INFO - Task exited with return code 0
[2023-05-24T15:16:28.486+0000] {taskinstance.py:2651} INFO - 0 downstream tasks scheduled from follow-on schedule check
[2023-05-25T06:50:08.909+0000] {taskinstance.py:1103} INFO - Dependencies all met for dep_context=non-requeueable deps ti=<TaskInstance: dag_with_taskflow_api_v02.greet scheduled__2021-12-04T00:00:00+00:00 [queued]>
[2023-05-25T06:50:08.946+0000] {taskinstance.py:1103} INFO - Dependencies all met for dep_context=requeueable deps ti=<TaskInstance: dag_with_taskflow_api_v02.greet scheduled__2021-12-04T00:00:00+00:00 [queued]>
[2023-05-25T06:50:08.946+0000] {taskinstance.py:1308} INFO - Starting attempt 1 of 6
[2023-05-25T06:50:09.225+0000] {taskinstance.py:1327} INFO - Executing <Task(_PythonDecoratedOperator): greet> on 2021-12-04 00:00:00+00:00
[2023-05-25T06:50:09.232+0000] {standard_task_runner.py:57} INFO - Started process 2027 to run task
[2023-05-25T06:50:09.294+0000] {standard_task_runner.py:84} INFO - Running: ['***', 'tasks', 'run', 'dag_with_taskflow_api_v02', 'greet', 'scheduled__2021-12-04T00:00:00+00:00', '--job-id', '133', '--raw', '--subdir', 'DAGS_FOLDER/first_dag.py', '--cfg-path', '/tmp/tmp9ujz3k3s']
[2023-05-25T06:50:09.303+0000] {standard_task_runner.py:85} INFO - Job 133: Subtask greet
[2023-05-25T06:50:09.621+0000] {task_command.py:410} INFO - Running <TaskInstance: dag_with_taskflow_api_v02.greet scheduled__2021-12-04T00:00:00+00:00 [running]> on host 6bd07c7477d9
[2023-05-25T06:50:10.202+0000] {taskinstance.py:1547} INFO - Exporting env vars: AIRFLOW_CTX_DAG_OWNER='Sai' AIRFLOW_CTX_DAG_ID='dag_with_taskflow_api_v02' AIRFLOW_CTX_TASK_ID='greet' AIRFLOW_CTX_EXECUTION_DATE='2021-12-04T00:00:00+00:00' AIRFLOW_CTX_TRY_NUMBER='1' AIRFLOW_CTX_DAG_RUN_ID='scheduled__2021-12-04T00:00:00+00:00'
[2023-05-25T06:50:10.204+0000] {logging_mixin.py:149} INFO - Hello World! My name is Sai Tr and I am 19 years old!
[2023-05-25T06:50:10.205+0000] {python.py:183} INFO - Done. Returned value was: None
[2023-05-25T06:50:10.252+0000] {taskinstance.py:1350} INFO - Marking task as SUCCESS. dag_id=dag_with_taskflow_api_v02, task_id=greet, execution_date=20211204T000000, start_date=20230525T065008, end_date=20230525T065010
[2023-05-25T06:50:10.307+0000] {local_task_job_runner.py:225} INFO - Task exited with return code 0
[2023-05-25T06:50:10.359+0000] {taskinstance.py:2651} INFO - 0 downstream tasks scheduled from follow-on schedule check
[2023-05-25T10:20:21.228+0000] {taskinstance.py:1103} INFO - Dependencies all met for dep_context=non-requeueable deps ti=<TaskInstance: dag_with_taskflow_api_v02.greet scheduled__2021-12-04T00:00:00+00:00 [queued]>
[2023-05-25T10:20:21.336+0000] {taskinstance.py:1103} INFO - Dependencies all met for dep_context=requeueable deps ti=<TaskInstance: dag_with_taskflow_api_v02.greet scheduled__2021-12-04T00:00:00+00:00 [queued]>
[2023-05-25T10:20:21.336+0000] {taskinstance.py:1308} INFO - Starting attempt 1 of 6
[2023-05-25T10:20:22.102+0000] {taskinstance.py:1327} INFO - Executing <Task(_PythonDecoratedOperator): greet> on 2021-12-04 00:00:00+00:00
[2023-05-25T10:20:22.116+0000] {standard_task_runner.py:57} INFO - Started process 1545 to run task
[2023-05-25T10:20:22.140+0000] {standard_task_runner.py:84} INFO - Running: ['***', 'tasks', 'run', 'dag_with_taskflow_api_v02', 'greet', 'scheduled__2021-12-04T00:00:00+00:00', '--job-id', '125', '--raw', '--subdir', 'DAGS_FOLDER/first_dag.py', '--cfg-path', '/tmp/tmpklg0lavf']
[2023-05-25T10:20:22.150+0000] {standard_task_runner.py:85} INFO - Job 125: Subtask greet
[2023-05-25T10:20:22.750+0000] {task_command.py:410} INFO - Running <TaskInstance: dag_with_taskflow_api_v02.greet scheduled__2021-12-04T00:00:00+00:00 [running]> on host b1ae37a9584e
[2023-05-25T10:20:24.028+0000] {taskinstance.py:1547} INFO - Exporting env vars: AIRFLOW_CTX_DAG_OWNER='Sai' AIRFLOW_CTX_DAG_ID='dag_with_taskflow_api_v02' AIRFLOW_CTX_TASK_ID='greet' AIRFLOW_CTX_EXECUTION_DATE='2021-12-04T00:00:00+00:00' AIRFLOW_CTX_TRY_NUMBER='1' AIRFLOW_CTX_DAG_RUN_ID='scheduled__2021-12-04T00:00:00+00:00'
[2023-05-25T10:20:24.030+0000] {logging_mixin.py:149} INFO - Hello World! My name is Sai Tr and I am 19 years old!
[2023-05-25T10:20:24.030+0000] {python.py:183} INFO - Done. Returned value was: None
[2023-05-25T10:20:24.064+0000] {taskinstance.py:1350} INFO - Marking task as SUCCESS. dag_id=dag_with_taskflow_api_v02, task_id=greet, execution_date=20211204T000000, start_date=20230525T102021, end_date=20230525T102024
[2023-05-25T10:20:24.196+0000] {local_task_job_runner.py:225} INFO - Task exited with return code 0
[2023-05-25T10:20:24.584+0000] {taskinstance.py:2651} INFO - 0 downstream tasks scheduled from follow-on schedule check
