[2023-05-24T15:24:43.062+0000] {taskinstance.py:1103} INFO - Dependencies all met for dep_context=non-requeueable deps ti=<TaskInstance: dag_with_taskflow_api_v02.get_name scheduled__2022-08-28T00:00:00+00:00 [queued]>
[2023-05-24T15:24:43.144+0000] {taskinstance.py:1103} INFO - Dependencies all met for dep_context=requeueable deps ti=<TaskInstance: dag_with_taskflow_api_v02.get_name scheduled__2022-08-28T00:00:00+00:00 [queued]>
[2023-05-24T15:24:43.144+0000] {taskinstance.py:1308} INFO - Starting attempt 1 of 6
[2023-05-24T15:24:43.245+0000] {taskinstance.py:1327} INFO - Executing <Task(_PythonDecoratedOperator): get_name> on 2022-08-28 00:00:00+00:00
[2023-05-24T15:24:43.267+0000] {standard_task_runner.py:57} INFO - Started process 2252 to run task
[2023-05-24T15:24:43.304+0000] {standard_task_runner.py:84} INFO - Running: ['***', 'tasks', 'run', 'dag_with_taskflow_api_v02', 'get_name', 'scheduled__2022-08-28T00:00:00+00:00', '--job-id', '918', '--raw', '--subdir', 'DAGS_FOLDER/first_dag.py', '--cfg-path', '/tmp/tmpw91xs0wx']
[2023-05-24T15:24:43.307+0000] {standard_task_runner.py:85} INFO - Job 918: Subtask get_name
[2023-05-24T15:24:43.653+0000] {task_command.py:410} INFO - Running <TaskInstance: dag_with_taskflow_api_v02.get_name scheduled__2022-08-28T00:00:00+00:00 [running]> on host 942de29f183d
[2023-05-24T15:24:44.549+0000] {taskinstance.py:1547} INFO - Exporting env vars: AIRFLOW_CTX_DAG_OWNER='Sai' AIRFLOW_CTX_DAG_ID='dag_with_taskflow_api_v02' AIRFLOW_CTX_TASK_ID='get_name' AIRFLOW_CTX_EXECUTION_DATE='2022-08-28T00:00:00+00:00' AIRFLOW_CTX_TRY_NUMBER='1' AIRFLOW_CTX_DAG_RUN_ID='scheduled__2022-08-28T00:00:00+00:00'
[2023-05-24T15:24:44.551+0000] {python.py:183} INFO - Done. Returned value was: {'first_name': 'Sai', 'last_name': 'Tr'}
[2023-05-24T15:24:44.744+0000] {taskinstance.py:1350} INFO - Marking task as SUCCESS. dag_id=dag_with_taskflow_api_v02, task_id=get_name, execution_date=20220828T000000, start_date=20230524T152443, end_date=20230524T152444
[2023-05-24T15:24:44.931+0000] {local_task_job_runner.py:225} INFO - Task exited with return code 0
[2023-05-24T15:24:45.745+0000] {taskinstance.py:2651} INFO - 0 downstream tasks scheduled from follow-on schedule check
[2023-05-25T06:57:18.786+0000] {taskinstance.py:1103} INFO - Dependencies all met for dep_context=non-requeueable deps ti=<TaskInstance: dag_with_taskflow_api_v02.get_name scheduled__2022-08-28T00:00:00+00:00 [queued]>
[2023-05-25T06:57:18.910+0000] {taskinstance.py:1103} INFO - Dependencies all met for dep_context=requeueable deps ti=<TaskInstance: dag_with_taskflow_api_v02.get_name scheduled__2022-08-28T00:00:00+00:00 [queued]>
[2023-05-25T06:57:18.911+0000] {taskinstance.py:1308} INFO - Starting attempt 1 of 6
[2023-05-25T06:57:19.070+0000] {taskinstance.py:1327} INFO - Executing <Task(_PythonDecoratedOperator): get_name> on 2022-08-28 00:00:00+00:00
[2023-05-25T06:57:19.103+0000] {standard_task_runner.py:57} INFO - Started process 3768 to run task
[2023-05-25T06:57:19.118+0000] {standard_task_runner.py:84} INFO - Running: ['***', 'tasks', 'run', 'dag_with_taskflow_api_v02', 'get_name', 'scheduled__2022-08-28T00:00:00+00:00', '--job-id', '915', '--raw', '--subdir', 'DAGS_FOLDER/first_dag.py', '--cfg-path', '/tmp/tmpddeed7ta']
[2023-05-25T06:57:19.150+0000] {standard_task_runner.py:85} INFO - Job 915: Subtask get_name
[2023-05-25T06:57:19.346+0000] {task_command.py:410} INFO - Running <TaskInstance: dag_with_taskflow_api_v02.get_name scheduled__2022-08-28T00:00:00+00:00 [running]> on host 6bd07c7477d9
[2023-05-25T06:57:20.167+0000] {taskinstance.py:1547} INFO - Exporting env vars: AIRFLOW_CTX_DAG_OWNER='Sai' AIRFLOW_CTX_DAG_ID='dag_with_taskflow_api_v02' AIRFLOW_CTX_TASK_ID='get_name' AIRFLOW_CTX_EXECUTION_DATE='2022-08-28T00:00:00+00:00' AIRFLOW_CTX_TRY_NUMBER='1' AIRFLOW_CTX_DAG_RUN_ID='scheduled__2022-08-28T00:00:00+00:00'
[2023-05-25T06:57:20.169+0000] {python.py:183} INFO - Done. Returned value was: {'first_name': 'Sai', 'last_name': 'Tr'}
[2023-05-25T06:57:20.343+0000] {taskinstance.py:1350} INFO - Marking task as SUCCESS. dag_id=dag_with_taskflow_api_v02, task_id=get_name, execution_date=20220828T000000, start_date=20230525T065718, end_date=20230525T065720
[2023-05-25T06:57:20.508+0000] {local_task_job_runner.py:225} INFO - Task exited with return code 0
[2023-05-25T06:57:21.890+0000] {taskinstance.py:2651} INFO - 0 downstream tasks scheduled from follow-on schedule check
[2023-05-25T10:30:34.708+0000] {taskinstance.py:1103} INFO - Dependencies all met for dep_context=non-requeueable deps ti=<TaskInstance: dag_with_taskflow_api_v02.get_name scheduled__2022-08-28T00:00:00+00:00 [queued]>
[2023-05-25T10:30:35.014+0000] {taskinstance.py:1103} INFO - Dependencies all met for dep_context=requeueable deps ti=<TaskInstance: dag_with_taskflow_api_v02.get_name scheduled__2022-08-28T00:00:00+00:00 [queued]>
[2023-05-25T10:30:35.014+0000] {taskinstance.py:1308} INFO - Starting attempt 1 of 6
[2023-05-25T10:30:35.441+0000] {taskinstance.py:1327} INFO - Executing <Task(_PythonDecoratedOperator): get_name> on 2022-08-28 00:00:00+00:00
[2023-05-25T10:30:35.578+0000] {standard_task_runner.py:57} INFO - Started process 3399 to run task
[2023-05-25T10:30:35.707+0000] {standard_task_runner.py:84} INFO - Running: ['***', 'tasks', 'run', 'dag_with_taskflow_api_v02', 'get_name', 'scheduled__2022-08-28T00:00:00+00:00', '--job-id', '931', '--raw', '--subdir', 'DAGS_FOLDER/first_dag.py', '--cfg-path', '/tmp/tmpv3wd_rnq']
[2023-05-25T10:30:35.756+0000] {standard_task_runner.py:85} INFO - Job 931: Subtask get_name
[2023-05-25T10:30:36.658+0000] {task_command.py:410} INFO - Running <TaskInstance: dag_with_taskflow_api_v02.get_name scheduled__2022-08-28T00:00:00+00:00 [running]> on host b1ae37a9584e
[2023-05-25T10:30:38.209+0000] {taskinstance.py:1547} INFO - Exporting env vars: AIRFLOW_CTX_DAG_OWNER='Sai' AIRFLOW_CTX_DAG_ID='dag_with_taskflow_api_v02' AIRFLOW_CTX_TASK_ID='get_name' AIRFLOW_CTX_EXECUTION_DATE='2022-08-28T00:00:00+00:00' AIRFLOW_CTX_TRY_NUMBER='1' AIRFLOW_CTX_DAG_RUN_ID='scheduled__2022-08-28T00:00:00+00:00'
[2023-05-25T10:30:38.210+0000] {python.py:183} INFO - Done. Returned value was: {'first_name': 'Sai', 'last_name': 'Tr'}
[2023-05-25T10:30:38.762+0000] {taskinstance.py:1350} INFO - Marking task as SUCCESS. dag_id=dag_with_taskflow_api_v02, task_id=get_name, execution_date=20220828T000000, start_date=20230525T103034, end_date=20230525T103038
[2023-05-25T10:30:39.084+0000] {local_task_job_runner.py:225} INFO - Task exited with return code 0
[2023-05-25T10:30:39.223+0000] {taskinstance.py:2651} INFO - 1 downstream tasks scheduled from follow-on schedule check
