[2023-05-24T15:21:35.882+0000] {taskinstance.py:1103} INFO - Dependencies all met for dep_context=non-requeueable deps ti=<TaskInstance: dag_with_taskflow_api_v02.get_name scheduled__2022-05-21T00:00:00+00:00 [queued]>
[2023-05-24T15:21:35.904+0000] {taskinstance.py:1103} INFO - Dependencies all met for dep_context=requeueable deps ti=<TaskInstance: dag_with_taskflow_api_v02.get_name scheduled__2022-05-21T00:00:00+00:00 [queued]>
[2023-05-24T15:21:35.906+0000] {taskinstance.py:1308} INFO - Starting attempt 1 of 6
[2023-05-24T15:21:35.982+0000] {taskinstance.py:1327} INFO - Executing <Task(_PythonDecoratedOperator): get_name> on 2022-05-21 00:00:00+00:00
[2023-05-24T15:21:35.989+0000] {standard_task_runner.py:57} INFO - Started process 1584 to run task
[2023-05-24T15:21:36.023+0000] {standard_task_runner.py:84} INFO - Running: ['***', 'tasks', 'run', 'dag_with_taskflow_api_v02', 'get_name', 'scheduled__2022-05-21T00:00:00+00:00', '--job-id', '619', '--raw', '--subdir', 'DAGS_FOLDER/first_dag.py', '--cfg-path', '/tmp/tmpk5c5m4tm']
[2023-05-24T15:21:36.032+0000] {standard_task_runner.py:85} INFO - Job 619: Subtask get_name
[2023-05-24T15:21:36.344+0000] {task_command.py:410} INFO - Running <TaskInstance: dag_with_taskflow_api_v02.get_name scheduled__2022-05-21T00:00:00+00:00 [running]> on host 942de29f183d
[2023-05-24T15:21:37.443+0000] {taskinstance.py:1547} INFO - Exporting env vars: AIRFLOW_CTX_DAG_OWNER='Sai' AIRFLOW_CTX_DAG_ID='dag_with_taskflow_api_v02' AIRFLOW_CTX_TASK_ID='get_name' AIRFLOW_CTX_EXECUTION_DATE='2022-05-21T00:00:00+00:00' AIRFLOW_CTX_TRY_NUMBER='1' AIRFLOW_CTX_DAG_RUN_ID='scheduled__2022-05-21T00:00:00+00:00'
[2023-05-24T15:21:37.444+0000] {python.py:183} INFO - Done. Returned value was: {'first_name': 'Sai', 'last_name': 'Tr'}
[2023-05-24T15:21:37.623+0000] {taskinstance.py:1350} INFO - Marking task as SUCCESS. dag_id=dag_with_taskflow_api_v02, task_id=get_name, execution_date=20220521T000000, start_date=20230524T152135, end_date=20230524T152137
[2023-05-24T15:21:37.740+0000] {local_task_job_runner.py:225} INFO - Task exited with return code 0
[2023-05-24T15:21:38.367+0000] {taskinstance.py:2651} INFO - 1 downstream tasks scheduled from follow-on schedule check
[2023-05-25T06:54:35.307+0000] {taskinstance.py:1103} INFO - Dependencies all met for dep_context=non-requeueable deps ti=<TaskInstance: dag_with_taskflow_api_v02.get_name scheduled__2022-05-21T00:00:00+00:00 [queued]>
[2023-05-25T06:54:35.417+0000] {taskinstance.py:1103} INFO - Dependencies all met for dep_context=requeueable deps ti=<TaskInstance: dag_with_taskflow_api_v02.get_name scheduled__2022-05-21T00:00:00+00:00 [queued]>
[2023-05-25T06:54:35.418+0000] {taskinstance.py:1308} INFO - Starting attempt 1 of 6
[2023-05-25T06:54:35.566+0000] {taskinstance.py:1327} INFO - Executing <Task(_PythonDecoratedOperator): get_name> on 2022-05-21 00:00:00+00:00
[2023-05-25T06:54:35.596+0000] {standard_task_runner.py:57} INFO - Started process 3109 to run task
[2023-05-25T06:54:35.611+0000] {standard_task_runner.py:84} INFO - Running: ['***', 'tasks', 'run', 'dag_with_taskflow_api_v02', 'get_name', 'scheduled__2022-05-21T00:00:00+00:00', '--job-id', '622', '--raw', '--subdir', 'DAGS_FOLDER/first_dag.py', '--cfg-path', '/tmp/tmps96_a0fh']
[2023-05-25T06:54:35.625+0000] {standard_task_runner.py:85} INFO - Job 622: Subtask get_name
[2023-05-25T06:54:36.090+0000] {task_command.py:410} INFO - Running <TaskInstance: dag_with_taskflow_api_v02.get_name scheduled__2022-05-21T00:00:00+00:00 [running]> on host 6bd07c7477d9
[2023-05-25T06:54:36.886+0000] {taskinstance.py:1547} INFO - Exporting env vars: AIRFLOW_CTX_DAG_OWNER='Sai' AIRFLOW_CTX_DAG_ID='dag_with_taskflow_api_v02' AIRFLOW_CTX_TASK_ID='get_name' AIRFLOW_CTX_EXECUTION_DATE='2022-05-21T00:00:00+00:00' AIRFLOW_CTX_TRY_NUMBER='1' AIRFLOW_CTX_DAG_RUN_ID='scheduled__2022-05-21T00:00:00+00:00'
[2023-05-25T06:54:36.888+0000] {python.py:183} INFO - Done. Returned value was: {'first_name': 'Sai', 'last_name': 'Tr'}
[2023-05-25T06:54:37.127+0000] {taskinstance.py:1350} INFO - Marking task as SUCCESS. dag_id=dag_with_taskflow_api_v02, task_id=get_name, execution_date=20220521T000000, start_date=20230525T065435, end_date=20230525T065437
[2023-05-25T06:54:37.255+0000] {local_task_job_runner.py:225} INFO - Task exited with return code 0
[2023-05-25T06:54:37.787+0000] {taskinstance.py:2651} INFO - 0 downstream tasks scheduled from follow-on schedule check
[2023-05-25T10:26:03.028+0000] {taskinstance.py:1103} INFO - Dependencies all met for dep_context=non-requeueable deps ti=<TaskInstance: dag_with_taskflow_api_v02.get_name scheduled__2022-05-21T00:00:00+00:00 [queued]>
[2023-05-25T10:26:03.107+0000] {taskinstance.py:1103} INFO - Dependencies all met for dep_context=requeueable deps ti=<TaskInstance: dag_with_taskflow_api_v02.get_name scheduled__2022-05-21T00:00:00+00:00 [queued]>
[2023-05-25T10:26:03.108+0000] {taskinstance.py:1308} INFO - Starting attempt 1 of 6
[2023-05-25T10:26:03.208+0000] {taskinstance.py:1327} INFO - Executing <Task(_PythonDecoratedOperator): get_name> on 2022-05-21 00:00:00+00:00
[2023-05-25T10:26:03.228+0000] {standard_task_runner.py:57} INFO - Started process 2711 to run task
[2023-05-25T10:26:03.294+0000] {standard_task_runner.py:84} INFO - Running: ['***', 'tasks', 'run', 'dag_with_taskflow_api_v02', 'get_name', 'scheduled__2022-05-21T00:00:00+00:00', '--job-id', '638', '--raw', '--subdir', 'DAGS_FOLDER/first_dag.py', '--cfg-path', '/tmp/tmpwxrxcmu0']
[2023-05-25T10:26:03.362+0000] {standard_task_runner.py:85} INFO - Job 638: Subtask get_name
[2023-05-25T10:26:03.799+0000] {task_command.py:410} INFO - Running <TaskInstance: dag_with_taskflow_api_v02.get_name scheduled__2022-05-21T00:00:00+00:00 [running]> on host b1ae37a9584e
[2023-05-25T10:26:04.367+0000] {taskinstance.py:1547} INFO - Exporting env vars: AIRFLOW_CTX_DAG_OWNER='Sai' AIRFLOW_CTX_DAG_ID='dag_with_taskflow_api_v02' AIRFLOW_CTX_TASK_ID='get_name' AIRFLOW_CTX_EXECUTION_DATE='2022-05-21T00:00:00+00:00' AIRFLOW_CTX_TRY_NUMBER='1' AIRFLOW_CTX_DAG_RUN_ID='scheduled__2022-05-21T00:00:00+00:00'
[2023-05-25T10:26:04.369+0000] {python.py:183} INFO - Done. Returned value was: {'first_name': 'Sai', 'last_name': 'Tr'}
[2023-05-25T10:26:04.579+0000] {taskinstance.py:1350} INFO - Marking task as SUCCESS. dag_id=dag_with_taskflow_api_v02, task_id=get_name, execution_date=20220521T000000, start_date=20230525T102603, end_date=20230525T102604
[2023-05-25T10:26:04.703+0000] {local_task_job_runner.py:225} INFO - Task exited with return code 0
[2023-05-25T10:26:04.894+0000] {taskinstance.py:2651} INFO - 0 downstream tasks scheduled from follow-on schedule check
