[2023-05-23T10:21:08.789+0000] {taskinstance.py:1103} INFO - Dependencies all met for dep_context=non-requeueable deps ti=<TaskInstance: dag_with_taskflow_api_v02.get_age scheduled__2021-12-01T00:00:00+00:00 [queued]>
[2023-05-23T10:21:08.883+0000] {taskinstance.py:1103} INFO - Dependencies all met for dep_context=requeueable deps ti=<TaskInstance: dag_with_taskflow_api_v02.get_age scheduled__2021-12-01T00:00:00+00:00 [queued]>
[2023-05-23T10:21:08.884+0000] {taskinstance.py:1308} INFO - Starting attempt 1 of 6
[2023-05-23T10:21:09.199+0000] {taskinstance.py:1327} INFO - Executing <Task(_PythonDecoratedOperator): get_age> on 2021-12-01 00:00:00+00:00
[2023-05-23T10:21:09.288+0000] {standard_task_runner.py:57} INFO - Started process 1728 to run task
[2023-05-23T10:21:09.385+0000] {standard_task_runner.py:84} INFO - Running: ['***', 'tasks', 'run', 'dag_with_taskflow_api_v02', 'get_age', 'scheduled__2021-12-01T00:00:00+00:00', '--job-id', '152', '--raw', '--subdir', 'DAGS_FOLDER/first_dag.py', '--cfg-path', '/tmp/tmpmytzlbch']
[2023-05-23T10:21:09.416+0000] {standard_task_runner.py:85} INFO - Job 152: Subtask get_age
[2023-05-23T10:21:09.789+0000] {task_command.py:410} INFO - Running <TaskInstance: dag_with_taskflow_api_v02.get_age scheduled__2021-12-01T00:00:00+00:00 [running]> on host fb58d5a02d2c
[2023-05-23T10:21:10.832+0000] {taskinstance.py:1547} INFO - Exporting env vars: AIRFLOW_CTX_DAG_OWNER='coder2j' AIRFLOW_CTX_DAG_ID='dag_with_taskflow_api_v02' AIRFLOW_CTX_TASK_ID='get_age' AIRFLOW_CTX_EXECUTION_DATE='2021-12-01T00:00:00+00:00' AIRFLOW_CTX_TRY_NUMBER='1' AIRFLOW_CTX_DAG_RUN_ID='scheduled__2021-12-01T00:00:00+00:00'
[2023-05-23T10:21:10.834+0000] {python.py:183} INFO - Done. Returned value was: 19
[2023-05-23T10:21:11.202+0000] {taskinstance.py:1350} INFO - Marking task as SUCCESS. dag_id=dag_with_taskflow_api_v02, task_id=get_age, execution_date=20211201T000000, start_date=20230523T102108, end_date=20230523T102111
[2023-05-23T10:21:12.547+0000] {local_task_job_runner.py:225} INFO - Task exited with return code 0
[2023-05-23T10:21:12.819+0000] {taskinstance.py:2651} INFO - 1 downstream tasks scheduled from follow-on schedule check
[2023-05-23T10:27:48.371+0000] {taskinstance.py:1103} INFO - Dependencies all met for dep_context=non-requeueable deps ti=<TaskInstance: dag_with_taskflow_api_v02.get_age scheduled__2021-12-01T00:00:00+00:00 [queued]>
[2023-05-23T10:27:48.539+0000] {taskinstance.py:1103} INFO - Dependencies all met for dep_context=requeueable deps ti=<TaskInstance: dag_with_taskflow_api_v02.get_age scheduled__2021-12-01T00:00:00+00:00 [queued]>
[2023-05-23T10:27:48.540+0000] {taskinstance.py:1308} INFO - Starting attempt 1 of 6
[2023-05-23T10:27:48.794+0000] {taskinstance.py:1327} INFO - Executing <Task(_PythonDecoratedOperator): get_age> on 2021-12-01 00:00:00+00:00
[2023-05-23T10:27:48.840+0000] {standard_task_runner.py:57} INFO - Started process 443 to run task
[2023-05-23T10:27:48.885+0000] {standard_task_runner.py:84} INFO - Running: ['***', 'tasks', 'run', 'dag_with_taskflow_api_v02', 'get_age', 'scheduled__2021-12-01T00:00:00+00:00', '--job-id', '108', '--raw', '--subdir', 'DAGS_FOLDER/first_dag.py', '--cfg-path', '/tmp/tmp153qn78g']
[2023-05-23T10:27:48.902+0000] {standard_task_runner.py:85} INFO - Job 108: Subtask get_age
[2023-05-23T10:27:49.800+0000] {task_command.py:410} INFO - Running <TaskInstance: dag_with_taskflow_api_v02.get_age scheduled__2021-12-01T00:00:00+00:00 [running]> on host 8a6612510f4c
[2023-05-23T10:27:52.252+0000] {taskinstance.py:1547} INFO - Exporting env vars: AIRFLOW_CTX_DAG_OWNER='coder2j' AIRFLOW_CTX_DAG_ID='dag_with_taskflow_api_v02' AIRFLOW_CTX_TASK_ID='get_age' AIRFLOW_CTX_EXECUTION_DATE='2021-12-01T00:00:00+00:00' AIRFLOW_CTX_TRY_NUMBER='1' AIRFLOW_CTX_DAG_RUN_ID='scheduled__2021-12-01T00:00:00+00:00'
[2023-05-23T10:27:52.254+0000] {python.py:183} INFO - Done. Returned value was: 19
[2023-05-23T10:27:52.743+0000] {taskinstance.py:1350} INFO - Marking task as SUCCESS. dag_id=dag_with_taskflow_api_v02, task_id=get_age, execution_date=20211201T000000, start_date=20230523T102748, end_date=20230523T102752
[2023-05-23T10:27:53.274+0000] {local_task_job_runner.py:225} INFO - Task exited with return code 0
[2023-05-23T10:27:55.358+0000] {taskinstance.py:2651} INFO - 0 downstream tasks scheduled from follow-on schedule check
