[2023-05-24T15:24:57.221+0000] {taskinstance.py:1103} INFO - Dependencies all met for dep_context=non-requeueable deps ti=<TaskInstance: dag_with_taskflow_api_v02.greet scheduled__2022-09-04T00:00:00+00:00 [queued]>
[2023-05-24T15:24:57.235+0000] {taskinstance.py:1103} INFO - Dependencies all met for dep_context=requeueable deps ti=<TaskInstance: dag_with_taskflow_api_v02.greet scheduled__2022-09-04T00:00:00+00:00 [queued]>
[2023-05-24T15:24:57.235+0000] {taskinstance.py:1308} INFO - Starting attempt 1 of 6
[2023-05-24T15:24:57.254+0000] {taskinstance.py:1327} INFO - Executing <Task(_PythonDecoratedOperator): greet> on 2022-09-04 00:00:00+00:00
[2023-05-24T15:24:57.260+0000] {standard_task_runner.py:57} INFO - Started process 2304 to run task
[2023-05-24T15:24:57.264+0000] {standard_task_runner.py:84} INFO - Running: ['***', 'tasks', 'run', 'dag_with_taskflow_api_v02', 'greet', 'scheduled__2022-09-04T00:00:00+00:00', '--job-id', '946', '--raw', '--subdir', 'DAGS_FOLDER/first_dag.py', '--cfg-path', '/tmp/tmpwa2dwkze']
[2023-05-24T15:24:57.267+0000] {standard_task_runner.py:85} INFO - Job 946: Subtask greet
[2023-05-24T15:24:57.341+0000] {task_command.py:410} INFO - Running <TaskInstance: dag_with_taskflow_api_v02.greet scheduled__2022-09-04T00:00:00+00:00 [running]> on host 942de29f183d
[2023-05-24T15:24:57.554+0000] {taskinstance.py:1547} INFO - Exporting env vars: AIRFLOW_CTX_DAG_OWNER='Sai' AIRFLOW_CTX_DAG_ID='dag_with_taskflow_api_v02' AIRFLOW_CTX_TASK_ID='greet' AIRFLOW_CTX_EXECUTION_DATE='2022-09-04T00:00:00+00:00' AIRFLOW_CTX_TRY_NUMBER='1' AIRFLOW_CTX_DAG_RUN_ID='scheduled__2022-09-04T00:00:00+00:00'
[2023-05-24T15:24:57.556+0000] {logging_mixin.py:149} INFO - Hello World! My name is Sai Tr and I am 19 years old!
[2023-05-24T15:24:57.557+0000] {python.py:183} INFO - Done. Returned value was: None
[2023-05-24T15:24:57.577+0000] {taskinstance.py:1350} INFO - Marking task as SUCCESS. dag_id=dag_with_taskflow_api_v02, task_id=greet, execution_date=20220904T000000, start_date=20230524T152457, end_date=20230524T152457
[2023-05-24T15:24:57.686+0000] {local_task_job_runner.py:225} INFO - Task exited with return code 0
[2023-05-24T15:24:57.719+0000] {taskinstance.py:2651} INFO - 0 downstream tasks scheduled from follow-on schedule check
[2023-05-25T06:57:41.849+0000] {taskinstance.py:1103} INFO - Dependencies all met for dep_context=non-requeueable deps ti=<TaskInstance: dag_with_taskflow_api_v02.greet scheduled__2022-09-04T00:00:00+00:00 [queued]>
[2023-05-25T06:57:42.068+0000] {taskinstance.py:1103} INFO - Dependencies all met for dep_context=requeueable deps ti=<TaskInstance: dag_with_taskflow_api_v02.greet scheduled__2022-09-04T00:00:00+00:00 [queued]>
[2023-05-25T06:57:42.069+0000] {taskinstance.py:1308} INFO - Starting attempt 1 of 6
[2023-05-25T06:57:42.286+0000] {taskinstance.py:1327} INFO - Executing <Task(_PythonDecoratedOperator): greet> on 2022-09-04 00:00:00+00:00
[2023-05-25T06:57:42.303+0000] {standard_task_runner.py:57} INFO - Started process 3867 to run task
[2023-05-25T06:57:42.345+0000] {standard_task_runner.py:84} INFO - Running: ['***', 'tasks', 'run', 'dag_with_taskflow_api_v02', 'greet', 'scheduled__2022-09-04T00:00:00+00:00', '--job-id', '959', '--raw', '--subdir', 'DAGS_FOLDER/first_dag.py', '--cfg-path', '/tmp/tmpz5_8m4iw']
[2023-05-25T06:57:42.388+0000] {standard_task_runner.py:85} INFO - Job 959: Subtask greet
[2023-05-25T06:57:42.774+0000] {task_command.py:410} INFO - Running <TaskInstance: dag_with_taskflow_api_v02.greet scheduled__2022-09-04T00:00:00+00:00 [running]> on host 6bd07c7477d9
[2023-05-25T06:57:43.660+0000] {taskinstance.py:1547} INFO - Exporting env vars: AIRFLOW_CTX_DAG_OWNER='Sai' AIRFLOW_CTX_DAG_ID='dag_with_taskflow_api_v02' AIRFLOW_CTX_TASK_ID='greet' AIRFLOW_CTX_EXECUTION_DATE='2022-09-04T00:00:00+00:00' AIRFLOW_CTX_TRY_NUMBER='1' AIRFLOW_CTX_DAG_RUN_ID='scheduled__2022-09-04T00:00:00+00:00'
[2023-05-25T06:57:43.662+0000] {logging_mixin.py:149} INFO - Hello World! My name is Sai Tr and I am 19 years old!
[2023-05-25T06:57:43.663+0000] {python.py:183} INFO - Done. Returned value was: None
[2023-05-25T06:57:43.723+0000] {taskinstance.py:1350} INFO - Marking task as SUCCESS. dag_id=dag_with_taskflow_api_v02, task_id=greet, execution_date=20220904T000000, start_date=20230525T065741, end_date=20230525T065743
[2023-05-25T06:57:43.900+0000] {local_task_job_runner.py:225} INFO - Task exited with return code 0
[2023-05-25T06:57:44.640+0000] {taskinstance.py:2651} INFO - 0 downstream tasks scheduled from follow-on schedule check
[2023-05-25T10:31:09.348+0000] {taskinstance.py:1103} INFO - Dependencies all met for dep_context=non-requeueable deps ti=<TaskInstance: dag_with_taskflow_api_v02.greet scheduled__2022-09-04T00:00:00+00:00 [queued]>
[2023-05-25T10:31:09.516+0000] {taskinstance.py:1103} INFO - Dependencies all met for dep_context=requeueable deps ti=<TaskInstance: dag_with_taskflow_api_v02.greet scheduled__2022-09-04T00:00:00+00:00 [queued]>
[2023-05-25T10:31:09.516+0000] {taskinstance.py:1308} INFO - Starting attempt 1 of 6
[2023-05-25T10:31:10.175+0000] {taskinstance.py:1327} INFO - Executing <Task(_PythonDecoratedOperator): greet> on 2022-09-04 00:00:00+00:00
[2023-05-25T10:31:10.205+0000] {standard_task_runner.py:57} INFO - Started process 3505 to run task
[2023-05-25T10:31:10.269+0000] {standard_task_runner.py:84} INFO - Running: ['***', 'tasks', 'run', 'dag_with_taskflow_api_v02', 'greet', 'scheduled__2022-09-04T00:00:00+00:00', '--job-id', '977', '--raw', '--subdir', 'DAGS_FOLDER/first_dag.py', '--cfg-path', '/tmp/tmpzskndfuu']
[2023-05-25T10:31:10.296+0000] {standard_task_runner.py:85} INFO - Job 977: Subtask greet
[2023-05-25T10:31:10.933+0000] {task_command.py:410} INFO - Running <TaskInstance: dag_with_taskflow_api_v02.greet scheduled__2022-09-04T00:00:00+00:00 [running]> on host b1ae37a9584e
[2023-05-25T10:31:11.882+0000] {taskinstance.py:1547} INFO - Exporting env vars: AIRFLOW_CTX_DAG_OWNER='Sai' AIRFLOW_CTX_DAG_ID='dag_with_taskflow_api_v02' AIRFLOW_CTX_TASK_ID='greet' AIRFLOW_CTX_EXECUTION_DATE='2022-09-04T00:00:00+00:00' AIRFLOW_CTX_TRY_NUMBER='1' AIRFLOW_CTX_DAG_RUN_ID='scheduled__2022-09-04T00:00:00+00:00'
[2023-05-25T10:31:11.883+0000] {logging_mixin.py:149} INFO - Hello World! My name is Sai Tr and I am 19 years old!
[2023-05-25T10:31:11.884+0000] {python.py:183} INFO - Done. Returned value was: None
[2023-05-25T10:31:11.931+0000] {taskinstance.py:1350} INFO - Marking task as SUCCESS. dag_id=dag_with_taskflow_api_v02, task_id=greet, execution_date=20220904T000000, start_date=20230525T103109, end_date=20230525T103111
[2023-05-25T10:31:12.085+0000] {local_task_job_runner.py:225} INFO - Task exited with return code 0
[2023-05-25T10:31:12.334+0000] {taskinstance.py:2651} INFO - 0 downstream tasks scheduled from follow-on schedule check
