[2023-05-24T15:21:41.664+0000] {taskinstance.py:1103} INFO - Dependencies all met for dep_context=non-requeueable deps ti=<TaskInstance: dag_with_taskflow_api_v02.greet scheduled__2022-05-17T00:00:00+00:00 [queued]>
[2023-05-24T15:21:41.818+0000] {taskinstance.py:1103} INFO - Dependencies all met for dep_context=requeueable deps ti=<TaskInstance: dag_with_taskflow_api_v02.greet scheduled__2022-05-17T00:00:00+00:00 [queued]>
[2023-05-24T15:21:41.819+0000] {taskinstance.py:1308} INFO - Starting attempt 1 of 6
[2023-05-24T15:21:42.062+0000] {taskinstance.py:1327} INFO - Executing <Task(_PythonDecoratedOperator): greet> on 2022-05-17 00:00:00+00:00
[2023-05-24T15:21:42.088+0000] {standard_task_runner.py:57} INFO - Started process 1602 to run task
[2023-05-24T15:21:42.141+0000] {standard_task_runner.py:84} INFO - Running: ['***', 'tasks', 'run', 'dag_with_taskflow_api_v02', 'greet', 'scheduled__2022-05-17T00:00:00+00:00', '--job-id', '627', '--raw', '--subdir', 'DAGS_FOLDER/first_dag.py', '--cfg-path', '/tmp/tmpr0dwxsfk']
[2023-05-24T15:21:42.204+0000] {standard_task_runner.py:85} INFO - Job 627: Subtask greet
[2023-05-24T15:21:42.672+0000] {task_command.py:410} INFO - Running <TaskInstance: dag_with_taskflow_api_v02.greet scheduled__2022-05-17T00:00:00+00:00 [running]> on host 942de29f183d
[2023-05-24T15:21:43.687+0000] {taskinstance.py:1547} INFO - Exporting env vars: AIRFLOW_CTX_DAG_OWNER='Sai' AIRFLOW_CTX_DAG_ID='dag_with_taskflow_api_v02' AIRFLOW_CTX_TASK_ID='greet' AIRFLOW_CTX_EXECUTION_DATE='2022-05-17T00:00:00+00:00' AIRFLOW_CTX_TRY_NUMBER='1' AIRFLOW_CTX_DAG_RUN_ID='scheduled__2022-05-17T00:00:00+00:00'
[2023-05-24T15:21:43.689+0000] {logging_mixin.py:149} INFO - Hello World! My name is Sai Tr and I am 19 years old!
[2023-05-24T15:21:43.690+0000] {python.py:183} INFO - Done. Returned value was: None
[2023-05-24T15:21:43.825+0000] {taskinstance.py:1350} INFO - Marking task as SUCCESS. dag_id=dag_with_taskflow_api_v02, task_id=greet, execution_date=20220517T000000, start_date=20230524T152141, end_date=20230524T152143
[2023-05-24T15:21:44.076+0000] {local_task_job_runner.py:225} INFO - Task exited with return code 0
[2023-05-24T15:21:44.765+0000] {taskinstance.py:2651} INFO - 0 downstream tasks scheduled from follow-on schedule check
[2023-05-25T06:54:38.492+0000] {taskinstance.py:1103} INFO - Dependencies all met for dep_context=non-requeueable deps ti=<TaskInstance: dag_with_taskflow_api_v02.greet scheduled__2022-05-17T00:00:00+00:00 [queued]>
[2023-05-25T06:54:38.607+0000] {taskinstance.py:1103} INFO - Dependencies all met for dep_context=requeueable deps ti=<TaskInstance: dag_with_taskflow_api_v02.greet scheduled__2022-05-17T00:00:00+00:00 [queued]>
[2023-05-25T06:54:38.608+0000] {taskinstance.py:1308} INFO - Starting attempt 1 of 6
[2023-05-25T06:54:39.298+0000] {taskinstance.py:1327} INFO - Executing <Task(_PythonDecoratedOperator): greet> on 2022-05-17 00:00:00+00:00
[2023-05-25T06:54:39.319+0000] {standard_task_runner.py:57} INFO - Started process 3127 to run task
[2023-05-25T06:54:39.365+0000] {standard_task_runner.py:84} INFO - Running: ['***', 'tasks', 'run', 'dag_with_taskflow_api_v02', 'greet', 'scheduled__2022-05-17T00:00:00+00:00', '--job-id', '631', '--raw', '--subdir', 'DAGS_FOLDER/first_dag.py', '--cfg-path', '/tmp/tmpvbs2w8c6']
[2023-05-25T06:54:39.392+0000] {standard_task_runner.py:85} INFO - Job 631: Subtask greet
[2023-05-25T06:54:39.764+0000] {task_command.py:410} INFO - Running <TaskInstance: dag_with_taskflow_api_v02.greet scheduled__2022-05-17T00:00:00+00:00 [running]> on host 6bd07c7477d9
[2023-05-25T06:54:40.497+0000] {taskinstance.py:1547} INFO - Exporting env vars: AIRFLOW_CTX_DAG_OWNER='Sai' AIRFLOW_CTX_DAG_ID='dag_with_taskflow_api_v02' AIRFLOW_CTX_TASK_ID='greet' AIRFLOW_CTX_EXECUTION_DATE='2022-05-17T00:00:00+00:00' AIRFLOW_CTX_TRY_NUMBER='1' AIRFLOW_CTX_DAG_RUN_ID='scheduled__2022-05-17T00:00:00+00:00'
[2023-05-25T06:54:40.498+0000] {logging_mixin.py:149} INFO - Hello World! My name is Sai Tr and I am 19 years old!
[2023-05-25T06:54:40.498+0000] {python.py:183} INFO - Done. Returned value was: None
[2023-05-25T06:54:40.520+0000] {taskinstance.py:1350} INFO - Marking task as SUCCESS. dag_id=dag_with_taskflow_api_v02, task_id=greet, execution_date=20220517T000000, start_date=20230525T065438, end_date=20230525T065440
[2023-05-25T06:54:40.617+0000] {local_task_job_runner.py:225} INFO - Task exited with return code 0
[2023-05-25T06:54:40.847+0000] {taskinstance.py:2651} INFO - 0 downstream tasks scheduled from follow-on schedule check
[2023-05-25T10:25:54.418+0000] {taskinstance.py:1103} INFO - Dependencies all met for dep_context=non-requeueable deps ti=<TaskInstance: dag_with_taskflow_api_v02.greet scheduled__2022-05-17T00:00:00+00:00 [queued]>
[2023-05-25T10:25:54.442+0000] {taskinstance.py:1103} INFO - Dependencies all met for dep_context=requeueable deps ti=<TaskInstance: dag_with_taskflow_api_v02.greet scheduled__2022-05-17T00:00:00+00:00 [queued]>
[2023-05-25T10:25:54.443+0000] {taskinstance.py:1308} INFO - Starting attempt 1 of 6
[2023-05-25T10:25:54.471+0000] {taskinstance.py:1327} INFO - Executing <Task(_PythonDecoratedOperator): greet> on 2022-05-17 00:00:00+00:00
[2023-05-25T10:25:54.479+0000] {standard_task_runner.py:57} INFO - Started process 2679 to run task
[2023-05-25T10:25:54.484+0000] {standard_task_runner.py:84} INFO - Running: ['***', 'tasks', 'run', 'dag_with_taskflow_api_v02', 'greet', 'scheduled__2022-05-17T00:00:00+00:00', '--job-id', '629', '--raw', '--subdir', 'DAGS_FOLDER/first_dag.py', '--cfg-path', '/tmp/tmp66vv0s8q']
[2023-05-25T10:25:54.487+0000] {standard_task_runner.py:85} INFO - Job 629: Subtask greet
[2023-05-25T10:25:54.569+0000] {task_command.py:410} INFO - Running <TaskInstance: dag_with_taskflow_api_v02.greet scheduled__2022-05-17T00:00:00+00:00 [running]> on host b1ae37a9584e
[2023-05-25T10:25:54.904+0000] {taskinstance.py:1547} INFO - Exporting env vars: AIRFLOW_CTX_DAG_OWNER='Sai' AIRFLOW_CTX_DAG_ID='dag_with_taskflow_api_v02' AIRFLOW_CTX_TASK_ID='greet' AIRFLOW_CTX_EXECUTION_DATE='2022-05-17T00:00:00+00:00' AIRFLOW_CTX_TRY_NUMBER='1' AIRFLOW_CTX_DAG_RUN_ID='scheduled__2022-05-17T00:00:00+00:00'
[2023-05-25T10:25:54.905+0000] {logging_mixin.py:149} INFO - Hello World! My name is Sai Tr and I am 19 years old!
[2023-05-25T10:25:54.906+0000] {python.py:183} INFO - Done. Returned value was: None
[2023-05-25T10:25:54.933+0000] {taskinstance.py:1350} INFO - Marking task as SUCCESS. dag_id=dag_with_taskflow_api_v02, task_id=greet, execution_date=20220517T000000, start_date=20230525T102554, end_date=20230525T102554
[2023-05-25T10:25:54.968+0000] {local_task_job_runner.py:225} INFO - Task exited with return code 0
[2023-05-25T10:25:55.011+0000] {taskinstance.py:2651} INFO - 0 downstream tasks scheduled from follow-on schedule check
