[2023-05-24T15:19:01.189+0000] {taskinstance.py:1103} INFO - Dependencies all met for dep_context=non-requeueable deps ti=<TaskInstance: dag_with_taskflow_api_v02.get_age scheduled__2022-02-25T00:00:00+00:00 [queued]>
[2023-05-24T15:19:01.324+0000] {taskinstance.py:1103} INFO - Dependencies all met for dep_context=requeueable deps ti=<TaskInstance: dag_with_taskflow_api_v02.get_age scheduled__2022-02-25T00:00:00+00:00 [queued]>
[2023-05-24T15:19:01.334+0000] {taskinstance.py:1308} INFO - Starting attempt 1 of 6
[2023-05-24T15:19:02.162+0000] {taskinstance.py:1327} INFO - Executing <Task(_PythonDecoratedOperator): get_age> on 2022-02-25 00:00:00+00:00
[2023-05-24T15:19:02.208+0000] {standard_task_runner.py:84} INFO - Running: ['***', 'tasks', 'run', 'dag_with_taskflow_api_v02', 'get_age', 'scheduled__2022-02-25T00:00:00+00:00', '--job-id', '367', '--raw', '--subdir', 'DAGS_FOLDER/first_dag.py', '--cfg-path', '/tmp/tmpvy0w10yz']
[2023-05-24T15:19:02.212+0000] {standard_task_runner.py:85} INFO - Job 367: Subtask get_age
[2023-05-24T15:19:02.185+0000] {standard_task_runner.py:57} INFO - Started process 1019 to run task
[2023-05-24T15:19:02.700+0000] {task_command.py:410} INFO - Running <TaskInstance: dag_with_taskflow_api_v02.get_age scheduled__2022-02-25T00:00:00+00:00 [running]> on host 942de29f183d
[2023-05-24T15:19:03.283+0000] {taskinstance.py:1547} INFO - Exporting env vars: AIRFLOW_CTX_DAG_OWNER='Sai' AIRFLOW_CTX_DAG_ID='dag_with_taskflow_api_v02' AIRFLOW_CTX_TASK_ID='get_age' AIRFLOW_CTX_EXECUTION_DATE='2022-02-25T00:00:00+00:00' AIRFLOW_CTX_TRY_NUMBER='1' AIRFLOW_CTX_DAG_RUN_ID='scheduled__2022-02-25T00:00:00+00:00'
[2023-05-24T15:19:03.284+0000] {python.py:183} INFO - Done. Returned value was: 19
[2023-05-24T15:19:03.373+0000] {taskinstance.py:1350} INFO - Marking task as SUCCESS. dag_id=dag_with_taskflow_api_v02, task_id=get_age, execution_date=20220225T000000, start_date=20230524T151901, end_date=20230524T151903
[2023-05-24T15:19:03.520+0000] {local_task_job_runner.py:225} INFO - Task exited with return code 0
[2023-05-24T15:19:03.848+0000] {taskinstance.py:2651} INFO - 0 downstream tasks scheduled from follow-on schedule check
[2023-05-25T06:52:21.709+0000] {taskinstance.py:1103} INFO - Dependencies all met for dep_context=non-requeueable deps ti=<TaskInstance: dag_with_taskflow_api_v02.get_age scheduled__2022-02-25T00:00:00+00:00 [queued]>
[2023-05-25T06:52:21.810+0000] {taskinstance.py:1103} INFO - Dependencies all met for dep_context=requeueable deps ti=<TaskInstance: dag_with_taskflow_api_v02.get_age scheduled__2022-02-25T00:00:00+00:00 [queued]>
[2023-05-25T06:52:21.821+0000] {taskinstance.py:1308} INFO - Starting attempt 1 of 6
[2023-05-25T06:52:21.993+0000] {taskinstance.py:1327} INFO - Executing <Task(_PythonDecoratedOperator): get_age> on 2022-02-25 00:00:00+00:00
[2023-05-25T06:52:22.030+0000] {standard_task_runner.py:57} INFO - Started process 2558 to run task
[2023-05-25T06:52:22.054+0000] {standard_task_runner.py:84} INFO - Running: ['***', 'tasks', 'run', 'dag_with_taskflow_api_v02', 'get_age', 'scheduled__2022-02-25T00:00:00+00:00', '--job-id', '370', '--raw', '--subdir', 'DAGS_FOLDER/first_dag.py', '--cfg-path', '/tmp/tmppsxzyau1']
[2023-05-25T06:52:22.080+0000] {standard_task_runner.py:85} INFO - Job 370: Subtask get_age
[2023-05-25T06:52:22.388+0000] {task_command.py:410} INFO - Running <TaskInstance: dag_with_taskflow_api_v02.get_age scheduled__2022-02-25T00:00:00+00:00 [running]> on host 6bd07c7477d9
[2023-05-25T06:52:23.259+0000] {taskinstance.py:1547} INFO - Exporting env vars: AIRFLOW_CTX_DAG_OWNER='Sai' AIRFLOW_CTX_DAG_ID='dag_with_taskflow_api_v02' AIRFLOW_CTX_TASK_ID='get_age' AIRFLOW_CTX_EXECUTION_DATE='2022-02-25T00:00:00+00:00' AIRFLOW_CTX_TRY_NUMBER='1' AIRFLOW_CTX_DAG_RUN_ID='scheduled__2022-02-25T00:00:00+00:00'
[2023-05-25T06:52:23.260+0000] {python.py:183} INFO - Done. Returned value was: 19
[2023-05-25T06:52:23.406+0000] {taskinstance.py:1350} INFO - Marking task as SUCCESS. dag_id=dag_with_taskflow_api_v02, task_id=get_age, execution_date=20220225T000000, start_date=20230525T065221, end_date=20230525T065223
[2023-05-25T06:52:24.093+0000] {local_task_job_runner.py:225} INFO - Task exited with return code 0
[2023-05-25T06:52:24.276+0000] {taskinstance.py:2651} INFO - 0 downstream tasks scheduled from follow-on schedule check
[2023-05-25T10:23:09.975+0000] {taskinstance.py:1103} INFO - Dependencies all met for dep_context=non-requeueable deps ti=<TaskInstance: dag_with_taskflow_api_v02.get_age scheduled__2022-02-25T00:00:00+00:00 [queued]>
[2023-05-25T10:23:10.015+0000] {taskinstance.py:1103} INFO - Dependencies all met for dep_context=requeueable deps ti=<TaskInstance: dag_with_taskflow_api_v02.get_age scheduled__2022-02-25T00:00:00+00:00 [queued]>
[2023-05-25T10:23:10.016+0000] {taskinstance.py:1308} INFO - Starting attempt 1 of 6
[2023-05-25T10:23:10.402+0000] {taskinstance.py:1327} INFO - Executing <Task(_PythonDecoratedOperator): get_age> on 2022-02-25 00:00:00+00:00
[2023-05-25T10:23:10.414+0000] {standard_task_runner.py:57} INFO - Started process 2081 to run task
[2023-05-25T10:23:10.439+0000] {standard_task_runner.py:84} INFO - Running: ['***', 'tasks', 'run', 'dag_with_taskflow_api_v02', 'get_age', 'scheduled__2022-02-25T00:00:00+00:00', '--job-id', '359', '--raw', '--subdir', 'DAGS_FOLDER/first_dag.py', '--cfg-path', '/tmp/tmp79khs4y6']
[2023-05-25T10:23:10.454+0000] {standard_task_runner.py:85} INFO - Job 359: Subtask get_age
[2023-05-25T10:23:10.703+0000] {task_command.py:410} INFO - Running <TaskInstance: dag_with_taskflow_api_v02.get_age scheduled__2022-02-25T00:00:00+00:00 [running]> on host b1ae37a9584e
[2023-05-25T10:23:11.124+0000] {taskinstance.py:1547} INFO - Exporting env vars: AIRFLOW_CTX_DAG_OWNER='Sai' AIRFLOW_CTX_DAG_ID='dag_with_taskflow_api_v02' AIRFLOW_CTX_TASK_ID='get_age' AIRFLOW_CTX_EXECUTION_DATE='2022-02-25T00:00:00+00:00' AIRFLOW_CTX_TRY_NUMBER='1' AIRFLOW_CTX_DAG_RUN_ID='scheduled__2022-02-25T00:00:00+00:00'
[2023-05-25T10:23:11.125+0000] {python.py:183} INFO - Done. Returned value was: 19
[2023-05-25T10:23:11.311+0000] {taskinstance.py:1350} INFO - Marking task as SUCCESS. dag_id=dag_with_taskflow_api_v02, task_id=get_age, execution_date=20220225T000000, start_date=20230525T102309, end_date=20230525T102311
[2023-05-25T10:23:11.439+0000] {local_task_job_runner.py:225} INFO - Task exited with return code 0
[2023-05-25T10:23:11.758+0000] {taskinstance.py:2651} INFO - 0 downstream tasks scheduled from follow-on schedule check
