[2023-05-24T15:27:13.703+0000] {taskinstance.py:1103} INFO - Dependencies all met for dep_context=non-requeueable deps ti=<TaskInstance: dag_with_taskflow_api_v02.get_name scheduled__2022-11-29T00:00:00+00:00 [queued]>
[2023-05-24T15:27:13.827+0000] {taskinstance.py:1103} INFO - Dependencies all met for dep_context=requeueable deps ti=<TaskInstance: dag_with_taskflow_api_v02.get_name scheduled__2022-11-29T00:00:00+00:00 [queued]>
[2023-05-24T15:27:13.828+0000] {taskinstance.py:1308} INFO - Starting attempt 1 of 6
[2023-05-24T15:27:14.015+0000] {taskinstance.py:1327} INFO - Executing <Task(_PythonDecoratedOperator): get_name> on 2022-11-29 00:00:00+00:00
[2023-05-24T15:27:14.038+0000] {standard_task_runner.py:57} INFO - Started process 2861 to run task
[2023-05-24T15:27:14.081+0000] {standard_task_runner.py:84} INFO - Running: ['***', 'tasks', 'run', 'dag_with_taskflow_api_v02', 'get_name', 'scheduled__2022-11-29T00:00:00+00:00', '--job-id', '1192', '--raw', '--subdir', 'DAGS_FOLDER/first_dag.py', '--cfg-path', '/tmp/tmpt6owq8i7']
[2023-05-24T15:27:14.084+0000] {standard_task_runner.py:85} INFO - Job 1192: Subtask get_name
[2023-05-24T15:27:14.507+0000] {task_command.py:410} INFO - Running <TaskInstance: dag_with_taskflow_api_v02.get_name scheduled__2022-11-29T00:00:00+00:00 [running]> on host 942de29f183d
[2023-05-24T15:27:15.194+0000] {taskinstance.py:1547} INFO - Exporting env vars: AIRFLOW_CTX_DAG_OWNER='Sai' AIRFLOW_CTX_DAG_ID='dag_with_taskflow_api_v02' AIRFLOW_CTX_TASK_ID='get_name' AIRFLOW_CTX_EXECUTION_DATE='2022-11-29T00:00:00+00:00' AIRFLOW_CTX_TRY_NUMBER='1' AIRFLOW_CTX_DAG_RUN_ID='scheduled__2022-11-29T00:00:00+00:00'
[2023-05-24T15:27:15.195+0000] {python.py:183} INFO - Done. Returned value was: {'first_name': 'Sai', 'last_name': 'Tr'}
[2023-05-24T15:27:15.495+0000] {taskinstance.py:1350} INFO - Marking task as SUCCESS. dag_id=dag_with_taskflow_api_v02, task_id=get_name, execution_date=20221129T000000, start_date=20230524T152713, end_date=20230524T152715
[2023-05-24T15:27:15.622+0000] {local_task_job_runner.py:225} INFO - Task exited with return code 0
[2023-05-24T15:27:16.694+0000] {taskinstance.py:2651} INFO - 1 downstream tasks scheduled from follow-on schedule check
[2023-05-25T06:59:50.321+0000] {taskinstance.py:1103} INFO - Dependencies all met for dep_context=non-requeueable deps ti=<TaskInstance: dag_with_taskflow_api_v02.get_name scheduled__2022-11-29T00:00:00+00:00 [queued]>
[2023-05-25T06:59:50.400+0000] {taskinstance.py:1103} INFO - Dependencies all met for dep_context=requeueable deps ti=<TaskInstance: dag_with_taskflow_api_v02.get_name scheduled__2022-11-29T00:00:00+00:00 [queued]>
[2023-05-25T06:59:50.401+0000] {taskinstance.py:1308} INFO - Starting attempt 1 of 6
[2023-05-25T06:59:51.179+0000] {taskinstance.py:1327} INFO - Executing <Task(_PythonDecoratedOperator): get_name> on 2022-11-29 00:00:00+00:00
[2023-05-25T06:59:51.201+0000] {standard_task_runner.py:57} INFO - Started process 4385 to run task
[2023-05-25T06:59:51.285+0000] {standard_task_runner.py:84} INFO - Running: ['***', 'tasks', 'run', 'dag_with_taskflow_api_v02', 'get_name', 'scheduled__2022-11-29T00:00:00+00:00', '--job-id', '1195', '--raw', '--subdir', 'DAGS_FOLDER/first_dag.py', '--cfg-path', '/tmp/tmpiwsp8x9z']
[2023-05-25T06:59:51.309+0000] {standard_task_runner.py:85} INFO - Job 1195: Subtask get_name
[2023-05-25T06:59:51.702+0000] {task_command.py:410} INFO - Running <TaskInstance: dag_with_taskflow_api_v02.get_name scheduled__2022-11-29T00:00:00+00:00 [running]> on host 6bd07c7477d9
[2023-05-25T06:59:52.545+0000] {taskinstance.py:1547} INFO - Exporting env vars: AIRFLOW_CTX_DAG_OWNER='Sai' AIRFLOW_CTX_DAG_ID='dag_with_taskflow_api_v02' AIRFLOW_CTX_TASK_ID='get_name' AIRFLOW_CTX_EXECUTION_DATE='2022-11-29T00:00:00+00:00' AIRFLOW_CTX_TRY_NUMBER='1' AIRFLOW_CTX_DAG_RUN_ID='scheduled__2022-11-29T00:00:00+00:00'
[2023-05-25T06:59:52.554+0000] {python.py:183} INFO - Done. Returned value was: {'first_name': 'Sai', 'last_name': 'Tr'}
[2023-05-25T06:59:52.735+0000] {taskinstance.py:1350} INFO - Marking task as SUCCESS. dag_id=dag_with_taskflow_api_v02, task_id=get_name, execution_date=20221129T000000, start_date=20230525T065950, end_date=20230525T065952
[2023-05-25T06:59:52.834+0000] {local_task_job_runner.py:225} INFO - Task exited with return code 0
[2023-05-25T06:59:52.926+0000] {taskinstance.py:2651} INFO - 1 downstream tasks scheduled from follow-on schedule check
[2023-05-25T10:33:40.146+0000] {taskinstance.py:1103} INFO - Dependencies all met for dep_context=non-requeueable deps ti=<TaskInstance: dag_with_taskflow_api_v02.get_name scheduled__2022-11-29T00:00:00+00:00 [queued]>
[2023-05-25T10:33:40.262+0000] {taskinstance.py:1103} INFO - Dependencies all met for dep_context=requeueable deps ti=<TaskInstance: dag_with_taskflow_api_v02.get_name scheduled__2022-11-29T00:00:00+00:00 [queued]>
[2023-05-25T10:33:40.262+0000] {taskinstance.py:1308} INFO - Starting attempt 1 of 6
[2023-05-25T10:33:40.416+0000] {taskinstance.py:1327} INFO - Executing <Task(_PythonDecoratedOperator): get_name> on 2022-11-29 00:00:00+00:00
[2023-05-25T10:33:40.438+0000] {standard_task_runner.py:57} INFO - Started process 4031 to run task
[2023-05-25T10:33:40.471+0000] {standard_task_runner.py:84} INFO - Running: ['***', 'tasks', 'run', 'dag_with_taskflow_api_v02', 'get_name', 'scheduled__2022-11-29T00:00:00+00:00', '--job-id', '1212', '--raw', '--subdir', 'DAGS_FOLDER/first_dag.py', '--cfg-path', '/tmp/tmpzrzk21zl']
[2023-05-25T10:33:40.476+0000] {standard_task_runner.py:85} INFO - Job 1212: Subtask get_name
[2023-05-25T10:33:40.827+0000] {task_command.py:410} INFO - Running <TaskInstance: dag_with_taskflow_api_v02.get_name scheduled__2022-11-29T00:00:00+00:00 [running]> on host b1ae37a9584e
[2023-05-25T10:33:41.947+0000] {taskinstance.py:1547} INFO - Exporting env vars: AIRFLOW_CTX_DAG_OWNER='Sai' AIRFLOW_CTX_DAG_ID='dag_with_taskflow_api_v02' AIRFLOW_CTX_TASK_ID='get_name' AIRFLOW_CTX_EXECUTION_DATE='2022-11-29T00:00:00+00:00' AIRFLOW_CTX_TRY_NUMBER='1' AIRFLOW_CTX_DAG_RUN_ID='scheduled__2022-11-29T00:00:00+00:00'
[2023-05-25T10:33:41.949+0000] {python.py:183} INFO - Done. Returned value was: {'first_name': 'Sai', 'last_name': 'Tr'}
[2023-05-25T10:33:42.352+0000] {taskinstance.py:1350} INFO - Marking task as SUCCESS. dag_id=dag_with_taskflow_api_v02, task_id=get_name, execution_date=20221129T000000, start_date=20230525T103340, end_date=20230525T103342
[2023-05-25T10:33:43.268+0000] {local_task_job_runner.py:225} INFO - Task exited with return code 0
[2023-05-25T10:33:43.605+0000] {taskinstance.py:2651} INFO - 0 downstream tasks scheduled from follow-on schedule check
