[2023-05-24T15:29:14.335+0000] {taskinstance.py:1103} INFO - Dependencies all met for dep_context=non-requeueable deps ti=<TaskInstance: dag_with_taskflow_api_v02.get_name scheduled__2023-02-10T00:00:00+00:00 [queued]>
[2023-05-24T15:29:14.378+0000] {taskinstance.py:1103} INFO - Dependencies all met for dep_context=requeueable deps ti=<TaskInstance: dag_with_taskflow_api_v02.get_name scheduled__2023-02-10T00:00:00+00:00 [queued]>
[2023-05-24T15:29:14.379+0000] {taskinstance.py:1308} INFO - Starting attempt 1 of 6
[2023-05-24T15:29:14.483+0000] {taskinstance.py:1327} INFO - Executing <Task(_PythonDecoratedOperator): get_name> on 2023-02-10 00:00:00+00:00
[2023-05-24T15:29:14.498+0000] {standard_task_runner.py:57} INFO - Started process 3346 to run task
[2023-05-24T15:29:14.517+0000] {standard_task_runner.py:84} INFO - Running: ['***', 'tasks', 'run', 'dag_with_taskflow_api_v02', 'get_name', 'scheduled__2023-02-10T00:00:00+00:00', '--job-id', '1414', '--raw', '--subdir', 'DAGS_FOLDER/first_dag.py', '--cfg-path', '/tmp/tmpuyhei5zr']
[2023-05-24T15:29:14.526+0000] {standard_task_runner.py:85} INFO - Job 1414: Subtask get_name
[2023-05-24T15:29:14.840+0000] {task_command.py:410} INFO - Running <TaskInstance: dag_with_taskflow_api_v02.get_name scheduled__2023-02-10T00:00:00+00:00 [running]> on host 942de29f183d
[2023-05-24T15:29:15.572+0000] {taskinstance.py:1547} INFO - Exporting env vars: AIRFLOW_CTX_DAG_OWNER='Sai' AIRFLOW_CTX_DAG_ID='dag_with_taskflow_api_v02' AIRFLOW_CTX_TASK_ID='get_name' AIRFLOW_CTX_EXECUTION_DATE='2023-02-10T00:00:00+00:00' AIRFLOW_CTX_TRY_NUMBER='1' AIRFLOW_CTX_DAG_RUN_ID='scheduled__2023-02-10T00:00:00+00:00'
[2023-05-24T15:29:15.575+0000] {python.py:183} INFO - Done. Returned value was: {'first_name': 'Sai', 'last_name': 'Tr'}
[2023-05-24T15:29:15.804+0000] {taskinstance.py:1350} INFO - Marking task as SUCCESS. dag_id=dag_with_taskflow_api_v02, task_id=get_name, execution_date=20230210T000000, start_date=20230524T152914, end_date=20230524T152915
[2023-05-24T15:29:15.931+0000] {local_task_job_runner.py:225} INFO - Task exited with return code 0
[2023-05-24T15:29:16.121+0000] {taskinstance.py:2651} INFO - 0 downstream tasks scheduled from follow-on schedule check
[2023-05-25T07:01:50.579+0000] {taskinstance.py:1103} INFO - Dependencies all met for dep_context=non-requeueable deps ti=<TaskInstance: dag_with_taskflow_api_v02.get_name scheduled__2023-02-10T00:00:00+00:00 [queued]>
[2023-05-25T07:01:50.633+0000] {taskinstance.py:1103} INFO - Dependencies all met for dep_context=requeueable deps ti=<TaskInstance: dag_with_taskflow_api_v02.get_name scheduled__2023-02-10T00:00:00+00:00 [queued]>
[2023-05-25T07:01:50.636+0000] {taskinstance.py:1308} INFO - Starting attempt 1 of 6
[2023-05-25T07:01:51.014+0000] {taskinstance.py:1327} INFO - Executing <Task(_PythonDecoratedOperator): get_name> on 2023-02-10 00:00:00+00:00
[2023-05-25T07:01:51.034+0000] {standard_task_runner.py:57} INFO - Started process 4872 to run task
[2023-05-25T07:01:51.069+0000] {standard_task_runner.py:84} INFO - Running: ['***', 'tasks', 'run', 'dag_with_taskflow_api_v02', 'get_name', 'scheduled__2023-02-10T00:00:00+00:00', '--job-id', '1415', '--raw', '--subdir', 'DAGS_FOLDER/first_dag.py', '--cfg-path', '/tmp/tmp9rhawt19']
[2023-05-25T07:01:51.080+0000] {standard_task_runner.py:85} INFO - Job 1415: Subtask get_name
[2023-05-25T07:01:51.398+0000] {task_command.py:410} INFO - Running <TaskInstance: dag_with_taskflow_api_v02.get_name scheduled__2023-02-10T00:00:00+00:00 [running]> on host 6bd07c7477d9
[2023-05-25T07:01:52.401+0000] {taskinstance.py:1547} INFO - Exporting env vars: AIRFLOW_CTX_DAG_OWNER='Sai' AIRFLOW_CTX_DAG_ID='dag_with_taskflow_api_v02' AIRFLOW_CTX_TASK_ID='get_name' AIRFLOW_CTX_EXECUTION_DATE='2023-02-10T00:00:00+00:00' AIRFLOW_CTX_TRY_NUMBER='1' AIRFLOW_CTX_DAG_RUN_ID='scheduled__2023-02-10T00:00:00+00:00'
[2023-05-25T07:01:52.403+0000] {python.py:183} INFO - Done. Returned value was: {'first_name': 'Sai', 'last_name': 'Tr'}
[2023-05-25T07:01:52.684+0000] {taskinstance.py:1350} INFO - Marking task as SUCCESS. dag_id=dag_with_taskflow_api_v02, task_id=get_name, execution_date=20230210T000000, start_date=20230525T070150, end_date=20230525T070152
[2023-05-25T07:01:52.845+0000] {local_task_job_runner.py:225} INFO - Task exited with return code 0
[2023-05-25T07:01:53.063+0000] {taskinstance.py:2651} INFO - 0 downstream tasks scheduled from follow-on schedule check
[2023-05-25T10:36:09.359+0000] {taskinstance.py:1103} INFO - Dependencies all met for dep_context=non-requeueable deps ti=<TaskInstance: dag_with_taskflow_api_v02.get_name scheduled__2023-02-10T00:00:00+00:00 [queued]>
[2023-05-25T10:36:09.517+0000] {taskinstance.py:1103} INFO - Dependencies all met for dep_context=requeueable deps ti=<TaskInstance: dag_with_taskflow_api_v02.get_name scheduled__2023-02-10T00:00:00+00:00 [queued]>
[2023-05-25T10:36:09.518+0000] {taskinstance.py:1308} INFO - Starting attempt 1 of 6
[2023-05-25T10:36:10.623+0000] {taskinstance.py:1327} INFO - Executing <Task(_PythonDecoratedOperator): get_name> on 2023-02-10 00:00:00+00:00
[2023-05-25T10:36:10.659+0000] {standard_task_runner.py:57} INFO - Started process 4522 to run task
[2023-05-25T10:36:10.700+0000] {standard_task_runner.py:84} INFO - Running: ['***', 'tasks', 'run', 'dag_with_taskflow_api_v02', 'get_name', 'scheduled__2023-02-10T00:00:00+00:00', '--job-id', '1430', '--raw', '--subdir', 'DAGS_FOLDER/first_dag.py', '--cfg-path', '/tmp/tmpmjc2706h']
[2023-05-25T10:36:10.710+0000] {standard_task_runner.py:85} INFO - Job 1430: Subtask get_name
[2023-05-25T10:36:11.399+0000] {task_command.py:410} INFO - Running <TaskInstance: dag_with_taskflow_api_v02.get_name scheduled__2023-02-10T00:00:00+00:00 [running]> on host b1ae37a9584e
[2023-05-25T10:36:12.516+0000] {taskinstance.py:1547} INFO - Exporting env vars: AIRFLOW_CTX_DAG_OWNER='Sai' AIRFLOW_CTX_DAG_ID='dag_with_taskflow_api_v02' AIRFLOW_CTX_TASK_ID='get_name' AIRFLOW_CTX_EXECUTION_DATE='2023-02-10T00:00:00+00:00' AIRFLOW_CTX_TRY_NUMBER='1' AIRFLOW_CTX_DAG_RUN_ID='scheduled__2023-02-10T00:00:00+00:00'
[2023-05-25T10:36:12.517+0000] {python.py:183} INFO - Done. Returned value was: {'first_name': 'Sai', 'last_name': 'Tr'}
[2023-05-25T10:36:12.926+0000] {taskinstance.py:1350} INFO - Marking task as SUCCESS. dag_id=dag_with_taskflow_api_v02, task_id=get_name, execution_date=20230210T000000, start_date=20230525T103609, end_date=20230525T103612
[2023-05-25T10:36:13.156+0000] {local_task_job_runner.py:225} INFO - Task exited with return code 0
[2023-05-25T10:36:13.255+0000] {taskinstance.py:2651} INFO - 1 downstream tasks scheduled from follow-on schedule check
