[2023-05-24T15:26:59.378+0000] {taskinstance.py:1103} INFO - Dependencies all met for dep_context=non-requeueable deps ti=<TaskInstance: dag_with_taskflow_api_v02.greet scheduled__2022-11-18T00:00:00+00:00 [queued]>
[2023-05-24T15:26:59.392+0000] {taskinstance.py:1103} INFO - Dependencies all met for dep_context=requeueable deps ti=<TaskInstance: dag_with_taskflow_api_v02.greet scheduled__2022-11-18T00:00:00+00:00 [queued]>
[2023-05-24T15:26:59.392+0000] {taskinstance.py:1308} INFO - Starting attempt 1 of 6
[2023-05-24T15:26:59.417+0000] {taskinstance.py:1327} INFO - Executing <Task(_PythonDecoratedOperator): greet> on 2022-11-18 00:00:00+00:00
[2023-05-24T15:26:59.423+0000] {standard_task_runner.py:57} INFO - Started process 2800 to run task
[2023-05-24T15:26:59.428+0000] {standard_task_runner.py:84} INFO - Running: ['***', 'tasks', 'run', 'dag_with_taskflow_api_v02', 'greet', 'scheduled__2022-11-18T00:00:00+00:00', '--job-id', '1172', '--raw', '--subdir', 'DAGS_FOLDER/first_dag.py', '--cfg-path', '/tmp/tmp501bkx8t']
[2023-05-24T15:26:59.431+0000] {standard_task_runner.py:85} INFO - Job 1172: Subtask greet
[2023-05-24T15:26:59.503+0000] {task_command.py:410} INFO - Running <TaskInstance: dag_with_taskflow_api_v02.greet scheduled__2022-11-18T00:00:00+00:00 [running]> on host 942de29f183d
[2023-05-24T15:26:59.677+0000] {taskinstance.py:1547} INFO - Exporting env vars: AIRFLOW_CTX_DAG_OWNER='Sai' AIRFLOW_CTX_DAG_ID='dag_with_taskflow_api_v02' AIRFLOW_CTX_TASK_ID='greet' AIRFLOW_CTX_EXECUTION_DATE='2022-11-18T00:00:00+00:00' AIRFLOW_CTX_TRY_NUMBER='1' AIRFLOW_CTX_DAG_RUN_ID='scheduled__2022-11-18T00:00:00+00:00'
[2023-05-24T15:26:59.678+0000] {logging_mixin.py:149} INFO - Hello World! My name is Sai Tr and I am 19 years old!
[2023-05-24T15:26:59.679+0000] {python.py:183} INFO - Done. Returned value was: None
[2023-05-24T15:26:59.694+0000] {taskinstance.py:1350} INFO - Marking task as SUCCESS. dag_id=dag_with_taskflow_api_v02, task_id=greet, execution_date=20221118T000000, start_date=20230524T152659, end_date=20230524T152659
[2023-05-24T15:26:59.721+0000] {local_task_job_runner.py:225} INFO - Task exited with return code 0
[2023-05-24T15:26:59.748+0000] {taskinstance.py:2651} INFO - 0 downstream tasks scheduled from follow-on schedule check
[2023-05-25T06:59:48.612+0000] {taskinstance.py:1103} INFO - Dependencies all met for dep_context=non-requeueable deps ti=<TaskInstance: dag_with_taskflow_api_v02.greet scheduled__2022-11-18T00:00:00+00:00 [queued]>
[2023-05-25T06:59:48.669+0000] {taskinstance.py:1103} INFO - Dependencies all met for dep_context=requeueable deps ti=<TaskInstance: dag_with_taskflow_api_v02.greet scheduled__2022-11-18T00:00:00+00:00 [queued]>
[2023-05-25T06:59:48.669+0000] {taskinstance.py:1308} INFO - Starting attempt 1 of 6
[2023-05-25T06:59:48.802+0000] {taskinstance.py:1327} INFO - Executing <Task(_PythonDecoratedOperator): greet> on 2022-11-18 00:00:00+00:00
[2023-05-25T06:59:48.818+0000] {standard_task_runner.py:57} INFO - Started process 4372 to run task
[2023-05-25T06:59:48.866+0000] {standard_task_runner.py:84} INFO - Running: ['***', 'tasks', 'run', 'dag_with_taskflow_api_v02', 'greet', 'scheduled__2022-11-18T00:00:00+00:00', '--job-id', '1191', '--raw', '--subdir', 'DAGS_FOLDER/first_dag.py', '--cfg-path', '/tmp/tmpq75d8_cf']
[2023-05-25T06:59:48.869+0000] {standard_task_runner.py:85} INFO - Job 1191: Subtask greet
[2023-05-25T06:59:49.092+0000] {task_command.py:410} INFO - Running <TaskInstance: dag_with_taskflow_api_v02.greet scheduled__2022-11-18T00:00:00+00:00 [running]> on host 6bd07c7477d9
[2023-05-25T06:59:49.943+0000] {taskinstance.py:1547} INFO - Exporting env vars: AIRFLOW_CTX_DAG_OWNER='Sai' AIRFLOW_CTX_DAG_ID='dag_with_taskflow_api_v02' AIRFLOW_CTX_TASK_ID='greet' AIRFLOW_CTX_EXECUTION_DATE='2022-11-18T00:00:00+00:00' AIRFLOW_CTX_TRY_NUMBER='1' AIRFLOW_CTX_DAG_RUN_ID='scheduled__2022-11-18T00:00:00+00:00'
[2023-05-25T06:59:49.945+0000] {logging_mixin.py:149} INFO - Hello World! My name is Sai Tr and I am 19 years old!
[2023-05-25T06:59:49.945+0000] {python.py:183} INFO - Done. Returned value was: None
[2023-05-25T06:59:50.072+0000] {taskinstance.py:1350} INFO - Marking task as SUCCESS. dag_id=dag_with_taskflow_api_v02, task_id=greet, execution_date=20221118T000000, start_date=20230525T065948, end_date=20230525T065950
[2023-05-25T06:59:50.228+0000] {local_task_job_runner.py:225} INFO - Task exited with return code 0
[2023-05-25T06:59:50.422+0000] {taskinstance.py:2651} INFO - 0 downstream tasks scheduled from follow-on schedule check
[2023-05-25T10:33:35.275+0000] {taskinstance.py:1103} INFO - Dependencies all met for dep_context=non-requeueable deps ti=<TaskInstance: dag_with_taskflow_api_v02.greet scheduled__2022-11-18T00:00:00+00:00 [queued]>
[2023-05-25T10:33:35.447+0000] {taskinstance.py:1103} INFO - Dependencies all met for dep_context=requeueable deps ti=<TaskInstance: dag_with_taskflow_api_v02.greet scheduled__2022-11-18T00:00:00+00:00 [queued]>
[2023-05-25T10:33:35.448+0000] {taskinstance.py:1308} INFO - Starting attempt 1 of 6
[2023-05-25T10:33:36.239+0000] {taskinstance.py:1327} INFO - Executing <Task(_PythonDecoratedOperator): greet> on 2022-11-18 00:00:00+00:00
[2023-05-25T10:33:36.281+0000] {standard_task_runner.py:57} INFO - Started process 4010 to run task
[2023-05-25T10:33:36.343+0000] {standard_task_runner.py:84} INFO - Running: ['***', 'tasks', 'run', 'dag_with_taskflow_api_v02', 'greet', 'scheduled__2022-11-18T00:00:00+00:00', '--job-id', '1204', '--raw', '--subdir', 'DAGS_FOLDER/first_dag.py', '--cfg-path', '/tmp/tmpfpt4sd92']
[2023-05-25T10:33:36.363+0000] {standard_task_runner.py:85} INFO - Job 1204: Subtask greet
[2023-05-25T10:33:36.909+0000] {task_command.py:410} INFO - Running <TaskInstance: dag_with_taskflow_api_v02.greet scheduled__2022-11-18T00:00:00+00:00 [running]> on host b1ae37a9584e
[2023-05-25T10:33:38.062+0000] {taskinstance.py:1547} INFO - Exporting env vars: AIRFLOW_CTX_DAG_OWNER='Sai' AIRFLOW_CTX_DAG_ID='dag_with_taskflow_api_v02' AIRFLOW_CTX_TASK_ID='greet' AIRFLOW_CTX_EXECUTION_DATE='2022-11-18T00:00:00+00:00' AIRFLOW_CTX_TRY_NUMBER='1' AIRFLOW_CTX_DAG_RUN_ID='scheduled__2022-11-18T00:00:00+00:00'
[2023-05-25T10:33:38.063+0000] {logging_mixin.py:149} INFO - Hello World! My name is Sai Tr and I am 19 years old!
[2023-05-25T10:33:38.063+0000] {python.py:183} INFO - Done. Returned value was: None
[2023-05-25T10:33:38.118+0000] {taskinstance.py:1350} INFO - Marking task as SUCCESS. dag_id=dag_with_taskflow_api_v02, task_id=greet, execution_date=20221118T000000, start_date=20230525T103335, end_date=20230525T103338
[2023-05-25T10:33:38.369+0000] {local_task_job_runner.py:225} INFO - Task exited with return code 0
[2023-05-25T10:33:38.505+0000] {taskinstance.py:2651} INFO - 0 downstream tasks scheduled from follow-on schedule check
