[2023-05-24T15:18:02.312+0000] {taskinstance.py:1103} INFO - Dependencies all met for dep_context=non-requeueable deps ti=<TaskInstance: dag_with_taskflow_api_v02.get_age scheduled__2022-01-24T00:00:00+00:00 [queued]>
[2023-05-24T15:18:02.365+0000] {taskinstance.py:1103} INFO - Dependencies all met for dep_context=requeueable deps ti=<TaskInstance: dag_with_taskflow_api_v02.get_age scheduled__2022-01-24T00:00:00+00:00 [queued]>
[2023-05-24T15:18:02.368+0000] {taskinstance.py:1308} INFO - Starting attempt 1 of 6
[2023-05-24T15:18:02.538+0000] {taskinstance.py:1327} INFO - Executing <Task(_PythonDecoratedOperator): get_age> on 2022-01-24 00:00:00+00:00
[2023-05-24T15:18:02.574+0000] {standard_task_runner.py:57} INFO - Started process 815 to run task
[2023-05-24T15:18:02.609+0000] {standard_task_runner.py:84} INFO - Running: ['***', 'tasks', 'run', 'dag_with_taskflow_api_v02', 'get_age', 'scheduled__2022-01-24T00:00:00+00:00', '--job-id', '276', '--raw', '--subdir', 'DAGS_FOLDER/first_dag.py', '--cfg-path', '/tmp/tmpoemrt8rc']
[2023-05-24T15:18:02.622+0000] {standard_task_runner.py:85} INFO - Job 276: Subtask get_age
[2023-05-24T15:18:03.030+0000] {task_command.py:410} INFO - Running <TaskInstance: dag_with_taskflow_api_v02.get_age scheduled__2022-01-24T00:00:00+00:00 [running]> on host 942de29f183d
[2023-05-24T15:18:03.734+0000] {taskinstance.py:1547} INFO - Exporting env vars: AIRFLOW_CTX_DAG_OWNER='Sai' AIRFLOW_CTX_DAG_ID='dag_with_taskflow_api_v02' AIRFLOW_CTX_TASK_ID='get_age' AIRFLOW_CTX_EXECUTION_DATE='2022-01-24T00:00:00+00:00' AIRFLOW_CTX_TRY_NUMBER='1' AIRFLOW_CTX_DAG_RUN_ID='scheduled__2022-01-24T00:00:00+00:00'
[2023-05-24T15:18:03.735+0000] {python.py:183} INFO - Done. Returned value was: 19
[2023-05-24T15:18:03.960+0000] {taskinstance.py:1350} INFO - Marking task as SUCCESS. dag_id=dag_with_taskflow_api_v02, task_id=get_age, execution_date=20220124T000000, start_date=20230524T151802, end_date=20230524T151803
[2023-05-24T15:18:04.166+0000] {local_task_job_runner.py:225} INFO - Task exited with return code 0
[2023-05-24T15:18:04.328+0000] {taskinstance.py:2651} INFO - 1 downstream tasks scheduled from follow-on schedule check
[2023-05-25T06:51:29.814+0000] {taskinstance.py:1103} INFO - Dependencies all met for dep_context=non-requeueable deps ti=<TaskInstance: dag_with_taskflow_api_v02.get_age scheduled__2022-01-24T00:00:00+00:00 [queued]>
[2023-05-25T06:51:29.876+0000] {taskinstance.py:1103} INFO - Dependencies all met for dep_context=requeueable deps ti=<TaskInstance: dag_with_taskflow_api_v02.get_age scheduled__2022-01-24T00:00:00+00:00 [queued]>
[2023-05-25T06:51:29.876+0000] {taskinstance.py:1308} INFO - Starting attempt 1 of 6
[2023-05-25T06:51:30.332+0000] {taskinstance.py:1327} INFO - Executing <Task(_PythonDecoratedOperator): get_age> on 2022-01-24 00:00:00+00:00
[2023-05-25T06:51:30.350+0000] {standard_task_runner.py:57} INFO - Started process 2344 to run task
[2023-05-25T06:51:30.367+0000] {standard_task_runner.py:84} INFO - Running: ['***', 'tasks', 'run', 'dag_with_taskflow_api_v02', 'get_age', 'scheduled__2022-01-24T00:00:00+00:00', '--job-id', '276', '--raw', '--subdir', 'DAGS_FOLDER/first_dag.py', '--cfg-path', '/tmp/tmpkvxgnmyw']
[2023-05-25T06:51:30.380+0000] {standard_task_runner.py:85} INFO - Job 276: Subtask get_age
[2023-05-25T06:51:30.618+0000] {task_command.py:410} INFO - Running <TaskInstance: dag_with_taskflow_api_v02.get_age scheduled__2022-01-24T00:00:00+00:00 [running]> on host 6bd07c7477d9
[2023-05-25T06:51:31.242+0000] {taskinstance.py:1547} INFO - Exporting env vars: AIRFLOW_CTX_DAG_OWNER='Sai' AIRFLOW_CTX_DAG_ID='dag_with_taskflow_api_v02' AIRFLOW_CTX_TASK_ID='get_age' AIRFLOW_CTX_EXECUTION_DATE='2022-01-24T00:00:00+00:00' AIRFLOW_CTX_TRY_NUMBER='1' AIRFLOW_CTX_DAG_RUN_ID='scheduled__2022-01-24T00:00:00+00:00'
[2023-05-25T06:51:31.246+0000] {python.py:183} INFO - Done. Returned value was: 19
[2023-05-25T06:51:31.379+0000] {taskinstance.py:1350} INFO - Marking task as SUCCESS. dag_id=dag_with_taskflow_api_v02, task_id=get_age, execution_date=20220124T000000, start_date=20230525T065129, end_date=20230525T065131
[2023-05-25T06:51:31.850+0000] {local_task_job_runner.py:225} INFO - Task exited with return code 0
[2023-05-25T06:51:32.094+0000] {taskinstance.py:2651} INFO - 1 downstream tasks scheduled from follow-on schedule check
[2023-05-25T10:22:01.698+0000] {taskinstance.py:1103} INFO - Dependencies all met for dep_context=non-requeueable deps ti=<TaskInstance: dag_with_taskflow_api_v02.get_age scheduled__2022-01-24T00:00:00+00:00 [queued]>
[2023-05-25T10:22:01.717+0000] {taskinstance.py:1103} INFO - Dependencies all met for dep_context=requeueable deps ti=<TaskInstance: dag_with_taskflow_api_v02.get_age scheduled__2022-01-24T00:00:00+00:00 [queued]>
[2023-05-25T10:22:01.718+0000] {taskinstance.py:1308} INFO - Starting attempt 1 of 6
[2023-05-25T10:22:01.748+0000] {taskinstance.py:1327} INFO - Executing <Task(_PythonDecoratedOperator): get_age> on 2022-01-24 00:00:00+00:00
[2023-05-25T10:22:01.755+0000] {standard_task_runner.py:57} INFO - Started process 1871 to run task
[2023-05-25T10:22:01.770+0000] {standard_task_runner.py:84} INFO - Running: ['***', 'tasks', 'run', 'dag_with_taskflow_api_v02', 'get_age', 'scheduled__2022-01-24T00:00:00+00:00', '--job-id', '268', '--raw', '--subdir', 'DAGS_FOLDER/first_dag.py', '--cfg-path', '/tmp/tmpjcshgs6d']
[2023-05-25T10:22:01.777+0000] {standard_task_runner.py:85} INFO - Job 268: Subtask get_age
[2023-05-25T10:22:01.889+0000] {task_command.py:410} INFO - Running <TaskInstance: dag_with_taskflow_api_v02.get_age scheduled__2022-01-24T00:00:00+00:00 [running]> on host b1ae37a9584e
[2023-05-25T10:22:02.242+0000] {taskinstance.py:1547} INFO - Exporting env vars: AIRFLOW_CTX_DAG_OWNER='Sai' AIRFLOW_CTX_DAG_ID='dag_with_taskflow_api_v02' AIRFLOW_CTX_TASK_ID='get_age' AIRFLOW_CTX_EXECUTION_DATE='2022-01-24T00:00:00+00:00' AIRFLOW_CTX_TRY_NUMBER='1' AIRFLOW_CTX_DAG_RUN_ID='scheduled__2022-01-24T00:00:00+00:00'
[2023-05-25T10:22:02.247+0000] {python.py:183} INFO - Done. Returned value was: 19
[2023-05-25T10:22:02.391+0000] {taskinstance.py:1350} INFO - Marking task as SUCCESS. dag_id=dag_with_taskflow_api_v02, task_id=get_age, execution_date=20220124T000000, start_date=20230525T102201, end_date=20230525T102202
[2023-05-25T10:22:02.512+0000] {local_task_job_runner.py:225} INFO - Task exited with return code 0
[2023-05-25T10:22:02.607+0000] {taskinstance.py:2651} INFO - 0 downstream tasks scheduled from follow-on schedule check
