[2023-05-24T15:28:49.650+0000] {taskinstance.py:1103} INFO - Dependencies all met for dep_context=non-requeueable deps ti=<TaskInstance: dag_with_taskflow_api_v02.get_age scheduled__2023-01-24T00:00:00+00:00 [queued]>
[2023-05-24T15:28:49.704+0000] {taskinstance.py:1103} INFO - Dependencies all met for dep_context=requeueable deps ti=<TaskInstance: dag_with_taskflow_api_v02.get_age scheduled__2023-01-24T00:00:00+00:00 [queued]>
[2023-05-24T15:28:49.705+0000] {taskinstance.py:1308} INFO - Starting attempt 1 of 6
[2023-05-24T15:28:50.170+0000] {taskinstance.py:1327} INFO - Executing <Task(_PythonDecoratedOperator): get_age> on 2023-01-24 00:00:00+00:00
[2023-05-24T15:28:50.200+0000] {standard_task_runner.py:57} INFO - Started process 3242 to run task
[2023-05-24T15:28:50.252+0000] {standard_task_runner.py:84} INFO - Running: ['***', 'tasks', 'run', 'dag_with_taskflow_api_v02', 'get_age', 'scheduled__2023-01-24T00:00:00+00:00', '--job-id', '1365', '--raw', '--subdir', 'DAGS_FOLDER/first_dag.py', '--cfg-path', '/tmp/tmpkdobcpwl']
[2023-05-24T15:28:50.256+0000] {standard_task_runner.py:85} INFO - Job 1365: Subtask get_age
[2023-05-24T15:28:50.578+0000] {task_command.py:410} INFO - Running <TaskInstance: dag_with_taskflow_api_v02.get_age scheduled__2023-01-24T00:00:00+00:00 [running]> on host 942de29f183d
[2023-05-24T15:28:51.302+0000] {taskinstance.py:1547} INFO - Exporting env vars: AIRFLOW_CTX_DAG_OWNER='Sai' AIRFLOW_CTX_DAG_ID='dag_with_taskflow_api_v02' AIRFLOW_CTX_TASK_ID='get_age' AIRFLOW_CTX_EXECUTION_DATE='2023-01-24T00:00:00+00:00' AIRFLOW_CTX_TRY_NUMBER='1' AIRFLOW_CTX_DAG_RUN_ID='scheduled__2023-01-24T00:00:00+00:00'
[2023-05-24T15:28:51.303+0000] {python.py:183} INFO - Done. Returned value was: 19
[2023-05-24T15:28:51.459+0000] {taskinstance.py:1350} INFO - Marking task as SUCCESS. dag_id=dag_with_taskflow_api_v02, task_id=get_age, execution_date=20230124T000000, start_date=20230524T152849, end_date=20230524T152851
[2023-05-24T15:28:51.554+0000] {local_task_job_runner.py:225} INFO - Task exited with return code 0
[2023-05-24T15:28:51.949+0000] {taskinstance.py:2651} INFO - 1 downstream tasks scheduled from follow-on schedule check
[2023-05-25T07:01:20.845+0000] {taskinstance.py:1103} INFO - Dependencies all met for dep_context=non-requeueable deps ti=<TaskInstance: dag_with_taskflow_api_v02.get_age scheduled__2023-01-24T00:00:00+00:00 [queued]>
[2023-05-25T07:01:20.889+0000] {taskinstance.py:1103} INFO - Dependencies all met for dep_context=requeueable deps ti=<TaskInstance: dag_with_taskflow_api_v02.get_age scheduled__2023-01-24T00:00:00+00:00 [queued]>
[2023-05-25T07:01:20.891+0000] {taskinstance.py:1308} INFO - Starting attempt 1 of 6
[2023-05-25T07:01:20.990+0000] {taskinstance.py:1327} INFO - Executing <Task(_PythonDecoratedOperator): get_age> on 2023-01-24 00:00:00+00:00
[2023-05-25T07:01:20.996+0000] {standard_task_runner.py:57} INFO - Started process 4752 to run task
[2023-05-25T07:01:21.022+0000] {standard_task_runner.py:84} INFO - Running: ['***', 'tasks', 'run', 'dag_with_taskflow_api_v02', 'get_age', 'scheduled__2023-01-24T00:00:00+00:00', '--job-id', '1364', '--raw', '--subdir', 'DAGS_FOLDER/first_dag.py', '--cfg-path', '/tmp/tmpn9901729']
[2023-05-25T07:01:21.030+0000] {standard_task_runner.py:85} INFO - Job 1364: Subtask get_age
[2023-05-25T07:01:21.241+0000] {task_command.py:410} INFO - Running <TaskInstance: dag_with_taskflow_api_v02.get_age scheduled__2023-01-24T00:00:00+00:00 [running]> on host 6bd07c7477d9
[2023-05-25T07:01:21.853+0000] {taskinstance.py:1547} INFO - Exporting env vars: AIRFLOW_CTX_DAG_OWNER='Sai' AIRFLOW_CTX_DAG_ID='dag_with_taskflow_api_v02' AIRFLOW_CTX_TASK_ID='get_age' AIRFLOW_CTX_EXECUTION_DATE='2023-01-24T00:00:00+00:00' AIRFLOW_CTX_TRY_NUMBER='1' AIRFLOW_CTX_DAG_RUN_ID='scheduled__2023-01-24T00:00:00+00:00'
[2023-05-25T07:01:21.854+0000] {python.py:183} INFO - Done. Returned value was: 19
[2023-05-25T07:01:22.139+0000] {taskinstance.py:1350} INFO - Marking task as SUCCESS. dag_id=dag_with_taskflow_api_v02, task_id=get_age, execution_date=20230124T000000, start_date=20230525T070120, end_date=20230525T070122
[2023-05-25T07:01:22.305+0000] {local_task_job_runner.py:225} INFO - Task exited with return code 0
[2023-05-25T07:01:23.063+0000] {taskinstance.py:2651} INFO - 0 downstream tasks scheduled from follow-on schedule check
[2023-05-25T10:35:37.131+0000] {taskinstance.py:1103} INFO - Dependencies all met for dep_context=non-requeueable deps ti=<TaskInstance: dag_with_taskflow_api_v02.get_age scheduled__2023-01-24T00:00:00+00:00 [queued]>
[2023-05-25T10:35:37.344+0000] {taskinstance.py:1103} INFO - Dependencies all met for dep_context=requeueable deps ti=<TaskInstance: dag_with_taskflow_api_v02.get_age scheduled__2023-01-24T00:00:00+00:00 [queued]>
[2023-05-25T10:35:37.344+0000] {taskinstance.py:1308} INFO - Starting attempt 1 of 6
[2023-05-25T10:35:37.570+0000] {taskinstance.py:1327} INFO - Executing <Task(_PythonDecoratedOperator): get_age> on 2023-01-24 00:00:00+00:00
[2023-05-25T10:35:37.636+0000] {standard_task_runner.py:57} INFO - Started process 4406 to run task
[2023-05-25T10:35:37.676+0000] {standard_task_runner.py:84} INFO - Running: ['***', 'tasks', 'run', 'dag_with_taskflow_api_v02', 'get_age', 'scheduled__2023-01-24T00:00:00+00:00', '--job-id', '1378', '--raw', '--subdir', 'DAGS_FOLDER/first_dag.py', '--cfg-path', '/tmp/tmpsth1m95b']
[2023-05-25T10:35:37.689+0000] {standard_task_runner.py:85} INFO - Job 1378: Subtask get_age
[2023-05-25T10:35:38.152+0000] {task_command.py:410} INFO - Running <TaskInstance: dag_with_taskflow_api_v02.get_age scheduled__2023-01-24T00:00:00+00:00 [running]> on host b1ae37a9584e
[2023-05-25T10:35:39.447+0000] {taskinstance.py:1547} INFO - Exporting env vars: AIRFLOW_CTX_DAG_OWNER='Sai' AIRFLOW_CTX_DAG_ID='dag_with_taskflow_api_v02' AIRFLOW_CTX_TASK_ID='get_age' AIRFLOW_CTX_EXECUTION_DATE='2023-01-24T00:00:00+00:00' AIRFLOW_CTX_TRY_NUMBER='1' AIRFLOW_CTX_DAG_RUN_ID='scheduled__2023-01-24T00:00:00+00:00'
[2023-05-25T10:35:39.450+0000] {python.py:183} INFO - Done. Returned value was: 19
[2023-05-25T10:35:39.822+0000] {taskinstance.py:1350} INFO - Marking task as SUCCESS. dag_id=dag_with_taskflow_api_v02, task_id=get_age, execution_date=20230124T000000, start_date=20230525T103537, end_date=20230525T103539
[2023-05-25T10:35:40.069+0000] {local_task_job_runner.py:225} INFO - Task exited with return code 0
[2023-05-25T10:35:40.178+0000] {taskinstance.py:2651} INFO - 1 downstream tasks scheduled from follow-on schedule check
