[2023-05-24T15:31:52.799+0000] {taskinstance.py:1103} INFO - Dependencies all met for dep_context=non-requeueable deps ti=<TaskInstance: dag_with_taskflow_api_v02.greet scheduled__2023-05-13T00:00:00+00:00 [queued]>
[2023-05-24T15:31:52.827+0000] {taskinstance.py:1103} INFO - Dependencies all met for dep_context=requeueable deps ti=<TaskInstance: dag_with_taskflow_api_v02.greet scheduled__2023-05-13T00:00:00+00:00 [queued]>
[2023-05-24T15:31:52.827+0000] {taskinstance.py:1308} INFO - Starting attempt 1 of 6
[2023-05-24T15:31:52.863+0000] {taskinstance.py:1327} INFO - Executing <Task(_PythonDecoratedOperator): greet> on 2023-05-13 00:00:00+00:00
[2023-05-24T15:31:52.870+0000] {standard_task_runner.py:57} INFO - Started process 3981 to run task
[2023-05-24T15:31:52.884+0000] {standard_task_runner.py:84} INFO - Running: ['***', 'tasks', 'run', 'dag_with_taskflow_api_v02', 'greet', 'scheduled__2023-05-13T00:00:00+00:00', '--job-id', '1704', '--raw', '--subdir', 'DAGS_FOLDER/first_dag.py', '--cfg-path', '/tmp/tmplbn7bkvd']
[2023-05-24T15:31:52.887+0000] {standard_task_runner.py:85} INFO - Job 1704: Subtask greet
[2023-05-24T15:31:53.001+0000] {task_command.py:410} INFO - Running <TaskInstance: dag_with_taskflow_api_v02.greet scheduled__2023-05-13T00:00:00+00:00 [running]> on host 942de29f183d
[2023-05-24T15:31:53.419+0000] {taskinstance.py:1547} INFO - Exporting env vars: AIRFLOW_CTX_DAG_OWNER='Sai' AIRFLOW_CTX_DAG_ID='dag_with_taskflow_api_v02' AIRFLOW_CTX_TASK_ID='greet' AIRFLOW_CTX_EXECUTION_DATE='2023-05-13T00:00:00+00:00' AIRFLOW_CTX_TRY_NUMBER='1' AIRFLOW_CTX_DAG_RUN_ID='scheduled__2023-05-13T00:00:00+00:00'
[2023-05-24T15:31:53.421+0000] {logging_mixin.py:149} INFO - Hello World! My name is Sai Tr and I am 19 years old!
[2023-05-24T15:31:53.421+0000] {python.py:183} INFO - Done. Returned value was: None
[2023-05-24T15:31:53.461+0000] {taskinstance.py:1350} INFO - Marking task as SUCCESS. dag_id=dag_with_taskflow_api_v02, task_id=greet, execution_date=20230513T000000, start_date=20230524T153152, end_date=20230524T153153
[2023-05-24T15:31:53.509+0000] {local_task_job_runner.py:225} INFO - Task exited with return code 0
[2023-05-24T15:31:53.547+0000] {taskinstance.py:2651} INFO - 0 downstream tasks scheduled from follow-on schedule check
[2023-05-25T07:04:32.095+0000] {taskinstance.py:1103} INFO - Dependencies all met for dep_context=non-requeueable deps ti=<TaskInstance: dag_with_taskflow_api_v02.greet scheduled__2023-05-13T00:00:00+00:00 [queued]>
[2023-05-25T07:04:32.162+0000] {taskinstance.py:1103} INFO - Dependencies all met for dep_context=requeueable deps ti=<TaskInstance: dag_with_taskflow_api_v02.greet scheduled__2023-05-13T00:00:00+00:00 [queued]>
[2023-05-25T07:04:32.163+0000] {taskinstance.py:1308} INFO - Starting attempt 1 of 6
[2023-05-25T07:04:32.253+0000] {taskinstance.py:1327} INFO - Executing <Task(_PythonDecoratedOperator): greet> on 2023-05-13 00:00:00+00:00
[2023-05-25T07:04:32.276+0000] {standard_task_runner.py:57} INFO - Started process 5520 to run task
[2023-05-25T07:04:32.339+0000] {standard_task_runner.py:84} INFO - Running: ['***', 'tasks', 'run', 'dag_with_taskflow_api_v02', 'greet', 'scheduled__2023-05-13T00:00:00+00:00', '--job-id', '1709', '--raw', '--subdir', 'DAGS_FOLDER/first_dag.py', '--cfg-path', '/tmp/tmp57rmu_hx']
[2023-05-25T07:04:32.358+0000] {standard_task_runner.py:85} INFO - Job 1709: Subtask greet
[2023-05-25T07:04:32.645+0000] {task_command.py:410} INFO - Running <TaskInstance: dag_with_taskflow_api_v02.greet scheduled__2023-05-13T00:00:00+00:00 [running]> on host 6bd07c7477d9
[2023-05-25T07:04:33.399+0000] {taskinstance.py:1547} INFO - Exporting env vars: AIRFLOW_CTX_DAG_OWNER='Sai' AIRFLOW_CTX_DAG_ID='dag_with_taskflow_api_v02' AIRFLOW_CTX_TASK_ID='greet' AIRFLOW_CTX_EXECUTION_DATE='2023-05-13T00:00:00+00:00' AIRFLOW_CTX_TRY_NUMBER='1' AIRFLOW_CTX_DAG_RUN_ID='scheduled__2023-05-13T00:00:00+00:00'
[2023-05-25T07:04:33.400+0000] {logging_mixin.py:149} INFO - Hello World! My name is Sai Tr and I am 19 years old!
[2023-05-25T07:04:33.401+0000] {python.py:183} INFO - Done. Returned value was: None
[2023-05-25T07:04:33.434+0000] {taskinstance.py:1350} INFO - Marking task as SUCCESS. dag_id=dag_with_taskflow_api_v02, task_id=greet, execution_date=20230513T000000, start_date=20230525T070432, end_date=20230525T070433
[2023-05-25T07:04:33.538+0000] {local_task_job_runner.py:225} INFO - Task exited with return code 0
[2023-05-25T07:04:33.660+0000] {taskinstance.py:2651} INFO - 0 downstream tasks scheduled from follow-on schedule check
[2023-05-25T10:39:08.841+0000] {taskinstance.py:1103} INFO - Dependencies all met for dep_context=non-requeueable deps ti=<TaskInstance: dag_with_taskflow_api_v02.greet scheduled__2023-05-13T00:00:00+00:00 [queued]>
[2023-05-25T10:39:08.856+0000] {taskinstance.py:1103} INFO - Dependencies all met for dep_context=requeueable deps ti=<TaskInstance: dag_with_taskflow_api_v02.greet scheduled__2023-05-13T00:00:00+00:00 [queued]>
[2023-05-25T10:39:08.856+0000] {taskinstance.py:1308} INFO - Starting attempt 1 of 6
[2023-05-25T10:39:08.879+0000] {taskinstance.py:1327} INFO - Executing <Task(_PythonDecoratedOperator): greet> on 2023-05-13 00:00:00+00:00
[2023-05-25T10:39:08.886+0000] {standard_task_runner.py:57} INFO - Started process 5153 to run task
[2023-05-25T10:39:08.892+0000] {standard_task_runner.py:84} INFO - Running: ['***', 'tasks', 'run', 'dag_with_taskflow_api_v02', 'greet', 'scheduled__2023-05-13T00:00:00+00:00', '--job-id', '1715', '--raw', '--subdir', 'DAGS_FOLDER/first_dag.py', '--cfg-path', '/tmp/tmpqjqvl47a']
[2023-05-25T10:39:08.894+0000] {standard_task_runner.py:85} INFO - Job 1715: Subtask greet
[2023-05-25T10:39:08.976+0000] {task_command.py:410} INFO - Running <TaskInstance: dag_with_taskflow_api_v02.greet scheduled__2023-05-13T00:00:00+00:00 [running]> on host b1ae37a9584e
[2023-05-25T10:39:09.216+0000] {taskinstance.py:1547} INFO - Exporting env vars: AIRFLOW_CTX_DAG_OWNER='Sai' AIRFLOW_CTX_DAG_ID='dag_with_taskflow_api_v02' AIRFLOW_CTX_TASK_ID='greet' AIRFLOW_CTX_EXECUTION_DATE='2023-05-13T00:00:00+00:00' AIRFLOW_CTX_TRY_NUMBER='1' AIRFLOW_CTX_DAG_RUN_ID='scheduled__2023-05-13T00:00:00+00:00'
[2023-05-25T10:39:09.217+0000] {logging_mixin.py:149} INFO - Hello World! My name is Sai Tr and I am 19 years old!
[2023-05-25T10:39:09.217+0000] {python.py:183} INFO - Done. Returned value was: None
[2023-05-25T10:39:09.233+0000] {taskinstance.py:1350} INFO - Marking task as SUCCESS. dag_id=dag_with_taskflow_api_v02, task_id=greet, execution_date=20230513T000000, start_date=20230525T103908, end_date=20230525T103909
[2023-05-25T10:39:09.264+0000] {local_task_job_runner.py:225} INFO - Task exited with return code 0
[2023-05-25T10:39:09.304+0000] {taskinstance.py:2651} INFO - 0 downstream tasks scheduled from follow-on schedule check
