[2023-05-24T15:20:56.136+0000] {taskinstance.py:1103} INFO - Dependencies all met for dep_context=non-requeueable deps ti=<TaskInstance: dag_with_taskflow_api_v02.get_name scheduled__2022-04-27T00:00:00+00:00 [queued]>
[2023-05-24T15:20:56.258+0000] {taskinstance.py:1103} INFO - Dependencies all met for dep_context=requeueable deps ti=<TaskInstance: dag_with_taskflow_api_v02.get_name scheduled__2022-04-27T00:00:00+00:00 [queued]>
[2023-05-24T15:20:56.259+0000] {taskinstance.py:1308} INFO - Starting attempt 1 of 6
[2023-05-24T15:20:56.444+0000] {taskinstance.py:1327} INFO - Executing <Task(_PythonDecoratedOperator): get_name> on 2022-04-27 00:00:00+00:00
[2023-05-24T15:20:56.486+0000] {standard_task_runner.py:57} INFO - Started process 1428 to run task
[2023-05-24T15:20:56.520+0000] {standard_task_runner.py:84} INFO - Running: ['***', 'tasks', 'run', 'dag_with_taskflow_api_v02', 'get_name', 'scheduled__2022-04-27T00:00:00+00:00', '--job-id', '551', '--raw', '--subdir', 'DAGS_FOLDER/first_dag.py', '--cfg-path', '/tmp/tmprasolx9d']
[2023-05-24T15:20:56.546+0000] {standard_task_runner.py:85} INFO - Job 551: Subtask get_name
[2023-05-24T15:20:56.980+0000] {task_command.py:410} INFO - Running <TaskInstance: dag_with_taskflow_api_v02.get_name scheduled__2022-04-27T00:00:00+00:00 [running]> on host 942de29f183d
[2023-05-24T15:20:57.807+0000] {taskinstance.py:1547} INFO - Exporting env vars: AIRFLOW_CTX_DAG_OWNER='Sai' AIRFLOW_CTX_DAG_ID='dag_with_taskflow_api_v02' AIRFLOW_CTX_TASK_ID='get_name' AIRFLOW_CTX_EXECUTION_DATE='2022-04-27T00:00:00+00:00' AIRFLOW_CTX_TRY_NUMBER='1' AIRFLOW_CTX_DAG_RUN_ID='scheduled__2022-04-27T00:00:00+00:00'
[2023-05-24T15:20:57.808+0000] {python.py:183} INFO - Done. Returned value was: {'first_name': 'Sai', 'last_name': 'Tr'}
[2023-05-24T15:20:58.103+0000] {taskinstance.py:1350} INFO - Marking task as SUCCESS. dag_id=dag_with_taskflow_api_v02, task_id=get_name, execution_date=20220427T000000, start_date=20230524T152056, end_date=20230524T152058
[2023-05-24T15:20:58.246+0000] {local_task_job_runner.py:225} INFO - Task exited with return code 0
[2023-05-24T15:20:58.508+0000] {taskinstance.py:2651} INFO - 0 downstream tasks scheduled from follow-on schedule check
[2023-05-25T06:53:56.140+0000] {taskinstance.py:1103} INFO - Dependencies all met for dep_context=non-requeueable deps ti=<TaskInstance: dag_with_taskflow_api_v02.get_name scheduled__2022-04-27T00:00:00+00:00 [queued]>
[2023-05-25T06:53:56.223+0000] {taskinstance.py:1103} INFO - Dependencies all met for dep_context=requeueable deps ti=<TaskInstance: dag_with_taskflow_api_v02.get_name scheduled__2022-04-27T00:00:00+00:00 [queued]>
[2023-05-25T06:53:56.223+0000] {taskinstance.py:1308} INFO - Starting attempt 1 of 6
[2023-05-25T06:53:56.292+0000] {taskinstance.py:1327} INFO - Executing <Task(_PythonDecoratedOperator): get_name> on 2022-04-27 00:00:00+00:00
[2023-05-25T06:53:56.304+0000] {standard_task_runner.py:57} INFO - Started process 2950 to run task
[2023-05-25T06:53:56.326+0000] {standard_task_runner.py:84} INFO - Running: ['***', 'tasks', 'run', 'dag_with_taskflow_api_v02', 'get_name', 'scheduled__2022-04-27T00:00:00+00:00', '--job-id', '549', '--raw', '--subdir', 'DAGS_FOLDER/first_dag.py', '--cfg-path', '/tmp/tmp5q80zlxd']
[2023-05-25T06:53:56.331+0000] {standard_task_runner.py:85} INFO - Job 549: Subtask get_name
[2023-05-25T06:53:56.644+0000] {task_command.py:410} INFO - Running <TaskInstance: dag_with_taskflow_api_v02.get_name scheduled__2022-04-27T00:00:00+00:00 [running]> on host 6bd07c7477d9
[2023-05-25T06:53:57.504+0000] {taskinstance.py:1547} INFO - Exporting env vars: AIRFLOW_CTX_DAG_OWNER='Sai' AIRFLOW_CTX_DAG_ID='dag_with_taskflow_api_v02' AIRFLOW_CTX_TASK_ID='get_name' AIRFLOW_CTX_EXECUTION_DATE='2022-04-27T00:00:00+00:00' AIRFLOW_CTX_TRY_NUMBER='1' AIRFLOW_CTX_DAG_RUN_ID='scheduled__2022-04-27T00:00:00+00:00'
[2023-05-25T06:53:57.505+0000] {python.py:183} INFO - Done. Returned value was: {'first_name': 'Sai', 'last_name': 'Tr'}
[2023-05-25T06:53:57.814+0000] {taskinstance.py:1350} INFO - Marking task as SUCCESS. dag_id=dag_with_taskflow_api_v02, task_id=get_name, execution_date=20220427T000000, start_date=20230525T065356, end_date=20230525T065357
[2023-05-25T06:53:58.124+0000] {local_task_job_runner.py:225} INFO - Task exited with return code 0
[2023-05-25T06:53:58.327+0000] {taskinstance.py:2651} INFO - 1 downstream tasks scheduled from follow-on schedule check
[2023-05-25T10:25:18.597+0000] {taskinstance.py:1103} INFO - Dependencies all met for dep_context=non-requeueable deps ti=<TaskInstance: dag_with_taskflow_api_v02.get_name scheduled__2022-04-27T00:00:00+00:00 [queued]>
[2023-05-25T10:25:18.747+0000] {taskinstance.py:1103} INFO - Dependencies all met for dep_context=requeueable deps ti=<TaskInstance: dag_with_taskflow_api_v02.get_name scheduled__2022-04-27T00:00:00+00:00 [queued]>
[2023-05-25T10:25:18.758+0000] {taskinstance.py:1308} INFO - Starting attempt 1 of 6
[2023-05-25T10:25:18.946+0000] {taskinstance.py:1327} INFO - Executing <Task(_PythonDecoratedOperator): get_name> on 2022-04-27 00:00:00+00:00
[2023-05-25T10:25:18.990+0000] {standard_task_runner.py:57} INFO - Started process 2543 to run task
[2023-05-25T10:25:19.005+0000] {standard_task_runner.py:84} INFO - Running: ['***', 'tasks', 'run', 'dag_with_taskflow_api_v02', 'get_name', 'scheduled__2022-04-27T00:00:00+00:00', '--job-id', '564', '--raw', '--subdir', 'DAGS_FOLDER/first_dag.py', '--cfg-path', '/tmp/tmpv85v4yjc']
[2023-05-25T10:25:19.068+0000] {standard_task_runner.py:85} INFO - Job 564: Subtask get_name
[2023-05-25T10:25:19.667+0000] {task_command.py:410} INFO - Running <TaskInstance: dag_with_taskflow_api_v02.get_name scheduled__2022-04-27T00:00:00+00:00 [running]> on host b1ae37a9584e
[2023-05-25T10:25:20.686+0000] {taskinstance.py:1547} INFO - Exporting env vars: AIRFLOW_CTX_DAG_OWNER='Sai' AIRFLOW_CTX_DAG_ID='dag_with_taskflow_api_v02' AIRFLOW_CTX_TASK_ID='get_name' AIRFLOW_CTX_EXECUTION_DATE='2022-04-27T00:00:00+00:00' AIRFLOW_CTX_TRY_NUMBER='1' AIRFLOW_CTX_DAG_RUN_ID='scheduled__2022-04-27T00:00:00+00:00'
[2023-05-25T10:25:20.688+0000] {python.py:183} INFO - Done. Returned value was: {'first_name': 'Sai', 'last_name': 'Tr'}
[2023-05-25T10:25:20.910+0000] {taskinstance.py:1350} INFO - Marking task as SUCCESS. dag_id=dag_with_taskflow_api_v02, task_id=get_name, execution_date=20220427T000000, start_date=20230525T102518, end_date=20230525T102520
[2023-05-25T10:25:21.110+0000] {local_task_job_runner.py:225} INFO - Task exited with return code 0
[2023-05-25T10:25:21.317+0000] {taskinstance.py:2651} INFO - 0 downstream tasks scheduled from follow-on schedule check
