[2023-05-24T15:26:15.280+0000] {taskinstance.py:1103} INFO - Dependencies all met for dep_context=non-requeueable deps ti=<TaskInstance: dag_with_taskflow_api_v02.get_age scheduled__2022-10-21T00:00:00+00:00 [queued]>
[2023-05-24T15:26:15.392+0000] {taskinstance.py:1103} INFO - Dependencies all met for dep_context=requeueable deps ti=<TaskInstance: dag_with_taskflow_api_v02.get_age scheduled__2022-10-21T00:00:00+00:00 [queued]>
[2023-05-24T15:26:15.393+0000] {taskinstance.py:1308} INFO - Starting attempt 1 of 6
[2023-05-24T15:26:16.080+0000] {taskinstance.py:1327} INFO - Executing <Task(_PythonDecoratedOperator): get_age> on 2022-10-21 00:00:00+00:00
[2023-05-24T15:26:16.099+0000] {standard_task_runner.py:57} INFO - Started process 2616 to run task
[2023-05-24T15:26:16.186+0000] {standard_task_runner.py:84} INFO - Running: ['***', 'tasks', 'run', 'dag_with_taskflow_api_v02', 'get_age', 'scheduled__2022-10-21T00:00:00+00:00', '--job-id', '1082', '--raw', '--subdir', 'DAGS_FOLDER/first_dag.py', '--cfg-path', '/tmp/tmpstwkpl83']
[2023-05-24T15:26:16.189+0000] {standard_task_runner.py:85} INFO - Job 1082: Subtask get_age
[2023-05-24T15:26:16.667+0000] {task_command.py:410} INFO - Running <TaskInstance: dag_with_taskflow_api_v02.get_age scheduled__2022-10-21T00:00:00+00:00 [running]> on host 942de29f183d
[2023-05-24T15:26:17.233+0000] {taskinstance.py:1547} INFO - Exporting env vars: AIRFLOW_CTX_DAG_OWNER='Sai' AIRFLOW_CTX_DAG_ID='dag_with_taskflow_api_v02' AIRFLOW_CTX_TASK_ID='get_age' AIRFLOW_CTX_EXECUTION_DATE='2022-10-21T00:00:00+00:00' AIRFLOW_CTX_TRY_NUMBER='1' AIRFLOW_CTX_DAG_RUN_ID='scheduled__2022-10-21T00:00:00+00:00'
[2023-05-24T15:26:17.234+0000] {python.py:183} INFO - Done. Returned value was: 19
[2023-05-24T15:26:17.305+0000] {taskinstance.py:1350} INFO - Marking task as SUCCESS. dag_id=dag_with_taskflow_api_v02, task_id=get_age, execution_date=20221021T000000, start_date=20230524T152615, end_date=20230524T152617
[2023-05-24T15:26:17.393+0000] {local_task_job_runner.py:225} INFO - Task exited with return code 0
[2023-05-24T15:26:17.583+0000] {taskinstance.py:2651} INFO - 0 downstream tasks scheduled from follow-on schedule check
[2023-05-25T06:58:48.908+0000] {taskinstance.py:1103} INFO - Dependencies all met for dep_context=non-requeueable deps ti=<TaskInstance: dag_with_taskflow_api_v02.get_age scheduled__2022-10-21T00:00:00+00:00 [queued]>
[2023-05-25T06:58:48.962+0000] {taskinstance.py:1103} INFO - Dependencies all met for dep_context=requeueable deps ti=<TaskInstance: dag_with_taskflow_api_v02.get_age scheduled__2022-10-21T00:00:00+00:00 [queued]>
[2023-05-25T06:58:48.963+0000] {taskinstance.py:1308} INFO - Starting attempt 1 of 6
[2023-05-25T06:58:49.438+0000] {taskinstance.py:1327} INFO - Executing <Task(_PythonDecoratedOperator): get_age> on 2022-10-21 00:00:00+00:00
[2023-05-25T06:58:49.460+0000] {standard_task_runner.py:57} INFO - Started process 4128 to run task
[2023-05-25T06:58:49.500+0000] {standard_task_runner.py:84} INFO - Running: ['***', 'tasks', 'run', 'dag_with_taskflow_api_v02', 'get_age', 'scheduled__2022-10-21T00:00:00+00:00', '--job-id', '1081', '--raw', '--subdir', 'DAGS_FOLDER/first_dag.py', '--cfg-path', '/tmp/tmpj1mddv1z']
[2023-05-25T06:58:49.514+0000] {standard_task_runner.py:85} INFO - Job 1081: Subtask get_age
[2023-05-25T06:58:49.930+0000] {task_command.py:410} INFO - Running <TaskInstance: dag_with_taskflow_api_v02.get_age scheduled__2022-10-21T00:00:00+00:00 [running]> on host 6bd07c7477d9
[2023-05-25T06:58:50.796+0000] {taskinstance.py:1547} INFO - Exporting env vars: AIRFLOW_CTX_DAG_OWNER='Sai' AIRFLOW_CTX_DAG_ID='dag_with_taskflow_api_v02' AIRFLOW_CTX_TASK_ID='get_age' AIRFLOW_CTX_EXECUTION_DATE='2022-10-21T00:00:00+00:00' AIRFLOW_CTX_TRY_NUMBER='1' AIRFLOW_CTX_DAG_RUN_ID='scheduled__2022-10-21T00:00:00+00:00'
[2023-05-25T06:58:50.798+0000] {python.py:183} INFO - Done. Returned value was: 19
[2023-05-25T06:58:50.945+0000] {taskinstance.py:1350} INFO - Marking task as SUCCESS. dag_id=dag_with_taskflow_api_v02, task_id=get_age, execution_date=20221021T000000, start_date=20230525T065848, end_date=20230525T065850
[2023-05-25T06:58:51.092+0000] {local_task_job_runner.py:225} INFO - Task exited with return code 0
[2023-05-25T06:58:51.359+0000] {taskinstance.py:2651} INFO - 0 downstream tasks scheduled from follow-on schedule check
[2023-05-25T10:32:26.543+0000] {taskinstance.py:1103} INFO - Dependencies all met for dep_context=non-requeueable deps ti=<TaskInstance: dag_with_taskflow_api_v02.get_age scheduled__2022-10-21T00:00:00+00:00 [queued]>
[2023-05-25T10:32:26.696+0000] {taskinstance.py:1103} INFO - Dependencies all met for dep_context=requeueable deps ti=<TaskInstance: dag_with_taskflow_api_v02.get_age scheduled__2022-10-21T00:00:00+00:00 [queued]>
[2023-05-25T10:32:26.696+0000] {taskinstance.py:1308} INFO - Starting attempt 1 of 6
[2023-05-25T10:32:27.324+0000] {taskinstance.py:1327} INFO - Executing <Task(_PythonDecoratedOperator): get_age> on 2022-10-21 00:00:00+00:00
[2023-05-25T10:32:27.375+0000] {standard_task_runner.py:57} INFO - Started process 3777 to run task
[2023-05-25T10:32:27.386+0000] {standard_task_runner.py:84} INFO - Running: ['***', 'tasks', 'run', 'dag_with_taskflow_api_v02', 'get_age', 'scheduled__2022-10-21T00:00:00+00:00', '--job-id', '1099', '--raw', '--subdir', 'DAGS_FOLDER/first_dag.py', '--cfg-path', '/tmp/tmpm2dwkawv']
[2023-05-25T10:32:27.407+0000] {standard_task_runner.py:85} INFO - Job 1099: Subtask get_age
[2023-05-25T10:32:27.936+0000] {task_command.py:410} INFO - Running <TaskInstance: dag_with_taskflow_api_v02.get_age scheduled__2022-10-21T00:00:00+00:00 [running]> on host b1ae37a9584e
[2023-05-25T10:32:28.918+0000] {taskinstance.py:1547} INFO - Exporting env vars: AIRFLOW_CTX_DAG_OWNER='Sai' AIRFLOW_CTX_DAG_ID='dag_with_taskflow_api_v02' AIRFLOW_CTX_TASK_ID='get_age' AIRFLOW_CTX_EXECUTION_DATE='2022-10-21T00:00:00+00:00' AIRFLOW_CTX_TRY_NUMBER='1' AIRFLOW_CTX_DAG_RUN_ID='scheduled__2022-10-21T00:00:00+00:00'
[2023-05-25T10:32:28.920+0000] {python.py:183} INFO - Done. Returned value was: 19
[2023-05-25T10:32:29.071+0000] {taskinstance.py:1350} INFO - Marking task as SUCCESS. dag_id=dag_with_taskflow_api_v02, task_id=get_age, execution_date=20221021T000000, start_date=20230525T103226, end_date=20230525T103229
[2023-05-25T10:32:29.277+0000] {local_task_job_runner.py:225} INFO - Task exited with return code 0
[2023-05-25T10:32:29.501+0000] {taskinstance.py:2651} INFO - 1 downstream tasks scheduled from follow-on schedule check
