[2023-05-24T15:27:38.359+0000] {taskinstance.py:1103} INFO - Dependencies all met for dep_context=non-requeueable deps ti=<TaskInstance: dag_with_taskflow_api_v02.get_name scheduled__2022-12-12T00:00:00+00:00 [queued]>
[2023-05-24T15:27:38.450+0000] {taskinstance.py:1103} INFO - Dependencies all met for dep_context=requeueable deps ti=<TaskInstance: dag_with_taskflow_api_v02.get_name scheduled__2022-12-12T00:00:00+00:00 [queued]>
[2023-05-24T15:27:38.458+0000] {taskinstance.py:1308} INFO - Starting attempt 1 of 6
[2023-05-24T15:27:38.697+0000] {taskinstance.py:1327} INFO - Executing <Task(_PythonDecoratedOperator): get_name> on 2022-12-12 00:00:00+00:00
[2023-05-24T15:27:38.716+0000] {standard_task_runner.py:57} INFO - Started process 2963 to run task
[2023-05-24T15:27:38.764+0000] {standard_task_runner.py:84} INFO - Running: ['***', 'tasks', 'run', 'dag_with_taskflow_api_v02', 'get_name', 'scheduled__2022-12-12T00:00:00+00:00', '--job-id', '1238', '--raw', '--subdir', 'DAGS_FOLDER/first_dag.py', '--cfg-path', '/tmp/tmp_uh33b78']
[2023-05-24T15:27:38.783+0000] {standard_task_runner.py:85} INFO - Job 1238: Subtask get_name
[2023-05-24T15:27:39.186+0000] {task_command.py:410} INFO - Running <TaskInstance: dag_with_taskflow_api_v02.get_name scheduled__2022-12-12T00:00:00+00:00 [running]> on host 942de29f183d
[2023-05-24T15:27:39.967+0000] {taskinstance.py:1547} INFO - Exporting env vars: AIRFLOW_CTX_DAG_OWNER='Sai' AIRFLOW_CTX_DAG_ID='dag_with_taskflow_api_v02' AIRFLOW_CTX_TASK_ID='get_name' AIRFLOW_CTX_EXECUTION_DATE='2022-12-12T00:00:00+00:00' AIRFLOW_CTX_TRY_NUMBER='1' AIRFLOW_CTX_DAG_RUN_ID='scheduled__2022-12-12T00:00:00+00:00'
[2023-05-24T15:27:39.968+0000] {python.py:183} INFO - Done. Returned value was: {'first_name': 'Sai', 'last_name': 'Tr'}
[2023-05-24T15:27:40.216+0000] {taskinstance.py:1350} INFO - Marking task as SUCCESS. dag_id=dag_with_taskflow_api_v02, task_id=get_name, execution_date=20221212T000000, start_date=20230524T152738, end_date=20230524T152740
[2023-05-24T15:27:40.353+0000] {local_task_job_runner.py:225} INFO - Task exited with return code 0
[2023-05-24T15:27:40.860+0000] {taskinstance.py:2651} INFO - 0 downstream tasks scheduled from follow-on schedule check
[2023-05-25T07:00:18.723+0000] {taskinstance.py:1103} INFO - Dependencies all met for dep_context=non-requeueable deps ti=<TaskInstance: dag_with_taskflow_api_v02.get_name scheduled__2022-12-12T00:00:00+00:00 [queued]>
[2023-05-25T07:00:18.805+0000] {taskinstance.py:1103} INFO - Dependencies all met for dep_context=requeueable deps ti=<TaskInstance: dag_with_taskflow_api_v02.get_name scheduled__2022-12-12T00:00:00+00:00 [queued]>
[2023-05-25T07:00:18.806+0000] {taskinstance.py:1308} INFO - Starting attempt 1 of 6
[2023-05-25T07:00:19.116+0000] {taskinstance.py:1327} INFO - Executing <Task(_PythonDecoratedOperator): get_name> on 2022-12-12 00:00:00+00:00
[2023-05-25T07:00:19.134+0000] {standard_task_runner.py:57} INFO - Started process 4490 to run task
[2023-05-25T07:00:19.172+0000] {standard_task_runner.py:84} INFO - Running: ['***', 'tasks', 'run', 'dag_with_taskflow_api_v02', 'get_name', 'scheduled__2022-12-12T00:00:00+00:00', '--job-id', '1243', '--raw', '--subdir', 'DAGS_FOLDER/first_dag.py', '--cfg-path', '/tmp/tmp71wimyc1']
[2023-05-25T07:00:19.188+0000] {standard_task_runner.py:85} INFO - Job 1243: Subtask get_name
[2023-05-25T07:00:19.451+0000] {task_command.py:410} INFO - Running <TaskInstance: dag_with_taskflow_api_v02.get_name scheduled__2022-12-12T00:00:00+00:00 [running]> on host 6bd07c7477d9
[2023-05-25T07:00:19.906+0000] {taskinstance.py:1547} INFO - Exporting env vars: AIRFLOW_CTX_DAG_OWNER='Sai' AIRFLOW_CTX_DAG_ID='dag_with_taskflow_api_v02' AIRFLOW_CTX_TASK_ID='get_name' AIRFLOW_CTX_EXECUTION_DATE='2022-12-12T00:00:00+00:00' AIRFLOW_CTX_TRY_NUMBER='1' AIRFLOW_CTX_DAG_RUN_ID='scheduled__2022-12-12T00:00:00+00:00'
[2023-05-25T07:00:19.910+0000] {python.py:183} INFO - Done. Returned value was: {'first_name': 'Sai', 'last_name': 'Tr'}
[2023-05-25T07:00:20.135+0000] {taskinstance.py:1350} INFO - Marking task as SUCCESS. dag_id=dag_with_taskflow_api_v02, task_id=get_name, execution_date=20221212T000000, start_date=20230525T070018, end_date=20230525T070020
[2023-05-25T07:00:20.444+0000] {local_task_job_runner.py:225} INFO - Task exited with return code 0
[2023-05-25T07:00:21.259+0000] {taskinstance.py:2651} INFO - 0 downstream tasks scheduled from follow-on schedule check
[2023-05-25T10:34:10.652+0000] {taskinstance.py:1103} INFO - Dependencies all met for dep_context=non-requeueable deps ti=<TaskInstance: dag_with_taskflow_api_v02.get_name scheduled__2022-12-12T00:00:00+00:00 [queued]>
[2023-05-25T10:34:10.773+0000] {taskinstance.py:1103} INFO - Dependencies all met for dep_context=requeueable deps ti=<TaskInstance: dag_with_taskflow_api_v02.get_name scheduled__2022-12-12T00:00:00+00:00 [queued]>
[2023-05-25T10:34:10.773+0000] {taskinstance.py:1308} INFO - Starting attempt 1 of 6
[2023-05-25T10:34:12.029+0000] {taskinstance.py:1327} INFO - Executing <Task(_PythonDecoratedOperator): get_name> on 2022-12-12 00:00:00+00:00
[2023-05-25T10:34:12.105+0000] {standard_task_runner.py:57} INFO - Started process 4117 to run task
[2023-05-25T10:34:12.137+0000] {standard_task_runner.py:84} INFO - Running: ['***', 'tasks', 'run', 'dag_with_taskflow_api_v02', 'get_name', 'scheduled__2022-12-12T00:00:00+00:00', '--job-id', '1247', '--raw', '--subdir', 'DAGS_FOLDER/first_dag.py', '--cfg-path', '/tmp/tmp12l2sekn']
[2023-05-25T10:34:12.189+0000] {standard_task_runner.py:85} INFO - Job 1247: Subtask get_name
[2023-05-25T10:34:12.828+0000] {task_command.py:410} INFO - Running <TaskInstance: dag_with_taskflow_api_v02.get_name scheduled__2022-12-12T00:00:00+00:00 [running]> on host b1ae37a9584e
[2023-05-25T10:34:14.682+0000] {taskinstance.py:1547} INFO - Exporting env vars: AIRFLOW_CTX_DAG_OWNER='Sai' AIRFLOW_CTX_DAG_ID='dag_with_taskflow_api_v02' AIRFLOW_CTX_TASK_ID='get_name' AIRFLOW_CTX_EXECUTION_DATE='2022-12-12T00:00:00+00:00' AIRFLOW_CTX_TRY_NUMBER='1' AIRFLOW_CTX_DAG_RUN_ID='scheduled__2022-12-12T00:00:00+00:00'
[2023-05-25T10:34:14.683+0000] {python.py:183} INFO - Done. Returned value was: {'first_name': 'Sai', 'last_name': 'Tr'}
[2023-05-25T10:34:15.011+0000] {taskinstance.py:1350} INFO - Marking task as SUCCESS. dag_id=dag_with_taskflow_api_v02, task_id=get_name, execution_date=20221212T000000, start_date=20230525T103410, end_date=20230525T103415
[2023-05-25T10:34:15.240+0000] {local_task_job_runner.py:225} INFO - Task exited with return code 0
[2023-05-25T10:34:15.676+0000] {taskinstance.py:2651} INFO - 1 downstream tasks scheduled from follow-on schedule check
