[2023-05-24T15:16:49.481+0000] {taskinstance.py:1103} INFO - Dependencies all met for dep_context=non-requeueable deps ti=<TaskInstance: dag_with_taskflow_api_v02.greet scheduled__2021-12-20T00:00:00+00:00 [queued]>
[2023-05-24T15:16:49.500+0000] {taskinstance.py:1103} INFO - Dependencies all met for dep_context=requeueable deps ti=<TaskInstance: dag_with_taskflow_api_v02.greet scheduled__2021-12-20T00:00:00+00:00 [queued]>
[2023-05-24T15:16:49.500+0000] {taskinstance.py:1308} INFO - Starting attempt 1 of 6
[2023-05-24T15:16:49.529+0000] {taskinstance.py:1327} INFO - Executing <Task(_PythonDecoratedOperator): greet> on 2021-12-20 00:00:00+00:00
[2023-05-24T15:16:49.536+0000] {standard_task_runner.py:57} INFO - Started process 567 to run task
[2023-05-24T15:16:49.543+0000] {standard_task_runner.py:84} INFO - Running: ['***', 'tasks', 'run', 'dag_with_taskflow_api_v02', 'greet', 'scheduled__2021-12-20T00:00:00+00:00', '--job-id', '174', '--raw', '--subdir', 'DAGS_FOLDER/first_dag.py', '--cfg-path', '/tmp/tmps80xvujv']
[2023-05-24T15:16:49.548+0000] {standard_task_runner.py:85} INFO - Job 174: Subtask greet
[2023-05-24T15:16:49.699+0000] {task_command.py:410} INFO - Running <TaskInstance: dag_with_taskflow_api_v02.greet scheduled__2021-12-20T00:00:00+00:00 [running]> on host 942de29f183d
[2023-05-24T15:16:50.145+0000] {taskinstance.py:1547} INFO - Exporting env vars: AIRFLOW_CTX_DAG_OWNER='Sai' AIRFLOW_CTX_DAG_ID='dag_with_taskflow_api_v02' AIRFLOW_CTX_TASK_ID='greet' AIRFLOW_CTX_EXECUTION_DATE='2021-12-20T00:00:00+00:00' AIRFLOW_CTX_TRY_NUMBER='1' AIRFLOW_CTX_DAG_RUN_ID='scheduled__2021-12-20T00:00:00+00:00'
[2023-05-24T15:16:50.146+0000] {logging_mixin.py:149} INFO - Hello World! My name is Sai Tr and I am 19 years old!
[2023-05-24T15:16:50.147+0000] {python.py:183} INFO - Done. Returned value was: None
[2023-05-24T15:16:50.195+0000] {taskinstance.py:1350} INFO - Marking task as SUCCESS. dag_id=dag_with_taskflow_api_v02, task_id=greet, execution_date=20211220T000000, start_date=20230524T151649, end_date=20230524T151650
[2023-05-24T15:16:50.283+0000] {local_task_job_runner.py:225} INFO - Task exited with return code 0
[2023-05-24T15:16:50.356+0000] {taskinstance.py:2651} INFO - 0 downstream tasks scheduled from follow-on schedule check
[2023-05-25T06:50:35.639+0000] {taskinstance.py:1103} INFO - Dependencies all met for dep_context=non-requeueable deps ti=<TaskInstance: dag_with_taskflow_api_v02.greet scheduled__2021-12-20T00:00:00+00:00 [queued]>
[2023-05-25T06:50:35.739+0000] {taskinstance.py:1103} INFO - Dependencies all met for dep_context=requeueable deps ti=<TaskInstance: dag_with_taskflow_api_v02.greet scheduled__2021-12-20T00:00:00+00:00 [queued]>
[2023-05-25T06:50:35.740+0000] {taskinstance.py:1308} INFO - Starting attempt 1 of 6
[2023-05-25T06:50:35.899+0000] {taskinstance.py:1327} INFO - Executing <Task(_PythonDecoratedOperator): greet> on 2021-12-20 00:00:00+00:00
[2023-05-25T06:50:35.917+0000] {standard_task_runner.py:57} INFO - Started process 2133 to run task
[2023-05-25T06:50:35.963+0000] {standard_task_runner.py:84} INFO - Running: ['***', 'tasks', 'run', 'dag_with_taskflow_api_v02', 'greet', 'scheduled__2021-12-20T00:00:00+00:00', '--job-id', '182', '--raw', '--subdir', 'DAGS_FOLDER/first_dag.py', '--cfg-path', '/tmp/tmpekwew42l']
[2023-05-25T06:50:35.973+0000] {standard_task_runner.py:85} INFO - Job 182: Subtask greet
[2023-05-25T06:50:36.143+0000] {task_command.py:410} INFO - Running <TaskInstance: dag_with_taskflow_api_v02.greet scheduled__2021-12-20T00:00:00+00:00 [running]> on host 6bd07c7477d9
[2023-05-25T06:50:36.975+0000] {taskinstance.py:1547} INFO - Exporting env vars: AIRFLOW_CTX_DAG_OWNER='Sai' AIRFLOW_CTX_DAG_ID='dag_with_taskflow_api_v02' AIRFLOW_CTX_TASK_ID='greet' AIRFLOW_CTX_EXECUTION_DATE='2021-12-20T00:00:00+00:00' AIRFLOW_CTX_TRY_NUMBER='1' AIRFLOW_CTX_DAG_RUN_ID='scheduled__2021-12-20T00:00:00+00:00'
[2023-05-25T06:50:36.976+0000] {logging_mixin.py:149} INFO - Hello World! My name is Sai Tr and I am 19 years old!
[2023-05-25T06:50:36.976+0000] {python.py:183} INFO - Done. Returned value was: None
[2023-05-25T06:50:37.020+0000] {taskinstance.py:1350} INFO - Marking task as SUCCESS. dag_id=dag_with_taskflow_api_v02, task_id=greet, execution_date=20211220T000000, start_date=20230525T065035, end_date=20230525T065037
[2023-05-25T06:50:37.120+0000] {local_task_job_runner.py:225} INFO - Task exited with return code 0
[2023-05-25T06:50:37.191+0000] {taskinstance.py:2651} INFO - 0 downstream tasks scheduled from follow-on schedule check
[2023-05-25T10:20:48.570+0000] {taskinstance.py:1103} INFO - Dependencies all met for dep_context=non-requeueable deps ti=<TaskInstance: dag_with_taskflow_api_v02.greet scheduled__2021-12-20T00:00:00+00:00 [queued]>
[2023-05-25T10:20:48.588+0000] {taskinstance.py:1103} INFO - Dependencies all met for dep_context=requeueable deps ti=<TaskInstance: dag_with_taskflow_api_v02.greet scheduled__2021-12-20T00:00:00+00:00 [queued]>
[2023-05-25T10:20:48.589+0000] {taskinstance.py:1308} INFO - Starting attempt 1 of 6
[2023-05-25T10:20:48.618+0000] {taskinstance.py:1327} INFO - Executing <Task(_PythonDecoratedOperator): greet> on 2021-12-20 00:00:00+00:00
[2023-05-25T10:20:48.632+0000] {standard_task_runner.py:57} INFO - Started process 1635 to run task
[2023-05-25T10:20:48.641+0000] {standard_task_runner.py:84} INFO - Running: ['***', 'tasks', 'run', 'dag_with_taskflow_api_v02', 'greet', 'scheduled__2021-12-20T00:00:00+00:00', '--job-id', '167', '--raw', '--subdir', 'DAGS_FOLDER/first_dag.py', '--cfg-path', '/tmp/tmptorc_6vi']
[2023-05-25T10:20:48.644+0000] {standard_task_runner.py:85} INFO - Job 167: Subtask greet
[2023-05-25T10:20:48.736+0000] {task_command.py:410} INFO - Running <TaskInstance: dag_with_taskflow_api_v02.greet scheduled__2021-12-20T00:00:00+00:00 [running]> on host b1ae37a9584e
[2023-05-25T10:20:48.927+0000] {taskinstance.py:1547} INFO - Exporting env vars: AIRFLOW_CTX_DAG_OWNER='Sai' AIRFLOW_CTX_DAG_ID='dag_with_taskflow_api_v02' AIRFLOW_CTX_TASK_ID='greet' AIRFLOW_CTX_EXECUTION_DATE='2021-12-20T00:00:00+00:00' AIRFLOW_CTX_TRY_NUMBER='1' AIRFLOW_CTX_DAG_RUN_ID='scheduled__2021-12-20T00:00:00+00:00'
[2023-05-25T10:20:48.929+0000] {logging_mixin.py:149} INFO - Hello World! My name is Sai Tr and I am 19 years old!
[2023-05-25T10:20:48.930+0000] {python.py:183} INFO - Done. Returned value was: None
[2023-05-25T10:20:48.944+0000] {taskinstance.py:1350} INFO - Marking task as SUCCESS. dag_id=dag_with_taskflow_api_v02, task_id=greet, execution_date=20211220T000000, start_date=20230525T102048, end_date=20230525T102048
[2023-05-25T10:20:49.010+0000] {local_task_job_runner.py:225} INFO - Task exited with return code 0
[2023-05-25T10:20:49.046+0000] {taskinstance.py:2651} INFO - 0 downstream tasks scheduled from follow-on schedule check
