[2023-05-24T15:30:21.928+0000] {taskinstance.py:1103} INFO - Dependencies all met for dep_context=non-requeueable deps ti=<TaskInstance: dag_with_taskflow_api_v02.get_age scheduled__2023-03-21T00:00:00+00:00 [queued]>
[2023-05-24T15:30:22.058+0000] {taskinstance.py:1103} INFO - Dependencies all met for dep_context=requeueable deps ti=<TaskInstance: dag_with_taskflow_api_v02.get_age scheduled__2023-03-21T00:00:00+00:00 [queued]>
[2023-05-24T15:30:22.066+0000] {taskinstance.py:1308} INFO - Starting attempt 1 of 6
[2023-05-24T15:30:23.075+0000] {taskinstance.py:1327} INFO - Executing <Task(_PythonDecoratedOperator): get_age> on 2023-03-21 00:00:00+00:00
[2023-05-24T15:30:23.090+0000] {standard_task_runner.py:57} INFO - Started process 3616 to run task
[2023-05-24T15:30:23.108+0000] {standard_task_runner.py:84} INFO - Running: ['***', 'tasks', 'run', 'dag_with_taskflow_api_v02', 'get_age', 'scheduled__2023-03-21T00:00:00+00:00', '--job-id', '1533', '--raw', '--subdir', 'DAGS_FOLDER/first_dag.py', '--cfg-path', '/tmp/tmpxp5d_vde']
[2023-05-24T15:30:23.130+0000] {standard_task_runner.py:85} INFO - Job 1533: Subtask get_age
[2023-05-24T15:30:23.454+0000] {task_command.py:410} INFO - Running <TaskInstance: dag_with_taskflow_api_v02.get_age scheduled__2023-03-21T00:00:00+00:00 [running]> on host 942de29f183d
[2023-05-24T15:30:24.308+0000] {taskinstance.py:1547} INFO - Exporting env vars: AIRFLOW_CTX_DAG_OWNER='Sai' AIRFLOW_CTX_DAG_ID='dag_with_taskflow_api_v02' AIRFLOW_CTX_TASK_ID='get_age' AIRFLOW_CTX_EXECUTION_DATE='2023-03-21T00:00:00+00:00' AIRFLOW_CTX_TRY_NUMBER='1' AIRFLOW_CTX_DAG_RUN_ID='scheduled__2023-03-21T00:00:00+00:00'
[2023-05-24T15:30:24.310+0000] {python.py:183} INFO - Done. Returned value was: 19
[2023-05-24T15:30:24.404+0000] {taskinstance.py:1350} INFO - Marking task as SUCCESS. dag_id=dag_with_taskflow_api_v02, task_id=get_age, execution_date=20230321T000000, start_date=20230524T153021, end_date=20230524T153024
[2023-05-24T15:30:24.547+0000] {local_task_job_runner.py:225} INFO - Task exited with return code 0
[2023-05-24T15:30:24.810+0000] {taskinstance.py:2651} INFO - 1 downstream tasks scheduled from follow-on schedule check
[2023-05-25T07:02:53.885+0000] {taskinstance.py:1103} INFO - Dependencies all met for dep_context=non-requeueable deps ti=<TaskInstance: dag_with_taskflow_api_v02.get_age scheduled__2023-03-21T00:00:00+00:00 [queued]>
[2023-05-25T07:02:54.020+0000] {taskinstance.py:1103} INFO - Dependencies all met for dep_context=requeueable deps ti=<TaskInstance: dag_with_taskflow_api_v02.get_age scheduled__2023-03-21T00:00:00+00:00 [queued]>
[2023-05-25T07:02:54.025+0000] {taskinstance.py:1308} INFO - Starting attempt 1 of 6
[2023-05-25T07:02:54.203+0000] {taskinstance.py:1327} INFO - Executing <Task(_PythonDecoratedOperator): get_age> on 2023-03-21 00:00:00+00:00
[2023-05-25T07:02:54.212+0000] {standard_task_runner.py:57} INFO - Started process 5130 to run task
[2023-05-25T07:02:54.279+0000] {standard_task_runner.py:84} INFO - Running: ['***', 'tasks', 'run', 'dag_with_taskflow_api_v02', 'get_age', 'scheduled__2023-03-21T00:00:00+00:00', '--job-id', '1532', '--raw', '--subdir', 'DAGS_FOLDER/first_dag.py', '--cfg-path', '/tmp/tmpzw7ykp2c']
[2023-05-25T07:02:54.304+0000] {standard_task_runner.py:85} INFO - Job 1532: Subtask get_age
[2023-05-25T07:02:54.781+0000] {task_command.py:410} INFO - Running <TaskInstance: dag_with_taskflow_api_v02.get_age scheduled__2023-03-21T00:00:00+00:00 [running]> on host 6bd07c7477d9
[2023-05-25T07:02:55.893+0000] {taskinstance.py:1547} INFO - Exporting env vars: AIRFLOW_CTX_DAG_OWNER='Sai' AIRFLOW_CTX_DAG_ID='dag_with_taskflow_api_v02' AIRFLOW_CTX_TASK_ID='get_age' AIRFLOW_CTX_EXECUTION_DATE='2023-03-21T00:00:00+00:00' AIRFLOW_CTX_TRY_NUMBER='1' AIRFLOW_CTX_DAG_RUN_ID='scheduled__2023-03-21T00:00:00+00:00'
[2023-05-25T07:02:55.895+0000] {python.py:183} INFO - Done. Returned value was: 19
[2023-05-25T07:02:56.004+0000] {taskinstance.py:1350} INFO - Marking task as SUCCESS. dag_id=dag_with_taskflow_api_v02, task_id=get_age, execution_date=20230321T000000, start_date=20230525T070253, end_date=20230525T070256
[2023-05-25T07:02:56.073+0000] {local_task_job_runner.py:225} INFO - Task exited with return code 0
[2023-05-25T07:02:56.313+0000] {taskinstance.py:2651} INFO - 1 downstream tasks scheduled from follow-on schedule check
[2023-05-25T10:37:29.447+0000] {taskinstance.py:1103} INFO - Dependencies all met for dep_context=non-requeueable deps ti=<TaskInstance: dag_with_taskflow_api_v02.get_age scheduled__2023-03-21T00:00:00+00:00 [queued]>
[2023-05-25T10:37:29.619+0000] {taskinstance.py:1103} INFO - Dependencies all met for dep_context=requeueable deps ti=<TaskInstance: dag_with_taskflow_api_v02.get_age scheduled__2023-03-21T00:00:00+00:00 [queued]>
[2023-05-25T10:37:29.619+0000] {taskinstance.py:1308} INFO - Starting attempt 1 of 6
[2023-05-25T10:37:29.914+0000] {taskinstance.py:1327} INFO - Executing <Task(_PythonDecoratedOperator): get_age> on 2023-03-21 00:00:00+00:00
[2023-05-25T10:37:29.933+0000] {standard_task_runner.py:57} INFO - Started process 4806 to run task
[2023-05-25T10:37:30.024+0000] {standard_task_runner.py:84} INFO - Running: ['***', 'tasks', 'run', 'dag_with_taskflow_api_v02', 'get_age', 'scheduled__2023-03-21T00:00:00+00:00', '--job-id', '1554', '--raw', '--subdir', 'DAGS_FOLDER/first_dag.py', '--cfg-path', '/tmp/tmpskxfkd92']
[2023-05-25T10:37:30.050+0000] {standard_task_runner.py:85} INFO - Job 1554: Subtask get_age
[2023-05-25T10:37:30.469+0000] {task_command.py:410} INFO - Running <TaskInstance: dag_with_taskflow_api_v02.get_age scheduled__2023-03-21T00:00:00+00:00 [running]> on host b1ae37a9584e
[2023-05-25T10:37:31.805+0000] {taskinstance.py:1547} INFO - Exporting env vars: AIRFLOW_CTX_DAG_OWNER='Sai' AIRFLOW_CTX_DAG_ID='dag_with_taskflow_api_v02' AIRFLOW_CTX_TASK_ID='get_age' AIRFLOW_CTX_EXECUTION_DATE='2023-03-21T00:00:00+00:00' AIRFLOW_CTX_TRY_NUMBER='1' AIRFLOW_CTX_DAG_RUN_ID='scheduled__2023-03-21T00:00:00+00:00'
[2023-05-25T10:37:31.806+0000] {python.py:183} INFO - Done. Returned value was: 19
[2023-05-25T10:37:31.967+0000] {taskinstance.py:1350} INFO - Marking task as SUCCESS. dag_id=dag_with_taskflow_api_v02, task_id=get_age, execution_date=20230321T000000, start_date=20230525T103729, end_date=20230525T103731
[2023-05-25T10:37:32.485+0000] {local_task_job_runner.py:225} INFO - Task exited with return code 0
[2023-05-25T10:37:32.813+0000] {taskinstance.py:2651} INFO - 1 downstream tasks scheduled from follow-on schedule check
