[2023-05-24T15:31:21.726+0000] {taskinstance.py:1103} INFO - Dependencies all met for dep_context=non-requeueable deps ti=<TaskInstance: dag_with_taskflow_api_v02.get_name scheduled__2023-04-27T00:00:00+00:00 [queued]>
[2023-05-24T15:31:21.818+0000] {taskinstance.py:1103} INFO - Dependencies all met for dep_context=requeueable deps ti=<TaskInstance: dag_with_taskflow_api_v02.get_name scheduled__2023-04-27T00:00:00+00:00 [queued]>
[2023-05-24T15:31:21.819+0000] {taskinstance.py:1308} INFO - Starting attempt 1 of 6
[2023-05-24T15:31:22.023+0000] {taskinstance.py:1327} INFO - Executing <Task(_PythonDecoratedOperator): get_name> on 2023-04-27 00:00:00+00:00
[2023-05-24T15:31:22.052+0000] {standard_task_runner.py:57} INFO - Started process 3860 to run task
[2023-05-24T15:31:22.098+0000] {standard_task_runner.py:84} INFO - Running: ['***', 'tasks', 'run', 'dag_with_taskflow_api_v02', 'get_name', 'scheduled__2023-04-27T00:00:00+00:00', '--job-id', '1644', '--raw', '--subdir', 'DAGS_FOLDER/first_dag.py', '--cfg-path', '/tmp/tmp311cbuld']
[2023-05-24T15:31:22.117+0000] {standard_task_runner.py:85} INFO - Job 1644: Subtask get_name
[2023-05-24T15:31:22.535+0000] {task_command.py:410} INFO - Running <TaskInstance: dag_with_taskflow_api_v02.get_name scheduled__2023-04-27T00:00:00+00:00 [running]> on host 942de29f183d
[2023-05-24T15:31:23.493+0000] {taskinstance.py:1547} INFO - Exporting env vars: AIRFLOW_CTX_DAG_OWNER='Sai' AIRFLOW_CTX_DAG_ID='dag_with_taskflow_api_v02' AIRFLOW_CTX_TASK_ID='get_name' AIRFLOW_CTX_EXECUTION_DATE='2023-04-27T00:00:00+00:00' AIRFLOW_CTX_TRY_NUMBER='1' AIRFLOW_CTX_DAG_RUN_ID='scheduled__2023-04-27T00:00:00+00:00'
[2023-05-24T15:31:23.495+0000] {python.py:183} INFO - Done. Returned value was: {'first_name': 'Sai', 'last_name': 'Tr'}
[2023-05-24T15:31:23.711+0000] {taskinstance.py:1350} INFO - Marking task as SUCCESS. dag_id=dag_with_taskflow_api_v02, task_id=get_name, execution_date=20230427T000000, start_date=20230524T153121, end_date=20230524T153123
[2023-05-24T15:31:23.879+0000] {local_task_job_runner.py:225} INFO - Task exited with return code 0
[2023-05-24T15:31:24.022+0000] {taskinstance.py:2651} INFO - 0 downstream tasks scheduled from follow-on schedule check
[2023-05-25T07:03:54.778+0000] {taskinstance.py:1103} INFO - Dependencies all met for dep_context=non-requeueable deps ti=<TaskInstance: dag_with_taskflow_api_v02.get_name scheduled__2023-04-27T00:00:00+00:00 [queued]>
[2023-05-25T07:03:54.878+0000] {taskinstance.py:1103} INFO - Dependencies all met for dep_context=requeueable deps ti=<TaskInstance: dag_with_taskflow_api_v02.get_name scheduled__2023-04-27T00:00:00+00:00 [queued]>
[2023-05-25T07:03:54.878+0000] {taskinstance.py:1308} INFO - Starting attempt 1 of 6
[2023-05-25T07:03:55.107+0000] {taskinstance.py:1327} INFO - Executing <Task(_PythonDecoratedOperator): get_name> on 2023-04-27 00:00:00+00:00
[2023-05-25T07:03:55.149+0000] {standard_task_runner.py:84} INFO - Running: ['***', 'tasks', 'run', 'dag_with_taskflow_api_v02', 'get_name', 'scheduled__2023-04-27T00:00:00+00:00', '--job-id', '1646', '--raw', '--subdir', 'DAGS_FOLDER/first_dag.py', '--cfg-path', '/tmp/tmp_inqjmef']
[2023-05-25T07:03:55.153+0000] {standard_task_runner.py:85} INFO - Job 1646: Subtask get_name
[2023-05-25T07:03:55.113+0000] {standard_task_runner.py:57} INFO - Started process 5381 to run task
[2023-05-25T07:03:55.507+0000] {task_command.py:410} INFO - Running <TaskInstance: dag_with_taskflow_api_v02.get_name scheduled__2023-04-27T00:00:00+00:00 [running]> on host 6bd07c7477d9
[2023-05-25T07:03:56.182+0000] {taskinstance.py:1547} INFO - Exporting env vars: AIRFLOW_CTX_DAG_OWNER='Sai' AIRFLOW_CTX_DAG_ID='dag_with_taskflow_api_v02' AIRFLOW_CTX_TASK_ID='get_name' AIRFLOW_CTX_EXECUTION_DATE='2023-04-27T00:00:00+00:00' AIRFLOW_CTX_TRY_NUMBER='1' AIRFLOW_CTX_DAG_RUN_ID='scheduled__2023-04-27T00:00:00+00:00'
[2023-05-25T07:03:56.183+0000] {python.py:183} INFO - Done. Returned value was: {'first_name': 'Sai', 'last_name': 'Tr'}
[2023-05-25T07:03:56.423+0000] {taskinstance.py:1350} INFO - Marking task as SUCCESS. dag_id=dag_with_taskflow_api_v02, task_id=get_name, execution_date=20230427T000000, start_date=20230525T070354, end_date=20230525T070356
[2023-05-25T07:03:56.573+0000] {local_task_job_runner.py:225} INFO - Task exited with return code 0
[2023-05-25T07:03:56.958+0000] {taskinstance.py:2651} INFO - 0 downstream tasks scheduled from follow-on schedule check
[2023-05-25T10:38:33.015+0000] {taskinstance.py:1103} INFO - Dependencies all met for dep_context=non-requeueable deps ti=<TaskInstance: dag_with_taskflow_api_v02.get_name scheduled__2023-04-27T00:00:00+00:00 [queued]>
[2023-05-25T10:38:33.100+0000] {taskinstance.py:1103} INFO - Dependencies all met for dep_context=requeueable deps ti=<TaskInstance: dag_with_taskflow_api_v02.get_name scheduled__2023-04-27T00:00:00+00:00 [queued]>
[2023-05-25T10:38:33.100+0000] {taskinstance.py:1308} INFO - Starting attempt 1 of 6
[2023-05-25T10:38:33.294+0000] {taskinstance.py:1327} INFO - Executing <Task(_PythonDecoratedOperator): get_name> on 2023-04-27 00:00:00+00:00
[2023-05-25T10:38:33.309+0000] {standard_task_runner.py:57} INFO - Started process 5032 to run task
[2023-05-25T10:38:33.347+0000] {standard_task_runner.py:84} INFO - Running: ['***', 'tasks', 'run', 'dag_with_taskflow_api_v02', 'get_name', 'scheduled__2023-04-27T00:00:00+00:00', '--job-id', '1657', '--raw', '--subdir', 'DAGS_FOLDER/first_dag.py', '--cfg-path', '/tmp/tmpa4dnshch']
[2023-05-25T10:38:33.354+0000] {standard_task_runner.py:85} INFO - Job 1657: Subtask get_name
[2023-05-25T10:38:33.804+0000] {task_command.py:410} INFO - Running <TaskInstance: dag_with_taskflow_api_v02.get_name scheduled__2023-04-27T00:00:00+00:00 [running]> on host b1ae37a9584e
[2023-05-25T10:38:34.403+0000] {taskinstance.py:1547} INFO - Exporting env vars: AIRFLOW_CTX_DAG_OWNER='Sai' AIRFLOW_CTX_DAG_ID='dag_with_taskflow_api_v02' AIRFLOW_CTX_TASK_ID='get_name' AIRFLOW_CTX_EXECUTION_DATE='2023-04-27T00:00:00+00:00' AIRFLOW_CTX_TRY_NUMBER='1' AIRFLOW_CTX_DAG_RUN_ID='scheduled__2023-04-27T00:00:00+00:00'
[2023-05-25T10:38:34.405+0000] {python.py:183} INFO - Done. Returned value was: {'first_name': 'Sai', 'last_name': 'Tr'}
[2023-05-25T10:38:34.664+0000] {taskinstance.py:1350} INFO - Marking task as SUCCESS. dag_id=dag_with_taskflow_api_v02, task_id=get_name, execution_date=20230427T000000, start_date=20230525T103833, end_date=20230525T103834
[2023-05-25T10:38:34.750+0000] {local_task_job_runner.py:225} INFO - Task exited with return code 0
[2023-05-25T10:38:35.602+0000] {taskinstance.py:2651} INFO - 0 downstream tasks scheduled from follow-on schedule check
