[2023-05-24T15:30:59.842+0000] {taskinstance.py:1103} INFO - Dependencies all met for dep_context=non-requeueable deps ti=<TaskInstance: dag_with_taskflow_api_v02.greet scheduled__2023-04-10T00:00:00+00:00 [queued]>
[2023-05-24T15:30:59.866+0000] {taskinstance.py:1103} INFO - Dependencies all met for dep_context=requeueable deps ti=<TaskInstance: dag_with_taskflow_api_v02.greet scheduled__2023-04-10T00:00:00+00:00 [queued]>
[2023-05-24T15:30:59.866+0000] {taskinstance.py:1308} INFO - Starting attempt 1 of 6
[2023-05-24T15:30:59.905+0000] {taskinstance.py:1327} INFO - Executing <Task(_PythonDecoratedOperator): greet> on 2023-04-10 00:00:00+00:00
[2023-05-24T15:30:59.912+0000] {standard_task_runner.py:57} INFO - Started process 3764 to run task
[2023-05-24T15:30:59.928+0000] {standard_task_runner.py:84} INFO - Running: ['***', 'tasks', 'run', 'dag_with_taskflow_api_v02', 'greet', 'scheduled__2023-04-10T00:00:00+00:00', '--job-id', '1606', '--raw', '--subdir', 'DAGS_FOLDER/first_dag.py', '--cfg-path', '/tmp/tmpix8k9ac2']
[2023-05-24T15:30:59.931+0000] {standard_task_runner.py:85} INFO - Job 1606: Subtask greet
[2023-05-24T15:31:00.089+0000] {task_command.py:410} INFO - Running <TaskInstance: dag_with_taskflow_api_v02.greet scheduled__2023-04-10T00:00:00+00:00 [running]> on host 942de29f183d
[2023-05-24T15:31:00.400+0000] {taskinstance.py:1547} INFO - Exporting env vars: AIRFLOW_CTX_DAG_OWNER='Sai' AIRFLOW_CTX_DAG_ID='dag_with_taskflow_api_v02' AIRFLOW_CTX_TASK_ID='greet' AIRFLOW_CTX_EXECUTION_DATE='2023-04-10T00:00:00+00:00' AIRFLOW_CTX_TRY_NUMBER='1' AIRFLOW_CTX_DAG_RUN_ID='scheduled__2023-04-10T00:00:00+00:00'
[2023-05-24T15:31:00.401+0000] {logging_mixin.py:149} INFO - Hello World! My name is Sai Tr and I am 19 years old!
[2023-05-24T15:31:00.401+0000] {python.py:183} INFO - Done. Returned value was: None
[2023-05-24T15:31:00.432+0000] {taskinstance.py:1350} INFO - Marking task as SUCCESS. dag_id=dag_with_taskflow_api_v02, task_id=greet, execution_date=20230410T000000, start_date=20230524T153059, end_date=20230524T153100
[2023-05-24T15:31:00.465+0000] {local_task_job_runner.py:225} INFO - Task exited with return code 0
[2023-05-24T15:31:00.538+0000] {taskinstance.py:2651} INFO - 0 downstream tasks scheduled from follow-on schedule check
[2023-05-25T07:03:30.720+0000] {taskinstance.py:1103} INFO - Dependencies all met for dep_context=non-requeueable deps ti=<TaskInstance: dag_with_taskflow_api_v02.greet scheduled__2023-04-10T00:00:00+00:00 [queued]>
[2023-05-25T07:03:30.742+0000] {taskinstance.py:1103} INFO - Dependencies all met for dep_context=requeueable deps ti=<TaskInstance: dag_with_taskflow_api_v02.greet scheduled__2023-04-10T00:00:00+00:00 [queued]>
[2023-05-25T07:03:30.743+0000] {taskinstance.py:1308} INFO - Starting attempt 1 of 6
[2023-05-25T07:03:30.776+0000] {taskinstance.py:1327} INFO - Executing <Task(_PythonDecoratedOperator): greet> on 2023-04-10 00:00:00+00:00
[2023-05-25T07:03:30.783+0000] {standard_task_runner.py:57} INFO - Started process 5280 to run task
[2023-05-25T07:03:30.793+0000] {standard_task_runner.py:84} INFO - Running: ['***', 'tasks', 'run', 'dag_with_taskflow_api_v02', 'greet', 'scheduled__2023-04-10T00:00:00+00:00', '--job-id', '1605', '--raw', '--subdir', 'DAGS_FOLDER/first_dag.py', '--cfg-path', '/tmp/tmpfvvju_fx']
[2023-05-25T07:03:30.796+0000] {standard_task_runner.py:85} INFO - Job 1605: Subtask greet
[2023-05-25T07:03:30.906+0000] {task_command.py:410} INFO - Running <TaskInstance: dag_with_taskflow_api_v02.greet scheduled__2023-04-10T00:00:00+00:00 [running]> on host 6bd07c7477d9
[2023-05-25T07:03:31.224+0000] {taskinstance.py:1547} INFO - Exporting env vars: AIRFLOW_CTX_DAG_OWNER='Sai' AIRFLOW_CTX_DAG_ID='dag_with_taskflow_api_v02' AIRFLOW_CTX_TASK_ID='greet' AIRFLOW_CTX_EXECUTION_DATE='2023-04-10T00:00:00+00:00' AIRFLOW_CTX_TRY_NUMBER='1' AIRFLOW_CTX_DAG_RUN_ID='scheduled__2023-04-10T00:00:00+00:00'
[2023-05-25T07:03:31.226+0000] {logging_mixin.py:149} INFO - Hello World! My name is Sai Tr and I am 19 years old!
[2023-05-25T07:03:31.226+0000] {python.py:183} INFO - Done. Returned value was: None
[2023-05-25T07:03:31.245+0000] {taskinstance.py:1350} INFO - Marking task as SUCCESS. dag_id=dag_with_taskflow_api_v02, task_id=greet, execution_date=20230410T000000, start_date=20230525T070330, end_date=20230525T070331
[2023-05-25T07:03:31.324+0000] {local_task_job_runner.py:225} INFO - Task exited with return code 0
[2023-05-25T07:03:31.380+0000] {taskinstance.py:2651} INFO - 0 downstream tasks scheduled from follow-on schedule check
[2023-05-25T10:38:08.405+0000] {taskinstance.py:1103} INFO - Dependencies all met for dep_context=non-requeueable deps ti=<TaskInstance: dag_with_taskflow_api_v02.greet scheduled__2023-04-10T00:00:00+00:00 [queued]>
[2023-05-25T10:38:08.483+0000] {taskinstance.py:1103} INFO - Dependencies all met for dep_context=requeueable deps ti=<TaskInstance: dag_with_taskflow_api_v02.greet scheduled__2023-04-10T00:00:00+00:00 [queued]>
[2023-05-25T10:38:08.487+0000] {taskinstance.py:1308} INFO - Starting attempt 1 of 6
[2023-05-25T10:38:08.607+0000] {taskinstance.py:1327} INFO - Executing <Task(_PythonDecoratedOperator): greet> on 2023-04-10 00:00:00+00:00
[2023-05-25T10:38:08.625+0000] {standard_task_runner.py:57} INFO - Started process 4943 to run task
[2023-05-25T10:38:08.641+0000] {standard_task_runner.py:84} INFO - Running: ['***', 'tasks', 'run', 'dag_with_taskflow_api_v02', 'greet', 'scheduled__2023-04-10T00:00:00+00:00', '--job-id', '1621', '--raw', '--subdir', 'DAGS_FOLDER/first_dag.py', '--cfg-path', '/tmp/tmp3331bvn8']
[2023-05-25T10:38:08.644+0000] {standard_task_runner.py:85} INFO - Job 1621: Subtask greet
[2023-05-25T10:38:08.888+0000] {task_command.py:410} INFO - Running <TaskInstance: dag_with_taskflow_api_v02.greet scheduled__2023-04-10T00:00:00+00:00 [running]> on host b1ae37a9584e
[2023-05-25T10:38:09.533+0000] {taskinstance.py:1547} INFO - Exporting env vars: AIRFLOW_CTX_DAG_OWNER='Sai' AIRFLOW_CTX_DAG_ID='dag_with_taskflow_api_v02' AIRFLOW_CTX_TASK_ID='greet' AIRFLOW_CTX_EXECUTION_DATE='2023-04-10T00:00:00+00:00' AIRFLOW_CTX_TRY_NUMBER='1' AIRFLOW_CTX_DAG_RUN_ID='scheduled__2023-04-10T00:00:00+00:00'
[2023-05-25T10:38:09.535+0000] {logging_mixin.py:149} INFO - Hello World! My name is Sai Tr and I am 19 years old!
[2023-05-25T10:38:09.536+0000] {python.py:183} INFO - Done. Returned value was: None
[2023-05-25T10:38:09.564+0000] {taskinstance.py:1350} INFO - Marking task as SUCCESS. dag_id=dag_with_taskflow_api_v02, task_id=greet, execution_date=20230410T000000, start_date=20230525T103808, end_date=20230525T103809
[2023-05-25T10:38:09.656+0000] {local_task_job_runner.py:225} INFO - Task exited with return code 0
[2023-05-25T10:38:09.774+0000] {taskinstance.py:2651} INFO - 0 downstream tasks scheduled from follow-on schedule check
