[2023-05-24T15:23:40.416+0000] {taskinstance.py:1103} INFO - Dependencies all met for dep_context=non-requeueable deps ti=<TaskInstance: dag_with_taskflow_api_v02.greet scheduled__2022-07-15T00:00:00+00:00 [queued]>
[2023-05-24T15:23:40.602+0000] {taskinstance.py:1103} INFO - Dependencies all met for dep_context=requeueable deps ti=<TaskInstance: dag_with_taskflow_api_v02.greet scheduled__2022-07-15T00:00:00+00:00 [queued]>
[2023-05-24T15:23:40.619+0000] {taskinstance.py:1308} INFO - Starting attempt 1 of 6
[2023-05-24T15:23:40.839+0000] {taskinstance.py:1327} INFO - Executing <Task(_PythonDecoratedOperator): greet> on 2022-07-15 00:00:00+00:00
[2023-05-24T15:23:40.848+0000] {standard_task_runner.py:57} INFO - Started process 2011 to run task
[2023-05-24T15:23:40.885+0000] {standard_task_runner.py:84} INFO - Running: ['***', 'tasks', 'run', 'dag_with_taskflow_api_v02', 'greet', 'scheduled__2022-07-15T00:00:00+00:00', '--job-id', '808', '--raw', '--subdir', 'DAGS_FOLDER/first_dag.py', '--cfg-path', '/tmp/tmpcfe2ustp']
[2023-05-24T15:23:40.903+0000] {standard_task_runner.py:85} INFO - Job 808: Subtask greet
[2023-05-24T15:23:41.208+0000] {task_command.py:410} INFO - Running <TaskInstance: dag_with_taskflow_api_v02.greet scheduled__2022-07-15T00:00:00+00:00 [running]> on host 942de29f183d
[2023-05-24T15:23:42.012+0000] {taskinstance.py:1547} INFO - Exporting env vars: AIRFLOW_CTX_DAG_OWNER='Sai' AIRFLOW_CTX_DAG_ID='dag_with_taskflow_api_v02' AIRFLOW_CTX_TASK_ID='greet' AIRFLOW_CTX_EXECUTION_DATE='2022-07-15T00:00:00+00:00' AIRFLOW_CTX_TRY_NUMBER='1' AIRFLOW_CTX_DAG_RUN_ID='scheduled__2022-07-15T00:00:00+00:00'
[2023-05-24T15:23:42.013+0000] {logging_mixin.py:149} INFO - Hello World! My name is Sai Tr and I am 19 years old!
[2023-05-24T15:23:42.013+0000] {python.py:183} INFO - Done. Returned value was: None
[2023-05-24T15:23:42.198+0000] {taskinstance.py:1350} INFO - Marking task as SUCCESS. dag_id=dag_with_taskflow_api_v02, task_id=greet, execution_date=20220715T000000, start_date=20230524T152340, end_date=20230524T152342
[2023-05-24T15:23:42.373+0000] {local_task_job_runner.py:225} INFO - Task exited with return code 0
[2023-05-24T15:23:42.939+0000] {taskinstance.py:2651} INFO - 0 downstream tasks scheduled from follow-on schedule check
[2023-05-25T06:56:08.693+0000] {taskinstance.py:1103} INFO - Dependencies all met for dep_context=non-requeueable deps ti=<TaskInstance: dag_with_taskflow_api_v02.greet scheduled__2022-07-15T00:00:00+00:00 [queued]>
[2023-05-25T06:56:08.732+0000] {taskinstance.py:1103} INFO - Dependencies all met for dep_context=requeueable deps ti=<TaskInstance: dag_with_taskflow_api_v02.greet scheduled__2022-07-15T00:00:00+00:00 [queued]>
[2023-05-25T06:56:08.732+0000] {taskinstance.py:1308} INFO - Starting attempt 1 of 6
[2023-05-25T06:56:08.971+0000] {taskinstance.py:1327} INFO - Executing <Task(_PythonDecoratedOperator): greet> on 2022-07-15 00:00:00+00:00
[2023-05-25T06:56:08.994+0000] {standard_task_runner.py:57} INFO - Started process 3491 to run task
[2023-05-25T06:56:09.012+0000] {standard_task_runner.py:84} INFO - Running: ['***', 'tasks', 'run', 'dag_with_taskflow_api_v02', 'greet', 'scheduled__2022-07-15T00:00:00+00:00', '--job-id', '798', '--raw', '--subdir', 'DAGS_FOLDER/first_dag.py', '--cfg-path', '/tmp/tmpyt41d0po']
[2023-05-25T06:56:09.016+0000] {standard_task_runner.py:85} INFO - Job 798: Subtask greet
[2023-05-25T06:56:09.192+0000] {task_command.py:410} INFO - Running <TaskInstance: dag_with_taskflow_api_v02.greet scheduled__2022-07-15T00:00:00+00:00 [running]> on host 6bd07c7477d9
[2023-05-25T06:56:09.694+0000] {taskinstance.py:1547} INFO - Exporting env vars: AIRFLOW_CTX_DAG_OWNER='Sai' AIRFLOW_CTX_DAG_ID='dag_with_taskflow_api_v02' AIRFLOW_CTX_TASK_ID='greet' AIRFLOW_CTX_EXECUTION_DATE='2022-07-15T00:00:00+00:00' AIRFLOW_CTX_TRY_NUMBER='1' AIRFLOW_CTX_DAG_RUN_ID='scheduled__2022-07-15T00:00:00+00:00'
[2023-05-25T06:56:09.695+0000] {logging_mixin.py:149} INFO - Hello World! My name is Sai Tr and I am 19 years old!
[2023-05-25T06:56:09.696+0000] {python.py:183} INFO - Done. Returned value was: None
[2023-05-25T06:56:09.716+0000] {taskinstance.py:1350} INFO - Marking task as SUCCESS. dag_id=dag_with_taskflow_api_v02, task_id=greet, execution_date=20220715T000000, start_date=20230525T065608, end_date=20230525T065609
[2023-05-25T06:56:09.841+0000] {local_task_job_runner.py:225} INFO - Task exited with return code 0
[2023-05-25T06:56:09.990+0000] {taskinstance.py:2651} INFO - 0 downstream tasks scheduled from follow-on schedule check
[2023-05-25T10:27:55.743+0000] {taskinstance.py:1103} INFO - Dependencies all met for dep_context=non-requeueable deps ti=<TaskInstance: dag_with_taskflow_api_v02.greet scheduled__2022-07-15T00:00:00+00:00 [queued]>
[2023-05-25T10:27:55.755+0000] {taskinstance.py:1103} INFO - Dependencies all met for dep_context=requeueable deps ti=<TaskInstance: dag_with_taskflow_api_v02.greet scheduled__2022-07-15T00:00:00+00:00 [queued]>
[2023-05-25T10:27:55.755+0000] {taskinstance.py:1308} INFO - Starting attempt 1 of 6
[2023-05-25T10:27:55.776+0000] {taskinstance.py:1327} INFO - Executing <Task(_PythonDecoratedOperator): greet> on 2022-07-15 00:00:00+00:00
[2023-05-25T10:27:55.783+0000] {standard_task_runner.py:57} INFO - Started process 3087 to run task
[2023-05-25T10:27:55.789+0000] {standard_task_runner.py:84} INFO - Running: ['***', 'tasks', 'run', 'dag_with_taskflow_api_v02', 'greet', 'scheduled__2022-07-15T00:00:00+00:00', '--job-id', '809', '--raw', '--subdir', 'DAGS_FOLDER/first_dag.py', '--cfg-path', '/tmp/tmpy58mvps0']
[2023-05-25T10:27:55.791+0000] {standard_task_runner.py:85} INFO - Job 809: Subtask greet
[2023-05-25T10:27:55.915+0000] {task_command.py:410} INFO - Running <TaskInstance: dag_with_taskflow_api_v02.greet scheduled__2022-07-15T00:00:00+00:00 [running]> on host b1ae37a9584e
[2023-05-25T10:27:56.148+0000] {taskinstance.py:1547} INFO - Exporting env vars: AIRFLOW_CTX_DAG_OWNER='Sai' AIRFLOW_CTX_DAG_ID='dag_with_taskflow_api_v02' AIRFLOW_CTX_TASK_ID='greet' AIRFLOW_CTX_EXECUTION_DATE='2022-07-15T00:00:00+00:00' AIRFLOW_CTX_TRY_NUMBER='1' AIRFLOW_CTX_DAG_RUN_ID='scheduled__2022-07-15T00:00:00+00:00'
[2023-05-25T10:27:56.150+0000] {logging_mixin.py:149} INFO - Hello World! My name is Sai Tr and I am 19 years old!
[2023-05-25T10:27:56.151+0000] {python.py:183} INFO - Done. Returned value was: None
[2023-05-25T10:27:56.164+0000] {taskinstance.py:1350} INFO - Marking task as SUCCESS. dag_id=dag_with_taskflow_api_v02, task_id=greet, execution_date=20220715T000000, start_date=20230525T102755, end_date=20230525T102756
[2023-05-25T10:27:56.204+0000] {local_task_job_runner.py:225} INFO - Task exited with return code 0
[2023-05-25T10:27:56.237+0000] {taskinstance.py:2651} INFO - 0 downstream tasks scheduled from follow-on schedule check
