[2023-05-24T15:31:49.393+0000] {taskinstance.py:1103} INFO - Dependencies all met for dep_context=non-requeueable deps ti=<TaskInstance: dag_with_taskflow_api_v02.greet scheduled__2023-05-07T00:00:00+00:00 [queued]>
[2023-05-24T15:31:49.439+0000] {taskinstance.py:1103} INFO - Dependencies all met for dep_context=requeueable deps ti=<TaskInstance: dag_with_taskflow_api_v02.greet scheduled__2023-05-07T00:00:00+00:00 [queued]>
[2023-05-24T15:31:49.439+0000] {taskinstance.py:1308} INFO - Starting attempt 1 of 6
[2023-05-24T15:31:49.505+0000] {taskinstance.py:1327} INFO - Executing <Task(_PythonDecoratedOperator): greet> on 2023-05-07 00:00:00+00:00
[2023-05-24T15:31:49.512+0000] {standard_task_runner.py:57} INFO - Started process 3970 to run task
[2023-05-24T15:31:49.527+0000] {standard_task_runner.py:84} INFO - Running: ['***', 'tasks', 'run', 'dag_with_taskflow_api_v02', 'greet', 'scheduled__2023-05-07T00:00:00+00:00', '--job-id', '1696', '--raw', '--subdir', 'DAGS_FOLDER/first_dag.py', '--cfg-path', '/tmp/tmpm42b13wb']
[2023-05-24T15:31:49.534+0000] {standard_task_runner.py:85} INFO - Job 1696: Subtask greet
[2023-05-24T15:31:49.813+0000] {task_command.py:410} INFO - Running <TaskInstance: dag_with_taskflow_api_v02.greet scheduled__2023-05-07T00:00:00+00:00 [running]> on host 942de29f183d
[2023-05-24T15:31:50.600+0000] {taskinstance.py:1547} INFO - Exporting env vars: AIRFLOW_CTX_DAG_OWNER='Sai' AIRFLOW_CTX_DAG_ID='dag_with_taskflow_api_v02' AIRFLOW_CTX_TASK_ID='greet' AIRFLOW_CTX_EXECUTION_DATE='2023-05-07T00:00:00+00:00' AIRFLOW_CTX_TRY_NUMBER='1' AIRFLOW_CTX_DAG_RUN_ID='scheduled__2023-05-07T00:00:00+00:00'
[2023-05-24T15:31:50.602+0000] {logging_mixin.py:149} INFO - Hello World! My name is Sai Tr and I am 19 years old!
[2023-05-24T15:31:50.602+0000] {python.py:183} INFO - Done. Returned value was: None
[2023-05-24T15:31:50.657+0000] {taskinstance.py:1350} INFO - Marking task as SUCCESS. dag_id=dag_with_taskflow_api_v02, task_id=greet, execution_date=20230507T000000, start_date=20230524T153149, end_date=20230524T153150
[2023-05-24T15:31:50.799+0000] {local_task_job_runner.py:225} INFO - Task exited with return code 0
[2023-05-24T15:31:50.941+0000] {taskinstance.py:2651} INFO - 0 downstream tasks scheduled from follow-on schedule check
[2023-05-25T07:04:11.434+0000] {taskinstance.py:1103} INFO - Dependencies all met for dep_context=non-requeueable deps ti=<TaskInstance: dag_with_taskflow_api_v02.greet scheduled__2023-05-07T00:00:00+00:00 [queued]>
[2023-05-25T07:04:11.455+0000] {taskinstance.py:1103} INFO - Dependencies all met for dep_context=requeueable deps ti=<TaskInstance: dag_with_taskflow_api_v02.greet scheduled__2023-05-07T00:00:00+00:00 [queued]>
[2023-05-25T07:04:11.455+0000] {taskinstance.py:1308} INFO - Starting attempt 1 of 6
[2023-05-25T07:04:11.483+0000] {taskinstance.py:1327} INFO - Executing <Task(_PythonDecoratedOperator): greet> on 2023-05-07 00:00:00+00:00
[2023-05-25T07:04:11.491+0000] {standard_task_runner.py:57} INFO - Started process 5448 to run task
[2023-05-25T07:04:11.498+0000] {standard_task_runner.py:84} INFO - Running: ['***', 'tasks', 'run', 'dag_with_taskflow_api_v02', 'greet', 'scheduled__2023-05-07T00:00:00+00:00', '--job-id', '1682', '--raw', '--subdir', 'DAGS_FOLDER/first_dag.py', '--cfg-path', '/tmp/tmpq81sb0p4']
[2023-05-25T07:04:11.501+0000] {standard_task_runner.py:85} INFO - Job 1682: Subtask greet
[2023-05-25T07:04:11.578+0000] {task_command.py:410} INFO - Running <TaskInstance: dag_with_taskflow_api_v02.greet scheduled__2023-05-07T00:00:00+00:00 [running]> on host 6bd07c7477d9
[2023-05-25T07:04:11.768+0000] {taskinstance.py:1547} INFO - Exporting env vars: AIRFLOW_CTX_DAG_OWNER='Sai' AIRFLOW_CTX_DAG_ID='dag_with_taskflow_api_v02' AIRFLOW_CTX_TASK_ID='greet' AIRFLOW_CTX_EXECUTION_DATE='2023-05-07T00:00:00+00:00' AIRFLOW_CTX_TRY_NUMBER='1' AIRFLOW_CTX_DAG_RUN_ID='scheduled__2023-05-07T00:00:00+00:00'
[2023-05-25T07:04:11.771+0000] {logging_mixin.py:149} INFO - Hello World! My name is Sai Tr and I am 19 years old!
[2023-05-25T07:04:11.771+0000] {python.py:183} INFO - Done. Returned value was: None
[2023-05-25T07:04:11.799+0000] {taskinstance.py:1350} INFO - Marking task as SUCCESS. dag_id=dag_with_taskflow_api_v02, task_id=greet, execution_date=20230507T000000, start_date=20230525T070411, end_date=20230525T070411
[2023-05-25T07:04:11.830+0000] {local_task_job_runner.py:225} INFO - Task exited with return code 0
[2023-05-25T07:04:11.856+0000] {taskinstance.py:2651} INFO - 0 downstream tasks scheduled from follow-on schedule check
[2023-05-25T10:39:03.789+0000] {taskinstance.py:1103} INFO - Dependencies all met for dep_context=non-requeueable deps ti=<TaskInstance: dag_with_taskflow_api_v02.greet scheduled__2023-05-07T00:00:00+00:00 [queued]>
[2023-05-25T10:39:03.889+0000] {taskinstance.py:1103} INFO - Dependencies all met for dep_context=requeueable deps ti=<TaskInstance: dag_with_taskflow_api_v02.greet scheduled__2023-05-07T00:00:00+00:00 [queued]>
[2023-05-25T10:39:03.889+0000] {taskinstance.py:1308} INFO - Starting attempt 1 of 6
[2023-05-25T10:39:03.973+0000] {taskinstance.py:1327} INFO - Executing <Task(_PythonDecoratedOperator): greet> on 2023-05-07 00:00:00+00:00
[2023-05-25T10:39:03.981+0000] {standard_task_runner.py:57} INFO - Started process 5140 to run task
[2023-05-25T10:39:04.008+0000] {standard_task_runner.py:84} INFO - Running: ['***', 'tasks', 'run', 'dag_with_taskflow_api_v02', 'greet', 'scheduled__2023-05-07T00:00:00+00:00', '--job-id', '1704', '--raw', '--subdir', 'DAGS_FOLDER/first_dag.py', '--cfg-path', '/tmp/tmpgo7o151e']
[2023-05-25T10:39:04.013+0000] {standard_task_runner.py:85} INFO - Job 1704: Subtask greet
[2023-05-25T10:39:04.231+0000] {task_command.py:410} INFO - Running <TaskInstance: dag_with_taskflow_api_v02.greet scheduled__2023-05-07T00:00:00+00:00 [running]> on host b1ae37a9584e
[2023-05-25T10:39:05.431+0000] {taskinstance.py:1547} INFO - Exporting env vars: AIRFLOW_CTX_DAG_OWNER='Sai' AIRFLOW_CTX_DAG_ID='dag_with_taskflow_api_v02' AIRFLOW_CTX_TASK_ID='greet' AIRFLOW_CTX_EXECUTION_DATE='2023-05-07T00:00:00+00:00' AIRFLOW_CTX_TRY_NUMBER='1' AIRFLOW_CTX_DAG_RUN_ID='scheduled__2023-05-07T00:00:00+00:00'
[2023-05-25T10:39:05.433+0000] {logging_mixin.py:149} INFO - Hello World! My name is Sai Tr and I am 19 years old!
[2023-05-25T10:39:05.433+0000] {python.py:183} INFO - Done. Returned value was: None
[2023-05-25T10:39:05.540+0000] {taskinstance.py:1350} INFO - Marking task as SUCCESS. dag_id=dag_with_taskflow_api_v02, task_id=greet, execution_date=20230507T000000, start_date=20230525T103903, end_date=20230525T103905
[2023-05-25T10:39:05.728+0000] {local_task_job_runner.py:225} INFO - Task exited with return code 0
[2023-05-25T10:39:05.847+0000] {taskinstance.py:2651} INFO - 0 downstream tasks scheduled from follow-on schedule check
