[2023-05-24T15:28:23.554+0000] {taskinstance.py:1103} INFO - Dependencies all met for dep_context=non-requeueable deps ti=<TaskInstance: dag_with_taskflow_api_v02.get_age scheduled__2023-01-07T00:00:00+00:00 [queued]>
[2023-05-24T15:28:23.610+0000] {taskinstance.py:1103} INFO - Dependencies all met for dep_context=requeueable deps ti=<TaskInstance: dag_with_taskflow_api_v02.get_age scheduled__2023-01-07T00:00:00+00:00 [queued]>
[2023-05-24T15:28:23.612+0000] {taskinstance.py:1308} INFO - Starting attempt 1 of 6
[2023-05-24T15:28:23.727+0000] {taskinstance.py:1327} INFO - Executing <Task(_PythonDecoratedOperator): get_age> on 2023-01-07 00:00:00+00:00
[2023-05-24T15:28:23.759+0000] {standard_task_runner.py:57} INFO - Started process 3127 to run task
[2023-05-24T15:28:23.786+0000] {standard_task_runner.py:84} INFO - Running: ['***', 'tasks', 'run', 'dag_with_taskflow_api_v02', 'get_age', 'scheduled__2023-01-07T00:00:00+00:00', '--job-id', '1312', '--raw', '--subdir', 'DAGS_FOLDER/first_dag.py', '--cfg-path', '/tmp/tmpub4vkhiz']
[2023-05-24T15:28:23.789+0000] {standard_task_runner.py:85} INFO - Job 1312: Subtask get_age
[2023-05-24T15:28:24.060+0000] {task_command.py:410} INFO - Running <TaskInstance: dag_with_taskflow_api_v02.get_age scheduled__2023-01-07T00:00:00+00:00 [running]> on host 942de29f183d
[2023-05-24T15:28:25.006+0000] {taskinstance.py:1547} INFO - Exporting env vars: AIRFLOW_CTX_DAG_OWNER='Sai' AIRFLOW_CTX_DAG_ID='dag_with_taskflow_api_v02' AIRFLOW_CTX_TASK_ID='get_age' AIRFLOW_CTX_EXECUTION_DATE='2023-01-07T00:00:00+00:00' AIRFLOW_CTX_TRY_NUMBER='1' AIRFLOW_CTX_DAG_RUN_ID='scheduled__2023-01-07T00:00:00+00:00'
[2023-05-24T15:28:25.007+0000] {python.py:183} INFO - Done. Returned value was: 19
[2023-05-24T15:28:25.135+0000] {taskinstance.py:1350} INFO - Marking task as SUCCESS. dag_id=dag_with_taskflow_api_v02, task_id=get_age, execution_date=20230107T000000, start_date=20230524T152823, end_date=20230524T152825
[2023-05-24T15:28:25.304+0000] {local_task_job_runner.py:225} INFO - Task exited with return code 0
[2023-05-24T15:28:25.426+0000] {taskinstance.py:2651} INFO - 1 downstream tasks scheduled from follow-on schedule check
[2023-05-25T07:00:55.112+0000] {taskinstance.py:1103} INFO - Dependencies all met for dep_context=non-requeueable deps ti=<TaskInstance: dag_with_taskflow_api_v02.get_age scheduled__2023-01-07T00:00:00+00:00 [queued]>
[2023-05-25T07:00:55.203+0000] {taskinstance.py:1103} INFO - Dependencies all met for dep_context=requeueable deps ti=<TaskInstance: dag_with_taskflow_api_v02.get_age scheduled__2023-01-07T00:00:00+00:00 [queued]>
[2023-05-25T07:00:55.207+0000] {taskinstance.py:1308} INFO - Starting attempt 1 of 6
[2023-05-25T07:00:55.339+0000] {taskinstance.py:1327} INFO - Executing <Task(_PythonDecoratedOperator): get_age> on 2023-01-07 00:00:00+00:00
[2023-05-25T07:00:55.363+0000] {standard_task_runner.py:57} INFO - Started process 4646 to run task
[2023-05-25T07:00:55.381+0000] {standard_task_runner.py:84} INFO - Running: ['***', 'tasks', 'run', 'dag_with_taskflow_api_v02', 'get_age', 'scheduled__2023-01-07T00:00:00+00:00', '--job-id', '1314', '--raw', '--subdir', 'DAGS_FOLDER/first_dag.py', '--cfg-path', '/tmp/tmpy6sfzc2t']
[2023-05-25T07:00:55.398+0000] {standard_task_runner.py:85} INFO - Job 1314: Subtask get_age
[2023-05-25T07:00:55.766+0000] {task_command.py:410} INFO - Running <TaskInstance: dag_with_taskflow_api_v02.get_age scheduled__2023-01-07T00:00:00+00:00 [running]> on host 6bd07c7477d9
[2023-05-25T07:00:56.802+0000] {taskinstance.py:1547} INFO - Exporting env vars: AIRFLOW_CTX_DAG_OWNER='Sai' AIRFLOW_CTX_DAG_ID='dag_with_taskflow_api_v02' AIRFLOW_CTX_TASK_ID='get_age' AIRFLOW_CTX_EXECUTION_DATE='2023-01-07T00:00:00+00:00' AIRFLOW_CTX_TRY_NUMBER='1' AIRFLOW_CTX_DAG_RUN_ID='scheduled__2023-01-07T00:00:00+00:00'
[2023-05-25T07:00:56.803+0000] {python.py:183} INFO - Done. Returned value was: 19
[2023-05-25T07:00:56.981+0000] {taskinstance.py:1350} INFO - Marking task as SUCCESS. dag_id=dag_with_taskflow_api_v02, task_id=get_age, execution_date=20230107T000000, start_date=20230525T070055, end_date=20230525T070056
[2023-05-25T07:00:57.087+0000] {local_task_job_runner.py:225} INFO - Task exited with return code 0
[2023-05-25T07:00:57.789+0000] {taskinstance.py:2651} INFO - 1 downstream tasks scheduled from follow-on schedule check
[2023-05-25T10:35:05.969+0000] {taskinstance.py:1103} INFO - Dependencies all met for dep_context=non-requeueable deps ti=<TaskInstance: dag_with_taskflow_api_v02.get_age scheduled__2023-01-07T00:00:00+00:00 [queued]>
[2023-05-25T10:35:06.135+0000] {taskinstance.py:1103} INFO - Dependencies all met for dep_context=requeueable deps ti=<TaskInstance: dag_with_taskflow_api_v02.get_age scheduled__2023-01-07T00:00:00+00:00 [queued]>
[2023-05-25T10:35:06.143+0000] {taskinstance.py:1308} INFO - Starting attempt 1 of 6
[2023-05-25T10:35:06.461+0000] {taskinstance.py:1327} INFO - Executing <Task(_PythonDecoratedOperator): get_age> on 2023-01-07 00:00:00+00:00
[2023-05-25T10:35:06.484+0000] {standard_task_runner.py:57} INFO - Started process 4299 to run task
[2023-05-25T10:35:06.525+0000] {standard_task_runner.py:84} INFO - Running: ['***', 'tasks', 'run', 'dag_with_taskflow_api_v02', 'get_age', 'scheduled__2023-01-07T00:00:00+00:00', '--job-id', '1331', '--raw', '--subdir', 'DAGS_FOLDER/first_dag.py', '--cfg-path', '/tmp/tmptv4hlslb']
[2023-05-25T10:35:06.549+0000] {standard_task_runner.py:85} INFO - Job 1331: Subtask get_age
[2023-05-25T10:35:06.927+0000] {task_command.py:410} INFO - Running <TaskInstance: dag_with_taskflow_api_v02.get_age scheduled__2023-01-07T00:00:00+00:00 [running]> on host b1ae37a9584e
[2023-05-25T10:35:07.670+0000] {taskinstance.py:1547} INFO - Exporting env vars: AIRFLOW_CTX_DAG_OWNER='Sai' AIRFLOW_CTX_DAG_ID='dag_with_taskflow_api_v02' AIRFLOW_CTX_TASK_ID='get_age' AIRFLOW_CTX_EXECUTION_DATE='2023-01-07T00:00:00+00:00' AIRFLOW_CTX_TRY_NUMBER='1' AIRFLOW_CTX_DAG_RUN_ID='scheduled__2023-01-07T00:00:00+00:00'
[2023-05-25T10:35:07.674+0000] {python.py:183} INFO - Done. Returned value was: 19
[2023-05-25T10:35:07.839+0000] {taskinstance.py:1350} INFO - Marking task as SUCCESS. dag_id=dag_with_taskflow_api_v02, task_id=get_age, execution_date=20230107T000000, start_date=20230525T103505, end_date=20230525T103507
[2023-05-25T10:35:08.241+0000] {local_task_job_runner.py:225} INFO - Task exited with return code 0
[2023-05-25T10:35:08.687+0000] {taskinstance.py:2651} INFO - 1 downstream tasks scheduled from follow-on schedule check
