[2023-05-24T15:24:38.605+0000] {taskinstance.py:1103} INFO - Dependencies all met for dep_context=non-requeueable deps ti=<TaskInstance: dag_with_taskflow_api_v02.get_name scheduled__2022-08-25T00:00:00+00:00 [queued]>
[2023-05-24T15:24:38.721+0000] {taskinstance.py:1103} INFO - Dependencies all met for dep_context=requeueable deps ti=<TaskInstance: dag_with_taskflow_api_v02.get_name scheduled__2022-08-25T00:00:00+00:00 [queued]>
[2023-05-24T15:24:38.722+0000] {taskinstance.py:1308} INFO - Starting attempt 1 of 6
[2023-05-24T15:24:38.922+0000] {taskinstance.py:1327} INFO - Executing <Task(_PythonDecoratedOperator): get_name> on 2022-08-25 00:00:00+00:00
[2023-05-24T15:24:38.942+0000] {standard_task_runner.py:57} INFO - Started process 2236 to run task
[2023-05-24T15:24:39.007+0000] {standard_task_runner.py:84} INFO - Running: ['***', 'tasks', 'run', 'dag_with_taskflow_api_v02', 'get_name', 'scheduled__2022-08-25T00:00:00+00:00', '--job-id', '909', '--raw', '--subdir', 'DAGS_FOLDER/first_dag.py', '--cfg-path', '/tmp/tmpp705883l']
[2023-05-24T15:24:39.024+0000] {standard_task_runner.py:85} INFO - Job 909: Subtask get_name
[2023-05-24T15:24:39.463+0000] {task_command.py:410} INFO - Running <TaskInstance: dag_with_taskflow_api_v02.get_name scheduled__2022-08-25T00:00:00+00:00 [running]> on host 942de29f183d
[2023-05-24T15:24:40.181+0000] {taskinstance.py:1547} INFO - Exporting env vars: AIRFLOW_CTX_DAG_OWNER='Sai' AIRFLOW_CTX_DAG_ID='dag_with_taskflow_api_v02' AIRFLOW_CTX_TASK_ID='get_name' AIRFLOW_CTX_EXECUTION_DATE='2022-08-25T00:00:00+00:00' AIRFLOW_CTX_TRY_NUMBER='1' AIRFLOW_CTX_DAG_RUN_ID='scheduled__2022-08-25T00:00:00+00:00'
[2023-05-24T15:24:40.183+0000] {python.py:183} INFO - Done. Returned value was: {'first_name': 'Sai', 'last_name': 'Tr'}
[2023-05-24T15:24:40.432+0000] {taskinstance.py:1350} INFO - Marking task as SUCCESS. dag_id=dag_with_taskflow_api_v02, task_id=get_name, execution_date=20220825T000000, start_date=20230524T152438, end_date=20230524T152440
[2023-05-24T15:24:40.549+0000] {local_task_job_runner.py:225} INFO - Task exited with return code 0
[2023-05-24T15:24:41.192+0000] {taskinstance.py:2651} INFO - 0 downstream tasks scheduled from follow-on schedule check
[2023-05-25T06:57:15.474+0000] {taskinstance.py:1103} INFO - Dependencies all met for dep_context=non-requeueable deps ti=<TaskInstance: dag_with_taskflow_api_v02.get_name scheduled__2022-08-25T00:00:00+00:00 [queued]>
[2023-05-25T06:57:15.547+0000] {taskinstance.py:1103} INFO - Dependencies all met for dep_context=requeueable deps ti=<TaskInstance: dag_with_taskflow_api_v02.get_name scheduled__2022-08-25T00:00:00+00:00 [queued]>
[2023-05-25T06:57:15.563+0000] {taskinstance.py:1308} INFO - Starting attempt 1 of 6
[2023-05-25T06:57:16.090+0000] {taskinstance.py:1327} INFO - Executing <Task(_PythonDecoratedOperator): get_name> on 2022-08-25 00:00:00+00:00
[2023-05-25T06:57:16.127+0000] {standard_task_runner.py:57} INFO - Started process 3756 to run task
[2023-05-25T06:57:16.193+0000] {standard_task_runner.py:84} INFO - Running: ['***', 'tasks', 'run', 'dag_with_taskflow_api_v02', 'get_name', 'scheduled__2022-08-25T00:00:00+00:00', '--job-id', '910', '--raw', '--subdir', 'DAGS_FOLDER/first_dag.py', '--cfg-path', '/tmp/tmpevg47aew']
[2023-05-25T06:57:16.197+0000] {standard_task_runner.py:85} INFO - Job 910: Subtask get_name
[2023-05-25T06:57:16.680+0000] {task_command.py:410} INFO - Running <TaskInstance: dag_with_taskflow_api_v02.get_name scheduled__2022-08-25T00:00:00+00:00 [running]> on host 6bd07c7477d9
[2023-05-25T06:57:17.802+0000] {taskinstance.py:1547} INFO - Exporting env vars: AIRFLOW_CTX_DAG_OWNER='Sai' AIRFLOW_CTX_DAG_ID='dag_with_taskflow_api_v02' AIRFLOW_CTX_TASK_ID='get_name' AIRFLOW_CTX_EXECUTION_DATE='2022-08-25T00:00:00+00:00' AIRFLOW_CTX_TRY_NUMBER='1' AIRFLOW_CTX_DAG_RUN_ID='scheduled__2022-08-25T00:00:00+00:00'
[2023-05-25T06:57:17.804+0000] {python.py:183} INFO - Done. Returned value was: {'first_name': 'Sai', 'last_name': 'Tr'}
[2023-05-25T06:57:17.970+0000] {taskinstance.py:1350} INFO - Marking task as SUCCESS. dag_id=dag_with_taskflow_api_v02, task_id=get_name, execution_date=20220825T000000, start_date=20230525T065715, end_date=20230525T065717
[2023-05-25T06:57:18.048+0000] {local_task_job_runner.py:225} INFO - Task exited with return code 0
[2023-05-25T06:57:18.253+0000] {taskinstance.py:2651} INFO - 0 downstream tasks scheduled from follow-on schedule check
[2023-05-25T10:30:25.994+0000] {taskinstance.py:1103} INFO - Dependencies all met for dep_context=non-requeueable deps ti=<TaskInstance: dag_with_taskflow_api_v02.get_name scheduled__2022-08-25T00:00:00+00:00 [queued]>
[2023-05-25T10:30:26.151+0000] {taskinstance.py:1103} INFO - Dependencies all met for dep_context=requeueable deps ti=<TaskInstance: dag_with_taskflow_api_v02.get_name scheduled__2022-08-25T00:00:00+00:00 [queued]>
[2023-05-25T10:30:26.151+0000] {taskinstance.py:1308} INFO - Starting attempt 1 of 6
[2023-05-25T10:30:26.619+0000] {taskinstance.py:1327} INFO - Executing <Task(_PythonDecoratedOperator): get_name> on 2022-08-25 00:00:00+00:00
[2023-05-25T10:30:26.682+0000] {standard_task_runner.py:57} INFO - Started process 3380 to run task
[2023-05-25T10:30:26.792+0000] {standard_task_runner.py:84} INFO - Running: ['***', 'tasks', 'run', 'dag_with_taskflow_api_v02', 'get_name', 'scheduled__2022-08-25T00:00:00+00:00', '--job-id', '922', '--raw', '--subdir', 'DAGS_FOLDER/first_dag.py', '--cfg-path', '/tmp/tmptxg8r82h']
[2023-05-25T10:30:26.795+0000] {standard_task_runner.py:85} INFO - Job 922: Subtask get_name
[2023-05-25T10:30:27.617+0000] {task_command.py:410} INFO - Running <TaskInstance: dag_with_taskflow_api_v02.get_name scheduled__2022-08-25T00:00:00+00:00 [running]> on host b1ae37a9584e
[2023-05-25T10:30:28.935+0000] {taskinstance.py:1547} INFO - Exporting env vars: AIRFLOW_CTX_DAG_OWNER='Sai' AIRFLOW_CTX_DAG_ID='dag_with_taskflow_api_v02' AIRFLOW_CTX_TASK_ID='get_name' AIRFLOW_CTX_EXECUTION_DATE='2022-08-25T00:00:00+00:00' AIRFLOW_CTX_TRY_NUMBER='1' AIRFLOW_CTX_DAG_RUN_ID='scheduled__2022-08-25T00:00:00+00:00'
[2023-05-25T10:30:28.936+0000] {python.py:183} INFO - Done. Returned value was: {'first_name': 'Sai', 'last_name': 'Tr'}
[2023-05-25T10:30:29.266+0000] {taskinstance.py:1350} INFO - Marking task as SUCCESS. dag_id=dag_with_taskflow_api_v02, task_id=get_name, execution_date=20220825T000000, start_date=20230525T103026, end_date=20230525T103029
[2023-05-25T10:30:29.471+0000] {local_task_job_runner.py:225} INFO - Task exited with return code 0
[2023-05-25T10:30:29.995+0000] {taskinstance.py:2651} INFO - 1 downstream tasks scheduled from follow-on schedule check
