[2023-05-24T15:29:35.429+0000] {taskinstance.py:1103} INFO - Dependencies all met for dep_context=non-requeueable deps ti=<TaskInstance: dag_with_taskflow_api_v02.get_name scheduled__2023-02-21T00:00:00+00:00 [queued]>
[2023-05-24T15:29:35.529+0000] {taskinstance.py:1103} INFO - Dependencies all met for dep_context=requeueable deps ti=<TaskInstance: dag_with_taskflow_api_v02.get_name scheduled__2023-02-21T00:00:00+00:00 [queued]>
[2023-05-24T15:29:35.530+0000] {taskinstance.py:1308} INFO - Starting attempt 1 of 6
[2023-05-24T15:29:36.293+0000] {taskinstance.py:1327} INFO - Executing <Task(_PythonDecoratedOperator): get_name> on 2023-02-21 00:00:00+00:00
[2023-05-24T15:29:36.310+0000] {standard_task_runner.py:57} INFO - Started process 3427 to run task
[2023-05-24T15:29:36.370+0000] {standard_task_runner.py:84} INFO - Running: ['***', 'tasks', 'run', 'dag_with_taskflow_api_v02', 'get_name', 'scheduled__2023-02-21T00:00:00+00:00', '--job-id', '1449', '--raw', '--subdir', 'DAGS_FOLDER/first_dag.py', '--cfg-path', '/tmp/tmp2d6_sqqi']
[2023-05-24T15:29:36.395+0000] {standard_task_runner.py:85} INFO - Job 1449: Subtask get_name
[2023-05-24T15:29:36.791+0000] {task_command.py:410} INFO - Running <TaskInstance: dag_with_taskflow_api_v02.get_name scheduled__2023-02-21T00:00:00+00:00 [running]> on host 942de29f183d
[2023-05-24T15:29:37.634+0000] {taskinstance.py:1547} INFO - Exporting env vars: AIRFLOW_CTX_DAG_OWNER='Sai' AIRFLOW_CTX_DAG_ID='dag_with_taskflow_api_v02' AIRFLOW_CTX_TASK_ID='get_name' AIRFLOW_CTX_EXECUTION_DATE='2023-02-21T00:00:00+00:00' AIRFLOW_CTX_TRY_NUMBER='1' AIRFLOW_CTX_DAG_RUN_ID='scheduled__2023-02-21T00:00:00+00:00'
[2023-05-24T15:29:37.638+0000] {python.py:183} INFO - Done. Returned value was: {'first_name': 'Sai', 'last_name': 'Tr'}
[2023-05-24T15:29:37.823+0000] {taskinstance.py:1350} INFO - Marking task as SUCCESS. dag_id=dag_with_taskflow_api_v02, task_id=get_name, execution_date=20230221T000000, start_date=20230524T152935, end_date=20230524T152937
[2023-05-24T15:29:37.887+0000] {local_task_job_runner.py:225} INFO - Task exited with return code 0
[2023-05-24T15:29:38.146+0000] {taskinstance.py:2651} INFO - 0 downstream tasks scheduled from follow-on schedule check
[2023-05-25T07:02:08.554+0000] {taskinstance.py:1103} INFO - Dependencies all met for dep_context=non-requeueable deps ti=<TaskInstance: dag_with_taskflow_api_v02.get_name scheduled__2023-02-21T00:00:00+00:00 [queued]>
[2023-05-25T07:02:08.621+0000] {taskinstance.py:1103} INFO - Dependencies all met for dep_context=requeueable deps ti=<TaskInstance: dag_with_taskflow_api_v02.get_name scheduled__2023-02-21T00:00:00+00:00 [queued]>
[2023-05-25T07:02:08.621+0000] {taskinstance.py:1308} INFO - Starting attempt 1 of 6
[2023-05-25T07:02:08.756+0000] {taskinstance.py:1327} INFO - Executing <Task(_PythonDecoratedOperator): get_name> on 2023-02-21 00:00:00+00:00
[2023-05-25T07:02:08.773+0000] {standard_task_runner.py:57} INFO - Started process 4945 to run task
[2023-05-25T07:02:08.809+0000] {standard_task_runner.py:84} INFO - Running: ['***', 'tasks', 'run', 'dag_with_taskflow_api_v02', 'get_name', 'scheduled__2023-02-21T00:00:00+00:00', '--job-id', '1451', '--raw', '--subdir', 'DAGS_FOLDER/first_dag.py', '--cfg-path', '/tmp/tmp8ri_8_fh']
[2023-05-25T07:02:08.812+0000] {standard_task_runner.py:85} INFO - Job 1451: Subtask get_name
[2023-05-25T07:02:09.043+0000] {task_command.py:410} INFO - Running <TaskInstance: dag_with_taskflow_api_v02.get_name scheduled__2023-02-21T00:00:00+00:00 [running]> on host 6bd07c7477d9
[2023-05-25T07:02:09.566+0000] {taskinstance.py:1547} INFO - Exporting env vars: AIRFLOW_CTX_DAG_OWNER='Sai' AIRFLOW_CTX_DAG_ID='dag_with_taskflow_api_v02' AIRFLOW_CTX_TASK_ID='get_name' AIRFLOW_CTX_EXECUTION_DATE='2023-02-21T00:00:00+00:00' AIRFLOW_CTX_TRY_NUMBER='1' AIRFLOW_CTX_DAG_RUN_ID='scheduled__2023-02-21T00:00:00+00:00'
[2023-05-25T07:02:09.567+0000] {python.py:183} INFO - Done. Returned value was: {'first_name': 'Sai', 'last_name': 'Tr'}
[2023-05-25T07:02:09.783+0000] {taskinstance.py:1350} INFO - Marking task as SUCCESS. dag_id=dag_with_taskflow_api_v02, task_id=get_name, execution_date=20230221T000000, start_date=20230525T070208, end_date=20230525T070209
[2023-05-25T07:02:10.050+0000] {local_task_job_runner.py:225} INFO - Task exited with return code 0
[2023-05-25T07:02:10.172+0000] {taskinstance.py:2651} INFO - 1 downstream tasks scheduled from follow-on schedule check
[2023-05-25T10:36:33.227+0000] {taskinstance.py:1103} INFO - Dependencies all met for dep_context=non-requeueable deps ti=<TaskInstance: dag_with_taskflow_api_v02.get_name scheduled__2023-02-21T00:00:00+00:00 [queued]>
[2023-05-25T10:36:33.311+0000] {taskinstance.py:1103} INFO - Dependencies all met for dep_context=requeueable deps ti=<TaskInstance: dag_with_taskflow_api_v02.get_name scheduled__2023-02-21T00:00:00+00:00 [queued]>
[2023-05-25T10:36:33.311+0000] {taskinstance.py:1308} INFO - Starting attempt 1 of 6
[2023-05-25T10:36:33.402+0000] {taskinstance.py:1327} INFO - Executing <Task(_PythonDecoratedOperator): get_name> on 2023-02-21 00:00:00+00:00
[2023-05-25T10:36:33.411+0000] {standard_task_runner.py:57} INFO - Started process 4602 to run task
[2023-05-25T10:36:33.421+0000] {standard_task_runner.py:84} INFO - Running: ['***', 'tasks', 'run', 'dag_with_taskflow_api_v02', 'get_name', 'scheduled__2023-02-21T00:00:00+00:00', '--job-id', '1465', '--raw', '--subdir', 'DAGS_FOLDER/first_dag.py', '--cfg-path', '/tmp/tmpb00m2o2r']
[2023-05-25T10:36:33.425+0000] {standard_task_runner.py:85} INFO - Job 1465: Subtask get_name
[2023-05-25T10:36:33.853+0000] {task_command.py:410} INFO - Running <TaskInstance: dag_with_taskflow_api_v02.get_name scheduled__2023-02-21T00:00:00+00:00 [running]> on host b1ae37a9584e
[2023-05-25T10:36:34.842+0000] {taskinstance.py:1547} INFO - Exporting env vars: AIRFLOW_CTX_DAG_OWNER='Sai' AIRFLOW_CTX_DAG_ID='dag_with_taskflow_api_v02' AIRFLOW_CTX_TASK_ID='get_name' AIRFLOW_CTX_EXECUTION_DATE='2023-02-21T00:00:00+00:00' AIRFLOW_CTX_TRY_NUMBER='1' AIRFLOW_CTX_DAG_RUN_ID='scheduled__2023-02-21T00:00:00+00:00'
[2023-05-25T10:36:34.844+0000] {python.py:183} INFO - Done. Returned value was: {'first_name': 'Sai', 'last_name': 'Tr'}
[2023-05-25T10:36:35.076+0000] {taskinstance.py:1350} INFO - Marking task as SUCCESS. dag_id=dag_with_taskflow_api_v02, task_id=get_name, execution_date=20230221T000000, start_date=20230525T103633, end_date=20230525T103635
[2023-05-25T10:36:35.726+0000] {local_task_job_runner.py:225} INFO - Task exited with return code 0
[2023-05-25T10:36:36.121+0000] {taskinstance.py:2651} INFO - 0 downstream tasks scheduled from follow-on schedule check
