[2023-05-23T10:20:55.422+0000] {taskinstance.py:1103} INFO - Dependencies all met for dep_context=non-requeueable deps ti=<TaskInstance: dag_with_taskflow_api_v02.get_name scheduled__2021-11-28T00:00:00+00:00 [queued]>
[2023-05-23T10:20:55.611+0000] {taskinstance.py:1103} INFO - Dependencies all met for dep_context=requeueable deps ti=<TaskInstance: dag_with_taskflow_api_v02.get_name scheduled__2021-11-28T00:00:00+00:00 [queued]>
[2023-05-23T10:20:55.612+0000] {taskinstance.py:1308} INFO - Starting attempt 1 of 6
[2023-05-23T10:20:56.566+0000] {taskinstance.py:1327} INFO - Executing <Task(_PythonDecoratedOperator): get_name> on 2021-11-28 00:00:00+00:00
[2023-05-23T10:20:56.685+0000] {standard_task_runner.py:57} INFO - Started process 1565 to run task
[2023-05-23T10:20:56.715+0000] {standard_task_runner.py:84} INFO - Running: ['***', 'tasks', 'run', 'dag_with_taskflow_api_v02', 'get_name', 'scheduled__2021-11-28T00:00:00+00:00', '--job-id', '143', '--raw', '--subdir', 'DAGS_FOLDER/first_dag.py', '--cfg-path', '/tmp/tmpc93e3lu1']
[2023-05-23T10:20:56.826+0000] {standard_task_runner.py:85} INFO - Job 143: Subtask get_name
[2023-05-23T10:20:57.398+0000] {task_command.py:410} INFO - Running <TaskInstance: dag_with_taskflow_api_v02.get_name scheduled__2021-11-28T00:00:00+00:00 [running]> on host fb58d5a02d2c
[2023-05-23T10:20:58.639+0000] {taskinstance.py:1547} INFO - Exporting env vars: AIRFLOW_CTX_DAG_OWNER='coder2j' AIRFLOW_CTX_DAG_ID='dag_with_taskflow_api_v02' AIRFLOW_CTX_TASK_ID='get_name' AIRFLOW_CTX_EXECUTION_DATE='2021-11-28T00:00:00+00:00' AIRFLOW_CTX_TRY_NUMBER='1' AIRFLOW_CTX_DAG_RUN_ID='scheduled__2021-11-28T00:00:00+00:00'
[2023-05-23T10:20:58.642+0000] {python.py:183} INFO - Done. Returned value was: {'first_name': 'Jerry', 'last_name': 'Fridman'}
[2023-05-23T10:20:58.966+0000] {taskinstance.py:1350} INFO - Marking task as SUCCESS. dag_id=dag_with_taskflow_api_v02, task_id=get_name, execution_date=20211128T000000, start_date=20230523T102055, end_date=20230523T102058
[2023-05-23T10:20:59.428+0000] {local_task_job_runner.py:225} INFO - Task exited with return code 0
[2023-05-23T10:20:59.927+0000] {taskinstance.py:2651} INFO - 0 downstream tasks scheduled from follow-on schedule check
[2023-05-23T10:27:40.340+0000] {taskinstance.py:1103} INFO - Dependencies all met for dep_context=non-requeueable deps ti=<TaskInstance: dag_with_taskflow_api_v02.get_name scheduled__2021-11-28T00:00:00+00:00 [queued]>
[2023-05-23T10:27:40.704+0000] {taskinstance.py:1103} INFO - Dependencies all met for dep_context=requeueable deps ti=<TaskInstance: dag_with_taskflow_api_v02.get_name scheduled__2021-11-28T00:00:00+00:00 [queued]>
[2023-05-23T10:27:40.708+0000] {taskinstance.py:1308} INFO - Starting attempt 1 of 6
[2023-05-23T10:27:41.108+0000] {taskinstance.py:1327} INFO - Executing <Task(_PythonDecoratedOperator): get_name> on 2021-11-28 00:00:00+00:00
[2023-05-23T10:27:41.174+0000] {standard_task_runner.py:57} INFO - Started process 416 to run task
[2023-05-23T10:27:41.353+0000] {standard_task_runner.py:84} INFO - Running: ['***', 'tasks', 'run', 'dag_with_taskflow_api_v02', 'get_name', 'scheduled__2021-11-28T00:00:00+00:00', '--job-id', '98', '--raw', '--subdir', 'DAGS_FOLDER/first_dag.py', '--cfg-path', '/tmp/tmpiw1wnk6a']
[2023-05-23T10:27:41.425+0000] {standard_task_runner.py:85} INFO - Job 98: Subtask get_name
[2023-05-23T10:27:42.016+0000] {task_command.py:410} INFO - Running <TaskInstance: dag_with_taskflow_api_v02.get_name scheduled__2021-11-28T00:00:00+00:00 [running]> on host 8a6612510f4c
[2023-05-23T10:27:43.156+0000] {taskinstance.py:1547} INFO - Exporting env vars: AIRFLOW_CTX_DAG_OWNER='coder2j' AIRFLOW_CTX_DAG_ID='dag_with_taskflow_api_v02' AIRFLOW_CTX_TASK_ID='get_name' AIRFLOW_CTX_EXECUTION_DATE='2021-11-28T00:00:00+00:00' AIRFLOW_CTX_TRY_NUMBER='1' AIRFLOW_CTX_DAG_RUN_ID='scheduled__2021-11-28T00:00:00+00:00'
[2023-05-23T10:27:43.158+0000] {python.py:183} INFO - Done. Returned value was: {'first_name': 'Sai', 'last_name': 'Tr'}
[2023-05-23T10:27:43.668+0000] {taskinstance.py:1350} INFO - Marking task as SUCCESS. dag_id=dag_with_taskflow_api_v02, task_id=get_name, execution_date=20211128T000000, start_date=20230523T102740, end_date=20230523T102743
[2023-05-23T10:27:43.985+0000] {local_task_job_runner.py:225} INFO - Task exited with return code 0
[2023-05-23T10:27:44.797+0000] {taskinstance.py:2651} INFO - 0 downstream tasks scheduled from follow-on schedule check
