[2023-05-23T10:08:53.456+0000] {taskinstance.py:1103} INFO - Dependencies all met for dep_context=non-requeueable deps ti=<TaskInstance: dag_with_taskflow_api_v02.get_age scheduled__2021-10-26T00:00:00+00:00 [queued]>
[2023-05-23T10:08:53.649+0000] {taskinstance.py:1103} INFO - Dependencies all met for dep_context=requeueable deps ti=<TaskInstance: dag_with_taskflow_api_v02.get_age scheduled__2021-10-26T00:00:00+00:00 [queued]>
[2023-05-23T10:08:53.899+0000] {taskinstance.py:1308} INFO - Starting attempt 1 of 6
[2023-05-23T10:14:21.419+0000] {taskinstance.py:1327} INFO - Executing <Task(_PythonDecoratedOperator): get_age> on 2021-10-26 00:00:00+00:00
[2023-05-23T10:14:21.849+0000] {standard_task_runner.py:57} INFO - Started process 724 to run task
[2023-05-23T10:14:22.754+0000] {standard_task_runner.py:84} INFO - Running: ['***', 'tasks', 'run', 'dag_with_taskflow_api_v02', 'get_age', 'scheduled__2021-10-26T00:00:00+00:00', '--job-id', '7', '--raw', '--subdir', 'DAGS_FOLDER/first_dag.py', '--cfg-path', '/tmp/tmpf8a1xira']
[2023-05-23T10:14:22.773+0000] {standard_task_runner.py:85} INFO - Job 7: Subtask get_age
[2023-05-23T10:14:28.793+0000] {local_task_job_runner.py:225} INFO - Task exited with return code 0
[2023-05-23T10:14:29.177+0000] {taskinstance.py:2651} INFO - 0 downstream tasks scheduled from follow-on schedule check
[2023-05-23T10:26:24.972+0000] {taskinstance.py:1103} INFO - Dependencies all met for dep_context=non-requeueable deps ti=<TaskInstance: dag_with_taskflow_api_v02.get_age scheduled__2021-10-26T00:00:00+00:00 [queued]>
[2023-05-23T10:26:25.113+0000] {taskinstance.py:1103} INFO - Dependencies all met for dep_context=requeueable deps ti=<TaskInstance: dag_with_taskflow_api_v02.get_age scheduled__2021-10-26T00:00:00+00:00 [queued]>
[2023-05-23T10:26:25.131+0000] {taskinstance.py:1308} INFO - Starting attempt 1 of 6
[2023-05-23T10:26:25.560+0000] {taskinstance.py:1327} INFO - Executing <Task(_PythonDecoratedOperator): get_age> on 2021-10-26 00:00:00+00:00
[2023-05-23T10:26:25.566+0000] {standard_task_runner.py:57} INFO - Started process 211 to run task
[2023-05-23T10:26:25.637+0000] {standard_task_runner.py:84} INFO - Running: ['***', 'tasks', 'run', 'dag_with_taskflow_api_v02', 'get_age', 'scheduled__2021-10-26T00:00:00+00:00', '--job-id', '8', '--raw', '--subdir', 'DAGS_FOLDER/first_dag.py', '--cfg-path', '/tmp/tmpbqnwivor']
[2023-05-23T10:26:25.668+0000] {standard_task_runner.py:85} INFO - Job 8: Subtask get_age
[2023-05-23T10:26:26.988+0000] {task_command.py:410} INFO - Running <TaskInstance: dag_with_taskflow_api_v02.get_age scheduled__2021-10-26T00:00:00+00:00 [running]> on host 8a6612510f4c
[2023-05-23T10:26:28.494+0000] {taskinstance.py:1547} INFO - Exporting env vars: AIRFLOW_CTX_DAG_OWNER='coder2j' AIRFLOW_CTX_DAG_ID='dag_with_taskflow_api_v02' AIRFLOW_CTX_TASK_ID='get_age' AIRFLOW_CTX_EXECUTION_DATE='2021-10-26T00:00:00+00:00' AIRFLOW_CTX_TRY_NUMBER='1' AIRFLOW_CTX_DAG_RUN_ID='scheduled__2021-10-26T00:00:00+00:00'
[2023-05-23T10:26:28.496+0000] {python.py:183} INFO - Done. Returned value was: 19
[2023-05-23T10:26:28.656+0000] {taskinstance.py:1350} INFO - Marking task as SUCCESS. dag_id=dag_with_taskflow_api_v02, task_id=get_age, execution_date=20211026T000000, start_date=20230523T102625, end_date=20230523T102628
[2023-05-23T10:26:28.956+0000] {local_task_job_runner.py:225} INFO - Task exited with return code 0
[2023-05-23T10:26:29.275+0000] {taskinstance.py:2651} INFO - 1 downstream tasks scheduled from follow-on schedule check
