[2023-05-24T15:16:34.842+0000] {taskinstance.py:1103} INFO - Dependencies all met for dep_context=non-requeueable deps ti=<TaskInstance: dag_with_taskflow_api_v02.get_age scheduled__2021-12-10T00:00:00+00:00 [queued]>
[2023-05-24T15:16:34.909+0000] {taskinstance.py:1103} INFO - Dependencies all met for dep_context=requeueable deps ti=<TaskInstance: dag_with_taskflow_api_v02.get_age scheduled__2021-12-10T00:00:00+00:00 [queued]>
[2023-05-24T15:16:34.909+0000] {taskinstance.py:1308} INFO - Starting attempt 1 of 6
[2023-05-24T15:16:35.098+0000] {taskinstance.py:1327} INFO - Executing <Task(_PythonDecoratedOperator): get_age> on 2021-12-10 00:00:00+00:00
[2023-05-24T15:16:35.117+0000] {standard_task_runner.py:57} INFO - Started process 510 to run task
[2023-05-24T15:16:35.164+0000] {standard_task_runner.py:84} INFO - Running: ['***', 'tasks', 'run', 'dag_with_taskflow_api_v02', 'get_age', 'scheduled__2021-12-10T00:00:00+00:00', '--job-id', '141', '--raw', '--subdir', 'DAGS_FOLDER/first_dag.py', '--cfg-path', '/tmp/tmp7027e756']
[2023-05-24T15:16:35.191+0000] {standard_task_runner.py:85} INFO - Job 141: Subtask get_age
[2023-05-24T15:16:35.590+0000] {task_command.py:410} INFO - Running <TaskInstance: dag_with_taskflow_api_v02.get_age scheduled__2021-12-10T00:00:00+00:00 [running]> on host 942de29f183d
[2023-05-24T15:16:36.281+0000] {taskinstance.py:1547} INFO - Exporting env vars: AIRFLOW_CTX_DAG_OWNER='Sai' AIRFLOW_CTX_DAG_ID='dag_with_taskflow_api_v02' AIRFLOW_CTX_TASK_ID='get_age' AIRFLOW_CTX_EXECUTION_DATE='2021-12-10T00:00:00+00:00' AIRFLOW_CTX_TRY_NUMBER='1' AIRFLOW_CTX_DAG_RUN_ID='scheduled__2021-12-10T00:00:00+00:00'
[2023-05-24T15:16:36.283+0000] {python.py:183} INFO - Done. Returned value was: 19
[2023-05-24T15:16:36.473+0000] {taskinstance.py:1350} INFO - Marking task as SUCCESS. dag_id=dag_with_taskflow_api_v02, task_id=get_age, execution_date=20211210T000000, start_date=20230524T151634, end_date=20230524T151636
[2023-05-24T15:16:36.598+0000] {local_task_job_runner.py:225} INFO - Task exited with return code 0
[2023-05-24T15:16:36.876+0000] {taskinstance.py:2651} INFO - 0 downstream tasks scheduled from follow-on schedule check
[2023-05-25T06:50:16.993+0000] {taskinstance.py:1103} INFO - Dependencies all met for dep_context=non-requeueable deps ti=<TaskInstance: dag_with_taskflow_api_v02.get_age scheduled__2021-12-10T00:00:00+00:00 [queued]>
[2023-05-25T06:50:17.051+0000] {taskinstance.py:1103} INFO - Dependencies all met for dep_context=requeueable deps ti=<TaskInstance: dag_with_taskflow_api_v02.get_age scheduled__2021-12-10T00:00:00+00:00 [queued]>
[2023-05-25T06:50:17.051+0000] {taskinstance.py:1308} INFO - Starting attempt 1 of 6
[2023-05-25T06:50:17.184+0000] {taskinstance.py:1327} INFO - Executing <Task(_PythonDecoratedOperator): get_age> on 2021-12-10 00:00:00+00:00
[2023-05-25T06:50:17.194+0000] {standard_task_runner.py:57} INFO - Started process 2051 to run task
[2023-05-25T06:50:17.231+0000] {standard_task_runner.py:84} INFO - Running: ['***', 'tasks', 'run', 'dag_with_taskflow_api_v02', 'get_age', 'scheduled__2021-12-10T00:00:00+00:00', '--job-id', '141', '--raw', '--subdir', 'DAGS_FOLDER/first_dag.py', '--cfg-path', '/tmp/tmpr9ld10mx']
[2023-05-25T06:50:17.247+0000] {standard_task_runner.py:85} INFO - Job 141: Subtask get_age
[2023-05-25T06:50:17.600+0000] {task_command.py:410} INFO - Running <TaskInstance: dag_with_taskflow_api_v02.get_age scheduled__2021-12-10T00:00:00+00:00 [running]> on host 6bd07c7477d9
[2023-05-25T06:50:18.401+0000] {taskinstance.py:1547} INFO - Exporting env vars: AIRFLOW_CTX_DAG_OWNER='Sai' AIRFLOW_CTX_DAG_ID='dag_with_taskflow_api_v02' AIRFLOW_CTX_TASK_ID='get_age' AIRFLOW_CTX_EXECUTION_DATE='2021-12-10T00:00:00+00:00' AIRFLOW_CTX_TRY_NUMBER='1' AIRFLOW_CTX_DAG_RUN_ID='scheduled__2021-12-10T00:00:00+00:00'
[2023-05-25T06:50:18.402+0000] {python.py:183} INFO - Done. Returned value was: 19
[2023-05-25T06:50:18.514+0000] {taskinstance.py:1350} INFO - Marking task as SUCCESS. dag_id=dag_with_taskflow_api_v02, task_id=get_age, execution_date=20211210T000000, start_date=20230525T065017, end_date=20230525T065018
[2023-05-25T06:50:18.639+0000] {local_task_job_runner.py:225} INFO - Task exited with return code 0
[2023-05-25T06:50:18.833+0000] {taskinstance.py:2651} INFO - 1 downstream tasks scheduled from follow-on schedule check
[2023-05-25T10:20:24.487+0000] {taskinstance.py:1103} INFO - Dependencies all met for dep_context=non-requeueable deps ti=<TaskInstance: dag_with_taskflow_api_v02.get_age scheduled__2021-12-10T00:00:00+00:00 [queued]>
[2023-05-25T10:20:24.533+0000] {taskinstance.py:1103} INFO - Dependencies all met for dep_context=requeueable deps ti=<TaskInstance: dag_with_taskflow_api_v02.get_age scheduled__2021-12-10T00:00:00+00:00 [queued]>
[2023-05-25T10:20:24.536+0000] {taskinstance.py:1308} INFO - Starting attempt 1 of 6
[2023-05-25T10:20:24.651+0000] {taskinstance.py:1327} INFO - Executing <Task(_PythonDecoratedOperator): get_age> on 2021-12-10 00:00:00+00:00
[2023-05-25T10:20:24.688+0000] {standard_task_runner.py:57} INFO - Started process 1552 to run task
[2023-05-25T10:20:24.701+0000] {standard_task_runner.py:84} INFO - Running: ['***', 'tasks', 'run', 'dag_with_taskflow_api_v02', 'get_age', 'scheduled__2021-12-10T00:00:00+00:00', '--job-id', '130', '--raw', '--subdir', 'DAGS_FOLDER/first_dag.py', '--cfg-path', '/tmp/tmpkkkrroru']
[2023-05-25T10:20:24.704+0000] {standard_task_runner.py:85} INFO - Job 130: Subtask get_age
[2023-05-25T10:20:25.002+0000] {task_command.py:410} INFO - Running <TaskInstance: dag_with_taskflow_api_v02.get_age scheduled__2021-12-10T00:00:00+00:00 [running]> on host b1ae37a9584e
[2023-05-25T10:20:25.359+0000] {taskinstance.py:1547} INFO - Exporting env vars: AIRFLOW_CTX_DAG_OWNER='Sai' AIRFLOW_CTX_DAG_ID='dag_with_taskflow_api_v02' AIRFLOW_CTX_TASK_ID='get_age' AIRFLOW_CTX_EXECUTION_DATE='2021-12-10T00:00:00+00:00' AIRFLOW_CTX_TRY_NUMBER='1' AIRFLOW_CTX_DAG_RUN_ID='scheduled__2021-12-10T00:00:00+00:00'
[2023-05-25T10:20:25.360+0000] {python.py:183} INFO - Done. Returned value was: 19
[2023-05-25T10:20:25.428+0000] {taskinstance.py:1350} INFO - Marking task as SUCCESS. dag_id=dag_with_taskflow_api_v02, task_id=get_age, execution_date=20211210T000000, start_date=20230525T102024, end_date=20230525T102025
[2023-05-25T10:20:25.507+0000] {local_task_job_runner.py:225} INFO - Task exited with return code 0
[2023-05-25T10:20:25.627+0000] {taskinstance.py:2651} INFO - 1 downstream tasks scheduled from follow-on schedule check
