[2023-05-24T15:18:51.791+0000] {taskinstance.py:1103} INFO - Dependencies all met for dep_context=non-requeueable deps ti=<TaskInstance: dag_with_taskflow_api_v02.get_name scheduled__2022-02-16T00:00:00+00:00 [queued]>
[2023-05-24T15:18:51.896+0000] {taskinstance.py:1103} INFO - Dependencies all met for dep_context=requeueable deps ti=<TaskInstance: dag_with_taskflow_api_v02.get_name scheduled__2022-02-16T00:00:00+00:00 [queued]>
[2023-05-24T15:18:51.911+0000] {taskinstance.py:1308} INFO - Starting attempt 1 of 6
[2023-05-24T15:18:52.099+0000] {taskinstance.py:1327} INFO - Executing <Task(_PythonDecoratedOperator): get_name> on 2022-02-16 00:00:00+00:00
[2023-05-24T15:18:52.128+0000] {standard_task_runner.py:57} INFO - Started process 971 to run task
[2023-05-24T15:18:52.152+0000] {standard_task_runner.py:84} INFO - Running: ['***', 'tasks', 'run', 'dag_with_taskflow_api_v02', 'get_name', 'scheduled__2022-02-16T00:00:00+00:00', '--job-id', '346', '--raw', '--subdir', 'DAGS_FOLDER/first_dag.py', '--cfg-path', '/tmp/tmp1ogkyljc']
[2023-05-24T15:18:52.175+0000] {standard_task_runner.py:85} INFO - Job 346: Subtask get_name
[2023-05-24T15:18:52.442+0000] {task_command.py:410} INFO - Running <TaskInstance: dag_with_taskflow_api_v02.get_name scheduled__2022-02-16T00:00:00+00:00 [running]> on host 942de29f183d
[2023-05-24T15:18:53.016+0000] {taskinstance.py:1547} INFO - Exporting env vars: AIRFLOW_CTX_DAG_OWNER='Sai' AIRFLOW_CTX_DAG_ID='dag_with_taskflow_api_v02' AIRFLOW_CTX_TASK_ID='get_name' AIRFLOW_CTX_EXECUTION_DATE='2022-02-16T00:00:00+00:00' AIRFLOW_CTX_TRY_NUMBER='1' AIRFLOW_CTX_DAG_RUN_ID='scheduled__2022-02-16T00:00:00+00:00'
[2023-05-24T15:18:53.017+0000] {python.py:183} INFO - Done. Returned value was: {'first_name': 'Sai', 'last_name': 'Tr'}
[2023-05-24T15:18:53.274+0000] {taskinstance.py:1350} INFO - Marking task as SUCCESS. dag_id=dag_with_taskflow_api_v02, task_id=get_name, execution_date=20220216T000000, start_date=20230524T151851, end_date=20230524T151853
[2023-05-24T15:18:53.424+0000] {local_task_job_runner.py:225} INFO - Task exited with return code 0
[2023-05-24T15:18:53.702+0000] {taskinstance.py:2651} INFO - 1 downstream tasks scheduled from follow-on schedule check
[2023-05-25T06:52:03.539+0000] {taskinstance.py:1103} INFO - Dependencies all met for dep_context=non-requeueable deps ti=<TaskInstance: dag_with_taskflow_api_v02.get_name scheduled__2022-02-16T00:00:00+00:00 [queued]>
[2023-05-25T06:52:03.634+0000] {taskinstance.py:1103} INFO - Dependencies all met for dep_context=requeueable deps ti=<TaskInstance: dag_with_taskflow_api_v02.get_name scheduled__2022-02-16T00:00:00+00:00 [queued]>
[2023-05-25T06:52:03.649+0000] {taskinstance.py:1308} INFO - Starting attempt 1 of 6
[2023-05-25T06:52:03.998+0000] {taskinstance.py:1327} INFO - Executing <Task(_PythonDecoratedOperator): get_name> on 2022-02-16 00:00:00+00:00
[2023-05-25T06:52:04.046+0000] {standard_task_runner.py:57} INFO - Started process 2483 to run task
[2023-05-25T06:52:04.054+0000] {standard_task_runner.py:84} INFO - Running: ['***', 'tasks', 'run', 'dag_with_taskflow_api_v02', 'get_name', 'scheduled__2022-02-16T00:00:00+00:00', '--job-id', '337', '--raw', '--subdir', 'DAGS_FOLDER/first_dag.py', '--cfg-path', '/tmp/tmpga7nzq9v']
[2023-05-25T06:52:04.094+0000] {standard_task_runner.py:85} INFO - Job 337: Subtask get_name
[2023-05-25T06:52:04.556+0000] {task_command.py:410} INFO - Running <TaskInstance: dag_with_taskflow_api_v02.get_name scheduled__2022-02-16T00:00:00+00:00 [running]> on host 6bd07c7477d9
[2023-05-25T06:52:05.458+0000] {taskinstance.py:1547} INFO - Exporting env vars: AIRFLOW_CTX_DAG_OWNER='Sai' AIRFLOW_CTX_DAG_ID='dag_with_taskflow_api_v02' AIRFLOW_CTX_TASK_ID='get_name' AIRFLOW_CTX_EXECUTION_DATE='2022-02-16T00:00:00+00:00' AIRFLOW_CTX_TRY_NUMBER='1' AIRFLOW_CTX_DAG_RUN_ID='scheduled__2022-02-16T00:00:00+00:00'
[2023-05-25T06:52:05.460+0000] {python.py:183} INFO - Done. Returned value was: {'first_name': 'Sai', 'last_name': 'Tr'}
[2023-05-25T06:52:05.830+0000] {taskinstance.py:1350} INFO - Marking task as SUCCESS. dag_id=dag_with_taskflow_api_v02, task_id=get_name, execution_date=20220216T000000, start_date=20230525T065203, end_date=20230525T065205
[2023-05-25T06:52:05.959+0000] {local_task_job_runner.py:225} INFO - Task exited with return code 0
[2023-05-25T06:52:06.519+0000] {taskinstance.py:2651} INFO - 0 downstream tasks scheduled from follow-on schedule check
[2023-05-25T10:22:52.863+0000] {taskinstance.py:1103} INFO - Dependencies all met for dep_context=non-requeueable deps ti=<TaskInstance: dag_with_taskflow_api_v02.get_name scheduled__2022-02-16T00:00:00+00:00 [queued]>
[2023-05-25T10:22:52.892+0000] {taskinstance.py:1103} INFO - Dependencies all met for dep_context=requeueable deps ti=<TaskInstance: dag_with_taskflow_api_v02.get_name scheduled__2022-02-16T00:00:00+00:00 [queued]>
[2023-05-25T10:22:52.894+0000] {taskinstance.py:1308} INFO - Starting attempt 1 of 6
[2023-05-25T10:22:52.955+0000] {taskinstance.py:1327} INFO - Executing <Task(_PythonDecoratedOperator): get_name> on 2022-02-16 00:00:00+00:00
[2023-05-25T10:22:52.963+0000] {standard_task_runner.py:57} INFO - Started process 2017 to run task
[2023-05-25T10:22:53.012+0000] {standard_task_runner.py:84} INFO - Running: ['***', 'tasks', 'run', 'dag_with_taskflow_api_v02', 'get_name', 'scheduled__2022-02-16T00:00:00+00:00', '--job-id', '332', '--raw', '--subdir', 'DAGS_FOLDER/first_dag.py', '--cfg-path', '/tmp/tmpjkyx3kkj']
[2023-05-25T10:22:53.050+0000] {standard_task_runner.py:85} INFO - Job 332: Subtask get_name
[2023-05-25T10:22:53.398+0000] {task_command.py:410} INFO - Running <TaskInstance: dag_with_taskflow_api_v02.get_name scheduled__2022-02-16T00:00:00+00:00 [running]> on host b1ae37a9584e
[2023-05-25T10:22:54.367+0000] {taskinstance.py:1547} INFO - Exporting env vars: AIRFLOW_CTX_DAG_OWNER='Sai' AIRFLOW_CTX_DAG_ID='dag_with_taskflow_api_v02' AIRFLOW_CTX_TASK_ID='get_name' AIRFLOW_CTX_EXECUTION_DATE='2022-02-16T00:00:00+00:00' AIRFLOW_CTX_TRY_NUMBER='1' AIRFLOW_CTX_DAG_RUN_ID='scheduled__2022-02-16T00:00:00+00:00'
[2023-05-25T10:22:54.368+0000] {python.py:183} INFO - Done. Returned value was: {'first_name': 'Sai', 'last_name': 'Tr'}
[2023-05-25T10:22:54.606+0000] {taskinstance.py:1350} INFO - Marking task as SUCCESS. dag_id=dag_with_taskflow_api_v02, task_id=get_name, execution_date=20220216T000000, start_date=20230525T102252, end_date=20230525T102254
[2023-05-25T10:22:54.709+0000] {local_task_job_runner.py:225} INFO - Task exited with return code 0
[2023-05-25T10:22:54.985+0000] {taskinstance.py:2651} INFO - 0 downstream tasks scheduled from follow-on schedule check
