[2023-05-24T15:28:19.744+0000] {taskinstance.py:1103} INFO - Dependencies all met for dep_context=non-requeueable deps ti=<TaskInstance: dag_with_taskflow_api_v02.get_age scheduled__2023-01-05T00:00:00+00:00 [queued]>
[2023-05-24T15:28:19.834+0000] {taskinstance.py:1103} INFO - Dependencies all met for dep_context=requeueable deps ti=<TaskInstance: dag_with_taskflow_api_v02.get_age scheduled__2023-01-05T00:00:00+00:00 [queued]>
[2023-05-24T15:28:19.835+0000] {taskinstance.py:1308} INFO - Starting attempt 1 of 6
[2023-05-24T15:28:20.258+0000] {taskinstance.py:1327} INFO - Executing <Task(_PythonDecoratedOperator): get_age> on 2023-01-05 00:00:00+00:00
[2023-05-24T15:28:20.302+0000] {standard_task_runner.py:57} INFO - Started process 3114 to run task
[2023-05-24T15:28:20.345+0000] {standard_task_runner.py:84} INFO - Running: ['***', 'tasks', 'run', 'dag_with_taskflow_api_v02', 'get_age', 'scheduled__2023-01-05T00:00:00+00:00', '--job-id', '1308', '--raw', '--subdir', 'DAGS_FOLDER/first_dag.py', '--cfg-path', '/tmp/tmpj_14nb3u']
[2023-05-24T15:28:20.365+0000] {standard_task_runner.py:85} INFO - Job 1308: Subtask get_age
[2023-05-24T15:28:20.633+0000] {task_command.py:410} INFO - Running <TaskInstance: dag_with_taskflow_api_v02.get_age scheduled__2023-01-05T00:00:00+00:00 [running]> on host 942de29f183d
[2023-05-24T15:28:21.573+0000] {taskinstance.py:1547} INFO - Exporting env vars: AIRFLOW_CTX_DAG_OWNER='Sai' AIRFLOW_CTX_DAG_ID='dag_with_taskflow_api_v02' AIRFLOW_CTX_TASK_ID='get_age' AIRFLOW_CTX_EXECUTION_DATE='2023-01-05T00:00:00+00:00' AIRFLOW_CTX_TRY_NUMBER='1' AIRFLOW_CTX_DAG_RUN_ID='scheduled__2023-01-05T00:00:00+00:00'
[2023-05-24T15:28:21.574+0000] {python.py:183} INFO - Done. Returned value was: 19
[2023-05-24T15:28:21.688+0000] {taskinstance.py:1350} INFO - Marking task as SUCCESS. dag_id=dag_with_taskflow_api_v02, task_id=get_age, execution_date=20230105T000000, start_date=20230524T152819, end_date=20230524T152821
[2023-05-24T15:28:21.848+0000] {local_task_job_runner.py:225} INFO - Task exited with return code 0
[2023-05-24T15:28:22.305+0000] {taskinstance.py:2651} INFO - 0 downstream tasks scheduled from follow-on schedule check
[2023-05-25T07:00:52.067+0000] {taskinstance.py:1103} INFO - Dependencies all met for dep_context=non-requeueable deps ti=<TaskInstance: dag_with_taskflow_api_v02.get_age scheduled__2023-01-05T00:00:00+00:00 [queued]>
[2023-05-25T07:00:52.230+0000] {taskinstance.py:1103} INFO - Dependencies all met for dep_context=requeueable deps ti=<TaskInstance: dag_with_taskflow_api_v02.get_age scheduled__2023-01-05T00:00:00+00:00 [queued]>
[2023-05-25T07:00:52.233+0000] {taskinstance.py:1308} INFO - Starting attempt 1 of 6
[2023-05-25T07:00:52.346+0000] {taskinstance.py:1327} INFO - Executing <Task(_PythonDecoratedOperator): get_age> on 2023-01-05 00:00:00+00:00
[2023-05-25T07:00:52.369+0000] {standard_task_runner.py:57} INFO - Started process 4630 to run task
[2023-05-25T07:00:52.399+0000] {standard_task_runner.py:84} INFO - Running: ['***', 'tasks', 'run', 'dag_with_taskflow_api_v02', 'get_age', 'scheduled__2023-01-05T00:00:00+00:00', '--job-id', '1306', '--raw', '--subdir', 'DAGS_FOLDER/first_dag.py', '--cfg-path', '/tmp/tmpvq9oxcoh']
[2023-05-25T07:00:52.424+0000] {standard_task_runner.py:85} INFO - Job 1306: Subtask get_age
[2023-05-25T07:00:52.791+0000] {task_command.py:410} INFO - Running <TaskInstance: dag_with_taskflow_api_v02.get_age scheduled__2023-01-05T00:00:00+00:00 [running]> on host 6bd07c7477d9
[2023-05-25T07:00:53.470+0000] {taskinstance.py:1547} INFO - Exporting env vars: AIRFLOW_CTX_DAG_OWNER='Sai' AIRFLOW_CTX_DAG_ID='dag_with_taskflow_api_v02' AIRFLOW_CTX_TASK_ID='get_age' AIRFLOW_CTX_EXECUTION_DATE='2023-01-05T00:00:00+00:00' AIRFLOW_CTX_TRY_NUMBER='1' AIRFLOW_CTX_DAG_RUN_ID='scheduled__2023-01-05T00:00:00+00:00'
[2023-05-25T07:00:53.471+0000] {python.py:183} INFO - Done. Returned value was: 19
[2023-05-25T07:00:53.619+0000] {taskinstance.py:1350} INFO - Marking task as SUCCESS. dag_id=dag_with_taskflow_api_v02, task_id=get_age, execution_date=20230105T000000, start_date=20230525T070052, end_date=20230525T070053
[2023-05-25T07:00:53.729+0000] {local_task_job_runner.py:225} INFO - Task exited with return code 0
[2023-05-25T07:00:54.118+0000] {taskinstance.py:2651} INFO - 0 downstream tasks scheduled from follow-on schedule check
[2023-05-25T10:35:04.511+0000] {taskinstance.py:1103} INFO - Dependencies all met for dep_context=non-requeueable deps ti=<TaskInstance: dag_with_taskflow_api_v02.get_age scheduled__2023-01-05T00:00:00+00:00 [queued]>
[2023-05-25T10:35:04.675+0000] {taskinstance.py:1103} INFO - Dependencies all met for dep_context=requeueable deps ti=<TaskInstance: dag_with_taskflow_api_v02.get_age scheduled__2023-01-05T00:00:00+00:00 [queued]>
[2023-05-25T10:35:04.676+0000] {taskinstance.py:1308} INFO - Starting attempt 1 of 6
[2023-05-25T10:35:04.905+0000] {taskinstance.py:1327} INFO - Executing <Task(_PythonDecoratedOperator): get_age> on 2023-01-05 00:00:00+00:00
[2023-05-25T10:35:04.917+0000] {standard_task_runner.py:57} INFO - Started process 4293 to run task
[2023-05-25T10:35:04.943+0000] {standard_task_runner.py:84} INFO - Running: ['***', 'tasks', 'run', 'dag_with_taskflow_api_v02', 'get_age', 'scheduled__2023-01-05T00:00:00+00:00', '--job-id', '1328', '--raw', '--subdir', 'DAGS_FOLDER/first_dag.py', '--cfg-path', '/tmp/tmp926ou2xa']
[2023-05-25T10:35:04.946+0000] {standard_task_runner.py:85} INFO - Job 1328: Subtask get_age
[2023-05-25T10:35:05.264+0000] {task_command.py:410} INFO - Running <TaskInstance: dag_with_taskflow_api_v02.get_age scheduled__2023-01-05T00:00:00+00:00 [running]> on host b1ae37a9584e
[2023-05-25T10:35:06.319+0000] {taskinstance.py:1547} INFO - Exporting env vars: AIRFLOW_CTX_DAG_OWNER='Sai' AIRFLOW_CTX_DAG_ID='dag_with_taskflow_api_v02' AIRFLOW_CTX_TASK_ID='get_age' AIRFLOW_CTX_EXECUTION_DATE='2023-01-05T00:00:00+00:00' AIRFLOW_CTX_TRY_NUMBER='1' AIRFLOW_CTX_DAG_RUN_ID='scheduled__2023-01-05T00:00:00+00:00'
[2023-05-25T10:35:06.320+0000] {python.py:183} INFO - Done. Returned value was: 19
[2023-05-25T10:35:06.491+0000] {taskinstance.py:1350} INFO - Marking task as SUCCESS. dag_id=dag_with_taskflow_api_v02, task_id=get_age, execution_date=20230105T000000, start_date=20230525T103504, end_date=20230525T103506
[2023-05-25T10:35:06.767+0000] {local_task_job_runner.py:225} INFO - Task exited with return code 0
[2023-05-25T10:35:06.934+0000] {taskinstance.py:2651} INFO - 1 downstream tasks scheduled from follow-on schedule check
