[2023-05-24T15:28:19.740+0000] {taskinstance.py:1103} INFO - Dependencies all met for dep_context=non-requeueable deps ti=<TaskInstance: dag_with_taskflow_api_v02.get_age scheduled__2023-01-04T00:00:00+00:00 [queued]>
[2023-05-24T15:28:19.825+0000] {taskinstance.py:1103} INFO - Dependencies all met for dep_context=requeueable deps ti=<TaskInstance: dag_with_taskflow_api_v02.get_age scheduled__2023-01-04T00:00:00+00:00 [queued]>
[2023-05-24T15:28:19.825+0000] {taskinstance.py:1308} INFO - Starting attempt 1 of 6
[2023-05-24T15:28:19.896+0000] {taskinstance.py:1327} INFO - Executing <Task(_PythonDecoratedOperator): get_age> on 2023-01-04 00:00:00+00:00
[2023-05-24T15:28:19.903+0000] {standard_task_runner.py:57} INFO - Started process 3112 to run task
[2023-05-24T15:28:19.931+0000] {standard_task_runner.py:84} INFO - Running: ['***', 'tasks', 'run', 'dag_with_taskflow_api_v02', 'get_age', 'scheduled__2023-01-04T00:00:00+00:00', '--job-id', '1307', '--raw', '--subdir', 'DAGS_FOLDER/first_dag.py', '--cfg-path', '/tmp/tmp4bph3lrk']
[2023-05-24T15:28:19.933+0000] {standard_task_runner.py:85} INFO - Job 1307: Subtask get_age
[2023-05-24T15:28:20.135+0000] {task_command.py:410} INFO - Running <TaskInstance: dag_with_taskflow_api_v02.get_age scheduled__2023-01-04T00:00:00+00:00 [running]> on host 942de29f183d
[2023-05-24T15:28:20.742+0000] {taskinstance.py:1547} INFO - Exporting env vars: AIRFLOW_CTX_DAG_OWNER='Sai' AIRFLOW_CTX_DAG_ID='dag_with_taskflow_api_v02' AIRFLOW_CTX_TASK_ID='get_age' AIRFLOW_CTX_EXECUTION_DATE='2023-01-04T00:00:00+00:00' AIRFLOW_CTX_TRY_NUMBER='1' AIRFLOW_CTX_DAG_RUN_ID='scheduled__2023-01-04T00:00:00+00:00'
[2023-05-24T15:28:20.743+0000] {python.py:183} INFO - Done. Returned value was: 19
[2023-05-24T15:28:20.908+0000] {taskinstance.py:1350} INFO - Marking task as SUCCESS. dag_id=dag_with_taskflow_api_v02, task_id=get_age, execution_date=20230104T000000, start_date=20230524T152819, end_date=20230524T152820
[2023-05-24T15:28:21.093+0000] {local_task_job_runner.py:225} INFO - Task exited with return code 0
[2023-05-24T15:28:22.155+0000] {taskinstance.py:2651} INFO - 0 downstream tasks scheduled from follow-on schedule check
[2023-05-25T07:00:50.048+0000] {taskinstance.py:1103} INFO - Dependencies all met for dep_context=non-requeueable deps ti=<TaskInstance: dag_with_taskflow_api_v02.get_age scheduled__2023-01-04T00:00:00+00:00 [queued]>
[2023-05-25T07:00:50.153+0000] {taskinstance.py:1103} INFO - Dependencies all met for dep_context=requeueable deps ti=<TaskInstance: dag_with_taskflow_api_v02.get_age scheduled__2023-01-04T00:00:00+00:00 [queued]>
[2023-05-25T07:00:50.161+0000] {taskinstance.py:1308} INFO - Starting attempt 1 of 6
[2023-05-25T07:00:50.293+0000] {taskinstance.py:1327} INFO - Executing <Task(_PythonDecoratedOperator): get_age> on 2023-01-04 00:00:00+00:00
[2023-05-25T07:00:50.331+0000] {standard_task_runner.py:57} INFO - Started process 4624 to run task
[2023-05-25T07:00:50.366+0000] {standard_task_runner.py:84} INFO - Running: ['***', 'tasks', 'run', 'dag_with_taskflow_api_v02', 'get_age', 'scheduled__2023-01-04T00:00:00+00:00', '--job-id', '1304', '--raw', '--subdir', 'DAGS_FOLDER/first_dag.py', '--cfg-path', '/tmp/tmpb343gkve']
[2023-05-25T07:00:50.404+0000] {standard_task_runner.py:85} INFO - Job 1304: Subtask get_age
[2023-05-25T07:00:50.967+0000] {task_command.py:410} INFO - Running <TaskInstance: dag_with_taskflow_api_v02.get_age scheduled__2023-01-04T00:00:00+00:00 [running]> on host 6bd07c7477d9
[2023-05-25T07:00:51.858+0000] {taskinstance.py:1547} INFO - Exporting env vars: AIRFLOW_CTX_DAG_OWNER='Sai' AIRFLOW_CTX_DAG_ID='dag_with_taskflow_api_v02' AIRFLOW_CTX_TASK_ID='get_age' AIRFLOW_CTX_EXECUTION_DATE='2023-01-04T00:00:00+00:00' AIRFLOW_CTX_TRY_NUMBER='1' AIRFLOW_CTX_DAG_RUN_ID='scheduled__2023-01-04T00:00:00+00:00'
[2023-05-25T07:00:51.859+0000] {python.py:183} INFO - Done. Returned value was: 19
[2023-05-25T07:00:52.051+0000] {taskinstance.py:1350} INFO - Marking task as SUCCESS. dag_id=dag_with_taskflow_api_v02, task_id=get_age, execution_date=20230104T000000, start_date=20230525T070050, end_date=20230525T070052
[2023-05-25T07:00:52.246+0000] {local_task_job_runner.py:225} INFO - Task exited with return code 0
[2023-05-25T07:00:52.545+0000] {taskinstance.py:2651} INFO - 0 downstream tasks scheduled from follow-on schedule check
[2023-05-25T10:35:02.416+0000] {taskinstance.py:1103} INFO - Dependencies all met for dep_context=non-requeueable deps ti=<TaskInstance: dag_with_taskflow_api_v02.get_age scheduled__2023-01-04T00:00:00+00:00 [queued]>
[2023-05-25T10:35:02.490+0000] {taskinstance.py:1103} INFO - Dependencies all met for dep_context=requeueable deps ti=<TaskInstance: dag_with_taskflow_api_v02.get_age scheduled__2023-01-04T00:00:00+00:00 [queued]>
[2023-05-25T10:35:02.490+0000] {taskinstance.py:1308} INFO - Starting attempt 1 of 6
[2023-05-25T10:35:02.792+0000] {taskinstance.py:1327} INFO - Executing <Task(_PythonDecoratedOperator): get_age> on 2023-01-04 00:00:00+00:00
[2023-05-25T10:35:02.867+0000] {standard_task_runner.py:57} INFO - Started process 4286 to run task
[2023-05-25T10:35:02.915+0000] {standard_task_runner.py:84} INFO - Running: ['***', 'tasks', 'run', 'dag_with_taskflow_api_v02', 'get_age', 'scheduled__2023-01-04T00:00:00+00:00', '--job-id', '1324', '--raw', '--subdir', 'DAGS_FOLDER/first_dag.py', '--cfg-path', '/tmp/tmpxyv9pxo8']
[2023-05-25T10:35:02.946+0000] {standard_task_runner.py:85} INFO - Job 1324: Subtask get_age
[2023-05-25T10:35:03.415+0000] {task_command.py:410} INFO - Running <TaskInstance: dag_with_taskflow_api_v02.get_age scheduled__2023-01-04T00:00:00+00:00 [running]> on host b1ae37a9584e
[2023-05-25T10:35:04.418+0000] {taskinstance.py:1547} INFO - Exporting env vars: AIRFLOW_CTX_DAG_OWNER='Sai' AIRFLOW_CTX_DAG_ID='dag_with_taskflow_api_v02' AIRFLOW_CTX_TASK_ID='get_age' AIRFLOW_CTX_EXECUTION_DATE='2023-01-04T00:00:00+00:00' AIRFLOW_CTX_TRY_NUMBER='1' AIRFLOW_CTX_DAG_RUN_ID='scheduled__2023-01-04T00:00:00+00:00'
[2023-05-25T10:35:04.419+0000] {python.py:183} INFO - Done. Returned value was: 19
[2023-05-25T10:35:04.615+0000] {taskinstance.py:1350} INFO - Marking task as SUCCESS. dag_id=dag_with_taskflow_api_v02, task_id=get_age, execution_date=20230104T000000, start_date=20230525T103502, end_date=20230525T103504
[2023-05-25T10:35:04.867+0000] {local_task_job_runner.py:225} INFO - Task exited with return code 0
[2023-05-25T10:35:05.484+0000] {taskinstance.py:2651} INFO - 0 downstream tasks scheduled from follow-on schedule check
