[2023-05-24T15:17:27.504+0000] {taskinstance.py:1103} INFO - Dependencies all met for dep_context=non-requeueable deps ti=<TaskInstance: dag_with_taskflow_api_v02.get_name scheduled__2022-01-11T00:00:00+00:00 [queued]>
[2023-05-24T15:17:27.637+0000] {taskinstance.py:1103} INFO - Dependencies all met for dep_context=requeueable deps ti=<TaskInstance: dag_with_taskflow_api_v02.get_name scheduled__2022-01-11T00:00:00+00:00 [queued]>
[2023-05-24T15:17:27.638+0000] {taskinstance.py:1308} INFO - Starting attempt 1 of 6
[2023-05-24T15:17:28.291+0000] {taskinstance.py:1327} INFO - Executing <Task(_PythonDecoratedOperator): get_name> on 2022-01-11 00:00:00+00:00
[2023-05-24T15:17:28.427+0000] {standard_task_runner.py:57} INFO - Started process 706 to run task
[2023-05-24T15:17:28.469+0000] {standard_task_runner.py:84} INFO - Running: ['***', 'tasks', 'run', 'dag_with_taskflow_api_v02', 'get_name', 'scheduled__2022-01-11T00:00:00+00:00', '--job-id', '231', '--raw', '--subdir', 'DAGS_FOLDER/first_dag.py', '--cfg-path', '/tmp/tmp2z3z_n3q']
[2023-05-24T15:17:28.519+0000] {standard_task_runner.py:85} INFO - Job 231: Subtask get_name
[2023-05-24T15:17:29.303+0000] {task_command.py:410} INFO - Running <TaskInstance: dag_with_taskflow_api_v02.get_name scheduled__2022-01-11T00:00:00+00:00 [running]> on host 942de29f183d
[2023-05-24T15:17:32.507+0000] {taskinstance.py:1547} INFO - Exporting env vars: AIRFLOW_CTX_DAG_OWNER='Sai' AIRFLOW_CTX_DAG_ID='dag_with_taskflow_api_v02' AIRFLOW_CTX_TASK_ID='get_name' AIRFLOW_CTX_EXECUTION_DATE='2022-01-11T00:00:00+00:00' AIRFLOW_CTX_TRY_NUMBER='1' AIRFLOW_CTX_DAG_RUN_ID='scheduled__2022-01-11T00:00:00+00:00'
[2023-05-24T15:17:32.508+0000] {python.py:183} INFO - Done. Returned value was: {'first_name': 'Sai', 'last_name': 'Tr'}
[2023-05-24T15:17:33.029+0000] {taskinstance.py:1350} INFO - Marking task as SUCCESS. dag_id=dag_with_taskflow_api_v02, task_id=get_name, execution_date=20220111T000000, start_date=20230524T151727, end_date=20230524T151733
[2023-05-24T15:17:34.800+0000] {local_task_job_runner.py:225} INFO - Task exited with return code 0
[2023-05-24T15:17:35.300+0000] {taskinstance.py:2651} INFO - 1 downstream tasks scheduled from follow-on schedule check
[2023-05-25T06:51:07.696+0000] {taskinstance.py:1103} INFO - Dependencies all met for dep_context=non-requeueable deps ti=<TaskInstance: dag_with_taskflow_api_v02.get_name scheduled__2022-01-11T00:00:00+00:00 [queued]>
[2023-05-25T06:51:07.804+0000] {taskinstance.py:1103} INFO - Dependencies all met for dep_context=requeueable deps ti=<TaskInstance: dag_with_taskflow_api_v02.get_name scheduled__2022-01-11T00:00:00+00:00 [queued]>
[2023-05-25T06:51:07.804+0000] {taskinstance.py:1308} INFO - Starting attempt 1 of 6
[2023-05-25T06:51:08.126+0000] {taskinstance.py:1327} INFO - Executing <Task(_PythonDecoratedOperator): get_name> on 2022-01-11 00:00:00+00:00
[2023-05-25T06:51:08.161+0000] {standard_task_runner.py:57} INFO - Started process 2264 to run task
[2023-05-25T06:51:08.158+0000] {standard_task_runner.py:84} INFO - Running: ['***', 'tasks', 'run', 'dag_with_taskflow_api_v02', 'get_name', 'scheduled__2022-01-11T00:00:00+00:00', '--job-id', '236', '--raw', '--subdir', 'DAGS_FOLDER/first_dag.py', '--cfg-path', '/tmp/tmp7oko_mua']
[2023-05-25T06:51:08.189+0000] {standard_task_runner.py:85} INFO - Job 236: Subtask get_name
[2023-05-25T06:51:08.587+0000] {task_command.py:410} INFO - Running <TaskInstance: dag_with_taskflow_api_v02.get_name scheduled__2022-01-11T00:00:00+00:00 [running]> on host 6bd07c7477d9
[2023-05-25T06:51:09.072+0000] {taskinstance.py:1547} INFO - Exporting env vars: AIRFLOW_CTX_DAG_OWNER='Sai' AIRFLOW_CTX_DAG_ID='dag_with_taskflow_api_v02' AIRFLOW_CTX_TASK_ID='get_name' AIRFLOW_CTX_EXECUTION_DATE='2022-01-11T00:00:00+00:00' AIRFLOW_CTX_TRY_NUMBER='1' AIRFLOW_CTX_DAG_RUN_ID='scheduled__2022-01-11T00:00:00+00:00'
[2023-05-25T06:51:09.073+0000] {python.py:183} INFO - Done. Returned value was: {'first_name': 'Sai', 'last_name': 'Tr'}
[2023-05-25T06:51:09.254+0000] {taskinstance.py:1350} INFO - Marking task as SUCCESS. dag_id=dag_with_taskflow_api_v02, task_id=get_name, execution_date=20220111T000000, start_date=20230525T065107, end_date=20230525T065109
[2023-05-25T06:51:09.396+0000] {local_task_job_runner.py:225} INFO - Task exited with return code 0
[2023-05-25T06:51:09.646+0000] {taskinstance.py:2651} INFO - 0 downstream tasks scheduled from follow-on schedule check
[2023-05-25T10:21:32.131+0000] {taskinstance.py:1103} INFO - Dependencies all met for dep_context=non-requeueable deps ti=<TaskInstance: dag_with_taskflow_api_v02.get_name scheduled__2022-01-11T00:00:00+00:00 [queued]>
[2023-05-25T10:21:32.384+0000] {taskinstance.py:1103} INFO - Dependencies all met for dep_context=requeueable deps ti=<TaskInstance: dag_with_taskflow_api_v02.get_name scheduled__2022-01-11T00:00:00+00:00 [queued]>
[2023-05-25T10:21:32.385+0000] {taskinstance.py:1308} INFO - Starting attempt 1 of 6
[2023-05-25T10:21:32.590+0000] {taskinstance.py:1327} INFO - Executing <Task(_PythonDecoratedOperator): get_name> on 2022-01-11 00:00:00+00:00
[2023-05-25T10:21:32.837+0000] {standard_task_runner.py:57} INFO - Started process 1781 to run task
[2023-05-25T10:21:32.905+0000] {standard_task_runner.py:84} INFO - Running: ['***', 'tasks', 'run', 'dag_with_taskflow_api_v02', 'get_name', 'scheduled__2022-01-11T00:00:00+00:00', '--job-id', '226', '--raw', '--subdir', 'DAGS_FOLDER/first_dag.py', '--cfg-path', '/tmp/tmppz_wax9_']
[2023-05-25T10:21:32.943+0000] {standard_task_runner.py:85} INFO - Job 226: Subtask get_name
[2023-05-25T10:21:33.340+0000] {task_command.py:410} INFO - Running <TaskInstance: dag_with_taskflow_api_v02.get_name scheduled__2022-01-11T00:00:00+00:00 [running]> on host b1ae37a9584e
[2023-05-25T10:21:33.951+0000] {taskinstance.py:1547} INFO - Exporting env vars: AIRFLOW_CTX_DAG_OWNER='Sai' AIRFLOW_CTX_DAG_ID='dag_with_taskflow_api_v02' AIRFLOW_CTX_TASK_ID='get_name' AIRFLOW_CTX_EXECUTION_DATE='2022-01-11T00:00:00+00:00' AIRFLOW_CTX_TRY_NUMBER='1' AIRFLOW_CTX_DAG_RUN_ID='scheduled__2022-01-11T00:00:00+00:00'
[2023-05-25T10:21:33.953+0000] {python.py:183} INFO - Done. Returned value was: {'first_name': 'Sai', 'last_name': 'Tr'}
[2023-05-25T10:21:34.161+0000] {taskinstance.py:1350} INFO - Marking task as SUCCESS. dag_id=dag_with_taskflow_api_v02, task_id=get_name, execution_date=20220111T000000, start_date=20230525T102132, end_date=20230525T102134
[2023-05-25T10:21:34.261+0000] {local_task_job_runner.py:225} INFO - Task exited with return code 0
[2023-05-25T10:21:34.513+0000] {taskinstance.py:2651} INFO - 0 downstream tasks scheduled from follow-on schedule check
