[2023-05-24T15:23:14.515+0000] {taskinstance.py:1103} INFO - Dependencies all met for dep_context=non-requeueable deps ti=<TaskInstance: dag_with_taskflow_api_v02.greet scheduled__2022-07-01T00:00:00+00:00 [queued]>
[2023-05-24T15:23:14.679+0000] {taskinstance.py:1103} INFO - Dependencies all met for dep_context=requeueable deps ti=<TaskInstance: dag_with_taskflow_api_v02.greet scheduled__2022-07-01T00:00:00+00:00 [queued]>
[2023-05-24T15:23:14.680+0000] {taskinstance.py:1308} INFO - Starting attempt 1 of 6
[2023-05-24T15:23:14.984+0000] {taskinstance.py:1327} INFO - Executing <Task(_PythonDecoratedOperator): greet> on 2022-07-01 00:00:00+00:00
[2023-05-24T15:23:15.001+0000] {standard_task_runner.py:57} INFO - Started process 1916 to run task
[2023-05-24T15:23:15.039+0000] {standard_task_runner.py:84} INFO - Running: ['***', 'tasks', 'run', 'dag_with_taskflow_api_v02', 'greet', 'scheduled__2022-07-01T00:00:00+00:00', '--job-id', '765', '--raw', '--subdir', 'DAGS_FOLDER/first_dag.py', '--cfg-path', '/tmp/tmpycarddeq']
[2023-05-24T15:23:15.066+0000] {standard_task_runner.py:85} INFO - Job 765: Subtask greet
[2023-05-24T15:23:15.431+0000] {task_command.py:410} INFO - Running <TaskInstance: dag_with_taskflow_api_v02.greet scheduled__2022-07-01T00:00:00+00:00 [running]> on host 942de29f183d
[2023-05-24T15:23:16.330+0000] {taskinstance.py:1547} INFO - Exporting env vars: AIRFLOW_CTX_DAG_OWNER='Sai' AIRFLOW_CTX_DAG_ID='dag_with_taskflow_api_v02' AIRFLOW_CTX_TASK_ID='greet' AIRFLOW_CTX_EXECUTION_DATE='2022-07-01T00:00:00+00:00' AIRFLOW_CTX_TRY_NUMBER='1' AIRFLOW_CTX_DAG_RUN_ID='scheduled__2022-07-01T00:00:00+00:00'
[2023-05-24T15:23:16.332+0000] {logging_mixin.py:149} INFO - Hello World! My name is Sai Tr and I am 19 years old!
[2023-05-24T15:23:16.333+0000] {python.py:183} INFO - Done. Returned value was: None
[2023-05-24T15:23:16.509+0000] {taskinstance.py:1350} INFO - Marking task as SUCCESS. dag_id=dag_with_taskflow_api_v02, task_id=greet, execution_date=20220701T000000, start_date=20230524T152314, end_date=20230524T152316
[2023-05-24T15:23:16.619+0000] {local_task_job_runner.py:225} INFO - Task exited with return code 0
[2023-05-24T15:23:16.736+0000] {taskinstance.py:2651} INFO - 0 downstream tasks scheduled from follow-on schedule check
[2023-05-25T06:55:44.145+0000] {taskinstance.py:1103} INFO - Dependencies all met for dep_context=non-requeueable deps ti=<TaskInstance: dag_with_taskflow_api_v02.greet scheduled__2022-07-01T00:00:00+00:00 [queued]>
[2023-05-25T06:55:44.157+0000] {taskinstance.py:1103} INFO - Dependencies all met for dep_context=requeueable deps ti=<TaskInstance: dag_with_taskflow_api_v02.greet scheduled__2022-07-01T00:00:00+00:00 [queued]>
[2023-05-25T06:55:44.158+0000] {taskinstance.py:1308} INFO - Starting attempt 1 of 6
[2023-05-25T06:55:44.180+0000] {taskinstance.py:1327} INFO - Executing <Task(_PythonDecoratedOperator): greet> on 2022-07-01 00:00:00+00:00
[2023-05-25T06:55:44.185+0000] {standard_task_runner.py:57} INFO - Started process 3397 to run task
[2023-05-25T06:55:44.189+0000] {standard_task_runner.py:84} INFO - Running: ['***', 'tasks', 'run', 'dag_with_taskflow_api_v02', 'greet', 'scheduled__2022-07-01T00:00:00+00:00', '--job-id', '752', '--raw', '--subdir', 'DAGS_FOLDER/first_dag.py', '--cfg-path', '/tmp/tmp50ous3p1']
[2023-05-25T06:55:44.191+0000] {standard_task_runner.py:85} INFO - Job 752: Subtask greet
[2023-05-25T06:55:44.250+0000] {task_command.py:410} INFO - Running <TaskInstance: dag_with_taskflow_api_v02.greet scheduled__2022-07-01T00:00:00+00:00 [running]> on host 6bd07c7477d9
[2023-05-25T06:55:44.441+0000] {taskinstance.py:1547} INFO - Exporting env vars: AIRFLOW_CTX_DAG_OWNER='Sai' AIRFLOW_CTX_DAG_ID='dag_with_taskflow_api_v02' AIRFLOW_CTX_TASK_ID='greet' AIRFLOW_CTX_EXECUTION_DATE='2022-07-01T00:00:00+00:00' AIRFLOW_CTX_TRY_NUMBER='1' AIRFLOW_CTX_DAG_RUN_ID='scheduled__2022-07-01T00:00:00+00:00'
[2023-05-25T06:55:44.443+0000] {logging_mixin.py:149} INFO - Hello World! My name is Sai Tr and I am 19 years old!
[2023-05-25T06:55:44.443+0000] {python.py:183} INFO - Done. Returned value was: None
[2023-05-25T06:55:44.455+0000] {taskinstance.py:1350} INFO - Marking task as SUCCESS. dag_id=dag_with_taskflow_api_v02, task_id=greet, execution_date=20220701T000000, start_date=20230525T065544, end_date=20230525T065544
[2023-05-25T06:55:44.481+0000] {local_task_job_runner.py:225} INFO - Task exited with return code 0
[2023-05-25T06:55:44.506+0000] {taskinstance.py:2651} INFO - 0 downstream tasks scheduled from follow-on schedule check
[2023-05-25T10:27:27.366+0000] {taskinstance.py:1103} INFO - Dependencies all met for dep_context=non-requeueable deps ti=<TaskInstance: dag_with_taskflow_api_v02.greet scheduled__2022-07-01T00:00:00+00:00 [queued]>
[2023-05-25T10:27:27.384+0000] {taskinstance.py:1103} INFO - Dependencies all met for dep_context=requeueable deps ti=<TaskInstance: dag_with_taskflow_api_v02.greet scheduled__2022-07-01T00:00:00+00:00 [queued]>
[2023-05-25T10:27:27.384+0000] {taskinstance.py:1308} INFO - Starting attempt 1 of 6
[2023-05-25T10:27:27.423+0000] {taskinstance.py:1327} INFO - Executing <Task(_PythonDecoratedOperator): greet> on 2022-07-01 00:00:00+00:00
[2023-05-25T10:27:27.430+0000] {standard_task_runner.py:57} INFO - Started process 2990 to run task
[2023-05-25T10:27:27.438+0000] {standard_task_runner.py:84} INFO - Running: ['***', 'tasks', 'run', 'dag_with_taskflow_api_v02', 'greet', 'scheduled__2022-07-01T00:00:00+00:00', '--job-id', '767', '--raw', '--subdir', 'DAGS_FOLDER/first_dag.py', '--cfg-path', '/tmp/tmpmhlrsr5e']
[2023-05-25T10:27:27.441+0000] {standard_task_runner.py:85} INFO - Job 767: Subtask greet
[2023-05-25T10:27:27.546+0000] {task_command.py:410} INFO - Running <TaskInstance: dag_with_taskflow_api_v02.greet scheduled__2022-07-01T00:00:00+00:00 [running]> on host b1ae37a9584e
[2023-05-25T10:27:27.811+0000] {taskinstance.py:1547} INFO - Exporting env vars: AIRFLOW_CTX_DAG_OWNER='Sai' AIRFLOW_CTX_DAG_ID='dag_with_taskflow_api_v02' AIRFLOW_CTX_TASK_ID='greet' AIRFLOW_CTX_EXECUTION_DATE='2022-07-01T00:00:00+00:00' AIRFLOW_CTX_TRY_NUMBER='1' AIRFLOW_CTX_DAG_RUN_ID='scheduled__2022-07-01T00:00:00+00:00'
[2023-05-25T10:27:27.813+0000] {logging_mixin.py:149} INFO - Hello World! My name is Sai Tr and I am 19 years old!
[2023-05-25T10:27:27.813+0000] {python.py:183} INFO - Done. Returned value was: None
[2023-05-25T10:27:27.861+0000] {taskinstance.py:1350} INFO - Marking task as SUCCESS. dag_id=dag_with_taskflow_api_v02, task_id=greet, execution_date=20220701T000000, start_date=20230525T102727, end_date=20230525T102727
[2023-05-25T10:27:27.931+0000] {local_task_job_runner.py:225} INFO - Task exited with return code 0
[2023-05-25T10:27:27.987+0000] {taskinstance.py:2651} INFO - 0 downstream tasks scheduled from follow-on schedule check
