[2023-05-24T15:22:45.420+0000] {taskinstance.py:1103} INFO - Dependencies all met for dep_context=non-requeueable deps ti=<TaskInstance: dag_with_taskflow_api_v02.greet scheduled__2022-06-15T00:00:00+00:00 [queued]>
[2023-05-24T15:22:45.495+0000] {taskinstance.py:1103} INFO - Dependencies all met for dep_context=requeueable deps ti=<TaskInstance: dag_with_taskflow_api_v02.greet scheduled__2022-06-15T00:00:00+00:00 [queued]>
[2023-05-24T15:22:45.496+0000] {taskinstance.py:1308} INFO - Starting attempt 1 of 6
[2023-05-24T15:22:45.835+0000] {taskinstance.py:1327} INFO - Executing <Task(_PythonDecoratedOperator): greet> on 2022-06-15 00:00:00+00:00
[2023-05-24T15:22:45.862+0000] {standard_task_runner.py:57} INFO - Started process 1815 to run task
[2023-05-24T15:22:45.884+0000] {standard_task_runner.py:84} INFO - Running: ['***', 'tasks', 'run', 'dag_with_taskflow_api_v02', 'greet', 'scheduled__2022-06-15T00:00:00+00:00', '--job-id', '720', '--raw', '--subdir', 'DAGS_FOLDER/first_dag.py', '--cfg-path', '/tmp/tmp__f_6xh2']
[2023-05-24T15:22:45.902+0000] {standard_task_runner.py:85} INFO - Job 720: Subtask greet
[2023-05-24T15:22:46.187+0000] {task_command.py:410} INFO - Running <TaskInstance: dag_with_taskflow_api_v02.greet scheduled__2022-06-15T00:00:00+00:00 [running]> on host 942de29f183d
[2023-05-24T15:22:46.867+0000] {taskinstance.py:1547} INFO - Exporting env vars: AIRFLOW_CTX_DAG_OWNER='Sai' AIRFLOW_CTX_DAG_ID='dag_with_taskflow_api_v02' AIRFLOW_CTX_TASK_ID='greet' AIRFLOW_CTX_EXECUTION_DATE='2022-06-15T00:00:00+00:00' AIRFLOW_CTX_TRY_NUMBER='1' AIRFLOW_CTX_DAG_RUN_ID='scheduled__2022-06-15T00:00:00+00:00'
[2023-05-24T15:22:46.869+0000] {logging_mixin.py:149} INFO - Hello World! My name is Sai Tr and I am 19 years old!
[2023-05-24T15:22:46.869+0000] {python.py:183} INFO - Done. Returned value was: None
[2023-05-24T15:22:46.898+0000] {taskinstance.py:1350} INFO - Marking task as SUCCESS. dag_id=dag_with_taskflow_api_v02, task_id=greet, execution_date=20220615T000000, start_date=20230524T152245, end_date=20230524T152246
[2023-05-24T15:22:46.993+0000] {local_task_job_runner.py:225} INFO - Task exited with return code 0
[2023-05-24T15:22:47.123+0000] {taskinstance.py:2651} INFO - 0 downstream tasks scheduled from follow-on schedule check
[2023-05-25T06:55:19.481+0000] {taskinstance.py:1103} INFO - Dependencies all met for dep_context=non-requeueable deps ti=<TaskInstance: dag_with_taskflow_api_v02.greet scheduled__2022-06-15T00:00:00+00:00 [queued]>
[2023-05-25T06:55:19.494+0000] {taskinstance.py:1103} INFO - Dependencies all met for dep_context=requeueable deps ti=<TaskInstance: dag_with_taskflow_api_v02.greet scheduled__2022-06-15T00:00:00+00:00 [queued]>
[2023-05-25T06:55:19.494+0000] {taskinstance.py:1308} INFO - Starting attempt 1 of 6
[2023-05-25T06:55:19.515+0000] {taskinstance.py:1327} INFO - Executing <Task(_PythonDecoratedOperator): greet> on 2022-06-15 00:00:00+00:00
[2023-05-25T06:55:19.523+0000] {standard_task_runner.py:57} INFO - Started process 3295 to run task
[2023-05-25T06:55:19.528+0000] {standard_task_runner.py:84} INFO - Running: ['***', 'tasks', 'run', 'dag_with_taskflow_api_v02', 'greet', 'scheduled__2022-06-15T00:00:00+00:00', '--job-id', '706', '--raw', '--subdir', 'DAGS_FOLDER/first_dag.py', '--cfg-path', '/tmp/tmpfmh1mb7z']
[2023-05-25T06:55:19.531+0000] {standard_task_runner.py:85} INFO - Job 706: Subtask greet
[2023-05-25T06:55:19.611+0000] {task_command.py:410} INFO - Running <TaskInstance: dag_with_taskflow_api_v02.greet scheduled__2022-06-15T00:00:00+00:00 [running]> on host 6bd07c7477d9
[2023-05-25T06:55:19.785+0000] {taskinstance.py:1547} INFO - Exporting env vars: AIRFLOW_CTX_DAG_OWNER='Sai' AIRFLOW_CTX_DAG_ID='dag_with_taskflow_api_v02' AIRFLOW_CTX_TASK_ID='greet' AIRFLOW_CTX_EXECUTION_DATE='2022-06-15T00:00:00+00:00' AIRFLOW_CTX_TRY_NUMBER='1' AIRFLOW_CTX_DAG_RUN_ID='scheduled__2022-06-15T00:00:00+00:00'
[2023-05-25T06:55:19.786+0000] {logging_mixin.py:149} INFO - Hello World! My name is Sai Tr and I am 19 years old!
[2023-05-25T06:55:19.786+0000] {python.py:183} INFO - Done. Returned value was: None
[2023-05-25T06:55:19.800+0000] {taskinstance.py:1350} INFO - Marking task as SUCCESS. dag_id=dag_with_taskflow_api_v02, task_id=greet, execution_date=20220615T000000, start_date=20230525T065519, end_date=20230525T065519
[2023-05-25T06:55:19.860+0000] {local_task_job_runner.py:225} INFO - Task exited with return code 0
[2023-05-25T06:55:19.892+0000] {taskinstance.py:2651} INFO - 0 downstream tasks scheduled from follow-on schedule check
[2023-05-25T10:26:51.573+0000] {taskinstance.py:1103} INFO - Dependencies all met for dep_context=non-requeueable deps ti=<TaskInstance: dag_with_taskflow_api_v02.greet scheduled__2022-06-15T00:00:00+00:00 [queued]>
[2023-05-25T10:26:51.599+0000] {taskinstance.py:1103} INFO - Dependencies all met for dep_context=requeueable deps ti=<TaskInstance: dag_with_taskflow_api_v02.greet scheduled__2022-06-15T00:00:00+00:00 [queued]>
[2023-05-25T10:26:51.600+0000] {taskinstance.py:1308} INFO - Starting attempt 1 of 6
[2023-05-25T10:26:51.646+0000] {taskinstance.py:1327} INFO - Executing <Task(_PythonDecoratedOperator): greet> on 2022-06-15 00:00:00+00:00
[2023-05-25T10:26:51.657+0000] {standard_task_runner.py:57} INFO - Started process 2889 to run task
[2023-05-25T10:26:51.662+0000] {standard_task_runner.py:84} INFO - Running: ['***', 'tasks', 'run', 'dag_with_taskflow_api_v02', 'greet', 'scheduled__2022-06-15T00:00:00+00:00', '--job-id', '723', '--raw', '--subdir', 'DAGS_FOLDER/first_dag.py', '--cfg-path', '/tmp/tmpyr4th039']
[2023-05-25T10:26:51.665+0000] {standard_task_runner.py:85} INFO - Job 723: Subtask greet
[2023-05-25T10:26:51.770+0000] {task_command.py:410} INFO - Running <TaskInstance: dag_with_taskflow_api_v02.greet scheduled__2022-06-15T00:00:00+00:00 [running]> on host b1ae37a9584e
[2023-05-25T10:26:52.039+0000] {taskinstance.py:1547} INFO - Exporting env vars: AIRFLOW_CTX_DAG_OWNER='Sai' AIRFLOW_CTX_DAG_ID='dag_with_taskflow_api_v02' AIRFLOW_CTX_TASK_ID='greet' AIRFLOW_CTX_EXECUTION_DATE='2022-06-15T00:00:00+00:00' AIRFLOW_CTX_TRY_NUMBER='1' AIRFLOW_CTX_DAG_RUN_ID='scheduled__2022-06-15T00:00:00+00:00'
[2023-05-25T10:26:52.040+0000] {logging_mixin.py:149} INFO - Hello World! My name is Sai Tr and I am 19 years old!
[2023-05-25T10:26:52.040+0000] {python.py:183} INFO - Done. Returned value was: None
[2023-05-25T10:26:52.063+0000] {taskinstance.py:1350} INFO - Marking task as SUCCESS. dag_id=dag_with_taskflow_api_v02, task_id=greet, execution_date=20220615T000000, start_date=20230525T102651, end_date=20230525T102652
[2023-05-25T10:26:52.122+0000] {local_task_job_runner.py:225} INFO - Task exited with return code 0
[2023-05-25T10:26:52.156+0000] {taskinstance.py:2651} INFO - 0 downstream tasks scheduled from follow-on schedule check
