[2023-05-24T15:18:59.284+0000] {taskinstance.py:1103} INFO - Dependencies all met for dep_context=non-requeueable deps ti=<TaskInstance: dag_with_taskflow_api_v02.greet scheduled__2022-02-16T00:00:00+00:00 [queued]>
[2023-05-24T15:18:59.363+0000] {taskinstance.py:1103} INFO - Dependencies all met for dep_context=requeueable deps ti=<TaskInstance: dag_with_taskflow_api_v02.greet scheduled__2022-02-16T00:00:00+00:00 [queued]>
[2023-05-24T15:18:59.363+0000] {taskinstance.py:1308} INFO - Starting attempt 1 of 6
[2023-05-24T15:18:59.530+0000] {taskinstance.py:1327} INFO - Executing <Task(_PythonDecoratedOperator): greet> on 2022-02-16 00:00:00+00:00
[2023-05-24T15:18:59.579+0000] {standard_task_runner.py:57} INFO - Started process 1005 to run task
[2023-05-24T15:18:59.639+0000] {standard_task_runner.py:84} INFO - Running: ['***', 'tasks', 'run', 'dag_with_taskflow_api_v02', 'greet', 'scheduled__2022-02-16T00:00:00+00:00', '--job-id', '361', '--raw', '--subdir', 'DAGS_FOLDER/first_dag.py', '--cfg-path', '/tmp/tmpn0u821ig']
[2023-05-24T15:18:59.642+0000] {standard_task_runner.py:85} INFO - Job 361: Subtask greet
[2023-05-24T15:19:00.104+0000] {task_command.py:410} INFO - Running <TaskInstance: dag_with_taskflow_api_v02.greet scheduled__2022-02-16T00:00:00+00:00 [running]> on host 942de29f183d
[2023-05-24T15:19:01.471+0000] {taskinstance.py:1547} INFO - Exporting env vars: AIRFLOW_CTX_DAG_OWNER='Sai' AIRFLOW_CTX_DAG_ID='dag_with_taskflow_api_v02' AIRFLOW_CTX_TASK_ID='greet' AIRFLOW_CTX_EXECUTION_DATE='2022-02-16T00:00:00+00:00' AIRFLOW_CTX_TRY_NUMBER='1' AIRFLOW_CTX_DAG_RUN_ID='scheduled__2022-02-16T00:00:00+00:00'
[2023-05-24T15:19:01.472+0000] {logging_mixin.py:149} INFO - Hello World! My name is Sai Tr and I am 19 years old!
[2023-05-24T15:19:01.473+0000] {python.py:183} INFO - Done. Returned value was: None
[2023-05-24T15:19:01.616+0000] {taskinstance.py:1350} INFO - Marking task as SUCCESS. dag_id=dag_with_taskflow_api_v02, task_id=greet, execution_date=20220216T000000, start_date=20230524T151859, end_date=20230524T151901
[2023-05-24T15:19:02.235+0000] {local_task_job_runner.py:225} INFO - Task exited with return code 0
[2023-05-24T15:19:02.418+0000] {taskinstance.py:2651} INFO - 0 downstream tasks scheduled from follow-on schedule check
[2023-05-25T06:52:12.344+0000] {taskinstance.py:1103} INFO - Dependencies all met for dep_context=non-requeueable deps ti=<TaskInstance: dag_with_taskflow_api_v02.greet scheduled__2022-02-16T00:00:00+00:00 [queued]>
[2023-05-25T06:52:12.438+0000] {taskinstance.py:1103} INFO - Dependencies all met for dep_context=requeueable deps ti=<TaskInstance: dag_with_taskflow_api_v02.greet scheduled__2022-02-16T00:00:00+00:00 [queued]>
[2023-05-25T06:52:12.439+0000] {taskinstance.py:1308} INFO - Starting attempt 1 of 6
[2023-05-25T06:52:12.882+0000] {taskinstance.py:1327} INFO - Executing <Task(_PythonDecoratedOperator): greet> on 2022-02-16 00:00:00+00:00
[2023-05-25T06:52:12.897+0000] {standard_task_runner.py:57} INFO - Started process 2529 to run task
[2023-05-25T06:52:12.916+0000] {standard_task_runner.py:84} INFO - Running: ['***', 'tasks', 'run', 'dag_with_taskflow_api_v02', 'greet', 'scheduled__2022-02-16T00:00:00+00:00', '--job-id', '359', '--raw', '--subdir', 'DAGS_FOLDER/first_dag.py', '--cfg-path', '/tmp/tmp656a1o2s']
[2023-05-25T06:52:12.947+0000] {standard_task_runner.py:85} INFO - Job 359: Subtask greet
[2023-05-25T06:52:13.219+0000] {task_command.py:410} INFO - Running <TaskInstance: dag_with_taskflow_api_v02.greet scheduled__2022-02-16T00:00:00+00:00 [running]> on host 6bd07c7477d9
[2023-05-25T06:52:13.695+0000] {taskinstance.py:1547} INFO - Exporting env vars: AIRFLOW_CTX_DAG_OWNER='Sai' AIRFLOW_CTX_DAG_ID='dag_with_taskflow_api_v02' AIRFLOW_CTX_TASK_ID='greet' AIRFLOW_CTX_EXECUTION_DATE='2022-02-16T00:00:00+00:00' AIRFLOW_CTX_TRY_NUMBER='1' AIRFLOW_CTX_DAG_RUN_ID='scheduled__2022-02-16T00:00:00+00:00'
[2023-05-25T06:52:13.696+0000] {logging_mixin.py:149} INFO - Hello World! My name is Sai Tr and I am 19 years old!
[2023-05-25T06:52:13.696+0000] {python.py:183} INFO - Done. Returned value was: None
[2023-05-25T06:52:13.716+0000] {taskinstance.py:1350} INFO - Marking task as SUCCESS. dag_id=dag_with_taskflow_api_v02, task_id=greet, execution_date=20220216T000000, start_date=20230525T065212, end_date=20230525T065213
[2023-05-25T06:52:13.758+0000] {local_task_job_runner.py:225} INFO - Task exited with return code 0
[2023-05-25T06:52:13.799+0000] {taskinstance.py:2651} INFO - 0 downstream tasks scheduled from follow-on schedule check
[2023-05-25T10:22:57.766+0000] {taskinstance.py:1103} INFO - Dependencies all met for dep_context=non-requeueable deps ti=<TaskInstance: dag_with_taskflow_api_v02.greet scheduled__2022-02-16T00:00:00+00:00 [queued]>
[2023-05-25T10:22:57.779+0000] {taskinstance.py:1103} INFO - Dependencies all met for dep_context=requeueable deps ti=<TaskInstance: dag_with_taskflow_api_v02.greet scheduled__2022-02-16T00:00:00+00:00 [queued]>
[2023-05-25T10:22:57.779+0000] {taskinstance.py:1308} INFO - Starting attempt 1 of 6
[2023-05-25T10:22:57.798+0000] {taskinstance.py:1327} INFO - Executing <Task(_PythonDecoratedOperator): greet> on 2022-02-16 00:00:00+00:00
[2023-05-25T10:22:57.804+0000] {standard_task_runner.py:57} INFO - Started process 2029 to run task
[2023-05-25T10:22:57.808+0000] {standard_task_runner.py:84} INFO - Running: ['***', 'tasks', 'run', 'dag_with_taskflow_api_v02', 'greet', 'scheduled__2022-02-16T00:00:00+00:00', '--job-id', '341', '--raw', '--subdir', 'DAGS_FOLDER/first_dag.py', '--cfg-path', '/tmp/tmp4r2zcg_x']
[2023-05-25T10:22:57.811+0000] {standard_task_runner.py:85} INFO - Job 341: Subtask greet
[2023-05-25T10:22:57.887+0000] {task_command.py:410} INFO - Running <TaskInstance: dag_with_taskflow_api_v02.greet scheduled__2022-02-16T00:00:00+00:00 [running]> on host b1ae37a9584e
[2023-05-25T10:22:58.042+0000] {taskinstance.py:1547} INFO - Exporting env vars: AIRFLOW_CTX_DAG_OWNER='Sai' AIRFLOW_CTX_DAG_ID='dag_with_taskflow_api_v02' AIRFLOW_CTX_TASK_ID='greet' AIRFLOW_CTX_EXECUTION_DATE='2022-02-16T00:00:00+00:00' AIRFLOW_CTX_TRY_NUMBER='1' AIRFLOW_CTX_DAG_RUN_ID='scheduled__2022-02-16T00:00:00+00:00'
[2023-05-25T10:22:58.043+0000] {logging_mixin.py:149} INFO - Hello World! My name is Sai Tr and I am 19 years old!
[2023-05-25T10:22:58.043+0000] {python.py:183} INFO - Done. Returned value was: None
[2023-05-25T10:22:58.055+0000] {taskinstance.py:1350} INFO - Marking task as SUCCESS. dag_id=dag_with_taskflow_api_v02, task_id=greet, execution_date=20220216T000000, start_date=20230525T102257, end_date=20230525T102258
[2023-05-25T10:22:58.101+0000] {local_task_job_runner.py:225} INFO - Task exited with return code 0
[2023-05-25T10:22:58.131+0000] {taskinstance.py:2651} INFO - 0 downstream tasks scheduled from follow-on schedule check
