[2023-05-24T15:23:11.167+0000] {taskinstance.py:1103} INFO - Dependencies all met for dep_context=non-requeueable deps ti=<TaskInstance: dag_with_taskflow_api_v02.get_name scheduled__2022-07-07T00:00:00+00:00 [queued]>
[2023-05-24T15:23:11.386+0000] {taskinstance.py:1103} INFO - Dependencies all met for dep_context=requeueable deps ti=<TaskInstance: dag_with_taskflow_api_v02.get_name scheduled__2022-07-07T00:00:00+00:00 [queued]>
[2023-05-24T15:23:11.387+0000] {taskinstance.py:1308} INFO - Starting attempt 1 of 6
[2023-05-24T15:23:11.634+0000] {taskinstance.py:1327} INFO - Executing <Task(_PythonDecoratedOperator): get_name> on 2022-07-07 00:00:00+00:00
[2023-05-24T15:23:11.671+0000] {standard_task_runner.py:57} INFO - Started process 1901 to run task
[2023-05-24T15:23:11.709+0000] {standard_task_runner.py:84} INFO - Running: ['***', 'tasks', 'run', 'dag_with_taskflow_api_v02', 'get_name', 'scheduled__2022-07-07T00:00:00+00:00', '--job-id', '758', '--raw', '--subdir', 'DAGS_FOLDER/first_dag.py', '--cfg-path', '/tmp/tmprkqawfai']
[2023-05-24T15:23:11.712+0000] {standard_task_runner.py:85} INFO - Job 758: Subtask get_name
[2023-05-24T15:23:12.420+0000] {task_command.py:410} INFO - Running <TaskInstance: dag_with_taskflow_api_v02.get_name scheduled__2022-07-07T00:00:00+00:00 [running]> on host 942de29f183d
[2023-05-24T15:23:13.597+0000] {taskinstance.py:1547} INFO - Exporting env vars: AIRFLOW_CTX_DAG_OWNER='Sai' AIRFLOW_CTX_DAG_ID='dag_with_taskflow_api_v02' AIRFLOW_CTX_TASK_ID='get_name' AIRFLOW_CTX_EXECUTION_DATE='2022-07-07T00:00:00+00:00' AIRFLOW_CTX_TRY_NUMBER='1' AIRFLOW_CTX_DAG_RUN_ID='scheduled__2022-07-07T00:00:00+00:00'
[2023-05-24T15:23:13.598+0000] {python.py:183} INFO - Done. Returned value was: {'first_name': 'Sai', 'last_name': 'Tr'}
[2023-05-24T15:23:13.786+0000] {taskinstance.py:1350} INFO - Marking task as SUCCESS. dag_id=dag_with_taskflow_api_v02, task_id=get_name, execution_date=20220707T000000, start_date=20230524T152311, end_date=20230524T152313
[2023-05-24T15:23:13.888+0000] {local_task_job_runner.py:225} INFO - Task exited with return code 0
[2023-05-24T15:23:14.245+0000] {taskinstance.py:2651} INFO - 1 downstream tasks scheduled from follow-on schedule check
[2023-05-25T06:55:52.803+0000] {taskinstance.py:1103} INFO - Dependencies all met for dep_context=non-requeueable deps ti=<TaskInstance: dag_with_taskflow_api_v02.get_name scheduled__2022-07-07T00:00:00+00:00 [queued]>
[2023-05-25T06:55:52.881+0000] {taskinstance.py:1103} INFO - Dependencies all met for dep_context=requeueable deps ti=<TaskInstance: dag_with_taskflow_api_v02.get_name scheduled__2022-07-07T00:00:00+00:00 [queued]>
[2023-05-25T06:55:52.885+0000] {taskinstance.py:1308} INFO - Starting attempt 1 of 6
[2023-05-25T06:55:53.277+0000] {taskinstance.py:1327} INFO - Executing <Task(_PythonDecoratedOperator): get_name> on 2022-07-07 00:00:00+00:00
[2023-05-25T06:55:53.306+0000] {standard_task_runner.py:57} INFO - Started process 3431 to run task
[2023-05-25T06:55:53.336+0000] {standard_task_runner.py:84} INFO - Running: ['***', 'tasks', 'run', 'dag_with_taskflow_api_v02', 'get_name', 'scheduled__2022-07-07T00:00:00+00:00', '--job-id', '764', '--raw', '--subdir', 'DAGS_FOLDER/first_dag.py', '--cfg-path', '/tmp/tmpf1a9xgje']
[2023-05-25T06:55:53.367+0000] {standard_task_runner.py:85} INFO - Job 764: Subtask get_name
[2023-05-25T06:55:53.727+0000] {task_command.py:410} INFO - Running <TaskInstance: dag_with_taskflow_api_v02.get_name scheduled__2022-07-07T00:00:00+00:00 [running]> on host 6bd07c7477d9
[2023-05-25T06:55:54.448+0000] {taskinstance.py:1547} INFO - Exporting env vars: AIRFLOW_CTX_DAG_OWNER='Sai' AIRFLOW_CTX_DAG_ID='dag_with_taskflow_api_v02' AIRFLOW_CTX_TASK_ID='get_name' AIRFLOW_CTX_EXECUTION_DATE='2022-07-07T00:00:00+00:00' AIRFLOW_CTX_TRY_NUMBER='1' AIRFLOW_CTX_DAG_RUN_ID='scheduled__2022-07-07T00:00:00+00:00'
[2023-05-25T06:55:54.449+0000] {python.py:183} INFO - Done. Returned value was: {'first_name': 'Sai', 'last_name': 'Tr'}
[2023-05-25T06:55:54.697+0000] {taskinstance.py:1350} INFO - Marking task as SUCCESS. dag_id=dag_with_taskflow_api_v02, task_id=get_name, execution_date=20220707T000000, start_date=20230525T065552, end_date=20230525T065554
[2023-05-25T06:55:54.851+0000] {local_task_job_runner.py:225} INFO - Task exited with return code 0
[2023-05-25T06:55:55.053+0000] {taskinstance.py:2651} INFO - 1 downstream tasks scheduled from follow-on schedule check
[2023-05-25T10:27:36.641+0000] {taskinstance.py:1103} INFO - Dependencies all met for dep_context=non-requeueable deps ti=<TaskInstance: dag_with_taskflow_api_v02.get_name scheduled__2022-07-07T00:00:00+00:00 [queued]>
[2023-05-25T10:27:36.741+0000] {taskinstance.py:1103} INFO - Dependencies all met for dep_context=requeueable deps ti=<TaskInstance: dag_with_taskflow_api_v02.get_name scheduled__2022-07-07T00:00:00+00:00 [queued]>
[2023-05-25T10:27:36.741+0000] {taskinstance.py:1308} INFO - Starting attempt 1 of 6
[2023-05-25T10:27:37.173+0000] {taskinstance.py:1327} INFO - Executing <Task(_PythonDecoratedOperator): get_name> on 2022-07-07 00:00:00+00:00
[2023-05-25T10:27:37.219+0000] {standard_task_runner.py:57} INFO - Started process 3025 to run task
[2023-05-25T10:27:37.258+0000] {standard_task_runner.py:84} INFO - Running: ['***', 'tasks', 'run', 'dag_with_taskflow_api_v02', 'get_name', 'scheduled__2022-07-07T00:00:00+00:00', '--job-id', '777', '--raw', '--subdir', 'DAGS_FOLDER/first_dag.py', '--cfg-path', '/tmp/tmpby86r2lw']
[2023-05-25T10:27:37.372+0000] {standard_task_runner.py:85} INFO - Job 777: Subtask get_name
[2023-05-25T10:27:37.860+0000] {task_command.py:410} INFO - Running <TaskInstance: dag_with_taskflow_api_v02.get_name scheduled__2022-07-07T00:00:00+00:00 [running]> on host b1ae37a9584e
[2023-05-25T10:27:38.307+0000] {taskinstance.py:1547} INFO - Exporting env vars: AIRFLOW_CTX_DAG_OWNER='Sai' AIRFLOW_CTX_DAG_ID='dag_with_taskflow_api_v02' AIRFLOW_CTX_TASK_ID='get_name' AIRFLOW_CTX_EXECUTION_DATE='2022-07-07T00:00:00+00:00' AIRFLOW_CTX_TRY_NUMBER='1' AIRFLOW_CTX_DAG_RUN_ID='scheduled__2022-07-07T00:00:00+00:00'
[2023-05-25T10:27:38.308+0000] {python.py:183} INFO - Done. Returned value was: {'first_name': 'Sai', 'last_name': 'Tr'}
[2023-05-25T10:27:38.498+0000] {taskinstance.py:1350} INFO - Marking task as SUCCESS. dag_id=dag_with_taskflow_api_v02, task_id=get_name, execution_date=20220707T000000, start_date=20230525T102736, end_date=20230525T102738
[2023-05-25T10:27:38.568+0000] {local_task_job_runner.py:225} INFO - Task exited with return code 0
[2023-05-25T10:27:39.013+0000] {taskinstance.py:2651} INFO - 0 downstream tasks scheduled from follow-on schedule check
