[2023-05-24T15:22:32.221+0000] {taskinstance.py:1103} INFO - Dependencies all met for dep_context=non-requeueable deps ti=<TaskInstance: dag_with_taskflow_api_v02.get_age scheduled__2022-06-14T00:00:00+00:00 [queued]>
[2023-05-24T15:22:32.384+0000] {taskinstance.py:1103} INFO - Dependencies all met for dep_context=requeueable deps ti=<TaskInstance: dag_with_taskflow_api_v02.get_age scheduled__2022-06-14T00:00:00+00:00 [queued]>
[2023-05-24T15:22:32.385+0000] {taskinstance.py:1308} INFO - Starting attempt 1 of 6
[2023-05-24T15:22:33.250+0000] {taskinstance.py:1327} INFO - Executing <Task(_PythonDecoratedOperator): get_age> on 2022-06-14 00:00:00+00:00
[2023-05-24T15:22:33.274+0000] {standard_task_runner.py:57} INFO - Started process 1752 to run task
[2023-05-24T15:22:33.310+0000] {standard_task_runner.py:84} INFO - Running: ['***', 'tasks', 'run', 'dag_with_taskflow_api_v02', 'get_age', 'scheduled__2022-06-14T00:00:00+00:00', '--job-id', '694', '--raw', '--subdir', 'DAGS_FOLDER/first_dag.py', '--cfg-path', '/tmp/tmph99frx15']
[2023-05-24T15:22:33.335+0000] {standard_task_runner.py:85} INFO - Job 694: Subtask get_age
[2023-05-24T15:22:33.846+0000] {task_command.py:410} INFO - Running <TaskInstance: dag_with_taskflow_api_v02.get_age scheduled__2022-06-14T00:00:00+00:00 [running]> on host 942de29f183d
[2023-05-24T15:22:34.518+0000] {taskinstance.py:1547} INFO - Exporting env vars: AIRFLOW_CTX_DAG_OWNER='Sai' AIRFLOW_CTX_DAG_ID='dag_with_taskflow_api_v02' AIRFLOW_CTX_TASK_ID='get_age' AIRFLOW_CTX_EXECUTION_DATE='2022-06-14T00:00:00+00:00' AIRFLOW_CTX_TRY_NUMBER='1' AIRFLOW_CTX_DAG_RUN_ID='scheduled__2022-06-14T00:00:00+00:00'
[2023-05-24T15:22:34.519+0000] {python.py:183} INFO - Done. Returned value was: 19
[2023-05-24T15:22:34.656+0000] {taskinstance.py:1350} INFO - Marking task as SUCCESS. dag_id=dag_with_taskflow_api_v02, task_id=get_age, execution_date=20220614T000000, start_date=20230524T152232, end_date=20230524T152234
[2023-05-24T15:22:34.814+0000] {local_task_job_runner.py:225} INFO - Task exited with return code 0
[2023-05-24T15:22:34.946+0000] {taskinstance.py:2651} INFO - 1 downstream tasks scheduled from follow-on schedule check
[2023-05-25T06:55:11.975+0000] {taskinstance.py:1103} INFO - Dependencies all met for dep_context=non-requeueable deps ti=<TaskInstance: dag_with_taskflow_api_v02.get_age scheduled__2022-06-14T00:00:00+00:00 [queued]>
[2023-05-25T06:55:12.037+0000] {taskinstance.py:1103} INFO - Dependencies all met for dep_context=requeueable deps ti=<TaskInstance: dag_with_taskflow_api_v02.get_age scheduled__2022-06-14T00:00:00+00:00 [queued]>
[2023-05-25T06:55:12.041+0000] {taskinstance.py:1308} INFO - Starting attempt 1 of 6
[2023-05-25T06:55:12.251+0000] {taskinstance.py:1327} INFO - Executing <Task(_PythonDecoratedOperator): get_age> on 2022-06-14 00:00:00+00:00
[2023-05-25T06:55:12.272+0000] {standard_task_runner.py:57} INFO - Started process 3268 to run task
[2023-05-25T06:55:12.305+0000] {standard_task_runner.py:84} INFO - Running: ['***', 'tasks', 'run', 'dag_with_taskflow_api_v02', 'get_age', 'scheduled__2022-06-14T00:00:00+00:00', '--job-id', '690', '--raw', '--subdir', 'DAGS_FOLDER/first_dag.py', '--cfg-path', '/tmp/tmp80b1tw2c']
[2023-05-25T06:55:12.329+0000] {standard_task_runner.py:85} INFO - Job 690: Subtask get_age
[2023-05-25T06:55:12.627+0000] {task_command.py:410} INFO - Running <TaskInstance: dag_with_taskflow_api_v02.get_age scheduled__2022-06-14T00:00:00+00:00 [running]> on host 6bd07c7477d9
[2023-05-25T06:55:13.318+0000] {taskinstance.py:1547} INFO - Exporting env vars: AIRFLOW_CTX_DAG_OWNER='Sai' AIRFLOW_CTX_DAG_ID='dag_with_taskflow_api_v02' AIRFLOW_CTX_TASK_ID='get_age' AIRFLOW_CTX_EXECUTION_DATE='2022-06-14T00:00:00+00:00' AIRFLOW_CTX_TRY_NUMBER='1' AIRFLOW_CTX_DAG_RUN_ID='scheduled__2022-06-14T00:00:00+00:00'
[2023-05-25T06:55:13.319+0000] {python.py:183} INFO - Done. Returned value was: 19
[2023-05-25T06:55:13.462+0000] {taskinstance.py:1350} INFO - Marking task as SUCCESS. dag_id=dag_with_taskflow_api_v02, task_id=get_age, execution_date=20220614T000000, start_date=20230525T065511, end_date=20230525T065513
[2023-05-25T06:55:13.601+0000] {local_task_job_runner.py:225} INFO - Task exited with return code 0
[2023-05-25T06:55:14.093+0000] {taskinstance.py:2651} INFO - 1 downstream tasks scheduled from follow-on schedule check
[2023-05-25T10:26:41.963+0000] {taskinstance.py:1103} INFO - Dependencies all met for dep_context=non-requeueable deps ti=<TaskInstance: dag_with_taskflow_api_v02.get_age scheduled__2022-06-14T00:00:00+00:00 [queued]>
[2023-05-25T10:26:42.089+0000] {taskinstance.py:1103} INFO - Dependencies all met for dep_context=requeueable deps ti=<TaskInstance: dag_with_taskflow_api_v02.get_age scheduled__2022-06-14T00:00:00+00:00 [queued]>
[2023-05-25T10:26:42.089+0000] {taskinstance.py:1308} INFO - Starting attempt 1 of 6
[2023-05-25T10:26:42.259+0000] {taskinstance.py:1327} INFO - Executing <Task(_PythonDecoratedOperator): get_age> on 2022-06-14 00:00:00+00:00
[2023-05-25T10:26:42.293+0000] {standard_task_runner.py:57} INFO - Started process 2866 to run task
[2023-05-25T10:26:42.319+0000] {standard_task_runner.py:84} INFO - Running: ['***', 'tasks', 'run', 'dag_with_taskflow_api_v02', 'get_age', 'scheduled__2022-06-14T00:00:00+00:00', '--job-id', '707', '--raw', '--subdir', 'DAGS_FOLDER/first_dag.py', '--cfg-path', '/tmp/tmptpmogu1j']
[2023-05-25T10:26:42.327+0000] {standard_task_runner.py:85} INFO - Job 707: Subtask get_age
[2023-05-25T10:26:42.603+0000] {task_command.py:410} INFO - Running <TaskInstance: dag_with_taskflow_api_v02.get_age scheduled__2022-06-14T00:00:00+00:00 [running]> on host b1ae37a9584e
[2023-05-25T10:26:43.654+0000] {taskinstance.py:1547} INFO - Exporting env vars: AIRFLOW_CTX_DAG_OWNER='Sai' AIRFLOW_CTX_DAG_ID='dag_with_taskflow_api_v02' AIRFLOW_CTX_TASK_ID='get_age' AIRFLOW_CTX_EXECUTION_DATE='2022-06-14T00:00:00+00:00' AIRFLOW_CTX_TRY_NUMBER='1' AIRFLOW_CTX_DAG_RUN_ID='scheduled__2022-06-14T00:00:00+00:00'
[2023-05-25T10:26:43.655+0000] {python.py:183} INFO - Done. Returned value was: 19
[2023-05-25T10:26:43.802+0000] {taskinstance.py:1350} INFO - Marking task as SUCCESS. dag_id=dag_with_taskflow_api_v02, task_id=get_age, execution_date=20220614T000000, start_date=20230525T102641, end_date=20230525T102643
[2023-05-25T10:26:44.815+0000] {local_task_job_runner.py:225} INFO - Task exited with return code 0
[2023-05-25T10:26:44.999+0000] {taskinstance.py:2651} INFO - 1 downstream tasks scheduled from follow-on schedule check
