[2023-05-24T15:23:35.632+0000] {taskinstance.py:1103} INFO - Dependencies all met for dep_context=non-requeueable deps ti=<TaskInstance: dag_with_taskflow_api_v02.get_age scheduled__2022-07-20T00:00:00+00:00 [queued]>
[2023-05-24T15:23:35.754+0000] {taskinstance.py:1103} INFO - Dependencies all met for dep_context=requeueable deps ti=<TaskInstance: dag_with_taskflow_api_v02.get_age scheduled__2022-07-20T00:00:00+00:00 [queued]>
[2023-05-24T15:23:35.755+0000] {taskinstance.py:1308} INFO - Starting attempt 1 of 6
[2023-05-24T15:23:35.944+0000] {taskinstance.py:1327} INFO - Executing <Task(_PythonDecoratedOperator): get_age> on 2022-07-20 00:00:00+00:00
[2023-05-24T15:23:35.977+0000] {standard_task_runner.py:57} INFO - Started process 1992 to run task
[2023-05-24T15:23:36.031+0000] {standard_task_runner.py:84} INFO - Running: ['***', 'tasks', 'run', 'dag_with_taskflow_api_v02', 'get_age', 'scheduled__2022-07-20T00:00:00+00:00', '--job-id', '800', '--raw', '--subdir', 'DAGS_FOLDER/first_dag.py', '--cfg-path', '/tmp/tmp18mabdhu']
[2023-05-24T15:23:36.050+0000] {standard_task_runner.py:85} INFO - Job 800: Subtask get_age
[2023-05-24T15:23:36.537+0000] {task_command.py:410} INFO - Running <TaskInstance: dag_with_taskflow_api_v02.get_age scheduled__2022-07-20T00:00:00+00:00 [running]> on host 942de29f183d
[2023-05-24T15:23:37.495+0000] {taskinstance.py:1547} INFO - Exporting env vars: AIRFLOW_CTX_DAG_OWNER='Sai' AIRFLOW_CTX_DAG_ID='dag_with_taskflow_api_v02' AIRFLOW_CTX_TASK_ID='get_age' AIRFLOW_CTX_EXECUTION_DATE='2022-07-20T00:00:00+00:00' AIRFLOW_CTX_TRY_NUMBER='1' AIRFLOW_CTX_DAG_RUN_ID='scheduled__2022-07-20T00:00:00+00:00'
[2023-05-24T15:23:37.496+0000] {python.py:183} INFO - Done. Returned value was: 19
[2023-05-24T15:23:37.656+0000] {taskinstance.py:1350} INFO - Marking task as SUCCESS. dag_id=dag_with_taskflow_api_v02, task_id=get_age, execution_date=20220720T000000, start_date=20230524T152335, end_date=20230524T152337
[2023-05-24T15:23:37.810+0000] {local_task_job_runner.py:225} INFO - Task exited with return code 0
[2023-05-24T15:23:38.212+0000] {taskinstance.py:2651} INFO - 0 downstream tasks scheduled from follow-on schedule check
[2023-05-25T06:56:16.945+0000] {taskinstance.py:1103} INFO - Dependencies all met for dep_context=non-requeueable deps ti=<TaskInstance: dag_with_taskflow_api_v02.get_age scheduled__2022-07-20T00:00:00+00:00 [queued]>
[2023-05-25T06:56:17.030+0000] {taskinstance.py:1103} INFO - Dependencies all met for dep_context=requeueable deps ti=<TaskInstance: dag_with_taskflow_api_v02.get_age scheduled__2022-07-20T00:00:00+00:00 [queued]>
[2023-05-25T06:56:17.030+0000] {taskinstance.py:1308} INFO - Starting attempt 1 of 6
[2023-05-25T06:56:17.206+0000] {taskinstance.py:1327} INFO - Executing <Task(_PythonDecoratedOperator): get_age> on 2022-07-20 00:00:00+00:00
[2023-05-25T06:56:17.232+0000] {standard_task_runner.py:57} INFO - Started process 3527 to run task
[2023-05-25T06:56:17.269+0000] {standard_task_runner.py:84} INFO - Running: ['***', 'tasks', 'run', 'dag_with_taskflow_api_v02', 'get_age', 'scheduled__2022-07-20T00:00:00+00:00', '--job-id', '806', '--raw', '--subdir', 'DAGS_FOLDER/first_dag.py', '--cfg-path', '/tmp/tmpfnwxgpri']
[2023-05-25T06:56:17.295+0000] {standard_task_runner.py:85} INFO - Job 806: Subtask get_age
[2023-05-25T06:56:17.668+0000] {task_command.py:410} INFO - Running <TaskInstance: dag_with_taskflow_api_v02.get_age scheduled__2022-07-20T00:00:00+00:00 [running]> on host 6bd07c7477d9
[2023-05-25T06:56:18.598+0000] {taskinstance.py:1547} INFO - Exporting env vars: AIRFLOW_CTX_DAG_OWNER='Sai' AIRFLOW_CTX_DAG_ID='dag_with_taskflow_api_v02' AIRFLOW_CTX_TASK_ID='get_age' AIRFLOW_CTX_EXECUTION_DATE='2022-07-20T00:00:00+00:00' AIRFLOW_CTX_TRY_NUMBER='1' AIRFLOW_CTX_DAG_RUN_ID='scheduled__2022-07-20T00:00:00+00:00'
[2023-05-25T06:56:18.599+0000] {python.py:183} INFO - Done. Returned value was: 19
[2023-05-25T06:56:18.699+0000] {taskinstance.py:1350} INFO - Marking task as SUCCESS. dag_id=dag_with_taskflow_api_v02, task_id=get_age, execution_date=20220720T000000, start_date=20230525T065616, end_date=20230525T065618
[2023-05-25T06:56:18.884+0000] {local_task_job_runner.py:225} INFO - Task exited with return code 0
[2023-05-25T06:56:19.048+0000] {taskinstance.py:2651} INFO - 1 downstream tasks scheduled from follow-on schedule check
[2023-05-25T10:28:04.422+0000] {taskinstance.py:1103} INFO - Dependencies all met for dep_context=non-requeueable deps ti=<TaskInstance: dag_with_taskflow_api_v02.get_age scheduled__2022-07-20T00:00:00+00:00 [queued]>
[2023-05-25T10:28:04.520+0000] {taskinstance.py:1103} INFO - Dependencies all met for dep_context=requeueable deps ti=<TaskInstance: dag_with_taskflow_api_v02.get_age scheduled__2022-07-20T00:00:00+00:00 [queued]>
[2023-05-25T10:28:04.521+0000] {taskinstance.py:1308} INFO - Starting attempt 1 of 6
[2023-05-25T10:28:04.653+0000] {taskinstance.py:1327} INFO - Executing <Task(_PythonDecoratedOperator): get_age> on 2022-07-20 00:00:00+00:00
[2023-05-25T10:28:04.677+0000] {standard_task_runner.py:57} INFO - Started process 3121 to run task
[2023-05-25T10:28:04.751+0000] {standard_task_runner.py:84} INFO - Running: ['***', 'tasks', 'run', 'dag_with_taskflow_api_v02', 'get_age', 'scheduled__2022-07-20T00:00:00+00:00', '--job-id', '817', '--raw', '--subdir', 'DAGS_FOLDER/first_dag.py', '--cfg-path', '/tmp/tmp7lx7xf3f']
[2023-05-25T10:28:04.754+0000] {standard_task_runner.py:85} INFO - Job 817: Subtask get_age
[2023-05-25T10:28:05.106+0000] {task_command.py:410} INFO - Running <TaskInstance: dag_with_taskflow_api_v02.get_age scheduled__2022-07-20T00:00:00+00:00 [running]> on host b1ae37a9584e
[2023-05-25T10:28:05.856+0000] {taskinstance.py:1547} INFO - Exporting env vars: AIRFLOW_CTX_DAG_OWNER='Sai' AIRFLOW_CTX_DAG_ID='dag_with_taskflow_api_v02' AIRFLOW_CTX_TASK_ID='get_age' AIRFLOW_CTX_EXECUTION_DATE='2022-07-20T00:00:00+00:00' AIRFLOW_CTX_TRY_NUMBER='1' AIRFLOW_CTX_DAG_RUN_ID='scheduled__2022-07-20T00:00:00+00:00'
[2023-05-25T10:28:05.859+0000] {python.py:183} INFO - Done. Returned value was: 19
[2023-05-25T10:28:06.037+0000] {taskinstance.py:1350} INFO - Marking task as SUCCESS. dag_id=dag_with_taskflow_api_v02, task_id=get_age, execution_date=20220720T000000, start_date=20230525T102804, end_date=20230525T102806
[2023-05-25T10:28:06.300+0000] {local_task_job_runner.py:225} INFO - Task exited with return code 0
[2023-05-25T10:28:06.735+0000] {taskinstance.py:2651} INFO - 1 downstream tasks scheduled from follow-on schedule check
