[2023-05-24T15:24:23.951+0000] {taskinstance.py:1103} INFO - Dependencies all met for dep_context=non-requeueable deps ti=<TaskInstance: dag_with_taskflow_api_v02.greet scheduled__2022-08-10T00:00:00+00:00 [queued]>
[2023-05-24T15:24:24.066+0000] {taskinstance.py:1103} INFO - Dependencies all met for dep_context=requeueable deps ti=<TaskInstance: dag_with_taskflow_api_v02.greet scheduled__2022-08-10T00:00:00+00:00 [queued]>
[2023-05-24T15:24:24.070+0000] {taskinstance.py:1308} INFO - Starting attempt 1 of 6
[2023-05-24T15:24:24.271+0000] {taskinstance.py:1327} INFO - Executing <Task(_PythonDecoratedOperator): greet> on 2022-08-10 00:00:00+00:00
[2023-05-24T15:24:24.319+0000] {standard_task_runner.py:57} INFO - Started process 2181 to run task
[2023-05-24T15:24:24.359+0000] {standard_task_runner.py:84} INFO - Running: ['***', 'tasks', 'run', 'dag_with_taskflow_api_v02', 'greet', 'scheduled__2022-08-10T00:00:00+00:00', '--job-id', '886', '--raw', '--subdir', 'DAGS_FOLDER/first_dag.py', '--cfg-path', '/tmp/tmpmo5tmzfg']
[2023-05-24T15:24:24.380+0000] {standard_task_runner.py:85} INFO - Job 886: Subtask greet
[2023-05-24T15:24:24.617+0000] {task_command.py:410} INFO - Running <TaskInstance: dag_with_taskflow_api_v02.greet scheduled__2022-08-10T00:00:00+00:00 [running]> on host 942de29f183d
[2023-05-24T15:24:25.531+0000] {taskinstance.py:1547} INFO - Exporting env vars: AIRFLOW_CTX_DAG_OWNER='Sai' AIRFLOW_CTX_DAG_ID='dag_with_taskflow_api_v02' AIRFLOW_CTX_TASK_ID='greet' AIRFLOW_CTX_EXECUTION_DATE='2022-08-10T00:00:00+00:00' AIRFLOW_CTX_TRY_NUMBER='1' AIRFLOW_CTX_DAG_RUN_ID='scheduled__2022-08-10T00:00:00+00:00'
[2023-05-24T15:24:25.532+0000] {logging_mixin.py:149} INFO - Hello World! My name is Sai Tr and I am 19 years old!
[2023-05-24T15:24:25.533+0000] {python.py:183} INFO - Done. Returned value was: None
[2023-05-24T15:24:25.628+0000] {taskinstance.py:1350} INFO - Marking task as SUCCESS. dag_id=dag_with_taskflow_api_v02, task_id=greet, execution_date=20220810T000000, start_date=20230524T152423, end_date=20230524T152425
[2023-05-24T15:24:25.919+0000] {local_task_job_runner.py:225} INFO - Task exited with return code 0
[2023-05-24T15:24:26.208+0000] {taskinstance.py:2651} INFO - 0 downstream tasks scheduled from follow-on schedule check
[2023-05-25T06:57:00.760+0000] {taskinstance.py:1103} INFO - Dependencies all met for dep_context=non-requeueable deps ti=<TaskInstance: dag_with_taskflow_api_v02.greet scheduled__2022-08-10T00:00:00+00:00 [queued]>
[2023-05-25T06:57:00.818+0000] {taskinstance.py:1103} INFO - Dependencies all met for dep_context=requeueable deps ti=<TaskInstance: dag_with_taskflow_api_v02.greet scheduled__2022-08-10T00:00:00+00:00 [queued]>
[2023-05-25T06:57:00.819+0000] {taskinstance.py:1308} INFO - Starting attempt 1 of 6
[2023-05-25T06:57:01.010+0000] {taskinstance.py:1327} INFO - Executing <Task(_PythonDecoratedOperator): greet> on 2022-08-10 00:00:00+00:00
[2023-05-25T06:57:01.025+0000] {standard_task_runner.py:57} INFO - Started process 3697 to run task
[2023-05-25T06:57:01.062+0000] {standard_task_runner.py:84} INFO - Running: ['***', 'tasks', 'run', 'dag_with_taskflow_api_v02', 'greet', 'scheduled__2022-08-10T00:00:00+00:00', '--job-id', '887', '--raw', '--subdir', 'DAGS_FOLDER/first_dag.py', '--cfg-path', '/tmp/tmpmxrnc7yf']
[2023-05-25T06:57:01.087+0000] {standard_task_runner.py:85} INFO - Job 887: Subtask greet
[2023-05-25T06:57:01.353+0000] {task_command.py:410} INFO - Running <TaskInstance: dag_with_taskflow_api_v02.greet scheduled__2022-08-10T00:00:00+00:00 [running]> on host 6bd07c7477d9
[2023-05-25T06:57:02.049+0000] {taskinstance.py:1547} INFO - Exporting env vars: AIRFLOW_CTX_DAG_OWNER='Sai' AIRFLOW_CTX_DAG_ID='dag_with_taskflow_api_v02' AIRFLOW_CTX_TASK_ID='greet' AIRFLOW_CTX_EXECUTION_DATE='2022-08-10T00:00:00+00:00' AIRFLOW_CTX_TRY_NUMBER='1' AIRFLOW_CTX_DAG_RUN_ID='scheduled__2022-08-10T00:00:00+00:00'
[2023-05-25T06:57:02.050+0000] {logging_mixin.py:149} INFO - Hello World! My name is Sai Tr and I am 19 years old!
[2023-05-25T06:57:02.050+0000] {python.py:183} INFO - Done. Returned value was: None
[2023-05-25T06:57:02.082+0000] {taskinstance.py:1350} INFO - Marking task as SUCCESS. dag_id=dag_with_taskflow_api_v02, task_id=greet, execution_date=20220810T000000, start_date=20230525T065700, end_date=20230525T065702
[2023-05-25T06:57:02.365+0000] {local_task_job_runner.py:225} INFO - Task exited with return code 0
[2023-05-25T06:57:02.460+0000] {taskinstance.py:2651} INFO - 0 downstream tasks scheduled from follow-on schedule check
[2023-05-25T10:29:59.172+0000] {taskinstance.py:1103} INFO - Dependencies all met for dep_context=non-requeueable deps ti=<TaskInstance: dag_with_taskflow_api_v02.greet scheduled__2022-08-10T00:00:00+00:00 [queued]>
[2023-05-25T10:29:59.311+0000] {taskinstance.py:1103} INFO - Dependencies all met for dep_context=requeueable deps ti=<TaskInstance: dag_with_taskflow_api_v02.greet scheduled__2022-08-10T00:00:00+00:00 [queued]>
[2023-05-25T10:29:59.312+0000] {taskinstance.py:1308} INFO - Starting attempt 1 of 6
[2023-05-25T10:29:59.455+0000] {taskinstance.py:1327} INFO - Executing <Task(_PythonDecoratedOperator): greet> on 2022-08-10 00:00:00+00:00
[2023-05-25T10:29:59.487+0000] {standard_task_runner.py:57} INFO - Started process 3317 to run task
[2023-05-25T10:29:59.502+0000] {standard_task_runner.py:84} INFO - Running: ['***', 'tasks', 'run', 'dag_with_taskflow_api_v02', 'greet', 'scheduled__2022-08-10T00:00:00+00:00', '--job-id', '898', '--raw', '--subdir', 'DAGS_FOLDER/first_dag.py', '--cfg-path', '/tmp/tmpxgxtqazb']
[2023-05-25T10:29:59.506+0000] {standard_task_runner.py:85} INFO - Job 898: Subtask greet
[2023-05-25T10:29:59.936+0000] {task_command.py:410} INFO - Running <TaskInstance: dag_with_taskflow_api_v02.greet scheduled__2022-08-10T00:00:00+00:00 [running]> on host b1ae37a9584e
[2023-05-25T10:30:01.127+0000] {taskinstance.py:1547} INFO - Exporting env vars: AIRFLOW_CTX_DAG_OWNER='Sai' AIRFLOW_CTX_DAG_ID='dag_with_taskflow_api_v02' AIRFLOW_CTX_TASK_ID='greet' AIRFLOW_CTX_EXECUTION_DATE='2022-08-10T00:00:00+00:00' AIRFLOW_CTX_TRY_NUMBER='1' AIRFLOW_CTX_DAG_RUN_ID='scheduled__2022-08-10T00:00:00+00:00'
[2023-05-25T10:30:01.129+0000] {logging_mixin.py:149} INFO - Hello World! My name is Sai Tr and I am 19 years old!
[2023-05-25T10:30:01.129+0000] {python.py:183} INFO - Done. Returned value was: None
[2023-05-25T10:30:01.322+0000] {taskinstance.py:1350} INFO - Marking task as SUCCESS. dag_id=dag_with_taskflow_api_v02, task_id=greet, execution_date=20220810T000000, start_date=20230525T102959, end_date=20230525T103001
[2023-05-25T10:30:01.544+0000] {local_task_job_runner.py:225} INFO - Task exited with return code 0
[2023-05-25T10:30:02.037+0000] {taskinstance.py:2651} INFO - 0 downstream tasks scheduled from follow-on schedule check
