[2023-05-24T15:20:21.879+0000] {taskinstance.py:1103} INFO - Dependencies all met for dep_context=non-requeueable deps ti=<TaskInstance: dag_with_taskflow_api_v02.get_name scheduled__2022-04-12T00:00:00+00:00 [queued]>
[2023-05-24T15:20:21.981+0000] {taskinstance.py:1103} INFO - Dependencies all met for dep_context=requeueable deps ti=<TaskInstance: dag_with_taskflow_api_v02.get_name scheduled__2022-04-12T00:00:00+00:00 [queued]>
[2023-05-24T15:20:21.982+0000] {taskinstance.py:1308} INFO - Starting attempt 1 of 6
[2023-05-24T15:20:22.284+0000] {taskinstance.py:1327} INFO - Executing <Task(_PythonDecoratedOperator): get_name> on 2022-04-12 00:00:00+00:00
[2023-05-24T15:20:22.333+0000] {standard_task_runner.py:57} INFO - Started process 1314 to run task
[2023-05-24T15:20:22.431+0000] {standard_task_runner.py:84} INFO - Running: ['***', 'tasks', 'run', 'dag_with_taskflow_api_v02', 'get_name', 'scheduled__2022-04-12T00:00:00+00:00', '--job-id', '503', '--raw', '--subdir', 'DAGS_FOLDER/first_dag.py', '--cfg-path', '/tmp/tmprg4_bdkf']
[2023-05-24T15:20:22.496+0000] {standard_task_runner.py:85} INFO - Job 503: Subtask get_name
[2023-05-24T15:20:23.139+0000] {task_command.py:410} INFO - Running <TaskInstance: dag_with_taskflow_api_v02.get_name scheduled__2022-04-12T00:00:00+00:00 [running]> on host 942de29f183d
[2023-05-24T15:20:24.011+0000] {taskinstance.py:1547} INFO - Exporting env vars: AIRFLOW_CTX_DAG_OWNER='Sai' AIRFLOW_CTX_DAG_ID='dag_with_taskflow_api_v02' AIRFLOW_CTX_TASK_ID='get_name' AIRFLOW_CTX_EXECUTION_DATE='2022-04-12T00:00:00+00:00' AIRFLOW_CTX_TRY_NUMBER='1' AIRFLOW_CTX_DAG_RUN_ID='scheduled__2022-04-12T00:00:00+00:00'
[2023-05-24T15:20:24.012+0000] {python.py:183} INFO - Done. Returned value was: {'first_name': 'Sai', 'last_name': 'Tr'}
[2023-05-24T15:20:24.298+0000] {taskinstance.py:1350} INFO - Marking task as SUCCESS. dag_id=dag_with_taskflow_api_v02, task_id=get_name, execution_date=20220412T000000, start_date=20230524T152021, end_date=20230524T152024
[2023-05-24T15:20:24.511+0000] {local_task_job_runner.py:225} INFO - Task exited with return code 0
[2023-05-24T15:20:24.718+0000] {taskinstance.py:2651} INFO - 1 downstream tasks scheduled from follow-on schedule check
[2023-05-25T06:53:30.504+0000] {taskinstance.py:1103} INFO - Dependencies all met for dep_context=non-requeueable deps ti=<TaskInstance: dag_with_taskflow_api_v02.get_name scheduled__2022-04-12T00:00:00+00:00 [queued]>
[2023-05-25T06:53:30.542+0000] {taskinstance.py:1103} INFO - Dependencies all met for dep_context=requeueable deps ti=<TaskInstance: dag_with_taskflow_api_v02.get_name scheduled__2022-04-12T00:00:00+00:00 [queued]>
[2023-05-25T06:53:30.543+0000] {taskinstance.py:1308} INFO - Starting attempt 1 of 6
[2023-05-25T06:53:30.833+0000] {taskinstance.py:1327} INFO - Executing <Task(_PythonDecoratedOperator): get_name> on 2022-04-12 00:00:00+00:00
[2023-05-25T06:53:30.840+0000] {standard_task_runner.py:57} INFO - Started process 2842 to run task
[2023-05-25T06:53:30.902+0000] {standard_task_runner.py:84} INFO - Running: ['***', 'tasks', 'run', 'dag_with_taskflow_api_v02', 'get_name', 'scheduled__2022-04-12T00:00:00+00:00', '--job-id', '502', '--raw', '--subdir', 'DAGS_FOLDER/first_dag.py', '--cfg-path', '/tmp/tmp4hbwfu5u']
[2023-05-25T06:53:30.941+0000] {standard_task_runner.py:85} INFO - Job 502: Subtask get_name
[2023-05-25T06:53:31.430+0000] {task_command.py:410} INFO - Running <TaskInstance: dag_with_taskflow_api_v02.get_name scheduled__2022-04-12T00:00:00+00:00 [running]> on host 6bd07c7477d9
[2023-05-25T06:53:32.085+0000] {taskinstance.py:1547} INFO - Exporting env vars: AIRFLOW_CTX_DAG_OWNER='Sai' AIRFLOW_CTX_DAG_ID='dag_with_taskflow_api_v02' AIRFLOW_CTX_TASK_ID='get_name' AIRFLOW_CTX_EXECUTION_DATE='2022-04-12T00:00:00+00:00' AIRFLOW_CTX_TRY_NUMBER='1' AIRFLOW_CTX_DAG_RUN_ID='scheduled__2022-04-12T00:00:00+00:00'
[2023-05-25T06:53:32.086+0000] {python.py:183} INFO - Done. Returned value was: {'first_name': 'Sai', 'last_name': 'Tr'}
[2023-05-25T06:53:32.415+0000] {taskinstance.py:1350} INFO - Marking task as SUCCESS. dag_id=dag_with_taskflow_api_v02, task_id=get_name, execution_date=20220412T000000, start_date=20230525T065330, end_date=20230525T065332
[2023-05-25T06:53:32.627+0000] {local_task_job_runner.py:225} INFO - Task exited with return code 0
[2023-05-25T06:53:32.944+0000] {taskinstance.py:2651} INFO - 0 downstream tasks scheduled from follow-on schedule check
[2023-05-25T10:24:54.589+0000] {taskinstance.py:1103} INFO - Dependencies all met for dep_context=non-requeueable deps ti=<TaskInstance: dag_with_taskflow_api_v02.get_name scheduled__2022-04-12T00:00:00+00:00 [queued]>
[2023-05-25T10:24:54.696+0000] {taskinstance.py:1103} INFO - Dependencies all met for dep_context=requeueable deps ti=<TaskInstance: dag_with_taskflow_api_v02.get_name scheduled__2022-04-12T00:00:00+00:00 [queued]>
[2023-05-25T10:24:54.697+0000] {taskinstance.py:1308} INFO - Starting attempt 1 of 6
[2023-05-25T10:24:54.974+0000] {taskinstance.py:1327} INFO - Executing <Task(_PythonDecoratedOperator): get_name> on 2022-04-12 00:00:00+00:00
[2023-05-25T10:24:54.991+0000] {standard_task_runner.py:57} INFO - Started process 2443 to run task
[2023-05-25T10:24:55.040+0000] {standard_task_runner.py:84} INFO - Running: ['***', 'tasks', 'run', 'dag_with_taskflow_api_v02', 'get_name', 'scheduled__2022-04-12T00:00:00+00:00', '--job-id', '519', '--raw', '--subdir', 'DAGS_FOLDER/first_dag.py', '--cfg-path', '/tmp/tmp4fywfc09']
[2023-05-25T10:24:55.064+0000] {standard_task_runner.py:85} INFO - Job 519: Subtask get_name
[2023-05-25T10:24:55.533+0000] {task_command.py:410} INFO - Running <TaskInstance: dag_with_taskflow_api_v02.get_name scheduled__2022-04-12T00:00:00+00:00 [running]> on host b1ae37a9584e
[2023-05-25T10:24:56.302+0000] {taskinstance.py:1547} INFO - Exporting env vars: AIRFLOW_CTX_DAG_OWNER='Sai' AIRFLOW_CTX_DAG_ID='dag_with_taskflow_api_v02' AIRFLOW_CTX_TASK_ID='get_name' AIRFLOW_CTX_EXECUTION_DATE='2022-04-12T00:00:00+00:00' AIRFLOW_CTX_TRY_NUMBER='1' AIRFLOW_CTX_DAG_RUN_ID='scheduled__2022-04-12T00:00:00+00:00'
[2023-05-25T10:24:56.304+0000] {python.py:183} INFO - Done. Returned value was: {'first_name': 'Sai', 'last_name': 'Tr'}
[2023-05-25T10:24:56.485+0000] {taskinstance.py:1350} INFO - Marking task as SUCCESS. dag_id=dag_with_taskflow_api_v02, task_id=get_name, execution_date=20220412T000000, start_date=20230525T102454, end_date=20230525T102456
[2023-05-25T10:24:56.629+0000] {local_task_job_runner.py:225} INFO - Task exited with return code 0
[2023-05-25T10:24:56.852+0000] {taskinstance.py:2651} INFO - 1 downstream tasks scheduled from follow-on schedule check
