[2023-05-24T15:17:00.349+0000] {taskinstance.py:1103} INFO - Dependencies all met for dep_context=non-requeueable deps ti=<TaskInstance: dag_with_taskflow_api_v02.get_name scheduled__2021-12-25T00:00:00+00:00 [queued]>
[2023-05-24T15:17:00.437+0000] {taskinstance.py:1103} INFO - Dependencies all met for dep_context=requeueable deps ti=<TaskInstance: dag_with_taskflow_api_v02.get_name scheduled__2021-12-25T00:00:00+00:00 [queued]>
[2023-05-24T15:17:00.437+0000] {taskinstance.py:1308} INFO - Starting attempt 1 of 6
[2023-05-24T15:17:00.622+0000] {taskinstance.py:1327} INFO - Executing <Task(_PythonDecoratedOperator): get_name> on 2021-12-25 00:00:00+00:00
[2023-05-24T15:17:00.658+0000] {standard_task_runner.py:57} INFO - Started process 609 to run task
[2023-05-24T15:17:00.706+0000] {standard_task_runner.py:84} INFO - Running: ['***', 'tasks', 'run', 'dag_with_taskflow_api_v02', 'get_name', 'scheduled__2021-12-25T00:00:00+00:00', '--job-id', '184', '--raw', '--subdir', 'DAGS_FOLDER/first_dag.py', '--cfg-path', '/tmp/tmphejssr9x']
[2023-05-24T15:17:00.749+0000] {standard_task_runner.py:85} INFO - Job 184: Subtask get_name
[2023-05-24T15:17:01.061+0000] {task_command.py:410} INFO - Running <TaskInstance: dag_with_taskflow_api_v02.get_name scheduled__2021-12-25T00:00:00+00:00 [running]> on host 942de29f183d
[2023-05-24T15:17:02.027+0000] {taskinstance.py:1547} INFO - Exporting env vars: AIRFLOW_CTX_DAG_OWNER='Sai' AIRFLOW_CTX_DAG_ID='dag_with_taskflow_api_v02' AIRFLOW_CTX_TASK_ID='get_name' AIRFLOW_CTX_EXECUTION_DATE='2021-12-25T00:00:00+00:00' AIRFLOW_CTX_TRY_NUMBER='1' AIRFLOW_CTX_DAG_RUN_ID='scheduled__2021-12-25T00:00:00+00:00'
[2023-05-24T15:17:02.028+0000] {python.py:183} INFO - Done. Returned value was: {'first_name': 'Sai', 'last_name': 'Tr'}
[2023-05-24T15:17:02.285+0000] {taskinstance.py:1350} INFO - Marking task as SUCCESS. dag_id=dag_with_taskflow_api_v02, task_id=get_name, execution_date=20211225T000000, start_date=20230524T151700, end_date=20230524T151702
[2023-05-24T15:17:02.416+0000] {local_task_job_runner.py:225} INFO - Task exited with return code 0
[2023-05-24T15:17:02.648+0000] {taskinstance.py:2651} INFO - 1 downstream tasks scheduled from follow-on schedule check
[2023-05-25T06:50:37.613+0000] {taskinstance.py:1103} INFO - Dependencies all met for dep_context=non-requeueable deps ti=<TaskInstance: dag_with_taskflow_api_v02.get_name scheduled__2021-12-25T00:00:00+00:00 [queued]>
[2023-05-25T06:50:37.647+0000] {taskinstance.py:1103} INFO - Dependencies all met for dep_context=requeueable deps ti=<TaskInstance: dag_with_taskflow_api_v02.get_name scheduled__2021-12-25T00:00:00+00:00 [queued]>
[2023-05-25T06:50:37.653+0000] {taskinstance.py:1308} INFO - Starting attempt 1 of 6
[2023-05-25T06:50:37.724+0000] {taskinstance.py:1327} INFO - Executing <Task(_PythonDecoratedOperator): get_name> on 2021-12-25 00:00:00+00:00
[2023-05-25T06:50:37.735+0000] {standard_task_runner.py:57} INFO - Started process 2143 to run task
[2023-05-25T06:50:37.745+0000] {standard_task_runner.py:84} INFO - Running: ['***', 'tasks', 'run', 'dag_with_taskflow_api_v02', 'get_name', 'scheduled__2021-12-25T00:00:00+00:00', '--job-id', '185', '--raw', '--subdir', 'DAGS_FOLDER/first_dag.py', '--cfg-path', '/tmp/tmpqm6td3wi']
[2023-05-25T06:50:37.750+0000] {standard_task_runner.py:85} INFO - Job 185: Subtask get_name
[2023-05-25T06:50:37.890+0000] {task_command.py:410} INFO - Running <TaskInstance: dag_with_taskflow_api_v02.get_name scheduled__2021-12-25T00:00:00+00:00 [running]> on host 6bd07c7477d9
[2023-05-25T06:50:38.122+0000] {taskinstance.py:1547} INFO - Exporting env vars: AIRFLOW_CTX_DAG_OWNER='Sai' AIRFLOW_CTX_DAG_ID='dag_with_taskflow_api_v02' AIRFLOW_CTX_TASK_ID='get_name' AIRFLOW_CTX_EXECUTION_DATE='2021-12-25T00:00:00+00:00' AIRFLOW_CTX_TRY_NUMBER='1' AIRFLOW_CTX_DAG_RUN_ID='scheduled__2021-12-25T00:00:00+00:00'
[2023-05-25T06:50:38.123+0000] {python.py:183} INFO - Done. Returned value was: {'first_name': 'Sai', 'last_name': 'Tr'}
[2023-05-25T06:50:38.222+0000] {taskinstance.py:1350} INFO - Marking task as SUCCESS. dag_id=dag_with_taskflow_api_v02, task_id=get_name, execution_date=20211225T000000, start_date=20230525T065037, end_date=20230525T065038
[2023-05-25T06:50:38.279+0000] {local_task_job_runner.py:225} INFO - Task exited with return code 0
[2023-05-25T06:50:38.321+0000] {taskinstance.py:2651} INFO - 1 downstream tasks scheduled from follow-on schedule check
[2023-05-25T10:20:58.168+0000] {taskinstance.py:1103} INFO - Dependencies all met for dep_context=non-requeueable deps ti=<TaskInstance: dag_with_taskflow_api_v02.get_name scheduled__2021-12-25T00:00:00+00:00 [queued]>
[2023-05-25T10:20:58.264+0000] {taskinstance.py:1103} INFO - Dependencies all met for dep_context=requeueable deps ti=<TaskInstance: dag_with_taskflow_api_v02.get_name scheduled__2021-12-25T00:00:00+00:00 [queued]>
[2023-05-25T10:20:58.265+0000] {taskinstance.py:1308} INFO - Starting attempt 1 of 6
[2023-05-25T10:20:58.381+0000] {taskinstance.py:1327} INFO - Executing <Task(_PythonDecoratedOperator): get_name> on 2021-12-25 00:00:00+00:00
[2023-05-25T10:20:58.415+0000] {standard_task_runner.py:57} INFO - Started process 1669 to run task
[2023-05-25T10:20:58.415+0000] {standard_task_runner.py:84} INFO - Running: ['***', 'tasks', 'run', 'dag_with_taskflow_api_v02', 'get_name', 'scheduled__2021-12-25T00:00:00+00:00', '--job-id', '177', '--raw', '--subdir', 'DAGS_FOLDER/first_dag.py', '--cfg-path', '/tmp/tmp17exsn7i']
[2023-05-25T10:20:58.422+0000] {standard_task_runner.py:85} INFO - Job 177: Subtask get_name
[2023-05-25T10:20:58.833+0000] {task_command.py:410} INFO - Running <TaskInstance: dag_with_taskflow_api_v02.get_name scheduled__2021-12-25T00:00:00+00:00 [running]> on host b1ae37a9584e
[2023-05-25T10:20:59.461+0000] {taskinstance.py:1547} INFO - Exporting env vars: AIRFLOW_CTX_DAG_OWNER='Sai' AIRFLOW_CTX_DAG_ID='dag_with_taskflow_api_v02' AIRFLOW_CTX_TASK_ID='get_name' AIRFLOW_CTX_EXECUTION_DATE='2021-12-25T00:00:00+00:00' AIRFLOW_CTX_TRY_NUMBER='1' AIRFLOW_CTX_DAG_RUN_ID='scheduled__2021-12-25T00:00:00+00:00'
[2023-05-25T10:20:59.463+0000] {python.py:183} INFO - Done. Returned value was: {'first_name': 'Sai', 'last_name': 'Tr'}
[2023-05-25T10:20:59.768+0000] {taskinstance.py:1350} INFO - Marking task as SUCCESS. dag_id=dag_with_taskflow_api_v02, task_id=get_name, execution_date=20211225T000000, start_date=20230525T102058, end_date=20230525T102059
[2023-05-25T10:21:00.020+0000] {local_task_job_runner.py:225} INFO - Task exited with return code 0
[2023-05-25T10:21:00.141+0000] {taskinstance.py:2651} INFO - 1 downstream tasks scheduled from follow-on schedule check
