[2023-05-24T15:29:26.056+0000] {taskinstance.py:1103} INFO - Dependencies all met for dep_context=non-requeueable deps ti=<TaskInstance: dag_with_taskflow_api_v02.get_age scheduled__2023-02-14T00:00:00+00:00 [queued]>
[2023-05-24T15:29:26.138+0000] {taskinstance.py:1103} INFO - Dependencies all met for dep_context=requeueable deps ti=<TaskInstance: dag_with_taskflow_api_v02.get_age scheduled__2023-02-14T00:00:00+00:00 [queued]>
[2023-05-24T15:29:26.139+0000] {taskinstance.py:1308} INFO - Starting attempt 1 of 6
[2023-05-24T15:29:26.659+0000] {taskinstance.py:1327} INFO - Executing <Task(_PythonDecoratedOperator): get_age> on 2023-02-14 00:00:00+00:00
[2023-05-24T15:29:26.678+0000] {standard_task_runner.py:57} INFO - Started process 3392 to run task
[2023-05-24T15:29:26.687+0000] {standard_task_runner.py:84} INFO - Running: ['***', 'tasks', 'run', 'dag_with_taskflow_api_v02', 'get_age', 'scheduled__2023-02-14T00:00:00+00:00', '--job-id', '1432', '--raw', '--subdir', 'DAGS_FOLDER/first_dag.py', '--cfg-path', '/tmp/tmpe1lahhbx']
[2023-05-24T15:29:26.698+0000] {standard_task_runner.py:85} INFO - Job 1432: Subtask get_age
[2023-05-24T15:29:27.070+0000] {task_command.py:410} INFO - Running <TaskInstance: dag_with_taskflow_api_v02.get_age scheduled__2023-02-14T00:00:00+00:00 [running]> on host 942de29f183d
[2023-05-24T15:29:28.094+0000] {taskinstance.py:1547} INFO - Exporting env vars: AIRFLOW_CTX_DAG_OWNER='Sai' AIRFLOW_CTX_DAG_ID='dag_with_taskflow_api_v02' AIRFLOW_CTX_TASK_ID='get_age' AIRFLOW_CTX_EXECUTION_DATE='2023-02-14T00:00:00+00:00' AIRFLOW_CTX_TRY_NUMBER='1' AIRFLOW_CTX_DAG_RUN_ID='scheduled__2023-02-14T00:00:00+00:00'
[2023-05-24T15:29:28.095+0000] {python.py:183} INFO - Done. Returned value was: 19
[2023-05-24T15:29:28.275+0000] {taskinstance.py:1350} INFO - Marking task as SUCCESS. dag_id=dag_with_taskflow_api_v02, task_id=get_age, execution_date=20230214T000000, start_date=20230524T152926, end_date=20230524T152928
[2023-05-24T15:29:28.374+0000] {local_task_job_runner.py:225} INFO - Task exited with return code 0
[2023-05-24T15:29:28.776+0000] {taskinstance.py:2651} INFO - 0 downstream tasks scheduled from follow-on schedule check
[2023-05-25T07:01:55.712+0000] {taskinstance.py:1103} INFO - Dependencies all met for dep_context=non-requeueable deps ti=<TaskInstance: dag_with_taskflow_api_v02.get_age scheduled__2023-02-14T00:00:00+00:00 [queued]>
[2023-05-25T07:01:55.822+0000] {taskinstance.py:1103} INFO - Dependencies all met for dep_context=requeueable deps ti=<TaskInstance: dag_with_taskflow_api_v02.get_age scheduled__2023-02-14T00:00:00+00:00 [queued]>
[2023-05-25T07:01:55.822+0000] {taskinstance.py:1308} INFO - Starting attempt 1 of 6
[2023-05-25T07:01:55.935+0000] {taskinstance.py:1327} INFO - Executing <Task(_PythonDecoratedOperator): get_age> on 2023-02-14 00:00:00+00:00
[2023-05-25T07:01:55.952+0000] {standard_task_runner.py:57} INFO - Started process 4891 to run task
[2023-05-25T07:01:55.962+0000] {standard_task_runner.py:84} INFO - Running: ['***', 'tasks', 'run', 'dag_with_taskflow_api_v02', 'get_age', 'scheduled__2023-02-14T00:00:00+00:00', '--job-id', '1427', '--raw', '--subdir', 'DAGS_FOLDER/first_dag.py', '--cfg-path', '/tmp/tmp9epns7k4']
[2023-05-25T07:01:55.965+0000] {standard_task_runner.py:85} INFO - Job 1427: Subtask get_age
[2023-05-25T07:01:56.217+0000] {task_command.py:410} INFO - Running <TaskInstance: dag_with_taskflow_api_v02.get_age scheduled__2023-02-14T00:00:00+00:00 [running]> on host 6bd07c7477d9
[2023-05-25T07:01:56.746+0000] {taskinstance.py:1547} INFO - Exporting env vars: AIRFLOW_CTX_DAG_OWNER='Sai' AIRFLOW_CTX_DAG_ID='dag_with_taskflow_api_v02' AIRFLOW_CTX_TASK_ID='get_age' AIRFLOW_CTX_EXECUTION_DATE='2023-02-14T00:00:00+00:00' AIRFLOW_CTX_TRY_NUMBER='1' AIRFLOW_CTX_DAG_RUN_ID='scheduled__2023-02-14T00:00:00+00:00'
[2023-05-25T07:01:56.747+0000] {python.py:183} INFO - Done. Returned value was: 19
[2023-05-25T07:01:56.871+0000] {taskinstance.py:1350} INFO - Marking task as SUCCESS. dag_id=dag_with_taskflow_api_v02, task_id=get_age, execution_date=20230214T000000, start_date=20230525T070155, end_date=20230525T070156
[2023-05-25T07:01:57.001+0000] {local_task_job_runner.py:225} INFO - Task exited with return code 0
[2023-05-25T07:01:57.153+0000] {taskinstance.py:2651} INFO - 1 downstream tasks scheduled from follow-on schedule check
[2023-05-25T10:36:17.202+0000] {taskinstance.py:1103} INFO - Dependencies all met for dep_context=non-requeueable deps ti=<TaskInstance: dag_with_taskflow_api_v02.get_age scheduled__2023-02-14T00:00:00+00:00 [queued]>
[2023-05-25T10:36:17.244+0000] {taskinstance.py:1103} INFO - Dependencies all met for dep_context=requeueable deps ti=<TaskInstance: dag_with_taskflow_api_v02.get_age scheduled__2023-02-14T00:00:00+00:00 [queued]>
[2023-05-25T10:36:17.244+0000] {taskinstance.py:1308} INFO - Starting attempt 1 of 6
[2023-05-25T10:36:17.543+0000] {taskinstance.py:1327} INFO - Executing <Task(_PythonDecoratedOperator): get_age> on 2023-02-14 00:00:00+00:00
[2023-05-25T10:36:17.563+0000] {standard_task_runner.py:57} INFO - Started process 4546 to run task
[2023-05-25T10:36:17.602+0000] {standard_task_runner.py:84} INFO - Running: ['***', 'tasks', 'run', 'dag_with_taskflow_api_v02', 'get_age', 'scheduled__2023-02-14T00:00:00+00:00', '--job-id', '1441', '--raw', '--subdir', 'DAGS_FOLDER/first_dag.py', '--cfg-path', '/tmp/tmpl9ux28ak']
[2023-05-25T10:36:17.610+0000] {standard_task_runner.py:85} INFO - Job 1441: Subtask get_age
[2023-05-25T10:36:18.084+0000] {task_command.py:410} INFO - Running <TaskInstance: dag_with_taskflow_api_v02.get_age scheduled__2023-02-14T00:00:00+00:00 [running]> on host b1ae37a9584e
[2023-05-25T10:36:18.879+0000] {taskinstance.py:1547} INFO - Exporting env vars: AIRFLOW_CTX_DAG_OWNER='Sai' AIRFLOW_CTX_DAG_ID='dag_with_taskflow_api_v02' AIRFLOW_CTX_TASK_ID='get_age' AIRFLOW_CTX_EXECUTION_DATE='2023-02-14T00:00:00+00:00' AIRFLOW_CTX_TRY_NUMBER='1' AIRFLOW_CTX_DAG_RUN_ID='scheduled__2023-02-14T00:00:00+00:00'
[2023-05-25T10:36:18.883+0000] {python.py:183} INFO - Done. Returned value was: 19
[2023-05-25T10:36:19.146+0000] {taskinstance.py:1350} INFO - Marking task as SUCCESS. dag_id=dag_with_taskflow_api_v02, task_id=get_age, execution_date=20230214T000000, start_date=20230525T103617, end_date=20230525T103619
[2023-05-25T10:36:19.275+0000] {local_task_job_runner.py:225} INFO - Task exited with return code 0
[2023-05-25T10:36:19.475+0000] {taskinstance.py:2651} INFO - 0 downstream tasks scheduled from follow-on schedule check
