[2023-05-24T15:26:02.242+0000] {taskinstance.py:1103} INFO - Dependencies all met for dep_context=non-requeueable deps ti=<TaskInstance: dag_with_taskflow_api_v02.greet scheduled__2022-10-06T00:00:00+00:00 [queued]>
[2023-05-24T15:26:02.298+0000] {taskinstance.py:1103} INFO - Dependencies all met for dep_context=requeueable deps ti=<TaskInstance: dag_with_taskflow_api_v02.greet scheduled__2022-10-06T00:00:00+00:00 [queued]>
[2023-05-24T15:26:02.299+0000] {taskinstance.py:1308} INFO - Starting attempt 1 of 6
[2023-05-24T15:26:03.010+0000] {taskinstance.py:1327} INFO - Executing <Task(_PythonDecoratedOperator): greet> on 2022-10-06 00:00:00+00:00
[2023-05-24T15:26:03.033+0000] {standard_task_runner.py:57} INFO - Started process 2560 to run task
[2023-05-24T15:26:03.080+0000] {standard_task_runner.py:84} INFO - Running: ['***', 'tasks', 'run', 'dag_with_taskflow_api_v02', 'greet', 'scheduled__2022-10-06T00:00:00+00:00', '--job-id', '1061', '--raw', '--subdir', 'DAGS_FOLDER/first_dag.py', '--cfg-path', '/tmp/tmpjffq8kj3']
[2023-05-24T15:26:03.098+0000] {standard_task_runner.py:85} INFO - Job 1061: Subtask greet
[2023-05-24T15:26:03.481+0000] {task_command.py:410} INFO - Running <TaskInstance: dag_with_taskflow_api_v02.greet scheduled__2022-10-06T00:00:00+00:00 [running]> on host 942de29f183d
[2023-05-24T15:26:04.492+0000] {taskinstance.py:1547} INFO - Exporting env vars: AIRFLOW_CTX_DAG_OWNER='Sai' AIRFLOW_CTX_DAG_ID='dag_with_taskflow_api_v02' AIRFLOW_CTX_TASK_ID='greet' AIRFLOW_CTX_EXECUTION_DATE='2022-10-06T00:00:00+00:00' AIRFLOW_CTX_TRY_NUMBER='1' AIRFLOW_CTX_DAG_RUN_ID='scheduled__2022-10-06T00:00:00+00:00'
[2023-05-24T15:26:04.493+0000] {logging_mixin.py:149} INFO - Hello World! My name is Sai Tr and I am 19 years old!
[2023-05-24T15:26:04.494+0000] {python.py:183} INFO - Done. Returned value was: None
[2023-05-24T15:26:04.558+0000] {taskinstance.py:1350} INFO - Marking task as SUCCESS. dag_id=dag_with_taskflow_api_v02, task_id=greet, execution_date=20221006T000000, start_date=20230524T152602, end_date=20230524T152604
[2023-05-24T15:26:04.705+0000] {local_task_job_runner.py:225} INFO - Task exited with return code 0
[2023-05-24T15:26:04.843+0000] {taskinstance.py:2651} INFO - 0 downstream tasks scheduled from follow-on schedule check
[2023-05-25T06:58:33.228+0000] {taskinstance.py:1103} INFO - Dependencies all met for dep_context=non-requeueable deps ti=<TaskInstance: dag_with_taskflow_api_v02.greet scheduled__2022-10-06T00:00:00+00:00 [queued]>
[2023-05-25T06:58:33.340+0000] {taskinstance.py:1103} INFO - Dependencies all met for dep_context=requeueable deps ti=<TaskInstance: dag_with_taskflow_api_v02.greet scheduled__2022-10-06T00:00:00+00:00 [queued]>
[2023-05-25T06:58:33.340+0000] {taskinstance.py:1308} INFO - Starting attempt 1 of 6
[2023-05-25T06:58:33.464+0000] {taskinstance.py:1327} INFO - Executing <Task(_PythonDecoratedOperator): greet> on 2022-10-06 00:00:00+00:00
[2023-05-25T06:58:33.475+0000] {standard_task_runner.py:57} INFO - Started process 4076 to run task
[2023-05-25T06:58:33.509+0000] {standard_task_runner.py:84} INFO - Running: ['***', 'tasks', 'run', 'dag_with_taskflow_api_v02', 'greet', 'scheduled__2022-10-06T00:00:00+00:00', '--job-id', '1057', '--raw', '--subdir', 'DAGS_FOLDER/first_dag.py', '--cfg-path', '/tmp/tmpp20q_9zl']
[2023-05-25T06:58:33.538+0000] {standard_task_runner.py:85} INFO - Job 1057: Subtask greet
[2023-05-25T06:58:33.936+0000] {task_command.py:410} INFO - Running <TaskInstance: dag_with_taskflow_api_v02.greet scheduled__2022-10-06T00:00:00+00:00 [running]> on host 6bd07c7477d9
[2023-05-25T06:58:34.834+0000] {taskinstance.py:1547} INFO - Exporting env vars: AIRFLOW_CTX_DAG_OWNER='Sai' AIRFLOW_CTX_DAG_ID='dag_with_taskflow_api_v02' AIRFLOW_CTX_TASK_ID='greet' AIRFLOW_CTX_EXECUTION_DATE='2022-10-06T00:00:00+00:00' AIRFLOW_CTX_TRY_NUMBER='1' AIRFLOW_CTX_DAG_RUN_ID='scheduled__2022-10-06T00:00:00+00:00'
[2023-05-25T06:58:34.847+0000] {logging_mixin.py:149} INFO - Hello World! My name is Sai Tr and I am 19 years old!
[2023-05-25T06:58:34.847+0000] {python.py:183} INFO - Done. Returned value was: None
[2023-05-25T06:58:34.943+0000] {taskinstance.py:1350} INFO - Marking task as SUCCESS. dag_id=dag_with_taskflow_api_v02, task_id=greet, execution_date=20221006T000000, start_date=20230525T065833, end_date=20230525T065834
[2023-05-25T06:58:35.051+0000] {local_task_job_runner.py:225} INFO - Task exited with return code 0
[2023-05-25T06:58:35.221+0000] {taskinstance.py:2651} INFO - 0 downstream tasks scheduled from follow-on schedule check
[2023-05-25T10:32:08.867+0000] {taskinstance.py:1103} INFO - Dependencies all met for dep_context=non-requeueable deps ti=<TaskInstance: dag_with_taskflow_api_v02.greet scheduled__2022-10-06T00:00:00+00:00 [queued]>
[2023-05-25T10:32:08.959+0000] {taskinstance.py:1103} INFO - Dependencies all met for dep_context=requeueable deps ti=<TaskInstance: dag_with_taskflow_api_v02.greet scheduled__2022-10-06T00:00:00+00:00 [queued]>
[2023-05-25T10:32:08.959+0000] {taskinstance.py:1308} INFO - Starting attempt 1 of 6
[2023-05-25T10:32:09.167+0000] {taskinstance.py:1327} INFO - Executing <Task(_PythonDecoratedOperator): greet> on 2022-10-06 00:00:00+00:00
[2023-05-25T10:32:09.201+0000] {standard_task_runner.py:57} INFO - Started process 3714 to run task
[2023-05-25T10:32:09.220+0000] {standard_task_runner.py:84} INFO - Running: ['***', 'tasks', 'run', 'dag_with_taskflow_api_v02', 'greet', 'scheduled__2022-10-06T00:00:00+00:00', '--job-id', '1071', '--raw', '--subdir', 'DAGS_FOLDER/first_dag.py', '--cfg-path', '/tmp/tmpgco0mp22']
[2023-05-25T10:32:09.240+0000] {standard_task_runner.py:85} INFO - Job 1071: Subtask greet
[2023-05-25T10:32:09.584+0000] {task_command.py:410} INFO - Running <TaskInstance: dag_with_taskflow_api_v02.greet scheduled__2022-10-06T00:00:00+00:00 [running]> on host b1ae37a9584e
[2023-05-25T10:32:10.572+0000] {taskinstance.py:1547} INFO - Exporting env vars: AIRFLOW_CTX_DAG_OWNER='Sai' AIRFLOW_CTX_DAG_ID='dag_with_taskflow_api_v02' AIRFLOW_CTX_TASK_ID='greet' AIRFLOW_CTX_EXECUTION_DATE='2022-10-06T00:00:00+00:00' AIRFLOW_CTX_TRY_NUMBER='1' AIRFLOW_CTX_DAG_RUN_ID='scheduled__2022-10-06T00:00:00+00:00'
[2023-05-25T10:32:10.574+0000] {logging_mixin.py:149} INFO - Hello World! My name is Sai Tr and I am 19 years old!
[2023-05-25T10:32:10.574+0000] {python.py:183} INFO - Done. Returned value was: None
[2023-05-25T10:32:10.656+0000] {taskinstance.py:1350} INFO - Marking task as SUCCESS. dag_id=dag_with_taskflow_api_v02, task_id=greet, execution_date=20221006T000000, start_date=20230525T103208, end_date=20230525T103210
[2023-05-25T10:32:10.881+0000] {local_task_job_runner.py:225} INFO - Task exited with return code 0
[2023-05-25T10:32:11.805+0000] {taskinstance.py:2651} INFO - 0 downstream tasks scheduled from follow-on schedule check
