[2023-05-24T15:24:53.653+0000] {taskinstance.py:1103} INFO - Dependencies all met for dep_context=non-requeueable deps ti=<TaskInstance: dag_with_taskflow_api_v02.greet scheduled__2022-08-26T00:00:00+00:00 [queued]>
[2023-05-24T15:24:53.758+0000] {taskinstance.py:1103} INFO - Dependencies all met for dep_context=requeueable deps ti=<TaskInstance: dag_with_taskflow_api_v02.greet scheduled__2022-08-26T00:00:00+00:00 [queued]>
[2023-05-24T15:24:53.759+0000] {taskinstance.py:1308} INFO - Starting attempt 1 of 6
[2023-05-24T15:24:54.034+0000] {taskinstance.py:1327} INFO - Executing <Task(_PythonDecoratedOperator): greet> on 2022-08-26 00:00:00+00:00
[2023-05-24T15:24:54.054+0000] {standard_task_runner.py:57} INFO - Started process 2294 to run task
[2023-05-24T15:24:54.071+0000] {standard_task_runner.py:84} INFO - Running: ['***', 'tasks', 'run', 'dag_with_taskflow_api_v02', 'greet', 'scheduled__2022-08-26T00:00:00+00:00', '--job-id', '938', '--raw', '--subdir', 'DAGS_FOLDER/first_dag.py', '--cfg-path', '/tmp/tmp8o7yul5j']
[2023-05-24T15:24:54.086+0000] {standard_task_runner.py:85} INFO - Job 938: Subtask greet
[2023-05-24T15:24:54.262+0000] {task_command.py:410} INFO - Running <TaskInstance: dag_with_taskflow_api_v02.greet scheduled__2022-08-26T00:00:00+00:00 [running]> on host 942de29f183d
[2023-05-24T15:24:55.037+0000] {taskinstance.py:1547} INFO - Exporting env vars: AIRFLOW_CTX_DAG_OWNER='Sai' AIRFLOW_CTX_DAG_ID='dag_with_taskflow_api_v02' AIRFLOW_CTX_TASK_ID='greet' AIRFLOW_CTX_EXECUTION_DATE='2022-08-26T00:00:00+00:00' AIRFLOW_CTX_TRY_NUMBER='1' AIRFLOW_CTX_DAG_RUN_ID='scheduled__2022-08-26T00:00:00+00:00'
[2023-05-24T15:24:55.038+0000] {logging_mixin.py:149} INFO - Hello World! My name is Sai Tr and I am 19 years old!
[2023-05-24T15:24:55.038+0000] {python.py:183} INFO - Done. Returned value was: None
[2023-05-24T15:24:55.074+0000] {taskinstance.py:1350} INFO - Marking task as SUCCESS. dag_id=dag_with_taskflow_api_v02, task_id=greet, execution_date=20220826T000000, start_date=20230524T152453, end_date=20230524T152455
[2023-05-24T15:24:55.210+0000] {local_task_job_runner.py:225} INFO - Task exited with return code 0
[2023-05-24T15:24:55.338+0000] {taskinstance.py:2651} INFO - 0 downstream tasks scheduled from follow-on schedule check
[2023-05-25T06:57:29.448+0000] {taskinstance.py:1103} INFO - Dependencies all met for dep_context=non-requeueable deps ti=<TaskInstance: dag_with_taskflow_api_v02.greet scheduled__2022-08-26T00:00:00+00:00 [queued]>
[2023-05-25T06:57:29.506+0000] {taskinstance.py:1103} INFO - Dependencies all met for dep_context=requeueable deps ti=<TaskInstance: dag_with_taskflow_api_v02.greet scheduled__2022-08-26T00:00:00+00:00 [queued]>
[2023-05-25T06:57:29.506+0000] {taskinstance.py:1308} INFO - Starting attempt 1 of 6
[2023-05-25T06:57:29.632+0000] {taskinstance.py:1327} INFO - Executing <Task(_PythonDecoratedOperator): greet> on 2022-08-26 00:00:00+00:00
[2023-05-25T06:57:29.651+0000] {standard_task_runner.py:57} INFO - Started process 3809 to run task
[2023-05-25T06:57:29.680+0000] {standard_task_runner.py:84} INFO - Running: ['***', 'tasks', 'run', 'dag_with_taskflow_api_v02', 'greet', 'scheduled__2022-08-26T00:00:00+00:00', '--job-id', '938', '--raw', '--subdir', 'DAGS_FOLDER/first_dag.py', '--cfg-path', '/tmp/tmpdwolf_v8']
[2023-05-25T06:57:29.699+0000] {standard_task_runner.py:85} INFO - Job 938: Subtask greet
[2023-05-25T06:57:29.865+0000] {task_command.py:410} INFO - Running <TaskInstance: dag_with_taskflow_api_v02.greet scheduled__2022-08-26T00:00:00+00:00 [running]> on host 6bd07c7477d9
[2023-05-25T06:57:30.519+0000] {taskinstance.py:1547} INFO - Exporting env vars: AIRFLOW_CTX_DAG_OWNER='Sai' AIRFLOW_CTX_DAG_ID='dag_with_taskflow_api_v02' AIRFLOW_CTX_TASK_ID='greet' AIRFLOW_CTX_EXECUTION_DATE='2022-08-26T00:00:00+00:00' AIRFLOW_CTX_TRY_NUMBER='1' AIRFLOW_CTX_DAG_RUN_ID='scheduled__2022-08-26T00:00:00+00:00'
[2023-05-25T06:57:30.521+0000] {logging_mixin.py:149} INFO - Hello World! My name is Sai Tr and I am 19 years old!
[2023-05-25T06:57:30.525+0000] {python.py:183} INFO - Done. Returned value was: None
[2023-05-25T06:57:30.556+0000] {taskinstance.py:1350} INFO - Marking task as SUCCESS. dag_id=dag_with_taskflow_api_v02, task_id=greet, execution_date=20220826T000000, start_date=20230525T065729, end_date=20230525T065730
[2023-05-25T06:57:30.637+0000] {local_task_job_runner.py:225} INFO - Task exited with return code 0
[2023-05-25T06:57:30.749+0000] {taskinstance.py:2651} INFO - 0 downstream tasks scheduled from follow-on schedule check
[2023-05-25T10:30:48.703+0000] {taskinstance.py:1103} INFO - Dependencies all met for dep_context=non-requeueable deps ti=<TaskInstance: dag_with_taskflow_api_v02.greet scheduled__2022-08-26T00:00:00+00:00 [queued]>
[2023-05-25T10:30:48.747+0000] {taskinstance.py:1103} INFO - Dependencies all met for dep_context=requeueable deps ti=<TaskInstance: dag_with_taskflow_api_v02.greet scheduled__2022-08-26T00:00:00+00:00 [queued]>
[2023-05-25T10:30:48.747+0000] {taskinstance.py:1308} INFO - Starting attempt 1 of 6
[2023-05-25T10:30:48.949+0000] {taskinstance.py:1327} INFO - Executing <Task(_PythonDecoratedOperator): greet> on 2022-08-26 00:00:00+00:00
[2023-05-25T10:30:49.010+0000] {standard_task_runner.py:57} INFO - Started process 3424 to run task
[2023-05-25T10:30:49.030+0000] {standard_task_runner.py:84} INFO - Running: ['***', 'tasks', 'run', 'dag_with_taskflow_api_v02', 'greet', 'scheduled__2022-08-26T00:00:00+00:00', '--job-id', '947', '--raw', '--subdir', 'DAGS_FOLDER/first_dag.py', '--cfg-path', '/tmp/tmp8elo_85q']
[2023-05-25T10:30:49.034+0000] {standard_task_runner.py:85} INFO - Job 947: Subtask greet
[2023-05-25T10:30:49.282+0000] {task_command.py:410} INFO - Running <TaskInstance: dag_with_taskflow_api_v02.greet scheduled__2022-08-26T00:00:00+00:00 [running]> on host b1ae37a9584e
[2023-05-25T10:30:50.130+0000] {taskinstance.py:1547} INFO - Exporting env vars: AIRFLOW_CTX_DAG_OWNER='Sai' AIRFLOW_CTX_DAG_ID='dag_with_taskflow_api_v02' AIRFLOW_CTX_TASK_ID='greet' AIRFLOW_CTX_EXECUTION_DATE='2022-08-26T00:00:00+00:00' AIRFLOW_CTX_TRY_NUMBER='1' AIRFLOW_CTX_DAG_RUN_ID='scheduled__2022-08-26T00:00:00+00:00'
[2023-05-25T10:30:50.131+0000] {logging_mixin.py:149} INFO - Hello World! My name is Sai Tr and I am 19 years old!
[2023-05-25T10:30:50.131+0000] {python.py:183} INFO - Done. Returned value was: None
[2023-05-25T10:30:50.161+0000] {taskinstance.py:1350} INFO - Marking task as SUCCESS. dag_id=dag_with_taskflow_api_v02, task_id=greet, execution_date=20220826T000000, start_date=20230525T103048, end_date=20230525T103050
[2023-05-25T10:30:50.231+0000] {local_task_job_runner.py:225} INFO - Task exited with return code 0
[2023-05-25T10:30:50.333+0000] {taskinstance.py:2651} INFO - 0 downstream tasks scheduled from follow-on schedule check
