[2023-05-24T15:15:45.259+0000] {taskinstance.py:1103} INFO - Dependencies all met for dep_context=non-requeueable deps ti=<TaskInstance: dag_with_taskflow_api_v02.get_age scheduled__2021-11-11T00:00:00+00:00 [queued]>
[2023-05-24T15:15:45.332+0000] {taskinstance.py:1103} INFO - Dependencies all met for dep_context=requeueable deps ti=<TaskInstance: dag_with_taskflow_api_v02.get_age scheduled__2021-11-11T00:00:00+00:00 [queued]>
[2023-05-24T15:15:45.337+0000] {taskinstance.py:1308} INFO - Starting attempt 1 of 6
[2023-05-24T15:15:47.061+0000] {taskinstance.py:1327} INFO - Executing <Task(_PythonDecoratedOperator): get_age> on 2021-11-11 00:00:00+00:00
[2023-05-24T15:15:47.200+0000] {standard_task_runner.py:84} INFO - Running: ['***', 'tasks', 'run', 'dag_with_taskflow_api_v02', 'get_age', 'scheduled__2021-11-11T00:00:00+00:00', '--job-id', '54', '--raw', '--subdir', 'DAGS_FOLDER/first_dag.py', '--cfg-path', '/tmp/tmp3e5t6lhf']
[2023-05-24T15:15:47.216+0000] {standard_task_runner.py:85} INFO - Job 54: Subtask get_age
[2023-05-24T15:15:47.180+0000] {standard_task_runner.py:57} INFO - Started process 315 to run task
[2023-05-24T15:15:48.031+0000] {task_command.py:410} INFO - Running <TaskInstance: dag_with_taskflow_api_v02.get_age scheduled__2021-11-11T00:00:00+00:00 [running]> on host 942de29f183d
[2023-05-24T15:15:49.060+0000] {taskinstance.py:1547} INFO - Exporting env vars: AIRFLOW_CTX_DAG_OWNER='Sai' AIRFLOW_CTX_DAG_ID='dag_with_taskflow_api_v02' AIRFLOW_CTX_TASK_ID='get_age' AIRFLOW_CTX_EXECUTION_DATE='2021-11-11T00:00:00+00:00' AIRFLOW_CTX_TRY_NUMBER='1' AIRFLOW_CTX_DAG_RUN_ID='scheduled__2021-11-11T00:00:00+00:00'
[2023-05-24T15:15:49.062+0000] {python.py:183} INFO - Done. Returned value was: 19
[2023-05-24T15:15:49.269+0000] {taskinstance.py:1350} INFO - Marking task as SUCCESS. dag_id=dag_with_taskflow_api_v02, task_id=get_age, execution_date=20211111T000000, start_date=20230524T151545, end_date=20230524T151549
[2023-05-24T15:15:49.781+0000] {local_task_job_runner.py:225} INFO - Task exited with return code 0
[2023-05-24T15:15:50.088+0000] {taskinstance.py:2651} INFO - 1 downstream tasks scheduled from follow-on schedule check
[2023-05-25T06:49:28.157+0000] {taskinstance.py:1103} INFO - Dependencies all met for dep_context=non-requeueable deps ti=<TaskInstance: dag_with_taskflow_api_v02.get_age scheduled__2021-11-11T00:00:00+00:00 [queued]>
[2023-05-25T06:49:28.242+0000] {taskinstance.py:1103} INFO - Dependencies all met for dep_context=requeueable deps ti=<TaskInstance: dag_with_taskflow_api_v02.get_age scheduled__2021-11-11T00:00:00+00:00 [queued]>
[2023-05-25T06:49:28.243+0000] {taskinstance.py:1308} INFO - Starting attempt 1 of 6
[2023-05-25T06:49:28.509+0000] {taskinstance.py:1327} INFO - Executing <Task(_PythonDecoratedOperator): get_age> on 2021-11-11 00:00:00+00:00
[2023-05-25T06:49:28.533+0000] {standard_task_runner.py:57} INFO - Started process 1853 to run task
[2023-05-25T06:49:28.577+0000] {standard_task_runner.py:84} INFO - Running: ['***', 'tasks', 'run', 'dag_with_taskflow_api_v02', 'get_age', 'scheduled__2021-11-11T00:00:00+00:00', '--job-id', '54', '--raw', '--subdir', 'DAGS_FOLDER/first_dag.py', '--cfg-path', '/tmp/tmpdgm2lr8f']
[2023-05-25T06:49:28.597+0000] {standard_task_runner.py:85} INFO - Job 54: Subtask get_age
[2023-05-25T06:49:28.843+0000] {task_command.py:410} INFO - Running <TaskInstance: dag_with_taskflow_api_v02.get_age scheduled__2021-11-11T00:00:00+00:00 [running]> on host 6bd07c7477d9
[2023-05-25T06:49:29.476+0000] {taskinstance.py:1547} INFO - Exporting env vars: AIRFLOW_CTX_DAG_OWNER='Sai' AIRFLOW_CTX_DAG_ID='dag_with_taskflow_api_v02' AIRFLOW_CTX_TASK_ID='get_age' AIRFLOW_CTX_EXECUTION_DATE='2021-11-11T00:00:00+00:00' AIRFLOW_CTX_TRY_NUMBER='1' AIRFLOW_CTX_DAG_RUN_ID='scheduled__2021-11-11T00:00:00+00:00'
[2023-05-25T06:49:29.478+0000] {python.py:183} INFO - Done. Returned value was: 19
[2023-05-25T06:49:29.620+0000] {taskinstance.py:1350} INFO - Marking task as SUCCESS. dag_id=dag_with_taskflow_api_v02, task_id=get_age, execution_date=20211111T000000, start_date=20230525T064928, end_date=20230525T064929
[2023-05-25T06:49:29.785+0000] {local_task_job_runner.py:225} INFO - Task exited with return code 0
[2023-05-25T06:49:30.035+0000] {taskinstance.py:2651} INFO - 0 downstream tasks scheduled from follow-on schedule check
[2023-05-25T10:19:07.242+0000] {taskinstance.py:1103} INFO - Dependencies all met for dep_context=non-requeueable deps ti=<TaskInstance: dag_with_taskflow_api_v02.get_age scheduled__2021-11-11T00:00:00+00:00 [queued]>
[2023-05-25T10:19:07.364+0000] {taskinstance.py:1103} INFO - Dependencies all met for dep_context=requeueable deps ti=<TaskInstance: dag_with_taskflow_api_v02.get_age scheduled__2021-11-11T00:00:00+00:00 [queued]>
[2023-05-25T10:19:07.365+0000] {taskinstance.py:1308} INFO - Starting attempt 1 of 6
[2023-05-25T10:19:07.534+0000] {taskinstance.py:1327} INFO - Executing <Task(_PythonDecoratedOperator): get_age> on 2021-11-11 00:00:00+00:00
[2023-05-25T10:19:07.576+0000] {standard_task_runner.py:57} INFO - Started process 1361 to run task
[2023-05-25T10:19:07.676+0000] {standard_task_runner.py:84} INFO - Running: ['***', 'tasks', 'run', 'dag_with_taskflow_api_v02', 'get_age', 'scheduled__2021-11-11T00:00:00+00:00', '--job-id', '46', '--raw', '--subdir', 'DAGS_FOLDER/first_dag.py', '--cfg-path', '/tmp/tmp47mkcd5n']
[2023-05-25T10:19:07.707+0000] {standard_task_runner.py:85} INFO - Job 46: Subtask get_age
[2023-05-25T10:19:08.063+0000] {task_command.py:410} INFO - Running <TaskInstance: dag_with_taskflow_api_v02.get_age scheduled__2021-11-11T00:00:00+00:00 [running]> on host b1ae37a9584e
[2023-05-25T10:19:09.171+0000] {taskinstance.py:1547} INFO - Exporting env vars: AIRFLOW_CTX_DAG_OWNER='Sai' AIRFLOW_CTX_DAG_ID='dag_with_taskflow_api_v02' AIRFLOW_CTX_TASK_ID='get_age' AIRFLOW_CTX_EXECUTION_DATE='2021-11-11T00:00:00+00:00' AIRFLOW_CTX_TRY_NUMBER='1' AIRFLOW_CTX_DAG_RUN_ID='scheduled__2021-11-11T00:00:00+00:00'
[2023-05-25T10:19:09.176+0000] {python.py:183} INFO - Done. Returned value was: 19
[2023-05-25T10:19:09.316+0000] {taskinstance.py:1350} INFO - Marking task as SUCCESS. dag_id=dag_with_taskflow_api_v02, task_id=get_age, execution_date=20211111T000000, start_date=20230525T101907, end_date=20230525T101909
[2023-05-25T10:19:09.444+0000] {local_task_job_runner.py:225} INFO - Task exited with return code 0
[2023-05-25T10:19:09.736+0000] {taskinstance.py:2651} INFO - 0 downstream tasks scheduled from follow-on schedule check
