[2023-05-24T15:19:51.227+0000] {taskinstance.py:1103} INFO - Dependencies all met for dep_context=non-requeueable deps ti=<TaskInstance: dag_with_taskflow_api_v02.get_name scheduled__2022-03-28T00:00:00+00:00 [queued]>
[2023-05-24T15:19:51.319+0000] {taskinstance.py:1103} INFO - Dependencies all met for dep_context=requeueable deps ti=<TaskInstance: dag_with_taskflow_api_v02.get_name scheduled__2022-03-28T00:00:00+00:00 [queued]>
[2023-05-24T15:19:51.320+0000] {taskinstance.py:1308} INFO - Starting attempt 1 of 6
[2023-05-24T15:19:51.425+0000] {taskinstance.py:1327} INFO - Executing <Task(_PythonDecoratedOperator): get_name> on 2022-03-28 00:00:00+00:00
[2023-05-24T15:19:51.448+0000] {standard_task_runner.py:57} INFO - Started process 1209 to run task
[2023-05-24T15:19:51.475+0000] {standard_task_runner.py:84} INFO - Running: ['***', 'tasks', 'run', 'dag_with_taskflow_api_v02', 'get_name', 'scheduled__2022-03-28T00:00:00+00:00', '--job-id', '456', '--raw', '--subdir', 'DAGS_FOLDER/first_dag.py', '--cfg-path', '/tmp/tmpzmm1er_0']
[2023-05-24T15:19:51.491+0000] {standard_task_runner.py:85} INFO - Job 456: Subtask get_name
[2023-05-24T15:19:51.706+0000] {task_command.py:410} INFO - Running <TaskInstance: dag_with_taskflow_api_v02.get_name scheduled__2022-03-28T00:00:00+00:00 [running]> on host 942de29f183d
[2023-05-24T15:19:52.224+0000] {taskinstance.py:1547} INFO - Exporting env vars: AIRFLOW_CTX_DAG_OWNER='Sai' AIRFLOW_CTX_DAG_ID='dag_with_taskflow_api_v02' AIRFLOW_CTX_TASK_ID='get_name' AIRFLOW_CTX_EXECUTION_DATE='2022-03-28T00:00:00+00:00' AIRFLOW_CTX_TRY_NUMBER='1' AIRFLOW_CTX_DAG_RUN_ID='scheduled__2022-03-28T00:00:00+00:00'
[2023-05-24T15:19:52.225+0000] {python.py:183} INFO - Done. Returned value was: {'first_name': 'Sai', 'last_name': 'Tr'}
[2023-05-24T15:19:52.473+0000] {taskinstance.py:1350} INFO - Marking task as SUCCESS. dag_id=dag_with_taskflow_api_v02, task_id=get_name, execution_date=20220328T000000, start_date=20230524T151951, end_date=20230524T151952
[2023-05-24T15:19:52.567+0000] {local_task_job_runner.py:225} INFO - Task exited with return code 0
[2023-05-24T15:19:52.679+0000] {taskinstance.py:2651} INFO - 0 downstream tasks scheduled from follow-on schedule check
[2023-05-25T06:53:07.903+0000] {taskinstance.py:1103} INFO - Dependencies all met for dep_context=non-requeueable deps ti=<TaskInstance: dag_with_taskflow_api_v02.get_name scheduled__2022-03-28T00:00:00+00:00 [queued]>
[2023-05-25T06:53:08.012+0000] {taskinstance.py:1103} INFO - Dependencies all met for dep_context=requeueable deps ti=<TaskInstance: dag_with_taskflow_api_v02.get_name scheduled__2022-03-28T00:00:00+00:00 [queued]>
[2023-05-25T06:53:08.012+0000] {taskinstance.py:1308} INFO - Starting attempt 1 of 6
[2023-05-25T06:53:08.279+0000] {taskinstance.py:1327} INFO - Executing <Task(_PythonDecoratedOperator): get_name> on 2022-03-28 00:00:00+00:00
[2023-05-25T06:53:08.309+0000] {standard_task_runner.py:84} INFO - Running: ['***', 'tasks', 'run', 'dag_with_taskflow_api_v02', 'get_name', 'scheduled__2022-03-28T00:00:00+00:00', '--job-id', '458', '--raw', '--subdir', 'DAGS_FOLDER/first_dag.py', '--cfg-path', '/tmp/tmphviheoak']
[2023-05-25T06:53:08.332+0000] {standard_task_runner.py:57} INFO - Started process 2747 to run task
[2023-05-25T06:53:08.324+0000] {standard_task_runner.py:85} INFO - Job 458: Subtask get_name
[2023-05-25T06:53:08.936+0000] {task_command.py:410} INFO - Running <TaskInstance: dag_with_taskflow_api_v02.get_name scheduled__2022-03-28T00:00:00+00:00 [running]> on host 6bd07c7477d9
[2023-05-25T06:53:10.081+0000] {taskinstance.py:1547} INFO - Exporting env vars: AIRFLOW_CTX_DAG_OWNER='Sai' AIRFLOW_CTX_DAG_ID='dag_with_taskflow_api_v02' AIRFLOW_CTX_TASK_ID='get_name' AIRFLOW_CTX_EXECUTION_DATE='2022-03-28T00:00:00+00:00' AIRFLOW_CTX_TRY_NUMBER='1' AIRFLOW_CTX_DAG_RUN_ID='scheduled__2022-03-28T00:00:00+00:00'
[2023-05-25T06:53:10.082+0000] {python.py:183} INFO - Done. Returned value was: {'first_name': 'Sai', 'last_name': 'Tr'}
[2023-05-25T06:53:10.377+0000] {taskinstance.py:1350} INFO - Marking task as SUCCESS. dag_id=dag_with_taskflow_api_v02, task_id=get_name, execution_date=20220328T000000, start_date=20230525T065307, end_date=20230525T065310
[2023-05-25T06:53:10.548+0000] {local_task_job_runner.py:225} INFO - Task exited with return code 0
[2023-05-25T06:53:11.290+0000] {taskinstance.py:2651} INFO - 1 downstream tasks scheduled from follow-on schedule check
[2023-05-25T10:24:18.291+0000] {taskinstance.py:1103} INFO - Dependencies all met for dep_context=non-requeueable deps ti=<TaskInstance: dag_with_taskflow_api_v02.get_name scheduled__2022-03-28T00:00:00+00:00 [queued]>
[2023-05-25T10:24:18.455+0000] {taskinstance.py:1103} INFO - Dependencies all met for dep_context=requeueable deps ti=<TaskInstance: dag_with_taskflow_api_v02.get_name scheduled__2022-03-28T00:00:00+00:00 [queued]>
[2023-05-25T10:24:18.461+0000] {taskinstance.py:1308} INFO - Starting attempt 1 of 6
[2023-05-25T10:24:18.651+0000] {taskinstance.py:1327} INFO - Executing <Task(_PythonDecoratedOperator): get_name> on 2022-03-28 00:00:00+00:00
[2023-05-25T10:24:18.658+0000] {standard_task_runner.py:57} INFO - Started process 2302 to run task
[2023-05-25T10:24:18.699+0000] {standard_task_runner.py:84} INFO - Running: ['***', 'tasks', 'run', 'dag_with_taskflow_api_v02', 'get_name', 'scheduled__2022-03-28T00:00:00+00:00', '--job-id', '455', '--raw', '--subdir', 'DAGS_FOLDER/first_dag.py', '--cfg-path', '/tmp/tmppgkza8b5']
[2023-05-25T10:24:18.707+0000] {standard_task_runner.py:85} INFO - Job 455: Subtask get_name
[2023-05-25T10:24:18.932+0000] {task_command.py:410} INFO - Running <TaskInstance: dag_with_taskflow_api_v02.get_name scheduled__2022-03-28T00:00:00+00:00 [running]> on host b1ae37a9584e
[2023-05-25T10:24:19.572+0000] {taskinstance.py:1547} INFO - Exporting env vars: AIRFLOW_CTX_DAG_OWNER='Sai' AIRFLOW_CTX_DAG_ID='dag_with_taskflow_api_v02' AIRFLOW_CTX_TASK_ID='get_name' AIRFLOW_CTX_EXECUTION_DATE='2022-03-28T00:00:00+00:00' AIRFLOW_CTX_TRY_NUMBER='1' AIRFLOW_CTX_DAG_RUN_ID='scheduled__2022-03-28T00:00:00+00:00'
[2023-05-25T10:24:19.573+0000] {python.py:183} INFO - Done. Returned value was: {'first_name': 'Sai', 'last_name': 'Tr'}
[2023-05-25T10:24:19.793+0000] {taskinstance.py:1350} INFO - Marking task as SUCCESS. dag_id=dag_with_taskflow_api_v02, task_id=get_name, execution_date=20220328T000000, start_date=20230525T102418, end_date=20230525T102419
[2023-05-25T10:24:19.923+0000] {local_task_job_runner.py:225} INFO - Task exited with return code 0
[2023-05-25T10:24:20.122+0000] {taskinstance.py:2651} INFO - 0 downstream tasks scheduled from follow-on schedule check
