[2023-05-24T15:17:05.872+0000] {taskinstance.py:1103} INFO - Dependencies all met for dep_context=non-requeueable deps ti=<TaskInstance: dag_with_taskflow_api_v02.greet scheduled__2021-12-22T00:00:00+00:00 [queued]>
[2023-05-24T15:17:05.989+0000] {taskinstance.py:1103} INFO - Dependencies all met for dep_context=requeueable deps ti=<TaskInstance: dag_with_taskflow_api_v02.greet scheduled__2021-12-22T00:00:00+00:00 [queued]>
[2023-05-24T15:17:05.990+0000] {taskinstance.py:1308} INFO - Starting attempt 1 of 6
[2023-05-24T15:17:06.168+0000] {taskinstance.py:1327} INFO - Executing <Task(_PythonDecoratedOperator): greet> on 2021-12-22 00:00:00+00:00
[2023-05-24T15:17:06.248+0000] {standard_task_runner.py:57} INFO - Started process 628 to run task
[2023-05-24T15:17:06.348+0000] {standard_task_runner.py:84} INFO - Running: ['***', 'tasks', 'run', 'dag_with_taskflow_api_v02', 'greet', 'scheduled__2021-12-22T00:00:00+00:00', '--job-id', '194', '--raw', '--subdir', 'DAGS_FOLDER/first_dag.py', '--cfg-path', '/tmp/tmp30dxev7a']
[2023-05-24T15:17:06.414+0000] {standard_task_runner.py:85} INFO - Job 194: Subtask greet
[2023-05-24T15:17:06.900+0000] {task_command.py:410} INFO - Running <TaskInstance: dag_with_taskflow_api_v02.greet scheduled__2021-12-22T00:00:00+00:00 [running]> on host 942de29f183d
[2023-05-24T15:17:07.911+0000] {taskinstance.py:1547} INFO - Exporting env vars: AIRFLOW_CTX_DAG_OWNER='Sai' AIRFLOW_CTX_DAG_ID='dag_with_taskflow_api_v02' AIRFLOW_CTX_TASK_ID='greet' AIRFLOW_CTX_EXECUTION_DATE='2021-12-22T00:00:00+00:00' AIRFLOW_CTX_TRY_NUMBER='1' AIRFLOW_CTX_DAG_RUN_ID='scheduled__2021-12-22T00:00:00+00:00'
[2023-05-24T15:17:07.912+0000] {logging_mixin.py:149} INFO - Hello World! My name is Sai Tr and I am 19 years old!
[2023-05-24T15:17:07.912+0000] {python.py:183} INFO - Done. Returned value was: None
[2023-05-24T15:17:08.002+0000] {taskinstance.py:1350} INFO - Marking task as SUCCESS. dag_id=dag_with_taskflow_api_v02, task_id=greet, execution_date=20211222T000000, start_date=20230524T151705, end_date=20230524T151708
[2023-05-24T15:17:08.212+0000] {local_task_job_runner.py:225} INFO - Task exited with return code 0
[2023-05-24T15:17:08.359+0000] {taskinstance.py:2651} INFO - 0 downstream tasks scheduled from follow-on schedule check
[2023-05-25T06:50:36.051+0000] {taskinstance.py:1103} INFO - Dependencies all met for dep_context=non-requeueable deps ti=<TaskInstance: dag_with_taskflow_api_v02.greet scheduled__2021-12-22T00:00:00+00:00 [queued]>
[2023-05-25T06:50:36.110+0000] {taskinstance.py:1103} INFO - Dependencies all met for dep_context=requeueable deps ti=<TaskInstance: dag_with_taskflow_api_v02.greet scheduled__2021-12-22T00:00:00+00:00 [queued]>
[2023-05-25T06:50:36.110+0000] {taskinstance.py:1308} INFO - Starting attempt 1 of 6
[2023-05-25T06:50:36.416+0000] {taskinstance.py:1327} INFO - Executing <Task(_PythonDecoratedOperator): greet> on 2021-12-22 00:00:00+00:00
[2023-05-25T06:50:36.585+0000] {standard_task_runner.py:57} INFO - Started process 2140 to run task
[2023-05-25T06:50:36.607+0000] {standard_task_runner.py:84} INFO - Running: ['***', 'tasks', 'run', 'dag_with_taskflow_api_v02', 'greet', 'scheduled__2021-12-22T00:00:00+00:00', '--job-id', '183', '--raw', '--subdir', 'DAGS_FOLDER/first_dag.py', '--cfg-path', '/tmp/tmpo9ssbi2q']
[2023-05-25T06:50:36.626+0000] {standard_task_runner.py:85} INFO - Job 183: Subtask greet
[2023-05-25T06:50:36.820+0000] {task_command.py:410} INFO - Running <TaskInstance: dag_with_taskflow_api_v02.greet scheduled__2021-12-22T00:00:00+00:00 [running]> on host 6bd07c7477d9
[2023-05-25T06:50:37.381+0000] {taskinstance.py:1547} INFO - Exporting env vars: AIRFLOW_CTX_DAG_OWNER='Sai' AIRFLOW_CTX_DAG_ID='dag_with_taskflow_api_v02' AIRFLOW_CTX_TASK_ID='greet' AIRFLOW_CTX_EXECUTION_DATE='2021-12-22T00:00:00+00:00' AIRFLOW_CTX_TRY_NUMBER='1' AIRFLOW_CTX_DAG_RUN_ID='scheduled__2021-12-22T00:00:00+00:00'
[2023-05-25T06:50:37.382+0000] {logging_mixin.py:149} INFO - Hello World! My name is Sai Tr and I am 19 years old!
[2023-05-25T06:50:37.382+0000] {python.py:183} INFO - Done. Returned value was: None
[2023-05-25T06:50:37.409+0000] {taskinstance.py:1350} INFO - Marking task as SUCCESS. dag_id=dag_with_taskflow_api_v02, task_id=greet, execution_date=20211222T000000, start_date=20230525T065036, end_date=20230525T065037
[2023-05-25T06:50:37.507+0000] {local_task_job_runner.py:225} INFO - Task exited with return code 0
[2023-05-25T06:50:37.648+0000] {taskinstance.py:2651} INFO - 0 downstream tasks scheduled from follow-on schedule check
[2023-05-25T10:20:53.885+0000] {taskinstance.py:1103} INFO - Dependencies all met for dep_context=non-requeueable deps ti=<TaskInstance: dag_with_taskflow_api_v02.greet scheduled__2021-12-22T00:00:00+00:00 [queued]>
[2023-05-25T10:20:53.924+0000] {taskinstance.py:1103} INFO - Dependencies all met for dep_context=requeueable deps ti=<TaskInstance: dag_with_taskflow_api_v02.greet scheduled__2021-12-22T00:00:00+00:00 [queued]>
[2023-05-25T10:20:53.925+0000] {taskinstance.py:1308} INFO - Starting attempt 1 of 6
[2023-05-25T10:20:53.980+0000] {taskinstance.py:1327} INFO - Executing <Task(_PythonDecoratedOperator): greet> on 2021-12-22 00:00:00+00:00
[2023-05-25T10:20:53.989+0000] {standard_task_runner.py:57} INFO - Started process 1647 to run task
[2023-05-25T10:20:54.002+0000] {standard_task_runner.py:84} INFO - Running: ['***', 'tasks', 'run', 'dag_with_taskflow_api_v02', 'greet', 'scheduled__2021-12-22T00:00:00+00:00', '--job-id', '171', '--raw', '--subdir', 'DAGS_FOLDER/first_dag.py', '--cfg-path', '/tmp/tmprvt92u_y']
[2023-05-25T10:20:54.027+0000] {standard_task_runner.py:85} INFO - Job 171: Subtask greet
[2023-05-25T10:20:54.267+0000] {task_command.py:410} INFO - Running <TaskInstance: dag_with_taskflow_api_v02.greet scheduled__2021-12-22T00:00:00+00:00 [running]> on host b1ae37a9584e
[2023-05-25T10:20:55.059+0000] {taskinstance.py:1547} INFO - Exporting env vars: AIRFLOW_CTX_DAG_OWNER='Sai' AIRFLOW_CTX_DAG_ID='dag_with_taskflow_api_v02' AIRFLOW_CTX_TASK_ID='greet' AIRFLOW_CTX_EXECUTION_DATE='2021-12-22T00:00:00+00:00' AIRFLOW_CTX_TRY_NUMBER='1' AIRFLOW_CTX_DAG_RUN_ID='scheduled__2021-12-22T00:00:00+00:00'
[2023-05-25T10:20:55.079+0000] {logging_mixin.py:149} INFO - Hello World! My name is Sai Tr and I am 19 years old!
[2023-05-25T10:20:55.081+0000] {python.py:183} INFO - Done. Returned value was: None
[2023-05-25T10:20:55.148+0000] {taskinstance.py:1350} INFO - Marking task as SUCCESS. dag_id=dag_with_taskflow_api_v02, task_id=greet, execution_date=20211222T000000, start_date=20230525T102053, end_date=20230525T102055
[2023-05-25T10:20:55.303+0000] {local_task_job_runner.py:225} INFO - Task exited with return code 0
[2023-05-25T10:20:55.906+0000] {taskinstance.py:2651} INFO - 0 downstream tasks scheduled from follow-on schedule check
