[2023-05-24T15:25:28.960+0000] {taskinstance.py:1103} INFO - Dependencies all met for dep_context=non-requeueable deps ti=<TaskInstance: dag_with_taskflow_api_v02.get_name scheduled__2022-09-22T00:00:00+00:00 [queued]>
[2023-05-24T15:25:28.972+0000] {taskinstance.py:1103} INFO - Dependencies all met for dep_context=requeueable deps ti=<TaskInstance: dag_with_taskflow_api_v02.get_name scheduled__2022-09-22T00:00:00+00:00 [queued]>
[2023-05-24T15:25:28.972+0000] {taskinstance.py:1308} INFO - Starting attempt 1 of 6
[2023-05-24T15:25:28.998+0000] {taskinstance.py:1327} INFO - Executing <Task(_PythonDecoratedOperator): get_name> on 2022-09-22 00:00:00+00:00
[2023-05-24T15:25:29.004+0000] {standard_task_runner.py:57} INFO - Started process 2423 to run task
[2023-05-24T15:25:29.009+0000] {standard_task_runner.py:84} INFO - Running: ['***', 'tasks', 'run', 'dag_with_taskflow_api_v02', 'get_name', 'scheduled__2022-09-22T00:00:00+00:00', '--job-id', '1000', '--raw', '--subdir', 'DAGS_FOLDER/first_dag.py', '--cfg-path', '/tmp/tmp6kbpj9yj']
[2023-05-24T15:25:29.011+0000] {standard_task_runner.py:85} INFO - Job 1000: Subtask get_name
[2023-05-24T15:25:29.082+0000] {task_command.py:410} INFO - Running <TaskInstance: dag_with_taskflow_api_v02.get_name scheduled__2022-09-22T00:00:00+00:00 [running]> on host 942de29f183d
[2023-05-24T15:25:29.232+0000] {taskinstance.py:1547} INFO - Exporting env vars: AIRFLOW_CTX_DAG_OWNER='Sai' AIRFLOW_CTX_DAG_ID='dag_with_taskflow_api_v02' AIRFLOW_CTX_TASK_ID='get_name' AIRFLOW_CTX_EXECUTION_DATE='2022-09-22T00:00:00+00:00' AIRFLOW_CTX_TRY_NUMBER='1' AIRFLOW_CTX_DAG_RUN_ID='scheduled__2022-09-22T00:00:00+00:00'
[2023-05-24T15:25:29.233+0000] {python.py:183} INFO - Done. Returned value was: {'first_name': 'Sai', 'last_name': 'Tr'}
[2023-05-24T15:25:29.302+0000] {taskinstance.py:1350} INFO - Marking task as SUCCESS. dag_id=dag_with_taskflow_api_v02, task_id=get_name, execution_date=20220922T000000, start_date=20230524T152528, end_date=20230524T152529
[2023-05-24T15:25:29.341+0000] {local_task_job_runner.py:225} INFO - Task exited with return code 0
[2023-05-24T15:25:29.376+0000] {taskinstance.py:2651} INFO - 0 downstream tasks scheduled from follow-on schedule check
[2023-05-25T06:58:01.019+0000] {taskinstance.py:1103} INFO - Dependencies all met for dep_context=non-requeueable deps ti=<TaskInstance: dag_with_taskflow_api_v02.get_name scheduled__2022-09-22T00:00:00+00:00 [queued]>
[2023-05-25T06:58:01.094+0000] {taskinstance.py:1103} INFO - Dependencies all met for dep_context=requeueable deps ti=<TaskInstance: dag_with_taskflow_api_v02.get_name scheduled__2022-09-22T00:00:00+00:00 [queued]>
[2023-05-25T06:58:01.094+0000] {taskinstance.py:1308} INFO - Starting attempt 1 of 6
[2023-05-25T06:58:01.415+0000] {taskinstance.py:1327} INFO - Executing <Task(_PythonDecoratedOperator): get_name> on 2022-09-22 00:00:00+00:00
[2023-05-25T06:58:01.458+0000] {standard_task_runner.py:57} INFO - Started process 3940 to run task
[2023-05-25T06:58:01.479+0000] {standard_task_runner.py:84} INFO - Running: ['***', 'tasks', 'run', 'dag_with_taskflow_api_v02', 'get_name', 'scheduled__2022-09-22T00:00:00+00:00', '--job-id', '995', '--raw', '--subdir', 'DAGS_FOLDER/first_dag.py', '--cfg-path', '/tmp/tmppt3cdsa4']
[2023-05-25T06:58:01.505+0000] {standard_task_runner.py:85} INFO - Job 995: Subtask get_name
[2023-05-25T06:58:01.958+0000] {task_command.py:410} INFO - Running <TaskInstance: dag_with_taskflow_api_v02.get_name scheduled__2022-09-22T00:00:00+00:00 [running]> on host 6bd07c7477d9
[2023-05-25T06:58:02.671+0000] {taskinstance.py:1547} INFO - Exporting env vars: AIRFLOW_CTX_DAG_OWNER='Sai' AIRFLOW_CTX_DAG_ID='dag_with_taskflow_api_v02' AIRFLOW_CTX_TASK_ID='get_name' AIRFLOW_CTX_EXECUTION_DATE='2022-09-22T00:00:00+00:00' AIRFLOW_CTX_TRY_NUMBER='1' AIRFLOW_CTX_DAG_RUN_ID='scheduled__2022-09-22T00:00:00+00:00'
[2023-05-25T06:58:02.673+0000] {python.py:183} INFO - Done. Returned value was: {'first_name': 'Sai', 'last_name': 'Tr'}
[2023-05-25T06:58:02.843+0000] {taskinstance.py:1350} INFO - Marking task as SUCCESS. dag_id=dag_with_taskflow_api_v02, task_id=get_name, execution_date=20220922T000000, start_date=20230525T065801, end_date=20230525T065802
[2023-05-25T06:58:02.976+0000] {local_task_job_runner.py:225} INFO - Task exited with return code 0
[2023-05-25T06:58:03.244+0000] {taskinstance.py:2651} INFO - 0 downstream tasks scheduled from follow-on schedule check
[2023-05-25T10:31:31.785+0000] {taskinstance.py:1103} INFO - Dependencies all met for dep_context=non-requeueable deps ti=<TaskInstance: dag_with_taskflow_api_v02.get_name scheduled__2022-09-22T00:00:00+00:00 [queued]>
[2023-05-25T10:31:31.910+0000] {taskinstance.py:1103} INFO - Dependencies all met for dep_context=requeueable deps ti=<TaskInstance: dag_with_taskflow_api_v02.get_name scheduled__2022-09-22T00:00:00+00:00 [queued]>
[2023-05-25T10:31:31.926+0000] {taskinstance.py:1308} INFO - Starting attempt 1 of 6
[2023-05-25T10:31:32.192+0000] {taskinstance.py:1327} INFO - Executing <Task(_PythonDecoratedOperator): get_name> on 2022-09-22 00:00:00+00:00
[2023-05-25T10:31:32.222+0000] {standard_task_runner.py:57} INFO - Started process 3576 to run task
[2023-05-25T10:31:32.255+0000] {standard_task_runner.py:84} INFO - Running: ['***', 'tasks', 'run', 'dag_with_taskflow_api_v02', 'get_name', 'scheduled__2022-09-22T00:00:00+00:00', '--job-id', '1008', '--raw', '--subdir', 'DAGS_FOLDER/first_dag.py', '--cfg-path', '/tmp/tmpnjmwldzv']
[2023-05-25T10:31:32.262+0000] {standard_task_runner.py:85} INFO - Job 1008: Subtask get_name
[2023-05-25T10:31:32.634+0000] {task_command.py:410} INFO - Running <TaskInstance: dag_with_taskflow_api_v02.get_name scheduled__2022-09-22T00:00:00+00:00 [running]> on host b1ae37a9584e
[2023-05-25T10:31:33.330+0000] {taskinstance.py:1547} INFO - Exporting env vars: AIRFLOW_CTX_DAG_OWNER='Sai' AIRFLOW_CTX_DAG_ID='dag_with_taskflow_api_v02' AIRFLOW_CTX_TASK_ID='get_name' AIRFLOW_CTX_EXECUTION_DATE='2022-09-22T00:00:00+00:00' AIRFLOW_CTX_TRY_NUMBER='1' AIRFLOW_CTX_DAG_RUN_ID='scheduled__2022-09-22T00:00:00+00:00'
[2023-05-25T10:31:33.332+0000] {python.py:183} INFO - Done. Returned value was: {'first_name': 'Sai', 'last_name': 'Tr'}
[2023-05-25T10:31:33.704+0000] {taskinstance.py:1350} INFO - Marking task as SUCCESS. dag_id=dag_with_taskflow_api_v02, task_id=get_name, execution_date=20220922T000000, start_date=20230525T103131, end_date=20230525T103133
[2023-05-25T10:31:34.180+0000] {local_task_job_runner.py:225} INFO - Task exited with return code 0
[2023-05-25T10:31:34.415+0000] {taskinstance.py:2651} INFO - 0 downstream tasks scheduled from follow-on schedule check
