[2023-05-24T15:25:48.029+0000] {taskinstance.py:1103} INFO - Dependencies all met for dep_context=non-requeueable deps ti=<TaskInstance: dag_with_taskflow_api_v02.get_name scheduled__2022-10-03T00:00:00+00:00 [queued]>
[2023-05-24T15:25:48.178+0000] {taskinstance.py:1103} INFO - Dependencies all met for dep_context=requeueable deps ti=<TaskInstance: dag_with_taskflow_api_v02.get_name scheduled__2022-10-03T00:00:00+00:00 [queued]>
[2023-05-24T15:25:48.178+0000] {taskinstance.py:1308} INFO - Starting attempt 1 of 6
[2023-05-24T15:25:48.338+0000] {taskinstance.py:1327} INFO - Executing <Task(_PythonDecoratedOperator): get_name> on 2022-10-03 00:00:00+00:00
[2023-05-24T15:25:48.383+0000] {standard_task_runner.py:57} INFO - Started process 2506 to run task
[2023-05-24T15:25:48.407+0000] {standard_task_runner.py:84} INFO - Running: ['***', 'tasks', 'run', 'dag_with_taskflow_api_v02', 'get_name', 'scheduled__2022-10-03T00:00:00+00:00', '--job-id', '1032', '--raw', '--subdir', 'DAGS_FOLDER/first_dag.py', '--cfg-path', '/tmp/tmpqogft9lr']
[2023-05-24T15:25:48.410+0000] {standard_task_runner.py:85} INFO - Job 1032: Subtask get_name
[2023-05-24T15:25:48.891+0000] {task_command.py:410} INFO - Running <TaskInstance: dag_with_taskflow_api_v02.get_name scheduled__2022-10-03T00:00:00+00:00 [running]> on host 942de29f183d
[2023-05-24T15:25:50.123+0000] {taskinstance.py:1547} INFO - Exporting env vars: AIRFLOW_CTX_DAG_OWNER='Sai' AIRFLOW_CTX_DAG_ID='dag_with_taskflow_api_v02' AIRFLOW_CTX_TASK_ID='get_name' AIRFLOW_CTX_EXECUTION_DATE='2022-10-03T00:00:00+00:00' AIRFLOW_CTX_TRY_NUMBER='1' AIRFLOW_CTX_DAG_RUN_ID='scheduled__2022-10-03T00:00:00+00:00'
[2023-05-24T15:25:50.124+0000] {python.py:183} INFO - Done. Returned value was: {'first_name': 'Sai', 'last_name': 'Tr'}
[2023-05-24T15:25:50.449+0000] {taskinstance.py:1350} INFO - Marking task as SUCCESS. dag_id=dag_with_taskflow_api_v02, task_id=get_name, execution_date=20221003T000000, start_date=20230524T152548, end_date=20230524T152550
[2023-05-24T15:25:50.569+0000] {local_task_job_runner.py:225} INFO - Task exited with return code 0
[2023-05-24T15:25:51.389+0000] {taskinstance.py:2651} INFO - 0 downstream tasks scheduled from follow-on schedule check
[2023-05-25T06:58:20.757+0000] {taskinstance.py:1103} INFO - Dependencies all met for dep_context=non-requeueable deps ti=<TaskInstance: dag_with_taskflow_api_v02.get_name scheduled__2022-10-03T00:00:00+00:00 [queued]>
[2023-05-25T06:58:20.850+0000] {taskinstance.py:1103} INFO - Dependencies all met for dep_context=requeueable deps ti=<TaskInstance: dag_with_taskflow_api_v02.get_name scheduled__2022-10-03T00:00:00+00:00 [queued]>
[2023-05-25T06:58:20.850+0000] {taskinstance.py:1308} INFO - Starting attempt 1 of 6
[2023-05-25T06:58:21.045+0000] {taskinstance.py:1327} INFO - Executing <Task(_PythonDecoratedOperator): get_name> on 2022-10-03 00:00:00+00:00
[2023-05-25T06:58:21.062+0000] {standard_task_runner.py:57} INFO - Started process 4025 to run task
[2023-05-25T06:58:21.091+0000] {standard_task_runner.py:84} INFO - Running: ['***', 'tasks', 'run', 'dag_with_taskflow_api_v02', 'get_name', 'scheduled__2022-10-03T00:00:00+00:00', '--job-id', '1032', '--raw', '--subdir', 'DAGS_FOLDER/first_dag.py', '--cfg-path', '/tmp/tmpliqy5k7j']
[2023-05-25T06:58:21.107+0000] {standard_task_runner.py:85} INFO - Job 1032: Subtask get_name
[2023-05-25T06:58:21.416+0000] {task_command.py:410} INFO - Running <TaskInstance: dag_with_taskflow_api_v02.get_name scheduled__2022-10-03T00:00:00+00:00 [running]> on host 6bd07c7477d9
[2023-05-25T06:58:22.216+0000] {taskinstance.py:1547} INFO - Exporting env vars: AIRFLOW_CTX_DAG_OWNER='Sai' AIRFLOW_CTX_DAG_ID='dag_with_taskflow_api_v02' AIRFLOW_CTX_TASK_ID='get_name' AIRFLOW_CTX_EXECUTION_DATE='2022-10-03T00:00:00+00:00' AIRFLOW_CTX_TRY_NUMBER='1' AIRFLOW_CTX_DAG_RUN_ID='scheduled__2022-10-03T00:00:00+00:00'
[2023-05-25T06:58:22.218+0000] {python.py:183} INFO - Done. Returned value was: {'first_name': 'Sai', 'last_name': 'Tr'}
[2023-05-25T06:58:22.511+0000] {taskinstance.py:1350} INFO - Marking task as SUCCESS. dag_id=dag_with_taskflow_api_v02, task_id=get_name, execution_date=20221003T000000, start_date=20230525T065820, end_date=20230525T065822
[2023-05-25T06:58:22.654+0000] {local_task_job_runner.py:225} INFO - Task exited with return code 0
[2023-05-25T06:58:22.889+0000] {taskinstance.py:2651} INFO - 1 downstream tasks scheduled from follow-on schedule check
[2023-05-25T10:31:56.020+0000] {taskinstance.py:1103} INFO - Dependencies all met for dep_context=non-requeueable deps ti=<TaskInstance: dag_with_taskflow_api_v02.get_name scheduled__2022-10-03T00:00:00+00:00 [queued]>
[2023-05-25T10:31:56.080+0000] {taskinstance.py:1103} INFO - Dependencies all met for dep_context=requeueable deps ti=<TaskInstance: dag_with_taskflow_api_v02.get_name scheduled__2022-10-03T00:00:00+00:00 [queued]>
[2023-05-25T10:31:56.080+0000] {taskinstance.py:1308} INFO - Starting attempt 1 of 6
[2023-05-25T10:31:56.247+0000] {taskinstance.py:1327} INFO - Executing <Task(_PythonDecoratedOperator): get_name> on 2022-10-03 00:00:00+00:00
[2023-05-25T10:31:56.257+0000] {standard_task_runner.py:57} INFO - Started process 3656 to run task
[2023-05-25T10:31:56.304+0000] {standard_task_runner.py:84} INFO - Running: ['***', 'tasks', 'run', 'dag_with_taskflow_api_v02', 'get_name', 'scheduled__2022-10-03T00:00:00+00:00', '--job-id', '1045', '--raw', '--subdir', 'DAGS_FOLDER/first_dag.py', '--cfg-path', '/tmp/tmp96lu273_']
[2023-05-25T10:31:56.328+0000] {standard_task_runner.py:85} INFO - Job 1045: Subtask get_name
[2023-05-25T10:31:56.736+0000] {task_command.py:410} INFO - Running <TaskInstance: dag_with_taskflow_api_v02.get_name scheduled__2022-10-03T00:00:00+00:00 [running]> on host b1ae37a9584e
[2023-05-25T10:31:57.795+0000] {taskinstance.py:1547} INFO - Exporting env vars: AIRFLOW_CTX_DAG_OWNER='Sai' AIRFLOW_CTX_DAG_ID='dag_with_taskflow_api_v02' AIRFLOW_CTX_TASK_ID='get_name' AIRFLOW_CTX_EXECUTION_DATE='2022-10-03T00:00:00+00:00' AIRFLOW_CTX_TRY_NUMBER='1' AIRFLOW_CTX_DAG_RUN_ID='scheduled__2022-10-03T00:00:00+00:00'
[2023-05-25T10:31:57.796+0000] {python.py:183} INFO - Done. Returned value was: {'first_name': 'Sai', 'last_name': 'Tr'}
[2023-05-25T10:31:58.059+0000] {taskinstance.py:1350} INFO - Marking task as SUCCESS. dag_id=dag_with_taskflow_api_v02, task_id=get_name, execution_date=20221003T000000, start_date=20230525T103156, end_date=20230525T103158
[2023-05-25T10:31:58.142+0000] {local_task_job_runner.py:225} INFO - Task exited with return code 0
[2023-05-25T10:31:58.247+0000] {taskinstance.py:2651} INFO - 0 downstream tasks scheduled from follow-on schedule check
