[2023-05-24T15:28:15.188+0000] {taskinstance.py:1103} INFO - Dependencies all met for dep_context=non-requeueable deps ti=<TaskInstance: dag_with_taskflow_api_v02.get_age scheduled__2022-12-31T00:00:00+00:00 [queued]>
[2023-05-24T15:28:15.291+0000] {taskinstance.py:1103} INFO - Dependencies all met for dep_context=requeueable deps ti=<TaskInstance: dag_with_taskflow_api_v02.get_age scheduled__2022-12-31T00:00:00+00:00 [queued]>
[2023-05-24T15:28:15.291+0000] {taskinstance.py:1308} INFO - Starting attempt 1 of 6
[2023-05-24T15:28:15.502+0000] {taskinstance.py:1327} INFO - Executing <Task(_PythonDecoratedOperator): get_age> on 2022-12-31 00:00:00+00:00
[2023-05-24T15:28:15.509+0000] {standard_task_runner.py:57} INFO - Started process 3096 to run task
[2023-05-24T15:28:15.568+0000] {standard_task_runner.py:84} INFO - Running: ['***', 'tasks', 'run', 'dag_with_taskflow_api_v02', 'get_age', 'scheduled__2022-12-31T00:00:00+00:00', '--job-id', '1299', '--raw', '--subdir', 'DAGS_FOLDER/first_dag.py', '--cfg-path', '/tmp/tmpsmfmsc3j']
[2023-05-24T15:28:15.592+0000] {standard_task_runner.py:85} INFO - Job 1299: Subtask get_age
[2023-05-24T15:28:15.790+0000] {task_command.py:410} INFO - Running <TaskInstance: dag_with_taskflow_api_v02.get_age scheduled__2022-12-31T00:00:00+00:00 [running]> on host 942de29f183d
[2023-05-24T15:28:16.643+0000] {taskinstance.py:1547} INFO - Exporting env vars: AIRFLOW_CTX_DAG_OWNER='Sai' AIRFLOW_CTX_DAG_ID='dag_with_taskflow_api_v02' AIRFLOW_CTX_TASK_ID='get_age' AIRFLOW_CTX_EXECUTION_DATE='2022-12-31T00:00:00+00:00' AIRFLOW_CTX_TRY_NUMBER='1' AIRFLOW_CTX_DAG_RUN_ID='scheduled__2022-12-31T00:00:00+00:00'
[2023-05-24T15:28:16.644+0000] {python.py:183} INFO - Done. Returned value was: 19
[2023-05-24T15:28:16.808+0000] {taskinstance.py:1350} INFO - Marking task as SUCCESS. dag_id=dag_with_taskflow_api_v02, task_id=get_age, execution_date=20221231T000000, start_date=20230524T152815, end_date=20230524T152816
[2023-05-24T15:28:17.281+0000] {local_task_job_runner.py:225} INFO - Task exited with return code 0
[2023-05-24T15:28:17.496+0000] {taskinstance.py:2651} INFO - 1 downstream tasks scheduled from follow-on schedule check
[2023-05-25T07:00:44.998+0000] {taskinstance.py:1103} INFO - Dependencies all met for dep_context=non-requeueable deps ti=<TaskInstance: dag_with_taskflow_api_v02.get_age scheduled__2022-12-31T00:00:00+00:00 [queued]>
[2023-05-25T07:00:45.196+0000] {taskinstance.py:1103} INFO - Dependencies all met for dep_context=requeueable deps ti=<TaskInstance: dag_with_taskflow_api_v02.get_age scheduled__2022-12-31T00:00:00+00:00 [queued]>
[2023-05-25T07:00:45.196+0000] {taskinstance.py:1308} INFO - Starting attempt 1 of 6
[2023-05-25T07:00:45.382+0000] {taskinstance.py:1327} INFO - Executing <Task(_PythonDecoratedOperator): get_age> on 2022-12-31 00:00:00+00:00
[2023-05-25T07:00:45.403+0000] {standard_task_runner.py:57} INFO - Started process 4607 to run task
[2023-05-25T07:00:45.437+0000] {standard_task_runner.py:84} INFO - Running: ['***', 'tasks', 'run', 'dag_with_taskflow_api_v02', 'get_age', 'scheduled__2022-12-31T00:00:00+00:00', '--job-id', '1295', '--raw', '--subdir', 'DAGS_FOLDER/first_dag.py', '--cfg-path', '/tmp/tmptsajzvcq']
[2023-05-25T07:00:45.450+0000] {standard_task_runner.py:85} INFO - Job 1295: Subtask get_age
[2023-05-25T07:00:45.729+0000] {task_command.py:410} INFO - Running <TaskInstance: dag_with_taskflow_api_v02.get_age scheduled__2022-12-31T00:00:00+00:00 [running]> on host 6bd07c7477d9
[2023-05-25T07:00:46.516+0000] {taskinstance.py:1547} INFO - Exporting env vars: AIRFLOW_CTX_DAG_OWNER='Sai' AIRFLOW_CTX_DAG_ID='dag_with_taskflow_api_v02' AIRFLOW_CTX_TASK_ID='get_age' AIRFLOW_CTX_EXECUTION_DATE='2022-12-31T00:00:00+00:00' AIRFLOW_CTX_TRY_NUMBER='1' AIRFLOW_CTX_DAG_RUN_ID='scheduled__2022-12-31T00:00:00+00:00'
[2023-05-25T07:00:46.519+0000] {python.py:183} INFO - Done. Returned value was: 19
[2023-05-25T07:00:46.709+0000] {taskinstance.py:1350} INFO - Marking task as SUCCESS. dag_id=dag_with_taskflow_api_v02, task_id=get_age, execution_date=20221231T000000, start_date=20230525T070045, end_date=20230525T070046
[2023-05-25T07:00:46.844+0000] {local_task_job_runner.py:225} INFO - Task exited with return code 0
[2023-05-25T07:00:47.596+0000] {taskinstance.py:2651} INFO - 1 downstream tasks scheduled from follow-on schedule check
[2023-05-25T10:34:49.754+0000] {taskinstance.py:1103} INFO - Dependencies all met for dep_context=non-requeueable deps ti=<TaskInstance: dag_with_taskflow_api_v02.get_age scheduled__2022-12-31T00:00:00+00:00 [queued]>
[2023-05-25T10:34:49.881+0000] {taskinstance.py:1103} INFO - Dependencies all met for dep_context=requeueable deps ti=<TaskInstance: dag_with_taskflow_api_v02.get_age scheduled__2022-12-31T00:00:00+00:00 [queued]>
[2023-05-25T10:34:49.882+0000] {taskinstance.py:1308} INFO - Starting attempt 1 of 6
[2023-05-25T10:34:50.029+0000] {taskinstance.py:1327} INFO - Executing <Task(_PythonDecoratedOperator): get_age> on 2022-12-31 00:00:00+00:00
[2023-05-25T10:34:50.051+0000] {standard_task_runner.py:57} INFO - Started process 4249 to run task
[2023-05-25T10:34:50.074+0000] {standard_task_runner.py:84} INFO - Running: ['***', 'tasks', 'run', 'dag_with_taskflow_api_v02', 'get_age', 'scheduled__2022-12-31T00:00:00+00:00', '--job-id', '1308', '--raw', '--subdir', 'DAGS_FOLDER/first_dag.py', '--cfg-path', '/tmp/tmpo1w7g764']
[2023-05-25T10:34:50.171+0000] {standard_task_runner.py:85} INFO - Job 1308: Subtask get_age
[2023-05-25T10:34:50.554+0000] {task_command.py:410} INFO - Running <TaskInstance: dag_with_taskflow_api_v02.get_age scheduled__2022-12-31T00:00:00+00:00 [running]> on host b1ae37a9584e
[2023-05-25T10:34:51.710+0000] {taskinstance.py:1547} INFO - Exporting env vars: AIRFLOW_CTX_DAG_OWNER='Sai' AIRFLOW_CTX_DAG_ID='dag_with_taskflow_api_v02' AIRFLOW_CTX_TASK_ID='get_age' AIRFLOW_CTX_EXECUTION_DATE='2022-12-31T00:00:00+00:00' AIRFLOW_CTX_TRY_NUMBER='1' AIRFLOW_CTX_DAG_RUN_ID='scheduled__2022-12-31T00:00:00+00:00'
[2023-05-25T10:34:51.711+0000] {python.py:183} INFO - Done. Returned value was: 19
[2023-05-25T10:34:51.828+0000] {taskinstance.py:1350} INFO - Marking task as SUCCESS. dag_id=dag_with_taskflow_api_v02, task_id=get_age, execution_date=20221231T000000, start_date=20230525T103449, end_date=20230525T103451
[2023-05-25T10:34:51.935+0000] {local_task_job_runner.py:225} INFO - Task exited with return code 0
[2023-05-25T10:34:52.606+0000] {taskinstance.py:2651} INFO - 0 downstream tasks scheduled from follow-on schedule check
