[2023-05-24T15:29:58.185+0000] {taskinstance.py:1103} INFO - Dependencies all met for dep_context=non-requeueable deps ti=<TaskInstance: dag_with_taskflow_api_v02.get_name scheduled__2023-03-08T00:00:00+00:00 [queued]>
[2023-05-24T15:29:58.294+0000] {taskinstance.py:1103} INFO - Dependencies all met for dep_context=requeueable deps ti=<TaskInstance: dag_with_taskflow_api_v02.get_name scheduled__2023-03-08T00:00:00+00:00 [queued]>
[2023-05-24T15:29:58.295+0000] {taskinstance.py:1308} INFO - Starting attempt 1 of 6
[2023-05-24T15:29:58.482+0000] {taskinstance.py:1327} INFO - Executing <Task(_PythonDecoratedOperator): get_name> on 2023-03-08 00:00:00+00:00
[2023-05-24T15:29:58.522+0000] {standard_task_runner.py:57} INFO - Started process 3527 to run task
[2023-05-24T15:29:58.549+0000] {standard_task_runner.py:84} INFO - Running: ['***', 'tasks', 'run', 'dag_with_taskflow_api_v02', 'get_name', 'scheduled__2023-03-08T00:00:00+00:00', '--job-id', '1494', '--raw', '--subdir', 'DAGS_FOLDER/first_dag.py', '--cfg-path', '/tmp/tmp7twgj80t']
[2023-05-24T15:29:58.566+0000] {standard_task_runner.py:85} INFO - Job 1494: Subtask get_name
[2023-05-24T15:29:58.856+0000] {task_command.py:410} INFO - Running <TaskInstance: dag_with_taskflow_api_v02.get_name scheduled__2023-03-08T00:00:00+00:00 [running]> on host 942de29f183d
[2023-05-24T15:29:59.158+0000] {taskinstance.py:1547} INFO - Exporting env vars: AIRFLOW_CTX_DAG_OWNER='Sai' AIRFLOW_CTX_DAG_ID='dag_with_taskflow_api_v02' AIRFLOW_CTX_TASK_ID='get_name' AIRFLOW_CTX_EXECUTION_DATE='2023-03-08T00:00:00+00:00' AIRFLOW_CTX_TRY_NUMBER='1' AIRFLOW_CTX_DAG_RUN_ID='scheduled__2023-03-08T00:00:00+00:00'
[2023-05-24T15:29:59.160+0000] {python.py:183} INFO - Done. Returned value was: {'first_name': 'Sai', 'last_name': 'Tr'}
[2023-05-24T15:29:59.333+0000] {taskinstance.py:1350} INFO - Marking task as SUCCESS. dag_id=dag_with_taskflow_api_v02, task_id=get_name, execution_date=20230308T000000, start_date=20230524T152958, end_date=20230524T152959
[2023-05-24T15:29:59.498+0000] {local_task_job_runner.py:225} INFO - Task exited with return code 0
[2023-05-24T15:29:59.759+0000] {taskinstance.py:2651} INFO - 1 downstream tasks scheduled from follow-on schedule check
[2023-05-25T07:02:30.359+0000] {taskinstance.py:1103} INFO - Dependencies all met for dep_context=non-requeueable deps ti=<TaskInstance: dag_with_taskflow_api_v02.get_name scheduled__2023-03-08T00:00:00+00:00 [queued]>
[2023-05-25T07:02:30.475+0000] {taskinstance.py:1103} INFO - Dependencies all met for dep_context=requeueable deps ti=<TaskInstance: dag_with_taskflow_api_v02.get_name scheduled__2023-03-08T00:00:00+00:00 [queued]>
[2023-05-25T07:02:30.475+0000] {taskinstance.py:1308} INFO - Starting attempt 1 of 6
[2023-05-25T07:02:30.541+0000] {taskinstance.py:1327} INFO - Executing <Task(_PythonDecoratedOperator): get_name> on 2023-03-08 00:00:00+00:00
[2023-05-25T07:02:30.548+0000] {standard_task_runner.py:57} INFO - Started process 5039 to run task
[2023-05-25T07:02:30.575+0000] {standard_task_runner.py:84} INFO - Running: ['***', 'tasks', 'run', 'dag_with_taskflow_api_v02', 'get_name', 'scheduled__2023-03-08T00:00:00+00:00', '--job-id', '1490', '--raw', '--subdir', 'DAGS_FOLDER/first_dag.py', '--cfg-path', '/tmp/tmpj527yya8']
[2023-05-25T07:02:30.591+0000] {standard_task_runner.py:85} INFO - Job 1490: Subtask get_name
[2023-05-25T07:02:30.761+0000] {task_command.py:410} INFO - Running <TaskInstance: dag_with_taskflow_api_v02.get_name scheduled__2023-03-08T00:00:00+00:00 [running]> on host 6bd07c7477d9
[2023-05-25T07:02:31.599+0000] {taskinstance.py:1547} INFO - Exporting env vars: AIRFLOW_CTX_DAG_OWNER='Sai' AIRFLOW_CTX_DAG_ID='dag_with_taskflow_api_v02' AIRFLOW_CTX_TASK_ID='get_name' AIRFLOW_CTX_EXECUTION_DATE='2023-03-08T00:00:00+00:00' AIRFLOW_CTX_TRY_NUMBER='1' AIRFLOW_CTX_DAG_RUN_ID='scheduled__2023-03-08T00:00:00+00:00'
[2023-05-25T07:02:31.601+0000] {python.py:183} INFO - Done. Returned value was: {'first_name': 'Sai', 'last_name': 'Tr'}
[2023-05-25T07:02:31.827+0000] {taskinstance.py:1350} INFO - Marking task as SUCCESS. dag_id=dag_with_taskflow_api_v02, task_id=get_name, execution_date=20230308T000000, start_date=20230525T070230, end_date=20230525T070231
[2023-05-25T07:02:31.992+0000] {local_task_job_runner.py:225} INFO - Task exited with return code 0
[2023-05-25T07:02:32.625+0000] {taskinstance.py:2651} INFO - 0 downstream tasks scheduled from follow-on schedule check
[2023-05-25T10:37:02.666+0000] {taskinstance.py:1103} INFO - Dependencies all met for dep_context=non-requeueable deps ti=<TaskInstance: dag_with_taskflow_api_v02.get_name scheduled__2023-03-08T00:00:00+00:00 [queued]>
[2023-05-25T10:37:02.804+0000] {taskinstance.py:1103} INFO - Dependencies all met for dep_context=requeueable deps ti=<TaskInstance: dag_with_taskflow_api_v02.get_name scheduled__2023-03-08T00:00:00+00:00 [queued]>
[2023-05-25T10:37:02.813+0000] {taskinstance.py:1308} INFO - Starting attempt 1 of 6
[2023-05-25T10:37:02.900+0000] {taskinstance.py:1327} INFO - Executing <Task(_PythonDecoratedOperator): get_name> on 2023-03-08 00:00:00+00:00
[2023-05-25T10:37:02.916+0000] {standard_task_runner.py:57} INFO - Started process 4706 to run task
[2023-05-25T10:37:02.952+0000] {standard_task_runner.py:84} INFO - Running: ['***', 'tasks', 'run', 'dag_with_taskflow_api_v02', 'get_name', 'scheduled__2023-03-08T00:00:00+00:00', '--job-id', '1511', '--raw', '--subdir', 'DAGS_FOLDER/first_dag.py', '--cfg-path', '/tmp/tmph2iyobxj']
[2023-05-25T10:37:02.962+0000] {standard_task_runner.py:85} INFO - Job 1511: Subtask get_name
[2023-05-25T10:37:03.249+0000] {task_command.py:410} INFO - Running <TaskInstance: dag_with_taskflow_api_v02.get_name scheduled__2023-03-08T00:00:00+00:00 [running]> on host b1ae37a9584e
[2023-05-25T10:37:04.178+0000] {taskinstance.py:1547} INFO - Exporting env vars: AIRFLOW_CTX_DAG_OWNER='Sai' AIRFLOW_CTX_DAG_ID='dag_with_taskflow_api_v02' AIRFLOW_CTX_TASK_ID='get_name' AIRFLOW_CTX_EXECUTION_DATE='2023-03-08T00:00:00+00:00' AIRFLOW_CTX_TRY_NUMBER='1' AIRFLOW_CTX_DAG_RUN_ID='scheduled__2023-03-08T00:00:00+00:00'
[2023-05-25T10:37:04.181+0000] {python.py:183} INFO - Done. Returned value was: {'first_name': 'Sai', 'last_name': 'Tr'}
[2023-05-25T10:37:04.452+0000] {taskinstance.py:1350} INFO - Marking task as SUCCESS. dag_id=dag_with_taskflow_api_v02, task_id=get_name, execution_date=20230308T000000, start_date=20230525T103702, end_date=20230525T103704
[2023-05-25T10:37:04.665+0000] {local_task_job_runner.py:225} INFO - Task exited with return code 0
[2023-05-25T10:37:04.940+0000] {taskinstance.py:2651} INFO - 0 downstream tasks scheduled from follow-on schedule check
