[2023-05-24T15:23:48.412+0000] {taskinstance.py:1103} INFO - Dependencies all met for dep_context=non-requeueable deps ti=<TaskInstance: dag_with_taskflow_api_v02.greet scheduled__2022-07-24T00:00:00+00:00 [queued]>
[2023-05-24T15:23:48.441+0000] {taskinstance.py:1103} INFO - Dependencies all met for dep_context=requeueable deps ti=<TaskInstance: dag_with_taskflow_api_v02.greet scheduled__2022-07-24T00:00:00+00:00 [queued]>
[2023-05-24T15:23:48.442+0000] {taskinstance.py:1308} INFO - Starting attempt 1 of 6
[2023-05-24T15:23:48.545+0000] {taskinstance.py:1327} INFO - Executing <Task(_PythonDecoratedOperator): greet> on 2022-07-24 00:00:00+00:00
[2023-05-24T15:23:48.557+0000] {standard_task_runner.py:57} INFO - Started process 2038 to run task
[2023-05-24T15:23:48.566+0000] {standard_task_runner.py:84} INFO - Running: ['***', 'tasks', 'run', 'dag_with_taskflow_api_v02', 'greet', 'scheduled__2022-07-24T00:00:00+00:00', '--job-id', '825', '--raw', '--subdir', 'DAGS_FOLDER/first_dag.py', '--cfg-path', '/tmp/tmplaepjmfx']
[2023-05-24T15:23:48.583+0000] {standard_task_runner.py:85} INFO - Job 825: Subtask greet
[2023-05-24T15:23:48.730+0000] {task_command.py:410} INFO - Running <TaskInstance: dag_with_taskflow_api_v02.greet scheduled__2022-07-24T00:00:00+00:00 [running]> on host 942de29f183d
[2023-05-24T15:23:48.993+0000] {taskinstance.py:1547} INFO - Exporting env vars: AIRFLOW_CTX_DAG_OWNER='Sai' AIRFLOW_CTX_DAG_ID='dag_with_taskflow_api_v02' AIRFLOW_CTX_TASK_ID='greet' AIRFLOW_CTX_EXECUTION_DATE='2022-07-24T00:00:00+00:00' AIRFLOW_CTX_TRY_NUMBER='1' AIRFLOW_CTX_DAG_RUN_ID='scheduled__2022-07-24T00:00:00+00:00'
[2023-05-24T15:23:48.994+0000] {logging_mixin.py:149} INFO - Hello World! My name is Sai Tr and I am 19 years old!
[2023-05-24T15:23:48.994+0000] {python.py:183} INFO - Done. Returned value was: None
[2023-05-24T15:23:49.008+0000] {taskinstance.py:1350} INFO - Marking task as SUCCESS. dag_id=dag_with_taskflow_api_v02, task_id=greet, execution_date=20220724T000000, start_date=20230524T152348, end_date=20230524T152349
[2023-05-24T15:23:49.035+0000] {local_task_job_runner.py:225} INFO - Task exited with return code 0
[2023-05-24T15:23:49.069+0000] {taskinstance.py:2651} INFO - 0 downstream tasks scheduled from follow-on schedule check
[2023-05-25T06:56:28.123+0000] {taskinstance.py:1103} INFO - Dependencies all met for dep_context=non-requeueable deps ti=<TaskInstance: dag_with_taskflow_api_v02.greet scheduled__2022-07-24T00:00:00+00:00 [queued]>
[2023-05-25T06:56:28.238+0000] {taskinstance.py:1103} INFO - Dependencies all met for dep_context=requeueable deps ti=<TaskInstance: dag_with_taskflow_api_v02.greet scheduled__2022-07-24T00:00:00+00:00 [queued]>
[2023-05-25T06:56:28.238+0000] {taskinstance.py:1308} INFO - Starting attempt 1 of 6
[2023-05-25T06:56:28.369+0000] {taskinstance.py:1327} INFO - Executing <Task(_PythonDecoratedOperator): greet> on 2022-07-24 00:00:00+00:00
[2023-05-25T06:56:28.388+0000] {standard_task_runner.py:57} INFO - Started process 3574 to run task
[2023-05-25T06:56:28.431+0000] {standard_task_runner.py:84} INFO - Running: ['***', 'tasks', 'run', 'dag_with_taskflow_api_v02', 'greet', 'scheduled__2022-07-24T00:00:00+00:00', '--job-id', '827', '--raw', '--subdir', 'DAGS_FOLDER/first_dag.py', '--cfg-path', '/tmp/tmpzz5w9bou']
[2023-05-25T06:56:28.450+0000] {standard_task_runner.py:85} INFO - Job 827: Subtask greet
[2023-05-25T06:56:28.923+0000] {task_command.py:410} INFO - Running <TaskInstance: dag_with_taskflow_api_v02.greet scheduled__2022-07-24T00:00:00+00:00 [running]> on host 6bd07c7477d9
[2023-05-25T06:56:29.950+0000] {taskinstance.py:1547} INFO - Exporting env vars: AIRFLOW_CTX_DAG_OWNER='Sai' AIRFLOW_CTX_DAG_ID='dag_with_taskflow_api_v02' AIRFLOW_CTX_TASK_ID='greet' AIRFLOW_CTX_EXECUTION_DATE='2022-07-24T00:00:00+00:00' AIRFLOW_CTX_TRY_NUMBER='1' AIRFLOW_CTX_DAG_RUN_ID='scheduled__2022-07-24T00:00:00+00:00'
[2023-05-25T06:56:29.951+0000] {logging_mixin.py:149} INFO - Hello World! My name is Sai Tr and I am 19 years old!
[2023-05-25T06:56:29.953+0000] {python.py:183} INFO - Done. Returned value was: None
[2023-05-25T06:56:30.014+0000] {taskinstance.py:1350} INFO - Marking task as SUCCESS. dag_id=dag_with_taskflow_api_v02, task_id=greet, execution_date=20220724T000000, start_date=20230525T065628, end_date=20230525T065630
[2023-05-25T06:56:30.226+0000] {local_task_job_runner.py:225} INFO - Task exited with return code 0
[2023-05-25T06:56:30.439+0000] {taskinstance.py:2651} INFO - 0 downstream tasks scheduled from follow-on schedule check
[2023-05-25T10:28:30.450+0000] {taskinstance.py:1103} INFO - Dependencies all met for dep_context=non-requeueable deps ti=<TaskInstance: dag_with_taskflow_api_v02.greet scheduled__2022-07-24T00:00:00+00:00 [queued]>
[2023-05-25T10:28:30.713+0000] {taskinstance.py:1103} INFO - Dependencies all met for dep_context=requeueable deps ti=<TaskInstance: dag_with_taskflow_api_v02.greet scheduled__2022-07-24T00:00:00+00:00 [queued]>
[2023-05-25T10:28:30.743+0000] {taskinstance.py:1308} INFO - Starting attempt 1 of 6
[2023-05-25T10:28:31.258+0000] {taskinstance.py:1327} INFO - Executing <Task(_PythonDecoratedOperator): greet> on 2022-07-24 00:00:00+00:00
[2023-05-25T10:28:31.432+0000] {standard_task_runner.py:57} INFO - Started process 3178 to run task
[2023-05-25T10:28:31.501+0000] {standard_task_runner.py:84} INFO - Running: ['***', 'tasks', 'run', 'dag_with_taskflow_api_v02', 'greet', 'scheduled__2022-07-24T00:00:00+00:00', '--job-id', '846', '--raw', '--subdir', 'DAGS_FOLDER/first_dag.py', '--cfg-path', '/tmp/tmplx2ev_pd']
[2023-05-25T10:28:31.569+0000] {standard_task_runner.py:85} INFO - Job 846: Subtask greet
[2023-05-25T10:28:32.969+0000] {task_command.py:410} INFO - Running <TaskInstance: dag_with_taskflow_api_v02.greet scheduled__2022-07-24T00:00:00+00:00 [running]> on host b1ae37a9584e
[2023-05-25T10:28:35.811+0000] {taskinstance.py:1547} INFO - Exporting env vars: AIRFLOW_CTX_DAG_OWNER='Sai' AIRFLOW_CTX_DAG_ID='dag_with_taskflow_api_v02' AIRFLOW_CTX_TASK_ID='greet' AIRFLOW_CTX_EXECUTION_DATE='2022-07-24T00:00:00+00:00' AIRFLOW_CTX_TRY_NUMBER='1' AIRFLOW_CTX_DAG_RUN_ID='scheduled__2022-07-24T00:00:00+00:00'
[2023-05-25T10:28:35.816+0000] {logging_mixin.py:149} INFO - Hello World! My name is Sai Tr and I am 19 years old!
[2023-05-25T10:28:35.854+0000] {python.py:183} INFO - Done. Returned value was: None
[2023-05-25T10:28:36.034+0000] {taskinstance.py:1350} INFO - Marking task as SUCCESS. dag_id=dag_with_taskflow_api_v02, task_id=greet, execution_date=20220724T000000, start_date=20230525T102830, end_date=20230525T102836
[2023-05-25T10:28:36.308+0000] {local_task_job_runner.py:225} INFO - Task exited with return code 0
[2023-05-25T10:28:36.543+0000] {taskinstance.py:2651} INFO - 0 downstream tasks scheduled from follow-on schedule check
