[2023-05-24T15:22:18.905+0000] {taskinstance.py:1103} INFO - Dependencies all met for dep_context=non-requeueable deps ti=<TaskInstance: dag_with_taskflow_api_v02.greet scheduled__2022-06-01T00:00:00+00:00 [queued]>
[2023-05-24T15:22:19.006+0000] {taskinstance.py:1103} INFO - Dependencies all met for dep_context=requeueable deps ti=<TaskInstance: dag_with_taskflow_api_v02.greet scheduled__2022-06-01T00:00:00+00:00 [queued]>
[2023-05-24T15:22:19.007+0000] {taskinstance.py:1308} INFO - Starting attempt 1 of 6
[2023-05-24T15:22:19.166+0000] {taskinstance.py:1327} INFO - Executing <Task(_PythonDecoratedOperator): greet> on 2022-06-01 00:00:00+00:00
[2023-05-24T15:22:19.192+0000] {standard_task_runner.py:57} INFO - Started process 1713 to run task
[2023-05-24T15:22:19.226+0000] {standard_task_runner.py:84} INFO - Running: ['***', 'tasks', 'run', 'dag_with_taskflow_api_v02', 'greet', 'scheduled__2022-06-01T00:00:00+00:00', '--job-id', '678', '--raw', '--subdir', 'DAGS_FOLDER/first_dag.py', '--cfg-path', '/tmp/tmpx0zyb_d0']
[2023-05-24T15:22:19.242+0000] {standard_task_runner.py:85} INFO - Job 678: Subtask greet
[2023-05-24T15:22:19.524+0000] {task_command.py:410} INFO - Running <TaskInstance: dag_with_taskflow_api_v02.greet scheduled__2022-06-01T00:00:00+00:00 [running]> on host 942de29f183d
[2023-05-24T15:22:20.371+0000] {taskinstance.py:1547} INFO - Exporting env vars: AIRFLOW_CTX_DAG_OWNER='Sai' AIRFLOW_CTX_DAG_ID='dag_with_taskflow_api_v02' AIRFLOW_CTX_TASK_ID='greet' AIRFLOW_CTX_EXECUTION_DATE='2022-06-01T00:00:00+00:00' AIRFLOW_CTX_TRY_NUMBER='1' AIRFLOW_CTX_DAG_RUN_ID='scheduled__2022-06-01T00:00:00+00:00'
[2023-05-24T15:22:20.372+0000] {logging_mixin.py:149} INFO - Hello World! My name is Sai Tr and I am 19 years old!
[2023-05-24T15:22:20.373+0000] {python.py:183} INFO - Done. Returned value was: None
[2023-05-24T15:22:20.498+0000] {taskinstance.py:1350} INFO - Marking task as SUCCESS. dag_id=dag_with_taskflow_api_v02, task_id=greet, execution_date=20220601T000000, start_date=20230524T152218, end_date=20230524T152220
[2023-05-24T15:22:20.648+0000] {local_task_job_runner.py:225} INFO - Task exited with return code 0
[2023-05-24T15:22:20.764+0000] {taskinstance.py:2651} INFO - 0 downstream tasks scheduled from follow-on schedule check
[2023-05-25T06:55:06.628+0000] {taskinstance.py:1103} INFO - Dependencies all met for dep_context=non-requeueable deps ti=<TaskInstance: dag_with_taskflow_api_v02.greet scheduled__2022-06-01T00:00:00+00:00 [queued]>
[2023-05-25T06:55:06.698+0000] {taskinstance.py:1103} INFO - Dependencies all met for dep_context=requeueable deps ti=<TaskInstance: dag_with_taskflow_api_v02.greet scheduled__2022-06-01T00:00:00+00:00 [queued]>
[2023-05-25T06:55:06.698+0000] {taskinstance.py:1308} INFO - Starting attempt 1 of 6
[2023-05-25T06:55:07.732+0000] {taskinstance.py:1327} INFO - Executing <Task(_PythonDecoratedOperator): greet> on 2022-06-01 00:00:00+00:00
[2023-05-25T06:55:07.749+0000] {standard_task_runner.py:57} INFO - Started process 3241 to run task
[2023-05-25T06:55:07.783+0000] {standard_task_runner.py:84} INFO - Running: ['***', 'tasks', 'run', 'dag_with_taskflow_api_v02', 'greet', 'scheduled__2022-06-01T00:00:00+00:00', '--job-id', '680', '--raw', '--subdir', 'DAGS_FOLDER/first_dag.py', '--cfg-path', '/tmp/tmpe9f5sbfr']
[2023-05-25T06:55:07.816+0000] {standard_task_runner.py:85} INFO - Job 680: Subtask greet
[2023-05-25T06:55:08.202+0000] {task_command.py:410} INFO - Running <TaskInstance: dag_with_taskflow_api_v02.greet scheduled__2022-06-01T00:00:00+00:00 [running]> on host 6bd07c7477d9
[2023-05-25T06:55:09.370+0000] {taskinstance.py:1547} INFO - Exporting env vars: AIRFLOW_CTX_DAG_OWNER='Sai' AIRFLOW_CTX_DAG_ID='dag_with_taskflow_api_v02' AIRFLOW_CTX_TASK_ID='greet' AIRFLOW_CTX_EXECUTION_DATE='2022-06-01T00:00:00+00:00' AIRFLOW_CTX_TRY_NUMBER='1' AIRFLOW_CTX_DAG_RUN_ID='scheduled__2022-06-01T00:00:00+00:00'
[2023-05-25T06:55:09.371+0000] {logging_mixin.py:149} INFO - Hello World! My name is Sai Tr and I am 19 years old!
[2023-05-25T06:55:09.372+0000] {python.py:183} INFO - Done. Returned value was: None
[2023-05-25T06:55:09.417+0000] {taskinstance.py:1350} INFO - Marking task as SUCCESS. dag_id=dag_with_taskflow_api_v02, task_id=greet, execution_date=20220601T000000, start_date=20230525T065506, end_date=20230525T065509
[2023-05-25T06:55:09.566+0000] {local_task_job_runner.py:225} INFO - Task exited with return code 0
[2023-05-25T06:55:09.721+0000] {taskinstance.py:2651} INFO - 0 downstream tasks scheduled from follow-on schedule check
[2023-05-25T10:26:33.931+0000] {taskinstance.py:1103} INFO - Dependencies all met for dep_context=non-requeueable deps ti=<TaskInstance: dag_with_taskflow_api_v02.greet scheduled__2022-06-01T00:00:00+00:00 [queued]>
[2023-05-25T10:26:33.999+0000] {taskinstance.py:1103} INFO - Dependencies all met for dep_context=requeueable deps ti=<TaskInstance: dag_with_taskflow_api_v02.greet scheduled__2022-06-01T00:00:00+00:00 [queued]>
[2023-05-25T10:26:33.999+0000] {taskinstance.py:1308} INFO - Starting attempt 1 of 6
[2023-05-25T10:26:34.135+0000] {taskinstance.py:1327} INFO - Executing <Task(_PythonDecoratedOperator): greet> on 2022-06-01 00:00:00+00:00
[2023-05-25T10:26:34.159+0000] {standard_task_runner.py:57} INFO - Started process 2821 to run task
[2023-05-25T10:26:34.185+0000] {standard_task_runner.py:84} INFO - Running: ['***', 'tasks', 'run', 'dag_with_taskflow_api_v02', 'greet', 'scheduled__2022-06-01T00:00:00+00:00', '--job-id', '688', '--raw', '--subdir', 'DAGS_FOLDER/first_dag.py', '--cfg-path', '/tmp/tmpkmmlrrj2']
[2023-05-25T10:26:34.188+0000] {standard_task_runner.py:85} INFO - Job 688: Subtask greet
[2023-05-25T10:26:34.636+0000] {task_command.py:410} INFO - Running <TaskInstance: dag_with_taskflow_api_v02.greet scheduled__2022-06-01T00:00:00+00:00 [running]> on host b1ae37a9584e
[2023-05-25T10:26:35.584+0000] {taskinstance.py:1547} INFO - Exporting env vars: AIRFLOW_CTX_DAG_OWNER='Sai' AIRFLOW_CTX_DAG_ID='dag_with_taskflow_api_v02' AIRFLOW_CTX_TASK_ID='greet' AIRFLOW_CTX_EXECUTION_DATE='2022-06-01T00:00:00+00:00' AIRFLOW_CTX_TRY_NUMBER='1' AIRFLOW_CTX_DAG_RUN_ID='scheduled__2022-06-01T00:00:00+00:00'
[2023-05-25T10:26:35.586+0000] {logging_mixin.py:149} INFO - Hello World! My name is Sai Tr and I am 19 years old!
[2023-05-25T10:26:35.586+0000] {python.py:183} INFO - Done. Returned value was: None
[2023-05-25T10:26:35.660+0000] {taskinstance.py:1350} INFO - Marking task as SUCCESS. dag_id=dag_with_taskflow_api_v02, task_id=greet, execution_date=20220601T000000, start_date=20230525T102633, end_date=20230525T102635
[2023-05-25T10:26:36.354+0000] {local_task_job_runner.py:225} INFO - Task exited with return code 0
[2023-05-25T10:26:36.504+0000] {taskinstance.py:2651} INFO - 0 downstream tasks scheduled from follow-on schedule check
