[2023-05-24T15:24:43.328+0000] {taskinstance.py:1103} INFO - Dependencies all met for dep_context=non-requeueable deps ti=<TaskInstance: dag_with_taskflow_api_v02.get_age scheduled__2022-08-29T00:00:00+00:00 [queued]>
[2023-05-24T15:24:43.446+0000] {taskinstance.py:1103} INFO - Dependencies all met for dep_context=requeueable deps ti=<TaskInstance: dag_with_taskflow_api_v02.get_age scheduled__2022-08-29T00:00:00+00:00 [queued]>
[2023-05-24T15:24:43.446+0000] {taskinstance.py:1308} INFO - Starting attempt 1 of 6
[2023-05-24T15:24:43.691+0000] {taskinstance.py:1327} INFO - Executing <Task(_PythonDecoratedOperator): get_age> on 2022-08-29 00:00:00+00:00
[2023-05-24T15:24:43.715+0000] {standard_task_runner.py:57} INFO - Started process 2253 to run task
[2023-05-24T15:24:43.771+0000] {standard_task_runner.py:84} INFO - Running: ['***', 'tasks', 'run', 'dag_with_taskflow_api_v02', 'get_age', 'scheduled__2022-08-29T00:00:00+00:00', '--job-id', '919', '--raw', '--subdir', 'DAGS_FOLDER/first_dag.py', '--cfg-path', '/tmp/tmpp3n3ggbs']
[2023-05-24T15:24:43.808+0000] {standard_task_runner.py:85} INFO - Job 919: Subtask get_age
[2023-05-24T15:24:44.122+0000] {task_command.py:410} INFO - Running <TaskInstance: dag_with_taskflow_api_v02.get_age scheduled__2022-08-29T00:00:00+00:00 [running]> on host 942de29f183d
[2023-05-24T15:24:45.077+0000] {taskinstance.py:1547} INFO - Exporting env vars: AIRFLOW_CTX_DAG_OWNER='Sai' AIRFLOW_CTX_DAG_ID='dag_with_taskflow_api_v02' AIRFLOW_CTX_TASK_ID='get_age' AIRFLOW_CTX_EXECUTION_DATE='2022-08-29T00:00:00+00:00' AIRFLOW_CTX_TRY_NUMBER='1' AIRFLOW_CTX_DAG_RUN_ID='scheduled__2022-08-29T00:00:00+00:00'
[2023-05-24T15:24:45.078+0000] {python.py:183} INFO - Done. Returned value was: 19
[2023-05-24T15:24:45.200+0000] {taskinstance.py:1350} INFO - Marking task as SUCCESS. dag_id=dag_with_taskflow_api_v02, task_id=get_age, execution_date=20220829T000000, start_date=20230524T152443, end_date=20230524T152445
[2023-05-24T15:24:45.412+0000] {local_task_job_runner.py:225} INFO - Task exited with return code 0
[2023-05-24T15:24:45.769+0000] {taskinstance.py:2651} INFO - 0 downstream tasks scheduled from follow-on schedule check
[2023-05-25T06:57:20.412+0000] {taskinstance.py:1103} INFO - Dependencies all met for dep_context=non-requeueable deps ti=<TaskInstance: dag_with_taskflow_api_v02.get_age scheduled__2022-08-29T00:00:00+00:00 [queued]>
[2023-05-25T06:57:20.518+0000] {taskinstance.py:1103} INFO - Dependencies all met for dep_context=requeueable deps ti=<TaskInstance: dag_with_taskflow_api_v02.get_age scheduled__2022-08-29T00:00:00+00:00 [queued]>
[2023-05-25T06:57:20.519+0000] {taskinstance.py:1308} INFO - Starting attempt 1 of 6
[2023-05-25T06:57:21.622+0000] {taskinstance.py:1327} INFO - Executing <Task(_PythonDecoratedOperator): get_age> on 2022-08-29 00:00:00+00:00
[2023-05-25T06:57:21.648+0000] {standard_task_runner.py:57} INFO - Started process 3777 to run task
[2023-05-25T06:57:21.716+0000] {standard_task_runner.py:84} INFO - Running: ['***', 'tasks', 'run', 'dag_with_taskflow_api_v02', 'get_age', 'scheduled__2022-08-29T00:00:00+00:00', '--job-id', '918', '--raw', '--subdir', 'DAGS_FOLDER/first_dag.py', '--cfg-path', '/tmp/tmpelrq6iyn']
[2023-05-25T06:57:21.742+0000] {standard_task_runner.py:85} INFO - Job 918: Subtask get_age
[2023-05-25T06:57:22.346+0000] {task_command.py:410} INFO - Running <TaskInstance: dag_with_taskflow_api_v02.get_age scheduled__2022-08-29T00:00:00+00:00 [running]> on host 6bd07c7477d9
[2023-05-25T06:57:23.158+0000] {taskinstance.py:1547} INFO - Exporting env vars: AIRFLOW_CTX_DAG_OWNER='Sai' AIRFLOW_CTX_DAG_ID='dag_with_taskflow_api_v02' AIRFLOW_CTX_TASK_ID='get_age' AIRFLOW_CTX_EXECUTION_DATE='2022-08-29T00:00:00+00:00' AIRFLOW_CTX_TRY_NUMBER='1' AIRFLOW_CTX_DAG_RUN_ID='scheduled__2022-08-29T00:00:00+00:00'
[2023-05-25T06:57:23.159+0000] {python.py:183} INFO - Done. Returned value was: 19
[2023-05-25T06:57:23.249+0000] {taskinstance.py:1350} INFO - Marking task as SUCCESS. dag_id=dag_with_taskflow_api_v02, task_id=get_age, execution_date=20220829T000000, start_date=20230525T065720, end_date=20230525T065723
[2023-05-25T06:57:23.379+0000] {local_task_job_runner.py:225} INFO - Task exited with return code 0
[2023-05-25T06:57:23.676+0000] {taskinstance.py:2651} INFO - 1 downstream tasks scheduled from follow-on schedule check
[2023-05-25T10:30:35.873+0000] {taskinstance.py:1103} INFO - Dependencies all met for dep_context=non-requeueable deps ti=<TaskInstance: dag_with_taskflow_api_v02.get_age scheduled__2022-08-29T00:00:00+00:00 [queued]>
[2023-05-25T10:30:36.244+0000] {taskinstance.py:1103} INFO - Dependencies all met for dep_context=requeueable deps ti=<TaskInstance: dag_with_taskflow_api_v02.get_age scheduled__2022-08-29T00:00:00+00:00 [queued]>
[2023-05-25T10:30:36.244+0000] {taskinstance.py:1308} INFO - Starting attempt 1 of 6
[2023-05-25T10:30:37.115+0000] {taskinstance.py:1327} INFO - Executing <Task(_PythonDecoratedOperator): get_age> on 2022-08-29 00:00:00+00:00
[2023-05-25T10:30:37.140+0000] {standard_task_runner.py:57} INFO - Started process 3400 to run task
[2023-05-25T10:30:37.189+0000] {standard_task_runner.py:84} INFO - Running: ['***', 'tasks', 'run', 'dag_with_taskflow_api_v02', 'get_age', 'scheduled__2022-08-29T00:00:00+00:00', '--job-id', '933', '--raw', '--subdir', 'DAGS_FOLDER/first_dag.py', '--cfg-path', '/tmp/tmp70wk69c_']
[2023-05-25T10:30:37.202+0000] {standard_task_runner.py:85} INFO - Job 933: Subtask get_age
[2023-05-25T10:30:37.823+0000] {task_command.py:410} INFO - Running <TaskInstance: dag_with_taskflow_api_v02.get_age scheduled__2022-08-29T00:00:00+00:00 [running]> on host b1ae37a9584e
[2023-05-25T10:30:40.107+0000] {taskinstance.py:1547} INFO - Exporting env vars: AIRFLOW_CTX_DAG_OWNER='Sai' AIRFLOW_CTX_DAG_ID='dag_with_taskflow_api_v02' AIRFLOW_CTX_TASK_ID='get_age' AIRFLOW_CTX_EXECUTION_DATE='2022-08-29T00:00:00+00:00' AIRFLOW_CTX_TRY_NUMBER='1' AIRFLOW_CTX_DAG_RUN_ID='scheduled__2022-08-29T00:00:00+00:00'
[2023-05-25T10:30:40.108+0000] {python.py:183} INFO - Done. Returned value was: 19
[2023-05-25T10:30:40.480+0000] {taskinstance.py:1350} INFO - Marking task as SUCCESS. dag_id=dag_with_taskflow_api_v02, task_id=get_age, execution_date=20220829T000000, start_date=20230525T103035, end_date=20230525T103040
[2023-05-25T10:30:40.908+0000] {local_task_job_runner.py:225} INFO - Task exited with return code 0
[2023-05-25T10:30:41.234+0000] {taskinstance.py:2651} INFO - 0 downstream tasks scheduled from follow-on schedule check
