[2023-05-24T15:23:15.402+0000] {taskinstance.py:1103} INFO - Dependencies all met for dep_context=non-requeueable deps ti=<TaskInstance: dag_with_taskflow_api_v02.greet scheduled__2022-07-02T00:00:00+00:00 [queued]>
[2023-05-24T15:23:15.565+0000] {taskinstance.py:1103} INFO - Dependencies all met for dep_context=requeueable deps ti=<TaskInstance: dag_with_taskflow_api_v02.greet scheduled__2022-07-02T00:00:00+00:00 [queued]>
[2023-05-24T15:23:15.566+0000] {taskinstance.py:1308} INFO - Starting attempt 1 of 6
[2023-05-24T15:23:15.765+0000] {taskinstance.py:1327} INFO - Executing <Task(_PythonDecoratedOperator): greet> on 2022-07-02 00:00:00+00:00
[2023-05-24T15:23:15.794+0000] {standard_task_runner.py:57} INFO - Started process 1918 to run task
[2023-05-24T15:23:15.842+0000] {standard_task_runner.py:84} INFO - Running: ['***', 'tasks', 'run', 'dag_with_taskflow_api_v02', 'greet', 'scheduled__2022-07-02T00:00:00+00:00', '--job-id', '767', '--raw', '--subdir', 'DAGS_FOLDER/first_dag.py', '--cfg-path', '/tmp/tmpr_458_lv']
[2023-05-24T15:23:15.846+0000] {standard_task_runner.py:85} INFO - Job 767: Subtask greet
[2023-05-24T15:23:16.288+0000] {task_command.py:410} INFO - Running <TaskInstance: dag_with_taskflow_api_v02.greet scheduled__2022-07-02T00:00:00+00:00 [running]> on host 942de29f183d
[2023-05-24T15:23:17.292+0000] {taskinstance.py:1547} INFO - Exporting env vars: AIRFLOW_CTX_DAG_OWNER='Sai' AIRFLOW_CTX_DAG_ID='dag_with_taskflow_api_v02' AIRFLOW_CTX_TASK_ID='greet' AIRFLOW_CTX_EXECUTION_DATE='2022-07-02T00:00:00+00:00' AIRFLOW_CTX_TRY_NUMBER='1' AIRFLOW_CTX_DAG_RUN_ID='scheduled__2022-07-02T00:00:00+00:00'
[2023-05-24T15:23:17.295+0000] {logging_mixin.py:149} INFO - Hello World! My name is Sai Tr and I am 19 years old!
[2023-05-24T15:23:17.296+0000] {python.py:183} INFO - Done. Returned value was: None
[2023-05-24T15:23:17.334+0000] {taskinstance.py:1350} INFO - Marking task as SUCCESS. dag_id=dag_with_taskflow_api_v02, task_id=greet, execution_date=20220702T000000, start_date=20230524T152315, end_date=20230524T152317
[2023-05-24T15:23:17.470+0000] {local_task_job_runner.py:225} INFO - Task exited with return code 0
[2023-05-24T15:23:18.233+0000] {taskinstance.py:2651} INFO - 0 downstream tasks scheduled from follow-on schedule check
[2023-05-25T06:55:56.448+0000] {taskinstance.py:1103} INFO - Dependencies all met for dep_context=non-requeueable deps ti=<TaskInstance: dag_with_taskflow_api_v02.greet scheduled__2022-07-02T00:00:00+00:00 [queued]>
[2023-05-25T06:55:56.506+0000] {taskinstance.py:1103} INFO - Dependencies all met for dep_context=requeueable deps ti=<TaskInstance: dag_with_taskflow_api_v02.greet scheduled__2022-07-02T00:00:00+00:00 [queued]>
[2023-05-25T06:55:56.509+0000] {taskinstance.py:1308} INFO - Starting attempt 1 of 6
[2023-05-25T06:55:56.648+0000] {taskinstance.py:1327} INFO - Executing <Task(_PythonDecoratedOperator): greet> on 2022-07-02 00:00:00+00:00
[2023-05-25T06:55:56.660+0000] {standard_task_runner.py:57} INFO - Started process 3446 to run task
[2023-05-25T06:55:56.736+0000] {standard_task_runner.py:84} INFO - Running: ['***', 'tasks', 'run', 'dag_with_taskflow_api_v02', 'greet', 'scheduled__2022-07-02T00:00:00+00:00', '--job-id', '773', '--raw', '--subdir', 'DAGS_FOLDER/first_dag.py', '--cfg-path', '/tmp/tmpnmuec5dc']
[2023-05-25T06:55:56.740+0000] {standard_task_runner.py:85} INFO - Job 773: Subtask greet
[2023-05-25T06:55:57.061+0000] {task_command.py:410} INFO - Running <TaskInstance: dag_with_taskflow_api_v02.greet scheduled__2022-07-02T00:00:00+00:00 [running]> on host 6bd07c7477d9
[2023-05-25T06:55:57.888+0000] {taskinstance.py:1547} INFO - Exporting env vars: AIRFLOW_CTX_DAG_OWNER='Sai' AIRFLOW_CTX_DAG_ID='dag_with_taskflow_api_v02' AIRFLOW_CTX_TASK_ID='greet' AIRFLOW_CTX_EXECUTION_DATE='2022-07-02T00:00:00+00:00' AIRFLOW_CTX_TRY_NUMBER='1' AIRFLOW_CTX_DAG_RUN_ID='scheduled__2022-07-02T00:00:00+00:00'
[2023-05-25T06:55:57.890+0000] {logging_mixin.py:149} INFO - Hello World! My name is Sai Tr and I am 19 years old!
[2023-05-25T06:55:57.891+0000] {python.py:183} INFO - Done. Returned value was: None
[2023-05-25T06:55:57.954+0000] {taskinstance.py:1350} INFO - Marking task as SUCCESS. dag_id=dag_with_taskflow_api_v02, task_id=greet, execution_date=20220702T000000, start_date=20230525T065556, end_date=20230525T065557
[2023-05-25T06:55:59.160+0000] {local_task_job_runner.py:225} INFO - Task exited with return code 0
[2023-05-25T06:55:59.369+0000] {taskinstance.py:2651} INFO - 0 downstream tasks scheduled from follow-on schedule check
[2023-05-25T10:27:28.480+0000] {taskinstance.py:1103} INFO - Dependencies all met for dep_context=non-requeueable deps ti=<TaskInstance: dag_with_taskflow_api_v02.greet scheduled__2022-07-02T00:00:00+00:00 [queued]>
[2023-05-25T10:27:28.501+0000] {taskinstance.py:1103} INFO - Dependencies all met for dep_context=requeueable deps ti=<TaskInstance: dag_with_taskflow_api_v02.greet scheduled__2022-07-02T00:00:00+00:00 [queued]>
[2023-05-25T10:27:28.501+0000] {taskinstance.py:1308} INFO - Starting attempt 1 of 6
[2023-05-25T10:27:28.525+0000] {taskinstance.py:1327} INFO - Executing <Task(_PythonDecoratedOperator): greet> on 2022-07-02 00:00:00+00:00
[2023-05-25T10:27:28.532+0000] {standard_task_runner.py:57} INFO - Started process 2991 to run task
[2023-05-25T10:27:28.537+0000] {standard_task_runner.py:84} INFO - Running: ['***', 'tasks', 'run', 'dag_with_taskflow_api_v02', 'greet', 'scheduled__2022-07-02T00:00:00+00:00', '--job-id', '768', '--raw', '--subdir', 'DAGS_FOLDER/first_dag.py', '--cfg-path', '/tmp/tmponty8l4c']
[2023-05-25T10:27:28.540+0000] {standard_task_runner.py:85} INFO - Job 768: Subtask greet
[2023-05-25T10:27:28.615+0000] {task_command.py:410} INFO - Running <TaskInstance: dag_with_taskflow_api_v02.greet scheduled__2022-07-02T00:00:00+00:00 [running]> on host b1ae37a9584e
[2023-05-25T10:27:28.901+0000] {taskinstance.py:1547} INFO - Exporting env vars: AIRFLOW_CTX_DAG_OWNER='Sai' AIRFLOW_CTX_DAG_ID='dag_with_taskflow_api_v02' AIRFLOW_CTX_TASK_ID='greet' AIRFLOW_CTX_EXECUTION_DATE='2022-07-02T00:00:00+00:00' AIRFLOW_CTX_TRY_NUMBER='1' AIRFLOW_CTX_DAG_RUN_ID='scheduled__2022-07-02T00:00:00+00:00'
[2023-05-25T10:27:28.903+0000] {logging_mixin.py:149} INFO - Hello World! My name is Sai Tr and I am 19 years old!
[2023-05-25T10:27:28.903+0000] {python.py:183} INFO - Done. Returned value was: None
[2023-05-25T10:27:28.922+0000] {taskinstance.py:1350} INFO - Marking task as SUCCESS. dag_id=dag_with_taskflow_api_v02, task_id=greet, execution_date=20220702T000000, start_date=20230525T102728, end_date=20230525T102728
[2023-05-25T10:27:28.989+0000] {local_task_job_runner.py:225} INFO - Task exited with return code 0
[2023-05-25T10:27:29.029+0000] {taskinstance.py:2651} INFO - 0 downstream tasks scheduled from follow-on schedule check
