[2023-05-24T15:20:02.163+0000] {taskinstance.py:1103} INFO - Dependencies all met for dep_context=non-requeueable deps ti=<TaskInstance: dag_with_taskflow_api_v02.greet scheduled__2022-03-30T00:00:00+00:00 [queued]>
[2023-05-24T15:20:02.208+0000] {taskinstance.py:1103} INFO - Dependencies all met for dep_context=requeueable deps ti=<TaskInstance: dag_with_taskflow_api_v02.greet scheduled__2022-03-30T00:00:00+00:00 [queued]>
[2023-05-24T15:20:02.209+0000] {taskinstance.py:1308} INFO - Starting attempt 1 of 6
[2023-05-24T15:20:02.348+0000] {taskinstance.py:1327} INFO - Executing <Task(_PythonDecoratedOperator): greet> on 2022-03-30 00:00:00+00:00
[2023-05-24T15:20:02.369+0000] {standard_task_runner.py:57} INFO - Started process 1256 to run task
[2023-05-24T15:20:02.387+0000] {standard_task_runner.py:84} INFO - Running: ['***', 'tasks', 'run', 'dag_with_taskflow_api_v02', 'greet', 'scheduled__2022-03-30T00:00:00+00:00', '--job-id', '476', '--raw', '--subdir', 'DAGS_FOLDER/first_dag.py', '--cfg-path', '/tmp/tmp847mdrbj']
[2023-05-24T15:20:02.390+0000] {standard_task_runner.py:85} INFO - Job 476: Subtask greet
[2023-05-24T15:20:02.505+0000] {task_command.py:410} INFO - Running <TaskInstance: dag_with_taskflow_api_v02.greet scheduled__2022-03-30T00:00:00+00:00 [running]> on host 942de29f183d
[2023-05-24T15:20:02.908+0000] {taskinstance.py:1547} INFO - Exporting env vars: AIRFLOW_CTX_DAG_OWNER='Sai' AIRFLOW_CTX_DAG_ID='dag_with_taskflow_api_v02' AIRFLOW_CTX_TASK_ID='greet' AIRFLOW_CTX_EXECUTION_DATE='2022-03-30T00:00:00+00:00' AIRFLOW_CTX_TRY_NUMBER='1' AIRFLOW_CTX_DAG_RUN_ID='scheduled__2022-03-30T00:00:00+00:00'
[2023-05-24T15:20:02.909+0000] {logging_mixin.py:149} INFO - Hello World! My name is Sai Tr and I am 19 years old!
[2023-05-24T15:20:02.910+0000] {python.py:183} INFO - Done. Returned value was: None
[2023-05-24T15:20:02.948+0000] {taskinstance.py:1350} INFO - Marking task as SUCCESS. dag_id=dag_with_taskflow_api_v02, task_id=greet, execution_date=20220330T000000, start_date=20230524T152002, end_date=20230524T152002
[2023-05-24T15:20:03.062+0000] {local_task_job_runner.py:225} INFO - Task exited with return code 0
[2023-05-24T15:20:03.143+0000] {taskinstance.py:2651} INFO - 0 downstream tasks scheduled from follow-on schedule check
[2023-05-25T06:53:18.729+0000] {taskinstance.py:1103} INFO - Dependencies all met for dep_context=non-requeueable deps ti=<TaskInstance: dag_with_taskflow_api_v02.greet scheduled__2022-03-30T00:00:00+00:00 [queued]>
[2023-05-25T06:53:18.771+0000] {taskinstance.py:1103} INFO - Dependencies all met for dep_context=requeueable deps ti=<TaskInstance: dag_with_taskflow_api_v02.greet scheduled__2022-03-30T00:00:00+00:00 [queued]>
[2023-05-25T06:53:18.772+0000] {taskinstance.py:1308} INFO - Starting attempt 1 of 6
[2023-05-25T06:53:18.829+0000] {taskinstance.py:1327} INFO - Executing <Task(_PythonDecoratedOperator): greet> on 2022-03-30 00:00:00+00:00
[2023-05-25T06:53:18.842+0000] {standard_task_runner.py:57} INFO - Started process 2795 to run task
[2023-05-25T06:53:18.862+0000] {standard_task_runner.py:84} INFO - Running: ['***', 'tasks', 'run', 'dag_with_taskflow_api_v02', 'greet', 'scheduled__2022-03-30T00:00:00+00:00', '--job-id', '480', '--raw', '--subdir', 'DAGS_FOLDER/first_dag.py', '--cfg-path', '/tmp/tmpx3o309ek']
[2023-05-25T06:53:18.866+0000] {standard_task_runner.py:85} INFO - Job 480: Subtask greet
[2023-05-25T06:53:19.051+0000] {task_command.py:410} INFO - Running <TaskInstance: dag_with_taskflow_api_v02.greet scheduled__2022-03-30T00:00:00+00:00 [running]> on host 6bd07c7477d9
[2023-05-25T06:53:19.561+0000] {taskinstance.py:1547} INFO - Exporting env vars: AIRFLOW_CTX_DAG_OWNER='Sai' AIRFLOW_CTX_DAG_ID='dag_with_taskflow_api_v02' AIRFLOW_CTX_TASK_ID='greet' AIRFLOW_CTX_EXECUTION_DATE='2022-03-30T00:00:00+00:00' AIRFLOW_CTX_TRY_NUMBER='1' AIRFLOW_CTX_DAG_RUN_ID='scheduled__2022-03-30T00:00:00+00:00'
[2023-05-25T06:53:19.562+0000] {logging_mixin.py:149} INFO - Hello World! My name is Sai Tr and I am 19 years old!
[2023-05-25T06:53:19.562+0000] {python.py:183} INFO - Done. Returned value was: None
[2023-05-25T06:53:19.592+0000] {taskinstance.py:1350} INFO - Marking task as SUCCESS. dag_id=dag_with_taskflow_api_v02, task_id=greet, execution_date=20220330T000000, start_date=20230525T065318, end_date=20230525T065319
[2023-05-25T06:53:19.723+0000] {local_task_job_runner.py:225} INFO - Task exited with return code 0
[2023-05-25T06:53:19.839+0000] {taskinstance.py:2651} INFO - 0 downstream tasks scheduled from follow-on schedule check
[2023-05-25T10:24:30.291+0000] {taskinstance.py:1103} INFO - Dependencies all met for dep_context=non-requeueable deps ti=<TaskInstance: dag_with_taskflow_api_v02.greet scheduled__2022-03-30T00:00:00+00:00 [queued]>
[2023-05-25T10:24:30.429+0000] {taskinstance.py:1103} INFO - Dependencies all met for dep_context=requeueable deps ti=<TaskInstance: dag_with_taskflow_api_v02.greet scheduled__2022-03-30T00:00:00+00:00 [queued]>
[2023-05-25T10:24:30.430+0000] {taskinstance.py:1308} INFO - Starting attempt 1 of 6
[2023-05-25T10:24:30.859+0000] {taskinstance.py:1327} INFO - Executing <Task(_PythonDecoratedOperator): greet> on 2022-03-30 00:00:00+00:00
[2023-05-25T10:24:30.878+0000] {standard_task_runner.py:57} INFO - Started process 2355 to run task
[2023-05-25T10:24:30.896+0000] {standard_task_runner.py:84} INFO - Running: ['***', 'tasks', 'run', 'dag_with_taskflow_api_v02', 'greet', 'scheduled__2022-03-30T00:00:00+00:00', '--job-id', '481', '--raw', '--subdir', 'DAGS_FOLDER/first_dag.py', '--cfg-path', '/tmp/tmp0u6xjc0a']
[2023-05-25T10:24:30.900+0000] {standard_task_runner.py:85} INFO - Job 481: Subtask greet
[2023-05-25T10:24:31.124+0000] {task_command.py:410} INFO - Running <TaskInstance: dag_with_taskflow_api_v02.greet scheduled__2022-03-30T00:00:00+00:00 [running]> on host b1ae37a9584e
[2023-05-25T10:24:31.916+0000] {taskinstance.py:1547} INFO - Exporting env vars: AIRFLOW_CTX_DAG_OWNER='Sai' AIRFLOW_CTX_DAG_ID='dag_with_taskflow_api_v02' AIRFLOW_CTX_TASK_ID='greet' AIRFLOW_CTX_EXECUTION_DATE='2022-03-30T00:00:00+00:00' AIRFLOW_CTX_TRY_NUMBER='1' AIRFLOW_CTX_DAG_RUN_ID='scheduled__2022-03-30T00:00:00+00:00'
[2023-05-25T10:24:31.919+0000] {logging_mixin.py:149} INFO - Hello World! My name is Sai Tr and I am 19 years old!
[2023-05-25T10:24:31.920+0000] {python.py:183} INFO - Done. Returned value was: None
[2023-05-25T10:24:31.974+0000] {taskinstance.py:1350} INFO - Marking task as SUCCESS. dag_id=dag_with_taskflow_api_v02, task_id=greet, execution_date=20220330T000000, start_date=20230525T102430, end_date=20230525T102431
[2023-05-25T10:24:32.075+0000] {local_task_job_runner.py:225} INFO - Task exited with return code 0
[2023-05-25T10:24:32.209+0000] {taskinstance.py:2651} INFO - 0 downstream tasks scheduled from follow-on schedule check
