[2023-05-24T15:30:07.139+0000] {taskinstance.py:1103} INFO - Dependencies all met for dep_context=non-requeueable deps ti=<TaskInstance: dag_with_taskflow_api_v02.greet scheduled__2023-03-10T00:00:00+00:00 [queued]>
[2023-05-24T15:30:07.158+0000] {taskinstance.py:1103} INFO - Dependencies all met for dep_context=requeueable deps ti=<TaskInstance: dag_with_taskflow_api_v02.greet scheduled__2023-03-10T00:00:00+00:00 [queued]>
[2023-05-24T15:30:07.159+0000] {taskinstance.py:1308} INFO - Starting attempt 1 of 6
[2023-05-24T15:30:07.197+0000] {taskinstance.py:1327} INFO - Executing <Task(_PythonDecoratedOperator): greet> on 2023-03-10 00:00:00+00:00
[2023-05-24T15:30:07.205+0000] {standard_task_runner.py:57} INFO - Started process 3554 to run task
[2023-05-24T15:30:07.214+0000] {standard_task_runner.py:84} INFO - Running: ['***', 'tasks', 'run', 'dag_with_taskflow_api_v02', 'greet', 'scheduled__2023-03-10T00:00:00+00:00', '--job-id', '1512', '--raw', '--subdir', 'DAGS_FOLDER/first_dag.py', '--cfg-path', '/tmp/tmp6a7tu4np']
[2023-05-24T15:30:07.217+0000] {standard_task_runner.py:85} INFO - Job 1512: Subtask greet
[2023-05-24T15:30:07.311+0000] {task_command.py:410} INFO - Running <TaskInstance: dag_with_taskflow_api_v02.greet scheduled__2023-03-10T00:00:00+00:00 [running]> on host 942de29f183d
[2023-05-24T15:30:07.616+0000] {taskinstance.py:1547} INFO - Exporting env vars: AIRFLOW_CTX_DAG_OWNER='Sai' AIRFLOW_CTX_DAG_ID='dag_with_taskflow_api_v02' AIRFLOW_CTX_TASK_ID='greet' AIRFLOW_CTX_EXECUTION_DATE='2023-03-10T00:00:00+00:00' AIRFLOW_CTX_TRY_NUMBER='1' AIRFLOW_CTX_DAG_RUN_ID='scheduled__2023-03-10T00:00:00+00:00'
[2023-05-24T15:30:07.617+0000] {logging_mixin.py:149} INFO - Hello World! My name is Sai Tr and I am 19 years old!
[2023-05-24T15:30:07.618+0000] {python.py:183} INFO - Done. Returned value was: None
[2023-05-24T15:30:07.638+0000] {taskinstance.py:1350} INFO - Marking task as SUCCESS. dag_id=dag_with_taskflow_api_v02, task_id=greet, execution_date=20230310T000000, start_date=20230524T153007, end_date=20230524T153007
[2023-05-24T15:30:07.705+0000] {local_task_job_runner.py:225} INFO - Task exited with return code 0
[2023-05-24T15:30:07.750+0000] {taskinstance.py:2651} INFO - 0 downstream tasks scheduled from follow-on schedule check
[2023-05-25T07:02:40.385+0000] {taskinstance.py:1103} INFO - Dependencies all met for dep_context=non-requeueable deps ti=<TaskInstance: dag_with_taskflow_api_v02.greet scheduled__2023-03-10T00:00:00+00:00 [queued]>
[2023-05-25T07:02:40.399+0000] {taskinstance.py:1103} INFO - Dependencies all met for dep_context=requeueable deps ti=<TaskInstance: dag_with_taskflow_api_v02.greet scheduled__2023-03-10T00:00:00+00:00 [queued]>
[2023-05-25T07:02:40.400+0000] {taskinstance.py:1308} INFO - Starting attempt 1 of 6
[2023-05-25T07:02:40.422+0000] {taskinstance.py:1327} INFO - Executing <Task(_PythonDecoratedOperator): greet> on 2023-03-10 00:00:00+00:00
[2023-05-25T07:02:40.429+0000] {standard_task_runner.py:57} INFO - Started process 5072 to run task
[2023-05-25T07:02:40.434+0000] {standard_task_runner.py:84} INFO - Running: ['***', 'tasks', 'run', 'dag_with_taskflow_api_v02', 'greet', 'scheduled__2023-03-10T00:00:00+00:00', '--job-id', '1512', '--raw', '--subdir', 'DAGS_FOLDER/first_dag.py', '--cfg-path', '/tmp/tmpirry50am']
[2023-05-25T07:02:40.436+0000] {standard_task_runner.py:85} INFO - Job 1512: Subtask greet
[2023-05-25T07:02:40.530+0000] {task_command.py:410} INFO - Running <TaskInstance: dag_with_taskflow_api_v02.greet scheduled__2023-03-10T00:00:00+00:00 [running]> on host 6bd07c7477d9
[2023-05-25T07:02:40.738+0000] {taskinstance.py:1547} INFO - Exporting env vars: AIRFLOW_CTX_DAG_OWNER='Sai' AIRFLOW_CTX_DAG_ID='dag_with_taskflow_api_v02' AIRFLOW_CTX_TASK_ID='greet' AIRFLOW_CTX_EXECUTION_DATE='2023-03-10T00:00:00+00:00' AIRFLOW_CTX_TRY_NUMBER='1' AIRFLOW_CTX_DAG_RUN_ID='scheduled__2023-03-10T00:00:00+00:00'
[2023-05-25T07:02:40.739+0000] {logging_mixin.py:149} INFO - Hello World! My name is Sai Tr and I am 19 years old!
[2023-05-25T07:02:40.740+0000] {python.py:183} INFO - Done. Returned value was: None
[2023-05-25T07:02:40.757+0000] {taskinstance.py:1350} INFO - Marking task as SUCCESS. dag_id=dag_with_taskflow_api_v02, task_id=greet, execution_date=20230310T000000, start_date=20230525T070240, end_date=20230525T070240
[2023-05-25T07:02:40.808+0000] {local_task_job_runner.py:225} INFO - Task exited with return code 0
[2023-05-25T07:02:40.846+0000] {taskinstance.py:2651} INFO - 0 downstream tasks scheduled from follow-on schedule check
[2023-05-25T10:37:16.283+0000] {taskinstance.py:1103} INFO - Dependencies all met for dep_context=non-requeueable deps ti=<TaskInstance: dag_with_taskflow_api_v02.greet scheduled__2023-03-10T00:00:00+00:00 [queued]>
[2023-05-25T10:37:16.333+0000] {taskinstance.py:1103} INFO - Dependencies all met for dep_context=requeueable deps ti=<TaskInstance: dag_with_taskflow_api_v02.greet scheduled__2023-03-10T00:00:00+00:00 [queued]>
[2023-05-25T10:37:16.333+0000] {taskinstance.py:1308} INFO - Starting attempt 1 of 6
[2023-05-25T10:37:16.920+0000] {taskinstance.py:1327} INFO - Executing <Task(_PythonDecoratedOperator): greet> on 2023-03-10 00:00:00+00:00
[2023-05-25T10:37:16.937+0000] {standard_task_runner.py:57} INFO - Started process 4756 to run task
[2023-05-25T10:37:16.963+0000] {standard_task_runner.py:84} INFO - Running: ['***', 'tasks', 'run', 'dag_with_taskflow_api_v02', 'greet', 'scheduled__2023-03-10T00:00:00+00:00', '--job-id', '1536', '--raw', '--subdir', 'DAGS_FOLDER/first_dag.py', '--cfg-path', '/tmp/tmpmsfow5_l']
[2023-05-25T10:37:16.966+0000] {standard_task_runner.py:85} INFO - Job 1536: Subtask greet
[2023-05-25T10:37:17.364+0000] {task_command.py:410} INFO - Running <TaskInstance: dag_with_taskflow_api_v02.greet scheduled__2023-03-10T00:00:00+00:00 [running]> on host b1ae37a9584e
[2023-05-25T10:37:18.330+0000] {taskinstance.py:1547} INFO - Exporting env vars: AIRFLOW_CTX_DAG_OWNER='Sai' AIRFLOW_CTX_DAG_ID='dag_with_taskflow_api_v02' AIRFLOW_CTX_TASK_ID='greet' AIRFLOW_CTX_EXECUTION_DATE='2023-03-10T00:00:00+00:00' AIRFLOW_CTX_TRY_NUMBER='1' AIRFLOW_CTX_DAG_RUN_ID='scheduled__2023-03-10T00:00:00+00:00'
[2023-05-25T10:37:18.331+0000] {logging_mixin.py:149} INFO - Hello World! My name is Sai Tr and I am 19 years old!
[2023-05-25T10:37:18.332+0000] {python.py:183} INFO - Done. Returned value was: None
[2023-05-25T10:37:18.417+0000] {taskinstance.py:1350} INFO - Marking task as SUCCESS. dag_id=dag_with_taskflow_api_v02, task_id=greet, execution_date=20230310T000000, start_date=20230525T103716, end_date=20230525T103718
[2023-05-25T10:37:18.504+0000] {local_task_job_runner.py:225} INFO - Task exited with return code 0
[2023-05-25T10:37:18.617+0000] {taskinstance.py:2651} INFO - 0 downstream tasks scheduled from follow-on schedule check
