[2023-05-24T15:28:17.163+0000] {taskinstance.py:1103} INFO - Dependencies all met for dep_context=non-requeueable deps ti=<TaskInstance: dag_with_taskflow_api_v02.get_name scheduled__2023-01-04T00:00:00+00:00 [queued]>
[2023-05-24T15:28:17.297+0000] {taskinstance.py:1103} INFO - Dependencies all met for dep_context=requeueable deps ti=<TaskInstance: dag_with_taskflow_api_v02.get_name scheduled__2023-01-04T00:00:00+00:00 [queued]>
[2023-05-24T15:28:17.298+0000] {taskinstance.py:1308} INFO - Starting attempt 1 of 6
[2023-05-24T15:28:17.460+0000] {taskinstance.py:1327} INFO - Executing <Task(_PythonDecoratedOperator): get_name> on 2023-01-04 00:00:00+00:00
[2023-05-24T15:28:17.472+0000] {standard_task_runner.py:57} INFO - Started process 3105 to run task
[2023-05-24T15:28:17.508+0000] {standard_task_runner.py:84} INFO - Running: ['***', 'tasks', 'run', 'dag_with_taskflow_api_v02', 'get_name', 'scheduled__2023-01-04T00:00:00+00:00', '--job-id', '1306', '--raw', '--subdir', 'DAGS_FOLDER/first_dag.py', '--cfg-path', '/tmp/tmpeq0kvmw0']
[2023-05-24T15:28:17.517+0000] {standard_task_runner.py:85} INFO - Job 1306: Subtask get_name
[2023-05-24T15:28:17.848+0000] {task_command.py:410} INFO - Running <TaskInstance: dag_with_taskflow_api_v02.get_name scheduled__2023-01-04T00:00:00+00:00 [running]> on host 942de29f183d
[2023-05-24T15:28:18.755+0000] {taskinstance.py:1547} INFO - Exporting env vars: AIRFLOW_CTX_DAG_OWNER='Sai' AIRFLOW_CTX_DAG_ID='dag_with_taskflow_api_v02' AIRFLOW_CTX_TASK_ID='get_name' AIRFLOW_CTX_EXECUTION_DATE='2023-01-04T00:00:00+00:00' AIRFLOW_CTX_TRY_NUMBER='1' AIRFLOW_CTX_DAG_RUN_ID='scheduled__2023-01-04T00:00:00+00:00'
[2023-05-24T15:28:18.756+0000] {python.py:183} INFO - Done. Returned value was: {'first_name': 'Sai', 'last_name': 'Tr'}
[2023-05-24T15:28:19.168+0000] {taskinstance.py:1350} INFO - Marking task as SUCCESS. dag_id=dag_with_taskflow_api_v02, task_id=get_name, execution_date=20230104T000000, start_date=20230524T152817, end_date=20230524T152819
[2023-05-24T15:28:19.430+0000] {local_task_job_runner.py:225} INFO - Task exited with return code 0
[2023-05-24T15:28:20.328+0000] {taskinstance.py:2651} INFO - 0 downstream tasks scheduled from follow-on schedule check
[2023-05-25T07:00:49.988+0000] {taskinstance.py:1103} INFO - Dependencies all met for dep_context=non-requeueable deps ti=<TaskInstance: dag_with_taskflow_api_v02.get_name scheduled__2023-01-04T00:00:00+00:00 [queued]>
[2023-05-25T07:00:50.098+0000] {taskinstance.py:1103} INFO - Dependencies all met for dep_context=requeueable deps ti=<TaskInstance: dag_with_taskflow_api_v02.get_name scheduled__2023-01-04T00:00:00+00:00 [queued]>
[2023-05-25T07:00:50.099+0000] {taskinstance.py:1308} INFO - Starting attempt 1 of 6
[2023-05-25T07:00:50.333+0000] {taskinstance.py:1327} INFO - Executing <Task(_PythonDecoratedOperator): get_name> on 2023-01-04 00:00:00+00:00
[2023-05-25T07:00:50.356+0000] {standard_task_runner.py:57} INFO - Started process 4625 to run task
[2023-05-25T07:00:50.407+0000] {standard_task_runner.py:84} INFO - Running: ['***', 'tasks', 'run', 'dag_with_taskflow_api_v02', 'get_name', 'scheduled__2023-01-04T00:00:00+00:00', '--job-id', '1303', '--raw', '--subdir', 'DAGS_FOLDER/first_dag.py', '--cfg-path', '/tmp/tmpdpom2co9']
[2023-05-25T07:00:50.423+0000] {standard_task_runner.py:85} INFO - Job 1303: Subtask get_name
[2023-05-25T07:00:50.861+0000] {task_command.py:410} INFO - Running <TaskInstance: dag_with_taskflow_api_v02.get_name scheduled__2023-01-04T00:00:00+00:00 [running]> on host 6bd07c7477d9
[2023-05-25T07:00:51.871+0000] {taskinstance.py:1547} INFO - Exporting env vars: AIRFLOW_CTX_DAG_OWNER='Sai' AIRFLOW_CTX_DAG_ID='dag_with_taskflow_api_v02' AIRFLOW_CTX_TASK_ID='get_name' AIRFLOW_CTX_EXECUTION_DATE='2023-01-04T00:00:00+00:00' AIRFLOW_CTX_TRY_NUMBER='1' AIRFLOW_CTX_DAG_RUN_ID='scheduled__2023-01-04T00:00:00+00:00'
[2023-05-25T07:00:51.872+0000] {python.py:183} INFO - Done. Returned value was: {'first_name': 'Sai', 'last_name': 'Tr'}
[2023-05-25T07:00:52.171+0000] {taskinstance.py:1350} INFO - Marking task as SUCCESS. dag_id=dag_with_taskflow_api_v02, task_id=get_name, execution_date=20230104T000000, start_date=20230525T070050, end_date=20230525T070052
[2023-05-25T07:00:52.234+0000] {local_task_job_runner.py:225} INFO - Task exited with return code 0
[2023-05-25T07:00:52.429+0000] {taskinstance.py:2651} INFO - 1 downstream tasks scheduled from follow-on schedule check
[2023-05-25T10:35:02.617+0000] {taskinstance.py:1103} INFO - Dependencies all met for dep_context=non-requeueable deps ti=<TaskInstance: dag_with_taskflow_api_v02.get_name scheduled__2023-01-04T00:00:00+00:00 [queued]>
[2023-05-25T10:35:02.719+0000] {taskinstance.py:1103} INFO - Dependencies all met for dep_context=requeueable deps ti=<TaskInstance: dag_with_taskflow_api_v02.get_name scheduled__2023-01-04T00:00:00+00:00 [queued]>
[2023-05-25T10:35:02.719+0000] {taskinstance.py:1308} INFO - Starting attempt 1 of 6
[2023-05-25T10:35:02.810+0000] {taskinstance.py:1327} INFO - Executing <Task(_PythonDecoratedOperator): get_name> on 2023-01-04 00:00:00+00:00
[2023-05-25T10:35:02.835+0000] {standard_task_runner.py:57} INFO - Started process 4285 to run task
[2023-05-25T10:35:02.845+0000] {standard_task_runner.py:84} INFO - Running: ['***', 'tasks', 'run', 'dag_with_taskflow_api_v02', 'get_name', 'scheduled__2023-01-04T00:00:00+00:00', '--job-id', '1325', '--raw', '--subdir', 'DAGS_FOLDER/first_dag.py', '--cfg-path', '/tmp/tmpy62d1c7o']
[2023-05-25T10:35:02.849+0000] {standard_task_runner.py:85} INFO - Job 1325: Subtask get_name
[2023-05-25T10:35:03.411+0000] {task_command.py:410} INFO - Running <TaskInstance: dag_with_taskflow_api_v02.get_name scheduled__2023-01-04T00:00:00+00:00 [running]> on host b1ae37a9584e
[2023-05-25T10:35:04.253+0000] {taskinstance.py:1547} INFO - Exporting env vars: AIRFLOW_CTX_DAG_OWNER='Sai' AIRFLOW_CTX_DAG_ID='dag_with_taskflow_api_v02' AIRFLOW_CTX_TASK_ID='get_name' AIRFLOW_CTX_EXECUTION_DATE='2023-01-04T00:00:00+00:00' AIRFLOW_CTX_TRY_NUMBER='1' AIRFLOW_CTX_DAG_RUN_ID='scheduled__2023-01-04T00:00:00+00:00'
[2023-05-25T10:35:04.254+0000] {python.py:183} INFO - Done. Returned value was: {'first_name': 'Sai', 'last_name': 'Tr'}
[2023-05-25T10:35:04.505+0000] {taskinstance.py:1350} INFO - Marking task as SUCCESS. dag_id=dag_with_taskflow_api_v02, task_id=get_name, execution_date=20230104T000000, start_date=20230525T103502, end_date=20230525T103504
[2023-05-25T10:35:04.779+0000] {local_task_job_runner.py:225} INFO - Task exited with return code 0
[2023-05-25T10:35:05.432+0000] {taskinstance.py:2651} INFO - 0 downstream tasks scheduled from follow-on schedule check
