[2023-05-24T15:23:01.036+0000] {taskinstance.py:1103} INFO - Dependencies all met for dep_context=non-requeueable deps ti=<TaskInstance: dag_with_taskflow_api_v02.get_age scheduled__2022-07-02T00:00:00+00:00 [queued]>
[2023-05-24T15:23:01.253+0000] {taskinstance.py:1103} INFO - Dependencies all met for dep_context=requeueable deps ti=<TaskInstance: dag_with_taskflow_api_v02.get_age scheduled__2022-07-02T00:00:00+00:00 [queued]>
[2023-05-24T15:23:01.253+0000] {taskinstance.py:1308} INFO - Starting attempt 1 of 6
[2023-05-24T15:23:01.904+0000] {taskinstance.py:1327} INFO - Executing <Task(_PythonDecoratedOperator): get_age> on 2022-07-02 00:00:00+00:00
[2023-05-24T15:23:01.944+0000] {standard_task_runner.py:57} INFO - Started process 1869 to run task
[2023-05-24T15:23:01.961+0000] {standard_task_runner.py:84} INFO - Running: ['***', 'tasks', 'run', 'dag_with_taskflow_api_v02', 'get_age', 'scheduled__2022-07-02T00:00:00+00:00', '--job-id', '747', '--raw', '--subdir', 'DAGS_FOLDER/first_dag.py', '--cfg-path', '/tmp/tmpqx46c4c4']
[2023-05-24T15:23:01.965+0000] {standard_task_runner.py:85} INFO - Job 747: Subtask get_age
[2023-05-24T15:23:02.628+0000] {task_command.py:410} INFO - Running <TaskInstance: dag_with_taskflow_api_v02.get_age scheduled__2022-07-02T00:00:00+00:00 [running]> on host 942de29f183d
[2023-05-24T15:23:04.387+0000] {taskinstance.py:1547} INFO - Exporting env vars: AIRFLOW_CTX_DAG_OWNER='Sai' AIRFLOW_CTX_DAG_ID='dag_with_taskflow_api_v02' AIRFLOW_CTX_TASK_ID='get_age' AIRFLOW_CTX_EXECUTION_DATE='2022-07-02T00:00:00+00:00' AIRFLOW_CTX_TRY_NUMBER='1' AIRFLOW_CTX_DAG_RUN_ID='scheduled__2022-07-02T00:00:00+00:00'
[2023-05-24T15:23:04.388+0000] {python.py:183} INFO - Done. Returned value was: 19
[2023-05-24T15:23:04.785+0000] {taskinstance.py:1350} INFO - Marking task as SUCCESS. dag_id=dag_with_taskflow_api_v02, task_id=get_age, execution_date=20220702T000000, start_date=20230524T152301, end_date=20230524T152304
[2023-05-24T15:23:04.998+0000] {local_task_job_runner.py:225} INFO - Task exited with return code 0
[2023-05-24T15:23:05.390+0000] {taskinstance.py:2651} INFO - 0 downstream tasks scheduled from follow-on schedule check
[2023-05-25T06:55:48.583+0000] {taskinstance.py:1103} INFO - Dependencies all met for dep_context=non-requeueable deps ti=<TaskInstance: dag_with_taskflow_api_v02.get_age scheduled__2022-07-02T00:00:00+00:00 [queued]>
[2023-05-25T06:55:48.640+0000] {taskinstance.py:1103} INFO - Dependencies all met for dep_context=requeueable deps ti=<TaskInstance: dag_with_taskflow_api_v02.get_age scheduled__2022-07-02T00:00:00+00:00 [queued]>
[2023-05-25T06:55:48.641+0000] {taskinstance.py:1308} INFO - Starting attempt 1 of 6
[2023-05-25T06:55:48.938+0000] {taskinstance.py:1327} INFO - Executing <Task(_PythonDecoratedOperator): get_age> on 2022-07-02 00:00:00+00:00
[2023-05-25T06:55:48.945+0000] {standard_task_runner.py:57} INFO - Started process 3412 to run task
[2023-05-25T06:55:48.975+0000] {standard_task_runner.py:84} INFO - Running: ['***', 'tasks', 'run', 'dag_with_taskflow_api_v02', 'get_age', 'scheduled__2022-07-02T00:00:00+00:00', '--job-id', '755', '--raw', '--subdir', 'DAGS_FOLDER/first_dag.py', '--cfg-path', '/tmp/tmpn86xwihn']
[2023-05-25T06:55:48.994+0000] {standard_task_runner.py:85} INFO - Job 755: Subtask get_age
[2023-05-25T06:55:49.282+0000] {task_command.py:410} INFO - Running <TaskInstance: dag_with_taskflow_api_v02.get_age scheduled__2022-07-02T00:00:00+00:00 [running]> on host 6bd07c7477d9
[2023-05-25T06:55:49.951+0000] {taskinstance.py:1547} INFO - Exporting env vars: AIRFLOW_CTX_DAG_OWNER='Sai' AIRFLOW_CTX_DAG_ID='dag_with_taskflow_api_v02' AIRFLOW_CTX_TASK_ID='get_age' AIRFLOW_CTX_EXECUTION_DATE='2022-07-02T00:00:00+00:00' AIRFLOW_CTX_TRY_NUMBER='1' AIRFLOW_CTX_DAG_RUN_ID='scheduled__2022-07-02T00:00:00+00:00'
[2023-05-25T06:55:49.953+0000] {python.py:183} INFO - Done. Returned value was: 19
[2023-05-25T06:55:50.164+0000] {taskinstance.py:1350} INFO - Marking task as SUCCESS. dag_id=dag_with_taskflow_api_v02, task_id=get_age, execution_date=20220702T000000, start_date=20230525T065548, end_date=20230525T065550
[2023-05-25T06:55:50.334+0000] {local_task_job_runner.py:225} INFO - Task exited with return code 0
[2023-05-25T06:55:50.830+0000] {taskinstance.py:2651} INFO - 1 downstream tasks scheduled from follow-on schedule check
[2023-05-25T10:27:24.899+0000] {taskinstance.py:1103} INFO - Dependencies all met for dep_context=non-requeueable deps ti=<TaskInstance: dag_with_taskflow_api_v02.get_age scheduled__2022-07-02T00:00:00+00:00 [queued]>
[2023-05-25T10:27:24.968+0000] {taskinstance.py:1103} INFO - Dependencies all met for dep_context=requeueable deps ti=<TaskInstance: dag_with_taskflow_api_v02.get_age scheduled__2022-07-02T00:00:00+00:00 [queued]>
[2023-05-25T10:27:24.969+0000] {taskinstance.py:1308} INFO - Starting attempt 1 of 6
[2023-05-25T10:27:25.049+0000] {taskinstance.py:1327} INFO - Executing <Task(_PythonDecoratedOperator): get_age> on 2022-07-02 00:00:00+00:00
[2023-05-25T10:27:25.072+0000] {standard_task_runner.py:57} INFO - Started process 2981 to run task
[2023-05-25T10:27:25.115+0000] {standard_task_runner.py:84} INFO - Running: ['***', 'tasks', 'run', 'dag_with_taskflow_api_v02', 'get_age', 'scheduled__2022-07-02T00:00:00+00:00', '--job-id', '761', '--raw', '--subdir', 'DAGS_FOLDER/first_dag.py', '--cfg-path', '/tmp/tmppp4ajvbu']
[2023-05-25T10:27:25.119+0000] {standard_task_runner.py:85} INFO - Job 761: Subtask get_age
[2023-05-25T10:27:25.348+0000] {task_command.py:410} INFO - Running <TaskInstance: dag_with_taskflow_api_v02.get_age scheduled__2022-07-02T00:00:00+00:00 [running]> on host b1ae37a9584e
[2023-05-25T10:27:26.274+0000] {taskinstance.py:1547} INFO - Exporting env vars: AIRFLOW_CTX_DAG_OWNER='Sai' AIRFLOW_CTX_DAG_ID='dag_with_taskflow_api_v02' AIRFLOW_CTX_TASK_ID='get_age' AIRFLOW_CTX_EXECUTION_DATE='2022-07-02T00:00:00+00:00' AIRFLOW_CTX_TRY_NUMBER='1' AIRFLOW_CTX_DAG_RUN_ID='scheduled__2022-07-02T00:00:00+00:00'
[2023-05-25T10:27:26.276+0000] {python.py:183} INFO - Done. Returned value was: 19
[2023-05-25T10:27:26.362+0000] {taskinstance.py:1350} INFO - Marking task as SUCCESS. dag_id=dag_with_taskflow_api_v02, task_id=get_age, execution_date=20220702T000000, start_date=20230525T102724, end_date=20230525T102726
[2023-05-25T10:27:26.457+0000] {local_task_job_runner.py:225} INFO - Task exited with return code 0
[2023-05-25T10:27:26.532+0000] {taskinstance.py:2651} INFO - 1 downstream tasks scheduled from follow-on schedule check
