[2023-05-24T15:21:49.613+0000] {taskinstance.py:1103} INFO - Dependencies all met for dep_context=non-requeueable deps ti=<TaskInstance: dag_with_taskflow_api_v02.greet scheduled__2022-05-22T00:00:00+00:00 [queued]>
[2023-05-24T15:21:49.666+0000] {taskinstance.py:1103} INFO - Dependencies all met for dep_context=requeueable deps ti=<TaskInstance: dag_with_taskflow_api_v02.greet scheduled__2022-05-22T00:00:00+00:00 [queued]>
[2023-05-24T15:21:49.666+0000] {taskinstance.py:1308} INFO - Starting attempt 1 of 6
[2023-05-24T15:21:49.734+0000] {taskinstance.py:1327} INFO - Executing <Task(_PythonDecoratedOperator): greet> on 2022-05-22 00:00:00+00:00
[2023-05-24T15:21:49.748+0000] {standard_task_runner.py:57} INFO - Started process 1618 to run task
[2023-05-24T15:21:49.772+0000] {standard_task_runner.py:84} INFO - Running: ['***', 'tasks', 'run', 'dag_with_taskflow_api_v02', 'greet', 'scheduled__2022-05-22T00:00:00+00:00', '--job-id', '639', '--raw', '--subdir', 'DAGS_FOLDER/first_dag.py', '--cfg-path', '/tmp/tmpjg8dh6y_']
[2023-05-24T15:21:49.797+0000] {standard_task_runner.py:85} INFO - Job 639: Subtask greet
[2023-05-24T15:21:49.932+0000] {task_command.py:410} INFO - Running <TaskInstance: dag_with_taskflow_api_v02.greet scheduled__2022-05-22T00:00:00+00:00 [running]> on host 942de29f183d
[2023-05-24T15:21:50.406+0000] {taskinstance.py:1547} INFO - Exporting env vars: AIRFLOW_CTX_DAG_OWNER='Sai' AIRFLOW_CTX_DAG_ID='dag_with_taskflow_api_v02' AIRFLOW_CTX_TASK_ID='greet' AIRFLOW_CTX_EXECUTION_DATE='2022-05-22T00:00:00+00:00' AIRFLOW_CTX_TRY_NUMBER='1' AIRFLOW_CTX_DAG_RUN_ID='scheduled__2022-05-22T00:00:00+00:00'
[2023-05-24T15:21:50.413+0000] {logging_mixin.py:149} INFO - Hello World! My name is Sai Tr and I am 19 years old!
[2023-05-24T15:21:50.414+0000] {python.py:183} INFO - Done. Returned value was: None
[2023-05-24T15:21:50.444+0000] {taskinstance.py:1350} INFO - Marking task as SUCCESS. dag_id=dag_with_taskflow_api_v02, task_id=greet, execution_date=20220522T000000, start_date=20230524T152149, end_date=20230524T152150
[2023-05-24T15:21:50.530+0000] {local_task_job_runner.py:225} INFO - Task exited with return code 0
[2023-05-24T15:21:50.582+0000] {taskinstance.py:2651} INFO - 0 downstream tasks scheduled from follow-on schedule check
[2023-05-25T06:54:45.773+0000] {taskinstance.py:1103} INFO - Dependencies all met for dep_context=non-requeueable deps ti=<TaskInstance: dag_with_taskflow_api_v02.greet scheduled__2022-05-22T00:00:00+00:00 [queued]>
[2023-05-25T06:54:45.839+0000] {taskinstance.py:1103} INFO - Dependencies all met for dep_context=requeueable deps ti=<TaskInstance: dag_with_taskflow_api_v02.greet scheduled__2022-05-22T00:00:00+00:00 [queued]>
[2023-05-25T06:54:45.839+0000] {taskinstance.py:1308} INFO - Starting attempt 1 of 6
[2023-05-25T06:54:46.083+0000] {taskinstance.py:1327} INFO - Executing <Task(_PythonDecoratedOperator): greet> on 2022-05-22 00:00:00+00:00
[2023-05-25T06:54:46.091+0000] {standard_task_runner.py:57} INFO - Started process 3164 to run task
[2023-05-25T06:54:46.115+0000] {standard_task_runner.py:84} INFO - Running: ['***', 'tasks', 'run', 'dag_with_taskflow_api_v02', 'greet', 'scheduled__2022-05-22T00:00:00+00:00', '--job-id', '645', '--raw', '--subdir', 'DAGS_FOLDER/first_dag.py', '--cfg-path', '/tmp/tmp3miee038']
[2023-05-25T06:54:46.125+0000] {standard_task_runner.py:85} INFO - Job 645: Subtask greet
[2023-05-25T06:54:46.360+0000] {task_command.py:410} INFO - Running <TaskInstance: dag_with_taskflow_api_v02.greet scheduled__2022-05-22T00:00:00+00:00 [running]> on host 6bd07c7477d9
[2023-05-25T06:54:47.066+0000] {taskinstance.py:1547} INFO - Exporting env vars: AIRFLOW_CTX_DAG_OWNER='Sai' AIRFLOW_CTX_DAG_ID='dag_with_taskflow_api_v02' AIRFLOW_CTX_TASK_ID='greet' AIRFLOW_CTX_EXECUTION_DATE='2022-05-22T00:00:00+00:00' AIRFLOW_CTX_TRY_NUMBER='1' AIRFLOW_CTX_DAG_RUN_ID='scheduled__2022-05-22T00:00:00+00:00'
[2023-05-25T06:54:47.067+0000] {logging_mixin.py:149} INFO - Hello World! My name is Sai Tr and I am 19 years old!
[2023-05-25T06:54:47.067+0000] {python.py:183} INFO - Done. Returned value was: None
[2023-05-25T06:54:47.117+0000] {taskinstance.py:1350} INFO - Marking task as SUCCESS. dag_id=dag_with_taskflow_api_v02, task_id=greet, execution_date=20220522T000000, start_date=20230525T065445, end_date=20230525T065447
[2023-05-25T06:54:47.231+0000] {local_task_job_runner.py:225} INFO - Task exited with return code 0
[2023-05-25T06:54:47.348+0000] {taskinstance.py:2651} INFO - 0 downstream tasks scheduled from follow-on schedule check
[2023-05-25T10:26:12.503+0000] {taskinstance.py:1103} INFO - Dependencies all met for dep_context=non-requeueable deps ti=<TaskInstance: dag_with_taskflow_api_v02.greet scheduled__2022-05-22T00:00:00+00:00 [queued]>
[2023-05-25T10:26:12.671+0000] {taskinstance.py:1103} INFO - Dependencies all met for dep_context=requeueable deps ti=<TaskInstance: dag_with_taskflow_api_v02.greet scheduled__2022-05-22T00:00:00+00:00 [queued]>
[2023-05-25T10:26:12.671+0000] {taskinstance.py:1308} INFO - Starting attempt 1 of 6
[2023-05-25T10:26:13.239+0000] {taskinstance.py:1327} INFO - Executing <Task(_PythonDecoratedOperator): greet> on 2022-05-22 00:00:00+00:00
[2023-05-25T10:26:13.252+0000] {standard_task_runner.py:57} INFO - Started process 2753 to run task
[2023-05-25T10:26:13.285+0000] {standard_task_runner.py:84} INFO - Running: ['***', 'tasks', 'run', 'dag_with_taskflow_api_v02', 'greet', 'scheduled__2022-05-22T00:00:00+00:00', '--job-id', '655', '--raw', '--subdir', 'DAGS_FOLDER/first_dag.py', '--cfg-path', '/tmp/tmpz53zwd3s']
[2023-05-25T10:26:13.317+0000] {standard_task_runner.py:85} INFO - Job 655: Subtask greet
[2023-05-25T10:26:13.765+0000] {task_command.py:410} INFO - Running <TaskInstance: dag_with_taskflow_api_v02.greet scheduled__2022-05-22T00:00:00+00:00 [running]> on host b1ae37a9584e
[2023-05-25T10:26:14.765+0000] {taskinstance.py:1547} INFO - Exporting env vars: AIRFLOW_CTX_DAG_OWNER='Sai' AIRFLOW_CTX_DAG_ID='dag_with_taskflow_api_v02' AIRFLOW_CTX_TASK_ID='greet' AIRFLOW_CTX_EXECUTION_DATE='2022-05-22T00:00:00+00:00' AIRFLOW_CTX_TRY_NUMBER='1' AIRFLOW_CTX_DAG_RUN_ID='scheduled__2022-05-22T00:00:00+00:00'
[2023-05-25T10:26:14.766+0000] {logging_mixin.py:149} INFO - Hello World! My name is Sai Tr and I am 19 years old!
[2023-05-25T10:26:14.766+0000] {python.py:183} INFO - Done. Returned value was: None
[2023-05-25T10:26:14.844+0000] {taskinstance.py:1350} INFO - Marking task as SUCCESS. dag_id=dag_with_taskflow_api_v02, task_id=greet, execution_date=20220522T000000, start_date=20230525T102612, end_date=20230525T102614
[2023-05-25T10:26:15.156+0000] {local_task_job_runner.py:225} INFO - Task exited with return code 0
[2023-05-25T10:26:15.286+0000] {taskinstance.py:2651} INFO - 0 downstream tasks scheduled from follow-on schedule check
