[2023-05-24T15:20:21.201+0000] {taskinstance.py:1103} INFO - Dependencies all met for dep_context=non-requeueable deps ti=<TaskInstance: dag_with_taskflow_api_v02.get_age scheduled__2022-04-11T00:00:00+00:00 [queued]>
[2023-05-24T15:20:21.455+0000] {taskinstance.py:1103} INFO - Dependencies all met for dep_context=requeueable deps ti=<TaskInstance: dag_with_taskflow_api_v02.get_age scheduled__2022-04-11T00:00:00+00:00 [queued]>
[2023-05-24T15:20:21.462+0000] {taskinstance.py:1308} INFO - Starting attempt 1 of 6
[2023-05-24T15:20:22.115+0000] {taskinstance.py:1327} INFO - Executing <Task(_PythonDecoratedOperator): get_age> on 2022-04-11 00:00:00+00:00
[2023-05-24T15:20:22.223+0000] {standard_task_runner.py:57} INFO - Started process 1313 to run task
[2023-05-24T15:20:22.266+0000] {standard_task_runner.py:84} INFO - Running: ['***', 'tasks', 'run', 'dag_with_taskflow_api_v02', 'get_age', 'scheduled__2022-04-11T00:00:00+00:00', '--job-id', '500', '--raw', '--subdir', 'DAGS_FOLDER/first_dag.py', '--cfg-path', '/tmp/tmpoy1cl074']
[2023-05-24T15:20:22.301+0000] {standard_task_runner.py:85} INFO - Job 500: Subtask get_age
[2023-05-24T15:20:22.826+0000] {task_command.py:410} INFO - Running <TaskInstance: dag_with_taskflow_api_v02.get_age scheduled__2022-04-11T00:00:00+00:00 [running]> on host 942de29f183d
[2023-05-24T15:20:23.739+0000] {taskinstance.py:1547} INFO - Exporting env vars: AIRFLOW_CTX_DAG_OWNER='Sai' AIRFLOW_CTX_DAG_ID='dag_with_taskflow_api_v02' AIRFLOW_CTX_TASK_ID='get_age' AIRFLOW_CTX_EXECUTION_DATE='2022-04-11T00:00:00+00:00' AIRFLOW_CTX_TRY_NUMBER='1' AIRFLOW_CTX_DAG_RUN_ID='scheduled__2022-04-11T00:00:00+00:00'
[2023-05-24T15:20:23.741+0000] {python.py:183} INFO - Done. Returned value was: 19
[2023-05-24T15:20:23.923+0000] {taskinstance.py:1350} INFO - Marking task as SUCCESS. dag_id=dag_with_taskflow_api_v02, task_id=get_age, execution_date=20220411T000000, start_date=20230524T152021, end_date=20230524T152023
[2023-05-24T15:20:24.471+0000] {local_task_job_runner.py:225} INFO - Task exited with return code 0
[2023-05-24T15:20:25.045+0000] {taskinstance.py:2651} INFO - 0 downstream tasks scheduled from follow-on schedule check
[2023-05-25T06:53:30.385+0000] {taskinstance.py:1103} INFO - Dependencies all met for dep_context=non-requeueable deps ti=<TaskInstance: dag_with_taskflow_api_v02.get_age scheduled__2022-04-11T00:00:00+00:00 [queued]>
[2023-05-25T06:53:30.462+0000] {taskinstance.py:1103} INFO - Dependencies all met for dep_context=requeueable deps ti=<TaskInstance: dag_with_taskflow_api_v02.get_age scheduled__2022-04-11T00:00:00+00:00 [queued]>
[2023-05-25T06:53:30.463+0000] {taskinstance.py:1308} INFO - Starting attempt 1 of 6
[2023-05-25T06:53:30.842+0000] {taskinstance.py:1327} INFO - Executing <Task(_PythonDecoratedOperator): get_age> on 2022-04-11 00:00:00+00:00
[2023-05-25T06:53:30.862+0000] {standard_task_runner.py:57} INFO - Started process 2844 to run task
[2023-05-25T06:53:30.911+0000] {standard_task_runner.py:84} INFO - Running: ['***', 'tasks', 'run', 'dag_with_taskflow_api_v02', 'get_age', 'scheduled__2022-04-11T00:00:00+00:00', '--job-id', '501', '--raw', '--subdir', 'DAGS_FOLDER/first_dag.py', '--cfg-path', '/tmp/tmpyd6y0z9n']
[2023-05-25T06:53:30.963+0000] {standard_task_runner.py:85} INFO - Job 501: Subtask get_age
[2023-05-25T06:53:31.245+0000] {task_command.py:410} INFO - Running <TaskInstance: dag_with_taskflow_api_v02.get_age scheduled__2022-04-11T00:00:00+00:00 [running]> on host 6bd07c7477d9
[2023-05-25T06:53:31.986+0000] {taskinstance.py:1547} INFO - Exporting env vars: AIRFLOW_CTX_DAG_OWNER='Sai' AIRFLOW_CTX_DAG_ID='dag_with_taskflow_api_v02' AIRFLOW_CTX_TASK_ID='get_age' AIRFLOW_CTX_EXECUTION_DATE='2022-04-11T00:00:00+00:00' AIRFLOW_CTX_TRY_NUMBER='1' AIRFLOW_CTX_DAG_RUN_ID='scheduled__2022-04-11T00:00:00+00:00'
[2023-05-25T06:53:31.987+0000] {python.py:183} INFO - Done. Returned value was: 19
[2023-05-25T06:53:32.176+0000] {taskinstance.py:1350} INFO - Marking task as SUCCESS. dag_id=dag_with_taskflow_api_v02, task_id=get_age, execution_date=20220411T000000, start_date=20230525T065330, end_date=20230525T065332
[2023-05-25T06:53:32.372+0000] {local_task_job_runner.py:225} INFO - Task exited with return code 0
[2023-05-25T06:53:32.764+0000] {taskinstance.py:2651} INFO - 0 downstream tasks scheduled from follow-on schedule check
[2023-05-25T10:24:51.904+0000] {taskinstance.py:1103} INFO - Dependencies all met for dep_context=non-requeueable deps ti=<TaskInstance: dag_with_taskflow_api_v02.get_age scheduled__2022-04-11T00:00:00+00:00 [queued]>
[2023-05-25T10:24:51.954+0000] {taskinstance.py:1103} INFO - Dependencies all met for dep_context=requeueable deps ti=<TaskInstance: dag_with_taskflow_api_v02.get_age scheduled__2022-04-11T00:00:00+00:00 [queued]>
[2023-05-25T10:24:51.954+0000] {taskinstance.py:1308} INFO - Starting attempt 1 of 6
[2023-05-25T10:24:52.326+0000] {taskinstance.py:1327} INFO - Executing <Task(_PythonDecoratedOperator): get_age> on 2022-04-11 00:00:00+00:00
[2023-05-25T10:24:52.423+0000] {standard_task_runner.py:57} INFO - Started process 2433 to run task
[2023-05-25T10:24:52.411+0000] {standard_task_runner.py:84} INFO - Running: ['***', 'tasks', 'run', 'dag_with_taskflow_api_v02', 'get_age', 'scheduled__2022-04-11T00:00:00+00:00', '--job-id', '514', '--raw', '--subdir', 'DAGS_FOLDER/first_dag.py', '--cfg-path', '/tmp/tmptomb9a6r']
[2023-05-25T10:24:52.430+0000] {standard_task_runner.py:85} INFO - Job 514: Subtask get_age
[2023-05-25T10:24:52.800+0000] {task_command.py:410} INFO - Running <TaskInstance: dag_with_taskflow_api_v02.get_age scheduled__2022-04-11T00:00:00+00:00 [running]> on host b1ae37a9584e
[2023-05-25T10:24:53.757+0000] {taskinstance.py:1547} INFO - Exporting env vars: AIRFLOW_CTX_DAG_OWNER='Sai' AIRFLOW_CTX_DAG_ID='dag_with_taskflow_api_v02' AIRFLOW_CTX_TASK_ID='get_age' AIRFLOW_CTX_EXECUTION_DATE='2022-04-11T00:00:00+00:00' AIRFLOW_CTX_TRY_NUMBER='1' AIRFLOW_CTX_DAG_RUN_ID='scheduled__2022-04-11T00:00:00+00:00'
[2023-05-25T10:24:53.758+0000] {python.py:183} INFO - Done. Returned value was: 19
[2023-05-25T10:24:53.939+0000] {taskinstance.py:1350} INFO - Marking task as SUCCESS. dag_id=dag_with_taskflow_api_v02, task_id=get_age, execution_date=20220411T000000, start_date=20230525T102451, end_date=20230525T102453
[2023-05-25T10:24:54.079+0000] {local_task_job_runner.py:225} INFO - Task exited with return code 0
[2023-05-25T10:24:54.257+0000] {taskinstance.py:2651} INFO - 0 downstream tasks scheduled from follow-on schedule check
