[2023-05-24T15:20:43.342+0000] {taskinstance.py:1103} INFO - Dependencies all met for dep_context=non-requeueable deps ti=<TaskInstance: dag_with_taskflow_api_v02.get_name scheduled__2022-04-17T00:00:00+00:00 [queued]>
[2023-05-24T15:20:43.409+0000] {taskinstance.py:1103} INFO - Dependencies all met for dep_context=requeueable deps ti=<TaskInstance: dag_with_taskflow_api_v02.get_name scheduled__2022-04-17T00:00:00+00:00 [queued]>
[2023-05-24T15:20:43.409+0000] {taskinstance.py:1308} INFO - Starting attempt 1 of 6
[2023-05-24T15:20:43.567+0000] {taskinstance.py:1327} INFO - Executing <Task(_PythonDecoratedOperator): get_name> on 2022-04-17 00:00:00+00:00
[2023-05-24T15:20:43.621+0000] {standard_task_runner.py:57} INFO - Started process 1378 to run task
[2023-05-24T15:20:43.673+0000] {standard_task_runner.py:84} INFO - Running: ['***', 'tasks', 'run', 'dag_with_taskflow_api_v02', 'get_name', 'scheduled__2022-04-17T00:00:00+00:00', '--job-id', '527', '--raw', '--subdir', 'DAGS_FOLDER/first_dag.py', '--cfg-path', '/tmp/tmpvaqf12h6']
[2023-05-24T15:20:43.676+0000] {standard_task_runner.py:85} INFO - Job 527: Subtask get_name
[2023-05-24T15:20:43.995+0000] {task_command.py:410} INFO - Running <TaskInstance: dag_with_taskflow_api_v02.get_name scheduled__2022-04-17T00:00:00+00:00 [running]> on host 942de29f183d
[2023-05-24T15:20:44.874+0000] {taskinstance.py:1547} INFO - Exporting env vars: AIRFLOW_CTX_DAG_OWNER='Sai' AIRFLOW_CTX_DAG_ID='dag_with_taskflow_api_v02' AIRFLOW_CTX_TASK_ID='get_name' AIRFLOW_CTX_EXECUTION_DATE='2022-04-17T00:00:00+00:00' AIRFLOW_CTX_TRY_NUMBER='1' AIRFLOW_CTX_DAG_RUN_ID='scheduled__2022-04-17T00:00:00+00:00'
[2023-05-24T15:20:44.877+0000] {python.py:183} INFO - Done. Returned value was: {'first_name': 'Sai', 'last_name': 'Tr'}
[2023-05-24T15:20:45.411+0000] {taskinstance.py:1350} INFO - Marking task as SUCCESS. dag_id=dag_with_taskflow_api_v02, task_id=get_name, execution_date=20220417T000000, start_date=20230524T152043, end_date=20230524T152045
[2023-05-24T15:20:45.667+0000] {local_task_job_runner.py:225} INFO - Task exited with return code 0
[2023-05-24T15:20:45.949+0000] {taskinstance.py:2651} INFO - 0 downstream tasks scheduled from follow-on schedule check
[2023-05-25T06:53:39.003+0000] {taskinstance.py:1103} INFO - Dependencies all met for dep_context=non-requeueable deps ti=<TaskInstance: dag_with_taskflow_api_v02.get_name scheduled__2022-04-17T00:00:00+00:00 [queued]>
[2023-05-25T06:53:39.099+0000] {taskinstance.py:1103} INFO - Dependencies all met for dep_context=requeueable deps ti=<TaskInstance: dag_with_taskflow_api_v02.get_name scheduled__2022-04-17T00:00:00+00:00 [queued]>
[2023-05-25T06:53:39.100+0000] {taskinstance.py:1308} INFO - Starting attempt 1 of 6
[2023-05-25T06:53:39.339+0000] {taskinstance.py:1327} INFO - Executing <Task(_PythonDecoratedOperator): get_name> on 2022-04-17 00:00:00+00:00
[2023-05-25T06:53:39.368+0000] {standard_task_runner.py:57} INFO - Started process 2883 to run task
[2023-05-25T06:53:39.398+0000] {standard_task_runner.py:84} INFO - Running: ['***', 'tasks', 'run', 'dag_with_taskflow_api_v02', 'get_name', 'scheduled__2022-04-17T00:00:00+00:00', '--job-id', '518', '--raw', '--subdir', 'DAGS_FOLDER/first_dag.py', '--cfg-path', '/tmp/tmp86vqiqbl']
[2023-05-25T06:53:39.440+0000] {standard_task_runner.py:85} INFO - Job 518: Subtask get_name
[2023-05-25T06:53:39.707+0000] {task_command.py:410} INFO - Running <TaskInstance: dag_with_taskflow_api_v02.get_name scheduled__2022-04-17T00:00:00+00:00 [running]> on host 6bd07c7477d9
[2023-05-25T06:53:40.301+0000] {taskinstance.py:1547} INFO - Exporting env vars: AIRFLOW_CTX_DAG_OWNER='Sai' AIRFLOW_CTX_DAG_ID='dag_with_taskflow_api_v02' AIRFLOW_CTX_TASK_ID='get_name' AIRFLOW_CTX_EXECUTION_DATE='2022-04-17T00:00:00+00:00' AIRFLOW_CTX_TRY_NUMBER='1' AIRFLOW_CTX_DAG_RUN_ID='scheduled__2022-04-17T00:00:00+00:00'
[2023-05-25T06:53:40.302+0000] {python.py:183} INFO - Done. Returned value was: {'first_name': 'Sai', 'last_name': 'Tr'}
[2023-05-25T06:53:40.523+0000] {taskinstance.py:1350} INFO - Marking task as SUCCESS. dag_id=dag_with_taskflow_api_v02, task_id=get_name, execution_date=20220417T000000, start_date=20230525T065339, end_date=20230525T065340
[2023-05-25T06:53:40.638+0000] {local_task_job_runner.py:225} INFO - Task exited with return code 0
[2023-05-25T06:53:41.062+0000] {taskinstance.py:2651} INFO - 0 downstream tasks scheduled from follow-on schedule check
[2023-05-25T10:25:00.711+0000] {taskinstance.py:1103} INFO - Dependencies all met for dep_context=non-requeueable deps ti=<TaskInstance: dag_with_taskflow_api_v02.get_name scheduled__2022-04-17T00:00:00+00:00 [queued]>
[2023-05-25T10:25:00.877+0000] {taskinstance.py:1103} INFO - Dependencies all met for dep_context=requeueable deps ti=<TaskInstance: dag_with_taskflow_api_v02.get_name scheduled__2022-04-17T00:00:00+00:00 [queued]>
[2023-05-25T10:25:00.877+0000] {taskinstance.py:1308} INFO - Starting attempt 1 of 6
[2023-05-25T10:25:01.836+0000] {taskinstance.py:1327} INFO - Executing <Task(_PythonDecoratedOperator): get_name> on 2022-04-17 00:00:00+00:00
[2023-05-25T10:25:01.854+0000] {standard_task_runner.py:57} INFO - Started process 2474 to run task
[2023-05-25T10:25:01.894+0000] {standard_task_runner.py:84} INFO - Running: ['***', 'tasks', 'run', 'dag_with_taskflow_api_v02', 'get_name', 'scheduled__2022-04-17T00:00:00+00:00', '--job-id', '530', '--raw', '--subdir', 'DAGS_FOLDER/first_dag.py', '--cfg-path', '/tmp/tmp4k92i8dc']
[2023-05-25T10:25:01.908+0000] {standard_task_runner.py:85} INFO - Job 530: Subtask get_name
[2023-05-25T10:25:02.140+0000] {task_command.py:410} INFO - Running <TaskInstance: dag_with_taskflow_api_v02.get_name scheduled__2022-04-17T00:00:00+00:00 [running]> on host b1ae37a9584e
[2023-05-25T10:25:03.096+0000] {taskinstance.py:1547} INFO - Exporting env vars: AIRFLOW_CTX_DAG_OWNER='Sai' AIRFLOW_CTX_DAG_ID='dag_with_taskflow_api_v02' AIRFLOW_CTX_TASK_ID='get_name' AIRFLOW_CTX_EXECUTION_DATE='2022-04-17T00:00:00+00:00' AIRFLOW_CTX_TRY_NUMBER='1' AIRFLOW_CTX_DAG_RUN_ID='scheduled__2022-04-17T00:00:00+00:00'
[2023-05-25T10:25:03.097+0000] {python.py:183} INFO - Done. Returned value was: {'first_name': 'Sai', 'last_name': 'Tr'}
[2023-05-25T10:25:03.273+0000] {taskinstance.py:1350} INFO - Marking task as SUCCESS. dag_id=dag_with_taskflow_api_v02, task_id=get_name, execution_date=20220417T000000, start_date=20230525T102500, end_date=20230525T102503
[2023-05-25T10:25:03.375+0000] {local_task_job_runner.py:225} INFO - Task exited with return code 0
[2023-05-25T10:25:03.828+0000] {taskinstance.py:2651} INFO - 0 downstream tasks scheduled from follow-on schedule check
