[2023-05-24T15:26:21.117+0000] {taskinstance.py:1103} INFO - Dependencies all met for dep_context=non-requeueable deps ti=<TaskInstance: dag_with_taskflow_api_v02.get_age scheduled__2022-10-26T00:00:00+00:00 [queued]>
[2023-05-24T15:26:21.139+0000] {taskinstance.py:1103} INFO - Dependencies all met for dep_context=requeueable deps ti=<TaskInstance: dag_with_taskflow_api_v02.get_age scheduled__2022-10-26T00:00:00+00:00 [queued]>
[2023-05-24T15:26:21.139+0000] {taskinstance.py:1308} INFO - Starting attempt 1 of 6
[2023-05-24T15:26:21.180+0000] {taskinstance.py:1327} INFO - Executing <Task(_PythonDecoratedOperator): get_age> on 2022-10-26 00:00:00+00:00
[2023-05-24T15:26:21.187+0000] {standard_task_runner.py:57} INFO - Started process 2643 to run task
[2023-05-24T15:26:21.203+0000] {standard_task_runner.py:84} INFO - Running: ['***', 'tasks', 'run', 'dag_with_taskflow_api_v02', 'get_age', 'scheduled__2022-10-26T00:00:00+00:00', '--job-id', '1094', '--raw', '--subdir', 'DAGS_FOLDER/first_dag.py', '--cfg-path', '/tmp/tmp4fsuzouq']
[2023-05-24T15:26:21.210+0000] {standard_task_runner.py:85} INFO - Job 1094: Subtask get_age
[2023-05-24T15:26:21.347+0000] {task_command.py:410} INFO - Running <TaskInstance: dag_with_taskflow_api_v02.get_age scheduled__2022-10-26T00:00:00+00:00 [running]> on host 942de29f183d
[2023-05-24T15:26:21.813+0000] {taskinstance.py:1547} INFO - Exporting env vars: AIRFLOW_CTX_DAG_OWNER='Sai' AIRFLOW_CTX_DAG_ID='dag_with_taskflow_api_v02' AIRFLOW_CTX_TASK_ID='get_age' AIRFLOW_CTX_EXECUTION_DATE='2022-10-26T00:00:00+00:00' AIRFLOW_CTX_TRY_NUMBER='1' AIRFLOW_CTX_DAG_RUN_ID='scheduled__2022-10-26T00:00:00+00:00'
[2023-05-24T15:26:21.814+0000] {python.py:183} INFO - Done. Returned value was: 19
[2023-05-24T15:26:21.920+0000] {taskinstance.py:1350} INFO - Marking task as SUCCESS. dag_id=dag_with_taskflow_api_v02, task_id=get_age, execution_date=20221026T000000, start_date=20230524T152621, end_date=20230524T152621
[2023-05-24T15:26:22.121+0000] {local_task_job_runner.py:225} INFO - Task exited with return code 0
[2023-05-24T15:26:22.403+0000] {taskinstance.py:2651} INFO - 0 downstream tasks scheduled from follow-on schedule check
[2023-05-25T06:58:55.215+0000] {taskinstance.py:1103} INFO - Dependencies all met for dep_context=non-requeueable deps ti=<TaskInstance: dag_with_taskflow_api_v02.get_age scheduled__2022-10-26T00:00:00+00:00 [queued]>
[2023-05-25T06:58:55.286+0000] {taskinstance.py:1103} INFO - Dependencies all met for dep_context=requeueable deps ti=<TaskInstance: dag_with_taskflow_api_v02.get_age scheduled__2022-10-26T00:00:00+00:00 [queued]>
[2023-05-25T06:58:55.293+0000] {taskinstance.py:1308} INFO - Starting attempt 1 of 6
[2023-05-25T06:58:56.124+0000] {taskinstance.py:1327} INFO - Executing <Task(_PythonDecoratedOperator): get_age> on 2022-10-26 00:00:00+00:00
[2023-05-25T06:58:56.194+0000] {standard_task_runner.py:57} INFO - Started process 4163 to run task
[2023-05-25T06:58:56.247+0000] {standard_task_runner.py:84} INFO - Running: ['***', 'tasks', 'run', 'dag_with_taskflow_api_v02', 'get_age', 'scheduled__2022-10-26T00:00:00+00:00', '--job-id', '1093', '--raw', '--subdir', 'DAGS_FOLDER/first_dag.py', '--cfg-path', '/tmp/tmp1_jsdd6o']
[2023-05-25T06:58:56.288+0000] {standard_task_runner.py:85} INFO - Job 1093: Subtask get_age
[2023-05-25T06:58:56.615+0000] {task_command.py:410} INFO - Running <TaskInstance: dag_with_taskflow_api_v02.get_age scheduled__2022-10-26T00:00:00+00:00 [running]> on host 6bd07c7477d9
[2023-05-25T06:58:57.355+0000] {taskinstance.py:1547} INFO - Exporting env vars: AIRFLOW_CTX_DAG_OWNER='Sai' AIRFLOW_CTX_DAG_ID='dag_with_taskflow_api_v02' AIRFLOW_CTX_TASK_ID='get_age' AIRFLOW_CTX_EXECUTION_DATE='2022-10-26T00:00:00+00:00' AIRFLOW_CTX_TRY_NUMBER='1' AIRFLOW_CTX_DAG_RUN_ID='scheduled__2022-10-26T00:00:00+00:00'
[2023-05-25T06:58:57.356+0000] {python.py:183} INFO - Done. Returned value was: 19
[2023-05-25T06:58:57.535+0000] {taskinstance.py:1350} INFO - Marking task as SUCCESS. dag_id=dag_with_taskflow_api_v02, task_id=get_age, execution_date=20221026T000000, start_date=20230525T065855, end_date=20230525T065857
[2023-05-25T06:58:57.815+0000] {local_task_job_runner.py:225} INFO - Task exited with return code 0
[2023-05-25T06:58:58.133+0000] {taskinstance.py:2651} INFO - 0 downstream tasks scheduled from follow-on schedule check
[2023-05-25T10:32:31.520+0000] {taskinstance.py:1103} INFO - Dependencies all met for dep_context=non-requeueable deps ti=<TaskInstance: dag_with_taskflow_api_v02.get_age scheduled__2022-10-26T00:00:00+00:00 [queued]>
[2023-05-25T10:32:31.608+0000] {taskinstance.py:1103} INFO - Dependencies all met for dep_context=requeueable deps ti=<TaskInstance: dag_with_taskflow_api_v02.get_age scheduled__2022-10-26T00:00:00+00:00 [queued]>
[2023-05-25T10:32:31.608+0000] {taskinstance.py:1308} INFO - Starting attempt 1 of 6
[2023-05-25T10:32:31.885+0000] {taskinstance.py:1327} INFO - Executing <Task(_PythonDecoratedOperator): get_age> on 2022-10-26 00:00:00+00:00
[2023-05-25T10:32:31.944+0000] {standard_task_runner.py:57} INFO - Started process 3793 to run task
[2023-05-25T10:32:31.977+0000] {standard_task_runner.py:84} INFO - Running: ['***', 'tasks', 'run', 'dag_with_taskflow_api_v02', 'get_age', 'scheduled__2022-10-26T00:00:00+00:00', '--job-id', '1108', '--raw', '--subdir', 'DAGS_FOLDER/first_dag.py', '--cfg-path', '/tmp/tmpaqgpasur']
[2023-05-25T10:32:32.022+0000] {standard_task_runner.py:85} INFO - Job 1108: Subtask get_age
[2023-05-25T10:32:32.457+0000] {task_command.py:410} INFO - Running <TaskInstance: dag_with_taskflow_api_v02.get_age scheduled__2022-10-26T00:00:00+00:00 [running]> on host b1ae37a9584e
[2023-05-25T10:32:33.761+0000] {taskinstance.py:1547} INFO - Exporting env vars: AIRFLOW_CTX_DAG_OWNER='Sai' AIRFLOW_CTX_DAG_ID='dag_with_taskflow_api_v02' AIRFLOW_CTX_TASK_ID='get_age' AIRFLOW_CTX_EXECUTION_DATE='2022-10-26T00:00:00+00:00' AIRFLOW_CTX_TRY_NUMBER='1' AIRFLOW_CTX_DAG_RUN_ID='scheduled__2022-10-26T00:00:00+00:00'
[2023-05-25T10:32:33.762+0000] {python.py:183} INFO - Done. Returned value was: 19
[2023-05-25T10:32:33.910+0000] {taskinstance.py:1350} INFO - Marking task as SUCCESS. dag_id=dag_with_taskflow_api_v02, task_id=get_age, execution_date=20221026T000000, start_date=20230525T103231, end_date=20230525T103233
[2023-05-25T10:32:34.164+0000] {local_task_job_runner.py:225} INFO - Task exited with return code 0
[2023-05-25T10:32:35.633+0000] {taskinstance.py:2651} INFO - 0 downstream tasks scheduled from follow-on schedule check
