[2023-05-24T15:17:25.707+0000] {taskinstance.py:1103} INFO - Dependencies all met for dep_context=non-requeueable deps ti=<TaskInstance: dag_with_taskflow_api_v02.get_name scheduled__2022-01-08T00:00:00+00:00 [queued]>
[2023-05-24T15:17:25.801+0000] {taskinstance.py:1103} INFO - Dependencies all met for dep_context=requeueable deps ti=<TaskInstance: dag_with_taskflow_api_v02.get_name scheduled__2022-01-08T00:00:00+00:00 [queued]>
[2023-05-24T15:17:25.801+0000] {taskinstance.py:1308} INFO - Starting attempt 1 of 6
[2023-05-24T15:17:26.143+0000] {taskinstance.py:1327} INFO - Executing <Task(_PythonDecoratedOperator): get_name> on 2022-01-08 00:00:00+00:00
[2023-05-24T15:17:26.168+0000] {standard_task_runner.py:57} INFO - Started process 698 to run task
[2023-05-24T15:17:26.183+0000] {standard_task_runner.py:84} INFO - Running: ['***', 'tasks', 'run', 'dag_with_taskflow_api_v02', 'get_name', 'scheduled__2022-01-08T00:00:00+00:00', '--job-id', '226', '--raw', '--subdir', 'DAGS_FOLDER/first_dag.py', '--cfg-path', '/tmp/tmplvnaj5ax']
[2023-05-24T15:17:26.201+0000] {standard_task_runner.py:85} INFO - Job 226: Subtask get_name
[2023-05-24T15:17:26.836+0000] {task_command.py:410} INFO - Running <TaskInstance: dag_with_taskflow_api_v02.get_name scheduled__2022-01-08T00:00:00+00:00 [running]> on host 942de29f183d
[2023-05-24T15:17:27.955+0000] {taskinstance.py:1547} INFO - Exporting env vars: AIRFLOW_CTX_DAG_OWNER='Sai' AIRFLOW_CTX_DAG_ID='dag_with_taskflow_api_v02' AIRFLOW_CTX_TASK_ID='get_name' AIRFLOW_CTX_EXECUTION_DATE='2022-01-08T00:00:00+00:00' AIRFLOW_CTX_TRY_NUMBER='1' AIRFLOW_CTX_DAG_RUN_ID='scheduled__2022-01-08T00:00:00+00:00'
[2023-05-24T15:17:27.956+0000] {python.py:183} INFO - Done. Returned value was: {'first_name': 'Sai', 'last_name': 'Tr'}
[2023-05-24T15:17:28.281+0000] {taskinstance.py:1350} INFO - Marking task as SUCCESS. dag_id=dag_with_taskflow_api_v02, task_id=get_name, execution_date=20220108T000000, start_date=20230524T151725, end_date=20230524T151728
[2023-05-24T15:17:28.490+0000] {local_task_job_runner.py:225} INFO - Task exited with return code 0
[2023-05-24T15:17:28.972+0000] {taskinstance.py:2651} INFO - 0 downstream tasks scheduled from follow-on schedule check
[2023-05-25T06:50:58.811+0000] {taskinstance.py:1103} INFO - Dependencies all met for dep_context=non-requeueable deps ti=<TaskInstance: dag_with_taskflow_api_v02.get_name scheduled__2022-01-08T00:00:00+00:00 [queued]>
[2023-05-25T06:50:58.858+0000] {taskinstance.py:1103} INFO - Dependencies all met for dep_context=requeueable deps ti=<TaskInstance: dag_with_taskflow_api_v02.get_name scheduled__2022-01-08T00:00:00+00:00 [queued]>
[2023-05-25T06:50:58.859+0000] {taskinstance.py:1308} INFO - Starting attempt 1 of 6
[2023-05-25T06:50:58.996+0000] {taskinstance.py:1327} INFO - Executing <Task(_PythonDecoratedOperator): get_name> on 2022-01-08 00:00:00+00:00
[2023-05-25T06:50:59.013+0000] {standard_task_runner.py:57} INFO - Started process 2219 to run task
[2023-05-25T06:50:59.030+0000] {standard_task_runner.py:84} INFO - Running: ['***', 'tasks', 'run', 'dag_with_taskflow_api_v02', 'get_name', 'scheduled__2022-01-08T00:00:00+00:00', '--job-id', '220', '--raw', '--subdir', 'DAGS_FOLDER/first_dag.py', '--cfg-path', '/tmp/tmpe8tdxham']
[2023-05-25T06:50:59.049+0000] {standard_task_runner.py:85} INFO - Job 220: Subtask get_name
[2023-05-25T06:50:59.290+0000] {task_command.py:410} INFO - Running <TaskInstance: dag_with_taskflow_api_v02.get_name scheduled__2022-01-08T00:00:00+00:00 [running]> on host 6bd07c7477d9
[2023-05-25T06:50:59.954+0000] {taskinstance.py:1547} INFO - Exporting env vars: AIRFLOW_CTX_DAG_OWNER='Sai' AIRFLOW_CTX_DAG_ID='dag_with_taskflow_api_v02' AIRFLOW_CTX_TASK_ID='get_name' AIRFLOW_CTX_EXECUTION_DATE='2022-01-08T00:00:00+00:00' AIRFLOW_CTX_TRY_NUMBER='1' AIRFLOW_CTX_DAG_RUN_ID='scheduled__2022-01-08T00:00:00+00:00'
[2023-05-25T06:50:59.955+0000] {python.py:183} INFO - Done. Returned value was: {'first_name': 'Sai', 'last_name': 'Tr'}
[2023-05-25T06:51:00.205+0000] {taskinstance.py:1350} INFO - Marking task as SUCCESS. dag_id=dag_with_taskflow_api_v02, task_id=get_name, execution_date=20220108T000000, start_date=20230525T065058, end_date=20230525T065100
[2023-05-25T06:51:00.325+0000] {local_task_job_runner.py:225} INFO - Task exited with return code 0
[2023-05-25T06:51:00.742+0000] {taskinstance.py:2651} INFO - 0 downstream tasks scheduled from follow-on schedule check
[2023-05-25T10:21:28.996+0000] {taskinstance.py:1103} INFO - Dependencies all met for dep_context=non-requeueable deps ti=<TaskInstance: dag_with_taskflow_api_v02.get_name scheduled__2022-01-08T00:00:00+00:00 [queued]>
[2023-05-25T10:21:29.038+0000] {taskinstance.py:1103} INFO - Dependencies all met for dep_context=requeueable deps ti=<TaskInstance: dag_with_taskflow_api_v02.get_name scheduled__2022-01-08T00:00:00+00:00 [queued]>
[2023-05-25T10:21:29.038+0000] {taskinstance.py:1308} INFO - Starting attempt 1 of 6
[2023-05-25T10:21:29.384+0000] {taskinstance.py:1327} INFO - Executing <Task(_PythonDecoratedOperator): get_name> on 2022-01-08 00:00:00+00:00
[2023-05-25T10:21:29.420+0000] {standard_task_runner.py:57} INFO - Started process 1769 to run task
[2023-05-25T10:21:29.450+0000] {standard_task_runner.py:84} INFO - Running: ['***', 'tasks', 'run', 'dag_with_taskflow_api_v02', 'get_name', 'scheduled__2022-01-08T00:00:00+00:00', '--job-id', '220', '--raw', '--subdir', 'DAGS_FOLDER/first_dag.py', '--cfg-path', '/tmp/tmp4mm1ffcr']
[2023-05-25T10:21:29.464+0000] {standard_task_runner.py:85} INFO - Job 220: Subtask get_name
[2023-05-25T10:21:29.820+0000] {task_command.py:410} INFO - Running <TaskInstance: dag_with_taskflow_api_v02.get_name scheduled__2022-01-08T00:00:00+00:00 [running]> on host b1ae37a9584e
[2023-05-25T10:21:30.460+0000] {taskinstance.py:1547} INFO - Exporting env vars: AIRFLOW_CTX_DAG_OWNER='Sai' AIRFLOW_CTX_DAG_ID='dag_with_taskflow_api_v02' AIRFLOW_CTX_TASK_ID='get_name' AIRFLOW_CTX_EXECUTION_DATE='2022-01-08T00:00:00+00:00' AIRFLOW_CTX_TRY_NUMBER='1' AIRFLOW_CTX_DAG_RUN_ID='scheduled__2022-01-08T00:00:00+00:00'
[2023-05-25T10:21:30.462+0000] {python.py:183} INFO - Done. Returned value was: {'first_name': 'Sai', 'last_name': 'Tr'}
[2023-05-25T10:21:30.598+0000] {taskinstance.py:1350} INFO - Marking task as SUCCESS. dag_id=dag_with_taskflow_api_v02, task_id=get_name, execution_date=20220108T000000, start_date=20230525T102128, end_date=20230525T102130
[2023-05-25T10:21:30.670+0000] {local_task_job_runner.py:225} INFO - Task exited with return code 0
[2023-05-25T10:21:30.834+0000] {taskinstance.py:2651} INFO - 0 downstream tasks scheduled from follow-on schedule check
