[2023-05-24T15:24:50.660+0000] {taskinstance.py:1103} INFO - Dependencies all met for dep_context=non-requeueable deps ti=<TaskInstance: dag_with_taskflow_api_v02.get_age scheduled__2022-09-02T00:00:00+00:00 [queued]>
[2023-05-24T15:24:50.811+0000] {taskinstance.py:1103} INFO - Dependencies all met for dep_context=requeueable deps ti=<TaskInstance: dag_with_taskflow_api_v02.get_age scheduled__2022-09-02T00:00:00+00:00 [queued]>
[2023-05-24T15:24:50.812+0000] {taskinstance.py:1308} INFO - Starting attempt 1 of 6
[2023-05-24T15:24:51.120+0000] {taskinstance.py:1327} INFO - Executing <Task(_PythonDecoratedOperator): get_age> on 2022-09-02 00:00:00+00:00
[2023-05-24T15:24:51.168+0000] {standard_task_runner.py:57} INFO - Started process 2283 to run task
[2023-05-24T15:24:51.185+0000] {standard_task_runner.py:84} INFO - Running: ['***', 'tasks', 'run', 'dag_with_taskflow_api_v02', 'get_age', 'scheduled__2022-09-02T00:00:00+00:00', '--job-id', '932', '--raw', '--subdir', 'DAGS_FOLDER/first_dag.py', '--cfg-path', '/tmp/tmpkqdjdx_3']
[2023-05-24T15:24:51.207+0000] {standard_task_runner.py:85} INFO - Job 932: Subtask get_age
[2023-05-24T15:24:51.599+0000] {task_command.py:410} INFO - Running <TaskInstance: dag_with_taskflow_api_v02.get_age scheduled__2022-09-02T00:00:00+00:00 [running]> on host 942de29f183d
[2023-05-24T15:24:52.460+0000] {taskinstance.py:1547} INFO - Exporting env vars: AIRFLOW_CTX_DAG_OWNER='Sai' AIRFLOW_CTX_DAG_ID='dag_with_taskflow_api_v02' AIRFLOW_CTX_TASK_ID='get_age' AIRFLOW_CTX_EXECUTION_DATE='2022-09-02T00:00:00+00:00' AIRFLOW_CTX_TRY_NUMBER='1' AIRFLOW_CTX_DAG_RUN_ID='scheduled__2022-09-02T00:00:00+00:00'
[2023-05-24T15:24:52.461+0000] {python.py:183} INFO - Done. Returned value was: 19
[2023-05-24T15:24:52.656+0000] {taskinstance.py:1350} INFO - Marking task as SUCCESS. dag_id=dag_with_taskflow_api_v02, task_id=get_age, execution_date=20220902T000000, start_date=20230524T152450, end_date=20230524T152452
[2023-05-24T15:24:52.900+0000] {local_task_job_runner.py:225} INFO - Task exited with return code 0
[2023-05-24T15:24:53.157+0000] {taskinstance.py:2651} INFO - 0 downstream tasks scheduled from follow-on schedule check
[2023-05-25T06:57:28.793+0000] {taskinstance.py:1103} INFO - Dependencies all met for dep_context=non-requeueable deps ti=<TaskInstance: dag_with_taskflow_api_v02.get_age scheduled__2022-09-02T00:00:00+00:00 [queued]>
[2023-05-25T06:57:28.858+0000] {taskinstance.py:1103} INFO - Dependencies all met for dep_context=requeueable deps ti=<TaskInstance: dag_with_taskflow_api_v02.get_age scheduled__2022-09-02T00:00:00+00:00 [queued]>
[2023-05-25T06:57:28.864+0000] {taskinstance.py:1308} INFO - Starting attempt 1 of 6
[2023-05-25T06:57:28.986+0000] {taskinstance.py:1327} INFO - Executing <Task(_PythonDecoratedOperator): get_age> on 2022-09-02 00:00:00+00:00
[2023-05-25T06:57:29.005+0000] {standard_task_runner.py:57} INFO - Started process 3806 to run task
[2023-05-25T06:57:29.033+0000] {standard_task_runner.py:84} INFO - Running: ['***', 'tasks', 'run', 'dag_with_taskflow_api_v02', 'get_age', 'scheduled__2022-09-02T00:00:00+00:00', '--job-id', '935', '--raw', '--subdir', 'DAGS_FOLDER/first_dag.py', '--cfg-path', '/tmp/tmpllr4fssh']
[2023-05-25T06:57:29.050+0000] {standard_task_runner.py:85} INFO - Job 935: Subtask get_age
[2023-05-25T06:57:29.306+0000] {task_command.py:410} INFO - Running <TaskInstance: dag_with_taskflow_api_v02.get_age scheduled__2022-09-02T00:00:00+00:00 [running]> on host 6bd07c7477d9
[2023-05-25T06:57:29.898+0000] {taskinstance.py:1547} INFO - Exporting env vars: AIRFLOW_CTX_DAG_OWNER='Sai' AIRFLOW_CTX_DAG_ID='dag_with_taskflow_api_v02' AIRFLOW_CTX_TASK_ID='get_age' AIRFLOW_CTX_EXECUTION_DATE='2022-09-02T00:00:00+00:00' AIRFLOW_CTX_TRY_NUMBER='1' AIRFLOW_CTX_DAG_RUN_ID='scheduled__2022-09-02T00:00:00+00:00'
[2023-05-25T06:57:29.899+0000] {python.py:183} INFO - Done. Returned value was: 19
[2023-05-25T06:57:30.026+0000] {taskinstance.py:1350} INFO - Marking task as SUCCESS. dag_id=dag_with_taskflow_api_v02, task_id=get_age, execution_date=20220902T000000, start_date=20230525T065728, end_date=20230525T065730
[2023-05-25T06:57:30.106+0000] {local_task_job_runner.py:225} INFO - Task exited with return code 0
[2023-05-25T06:57:30.241+0000] {taskinstance.py:2651} INFO - 1 downstream tasks scheduled from follow-on schedule check
[2023-05-25T10:30:45.984+0000] {taskinstance.py:1103} INFO - Dependencies all met for dep_context=non-requeueable deps ti=<TaskInstance: dag_with_taskflow_api_v02.get_age scheduled__2022-09-02T00:00:00+00:00 [queued]>
[2023-05-25T10:30:46.292+0000] {taskinstance.py:1103} INFO - Dependencies all met for dep_context=requeueable deps ti=<TaskInstance: dag_with_taskflow_api_v02.get_age scheduled__2022-09-02T00:00:00+00:00 [queued]>
[2023-05-25T10:30:46.293+0000] {taskinstance.py:1308} INFO - Starting attempt 1 of 6
[2023-05-25T10:30:46.613+0000] {taskinstance.py:1327} INFO - Executing <Task(_PythonDecoratedOperator): get_age> on 2022-09-02 00:00:00+00:00
[2023-05-25T10:30:46.660+0000] {standard_task_runner.py:57} INFO - Started process 3420 to run task
[2023-05-25T10:30:46.705+0000] {standard_task_runner.py:84} INFO - Running: ['***', 'tasks', 'run', 'dag_with_taskflow_api_v02', 'get_age', 'scheduled__2022-09-02T00:00:00+00:00', '--job-id', '943', '--raw', '--subdir', 'DAGS_FOLDER/first_dag.py', '--cfg-path', '/tmp/tmpvro12kac']
[2023-05-25T10:30:46.730+0000] {standard_task_runner.py:85} INFO - Job 943: Subtask get_age
[2023-05-25T10:30:47.140+0000] {task_command.py:410} INFO - Running <TaskInstance: dag_with_taskflow_api_v02.get_age scheduled__2022-09-02T00:00:00+00:00 [running]> on host b1ae37a9584e
[2023-05-25T10:30:47.774+0000] {taskinstance.py:1547} INFO - Exporting env vars: AIRFLOW_CTX_DAG_OWNER='Sai' AIRFLOW_CTX_DAG_ID='dag_with_taskflow_api_v02' AIRFLOW_CTX_TASK_ID='get_age' AIRFLOW_CTX_EXECUTION_DATE='2022-09-02T00:00:00+00:00' AIRFLOW_CTX_TRY_NUMBER='1' AIRFLOW_CTX_DAG_RUN_ID='scheduled__2022-09-02T00:00:00+00:00'
[2023-05-25T10:30:47.779+0000] {python.py:183} INFO - Done. Returned value was: 19
[2023-05-25T10:30:48.004+0000] {taskinstance.py:1350} INFO - Marking task as SUCCESS. dag_id=dag_with_taskflow_api_v02, task_id=get_age, execution_date=20220902T000000, start_date=20230525T103045, end_date=20230525T103048
[2023-05-25T10:30:48.140+0000] {local_task_job_runner.py:225} INFO - Task exited with return code 0
[2023-05-25T10:30:48.365+0000] {taskinstance.py:2651} INFO - 0 downstream tasks scheduled from follow-on schedule check
