[2023-05-24T15:32:02.220+0000] {taskinstance.py:1103} INFO - Dependencies all met for dep_context=non-requeueable deps ti=<TaskInstance: dag_with_taskflow_api_v02.get_name scheduled__2023-05-21T00:00:00+00:00 [queued]>
[2023-05-24T15:32:02.285+0000] {taskinstance.py:1103} INFO - Dependencies all met for dep_context=requeueable deps ti=<TaskInstance: dag_with_taskflow_api_v02.get_name scheduled__2023-05-21T00:00:00+00:00 [queued]>
[2023-05-24T15:32:02.285+0000] {taskinstance.py:1308} INFO - Starting attempt 1 of 6
[2023-05-24T15:32:02.433+0000] {taskinstance.py:1327} INFO - Executing <Task(_PythonDecoratedOperator): get_name> on 2023-05-21 00:00:00+00:00
[2023-05-24T15:32:02.455+0000] {standard_task_runner.py:57} INFO - Started process 4019 to run task
[2023-05-24T15:32:02.500+0000] {standard_task_runner.py:84} INFO - Running: ['***', 'tasks', 'run', 'dag_with_taskflow_api_v02', 'get_name', 'scheduled__2023-05-21T00:00:00+00:00', '--job-id', '1719', '--raw', '--subdir', 'DAGS_FOLDER/first_dag.py', '--cfg-path', '/tmp/tmp1fp7wq0z']
[2023-05-24T15:32:02.527+0000] {standard_task_runner.py:85} INFO - Job 1719: Subtask get_name
[2023-05-24T15:32:02.847+0000] {task_command.py:410} INFO - Running <TaskInstance: dag_with_taskflow_api_v02.get_name scheduled__2023-05-21T00:00:00+00:00 [running]> on host 942de29f183d
[2023-05-24T15:32:03.452+0000] {taskinstance.py:1547} INFO - Exporting env vars: AIRFLOW_CTX_DAG_OWNER='Sai' AIRFLOW_CTX_DAG_ID='dag_with_taskflow_api_v02' AIRFLOW_CTX_TASK_ID='get_name' AIRFLOW_CTX_EXECUTION_DATE='2023-05-21T00:00:00+00:00' AIRFLOW_CTX_TRY_NUMBER='1' AIRFLOW_CTX_DAG_RUN_ID='scheduled__2023-05-21T00:00:00+00:00'
[2023-05-24T15:32:03.453+0000] {python.py:183} INFO - Done. Returned value was: {'first_name': 'Sai', 'last_name': 'Tr'}
[2023-05-24T15:32:03.653+0000] {taskinstance.py:1350} INFO - Marking task as SUCCESS. dag_id=dag_with_taskflow_api_v02, task_id=get_name, execution_date=20230521T000000, start_date=20230524T153202, end_date=20230524T153203
[2023-05-24T15:32:03.727+0000] {local_task_job_runner.py:225} INFO - Task exited with return code 0
[2023-05-24T15:32:04.084+0000] {taskinstance.py:2651} INFO - 0 downstream tasks scheduled from follow-on schedule check
[2023-05-25T07:04:33.531+0000] {taskinstance.py:1103} INFO - Dependencies all met for dep_context=non-requeueable deps ti=<TaskInstance: dag_with_taskflow_api_v02.get_name scheduled__2023-05-21T00:00:00+00:00 [queued]>
[2023-05-25T07:04:33.600+0000] {taskinstance.py:1103} INFO - Dependencies all met for dep_context=requeueable deps ti=<TaskInstance: dag_with_taskflow_api_v02.get_name scheduled__2023-05-21T00:00:00+00:00 [queued]>
[2023-05-25T07:04:33.601+0000] {taskinstance.py:1308} INFO - Starting attempt 1 of 6
[2023-05-25T07:04:33.759+0000] {taskinstance.py:1327} INFO - Executing <Task(_PythonDecoratedOperator): get_name> on 2023-05-21 00:00:00+00:00
[2023-05-25T07:04:33.814+0000] {standard_task_runner.py:57} INFO - Started process 5532 to run task
[2023-05-25T07:04:33.853+0000] {standard_task_runner.py:84} INFO - Running: ['***', 'tasks', 'run', 'dag_with_taskflow_api_v02', 'get_name', 'scheduled__2023-05-21T00:00:00+00:00', '--job-id', '1717', '--raw', '--subdir', 'DAGS_FOLDER/first_dag.py', '--cfg-path', '/tmp/tmpvext2n3c']
[2023-05-25T07:04:33.857+0000] {standard_task_runner.py:85} INFO - Job 1717: Subtask get_name
[2023-05-25T07:04:34.093+0000] {task_command.py:410} INFO - Running <TaskInstance: dag_with_taskflow_api_v02.get_name scheduled__2023-05-21T00:00:00+00:00 [running]> on host 6bd07c7477d9
[2023-05-25T07:04:34.736+0000] {taskinstance.py:1547} INFO - Exporting env vars: AIRFLOW_CTX_DAG_OWNER='Sai' AIRFLOW_CTX_DAG_ID='dag_with_taskflow_api_v02' AIRFLOW_CTX_TASK_ID='get_name' AIRFLOW_CTX_EXECUTION_DATE='2023-05-21T00:00:00+00:00' AIRFLOW_CTX_TRY_NUMBER='1' AIRFLOW_CTX_DAG_RUN_ID='scheduled__2023-05-21T00:00:00+00:00'
[2023-05-25T07:04:34.738+0000] {python.py:183} INFO - Done. Returned value was: {'first_name': 'Sai', 'last_name': 'Tr'}
[2023-05-25T07:04:34.920+0000] {taskinstance.py:1350} INFO - Marking task as SUCCESS. dag_id=dag_with_taskflow_api_v02, task_id=get_name, execution_date=20230521T000000, start_date=20230525T070433, end_date=20230525T070434
[2023-05-25T07:04:35.003+0000] {local_task_job_runner.py:225} INFO - Task exited with return code 0
[2023-05-25T07:04:35.234+0000] {taskinstance.py:2651} INFO - 0 downstream tasks scheduled from follow-on schedule check
[2023-05-25T10:39:20.753+0000] {taskinstance.py:1103} INFO - Dependencies all met for dep_context=non-requeueable deps ti=<TaskInstance: dag_with_taskflow_api_v02.get_name scheduled__2023-05-21T00:00:00+00:00 [queued]>
[2023-05-25T10:39:20.800+0000] {taskinstance.py:1103} INFO - Dependencies all met for dep_context=requeueable deps ti=<TaskInstance: dag_with_taskflow_api_v02.get_name scheduled__2023-05-21T00:00:00+00:00 [queued]>
[2023-05-25T10:39:20.801+0000] {taskinstance.py:1308} INFO - Starting attempt 1 of 6
[2023-05-25T10:39:20.912+0000] {taskinstance.py:1327} INFO - Executing <Task(_PythonDecoratedOperator): get_name> on 2023-05-21 00:00:00+00:00
[2023-05-25T10:39:20.933+0000] {standard_task_runner.py:57} INFO - Started process 5189 to run task
[2023-05-25T10:39:20.987+0000] {standard_task_runner.py:84} INFO - Running: ['***', 'tasks', 'run', 'dag_with_taskflow_api_v02', 'get_name', 'scheduled__2023-05-21T00:00:00+00:00', '--job-id', '1730', '--raw', '--subdir', 'DAGS_FOLDER/first_dag.py', '--cfg-path', '/tmp/tmpe3cwq0y1']
[2023-05-25T10:39:20.998+0000] {standard_task_runner.py:85} INFO - Job 1730: Subtask get_name
[2023-05-25T10:39:21.515+0000] {task_command.py:410} INFO - Running <TaskInstance: dag_with_taskflow_api_v02.get_name scheduled__2023-05-21T00:00:00+00:00 [running]> on host b1ae37a9584e
[2023-05-25T10:39:22.268+0000] {taskinstance.py:1547} INFO - Exporting env vars: AIRFLOW_CTX_DAG_OWNER='Sai' AIRFLOW_CTX_DAG_ID='dag_with_taskflow_api_v02' AIRFLOW_CTX_TASK_ID='get_name' AIRFLOW_CTX_EXECUTION_DATE='2023-05-21T00:00:00+00:00' AIRFLOW_CTX_TRY_NUMBER='1' AIRFLOW_CTX_DAG_RUN_ID='scheduled__2023-05-21T00:00:00+00:00'
[2023-05-25T10:39:22.269+0000] {python.py:183} INFO - Done. Returned value was: {'first_name': 'Sai', 'last_name': 'Tr'}
[2023-05-25T10:39:22.631+0000] {taskinstance.py:1350} INFO - Marking task as SUCCESS. dag_id=dag_with_taskflow_api_v02, task_id=get_name, execution_date=20230521T000000, start_date=20230525T103920, end_date=20230525T103922
[2023-05-25T10:39:22.795+0000] {local_task_job_runner.py:225} INFO - Task exited with return code 0
[2023-05-25T10:39:23.010+0000] {taskinstance.py:2651} INFO - 1 downstream tasks scheduled from follow-on schedule check
