[2023-05-24T15:19:18.273+0000] {taskinstance.py:1103} INFO - Dependencies all met for dep_context=non-requeueable deps ti=<TaskInstance: dag_with_taskflow_api_v02.get_name scheduled__2022-03-05T00:00:00+00:00 [queued]>
[2023-05-24T15:19:18.357+0000] {taskinstance.py:1103} INFO - Dependencies all met for dep_context=requeueable deps ti=<TaskInstance: dag_with_taskflow_api_v02.get_name scheduled__2022-03-05T00:00:00+00:00 [queued]>
[2023-05-24T15:19:18.360+0000] {taskinstance.py:1308} INFO - Starting attempt 1 of 6
[2023-05-24T15:19:18.683+0000] {taskinstance.py:1327} INFO - Executing <Task(_PythonDecoratedOperator): get_name> on 2022-03-05 00:00:00+00:00
[2023-05-24T15:19:18.708+0000] {standard_task_runner.py:57} INFO - Started process 1074 to run task
[2023-05-24T15:19:18.735+0000] {standard_task_runner.py:84} INFO - Running: ['***', 'tasks', 'run', 'dag_with_taskflow_api_v02', 'get_name', 'scheduled__2022-03-05T00:00:00+00:00', '--job-id', '392', '--raw', '--subdir', 'DAGS_FOLDER/first_dag.py', '--cfg-path', '/tmp/tmptvrq6mq8']
[2023-05-24T15:19:18.754+0000] {standard_task_runner.py:85} INFO - Job 392: Subtask get_name
[2023-05-24T15:19:19.131+0000] {task_command.py:410} INFO - Running <TaskInstance: dag_with_taskflow_api_v02.get_name scheduled__2022-03-05T00:00:00+00:00 [running]> on host 942de29f183d
[2023-05-24T15:19:20.186+0000] {taskinstance.py:1547} INFO - Exporting env vars: AIRFLOW_CTX_DAG_OWNER='Sai' AIRFLOW_CTX_DAG_ID='dag_with_taskflow_api_v02' AIRFLOW_CTX_TASK_ID='get_name' AIRFLOW_CTX_EXECUTION_DATE='2022-03-05T00:00:00+00:00' AIRFLOW_CTX_TRY_NUMBER='1' AIRFLOW_CTX_DAG_RUN_ID='scheduled__2022-03-05T00:00:00+00:00'
[2023-05-24T15:19:20.187+0000] {python.py:183} INFO - Done. Returned value was: {'first_name': 'Sai', 'last_name': 'Tr'}
[2023-05-24T15:19:20.343+0000] {taskinstance.py:1350} INFO - Marking task as SUCCESS. dag_id=dag_with_taskflow_api_v02, task_id=get_name, execution_date=20220305T000000, start_date=20230524T151918, end_date=20230524T151920
[2023-05-24T15:19:20.433+0000] {local_task_job_runner.py:225} INFO - Task exited with return code 0
[2023-05-24T15:19:20.755+0000] {taskinstance.py:2651} INFO - 0 downstream tasks scheduled from follow-on schedule check
[2023-05-25T06:52:29.652+0000] {taskinstance.py:1103} INFO - Dependencies all met for dep_context=non-requeueable deps ti=<TaskInstance: dag_with_taskflow_api_v02.get_name scheduled__2022-03-05T00:00:00+00:00 [queued]>
[2023-05-25T06:52:29.754+0000] {taskinstance.py:1103} INFO - Dependencies all met for dep_context=requeueable deps ti=<TaskInstance: dag_with_taskflow_api_v02.get_name scheduled__2022-03-05T00:00:00+00:00 [queued]>
[2023-05-25T06:52:29.755+0000] {taskinstance.py:1308} INFO - Starting attempt 1 of 6
[2023-05-25T06:52:29.954+0000] {taskinstance.py:1327} INFO - Executing <Task(_PythonDecoratedOperator): get_name> on 2022-03-05 00:00:00+00:00
[2023-05-25T06:52:29.990+0000] {standard_task_runner.py:57} INFO - Started process 2593 to run task
[2023-05-25T06:52:30.015+0000] {standard_task_runner.py:84} INFO - Running: ['***', 'tasks', 'run', 'dag_with_taskflow_api_v02', 'get_name', 'scheduled__2022-03-05T00:00:00+00:00', '--job-id', '387', '--raw', '--subdir', 'DAGS_FOLDER/first_dag.py', '--cfg-path', '/tmp/tmpe72nqdvb']
[2023-05-25T06:52:30.031+0000] {standard_task_runner.py:85} INFO - Job 387: Subtask get_name
[2023-05-25T06:52:30.267+0000] {task_command.py:410} INFO - Running <TaskInstance: dag_with_taskflow_api_v02.get_name scheduled__2022-03-05T00:00:00+00:00 [running]> on host 6bd07c7477d9
[2023-05-25T06:52:31.379+0000] {taskinstance.py:1547} INFO - Exporting env vars: AIRFLOW_CTX_DAG_OWNER='Sai' AIRFLOW_CTX_DAG_ID='dag_with_taskflow_api_v02' AIRFLOW_CTX_TASK_ID='get_name' AIRFLOW_CTX_EXECUTION_DATE='2022-03-05T00:00:00+00:00' AIRFLOW_CTX_TRY_NUMBER='1' AIRFLOW_CTX_DAG_RUN_ID='scheduled__2022-03-05T00:00:00+00:00'
[2023-05-25T06:52:31.381+0000] {python.py:183} INFO - Done. Returned value was: {'first_name': 'Sai', 'last_name': 'Tr'}
[2023-05-25T06:52:31.708+0000] {taskinstance.py:1350} INFO - Marking task as SUCCESS. dag_id=dag_with_taskflow_api_v02, task_id=get_name, execution_date=20220305T000000, start_date=20230525T065229, end_date=20230525T065231
[2023-05-25T06:52:31.874+0000] {local_task_job_runner.py:225} INFO - Task exited with return code 0
[2023-05-25T06:52:32.111+0000] {taskinstance.py:2651} INFO - 0 downstream tasks scheduled from follow-on schedule check
[2023-05-25T10:23:30.567+0000] {taskinstance.py:1103} INFO - Dependencies all met for dep_context=non-requeueable deps ti=<TaskInstance: dag_with_taskflow_api_v02.get_name scheduled__2022-03-05T00:00:00+00:00 [queued]>
[2023-05-25T10:23:30.641+0000] {taskinstance.py:1103} INFO - Dependencies all met for dep_context=requeueable deps ti=<TaskInstance: dag_with_taskflow_api_v02.get_name scheduled__2022-03-05T00:00:00+00:00 [queued]>
[2023-05-25T10:23:30.642+0000] {taskinstance.py:1308} INFO - Starting attempt 1 of 6
[2023-05-25T10:23:30.745+0000] {taskinstance.py:1327} INFO - Executing <Task(_PythonDecoratedOperator): get_name> on 2022-03-05 00:00:00+00:00
[2023-05-25T10:23:30.757+0000] {standard_task_runner.py:57} INFO - Started process 2138 to run task
[2023-05-25T10:23:30.779+0000] {standard_task_runner.py:84} INFO - Running: ['***', 'tasks', 'run', 'dag_with_taskflow_api_v02', 'get_name', 'scheduled__2022-03-05T00:00:00+00:00', '--job-id', '385', '--raw', '--subdir', 'DAGS_FOLDER/first_dag.py', '--cfg-path', '/tmp/tmpgkxveqn2']
[2023-05-25T10:23:30.790+0000] {standard_task_runner.py:85} INFO - Job 385: Subtask get_name
[2023-05-25T10:23:31.212+0000] {task_command.py:410} INFO - Running <TaskInstance: dag_with_taskflow_api_v02.get_name scheduled__2022-03-05T00:00:00+00:00 [running]> on host b1ae37a9584e
[2023-05-25T10:23:31.779+0000] {taskinstance.py:1547} INFO - Exporting env vars: AIRFLOW_CTX_DAG_OWNER='Sai' AIRFLOW_CTX_DAG_ID='dag_with_taskflow_api_v02' AIRFLOW_CTX_TASK_ID='get_name' AIRFLOW_CTX_EXECUTION_DATE='2022-03-05T00:00:00+00:00' AIRFLOW_CTX_TRY_NUMBER='1' AIRFLOW_CTX_DAG_RUN_ID='scheduled__2022-03-05T00:00:00+00:00'
[2023-05-25T10:23:31.784+0000] {python.py:183} INFO - Done. Returned value was: {'first_name': 'Sai', 'last_name': 'Tr'}
[2023-05-25T10:23:31.955+0000] {taskinstance.py:1350} INFO - Marking task as SUCCESS. dag_id=dag_with_taskflow_api_v02, task_id=get_name, execution_date=20220305T000000, start_date=20230525T102330, end_date=20230525T102331
[2023-05-25T10:23:32.044+0000] {local_task_job_runner.py:225} INFO - Task exited with return code 0
[2023-05-25T10:23:32.107+0000] {taskinstance.py:2651} INFO - 1 downstream tasks scheduled from follow-on schedule check
