[2023-05-24T15:18:21.588+0000] {taskinstance.py:1103} INFO - Dependencies all met for dep_context=non-requeueable deps ti=<TaskInstance: dag_with_taskflow_api_v02.get_name scheduled__2022-02-02T00:00:00+00:00 [queued]>
[2023-05-24T15:18:21.657+0000] {taskinstance.py:1103} INFO - Dependencies all met for dep_context=requeueable deps ti=<TaskInstance: dag_with_taskflow_api_v02.get_name scheduled__2022-02-02T00:00:00+00:00 [queued]>
[2023-05-24T15:18:21.657+0000] {taskinstance.py:1308} INFO - Starting attempt 1 of 6
[2023-05-24T15:18:21.731+0000] {taskinstance.py:1327} INFO - Executing <Task(_PythonDecoratedOperator): get_name> on 2022-02-02 00:00:00+00:00
[2023-05-24T15:18:21.747+0000] {standard_task_runner.py:57} INFO - Started process 868 to run task
[2023-05-24T15:18:21.802+0000] {standard_task_runner.py:84} INFO - Running: ['***', 'tasks', 'run', 'dag_with_taskflow_api_v02', 'get_name', 'scheduled__2022-02-02T00:00:00+00:00', '--job-id', '302', '--raw', '--subdir', 'DAGS_FOLDER/first_dag.py', '--cfg-path', '/tmp/tmpgw0kxuas']
[2023-05-24T15:18:21.822+0000] {standard_task_runner.py:85} INFO - Job 302: Subtask get_name
[2023-05-24T15:18:22.365+0000] {task_command.py:410} INFO - Running <TaskInstance: dag_with_taskflow_api_v02.get_name scheduled__2022-02-02T00:00:00+00:00 [running]> on host 942de29f183d
[2023-05-24T15:18:23.900+0000] {taskinstance.py:1547} INFO - Exporting env vars: AIRFLOW_CTX_DAG_OWNER='Sai' AIRFLOW_CTX_DAG_ID='dag_with_taskflow_api_v02' AIRFLOW_CTX_TASK_ID='get_name' AIRFLOW_CTX_EXECUTION_DATE='2022-02-02T00:00:00+00:00' AIRFLOW_CTX_TRY_NUMBER='1' AIRFLOW_CTX_DAG_RUN_ID='scheduled__2022-02-02T00:00:00+00:00'
[2023-05-24T15:18:23.902+0000] {python.py:183} INFO - Done. Returned value was: {'first_name': 'Sai', 'last_name': 'Tr'}
[2023-05-24T15:18:24.112+0000] {taskinstance.py:1350} INFO - Marking task as SUCCESS. dag_id=dag_with_taskflow_api_v02, task_id=get_name, execution_date=20220202T000000, start_date=20230524T151821, end_date=20230524T151824
[2023-05-24T15:18:24.248+0000] {local_task_job_runner.py:225} INFO - Task exited with return code 0
[2023-05-24T15:18:25.180+0000] {taskinstance.py:2651} INFO - 1 downstream tasks scheduled from follow-on schedule check
[2023-05-25T06:51:39.943+0000] {taskinstance.py:1103} INFO - Dependencies all met for dep_context=non-requeueable deps ti=<TaskInstance: dag_with_taskflow_api_v02.get_name scheduled__2022-02-02T00:00:00+00:00 [queued]>
[2023-05-25T06:51:40.107+0000] {taskinstance.py:1103} INFO - Dependencies all met for dep_context=requeueable deps ti=<TaskInstance: dag_with_taskflow_api_v02.get_name scheduled__2022-02-02T00:00:00+00:00 [queued]>
[2023-05-25T06:51:40.111+0000] {taskinstance.py:1308} INFO - Starting attempt 1 of 6
[2023-05-25T06:51:40.302+0000] {taskinstance.py:1327} INFO - Executing <Task(_PythonDecoratedOperator): get_name> on 2022-02-02 00:00:00+00:00
[2023-05-25T06:51:40.358+0000] {standard_task_runner.py:57} INFO - Started process 2399 to run task
[2023-05-25T06:51:40.422+0000] {standard_task_runner.py:84} INFO - Running: ['***', 'tasks', 'run', 'dag_with_taskflow_api_v02', 'get_name', 'scheduled__2022-02-02T00:00:00+00:00', '--job-id', '297', '--raw', '--subdir', 'DAGS_FOLDER/first_dag.py', '--cfg-path', '/tmp/tmpqsa2w4mu']
[2023-05-25T06:51:40.425+0000] {standard_task_runner.py:85} INFO - Job 297: Subtask get_name
[2023-05-25T06:51:40.712+0000] {task_command.py:410} INFO - Running <TaskInstance: dag_with_taskflow_api_v02.get_name scheduled__2022-02-02T00:00:00+00:00 [running]> on host 6bd07c7477d9
[2023-05-25T06:51:41.276+0000] {taskinstance.py:1547} INFO - Exporting env vars: AIRFLOW_CTX_DAG_OWNER='Sai' AIRFLOW_CTX_DAG_ID='dag_with_taskflow_api_v02' AIRFLOW_CTX_TASK_ID='get_name' AIRFLOW_CTX_EXECUTION_DATE='2022-02-02T00:00:00+00:00' AIRFLOW_CTX_TRY_NUMBER='1' AIRFLOW_CTX_DAG_RUN_ID='scheduled__2022-02-02T00:00:00+00:00'
[2023-05-25T06:51:41.285+0000] {python.py:183} INFO - Done. Returned value was: {'first_name': 'Sai', 'last_name': 'Tr'}
[2023-05-25T06:51:41.502+0000] {taskinstance.py:1350} INFO - Marking task as SUCCESS. dag_id=dag_with_taskflow_api_v02, task_id=get_name, execution_date=20220202T000000, start_date=20230525T065139, end_date=20230525T065141
[2023-05-25T06:51:41.702+0000] {local_task_job_runner.py:225} INFO - Task exited with return code 0
[2023-05-25T06:51:41.944+0000] {taskinstance.py:2651} INFO - 1 downstream tasks scheduled from follow-on schedule check
[2023-05-25T10:22:26.904+0000] {taskinstance.py:1103} INFO - Dependencies all met for dep_context=non-requeueable deps ti=<TaskInstance: dag_with_taskflow_api_v02.get_name scheduled__2022-02-02T00:00:00+00:00 [queued]>
[2023-05-25T10:22:26.963+0000] {taskinstance.py:1103} INFO - Dependencies all met for dep_context=requeueable deps ti=<TaskInstance: dag_with_taskflow_api_v02.get_name scheduled__2022-02-02T00:00:00+00:00 [queued]>
[2023-05-25T10:22:26.964+0000] {taskinstance.py:1308} INFO - Starting attempt 1 of 6
[2023-05-25T10:22:27.107+0000] {taskinstance.py:1327} INFO - Executing <Task(_PythonDecoratedOperator): get_name> on 2022-02-02 00:00:00+00:00
[2023-05-25T10:22:27.114+0000] {standard_task_runner.py:57} INFO - Started process 1932 to run task
[2023-05-25T10:22:27.149+0000] {standard_task_runner.py:84} INFO - Running: ['***', 'tasks', 'run', 'dag_with_taskflow_api_v02', 'get_name', 'scheduled__2022-02-02T00:00:00+00:00', '--job-id', '295', '--raw', '--subdir', 'DAGS_FOLDER/first_dag.py', '--cfg-path', '/tmp/tmpytj3teb0']
[2023-05-25T10:22:27.157+0000] {standard_task_runner.py:85} INFO - Job 295: Subtask get_name
[2023-05-25T10:22:27.497+0000] {task_command.py:410} INFO - Running <TaskInstance: dag_with_taskflow_api_v02.get_name scheduled__2022-02-02T00:00:00+00:00 [running]> on host b1ae37a9584e
[2023-05-25T10:22:27.985+0000] {taskinstance.py:1547} INFO - Exporting env vars: AIRFLOW_CTX_DAG_OWNER='Sai' AIRFLOW_CTX_DAG_ID='dag_with_taskflow_api_v02' AIRFLOW_CTX_TASK_ID='get_name' AIRFLOW_CTX_EXECUTION_DATE='2022-02-02T00:00:00+00:00' AIRFLOW_CTX_TRY_NUMBER='1' AIRFLOW_CTX_DAG_RUN_ID='scheduled__2022-02-02T00:00:00+00:00'
[2023-05-25T10:22:27.986+0000] {python.py:183} INFO - Done. Returned value was: {'first_name': 'Sai', 'last_name': 'Tr'}
[2023-05-25T10:22:28.246+0000] {taskinstance.py:1350} INFO - Marking task as SUCCESS. dag_id=dag_with_taskflow_api_v02, task_id=get_name, execution_date=20220202T000000, start_date=20230525T102226, end_date=20230525T102228
[2023-05-25T10:22:28.368+0000] {local_task_job_runner.py:225} INFO - Task exited with return code 0
[2023-05-25T10:22:28.564+0000] {taskinstance.py:2651} INFO - 1 downstream tasks scheduled from follow-on schedule check
